2025-04-17 09:37:40,251 - INFO - 
 Starting experiment with config: ExperimentConfig(dataset='omi', window_size=5, score_thresholds=array([0. , 0.5, 1. , 1.5, 2. , 2.5, 3. , 3.5, 4. , 4.5, 5. , 5.5, 6. ,
       6.5, 7. ]), topk_range=range(1, 10), corr_threshold_range=array([0. , 0. , 0.1, 0.2, 0.2, 0.2, 0.3, 0.4, 0.4, 0.4, 0.5, 0.6, 0.6,
       0.6]), neighbor_selection='all', score_modes=['value_times_range'], data_dir='./data/processed', label_dir='./data/interpretation_label', log_dir='./log/omi/neighbor_all', visual_dir='./visual/omi/neighbor_all', num_workers=36, gif_duration=500)
2025-04-17 09:37:40,251 - INFO - 当前评分模式: ['value_times_range']
2025-04-17 09:37:40,251 - INFO - 
==================================================
2025-04-17 09:37:40,251 - INFO - 开始执行网格搜索...
2025-04-17 09:37:40,252 - INFO - [omi-12] Starting grid search...
2025-04-17 09:37:43,205 - INFO - [omi-12.txt] mode=value_times_range, all=None, threshold=0.0, P=0.6129, R=0.9500, F1=0.7451
2025-04-17 09:37:43,206 - INFO - [omi-12.txt] mode=value_times_range, all=None, threshold=0.5, P=0.6230, R=0.9500, F1=0.7525
2025-04-17 09:37:43,206 - INFO - [omi-12.txt] mode=value_times_range, all=None, threshold=1.0, P=0.6333, R=0.9500, F1=0.7600
2025-04-17 09:37:43,206 - INFO - [omi-12.txt] mode=value_times_range, all=None, threshold=1.5, P=0.6552, R=0.9500, F1=0.7755
2025-04-17 09:37:43,206 - INFO - [omi-12.txt] mode=value_times_range, all=None, threshold=2.0, P=0.6552, R=0.9500, F1=0.7755
2025-04-17 09:37:43,207 - INFO - [omi-12.txt] mode=value_times_range, all=None, threshold=2.5, P=0.6552, R=0.9500, F1=0.7755
2025-04-17 09:37:43,207 - INFO - [omi-12.txt] mode=value_times_range, all=None, threshold=3.0, P=0.6491, R=0.9250, F1=0.7629
2025-04-17 09:37:43,207 - INFO - [omi-12.txt] mode=value_times_range, all=None, threshold=3.5, P=0.6491, R=0.9250, F1=0.7629
2025-04-17 09:37:43,207 - INFO - [omi-12.txt] mode=value_times_range, all=None, threshold=4.0, P=0.6491, R=0.9250, F1=0.7629
2025-04-17 09:37:43,207 - INFO - [omi-12.txt] mode=value_times_range, all=None, threshold=4.5, P=0.6491, R=0.9250, F1=0.7629
2025-04-17 09:37:43,207 - INFO - [omi-12.txt] mode=value_times_range, all=None, threshold=5.0, P=0.6491, R=0.9250, F1=0.7629
2025-04-17 09:37:43,207 - INFO - [omi-12.txt] mode=value_times_range, all=None, threshold=5.5, P=0.6491, R=0.9250, F1=0.7629
2025-04-17 09:37:43,207 - INFO - [omi-12.txt] mode=value_times_range, all=None, threshold=6.0, P=0.6607, R=0.9250, F1=0.7708
2025-04-17 09:37:43,207 - INFO - [omi-12.txt] mode=value_times_range, all=None, threshold=6.5, P=0.6607, R=0.9250, F1=0.7708
2025-04-17 09:37:43,257 - INFO - [omi-12.txt] mode=value_times_range, all=None, threshold=7.0, P=0.6607, R=0.9250, F1=0.7708
2025-04-17 09:37:43,306 - INFO - [omi-1] Starting grid search...
2025-04-17 09:37:47,281 - INFO - [omi-1.txt] mode=value_times_range, all=None, threshold=0.0, P=0.7395, R=0.9888, F1=0.8462
2025-04-17 09:37:47,282 - INFO - [omi-1.txt] mode=value_times_range, all=None, threshold=0.5, P=0.7373, R=0.9775, F1=0.8406
2025-04-17 09:37:47,283 - INFO - [omi-1.txt] mode=value_times_range, all=None, threshold=1.0, P=0.7373, R=0.9775, F1=0.8406
2025-04-17 09:37:47,283 - INFO - [omi-1.txt] mode=value_times_range, all=None, threshold=1.5, P=0.7373, R=0.9775, F1=0.8406
2025-04-17 09:37:47,283 - INFO - [omi-1.txt] mode=value_times_range, all=None, threshold=2.0, P=0.7373, R=0.9775, F1=0.8406
2025-04-17 09:37:47,283 - INFO - [omi-1.txt] mode=value_times_range, all=None, threshold=2.5, P=0.7373, R=0.9775, F1=0.8406
2025-04-17 09:37:47,301 - INFO - [omi-1.txt] mode=value_times_range, all=None, threshold=3.0, P=0.7232, R=0.9101, F1=0.8060
2025-04-17 09:37:47,330 - INFO - [omi-1.txt] mode=value_times_range, all=None, threshold=3.5, P=0.7156, R=0.8764, F1=0.7879
2025-04-17 09:37:47,356 - INFO - [omi-1.txt] mode=value_times_range, all=None, threshold=4.0, P=0.7156, R=0.8764, F1=0.7879
2025-04-17 09:37:47,356 - INFO - [omi-1.txt] mode=value_times_range, all=None, threshold=4.5, P=0.7156, R=0.8764, F1=0.7879
2025-04-17 09:37:47,356 - INFO - [omi-1.txt] mode=value_times_range, all=None, threshold=5.0, P=0.7156, R=0.8764, F1=0.7879
2025-04-17 09:37:47,356 - INFO - [omi-1.txt] mode=value_times_range, all=None, threshold=5.5, P=0.7130, R=0.8652, F1=0.7817
2025-04-17 09:37:47,356 - INFO - [omi-1.txt] mode=value_times_range, all=None, threshold=6.0, P=0.7130, R=0.8652, F1=0.7817
2025-04-17 09:37:47,356 - INFO - [omi-1.txt] mode=value_times_range, all=None, threshold=6.5, P=0.7075, R=0.8427, F1=0.7692
2025-04-17 09:37:47,594 - INFO - [omi-1.txt] mode=value_times_range, all=None, threshold=7.0, P=0.7075, R=0.8427, F1=0.7692
2025-04-17 09:37:47,643 - INFO - [omi-5] Starting grid search...
2025-04-17 09:37:51,664 - INFO - [omi-5.txt] mode=value_times_range, all=None, threshold=0.0, P=0.4757, R=1.0000, F1=0.6447
2025-04-17 09:37:51,665 - INFO - [omi-5.txt] mode=value_times_range, all=None, threshold=0.5, P=0.4706, R=0.9796, F1=0.6358
2025-04-17 09:37:51,716 - INFO - [omi-5.txt] mode=value_times_range, all=None, threshold=1.0, P=0.4706, R=0.9796, F1=0.6358
2025-04-17 09:37:51,717 - INFO - [omi-5.txt] mode=value_times_range, all=None, threshold=1.5, P=0.4706, R=0.9796, F1=0.6358
2025-04-17 09:37:51,726 - INFO - [omi-5.txt] mode=value_times_range, all=None, threshold=2.0, P=0.4600, R=0.9388, F1=0.6174
2025-04-17 09:37:51,726 - INFO - [omi-5.txt] mode=value_times_range, all=None, threshold=2.5, P=0.4646, R=0.9388, F1=0.6216
2025-04-17 09:37:51,726 - INFO - [omi-5.txt] mode=value_times_range, all=None, threshold=3.0, P=0.4592, R=0.9184, F1=0.6122
2025-04-17 09:37:51,726 - INFO - [omi-5.txt] mode=value_times_range, all=None, threshold=3.5, P=0.4681, R=0.8980, F1=0.6154
2025-04-17 09:37:51,739 - INFO - [omi-5.txt] mode=value_times_range, all=None, threshold=4.0, P=0.4674, R=0.8776, F1=0.6099
2025-04-17 09:37:52,196 - INFO - [omi-5.txt] mode=value_times_range, all=None, threshold=4.5, P=0.4607, R=0.8367, F1=0.5942
2025-04-17 09:37:52,198 - INFO - [omi-5.txt] mode=value_times_range, all=None, threshold=5.0, P=0.4545, R=0.8163, F1=0.5839
2025-04-17 09:37:52,198 - INFO - [omi-5.txt] mode=value_times_range, all=None, threshold=5.5, P=0.4598, R=0.8163, F1=0.5882
2025-04-17 09:37:52,198 - INFO - [omi-5.txt] mode=value_times_range, all=None, threshold=6.0, P=0.4651, R=0.8163, F1=0.5926
2025-04-17 09:37:52,198 - INFO - [omi-5.txt] mode=value_times_range, all=None, threshold=6.5, P=0.4762, R=0.8163, F1=0.6015
2025-04-17 09:37:52,198 - INFO - [omi-5.txt] mode=value_times_range, all=None, threshold=7.0, P=0.4756, R=0.7959, F1=0.5954
2025-04-17 09:37:52,246 - INFO - [omi-6] Starting grid search...
2025-04-17 09:37:56,178 - INFO - [omi-6.txt] mode=value_times_range, all=None, threshold=0.0, P=0.2606, R=0.9773, F1=0.4115
2025-04-17 09:37:56,191 - INFO - [omi-6.txt] mode=value_times_range, all=None, threshold=0.5, P=0.2606, R=0.9773, F1=0.4115
2025-04-17 09:37:56,193 - INFO - [omi-6.txt] mode=value_times_range, all=None, threshold=1.0, P=0.2606, R=0.9773, F1=0.4115
2025-04-17 09:37:56,223 - INFO - [omi-6.txt] mode=value_times_range, all=None, threshold=1.5, P=0.2606, R=0.9773, F1=0.4115
2025-04-17 09:37:56,223 - INFO - [omi-6.txt] mode=value_times_range, all=None, threshold=2.0, P=0.2606, R=0.9773, F1=0.4115
2025-04-17 09:37:56,293 - INFO - [omi-6.txt] mode=value_times_range, all=None, threshold=2.5, P=0.2606, R=0.9773, F1=0.4115
2025-04-17 09:37:56,294 - INFO - [omi-6.txt] mode=value_times_range, all=None, threshold=3.0, P=0.2622, R=0.9773, F1=0.4135
2025-04-17 09:37:56,294 - INFO - [omi-6.txt] mode=value_times_range, all=None, threshold=3.5, P=0.2638, R=0.9773, F1=0.4155
2025-04-17 09:37:56,294 - INFO - [omi-6.txt] mode=value_times_range, all=None, threshold=4.0, P=0.2638, R=0.9773, F1=0.4155
2025-04-17 09:37:56,294 - INFO - [omi-6.txt] mode=value_times_range, all=None, threshold=4.5, P=0.2638, R=0.9773, F1=0.4155
2025-04-17 09:37:56,294 - INFO - [omi-6.txt] mode=value_times_range, all=None, threshold=5.0, P=0.2654, R=0.9773, F1=0.4175
2025-04-17 09:37:56,294 - INFO - [omi-6.txt] mode=value_times_range, all=None, threshold=5.5, P=0.2671, R=0.9773, F1=0.4195
2025-04-17 09:37:56,295 - INFO - [omi-6.txt] mode=value_times_range, all=None, threshold=6.0, P=0.2625, R=0.9545, F1=0.4118
2025-04-17 09:37:56,321 - INFO - [omi-6.txt] mode=value_times_range, all=None, threshold=6.5, P=0.2597, R=0.9091, F1=0.4040
2025-04-17 09:37:56,321 - INFO - [omi-6.txt] mode=value_times_range, all=None, threshold=7.0, P=0.2614, R=0.9091, F1=0.4061
2025-04-17 09:37:56,370 - INFO - [omi-7] Starting grid search...
2025-04-17 09:38:00,150 - INFO - [omi-7.txt] mode=value_times_range, all=None, threshold=0.0, P=0.9048, R=0.9744, F1=0.9383
2025-04-17 09:38:00,151 - INFO - [omi-7.txt] mode=value_times_range, all=None, threshold=0.5, P=0.9048, R=0.9744, F1=0.9383
2025-04-17 09:38:00,656 - INFO - [omi-7.txt] mode=value_times_range, all=None, threshold=1.0, P=0.9048, R=0.9744, F1=0.9383
2025-04-17 09:38:00,657 - INFO - [omi-7.txt] mode=value_times_range, all=None, threshold=1.5, P=0.9048, R=0.9744, F1=0.9383
2025-04-17 09:38:00,657 - INFO - [omi-7.txt] mode=value_times_range, all=None, threshold=2.0, P=0.9048, R=0.9744, F1=0.9383
2025-04-17 09:38:00,657 - INFO - [omi-7.txt] mode=value_times_range, all=None, threshold=2.5, P=0.9048, R=0.9744, F1=0.9383
2025-04-17 09:38:00,657 - INFO - [omi-7.txt] mode=value_times_range, all=None, threshold=3.0, P=0.9048, R=0.9744, F1=0.9383
2025-04-17 09:38:00,657 - INFO - [omi-7.txt] mode=value_times_range, all=None, threshold=3.5, P=0.9048, R=0.9744, F1=0.9383
2025-04-17 09:38:00,657 - INFO - [omi-7.txt] mode=value_times_range, all=None, threshold=4.0, P=0.9048, R=0.9744, F1=0.9383
2025-04-17 09:38:00,658 - INFO - [omi-7.txt] mode=value_times_range, all=None, threshold=4.5, P=0.9048, R=0.9744, F1=0.9383
2025-04-17 09:38:00,658 - INFO - [omi-7.txt] mode=value_times_range, all=None, threshold=5.0, P=0.9048, R=0.9744, F1=0.9383
2025-04-17 09:38:00,658 - INFO - [omi-7.txt] mode=value_times_range, all=None, threshold=5.5, P=0.9048, R=0.9744, F1=0.9383
2025-04-17 09:38:00,658 - INFO - [omi-7.txt] mode=value_times_range, all=None, threshold=6.0, P=0.9048, R=0.9744, F1=0.9383
2025-04-17 09:38:00,658 - INFO - [omi-7.txt] mode=value_times_range, all=None, threshold=6.5, P=0.9048, R=0.9744, F1=0.9383
2025-04-17 09:38:00,658 - INFO - [omi-7.txt] mode=value_times_range, all=None, threshold=7.0, P=0.9048, R=0.9744, F1=0.9383
2025-04-17 09:38:00,709 - INFO - [omi-9] Starting grid search...
2025-04-17 09:38:04,387 - INFO - [omi-9.txt] mode=value_times_range, all=None, threshold=0.0, P=0.4962, R=0.9155, F1=0.6436
2025-04-17 09:38:04,391 - INFO - [omi-9.txt] mode=value_times_range, all=None, threshold=0.5, P=0.4962, R=0.9155, F1=0.6436
2025-04-17 09:38:04,698 - INFO - [omi-9.txt] mode=value_times_range, all=None, threshold=1.0, P=0.4962, R=0.9155, F1=0.6436
2025-04-17 09:38:04,721 - INFO - [omi-9.txt] mode=value_times_range, all=None, threshold=1.5, P=0.4962, R=0.9155, F1=0.6436
2025-04-17 09:38:04,721 - INFO - [omi-9.txt] mode=value_times_range, all=None, threshold=2.0, P=0.4962, R=0.9155, F1=0.6436
2025-04-17 09:38:04,722 - INFO - [omi-9.txt] mode=value_times_range, all=None, threshold=2.5, P=0.4962, R=0.9155, F1=0.6436
2025-04-17 09:38:04,722 - INFO - [omi-9.txt] mode=value_times_range, all=None, threshold=3.0, P=0.4962, R=0.9155, F1=0.6436
2025-04-17 09:38:04,722 - INFO - [omi-9.txt] mode=value_times_range, all=None, threshold=3.5, P=0.4962, R=0.9155, F1=0.6436
2025-04-17 09:38:04,722 - INFO - [omi-9.txt] mode=value_times_range, all=None, threshold=4.0, P=0.4962, R=0.9155, F1=0.6436
2025-04-17 09:38:04,722 - INFO - [omi-9.txt] mode=value_times_range, all=None, threshold=4.5, P=0.4962, R=0.9155, F1=0.6436
2025-04-17 09:38:04,722 - INFO - [omi-9.txt] mode=value_times_range, all=None, threshold=5.0, P=0.4962, R=0.9155, F1=0.6436
2025-04-17 09:38:04,722 - INFO - [omi-9.txt] mode=value_times_range, all=None, threshold=5.5, P=0.4962, R=0.9155, F1=0.6436
2025-04-17 09:38:04,722 - INFO - [omi-9.txt] mode=value_times_range, all=None, threshold=6.0, P=0.4962, R=0.9155, F1=0.6436
2025-04-17 09:38:04,722 - INFO - [omi-9.txt] mode=value_times_range, all=None, threshold=6.5, P=0.4962, R=0.9155, F1=0.6436
2025-04-17 09:38:04,723 - INFO - [omi-9.txt] mode=value_times_range, all=None, threshold=7.0, P=0.4962, R=0.9155, F1=0.6436
2025-04-17 09:38:04,767 - INFO - [omi-8] Starting grid search...
2025-04-17 09:38:08,508 - INFO - [omi-8.txt] mode=value_times_range, all=None, threshold=0.0, P=0.3580, R=0.9355, F1=0.5179
2025-04-17 09:38:08,509 - INFO - [omi-8.txt] mode=value_times_range, all=None, threshold=0.5, P=0.3580, R=0.9355, F1=0.5179
2025-04-17 09:38:08,509 - INFO - [omi-8.txt] mode=value_times_range, all=None, threshold=1.0, P=0.3580, R=0.9355, F1=0.5179
2025-04-17 09:38:08,509 - INFO - [omi-8.txt] mode=value_times_range, all=None, threshold=1.5, P=0.3580, R=0.9355, F1=0.5179
2025-04-17 09:38:08,510 - INFO - [omi-8.txt] mode=value_times_range, all=None, threshold=2.0, P=0.3580, R=0.9355, F1=0.5179
2025-04-17 09:38:08,510 - INFO - [omi-8.txt] mode=value_times_range, all=None, threshold=2.5, P=0.3580, R=0.9355, F1=0.5179
2025-04-17 09:38:08,559 - INFO - [omi-8.txt] mode=value_times_range, all=None, threshold=3.0, P=0.3580, R=0.9355, F1=0.5179
2025-04-17 09:38:08,560 - INFO - [omi-8.txt] mode=value_times_range, all=None, threshold=3.5, P=0.3580, R=0.9355, F1=0.5179
2025-04-17 09:38:08,602 - INFO - [omi-8.txt] mode=value_times_range, all=None, threshold=4.0, P=0.3580, R=0.9355, F1=0.5179
2025-04-17 09:38:08,678 - INFO - [omi-8.txt] mode=value_times_range, all=None, threshold=4.5, P=0.3580, R=0.9355, F1=0.5179
2025-04-17 09:38:08,679 - INFO - [omi-8.txt] mode=value_times_range, all=None, threshold=5.0, P=0.3580, R=0.9355, F1=0.5179
2025-04-17 09:38:08,679 - INFO - [omi-8.txt] mode=value_times_range, all=None, threshold=5.5, P=0.3580, R=0.9355, F1=0.5179
2025-04-17 09:38:08,679 - INFO - [omi-8.txt] mode=value_times_range, all=None, threshold=6.0, P=0.3580, R=0.9355, F1=0.5179
2025-04-17 09:38:08,679 - INFO - [omi-8.txt] mode=value_times_range, all=None, threshold=6.5, P=0.3580, R=0.9355, F1=0.5179
2025-04-17 09:38:08,680 - INFO - [omi-8.txt] mode=value_times_range, all=None, threshold=7.0, P=0.3625, R=0.9355, F1=0.5225
2025-04-17 09:38:08,726 - INFO - [omi-2] Starting grid search...
2025-04-17 09:38:12,454 - INFO - [omi-2.txt] mode=value_times_range, all=None, threshold=0.0, P=0.4559, R=1.0000, F1=0.6263
2025-04-17 09:38:12,508 - INFO - [omi-2.txt] mode=value_times_range, all=None, threshold=0.5, P=0.4559, R=1.0000, F1=0.6263
2025-04-17 09:38:12,508 - INFO - [omi-2.txt] mode=value_times_range, all=None, threshold=1.0, P=0.4559, R=1.0000, F1=0.6263
2025-04-17 09:38:12,551 - INFO - [omi-2.txt] mode=value_times_range, all=None, threshold=1.5, P=0.4559, R=1.0000, F1=0.6263
2025-04-17 09:38:12,552 - INFO - [omi-2.txt] mode=value_times_range, all=None, threshold=2.0, P=0.4559, R=1.0000, F1=0.6263
2025-04-17 09:38:12,623 - INFO - [omi-2.txt] mode=value_times_range, all=None, threshold=2.5, P=0.4559, R=1.0000, F1=0.6263
2025-04-17 09:38:12,624 - INFO - [omi-2.txt] mode=value_times_range, all=None, threshold=3.0, P=0.4559, R=1.0000, F1=0.6263
2025-04-17 09:38:12,624 - INFO - [omi-2.txt] mode=value_times_range, all=None, threshold=3.5, P=0.4559, R=1.0000, F1=0.6263
2025-04-17 09:38:12,624 - INFO - [omi-2.txt] mode=value_times_range, all=None, threshold=4.0, P=0.4559, R=1.0000, F1=0.6263
2025-04-17 09:38:12,624 - INFO - [omi-2.txt] mode=value_times_range, all=None, threshold=4.5, P=0.4559, R=1.0000, F1=0.6263
2025-04-17 09:38:12,624 - INFO - [omi-2.txt] mode=value_times_range, all=None, threshold=5.0, P=0.4559, R=1.0000, F1=0.6263
2025-04-17 09:38:12,624 - INFO - [omi-2.txt] mode=value_times_range, all=None, threshold=5.5, P=0.4559, R=1.0000, F1=0.6263
2025-04-17 09:38:12,624 - INFO - [omi-2.txt] mode=value_times_range, all=None, threshold=6.0, P=0.4697, R=1.0000, F1=0.6392
2025-04-17 09:38:12,624 - INFO - [omi-2.txt] mode=value_times_range, all=None, threshold=6.5, P=0.4844, R=1.0000, F1=0.6526
2025-04-17 09:38:12,625 - INFO - [omi-2.txt] mode=value_times_range, all=None, threshold=7.0, P=0.4921, R=1.0000, F1=0.6596
2025-04-17 09:38:12,670 - INFO - [omi-11] Starting grid search...
2025-04-17 09:38:16,586 - INFO - [omi-11.txt] mode=value_times_range, all=None, threshold=0.0, P=0.3434, R=0.9828, F1=0.5089
2025-04-17 09:38:16,703 - INFO - [omi-11.txt] mode=value_times_range, all=None, threshold=0.5, P=0.3434, R=0.9828, F1=0.5089
2025-04-17 09:38:16,704 - INFO - [omi-11.txt] mode=value_times_range, all=None, threshold=1.0, P=0.3434, R=0.9828, F1=0.5089
2025-04-17 09:38:16,704 - INFO - [omi-11.txt] mode=value_times_range, all=None, threshold=1.5, P=0.3434, R=0.9828, F1=0.5089
2025-04-17 09:38:16,704 - INFO - [omi-11.txt] mode=value_times_range, all=None, threshold=2.0, P=0.3434, R=0.9828, F1=0.5089
2025-04-17 09:38:16,704 - INFO - [omi-11.txt] mode=value_times_range, all=None, threshold=2.5, P=0.3434, R=0.9828, F1=0.5089
2025-04-17 09:38:16,704 - INFO - [omi-11.txt] mode=value_times_range, all=None, threshold=3.0, P=0.3434, R=0.9828, F1=0.5089
2025-04-17 09:38:16,704 - INFO - [omi-11.txt] mode=value_times_range, all=None, threshold=3.5, P=0.3434, R=0.9828, F1=0.5089
2025-04-17 09:38:16,883 - INFO - [omi-11.txt] mode=value_times_range, all=None, threshold=4.0, P=0.3434, R=0.9828, F1=0.5089
2025-04-17 09:38:16,884 - INFO - [omi-11.txt] mode=value_times_range, all=None, threshold=4.5, P=0.3434, R=0.9828, F1=0.5089
2025-04-17 09:38:16,884 - INFO - [omi-11.txt] mode=value_times_range, all=None, threshold=5.0, P=0.3434, R=0.9828, F1=0.5089
2025-04-17 09:38:16,884 - INFO - [omi-11.txt] mode=value_times_range, all=None, threshold=5.5, P=0.3434, R=0.9828, F1=0.5089
2025-04-17 09:38:16,884 - INFO - [omi-11.txt] mode=value_times_range, all=None, threshold=6.0, P=0.3434, R=0.9828, F1=0.5089
2025-04-17 09:38:16,884 - INFO - [omi-11.txt] mode=value_times_range, all=None, threshold=6.5, P=0.3434, R=0.9828, F1=0.5089
2025-04-17 09:38:16,884 - INFO - [omi-11.txt] mode=value_times_range, all=None, threshold=7.0, P=0.3434, R=0.9828, F1=0.5089
2025-04-17 09:38:16,935 - INFO - [omi-10] Starting grid search...
2025-04-17 09:38:20,974 - INFO - [omi-10.txt] mode=value_times_range, all=None, threshold=0.0, P=0.4688, R=0.9836, F1=0.6349
2025-04-17 09:38:20,975 - INFO - [omi-10.txt] mode=value_times_range, all=None, threshold=0.5, P=0.4688, R=0.9836, F1=0.6349
2025-04-17 09:38:20,975 - INFO - [omi-10.txt] mode=value_times_range, all=None, threshold=1.0, P=0.4688, R=0.9836, F1=0.6349
2025-04-17 09:38:20,975 - INFO - [omi-10.txt] mode=value_times_range, all=None, threshold=1.5, P=0.4688, R=0.9836, F1=0.6349
2025-04-17 09:38:21,150 - INFO - [omi-10.txt] mode=value_times_range, all=None, threshold=2.0, P=0.4683, R=0.9672, F1=0.6310
2025-04-17 09:38:21,150 - INFO - [omi-10.txt] mode=value_times_range, all=None, threshold=2.5, P=0.4683, R=0.9672, F1=0.6310
2025-04-17 09:38:21,150 - INFO - [omi-10.txt] mode=value_times_range, all=None, threshold=3.0, P=0.4797, R=0.9672, F1=0.6413
2025-04-17 09:38:21,150 - INFO - [omi-10.txt] mode=value_times_range, all=None, threshold=3.5, P=0.4836, R=0.9672, F1=0.6448
2025-04-17 09:38:21,150 - INFO - [omi-10.txt] mode=value_times_range, all=None, threshold=4.0, P=0.4836, R=0.9672, F1=0.6448
2025-04-17 09:38:21,150 - INFO - [omi-10.txt] mode=value_times_range, all=None, threshold=4.5, P=0.4836, R=0.9672, F1=0.6448
2025-04-17 09:38:21,150 - INFO - [omi-10.txt] mode=value_times_range, all=None, threshold=5.0, P=0.4836, R=0.9672, F1=0.6448
2025-04-17 09:38:21,150 - INFO - [omi-10.txt] mode=value_times_range, all=None, threshold=5.5, P=0.4836, R=0.9672, F1=0.6448
2025-04-17 09:38:21,150 - INFO - [omi-10.txt] mode=value_times_range, all=None, threshold=6.0, P=0.4836, R=0.9672, F1=0.6448
2025-04-17 09:38:21,150 - INFO - [omi-10.txt] mode=value_times_range, all=None, threshold=6.5, P=0.4917, R=0.9672, F1=0.6519
2025-04-17 09:38:21,243 - INFO - [omi-10.txt] mode=value_times_range, all=None, threshold=7.0, P=0.4917, R=0.9672, F1=0.6519
2025-04-17 09:38:21,292 - INFO - [omi-4] Starting grid search...
2025-04-17 09:38:25,189 - INFO - [omi-4.txt] mode=value_times_range, all=None, threshold=0.0, P=0.8250, R=0.9851, F1=0.8980
2025-04-17 09:38:25,190 - INFO - [omi-4.txt] mode=value_times_range, all=None, threshold=0.5, P=0.8250, R=0.9851, F1=0.8980
2025-04-17 09:38:25,190 - INFO - [omi-4.txt] mode=value_times_range, all=None, threshold=1.0, P=0.8250, R=0.9851, F1=0.8980
2025-04-17 09:38:25,190 - INFO - [omi-4.txt] mode=value_times_range, all=None, threshold=1.5, P=0.8250, R=0.9851, F1=0.8980
2025-04-17 09:38:25,191 - INFO - [omi-4.txt] mode=value_times_range, all=None, threshold=2.0, P=0.8250, R=0.9851, F1=0.8980
2025-04-17 09:38:25,191 - INFO - [omi-4.txt] mode=value_times_range, all=None, threshold=2.5, P=0.8250, R=0.9851, F1=0.8980
2025-04-17 09:38:25,191 - INFO - [omi-4.txt] mode=value_times_range, all=None, threshold=3.0, P=0.8354, R=0.9851, F1=0.9041
2025-04-17 09:38:25,191 - INFO - [omi-4.txt] mode=value_times_range, all=None, threshold=3.5, P=0.8462, R=0.9851, F1=0.9103
2025-04-17 09:38:25,191 - INFO - [omi-4.txt] mode=value_times_range, all=None, threshold=4.0, P=0.8462, R=0.9851, F1=0.9103
2025-04-17 09:38:25,192 - INFO - [omi-4.txt] mode=value_times_range, all=None, threshold=4.5, P=0.8462, R=0.9851, F1=0.9103
2025-04-17 09:38:25,192 - INFO - [omi-4.txt] mode=value_times_range, all=None, threshold=5.0, P=0.8462, R=0.9851, F1=0.9103
2025-04-17 09:38:25,222 - INFO - [omi-4.txt] mode=value_times_range, all=None, threshold=5.5, P=0.8462, R=0.9851, F1=0.9103
2025-04-17 09:38:25,222 - INFO - [omi-4.txt] mode=value_times_range, all=None, threshold=6.0, P=0.8462, R=0.9851, F1=0.9103
2025-04-17 09:38:25,222 - INFO - [omi-4.txt] mode=value_times_range, all=None, threshold=6.5, P=0.8462, R=0.9851, F1=0.9103
2025-04-17 09:38:25,222 - INFO - [omi-4.txt] mode=value_times_range, all=None, threshold=7.0, P=0.8442, R=0.9701, F1=0.9028
2025-04-17 09:38:25,268 - INFO - [omi-3] Starting grid search...
2025-04-17 09:38:29,113 - INFO - [omi-3.txt] mode=value_times_range, all=None, threshold=0.0, P=0.8025, R=0.8333, F1=0.8176
2025-04-17 09:38:29,113 - INFO - [omi-3.txt] mode=value_times_range, all=None, threshold=0.5, P=0.8025, R=0.8333, F1=0.8176
2025-04-17 09:38:29,130 - INFO - [omi-3.txt] mode=value_times_range, all=None, threshold=1.0, P=0.8025, R=0.8333, F1=0.8176
2025-04-17 09:38:29,130 - INFO - [omi-3.txt] mode=value_times_range, all=None, threshold=1.5, P=0.8025, R=0.8333, F1=0.8176
2025-04-17 09:38:29,130 - INFO - [omi-3.txt] mode=value_times_range, all=None, threshold=2.0, P=0.8025, R=0.8333, F1=0.8176
2025-04-17 09:38:29,200 - INFO - [omi-3.txt] mode=value_times_range, all=None, threshold=2.5, P=0.8025, R=0.8333, F1=0.8176
2025-04-17 09:38:29,200 - INFO - [omi-3.txt] mode=value_times_range, all=None, threshold=3.0, P=0.8228, R=0.8333, F1=0.8280
2025-04-17 09:38:29,477 - INFO - [omi-3.txt] mode=value_times_range, all=None, threshold=3.5, P=0.8228, R=0.8333, F1=0.8280
2025-04-17 09:38:29,479 - INFO - [omi-3.txt] mode=value_times_range, all=None, threshold=4.0, P=0.8228, R=0.8333, F1=0.8280
2025-04-17 09:38:29,479 - INFO - [omi-3.txt] mode=value_times_range, all=None, threshold=4.5, P=0.8228, R=0.8333, F1=0.8280
2025-04-17 09:38:29,479 - INFO - [omi-3.txt] mode=value_times_range, all=None, threshold=5.0, P=0.8228, R=0.8333, F1=0.8280
2025-04-17 09:38:29,480 - INFO - [omi-3.txt] mode=value_times_range, all=None, threshold=5.5, P=0.8228, R=0.8333, F1=0.8280
2025-04-17 09:38:29,480 - INFO - [omi-3.txt] mode=value_times_range, all=None, threshold=6.0, P=0.8205, R=0.8205, F1=0.8205
2025-04-17 09:38:29,480 - INFO - [omi-3.txt] mode=value_times_range, all=None, threshold=6.5, P=0.8421, R=0.8205, F1=0.8312
2025-04-17 09:38:29,480 - INFO - [omi-3.txt] mode=value_times_range, all=None, threshold=7.0, P=0.8421, R=0.8205, F1=0.8312
2025-04-17 09:38:29,528 - INFO - 
==================================================
2025-04-17 09:38:29,528 - INFO - 开始汇总结果...
2025-04-17 09:38:29,538 - INFO - 
===== Best Results per Dataset =====
   dataset        score_mode neighbor_param  score_threshold neighbor_selection  precision   recall  f1_score
 omi-1.txt value_times_range           None              0.0                all   0.739496 0.988764  0.846154
omi-10.txt value_times_range           None              6.5                all   0.491667 0.967213  0.651934
omi-11.txt value_times_range           None              3.0                all   0.343373 0.982759  0.508929
omi-12.txt value_times_range           None              2.0                all   0.655172 0.950000  0.775510
 omi-2.txt value_times_range           None              7.0                all   0.492063 1.000000  0.659574
 omi-3.txt value_times_range           None              7.0                all   0.842105 0.820513  0.831169
 omi-4.txt value_times_range           None              6.0                all   0.846154 0.985075  0.910345
 omi-5.txt value_times_range           None              0.0                all   0.475728 1.000000  0.644737
 omi-6.txt value_times_range           None              5.5                all   0.267081 0.977273  0.419512
 omi-7.txt value_times_range           None              2.0                all   0.904762 0.974359  0.938272
 omi-8.txt value_times_range           None              7.0                all   0.362500 0.935484  0.522523
 omi-9.txt value_times_range           None              6.5                all   0.496183 0.915493  0.643564
2025-04-17 09:38:29,538 - INFO - 
===== Overall Metrics =====
Precision: 0.5010  Recall: 0.9554  F1: 0.6574
2025-04-17 09:38:29,538 - INFO - 
【原始汇总指标】
2025-04-17 09:38:29,538 - INFO - 精确率(Precision): 0.5010
2025-04-17 09:38:29,538 - INFO - 召回率(Recall):    0.9554
2025-04-17 09:38:29,538 - INFO - F1值:             0.6574
2025-04-17 09:38:29,538 - INFO - 
==================================================
2025-04-17 09:38:29,538 - INFO - 开始生成可视化结果...
2025-04-17 09:38:29,538 - INFO - 
==================================================
2025-04-17 09:38:29,538 - INFO - 开始数据集可视化: omi-1
2025-04-17 09:38:29,538 - INFO - 使用参数: 评分模式=value_times_range, all=None, 阈值=0.0
2025-04-17 09:38:29,538 - INFO - ==================================================

2025-04-17 09:38:29,539 - INFO - 正在加载数据集 omi-1 的数据
2025-04-17 09:38:29,540 - INFO - 数据加载成功。训练集形状: (8640, 19), 测试集形状: (4320, 19)
2025-04-17 09:38:29,540 - INFO - 正在计算边缘统计量...
2025-04-17 09:38:32,673 - INFO - 已计算 170 条边的统计量
2025-04-17 09:38:32,673 - INFO - 为每个节点使用所有邻居
2025-04-17 09:38:32,673 - INFO - 可视化结果将保存到: ./visual/omi/neighbor_all/value_times_range/omi-1
2025-04-17 09:38:32,674 - INFO - 在数据集中发现 7 个异常时间段
2025-04-17 09:38:32,674 - INFO - 
正在处理时间段 1/7: 760-765
2025-04-17 09:38:32,674 - INFO - 该时间段的真实异常节点: {4, 5, 7, 8, 9, 10, 11, 12, 13, 14, 15, 16, 17, 18, 19}
2025-04-17 09:38:32,674 - INFO - 正在计算异常分数...
2025-04-17 09:38:32,676 - INFO - 检测到的异常节点: {1, 4, 7, 8, 9, 10, 11, 12, 13, 14, 15, 16, 17, 18, 19}
2025-04-17 09:38:32,676 - INFO - 正在为时间段 760-765 生成可视化
2025-04-17 09:38:32,676 - INFO - 正在为时间段 760-765 生成异常图可视化
2025-04-17 09:38:32,676 - DEBUG - 创建包含 19 个节点的图结构
2025-04-17 09:38:32,678 - DEBUG - 边统计: 正常边 218 条, 异常边 22 条
2025-04-17 09:38:32,744 - DEBUG - 正在保存可视化结果到 ./visual/omi/neighbor_all/value_times_range/omi-1/seg_0_760_765.png
2025-04-17 09:38:32,968 - INFO - 成功保存时间段 760-765 的可视化结果
2025-04-17 09:38:32,968 - INFO - 
正在处理时间段 2/7: 1064-1298
2025-04-17 09:38:32,968 - INFO - 该时间段的真实异常节点: {6, 7, 9, 10, 11, 12, 13, 14, 15, 16, 17, 18, 19}
2025-04-17 09:38:32,968 - INFO - 正在计算异常分数...
2025-04-17 09:38:33,121 - INFO - 检测到的异常节点: {1, 3, 4, 5, 6, 7, 8, 9, 10, 11, 12, 13, 14, 15, 16, 17, 18, 19}
2025-04-17 09:38:33,121 - INFO - 正在为时间段 1064-1298 生成可视化
2025-04-17 09:38:33,121 - INFO - 正在为时间段 1064-1298 生成异常图可视化
2025-04-17 09:38:33,122 - DEBUG - 创建包含 19 个节点的图结构
2025-04-17 09:38:33,123 - DEBUG - 边统计: 正常边 284 条, 异常边 22 条
2025-04-17 09:38:33,179 - DEBUG - 正在保存可视化结果到 ./visual/omi/neighbor_all/value_times_range/omi-1/seg_1_1064_1298.png
2025-04-17 09:38:33,427 - INFO - 成功保存时间段 1064-1298 的可视化结果
2025-04-17 09:38:33,427 - INFO - 
正在处理时间段 3/7: 2758-2772
2025-04-17 09:38:33,427 - INFO - 该时间段的真实异常节点: {5, 6, 7, 8, 9, 10, 11, 12, 13, 14, 15, 16, 17, 18, 19}
2025-04-17 09:38:33,427 - INFO - 正在计算异常分数...
2025-04-17 09:38:33,437 - INFO - 检测到的异常节点: {1, 4, 5, 6, 7, 8, 9, 10, 11, 12, 13, 14, 15, 16, 17, 18, 19}
2025-04-17 09:38:33,437 - INFO - 正在为时间段 2758-2772 生成可视化
2025-04-17 09:38:33,437 - INFO - 正在为时间段 2758-2772 生成异常图可视化
2025-04-17 09:38:33,437 - DEBUG - 创建包含 19 个节点的图结构
2025-04-17 09:38:33,438 - DEBUG - 边统计: 正常边 218 条, 异常边 54 条
2025-04-17 09:38:33,496 - DEBUG - 正在保存可视化结果到 ./visual/omi/neighbor_all/value_times_range/omi-1/seg_2_2758_2772.png
2025-04-17 09:38:33,715 - INFO - 成功保存时间段 2758-2772 的可视化结果
2025-04-17 09:38:33,715 - INFO - 
正在处理时间段 4/7: 2874-2885
2025-04-17 09:38:33,715 - INFO - 该时间段的真实异常节点: {7, 9, 10, 11, 12, 13, 14, 15, 16, 17, 18}
2025-04-17 09:38:33,715 - INFO - 正在计算异常分数...
2025-04-17 09:38:33,723 - INFO - 检测到的异常节点: {1, 4, 5, 6, 7, 8, 9, 10, 11, 12, 13, 14, 15, 16, 17, 18, 19}
2025-04-17 09:38:33,723 - INFO - 正在为时间段 2874-2885 生成可视化
2025-04-17 09:38:33,723 - INFO - 正在为时间段 2874-2885 生成异常图可视化
2025-04-17 09:38:33,723 - DEBUG - 创建包含 19 个节点的图结构
2025-04-17 09:38:33,724 - DEBUG - 边统计: 正常边 250 条, 异常边 22 条
2025-04-17 09:38:33,782 - DEBUG - 正在保存可视化结果到 ./visual/omi/neighbor_all/value_times_range/omi-1/seg_3_2874_2885.png
2025-04-17 09:38:34,016 - INFO - 成功保存时间段 2874-2885 的可视化结果
2025-04-17 09:38:34,016 - INFO - 
正在处理时间段 5/7: 3012-3025
2025-04-17 09:38:34,016 - INFO - 该时间段的真实异常节点: {7, 10, 11, 12, 13, 14, 15, 16, 17, 18, 19}
2025-04-17 09:38:34,016 - INFO - 正在计算异常分数...
2025-04-17 09:38:34,024 - INFO - 检测到的异常节点: {1, 4, 5, 6, 7, 8, 9, 10, 11, 12, 13, 14, 15, 16, 17, 18, 19}
2025-04-17 09:38:34,025 - INFO - 正在为时间段 3012-3025 生成可视化
2025-04-17 09:38:34,025 - INFO - 正在为时间段 3012-3025 生成异常图可视化
2025-04-17 09:38:34,025 - DEBUG - 创建包含 19 个节点的图结构
2025-04-17 09:38:34,026 - DEBUG - 边统计: 正常边 232 条, 异常边 40 条
2025-04-17 09:38:34,084 - DEBUG - 正在保存可视化结果到 ./visual/omi/neighbor_all/value_times_range/omi-1/seg_4_3012_3025.png
2025-04-17 09:38:34,302 - INFO - 成功保存时间段 3012-3025 的可视化结果
2025-04-17 09:38:34,302 - INFO - 
正在处理时间段 6/7: 3160-3305
2025-04-17 09:38:34,302 - INFO - 该时间段的真实异常节点: {8, 9, 10, 11, 12, 13, 14, 15, 16, 17, 18, 19}
2025-04-17 09:38:34,302 - INFO - 正在计算异常分数...
2025-04-17 09:38:34,395 - INFO - 检测到的异常节点: {1, 3, 4, 5, 6, 7, 8, 9, 10, 11, 12, 13, 14, 15, 16, 17, 18, 19}
2025-04-17 09:38:34,395 - INFO - 正在为时间段 3160-3305 生成可视化
2025-04-17 09:38:34,395 - INFO - 正在为时间段 3160-3305 生成异常图可视化
2025-04-17 09:38:34,395 - DEBUG - 创建包含 19 个节点的图结构
2025-04-17 09:38:34,397 - DEBUG - 边统计: 正常边 304 条, 异常边 2 条
2025-04-17 09:38:34,452 - DEBUG - 正在保存可视化结果到 ./visual/omi/neighbor_all/value_times_range/omi-1/seg_5_3160_3305.png
2025-04-17 09:38:34,697 - INFO - 成功保存时间段 3160-3305 的可视化结果
2025-04-17 09:38:34,697 - INFO - 
正在处理时间段 7/7: 3626-3638
2025-04-17 09:38:34,698 - INFO - 该时间段的真实异常节点: {7, 9, 10, 11, 12, 13, 14, 15, 16, 17, 18, 19}
2025-04-17 09:38:34,698 - INFO - 正在计算异常分数...
2025-04-17 09:38:34,706 - INFO - 检测到的异常节点: {1, 4, 5, 6, 7, 8, 9, 10, 11, 12, 13, 14, 15, 16, 17, 18, 19}
2025-04-17 09:38:34,706 - INFO - 正在为时间段 3626-3638 生成可视化
2025-04-17 09:38:34,706 - INFO - 正在为时间段 3626-3638 生成异常图可视化
2025-04-17 09:38:34,707 - DEBUG - 创建包含 19 个节点的图结构
2025-04-17 09:38:34,708 - DEBUG - 边统计: 正常边 234 条, 异常边 38 条
2025-04-17 09:38:34,764 - DEBUG - 正在保存可视化结果到 ./visual/omi/neighbor_all/value_times_range/omi-1/seg_6_3626_3638.png
2025-04-17 09:38:34,980 - INFO - 成功保存时间段 3626-3638 的可视化结果
2025-04-17 09:38:34,981 - INFO - 正在生成所有异常段的综合可视化图像: ./visual/omi/neighbor_all/value_times_range/omi-1/all_segments.png
2025-04-17 09:38:34,981 - INFO - 生成全屏优化的可视化图表
2025-04-17 09:38:36,154 - INFO - 已生成全屏优化的可视化图表: ./visual/omi/neighbor_all/value_times_range/omi-1/all_segments.png
2025-04-17 09:38:36,155 - INFO - 正在从 ./visual/omi/neighbor_all/value_times_range/omi-1 中的图像创建GIF
2025-04-17 09:38:36,835 - INFO - GIF已保存到 ./visual/omi/neighbor_all/value_times_range/omi-1/omi-1.gif
2025-04-17 09:38:36,835 - INFO - 
==================================================
2025-04-17 09:38:36,835 - INFO - 开始数据集可视化: omi-10
2025-04-17 09:38:36,835 - INFO - 使用参数: 评分模式=value_times_range, all=None, 阈值=6.5
2025-04-17 09:38:36,835 - INFO - ==================================================

2025-04-17 09:38:36,835 - INFO - 正在加载数据集 omi-10 的数据
2025-04-17 09:38:36,836 - INFO - 数据加载成功。训练集形状: (8640, 19), 测试集形状: (4320, 19)
2025-04-17 09:38:36,836 - INFO - 正在计算边缘统计量...
2025-04-17 09:38:40,050 - INFO - 已计算 136 条边的统计量
2025-04-17 09:38:40,051 - INFO - 为每个节点使用所有邻居
2025-04-17 09:38:40,051 - INFO - 可视化结果将保存到: ./visual/omi/neighbor_all/value_times_range/omi-10
2025-04-17 09:38:40,052 - INFO - 在数据集中发现 8 个异常时间段
2025-04-17 09:38:40,052 - INFO - 
正在处理时间段 1/8: 740-780
2025-04-17 09:38:40,052 - INFO - 该时间段的真实异常节点: {2, 5, 6, 7, 8, 9, 10, 11, 12, 13, 14, 15, 16, 17, 18, 19}
2025-04-17 09:38:40,052 - INFO - 正在计算异常分数...
2025-04-17 09:38:40,084 - INFO - 检测到的异常节点: {1, 4, 5, 6, 7, 8, 9, 10, 11, 12, 13, 14, 15, 16, 17, 18, 19}
2025-04-17 09:38:40,084 - INFO - 正在为时间段 740-780 生成可视化
2025-04-17 09:38:40,085 - INFO - 正在为时间段 740-780 生成异常图可视化
2025-04-17 09:38:40,085 - DEBUG - 创建包含 19 个节点的图结构
2025-04-17 09:38:40,086 - DEBUG - 边统计: 正常边 166 条, 异常边 106 条
2025-04-17 09:38:40,152 - DEBUG - 正在保存可视化结果到 ./visual/omi/neighbor_all/value_times_range/omi-10/seg_0_740_780.png
2025-04-17 09:38:40,374 - INFO - 成功保存时间段 740-780 的可视化结果
2025-04-17 09:38:40,374 - INFO - 
正在处理时间段 2/8: 1345-1406
2025-04-17 09:38:40,374 - INFO - 该时间段的真实异常节点: {7, 9, 10, 11, 12, 13, 14, 15, 16, 17, 18}
2025-04-17 09:38:40,374 - INFO - 正在计算异常分数...
2025-04-17 09:38:40,423 - INFO - 检测到的异常节点: {1, 4, 5, 6, 7, 8, 9, 10, 11, 12, 13, 14, 15, 16, 17, 18, 19}
2025-04-17 09:38:40,423 - INFO - 正在为时间段 1345-1406 生成可视化
2025-04-17 09:38:40,423 - INFO - 正在为时间段 1345-1406 生成异常图可视化
2025-04-17 09:38:40,424 - DEBUG - 创建包含 19 个节点的图结构
2025-04-17 09:38:40,425 - DEBUG - 边统计: 正常边 268 条, 异常边 4 条
2025-04-17 09:38:40,483 - DEBUG - 正在保存可视化结果到 ./visual/omi/neighbor_all/value_times_range/omi-10/seg_1_1345_1406.png
2025-04-17 09:38:40,700 - INFO - 成功保存时间段 1345-1406 的可视化结果
2025-04-17 09:38:40,700 - INFO - 
正在处理时间段 3/8: 2224-2272
2025-04-17 09:38:40,700 - INFO - 该时间段的真实异常节点: {4, 5, 6, 7, 9, 10, 11, 12, 13, 14, 15, 16, 17, 18, 19}
2025-04-17 09:38:40,700 - INFO - 正在计算异常分数...
2025-04-17 09:38:40,739 - INFO - 检测到的异常节点: {1, 4, 5, 6, 7, 8, 9, 10, 11, 12, 13, 14, 15, 16, 17, 18, 19}
2025-04-17 09:38:40,739 - INFO - 正在为时间段 2224-2272 生成可视化
2025-04-17 09:38:40,739 - INFO - 正在为时间段 2224-2272 生成异常图可视化
2025-04-17 09:38:40,739 - DEBUG - 创建包含 19 个节点的图结构
2025-04-17 09:38:40,740 - DEBUG - 边统计: 正常边 264 条, 异常边 8 条
2025-04-17 09:38:40,799 - DEBUG - 正在保存可视化结果到 ./visual/omi/neighbor_all/value_times_range/omi-10/seg_2_2224_2272.png
2025-04-17 09:38:41,015 - INFO - 成功保存时间段 2224-2272 的可视化结果
2025-04-17 09:38:41,015 - INFO - 
正在处理时间段 4/8: 2514-2592
2025-04-17 09:38:41,015 - INFO - 该时间段的真实异常节点: {16, 4}
2025-04-17 09:38:41,015 - INFO - 正在计算异常分数...
2025-04-17 09:38:41,075 - INFO - 检测到的异常节点: {1, 4, 5, 6, 7, 8, 9, 10, 11, 12, 13, 14, 15, 16, 17, 18, 19}
2025-04-17 09:38:41,075 - INFO - 正在为时间段 2514-2592 生成可视化
2025-04-17 09:38:41,076 - INFO - 正在为时间段 2514-2592 生成异常图可视化
2025-04-17 09:38:41,076 - DEBUG - 创建包含 19 个节点的图结构
2025-04-17 09:38:41,077 - DEBUG - 边统计: 正常边 272 条, 异常边 0 条
2025-04-17 09:38:41,133 - DEBUG - 正在保存可视化结果到 ./visual/omi/neighbor_all/value_times_range/omi-10/seg_3_2514_2592.png
2025-04-17 09:38:41,345 - INFO - 成功保存时间段 2514-2592 的可视化结果
2025-04-17 09:38:41,345 - INFO - 
正在处理时间段 5/8: 2733-2778
2025-04-17 09:38:41,345 - INFO - 该时间段的真实异常节点: {11, 14, 15}
2025-04-17 09:38:41,346 - INFO - 正在计算异常分数...
2025-04-17 09:38:41,378 - INFO - 检测到的异常节点: {1, 4, 5, 7, 8, 9, 10, 11, 12, 13, 14, 15, 16, 17, 18, 19}
2025-04-17 09:38:41,378 - INFO - 正在为时间段 2733-2778 生成可视化
2025-04-17 09:38:41,378 - INFO - 正在为时间段 2733-2778 生成异常图可视化
2025-04-17 09:38:41,379 - DEBUG - 创建包含 19 个节点的图结构
2025-04-17 09:38:41,380 - DEBUG - 边统计: 正常边 238 条, 异常边 2 条
2025-04-17 09:38:41,437 - DEBUG - 正在保存可视化结果到 ./visual/omi/neighbor_all/value_times_range/omi-10/seg_4_2733_2778.png
2025-04-17 09:38:41,649 - INFO - 成功保存时间段 2733-2778 的可视化结果
2025-04-17 09:38:41,650 - INFO - 
正在处理时间段 6/8: 3401-3405
2025-04-17 09:38:41,650 - INFO - 该时间段的真实异常节点: {1}
2025-04-17 09:38:41,650 - INFO - 正在计算异常分数...
2025-04-17 09:38:41,651 - INFO - 检测到的异常节点: {4, 5}
2025-04-17 09:38:41,651 - INFO - 正在为时间段 3401-3405 生成可视化
2025-04-17 09:38:41,651 - INFO - 正在为时间段 3401-3405 生成异常图可视化
2025-04-17 09:38:41,651 - DEBUG - 创建包含 19 个节点的图结构
2025-04-17 09:38:41,652 - DEBUG - 边统计: 正常边 252 条, 异常边 20 条
2025-04-17 09:38:41,707 - DEBUG - 正在保存可视化结果到 ./visual/omi/neighbor_all/value_times_range/omi-10/seg_5_3401_3405.png
2025-04-17 09:38:41,919 - INFO - 成功保存时间段 3401-3405 的可视化结果
2025-04-17 09:38:41,919 - INFO - 
正在处理时间段 7/8: 3414-3459
2025-04-17 09:38:41,919 - INFO - 该时间段的真实异常节点: {8}
2025-04-17 09:38:41,919 - INFO - 正在计算异常分数...
2025-04-17 09:38:41,952 - INFO - 检测到的异常节点: {1, 4, 5, 6, 7, 8, 9, 10, 11, 12, 13, 14, 15, 16, 17, 18, 19}
2025-04-17 09:38:41,953 - INFO - 正在为时间段 3414-3459 生成可视化
2025-04-17 09:38:41,953 - INFO - 正在为时间段 3414-3459 生成异常图可视化
2025-04-17 09:38:41,953 - DEBUG - 创建包含 19 个节点的图结构
2025-04-17 09:38:41,954 - DEBUG - 边统计: 正常边 234 条, 异常边 38 条
2025-04-17 09:38:42,010 - DEBUG - 正在保存可视化结果到 ./visual/omi/neighbor_all/value_times_range/omi-10/seg_6_3414_3459.png
2025-04-17 09:38:42,222 - INFO - 成功保存时间段 3414-3459 的可视化结果
2025-04-17 09:38:42,222 - INFO - 
正在处理时间段 8/8: 3700-3744
2025-04-17 09:38:42,222 - INFO - 该时间段的真实异常节点: {7, 8, 9, 10, 11, 12, 13, 14, 15, 16, 17, 18}
2025-04-17 09:38:42,222 - INFO - 正在计算异常分数...
2025-04-17 09:38:42,255 - INFO - 检测到的异常节点: {1, 4, 5, 6, 7, 8, 9, 10, 11, 12, 13, 14, 15, 16, 17, 18, 19}
2025-04-17 09:38:42,255 - INFO - 正在为时间段 3700-3744 生成可视化
2025-04-17 09:38:42,255 - INFO - 正在为时间段 3700-3744 生成异常图可视化
2025-04-17 09:38:42,255 - DEBUG - 创建包含 19 个节点的图结构
2025-04-17 09:38:42,256 - DEBUG - 边统计: 正常边 228 条, 异常边 44 条
2025-04-17 09:38:42,313 - DEBUG - 正在保存可视化结果到 ./visual/omi/neighbor_all/value_times_range/omi-10/seg_7_3700_3744.png
2025-04-17 09:38:42,525 - INFO - 成功保存时间段 3700-3744 的可视化结果
2025-04-17 09:38:42,526 - INFO - 正在生成所有异常段的综合可视化图像: ./visual/omi/neighbor_all/value_times_range/omi-10/all_segments.png
2025-04-17 09:38:42,526 - INFO - 生成全屏优化的可视化图表
2025-04-17 09:38:43,726 - INFO - 已生成全屏优化的可视化图表: ./visual/omi/neighbor_all/value_times_range/omi-10/all_segments.png
2025-04-17 09:38:43,726 - INFO - 正在从 ./visual/omi/neighbor_all/value_times_range/omi-10 中的图像创建GIF
2025-04-17 09:38:44,449 - INFO - GIF已保存到 ./visual/omi/neighbor_all/value_times_range/omi-10/omi-10.gif
2025-04-17 09:38:44,449 - INFO - 
==================================================
2025-04-17 09:38:44,449 - INFO - 开始数据集可视化: omi-11
2025-04-17 09:38:44,450 - INFO - 使用参数: 评分模式=value_times_range, all=None, 阈值=3.0
2025-04-17 09:38:44,450 - INFO - ==================================================

2025-04-17 09:38:44,450 - INFO - 正在加载数据集 omi-11 的数据
2025-04-17 09:38:44,450 - INFO - 数据加载成功。训练集形状: (8640, 19), 测试集形状: (4320, 19)
2025-04-17 09:38:44,450 - INFO - 正在计算边缘统计量...
2025-04-17 09:38:47,471 - INFO - 已计算 153 条边的统计量
2025-04-17 09:38:47,471 - INFO - 为每个节点使用所有邻居
2025-04-17 09:38:47,471 - INFO - 可视化结果将保存到: ./visual/omi/neighbor_all/value_times_range/omi-11
2025-04-17 09:38:47,472 - INFO - 在数据集中发现 9 个异常时间段
2025-04-17 09:38:47,472 - INFO - 
正在处理时间段 1/9: 738-755
2025-04-17 09:38:47,472 - INFO - 该时间段的真实异常节点: {2}
2025-04-17 09:38:47,472 - INFO - 正在计算异常分数...
2025-04-17 09:38:47,484 - INFO - 检测到的异常节点: {4, 5, 6, 7, 8, 9, 10, 11, 12, 13, 14, 15, 16, 17, 18, 19}
2025-04-17 09:38:47,484 - INFO - 正在为时间段 738-755 生成可视化
2025-04-17 09:38:47,484 - INFO - 正在为时间段 738-755 生成异常图可视化
2025-04-17 09:38:47,484 - DEBUG - 创建包含 19 个节点的图结构
2025-04-17 09:38:47,485 - DEBUG - 边统计: 正常边 240 条, 异常边 0 条
2025-04-17 09:38:47,544 - DEBUG - 正在保存可视化结果到 ./visual/omi/neighbor_all/value_times_range/omi-11/seg_0_738_755.png
2025-04-17 09:38:47,753 - INFO - 成功保存时间段 738-755 的可视化结果
2025-04-17 09:38:47,753 - INFO - 
正在处理时间段 2/9: 757-815
2025-04-17 09:38:47,753 - INFO - 该时间段的真实异常节点: set()
2025-04-17 09:38:47,753 - INFO - 正在计算异常分数...
2025-04-17 09:38:47,798 - INFO - 检测到的异常节点: {1, 4, 5, 6, 7, 8, 9, 10, 11, 12, 13, 14, 15, 16, 17, 18, 19}
2025-04-17 09:38:47,798 - INFO - 正在为时间段 757-815 生成可视化
2025-04-17 09:38:47,798 - INFO - 正在为时间段 757-815 生成异常图可视化
2025-04-17 09:38:47,798 - DEBUG - 创建包含 19 个节点的图结构
2025-04-17 09:38:47,799 - DEBUG - 边统计: 正常边 248 条, 异常边 24 条
2025-04-17 09:38:47,855 - DEBUG - 正在保存可视化结果到 ./visual/omi/neighbor_all/value_times_range/omi-11/seg_1_757_815.png
2025-04-17 09:38:48,066 - INFO - 成功保存时间段 757-815 的可视化结果
2025-04-17 09:38:48,066 - INFO - 
正在处理时间段 3/9: 1366-1375
2025-04-17 09:38:48,066 - INFO - 该时间段的真实异常节点: {4, 5, 8, 17, 19}
2025-04-17 09:38:48,066 - INFO - 正在计算异常分数...
2025-04-17 09:38:48,072 - INFO - 检测到的异常节点: {1, 4, 5, 6, 7, 8, 9, 10, 11, 12, 13, 14, 15, 16, 17, 18, 19}
2025-04-17 09:38:48,072 - INFO - 正在为时间段 1366-1375 生成可视化
2025-04-17 09:38:48,072 - INFO - 正在为时间段 1366-1375 生成异常图可视化
2025-04-17 09:38:48,072 - DEBUG - 创建包含 19 个节点的图结构
2025-04-17 09:38:48,073 - DEBUG - 边统计: 正常边 210 条, 异常边 62 条
2025-04-17 09:38:48,128 - DEBUG - 正在保存可视化结果到 ./visual/omi/neighbor_all/value_times_range/omi-11/seg_2_1366_1375.png
2025-04-17 09:38:48,340 - INFO - 成功保存时间段 1366-1375 的可视化结果
2025-04-17 09:38:48,341 - INFO - 
正在处理时间段 4/9: 2301-2314
2025-04-17 09:38:48,341 - INFO - 该时间段的真实异常节点: {17, 19, 4, 5}
2025-04-17 09:38:48,341 - INFO - 正在计算异常分数...
2025-04-17 09:38:48,350 - INFO - 检测到的异常节点: {1, 4, 5, 6, 7, 8, 9, 10, 11, 12, 13, 14, 15, 16, 17, 18, 19}
2025-04-17 09:38:48,350 - INFO - 正在为时间段 2301-2314 生成可视化
2025-04-17 09:38:48,350 - INFO - 正在为时间段 2301-2314 生成异常图可视化
2025-04-17 09:38:48,350 - DEBUG - 创建包含 19 个节点的图结构
2025-04-17 09:38:48,351 - DEBUG - 边统计: 正常边 232 条, 异常边 40 条
2025-04-17 09:38:48,407 - DEBUG - 正在保存可视化结果到 ./visual/omi/neighbor_all/value_times_range/omi-11/seg_3_2301_2314.png
2025-04-17 09:38:48,618 - INFO - 成功保存时间段 2301-2314 的可视化结果
2025-04-17 09:38:48,618 - INFO - 
正在处理时间段 5/9: 2365-2381
2025-04-17 09:38:48,619 - INFO - 该时间段的真实异常节点: {19}
2025-04-17 09:38:48,619 - INFO - 正在计算异常分数...
2025-04-17 09:38:48,628 - INFO - 检测到的异常节点: {4, 6, 7, 8, 9, 10, 11, 12, 13, 14, 15, 16, 17, 18, 19}
2025-04-17 09:38:48,628 - INFO - 正在为时间段 2365-2381 生成可视化
2025-04-17 09:38:48,628 - INFO - 正在为时间段 2365-2381 生成异常图可视化
2025-04-17 09:38:48,629 - DEBUG - 创建包含 19 个节点的图结构
2025-04-17 09:38:48,630 - DEBUG - 边统计: 正常边 168 条, 异常边 42 条
2025-04-17 09:38:48,686 - DEBUG - 正在保存可视化结果到 ./visual/omi/neighbor_all/value_times_range/omi-11/seg_4_2365_2381.png
2025-04-17 09:38:48,897 - INFO - 成功保存时间段 2365-2381 的可视化结果
2025-04-17 09:38:48,897 - INFO - 
正在处理时间段 6/9: 2464-2485
2025-04-17 09:38:48,897 - INFO - 该时间段的真实异常节点: {17, 19, 4, 5}
2025-04-17 09:38:48,898 - INFO - 正在计算异常分数...
2025-04-17 09:38:48,913 - INFO - 检测到的异常节点: {1, 4, 5, 6, 7, 8, 9, 10, 11, 12, 13, 14, 15, 16, 17, 18, 19}
2025-04-17 09:38:48,914 - INFO - 正在为时间段 2464-2485 生成可视化
2025-04-17 09:38:48,914 - INFO - 正在为时间段 2464-2485 生成异常图可视化
2025-04-17 09:38:48,914 - DEBUG - 创建包含 19 个节点的图结构
2025-04-17 09:38:48,915 - DEBUG - 边统计: 正常边 236 条, 异常边 36 条
2025-04-17 09:38:49,045 - DEBUG - 正在保存可视化结果到 ./visual/omi/neighbor_all/value_times_range/omi-11/seg_5_2464_2485.png
2025-04-17 09:38:49,257 - INFO - 成功保存时间段 2464-2485 的可视化结果
2025-04-17 09:38:49,257 - INFO - 
正在处理时间段 7/9: 2588-2610
2025-04-17 09:38:49,257 - INFO - 该时间段的真实异常节点: {17, 19, 4, 5}
2025-04-17 09:38:49,257 - INFO - 正在计算异常分数...
2025-04-17 09:38:49,272 - INFO - 检测到的异常节点: {1, 4, 5, 6, 7, 8, 9, 10, 11, 12, 13, 14, 15, 16, 17, 18, 19}
2025-04-17 09:38:49,272 - INFO - 正在为时间段 2588-2610 生成可视化
2025-04-17 09:38:49,272 - INFO - 正在为时间段 2588-2610 生成异常图可视化
2025-04-17 09:38:49,272 - DEBUG - 创建包含 19 个节点的图结构
2025-04-17 09:38:49,273 - DEBUG - 边统计: 正常边 216 条, 异常边 56 条
2025-04-17 09:38:49,329 - DEBUG - 正在保存可视化结果到 ./visual/omi/neighbor_all/value_times_range/omi-11/seg_6_2588_2610.png
2025-04-17 09:38:49,541 - INFO - 成功保存时间段 2588-2610 的可视化结果
2025-04-17 09:38:49,541 - INFO - 
正在处理时间段 8/9: 2650-2675
2025-04-17 09:38:49,541 - INFO - 该时间段的真实异常节点: {19}
2025-04-17 09:38:49,541 - INFO - 正在计算异常分数...
2025-04-17 09:38:49,558 - INFO - 检测到的异常节点: {4, 5, 6, 7, 8, 9, 10, 11, 12, 13, 14, 15, 16, 17, 18, 19}
2025-04-17 09:38:49,558 - INFO - 正在为时间段 2650-2675 生成可视化
2025-04-17 09:38:49,558 - INFO - 正在为时间段 2650-2675 生成异常图可视化
2025-04-17 09:38:49,559 - DEBUG - 创建包含 19 个节点的图结构
2025-04-17 09:38:49,560 - DEBUG - 边统计: 正常边 192 条, 异常边 48 条
2025-04-17 09:38:49,617 - DEBUG - 正在保存可视化结果到 ./visual/omi/neighbor_all/value_times_range/omi-11/seg_7_2650_2675.png
2025-04-17 09:38:49,825 - INFO - 成功保存时间段 2650-2675 的可视化结果
2025-04-17 09:38:49,825 - INFO - 
正在处理时间段 9/9: 3012-3072
2025-04-17 09:38:49,825 - INFO - 该时间段的真实异常节点: {1, 4, 5, 8, 17, 19}
2025-04-17 09:38:49,825 - INFO - 正在计算异常分数...
2025-04-17 09:38:49,873 - INFO - 检测到的异常节点: {1, 4, 5, 6, 7, 8, 9, 10, 11, 12, 13, 14, 15, 16, 17, 18, 19}
2025-04-17 09:38:49,873 - INFO - 正在为时间段 3012-3072 生成可视化
2025-04-17 09:38:49,873 - INFO - 正在为时间段 3012-3072 生成异常图可视化
2025-04-17 09:38:49,874 - DEBUG - 创建包含 19 个节点的图结构
2025-04-17 09:38:49,875 - DEBUG - 边统计: 正常边 272 条, 异常边 0 条
2025-04-17 09:38:49,931 - DEBUG - 正在保存可视化结果到 ./visual/omi/neighbor_all/value_times_range/omi-11/seg_8_3012_3072.png
2025-04-17 09:38:50,140 - INFO - 成功保存时间段 3012-3072 的可视化结果
2025-04-17 09:38:50,140 - INFO - 正在生成所有异常段的综合可视化图像: ./visual/omi/neighbor_all/value_times_range/omi-11/all_segments.png
2025-04-17 09:38:50,140 - INFO - 生成全屏优化的可视化图表
2025-04-17 09:38:51,389 - INFO - 已生成全屏优化的可视化图表: ./visual/omi/neighbor_all/value_times_range/omi-11/all_segments.png
2025-04-17 09:38:51,389 - INFO - 正在从 ./visual/omi/neighbor_all/value_times_range/omi-11 中的图像创建GIF
2025-04-17 09:38:52,164 - INFO - GIF已保存到 ./visual/omi/neighbor_all/value_times_range/omi-11/omi-11.gif
2025-04-17 09:38:52,164 - INFO - 
==================================================
2025-04-17 09:38:52,164 - INFO - 开始数据集可视化: omi-12
2025-04-17 09:38:52,164 - INFO - 使用参数: 评分模式=value_times_range, all=None, 阈值=2.0
2025-04-17 09:38:52,164 - INFO - ==================================================

2025-04-17 09:38:52,164 - INFO - 正在加载数据集 omi-12 的数据
2025-04-17 09:38:52,165 - INFO - 数据加载成功。训练集形状: (7291, 19), 测试集形状: (4320, 19)
2025-04-17 09:38:52,165 - INFO - 正在计算边缘统计量...
2025-04-17 09:38:54,478 - INFO - 已计算 133 条边的统计量
2025-04-17 09:38:54,478 - INFO - 为每个节点使用所有邻居
2025-04-17 09:38:54,478 - INFO - 可视化结果将保存到: ./visual/omi/neighbor_all/value_times_range/omi-12
2025-04-17 09:38:54,479 - INFO - 在数据集中发现 5 个异常时间段
2025-04-17 09:38:54,479 - INFO - 
正在处理时间段 1/5: 740-813
2025-04-17 09:38:54,479 - INFO - 该时间段的真实异常节点: {1, 2, 6, 7, 8, 9, 10, 11, 12, 13, 14, 15, 16, 17, 18, 19}
2025-04-17 09:38:54,479 - INFO - 正在计算异常分数...
2025-04-17 09:38:54,530 - INFO - 检测到的异常节点: {1, 6, 7, 8, 9, 10, 11, 12, 13, 14, 15, 16, 17, 18, 19}
2025-04-17 09:38:54,530 - INFO - 正在为时间段 740-813 生成可视化
2025-04-17 09:38:54,530 - INFO - 正在为时间段 740-813 生成异常图可视化
2025-04-17 09:38:54,531 - DEBUG - 创建包含 19 个节点的图结构
2025-04-17 09:38:54,532 - DEBUG - 边统计: 正常边 140 条, 异常边 70 条
2025-04-17 09:38:54,591 - DEBUG - 正在保存可视化结果到 ./visual/omi/neighbor_all/value_times_range/omi-12/seg_0_740_813.png
2025-04-17 09:38:54,803 - INFO - 成功保存时间段 740-813 的可视化结果
2025-04-17 09:38:54,803 - INFO - 
正在处理时间段 2/5: 2486-2493
2025-04-17 09:38:54,803 - INFO - 该时间段的真实异常节点: {4, 5}
2025-04-17 09:38:54,803 - INFO - 正在计算异常分数...
2025-04-17 09:38:54,806 - INFO - 检测到的异常节点: {1, 4, 5, 7, 8, 9, 10, 14, 16, 17, 18}
2025-04-17 09:38:54,806 - INFO - 正在为时间段 2486-2493 生成可视化
2025-04-17 09:38:54,806 - INFO - 正在为时间段 2486-2493 生成异常图可视化
2025-04-17 09:38:54,806 - DEBUG - 创建包含 19 个节点的图结构
2025-04-17 09:38:54,807 - DEBUG - 边统计: 正常边 170 条, 异常边 36 条
2025-04-17 09:38:54,865 - DEBUG - 正在保存可视化结果到 ./visual/omi/neighbor_all/value_times_range/omi-12/seg_1_2486_2493.png
2025-04-17 09:38:55,073 - INFO - 成功保存时间段 2486-2493 的可视化结果
2025-04-17 09:38:55,073 - INFO - 
正在处理时间段 3/5: 2515-2525
2025-04-17 09:38:55,073 - INFO - 该时间段的真实异常节点: {1, 4, 5, 7, 8, 9, 17, 18}
2025-04-17 09:38:55,073 - INFO - 正在计算异常分数...
2025-04-17 09:38:55,080 - INFO - 检测到的异常节点: {1, 4, 5, 6, 7, 8, 9, 10, 11, 12, 13, 14, 15, 16, 17, 18, 19}
2025-04-17 09:38:55,080 - INFO - 正在为时间段 2515-2525 生成可视化
2025-04-17 09:38:55,080 - INFO - 正在为时间段 2515-2525 生成异常图可视化
2025-04-17 09:38:55,080 - DEBUG - 创建包含 19 个节点的图结构
2025-04-17 09:38:55,081 - DEBUG - 边统计: 正常边 190 条, 异常边 76 条
2025-04-17 09:38:55,137 - DEBUG - 正在保存可视化结果到 ./visual/omi/neighbor_all/value_times_range/omi-12/seg_2_2515_2525.png
2025-04-17 09:38:55,351 - INFO - 成功保存时间段 2515-2525 的可视化结果
2025-04-17 09:38:55,351 - INFO - 
正在处理时间段 4/5: 2721-2723
2025-04-17 09:38:55,351 - INFO - 该时间段的真实异常节点: {4}
2025-04-17 09:38:55,351 - INFO - 正在计算异常分数...
2025-04-17 09:38:55,351 - INFO - 检测到的异常节点: set()
2025-04-17 09:38:55,351 - INFO - 正在为时间段 2721-2723 生成可视化
2025-04-17 09:38:55,351 - INFO - 正在为时间段 2721-2723 生成异常图可视化
2025-04-17 09:38:55,351 - DEBUG - 创建包含 19 个节点的图结构
2025-04-17 09:38:55,352 - DEBUG - 边统计: 正常边 40 条, 异常边 48 条
2025-04-17 09:38:55,409 - DEBUG - 正在保存可视化结果到 ./visual/omi/neighbor_all/value_times_range/omi-12/seg_3_2721_2723.png
2025-04-17 09:38:55,615 - INFO - 成功保存时间段 2721-2723 的可视化结果
2025-04-17 09:38:55,615 - INFO - 
正在处理时间段 5/5: 3500-3535
2025-04-17 09:38:55,615 - INFO - 该时间段的真实异常节点: {5, 6, 7, 8, 11, 12, 13, 14, 15, 16, 17, 18, 19}
2025-04-17 09:38:55,616 - INFO - 正在计算异常分数...
2025-04-17 09:38:55,637 - INFO - 检测到的异常节点: {5, 6, 7, 8, 9, 10, 11, 12, 13, 14, 15, 16, 17, 18, 19}
2025-04-17 09:38:55,637 - INFO - 正在为时间段 3500-3535 生成可视化
2025-04-17 09:38:55,637 - INFO - 正在为时间段 3500-3535 生成异常图可视化
2025-04-17 09:38:55,637 - DEBUG - 创建包含 19 个节点的图结构
2025-04-17 09:38:55,638 - DEBUG - 边统计: 正常边 172 条, 异常边 38 条
2025-04-17 09:38:55,693 - DEBUG - 正在保存可视化结果到 ./visual/omi/neighbor_all/value_times_range/omi-12/seg_4_3500_3535.png
2025-04-17 09:38:55,900 - INFO - 成功保存时间段 3500-3535 的可视化结果
2025-04-17 09:38:55,900 - INFO - 正在生成所有异常段的综合可视化图像: ./visual/omi/neighbor_all/value_times_range/omi-12/all_segments.png
2025-04-17 09:38:55,900 - INFO - 生成全屏优化的可视化图表
2025-04-17 09:38:56,676 - INFO - 已生成全屏优化的可视化图表: ./visual/omi/neighbor_all/value_times_range/omi-12/all_segments.png
2025-04-17 09:38:56,677 - INFO - 正在从 ./visual/omi/neighbor_all/value_times_range/omi-12 中的图像创建GIF
2025-04-17 09:38:57,176 - INFO - GIF已保存到 ./visual/omi/neighbor_all/value_times_range/omi-12/omi-12.gif
2025-04-17 09:38:57,176 - INFO - 
==================================================
2025-04-17 09:38:57,176 - INFO - 开始数据集可视化: omi-2
2025-04-17 09:38:57,176 - INFO - 使用参数: 评分模式=value_times_range, all=None, 阈值=7.0
2025-04-17 09:38:57,176 - INFO - ==================================================

2025-04-17 09:38:57,176 - INFO - 正在加载数据集 omi-2 的数据
2025-04-17 09:38:57,177 - INFO - 数据加载成功。训练集形状: (8640, 19), 测试集形状: (4320, 19)
2025-04-17 09:38:57,177 - INFO - 正在计算边缘统计量...
2025-04-17 09:38:59,910 - INFO - 已计算 153 条边的统计量
2025-04-17 09:38:59,910 - INFO - 为每个节点使用所有邻居
2025-04-17 09:38:59,910 - INFO - 可视化结果将保存到: ./visual/omi/neighbor_all/value_times_range/omi-2
2025-04-17 09:38:59,911 - INFO - 在数据集中发现 4 个异常时间段
2025-04-17 09:38:59,911 - INFO - 
正在处理时间段 1/4: 486-498
2025-04-17 09:38:59,911 - INFO - 该时间段的真实异常节点: {1, 4, 5}
2025-04-17 09:38:59,911 - INFO - 正在计算异常分数...
2025-04-17 09:38:59,918 - INFO - 检测到的异常节点: {1, 4, 5, 6, 7, 8, 9, 10, 11, 12, 13, 14, 15, 16, 18, 19}
2025-04-17 09:38:59,919 - INFO - 正在为时间段 486-498 生成可视化
2025-04-17 09:38:59,919 - INFO - 正在为时间段 486-498 生成异常图可视化
2025-04-17 09:38:59,919 - DEBUG - 创建包含 19 个节点的图结构
2025-04-17 09:38:59,920 - DEBUG - 边统计: 正常边 272 条, 异常边 0 条
2025-04-17 09:38:59,974 - DEBUG - 正在保存可视化结果到 ./visual/omi/neighbor_all/value_times_range/omi-2/seg_0_486_498.png
2025-04-17 09:39:00,170 - INFO - 成功保存时间段 486-498 的可视化结果
2025-04-17 09:39:00,170 - INFO - 
正在处理时间段 2/4: 740-753
2025-04-17 09:39:00,170 - INFO - 该时间段的真实异常节点: {2}
2025-04-17 09:39:00,170 - INFO - 正在计算异常分数...
2025-04-17 09:39:00,178 - INFO - 检测到的异常节点: {2, 4, 5, 6, 7, 9, 10, 11, 12, 13, 14, 15, 16, 19}
2025-04-17 09:39:00,178 - INFO - 正在为时间段 740-753 生成可视化
2025-04-17 09:39:00,178 - INFO - 正在为时间段 740-753 生成异常图可视化
2025-04-17 09:39:00,178 - DEBUG - 创建包含 19 个节点的图结构
2025-04-17 09:39:00,179 - DEBUG - 边统计: 正常边 268 条, 异常边 4 条
2025-04-17 09:39:00,326 - DEBUG - 正在保存可视化结果到 ./visual/omi/neighbor_all/value_times_range/omi-2/seg_1_740_753.png
2025-04-17 09:39:00,528 - INFO - 成功保存时间段 740-753 的可视化结果
2025-04-17 09:39:00,528 - INFO - 
正在处理时间段 3/4: 766-783
2025-04-17 09:39:00,528 - INFO - 该时间段的真实异常节点: {1, 5, 6, 7, 8, 9, 10, 11, 12, 13, 14, 15, 16, 17, 18, 19}
2025-04-17 09:39:00,528 - INFO - 正在计算异常分数...
2025-04-17 09:39:00,539 - INFO - 检测到的异常节点: {1, 5, 6, 7, 8, 9, 10, 11, 12, 13, 14, 15, 16, 17, 18, 19}
2025-04-17 09:39:00,539 - INFO - 正在为时间段 766-783 生成可视化
2025-04-17 09:39:00,539 - INFO - 正在为时间段 766-783 生成异常图可视化
2025-04-17 09:39:00,539 - DEBUG - 创建包含 19 个节点的图结构
2025-04-17 09:39:00,540 - DEBUG - 边统计: 正常边 222 条, 异常边 50 条
2025-04-17 09:39:00,591 - DEBUG - 正在保存可视化结果到 ./visual/omi/neighbor_all/value_times_range/omi-2/seg_2_766_783.png
2025-04-17 09:39:00,786 - INFO - 成功保存时间段 766-783 的可视化结果
2025-04-17 09:39:00,786 - INFO - 
正在处理时间段 4/4: 1436-1445
2025-04-17 09:39:00,786 - INFO - 该时间段的真实异常节点: {7, 9, 10, 11, 12, 13, 14, 15, 16, 17, 18}
2025-04-17 09:39:00,787 - INFO - 正在计算异常分数...
2025-04-17 09:39:00,791 - INFO - 检测到的异常节点: {1, 4, 5, 6, 7, 8, 9, 10, 11, 12, 13, 14, 15, 16, 17, 18, 19}
2025-04-17 09:39:00,791 - INFO - 正在为时间段 1436-1445 生成可视化
2025-04-17 09:39:00,791 - INFO - 正在为时间段 1436-1445 生成异常图可视化
2025-04-17 09:39:00,792 - DEBUG - 创建包含 19 个节点的图结构
2025-04-17 09:39:00,793 - DEBUG - 边统计: 正常边 270 条, 异常边 2 条
2025-04-17 09:39:00,844 - DEBUG - 正在保存可视化结果到 ./visual/omi/neighbor_all/value_times_range/omi-2/seg_3_1436_1445.png
2025-04-17 09:39:01,039 - INFO - 成功保存时间段 1436-1445 的可视化结果
2025-04-17 09:39:01,039 - INFO - 正在生成所有异常段的综合可视化图像: ./visual/omi/neighbor_all/value_times_range/omi-2/all_segments.png
2025-04-17 09:39:01,039 - INFO - 生成全屏优化的可视化图表
2025-04-17 09:39:01,725 - INFO - 已生成全屏优化的可视化图表: ./visual/omi/neighbor_all/value_times_range/omi-2/all_segments.png
2025-04-17 09:39:01,725 - INFO - 正在从 ./visual/omi/neighbor_all/value_times_range/omi-2 中的图像创建GIF
2025-04-17 09:39:02,150 - INFO - GIF已保存到 ./visual/omi/neighbor_all/value_times_range/omi-2/omi-2.gif
2025-04-17 09:39:02,151 - INFO - 
==================================================
2025-04-17 09:39:02,151 - INFO - 开始数据集可视化: omi-3
2025-04-17 09:39:02,151 - INFO - 使用参数: 评分模式=value_times_range, all=None, 阈值=7.0
2025-04-17 09:39:02,151 - INFO - ==================================================

2025-04-17 09:39:02,151 - INFO - 正在加载数据集 omi-3 的数据
2025-04-17 09:39:02,151 - INFO - 数据加载成功。训练集形状: (8640, 19), 测试集形状: (4320, 19)
2025-04-17 09:39:02,152 - INFO - 正在计算边缘统计量...
2025-04-17 09:39:04,865 - INFO - 已计算 136 条边的统计量
2025-04-17 09:39:04,866 - INFO - 为每个节点使用所有邻居
2025-04-17 09:39:04,866 - INFO - 可视化结果将保存到: ./visual/omi/neighbor_all/value_times_range/omi-3
2025-04-17 09:39:04,866 - INFO - 在数据集中发现 6 个异常时间段
2025-04-17 09:39:04,866 - INFO - 
正在处理时间段 1/6: 760-820
2025-04-17 09:39:04,867 - INFO - 该时间段的真实异常节点: {1, 4, 6, 7, 8, 9, 10, 11, 12, 13, 14, 15, 16, 17, 18, 19}
2025-04-17 09:39:04,867 - INFO - 正在计算异常分数...
2025-04-17 09:39:04,909 - INFO - 检测到的异常节点: {1, 4, 5, 6, 7, 8, 9, 10, 11, 12, 13, 14, 15, 16, 17, 18, 19}
2025-04-17 09:39:04,909 - INFO - 正在为时间段 760-820 生成可视化
2025-04-17 09:39:04,909 - INFO - 正在为时间段 760-820 生成异常图可视化
2025-04-17 09:39:04,909 - DEBUG - 创建包含 19 个节点的图结构
2025-04-17 09:39:04,910 - DEBUG - 边统计: 正常边 248 条, 异常边 24 条
2025-04-17 09:39:04,965 - DEBUG - 正在保存可视化结果到 ./visual/omi/neighbor_all/value_times_range/omi-3/seg_0_760_820.png
2025-04-17 09:39:05,160 - INFO - 成功保存时间段 760-820 的可视化结果
2025-04-17 09:39:05,161 - INFO - 
正在处理时间段 2/6: 842-860
2025-04-17 09:39:05,161 - INFO - 该时间段的真实异常节点: {7, 8, 9, 10, 11, 12, 13, 14, 15, 16, 17, 18, 19}
2025-04-17 09:39:05,161 - INFO - 正在计算异常分数...
2025-04-17 09:39:05,172 - INFO - 检测到的异常节点: {4, 5, 6, 7, 8, 9, 10, 11, 12, 13, 14, 15, 16, 17, 18, 19}
2025-04-17 09:39:05,172 - INFO - 正在为时间段 842-860 生成可视化
2025-04-17 09:39:05,173 - INFO - 正在为时间段 842-860 生成异常图可视化
2025-04-17 09:39:05,173 - DEBUG - 创建包含 19 个节点的图结构
2025-04-17 09:39:05,174 - DEBUG - 边统计: 正常边 224 条, 异常边 16 条
2025-04-17 09:39:05,227 - DEBUG - 正在保存可视化结果到 ./visual/omi/neighbor_all/value_times_range/omi-3/seg_1_842_860.png
2025-04-17 09:39:05,418 - INFO - 成功保存时间段 842-860 的可视化结果
2025-04-17 09:39:05,418 - INFO - 
正在处理时间段 3/6: 1080-1120
2025-04-17 09:39:05,418 - INFO - 该时间段的真实异常节点: {7, 9, 10, 11, 12, 13, 14, 15, 16, 17, 18}
2025-04-17 09:39:05,418 - INFO - 正在计算异常分数...
2025-04-17 09:39:05,445 - INFO - 检测到的异常节点: {1, 4, 5, 6, 7, 8, 9, 10, 11, 12, 13, 14, 15, 16, 17, 18, 19}
2025-04-17 09:39:05,445 - INFO - 正在为时间段 1080-1120 生成可视化
2025-04-17 09:39:05,446 - INFO - 正在为时间段 1080-1120 生成异常图可视化
2025-04-17 09:39:05,446 - DEBUG - 创建包含 19 个节点的图结构
2025-04-17 09:39:05,447 - DEBUG - 边统计: 正常边 272 条, 异常边 0 条
2025-04-17 09:39:05,498 - DEBUG - 正在保存可视化结果到 ./visual/omi/neighbor_all/value_times_range/omi-3/seg_2_1080_1120.png
2025-04-17 09:39:05,693 - INFO - 成功保存时间段 1080-1120 的可视化结果
2025-04-17 09:39:05,693 - INFO - 
正在处理时间段 4/6: 2188-2201
2025-04-17 09:39:05,693 - INFO - 该时间段的真实异常节点: {7, 9, 10, 11, 12, 13, 14, 15, 16, 17, 18, 19}
2025-04-17 09:39:05,693 - INFO - 正在计算异常分数...
2025-04-17 09:39:05,701 - INFO - 检测到的异常节点: {6, 7, 8, 9, 10, 11, 12, 13, 14, 15, 16, 17, 18, 19}
2025-04-17 09:39:05,701 - INFO - 正在为时间段 2188-2201 生成可视化
2025-04-17 09:39:05,701 - INFO - 正在为时间段 2188-2201 生成异常图可视化
2025-04-17 09:39:05,701 - DEBUG - 创建包含 19 个节点的图结构
2025-04-17 09:39:05,702 - DEBUG - 边统计: 正常边 258 条, 异常边 14 条
2025-04-17 09:39:05,753 - DEBUG - 正在保存可视化结果到 ./visual/omi/neighbor_all/value_times_range/omi-3/seg_3_2188_2201.png
2025-04-17 09:39:05,948 - INFO - 成功保存时间段 2188-2201 的可视化结果
2025-04-17 09:39:05,948 - INFO - 
正在处理时间段 5/6: 2497-2500
2025-04-17 09:39:05,948 - INFO - 该时间段的真实异常节点: {6, 7, 9, 10, 11, 12, 13, 14, 15, 16, 17, 18, 19}
2025-04-17 09:39:05,948 - INFO - 正在计算异常分数...
2025-04-17 09:39:05,948 - INFO - 检测到的异常节点: set()
2025-04-17 09:39:05,948 - INFO - 正在为时间段 2497-2500 生成可视化
2025-04-17 09:39:05,948 - INFO - 正在为时间段 2497-2500 生成异常图可视化
2025-04-17 09:39:05,949 - DEBUG - 创建包含 19 个节点的图结构
2025-04-17 09:39:05,950 - DEBUG - 边统计: 正常边 208 条, 异常边 2 条
2025-04-17 09:39:06,002 - DEBUG - 正在保存可视化结果到 ./visual/omi/neighbor_all/value_times_range/omi-3/seg_4_2497_2500.png
2025-04-17 09:39:06,201 - INFO - 成功保存时间段 2497-2500 的可视化结果
2025-04-17 09:39:06,201 - INFO - 
正在处理时间段 6/6: 3428-3434
2025-04-17 09:39:06,201 - INFO - 该时间段的真实异常节点: {7, 8, 9, 10, 11, 12, 13, 14, 15, 16, 17, 18, 19}
2025-04-17 09:39:06,201 - INFO - 正在计算异常分数...
2025-04-17 09:39:06,203 - INFO - 检测到的异常节点: {7, 8, 9, 10, 11, 12, 13, 14, 15, 16, 18, 19}
2025-04-17 09:39:06,203 - INFO - 正在为时间段 3428-3434 生成可视化
2025-04-17 09:39:06,203 - INFO - 正在为时间段 3428-3434 生成异常图可视化
2025-04-17 09:39:06,204 - DEBUG - 创建包含 19 个节点的图结构
2025-04-17 09:39:06,205 - DEBUG - 边统计: 正常边 270 条, 异常边 2 条
2025-04-17 09:39:06,326 - DEBUG - 正在保存可视化结果到 ./visual/omi/neighbor_all/value_times_range/omi-3/seg_5_3428_3434.png
2025-04-17 09:39:06,528 - INFO - 成功保存时间段 3428-3434 的可视化结果
2025-04-17 09:39:06,528 - INFO - 正在生成所有异常段的综合可视化图像: ./visual/omi/neighbor_all/value_times_range/omi-3/all_segments.png
2025-04-17 09:39:06,528 - INFO - 生成全屏优化的可视化图表
2025-04-17 09:39:07,385 - INFO - 已生成全屏优化的可视化图表: ./visual/omi/neighbor_all/value_times_range/omi-3/all_segments.png
2025-04-17 09:39:07,385 - INFO - 正在从 ./visual/omi/neighbor_all/value_times_range/omi-3 中的图像创建GIF
2025-04-17 09:39:07,941 - INFO - GIF已保存到 ./visual/omi/neighbor_all/value_times_range/omi-3/omi-3.gif
2025-04-17 09:39:07,941 - INFO - 
==================================================
2025-04-17 09:39:07,941 - INFO - 开始数据集可视化: omi-4
2025-04-17 09:39:07,941 - INFO - 使用参数: 评分模式=value_times_range, all=None, 阈值=6.0
2025-04-17 09:39:07,941 - INFO - ==================================================

2025-04-17 09:39:07,941 - INFO - 正在加载数据集 omi-4 的数据
2025-04-17 09:39:07,942 - INFO - 数据加载成功。训练集形状: (8640, 19), 测试集形状: (4320, 19)
2025-04-17 09:39:07,942 - INFO - 正在计算边缘统计量...
2025-04-17 09:39:10,684 - INFO - 已计算 136 条边的统计量
2025-04-17 09:39:10,684 - INFO - 为每个节点使用所有邻居
2025-04-17 09:39:10,684 - INFO - 可视化结果将保存到: ./visual/omi/neighbor_all/value_times_range/omi-4
2025-04-17 09:39:10,685 - INFO - 在数据集中发现 5 个异常时间段
2025-04-17 09:39:10,685 - INFO - 
正在处理时间段 1/5: 727-782
2025-04-17 09:39:10,685 - INFO - 该时间段的真实异常节点: {1, 2, 6, 7, 8, 9, 10, 11, 12, 13, 14, 15, 16, 17, 18, 19}
2025-04-17 09:39:10,685 - INFO - 正在计算异常分数...
2025-04-17 09:39:10,723 - INFO - 检测到的异常节点: {1, 4, 5, 6, 7, 8, 9, 10, 11, 12, 13, 14, 15, 16, 17, 18, 19}
2025-04-17 09:39:10,723 - INFO - 正在为时间段 727-782 生成可视化
2025-04-17 09:39:10,723 - INFO - 正在为时间段 727-782 生成异常图可视化
2025-04-17 09:39:10,723 - DEBUG - 创建包含 19 个节点的图结构
2025-04-17 09:39:10,724 - DEBUG - 边统计: 正常边 240 条, 异常边 32 条
2025-04-17 09:39:10,778 - DEBUG - 正在保存可视化结果到 ./visual/omi/neighbor_all/value_times_range/omi-4/seg_0_727_782.png
2025-04-17 09:39:10,975 - INFO - 成功保存时间段 727-782 的可视化结果
2025-04-17 09:39:10,975 - INFO - 
正在处理时间段 2/5: 843-857
2025-04-17 09:39:10,975 - INFO - 该时间段的真实异常节点: {6, 7, 8, 9, 10, 11, 12, 13, 14, 15, 16, 17, 18, 19}
2025-04-17 09:39:10,975 - INFO - 正在计算异常分数...
2025-04-17 09:39:10,984 - INFO - 检测到的异常节点: {4, 5, 6, 7, 8, 9, 10, 11, 12, 13, 14, 15, 16, 17, 18, 19}
2025-04-17 09:39:10,984 - INFO - 正在为时间段 843-857 生成可视化
2025-04-17 09:39:10,984 - INFO - 正在为时间段 843-857 生成异常图可视化
2025-04-17 09:39:10,984 - DEBUG - 创建包含 19 个节点的图结构
2025-04-17 09:39:10,985 - DEBUG - 边统计: 正常边 236 条, 异常边 4 条
2025-04-17 09:39:11,040 - DEBUG - 正在保存可视化结果到 ./visual/omi/neighbor_all/value_times_range/omi-4/seg_1_843_857.png
2025-04-17 09:39:11,233 - INFO - 成功保存时间段 843-857 的可视化结果
2025-04-17 09:39:11,233 - INFO - 
正在处理时间段 3/5: 2178-2238
2025-04-17 09:39:11,233 - INFO - 该时间段的真实异常节点: {8, 9, 10, 11, 12, 13, 14, 15, 16, 17, 18, 19}
2025-04-17 09:39:11,233 - INFO - 正在计算异常分数...
2025-04-17 09:39:11,275 - INFO - 检测到的异常节点: {1, 4, 5, 6, 7, 8, 9, 10, 11, 12, 13, 14, 15, 16, 17, 18, 19}
2025-04-17 09:39:11,275 - INFO - 正在为时间段 2178-2238 生成可视化
2025-04-17 09:39:11,275 - INFO - 正在为时间段 2178-2238 生成异常图可视化
2025-04-17 09:39:11,275 - DEBUG - 创建包含 19 个节点的图结构
2025-04-17 09:39:11,276 - DEBUG - 边统计: 正常边 272 条, 异常边 0 条
2025-04-17 09:39:11,327 - DEBUG - 正在保存可视化结果到 ./visual/omi/neighbor_all/value_times_range/omi-4/seg_2_2178_2238.png
2025-04-17 09:39:11,523 - INFO - 成功保存时间段 2178-2238 的可视化结果
2025-04-17 09:39:11,523 - INFO - 
正在处理时间段 4/5: 2494-2501
2025-04-17 09:39:11,523 - INFO - 该时间段的真实异常节点: {7, 9, 10, 11, 12, 13, 14, 15, 16, 17, 18, 19}
2025-04-17 09:39:11,523 - INFO - 正在计算异常分数...
2025-04-17 09:39:11,526 - INFO - 检测到的异常节点: {6, 7, 9, 10, 11, 12, 13, 14, 15, 16, 17, 18, 19}
2025-04-17 09:39:11,526 - INFO - 正在为时间段 2494-2501 生成可视化
2025-04-17 09:39:11,526 - INFO - 正在为时间段 2494-2501 生成异常图可视化
2025-04-17 09:39:11,526 - DEBUG - 创建包含 19 个节点的图结构
2025-04-17 09:39:11,527 - DEBUG - 边统计: 正常边 218 条, 异常边 22 条
2025-04-17 09:39:11,579 - DEBUG - 正在保存可视化结果到 ./visual/omi/neighbor_all/value_times_range/omi-4/seg_3_2494_2501.png
2025-04-17 09:39:11,772 - INFO - 成功保存时间段 2494-2501 的可视化结果
2025-04-17 09:39:11,772 - INFO - 
正在处理时间段 5/5: 3425-3435
2025-04-17 09:39:11,772 - INFO - 该时间段的真实异常节点: {7, 8, 9, 10, 11, 12, 13, 14, 15, 16, 17, 18, 19}
2025-04-17 09:39:11,772 - INFO - 正在计算异常分数...
2025-04-17 09:39:11,778 - INFO - 检测到的异常节点: {5, 6, 7, 8, 9, 10, 11, 12, 13, 14, 15, 16, 17, 18, 19}
2025-04-17 09:39:11,778 - INFO - 正在为时间段 3425-3435 生成可视化
2025-04-17 09:39:11,778 - INFO - 正在为时间段 3425-3435 生成异常图可视化
2025-04-17 09:39:11,778 - DEBUG - 创建包含 19 个节点的图结构
2025-04-17 09:39:11,779 - DEBUG - 边统计: 正常边 252 条, 异常边 20 条
2025-04-17 09:39:11,831 - DEBUG - 正在保存可视化结果到 ./visual/omi/neighbor_all/value_times_range/omi-4/seg_4_3425_3435.png
2025-04-17 09:39:12,025 - INFO - 成功保存时间段 3425-3435 的可视化结果
2025-04-17 09:39:12,026 - INFO - 正在生成所有异常段的综合可视化图像: ./visual/omi/neighbor_all/value_times_range/omi-4/all_segments.png
2025-04-17 09:39:12,026 - INFO - 生成全屏优化的可视化图表
2025-04-17 09:39:12,876 - INFO - 已生成全屏优化的可视化图表: ./visual/omi/neighbor_all/value_times_range/omi-4/all_segments.png
2025-04-17 09:39:12,876 - INFO - 正在从 ./visual/omi/neighbor_all/value_times_range/omi-4 中的图像创建GIF
2025-04-17 09:39:13,371 - INFO - GIF已保存到 ./visual/omi/neighbor_all/value_times_range/omi-4/omi-4.gif
2025-04-17 09:39:13,371 - INFO - 
==================================================
2025-04-17 09:39:13,371 - INFO - 开始数据集可视化: omi-5
2025-04-17 09:39:13,371 - INFO - 使用参数: 评分模式=value_times_range, all=None, 阈值=0.0
2025-04-17 09:39:13,371 - INFO - ==================================================

2025-04-17 09:39:13,371 - INFO - 正在加载数据集 omi-5 的数据
2025-04-17 09:39:13,372 - INFO - 数据加载成功。训练集形状: (8640, 19), 测试集形状: (4320, 19)
2025-04-17 09:39:13,372 - INFO - 正在计算边缘统计量...
2025-04-17 09:39:16,301 - INFO - 已计算 153 条边的统计量
2025-04-17 09:39:16,301 - INFO - 为每个节点使用所有邻居
2025-04-17 09:39:16,301 - INFO - 可视化结果将保存到: ./visual/omi/neighbor_all/value_times_range/omi-5
2025-04-17 09:39:16,302 - INFO - 在数据集中发现 6 个异常时间段
2025-04-17 09:39:16,302 - INFO - 
正在处理时间段 1/6: 765-781
2025-04-17 09:39:16,302 - INFO - 该时间段的真实异常节点: {6, 7, 8, 9, 10, 11, 12, 13, 14, 15, 16, 17, 18, 19}
2025-04-17 09:39:16,302 - INFO - 正在计算异常分数...
2025-04-17 09:39:16,312 - INFO - 检测到的异常节点: {1, 2, 5, 6, 7, 8, 9, 10, 11, 12, 13, 14, 15, 16, 17, 18, 19}
2025-04-17 09:39:16,312 - INFO - 正在为时间段 765-781 生成可视化
2025-04-17 09:39:16,312 - INFO - 正在为时间段 765-781 生成异常图可视化
2025-04-17 09:39:16,312 - DEBUG - 创建包含 19 个节点的图结构
2025-04-17 09:39:16,313 - DEBUG - 边统计: 正常边 214 条, 异常边 92 条
2025-04-17 09:39:16,366 - DEBUG - 正在保存可视化结果到 ./visual/omi/neighbor_all/value_times_range/omi-5/seg_0_765_781.png
2025-04-17 09:39:16,575 - INFO - 成功保存时间段 765-781 的可视化结果
2025-04-17 09:39:16,575 - INFO - 
正在处理时间段 2/6: 1589-1617
2025-04-17 09:39:16,575 - INFO - 该时间段的真实异常节点: {17, 2, 4}
2025-04-17 09:39:16,575 - INFO - 正在计算异常分数...
2025-04-17 09:39:16,596 - INFO - 检测到的异常节点: {1, 2, 4, 5, 6, 7, 8, 9, 10, 11, 12, 13, 14, 15, 16, 17, 18, 19}
2025-04-17 09:39:16,596 - INFO - 正在为时间段 1589-1617 生成可视化
2025-04-17 09:39:16,596 - INFO - 正在为时间段 1589-1617 生成异常图可视化
2025-04-17 09:39:16,596 - DEBUG - 创建包含 19 个节点的图结构
2025-04-17 09:39:16,597 - DEBUG - 边统计: 正常边 270 条, 异常边 36 条
2025-04-17 09:39:16,648 - DEBUG - 正在保存可视化结果到 ./visual/omi/neighbor_all/value_times_range/omi-5/seg_1_1589_1617.png
2025-04-17 09:39:16,855 - INFO - 成功保存时间段 1589-1617 的可视化结果
2025-04-17 09:39:16,855 - INFO - 
正在处理时间段 3/6: 2440-2446
2025-04-17 09:39:16,855 - INFO - 该时间段的真实异常节点: {8, 11, 12, 13, 14, 15, 16, 17, 18, 19}
2025-04-17 09:39:16,855 - INFO - 正在计算异常分数...
2025-04-17 09:39:16,858 - INFO - 检测到的异常节点: {1, 4, 5, 6, 7, 8, 9, 10, 11, 12, 13, 14, 15, 16, 17, 18, 19}
2025-04-17 09:39:16,858 - INFO - 正在为时间段 2440-2446 生成可视化
2025-04-17 09:39:16,858 - INFO - 正在为时间段 2440-2446 生成异常图可视化
2025-04-17 09:39:16,859 - DEBUG - 创建包含 19 个节点的图结构
2025-04-17 09:39:16,860 - DEBUG - 边统计: 正常边 246 条, 异常边 60 条
2025-04-17 09:39:16,909 - DEBUG - 正在保存可视化结果到 ./visual/omi/neighbor_all/value_times_range/omi-5/seg_2_2440_2446.png
2025-04-17 09:39:17,116 - INFO - 成功保存时间段 2440-2446 的可视化结果
2025-04-17 09:39:17,116 - INFO - 
正在处理时间段 4/6: 3356-3363
2025-04-17 09:39:17,116 - INFO - 该时间段的真实异常节点: {17, 5, 6}
2025-04-17 09:39:17,116 - INFO - 正在计算异常分数...
2025-04-17 09:39:17,120 - INFO - 检测到的异常节点: {1, 4, 5, 6, 7, 8, 9, 10, 11, 12, 13, 14, 15, 16, 17, 18, 19}
2025-04-17 09:39:17,120 - INFO - 正在为时间段 3356-3363 生成可视化
2025-04-17 09:39:17,120 - INFO - 正在为时间段 3356-3363 生成异常图可视化
2025-04-17 09:39:17,120 - DEBUG - 创建包含 19 个节点的图结构
2025-04-17 09:39:17,121 - DEBUG - 边统计: 正常边 260 条, 异常边 46 条
2025-04-17 09:39:17,171 - DEBUG - 正在保存可视化结果到 ./visual/omi/neighbor_all/value_times_range/omi-5/seg_3_3356_3363.png
2025-04-17 09:39:17,377 - INFO - 成功保存时间段 3356-3363 的可视化结果
2025-04-17 09:39:17,377 - INFO - 
正在处理时间段 5/6: 3416-3423
2025-04-17 09:39:17,377 - INFO - 该时间段的真实异常节点: {4, 5, 7, 9, 10, 11, 12, 13, 14, 15, 16, 17, 18, 19}
2025-04-17 09:39:17,377 - INFO - 正在计算异常分数...
2025-04-17 09:39:17,380 - INFO - 检测到的异常节点: {1, 4, 5, 6, 7, 8, 9, 10, 11, 12, 13, 14, 15, 16, 17, 18, 19}
2025-04-17 09:39:17,381 - INFO - 正在为时间段 3416-3423 生成可视化
2025-04-17 09:39:17,381 - INFO - 正在为时间段 3416-3423 生成异常图可视化
2025-04-17 09:39:17,381 - DEBUG - 创建包含 19 个节点的图结构
2025-04-17 09:39:17,382 - DEBUG - 边统计: 正常边 294 条, 异常边 12 条
2025-04-17 09:39:17,432 - DEBUG - 正在保存可视化结果到 ./visual/omi/neighbor_all/value_times_range/omi-5/seg_4_3416_3423.png
2025-04-17 09:39:17,636 - INFO - 成功保存时间段 3416-3423 的可视化结果
2025-04-17 09:39:17,636 - INFO - 
正在处理时间段 6/6: 3590-3594
2025-04-17 09:39:17,637 - INFO - 该时间段的真实异常节点: {1, 8, 17, 18, 19}
2025-04-17 09:39:17,637 - INFO - 正在计算异常分数...
2025-04-17 09:39:17,638 - INFO - 检测到的异常节点: {1, 4, 5, 6, 7, 8, 9, 10, 11, 12, 13, 14, 15, 16, 17, 18, 19}
2025-04-17 09:39:17,638 - INFO - 正在为时间段 3590-3594 生成可视化
2025-04-17 09:39:17,638 - INFO - 正在为时间段 3590-3594 生成异常图可视化
2025-04-17 09:39:17,638 - DEBUG - 创建包含 19 个节点的图结构
2025-04-17 09:39:17,639 - DEBUG - 边统计: 正常边 232 条, 异常边 74 条
2025-04-17 09:39:17,690 - DEBUG - 正在保存可视化结果到 ./visual/omi/neighbor_all/value_times_range/omi-5/seg_5_3590_3594.png
2025-04-17 09:39:17,897 - INFO - 成功保存时间段 3590-3594 的可视化结果
2025-04-17 09:39:17,897 - INFO - 正在生成所有异常段的综合可视化图像: ./visual/omi/neighbor_all/value_times_range/omi-5/all_segments.png
2025-04-17 09:39:17,897 - INFO - 生成全屏优化的可视化图表
2025-04-17 09:39:18,859 - INFO - 已生成全屏优化的可视化图表: ./visual/omi/neighbor_all/value_times_range/omi-5/all_segments.png
2025-04-17 09:39:18,859 - INFO - 正在从 ./visual/omi/neighbor_all/value_times_range/omi-5 中的图像创建GIF
2025-04-17 09:39:19,425 - INFO - GIF已保存到 ./visual/omi/neighbor_all/value_times_range/omi-5/omi-5.gif
2025-04-17 09:39:19,426 - INFO - 
==================================================
2025-04-17 09:39:19,427 - INFO - 开始数据集可视化: omi-6
2025-04-17 09:39:19,427 - INFO - 使用参数: 评分模式=value_times_range, all=None, 阈值=5.5
2025-04-17 09:39:19,427 - INFO - ==================================================

2025-04-17 09:39:19,427 - INFO - 正在加载数据集 omi-6 的数据
2025-04-17 09:39:19,428 - INFO - 数据加载成功。训练集形状: (8640, 19), 测试集形状: (4320, 19)
2025-04-17 09:39:19,428 - INFO - 正在计算边缘统计量...
2025-04-17 09:39:22,176 - INFO - 已计算 153 条边的统计量
2025-04-17 09:39:22,176 - INFO - 为每个节点使用所有邻居
2025-04-17 09:39:22,176 - INFO - 可视化结果将保存到: ./visual/omi/neighbor_all/value_times_range/omi-6
2025-04-17 09:39:22,177 - INFO - 在数据集中发现 10 个异常时间段
2025-04-17 09:39:22,177 - INFO - 
正在处理时间段 1/10: 357-392
2025-04-17 09:39:22,177 - INFO - 该时间段的真实异常节点: {19, 4}
2025-04-17 09:39:22,177 - INFO - 正在计算异常分数...
2025-04-17 09:39:22,201 - INFO - 检测到的异常节点: {1, 4, 5, 6, 7, 8, 9, 10, 11, 12, 13, 14, 15, 16, 17, 18, 19}
2025-04-17 09:39:22,201 - INFO - 正在为时间段 357-392 生成可视化
2025-04-17 09:39:22,201 - INFO - 正在为时间段 357-392 生成异常图可视化
2025-04-17 09:39:22,201 - DEBUG - 创建包含 19 个节点的图结构
2025-04-17 09:39:22,202 - DEBUG - 边统计: 正常边 254 条, 异常边 18 条
2025-04-17 09:39:22,259 - DEBUG - 正在保存可视化结果到 ./visual/omi/neighbor_all/value_times_range/omi-6/seg_0_357_392.png
2025-04-17 09:39:22,456 - INFO - 成功保存时间段 357-392 的可视化结果
2025-04-17 09:39:22,456 - INFO - 
正在处理时间段 2/10: 750-788
2025-04-17 09:39:22,456 - INFO - 该时间段的真实异常节点: {2, 6, 7, 8, 9, 10, 11, 12, 13, 14, 15, 16, 17, 18, 19}
2025-04-17 09:39:22,456 - INFO - 正在计算异常分数...
2025-04-17 09:39:22,484 - INFO - 检测到的异常节点: {1, 4, 5, 6, 7, 8, 9, 10, 11, 12, 13, 14, 15, 16, 17, 18, 19}
2025-04-17 09:39:22,484 - INFO - 正在为时间段 750-788 生成可视化
2025-04-17 09:39:22,484 - INFO - 正在为时间段 750-788 生成异常图可视化
2025-04-17 09:39:22,484 - DEBUG - 创建包含 19 个节点的图结构
2025-04-17 09:39:22,485 - DEBUG - 边统计: 正常边 184 条, 异常边 88 条
2025-04-17 09:39:22,537 - DEBUG - 正在保存可视化结果到 ./visual/omi/neighbor_all/value_times_range/omi-6/seg_1_750_788.png
2025-04-17 09:39:22,736 - INFO - 成功保存时间段 750-788 的可视化结果
2025-04-17 09:39:22,736 - INFO - 
正在处理时间段 3/10: 1278-1293
2025-04-17 09:39:22,736 - INFO - 该时间段的真实异常节点: {4, 5, 6, 8, 17}
2025-04-17 09:39:22,736 - INFO - 正在计算异常分数...
2025-04-17 09:39:22,745 - INFO - 检测到的异常节点: {1, 4, 5, 6, 7, 8, 9, 10, 11, 12, 13, 14, 15, 16, 17, 18, 19}
2025-04-17 09:39:22,745 - INFO - 正在为时间段 1278-1293 生成可视化
2025-04-17 09:39:22,745 - INFO - 正在为时间段 1278-1293 生成异常图可视化
2025-04-17 09:39:22,746 - DEBUG - 创建包含 19 个节点的图结构
2025-04-17 09:39:22,747 - DEBUG - 边统计: 正常边 270 条, 异常边 2 条
2025-04-17 09:39:22,798 - DEBUG - 正在保存可视化结果到 ./visual/omi/neighbor_all/value_times_range/omi-6/seg_2_1278_1293.png
2025-04-17 09:39:22,995 - INFO - 成功保存时间段 1278-1293 的可视化结果
2025-04-17 09:39:22,996 - INFO - 
正在处理时间段 4/10: 1590-1615
2025-04-17 09:39:22,996 - INFO - 该时间段的真实异常节点: {1, 18, 9}
2025-04-17 09:39:22,996 - INFO - 正在计算异常分数...
2025-04-17 09:39:23,013 - INFO - 检测到的异常节点: {1, 4, 5, 6, 7, 8, 9, 10, 11, 12, 13, 14, 15, 16, 17, 18, 19}
2025-04-17 09:39:23,013 - INFO - 正在为时间段 1590-1615 生成可视化
2025-04-17 09:39:23,013 - INFO - 正在为时间段 1590-1615 生成异常图可视化
2025-04-17 09:39:23,013 - DEBUG - 创建包含 19 个节点的图结构
2025-04-17 09:39:23,014 - DEBUG - 边统计: 正常边 272 条, 异常边 0 条
2025-04-17 09:39:23,067 - DEBUG - 正在保存可视化结果到 ./visual/omi/neighbor_all/value_times_range/omi-6/seg_3_1590_1615.png
2025-04-17 09:39:23,264 - INFO - 成功保存时间段 1590-1615 的可视化结果
2025-04-17 09:39:23,264 - INFO - 
正在处理时间段 5/10: 2592-2604
2025-04-17 09:39:23,264 - INFO - 该时间段的真实异常节点: {9, 4, 6}
2025-04-17 09:39:23,264 - INFO - 正在计算异常分数...
2025-04-17 09:39:23,271 - INFO - 检测到的异常节点: {4, 5, 6, 7, 8, 9, 10, 11, 12, 13, 14, 15, 16, 17, 18, 19}
2025-04-17 09:39:23,272 - INFO - 正在为时间段 2592-2604 生成可视化
2025-04-17 09:39:23,272 - INFO - 正在为时间段 2592-2604 生成异常图可视化
2025-04-17 09:39:23,272 - DEBUG - 创建包含 19 个节点的图结构
2025-04-17 09:39:23,273 - DEBUG - 边统计: 正常边 236 条, 异常边 4 条
2025-04-17 09:39:23,326 - DEBUG - 正在保存可视化结果到 ./visual/omi/neighbor_all/value_times_range/omi-6/seg_4_2592_2604.png
2025-04-17 09:39:23,520 - INFO - 成功保存时间段 2592-2604 的可视化结果
2025-04-17 09:39:23,520 - INFO - 
正在处理时间段 6/10: 2734-2765
2025-04-17 09:39:23,520 - INFO - 该时间段的真实异常节点: {8, 19, 4, 6}
2025-04-17 09:39:23,520 - INFO - 正在计算异常分数...
2025-04-17 09:39:23,542 - INFO - 检测到的异常节点: {1, 4, 5, 6, 7, 8, 9, 10, 11, 12, 13, 14, 15, 16, 17, 18, 19}
2025-04-17 09:39:23,542 - INFO - 正在为时间段 2734-2765 生成可视化
2025-04-17 09:39:23,542 - INFO - 正在为时间段 2734-2765 生成异常图可视化
2025-04-17 09:39:23,542 - DEBUG - 创建包含 19 个节点的图结构
2025-04-17 09:39:23,543 - DEBUG - 边统计: 正常边 270 条, 异常边 2 条
2025-04-17 09:39:23,594 - DEBUG - 正在保存可视化结果到 ./visual/omi/neighbor_all/value_times_range/omi-6/seg_5_2734_2765.png
2025-04-17 09:39:23,789 - INFO - 成功保存时间段 2734-2765 的可视化结果
2025-04-17 09:39:23,789 - INFO - 
正在处理时间段 7/10: 3066-3072
2025-04-17 09:39:23,789 - INFO - 该时间段的真实异常节点: {19, 4, 6}
2025-04-17 09:39:23,789 - INFO - 正在计算异常分数...
2025-04-17 09:39:23,791 - INFO - 检测到的异常节点: {4, 5, 6, 7, 8, 10, 11, 12, 13, 14, 15, 16, 17, 18, 19}
2025-04-17 09:39:23,791 - INFO - 正在为时间段 3066-3072 生成可视化
2025-04-17 09:39:23,792 - INFO - 正在为时间段 3066-3072 生成异常图可视化
2025-04-17 09:39:23,792 - DEBUG - 创建包含 19 个节点的图结构
2025-04-17 09:39:23,793 - DEBUG - 边统计: 正常边 230 条, 异常边 42 条
2025-04-17 09:39:23,844 - DEBUG - 正在保存可视化结果到 ./visual/omi/neighbor_all/value_times_range/omi-6/seg_6_3066_3072.png
2025-04-17 09:39:24,041 - INFO - 成功保存时间段 3066-3072 的可视化结果
2025-04-17 09:39:24,041 - INFO - 
正在处理时间段 8/10: 3596-3605
2025-04-17 09:39:24,041 - INFO - 该时间段的真实异常节点: {19, 4, 5, 6}
2025-04-17 09:39:24,041 - INFO - 正在计算异常分数...
2025-04-17 09:39:24,046 - INFO - 检测到的异常节点: {1, 4, 5, 6, 7, 8, 9, 10, 11, 12, 13, 14, 15, 16, 17, 18, 19}
2025-04-17 09:39:24,046 - INFO - 正在为时间段 3596-3605 生成可视化
2025-04-17 09:39:24,046 - INFO - 正在为时间段 3596-3605 生成异常图可视化
2025-04-17 09:39:24,046 - DEBUG - 创建包含 19 个节点的图结构
2025-04-17 09:39:24,047 - DEBUG - 边统计: 正常边 272 条, 异常边 0 条
2025-04-17 09:39:24,098 - DEBUG - 正在保存可视化结果到 ./visual/omi/neighbor_all/value_times_range/omi-6/seg_7_3596_3605.png
2025-04-17 09:39:24,295 - INFO - 成功保存时间段 3596-3605 的可视化结果
2025-04-17 09:39:24,295 - INFO - 
正在处理时间段 9/10: 3610-3622
2025-04-17 09:39:24,295 - INFO - 该时间段的真实异常节点: {1, 4, 5}
2025-04-17 09:39:24,295 - INFO - 正在计算异常分数...
2025-04-17 09:39:24,302 - INFO - 检测到的异常节点: {1, 4, 5, 6, 7, 8, 9, 10, 11, 12, 13, 14, 15, 16, 17, 18, 19}
2025-04-17 09:39:24,302 - INFO - 正在为时间段 3610-3622 生成可视化
2025-04-17 09:39:24,302 - INFO - 正在为时间段 3610-3622 生成异常图可视化
2025-04-17 09:39:24,302 - DEBUG - 创建包含 19 个节点的图结构
2025-04-17 09:39:24,303 - DEBUG - 边统计: 正常边 272 条, 异常边 0 条
2025-04-17 09:39:24,354 - DEBUG - 正在保存可视化结果到 ./visual/omi/neighbor_all/value_times_range/omi-6/seg_8_3610_3622.png
2025-04-17 09:39:24,550 - INFO - 成功保存时间段 3610-3622 的可视化结果
2025-04-17 09:39:24,550 - INFO - 
正在处理时间段 10/10: 4159-4164
2025-04-17 09:39:24,550 - INFO - 该时间段的真实异常节点: {4, 5}
2025-04-17 09:39:24,550 - INFO - 正在计算异常分数...
2025-04-17 09:39:24,552 - INFO - 检测到的异常节点: {4, 5, 6, 8, 9, 10, 13, 14, 15, 17, 18}
2025-04-17 09:39:24,552 - INFO - 正在为时间段 4159-4164 生成可视化
2025-04-17 09:39:24,552 - INFO - 正在为时间段 4159-4164 生成异常图可视化
2025-04-17 09:39:24,552 - DEBUG - 创建包含 19 个节点的图结构
2025-04-17 09:39:24,553 - DEBUG - 边统计: 正常边 248 条, 异常边 24 条
2025-04-17 09:39:24,699 - DEBUG - 正在保存可视化结果到 ./visual/omi/neighbor_all/value_times_range/omi-6/seg_9_4159_4164.png
2025-04-17 09:39:24,897 - INFO - 成功保存时间段 4159-4164 的可视化结果
2025-04-17 09:39:24,897 - INFO - 正在生成所有异常段的综合可视化图像: ./visual/omi/neighbor_all/value_times_range/omi-6/all_segments.png
2025-04-17 09:39:24,897 - INFO - 生成全屏优化的可视化图表
2025-04-17 09:39:26,069 - INFO - 已生成全屏优化的可视化图表: ./visual/omi/neighbor_all/value_times_range/omi-6/all_segments.png
2025-04-17 09:39:26,070 - INFO - 正在从 ./visual/omi/neighbor_all/value_times_range/omi-6 中的图像创建GIF
2025-04-17 09:39:26,869 - INFO - GIF已保存到 ./visual/omi/neighbor_all/value_times_range/omi-6/omi-6.gif
2025-04-17 09:39:26,870 - INFO - 
==================================================
2025-04-17 09:39:26,870 - INFO - 开始数据集可视化: omi-7
2025-04-17 09:39:26,870 - INFO - 使用参数: 评分模式=value_times_range, all=None, 阈值=2.0
2025-04-17 09:39:26,870 - INFO - ==================================================

2025-04-17 09:39:26,870 - INFO - 正在加载数据集 omi-7 的数据
2025-04-17 09:39:26,871 - INFO - 数据加载成功。训练集形状: (8640, 19), 测试集形状: (4320, 19)
2025-04-17 09:39:26,871 - INFO - 正在计算边缘统计量...
2025-04-17 09:39:29,518 - INFO - 已计算 136 条边的统计量
2025-04-17 09:39:29,518 - INFO - 为每个节点使用所有邻居
2025-04-17 09:39:29,518 - INFO - 可视化结果将保存到: ./visual/omi/neighbor_all/value_times_range/omi-7
2025-04-17 09:39:29,519 - INFO - 在数据集中发现 3 个异常时间段
2025-04-17 09:39:29,519 - INFO - 
正在处理时间段 1/3: 738-778
2025-04-17 09:39:29,519 - INFO - 该时间段的真实异常节点: {1, 2, 4, 6, 7, 8, 9, 10, 11, 12, 13, 14, 15, 16, 17, 18, 19}
2025-04-17 09:39:29,519 - INFO - 正在计算异常分数...
2025-04-17 09:39:29,546 - INFO - 检测到的异常节点: {1, 4, 5, 6, 7, 8, 9, 10, 11, 12, 13, 14, 15, 16, 17, 18, 19}
2025-04-17 09:39:29,546 - INFO - 正在为时间段 738-778 生成可视化
2025-04-17 09:39:29,546 - INFO - 正在为时间段 738-778 生成异常图可视化
2025-04-17 09:39:29,546 - DEBUG - 创建包含 19 个节点的图结构
2025-04-17 09:39:29,547 - DEBUG - 边统计: 正常边 166 条, 异常边 106 条
2025-04-17 09:39:29,602 - DEBUG - 正在保存可视化结果到 ./visual/omi/neighbor_all/value_times_range/omi-7/seg_0_738_778.png
2025-04-17 09:39:29,806 - INFO - 成功保存时间段 738-778 的可视化结果
2025-04-17 09:39:29,806 - INFO - 
正在处理时间段 2/3: 1625-1660
2025-04-17 09:39:29,806 - INFO - 该时间段的真实异常节点: {7, 10, 11, 12, 13, 14, 15, 16, 17, 18, 19}
2025-04-17 09:39:29,806 - INFO - 正在计算异常分数...
2025-04-17 09:39:29,830 - INFO - 检测到的异常节点: {5, 7, 8, 9, 10, 11, 12, 13, 14, 15, 16, 17, 18, 19}
2025-04-17 09:39:29,830 - INFO - 正在为时间段 1625-1660 生成可视化
2025-04-17 09:39:29,830 - INFO - 正在为时间段 1625-1660 生成异常图可视化
2025-04-17 09:39:29,831 - DEBUG - 创建包含 19 个节点的图结构
2025-04-17 09:39:29,831 - DEBUG - 边统计: 正常边 130 条, 异常边 52 条
2025-04-17 09:39:29,953 - DEBUG - 正在保存可视化结果到 ./visual/omi/neighbor_all/value_times_range/omi-7/seg_1_1625_1660.png
2025-04-17 09:39:30,154 - INFO - 成功保存时间段 1625-1660 的可视化结果
2025-04-17 09:39:30,154 - INFO - 
正在处理时间段 3/3: 3311-3320
2025-04-17 09:39:30,155 - INFO - 该时间段的真实异常节点: {7, 10, 11, 12, 13, 14, 15, 16, 17, 18, 19}
2025-04-17 09:39:30,155 - INFO - 正在计算异常分数...
2025-04-17 09:39:30,159 - INFO - 检测到的异常节点: {7, 10, 11, 12, 13, 14, 15, 16, 17, 18, 19}
2025-04-17 09:39:30,159 - INFO - 正在为时间段 3311-3320 生成可视化
2025-04-17 09:39:30,159 - INFO - 正在为时间段 3311-3320 生成异常图可视化
2025-04-17 09:39:30,160 - DEBUG - 创建包含 19 个节点的图结构
2025-04-17 09:39:30,161 - DEBUG - 边统计: 正常边 188 条, 异常边 22 条
2025-04-17 09:39:30,212 - DEBUG - 正在保存可视化结果到 ./visual/omi/neighbor_all/value_times_range/omi-7/seg_2_3311_3320.png
2025-04-17 09:39:30,414 - INFO - 成功保存时间段 3311-3320 的可视化结果
2025-04-17 09:39:30,414 - INFO - 正在生成所有异常段的综合可视化图像: ./visual/omi/neighbor_all/value_times_range/omi-7/all_segments.png
2025-04-17 09:39:30,414 - INFO - 生成全屏优化的可视化图表
2025-04-17 09:39:31,009 - INFO - 已生成全屏优化的可视化图表: ./visual/omi/neighbor_all/value_times_range/omi-7/all_segments.png
2025-04-17 09:39:31,009 - INFO - 正在从 ./visual/omi/neighbor_all/value_times_range/omi-7 中的图像创建GIF
2025-04-17 09:39:31,390 - INFO - GIF已保存到 ./visual/omi/neighbor_all/value_times_range/omi-7/omi-7.gif
2025-04-17 09:39:31,391 - INFO - 
==================================================
2025-04-17 09:39:31,391 - INFO - 开始数据集可视化: omi-8
2025-04-17 09:39:31,391 - INFO - 使用参数: 评分模式=value_times_range, all=None, 阈值=7.0
2025-04-17 09:39:31,391 - INFO - ==================================================

2025-04-17 09:39:31,391 - INFO - 正在加载数据集 omi-8 的数据
2025-04-17 09:39:31,392 - INFO - 数据加载成功。训练集形状: (8640, 19), 测试集形状: (4320, 19)
2025-04-17 09:39:31,392 - INFO - 正在计算边缘统计量...
2025-04-17 09:39:34,015 - INFO - 已计算 136 条边的统计量
2025-04-17 09:39:34,015 - INFO - 为每个节点使用所有邻居
2025-04-17 09:39:34,015 - INFO - 可视化结果将保存到: ./visual/omi/neighbor_all/value_times_range/omi-8
2025-04-17 09:39:34,016 - INFO - 在数据集中发现 5 个异常时间段
2025-04-17 09:39:34,016 - INFO - 
正在处理时间段 1/5: 740-753
2025-04-17 09:39:34,016 - INFO - 该时间段的真实异常节点: {2, 4}
2025-04-17 09:39:34,016 - INFO - 正在计算异常分数...
2025-04-17 09:39:34,024 - INFO - 检测到的异常节点: {1, 4, 6, 7, 8, 9, 10, 11, 12, 13, 14, 15, 17, 18, 19}
2025-04-17 09:39:34,024 - INFO - 正在为时间段 740-753 生成可视化
2025-04-17 09:39:34,024 - INFO - 正在为时间段 740-753 生成异常图可视化
2025-04-17 09:39:34,024 - DEBUG - 创建包含 19 个节点的图结构
2025-04-17 09:39:34,025 - DEBUG - 边统计: 正常边 238 条, 异常边 2 条
2025-04-17 09:39:34,079 - DEBUG - 正在保存可视化结果到 ./visual/omi/neighbor_all/value_times_range/omi-8/seg_0_740_753.png
2025-04-17 09:39:34,280 - INFO - 成功保存时间段 740-753 的可视化结果
2025-04-17 09:39:34,280 - INFO - 
正在处理时间段 2/5: 764-780
2025-04-17 09:39:34,280 - INFO - 该时间段的真实异常节点: {6, 7, 8, 9, 10, 11, 12, 13, 14, 15, 16, 17, 18, 19}
2025-04-17 09:39:34,280 - INFO - 正在计算异常分数...
2025-04-17 09:39:34,289 - INFO - 检测到的异常节点: {1, 6, 7, 8, 9, 10, 11, 12, 13, 14, 15, 16, 17, 18, 19}
2025-04-17 09:39:34,289 - INFO - 正在为时间段 764-780 生成可视化
2025-04-17 09:39:34,290 - INFO - 正在为时间段 764-780 生成异常图可视化
2025-04-17 09:39:34,290 - DEBUG - 创建包含 19 个节点的图结构
2025-04-17 09:39:34,291 - DEBUG - 边统计: 正常边 146 条, 异常边 64 条
2025-04-17 09:39:34,344 - DEBUG - 正在保存可视化结果到 ./visual/omi/neighbor_all/value_times_range/omi-8/seg_1_764_780.png
2025-04-17 09:39:34,544 - INFO - 成功保存时间段 764-780 的可视化结果
2025-04-17 09:39:34,544 - INFO - 
正在处理时间段 3/5: 2319-2325
2025-04-17 09:39:34,544 - INFO - 该时间段的真实异常节点: {4, 5, 6}
2025-04-17 09:39:34,544 - INFO - 正在计算异常分数...
2025-04-17 09:39:34,547 - INFO - 检测到的异常节点: {4, 5, 6, 7, 8, 9, 10, 11, 12, 13, 14, 15, 16, 17, 18, 19}
2025-04-17 09:39:34,547 - INFO - 正在为时间段 2319-2325 生成可视化
2025-04-17 09:39:34,547 - INFO - 正在为时间段 2319-2325 生成异常图可视化
2025-04-17 09:39:34,547 - DEBUG - 创建包含 19 个节点的图结构
2025-04-17 09:39:34,548 - DEBUG - 边统计: 正常边 228 条, 异常边 44 条
2025-04-17 09:39:34,601 - DEBUG - 正在保存可视化结果到 ./visual/omi/neighbor_all/value_times_range/omi-8/seg_2_2319_2325.png
2025-04-17 09:39:34,801 - INFO - 成功保存时间段 2319-2325 的可视化结果
2025-04-17 09:39:34,801 - INFO - 
正在处理时间段 4/5: 2586-2675
2025-04-17 09:39:34,801 - INFO - 该时间段的真实异常节点: {5, 6, 8, 17, 18, 19}
2025-04-17 09:39:34,801 - INFO - 正在计算异常分数...
2025-04-17 09:39:34,869 - INFO - 检测到的异常节点: {1, 4, 5, 6, 7, 8, 9, 10, 11, 12, 13, 14, 15, 16, 17, 18, 19}
2025-04-17 09:39:34,869 - INFO - 正在为时间段 2586-2675 生成可视化
2025-04-17 09:39:34,869 - INFO - 正在为时间段 2586-2675 生成异常图可视化
2025-04-17 09:39:34,869 - DEBUG - 创建包含 19 个节点的图结构
2025-04-17 09:39:34,870 - DEBUG - 边统计: 正常边 260 条, 异常边 12 条
2025-04-17 09:39:34,922 - DEBUG - 正在保存可视化结果到 ./visual/omi/neighbor_all/value_times_range/omi-8/seg_3_2586_2675.png
2025-04-17 09:39:35,123 - INFO - 成功保存时间段 2586-2675 的可视化结果
2025-04-17 09:39:35,123 - INFO - 
正在处理时间段 5/5: 2897-2956
2025-04-17 09:39:35,123 - INFO - 该时间段的真实异常节点: {2, 6, 8, 17, 18, 19}
2025-04-17 09:39:35,123 - INFO - 正在计算异常分数...
2025-04-17 09:39:35,166 - INFO - 检测到的异常节点: {1, 4, 5, 6, 7, 8, 9, 10, 11, 12, 13, 14, 15, 16, 17, 18, 19}
2025-04-17 09:39:35,167 - INFO - 正在为时间段 2897-2956 生成可视化
2025-04-17 09:39:35,167 - INFO - 正在为时间段 2897-2956 生成异常图可视化
2025-04-17 09:39:35,167 - DEBUG - 创建包含 19 个节点的图结构
2025-04-17 09:39:35,168 - DEBUG - 边统计: 正常边 230 条, 异常边 42 条
2025-04-17 09:39:35,220 - DEBUG - 正在保存可视化结果到 ./visual/omi/neighbor_all/value_times_range/omi-8/seg_4_2897_2956.png
2025-04-17 09:39:35,421 - INFO - 成功保存时间段 2897-2956 的可视化结果
2025-04-17 09:39:35,421 - INFO - 正在生成所有异常段的综合可视化图像: ./visual/omi/neighbor_all/value_times_range/omi-8/all_segments.png
2025-04-17 09:39:35,421 - INFO - 生成全屏优化的可视化图表
2025-04-17 09:39:36,285 - INFO - 已生成全屏优化的可视化图表: ./visual/omi/neighbor_all/value_times_range/omi-8/all_segments.png
2025-04-17 09:39:36,285 - INFO - 正在从 ./visual/omi/neighbor_all/value_times_range/omi-8 中的图像创建GIF
2025-04-17 09:39:36,793 - INFO - GIF已保存到 ./visual/omi/neighbor_all/value_times_range/omi-8/omi-8.gif
2025-04-17 09:39:36,793 - INFO - 
==================================================
2025-04-17 09:39:36,793 - INFO - 开始数据集可视化: omi-9
2025-04-17 09:39:36,794 - INFO - 使用参数: 评分模式=value_times_range, all=None, 阈值=6.5
2025-04-17 09:39:36,794 - INFO - ==================================================

2025-04-17 09:39:36,794 - INFO - 正在加载数据集 omi-9 的数据
2025-04-17 09:39:36,794 - INFO - 数据加载成功。训练集形状: (8640, 19), 测试集形状: (4320, 19)
2025-04-17 09:39:36,794 - INFO - 正在计算边缘统计量...
2025-04-17 09:39:39,362 - INFO - 已计算 136 条边的统计量
2025-04-17 09:39:39,362 - INFO - 为每个节点使用所有邻居
2025-04-17 09:39:39,362 - INFO - 可视化结果将保存到: ./visual/omi/neighbor_all/value_times_range/omi-9
2025-04-17 09:39:39,363 - INFO - 在数据集中发现 8 个异常时间段
2025-04-17 09:39:39,363 - INFO - 
正在处理时间段 1/8: 738-756
2025-04-17 09:39:39,363 - INFO - 该时间段的真实异常节点: {2, 9, 10, 11, 12, 13, 14, 15, 16, 17, 18, 19}
2025-04-17 09:39:39,363 - INFO - 正在计算异常分数...
2025-04-17 09:39:39,374 - INFO - 检测到的异常节点: {1, 7, 8, 9, 10, 11, 12, 13, 14, 15, 16, 17, 18, 19}
2025-04-17 09:39:39,374 - INFO - 正在为时间段 738-756 生成可视化
2025-04-17 09:39:39,374 - INFO - 正在为时间段 738-756 生成异常图可视化
2025-04-17 09:39:39,374 - DEBUG - 创建包含 19 个节点的图结构
2025-04-17 09:39:39,375 - DEBUG - 边统计: 正常边 158 条, 异常边 24 条
2025-04-17 09:39:39,428 - DEBUG - 正在保存可视化结果到 ./visual/omi/neighbor_all/value_times_range/omi-9/seg_0_738_756.png
2025-04-17 09:39:39,629 - INFO - 成功保存时间段 738-756 的可视化结果
2025-04-17 09:39:39,629 - INFO - 
正在处理时间段 2/8: 763-780
2025-04-17 09:39:39,630 - INFO - 该时间段的真实异常节点: {1, 6, 7, 8, 9, 10, 11, 12, 13, 14, 15, 16, 17, 18, 19}
2025-04-17 09:39:39,630 - INFO - 正在计算异常分数...
2025-04-17 09:39:39,640 - INFO - 检测到的异常节点: {1, 6, 7, 8, 9, 10, 11, 12, 13, 14, 15, 16, 17, 18, 19}
2025-04-17 09:39:39,640 - INFO - 正在为时间段 763-780 生成可视化
2025-04-17 09:39:39,640 - INFO - 正在为时间段 763-780 生成异常图可视化
2025-04-17 09:39:39,640 - DEBUG - 创建包含 19 个节点的图结构
2025-04-17 09:39:39,641 - DEBUG - 边统计: 正常边 118 条, 异常边 92 条
2025-04-17 09:39:39,694 - DEBUG - 正在保存可视化结果到 ./visual/omi/neighbor_all/value_times_range/omi-9/seg_1_763_780.png
2025-04-17 09:39:39,895 - INFO - 成功保存时间段 763-780 的可视化结果
2025-04-17 09:39:39,895 - INFO - 
正在处理时间段 3/8: 2514-2524
2025-04-17 09:39:39,896 - INFO - 该时间段的真实异常节点: {1, 4, 5, 7, 8, 9, 17, 18}
2025-04-17 09:39:39,896 - INFO - 正在计算异常分数...
2025-04-17 09:39:39,902 - INFO - 检测到的异常节点: {1, 4, 5, 6, 7, 8, 9, 10, 11, 12, 13, 14, 15, 16, 17, 18, 19}
2025-04-17 09:39:39,902 - INFO - 正在为时间段 2514-2524 生成可视化
2025-04-17 09:39:39,902 - INFO - 正在为时间段 2514-2524 生成异常图可视化
2025-04-17 09:39:39,902 - DEBUG - 创建包含 19 个节点的图结构
2025-04-17 09:39:39,903 - DEBUG - 边统计: 正常边 210 条, 异常边 62 条
2025-04-17 09:39:39,955 - DEBUG - 正在保存可视化结果到 ./visual/omi/neighbor_all/value_times_range/omi-9/seg_2_2514_2524.png
2025-04-17 09:39:40,155 - INFO - 成功保存时间段 2514-2524 的可视化结果
2025-04-17 09:39:40,155 - INFO - 
正在处理时间段 4/8: 2603-2668
2025-04-17 09:39:40,155 - INFO - 该时间段的真实异常节点: {1, 2, 5, 6, 8, 17, 18, 19}
2025-04-17 09:39:40,155 - INFO - 正在计算异常分数...
2025-04-17 09:39:40,202 - INFO - 检测到的异常节点: {1, 4, 5, 6, 7, 8, 9, 10, 11, 12, 13, 14, 15, 16, 17, 18, 19}
2025-04-17 09:39:40,202 - INFO - 正在为时间段 2603-2668 生成可视化
2025-04-17 09:39:40,202 - INFO - 正在为时间段 2603-2668 生成异常图可视化
2025-04-17 09:39:40,202 - DEBUG - 创建包含 19 个节点的图结构
2025-04-17 09:39:40,203 - DEBUG - 边统计: 正常边 212 条, 异常边 60 条
2025-04-17 09:39:40,256 - DEBUG - 正在保存可视化结果到 ./visual/omi/neighbor_all/value_times_range/omi-9/seg_3_2603_2668.png
2025-04-17 09:39:40,457 - INFO - 成功保存时间段 2603-2668 的可视化结果
2025-04-17 09:39:40,457 - INFO - 
正在处理时间段 5/8: 2918-2958
2025-04-17 09:39:40,457 - INFO - 该时间段的真实异常节点: {1, 2, 5, 6, 8, 17, 18, 19}
2025-04-17 09:39:40,457 - INFO - 正在计算异常分数...
2025-04-17 09:39:40,484 - INFO - 检测到的异常节点: {1, 4, 5, 6, 7, 8, 9, 10, 11, 12, 13, 14, 15, 16, 17, 18, 19}
2025-04-17 09:39:40,485 - INFO - 正在为时间段 2918-2958 生成可视化
2025-04-17 09:39:40,485 - INFO - 正在为时间段 2918-2958 生成异常图可视化
2025-04-17 09:39:40,485 - DEBUG - 创建包含 19 个节点的图结构
2025-04-17 09:39:40,486 - DEBUG - 边统计: 正常边 200 条, 异常边 72 条
2025-04-17 09:39:40,539 - DEBUG - 正在保存可视化结果到 ./visual/omi/neighbor_all/value_times_range/omi-9/seg_4_2918_2958.png
2025-04-17 09:39:40,741 - INFO - 成功保存时间段 2918-2958 的可视化结果
2025-04-17 09:39:40,741 - INFO - 
正在处理时间段 6/8: 3170-3245
2025-04-17 09:39:40,741 - INFO - 该时间段的真实异常节点: {1, 2, 6, 8, 17, 18, 19}
2025-04-17 09:39:40,741 - INFO - 正在计算异常分数...
2025-04-17 09:39:40,790 - INFO - 检测到的异常节点: {1, 4, 5, 6, 7, 8, 9, 10, 11, 12, 13, 14, 15, 16, 17, 18, 19}
2025-04-17 09:39:40,790 - INFO - 正在为时间段 3170-3245 生成可视化
2025-04-17 09:39:40,790 - INFO - 正在为时间段 3170-3245 生成异常图可视化
2025-04-17 09:39:40,790 - DEBUG - 创建包含 19 个节点的图结构
2025-04-17 09:39:40,791 - DEBUG - 边统计: 正常边 226 条, 异常边 46 条
2025-04-17 09:39:40,844 - DEBUG - 正在保存可视化结果到 ./visual/omi/neighbor_all/value_times_range/omi-9/seg_5_3170_3245.png
2025-04-17 09:39:41,045 - INFO - 成功保存时间段 3170-3245 的可视化结果
2025-04-17 09:39:41,045 - INFO - 
正在处理时间段 7/8: 3508-3528
2025-04-17 09:39:41,045 - INFO - 该时间段的真实异常节点: {8, 2, 19, 6}
2025-04-17 09:39:41,045 - INFO - 正在计算异常分数...
2025-04-17 09:39:41,057 - INFO - 检测到的异常节点: {1, 4, 5, 6, 7, 8, 9, 10, 11, 12, 13, 14, 15, 16, 17, 18, 19}
2025-04-17 09:39:41,058 - INFO - 正在为时间段 3508-3528 生成可视化
2025-04-17 09:39:41,058 - INFO - 正在为时间段 3508-3528 生成异常图可视化
2025-04-17 09:39:41,058 - DEBUG - 创建包含 19 个节点的图结构
2025-04-17 09:39:41,059 - DEBUG - 边统计: 正常边 208 条, 异常边 64 条
2025-04-17 09:39:41,112 - DEBUG - 正在保存可视化结果到 ./visual/omi/neighbor_all/value_times_range/omi-9/seg_6_3508_3528.png
2025-04-17 09:39:41,313 - INFO - 成功保存时间段 3508-3528 的可视化结果
2025-04-17 09:39:41,313 - INFO - 
正在处理时间段 8/8: 4064-4108
2025-04-17 09:39:41,313 - INFO - 该时间段的真实异常节点: {1, 2, 6, 7, 8, 9, 17, 18, 19}
2025-04-17 09:39:41,313 - INFO - 正在计算异常分数...
2025-04-17 09:39:41,342 - INFO - 检测到的异常节点: {1, 4, 5, 6, 7, 8, 9, 10, 11, 12, 13, 14, 15, 16, 17, 18, 19}
2025-04-17 09:39:41,342 - INFO - 正在为时间段 4064-4108 生成可视化
2025-04-17 09:39:41,342 - INFO - 正在为时间段 4064-4108 生成异常图可视化
2025-04-17 09:39:41,342 - DEBUG - 创建包含 19 个节点的图结构
2025-04-17 09:39:41,343 - DEBUG - 边统计: 正常边 190 条, 异常边 82 条
2025-04-17 09:39:41,396 - DEBUG - 正在保存可视化结果到 ./visual/omi/neighbor_all/value_times_range/omi-9/seg_7_4064_4108.png
2025-04-17 09:39:41,599 - INFO - 成功保存时间段 4064-4108 的可视化结果
2025-04-17 09:39:41,599 - INFO - 正在生成所有异常段的综合可视化图像: ./visual/omi/neighbor_all/value_times_range/omi-9/all_segments.png
2025-04-17 09:39:41,599 - INFO - 生成全屏优化的可视化图表
2025-04-17 09:39:42,686 - INFO - 已生成全屏优化的可视化图表: ./visual/omi/neighbor_all/value_times_range/omi-9/all_segments.png
2025-04-17 09:39:42,686 - INFO - 正在从 ./visual/omi/neighbor_all/value_times_range/omi-9 中的图像创建GIF
2025-04-17 09:39:43,363 - INFO - GIF已保存到 ./visual/omi/neighbor_all/value_times_range/omi-9/omi-9.gif
2025-04-17 09:39:43,363 - INFO - 可视化结果生成完成！
2025-04-17 09:39:43,363 - INFO - 
==================================================
2025-04-17 09:39:43,363 - INFO - 程序运行总耗时: 0:02:03.112574 

