2025-04-16 23:17:43,009 - INFO - 
 Starting experiment with config: ExperimentConfig(dataset='omi', window_size=5, score_thresholds=array([0. , 0.5, 1. , 1.5, 2. , 2.5, 3. , 3.5, 4. , 4.5, 5. , 5.5, 6. ,
       6.5, 7. ]), topk_range=range(1, 10), corr_threshold_range=array([0. , 0. , 0.1, 0.2, 0.2, 0.2, 0.3, 0.4, 0.4, 0.4, 0.5, 0.6, 0.6,
       0.6]), neighbor_selection='all', score_modes=['value_times_range'], data_dir='./data/processed', label_dir='./data/interpretation_label', log_dir='./log/omi/neighbor_all', visual_dir='./visual/omi/neighbor_all', num_workers=36, gif_duration=500)
2025-04-16 23:17:43,009 - INFO - 当前评分模式: ['value_times_range']
2025-04-16 23:17:43,009 - INFO - 
==================================================
2025-04-16 23:17:43,009 - INFO - 开始执行网格搜索...
2025-04-16 23:17:43,010 - INFO - [omi-12] Starting grid search...
2025-04-16 23:17:45,841 - INFO - [omi-12.txt] mode=value_times_range, all=None, threshold=0.0, P=0.6129, R=0.9500, F1=0.7451
2025-04-16 23:17:46,218 - INFO - [omi-12.txt] mode=value_times_range, all=None, threshold=0.5, P=0.6230, R=0.9500, F1=0.7525
2025-04-16 23:17:46,219 - INFO - [omi-12.txt] mode=value_times_range, all=None, threshold=1.0, P=0.6333, R=0.9500, F1=0.7600
2025-04-16 23:17:46,219 - INFO - [omi-12.txt] mode=value_times_range, all=None, threshold=1.5, P=0.6552, R=0.9500, F1=0.7755
2025-04-16 23:17:46,219 - INFO - [omi-12.txt] mode=value_times_range, all=None, threshold=2.0, P=0.6552, R=0.9500, F1=0.7755
2025-04-16 23:17:46,219 - INFO - [omi-12.txt] mode=value_times_range, all=None, threshold=2.5, P=0.6552, R=0.9500, F1=0.7755
2025-04-16 23:17:46,219 - INFO - [omi-12.txt] mode=value_times_range, all=None, threshold=3.0, P=0.6491, R=0.9250, F1=0.7629
2025-04-16 23:17:46,219 - INFO - [omi-12.txt] mode=value_times_range, all=None, threshold=3.5, P=0.6491, R=0.9250, F1=0.7629
2025-04-16 23:17:46,220 - INFO - [omi-12.txt] mode=value_times_range, all=None, threshold=4.0, P=0.6491, R=0.9250, F1=0.7629
2025-04-16 23:17:46,220 - INFO - [omi-12.txt] mode=value_times_range, all=None, threshold=4.5, P=0.6491, R=0.9250, F1=0.7629
2025-04-16 23:17:46,220 - INFO - [omi-12.txt] mode=value_times_range, all=None, threshold=5.0, P=0.6491, R=0.9250, F1=0.7629
2025-04-16 23:17:46,220 - INFO - [omi-12.txt] mode=value_times_range, all=None, threshold=5.5, P=0.6491, R=0.9250, F1=0.7629
2025-04-16 23:17:46,220 - INFO - [omi-12.txt] mode=value_times_range, all=None, threshold=6.0, P=0.6607, R=0.9250, F1=0.7708
2025-04-16 23:17:46,220 - INFO - [omi-12.txt] mode=value_times_range, all=None, threshold=6.5, P=0.6607, R=0.9250, F1=0.7708
2025-04-16 23:17:46,220 - INFO - [omi-12.txt] mode=value_times_range, all=None, threshold=7.0, P=0.6607, R=0.9250, F1=0.7708
2025-04-16 23:17:46,271 - INFO - [omi-1] Starting grid search...
2025-04-16 23:17:50,139 - INFO - [omi-1.txt] mode=value_times_range, all=None, threshold=0.0, P=0.7395, R=0.9888, F1=0.8462
2025-04-16 23:17:50,141 - INFO - [omi-1.txt] mode=value_times_range, all=None, threshold=0.5, P=0.7373, R=0.9775, F1=0.8406
2025-04-16 23:17:50,141 - INFO - [omi-1.txt] mode=value_times_range, all=None, threshold=1.0, P=0.7373, R=0.9775, F1=0.8406
2025-04-16 23:17:50,151 - INFO - [omi-1.txt] mode=value_times_range, all=None, threshold=1.5, P=0.7373, R=0.9775, F1=0.8406
2025-04-16 23:17:50,158 - INFO - [omi-1.txt] mode=value_times_range, all=None, threshold=2.0, P=0.7373, R=0.9775, F1=0.8406
2025-04-16 23:17:50,192 - INFO - [omi-1.txt] mode=value_times_range, all=None, threshold=2.5, P=0.7373, R=0.9775, F1=0.8406
2025-04-16 23:17:50,192 - INFO - [omi-1.txt] mode=value_times_range, all=None, threshold=3.0, P=0.7232, R=0.9101, F1=0.8060
2025-04-16 23:17:50,192 - INFO - [omi-1.txt] mode=value_times_range, all=None, threshold=3.5, P=0.7156, R=0.8764, F1=0.7879
2025-04-16 23:17:50,192 - INFO - [omi-1.txt] mode=value_times_range, all=None, threshold=4.0, P=0.7156, R=0.8764, F1=0.7879
2025-04-16 23:17:50,218 - INFO - [omi-1.txt] mode=value_times_range, all=None, threshold=4.5, P=0.7156, R=0.8764, F1=0.7879
2025-04-16 23:17:50,218 - INFO - [omi-1.txt] mode=value_times_range, all=None, threshold=5.0, P=0.7156, R=0.8764, F1=0.7879
2025-04-16 23:17:50,219 - INFO - [omi-1.txt] mode=value_times_range, all=None, threshold=5.5, P=0.7130, R=0.8652, F1=0.7817
2025-04-16 23:17:50,219 - INFO - [omi-1.txt] mode=value_times_range, all=None, threshold=6.0, P=0.7130, R=0.8652, F1=0.7817
2025-04-16 23:17:50,219 - INFO - [omi-1.txt] mode=value_times_range, all=None, threshold=6.5, P=0.7075, R=0.8427, F1=0.7692
2025-04-16 23:17:50,262 - INFO - [omi-1.txt] mode=value_times_range, all=None, threshold=7.0, P=0.7075, R=0.8427, F1=0.7692
2025-04-16 23:17:50,315 - INFO - [omi-5] Starting grid search...
2025-04-16 23:17:54,297 - INFO - [omi-5.txt] mode=value_times_range, all=None, threshold=0.0, P=0.4757, R=1.0000, F1=0.6447
2025-04-16 23:17:54,332 - INFO - [omi-5.txt] mode=value_times_range, all=None, threshold=0.5, P=0.4706, R=0.9796, F1=0.6358
2025-04-16 23:17:54,332 - INFO - [omi-5.txt] mode=value_times_range, all=None, threshold=1.0, P=0.4706, R=0.9796, F1=0.6358
2025-04-16 23:17:54,350 - INFO - [omi-5.txt] mode=value_times_range, all=None, threshold=1.5, P=0.4706, R=0.9796, F1=0.6358
2025-04-16 23:17:54,353 - INFO - [omi-5.txt] mode=value_times_range, all=None, threshold=2.0, P=0.4600, R=0.9388, F1=0.6174
2025-04-16 23:17:54,353 - INFO - [omi-5.txt] mode=value_times_range, all=None, threshold=2.5, P=0.4646, R=0.9388, F1=0.6216
2025-04-16 23:17:54,353 - INFO - [omi-5.txt] mode=value_times_range, all=None, threshold=3.0, P=0.4592, R=0.9184, F1=0.6122
2025-04-16 23:17:54,353 - INFO - [omi-5.txt] mode=value_times_range, all=None, threshold=3.5, P=0.4681, R=0.8980, F1=0.6154
2025-04-16 23:17:54,407 - INFO - [omi-5.txt] mode=value_times_range, all=None, threshold=4.0, P=0.4674, R=0.8776, F1=0.6099
2025-04-16 23:17:54,408 - INFO - [omi-5.txt] mode=value_times_range, all=None, threshold=4.5, P=0.4607, R=0.8367, F1=0.5942
2025-04-16 23:17:54,408 - INFO - [omi-5.txt] mode=value_times_range, all=None, threshold=5.0, P=0.4545, R=0.8163, F1=0.5839
2025-04-16 23:17:54,408 - INFO - [omi-5.txt] mode=value_times_range, all=None, threshold=5.5, P=0.4598, R=0.8163, F1=0.5882
2025-04-16 23:17:54,408 - INFO - [omi-5.txt] mode=value_times_range, all=None, threshold=6.0, P=0.4651, R=0.8163, F1=0.5926
2025-04-16 23:17:54,411 - INFO - [omi-5.txt] mode=value_times_range, all=None, threshold=6.5, P=0.4762, R=0.8163, F1=0.6015
2025-04-16 23:17:54,412 - INFO - [omi-5.txt] mode=value_times_range, all=None, threshold=7.0, P=0.4756, R=0.7959, F1=0.5954
2025-04-16 23:17:54,465 - INFO - [omi-6] Starting grid search...
2025-04-16 23:17:58,120 - INFO - [omi-6.txt] mode=value_times_range, all=None, threshold=0.0, P=0.2606, R=0.9773, F1=0.4115
2025-04-16 23:17:58,488 - INFO - [omi-6.txt] mode=value_times_range, all=None, threshold=0.5, P=0.2606, R=0.9773, F1=0.4115
2025-04-16 23:17:58,489 - INFO - [omi-6.txt] mode=value_times_range, all=None, threshold=1.0, P=0.2606, R=0.9773, F1=0.4115
2025-04-16 23:17:58,489 - INFO - [omi-6.txt] mode=value_times_range, all=None, threshold=1.5, P=0.2606, R=0.9773, F1=0.4115
2025-04-16 23:17:58,489 - INFO - [omi-6.txt] mode=value_times_range, all=None, threshold=2.0, P=0.2606, R=0.9773, F1=0.4115
2025-04-16 23:17:58,489 - INFO - [omi-6.txt] mode=value_times_range, all=None, threshold=2.5, P=0.2606, R=0.9773, F1=0.4115
2025-04-16 23:17:58,490 - INFO - [omi-6.txt] mode=value_times_range, all=None, threshold=3.0, P=0.2622, R=0.9773, F1=0.4135
2025-04-16 23:17:58,490 - INFO - [omi-6.txt] mode=value_times_range, all=None, threshold=3.5, P=0.2638, R=0.9773, F1=0.4155
2025-04-16 23:17:58,498 - INFO - [omi-6.txt] mode=value_times_range, all=None, threshold=4.0, P=0.2638, R=0.9773, F1=0.4155
2025-04-16 23:17:58,498 - INFO - [omi-6.txt] mode=value_times_range, all=None, threshold=4.5, P=0.2638, R=0.9773, F1=0.4155
2025-04-16 23:17:58,560 - INFO - [omi-6.txt] mode=value_times_range, all=None, threshold=5.0, P=0.2654, R=0.9773, F1=0.4175
2025-04-16 23:17:58,561 - INFO - [omi-6.txt] mode=value_times_range, all=None, threshold=5.5, P=0.2671, R=0.9773, F1=0.4195
2025-04-16 23:17:58,561 - INFO - [omi-6.txt] mode=value_times_range, all=None, threshold=6.0, P=0.2625, R=0.9545, F1=0.4118
2025-04-16 23:17:58,987 - INFO - [omi-6.txt] mode=value_times_range, all=None, threshold=6.5, P=0.2597, R=0.9091, F1=0.4040
2025-04-16 23:17:58,988 - INFO - [omi-6.txt] mode=value_times_range, all=None, threshold=7.0, P=0.2614, R=0.9091, F1=0.4061
2025-04-16 23:17:59,038 - INFO - [omi-7] Starting grid search...
2025-04-16 23:18:02,685 - INFO - [omi-7.txt] mode=value_times_range, all=None, threshold=0.0, P=0.9048, R=0.9744, F1=0.9383
2025-04-16 23:18:02,751 - INFO - [omi-7.txt] mode=value_times_range, all=None, threshold=0.5, P=0.9048, R=0.9744, F1=0.9383
2025-04-16 23:18:02,751 - INFO - [omi-7.txt] mode=value_times_range, all=None, threshold=1.0, P=0.9048, R=0.9744, F1=0.9383
2025-04-16 23:18:03,186 - INFO - [omi-7.txt] mode=value_times_range, all=None, threshold=1.5, P=0.9048, R=0.9744, F1=0.9383
2025-04-16 23:18:03,187 - INFO - [omi-7.txt] mode=value_times_range, all=None, threshold=2.0, P=0.9048, R=0.9744, F1=0.9383
2025-04-16 23:18:03,187 - INFO - [omi-7.txt] mode=value_times_range, all=None, threshold=2.5, P=0.9048, R=0.9744, F1=0.9383
2025-04-16 23:18:03,187 - INFO - [omi-7.txt] mode=value_times_range, all=None, threshold=3.0, P=0.9048, R=0.9744, F1=0.9383
2025-04-16 23:18:03,187 - INFO - [omi-7.txt] mode=value_times_range, all=None, threshold=3.5, P=0.9048, R=0.9744, F1=0.9383
2025-04-16 23:18:03,187 - INFO - [omi-7.txt] mode=value_times_range, all=None, threshold=4.0, P=0.9048, R=0.9744, F1=0.9383
2025-04-16 23:18:03,187 - INFO - [omi-7.txt] mode=value_times_range, all=None, threshold=4.5, P=0.9048, R=0.9744, F1=0.9383
2025-04-16 23:18:03,187 - INFO - [omi-7.txt] mode=value_times_range, all=None, threshold=5.0, P=0.9048, R=0.9744, F1=0.9383
2025-04-16 23:18:03,188 - INFO - [omi-7.txt] mode=value_times_range, all=None, threshold=5.5, P=0.9048, R=0.9744, F1=0.9383
2025-04-16 23:18:03,188 - INFO - [omi-7.txt] mode=value_times_range, all=None, threshold=6.0, P=0.9048, R=0.9744, F1=0.9383
2025-04-16 23:18:03,188 - INFO - [omi-7.txt] mode=value_times_range, all=None, threshold=6.5, P=0.9048, R=0.9744, F1=0.9383
2025-04-16 23:18:03,188 - INFO - [omi-7.txt] mode=value_times_range, all=None, threshold=7.0, P=0.9048, R=0.9744, F1=0.9383
2025-04-16 23:18:03,236 - INFO - [omi-9] Starting grid search...
2025-04-16 23:18:06,833 - INFO - [omi-9.txt] mode=value_times_range, all=None, threshold=0.0, P=0.4962, R=0.9155, F1=0.6436
2025-04-16 23:18:06,872 - INFO - [omi-9.txt] mode=value_times_range, all=None, threshold=0.5, P=0.4962, R=0.9155, F1=0.6436
2025-04-16 23:18:06,976 - INFO - [omi-9.txt] mode=value_times_range, all=None, threshold=1.0, P=0.4962, R=0.9155, F1=0.6436
2025-04-16 23:18:06,977 - INFO - [omi-9.txt] mode=value_times_range, all=None, threshold=1.5, P=0.4962, R=0.9155, F1=0.6436
2025-04-16 23:18:06,977 - INFO - [omi-9.txt] mode=value_times_range, all=None, threshold=2.0, P=0.4962, R=0.9155, F1=0.6436
2025-04-16 23:18:06,977 - INFO - [omi-9.txt] mode=value_times_range, all=None, threshold=2.5, P=0.4962, R=0.9155, F1=0.6436
2025-04-16 23:18:06,977 - INFO - [omi-9.txt] mode=value_times_range, all=None, threshold=3.0, P=0.4962, R=0.9155, F1=0.6436
2025-04-16 23:18:06,977 - INFO - [omi-9.txt] mode=value_times_range, all=None, threshold=3.5, P=0.4962, R=0.9155, F1=0.6436
2025-04-16 23:18:06,978 - INFO - [omi-9.txt] mode=value_times_range, all=None, threshold=4.0, P=0.4962, R=0.9155, F1=0.6436
2025-04-16 23:18:07,317 - INFO - [omi-9.txt] mode=value_times_range, all=None, threshold=4.5, P=0.4962, R=0.9155, F1=0.6436
2025-04-16 23:18:07,318 - INFO - [omi-9.txt] mode=value_times_range, all=None, threshold=5.0, P=0.4962, R=0.9155, F1=0.6436
2025-04-16 23:18:07,318 - INFO - [omi-9.txt] mode=value_times_range, all=None, threshold=5.5, P=0.4962, R=0.9155, F1=0.6436
2025-04-16 23:18:07,318 - INFO - [omi-9.txt] mode=value_times_range, all=None, threshold=6.0, P=0.4962, R=0.9155, F1=0.6436
2025-04-16 23:18:07,318 - INFO - [omi-9.txt] mode=value_times_range, all=None, threshold=6.5, P=0.4962, R=0.9155, F1=0.6436
2025-04-16 23:18:07,318 - INFO - [omi-9.txt] mode=value_times_range, all=None, threshold=7.0, P=0.4962, R=0.9155, F1=0.6436
2025-04-16 23:18:07,362 - INFO - [omi-8] Starting grid search...
2025-04-16 23:18:10,892 - INFO - [omi-8.txt] mode=value_times_range, all=None, threshold=0.0, P=0.3580, R=0.9355, F1=0.5179
2025-04-16 23:18:10,893 - INFO - [omi-8.txt] mode=value_times_range, all=None, threshold=0.5, P=0.3580, R=0.9355, F1=0.5179
2025-04-16 23:18:10,896 - INFO - [omi-8.txt] mode=value_times_range, all=None, threshold=1.0, P=0.3580, R=0.9355, F1=0.5179
2025-04-16 23:18:10,915 - INFO - [omi-8.txt] mode=value_times_range, all=None, threshold=1.5, P=0.3580, R=0.9355, F1=0.5179
2025-04-16 23:18:10,950 - INFO - [omi-8.txt] mode=value_times_range, all=None, threshold=2.0, P=0.3580, R=0.9355, F1=0.5179
2025-04-16 23:18:10,950 - INFO - [omi-8.txt] mode=value_times_range, all=None, threshold=2.5, P=0.3580, R=0.9355, F1=0.5179
2025-04-16 23:18:11,020 - INFO - [omi-8.txt] mode=value_times_range, all=None, threshold=3.0, P=0.3580, R=0.9355, F1=0.5179
2025-04-16 23:18:11,021 - INFO - [omi-8.txt] mode=value_times_range, all=None, threshold=3.5, P=0.3580, R=0.9355, F1=0.5179
2025-04-16 23:18:11,021 - INFO - [omi-8.txt] mode=value_times_range, all=None, threshold=4.0, P=0.3580, R=0.9355, F1=0.5179
2025-04-16 23:18:11,022 - INFO - [omi-8.txt] mode=value_times_range, all=None, threshold=4.5, P=0.3580, R=0.9355, F1=0.5179
2025-04-16 23:18:11,022 - INFO - [omi-8.txt] mode=value_times_range, all=None, threshold=5.0, P=0.3580, R=0.9355, F1=0.5179
2025-04-16 23:18:11,022 - INFO - [omi-8.txt] mode=value_times_range, all=None, threshold=5.5, P=0.3580, R=0.9355, F1=0.5179
2025-04-16 23:18:11,022 - INFO - [omi-8.txt] mode=value_times_range, all=None, threshold=6.0, P=0.3580, R=0.9355, F1=0.5179
2025-04-16 23:18:11,022 - INFO - [omi-8.txt] mode=value_times_range, all=None, threshold=6.5, P=0.3580, R=0.9355, F1=0.5179
2025-04-16 23:18:11,022 - INFO - [omi-8.txt] mode=value_times_range, all=None, threshold=7.0, P=0.3625, R=0.9355, F1=0.5225
2025-04-16 23:18:11,070 - INFO - [omi-2] Starting grid search...
2025-04-16 23:18:14,761 - INFO - [omi-2.txt] mode=value_times_range, all=None, threshold=0.0, P=0.4559, R=1.0000, F1=0.6263
2025-04-16 23:18:14,764 - INFO - [omi-2.txt] mode=value_times_range, all=None, threshold=0.5, P=0.4559, R=1.0000, F1=0.6263
2025-04-16 23:18:14,764 - INFO - [omi-2.txt] mode=value_times_range, all=None, threshold=1.0, P=0.4559, R=1.0000, F1=0.6263
2025-04-16 23:18:14,766 - INFO - [omi-2.txt] mode=value_times_range, all=None, threshold=1.5, P=0.4559, R=1.0000, F1=0.6263
2025-04-16 23:18:14,788 - INFO - [omi-2.txt] mode=value_times_range, all=None, threshold=2.0, P=0.4559, R=1.0000, F1=0.6263
2025-04-16 23:18:14,795 - INFO - [omi-2.txt] mode=value_times_range, all=None, threshold=2.5, P=0.4559, R=1.0000, F1=0.6263
2025-04-16 23:18:14,999 - INFO - [omi-2.txt] mode=value_times_range, all=None, threshold=3.0, P=0.4559, R=1.0000, F1=0.6263
2025-04-16 23:18:15,000 - INFO - [omi-2.txt] mode=value_times_range, all=None, threshold=3.5, P=0.4559, R=1.0000, F1=0.6263
2025-04-16 23:18:15,000 - INFO - [omi-2.txt] mode=value_times_range, all=None, threshold=4.0, P=0.4559, R=1.0000, F1=0.6263
2025-04-16 23:18:15,000 - INFO - [omi-2.txt] mode=value_times_range, all=None, threshold=4.5, P=0.4559, R=1.0000, F1=0.6263
2025-04-16 23:18:15,000 - INFO - [omi-2.txt] mode=value_times_range, all=None, threshold=5.0, P=0.4559, R=1.0000, F1=0.6263
2025-04-16 23:18:15,000 - INFO - [omi-2.txt] mode=value_times_range, all=None, threshold=5.5, P=0.4559, R=1.0000, F1=0.6263
2025-04-16 23:18:15,001 - INFO - [omi-2.txt] mode=value_times_range, all=None, threshold=6.0, P=0.4697, R=1.0000, F1=0.6392
2025-04-16 23:18:15,001 - INFO - [omi-2.txt] mode=value_times_range, all=None, threshold=6.5, P=0.4844, R=1.0000, F1=0.6526
2025-04-16 23:18:15,064 - INFO - [omi-2.txt] mode=value_times_range, all=None, threshold=7.0, P=0.4921, R=1.0000, F1=0.6596
2025-04-16 23:18:15,118 - INFO - [omi-11] Starting grid search...
2025-04-16 23:18:19,046 - INFO - [omi-11.txt] mode=value_times_range, all=None, threshold=0.0, P=0.3434, R=0.9828, F1=0.5089
2025-04-16 23:18:19,125 - INFO - [omi-11.txt] mode=value_times_range, all=None, threshold=0.5, P=0.3434, R=0.9828, F1=0.5089
2025-04-16 23:18:19,126 - INFO - [omi-11.txt] mode=value_times_range, all=None, threshold=1.0, P=0.3434, R=0.9828, F1=0.5089
2025-04-16 23:18:19,126 - INFO - [omi-11.txt] mode=value_times_range, all=None, threshold=1.5, P=0.3434, R=0.9828, F1=0.5089
2025-04-16 23:18:19,126 - INFO - [omi-11.txt] mode=value_times_range, all=None, threshold=2.0, P=0.3434, R=0.9828, F1=0.5089
2025-04-16 23:18:19,162 - INFO - [omi-11.txt] mode=value_times_range, all=None, threshold=2.5, P=0.3434, R=0.9828, F1=0.5089
2025-04-16 23:18:19,163 - INFO - [omi-11.txt] mode=value_times_range, all=None, threshold=3.0, P=0.3434, R=0.9828, F1=0.5089
2025-04-16 23:18:19,650 - INFO - [omi-11.txt] mode=value_times_range, all=None, threshold=3.5, P=0.3434, R=0.9828, F1=0.5089
2025-04-16 23:18:19,650 - INFO - [omi-11.txt] mode=value_times_range, all=None, threshold=4.0, P=0.3434, R=0.9828, F1=0.5089
2025-04-16 23:18:19,651 - INFO - [omi-11.txt] mode=value_times_range, all=None, threshold=4.5, P=0.3434, R=0.9828, F1=0.5089
2025-04-16 23:18:19,651 - INFO - [omi-11.txt] mode=value_times_range, all=None, threshold=5.0, P=0.3434, R=0.9828, F1=0.5089
2025-04-16 23:18:19,651 - INFO - [omi-11.txt] mode=value_times_range, all=None, threshold=5.5, P=0.3434, R=0.9828, F1=0.5089
2025-04-16 23:18:19,651 - INFO - [omi-11.txt] mode=value_times_range, all=None, threshold=6.0, P=0.3434, R=0.9828, F1=0.5089
2025-04-16 23:18:19,651 - INFO - [omi-11.txt] mode=value_times_range, all=None, threshold=6.5, P=0.3434, R=0.9828, F1=0.5089
2025-04-16 23:18:19,651 - INFO - [omi-11.txt] mode=value_times_range, all=None, threshold=7.0, P=0.3434, R=0.9828, F1=0.5089
2025-04-16 23:18:19,702 - INFO - [omi-10] Starting grid search...
2025-04-16 23:18:23,861 - INFO - [omi-10.txt] mode=value_times_range, all=None, threshold=0.0, P=0.4688, R=0.9836, F1=0.6349
2025-04-16 23:18:23,862 - INFO - [omi-10.txt] mode=value_times_range, all=None, threshold=0.5, P=0.4688, R=0.9836, F1=0.6349
2025-04-16 23:18:23,862 - INFO - [omi-10.txt] mode=value_times_range, all=None, threshold=1.0, P=0.4688, R=0.9836, F1=0.6349
2025-04-16 23:18:23,920 - INFO - [omi-10.txt] mode=value_times_range, all=None, threshold=1.5, P=0.4688, R=0.9836, F1=0.6349
2025-04-16 23:18:23,920 - INFO - [omi-10.txt] mode=value_times_range, all=None, threshold=2.0, P=0.4683, R=0.9672, F1=0.6310
2025-04-16 23:18:23,920 - INFO - [omi-10.txt] mode=value_times_range, all=None, threshold=2.5, P=0.4683, R=0.9672, F1=0.6310
2025-04-16 23:18:23,921 - INFO - [omi-10.txt] mode=value_times_range, all=None, threshold=3.0, P=0.4797, R=0.9672, F1=0.6413
2025-04-16 23:18:23,921 - INFO - [omi-10.txt] mode=value_times_range, all=None, threshold=3.5, P=0.4836, R=0.9672, F1=0.6448
2025-04-16 23:18:23,921 - INFO - [omi-10.txt] mode=value_times_range, all=None, threshold=4.0, P=0.4836, R=0.9672, F1=0.6448
2025-04-16 23:18:23,921 - INFO - [omi-10.txt] mode=value_times_range, all=None, threshold=4.5, P=0.4836, R=0.9672, F1=0.6448
2025-04-16 23:18:23,921 - INFO - [omi-10.txt] mode=value_times_range, all=None, threshold=5.0, P=0.4836, R=0.9672, F1=0.6448
2025-04-16 23:18:23,921 - INFO - [omi-10.txt] mode=value_times_range, all=None, threshold=5.5, P=0.4836, R=0.9672, F1=0.6448
2025-04-16 23:18:23,921 - INFO - [omi-10.txt] mode=value_times_range, all=None, threshold=6.0, P=0.4836, R=0.9672, F1=0.6448
2025-04-16 23:18:23,922 - INFO - [omi-10.txt] mode=value_times_range, all=None, threshold=6.5, P=0.4917, R=0.9672, F1=0.6519
2025-04-16 23:18:24,344 - INFO - [omi-10.txt] mode=value_times_range, all=None, threshold=7.0, P=0.4917, R=0.9672, F1=0.6519
2025-04-16 23:18:24,398 - INFO - [omi-4] Starting grid search...
2025-04-16 23:18:28,328 - INFO - [omi-4.txt] mode=value_times_range, all=None, threshold=0.0, P=0.8250, R=0.9851, F1=0.8980
2025-04-16 23:18:28,330 - INFO - [omi-4.txt] mode=value_times_range, all=None, threshold=0.5, P=0.8250, R=0.9851, F1=0.8980
2025-04-16 23:18:28,330 - INFO - [omi-4.txt] mode=value_times_range, all=None, threshold=1.0, P=0.8250, R=0.9851, F1=0.8980
2025-04-16 23:18:28,331 - INFO - [omi-4.txt] mode=value_times_range, all=None, threshold=1.5, P=0.8250, R=0.9851, F1=0.8980
2025-04-16 23:18:28,331 - INFO - [omi-4.txt] mode=value_times_range, all=None, threshold=2.0, P=0.8250, R=0.9851, F1=0.8980
2025-04-16 23:18:28,331 - INFO - [omi-4.txt] mode=value_times_range, all=None, threshold=2.5, P=0.8250, R=0.9851, F1=0.8980
2025-04-16 23:18:28,331 - INFO - [omi-4.txt] mode=value_times_range, all=None, threshold=3.0, P=0.8354, R=0.9851, F1=0.9041
2025-04-16 23:18:28,331 - INFO - [omi-4.txt] mode=value_times_range, all=None, threshold=3.5, P=0.8462, R=0.9851, F1=0.9103
2025-04-16 23:18:28,337 - INFO - [omi-4.txt] mode=value_times_range, all=None, threshold=4.0, P=0.8462, R=0.9851, F1=0.9103
2025-04-16 23:18:28,562 - INFO - [omi-4.txt] mode=value_times_range, all=None, threshold=4.5, P=0.8462, R=0.9851, F1=0.9103
2025-04-16 23:18:28,563 - INFO - [omi-4.txt] mode=value_times_range, all=None, threshold=5.0, P=0.8462, R=0.9851, F1=0.9103
2025-04-16 23:18:28,563 - INFO - [omi-4.txt] mode=value_times_range, all=None, threshold=5.5, P=0.8462, R=0.9851, F1=0.9103
2025-04-16 23:18:28,563 - INFO - [omi-4.txt] mode=value_times_range, all=None, threshold=6.0, P=0.8462, R=0.9851, F1=0.9103
2025-04-16 23:18:28,563 - INFO - [omi-4.txt] mode=value_times_range, all=None, threshold=6.5, P=0.8462, R=0.9851, F1=0.9103
2025-04-16 23:18:28,563 - INFO - [omi-4.txt] mode=value_times_range, all=None, threshold=7.0, P=0.8442, R=0.9701, F1=0.9028
2025-04-16 23:18:28,613 - INFO - [omi-3] Starting grid search...
2025-04-16 23:18:32,423 - INFO - [omi-3.txt] mode=value_times_range, all=None, threshold=0.0, P=0.8025, R=0.8333, F1=0.8176
2025-04-16 23:18:32,424 - INFO - [omi-3.txt] mode=value_times_range, all=None, threshold=0.5, P=0.8025, R=0.8333, F1=0.8176
2025-04-16 23:18:32,424 - INFO - [omi-3.txt] mode=value_times_range, all=None, threshold=1.0, P=0.8025, R=0.8333, F1=0.8176
2025-04-16 23:18:32,424 - INFO - [omi-3.txt] mode=value_times_range, all=None, threshold=1.5, P=0.8025, R=0.8333, F1=0.8176
2025-04-16 23:18:32,550 - INFO - [omi-3.txt] mode=value_times_range, all=None, threshold=2.0, P=0.8025, R=0.8333, F1=0.8176
2025-04-16 23:18:32,899 - INFO - [omi-3.txt] mode=value_times_range, all=None, threshold=2.5, P=0.8025, R=0.8333, F1=0.8176
2025-04-16 23:18:32,900 - INFO - [omi-3.txt] mode=value_times_range, all=None, threshold=3.0, P=0.8228, R=0.8333, F1=0.8280
2025-04-16 23:18:32,900 - INFO - [omi-3.txt] mode=value_times_range, all=None, threshold=3.5, P=0.8228, R=0.8333, F1=0.8280
2025-04-16 23:18:32,900 - INFO - [omi-3.txt] mode=value_times_range, all=None, threshold=4.0, P=0.8228, R=0.8333, F1=0.8280
2025-04-16 23:18:32,900 - INFO - [omi-3.txt] mode=value_times_range, all=None, threshold=4.5, P=0.8228, R=0.8333, F1=0.8280
2025-04-16 23:18:32,901 - INFO - [omi-3.txt] mode=value_times_range, all=None, threshold=5.0, P=0.8228, R=0.8333, F1=0.8280
2025-04-16 23:18:32,901 - INFO - [omi-3.txt] mode=value_times_range, all=None, threshold=5.5, P=0.8228, R=0.8333, F1=0.8280
2025-04-16 23:18:32,901 - INFO - [omi-3.txt] mode=value_times_range, all=None, threshold=6.0, P=0.8205, R=0.8205, F1=0.8205
2025-04-16 23:18:32,901 - INFO - [omi-3.txt] mode=value_times_range, all=None, threshold=6.5, P=0.8421, R=0.8205, F1=0.8312
2025-04-16 23:18:32,901 - INFO - [omi-3.txt] mode=value_times_range, all=None, threshold=7.0, P=0.8421, R=0.8205, F1=0.8312
2025-04-16 23:18:32,951 - INFO - 
==================================================
2025-04-16 23:18:32,951 - INFO - 开始汇总结果...
2025-04-16 23:18:32,960 - INFO - 
===== Best Results per Dataset =====
   dataset        score_mode neighbor_param  score_threshold neighbor_selection  precision   recall  f1_score
 omi-1.txt value_times_range           None              0.0                all   0.739496 0.988764  0.846154
omi-10.txt value_times_range           None              6.5                all   0.491667 0.967213  0.651934
omi-11.txt value_times_range           None              3.0                all   0.343373 0.982759  0.508929
omi-12.txt value_times_range           None              2.0                all   0.655172 0.950000  0.775510
 omi-2.txt value_times_range           None              7.0                all   0.492063 1.000000  0.659574
 omi-3.txt value_times_range           None              7.0                all   0.842105 0.820513  0.831169
 omi-4.txt value_times_range           None              6.0                all   0.846154 0.985075  0.910345
 omi-5.txt value_times_range           None              0.0                all   0.475728 1.000000  0.644737
 omi-6.txt value_times_range           None              5.5                all   0.267081 0.977273  0.419512
 omi-7.txt value_times_range           None              2.0                all   0.904762 0.974359  0.938272
 omi-8.txt value_times_range           None              7.0                all   0.362500 0.935484  0.522523
 omi-9.txt value_times_range           None              6.5                all   0.496183 0.915493  0.643564
2025-04-16 23:18:32,960 - INFO - 
===== Overall Metrics =====
Precision: 0.5010  Recall: 0.9554  F1: 0.6574
2025-04-16 23:18:32,960 - INFO - 
【原始汇总指标】
2025-04-16 23:18:32,960 - INFO - 精确率(Precision): 0.5010
2025-04-16 23:18:32,960 - INFO - 召回率(Recall):    0.9554
2025-04-16 23:18:32,960 - INFO - F1值:             0.6574
2025-04-16 23:18:32,960 - INFO - 
==================================================
2025-04-16 23:18:32,960 - INFO - 开始生成可视化结果...
2025-04-16 23:18:32,960 - INFO - 
==================================================
2025-04-16 23:18:32,960 - INFO - 开始数据集可视化: omi-1
2025-04-16 23:18:32,960 - INFO - 使用参数: 评分模式=value_times_range, all=None, 阈值=0.0
2025-04-16 23:18:32,960 - INFO - ==================================================

2025-04-16 23:18:32,960 - INFO - 正在加载数据集 omi-1 的数据
2025-04-16 23:18:32,961 - INFO - 数据加载成功。训练集形状: (8640, 19), 测试集形状: (4320, 19)
2025-04-16 23:18:32,961 - INFO - 正在计算边缘统计量...
2025-04-16 23:18:36,102 - INFO - 已计算 170 条边的统计量
2025-04-16 23:18:36,103 - INFO - 为每个节点使用所有邻居
2025-04-16 23:18:36,103 - INFO - 可视化结果将保存到: ./visual/omi/neighbor_all/value_times_range/omi-1
2025-04-16 23:18:36,104 - INFO - 在数据集中发现 7 个异常时间段
2025-04-16 23:18:36,104 - INFO - 
正在处理时间段 1/7: 760-765
2025-04-16 23:18:36,104 - INFO - 该时间段的真实异常节点: {4, 5, 7, 8, 9, 10, 11, 12, 13, 14, 15, 16, 17, 18, 19}
2025-04-16 23:18:36,104 - INFO - 正在计算异常分数...
2025-04-16 23:18:36,108 - INFO - 检测到的异常节点: {1, 4, 7, 8, 9, 10, 11, 12, 13, 14, 15, 16, 17, 18, 19}
2025-04-16 23:18:36,108 - INFO - 正在为时间段 760-765 生成可视化
2025-04-16 23:18:36,108 - INFO - 正在为时间段 760-765 生成异常图可视化
2025-04-16 23:18:36,108 - DEBUG - 创建包含 19 个节点的图结构
2025-04-16 23:18:36,109 - DEBUG - 边统计: 正常边 218 条, 异常边 22 条
2025-04-16 23:18:36,181 - DEBUG - 正在保存可视化结果到 ./visual/omi/neighbor_all/value_times_range/omi-1/seg_0_760_765.png
2025-04-16 23:18:36,401 - INFO - 成功保存时间段 760-765 的可视化结果
2025-04-16 23:18:36,401 - INFO - 
正在处理时间段 2/7: 1064-1298
2025-04-16 23:18:36,402 - INFO - 该时间段的真实异常节点: {6, 7, 9, 10, 11, 12, 13, 14, 15, 16, 17, 18, 19}
2025-04-16 23:18:36,402 - INFO - 正在计算异常分数...
2025-04-16 23:18:36,552 - INFO - 检测到的异常节点: {1, 3, 4, 5, 6, 7, 8, 9, 10, 11, 12, 13, 14, 15, 16, 17, 18, 19}
2025-04-16 23:18:36,552 - INFO - 正在为时间段 1064-1298 生成可视化
2025-04-16 23:18:36,552 - INFO - 正在为时间段 1064-1298 生成异常图可视化
2025-04-16 23:18:36,553 - DEBUG - 创建包含 19 个节点的图结构
2025-04-16 23:18:36,554 - DEBUG - 边统计: 正常边 284 条, 异常边 22 条
2025-04-16 23:18:36,718 - DEBUG - 正在保存可视化结果到 ./visual/omi/neighbor_all/value_times_range/omi-1/seg_1_1064_1298.png
2025-04-16 23:18:36,967 - INFO - 成功保存时间段 1064-1298 的可视化结果
2025-04-16 23:18:36,967 - INFO - 
正在处理时间段 3/7: 2758-2772
2025-04-16 23:18:36,967 - INFO - 该时间段的真实异常节点: {5, 6, 7, 8, 9, 10, 11, 12, 13, 14, 15, 16, 17, 18, 19}
2025-04-16 23:18:36,967 - INFO - 正在计算异常分数...
2025-04-16 23:18:36,976 - INFO - 检测到的异常节点: {1, 4, 5, 6, 7, 8, 9, 10, 11, 12, 13, 14, 15, 16, 17, 18, 19}
2025-04-16 23:18:36,977 - INFO - 正在为时间段 2758-2772 生成可视化
2025-04-16 23:18:36,977 - INFO - 正在为时间段 2758-2772 生成异常图可视化
2025-04-16 23:18:36,977 - DEBUG - 创建包含 19 个节点的图结构
2025-04-16 23:18:36,978 - DEBUG - 边统计: 正常边 218 条, 异常边 54 条
2025-04-16 23:18:37,037 - DEBUG - 正在保存可视化结果到 ./visual/omi/neighbor_all/value_times_range/omi-1/seg_2_2758_2772.png
2025-04-16 23:18:37,251 - INFO - 成功保存时间段 2758-2772 的可视化结果
2025-04-16 23:18:37,252 - INFO - 
正在处理时间段 4/7: 2874-2885
2025-04-16 23:18:37,252 - INFO - 该时间段的真实异常节点: {7, 9, 10, 11, 12, 13, 14, 15, 16, 17, 18}
2025-04-16 23:18:37,252 - INFO - 正在计算异常分数...
2025-04-16 23:18:37,259 - INFO - 检测到的异常节点: {1, 4, 5, 6, 7, 8, 9, 10, 11, 12, 13, 14, 15, 16, 17, 18, 19}
2025-04-16 23:18:37,259 - INFO - 正在为时间段 2874-2885 生成可视化
2025-04-16 23:18:37,259 - INFO - 正在为时间段 2874-2885 生成异常图可视化
2025-04-16 23:18:37,259 - DEBUG - 创建包含 19 个节点的图结构
2025-04-16 23:18:37,260 - DEBUG - 边统计: 正常边 250 条, 异常边 22 条
2025-04-16 23:18:37,317 - DEBUG - 正在保存可视化结果到 ./visual/omi/neighbor_all/value_times_range/omi-1/seg_3_2874_2885.png
2025-04-16 23:18:37,544 - INFO - 成功保存时间段 2874-2885 的可视化结果
2025-04-16 23:18:37,545 - INFO - 
正在处理时间段 5/7: 3012-3025
2025-04-16 23:18:37,545 - INFO - 该时间段的真实异常节点: {7, 10, 11, 12, 13, 14, 15, 16, 17, 18, 19}
2025-04-16 23:18:37,545 - INFO - 正在计算异常分数...
2025-04-16 23:18:37,554 - INFO - 检测到的异常节点: {1, 4, 5, 6, 7, 8, 9, 10, 11, 12, 13, 14, 15, 16, 17, 18, 19}
2025-04-16 23:18:37,554 - INFO - 正在为时间段 3012-3025 生成可视化
2025-04-16 23:18:37,554 - INFO - 正在为时间段 3012-3025 生成异常图可视化
2025-04-16 23:18:37,554 - DEBUG - 创建包含 19 个节点的图结构
2025-04-16 23:18:37,555 - DEBUG - 边统计: 正常边 232 条, 异常边 40 条
2025-04-16 23:18:37,616 - DEBUG - 正在保存可视化结果到 ./visual/omi/neighbor_all/value_times_range/omi-1/seg_4_3012_3025.png
2025-04-16 23:18:37,833 - INFO - 成功保存时间段 3012-3025 的可视化结果
2025-04-16 23:18:37,833 - INFO - 
正在处理时间段 6/7: 3160-3305
2025-04-16 23:18:37,833 - INFO - 该时间段的真实异常节点: {8, 9, 10, 11, 12, 13, 14, 15, 16, 17, 18, 19}
2025-04-16 23:18:37,833 - INFO - 正在计算异常分数...
2025-04-16 23:18:37,925 - INFO - 检测到的异常节点: {1, 3, 4, 5, 6, 7, 8, 9, 10, 11, 12, 13, 14, 15, 16, 17, 18, 19}
2025-04-16 23:18:37,925 - INFO - 正在为时间段 3160-3305 生成可视化
2025-04-16 23:18:37,925 - INFO - 正在为时间段 3160-3305 生成异常图可视化
2025-04-16 23:18:37,925 - DEBUG - 创建包含 19 个节点的图结构
2025-04-16 23:18:37,926 - DEBUG - 边统计: 正常边 304 条, 异常边 2 条
2025-04-16 23:18:37,980 - DEBUG - 正在保存可视化结果到 ./visual/omi/neighbor_all/value_times_range/omi-1/seg_5_3160_3305.png
2025-04-16 23:18:38,225 - INFO - 成功保存时间段 3160-3305 的可视化结果
2025-04-16 23:18:38,226 - INFO - 
正在处理时间段 7/7: 3626-3638
2025-04-16 23:18:38,226 - INFO - 该时间段的真实异常节点: {7, 9, 10, 11, 12, 13, 14, 15, 16, 17, 18, 19}
2025-04-16 23:18:38,226 - INFO - 正在计算异常分数...
2025-04-16 23:18:38,234 - INFO - 检测到的异常节点: {1, 4, 5, 6, 7, 8, 9, 10, 11, 12, 13, 14, 15, 16, 17, 18, 19}
2025-04-16 23:18:38,234 - INFO - 正在为时间段 3626-3638 生成可视化
2025-04-16 23:18:38,234 - INFO - 正在为时间段 3626-3638 生成异常图可视化
2025-04-16 23:18:38,234 - DEBUG - 创建包含 19 个节点的图结构
2025-04-16 23:18:38,235 - DEBUG - 边统计: 正常边 234 条, 异常边 38 条
2025-04-16 23:18:38,295 - DEBUG - 正在保存可视化结果到 ./visual/omi/neighbor_all/value_times_range/omi-1/seg_6_3626_3638.png
2025-04-16 23:18:38,512 - INFO - 成功保存时间段 3626-3638 的可视化结果
2025-04-16 23:18:38,512 - INFO - 正在从 ./visual/omi/neighbor_all/value_times_range/omi-1 中的图像创建GIF
2025-04-16 23:18:38,994 - INFO - GIF已保存到 ./visual/omi/neighbor_all/value_times_range/omi-1/omi-1.gif
2025-04-16 23:18:38,995 - INFO - 
==================================================
2025-04-16 23:18:38,995 - INFO - 开始数据集可视化: omi-10
2025-04-16 23:18:38,995 - INFO - 使用参数: 评分模式=value_times_range, all=None, 阈值=6.5
2025-04-16 23:18:38,995 - INFO - ==================================================

2025-04-16 23:18:38,995 - INFO - 正在加载数据集 omi-10 的数据
2025-04-16 23:18:38,996 - INFO - 数据加载成功。训练集形状: (8640, 19), 测试集形状: (4320, 19)
2025-04-16 23:18:38,996 - INFO - 正在计算边缘统计量...
2025-04-16 23:18:42,204 - INFO - 已计算 136 条边的统计量
2025-04-16 23:18:42,205 - INFO - 为每个节点使用所有邻居
2025-04-16 23:18:42,205 - INFO - 可视化结果将保存到: ./visual/omi/neighbor_all/value_times_range/omi-10
2025-04-16 23:18:42,206 - INFO - 在数据集中发现 8 个异常时间段
2025-04-16 23:18:42,206 - INFO - 
正在处理时间段 1/8: 740-780
2025-04-16 23:18:42,206 - INFO - 该时间段的真实异常节点: {2, 5, 6, 7, 8, 9, 10, 11, 12, 13, 14, 15, 16, 17, 18, 19}
2025-04-16 23:18:42,206 - INFO - 正在计算异常分数...
2025-04-16 23:18:42,238 - INFO - 检测到的异常节点: {1, 4, 5, 6, 7, 8, 9, 10, 11, 12, 13, 14, 15, 16, 17, 18, 19}
2025-04-16 23:18:42,238 - INFO - 正在为时间段 740-780 生成可视化
2025-04-16 23:18:42,238 - INFO - 正在为时间段 740-780 生成异常图可视化
2025-04-16 23:18:42,238 - DEBUG - 创建包含 19 个节点的图结构
2025-04-16 23:18:42,239 - DEBUG - 边统计: 正常边 166 条, 异常边 106 条
2025-04-16 23:18:42,306 - DEBUG - 正在保存可视化结果到 ./visual/omi/neighbor_all/value_times_range/omi-10/seg_0_740_780.png
2025-04-16 23:18:42,526 - INFO - 成功保存时间段 740-780 的可视化结果
2025-04-16 23:18:42,526 - INFO - 
正在处理时间段 2/8: 1345-1406
2025-04-16 23:18:42,526 - INFO - 该时间段的真实异常节点: {7, 9, 10, 11, 12, 13, 14, 15, 16, 17, 18}
2025-04-16 23:18:42,526 - INFO - 正在计算异常分数...
2025-04-16 23:18:42,575 - INFO - 检测到的异常节点: {1, 4, 5, 6, 7, 8, 9, 10, 11, 12, 13, 14, 15, 16, 17, 18, 19}
2025-04-16 23:18:42,575 - INFO - 正在为时间段 1345-1406 生成可视化
2025-04-16 23:18:42,575 - INFO - 正在为时间段 1345-1406 生成异常图可视化
2025-04-16 23:18:42,576 - DEBUG - 创建包含 19 个节点的图结构
2025-04-16 23:18:42,577 - DEBUG - 边统计: 正常边 268 条, 异常边 4 条
2025-04-16 23:18:42,634 - DEBUG - 正在保存可视化结果到 ./visual/omi/neighbor_all/value_times_range/omi-10/seg_1_1345_1406.png
2025-04-16 23:18:42,848 - INFO - 成功保存时间段 1345-1406 的可视化结果
2025-04-16 23:18:42,849 - INFO - 
正在处理时间段 3/8: 2224-2272
2025-04-16 23:18:42,849 - INFO - 该时间段的真实异常节点: {4, 5, 6, 7, 9, 10, 11, 12, 13, 14, 15, 16, 17, 18, 19}
2025-04-16 23:18:42,849 - INFO - 正在计算异常分数...
2025-04-16 23:18:42,887 - INFO - 检测到的异常节点: {1, 4, 5, 6, 7, 8, 9, 10, 11, 12, 13, 14, 15, 16, 17, 18, 19}
2025-04-16 23:18:42,887 - INFO - 正在为时间段 2224-2272 生成可视化
2025-04-16 23:18:42,887 - INFO - 正在为时间段 2224-2272 生成异常图可视化
2025-04-16 23:18:42,887 - DEBUG - 创建包含 19 个节点的图结构
2025-04-16 23:18:42,888 - DEBUG - 边统计: 正常边 264 条, 异常边 8 条
2025-04-16 23:18:42,945 - DEBUG - 正在保存可视化结果到 ./visual/omi/neighbor_all/value_times_range/omi-10/seg_2_2224_2272.png
2025-04-16 23:18:43,165 - INFO - 成功保存时间段 2224-2272 的可视化结果
2025-04-16 23:18:43,165 - INFO - 
正在处理时间段 4/8: 2514-2592
2025-04-16 23:18:43,165 - INFO - 该时间段的真实异常节点: {16, 4}
2025-04-16 23:18:43,166 - INFO - 正在计算异常分数...
2025-04-16 23:18:43,232 - INFO - 检测到的异常节点: {1, 4, 5, 6, 7, 8, 9, 10, 11, 12, 13, 14, 15, 16, 17, 18, 19}
2025-04-16 23:18:43,233 - INFO - 正在为时间段 2514-2592 生成可视化
2025-04-16 23:18:43,233 - INFO - 正在为时间段 2514-2592 生成异常图可视化
2025-04-16 23:18:43,233 - DEBUG - 创建包含 19 个节点的图结构
2025-04-16 23:18:43,234 - DEBUG - 边统计: 正常边 272 条, 异常边 0 条
2025-04-16 23:18:43,300 - DEBUG - 正在保存可视化结果到 ./visual/omi/neighbor_all/value_times_range/omi-10/seg_3_2514_2592.png
2025-04-16 23:18:43,519 - INFO - 成功保存时间段 2514-2592 的可视化结果
2025-04-16 23:18:43,520 - INFO - 
正在处理时间段 5/8: 2733-2778
2025-04-16 23:18:43,520 - INFO - 该时间段的真实异常节点: {11, 14, 15}
2025-04-16 23:18:43,520 - INFO - 正在计算异常分数...
2025-04-16 23:18:43,554 - INFO - 检测到的异常节点: {1, 4, 5, 7, 8, 9, 10, 11, 12, 13, 14, 15, 16, 17, 18, 19}
2025-04-16 23:18:43,554 - INFO - 正在为时间段 2733-2778 生成可视化
2025-04-16 23:18:43,554 - INFO - 正在为时间段 2733-2778 生成异常图可视化
2025-04-16 23:18:43,554 - DEBUG - 创建包含 19 个节点的图结构
2025-04-16 23:18:43,555 - DEBUG - 边统计: 正常边 238 条, 异常边 2 条
2025-04-16 23:18:43,615 - DEBUG - 正在保存可视化结果到 ./visual/omi/neighbor_all/value_times_range/omi-10/seg_4_2733_2778.png
2025-04-16 23:18:43,831 - INFO - 成功保存时间段 2733-2778 的可视化结果
2025-04-16 23:18:43,832 - INFO - 
正在处理时间段 6/8: 3401-3405
2025-04-16 23:18:43,832 - INFO - 该时间段的真实异常节点: {1}
2025-04-16 23:18:43,832 - INFO - 正在计算异常分数...
2025-04-16 23:18:43,833 - INFO - 检测到的异常节点: {4, 5}
2025-04-16 23:18:43,833 - INFO - 正在为时间段 3401-3405 生成可视化
2025-04-16 23:18:43,833 - INFO - 正在为时间段 3401-3405 生成异常图可视化
2025-04-16 23:18:43,833 - DEBUG - 创建包含 19 个节点的图结构
2025-04-16 23:18:43,834 - DEBUG - 边统计: 正常边 252 条, 异常边 20 条
2025-04-16 23:18:43,892 - DEBUG - 正在保存可视化结果到 ./visual/omi/neighbor_all/value_times_range/omi-10/seg_5_3401_3405.png
2025-04-16 23:18:44,108 - INFO - 成功保存时间段 3401-3405 的可视化结果
2025-04-16 23:18:44,108 - INFO - 
正在处理时间段 7/8: 3414-3459
2025-04-16 23:18:44,108 - INFO - 该时间段的真实异常节点: {8}
2025-04-16 23:18:44,108 - INFO - 正在计算异常分数...
2025-04-16 23:18:44,143 - INFO - 检测到的异常节点: {1, 4, 5, 6, 7, 8, 9, 10, 11, 12, 13, 14, 15, 16, 17, 18, 19}
2025-04-16 23:18:44,144 - INFO - 正在为时间段 3414-3459 生成可视化
2025-04-16 23:18:44,144 - INFO - 正在为时间段 3414-3459 生成异常图可视化
2025-04-16 23:18:44,144 - DEBUG - 创建包含 19 个节点的图结构
2025-04-16 23:18:44,145 - DEBUG - 边统计: 正常边 234 条, 异常边 38 条
2025-04-16 23:18:44,301 - DEBUG - 正在保存可视化结果到 ./visual/omi/neighbor_all/value_times_range/omi-10/seg_6_3414_3459.png
2025-04-16 23:18:44,522 - INFO - 成功保存时间段 3414-3459 的可视化结果
2025-04-16 23:18:44,522 - INFO - 
正在处理时间段 8/8: 3700-3744
2025-04-16 23:18:44,522 - INFO - 该时间段的真实异常节点: {7, 8, 9, 10, 11, 12, 13, 14, 15, 16, 17, 18}
2025-04-16 23:18:44,522 - INFO - 正在计算异常分数...
2025-04-16 23:18:44,556 - INFO - 检测到的异常节点: {1, 4, 5, 6, 7, 8, 9, 10, 11, 12, 13, 14, 15, 16, 17, 18, 19}
2025-04-16 23:18:44,556 - INFO - 正在为时间段 3700-3744 生成可视化
2025-04-16 23:18:44,556 - INFO - 正在为时间段 3700-3744 生成异常图可视化
2025-04-16 23:18:44,556 - DEBUG - 创建包含 19 个节点的图结构
2025-04-16 23:18:44,557 - DEBUG - 边统计: 正常边 228 条, 异常边 44 条
2025-04-16 23:18:44,615 - DEBUG - 正在保存可视化结果到 ./visual/omi/neighbor_all/value_times_range/omi-10/seg_7_3700_3744.png
2025-04-16 23:18:44,833 - INFO - 成功保存时间段 3700-3744 的可视化结果
2025-04-16 23:18:44,833 - INFO - 正在从 ./visual/omi/neighbor_all/value_times_range/omi-10 中的图像创建GIF
2025-04-16 23:18:45,375 - INFO - GIF已保存到 ./visual/omi/neighbor_all/value_times_range/omi-10/omi-10.gif
2025-04-16 23:18:45,376 - INFO - 
==================================================
2025-04-16 23:18:45,376 - INFO - 开始数据集可视化: omi-11
2025-04-16 23:18:45,376 - INFO - 使用参数: 评分模式=value_times_range, all=None, 阈值=3.0
2025-04-16 23:18:45,376 - INFO - ==================================================

2025-04-16 23:18:45,376 - INFO - 正在加载数据集 omi-11 的数据
2025-04-16 23:18:45,377 - INFO - 数据加载成功。训练集形状: (8640, 19), 测试集形状: (4320, 19)
2025-04-16 23:18:45,377 - INFO - 正在计算边缘统计量...
2025-04-16 23:18:48,580 - INFO - 已计算 153 条边的统计量
2025-04-16 23:18:48,581 - INFO - 为每个节点使用所有邻居
2025-04-16 23:18:48,581 - INFO - 可视化结果将保存到: ./visual/omi/neighbor_all/value_times_range/omi-11
2025-04-16 23:18:48,582 - INFO - 在数据集中发现 9 个异常时间段
2025-04-16 23:18:48,582 - INFO - 
正在处理时间段 1/9: 738-755
2025-04-16 23:18:48,582 - INFO - 该时间段的真实异常节点: {2}
2025-04-16 23:18:48,582 - INFO - 正在计算异常分数...
2025-04-16 23:18:48,593 - INFO - 检测到的异常节点: {4, 5, 6, 7, 8, 9, 10, 11, 12, 13, 14, 15, 16, 17, 18, 19}
2025-04-16 23:18:48,593 - INFO - 正在为时间段 738-755 生成可视化
2025-04-16 23:18:48,593 - INFO - 正在为时间段 738-755 生成异常图可视化
2025-04-16 23:18:48,593 - DEBUG - 创建包含 19 个节点的图结构
2025-04-16 23:18:48,595 - DEBUG - 边统计: 正常边 240 条, 异常边 0 条
2025-04-16 23:18:48,660 - DEBUG - 正在保存可视化结果到 ./visual/omi/neighbor_all/value_times_range/omi-11/seg_0_738_755.png
2025-04-16 23:18:48,871 - INFO - 成功保存时间段 738-755 的可视化结果
2025-04-16 23:18:48,871 - INFO - 
正在处理时间段 2/9: 757-815
2025-04-16 23:18:48,871 - INFO - 该时间段的真实异常节点: set()
2025-04-16 23:18:48,871 - INFO - 正在计算异常分数...
2025-04-16 23:18:48,916 - INFO - 检测到的异常节点: {1, 4, 5, 6, 7, 8, 9, 10, 11, 12, 13, 14, 15, 16, 17, 18, 19}
2025-04-16 23:18:48,916 - INFO - 正在为时间段 757-815 生成可视化
2025-04-16 23:18:48,916 - INFO - 正在为时间段 757-815 生成异常图可视化
2025-04-16 23:18:48,916 - DEBUG - 创建包含 19 个节点的图结构
2025-04-16 23:18:48,917 - DEBUG - 边统计: 正常边 248 条, 异常边 24 条
2025-04-16 23:18:48,973 - DEBUG - 正在保存可视化结果到 ./visual/omi/neighbor_all/value_times_range/omi-11/seg_1_757_815.png
2025-04-16 23:18:49,182 - INFO - 成功保存时间段 757-815 的可视化结果
2025-04-16 23:18:49,182 - INFO - 
正在处理时间段 3/9: 1366-1375
2025-04-16 23:18:49,183 - INFO - 该时间段的真实异常节点: {4, 5, 8, 17, 19}
2025-04-16 23:18:49,183 - INFO - 正在计算异常分数...
2025-04-16 23:18:49,188 - INFO - 检测到的异常节点: {1, 4, 5, 6, 7, 8, 9, 10, 11, 12, 13, 14, 15, 16, 17, 18, 19}
2025-04-16 23:18:49,188 - INFO - 正在为时间段 1366-1375 生成可视化
2025-04-16 23:18:49,188 - INFO - 正在为时间段 1366-1375 生成异常图可视化
2025-04-16 23:18:49,188 - DEBUG - 创建包含 19 个节点的图结构
2025-04-16 23:18:49,190 - DEBUG - 边统计: 正常边 210 条, 异常边 62 条
2025-04-16 23:18:49,245 - DEBUG - 正在保存可视化结果到 ./visual/omi/neighbor_all/value_times_range/omi-11/seg_2_1366_1375.png
2025-04-16 23:18:49,469 - INFO - 成功保存时间段 1366-1375 的可视化结果
2025-04-16 23:18:49,469 - INFO - 
正在处理时间段 4/9: 2301-2314
2025-04-16 23:18:49,470 - INFO - 该时间段的真实异常节点: {17, 19, 4, 5}
2025-04-16 23:18:49,470 - INFO - 正在计算异常分数...
2025-04-16 23:18:49,479 - INFO - 检测到的异常节点: {1, 4, 5, 6, 7, 8, 9, 10, 11, 12, 13, 14, 15, 16, 17, 18, 19}
2025-04-16 23:18:49,479 - INFO - 正在为时间段 2301-2314 生成可视化
2025-04-16 23:18:49,479 - INFO - 正在为时间段 2301-2314 生成异常图可视化
2025-04-16 23:18:49,479 - DEBUG - 创建包含 19 个节点的图结构
2025-04-16 23:18:49,480 - DEBUG - 边统计: 正常边 232 条, 异常边 40 条
2025-04-16 23:18:49,538 - DEBUG - 正在保存可视化结果到 ./visual/omi/neighbor_all/value_times_range/omi-11/seg_3_2301_2314.png
2025-04-16 23:18:49,752 - INFO - 成功保存时间段 2301-2314 的可视化结果
2025-04-16 23:18:49,752 - INFO - 
正在处理时间段 5/9: 2365-2381
2025-04-16 23:18:49,752 - INFO - 该时间段的真实异常节点: {19}
2025-04-16 23:18:49,752 - INFO - 正在计算异常分数...
2025-04-16 23:18:49,762 - INFO - 检测到的异常节点: {4, 6, 7, 8, 9, 10, 11, 12, 13, 14, 15, 16, 17, 18, 19}
2025-04-16 23:18:49,762 - INFO - 正在为时间段 2365-2381 生成可视化
2025-04-16 23:18:49,762 - INFO - 正在为时间段 2365-2381 生成异常图可视化
2025-04-16 23:18:49,762 - DEBUG - 创建包含 19 个节点的图结构
2025-04-16 23:18:49,763 - DEBUG - 边统计: 正常边 168 条, 异常边 42 条
2025-04-16 23:18:49,820 - DEBUG - 正在保存可视化结果到 ./visual/omi/neighbor_all/value_times_range/omi-11/seg_4_2365_2381.png
2025-04-16 23:18:50,031 - INFO - 成功保存时间段 2365-2381 的可视化结果
2025-04-16 23:18:50,031 - INFO - 
正在处理时间段 6/9: 2464-2485
2025-04-16 23:18:50,031 - INFO - 该时间段的真实异常节点: {17, 19, 4, 5}
2025-04-16 23:18:50,031 - INFO - 正在计算异常分数...
2025-04-16 23:18:50,046 - INFO - 检测到的异常节点: {1, 4, 5, 6, 7, 8, 9, 10, 11, 12, 13, 14, 15, 16, 17, 18, 19}
2025-04-16 23:18:50,046 - INFO - 正在为时间段 2464-2485 生成可视化
2025-04-16 23:18:50,046 - INFO - 正在为时间段 2464-2485 生成异常图可视化
2025-04-16 23:18:50,047 - DEBUG - 创建包含 19 个节点的图结构
2025-04-16 23:18:50,048 - DEBUG - 边统计: 正常边 236 条, 异常边 36 条
2025-04-16 23:18:50,103 - DEBUG - 正在保存可视化结果到 ./visual/omi/neighbor_all/value_times_range/omi-11/seg_5_2464_2485.png
2025-04-16 23:18:50,315 - INFO - 成功保存时间段 2464-2485 的可视化结果
2025-04-16 23:18:50,316 - INFO - 
正在处理时间段 7/9: 2588-2610
2025-04-16 23:18:50,316 - INFO - 该时间段的真实异常节点: {17, 19, 4, 5}
2025-04-16 23:18:50,316 - INFO - 正在计算异常分数...
2025-04-16 23:18:50,331 - INFO - 检测到的异常节点: {1, 4, 5, 6, 7, 8, 9, 10, 11, 12, 13, 14, 15, 16, 17, 18, 19}
2025-04-16 23:18:50,331 - INFO - 正在为时间段 2588-2610 生成可视化
2025-04-16 23:18:50,331 - INFO - 正在为时间段 2588-2610 生成异常图可视化
2025-04-16 23:18:50,331 - DEBUG - 创建包含 19 个节点的图结构
2025-04-16 23:18:50,332 - DEBUG - 边统计: 正常边 216 条, 异常边 56 条
2025-04-16 23:18:50,387 - DEBUG - 正在保存可视化结果到 ./visual/omi/neighbor_all/value_times_range/omi-11/seg_6_2588_2610.png
2025-04-16 23:18:50,599 - INFO - 成功保存时间段 2588-2610 的可视化结果
2025-04-16 23:18:50,599 - INFO - 
正在处理时间段 8/9: 2650-2675
2025-04-16 23:18:50,599 - INFO - 该时间段的真实异常节点: {19}
2025-04-16 23:18:50,599 - INFO - 正在计算异常分数...
2025-04-16 23:18:50,616 - INFO - 检测到的异常节点: {4, 5, 6, 7, 8, 9, 10, 11, 12, 13, 14, 15, 16, 17, 18, 19}
2025-04-16 23:18:50,617 - INFO - 正在为时间段 2650-2675 生成可视化
2025-04-16 23:18:50,617 - INFO - 正在为时间段 2650-2675 生成异常图可视化
2025-04-16 23:18:50,617 - DEBUG - 创建包含 19 个节点的图结构
2025-04-16 23:18:50,618 - DEBUG - 边统计: 正常边 192 条, 异常边 48 条
2025-04-16 23:18:50,675 - DEBUG - 正在保存可视化结果到 ./visual/omi/neighbor_all/value_times_range/omi-11/seg_7_2650_2675.png
2025-04-16 23:18:50,881 - INFO - 成功保存时间段 2650-2675 的可视化结果
2025-04-16 23:18:50,881 - INFO - 
正在处理时间段 9/9: 3012-3072
2025-04-16 23:18:50,881 - INFO - 该时间段的真实异常节点: {1, 4, 5, 8, 17, 19}
2025-04-16 23:18:50,881 - INFO - 正在计算异常分数...
2025-04-16 23:18:50,928 - INFO - 检测到的异常节点: {1, 4, 5, 6, 7, 8, 9, 10, 11, 12, 13, 14, 15, 16, 17, 18, 19}
2025-04-16 23:18:50,928 - INFO - 正在为时间段 3012-3072 生成可视化
2025-04-16 23:18:50,928 - INFO - 正在为时间段 3012-3072 生成异常图可视化
2025-04-16 23:18:50,928 - DEBUG - 创建包含 19 个节点的图结构
2025-04-16 23:18:50,929 - DEBUG - 边统计: 正常边 272 条, 异常边 0 条
2025-04-16 23:18:50,985 - DEBUG - 正在保存可视化结果到 ./visual/omi/neighbor_all/value_times_range/omi-11/seg_8_3012_3072.png
2025-04-16 23:18:51,196 - INFO - 成功保存时间段 3012-3072 的可视化结果
2025-04-16 23:18:51,196 - INFO - 正在从 ./visual/omi/neighbor_all/value_times_range/omi-11 中的图像创建GIF
2025-04-16 23:18:51,788 - INFO - GIF已保存到 ./visual/omi/neighbor_all/value_times_range/omi-11/omi-11.gif
2025-04-16 23:18:51,789 - INFO - 
==================================================
2025-04-16 23:18:51,790 - INFO - 开始数据集可视化: omi-12
2025-04-16 23:18:51,790 - INFO - 使用参数: 评分模式=value_times_range, all=None, 阈值=2.0
2025-04-16 23:18:51,790 - INFO - ==================================================

2025-04-16 23:18:51,790 - INFO - 正在加载数据集 omi-12 的数据
2025-04-16 23:18:51,791 - INFO - 数据加载成功。训练集形状: (7291, 19), 测试集形状: (4320, 19)
2025-04-16 23:18:51,791 - INFO - 正在计算边缘统计量...
2025-04-16 23:18:54,074 - INFO - 已计算 133 条边的统计量
2025-04-16 23:18:54,074 - INFO - 为每个节点使用所有邻居
2025-04-16 23:18:54,075 - INFO - 可视化结果将保存到: ./visual/omi/neighbor_all/value_times_range/omi-12
2025-04-16 23:18:54,076 - INFO - 在数据集中发现 5 个异常时间段
2025-04-16 23:18:54,076 - INFO - 
正在处理时间段 1/5: 740-813
2025-04-16 23:18:54,076 - INFO - 该时间段的真实异常节点: {1, 2, 6, 7, 8, 9, 10, 11, 12, 13, 14, 15, 16, 17, 18, 19}
2025-04-16 23:18:54,076 - INFO - 正在计算异常分数...
2025-04-16 23:18:54,127 - INFO - 检测到的异常节点: {1, 6, 7, 8, 9, 10, 11, 12, 13, 14, 15, 16, 17, 18, 19}
2025-04-16 23:18:54,127 - INFO - 正在为时间段 740-813 生成可视化
2025-04-16 23:18:54,127 - INFO - 正在为时间段 740-813 生成异常图可视化
2025-04-16 23:18:54,127 - DEBUG - 创建包含 19 个节点的图结构
2025-04-16 23:18:54,128 - DEBUG - 边统计: 正常边 140 条, 异常边 70 条
2025-04-16 23:18:54,193 - DEBUG - 正在保存可视化结果到 ./visual/omi/neighbor_all/value_times_range/omi-12/seg_0_740_813.png
2025-04-16 23:18:54,405 - INFO - 成功保存时间段 740-813 的可视化结果
2025-04-16 23:18:54,406 - INFO - 
正在处理时间段 2/5: 2486-2493
2025-04-16 23:18:54,406 - INFO - 该时间段的真实异常节点: {4, 5}
2025-04-16 23:18:54,406 - INFO - 正在计算异常分数...
2025-04-16 23:18:54,409 - INFO - 检测到的异常节点: {1, 4, 5, 7, 8, 9, 10, 14, 16, 17, 18}
2025-04-16 23:18:54,409 - INFO - 正在为时间段 2486-2493 生成可视化
2025-04-16 23:18:54,409 - INFO - 正在为时间段 2486-2493 生成异常图可视化
2025-04-16 23:18:54,409 - DEBUG - 创建包含 19 个节点的图结构
2025-04-16 23:18:54,410 - DEBUG - 边统计: 正常边 170 条, 异常边 36 条
2025-04-16 23:18:54,564 - DEBUG - 正在保存可视化结果到 ./visual/omi/neighbor_all/value_times_range/omi-12/seg_1_2486_2493.png
2025-04-16 23:18:54,773 - INFO - 成功保存时间段 2486-2493 的可视化结果
2025-04-16 23:18:54,773 - INFO - 
正在处理时间段 3/5: 2515-2525
2025-04-16 23:18:54,773 - INFO - 该时间段的真实异常节点: {1, 4, 5, 7, 8, 9, 17, 18}
2025-04-16 23:18:54,773 - INFO - 正在计算异常分数...
2025-04-16 23:18:54,779 - INFO - 检测到的异常节点: {1, 4, 5, 6, 7, 8, 9, 10, 11, 12, 13, 14, 15, 16, 17, 18, 19}
2025-04-16 23:18:54,779 - INFO - 正在为时间段 2515-2525 生成可视化
2025-04-16 23:18:54,780 - INFO - 正在为时间段 2515-2525 生成异常图可视化
2025-04-16 23:18:54,780 - DEBUG - 创建包含 19 个节点的图结构
2025-04-16 23:18:54,781 - DEBUG - 边统计: 正常边 190 条, 异常边 76 条
2025-04-16 23:18:54,837 - DEBUG - 正在保存可视化结果到 ./visual/omi/neighbor_all/value_times_range/omi-12/seg_2_2515_2525.png
2025-04-16 23:18:55,050 - INFO - 成功保存时间段 2515-2525 的可视化结果
2025-04-16 23:18:55,050 - INFO - 
正在处理时间段 4/5: 2721-2723
2025-04-16 23:18:55,050 - INFO - 该时间段的真实异常节点: {4}
2025-04-16 23:18:55,050 - INFO - 正在计算异常分数...
2025-04-16 23:18:55,050 - INFO - 检测到的异常节点: set()
2025-04-16 23:18:55,050 - INFO - 正在为时间段 2721-2723 生成可视化
2025-04-16 23:18:55,050 - INFO - 正在为时间段 2721-2723 生成异常图可视化
2025-04-16 23:18:55,050 - DEBUG - 创建包含 19 个节点的图结构
2025-04-16 23:18:55,051 - DEBUG - 边统计: 正常边 40 条, 异常边 48 条
2025-04-16 23:18:55,108 - DEBUG - 正在保存可视化结果到 ./visual/omi/neighbor_all/value_times_range/omi-12/seg_3_2721_2723.png
2025-04-16 23:18:55,313 - INFO - 成功保存时间段 2721-2723 的可视化结果
2025-04-16 23:18:55,313 - INFO - 
正在处理时间段 5/5: 3500-3535
2025-04-16 23:18:55,313 - INFO - 该时间段的真实异常节点: {5, 6, 7, 8, 11, 12, 13, 14, 15, 16, 17, 18, 19}
2025-04-16 23:18:55,314 - INFO - 正在计算异常分数...
2025-04-16 23:18:55,334 - INFO - 检测到的异常节点: {5, 6, 7, 8, 9, 10, 11, 12, 13, 14, 15, 16, 17, 18, 19}
2025-04-16 23:18:55,334 - INFO - 正在为时间段 3500-3535 生成可视化
2025-04-16 23:18:55,334 - INFO - 正在为时间段 3500-3535 生成异常图可视化
2025-04-16 23:18:55,334 - DEBUG - 创建包含 19 个节点的图结构
2025-04-16 23:18:55,335 - DEBUG - 边统计: 正常边 172 条, 异常边 38 条
2025-04-16 23:18:55,391 - DEBUG - 正在保存可视化结果到 ./visual/omi/neighbor_all/value_times_range/omi-12/seg_4_3500_3535.png
2025-04-16 23:18:55,601 - INFO - 成功保存时间段 3500-3535 的可视化结果
2025-04-16 23:18:55,601 - INFO - 正在从 ./visual/omi/neighbor_all/value_times_range/omi-12 中的图像创建GIF
2025-04-16 23:18:55,937 - INFO - GIF已保存到 ./visual/omi/neighbor_all/value_times_range/omi-12/omi-12.gif
2025-04-16 23:18:55,937 - INFO - 
==================================================
2025-04-16 23:18:55,937 - INFO - 开始数据集可视化: omi-2
2025-04-16 23:18:55,937 - INFO - 使用参数: 评分模式=value_times_range, all=None, 阈值=7.0
2025-04-16 23:18:55,937 - INFO - ==================================================

2025-04-16 23:18:55,937 - INFO - 正在加载数据集 omi-2 的数据
2025-04-16 23:18:55,938 - INFO - 数据加载成功。训练集形状: (8640, 19), 测试集形状: (4320, 19)
2025-04-16 23:18:55,938 - INFO - 正在计算边缘统计量...
2025-04-16 23:18:58,826 - INFO - 已计算 153 条边的统计量
2025-04-16 23:18:58,827 - INFO - 为每个节点使用所有邻居
2025-04-16 23:18:58,827 - INFO - 可视化结果将保存到: ./visual/omi/neighbor_all/value_times_range/omi-2
2025-04-16 23:18:58,828 - INFO - 在数据集中发现 4 个异常时间段
2025-04-16 23:18:58,828 - INFO - 
正在处理时间段 1/4: 486-498
2025-04-16 23:18:58,828 - INFO - 该时间段的真实异常节点: {1, 4, 5}
2025-04-16 23:18:58,828 - INFO - 正在计算异常分数...
2025-04-16 23:18:58,836 - INFO - 检测到的异常节点: {1, 4, 5, 6, 7, 8, 9, 10, 11, 12, 13, 14, 15, 16, 18, 19}
2025-04-16 23:18:58,836 - INFO - 正在为时间段 486-498 生成可视化
2025-04-16 23:18:58,836 - INFO - 正在为时间段 486-498 生成异常图可视化
2025-04-16 23:18:58,836 - DEBUG - 创建包含 19 个节点的图结构
2025-04-16 23:18:58,837 - DEBUG - 边统计: 正常边 272 条, 异常边 0 条
2025-04-16 23:18:58,897 - DEBUG - 正在保存可视化结果到 ./visual/omi/neighbor_all/value_times_range/omi-2/seg_0_486_498.png
2025-04-16 23:18:59,095 - INFO - 成功保存时间段 486-498 的可视化结果
2025-04-16 23:18:59,095 - INFO - 
正在处理时间段 2/4: 740-753
2025-04-16 23:18:59,095 - INFO - 该时间段的真实异常节点: {2}
2025-04-16 23:18:59,095 - INFO - 正在计算异常分数...
2025-04-16 23:18:59,103 - INFO - 检测到的异常节点: {2, 4, 5, 6, 7, 9, 10, 11, 12, 13, 14, 15, 16, 19}
2025-04-16 23:18:59,103 - INFO - 正在为时间段 740-753 生成可视化
2025-04-16 23:18:59,103 - INFO - 正在为时间段 740-753 生成异常图可视化
2025-04-16 23:18:59,103 - DEBUG - 创建包含 19 个节点的图结构
2025-04-16 23:18:59,104 - DEBUG - 边统计: 正常边 268 条, 异常边 4 条
2025-04-16 23:18:59,155 - DEBUG - 正在保存可视化结果到 ./visual/omi/neighbor_all/value_times_range/omi-2/seg_1_740_753.png
2025-04-16 23:18:59,351 - INFO - 成功保存时间段 740-753 的可视化结果
2025-04-16 23:18:59,351 - INFO - 
正在处理时间段 3/4: 766-783
2025-04-16 23:18:59,351 - INFO - 该时间段的真实异常节点: {1, 5, 6, 7, 8, 9, 10, 11, 12, 13, 14, 15, 16, 17, 18, 19}
2025-04-16 23:18:59,351 - INFO - 正在计算异常分数...
2025-04-16 23:18:59,362 - INFO - 检测到的异常节点: {1, 5, 6, 7, 8, 9, 10, 11, 12, 13, 14, 15, 16, 17, 18, 19}
2025-04-16 23:18:59,362 - INFO - 正在为时间段 766-783 生成可视化
2025-04-16 23:18:59,362 - INFO - 正在为时间段 766-783 生成异常图可视化
2025-04-16 23:18:59,362 - DEBUG - 创建包含 19 个节点的图结构
2025-04-16 23:18:59,363 - DEBUG - 边统计: 正常边 222 条, 异常边 50 条
2025-04-16 23:18:59,415 - DEBUG - 正在保存可视化结果到 ./visual/omi/neighbor_all/value_times_range/omi-2/seg_2_766_783.png
2025-04-16 23:18:59,611 - INFO - 成功保存时间段 766-783 的可视化结果
2025-04-16 23:18:59,611 - INFO - 
正在处理时间段 4/4: 1436-1445
2025-04-16 23:18:59,611 - INFO - 该时间段的真实异常节点: {7, 9, 10, 11, 12, 13, 14, 15, 16, 17, 18}
2025-04-16 23:18:59,611 - INFO - 正在计算异常分数...
2025-04-16 23:18:59,616 - INFO - 检测到的异常节点: {1, 4, 5, 6, 7, 8, 9, 10, 11, 12, 13, 14, 15, 16, 17, 18, 19}
2025-04-16 23:18:59,616 - INFO - 正在为时间段 1436-1445 生成可视化
2025-04-16 23:18:59,616 - INFO - 正在为时间段 1436-1445 生成异常图可视化
2025-04-16 23:18:59,616 - DEBUG - 创建包含 19 个节点的图结构
2025-04-16 23:18:59,617 - DEBUG - 边统计: 正常边 270 条, 异常边 2 条
2025-04-16 23:18:59,669 - DEBUG - 正在保存可视化结果到 ./visual/omi/neighbor_all/value_times_range/omi-2/seg_3_1436_1445.png
2025-04-16 23:18:59,863 - INFO - 成功保存时间段 1436-1445 的可视化结果
2025-04-16 23:18:59,863 - INFO - 正在从 ./visual/omi/neighbor_all/value_times_range/omi-2 中的图像创建GIF
2025-04-16 23:19:00,115 - INFO - GIF已保存到 ./visual/omi/neighbor_all/value_times_range/omi-2/omi-2.gif
2025-04-16 23:19:00,116 - INFO - 
==================================================
2025-04-16 23:19:00,116 - INFO - 开始数据集可视化: omi-3
2025-04-16 23:19:00,116 - INFO - 使用参数: 评分模式=value_times_range, all=None, 阈值=7.0
2025-04-16 23:19:00,116 - INFO - ==================================================

2025-04-16 23:19:00,116 - INFO - 正在加载数据集 omi-3 的数据
2025-04-16 23:19:00,117 - INFO - 数据加载成功。训练集形状: (8640, 19), 测试集形状: (4320, 19)
2025-04-16 23:19:00,117 - INFO - 正在计算边缘统计量...
2025-04-16 23:19:02,751 - INFO - 已计算 136 条边的统计量
2025-04-16 23:19:02,751 - INFO - 为每个节点使用所有邻居
2025-04-16 23:19:02,751 - INFO - 可视化结果将保存到: ./visual/omi/neighbor_all/value_times_range/omi-3
2025-04-16 23:19:02,752 - INFO - 在数据集中发现 6 个异常时间段
2025-04-16 23:19:02,752 - INFO - 
正在处理时间段 1/6: 760-820
2025-04-16 23:19:02,752 - INFO - 该时间段的真实异常节点: {1, 4, 6, 7, 8, 9, 10, 11, 12, 13, 14, 15, 16, 17, 18, 19}
2025-04-16 23:19:02,752 - INFO - 正在计算异常分数...
2025-04-16 23:19:02,794 - INFO - 检测到的异常节点: {1, 4, 5, 6, 7, 8, 9, 10, 11, 12, 13, 14, 15, 16, 17, 18, 19}
2025-04-16 23:19:02,794 - INFO - 正在为时间段 760-820 生成可视化
2025-04-16 23:19:02,794 - INFO - 正在为时间段 760-820 生成异常图可视化
2025-04-16 23:19:02,794 - DEBUG - 创建包含 19 个节点的图结构
2025-04-16 23:19:02,795 - DEBUG - 边统计: 正常边 248 条, 异常边 24 条
2025-04-16 23:19:02,849 - DEBUG - 正在保存可视化结果到 ./visual/omi/neighbor_all/value_times_range/omi-3/seg_0_760_820.png
2025-04-16 23:19:03,044 - INFO - 成功保存时间段 760-820 的可视化结果
2025-04-16 23:19:03,045 - INFO - 
正在处理时间段 2/6: 842-860
2025-04-16 23:19:03,045 - INFO - 该时间段的真实异常节点: {7, 8, 9, 10, 11, 12, 13, 14, 15, 16, 17, 18, 19}
2025-04-16 23:19:03,045 - INFO - 正在计算异常分数...
2025-04-16 23:19:03,057 - INFO - 检测到的异常节点: {4, 5, 6, 7, 8, 9, 10, 11, 12, 13, 14, 15, 16, 17, 18, 19}
2025-04-16 23:19:03,057 - INFO - 正在为时间段 842-860 生成可视化
2025-04-16 23:19:03,057 - INFO - 正在为时间段 842-860 生成异常图可视化
2025-04-16 23:19:03,057 - DEBUG - 创建包含 19 个节点的图结构
2025-04-16 23:19:03,058 - DEBUG - 边统计: 正常边 224 条, 异常边 16 条
2025-04-16 23:19:03,111 - DEBUG - 正在保存可视化结果到 ./visual/omi/neighbor_all/value_times_range/omi-3/seg_1_842_860.png
2025-04-16 23:19:03,303 - INFO - 成功保存时间段 842-860 的可视化结果
2025-04-16 23:19:03,303 - INFO - 
正在处理时间段 3/6: 1080-1120
2025-04-16 23:19:03,304 - INFO - 该时间段的真实异常节点: {7, 9, 10, 11, 12, 13, 14, 15, 16, 17, 18}
2025-04-16 23:19:03,304 - INFO - 正在计算异常分数...
2025-04-16 23:19:03,331 - INFO - 检测到的异常节点: {1, 4, 5, 6, 7, 8, 9, 10, 11, 12, 13, 14, 15, 16, 17, 18, 19}
2025-04-16 23:19:03,331 - INFO - 正在为时间段 1080-1120 生成可视化
2025-04-16 23:19:03,331 - INFO - 正在为时间段 1080-1120 生成异常图可视化
2025-04-16 23:19:03,332 - DEBUG - 创建包含 19 个节点的图结构
2025-04-16 23:19:03,333 - DEBUG - 边统计: 正常边 272 条, 异常边 0 条
2025-04-16 23:19:03,384 - DEBUG - 正在保存可视化结果到 ./visual/omi/neighbor_all/value_times_range/omi-3/seg_2_1080_1120.png
2025-04-16 23:19:03,579 - INFO - 成功保存时间段 1080-1120 的可视化结果
2025-04-16 23:19:03,579 - INFO - 
正在处理时间段 4/6: 2188-2201
2025-04-16 23:19:03,579 - INFO - 该时间段的真实异常节点: {7, 9, 10, 11, 12, 13, 14, 15, 16, 17, 18, 19}
2025-04-16 23:19:03,579 - INFO - 正在计算异常分数...
2025-04-16 23:19:03,587 - INFO - 检测到的异常节点: {6, 7, 8, 9, 10, 11, 12, 13, 14, 15, 16, 17, 18, 19}
2025-04-16 23:19:03,587 - INFO - 正在为时间段 2188-2201 生成可视化
2025-04-16 23:19:03,587 - INFO - 正在为时间段 2188-2201 生成异常图可视化
2025-04-16 23:19:03,587 - DEBUG - 创建包含 19 个节点的图结构
2025-04-16 23:19:03,588 - DEBUG - 边统计: 正常边 258 条, 异常边 14 条
2025-04-16 23:19:03,639 - DEBUG - 正在保存可视化结果到 ./visual/omi/neighbor_all/value_times_range/omi-3/seg_3_2188_2201.png
2025-04-16 23:19:03,846 - INFO - 成功保存时间段 2188-2201 的可视化结果
2025-04-16 23:19:03,846 - INFO - 
正在处理时间段 5/6: 2497-2500
2025-04-16 23:19:03,847 - INFO - 该时间段的真实异常节点: {6, 7, 9, 10, 11, 12, 13, 14, 15, 16, 17, 18, 19}
2025-04-16 23:19:03,847 - INFO - 正在计算异常分数...
2025-04-16 23:19:03,847 - INFO - 检测到的异常节点: set()
2025-04-16 23:19:03,847 - INFO - 正在为时间段 2497-2500 生成可视化
2025-04-16 23:19:03,847 - INFO - 正在为时间段 2497-2500 生成异常图可视化
2025-04-16 23:19:03,847 - DEBUG - 创建包含 19 个节点的图结构
2025-04-16 23:19:03,848 - DEBUG - 边统计: 正常边 208 条, 异常边 2 条
2025-04-16 23:19:03,994 - DEBUG - 正在保存可视化结果到 ./visual/omi/neighbor_all/value_times_range/omi-3/seg_4_2497_2500.png
2025-04-16 23:19:04,190 - INFO - 成功保存时间段 2497-2500 的可视化结果
2025-04-16 23:19:04,190 - INFO - 
正在处理时间段 6/6: 3428-3434
2025-04-16 23:19:04,191 - INFO - 该时间段的真实异常节点: {7, 8, 9, 10, 11, 12, 13, 14, 15, 16, 17, 18, 19}
2025-04-16 23:19:04,191 - INFO - 正在计算异常分数...
2025-04-16 23:19:04,193 - INFO - 检测到的异常节点: {7, 8, 9, 10, 11, 12, 13, 14, 15, 16, 18, 19}
2025-04-16 23:19:04,193 - INFO - 正在为时间段 3428-3434 生成可视化
2025-04-16 23:19:04,193 - INFO - 正在为时间段 3428-3434 生成异常图可视化
2025-04-16 23:19:04,194 - DEBUG - 创建包含 19 个节点的图结构
2025-04-16 23:19:04,195 - DEBUG - 边统计: 正常边 270 条, 异常边 2 条
2025-04-16 23:19:04,246 - DEBUG - 正在保存可视化结果到 ./visual/omi/neighbor_all/value_times_range/omi-3/seg_5_3428_3434.png
2025-04-16 23:19:04,442 - INFO - 成功保存时间段 3428-3434 的可视化结果
2025-04-16 23:19:04,442 - INFO - 正在从 ./visual/omi/neighbor_all/value_times_range/omi-3 中的图像创建GIF
2025-04-16 23:19:04,811 - INFO - GIF已保存到 ./visual/omi/neighbor_all/value_times_range/omi-3/omi-3.gif
2025-04-16 23:19:04,812 - INFO - 
==================================================
2025-04-16 23:19:04,812 - INFO - 开始数据集可视化: omi-4
2025-04-16 23:19:04,812 - INFO - 使用参数: 评分模式=value_times_range, all=None, 阈值=6.0
2025-04-16 23:19:04,812 - INFO - ==================================================

2025-04-16 23:19:04,812 - INFO - 正在加载数据集 omi-4 的数据
2025-04-16 23:19:04,813 - INFO - 数据加载成功。训练集形状: (8640, 19), 测试集形状: (4320, 19)
2025-04-16 23:19:04,813 - INFO - 正在计算边缘统计量...
2025-04-16 23:19:07,499 - INFO - 已计算 136 条边的统计量
2025-04-16 23:19:07,499 - INFO - 为每个节点使用所有邻居
2025-04-16 23:19:07,499 - INFO - 可视化结果将保存到: ./visual/omi/neighbor_all/value_times_range/omi-4
2025-04-16 23:19:07,500 - INFO - 在数据集中发现 5 个异常时间段
2025-04-16 23:19:07,500 - INFO - 
正在处理时间段 1/5: 727-782
2025-04-16 23:19:07,500 - INFO - 该时间段的真实异常节点: {1, 2, 6, 7, 8, 9, 10, 11, 12, 13, 14, 15, 16, 17, 18, 19}
2025-04-16 23:19:07,500 - INFO - 正在计算异常分数...
2025-04-16 23:19:07,538 - INFO - 检测到的异常节点: {1, 4, 5, 6, 7, 8, 9, 10, 11, 12, 13, 14, 15, 16, 17, 18, 19}
2025-04-16 23:19:07,538 - INFO - 正在为时间段 727-782 生成可视化
2025-04-16 23:19:07,538 - INFO - 正在为时间段 727-782 生成异常图可视化
2025-04-16 23:19:07,538 - DEBUG - 创建包含 19 个节点的图结构
2025-04-16 23:19:07,539 - DEBUG - 边统计: 正常边 240 条, 异常边 32 条
2025-04-16 23:19:07,593 - DEBUG - 正在保存可视化结果到 ./visual/omi/neighbor_all/value_times_range/omi-4/seg_0_727_782.png
2025-04-16 23:19:07,789 - INFO - 成功保存时间段 727-782 的可视化结果
2025-04-16 23:19:07,789 - INFO - 
正在处理时间段 2/5: 843-857
2025-04-16 23:19:07,789 - INFO - 该时间段的真实异常节点: {6, 7, 8, 9, 10, 11, 12, 13, 14, 15, 16, 17, 18, 19}
2025-04-16 23:19:07,789 - INFO - 正在计算异常分数...
2025-04-16 23:19:07,798 - INFO - 检测到的异常节点: {4, 5, 6, 7, 8, 9, 10, 11, 12, 13, 14, 15, 16, 17, 18, 19}
2025-04-16 23:19:07,798 - INFO - 正在为时间段 843-857 生成可视化
2025-04-16 23:19:07,798 - INFO - 正在为时间段 843-857 生成异常图可视化
2025-04-16 23:19:07,798 - DEBUG - 创建包含 19 个节点的图结构
2025-04-16 23:19:07,799 - DEBUG - 边统计: 正常边 236 条, 异常边 4 条
2025-04-16 23:19:07,852 - DEBUG - 正在保存可视化结果到 ./visual/omi/neighbor_all/value_times_range/omi-4/seg_1_843_857.png
2025-04-16 23:19:08,043 - INFO - 成功保存时间段 843-857 的可视化结果
2025-04-16 23:19:08,043 - INFO - 
正在处理时间段 3/5: 2178-2238
2025-04-16 23:19:08,044 - INFO - 该时间段的真实异常节点: {8, 9, 10, 11, 12, 13, 14, 15, 16, 17, 18, 19}
2025-04-16 23:19:08,044 - INFO - 正在计算异常分数...
2025-04-16 23:19:08,084 - INFO - 检测到的异常节点: {1, 4, 5, 6, 7, 8, 9, 10, 11, 12, 13, 14, 15, 16, 17, 18, 19}
2025-04-16 23:19:08,084 - INFO - 正在为时间段 2178-2238 生成可视化
2025-04-16 23:19:08,084 - INFO - 正在为时间段 2178-2238 生成异常图可视化
2025-04-16 23:19:08,084 - DEBUG - 创建包含 19 个节点的图结构
2025-04-16 23:19:08,085 - DEBUG - 边统计: 正常边 272 条, 异常边 0 条
2025-04-16 23:19:08,136 - DEBUG - 正在保存可视化结果到 ./visual/omi/neighbor_all/value_times_range/omi-4/seg_2_2178_2238.png
2025-04-16 23:19:08,330 - INFO - 成功保存时间段 2178-2238 的可视化结果
2025-04-16 23:19:08,330 - INFO - 
正在处理时间段 4/5: 2494-2501
2025-04-16 23:19:08,330 - INFO - 该时间段的真实异常节点: {7, 9, 10, 11, 12, 13, 14, 15, 16, 17, 18, 19}
2025-04-16 23:19:08,330 - INFO - 正在计算异常分数...
2025-04-16 23:19:08,333 - INFO - 检测到的异常节点: {6, 7, 9, 10, 11, 12, 13, 14, 15, 16, 17, 18, 19}
2025-04-16 23:19:08,333 - INFO - 正在为时间段 2494-2501 生成可视化
2025-04-16 23:19:08,333 - INFO - 正在为时间段 2494-2501 生成异常图可视化
2025-04-16 23:19:08,333 - DEBUG - 创建包含 19 个节点的图结构
2025-04-16 23:19:08,334 - DEBUG - 边统计: 正常边 218 条, 异常边 22 条
2025-04-16 23:19:08,387 - DEBUG - 正在保存可视化结果到 ./visual/omi/neighbor_all/value_times_range/omi-4/seg_3_2494_2501.png
2025-04-16 23:19:08,578 - INFO - 成功保存时间段 2494-2501 的可视化结果
2025-04-16 23:19:08,578 - INFO - 
正在处理时间段 5/5: 3425-3435
2025-04-16 23:19:08,578 - INFO - 该时间段的真实异常节点: {7, 8, 9, 10, 11, 12, 13, 14, 15, 16, 17, 18, 19}
2025-04-16 23:19:08,578 - INFO - 正在计算异常分数...
2025-04-16 23:19:08,584 - INFO - 检测到的异常节点: {5, 6, 7, 8, 9, 10, 11, 12, 13, 14, 15, 16, 17, 18, 19}
2025-04-16 23:19:08,584 - INFO - 正在为时间段 3425-3435 生成可视化
2025-04-16 23:19:08,584 - INFO - 正在为时间段 3425-3435 生成异常图可视化
2025-04-16 23:19:08,584 - DEBUG - 创建包含 19 个节点的图结构
2025-04-16 23:19:08,586 - DEBUG - 边统计: 正常边 252 条, 异常边 20 条
2025-04-16 23:19:08,636 - DEBUG - 正在保存可视化结果到 ./visual/omi/neighbor_all/value_times_range/omi-4/seg_4_3425_3435.png
2025-04-16 23:19:08,831 - INFO - 成功保存时间段 3425-3435 的可视化结果
2025-04-16 23:19:08,831 - INFO - 正在从 ./visual/omi/neighbor_all/value_times_range/omi-4 中的图像创建GIF
2025-04-16 23:19:09,141 - INFO - GIF已保存到 ./visual/omi/neighbor_all/value_times_range/omi-4/omi-4.gif
2025-04-16 23:19:09,142 - INFO - 
==================================================
2025-04-16 23:19:09,142 - INFO - 开始数据集可视化: omi-5
2025-04-16 23:19:09,142 - INFO - 使用参数: 评分模式=value_times_range, all=None, 阈值=0.0
2025-04-16 23:19:09,142 - INFO - ==================================================

2025-04-16 23:19:09,142 - INFO - 正在加载数据集 omi-5 的数据
2025-04-16 23:19:09,143 - INFO - 数据加载成功。训练集形状: (8640, 19), 测试集形状: (4320, 19)
2025-04-16 23:19:09,143 - INFO - 正在计算边缘统计量...
2025-04-16 23:19:12,040 - INFO - 已计算 153 条边的统计量
2025-04-16 23:19:12,041 - INFO - 为每个节点使用所有邻居
2025-04-16 23:19:12,041 - INFO - 可视化结果将保存到: ./visual/omi/neighbor_all/value_times_range/omi-5
2025-04-16 23:19:12,042 - INFO - 在数据集中发现 6 个异常时间段
2025-04-16 23:19:12,042 - INFO - 
正在处理时间段 1/6: 765-781
2025-04-16 23:19:12,042 - INFO - 该时间段的真实异常节点: {6, 7, 8, 9, 10, 11, 12, 13, 14, 15, 16, 17, 18, 19}
2025-04-16 23:19:12,042 - INFO - 正在计算异常分数...
2025-04-16 23:19:12,052 - INFO - 检测到的异常节点: {1, 2, 5, 6, 7, 8, 9, 10, 11, 12, 13, 14, 15, 16, 17, 18, 19}
2025-04-16 23:19:12,052 - INFO - 正在为时间段 765-781 生成可视化
2025-04-16 23:19:12,052 - INFO - 正在为时间段 765-781 生成异常图可视化
2025-04-16 23:19:12,053 - DEBUG - 创建包含 19 个节点的图结构
2025-04-16 23:19:12,054 - DEBUG - 边统计: 正常边 214 条, 异常边 92 条
2025-04-16 23:19:12,112 - DEBUG - 正在保存可视化结果到 ./visual/omi/neighbor_all/value_times_range/omi-5/seg_0_765_781.png
2025-04-16 23:19:12,320 - INFO - 成功保存时间段 765-781 的可视化结果
2025-04-16 23:19:12,320 - INFO - 
正在处理时间段 2/6: 1589-1617
2025-04-16 23:19:12,321 - INFO - 该时间段的真实异常节点: {17, 2, 4}
2025-04-16 23:19:12,321 - INFO - 正在计算异常分数...
2025-04-16 23:19:12,343 - INFO - 检测到的异常节点: {1, 2, 4, 5, 6, 7, 8, 9, 10, 11, 12, 13, 14, 15, 16, 17, 18, 19}
2025-04-16 23:19:12,343 - INFO - 正在为时间段 1589-1617 生成可视化
2025-04-16 23:19:12,343 - INFO - 正在为时间段 1589-1617 生成异常图可视化
2025-04-16 23:19:12,343 - DEBUG - 创建包含 19 个节点的图结构
2025-04-16 23:19:12,344 - DEBUG - 边统计: 正常边 270 条, 异常边 36 条
2025-04-16 23:19:12,395 - DEBUG - 正在保存可视化结果到 ./visual/omi/neighbor_all/value_times_range/omi-5/seg_1_1589_1617.png
2025-04-16 23:19:12,601 - INFO - 成功保存时间段 1589-1617 的可视化结果
2025-04-16 23:19:12,601 - INFO - 
正在处理时间段 3/6: 2440-2446
2025-04-16 23:19:12,601 - INFO - 该时间段的真实异常节点: {8, 11, 12, 13, 14, 15, 16, 17, 18, 19}
2025-04-16 23:19:12,601 - INFO - 正在计算异常分数...
2025-04-16 23:19:12,604 - INFO - 检测到的异常节点: {1, 4, 5, 6, 7, 8, 9, 10, 11, 12, 13, 14, 15, 16, 17, 18, 19}
2025-04-16 23:19:12,604 - INFO - 正在为时间段 2440-2446 生成可视化
2025-04-16 23:19:12,604 - INFO - 正在为时间段 2440-2446 生成异常图可视化
2025-04-16 23:19:12,604 - DEBUG - 创建包含 19 个节点的图结构
2025-04-16 23:19:12,605 - DEBUG - 边统计: 正常边 246 条, 异常边 60 条
2025-04-16 23:19:12,655 - DEBUG - 正在保存可视化结果到 ./visual/omi/neighbor_all/value_times_range/omi-5/seg_2_2440_2446.png
2025-04-16 23:19:12,862 - INFO - 成功保存时间段 2440-2446 的可视化结果
2025-04-16 23:19:12,862 - INFO - 
正在处理时间段 4/6: 3356-3363
2025-04-16 23:19:12,862 - INFO - 该时间段的真实异常节点: {17, 5, 6}
2025-04-16 23:19:12,862 - INFO - 正在计算异常分数...
2025-04-16 23:19:12,865 - INFO - 检测到的异常节点: {1, 4, 5, 6, 7, 8, 9, 10, 11, 12, 13, 14, 15, 16, 17, 18, 19}
2025-04-16 23:19:12,865 - INFO - 正在为时间段 3356-3363 生成可视化
2025-04-16 23:19:12,866 - INFO - 正在为时间段 3356-3363 生成异常图可视化
2025-04-16 23:19:12,866 - DEBUG - 创建包含 19 个节点的图结构
2025-04-16 23:19:12,867 - DEBUG - 边统计: 正常边 260 条, 异常边 46 条
2025-04-16 23:19:12,917 - DEBUG - 正在保存可视化结果到 ./visual/omi/neighbor_all/value_times_range/omi-5/seg_3_3356_3363.png
2025-04-16 23:19:13,123 - INFO - 成功保存时间段 3356-3363 的可视化结果
2025-04-16 23:19:13,123 - INFO - 
正在处理时间段 5/6: 3416-3423
2025-04-16 23:19:13,123 - INFO - 该时间段的真实异常节点: {4, 5, 7, 9, 10, 11, 12, 13, 14, 15, 16, 17, 18, 19}
2025-04-16 23:19:13,123 - INFO - 正在计算异常分数...
2025-04-16 23:19:13,127 - INFO - 检测到的异常节点: {1, 4, 5, 6, 7, 8, 9, 10, 11, 12, 13, 14, 15, 16, 17, 18, 19}
2025-04-16 23:19:13,127 - INFO - 正在为时间段 3416-3423 生成可视化
2025-04-16 23:19:13,127 - INFO - 正在为时间段 3416-3423 生成异常图可视化
2025-04-16 23:19:13,127 - DEBUG - 创建包含 19 个节点的图结构
2025-04-16 23:19:13,128 - DEBUG - 边统计: 正常边 294 条, 异常边 12 条
2025-04-16 23:19:13,267 - DEBUG - 正在保存可视化结果到 ./visual/omi/neighbor_all/value_times_range/omi-5/seg_4_3416_3423.png
2025-04-16 23:19:13,474 - INFO - 成功保存时间段 3416-3423 的可视化结果
2025-04-16 23:19:13,474 - INFO - 
正在处理时间段 6/6: 3590-3594
2025-04-16 23:19:13,474 - INFO - 该时间段的真实异常节点: {1, 8, 17, 18, 19}
2025-04-16 23:19:13,474 - INFO - 正在计算异常分数...
2025-04-16 23:19:13,475 - INFO - 检测到的异常节点: {1, 4, 5, 6, 7, 8, 9, 10, 11, 12, 13, 14, 15, 16, 17, 18, 19}
2025-04-16 23:19:13,475 - INFO - 正在为时间段 3590-3594 生成可视化
2025-04-16 23:19:13,475 - INFO - 正在为时间段 3590-3594 生成异常图可视化
2025-04-16 23:19:13,476 - DEBUG - 创建包含 19 个节点的图结构
2025-04-16 23:19:13,477 - DEBUG - 边统计: 正常边 232 条, 异常边 74 条
2025-04-16 23:19:13,527 - DEBUG - 正在保存可视化结果到 ./visual/omi/neighbor_all/value_times_range/omi-5/seg_5_3590_3594.png
2025-04-16 23:19:13,733 - INFO - 成功保存时间段 3590-3594 的可视化结果
2025-04-16 23:19:13,733 - INFO - 正在从 ./visual/omi/neighbor_all/value_times_range/omi-5 中的图像创建GIF
2025-04-16 23:19:14,105 - INFO - GIF已保存到 ./visual/omi/neighbor_all/value_times_range/omi-5/omi-5.gif
2025-04-16 23:19:14,106 - INFO - 
==================================================
2025-04-16 23:19:14,106 - INFO - 开始数据集可视化: omi-6
2025-04-16 23:19:14,106 - INFO - 使用参数: 评分模式=value_times_range, all=None, 阈值=5.5
2025-04-16 23:19:14,106 - INFO - ==================================================

2025-04-16 23:19:14,106 - INFO - 正在加载数据集 omi-6 的数据
2025-04-16 23:19:14,107 - INFO - 数据加载成功。训练集形状: (8640, 19), 测试集形状: (4320, 19)
2025-04-16 23:19:14,107 - INFO - 正在计算边缘统计量...
2025-04-16 23:19:16,799 - INFO - 已计算 153 条边的统计量
2025-04-16 23:19:16,799 - INFO - 为每个节点使用所有邻居
2025-04-16 23:19:16,800 - INFO - 可视化结果将保存到: ./visual/omi/neighbor_all/value_times_range/omi-6
2025-04-16 23:19:16,800 - INFO - 在数据集中发现 10 个异常时间段
2025-04-16 23:19:16,800 - INFO - 
正在处理时间段 1/10: 357-392
2025-04-16 23:19:16,801 - INFO - 该时间段的真实异常节点: {19, 4}
2025-04-16 23:19:16,801 - INFO - 正在计算异常分数...
2025-04-16 23:19:16,824 - INFO - 检测到的异常节点: {1, 4, 5, 6, 7, 8, 9, 10, 11, 12, 13, 14, 15, 16, 17, 18, 19}
2025-04-16 23:19:16,824 - INFO - 正在为时间段 357-392 生成可视化
2025-04-16 23:19:16,824 - INFO - 正在为时间段 357-392 生成异常图可视化
2025-04-16 23:19:16,824 - DEBUG - 创建包含 19 个节点的图结构
2025-04-16 23:19:16,825 - DEBUG - 边统计: 正常边 254 条, 异常边 18 条
2025-04-16 23:19:16,878 - DEBUG - 正在保存可视化结果到 ./visual/omi/neighbor_all/value_times_range/omi-6/seg_0_357_392.png
2025-04-16 23:19:17,075 - INFO - 成功保存时间段 357-392 的可视化结果
2025-04-16 23:19:17,076 - INFO - 
正在处理时间段 2/10: 750-788
2025-04-16 23:19:17,076 - INFO - 该时间段的真实异常节点: {2, 6, 7, 8, 9, 10, 11, 12, 13, 14, 15, 16, 17, 18, 19}
2025-04-16 23:19:17,076 - INFO - 正在计算异常分数...
2025-04-16 23:19:17,103 - INFO - 检测到的异常节点: {1, 4, 5, 6, 7, 8, 9, 10, 11, 12, 13, 14, 15, 16, 17, 18, 19}
2025-04-16 23:19:17,103 - INFO - 正在为时间段 750-788 生成可视化
2025-04-16 23:19:17,103 - INFO - 正在为时间段 750-788 生成异常图可视化
2025-04-16 23:19:17,103 - DEBUG - 创建包含 19 个节点的图结构
2025-04-16 23:19:17,104 - DEBUG - 边统计: 正常边 184 条, 异常边 88 条
2025-04-16 23:19:17,155 - DEBUG - 正在保存可视化结果到 ./visual/omi/neighbor_all/value_times_range/omi-6/seg_1_750_788.png
2025-04-16 23:19:17,350 - INFO - 成功保存时间段 750-788 的可视化结果
2025-04-16 23:19:17,350 - INFO - 
正在处理时间段 3/10: 1278-1293
2025-04-16 23:19:17,350 - INFO - 该时间段的真实异常节点: {4, 5, 6, 8, 17}
2025-04-16 23:19:17,350 - INFO - 正在计算异常分数...
2025-04-16 23:19:17,360 - INFO - 检测到的异常节点: {1, 4, 5, 6, 7, 8, 9, 10, 11, 12, 13, 14, 15, 16, 17, 18, 19}
2025-04-16 23:19:17,360 - INFO - 正在为时间段 1278-1293 生成可视化
2025-04-16 23:19:17,360 - INFO - 正在为时间段 1278-1293 生成异常图可视化
2025-04-16 23:19:17,360 - DEBUG - 创建包含 19 个节点的图结构
2025-04-16 23:19:17,361 - DEBUG - 边统计: 正常边 270 条, 异常边 2 条
2025-04-16 23:19:17,412 - DEBUG - 正在保存可视化结果到 ./visual/omi/neighbor_all/value_times_range/omi-6/seg_2_1278_1293.png
2025-04-16 23:19:17,607 - INFO - 成功保存时间段 1278-1293 的可视化结果
2025-04-16 23:19:17,607 - INFO - 
正在处理时间段 4/10: 1590-1615
2025-04-16 23:19:17,608 - INFO - 该时间段的真实异常节点: {1, 18, 9}
2025-04-16 23:19:17,608 - INFO - 正在计算异常分数...
2025-04-16 23:19:17,624 - INFO - 检测到的异常节点: {1, 4, 5, 6, 7, 8, 9, 10, 11, 12, 13, 14, 15, 16, 17, 18, 19}
2025-04-16 23:19:17,624 - INFO - 正在为时间段 1590-1615 生成可视化
2025-04-16 23:19:17,624 - INFO - 正在为时间段 1590-1615 生成异常图可视化
2025-04-16 23:19:17,624 - DEBUG - 创建包含 19 个节点的图结构
2025-04-16 23:19:17,625 - DEBUG - 边统计: 正常边 272 条, 异常边 0 条
2025-04-16 23:19:17,676 - DEBUG - 正在保存可视化结果到 ./visual/omi/neighbor_all/value_times_range/omi-6/seg_3_1590_1615.png
2025-04-16 23:19:17,870 - INFO - 成功保存时间段 1590-1615 的可视化结果
2025-04-16 23:19:17,870 - INFO - 
正在处理时间段 5/10: 2592-2604
2025-04-16 23:19:17,870 - INFO - 该时间段的真实异常节点: {9, 4, 6}
2025-04-16 23:19:17,870 - INFO - 正在计算异常分数...
2025-04-16 23:19:17,877 - INFO - 检测到的异常节点: {4, 5, 6, 7, 8, 9, 10, 11, 12, 13, 14, 15, 16, 17, 18, 19}
2025-04-16 23:19:17,877 - INFO - 正在为时间段 2592-2604 生成可视化
2025-04-16 23:19:17,877 - INFO - 正在为时间段 2592-2604 生成异常图可视化
2025-04-16 23:19:17,878 - DEBUG - 创建包含 19 个节点的图结构
2025-04-16 23:19:17,879 - DEBUG - 边统计: 正常边 236 条, 异常边 4 条
2025-04-16 23:19:17,931 - DEBUG - 正在保存可视化结果到 ./visual/omi/neighbor_all/value_times_range/omi-6/seg_4_2592_2604.png
2025-04-16 23:19:18,125 - INFO - 成功保存时间段 2592-2604 的可视化结果
2025-04-16 23:19:18,125 - INFO - 
正在处理时间段 6/10: 2734-2765
2025-04-16 23:19:18,125 - INFO - 该时间段的真实异常节点: {8, 19, 4, 6}
2025-04-16 23:19:18,125 - INFO - 正在计算异常分数...
2025-04-16 23:19:18,147 - INFO - 检测到的异常节点: {1, 4, 5, 6, 7, 8, 9, 10, 11, 12, 13, 14, 15, 16, 17, 18, 19}
2025-04-16 23:19:18,147 - INFO - 正在为时间段 2734-2765 生成可视化
2025-04-16 23:19:18,147 - INFO - 正在为时间段 2734-2765 生成异常图可视化
2025-04-16 23:19:18,147 - DEBUG - 创建包含 19 个节点的图结构
2025-04-16 23:19:18,148 - DEBUG - 边统计: 正常边 270 条, 异常边 2 条
2025-04-16 23:19:18,200 - DEBUG - 正在保存可视化结果到 ./visual/omi/neighbor_all/value_times_range/omi-6/seg_5_2734_2765.png
2025-04-16 23:19:18,395 - INFO - 成功保存时间段 2734-2765 的可视化结果
2025-04-16 23:19:18,395 - INFO - 
正在处理时间段 7/10: 3066-3072
2025-04-16 23:19:18,395 - INFO - 该时间段的真实异常节点: {19, 4, 6}
2025-04-16 23:19:18,395 - INFO - 正在计算异常分数...
2025-04-16 23:19:18,398 - INFO - 检测到的异常节点: {4, 5, 6, 7, 8, 10, 11, 12, 13, 14, 15, 16, 17, 18, 19}
2025-04-16 23:19:18,398 - INFO - 正在为时间段 3066-3072 生成可视化
2025-04-16 23:19:18,398 - INFO - 正在为时间段 3066-3072 生成异常图可视化
2025-04-16 23:19:18,398 - DEBUG - 创建包含 19 个节点的图结构
2025-04-16 23:19:18,399 - DEBUG - 边统计: 正常边 230 条, 异常边 42 条
2025-04-16 23:19:18,449 - DEBUG - 正在保存可视化结果到 ./visual/omi/neighbor_all/value_times_range/omi-6/seg_6_3066_3072.png
2025-04-16 23:19:18,644 - INFO - 成功保存时间段 3066-3072 的可视化结果
2025-04-16 23:19:18,644 - INFO - 
正在处理时间段 8/10: 3596-3605
2025-04-16 23:19:18,644 - INFO - 该时间段的真实异常节点: {19, 4, 5, 6}
2025-04-16 23:19:18,644 - INFO - 正在计算异常分数...
2025-04-16 23:19:18,649 - INFO - 检测到的异常节点: {1, 4, 5, 6, 7, 8, 9, 10, 11, 12, 13, 14, 15, 16, 17, 18, 19}
2025-04-16 23:19:18,650 - INFO - 正在为时间段 3596-3605 生成可视化
2025-04-16 23:19:18,650 - INFO - 正在为时间段 3596-3605 生成异常图可视化
2025-04-16 23:19:18,650 - DEBUG - 创建包含 19 个节点的图结构
2025-04-16 23:19:18,651 - DEBUG - 边统计: 正常边 272 条, 异常边 0 条
2025-04-16 23:19:18,701 - DEBUG - 正在保存可视化结果到 ./visual/omi/neighbor_all/value_times_range/omi-6/seg_7_3596_3605.png
2025-04-16 23:19:18,908 - INFO - 成功保存时间段 3596-3605 的可视化结果
2025-04-16 23:19:18,908 - INFO - 
正在处理时间段 9/10: 3610-3622
2025-04-16 23:19:18,909 - INFO - 该时间段的真实异常节点: {1, 4, 5}
2025-04-16 23:19:18,909 - INFO - 正在计算异常分数...
2025-04-16 23:19:18,916 - INFO - 检测到的异常节点: {1, 4, 5, 6, 7, 8, 9, 10, 11, 12, 13, 14, 15, 16, 17, 18, 19}
2025-04-16 23:19:18,916 - INFO - 正在为时间段 3610-3622 生成可视化
2025-04-16 23:19:18,916 - INFO - 正在为时间段 3610-3622 生成异常图可视化
2025-04-16 23:19:18,917 - DEBUG - 创建包含 19 个节点的图结构
2025-04-16 23:19:18,918 - DEBUG - 边统计: 正常边 272 条, 异常边 0 条
2025-04-16 23:19:18,971 - DEBUG - 正在保存可视化结果到 ./visual/omi/neighbor_all/value_times_range/omi-6/seg_8_3610_3622.png
2025-04-16 23:19:19,167 - INFO - 成功保存时间段 3610-3622 的可视化结果
2025-04-16 23:19:19,168 - INFO - 
正在处理时间段 10/10: 4159-4164
2025-04-16 23:19:19,168 - INFO - 该时间段的真实异常节点: {4, 5}
2025-04-16 23:19:19,168 - INFO - 正在计算异常分数...
2025-04-16 23:19:19,170 - INFO - 检测到的异常节点: {4, 5, 6, 8, 9, 10, 13, 14, 15, 17, 18}
2025-04-16 23:19:19,170 - INFO - 正在为时间段 4159-4164 生成可视化
2025-04-16 23:19:19,170 - INFO - 正在为时间段 4159-4164 生成异常图可视化
2025-04-16 23:19:19,170 - DEBUG - 创建包含 19 个节点的图结构
2025-04-16 23:19:19,171 - DEBUG - 边统计: 正常边 248 条, 异常边 24 条
2025-04-16 23:19:19,223 - DEBUG - 正在保存可视化结果到 ./visual/omi/neighbor_all/value_times_range/omi-6/seg_9_4159_4164.png
2025-04-16 23:19:19,420 - INFO - 成功保存时间段 4159-4164 的可视化结果
2025-04-16 23:19:19,420 - INFO - 正在从 ./visual/omi/neighbor_all/value_times_range/omi-6 中的图像创建GIF
2025-04-16 23:19:20,026 - INFO - GIF已保存到 ./visual/omi/neighbor_all/value_times_range/omi-6/omi-6.gif
2025-04-16 23:19:20,027 - INFO - 
==================================================
2025-04-16 23:19:20,027 - INFO - 开始数据集可视化: omi-7
2025-04-16 23:19:20,027 - INFO - 使用参数: 评分模式=value_times_range, all=None, 阈值=2.0
2025-04-16 23:19:20,027 - INFO - ==================================================

2025-04-16 23:19:20,027 - INFO - 正在加载数据集 omi-7 的数据
2025-04-16 23:19:20,028 - INFO - 数据加载成功。训练集形状: (8640, 19), 测试集形状: (4320, 19)
2025-04-16 23:19:20,028 - INFO - 正在计算边缘统计量...
2025-04-16 23:19:22,556 - INFO - 已计算 136 条边的统计量
2025-04-16 23:19:22,557 - INFO - 为每个节点使用所有邻居
2025-04-16 23:19:22,557 - INFO - 可视化结果将保存到: ./visual/omi/neighbor_all/value_times_range/omi-7
2025-04-16 23:19:22,558 - INFO - 在数据集中发现 3 个异常时间段
2025-04-16 23:19:22,558 - INFO - 
正在处理时间段 1/3: 738-778
2025-04-16 23:19:22,558 - INFO - 该时间段的真实异常节点: {1, 2, 4, 6, 7, 8, 9, 10, 11, 12, 13, 14, 15, 16, 17, 18, 19}
2025-04-16 23:19:22,558 - INFO - 正在计算异常分数...
2025-04-16 23:19:22,584 - INFO - 检测到的异常节点: {1, 4, 5, 6, 7, 8, 9, 10, 11, 12, 13, 14, 15, 16, 17, 18, 19}
2025-04-16 23:19:22,584 - INFO - 正在为时间段 738-778 生成可视化
2025-04-16 23:19:22,584 - INFO - 正在为时间段 738-778 生成异常图可视化
2025-04-16 23:19:22,584 - DEBUG - 创建包含 19 个节点的图结构
2025-04-16 23:19:22,585 - DEBUG - 边统计: 正常边 166 条, 异常边 106 条
2025-04-16 23:19:22,727 - DEBUG - 正在保存可视化结果到 ./visual/omi/neighbor_all/value_times_range/omi-7/seg_0_738_778.png
2025-04-16 23:19:22,925 - INFO - 成功保存时间段 738-778 的可视化结果
2025-04-16 23:19:22,925 - INFO - 
正在处理时间段 2/3: 1625-1660
2025-04-16 23:19:22,925 - INFO - 该时间段的真实异常节点: {7, 10, 11, 12, 13, 14, 15, 16, 17, 18, 19}
2025-04-16 23:19:22,926 - INFO - 正在计算异常分数...
2025-04-16 23:19:22,948 - INFO - 检测到的异常节点: {5, 7, 8, 9, 10, 11, 12, 13, 14, 15, 16, 17, 18, 19}
2025-04-16 23:19:22,948 - INFO - 正在为时间段 1625-1660 生成可视化
2025-04-16 23:19:22,948 - INFO - 正在为时间段 1625-1660 生成异常图可视化
2025-04-16 23:19:22,948 - DEBUG - 创建包含 19 个节点的图结构
2025-04-16 23:19:22,949 - DEBUG - 边统计: 正常边 130 条, 异常边 52 条
2025-04-16 23:19:22,999 - DEBUG - 正在保存可视化结果到 ./visual/omi/neighbor_all/value_times_range/omi-7/seg_1_1625_1660.png
2025-04-16 23:19:23,196 - INFO - 成功保存时间段 1625-1660 的可视化结果
2025-04-16 23:19:23,196 - INFO - 
正在处理时间段 3/3: 3311-3320
2025-04-16 23:19:23,196 - INFO - 该时间段的真实异常节点: {7, 10, 11, 12, 13, 14, 15, 16, 17, 18, 19}
2025-04-16 23:19:23,196 - INFO - 正在计算异常分数...
2025-04-16 23:19:23,201 - INFO - 检测到的异常节点: {7, 10, 11, 12, 13, 14, 15, 16, 17, 18, 19}
2025-04-16 23:19:23,201 - INFO - 正在为时间段 3311-3320 生成可视化
2025-04-16 23:19:23,201 - INFO - 正在为时间段 3311-3320 生成异常图可视化
2025-04-16 23:19:23,201 - DEBUG - 创建包含 19 个节点的图结构
2025-04-16 23:19:23,202 - DEBUG - 边统计: 正常边 188 条, 异常边 22 条
2025-04-16 23:19:23,254 - DEBUG - 正在保存可视化结果到 ./visual/omi/neighbor_all/value_times_range/omi-7/seg_2_3311_3320.png
2025-04-16 23:19:23,449 - INFO - 成功保存时间段 3311-3320 的可视化结果
2025-04-16 23:19:23,449 - INFO - 正在从 ./visual/omi/neighbor_all/value_times_range/omi-7 中的图像创建GIF
2025-04-16 23:19:23,638 - INFO - GIF已保存到 ./visual/omi/neighbor_all/value_times_range/omi-7/omi-7.gif
2025-04-16 23:19:23,638 - INFO - 
==================================================
2025-04-16 23:19:23,638 - INFO - 开始数据集可视化: omi-8
2025-04-16 23:19:23,638 - INFO - 使用参数: 评分模式=value_times_range, all=None, 阈值=7.0
2025-04-16 23:19:23,639 - INFO - ==================================================

2025-04-16 23:19:23,639 - INFO - 正在加载数据集 omi-8 的数据
2025-04-16 23:19:23,639 - INFO - 数据加载成功。训练集形状: (8640, 19), 测试集形状: (4320, 19)
2025-04-16 23:19:23,639 - INFO - 正在计算边缘统计量...
2025-04-16 23:19:26,127 - INFO - 已计算 136 条边的统计量
2025-04-16 23:19:26,127 - INFO - 为每个节点使用所有邻居
2025-04-16 23:19:26,127 - INFO - 可视化结果将保存到: ./visual/omi/neighbor_all/value_times_range/omi-8
2025-04-16 23:19:26,128 - INFO - 在数据集中发现 5 个异常时间段
2025-04-16 23:19:26,128 - INFO - 
正在处理时间段 1/5: 740-753
2025-04-16 23:19:26,128 - INFO - 该时间段的真实异常节点: {2, 4}
2025-04-16 23:19:26,128 - INFO - 正在计算异常分数...
2025-04-16 23:19:26,136 - INFO - 检测到的异常节点: {1, 4, 6, 7, 8, 9, 10, 11, 12, 13, 14, 15, 17, 18, 19}
2025-04-16 23:19:26,136 - INFO - 正在为时间段 740-753 生成可视化
2025-04-16 23:19:26,136 - INFO - 正在为时间段 740-753 生成异常图可视化
2025-04-16 23:19:26,136 - DEBUG - 创建包含 19 个节点的图结构
2025-04-16 23:19:26,137 - DEBUG - 边统计: 正常边 238 条, 异常边 2 条
2025-04-16 23:19:26,190 - DEBUG - 正在保存可视化结果到 ./visual/omi/neighbor_all/value_times_range/omi-8/seg_0_740_753.png
2025-04-16 23:19:26,386 - INFO - 成功保存时间段 740-753 的可视化结果
2025-04-16 23:19:26,386 - INFO - 
正在处理时间段 2/5: 764-780
2025-04-16 23:19:26,386 - INFO - 该时间段的真实异常节点: {6, 7, 8, 9, 10, 11, 12, 13, 14, 15, 16, 17, 18, 19}
2025-04-16 23:19:26,386 - INFO - 正在计算异常分数...
2025-04-16 23:19:26,395 - INFO - 检测到的异常节点: {1, 6, 7, 8, 9, 10, 11, 12, 13, 14, 15, 16, 17, 18, 19}
2025-04-16 23:19:26,395 - INFO - 正在为时间段 764-780 生成可视化
2025-04-16 23:19:26,395 - INFO - 正在为时间段 764-780 生成异常图可视化
2025-04-16 23:19:26,395 - DEBUG - 创建包含 19 个节点的图结构
2025-04-16 23:19:26,396 - DEBUG - 边统计: 正常边 146 条, 异常边 64 条
2025-04-16 23:19:26,449 - DEBUG - 正在保存可视化结果到 ./visual/omi/neighbor_all/value_times_range/omi-8/seg_1_764_780.png
2025-04-16 23:19:26,642 - INFO - 成功保存时间段 764-780 的可视化结果
2025-04-16 23:19:26,642 - INFO - 
正在处理时间段 3/5: 2319-2325
2025-04-16 23:19:26,642 - INFO - 该时间段的真实异常节点: {4, 5, 6}
2025-04-16 23:19:26,642 - INFO - 正在计算异常分数...
2025-04-16 23:19:26,645 - INFO - 检测到的异常节点: {4, 5, 6, 7, 8, 9, 10, 11, 12, 13, 14, 15, 16, 17, 18, 19}
2025-04-16 23:19:26,645 - INFO - 正在为时间段 2319-2325 生成可视化
2025-04-16 23:19:26,645 - INFO - 正在为时间段 2319-2325 生成异常图可视化
2025-04-16 23:19:26,645 - DEBUG - 创建包含 19 个节点的图结构
2025-04-16 23:19:26,646 - DEBUG - 边统计: 正常边 228 条, 异常边 44 条
2025-04-16 23:19:26,698 - DEBUG - 正在保存可视化结果到 ./visual/omi/neighbor_all/value_times_range/omi-8/seg_2_2319_2325.png
2025-04-16 23:19:26,893 - INFO - 成功保存时间段 2319-2325 的可视化结果
2025-04-16 23:19:26,893 - INFO - 
正在处理时间段 4/5: 2586-2675
2025-04-16 23:19:26,893 - INFO - 该时间段的真实异常节点: {5, 6, 8, 17, 18, 19}
2025-04-16 23:19:26,893 - INFO - 正在计算异常分数...
2025-04-16 23:19:26,959 - INFO - 检测到的异常节点: {1, 4, 5, 6, 7, 8, 9, 10, 11, 12, 13, 14, 15, 16, 17, 18, 19}
2025-04-16 23:19:26,959 - INFO - 正在为时间段 2586-2675 生成可视化
2025-04-16 23:19:26,959 - INFO - 正在为时间段 2586-2675 生成异常图可视化
2025-04-16 23:19:26,960 - DEBUG - 创建包含 19 个节点的图结构
2025-04-16 23:19:26,961 - DEBUG - 边统计: 正常边 260 条, 异常边 12 条
2025-04-16 23:19:27,012 - DEBUG - 正在保存可视化结果到 ./visual/omi/neighbor_all/value_times_range/omi-8/seg_3_2586_2675.png
2025-04-16 23:19:27,210 - INFO - 成功保存时间段 2586-2675 的可视化结果
2025-04-16 23:19:27,210 - INFO - 
正在处理时间段 5/5: 2897-2956
2025-04-16 23:19:27,210 - INFO - 该时间段的真实异常节点: {2, 6, 8, 17, 18, 19}
2025-04-16 23:19:27,210 - INFO - 正在计算异常分数...
2025-04-16 23:19:27,252 - INFO - 检测到的异常节点: {1, 4, 5, 6, 7, 8, 9, 10, 11, 12, 13, 14, 15, 16, 17, 18, 19}
2025-04-16 23:19:27,252 - INFO - 正在为时间段 2897-2956 生成可视化
2025-04-16 23:19:27,252 - INFO - 正在为时间段 2897-2956 生成异常图可视化
2025-04-16 23:19:27,252 - DEBUG - 创建包含 19 个节点的图结构
2025-04-16 23:19:27,253 - DEBUG - 边统计: 正常边 230 条, 异常边 42 条
2025-04-16 23:19:27,304 - DEBUG - 正在保存可视化结果到 ./visual/omi/neighbor_all/value_times_range/omi-8/seg_4_2897_2956.png
2025-04-16 23:19:27,501 - INFO - 成功保存时间段 2897-2956 的可视化结果
2025-04-16 23:19:27,501 - INFO - 正在从 ./visual/omi/neighbor_all/value_times_range/omi-8 中的图像创建GIF
2025-04-16 23:19:27,812 - INFO - GIF已保存到 ./visual/omi/neighbor_all/value_times_range/omi-8/omi-8.gif
2025-04-16 23:19:27,813 - INFO - 
==================================================
2025-04-16 23:19:27,813 - INFO - 开始数据集可视化: omi-9
2025-04-16 23:19:27,813 - INFO - 使用参数: 评分模式=value_times_range, all=None, 阈值=6.5
2025-04-16 23:19:27,813 - INFO - ==================================================

2025-04-16 23:19:27,813 - INFO - 正在加载数据集 omi-9 的数据
2025-04-16 23:19:27,814 - INFO - 数据加载成功。训练集形状: (8640, 19), 测试集形状: (4320, 19)
2025-04-16 23:19:27,814 - INFO - 正在计算边缘统计量...
2025-04-16 23:19:30,267 - INFO - 已计算 136 条边的统计量
2025-04-16 23:19:30,268 - INFO - 为每个节点使用所有邻居
2025-04-16 23:19:30,268 - INFO - 可视化结果将保存到: ./visual/omi/neighbor_all/value_times_range/omi-9
2025-04-16 23:19:30,269 - INFO - 在数据集中发现 8 个异常时间段
2025-04-16 23:19:30,269 - INFO - 
正在处理时间段 1/8: 738-756
2025-04-16 23:19:30,269 - INFO - 该时间段的真实异常节点: {2, 9, 10, 11, 12, 13, 14, 15, 16, 17, 18, 19}
2025-04-16 23:19:30,269 - INFO - 正在计算异常分数...
2025-04-16 23:19:30,279 - INFO - 检测到的异常节点: {1, 7, 8, 9, 10, 11, 12, 13, 14, 15, 16, 17, 18, 19}
2025-04-16 23:19:30,279 - INFO - 正在为时间段 738-756 生成可视化
2025-04-16 23:19:30,279 - INFO - 正在为时间段 738-756 生成异常图可视化
2025-04-16 23:19:30,279 - DEBUG - 创建包含 19 个节点的图结构
2025-04-16 23:19:30,280 - DEBUG - 边统计: 正常边 158 条, 异常边 24 条
2025-04-16 23:19:30,339 - DEBUG - 正在保存可视化结果到 ./visual/omi/neighbor_all/value_times_range/omi-9/seg_0_738_756.png
2025-04-16 23:19:30,537 - INFO - 成功保存时间段 738-756 的可视化结果
2025-04-16 23:19:30,537 - INFO - 
正在处理时间段 2/8: 763-780
2025-04-16 23:19:30,537 - INFO - 该时间段的真实异常节点: {1, 6, 7, 8, 9, 10, 11, 12, 13, 14, 15, 16, 17, 18, 19}
2025-04-16 23:19:30,537 - INFO - 正在计算异常分数...
2025-04-16 23:19:30,547 - INFO - 检测到的异常节点: {1, 6, 7, 8, 9, 10, 11, 12, 13, 14, 15, 16, 17, 18, 19}
2025-04-16 23:19:30,547 - INFO - 正在为时间段 763-780 生成可视化
2025-04-16 23:19:30,547 - INFO - 正在为时间段 763-780 生成异常图可视化
2025-04-16 23:19:30,547 - DEBUG - 创建包含 19 个节点的图结构
2025-04-16 23:19:30,548 - DEBUG - 边统计: 正常边 118 条, 异常边 92 条
2025-04-16 23:19:30,600 - DEBUG - 正在保存可视化结果到 ./visual/omi/neighbor_all/value_times_range/omi-9/seg_1_763_780.png
2025-04-16 23:19:30,795 - INFO - 成功保存时间段 763-780 的可视化结果
2025-04-16 23:19:30,795 - INFO - 
正在处理时间段 3/8: 2514-2524
2025-04-16 23:19:30,795 - INFO - 该时间段的真实异常节点: {1, 4, 5, 7, 8, 9, 17, 18}
2025-04-16 23:19:30,795 - INFO - 正在计算异常分数...
2025-04-16 23:19:30,801 - INFO - 检测到的异常节点: {1, 4, 5, 6, 7, 8, 9, 10, 11, 12, 13, 14, 15, 16, 17, 18, 19}
2025-04-16 23:19:30,801 - INFO - 正在为时间段 2514-2524 生成可视化
2025-04-16 23:19:30,801 - INFO - 正在为时间段 2514-2524 生成异常图可视化
2025-04-16 23:19:30,801 - DEBUG - 创建包含 19 个节点的图结构
2025-04-16 23:19:30,802 - DEBUG - 边统计: 正常边 210 条, 异常边 62 条
2025-04-16 23:19:30,853 - DEBUG - 正在保存可视化结果到 ./visual/omi/neighbor_all/value_times_range/omi-9/seg_2_2514_2524.png
2025-04-16 23:19:31,049 - INFO - 成功保存时间段 2514-2524 的可视化结果
2025-04-16 23:19:31,049 - INFO - 
正在处理时间段 4/8: 2603-2668
2025-04-16 23:19:31,049 - INFO - 该时间段的真实异常节点: {1, 2, 5, 6, 8, 17, 18, 19}
2025-04-16 23:19:31,049 - INFO - 正在计算异常分数...
2025-04-16 23:19:31,094 - INFO - 检测到的异常节点: {1, 4, 5, 6, 7, 8, 9, 10, 11, 12, 13, 14, 15, 16, 17, 18, 19}
2025-04-16 23:19:31,094 - INFO - 正在为时间段 2603-2668 生成可视化
2025-04-16 23:19:31,094 - INFO - 正在为时间段 2603-2668 生成异常图可视化
2025-04-16 23:19:31,094 - DEBUG - 创建包含 19 个节点的图结构
2025-04-16 23:19:31,095 - DEBUG - 边统计: 正常边 212 条, 异常边 60 条
2025-04-16 23:19:31,147 - DEBUG - 正在保存可视化结果到 ./visual/omi/neighbor_all/value_times_range/omi-9/seg_3_2603_2668.png
2025-04-16 23:19:31,343 - INFO - 成功保存时间段 2603-2668 的可视化结果
2025-04-16 23:19:31,343 - INFO - 
正在处理时间段 5/8: 2918-2958
2025-04-16 23:19:31,343 - INFO - 该时间段的真实异常节点: {1, 2, 5, 6, 8, 17, 18, 19}
2025-04-16 23:19:31,343 - INFO - 正在计算异常分数...
2025-04-16 23:19:31,369 - INFO - 检测到的异常节点: {1, 4, 5, 6, 7, 8, 9, 10, 11, 12, 13, 14, 15, 16, 17, 18, 19}
2025-04-16 23:19:31,369 - INFO - 正在为时间段 2918-2958 生成可视化
2025-04-16 23:19:31,369 - INFO - 正在为时间段 2918-2958 生成异常图可视化
2025-04-16 23:19:31,369 - DEBUG - 创建包含 19 个节点的图结构
2025-04-16 23:19:31,370 - DEBUG - 边统计: 正常边 200 条, 异常边 72 条
2025-04-16 23:19:31,510 - DEBUG - 正在保存可视化结果到 ./visual/omi/neighbor_all/value_times_range/omi-9/seg_4_2918_2958.png
2025-04-16 23:19:31,708 - INFO - 成功保存时间段 2918-2958 的可视化结果
2025-04-16 23:19:31,708 - INFO - 
正在处理时间段 6/8: 3170-3245
2025-04-16 23:19:31,708 - INFO - 该时间段的真实异常节点: {1, 2, 6, 8, 17, 18, 19}
2025-04-16 23:19:31,708 - INFO - 正在计算异常分数...
2025-04-16 23:19:31,754 - INFO - 检测到的异常节点: {1, 4, 5, 6, 7, 8, 9, 10, 11, 12, 13, 14, 15, 16, 17, 18, 19}
2025-04-16 23:19:31,754 - INFO - 正在为时间段 3170-3245 生成可视化
2025-04-16 23:19:31,754 - INFO - 正在为时间段 3170-3245 生成异常图可视化
2025-04-16 23:19:31,754 - DEBUG - 创建包含 19 个节点的图结构
2025-04-16 23:19:31,755 - DEBUG - 边统计: 正常边 226 条, 异常边 46 条
2025-04-16 23:19:31,807 - DEBUG - 正在保存可视化结果到 ./visual/omi/neighbor_all/value_times_range/omi-9/seg_5_3170_3245.png
2025-04-16 23:19:32,002 - INFO - 成功保存时间段 3170-3245 的可视化结果
2025-04-16 23:19:32,003 - INFO - 
正在处理时间段 7/8: 3508-3528
2025-04-16 23:19:32,003 - INFO - 该时间段的真实异常节点: {8, 2, 19, 6}
2025-04-16 23:19:32,003 - INFO - 正在计算异常分数...
2025-04-16 23:19:32,015 - INFO - 检测到的异常节点: {1, 4, 5, 6, 7, 8, 9, 10, 11, 12, 13, 14, 15, 16, 17, 18, 19}
2025-04-16 23:19:32,015 - INFO - 正在为时间段 3508-3528 生成可视化
2025-04-16 23:19:32,015 - INFO - 正在为时间段 3508-3528 生成异常图可视化
2025-04-16 23:19:32,015 - DEBUG - 创建包含 19 个节点的图结构
2025-04-16 23:19:32,016 - DEBUG - 边统计: 正常边 208 条, 异常边 64 条
2025-04-16 23:19:32,068 - DEBUG - 正在保存可视化结果到 ./visual/omi/neighbor_all/value_times_range/omi-9/seg_6_3508_3528.png
2025-04-16 23:19:32,263 - INFO - 成功保存时间段 3508-3528 的可视化结果
2025-04-16 23:19:32,263 - INFO - 
正在处理时间段 8/8: 4064-4108
2025-04-16 23:19:32,263 - INFO - 该时间段的真实异常节点: {1, 2, 6, 7, 8, 9, 17, 18, 19}
2025-04-16 23:19:32,263 - INFO - 正在计算异常分数...
2025-04-16 23:19:32,291 - INFO - 检测到的异常节点: {1, 4, 5, 6, 7, 8, 9, 10, 11, 12, 13, 14, 15, 16, 17, 18, 19}
2025-04-16 23:19:32,291 - INFO - 正在为时间段 4064-4108 生成可视化
2025-04-16 23:19:32,291 - INFO - 正在为时间段 4064-4108 生成异常图可视化
2025-04-16 23:19:32,291 - DEBUG - 创建包含 19 个节点的图结构
2025-04-16 23:19:32,292 - DEBUG - 边统计: 正常边 190 条, 异常边 82 条
2025-04-16 23:19:32,343 - DEBUG - 正在保存可视化结果到 ./visual/omi/neighbor_all/value_times_range/omi-9/seg_7_4064_4108.png
2025-04-16 23:19:32,540 - INFO - 成功保存时间段 4064-4108 的可视化结果
2025-04-16 23:19:32,540 - INFO - 正在从 ./visual/omi/neighbor_all/value_times_range/omi-9 中的图像创建GIF
2025-04-16 23:19:33,030 - INFO - GIF已保存到 ./visual/omi/neighbor_all/value_times_range/omi-9/omi-9.gif
2025-04-16 23:19:33,030 - INFO - 可视化结果生成完成！
2025-04-16 23:19:33,030 - INFO - 
==================================================
2025-04-16 23:19:33,030 - INFO - 程序运行总耗时: 0:01:50.021461 

