2025-04-18 14:04:49,779 - INFO - 
 Starting experiment with config: ExperimentConfig(dataset='omi', window_size=5, score_thresholds=array([0. , 0.5, 1. , 1.5, 2. , 2.5, 3. , 3.5, 4. , 4.5, 5. , 5.5, 6. ,
       6.5, 7. ]), topk_range=range(1, 10), corr_threshold_range=array([0. , 0. , 0.1, 0.2, 0.2, 0.2, 0.3, 0.4, 0.4, 0.4, 0.5, 0.6, 0.6,
       0.6]), neighbor_selection='all', score_modes=['deviation'], data_dir='./data/processed', label_dir='./data/interpretation_label', log_dir='./log/omi/neighbor_all', visual_dir='./visual/omi/neighbor_all', num_workers=36, gif_duration=500)
2025-04-18 14:04:49,779 - INFO - 当前评分模式: ['deviation']
2025-04-18 14:04:49,779 - INFO - 
==================================================
2025-04-18 14:04:49,779 - INFO - 开始执行网格搜索...
2025-04-18 14:04:49,780 - INFO - [omi-12] Starting grid search...
2025-04-18 14:04:52,421 - INFO - [omi-12.txt] mode=deviation, all=None, threshold=0.0, P=0.6129, R=0.9500, F1=0.7451
2025-04-18 14:04:52,600 - INFO - [omi-12.txt] mode=deviation, all=None, threshold=0.5, P=0.6129, R=0.9500, F1=0.7451
2025-04-18 14:04:52,601 - INFO - [omi-12.txt] mode=deviation, all=None, threshold=1.0, P=0.6129, R=0.9500, F1=0.7451
2025-04-18 14:04:52,601 - INFO - [omi-12.txt] mode=deviation, all=None, threshold=1.5, P=0.6129, R=0.9500, F1=0.7451
2025-04-18 14:04:52,601 - INFO - [omi-12.txt] mode=deviation, all=None, threshold=2.0, P=0.6129, R=0.9500, F1=0.7451
2025-04-18 14:04:52,601 - INFO - [omi-12.txt] mode=deviation, all=None, threshold=2.5, P=0.6129, R=0.9500, F1=0.7451
2025-04-18 14:04:52,601 - INFO - [omi-12.txt] mode=deviation, all=None, threshold=3.0, P=0.6129, R=0.9500, F1=0.7451
2025-04-18 14:04:52,602 - INFO - [omi-12.txt] mode=deviation, all=None, threshold=3.5, P=0.6129, R=0.9500, F1=0.7451
2025-04-18 14:04:52,609 - INFO - [omi-12.txt] mode=deviation, all=None, threshold=4.0, P=0.6129, R=0.9500, F1=0.7451
2025-04-18 14:04:52,609 - INFO - [omi-12.txt] mode=deviation, all=None, threshold=4.5, P=0.6129, R=0.9500, F1=0.7451
2025-04-18 14:04:52,647 - INFO - [omi-12.txt] mode=deviation, all=None, threshold=5.0, P=0.6129, R=0.9500, F1=0.7451
2025-04-18 14:04:52,647 - INFO - [omi-12.txt] mode=deviation, all=None, threshold=5.5, P=0.6129, R=0.9500, F1=0.7451
2025-04-18 14:04:52,647 - INFO - [omi-12.txt] mode=deviation, all=None, threshold=6.0, P=0.6129, R=0.9500, F1=0.7451
2025-04-18 14:04:52,647 - INFO - [omi-12.txt] mode=deviation, all=None, threshold=6.5, P=0.6129, R=0.9500, F1=0.7451
2025-04-18 14:04:52,647 - INFO - [omi-12.txt] mode=deviation, all=None, threshold=7.0, P=0.6129, R=0.9500, F1=0.7451
2025-04-18 14:04:52,691 - INFO - [omi-1] Starting grid search...
2025-04-18 14:04:56,553 - INFO - [omi-1.txt] mode=deviation, all=None, threshold=0.0, P=0.7417, R=1.0000, F1=0.8517
2025-04-18 14:04:56,554 - INFO - [omi-1.txt] mode=deviation, all=None, threshold=0.5, P=0.7417, R=1.0000, F1=0.8517
2025-04-18 14:04:56,554 - INFO - [omi-1.txt] mode=deviation, all=None, threshold=1.0, P=0.7417, R=1.0000, F1=0.8517
2025-04-18 14:04:56,554 - INFO - [omi-1.txt] mode=deviation, all=None, threshold=1.5, P=0.7417, R=1.0000, F1=0.8517
2025-04-18 14:04:56,554 - INFO - [omi-1.txt] mode=deviation, all=None, threshold=2.0, P=0.7417, R=1.0000, F1=0.8517
2025-04-18 14:04:56,555 - INFO - [omi-1.txt] mode=deviation, all=None, threshold=2.5, P=0.7417, R=1.0000, F1=0.8517
2025-04-18 14:04:56,555 - INFO - [omi-1.txt] mode=deviation, all=None, threshold=3.0, P=0.7417, R=1.0000, F1=0.8517
2025-04-18 14:04:56,555 - INFO - [omi-1.txt] mode=deviation, all=None, threshold=3.5, P=0.7417, R=1.0000, F1=0.8517
2025-04-18 14:04:56,555 - INFO - [omi-1.txt] mode=deviation, all=None, threshold=4.0, P=0.7417, R=1.0000, F1=0.8517
2025-04-18 14:04:56,555 - INFO - [omi-1.txt] mode=deviation, all=None, threshold=4.5, P=0.7417, R=1.0000, F1=0.8517
2025-04-18 14:04:56,555 - INFO - [omi-1.txt] mode=deviation, all=None, threshold=5.0, P=0.7417, R=1.0000, F1=0.8517
2025-04-18 14:04:56,555 - INFO - [omi-1.txt] mode=deviation, all=None, threshold=5.5, P=0.7417, R=1.0000, F1=0.8517
2025-04-18 14:04:56,555 - INFO - [omi-1.txt] mode=deviation, all=None, threshold=6.0, P=0.7417, R=1.0000, F1=0.8517
2025-04-18 14:04:56,606 - INFO - [omi-1.txt] mode=deviation, all=None, threshold=6.5, P=0.7417, R=1.0000, F1=0.8517
2025-04-18 14:04:56,607 - INFO - [omi-1.txt] mode=deviation, all=None, threshold=7.0, P=0.7417, R=1.0000, F1=0.8517
2025-04-18 14:04:56,652 - INFO - [omi-5] Starting grid search...
2025-04-18 14:05:00,673 - INFO - [omi-5.txt] mode=deviation, all=None, threshold=0.0, P=0.4537, R=1.0000, F1=0.6242
2025-04-18 14:05:00,674 - INFO - [omi-5.txt] mode=deviation, all=None, threshold=0.5, P=0.4537, R=1.0000, F1=0.6242
2025-04-18 14:05:00,674 - INFO - [omi-5.txt] mode=deviation, all=None, threshold=1.0, P=0.4537, R=1.0000, F1=0.6242
2025-04-18 14:05:00,674 - INFO - [omi-5.txt] mode=deviation, all=None, threshold=1.5, P=0.4537, R=1.0000, F1=0.6242
2025-04-18 14:05:00,675 - INFO - [omi-5.txt] mode=deviation, all=None, threshold=2.0, P=0.4537, R=1.0000, F1=0.6242
2025-04-18 14:05:00,675 - INFO - [omi-5.txt] mode=deviation, all=None, threshold=2.5, P=0.4537, R=1.0000, F1=0.6242
2025-04-18 14:05:00,675 - INFO - [omi-5.txt] mode=deviation, all=None, threshold=3.0, P=0.4537, R=1.0000, F1=0.6242
2025-04-18 14:05:00,675 - INFO - [omi-5.txt] mode=deviation, all=None, threshold=3.5, P=0.4537, R=1.0000, F1=0.6242
2025-04-18 14:05:00,675 - INFO - [omi-5.txt] mode=deviation, all=None, threshold=4.0, P=0.4537, R=1.0000, F1=0.6242
2025-04-18 14:05:00,675 - INFO - [omi-5.txt] mode=deviation, all=None, threshold=4.5, P=0.4537, R=1.0000, F1=0.6242
2025-04-18 14:05:00,675 - INFO - [omi-5.txt] mode=deviation, all=None, threshold=5.0, P=0.4537, R=1.0000, F1=0.6242
2025-04-18 14:05:00,747 - INFO - [omi-5.txt] mode=deviation, all=None, threshold=5.5, P=0.4537, R=1.0000, F1=0.6242
2025-04-18 14:05:00,747 - INFO - [omi-5.txt] mode=deviation, all=None, threshold=6.0, P=0.4537, R=1.0000, F1=0.6242
2025-04-18 14:05:00,747 - INFO - [omi-5.txt] mode=deviation, all=None, threshold=6.5, P=0.4537, R=1.0000, F1=0.6242
2025-04-18 14:05:00,747 - INFO - [omi-5.txt] mode=deviation, all=None, threshold=7.0, P=0.4537, R=1.0000, F1=0.6242
2025-04-18 14:05:00,797 - INFO - [omi-6] Starting grid search...
2025-04-18 14:05:04,831 - INFO - [omi-6.txt] mode=deviation, all=None, threshold=0.0, P=0.2544, R=0.9773, F1=0.4038
2025-04-18 14:05:04,832 - INFO - [omi-6.txt] mode=deviation, all=None, threshold=0.5, P=0.2544, R=0.9773, F1=0.4038
2025-04-18 14:05:04,882 - INFO - [omi-6.txt] mode=deviation, all=None, threshold=1.0, P=0.2544, R=0.9773, F1=0.4038
2025-04-18 14:05:04,882 - INFO - [omi-6.txt] mode=deviation, all=None, threshold=1.5, P=0.2544, R=0.9773, F1=0.4038
2025-04-18 14:05:04,882 - INFO - [omi-6.txt] mode=deviation, all=None, threshold=2.0, P=0.2544, R=0.9773, F1=0.4038
2025-04-18 14:05:05,051 - INFO - [omi-6.txt] mode=deviation, all=None, threshold=2.5, P=0.2544, R=0.9773, F1=0.4038
2025-04-18 14:05:05,148 - INFO - [omi-6.txt] mode=deviation, all=None, threshold=3.0, P=0.2544, R=0.9773, F1=0.4038
2025-04-18 14:05:05,148 - INFO - [omi-6.txt] mode=deviation, all=None, threshold=3.5, P=0.2544, R=0.9773, F1=0.4038
2025-04-18 14:05:05,148 - INFO - [omi-6.txt] mode=deviation, all=None, threshold=4.0, P=0.2544, R=0.9773, F1=0.4038
2025-04-18 14:05:05,149 - INFO - [omi-6.txt] mode=deviation, all=None, threshold=4.5, P=0.2544, R=0.9773, F1=0.4038
2025-04-18 14:05:05,149 - INFO - [omi-6.txt] mode=deviation, all=None, threshold=5.0, P=0.2544, R=0.9773, F1=0.4038
2025-04-18 14:05:05,149 - INFO - [omi-6.txt] mode=deviation, all=None, threshold=5.5, P=0.2544, R=0.9773, F1=0.4038
2025-04-18 14:05:05,149 - INFO - [omi-6.txt] mode=deviation, all=None, threshold=6.0, P=0.2544, R=0.9773, F1=0.4038
2025-04-18 14:05:05,149 - INFO - [omi-6.txt] mode=deviation, all=None, threshold=6.5, P=0.2544, R=0.9773, F1=0.4038
2025-04-18 14:05:05,197 - INFO - [omi-6.txt] mode=deviation, all=None, threshold=7.0, P=0.2544, R=0.9773, F1=0.4038
2025-04-18 14:05:05,249 - INFO - [omi-7] Starting grid search...
2025-04-18 14:05:09,123 - INFO - [omi-7.txt] mode=deviation, all=None, threshold=0.0, P=0.8261, R=0.9744, F1=0.8941
2025-04-18 14:05:09,212 - INFO - [omi-7.txt] mode=deviation, all=None, threshold=0.5, P=0.8261, R=0.9744, F1=0.8941
2025-04-18 14:05:09,345 - INFO - [omi-7.txt] mode=deviation, all=None, threshold=1.0, P=0.8261, R=0.9744, F1=0.8941
2025-04-18 14:05:09,345 - INFO - [omi-7.txt] mode=deviation, all=None, threshold=1.5, P=0.8261, R=0.9744, F1=0.8941
2025-04-18 14:05:09,346 - INFO - [omi-7.txt] mode=deviation, all=None, threshold=2.0, P=0.8261, R=0.9744, F1=0.8941
2025-04-18 14:05:09,346 - INFO - [omi-7.txt] mode=deviation, all=None, threshold=2.5, P=0.8261, R=0.9744, F1=0.8941
2025-04-18 14:05:09,694 - INFO - [omi-7.txt] mode=deviation, all=None, threshold=3.0, P=0.8261, R=0.9744, F1=0.8941
2025-04-18 14:05:09,694 - INFO - [omi-7.txt] mode=deviation, all=None, threshold=3.5, P=0.8261, R=0.9744, F1=0.8941
2025-04-18 14:05:09,694 - INFO - [omi-7.txt] mode=deviation, all=None, threshold=4.0, P=0.8261, R=0.9744, F1=0.8941
2025-04-18 14:05:09,695 - INFO - [omi-7.txt] mode=deviation, all=None, threshold=4.5, P=0.8261, R=0.9744, F1=0.8941
2025-04-18 14:05:09,695 - INFO - [omi-7.txt] mode=deviation, all=None, threshold=5.0, P=0.8261, R=0.9744, F1=0.8941
2025-04-18 14:05:09,695 - INFO - [omi-7.txt] mode=deviation, all=None, threshold=5.5, P=0.8261, R=0.9744, F1=0.8941
2025-04-18 14:05:09,695 - INFO - [omi-7.txt] mode=deviation, all=None, threshold=6.0, P=0.8261, R=0.9744, F1=0.8941
2025-04-18 14:05:09,695 - INFO - [omi-7.txt] mode=deviation, all=None, threshold=6.5, P=0.8261, R=0.9744, F1=0.8941
2025-04-18 14:05:09,761 - INFO - [omi-7.txt] mode=deviation, all=None, threshold=7.0, P=0.8261, R=0.9744, F1=0.8941
2025-04-18 14:05:09,809 - INFO - [omi-9] Starting grid search...
2025-04-18 14:05:13,406 - INFO - [omi-9.txt] mode=deviation, all=None, threshold=0.0, P=0.4962, R=0.9155, F1=0.6436
2025-04-18 14:05:13,407 - INFO - [omi-9.txt] mode=deviation, all=None, threshold=0.5, P=0.4962, R=0.9155, F1=0.6436
2025-04-18 14:05:13,529 - INFO - [omi-9.txt] mode=deviation, all=None, threshold=1.0, P=0.4962, R=0.9155, F1=0.6436
2025-04-18 14:05:13,530 - INFO - [omi-9.txt] mode=deviation, all=None, threshold=1.5, P=0.4962, R=0.9155, F1=0.6436
2025-04-18 14:05:13,530 - INFO - [omi-9.txt] mode=deviation, all=None, threshold=2.0, P=0.4962, R=0.9155, F1=0.6436
2025-04-18 14:05:13,531 - INFO - [omi-9.txt] mode=deviation, all=None, threshold=2.5, P=0.4962, R=0.9155, F1=0.6436
2025-04-18 14:05:13,531 - INFO - [omi-9.txt] mode=deviation, all=None, threshold=3.0, P=0.4962, R=0.9155, F1=0.6436
2025-04-18 14:05:13,531 - INFO - [omi-9.txt] mode=deviation, all=None, threshold=3.5, P=0.4962, R=0.9155, F1=0.6436
2025-04-18 14:05:13,531 - INFO - [omi-9.txt] mode=deviation, all=None, threshold=4.0, P=0.4962, R=0.9155, F1=0.6436
2025-04-18 14:05:13,531 - INFO - [omi-9.txt] mode=deviation, all=None, threshold=4.5, P=0.4962, R=0.9155, F1=0.6436
2025-04-18 14:05:13,531 - INFO - [omi-9.txt] mode=deviation, all=None, threshold=5.0, P=0.4962, R=0.9155, F1=0.6436
2025-04-18 14:05:13,531 - INFO - [omi-9.txt] mode=deviation, all=None, threshold=5.5, P=0.4962, R=0.9155, F1=0.6436
2025-04-18 14:05:13,532 - INFO - [omi-9.txt] mode=deviation, all=None, threshold=6.0, P=0.4962, R=0.9155, F1=0.6436
2025-04-18 14:05:13,532 - INFO - [omi-9.txt] mode=deviation, all=None, threshold=6.5, P=0.4962, R=0.9155, F1=0.6436
2025-04-18 14:05:13,532 - INFO - [omi-9.txt] mode=deviation, all=None, threshold=7.0, P=0.4962, R=0.9155, F1=0.6436
2025-04-18 14:05:13,574 - INFO - [omi-8] Starting grid search...
2025-04-18 14:05:17,117 - INFO - [omi-8.txt] mode=deviation, all=None, threshold=0.0, P=0.3537, R=0.9355, F1=0.5133
2025-04-18 14:05:17,136 - INFO - [omi-8.txt] mode=deviation, all=None, threshold=0.5, P=0.3537, R=0.9355, F1=0.5133
2025-04-18 14:05:17,173 - INFO - [omi-8.txt] mode=deviation, all=None, threshold=1.0, P=0.3537, R=0.9355, F1=0.5133
2025-04-18 14:05:17,173 - INFO - [omi-8.txt] mode=deviation, all=None, threshold=1.5, P=0.3537, R=0.9355, F1=0.5133
2025-04-18 14:05:17,173 - INFO - [omi-8.txt] mode=deviation, all=None, threshold=2.0, P=0.3537, R=0.9355, F1=0.5133
2025-04-18 14:05:17,173 - INFO - [omi-8.txt] mode=deviation, all=None, threshold=2.5, P=0.3537, R=0.9355, F1=0.5133
2025-04-18 14:05:17,173 - INFO - [omi-8.txt] mode=deviation, all=None, threshold=3.0, P=0.3537, R=0.9355, F1=0.5133
2025-04-18 14:05:17,174 - INFO - [omi-8.txt] mode=deviation, all=None, threshold=3.5, P=0.3537, R=0.9355, F1=0.5133
2025-04-18 14:05:17,174 - INFO - [omi-8.txt] mode=deviation, all=None, threshold=4.0, P=0.3537, R=0.9355, F1=0.5133
2025-04-18 14:05:17,182 - INFO - [omi-8.txt] mode=deviation, all=None, threshold=4.5, P=0.3537, R=0.9355, F1=0.5133
2025-04-18 14:05:17,182 - INFO - [omi-8.txt] mode=deviation, all=None, threshold=5.0, P=0.3537, R=0.9355, F1=0.5133
2025-04-18 14:05:17,198 - INFO - [omi-8.txt] mode=deviation, all=None, threshold=5.5, P=0.3537, R=0.9355, F1=0.5133
2025-04-18 14:05:17,198 - INFO - [omi-8.txt] mode=deviation, all=None, threshold=6.0, P=0.3537, R=0.9355, F1=0.5133
2025-04-18 14:05:17,199 - INFO - [omi-8.txt] mode=deviation, all=None, threshold=6.5, P=0.3537, R=0.9355, F1=0.5133
2025-04-18 14:05:17,199 - INFO - [omi-8.txt] mode=deviation, all=None, threshold=7.0, P=0.3537, R=0.9355, F1=0.5133
2025-04-18 14:05:17,241 - INFO - [omi-2] Starting grid search...
2025-04-18 14:05:20,781 - INFO - [omi-2.txt] mode=deviation, all=None, threshold=0.0, P=0.4559, R=1.0000, F1=0.6263
2025-04-18 14:05:20,783 - INFO - [omi-2.txt] mode=deviation, all=None, threshold=0.5, P=0.4559, R=1.0000, F1=0.6263
2025-04-18 14:05:20,784 - INFO - [omi-2.txt] mode=deviation, all=None, threshold=1.0, P=0.4559, R=1.0000, F1=0.6263
2025-04-18 14:05:20,784 - INFO - [omi-2.txt] mode=deviation, all=None, threshold=1.5, P=0.4559, R=1.0000, F1=0.6263
2025-04-18 14:05:20,784 - INFO - [omi-2.txt] mode=deviation, all=None, threshold=2.0, P=0.4559, R=1.0000, F1=0.6263
2025-04-18 14:05:20,784 - INFO - [omi-2.txt] mode=deviation, all=None, threshold=2.5, P=0.4559, R=1.0000, F1=0.6263
2025-04-18 14:05:20,784 - INFO - [omi-2.txt] mode=deviation, all=None, threshold=3.0, P=0.4559, R=1.0000, F1=0.6263
2025-04-18 14:05:20,784 - INFO - [omi-2.txt] mode=deviation, all=None, threshold=3.5, P=0.4559, R=1.0000, F1=0.6263
2025-04-18 14:05:20,784 - INFO - [omi-2.txt] mode=deviation, all=None, threshold=4.0, P=0.4559, R=1.0000, F1=0.6263
2025-04-18 14:05:20,784 - INFO - [omi-2.txt] mode=deviation, all=None, threshold=4.5, P=0.4559, R=1.0000, F1=0.6263
2025-04-18 14:05:20,784 - INFO - [omi-2.txt] mode=deviation, all=None, threshold=5.0, P=0.4559, R=1.0000, F1=0.6263
2025-04-18 14:05:20,784 - INFO - [omi-2.txt] mode=deviation, all=None, threshold=5.5, P=0.4559, R=1.0000, F1=0.6263
2025-04-18 14:05:20,785 - INFO - [omi-2.txt] mode=deviation, all=None, threshold=6.0, P=0.4559, R=1.0000, F1=0.6263
2025-04-18 14:05:20,785 - INFO - [omi-2.txt] mode=deviation, all=None, threshold=6.5, P=0.4559, R=1.0000, F1=0.6263
2025-04-18 14:05:20,874 - INFO - [omi-2.txt] mode=deviation, all=None, threshold=7.0, P=0.4559, R=1.0000, F1=0.6263
2025-04-18 14:05:20,927 - INFO - [omi-11] Starting grid search...
2025-04-18 14:05:24,793 - INFO - [omi-11.txt] mode=deviation, all=None, threshold=0.0, P=0.3434, R=0.9828, F1=0.5089
2025-04-18 14:05:24,794 - INFO - [omi-11.txt] mode=deviation, all=None, threshold=0.5, P=0.3434, R=0.9828, F1=0.5089
2025-04-18 14:05:24,837 - INFO - [omi-11.txt] mode=deviation, all=None, threshold=1.0, P=0.3434, R=0.9828, F1=0.5089
2025-04-18 14:05:24,838 - INFO - [omi-11.txt] mode=deviation, all=None, threshold=1.5, P=0.3434, R=0.9828, F1=0.5089
2025-04-18 14:05:24,838 - INFO - [omi-11.txt] mode=deviation, all=None, threshold=2.0, P=0.3434, R=0.9828, F1=0.5089
2025-04-18 14:05:24,838 - INFO - [omi-11.txt] mode=deviation, all=None, threshold=2.5, P=0.3434, R=0.9828, F1=0.5089
2025-04-18 14:05:24,843 - INFO - [omi-11.txt] mode=deviation, all=None, threshold=3.0, P=0.3434, R=0.9828, F1=0.5089
2025-04-18 14:05:24,843 - INFO - [omi-11.txt] mode=deviation, all=None, threshold=3.5, P=0.3434, R=0.9828, F1=0.5089
2025-04-18 14:05:24,980 - INFO - [omi-11.txt] mode=deviation, all=None, threshold=4.0, P=0.3434, R=0.9828, F1=0.5089
2025-04-18 14:05:24,981 - INFO - [omi-11.txt] mode=deviation, all=None, threshold=4.5, P=0.3434, R=0.9828, F1=0.5089
2025-04-18 14:05:24,981 - INFO - [omi-11.txt] mode=deviation, all=None, threshold=5.0, P=0.3434, R=0.9828, F1=0.5089
2025-04-18 14:05:24,981 - INFO - [omi-11.txt] mode=deviation, all=None, threshold=5.5, P=0.3434, R=0.9828, F1=0.5089
2025-04-18 14:05:24,982 - INFO - [omi-11.txt] mode=deviation, all=None, threshold=6.0, P=0.3434, R=0.9828, F1=0.5089
2025-04-18 14:05:24,982 - INFO - [omi-11.txt] mode=deviation, all=None, threshold=6.5, P=0.3434, R=0.9828, F1=0.5089
2025-04-18 14:05:24,982 - INFO - [omi-11.txt] mode=deviation, all=None, threshold=7.0, P=0.3434, R=0.9828, F1=0.5089
2025-04-18 14:05:25,030 - INFO - [omi-10] Starting grid search...
2025-04-18 14:05:29,938 - INFO - [omi-10.txt] mode=deviation, all=None, threshold=0.0, P=0.4444, R=0.9836, F1=0.6122
2025-04-18 14:05:30,115 - INFO - [omi-10.txt] mode=deviation, all=None, threshold=0.5, P=0.4444, R=0.9836, F1=0.6122
2025-04-18 14:05:30,116 - INFO - [omi-10.txt] mode=deviation, all=None, threshold=1.0, P=0.4444, R=0.9836, F1=0.6122
2025-04-18 14:05:30,116 - INFO - [omi-10.txt] mode=deviation, all=None, threshold=1.5, P=0.4444, R=0.9836, F1=0.6122
2025-04-18 14:05:30,116 - INFO - [omi-10.txt] mode=deviation, all=None, threshold=2.0, P=0.4444, R=0.9836, F1=0.6122
2025-04-18 14:05:30,116 - INFO - [omi-10.txt] mode=deviation, all=None, threshold=2.5, P=0.4444, R=0.9836, F1=0.6122
2025-04-18 14:05:30,116 - INFO - [omi-10.txt] mode=deviation, all=None, threshold=3.0, P=0.4444, R=0.9836, F1=0.6122
2025-04-18 14:05:30,216 - INFO - [omi-10.txt] mode=deviation, all=None, threshold=3.5, P=0.4444, R=0.9836, F1=0.6122
2025-04-18 14:05:30,217 - INFO - [omi-10.txt] mode=deviation, all=None, threshold=4.0, P=0.4444, R=0.9836, F1=0.6122
2025-04-18 14:05:30,217 - INFO - [omi-10.txt] mode=deviation, all=None, threshold=4.5, P=0.4444, R=0.9836, F1=0.6122
2025-04-18 14:05:30,218 - INFO - [omi-10.txt] mode=deviation, all=None, threshold=5.0, P=0.4444, R=0.9836, F1=0.6122
2025-04-18 14:05:30,218 - INFO - [omi-10.txt] mode=deviation, all=None, threshold=5.5, P=0.4444, R=0.9836, F1=0.6122
2025-04-18 14:05:30,218 - INFO - [omi-10.txt] mode=deviation, all=None, threshold=6.0, P=0.4444, R=0.9836, F1=0.6122
2025-04-18 14:05:30,218 - INFO - [omi-10.txt] mode=deviation, all=None, threshold=6.5, P=0.4444, R=0.9836, F1=0.6122
2025-04-18 14:05:30,218 - INFO - [omi-10.txt] mode=deviation, all=None, threshold=7.0, P=0.4444, R=0.9836, F1=0.6122
2025-04-18 14:05:30,267 - INFO - [omi-4] Starting grid search...
2025-04-18 14:05:34,667 - INFO - [omi-4.txt] mode=deviation, all=None, threshold=0.0, P=0.7952, R=0.9851, F1=0.8800
2025-04-18 14:05:34,668 - INFO - [omi-4.txt] mode=deviation, all=None, threshold=0.5, P=0.7952, R=0.9851, F1=0.8800
2025-04-18 14:05:34,668 - INFO - [omi-4.txt] mode=deviation, all=None, threshold=1.0, P=0.7952, R=0.9851, F1=0.8800
2025-04-18 14:05:34,668 - INFO - [omi-4.txt] mode=deviation, all=None, threshold=1.5, P=0.7952, R=0.9851, F1=0.8800
2025-04-18 14:05:34,668 - INFO - [omi-4.txt] mode=deviation, all=None, threshold=2.0, P=0.7952, R=0.9851, F1=0.8800
2025-04-18 14:05:34,668 - INFO - [omi-4.txt] mode=deviation, all=None, threshold=2.5, P=0.7952, R=0.9851, F1=0.8800
2025-04-18 14:05:34,668 - INFO - [omi-4.txt] mode=deviation, all=None, threshold=3.0, P=0.7952, R=0.9851, F1=0.8800
2025-04-18 14:05:34,668 - INFO - [omi-4.txt] mode=deviation, all=None, threshold=3.5, P=0.7952, R=0.9851, F1=0.8800
2025-04-18 14:05:34,668 - INFO - [omi-4.txt] mode=deviation, all=None, threshold=4.0, P=0.7952, R=0.9851, F1=0.8800
2025-04-18 14:05:34,668 - INFO - [omi-4.txt] mode=deviation, all=None, threshold=4.5, P=0.7952, R=0.9851, F1=0.8800
2025-04-18 14:05:34,668 - INFO - [omi-4.txt] mode=deviation, all=None, threshold=5.0, P=0.7952, R=0.9851, F1=0.8800
2025-04-18 14:05:34,669 - INFO - [omi-4.txt] mode=deviation, all=None, threshold=5.5, P=0.7952, R=0.9851, F1=0.8800
2025-04-18 14:05:34,669 - INFO - [omi-4.txt] mode=deviation, all=None, threshold=6.0, P=0.7952, R=0.9851, F1=0.8800
2025-04-18 14:05:34,669 - INFO - [omi-4.txt] mode=deviation, all=None, threshold=6.5, P=0.7952, R=0.9851, F1=0.8800
2025-04-18 14:05:34,669 - INFO - [omi-4.txt] mode=deviation, all=None, threshold=7.0, P=0.7952, R=0.9851, F1=0.8800
2025-04-18 14:05:34,718 - INFO - [omi-3] Starting grid search...
2025-04-18 14:05:39,029 - INFO - [omi-3.txt] mode=deviation, all=None, threshold=0.0, P=0.7738, R=0.8333, F1=0.8025
2025-04-18 14:05:39,030 - INFO - [omi-3.txt] mode=deviation, all=None, threshold=0.5, P=0.7738, R=0.8333, F1=0.8025
2025-04-18 14:05:39,400 - INFO - [omi-3.txt] mode=deviation, all=None, threshold=1.0, P=0.7738, R=0.8333, F1=0.8025
2025-04-18 14:05:39,400 - INFO - [omi-3.txt] mode=deviation, all=None, threshold=1.5, P=0.7738, R=0.8333, F1=0.8025
2025-04-18 14:05:39,401 - INFO - [omi-3.txt] mode=deviation, all=None, threshold=2.0, P=0.7738, R=0.8333, F1=0.8025
2025-04-18 14:05:39,401 - INFO - [omi-3.txt] mode=deviation, all=None, threshold=2.5, P=0.7738, R=0.8333, F1=0.8025
2025-04-18 14:05:39,401 - INFO - [omi-3.txt] mode=deviation, all=None, threshold=3.0, P=0.7738, R=0.8333, F1=0.8025
2025-04-18 14:05:39,401 - INFO - [omi-3.txt] mode=deviation, all=None, threshold=3.5, P=0.7738, R=0.8333, F1=0.8025
2025-04-18 14:05:39,401 - INFO - [omi-3.txt] mode=deviation, all=None, threshold=4.0, P=0.7738, R=0.8333, F1=0.8025
2025-04-18 14:05:39,401 - INFO - [omi-3.txt] mode=deviation, all=None, threshold=4.5, P=0.7738, R=0.8333, F1=0.8025
2025-04-18 14:05:39,401 - INFO - [omi-3.txt] mode=deviation, all=None, threshold=5.0, P=0.7738, R=0.8333, F1=0.8025
2025-04-18 14:05:39,401 - INFO - [omi-3.txt] mode=deviation, all=None, threshold=5.5, P=0.7738, R=0.8333, F1=0.8025
2025-04-18 14:05:39,953 - INFO - [omi-3.txt] mode=deviation, all=None, threshold=6.0, P=0.7738, R=0.8333, F1=0.8025
2025-04-18 14:05:39,954 - INFO - [omi-3.txt] mode=deviation, all=None, threshold=6.5, P=0.7738, R=0.8333, F1=0.8025
2025-04-18 14:05:39,954 - INFO - [omi-3.txt] mode=deviation, all=None, threshold=7.0, P=0.7738, R=0.8333, F1=0.8025
2025-04-18 14:05:40,004 - INFO - 
==================================================
2025-04-18 14:05:40,004 - INFO - 开始汇总结果...
2025-04-18 14:05:40,015 - INFO - 
===== Best Results per Dataset =====
   dataset score_mode neighbor_param  score_threshold neighbor_selection  precision   recall  f1_score
 omi-1.txt  deviation           None              0.0                all   0.741667 1.000000  0.851675
omi-10.txt  deviation           None              5.5                all   0.444444 0.983607  0.612245
omi-11.txt  deviation           None              0.5                all   0.343373 0.982759  0.508929
omi-12.txt  deviation           None              3.0                all   0.612903 0.950000  0.745098
 omi-2.txt  deviation           None              2.5                all   0.455882 1.000000  0.626263
 omi-3.txt  deviation           None              7.0                all   0.773810 0.833333  0.802469
 omi-4.txt  deviation           None              1.5                all   0.795181 0.985075  0.880000
 omi-5.txt  deviation           None              5.5                all   0.453704 1.000000  0.624204
 omi-6.txt  deviation           None              5.0                all   0.254438 0.977273  0.403756
 omi-7.txt  deviation           None              2.5                all   0.826087 0.974359  0.894118
 omi-8.txt  deviation           None              2.5                all   0.353659 0.935484  0.513274
 omi-9.txt  deviation           None              2.5                all   0.496183 0.915493  0.643564
2025-04-18 14:05:40,015 - INFO - 
===== Overall Metrics =====
Precision: 0.4787  Recall: 0.9585  F1: 0.6385
2025-04-18 14:05:40,015 - INFO - 
【原始汇总指标】
2025-04-18 14:05:40,015 - INFO - 精确率(Precision): 0.4787
2025-04-18 14:05:40,015 - INFO - 召回率(Recall):    0.9585
2025-04-18 14:05:40,015 - INFO - F1值:             0.6385
2025-04-18 14:05:40,015 - INFO - 
==================================================
2025-04-18 14:05:40,016 - INFO - 开始生成可视化结果...
2025-04-18 14:05:40,016 - INFO - 
==================================================
2025-04-18 14:05:40,016 - INFO - 开始数据集可视化: omi-1
2025-04-18 14:05:40,016 - INFO - 使用参数: 评分模式=deviation, all=None, 阈值=0.0
2025-04-18 14:05:40,016 - INFO - ==================================================

2025-04-18 14:05:40,016 - INFO - 正在加载数据集 omi-1 的数据
2025-04-18 14:05:40,018 - INFO - 数据加载成功。训练集形状: (8640, 19), 测试集形状: (4320, 19)
2025-04-18 14:05:40,018 - INFO - 正在计算边缘统计量...
2025-04-18 14:05:43,589 - INFO - 已计算 170 条边的统计量
2025-04-18 14:05:43,589 - INFO - 为每个节点使用所有邻居
2025-04-18 14:05:43,589 - INFO - 可视化结果将保存到: ./visual/omi/neighbor_all/deviation/omi-1
2025-04-18 14:05:43,590 - INFO - 在数据集中发现 7 个异常时间段
2025-04-18 14:05:43,590 - INFO - 
正在处理时间段 1/7: 760-765
2025-04-18 14:05:43,590 - INFO - 该时间段的真实异常节点: {4, 5, 7, 8, 9, 10, 11, 12, 13, 14, 15, 16, 17, 18, 19}
2025-04-18 14:05:43,590 - INFO - 正在计算异常分数...
2025-04-18 14:05:43,593 - INFO - 检测到的异常节点: {1, 4, 5, 7, 8, 9, 10, 11, 12, 13, 14, 15, 16, 17, 18, 19}
2025-04-18 14:05:43,593 - INFO - 正在为时间段 760-765 生成可视化
2025-04-18 14:05:43,593 - INFO - 正在为时间段 760-765 生成异常图可视化
2025-04-18 14:05:43,593 - DEBUG - 创建包含 19 个节点的图结构
2025-04-18 14:05:43,594 - DEBUG - 边统计: 正常边 218 条, 异常边 22 条
2025-04-18 14:05:43,724 - DEBUG - 正在保存可视化结果到 ./visual/omi/neighbor_all/deviation/omi-1/seg_0_760_765.png
2025-04-18 14:05:43,963 - INFO - 成功保存时间段 760-765 的可视化结果
2025-04-18 14:05:43,963 - INFO - 
正在处理时间段 2/7: 1064-1298
2025-04-18 14:05:43,963 - INFO - 该时间段的真实异常节点: {6, 7, 9, 10, 11, 12, 13, 14, 15, 16, 17, 18, 19}
2025-04-18 14:05:43,963 - INFO - 正在计算异常分数...
2025-04-18 14:05:44,136 - INFO - 检测到的异常节点: {1, 3, 4, 5, 6, 7, 8, 9, 10, 11, 12, 13, 14, 15, 16, 17, 18, 19}
2025-04-18 14:05:44,136 - INFO - 正在为时间段 1064-1298 生成可视化
2025-04-18 14:05:44,136 - INFO - 正在为时间段 1064-1298 生成异常图可视化
2025-04-18 14:05:44,136 - DEBUG - 创建包含 19 个节点的图结构
2025-04-18 14:05:44,138 - DEBUG - 边统计: 正常边 284 条, 异常边 22 条
2025-04-18 14:05:44,197 - DEBUG - 正在保存可视化结果到 ./visual/omi/neighbor_all/deviation/omi-1/seg_1_1064_1298.png
2025-04-18 14:05:44,471 - INFO - 成功保存时间段 1064-1298 的可视化结果
2025-04-18 14:05:44,471 - INFO - 
正在处理时间段 3/7: 2758-2772
2025-04-18 14:05:44,472 - INFO - 该时间段的真实异常节点: {5, 6, 7, 8, 9, 10, 11, 12, 13, 14, 15, 16, 17, 18, 19}
2025-04-18 14:05:44,472 - INFO - 正在计算异常分数...
2025-04-18 14:05:44,487 - INFO - 检测到的异常节点: {1, 4, 5, 6, 7, 8, 9, 10, 11, 12, 13, 14, 15, 16, 17, 18, 19}
2025-04-18 14:05:44,487 - INFO - 正在为时间段 2758-2772 生成可视化
2025-04-18 14:05:44,487 - INFO - 正在为时间段 2758-2772 生成异常图可视化
2025-04-18 14:05:44,487 - DEBUG - 创建包含 19 个节点的图结构
2025-04-18 14:05:44,489 - DEBUG - 边统计: 正常边 218 条, 异常边 54 条
2025-04-18 14:05:44,549 - DEBUG - 正在保存可视化结果到 ./visual/omi/neighbor_all/deviation/omi-1/seg_2_2758_2772.png
2025-04-18 14:05:44,776 - INFO - 成功保存时间段 2758-2772 的可视化结果
2025-04-18 14:05:44,776 - INFO - 
正在处理时间段 4/7: 2874-2885
2025-04-18 14:05:44,776 - INFO - 该时间段的真实异常节点: {7, 9, 10, 11, 12, 13, 14, 15, 16, 17, 18}
2025-04-18 14:05:44,776 - INFO - 正在计算异常分数...
2025-04-18 14:05:44,786 - INFO - 检测到的异常节点: {1, 4, 5, 6, 7, 8, 9, 10, 11, 12, 13, 14, 15, 16, 17, 18, 19}
2025-04-18 14:05:44,786 - INFO - 正在为时间段 2874-2885 生成可视化
2025-04-18 14:05:44,786 - INFO - 正在为时间段 2874-2885 生成异常图可视化
2025-04-18 14:05:44,787 - DEBUG - 创建包含 19 个节点的图结构
2025-04-18 14:05:44,788 - DEBUG - 边统计: 正常边 250 条, 异常边 22 条
2025-04-18 14:05:44,851 - DEBUG - 正在保存可视化结果到 ./visual/omi/neighbor_all/deviation/omi-1/seg_3_2874_2885.png
2025-04-18 14:05:45,076 - INFO - 成功保存时间段 2874-2885 的可视化结果
2025-04-18 14:05:45,076 - INFO - 
正在处理时间段 5/7: 3012-3025
2025-04-18 14:05:45,076 - INFO - 该时间段的真实异常节点: {7, 10, 11, 12, 13, 14, 15, 16, 17, 18, 19}
2025-04-18 14:05:45,076 - INFO - 正在计算异常分数...
2025-04-18 14:05:45,089 - INFO - 检测到的异常节点: {1, 4, 5, 6, 7, 8, 9, 10, 11, 12, 13, 14, 15, 16, 17, 18, 19}
2025-04-18 14:05:45,089 - INFO - 正在为时间段 3012-3025 生成可视化
2025-04-18 14:05:45,089 - INFO - 正在为时间段 3012-3025 生成异常图可视化
2025-04-18 14:05:45,090 - DEBUG - 创建包含 19 个节点的图结构
2025-04-18 14:05:45,091 - DEBUG - 边统计: 正常边 232 条, 异常边 40 条
2025-04-18 14:05:45,160 - DEBUG - 正在保存可视化结果到 ./visual/omi/neighbor_all/deviation/omi-1/seg_4_3012_3025.png
2025-04-18 14:05:45,389 - INFO - 成功保存时间段 3012-3025 的可视化结果
2025-04-18 14:05:45,389 - INFO - 
正在处理时间段 6/7: 3160-3305
2025-04-18 14:05:45,389 - INFO - 该时间段的真实异常节点: {8, 9, 10, 11, 12, 13, 14, 15, 16, 17, 18, 19}
2025-04-18 14:05:45,389 - INFO - 正在计算异常分数...
2025-04-18 14:05:45,495 - INFO - 检测到的异常节点: {1, 3, 4, 5, 6, 7, 8, 9, 10, 11, 12, 13, 14, 15, 16, 17, 18, 19}
2025-04-18 14:05:45,495 - INFO - 正在为时间段 3160-3305 生成可视化
2025-04-18 14:05:45,495 - INFO - 正在为时间段 3160-3305 生成异常图可视化
2025-04-18 14:05:45,495 - DEBUG - 创建包含 19 个节点的图结构
2025-04-18 14:05:45,497 - DEBUG - 边统计: 正常边 304 条, 异常边 2 条
2025-04-18 14:05:45,554 - DEBUG - 正在保存可视化结果到 ./visual/omi/neighbor_all/deviation/omi-1/seg_5_3160_3305.png
2025-04-18 14:05:45,813 - INFO - 成功保存时间段 3160-3305 的可视化结果
2025-04-18 14:05:45,813 - INFO - 
正在处理时间段 7/7: 3626-3638
2025-04-18 14:05:45,813 - INFO - 该时间段的真实异常节点: {7, 9, 10, 11, 12, 13, 14, 15, 16, 17, 18, 19}
2025-04-18 14:05:45,813 - INFO - 正在计算异常分数...
2025-04-18 14:05:45,824 - INFO - 检测到的异常节点: {1, 4, 5, 6, 7, 8, 9, 10, 11, 12, 13, 14, 15, 16, 17, 18, 19}
2025-04-18 14:05:45,825 - INFO - 正在为时间段 3626-3638 生成可视化
2025-04-18 14:05:45,825 - INFO - 正在为时间段 3626-3638 生成异常图可视化
2025-04-18 14:05:45,825 - DEBUG - 创建包含 19 个节点的图结构
2025-04-18 14:05:45,826 - DEBUG - 边统计: 正常边 234 条, 异常边 38 条
2025-04-18 14:05:45,889 - DEBUG - 正在保存可视化结果到 ./visual/omi/neighbor_all/deviation/omi-1/seg_6_3626_3638.png
2025-04-18 14:05:46,250 - INFO - 成功保存时间段 3626-3638 的可视化结果
2025-04-18 14:05:46,250 - INFO - 正在从 ./visual/omi/neighbor_all/deviation/omi-1 中的图像创建GIF
2025-04-18 14:05:46,760 - INFO - GIF已保存到 ./visual/omi/neighbor_all/deviation/omi-1/omi-1.gif
2025-04-18 14:05:46,760 - INFO - 
==================================================
2025-04-18 14:05:46,760 - INFO - 开始数据集可视化: omi-10
2025-04-18 14:05:46,760 - INFO - 使用参数: 评分模式=deviation, all=None, 阈值=5.5
2025-04-18 14:05:46,760 - INFO - ==================================================

2025-04-18 14:05:46,761 - INFO - 正在加载数据集 omi-10 的数据
2025-04-18 14:05:46,761 - INFO - 数据加载成功。训练集形状: (8640, 19), 测试集形状: (4320, 19)
2025-04-18 14:05:46,761 - INFO - 正在计算边缘统计量...
2025-04-18 14:05:50,114 - INFO - 已计算 136 条边的统计量
2025-04-18 14:05:50,114 - INFO - 为每个节点使用所有邻居
2025-04-18 14:05:50,114 - INFO - 可视化结果将保存到: ./visual/omi/neighbor_all/deviation/omi-10
2025-04-18 14:05:50,115 - INFO - 在数据集中发现 8 个异常时间段
2025-04-18 14:05:50,115 - INFO - 
正在处理时间段 1/8: 740-780
2025-04-18 14:05:50,115 - INFO - 该时间段的真实异常节点: {2, 5, 6, 7, 8, 9, 10, 11, 12, 13, 14, 15, 16, 17, 18, 19}
2025-04-18 14:05:50,115 - INFO - 正在计算异常分数...
2025-04-18 14:05:50,154 - INFO - 检测到的异常节点: {1, 4, 5, 6, 7, 8, 9, 10, 11, 12, 13, 14, 15, 16, 17, 18, 19}
2025-04-18 14:05:50,154 - INFO - 正在为时间段 740-780 生成可视化
2025-04-18 14:05:50,154 - INFO - 正在为时间段 740-780 生成异常图可视化
2025-04-18 14:05:50,154 - DEBUG - 创建包含 19 个节点的图结构
2025-04-18 14:05:50,155 - DEBUG - 边统计: 正常边 166 条, 异常边 106 条
2025-04-18 14:05:50,214 - DEBUG - 正在保存可视化结果到 ./visual/omi/neighbor_all/deviation/omi-10/seg_0_740_780.png
2025-04-18 14:05:50,435 - INFO - 成功保存时间段 740-780 的可视化结果
2025-04-18 14:05:50,436 - INFO - 
正在处理时间段 2/8: 1345-1406
2025-04-18 14:05:50,436 - INFO - 该时间段的真实异常节点: {7, 9, 10, 11, 12, 13, 14, 15, 16, 17, 18}
2025-04-18 14:05:50,436 - INFO - 正在计算异常分数...
2025-04-18 14:05:50,505 - INFO - 检测到的异常节点: {1, 4, 5, 6, 7, 8, 9, 10, 11, 12, 13, 14, 15, 16, 17, 18, 19}
2025-04-18 14:05:50,505 - INFO - 正在为时间段 1345-1406 生成可视化
2025-04-18 14:05:50,505 - INFO - 正在为时间段 1345-1406 生成异常图可视化
2025-04-18 14:05:50,505 - DEBUG - 创建包含 19 个节点的图结构
2025-04-18 14:05:50,506 - DEBUG - 边统计: 正常边 268 条, 异常边 4 条
2025-04-18 14:05:50,564 - DEBUG - 正在保存可视化结果到 ./visual/omi/neighbor_all/deviation/omi-10/seg_1_1345_1406.png
2025-04-18 14:05:50,784 - INFO - 成功保存时间段 1345-1406 的可视化结果
2025-04-18 14:05:50,785 - INFO - 
正在处理时间段 3/8: 2224-2272
2025-04-18 14:05:50,785 - INFO - 该时间段的真实异常节点: {4, 5, 6, 7, 9, 10, 11, 12, 13, 14, 15, 16, 17, 18, 19}
2025-04-18 14:05:50,785 - INFO - 正在计算异常分数...
2025-04-18 14:05:50,837 - INFO - 检测到的异常节点: {1, 4, 5, 6, 7, 8, 9, 10, 11, 12, 13, 14, 15, 16, 17, 18, 19}
2025-04-18 14:05:50,837 - INFO - 正在为时间段 2224-2272 生成可视化
2025-04-18 14:05:50,837 - INFO - 正在为时间段 2224-2272 生成异常图可视化
2025-04-18 14:05:50,837 - DEBUG - 创建包含 19 个节点的图结构
2025-04-18 14:05:50,838 - DEBUG - 边统计: 正常边 264 条, 异常边 8 条
2025-04-18 14:05:50,896 - DEBUG - 正在保存可视化结果到 ./visual/omi/neighbor_all/deviation/omi-10/seg_2_2224_2272.png
2025-04-18 14:05:51,117 - INFO - 成功保存时间段 2224-2272 的可视化结果
2025-04-18 14:05:51,117 - INFO - 
正在处理时间段 4/8: 2514-2592
2025-04-18 14:05:51,117 - INFO - 该时间段的真实异常节点: {16, 4}
2025-04-18 14:05:51,117 - INFO - 正在计算异常分数...
2025-04-18 14:05:51,204 - INFO - 检测到的异常节点: {1, 4, 5, 6, 7, 8, 9, 10, 11, 12, 13, 14, 15, 16, 17, 18, 19}
2025-04-18 14:05:51,204 - INFO - 正在为时间段 2514-2592 生成可视化
2025-04-18 14:05:51,204 - INFO - 正在为时间段 2514-2592 生成异常图可视化
2025-04-18 14:05:51,204 - DEBUG - 创建包含 19 个节点的图结构
2025-04-18 14:05:51,205 - DEBUG - 边统计: 正常边 272 条, 异常边 0 条
2025-04-18 14:05:51,263 - DEBUG - 正在保存可视化结果到 ./visual/omi/neighbor_all/deviation/omi-10/seg_3_2514_2592.png
2025-04-18 14:05:51,484 - INFO - 成功保存时间段 2514-2592 的可视化结果
2025-04-18 14:05:51,484 - INFO - 
正在处理时间段 5/8: 2733-2778
2025-04-18 14:05:51,484 - INFO - 该时间段的真实异常节点: {11, 14, 15}
2025-04-18 14:05:51,484 - INFO - 正在计算异常分数...
2025-04-18 14:05:51,532 - INFO - 检测到的异常节点: {1, 4, 5, 7, 8, 9, 10, 11, 12, 13, 14, 15, 16, 17, 18, 19}
2025-04-18 14:05:51,532 - INFO - 正在为时间段 2733-2778 生成可视化
2025-04-18 14:05:51,532 - INFO - 正在为时间段 2733-2778 生成异常图可视化
2025-04-18 14:05:51,533 - DEBUG - 创建包含 19 个节点的图结构
2025-04-18 14:05:51,534 - DEBUG - 边统计: 正常边 238 条, 异常边 2 条
2025-04-18 14:05:51,593 - DEBUG - 正在保存可视化结果到 ./visual/omi/neighbor_all/deviation/omi-10/seg_4_2733_2778.png
2025-04-18 14:05:51,818 - INFO - 成功保存时间段 2733-2778 的可视化结果
2025-04-18 14:05:51,818 - INFO - 
正在处理时间段 6/8: 3401-3405
2025-04-18 14:05:51,818 - INFO - 该时间段的真实异常节点: {1}
2025-04-18 14:05:51,818 - INFO - 正在计算异常分数...
2025-04-18 14:05:51,820 - INFO - 检测到的异常节点: {1, 4, 5, 6, 7, 8, 9, 10, 11, 12, 13, 14, 15, 16, 17, 18, 19}
2025-04-18 14:05:51,820 - INFO - 正在为时间段 3401-3405 生成可视化
2025-04-18 14:05:51,820 - INFO - 正在为时间段 3401-3405 生成异常图可视化
2025-04-18 14:05:51,820 - DEBUG - 创建包含 19 个节点的图结构
2025-04-18 14:05:51,821 - DEBUG - 边统计: 正常边 252 条, 异常边 20 条
2025-04-18 14:05:51,880 - DEBUG - 正在保存可视化结果到 ./visual/omi/neighbor_all/deviation/omi-10/seg_5_3401_3405.png
2025-04-18 14:05:52,101 - INFO - 成功保存时间段 3401-3405 的可视化结果
2025-04-18 14:05:52,101 - INFO - 
正在处理时间段 7/8: 3414-3459
2025-04-18 14:05:52,102 - INFO - 该时间段的真实异常节点: {8}
2025-04-18 14:05:52,102 - INFO - 正在计算异常分数...
2025-04-18 14:05:52,150 - INFO - 检测到的异常节点: {1, 4, 5, 6, 7, 8, 9, 10, 11, 12, 13, 14, 15, 16, 17, 18, 19}
2025-04-18 14:05:52,150 - INFO - 正在为时间段 3414-3459 生成可视化
2025-04-18 14:05:52,150 - INFO - 正在为时间段 3414-3459 生成异常图可视化
2025-04-18 14:05:52,150 - DEBUG - 创建包含 19 个节点的图结构
2025-04-18 14:05:52,151 - DEBUG - 边统计: 正常边 234 条, 异常边 38 条
2025-04-18 14:05:52,211 - DEBUG - 正在保存可视化结果到 ./visual/omi/neighbor_all/deviation/omi-10/seg_6_3414_3459.png
2025-04-18 14:05:52,432 - INFO - 成功保存时间段 3414-3459 的可视化结果
2025-04-18 14:05:52,433 - INFO - 
正在处理时间段 8/8: 3700-3744
2025-04-18 14:05:52,433 - INFO - 该时间段的真实异常节点: {7, 8, 9, 10, 11, 12, 13, 14, 15, 16, 17, 18}
2025-04-18 14:05:52,433 - INFO - 正在计算异常分数...
2025-04-18 14:05:52,479 - INFO - 检测到的异常节点: {1, 4, 5, 6, 7, 8, 9, 10, 11, 12, 13, 14, 15, 16, 17, 18, 19}
2025-04-18 14:05:52,479 - INFO - 正在为时间段 3700-3744 生成可视化
2025-04-18 14:05:52,479 - INFO - 正在为时间段 3700-3744 生成异常图可视化
2025-04-18 14:05:52,479 - DEBUG - 创建包含 19 个节点的图结构
2025-04-18 14:05:52,480 - DEBUG - 边统计: 正常边 228 条, 异常边 44 条
2025-04-18 14:05:52,540 - DEBUG - 正在保存可视化结果到 ./visual/omi/neighbor_all/deviation/omi-10/seg_7_3700_3744.png
2025-04-18 14:05:52,762 - INFO - 成功保存时间段 3700-3744 的可视化结果
2025-04-18 14:05:52,762 - INFO - 正在从 ./visual/omi/neighbor_all/deviation/omi-10 中的图像创建GIF
2025-04-18 14:05:53,280 - INFO - GIF已保存到 ./visual/omi/neighbor_all/deviation/omi-10/omi-10.gif
2025-04-18 14:05:53,281 - INFO - 
==================================================
2025-04-18 14:05:53,281 - INFO - 开始数据集可视化: omi-11
2025-04-18 14:05:53,281 - INFO - 使用参数: 评分模式=deviation, all=None, 阈值=0.5
2025-04-18 14:05:53,281 - INFO - ==================================================

2025-04-18 14:05:53,281 - INFO - 正在加载数据集 omi-11 的数据
2025-04-18 14:05:53,282 - INFO - 数据加载成功。训练集形状: (8640, 19), 测试集形状: (4320, 19)
2025-04-18 14:05:53,282 - INFO - 正在计算边缘统计量...
2025-04-18 14:05:56,466 - INFO - 已计算 153 条边的统计量
2025-04-18 14:05:56,466 - INFO - 为每个节点使用所有邻居
2025-04-18 14:05:56,466 - INFO - 可视化结果将保存到: ./visual/omi/neighbor_all/deviation/omi-11
2025-04-18 14:05:56,467 - INFO - 在数据集中发现 9 个异常时间段
2025-04-18 14:05:56,467 - INFO - 
正在处理时间段 1/9: 738-755
2025-04-18 14:05:56,467 - INFO - 该时间段的真实异常节点: {2}
2025-04-18 14:05:56,467 - INFO - 正在计算异常分数...
2025-04-18 14:05:56,482 - INFO - 检测到的异常节点: {4, 5, 6, 7, 8, 9, 10, 11, 12, 13, 14, 15, 16, 17, 18, 19}
2025-04-18 14:05:56,482 - INFO - 正在为时间段 738-755 生成可视化
2025-04-18 14:05:56,482 - INFO - 正在为时间段 738-755 生成异常图可视化
2025-04-18 14:05:56,482 - DEBUG - 创建包含 19 个节点的图结构
2025-04-18 14:05:56,483 - DEBUG - 边统计: 正常边 240 条, 异常边 0 条
2025-04-18 14:05:56,544 - DEBUG - 正在保存可视化结果到 ./visual/omi/neighbor_all/deviation/omi-11/seg_0_738_755.png
2025-04-18 14:05:56,760 - INFO - 成功保存时间段 738-755 的可视化结果
2025-04-18 14:05:56,760 - INFO - 
正在处理时间段 2/9: 757-815
2025-04-18 14:05:56,760 - INFO - 该时间段的真实异常节点: set()
2025-04-18 14:05:56,760 - INFO - 正在计算异常分数...
2025-04-18 14:05:56,823 - INFO - 检测到的异常节点: {1, 4, 5, 6, 7, 8, 9, 10, 11, 12, 13, 14, 15, 16, 17, 18, 19}
2025-04-18 14:05:56,823 - INFO - 正在为时间段 757-815 生成可视化
2025-04-18 14:05:56,823 - INFO - 正在为时间段 757-815 生成异常图可视化
2025-04-18 14:05:56,823 - DEBUG - 创建包含 19 个节点的图结构
2025-04-18 14:05:56,824 - DEBUG - 边统计: 正常边 248 条, 异常边 24 条
2025-04-18 14:05:56,883 - DEBUG - 正在保存可视化结果到 ./visual/omi/neighbor_all/deviation/omi-11/seg_1_757_815.png
2025-04-18 14:05:57,104 - INFO - 成功保存时间段 757-815 的可视化结果
2025-04-18 14:05:57,104 - INFO - 
正在处理时间段 3/9: 1366-1375
2025-04-18 14:05:57,104 - INFO - 该时间段的真实异常节点: {4, 5, 8, 17, 19}
2025-04-18 14:05:57,104 - INFO - 正在计算异常分数...
2025-04-18 14:05:57,112 - INFO - 检测到的异常节点: {1, 4, 5, 6, 7, 8, 9, 10, 11, 12, 13, 14, 15, 16, 17, 18, 19}
2025-04-18 14:05:57,112 - INFO - 正在为时间段 1366-1375 生成可视化
2025-04-18 14:05:57,112 - INFO - 正在为时间段 1366-1375 生成异常图可视化
2025-04-18 14:05:57,112 - DEBUG - 创建包含 19 个节点的图结构
2025-04-18 14:05:57,113 - DEBUG - 边统计: 正常边 210 条, 异常边 62 条
2025-04-18 14:05:57,172 - DEBUG - 正在保存可视化结果到 ./visual/omi/neighbor_all/deviation/omi-11/seg_2_1366_1375.png
2025-04-18 14:05:57,393 - INFO - 成功保存时间段 1366-1375 的可视化结果
2025-04-18 14:05:57,394 - INFO - 
正在处理时间段 4/9: 2301-2314
2025-04-18 14:05:57,394 - INFO - 该时间段的真实异常节点: {17, 19, 4, 5}
2025-04-18 14:05:57,394 - INFO - 正在计算异常分数...
2025-04-18 14:05:57,406 - INFO - 检测到的异常节点: {1, 4, 5, 6, 7, 8, 9, 10, 11, 12, 13, 14, 15, 16, 17, 18, 19}
2025-04-18 14:05:57,407 - INFO - 正在为时间段 2301-2314 生成可视化
2025-04-18 14:05:57,407 - INFO - 正在为时间段 2301-2314 生成异常图可视化
2025-04-18 14:05:57,407 - DEBUG - 创建包含 19 个节点的图结构
2025-04-18 14:05:57,408 - DEBUG - 边统计: 正常边 232 条, 异常边 40 条
2025-04-18 14:05:57,553 - DEBUG - 正在保存可视化结果到 ./visual/omi/neighbor_all/deviation/omi-11/seg_3_2301_2314.png
2025-04-18 14:05:57,777 - INFO - 成功保存时间段 2301-2314 的可视化结果
2025-04-18 14:05:57,777 - INFO - 
正在处理时间段 5/9: 2365-2381
2025-04-18 14:05:57,777 - INFO - 该时间段的真实异常节点: {19}
2025-04-18 14:05:57,777 - INFO - 正在计算异常分数...
2025-04-18 14:05:57,790 - INFO - 检测到的异常节点: {4, 6, 7, 8, 9, 10, 11, 12, 13, 14, 15, 16, 17, 18, 19}
2025-04-18 14:05:57,790 - INFO - 正在为时间段 2365-2381 生成可视化
2025-04-18 14:05:57,791 - INFO - 正在为时间段 2365-2381 生成异常图可视化
2025-04-18 14:05:57,791 - DEBUG - 创建包含 19 个节点的图结构
2025-04-18 14:05:57,792 - DEBUG - 边统计: 正常边 168 条, 异常边 42 条
2025-04-18 14:05:57,851 - DEBUG - 正在保存可视化结果到 ./visual/omi/neighbor_all/deviation/omi-11/seg_4_2365_2381.png
2025-04-18 14:05:58,076 - INFO - 成功保存时间段 2365-2381 的可视化结果
2025-04-18 14:05:58,076 - INFO - 
正在处理时间段 6/9: 2464-2485
2025-04-18 14:05:58,076 - INFO - 该时间段的真实异常节点: {17, 19, 4, 5}
2025-04-18 14:05:58,076 - INFO - 正在计算异常分数...
2025-04-18 14:05:58,098 - INFO - 检测到的异常节点: {1, 4, 5, 6, 7, 8, 9, 10, 11, 12, 13, 14, 15, 16, 17, 18, 19}
2025-04-18 14:05:58,098 - INFO - 正在为时间段 2464-2485 生成可视化
2025-04-18 14:05:58,098 - INFO - 正在为时间段 2464-2485 生成异常图可视化
2025-04-18 14:05:58,099 - DEBUG - 创建包含 19 个节点的图结构
2025-04-18 14:05:58,100 - DEBUG - 边统计: 正常边 236 条, 异常边 36 条
2025-04-18 14:05:58,158 - DEBUG - 正在保存可视化结果到 ./visual/omi/neighbor_all/deviation/omi-11/seg_5_2464_2485.png
2025-04-18 14:05:58,380 - INFO - 成功保存时间段 2464-2485 的可视化结果
2025-04-18 14:05:58,380 - INFO - 
正在处理时间段 7/9: 2588-2610
2025-04-18 14:05:58,380 - INFO - 该时间段的真实异常节点: {17, 19, 4, 5}
2025-04-18 14:05:58,380 - INFO - 正在计算异常分数...
2025-04-18 14:05:58,401 - INFO - 检测到的异常节点: {1, 4, 5, 6, 7, 8, 9, 10, 11, 12, 13, 14, 15, 16, 17, 18, 19}
2025-04-18 14:05:58,401 - INFO - 正在为时间段 2588-2610 生成可视化
2025-04-18 14:05:58,401 - INFO - 正在为时间段 2588-2610 生成异常图可视化
2025-04-18 14:05:58,402 - DEBUG - 创建包含 19 个节点的图结构
2025-04-18 14:05:58,403 - DEBUG - 边统计: 正常边 216 条, 异常边 56 条
2025-04-18 14:05:58,461 - DEBUG - 正在保存可视化结果到 ./visual/omi/neighbor_all/deviation/omi-11/seg_6_2588_2610.png
2025-04-18 14:05:58,683 - INFO - 成功保存时间段 2588-2610 的可视化结果
2025-04-18 14:05:58,683 - INFO - 
正在处理时间段 8/9: 2650-2675
2025-04-18 14:05:58,683 - INFO - 该时间段的真实异常节点: {19}
2025-04-18 14:05:58,683 - INFO - 正在计算异常分数...
2025-04-18 14:05:58,708 - INFO - 检测到的异常节点: {4, 5, 6, 7, 8, 9, 10, 11, 12, 13, 14, 15, 16, 17, 18, 19}
2025-04-18 14:05:58,708 - INFO - 正在为时间段 2650-2675 生成可视化
2025-04-18 14:05:58,708 - INFO - 正在为时间段 2650-2675 生成异常图可视化
2025-04-18 14:05:58,708 - DEBUG - 创建包含 19 个节点的图结构
2025-04-18 14:05:58,709 - DEBUG - 边统计: 正常边 192 条, 异常边 48 条
2025-04-18 14:05:58,770 - DEBUG - 正在保存可视化结果到 ./visual/omi/neighbor_all/deviation/omi-11/seg_7_2650_2675.png
2025-04-18 14:05:58,988 - INFO - 成功保存时间段 2650-2675 的可视化结果
2025-04-18 14:05:58,988 - INFO - 
正在处理时间段 9/9: 3012-3072
2025-04-18 14:05:58,988 - INFO - 该时间段的真实异常节点: {1, 4, 5, 8, 17, 19}
2025-04-18 14:05:58,988 - INFO - 正在计算异常分数...
2025-04-18 14:05:59,058 - INFO - 检测到的异常节点: {1, 4, 5, 6, 7, 8, 9, 10, 11, 12, 13, 14, 15, 16, 17, 18, 19}
2025-04-18 14:05:59,058 - INFO - 正在为时间段 3012-3072 生成可视化
2025-04-18 14:05:59,058 - INFO - 正在为时间段 3012-3072 生成异常图可视化
2025-04-18 14:05:59,058 - DEBUG - 创建包含 19 个节点的图结构
2025-04-18 14:05:59,060 - DEBUG - 边统计: 正常边 272 条, 异常边 0 条
2025-04-18 14:05:59,118 - DEBUG - 正在保存可视化结果到 ./visual/omi/neighbor_all/deviation/omi-11/seg_8_3012_3072.png
2025-04-18 14:05:59,339 - INFO - 成功保存时间段 3012-3072 的可视化结果
2025-04-18 14:05:59,339 - INFO - 正在从 ./visual/omi/neighbor_all/deviation/omi-11 中的图像创建GIF
2025-04-18 14:05:59,923 - INFO - GIF已保存到 ./visual/omi/neighbor_all/deviation/omi-11/omi-11.gif
2025-04-18 14:05:59,923 - INFO - 
==================================================
2025-04-18 14:05:59,923 - INFO - 开始数据集可视化: omi-12
2025-04-18 14:05:59,923 - INFO - 使用参数: 评分模式=deviation, all=None, 阈值=3.0
2025-04-18 14:05:59,923 - INFO - ==================================================

2025-04-18 14:05:59,923 - INFO - 正在加载数据集 omi-12 的数据
2025-04-18 14:05:59,924 - INFO - 数据加载成功。训练集形状: (7291, 19), 测试集形状: (4320, 19)
2025-04-18 14:05:59,924 - INFO - 正在计算边缘统计量...
2025-04-18 14:06:02,259 - INFO - 已计算 133 条边的统计量
2025-04-18 14:06:02,259 - INFO - 为每个节点使用所有邻居
2025-04-18 14:06:02,259 - INFO - 可视化结果将保存到: ./visual/omi/neighbor_all/deviation/omi-12
2025-04-18 14:06:02,260 - INFO - 在数据集中发现 5 个异常时间段
2025-04-18 14:06:02,260 - INFO - 
正在处理时间段 1/5: 740-813
2025-04-18 14:06:02,260 - INFO - 该时间段的真实异常节点: {1, 2, 6, 7, 8, 9, 10, 11, 12, 13, 14, 15, 16, 17, 18, 19}
2025-04-18 14:06:02,260 - INFO - 正在计算异常分数...
2025-04-18 14:06:02,327 - INFO - 检测到的异常节点: {1, 6, 7, 8, 9, 10, 11, 12, 13, 14, 15, 16, 17, 18, 19}
2025-04-18 14:06:02,327 - INFO - 正在为时间段 740-813 生成可视化
2025-04-18 14:06:02,327 - INFO - 正在为时间段 740-813 生成异常图可视化
2025-04-18 14:06:02,327 - DEBUG - 创建包含 19 个节点的图结构
2025-04-18 14:06:02,328 - DEBUG - 边统计: 正常边 140 条, 异常边 70 条
2025-04-18 14:06:02,388 - DEBUG - 正在保存可视化结果到 ./visual/omi/neighbor_all/deviation/omi-12/seg_0_740_813.png
2025-04-18 14:06:02,604 - INFO - 成功保存时间段 740-813 的可视化结果
2025-04-18 14:06:02,604 - INFO - 
正在处理时间段 2/5: 2486-2493
2025-04-18 14:06:02,604 - INFO - 该时间段的真实异常节点: {4, 5}
2025-04-18 14:06:02,604 - INFO - 正在计算异常分数...
2025-04-18 14:06:02,608 - INFO - 检测到的异常节点: {1, 4, 5, 7, 8, 9, 10, 12, 13, 14, 15, 16, 17, 18, 19}
2025-04-18 14:06:02,608 - INFO - 正在为时间段 2486-2493 生成可视化
2025-04-18 14:06:02,608 - INFO - 正在为时间段 2486-2493 生成异常图可视化
2025-04-18 14:06:02,608 - DEBUG - 创建包含 19 个节点的图结构
2025-04-18 14:06:02,609 - DEBUG - 边统计: 正常边 170 条, 异常边 36 条
2025-04-18 14:06:02,668 - DEBUG - 正在保存可视化结果到 ./visual/omi/neighbor_all/deviation/omi-12/seg_1_2486_2493.png
2025-04-18 14:06:02,884 - INFO - 成功保存时间段 2486-2493 的可视化结果
2025-04-18 14:06:02,884 - INFO - 
正在处理时间段 3/5: 2515-2525
2025-04-18 14:06:02,884 - INFO - 该时间段的真实异常节点: {1, 4, 5, 7, 8, 9, 17, 18}
2025-04-18 14:06:02,884 - INFO - 正在计算异常分数...
2025-04-18 14:06:02,892 - INFO - 检测到的异常节点: {1, 4, 5, 6, 7, 8, 9, 10, 11, 12, 13, 14, 15, 16, 17, 18, 19}
2025-04-18 14:06:02,892 - INFO - 正在为时间段 2515-2525 生成可视化
2025-04-18 14:06:02,892 - INFO - 正在为时间段 2515-2525 生成异常图可视化
2025-04-18 14:06:02,893 - DEBUG - 创建包含 19 个节点的图结构
2025-04-18 14:06:02,894 - DEBUG - 边统计: 正常边 190 条, 异常边 76 条
2025-04-18 14:06:02,951 - DEBUG - 正在保存可视化结果到 ./visual/omi/neighbor_all/deviation/omi-12/seg_2_2515_2525.png
2025-04-18 14:06:03,173 - INFO - 成功保存时间段 2515-2525 的可视化结果
2025-04-18 14:06:03,174 - INFO - 
正在处理时间段 4/5: 2721-2723
2025-04-18 14:06:03,174 - INFO - 该时间段的真实异常节点: {4}
2025-04-18 14:06:03,174 - INFO - 正在计算异常分数...
2025-04-18 14:06:03,174 - INFO - 检测到的异常节点: set()
2025-04-18 14:06:03,174 - INFO - 正在为时间段 2721-2723 生成可视化
2025-04-18 14:06:03,174 - INFO - 正在为时间段 2721-2723 生成异常图可视化
2025-04-18 14:06:03,174 - DEBUG - 创建包含 19 个节点的图结构
2025-04-18 14:06:03,175 - DEBUG - 边统计: 正常边 40 条, 异常边 48 条
2025-04-18 14:06:03,233 - DEBUG - 正在保存可视化结果到 ./visual/omi/neighbor_all/deviation/omi-12/seg_3_2721_2723.png
2025-04-18 14:06:03,445 - INFO - 成功保存时间段 2721-2723 的可视化结果
2025-04-18 14:06:03,445 - INFO - 
正在处理时间段 5/5: 3500-3535
2025-04-18 14:06:03,446 - INFO - 该时间段的真实异常节点: {5, 6, 7, 8, 11, 12, 13, 14, 15, 16, 17, 18, 19}
2025-04-18 14:06:03,446 - INFO - 正在计算异常分数...
2025-04-18 14:06:03,470 - INFO - 检测到的异常节点: {5, 6, 7, 8, 9, 10, 11, 12, 13, 14, 15, 16, 17, 18, 19}
2025-04-18 14:06:03,470 - INFO - 正在为时间段 3500-3535 生成可视化
2025-04-18 14:06:03,470 - INFO - 正在为时间段 3500-3535 生成异常图可视化
2025-04-18 14:06:03,470 - DEBUG - 创建包含 19 个节点的图结构
2025-04-18 14:06:03,471 - DEBUG - 边统计: 正常边 172 条, 异常边 38 条
2025-04-18 14:06:03,527 - DEBUG - 正在保存可视化结果到 ./visual/omi/neighbor_all/deviation/omi-12/seg_4_3500_3535.png
2025-04-18 14:06:03,746 - INFO - 成功保存时间段 3500-3535 的可视化结果
2025-04-18 14:06:03,746 - INFO - 正在从 ./visual/omi/neighbor_all/deviation/omi-12 中的图像创建GIF
2025-04-18 14:06:04,054 - INFO - GIF已保存到 ./visual/omi/neighbor_all/deviation/omi-12/omi-12.gif
2025-04-18 14:06:04,055 - INFO - 
==================================================
2025-04-18 14:06:04,055 - INFO - 开始数据集可视化: omi-2
2025-04-18 14:06:04,055 - INFO - 使用参数: 评分模式=deviation, all=None, 阈值=2.5
2025-04-18 14:06:04,055 - INFO - ==================================================

2025-04-18 14:06:04,055 - INFO - 正在加载数据集 omi-2 的数据
2025-04-18 14:06:04,056 - INFO - 数据加载成功。训练集形状: (8640, 19), 测试集形状: (4320, 19)
2025-04-18 14:06:04,056 - INFO - 正在计算边缘统计量...
2025-04-18 14:06:07,057 - INFO - 已计算 153 条边的统计量
2025-04-18 14:06:07,057 - INFO - 为每个节点使用所有邻居
2025-04-18 14:06:07,057 - INFO - 可视化结果将保存到: ./visual/omi/neighbor_all/deviation/omi-2
2025-04-18 14:06:07,058 - INFO - 在数据集中发现 4 个异常时间段
2025-04-18 14:06:07,058 - INFO - 
正在处理时间段 1/4: 486-498
2025-04-18 14:06:07,058 - INFO - 该时间段的真实异常节点: {1, 4, 5}
2025-04-18 14:06:07,058 - INFO - 正在计算异常分数...
2025-04-18 14:06:07,070 - INFO - 检测到的异常节点: {1, 4, 5, 6, 7, 8, 9, 10, 11, 12, 13, 14, 15, 16, 17, 18, 19}
2025-04-18 14:06:07,070 - INFO - 正在为时间段 486-498 生成可视化
2025-04-18 14:06:07,070 - INFO - 正在为时间段 486-498 生成异常图可视化
2025-04-18 14:06:07,070 - DEBUG - 创建包含 19 个节点的图结构
2025-04-18 14:06:07,071 - DEBUG - 边统计: 正常边 272 条, 异常边 0 条
2025-04-18 14:06:07,128 - DEBUG - 正在保存可视化结果到 ./visual/omi/neighbor_all/deviation/omi-2/seg_0_486_498.png
2025-04-18 14:06:07,346 - INFO - 成功保存时间段 486-498 的可视化结果
2025-04-18 14:06:07,346 - INFO - 
正在处理时间段 2/4: 740-753
2025-04-18 14:06:07,346 - INFO - 该时间段的真实异常节点: {2}
2025-04-18 14:06:07,346 - INFO - 正在计算异常分数...
2025-04-18 14:06:07,358 - INFO - 检测到的异常节点: {2, 4, 5, 6, 7, 8, 9, 10, 11, 12, 13, 14, 15, 16, 17, 18, 19}
2025-04-18 14:06:07,359 - INFO - 正在为时间段 740-753 生成可视化
2025-04-18 14:06:07,359 - INFO - 正在为时间段 740-753 生成异常图可视化
2025-04-18 14:06:07,359 - DEBUG - 创建包含 19 个节点的图结构
2025-04-18 14:06:07,360 - DEBUG - 边统计: 正常边 268 条, 异常边 4 条
2025-04-18 14:06:07,499 - DEBUG - 正在保存可视化结果到 ./visual/omi/neighbor_all/deviation/omi-2/seg_1_740_753.png
2025-04-18 14:06:07,714 - INFO - 成功保存时间段 740-753 的可视化结果
2025-04-18 14:06:07,714 - INFO - 
正在处理时间段 3/4: 766-783
2025-04-18 14:06:07,714 - INFO - 该时间段的真实异常节点: {1, 5, 6, 7, 8, 9, 10, 11, 12, 13, 14, 15, 16, 17, 18, 19}
2025-04-18 14:06:07,714 - INFO - 正在计算异常分数...
2025-04-18 14:06:07,727 - INFO - 检测到的异常节点: {1, 4, 5, 6, 7, 8, 9, 10, 11, 12, 13, 14, 15, 16, 17, 18, 19}
2025-04-18 14:06:07,727 - INFO - 正在为时间段 766-783 生成可视化
2025-04-18 14:06:07,727 - INFO - 正在为时间段 766-783 生成异常图可视化
2025-04-18 14:06:07,727 - DEBUG - 创建包含 19 个节点的图结构
2025-04-18 14:06:07,728 - DEBUG - 边统计: 正常边 222 条, 异常边 50 条
2025-04-18 14:06:07,786 - DEBUG - 正在保存可视化结果到 ./visual/omi/neighbor_all/deviation/omi-2/seg_2_766_783.png
2025-04-18 14:06:08,002 - INFO - 成功保存时间段 766-783 的可视化结果
2025-04-18 14:06:08,002 - INFO - 
正在处理时间段 4/4: 1436-1445
2025-04-18 14:06:08,002 - INFO - 该时间段的真实异常节点: {7, 9, 10, 11, 12, 13, 14, 15, 16, 17, 18}
2025-04-18 14:06:08,002 - INFO - 正在计算异常分数...
2025-04-18 14:06:08,009 - INFO - 检测到的异常节点: {1, 4, 5, 6, 7, 8, 9, 10, 11, 12, 13, 14, 15, 16, 17, 18, 19}
2025-04-18 14:06:08,010 - INFO - 正在为时间段 1436-1445 生成可视化
2025-04-18 14:06:08,010 - INFO - 正在为时间段 1436-1445 生成异常图可视化
2025-04-18 14:06:08,010 - DEBUG - 创建包含 19 个节点的图结构
2025-04-18 14:06:08,011 - DEBUG - 边统计: 正常边 270 条, 异常边 2 条
2025-04-18 14:06:08,068 - DEBUG - 正在保存可视化结果到 ./visual/omi/neighbor_all/deviation/omi-2/seg_3_1436_1445.png
2025-04-18 14:06:08,284 - INFO - 成功保存时间段 1436-1445 的可视化结果
2025-04-18 14:06:08,284 - INFO - 正在从 ./visual/omi/neighbor_all/deviation/omi-2 中的图像创建GIF
2025-04-18 14:06:08,527 - INFO - GIF已保存到 ./visual/omi/neighbor_all/deviation/omi-2/omi-2.gif
2025-04-18 14:06:08,527 - INFO - 
==================================================
2025-04-18 14:06:08,527 - INFO - 开始数据集可视化: omi-3
2025-04-18 14:06:08,527 - INFO - 使用参数: 评分模式=deviation, all=None, 阈值=7.0
2025-04-18 14:06:08,527 - INFO - ==================================================

2025-04-18 14:06:08,527 - INFO - 正在加载数据集 omi-3 的数据
2025-04-18 14:06:08,528 - INFO - 数据加载成功。训练集形状: (8640, 19), 测试集形状: (4320, 19)
2025-04-18 14:06:08,528 - INFO - 正在计算边缘统计量...
2025-04-18 14:06:11,492 - INFO - 已计算 136 条边的统计量
2025-04-18 14:06:11,493 - INFO - 为每个节点使用所有邻居
2025-04-18 14:06:11,493 - INFO - 可视化结果将保存到: ./visual/omi/neighbor_all/deviation/omi-3
2025-04-18 14:06:11,494 - INFO - 在数据集中发现 6 个异常时间段
2025-04-18 14:06:11,494 - INFO - 
正在处理时间段 1/6: 760-820
2025-04-18 14:06:11,494 - INFO - 该时间段的真实异常节点: {1, 4, 6, 7, 8, 9, 10, 11, 12, 13, 14, 15, 16, 17, 18, 19}
2025-04-18 14:06:11,494 - INFO - 正在计算异常分数...
2025-04-18 14:06:11,555 - INFO - 检测到的异常节点: {1, 4, 5, 6, 7, 8, 9, 10, 11, 12, 13, 14, 15, 16, 17, 18, 19}
2025-04-18 14:06:11,555 - INFO - 正在为时间段 760-820 生成可视化
2025-04-18 14:06:11,555 - INFO - 正在为时间段 760-820 生成异常图可视化
2025-04-18 14:06:11,556 - DEBUG - 创建包含 19 个节点的图结构
2025-04-18 14:06:11,557 - DEBUG - 边统计: 正常边 248 条, 异常边 24 条
2025-04-18 14:06:11,614 - DEBUG - 正在保存可视化结果到 ./visual/omi/neighbor_all/deviation/omi-3/seg_0_760_820.png
2025-04-18 14:06:11,829 - INFO - 成功保存时间段 760-820 的可视化结果
2025-04-18 14:06:11,829 - INFO - 
正在处理时间段 2/6: 842-860
2025-04-18 14:06:11,829 - INFO - 该时间段的真实异常节点: {7, 8, 9, 10, 11, 12, 13, 14, 15, 16, 17, 18, 19}
2025-04-18 14:06:11,829 - INFO - 正在计算异常分数...
2025-04-18 14:06:11,846 - INFO - 检测到的异常节点: {4, 5, 6, 7, 8, 9, 10, 11, 12, 13, 14, 15, 16, 17, 18, 19}
2025-04-18 14:06:11,846 - INFO - 正在为时间段 842-860 生成可视化
2025-04-18 14:06:11,846 - INFO - 正在为时间段 842-860 生成异常图可视化
2025-04-18 14:06:11,847 - DEBUG - 创建包含 19 个节点的图结构
2025-04-18 14:06:11,848 - DEBUG - 边统计: 正常边 224 条, 异常边 16 条
2025-04-18 14:06:11,907 - DEBUG - 正在保存可视化结果到 ./visual/omi/neighbor_all/deviation/omi-3/seg_1_842_860.png
2025-04-18 14:06:12,147 - INFO - 成功保存时间段 842-860 的可视化结果
2025-04-18 14:06:12,147 - INFO - 
正在处理时间段 3/6: 1080-1120
2025-04-18 14:06:12,147 - INFO - 该时间段的真实异常节点: {7, 9, 10, 11, 12, 13, 14, 15, 16, 17, 18}
2025-04-18 14:06:12,147 - INFO - 正在计算异常分数...
2025-04-18 14:06:12,199 - INFO - 检测到的异常节点: {1, 4, 5, 6, 7, 8, 9, 10, 11, 12, 13, 14, 15, 16, 17, 18, 19}
2025-04-18 14:06:12,199 - INFO - 正在为时间段 1080-1120 生成可视化
2025-04-18 14:06:12,199 - INFO - 正在为时间段 1080-1120 生成异常图可视化
2025-04-18 14:06:12,199 - DEBUG - 创建包含 19 个节点的图结构
2025-04-18 14:06:12,200 - DEBUG - 边统计: 正常边 272 条, 异常边 0 条
2025-04-18 14:06:12,258 - DEBUG - 正在保存可视化结果到 ./visual/omi/neighbor_all/deviation/omi-3/seg_2_1080_1120.png
2025-04-18 14:06:12,472 - INFO - 成功保存时间段 1080-1120 的可视化结果
2025-04-18 14:06:12,472 - INFO - 
正在处理时间段 4/6: 2188-2201
2025-04-18 14:06:12,472 - INFO - 该时间段的真实异常节点: {7, 9, 10, 11, 12, 13, 14, 15, 16, 17, 18, 19}
2025-04-18 14:06:12,473 - INFO - 正在计算异常分数...
2025-04-18 14:06:12,484 - INFO - 检测到的异常节点: {1, 4, 5, 6, 7, 8, 9, 10, 11, 12, 13, 14, 15, 16, 17, 18, 19}
2025-04-18 14:06:12,484 - INFO - 正在为时间段 2188-2201 生成可视化
2025-04-18 14:06:12,484 - INFO - 正在为时间段 2188-2201 生成异常图可视化
2025-04-18 14:06:12,485 - DEBUG - 创建包含 19 个节点的图结构
2025-04-18 14:06:12,486 - DEBUG - 边统计: 正常边 258 条, 异常边 14 条
2025-04-18 14:06:12,542 - DEBUG - 正在保存可视化结果到 ./visual/omi/neighbor_all/deviation/omi-3/seg_3_2188_2201.png
2025-04-18 14:06:12,753 - INFO - 成功保存时间段 2188-2201 的可视化结果
2025-04-18 14:06:12,754 - INFO - 
正在处理时间段 5/6: 2497-2500
2025-04-18 14:06:12,754 - INFO - 该时间段的真实异常节点: {6, 7, 9, 10, 11, 12, 13, 14, 15, 16, 17, 18, 19}
2025-04-18 14:06:12,754 - INFO - 正在计算异常分数...
2025-04-18 14:06:12,754 - INFO - 检测到的异常节点: set()
2025-04-18 14:06:12,754 - INFO - 正在为时间段 2497-2500 生成可视化
2025-04-18 14:06:12,754 - INFO - 正在为时间段 2497-2500 生成异常图可视化
2025-04-18 14:06:12,754 - DEBUG - 创建包含 19 个节点的图结构
2025-04-18 14:06:12,755 - DEBUG - 边统计: 正常边 208 条, 异常边 2 条
2025-04-18 14:06:12,811 - DEBUG - 正在保存可视化结果到 ./visual/omi/neighbor_all/deviation/omi-3/seg_4_2497_2500.png
2025-04-18 14:06:13,023 - INFO - 成功保存时间段 2497-2500 的可视化结果
2025-04-18 14:06:13,023 - INFO - 
正在处理时间段 6/6: 3428-3434
2025-04-18 14:06:13,023 - INFO - 该时间段的真实异常节点: {7, 8, 9, 10, 11, 12, 13, 14, 15, 16, 17, 18, 19}
2025-04-18 14:06:13,023 - INFO - 正在计算异常分数...
2025-04-18 14:06:13,027 - INFO - 检测到的异常节点: {1, 4, 5, 6, 7, 8, 9, 10, 11, 12, 13, 14, 15, 16, 17, 18, 19}
2025-04-18 14:06:13,027 - INFO - 正在为时间段 3428-3434 生成可视化
2025-04-18 14:06:13,027 - INFO - 正在为时间段 3428-3434 生成异常图可视化
2025-04-18 14:06:13,027 - DEBUG - 创建包含 19 个节点的图结构
2025-04-18 14:06:13,028 - DEBUG - 边统计: 正常边 270 条, 异常边 2 条
2025-04-18 14:06:13,084 - DEBUG - 正在保存可视化结果到 ./visual/omi/neighbor_all/deviation/omi-3/seg_5_3428_3434.png
2025-04-18 14:06:13,295 - INFO - 成功保存时间段 3428-3434 的可视化结果
2025-04-18 14:06:13,295 - INFO - 正在从 ./visual/omi/neighbor_all/deviation/omi-3 中的图像创建GIF
2025-04-18 14:06:13,665 - INFO - GIF已保存到 ./visual/omi/neighbor_all/deviation/omi-3/omi-3.gif
2025-04-18 14:06:13,666 - INFO - 
==================================================
2025-04-18 14:06:13,666 - INFO - 开始数据集可视化: omi-4
2025-04-18 14:06:13,666 - INFO - 使用参数: 评分模式=deviation, all=None, 阈值=1.5
2025-04-18 14:06:13,666 - INFO - ==================================================

2025-04-18 14:06:13,666 - INFO - 正在加载数据集 omi-4 的数据
2025-04-18 14:06:13,667 - INFO - 数据加载成功。训练集形状: (8640, 19), 测试集形状: (4320, 19)
2025-04-18 14:06:13,667 - INFO - 正在计算边缘统计量...
2025-04-18 14:06:16,414 - INFO - 已计算 136 条边的统计量
2025-04-18 14:06:16,415 - INFO - 为每个节点使用所有邻居
2025-04-18 14:06:16,415 - INFO - 可视化结果将保存到: ./visual/omi/neighbor_all/deviation/omi-4
2025-04-18 14:06:16,415 - INFO - 在数据集中发现 5 个异常时间段
2025-04-18 14:06:16,415 - INFO - 
正在处理时间段 1/5: 727-782
2025-04-18 14:06:16,416 - INFO - 该时间段的真实异常节点: {1, 2, 6, 7, 8, 9, 10, 11, 12, 13, 14, 15, 16, 17, 18, 19}
2025-04-18 14:06:16,416 - INFO - 正在计算异常分数...
2025-04-18 14:06:16,471 - INFO - 检测到的异常节点: {1, 4, 5, 6, 7, 8, 9, 10, 11, 12, 13, 14, 15, 16, 17, 18, 19}
2025-04-18 14:06:16,471 - INFO - 正在为时间段 727-782 生成可视化
2025-04-18 14:06:16,471 - INFO - 正在为时间段 727-782 生成异常图可视化
2025-04-18 14:06:16,471 - DEBUG - 创建包含 19 个节点的图结构
2025-04-18 14:06:16,472 - DEBUG - 边统计: 正常边 240 条, 异常边 32 条
2025-04-18 14:06:16,529 - DEBUG - 正在保存可视化结果到 ./visual/omi/neighbor_all/deviation/omi-4/seg_0_727_782.png
2025-04-18 14:06:16,743 - INFO - 成功保存时间段 727-782 的可视化结果
2025-04-18 14:06:16,743 - INFO - 
正在处理时间段 2/5: 843-857
2025-04-18 14:06:16,743 - INFO - 该时间段的真实异常节点: {6, 7, 8, 9, 10, 11, 12, 13, 14, 15, 16, 17, 18, 19}
2025-04-18 14:06:16,743 - INFO - 正在计算异常分数...
2025-04-18 14:06:16,756 - INFO - 检测到的异常节点: {4, 5, 6, 7, 8, 9, 10, 11, 12, 13, 14, 15, 16, 17, 18, 19}
2025-04-18 14:06:16,756 - INFO - 正在为时间段 843-857 生成可视化
2025-04-18 14:06:16,756 - INFO - 正在为时间段 843-857 生成异常图可视化
2025-04-18 14:06:16,756 - DEBUG - 创建包含 19 个节点的图结构
2025-04-18 14:06:16,757 - DEBUG - 边统计: 正常边 236 条, 异常边 4 条
2025-04-18 14:06:16,815 - DEBUG - 正在保存可视化结果到 ./visual/omi/neighbor_all/deviation/omi-4/seg_1_843_857.png
2025-04-18 14:06:17,022 - INFO - 成功保存时间段 843-857 的可视化结果
2025-04-18 14:06:17,022 - INFO - 
正在处理时间段 3/5: 2178-2238
2025-04-18 14:06:17,022 - INFO - 该时间段的真实异常节点: {8, 9, 10, 11, 12, 13, 14, 15, 16, 17, 18, 19}
2025-04-18 14:06:17,022 - INFO - 正在计算异常分数...
2025-04-18 14:06:17,083 - INFO - 检测到的异常节点: {1, 4, 5, 6, 7, 8, 9, 10, 11, 12, 13, 14, 15, 16, 17, 18, 19}
2025-04-18 14:06:17,083 - INFO - 正在为时间段 2178-2238 生成可视化
2025-04-18 14:06:17,083 - INFO - 正在为时间段 2178-2238 生成异常图可视化
2025-04-18 14:06:17,083 - DEBUG - 创建包含 19 个节点的图结构
2025-04-18 14:06:17,084 - DEBUG - 边统计: 正常边 272 条, 异常边 0 条
2025-04-18 14:06:17,211 - DEBUG - 正在保存可视化结果到 ./visual/omi/neighbor_all/deviation/omi-4/seg_2_2178_2238.png
2025-04-18 14:06:17,421 - INFO - 成功保存时间段 2178-2238 的可视化结果
2025-04-18 14:06:17,421 - INFO - 
正在处理时间段 4/5: 2494-2501
2025-04-18 14:06:17,421 - INFO - 该时间段的真实异常节点: {7, 9, 10, 11, 12, 13, 14, 15, 16, 17, 18, 19}
2025-04-18 14:06:17,421 - INFO - 正在计算异常分数...
2025-04-18 14:06:17,426 - INFO - 检测到的异常节点: {4, 5, 6, 7, 8, 9, 10, 11, 12, 13, 14, 15, 16, 17, 18, 19}
2025-04-18 14:06:17,426 - INFO - 正在为时间段 2494-2501 生成可视化
2025-04-18 14:06:17,426 - INFO - 正在为时间段 2494-2501 生成异常图可视化
2025-04-18 14:06:17,427 - DEBUG - 创建包含 19 个节点的图结构
2025-04-18 14:06:17,427 - DEBUG - 边统计: 正常边 218 条, 异常边 22 条
2025-04-18 14:06:17,485 - DEBUG - 正在保存可视化结果到 ./visual/omi/neighbor_all/deviation/omi-4/seg_3_2494_2501.png
2025-04-18 14:06:17,691 - INFO - 成功保存时间段 2494-2501 的可视化结果
2025-04-18 14:06:17,691 - INFO - 
正在处理时间段 5/5: 3425-3435
2025-04-18 14:06:17,691 - INFO - 该时间段的真实异常节点: {7, 8, 9, 10, 11, 12, 13, 14, 15, 16, 17, 18, 19}
2025-04-18 14:06:17,691 - INFO - 正在计算异常分数...
2025-04-18 14:06:17,700 - INFO - 检测到的异常节点: {1, 4, 5, 6, 7, 8, 9, 10, 11, 12, 13, 14, 15, 16, 17, 18, 19}
2025-04-18 14:06:17,700 - INFO - 正在为时间段 3425-3435 生成可视化
2025-04-18 14:06:17,700 - INFO - 正在为时间段 3425-3435 生成异常图可视化
2025-04-18 14:06:17,700 - DEBUG - 创建包含 19 个节点的图结构
2025-04-18 14:06:17,701 - DEBUG - 边统计: 正常边 252 条, 异常边 20 条
2025-04-18 14:06:17,757 - DEBUG - 正在保存可视化结果到 ./visual/omi/neighbor_all/deviation/omi-4/seg_4_3425_3435.png
2025-04-18 14:06:17,966 - INFO - 成功保存时间段 3425-3435 的可视化结果
2025-04-18 14:06:17,966 - INFO - 正在从 ./visual/omi/neighbor_all/deviation/omi-4 中的图像创建GIF
2025-04-18 14:06:18,259 - INFO - GIF已保存到 ./visual/omi/neighbor_all/deviation/omi-4/omi-4.gif
2025-04-18 14:06:18,260 - INFO - 
==================================================
2025-04-18 14:06:18,260 - INFO - 开始数据集可视化: omi-5
2025-04-18 14:06:18,260 - INFO - 使用参数: 评分模式=deviation, all=None, 阈值=5.5
2025-04-18 14:06:18,260 - INFO - ==================================================

2025-04-18 14:06:18,260 - INFO - 正在加载数据集 omi-5 的数据
2025-04-18 14:06:18,261 - INFO - 数据加载成功。训练集形状: (8640, 19), 测试集形状: (4320, 19)
2025-04-18 14:06:18,261 - INFO - 正在计算边缘统计量...
2025-04-18 14:06:21,331 - INFO - 已计算 153 条边的统计量
2025-04-18 14:06:21,331 - INFO - 为每个节点使用所有邻居
2025-04-18 14:06:21,331 - INFO - 可视化结果将保存到: ./visual/omi/neighbor_all/deviation/omi-5
2025-04-18 14:06:21,332 - INFO - 在数据集中发现 6 个异常时间段
2025-04-18 14:06:21,332 - INFO - 
正在处理时间段 1/6: 765-781
2025-04-18 14:06:21,332 - INFO - 该时间段的真实异常节点: {6, 7, 8, 9, 10, 11, 12, 13, 14, 15, 16, 17, 18, 19}
2025-04-18 14:06:21,332 - INFO - 正在计算异常分数...
2025-04-18 14:06:21,344 - INFO - 检测到的异常节点: {1, 2, 4, 5, 6, 7, 8, 9, 10, 11, 12, 13, 14, 15, 16, 17, 18, 19}
2025-04-18 14:06:21,344 - INFO - 正在为时间段 765-781 生成可视化
2025-04-18 14:06:21,344 - INFO - 正在为时间段 765-781 生成异常图可视化
2025-04-18 14:06:21,344 - DEBUG - 创建包含 19 个节点的图结构
2025-04-18 14:06:21,345 - DEBUG - 边统计: 正常边 214 条, 异常边 92 条
2025-04-18 14:06:21,402 - DEBUG - 正在保存可视化结果到 ./visual/omi/neighbor_all/deviation/omi-5/seg_0_765_781.png
2025-04-18 14:06:21,627 - INFO - 成功保存时间段 765-781 的可视化结果
2025-04-18 14:06:21,627 - INFO - 
正在处理时间段 2/6: 1589-1617
2025-04-18 14:06:21,627 - INFO - 该时间段的真实异常节点: {17, 2, 4}
2025-04-18 14:06:21,627 - INFO - 正在计算异常分数...
2025-04-18 14:06:21,659 - INFO - 检测到的异常节点: {1, 2, 4, 5, 6, 7, 8, 9, 10, 11, 12, 13, 14, 15, 16, 17, 18, 19}
2025-04-18 14:06:21,659 - INFO - 正在为时间段 1589-1617 生成可视化
2025-04-18 14:06:21,659 - INFO - 正在为时间段 1589-1617 生成异常图可视化
2025-04-18 14:06:21,659 - DEBUG - 创建包含 19 个节点的图结构
2025-04-18 14:06:21,660 - DEBUG - 边统计: 正常边 270 条, 异常边 36 条
2025-04-18 14:06:21,717 - DEBUG - 正在保存可视化结果到 ./visual/omi/neighbor_all/deviation/omi-5/seg_1_1589_1617.png
2025-04-18 14:06:21,941 - INFO - 成功保存时间段 1589-1617 的可视化结果
2025-04-18 14:06:21,941 - INFO - 
正在处理时间段 3/6: 2440-2446
2025-04-18 14:06:21,942 - INFO - 该时间段的真实异常节点: {8, 11, 12, 13, 14, 15, 16, 17, 18, 19}
2025-04-18 14:06:21,942 - INFO - 正在计算异常分数...
2025-04-18 14:06:21,946 - INFO - 检测到的异常节点: {1, 2, 4, 5, 6, 7, 8, 9, 10, 11, 12, 13, 14, 15, 16, 17, 18, 19}
2025-04-18 14:06:21,946 - INFO - 正在为时间段 2440-2446 生成可视化
2025-04-18 14:06:21,946 - INFO - 正在为时间段 2440-2446 生成异常图可视化
2025-04-18 14:06:21,946 - DEBUG - 创建包含 19 个节点的图结构
2025-04-18 14:06:21,947 - DEBUG - 边统计: 正常边 246 条, 异常边 60 条
2025-04-18 14:06:22,002 - DEBUG - 正在保存可视化结果到 ./visual/omi/neighbor_all/deviation/omi-5/seg_2_2440_2446.png
2025-04-18 14:06:22,228 - INFO - 成功保存时间段 2440-2446 的可视化结果
2025-04-18 14:06:22,229 - INFO - 
正在处理时间段 4/6: 3356-3363
2025-04-18 14:06:22,229 - INFO - 该时间段的真实异常节点: {17, 5, 6}
2025-04-18 14:06:22,229 - INFO - 正在计算异常分数...
2025-04-18 14:06:22,234 - INFO - 检测到的异常节点: {1, 2, 4, 5, 6, 7, 8, 9, 10, 11, 12, 13, 14, 15, 16, 17, 18, 19}
2025-04-18 14:06:22,234 - INFO - 正在为时间段 3356-3363 生成可视化
2025-04-18 14:06:22,234 - INFO - 正在为时间段 3356-3363 生成异常图可视化
2025-04-18 14:06:22,235 - DEBUG - 创建包含 19 个节点的图结构
2025-04-18 14:06:22,236 - DEBUG - 边统计: 正常边 260 条, 异常边 46 条
2025-04-18 14:06:22,291 - DEBUG - 正在保存可视化结果到 ./visual/omi/neighbor_all/deviation/omi-5/seg_3_3356_3363.png
2025-04-18 14:06:22,517 - INFO - 成功保存时间段 3356-3363 的可视化结果
2025-04-18 14:06:22,517 - INFO - 
正在处理时间段 5/6: 3416-3423
2025-04-18 14:06:22,517 - INFO - 该时间段的真实异常节点: {4, 5, 7, 9, 10, 11, 12, 13, 14, 15, 16, 17, 18, 19}
2025-04-18 14:06:22,517 - INFO - 正在计算异常分数...
2025-04-18 14:06:22,523 - INFO - 检测到的异常节点: {1, 2, 4, 5, 6, 7, 8, 9, 10, 11, 12, 13, 14, 15, 16, 17, 18, 19}
2025-04-18 14:06:22,523 - INFO - 正在为时间段 3416-3423 生成可视化
2025-04-18 14:06:22,523 - INFO - 正在为时间段 3416-3423 生成异常图可视化
2025-04-18 14:06:22,523 - DEBUG - 创建包含 19 个节点的图结构
2025-04-18 14:06:22,524 - DEBUG - 边统计: 正常边 294 条, 异常边 12 条
2025-04-18 14:06:22,581 - DEBUG - 正在保存可视化结果到 ./visual/omi/neighbor_all/deviation/omi-5/seg_4_3416_3423.png
2025-04-18 14:06:22,834 - INFO - 成功保存时间段 3416-3423 的可视化结果
2025-04-18 14:06:22,834 - INFO - 
正在处理时间段 6/6: 3590-3594
2025-04-18 14:06:22,834 - INFO - 该时间段的真实异常节点: {1, 8, 17, 18, 19}
2025-04-18 14:06:22,834 - INFO - 正在计算异常分数...
2025-04-18 14:06:22,836 - INFO - 检测到的异常节点: {1, 2, 4, 5, 6, 7, 8, 9, 10, 11, 12, 13, 14, 15, 16, 17, 18, 19}
2025-04-18 14:06:22,836 - INFO - 正在为时间段 3590-3594 生成可视化
2025-04-18 14:06:22,836 - INFO - 正在为时间段 3590-3594 生成异常图可视化
2025-04-18 14:06:22,836 - DEBUG - 创建包含 19 个节点的图结构
2025-04-18 14:06:22,837 - DEBUG - 边统计: 正常边 232 条, 异常边 74 条
2025-04-18 14:06:22,896 - DEBUG - 正在保存可视化结果到 ./visual/omi/neighbor_all/deviation/omi-5/seg_5_3590_3594.png
2025-04-18 14:06:23,123 - INFO - 成功保存时间段 3590-3594 的可视化结果
2025-04-18 14:06:23,123 - INFO - 正在从 ./visual/omi/neighbor_all/deviation/omi-5 中的图像创建GIF
2025-04-18 14:06:23,489 - INFO - GIF已保存到 ./visual/omi/neighbor_all/deviation/omi-5/omi-5.gif
2025-04-18 14:06:23,490 - INFO - 
==================================================
2025-04-18 14:06:23,490 - INFO - 开始数据集可视化: omi-6
2025-04-18 14:06:23,490 - INFO - 使用参数: 评分模式=deviation, all=None, 阈值=5.0
2025-04-18 14:06:23,490 - INFO - ==================================================

2025-04-18 14:06:23,490 - INFO - 正在加载数据集 omi-6 的数据
2025-04-18 14:06:23,491 - INFO - 数据加载成功。训练集形状: (8640, 19), 测试集形状: (4320, 19)
2025-04-18 14:06:23,491 - INFO - 正在计算边缘统计量...
2025-04-18 14:06:26,549 - INFO - 已计算 153 条边的统计量
2025-04-18 14:06:26,549 - INFO - 为每个节点使用所有邻居
2025-04-18 14:06:26,549 - INFO - 可视化结果将保存到: ./visual/omi/neighbor_all/deviation/omi-6
2025-04-18 14:06:26,550 - INFO - 在数据集中发现 10 个异常时间段
2025-04-18 14:06:26,550 - INFO - 
正在处理时间段 1/10: 357-392
2025-04-18 14:06:26,550 - INFO - 该时间段的真实异常节点: {19, 4}
2025-04-18 14:06:26,550 - INFO - 正在计算异常分数...
2025-04-18 14:06:26,592 - INFO - 检测到的异常节点: {1, 4, 5, 6, 7, 8, 9, 10, 11, 12, 13, 14, 15, 16, 17, 18, 19}
2025-04-18 14:06:26,592 - INFO - 正在为时间段 357-392 生成可视化
2025-04-18 14:06:26,592 - INFO - 正在为时间段 357-392 生成异常图可视化
2025-04-18 14:06:26,592 - DEBUG - 创建包含 19 个节点的图结构
2025-04-18 14:06:26,593 - DEBUG - 边统计: 正常边 254 条, 异常边 18 条
2025-04-18 14:06:26,653 - DEBUG - 正在保存可视化结果到 ./visual/omi/neighbor_all/deviation/omi-6/seg_0_357_392.png
2025-04-18 14:06:26,865 - INFO - 成功保存时间段 357-392 的可视化结果
2025-04-18 14:06:26,865 - INFO - 
正在处理时间段 2/10: 750-788
2025-04-18 14:06:26,865 - INFO - 该时间段的真实异常节点: {2, 6, 7, 8, 9, 10, 11, 12, 13, 14, 15, 16, 17, 18, 19}
2025-04-18 14:06:26,865 - INFO - 正在计算异常分数...
2025-04-18 14:06:26,906 - INFO - 检测到的异常节点: {1, 4, 5, 6, 7, 8, 9, 10, 11, 12, 13, 14, 15, 16, 17, 18, 19}
2025-04-18 14:06:26,906 - INFO - 正在为时间段 750-788 生成可视化
2025-04-18 14:06:26,906 - INFO - 正在为时间段 750-788 生成异常图可视化
2025-04-18 14:06:26,906 - DEBUG - 创建包含 19 个节点的图结构
2025-04-18 14:06:26,907 - DEBUG - 边统计: 正常边 184 条, 异常边 88 条
2025-04-18 14:06:26,965 - DEBUG - 正在保存可视化结果到 ./visual/omi/neighbor_all/deviation/omi-6/seg_1_750_788.png
2025-04-18 14:06:27,177 - INFO - 成功保存时间段 750-788 的可视化结果
2025-04-18 14:06:27,177 - INFO - 
正在处理时间段 3/10: 1278-1293
2025-04-18 14:06:27,177 - INFO - 该时间段的真实异常节点: {4, 5, 6, 8, 17}
2025-04-18 14:06:27,177 - INFO - 正在计算异常分数...
2025-04-18 14:06:27,194 - INFO - 检测到的异常节点: {1, 4, 5, 6, 7, 8, 9, 10, 11, 12, 13, 14, 15, 16, 17, 18, 19}
2025-04-18 14:06:27,194 - INFO - 正在为时间段 1278-1293 生成可视化
2025-04-18 14:06:27,194 - INFO - 正在为时间段 1278-1293 生成异常图可视化
2025-04-18 14:06:27,194 - DEBUG - 创建包含 19 个节点的图结构
2025-04-18 14:06:27,196 - DEBUG - 边统计: 正常边 270 条, 异常边 2 条
2025-04-18 14:06:27,253 - DEBUG - 正在保存可视化结果到 ./visual/omi/neighbor_all/deviation/omi-6/seg_2_1278_1293.png
2025-04-18 14:06:27,462 - INFO - 成功保存时间段 1278-1293 的可视化结果
2025-04-18 14:06:27,462 - INFO - 
正在处理时间段 4/10: 1590-1615
2025-04-18 14:06:27,463 - INFO - 该时间段的真实异常节点: {1, 18, 9}
2025-04-18 14:06:27,463 - INFO - 正在计算异常分数...
2025-04-18 14:06:27,489 - INFO - 检测到的异常节点: {1, 4, 5, 6, 7, 8, 9, 10, 11, 12, 13, 14, 15, 16, 17, 18, 19}
2025-04-18 14:06:27,489 - INFO - 正在为时间段 1590-1615 生成可视化
2025-04-18 14:06:27,489 - INFO - 正在为时间段 1590-1615 生成异常图可视化
2025-04-18 14:06:27,489 - DEBUG - 创建包含 19 个节点的图结构
2025-04-18 14:06:27,490 - DEBUG - 边统计: 正常边 272 条, 异常边 0 条
2025-04-18 14:06:27,642 - DEBUG - 正在保存可视化结果到 ./visual/omi/neighbor_all/deviation/omi-6/seg_3_1590_1615.png
2025-04-18 14:06:27,850 - INFO - 成功保存时间段 1590-1615 的可视化结果
2025-04-18 14:06:27,850 - INFO - 
正在处理时间段 5/10: 2592-2604
2025-04-18 14:06:27,851 - INFO - 该时间段的真实异常节点: {9, 4, 6}
2025-04-18 14:06:27,851 - INFO - 正在计算异常分数...
2025-04-18 14:06:27,862 - INFO - 检测到的异常节点: {4, 5, 6, 7, 8, 9, 10, 11, 12, 13, 14, 15, 16, 17, 18, 19}
2025-04-18 14:06:27,862 - INFO - 正在为时间段 2592-2604 生成可视化
2025-04-18 14:06:27,862 - INFO - 正在为时间段 2592-2604 生成异常图可视化
2025-04-18 14:06:27,862 - DEBUG - 创建包含 19 个节点的图结构
2025-04-18 14:06:27,863 - DEBUG - 边统计: 正常边 236 条, 异常边 4 条
2025-04-18 14:06:27,920 - DEBUG - 正在保存可视化结果到 ./visual/omi/neighbor_all/deviation/omi-6/seg_4_2592_2604.png
2025-04-18 14:06:28,126 - INFO - 成功保存时间段 2592-2604 的可视化结果
2025-04-18 14:06:28,126 - INFO - 
正在处理时间段 6/10: 2734-2765
2025-04-18 14:06:28,126 - INFO - 该时间段的真实异常节点: {8, 19, 4, 6}
2025-04-18 14:06:28,126 - INFO - 正在计算异常分数...
2025-04-18 14:06:28,164 - INFO - 检测到的异常节点: {1, 4, 5, 6, 7, 8, 9, 10, 11, 12, 13, 14, 15, 16, 17, 18, 19}
2025-04-18 14:06:28,164 - INFO - 正在为时间段 2734-2765 生成可视化
2025-04-18 14:06:28,164 - INFO - 正在为时间段 2734-2765 生成异常图可视化
2025-04-18 14:06:28,164 - DEBUG - 创建包含 19 个节点的图结构
2025-04-18 14:06:28,165 - DEBUG - 边统计: 正常边 270 条, 异常边 2 条
2025-04-18 14:06:28,222 - DEBUG - 正在保存可视化结果到 ./visual/omi/neighbor_all/deviation/omi-6/seg_5_2734_2765.png
2025-04-18 14:06:28,434 - INFO - 成功保存时间段 2734-2765 的可视化结果
2025-04-18 14:06:28,434 - INFO - 
正在处理时间段 7/10: 3066-3072
2025-04-18 14:06:28,434 - INFO - 该时间段的真实异常节点: {19, 4, 6}
2025-04-18 14:06:28,435 - INFO - 正在计算异常分数...
2025-04-18 14:06:28,439 - INFO - 检测到的异常节点: {1, 4, 5, 6, 7, 8, 9, 10, 11, 12, 13, 14, 15, 16, 17, 18, 19}
2025-04-18 14:06:28,439 - INFO - 正在为时间段 3066-3072 生成可视化
2025-04-18 14:06:28,439 - INFO - 正在为时间段 3066-3072 生成异常图可视化
2025-04-18 14:06:28,439 - DEBUG - 创建包含 19 个节点的图结构
2025-04-18 14:06:28,440 - DEBUG - 边统计: 正常边 230 条, 异常边 42 条
2025-04-18 14:06:28,497 - DEBUG - 正在保存可视化结果到 ./visual/omi/neighbor_all/deviation/omi-6/seg_6_3066_3072.png
2025-04-18 14:06:28,706 - INFO - 成功保存时间段 3066-3072 的可视化结果
2025-04-18 14:06:28,706 - INFO - 
正在处理时间段 8/10: 3596-3605
2025-04-18 14:06:28,706 - INFO - 该时间段的真实异常节点: {19, 4, 5, 6}
2025-04-18 14:06:28,706 - INFO - 正在计算异常分数...
2025-04-18 14:06:28,714 - INFO - 检测到的异常节点: {1, 4, 5, 6, 7, 8, 9, 10, 11, 12, 13, 14, 15, 16, 17, 18, 19}
2025-04-18 14:06:28,714 - INFO - 正在为时间段 3596-3605 生成可视化
2025-04-18 14:06:28,714 - INFO - 正在为时间段 3596-3605 生成异常图可视化
2025-04-18 14:06:28,714 - DEBUG - 创建包含 19 个节点的图结构
2025-04-18 14:06:28,715 - DEBUG - 边统计: 正常边 272 条, 异常边 0 条
2025-04-18 14:06:28,772 - DEBUG - 正在保存可视化结果到 ./visual/omi/neighbor_all/deviation/omi-6/seg_7_3596_3605.png
2025-04-18 14:06:28,981 - INFO - 成功保存时间段 3596-3605 的可视化结果
2025-04-18 14:06:28,981 - INFO - 
正在处理时间段 9/10: 3610-3622
2025-04-18 14:06:28,982 - INFO - 该时间段的真实异常节点: {1, 4, 5}
2025-04-18 14:06:28,982 - INFO - 正在计算异常分数...
2025-04-18 14:06:28,993 - INFO - 检测到的异常节点: {1, 4, 5, 6, 7, 8, 9, 10, 11, 12, 13, 14, 15, 16, 17, 18, 19}
2025-04-18 14:06:28,994 - INFO - 正在为时间段 3610-3622 生成可视化
2025-04-18 14:06:28,994 - INFO - 正在为时间段 3610-3622 生成异常图可视化
2025-04-18 14:06:28,994 - DEBUG - 创建包含 19 个节点的图结构
2025-04-18 14:06:28,995 - DEBUG - 边统计: 正常边 272 条, 异常边 0 条
2025-04-18 14:06:29,052 - DEBUG - 正在保存可视化结果到 ./visual/omi/neighbor_all/deviation/omi-6/seg_8_3610_3622.png
2025-04-18 14:06:29,262 - INFO - 成功保存时间段 3610-3622 的可视化结果
2025-04-18 14:06:29,262 - INFO - 
正在处理时间段 10/10: 4159-4164
2025-04-18 14:06:29,262 - INFO - 该时间段的真实异常节点: {4, 5}
2025-04-18 14:06:29,262 - INFO - 正在计算异常分数...
2025-04-18 14:06:29,265 - INFO - 检测到的异常节点: {1, 4, 5, 6, 7, 8, 9, 10, 11, 12, 13, 14, 15, 16, 17, 18, 19}
2025-04-18 14:06:29,265 - INFO - 正在为时间段 4159-4164 生成可视化
2025-04-18 14:06:29,265 - INFO - 正在为时间段 4159-4164 生成异常图可视化
2025-04-18 14:06:29,265 - DEBUG - 创建包含 19 个节点的图结构
2025-04-18 14:06:29,266 - DEBUG - 边统计: 正常边 248 条, 异常边 24 条
2025-04-18 14:06:29,321 - DEBUG - 正在保存可视化结果到 ./visual/omi/neighbor_all/deviation/omi-6/seg_9_4159_4164.png
2025-04-18 14:06:29,535 - INFO - 成功保存时间段 4159-4164 的可视化结果
2025-04-18 14:06:29,535 - INFO - 正在从 ./visual/omi/neighbor_all/deviation/omi-6 中的图像创建GIF
2025-04-18 14:06:30,134 - INFO - GIF已保存到 ./visual/omi/neighbor_all/deviation/omi-6/omi-6.gif
2025-04-18 14:06:30,135 - INFO - 
==================================================
2025-04-18 14:06:30,135 - INFO - 开始数据集可视化: omi-7
2025-04-18 14:06:30,135 - INFO - 使用参数: 评分模式=deviation, all=None, 阈值=2.5
2025-04-18 14:06:30,135 - INFO - ==================================================

2025-04-18 14:06:30,135 - INFO - 正在加载数据集 omi-7 的数据
2025-04-18 14:06:30,136 - INFO - 数据加载成功。训练集形状: (8640, 19), 测试集形状: (4320, 19)
2025-04-18 14:06:30,136 - INFO - 正在计算边缘统计量...
2025-04-18 14:06:32,968 - INFO - 已计算 136 条边的统计量
2025-04-18 14:06:32,968 - INFO - 为每个节点使用所有邻居
2025-04-18 14:06:32,968 - INFO - 可视化结果将保存到: ./visual/omi/neighbor_all/deviation/omi-7
2025-04-18 14:06:32,969 - INFO - 在数据集中发现 3 个异常时间段
2025-04-18 14:06:32,969 - INFO - 
正在处理时间段 1/3: 738-778
2025-04-18 14:06:32,969 - INFO - 该时间段的真实异常节点: {1, 2, 4, 6, 7, 8, 9, 10, 11, 12, 13, 14, 15, 16, 17, 18, 19}
2025-04-18 14:06:32,969 - INFO - 正在计算异常分数...
2025-04-18 14:06:33,011 - INFO - 检测到的异常节点: {1, 4, 5, 6, 7, 8, 9, 10, 11, 12, 13, 14, 15, 16, 17, 18, 19}
2025-04-18 14:06:33,011 - INFO - 正在为时间段 738-778 生成可视化
2025-04-18 14:06:33,011 - INFO - 正在为时间段 738-778 生成异常图可视化
2025-04-18 14:06:33,011 - DEBUG - 创建包含 19 个节点的图结构
2025-04-18 14:06:33,012 - DEBUG - 边统计: 正常边 166 条, 异常边 106 条
2025-04-18 14:06:33,072 - DEBUG - 正在保存可视化结果到 ./visual/omi/neighbor_all/deviation/omi-7/seg_0_738_778.png
2025-04-18 14:06:33,288 - INFO - 成功保存时间段 738-778 的可视化结果
2025-04-18 14:06:33,288 - INFO - 
正在处理时间段 2/3: 1625-1660
2025-04-18 14:06:33,288 - INFO - 该时间段的真实异常节点: {7, 10, 11, 12, 13, 14, 15, 16, 17, 18, 19}
2025-04-18 14:06:33,288 - INFO - 正在计算异常分数...
2025-04-18 14:06:33,322 - INFO - 检测到的异常节点: {5, 7, 8, 9, 10, 11, 12, 13, 14, 15, 16, 17, 18, 19}
2025-04-18 14:06:33,322 - INFO - 正在为时间段 1625-1660 生成可视化
2025-04-18 14:06:33,322 - INFO - 正在为时间段 1625-1660 生成异常图可视化
2025-04-18 14:06:33,322 - DEBUG - 创建包含 19 个节点的图结构
2025-04-18 14:06:33,323 - DEBUG - 边统计: 正常边 130 条, 异常边 52 条
2025-04-18 14:06:33,376 - DEBUG - 正在保存可视化结果到 ./visual/omi/neighbor_all/deviation/omi-7/seg_1_1625_1660.png
2025-04-18 14:06:33,588 - INFO - 成功保存时间段 1625-1660 的可视化结果
2025-04-18 14:06:33,588 - INFO - 
正在处理时间段 3/3: 3311-3320
2025-04-18 14:06:33,588 - INFO - 该时间段的真实异常节点: {7, 10, 11, 12, 13, 14, 15, 16, 17, 18, 19}
2025-04-18 14:06:33,588 - INFO - 正在计算异常分数...
2025-04-18 14:06:33,596 - INFO - 检测到的异常节点: {1, 5, 7, 8, 9, 10, 11, 12, 13, 14, 15, 16, 17, 18, 19}
2025-04-18 14:06:33,596 - INFO - 正在为时间段 3311-3320 生成可视化
2025-04-18 14:06:33,596 - INFO - 正在为时间段 3311-3320 生成异常图可视化
2025-04-18 14:06:33,596 - DEBUG - 创建包含 19 个节点的图结构
2025-04-18 14:06:33,597 - DEBUG - 边统计: 正常边 188 条, 异常边 22 条
2025-04-18 14:06:33,651 - DEBUG - 正在保存可视化结果到 ./visual/omi/neighbor_all/deviation/omi-7/seg_2_3311_3320.png
2025-04-18 14:06:33,866 - INFO - 成功保存时间段 3311-3320 的可视化结果
2025-04-18 14:06:33,867 - INFO - 正在从 ./visual/omi/neighbor_all/deviation/omi-7 中的图像创建GIF
2025-04-18 14:06:34,043 - INFO - GIF已保存到 ./visual/omi/neighbor_all/deviation/omi-7/omi-7.gif
2025-04-18 14:06:34,044 - INFO - 
==================================================
2025-04-18 14:06:34,044 - INFO - 开始数据集可视化: omi-8
2025-04-18 14:06:34,044 - INFO - 使用参数: 评分模式=deviation, all=None, 阈值=2.5
2025-04-18 14:06:34,044 - INFO - ==================================================

2025-04-18 14:06:34,044 - INFO - 正在加载数据集 omi-8 的数据
2025-04-18 14:06:34,045 - INFO - 数据加载成功。训练集形状: (8640, 19), 测试集形状: (4320, 19)
2025-04-18 14:06:34,045 - INFO - 正在计算边缘统计量...
2025-04-18 14:06:36,779 - INFO - 已计算 136 条边的统计量
2025-04-18 14:06:36,779 - INFO - 为每个节点使用所有邻居
2025-04-18 14:06:36,779 - INFO - 可视化结果将保存到: ./visual/omi/neighbor_all/deviation/omi-8
2025-04-18 14:06:36,780 - INFO - 在数据集中发现 5 个异常时间段
2025-04-18 14:06:36,780 - INFO - 
正在处理时间段 1/5: 740-753
2025-04-18 14:06:36,780 - INFO - 该时间段的真实异常节点: {2, 4}
2025-04-18 14:06:36,780 - INFO - 正在计算异常分数...
2025-04-18 14:06:36,793 - INFO - 检测到的异常节点: {1, 4, 6, 7, 8, 9, 10, 11, 12, 13, 14, 15, 16, 17, 18, 19}
2025-04-18 14:06:36,793 - INFO - 正在为时间段 740-753 生成可视化
2025-04-18 14:06:36,793 - INFO - 正在为时间段 740-753 生成异常图可视化
2025-04-18 14:06:36,793 - DEBUG - 创建包含 19 个节点的图结构
2025-04-18 14:06:36,794 - DEBUG - 边统计: 正常边 238 条, 异常边 2 条
2025-04-18 14:06:36,855 - DEBUG - 正在保存可视化结果到 ./visual/omi/neighbor_all/deviation/omi-8/seg_0_740_753.png
2025-04-18 14:06:37,067 - INFO - 成功保存时间段 740-753 的可视化结果
2025-04-18 14:06:37,068 - INFO - 
正在处理时间段 2/5: 764-780
2025-04-18 14:06:37,068 - INFO - 该时间段的真实异常节点: {6, 7, 8, 9, 10, 11, 12, 13, 14, 15, 16, 17, 18, 19}
2025-04-18 14:06:37,068 - INFO - 正在计算异常分数...
2025-04-18 14:06:37,080 - INFO - 检测到的异常节点: {1, 6, 7, 8, 9, 10, 11, 12, 13, 14, 15, 16, 17, 18, 19}
2025-04-18 14:06:37,080 - INFO - 正在为时间段 764-780 生成可视化
2025-04-18 14:06:37,080 - INFO - 正在为时间段 764-780 生成异常图可视化
2025-04-18 14:06:37,080 - DEBUG - 创建包含 19 个节点的图结构
2025-04-18 14:06:37,081 - DEBUG - 边统计: 正常边 146 条, 异常边 64 条
2025-04-18 14:06:37,140 - DEBUG - 正在保存可视化结果到 ./visual/omi/neighbor_all/deviation/omi-8/seg_1_764_780.png
2025-04-18 14:06:37,351 - INFO - 成功保存时间段 764-780 的可视化结果
2025-04-18 14:06:37,351 - INFO - 
正在处理时间段 3/5: 2319-2325
2025-04-18 14:06:37,351 - INFO - 该时间段的真实异常节点: {4, 5, 6}
2025-04-18 14:06:37,351 - INFO - 正在计算异常分数...
2025-04-18 14:06:37,355 - INFO - 检测到的异常节点: {1, 4, 5, 6, 7, 8, 9, 10, 11, 12, 13, 14, 15, 16, 17, 18, 19}
2025-04-18 14:06:37,355 - INFO - 正在为时间段 2319-2325 生成可视化
2025-04-18 14:06:37,355 - INFO - 正在为时间段 2319-2325 生成异常图可视化
2025-04-18 14:06:37,355 - DEBUG - 创建包含 19 个节点的图结构
2025-04-18 14:06:37,357 - DEBUG - 边统计: 正常边 228 条, 异常边 44 条
2025-04-18 14:06:37,509 - DEBUG - 正在保存可视化结果到 ./visual/omi/neighbor_all/deviation/omi-8/seg_2_2319_2325.png
2025-04-18 14:06:37,723 - INFO - 成功保存时间段 2319-2325 的可视化结果
2025-04-18 14:06:37,723 - INFO - 
正在处理时间段 4/5: 2586-2675
2025-04-18 14:06:37,723 - INFO - 该时间段的真实异常节点: {5, 6, 8, 17, 18, 19}
2025-04-18 14:06:37,723 - INFO - 正在计算异常分数...
2025-04-18 14:06:37,825 - INFO - 检测到的异常节点: {1, 4, 5, 6, 7, 8, 9, 10, 11, 12, 13, 14, 15, 16, 17, 18, 19}
2025-04-18 14:06:37,825 - INFO - 正在为时间段 2586-2675 生成可视化
2025-04-18 14:06:37,825 - INFO - 正在为时间段 2586-2675 生成异常图可视化
2025-04-18 14:06:37,825 - DEBUG - 创建包含 19 个节点的图结构
2025-04-18 14:06:37,826 - DEBUG - 边统计: 正常边 260 条, 异常边 12 条
2025-04-18 14:06:37,881 - DEBUG - 正在保存可视化结果到 ./visual/omi/neighbor_all/deviation/omi-8/seg_3_2586_2675.png
2025-04-18 14:06:38,092 - INFO - 成功保存时间段 2586-2675 的可视化结果
2025-04-18 14:06:38,093 - INFO - 
正在处理时间段 5/5: 2897-2956
2025-04-18 14:06:38,093 - INFO - 该时间段的真实异常节点: {2, 6, 8, 17, 18, 19}
2025-04-18 14:06:38,093 - INFO - 正在计算异常分数...
2025-04-18 14:06:38,156 - INFO - 检测到的异常节点: {1, 4, 5, 6, 7, 8, 9, 10, 11, 12, 13, 14, 15, 16, 17, 18, 19}
2025-04-18 14:06:38,156 - INFO - 正在为时间段 2897-2956 生成可视化
2025-04-18 14:06:38,156 - INFO - 正在为时间段 2897-2956 生成异常图可视化
2025-04-18 14:06:38,156 - DEBUG - 创建包含 19 个节点的图结构
2025-04-18 14:06:38,157 - DEBUG - 边统计: 正常边 230 条, 异常边 42 条
2025-04-18 14:06:38,216 - DEBUG - 正在保存可视化结果到 ./visual/omi/neighbor_all/deviation/omi-8/seg_4_2897_2956.png
2025-04-18 14:06:38,427 - INFO - 成功保存时间段 2897-2956 的可视化结果
2025-04-18 14:06:38,427 - INFO - 正在从 ./visual/omi/neighbor_all/deviation/omi-8 中的图像创建GIF
2025-04-18 14:06:38,718 - INFO - GIF已保存到 ./visual/omi/neighbor_all/deviation/omi-8/omi-8.gif
2025-04-18 14:06:38,719 - INFO - 
==================================================
2025-04-18 14:06:38,719 - INFO - 开始数据集可视化: omi-9
2025-04-18 14:06:38,719 - INFO - 使用参数: 评分模式=deviation, all=None, 阈值=2.5
2025-04-18 14:06:38,719 - INFO - ==================================================

2025-04-18 14:06:38,719 - INFO - 正在加载数据集 omi-9 的数据
2025-04-18 14:06:38,720 - INFO - 数据加载成功。训练集形状: (8640, 19), 测试集形状: (4320, 19)
2025-04-18 14:06:38,720 - INFO - 正在计算边缘统计量...
2025-04-18 14:06:41,391 - INFO - 已计算 136 条边的统计量
2025-04-18 14:06:41,391 - INFO - 为每个节点使用所有邻居
2025-04-18 14:06:41,391 - INFO - 可视化结果将保存到: ./visual/omi/neighbor_all/deviation/omi-9
2025-04-18 14:06:41,392 - INFO - 在数据集中发现 8 个异常时间段
2025-04-18 14:06:41,392 - INFO - 
正在处理时间段 1/8: 738-756
2025-04-18 14:06:41,392 - INFO - 该时间段的真实异常节点: {2, 9, 10, 11, 12, 13, 14, 15, 16, 17, 18, 19}
2025-04-18 14:06:41,392 - INFO - 正在计算异常分数...
2025-04-18 14:06:41,407 - INFO - 检测到的异常节点: {1, 7, 8, 9, 10, 11, 12, 13, 14, 15, 16, 17, 18, 19}
2025-04-18 14:06:41,407 - INFO - 正在为时间段 738-756 生成可视化
2025-04-18 14:06:41,407 - INFO - 正在为时间段 738-756 生成异常图可视化
2025-04-18 14:06:41,407 - DEBUG - 创建包含 19 个节点的图结构
2025-04-18 14:06:41,409 - DEBUG - 边统计: 正常边 158 条, 异常边 24 条
2025-04-18 14:06:41,469 - DEBUG - 正在保存可视化结果到 ./visual/omi/neighbor_all/deviation/omi-9/seg_0_738_756.png
2025-04-18 14:06:41,683 - INFO - 成功保存时间段 738-756 的可视化结果
2025-04-18 14:06:41,683 - INFO - 
正在处理时间段 2/8: 763-780
2025-04-18 14:06:41,683 - INFO - 该时间段的真实异常节点: {1, 6, 7, 8, 9, 10, 11, 12, 13, 14, 15, 16, 17, 18, 19}
2025-04-18 14:06:41,683 - INFO - 正在计算异常分数...
2025-04-18 14:06:41,696 - INFO - 检测到的异常节点: {1, 6, 7, 8, 9, 10, 11, 12, 13, 14, 15, 16, 17, 18, 19}
2025-04-18 14:06:41,696 - INFO - 正在为时间段 763-780 生成可视化
2025-04-18 14:06:41,696 - INFO - 正在为时间段 763-780 生成异常图可视化
2025-04-18 14:06:41,697 - DEBUG - 创建包含 19 个节点的图结构
2025-04-18 14:06:41,698 - DEBUG - 边统计: 正常边 118 条, 异常边 92 条
2025-04-18 14:06:41,756 - DEBUG - 正在保存可视化结果到 ./visual/omi/neighbor_all/deviation/omi-9/seg_1_763_780.png
2025-04-18 14:06:41,967 - INFO - 成功保存时间段 763-780 的可视化结果
2025-04-18 14:06:41,967 - INFO - 
正在处理时间段 3/8: 2514-2524
2025-04-18 14:06:41,967 - INFO - 该时间段的真实异常节点: {1, 4, 5, 7, 8, 9, 17, 18}
2025-04-18 14:06:41,967 - INFO - 正在计算异常分数...
2025-04-18 14:06:41,977 - INFO - 检测到的异常节点: {1, 4, 5, 6, 7, 8, 9, 10, 11, 12, 13, 14, 15, 16, 17, 18, 19}
2025-04-18 14:06:41,977 - INFO - 正在为时间段 2514-2524 生成可视化
2025-04-18 14:06:41,977 - INFO - 正在为时间段 2514-2524 生成异常图可视化
2025-04-18 14:06:41,977 - DEBUG - 创建包含 19 个节点的图结构
2025-04-18 14:06:41,978 - DEBUG - 边统计: 正常边 210 条, 异常边 62 条
2025-04-18 14:06:42,034 - DEBUG - 正在保存可视化结果到 ./visual/omi/neighbor_all/deviation/omi-9/seg_2_2514_2524.png
2025-04-18 14:06:42,247 - INFO - 成功保存时间段 2514-2524 的可视化结果
2025-04-18 14:06:42,247 - INFO - 
正在处理时间段 4/8: 2603-2668
2025-04-18 14:06:42,247 - INFO - 该时间段的真实异常节点: {1, 2, 5, 6, 8, 17, 18, 19}
2025-04-18 14:06:42,247 - INFO - 正在计算异常分数...
2025-04-18 14:06:42,314 - INFO - 检测到的异常节点: {1, 4, 5, 6, 7, 8, 9, 10, 11, 12, 13, 14, 15, 16, 17, 18, 19}
2025-04-18 14:06:42,315 - INFO - 正在为时间段 2603-2668 生成可视化
2025-04-18 14:06:42,315 - INFO - 正在为时间段 2603-2668 生成异常图可视化
2025-04-18 14:06:42,315 - DEBUG - 创建包含 19 个节点的图结构
2025-04-18 14:06:42,316 - DEBUG - 边统计: 正常边 212 条, 异常边 60 条
2025-04-18 14:06:42,371 - DEBUG - 正在保存可视化结果到 ./visual/omi/neighbor_all/deviation/omi-9/seg_3_2603_2668.png
2025-04-18 14:06:42,586 - INFO - 成功保存时间段 2603-2668 的可视化结果
2025-04-18 14:06:42,586 - INFO - 
正在处理时间段 5/8: 2918-2958
2025-04-18 14:06:42,586 - INFO - 该时间段的真实异常节点: {1, 2, 5, 6, 8, 17, 18, 19}
2025-04-18 14:06:42,586 - INFO - 正在计算异常分数...
2025-04-18 14:06:42,625 - INFO - 检测到的异常节点: {1, 4, 5, 6, 7, 8, 9, 10, 11, 12, 13, 14, 15, 16, 17, 18, 19}
2025-04-18 14:06:42,625 - INFO - 正在为时间段 2918-2958 生成可视化
2025-04-18 14:06:42,625 - INFO - 正在为时间段 2918-2958 生成异常图可视化
2025-04-18 14:06:42,625 - DEBUG - 创建包含 19 个节点的图结构
2025-04-18 14:06:42,626 - DEBUG - 边统计: 正常边 200 条, 异常边 72 条
2025-04-18 14:06:42,684 - DEBUG - 正在保存可视化结果到 ./visual/omi/neighbor_all/deviation/omi-9/seg_4_2918_2958.png
2025-04-18 14:06:42,897 - INFO - 成功保存时间段 2918-2958 的可视化结果
2025-04-18 14:06:42,897 - INFO - 
正在处理时间段 6/8: 3170-3245
2025-04-18 14:06:42,897 - INFO - 该时间段的真实异常节点: {1, 2, 6, 8, 17, 18, 19}
2025-04-18 14:06:42,897 - INFO - 正在计算异常分数...
2025-04-18 14:06:42,967 - INFO - 检测到的异常节点: {1, 4, 5, 6, 7, 8, 9, 10, 11, 12, 13, 14, 15, 16, 17, 18, 19}
2025-04-18 14:06:42,967 - INFO - 正在为时间段 3170-3245 生成可视化
2025-04-18 14:06:42,967 - INFO - 正在为时间段 3170-3245 生成异常图可视化
2025-04-18 14:06:42,968 - DEBUG - 创建包含 19 个节点的图结构
2025-04-18 14:06:42,969 - DEBUG - 边统计: 正常边 226 条, 异常边 46 条
2025-04-18 14:06:43,024 - DEBUG - 正在保存可视化结果到 ./visual/omi/neighbor_all/deviation/omi-9/seg_5_3170_3245.png
2025-04-18 14:06:43,239 - INFO - 成功保存时间段 3170-3245 的可视化结果
2025-04-18 14:06:43,239 - INFO - 
正在处理时间段 7/8: 3508-3528
2025-04-18 14:06:43,239 - INFO - 该时间段的真实异常节点: {8, 2, 19, 6}
2025-04-18 14:06:43,239 - INFO - 正在计算异常分数...
2025-04-18 14:06:43,257 - INFO - 检测到的异常节点: {1, 4, 5, 6, 7, 8, 9, 10, 11, 12, 13, 14, 15, 16, 17, 18, 19}
2025-04-18 14:06:43,257 - INFO - 正在为时间段 3508-3528 生成可视化
2025-04-18 14:06:43,257 - INFO - 正在为时间段 3508-3528 生成异常图可视化
2025-04-18 14:06:43,257 - DEBUG - 创建包含 19 个节点的图结构
2025-04-18 14:06:43,258 - DEBUG - 边统计: 正常边 208 条, 异常边 64 条
2025-04-18 14:06:43,314 - DEBUG - 正在保存可视化结果到 ./visual/omi/neighbor_all/deviation/omi-9/seg_6_3508_3528.png
2025-04-18 14:06:43,524 - INFO - 成功保存时间段 3508-3528 的可视化结果
2025-04-18 14:06:43,524 - INFO - 
正在处理时间段 8/8: 4064-4108
2025-04-18 14:06:43,524 - INFO - 该时间段的真实异常节点: {1, 2, 6, 7, 8, 9, 17, 18, 19}
2025-04-18 14:06:43,525 - INFO - 正在计算异常分数...
2025-04-18 14:06:43,567 - INFO - 检测到的异常节点: {1, 4, 5, 6, 7, 8, 9, 10, 11, 12, 13, 14, 15, 16, 17, 18, 19}
2025-04-18 14:06:43,568 - INFO - 正在为时间段 4064-4108 生成可视化
2025-04-18 14:06:43,568 - INFO - 正在为时间段 4064-4108 生成异常图可视化
2025-04-18 14:06:43,568 - DEBUG - 创建包含 19 个节点的图结构
2025-04-18 14:06:43,569 - DEBUG - 边统计: 正常边 190 条, 异常边 82 条
2025-04-18 14:06:43,625 - DEBUG - 正在保存可视化结果到 ./visual/omi/neighbor_all/deviation/omi-9/seg_7_4064_4108.png
2025-04-18 14:06:43,840 - INFO - 成功保存时间段 4064-4108 的可视化结果
2025-04-18 14:06:43,840 - INFO - 正在从 ./visual/omi/neighbor_all/deviation/omi-9 中的图像创建GIF
2025-04-18 14:06:44,321 - INFO - GIF已保存到 ./visual/omi/neighbor_all/deviation/omi-9/omi-9.gif
2025-04-18 14:06:44,321 - INFO - 可视化结果生成完成！
2025-04-18 14:06:44,321 - INFO - 
==================================================
2025-04-18 14:06:44,321 - INFO - 程序运行总耗时: 0:01:54.542575 

