2025-05-07 11:59:41,167 - INFO - 
 Starting experiment with config: ExperimentConfig(dataset='omi', window_size=5, score_thresholds=array([0. , 0.5, 1. , 1.5, 2. , 2.5, 3. , 3.5, 4. , 4.5, 5. , 5.5, 6. ,
       6.5, 7. ]), topk_range=range(1, 10), corr_threshold_range=array([0. , 0. , 0.1, 0.2, 0.2, 0.2, 0.3, 0.4, 0.4, 0.4, 0.5, 0.6, 0.6,
       0.6]), neighbor_selection='all', score_modes=['deviation'], data_dir='./data/processed', label_dir='./data/interpretation_label', log_dir='./log/omi/neighbor_all', visual_dir='./visual/omi/neighbor_all', num_workers=36, gif_duration=500)
2025-05-07 11:59:41,167 - INFO - 当前评分模式: ['deviation']
2025-05-07 11:59:41,167 - INFO - 
==================================================
2025-05-07 11:59:41,167 - INFO - 开始执行网格搜索...
2025-05-07 11:59:41,169 - INFO - [omi-12] Starting grid search...
2025-05-07 11:59:43,992 - INFO - [omi-12.txt] mode=deviation, all=None, threshold=0.0, P=0.6129, R=0.9500, F1=0.7451
2025-05-07 11:59:43,993 - INFO - [omi-12.txt] mode=deviation, all=None, threshold=0.5, P=0.6129, R=0.9500, F1=0.7451
2025-05-07 11:59:43,993 - INFO - [omi-12.txt] mode=deviation, all=None, threshold=1.0, P=0.6129, R=0.9500, F1=0.7451
2025-05-07 11:59:43,994 - INFO - [omi-12.txt] mode=deviation, all=None, threshold=1.5, P=0.6129, R=0.9500, F1=0.7451
2025-05-07 11:59:43,994 - INFO - [omi-12.txt] mode=deviation, all=None, threshold=2.0, P=0.6129, R=0.9500, F1=0.7451
2025-05-07 11:59:43,994 - INFO - [omi-12.txt] mode=deviation, all=None, threshold=2.5, P=0.6129, R=0.9500, F1=0.7451
2025-05-07 11:59:44,001 - INFO - [omi-12.txt] mode=deviation, all=None, threshold=3.0, P=0.6129, R=0.9500, F1=0.7451
2025-05-07 11:59:44,001 - INFO - [omi-12.txt] mode=deviation, all=None, threshold=3.5, P=0.6129, R=0.9500, F1=0.7451
2025-05-07 11:59:44,001 - INFO - [omi-12.txt] mode=deviation, all=None, threshold=4.0, P=0.6129, R=0.9500, F1=0.7451
2025-05-07 11:59:44,001 - INFO - [omi-12.txt] mode=deviation, all=None, threshold=4.5, P=0.6129, R=0.9500, F1=0.7451
2025-05-07 11:59:44,002 - INFO - [omi-12.txt] mode=deviation, all=None, threshold=5.0, P=0.6129, R=0.9500, F1=0.7451
2025-05-07 11:59:44,002 - INFO - [omi-12.txt] mode=deviation, all=None, threshold=5.5, P=0.6129, R=0.9500, F1=0.7451
2025-05-07 11:59:44,002 - INFO - [omi-12.txt] mode=deviation, all=None, threshold=6.0, P=0.6129, R=0.9500, F1=0.7451
2025-05-07 11:59:44,006 - INFO - [omi-12.txt] mode=deviation, all=None, threshold=6.5, P=0.6230, R=0.9500, F1=0.7525
2025-05-07 11:59:44,006 - INFO - [omi-12.txt] mode=deviation, all=None, threshold=7.0, P=0.6230, R=0.9500, F1=0.7525
2025-05-07 11:59:44,058 - INFO - [omi-1] Starting grid search...
2025-05-07 11:59:47,517 - INFO - [omi-1.txt] mode=deviation, all=None, threshold=0.0, P=0.7417, R=1.0000, F1=0.8517
2025-05-07 11:59:47,533 - INFO - [omi-1.txt] mode=deviation, all=None, threshold=0.5, P=0.7417, R=1.0000, F1=0.8517
2025-05-07 11:59:47,538 - INFO - [omi-1.txt] mode=deviation, all=None, threshold=1.0, P=0.7417, R=1.0000, F1=0.8517
2025-05-07 11:59:47,606 - INFO - [omi-1.txt] mode=deviation, all=None, threshold=1.5, P=0.7417, R=1.0000, F1=0.8517
2025-05-07 11:59:47,608 - INFO - [omi-1.txt] mode=deviation, all=None, threshold=2.0, P=0.7417, R=1.0000, F1=0.8517
2025-05-07 11:59:47,608 - INFO - [omi-1.txt] mode=deviation, all=None, threshold=2.5, P=0.7417, R=1.0000, F1=0.8517
2025-05-07 11:59:47,608 - INFO - [omi-1.txt] mode=deviation, all=None, threshold=3.0, P=0.7417, R=1.0000, F1=0.8517
2025-05-07 11:59:47,621 - INFO - [omi-1.txt] mode=deviation, all=None, threshold=3.5, P=0.7417, R=1.0000, F1=0.8517
2025-05-07 11:59:47,622 - INFO - [omi-1.txt] mode=deviation, all=None, threshold=4.0, P=0.7417, R=1.0000, F1=0.8517
2025-05-07 11:59:47,764 - INFO - [omi-1.txt] mode=deviation, all=None, threshold=4.5, P=0.7417, R=1.0000, F1=0.8517
2025-05-07 11:59:47,764 - INFO - [omi-1.txt] mode=deviation, all=None, threshold=5.0, P=0.7417, R=1.0000, F1=0.8517
2025-05-07 11:59:47,764 - INFO - [omi-1.txt] mode=deviation, all=None, threshold=5.5, P=0.7417, R=1.0000, F1=0.8517
2025-05-07 11:59:47,765 - INFO - [omi-1.txt] mode=deviation, all=None, threshold=6.0, P=0.7417, R=1.0000, F1=0.8517
2025-05-07 11:59:47,765 - INFO - [omi-1.txt] mode=deviation, all=None, threshold=6.5, P=0.7417, R=1.0000, F1=0.8517
2025-05-07 11:59:47,769 - INFO - [omi-1.txt] mode=deviation, all=None, threshold=7.0, P=0.7417, R=1.0000, F1=0.8517
2025-05-07 11:59:47,811 - INFO - [omi-5] Starting grid search...
2025-05-07 11:59:51,710 - INFO - [omi-5.txt] mode=deviation, all=None, threshold=0.0, P=0.4537, R=1.0000, F1=0.6242
2025-05-07 11:59:51,711 - INFO - [omi-5.txt] mode=deviation, all=None, threshold=0.5, P=0.4537, R=1.0000, F1=0.6242
2025-05-07 11:59:51,711 - INFO - [omi-5.txt] mode=deviation, all=None, threshold=1.0, P=0.4537, R=1.0000, F1=0.6242
2025-05-07 11:59:51,711 - INFO - [omi-5.txt] mode=deviation, all=None, threshold=1.5, P=0.4537, R=1.0000, F1=0.6242
2025-05-07 11:59:51,711 - INFO - [omi-5.txt] mode=deviation, all=None, threshold=2.0, P=0.4537, R=1.0000, F1=0.6242
2025-05-07 11:59:51,711 - INFO - [omi-5.txt] mode=deviation, all=None, threshold=2.5, P=0.4537, R=1.0000, F1=0.6242
2025-05-07 11:59:51,711 - INFO - [omi-5.txt] mode=deviation, all=None, threshold=3.0, P=0.4537, R=1.0000, F1=0.6242
2025-05-07 11:59:51,711 - INFO - [omi-5.txt] mode=deviation, all=None, threshold=3.5, P=0.4537, R=1.0000, F1=0.6242
2025-05-07 11:59:51,711 - INFO - [omi-5.txt] mode=deviation, all=None, threshold=4.0, P=0.4537, R=1.0000, F1=0.6242
2025-05-07 11:59:51,711 - INFO - [omi-5.txt] mode=deviation, all=None, threshold=4.5, P=0.4537, R=1.0000, F1=0.6242
2025-05-07 11:59:51,711 - INFO - [omi-5.txt] mode=deviation, all=None, threshold=5.0, P=0.4537, R=1.0000, F1=0.6242
2025-05-07 11:59:51,711 - INFO - [omi-5.txt] mode=deviation, all=None, threshold=5.5, P=0.4579, R=1.0000, F1=0.6282
2025-05-07 11:59:51,712 - INFO - [omi-5.txt] mode=deviation, all=None, threshold=6.0, P=0.4579, R=1.0000, F1=0.6282
2025-05-07 11:59:51,712 - INFO - [omi-5.txt] mode=deviation, all=None, threshold=6.5, P=0.4571, R=0.9796, F1=0.6234
2025-05-07 11:59:51,712 - INFO - [omi-5.txt] mode=deviation, all=None, threshold=7.0, P=0.4796, R=0.9592, F1=0.6395
2025-05-07 11:59:51,760 - INFO - [omi-6] Starting grid search...
2025-05-07 11:59:55,302 - INFO - [omi-6.txt] mode=deviation, all=None, threshold=0.0, P=0.2544, R=0.9773, F1=0.4038
2025-05-07 11:59:55,304 - INFO - [omi-6.txt] mode=deviation, all=None, threshold=0.5, P=0.2544, R=0.9773, F1=0.4038
2025-05-07 11:59:55,304 - INFO - [omi-6.txt] mode=deviation, all=None, threshold=1.0, P=0.2544, R=0.9773, F1=0.4038
2025-05-07 11:59:55,304 - INFO - [omi-6.txt] mode=deviation, all=None, threshold=1.5, P=0.2544, R=0.9773, F1=0.4038
2025-05-07 11:59:55,338 - INFO - [omi-6.txt] mode=deviation, all=None, threshold=2.0, P=0.2544, R=0.9773, F1=0.4038
2025-05-07 11:59:55,338 - INFO - [omi-6.txt] mode=deviation, all=None, threshold=2.5, P=0.2544, R=0.9773, F1=0.4038
2025-05-07 11:59:55,347 - INFO - [omi-6.txt] mode=deviation, all=None, threshold=3.0, P=0.2544, R=0.9773, F1=0.4038
2025-05-07 11:59:55,512 - INFO - [omi-6.txt] mode=deviation, all=None, threshold=3.5, P=0.2544, R=0.9773, F1=0.4038
2025-05-07 11:59:55,512 - INFO - [omi-6.txt] mode=deviation, all=None, threshold=4.0, P=0.2544, R=0.9773, F1=0.4038
2025-05-07 11:59:55,512 - INFO - [omi-6.txt] mode=deviation, all=None, threshold=4.5, P=0.2544, R=0.9773, F1=0.4038
2025-05-07 11:59:55,513 - INFO - [omi-6.txt] mode=deviation, all=None, threshold=5.0, P=0.2544, R=0.9773, F1=0.4038
2025-05-07 11:59:55,576 - INFO - [omi-6.txt] mode=deviation, all=None, threshold=5.5, P=0.2544, R=0.9773, F1=0.4038
2025-05-07 11:59:55,576 - INFO - [omi-6.txt] mode=deviation, all=None, threshold=6.0, P=0.2544, R=0.9773, F1=0.4038
2025-05-07 11:59:55,576 - INFO - [omi-6.txt] mode=deviation, all=None, threshold=6.5, P=0.2544, R=0.9773, F1=0.4038
2025-05-07 11:59:55,576 - INFO - [omi-6.txt] mode=deviation, all=None, threshold=7.0, P=0.2544, R=0.9773, F1=0.4038
2025-05-07 11:59:55,628 - INFO - [omi-7] Starting grid search...
2025-05-07 11:59:59,085 - INFO - [omi-7.txt] mode=deviation, all=None, threshold=0.0, P=0.8261, R=0.9744, F1=0.8941
2025-05-07 11:59:59,199 - INFO - [omi-7.txt] mode=deviation, all=None, threshold=0.5, P=0.8261, R=0.9744, F1=0.8941
2025-05-07 11:59:59,199 - INFO - [omi-7.txt] mode=deviation, all=None, threshold=1.0, P=0.8261, R=0.9744, F1=0.8941
2025-05-07 11:59:59,199 - INFO - [omi-7.txt] mode=deviation, all=None, threshold=1.5, P=0.8261, R=0.9744, F1=0.8941
2025-05-07 11:59:59,199 - INFO - [omi-7.txt] mode=deviation, all=None, threshold=2.0, P=0.8261, R=0.9744, F1=0.8941
2025-05-07 11:59:59,199 - INFO - [omi-7.txt] mode=deviation, all=None, threshold=2.5, P=0.8261, R=0.9744, F1=0.8941
2025-05-07 11:59:59,200 - INFO - [omi-7.txt] mode=deviation, all=None, threshold=3.0, P=0.8261, R=0.9744, F1=0.8941
2025-05-07 11:59:59,200 - INFO - [omi-7.txt] mode=deviation, all=None, threshold=3.5, P=0.8261, R=0.9744, F1=0.8941
2025-05-07 11:59:59,200 - INFO - [omi-7.txt] mode=deviation, all=None, threshold=4.0, P=0.8261, R=0.9744, F1=0.8941
2025-05-07 11:59:59,200 - INFO - [omi-7.txt] mode=deviation, all=None, threshold=4.5, P=0.8261, R=0.9744, F1=0.8941
2025-05-07 11:59:59,200 - INFO - [omi-7.txt] mode=deviation, all=None, threshold=5.0, P=0.8261, R=0.9744, F1=0.8941
2025-05-07 11:59:59,200 - INFO - [omi-7.txt] mode=deviation, all=None, threshold=5.5, P=0.8261, R=0.9744, F1=0.8941
2025-05-07 11:59:59,200 - INFO - [omi-7.txt] mode=deviation, all=None, threshold=6.0, P=0.8261, R=0.9744, F1=0.8941
2025-05-07 11:59:59,200 - INFO - [omi-7.txt] mode=deviation, all=None, threshold=6.5, P=0.8261, R=0.9744, F1=0.8941
2025-05-07 11:59:59,200 - INFO - [omi-7.txt] mode=deviation, all=None, threshold=7.0, P=0.8261, R=0.9744, F1=0.8941
2025-05-07 11:59:59,248 - INFO - [omi-9] Starting grid search...
2025-05-07 12:00:02,531 - INFO - [omi-9.txt] mode=deviation, all=None, threshold=0.0, P=0.4962, R=0.9155, F1=0.6436
2025-05-07 12:00:02,547 - INFO - [omi-9.txt] mode=deviation, all=None, threshold=0.5, P=0.4962, R=0.9155, F1=0.6436
2025-05-07 12:00:02,548 - INFO - [omi-9.txt] mode=deviation, all=None, threshold=1.0, P=0.4962, R=0.9155, F1=0.6436
2025-05-07 12:00:02,548 - INFO - [omi-9.txt] mode=deviation, all=None, threshold=1.5, P=0.4962, R=0.9155, F1=0.6436
2025-05-07 12:00:02,548 - INFO - [omi-9.txt] mode=deviation, all=None, threshold=2.0, P=0.4962, R=0.9155, F1=0.6436
2025-05-07 12:00:02,548 - INFO - [omi-9.txt] mode=deviation, all=None, threshold=2.5, P=0.4962, R=0.9155, F1=0.6436
2025-05-07 12:00:02,548 - INFO - [omi-9.txt] mode=deviation, all=None, threshold=3.0, P=0.4962, R=0.9155, F1=0.6436
2025-05-07 12:00:02,568 - INFO - [omi-9.txt] mode=deviation, all=None, threshold=3.5, P=0.4962, R=0.9155, F1=0.6436
2025-05-07 12:00:02,568 - INFO - [omi-9.txt] mode=deviation, all=None, threshold=4.0, P=0.4962, R=0.9155, F1=0.6436
2025-05-07 12:00:02,583 - INFO - [omi-9.txt] mode=deviation, all=None, threshold=4.5, P=0.4962, R=0.9155, F1=0.6436
2025-05-07 12:00:02,655 - INFO - [omi-9.txt] mode=deviation, all=None, threshold=5.0, P=0.4962, R=0.9155, F1=0.6436
2025-05-07 12:00:02,837 - INFO - [omi-9.txt] mode=deviation, all=None, threshold=5.5, P=0.4962, R=0.9155, F1=0.6436
2025-05-07 12:00:02,837 - INFO - [omi-9.txt] mode=deviation, all=None, threshold=6.0, P=0.4962, R=0.9155, F1=0.6436
2025-05-07 12:00:02,837 - INFO - [omi-9.txt] mode=deviation, all=None, threshold=6.5, P=0.4962, R=0.9155, F1=0.6436
2025-05-07 12:00:02,869 - INFO - [omi-9.txt] mode=deviation, all=None, threshold=7.0, P=0.4962, R=0.9155, F1=0.6436
2025-05-07 12:00:02,913 - INFO - [omi-8] Starting grid search...
2025-05-07 12:00:06,190 - INFO - [omi-8.txt] mode=deviation, all=None, threshold=0.0, P=0.3537, R=0.9355, F1=0.5133
2025-05-07 12:00:06,222 - INFO - [omi-8.txt] mode=deviation, all=None, threshold=0.5, P=0.3537, R=0.9355, F1=0.5133
2025-05-07 12:00:06,222 - INFO - [omi-8.txt] mode=deviation, all=None, threshold=1.0, P=0.3537, R=0.9355, F1=0.5133
2025-05-07 12:00:06,222 - INFO - [omi-8.txt] mode=deviation, all=None, threshold=1.5, P=0.3537, R=0.9355, F1=0.5133
2025-05-07 12:00:06,243 - INFO - [omi-8.txt] mode=deviation, all=None, threshold=2.0, P=0.3537, R=0.9355, F1=0.5133
2025-05-07 12:00:06,244 - INFO - [omi-8.txt] mode=deviation, all=None, threshold=2.5, P=0.3537, R=0.9355, F1=0.5133
2025-05-07 12:00:06,244 - INFO - [omi-8.txt] mode=deviation, all=None, threshold=3.0, P=0.3537, R=0.9355, F1=0.5133
2025-05-07 12:00:06,445 - INFO - [omi-8.txt] mode=deviation, all=None, threshold=3.5, P=0.3537, R=0.9355, F1=0.5133
2025-05-07 12:00:06,446 - INFO - [omi-8.txt] mode=deviation, all=None, threshold=4.0, P=0.3537, R=0.9355, F1=0.5133
2025-05-07 12:00:06,446 - INFO - [omi-8.txt] mode=deviation, all=None, threshold=4.5, P=0.3537, R=0.9355, F1=0.5133
2025-05-07 12:00:06,446 - INFO - [omi-8.txt] mode=deviation, all=None, threshold=5.0, P=0.3537, R=0.9355, F1=0.5133
2025-05-07 12:00:06,593 - INFO - [omi-8.txt] mode=deviation, all=None, threshold=5.5, P=0.3816, R=0.9355, F1=0.5421
2025-05-07 12:00:06,593 - INFO - [omi-8.txt] mode=deviation, all=None, threshold=6.0, P=0.3816, R=0.9355, F1=0.5421
2025-05-07 12:00:06,593 - INFO - [omi-8.txt] mode=deviation, all=None, threshold=6.5, P=0.3816, R=0.9355, F1=0.5421
2025-05-07 12:00:06,593 - INFO - [omi-8.txt] mode=deviation, all=None, threshold=7.0, P=0.3816, R=0.9355, F1=0.5421
2025-05-07 12:00:06,639 - INFO - [omi-2] Starting grid search...
2025-05-07 12:00:10,064 - INFO - [omi-2.txt] mode=deviation, all=None, threshold=0.0, P=0.4559, R=1.0000, F1=0.6263
2025-05-07 12:00:10,065 - INFO - [omi-2.txt] mode=deviation, all=None, threshold=0.5, P=0.4559, R=1.0000, F1=0.6263
2025-05-07 12:00:10,065 - INFO - [omi-2.txt] mode=deviation, all=None, threshold=1.0, P=0.4559, R=1.0000, F1=0.6263
2025-05-07 12:00:10,154 - INFO - [omi-2.txt] mode=deviation, all=None, threshold=1.5, P=0.4559, R=1.0000, F1=0.6263
2025-05-07 12:00:10,243 - INFO - [omi-2.txt] mode=deviation, all=None, threshold=2.0, P=0.4559, R=1.0000, F1=0.6263
2025-05-07 12:00:10,243 - INFO - [omi-2.txt] mode=deviation, all=None, threshold=2.5, P=0.4559, R=1.0000, F1=0.6263
2025-05-07 12:00:10,244 - INFO - [omi-2.txt] mode=deviation, all=None, threshold=3.0, P=0.4559, R=1.0000, F1=0.6263
2025-05-07 12:00:10,244 - INFO - [omi-2.txt] mode=deviation, all=None, threshold=3.5, P=0.4559, R=1.0000, F1=0.6263
2025-05-07 12:00:10,244 - INFO - [omi-2.txt] mode=deviation, all=None, threshold=4.0, P=0.4559, R=1.0000, F1=0.6263
2025-05-07 12:00:10,244 - INFO - [omi-2.txt] mode=deviation, all=None, threshold=4.5, P=0.4559, R=1.0000, F1=0.6263
2025-05-07 12:00:10,244 - INFO - [omi-2.txt] mode=deviation, all=None, threshold=5.0, P=0.4559, R=1.0000, F1=0.6263
2025-05-07 12:00:10,244 - INFO - [omi-2.txt] mode=deviation, all=None, threshold=5.5, P=0.4559, R=1.0000, F1=0.6263
2025-05-07 12:00:10,244 - INFO - [omi-2.txt] mode=deviation, all=None, threshold=6.0, P=0.4559, R=1.0000, F1=0.6263
2025-05-07 12:00:10,244 - INFO - [omi-2.txt] mode=deviation, all=None, threshold=6.5, P=0.4559, R=1.0000, F1=0.6263
2025-05-07 12:00:10,245 - INFO - [omi-2.txt] mode=deviation, all=None, threshold=7.0, P=0.4559, R=1.0000, F1=0.6263
2025-05-07 12:00:10,292 - INFO - [omi-11] Starting grid search...
2025-05-07 12:00:13,867 - INFO - [omi-11.txt] mode=deviation, all=None, threshold=0.0, P=0.3434, R=0.9828, F1=0.5089
2025-05-07 12:00:13,984 - INFO - [omi-11.txt] mode=deviation, all=None, threshold=0.5, P=0.3434, R=0.9828, F1=0.5089
2025-05-07 12:00:13,985 - INFO - [omi-11.txt] mode=deviation, all=None, threshold=1.0, P=0.3434, R=0.9828, F1=0.5089
2025-05-07 12:00:13,985 - INFO - [omi-11.txt] mode=deviation, all=None, threshold=1.5, P=0.3434, R=0.9828, F1=0.5089
2025-05-07 12:00:14,030 - INFO - [omi-11.txt] mode=deviation, all=None, threshold=2.0, P=0.3434, R=0.9828, F1=0.5089
2025-05-07 12:00:14,030 - INFO - [omi-11.txt] mode=deviation, all=None, threshold=2.5, P=0.3434, R=0.9828, F1=0.5089
2025-05-07 12:00:14,030 - INFO - [omi-11.txt] mode=deviation, all=None, threshold=3.0, P=0.3434, R=0.9828, F1=0.5089
2025-05-07 12:00:14,030 - INFO - [omi-11.txt] mode=deviation, all=None, threshold=3.5, P=0.3434, R=0.9828, F1=0.5089
2025-05-07 12:00:14,030 - INFO - [omi-11.txt] mode=deviation, all=None, threshold=4.0, P=0.3434, R=0.9828, F1=0.5089
2025-05-07 12:00:14,030 - INFO - [omi-11.txt] mode=deviation, all=None, threshold=4.5, P=0.3434, R=0.9828, F1=0.5089
2025-05-07 12:00:14,031 - INFO - [omi-11.txt] mode=deviation, all=None, threshold=5.0, P=0.3434, R=0.9828, F1=0.5089
2025-05-07 12:00:14,031 - INFO - [omi-11.txt] mode=deviation, all=None, threshold=5.5, P=0.3434, R=0.9828, F1=0.5089
2025-05-07 12:00:14,031 - INFO - [omi-11.txt] mode=deviation, all=None, threshold=6.0, P=0.3434, R=0.9828, F1=0.5089
2025-05-07 12:00:14,031 - INFO - [omi-11.txt] mode=deviation, all=None, threshold=6.5, P=0.3434, R=0.9828, F1=0.5089
2025-05-07 12:00:14,031 - INFO - [omi-11.txt] mode=deviation, all=None, threshold=7.0, P=0.3434, R=0.9828, F1=0.5089
2025-05-07 12:00:14,079 - INFO - [omi-10] Starting grid search...
2025-05-07 12:00:17,752 - INFO - [omi-10.txt] mode=deviation, all=None, threshold=0.0, P=0.4444, R=0.9836, F1=0.6122
2025-05-07 12:00:18,015 - INFO - [omi-10.txt] mode=deviation, all=None, threshold=0.5, P=0.4444, R=0.9836, F1=0.6122
2025-05-07 12:00:18,016 - INFO - [omi-10.txt] mode=deviation, all=None, threshold=1.0, P=0.4444, R=0.9836, F1=0.6122
2025-05-07 12:00:18,016 - INFO - [omi-10.txt] mode=deviation, all=None, threshold=1.5, P=0.4444, R=0.9836, F1=0.6122
2025-05-07 12:00:18,016 - INFO - [omi-10.txt] mode=deviation, all=None, threshold=2.0, P=0.4444, R=0.9836, F1=0.6122
2025-05-07 12:00:18,016 - INFO - [omi-10.txt] mode=deviation, all=None, threshold=2.5, P=0.4444, R=0.9836, F1=0.6122
2025-05-07 12:00:18,016 - INFO - [omi-10.txt] mode=deviation, all=None, threshold=3.0, P=0.4444, R=0.9836, F1=0.6122
2025-05-07 12:00:18,383 - INFO - [omi-10.txt] mode=deviation, all=None, threshold=3.5, P=0.4444, R=0.9836, F1=0.6122
2025-05-07 12:00:18,384 - INFO - [omi-10.txt] mode=deviation, all=None, threshold=4.0, P=0.4444, R=0.9836, F1=0.6122
2025-05-07 12:00:18,384 - INFO - [omi-10.txt] mode=deviation, all=None, threshold=4.5, P=0.4444, R=0.9836, F1=0.6122
2025-05-07 12:00:18,384 - INFO - [omi-10.txt] mode=deviation, all=None, threshold=5.0, P=0.4478, R=0.9836, F1=0.6154
2025-05-07 12:00:18,384 - INFO - [omi-10.txt] mode=deviation, all=None, threshold=5.5, P=0.4724, R=0.9836, F1=0.6383
2025-05-07 12:00:18,384 - INFO - [omi-10.txt] mode=deviation, all=None, threshold=6.0, P=0.4762, R=0.9836, F1=0.6417
2025-05-07 12:00:18,384 - INFO - [omi-10.txt] mode=deviation, all=None, threshold=6.5, P=0.4800, R=0.9836, F1=0.6452
2025-05-07 12:00:18,384 - INFO - [omi-10.txt] mode=deviation, all=None, threshold=7.0, P=0.4839, R=0.9836, F1=0.6486
2025-05-07 12:00:18,439 - INFO - [omi-4] Starting grid search...
2025-05-07 12:00:21,991 - INFO - [omi-4.txt] mode=deviation, all=None, threshold=0.0, P=0.7952, R=0.9851, F1=0.8800
2025-05-07 12:00:22,208 - INFO - [omi-4.txt] mode=deviation, all=None, threshold=0.5, P=0.7952, R=0.9851, F1=0.8800
2025-05-07 12:00:22,208 - INFO - [omi-4.txt] mode=deviation, all=None, threshold=1.0, P=0.7952, R=0.9851, F1=0.8800
2025-05-07 12:00:22,208 - INFO - [omi-4.txt] mode=deviation, all=None, threshold=1.5, P=0.7952, R=0.9851, F1=0.8800
2025-05-07 12:00:22,209 - INFO - [omi-4.txt] mode=deviation, all=None, threshold=2.0, P=0.7952, R=0.9851, F1=0.8800
2025-05-07 12:00:22,209 - INFO - [omi-4.txt] mode=deviation, all=None, threshold=2.5, P=0.7952, R=0.9851, F1=0.8800
2025-05-07 12:00:22,209 - INFO - [omi-4.txt] mode=deviation, all=None, threshold=3.0, P=0.7952, R=0.9851, F1=0.8800
2025-05-07 12:00:22,209 - INFO - [omi-4.txt] mode=deviation, all=None, threshold=3.5, P=0.7952, R=0.9851, F1=0.8800
2025-05-07 12:00:22,209 - INFO - [omi-4.txt] mode=deviation, all=None, threshold=4.0, P=0.7952, R=0.9851, F1=0.8800
2025-05-07 12:00:22,209 - INFO - [omi-4.txt] mode=deviation, all=None, threshold=4.5, P=0.7952, R=0.9851, F1=0.8800
2025-05-07 12:00:22,209 - INFO - [omi-4.txt] mode=deviation, all=None, threshold=5.0, P=0.7952, R=0.9851, F1=0.8800
2025-05-07 12:00:22,209 - INFO - [omi-4.txt] mode=deviation, all=None, threshold=5.5, P=0.7952, R=0.9851, F1=0.8800
2025-05-07 12:00:22,209 - INFO - [omi-4.txt] mode=deviation, all=None, threshold=6.0, P=0.7952, R=0.9851, F1=0.8800
2025-05-07 12:00:22,209 - INFO - [omi-4.txt] mode=deviation, all=None, threshold=6.5, P=0.7952, R=0.9851, F1=0.8800
2025-05-07 12:00:22,209 - INFO - [omi-4.txt] mode=deviation, all=None, threshold=7.0, P=0.7952, R=0.9851, F1=0.8800
2025-05-07 12:00:22,258 - INFO - [omi-3] Starting grid search...
2025-05-07 12:00:26,263 - INFO - [omi-3.txt] mode=deviation, all=None, threshold=0.0, P=0.7738, R=0.8333, F1=0.8025
2025-05-07 12:00:26,264 - INFO - [omi-3.txt] mode=deviation, all=None, threshold=0.5, P=0.7738, R=0.8333, F1=0.8025
2025-05-07 12:00:26,264 - INFO - [omi-3.txt] mode=deviation, all=None, threshold=1.0, P=0.7738, R=0.8333, F1=0.8025
2025-05-07 12:00:26,264 - INFO - [omi-3.txt] mode=deviation, all=None, threshold=1.5, P=0.7738, R=0.8333, F1=0.8025
2025-05-07 12:00:26,264 - INFO - [omi-3.txt] mode=deviation, all=None, threshold=2.0, P=0.7738, R=0.8333, F1=0.8025
2025-05-07 12:00:26,264 - INFO - [omi-3.txt] mode=deviation, all=None, threshold=2.5, P=0.7738, R=0.8333, F1=0.8025
2025-05-07 12:00:26,264 - INFO - [omi-3.txt] mode=deviation, all=None, threshold=3.0, P=0.7738, R=0.8333, F1=0.8025
2025-05-07 12:00:26,264 - INFO - [omi-3.txt] mode=deviation, all=None, threshold=3.5, P=0.7738, R=0.8333, F1=0.8025
2025-05-07 12:00:26,264 - INFO - [omi-3.txt] mode=deviation, all=None, threshold=4.0, P=0.7738, R=0.8333, F1=0.8025
2025-05-07 12:00:26,264 - INFO - [omi-3.txt] mode=deviation, all=None, threshold=4.5, P=0.7738, R=0.8333, F1=0.8025
2025-05-07 12:00:26,264 - INFO - [omi-3.txt] mode=deviation, all=None, threshold=5.0, P=0.7738, R=0.8333, F1=0.8025
2025-05-07 12:00:26,264 - INFO - [omi-3.txt] mode=deviation, all=None, threshold=5.5, P=0.7738, R=0.8333, F1=0.8025
2025-05-07 12:00:26,264 - INFO - [omi-3.txt] mode=deviation, all=None, threshold=6.0, P=0.7738, R=0.8333, F1=0.8025
2025-05-07 12:00:26,264 - INFO - [omi-3.txt] mode=deviation, all=None, threshold=6.5, P=0.7738, R=0.8333, F1=0.8025
2025-05-07 12:00:26,264 - INFO - [omi-3.txt] mode=deviation, all=None, threshold=7.0, P=0.7738, R=0.8333, F1=0.8025
2025-05-07 12:00:26,311 - INFO - 
==================================================
2025-05-07 12:00:26,311 - INFO - 开始汇总结果...
2025-05-07 12:00:26,321 - INFO - 
===== Best Results per Dataset =====
   dataset  precision   recall  f1_score  ips_score
 omi-1.txt   0.741667 1.000000  0.851675   1.000000
omi-10.txt   0.483871 0.983607  0.648649   0.993130
omi-11.txt   0.343373 0.982759  0.508929   0.928000
omi-12.txt   0.622951 0.950000  0.752475   0.942235
 omi-2.txt   0.455882 1.000000  0.626263   1.000000
 omi-3.txt   0.773810 0.833333  0.802469   0.972603
 omi-4.txt   0.795181 0.985075  0.880000   0.976821
 omi-5.txt   0.479592 0.959184  0.639456   0.972973
 omi-6.txt   0.254438 0.977273  0.403756   0.986869
 omi-7.txt   0.826087 0.974359  0.894118   0.972279
 omi-8.txt   0.381579 0.935484  0.542056   0.909574
 omi-9.txt   0.496183 0.915493  0.643564   0.878567
2025-05-07 12:00:26,321 - INFO - 
===== Overall Metrics =====
Precision: 0.5122  Recall: 0.9544  F1: 0.6667  IPS: 0.9600
TP: 628  FP: 598  FN: 30
2025-05-07 12:00:26,321 - INFO - 
【原始汇总指标】
2025-05-07 12:00:26,321 - INFO - 精确率(Precision): 0.5122
2025-05-07 12:00:26,321 - INFO - 召回率(Recall):    0.9544
2025-05-07 12:00:26,321 - INFO - F1值:             0.6667
2025-05-07 12:00:26,321 - INFO - 
==================================================
2025-05-07 12:00:26,321 - INFO - 开始生成可视化结果...
2025-05-07 12:00:26,321 - INFO - 
==================================================
2025-05-07 12:00:26,321 - INFO - 开始数据集可视化: omi-1
2025-05-07 12:00:26,321 - INFO - 使用参数: 评分模式=deviation, all=None, 阈值=0.0
2025-05-07 12:00:26,321 - INFO - ==================================================

2025-05-07 12:00:26,321 - INFO - 正在加载数据集 omi-1 的数据
2025-05-07 12:00:26,322 - INFO - 数据加载成功。训练集形状: (8640, 19), 测试集形状: (4320, 19)
2025-05-07 12:00:26,322 - INFO - 正在计算边缘统计量...
2025-05-07 12:00:28,890 - INFO - 已计算 170 条边的统计量
2025-05-07 12:00:28,890 - INFO - 为每个节点使用所有邻居
2025-05-07 12:00:28,890 - INFO - 可视化结果将保存到: ./visual/omi/neighbor_all/deviation/omi-1
2025-05-07 12:00:28,891 - INFO - 在数据集中发现 7 个异常时间段
2025-05-07 12:00:28,891 - INFO - 
正在处理时间段 1/7: 760-765
2025-05-07 12:00:28,892 - INFO - 该时间段的真实异常节点: {4, 5, 7, 8, 9, 10, 11, 12, 13, 14, 15, 16, 17, 18, 19}
2025-05-07 12:00:28,892 - INFO - 正在计算异常分数...
2025-05-07 12:00:28,894 - INFO - 检测到的异常节点: {1, 4, 5, 7, 8, 9, 10, 11, 12, 13, 14, 15, 16, 17, 18, 19}
2025-05-07 12:00:28,894 - INFO - 正在为时间段 760-765 生成可视化
2025-05-07 12:00:28,894 - INFO - 正在为时间段 760-765 生成异常图可视化
2025-05-07 12:00:28,894 - DEBUG - 创建包含 19 个节点的图结构
2025-05-07 12:00:28,895 - DEBUG - 边统计: 正常边 218 条, 异常边 22 条
2025-05-07 12:00:29,025 - DEBUG - 正在保存可视化结果到 ./visual/omi/neighbor_all/deviation/omi-1/seg_0_760_765.png
2025-05-07 12:00:29,239 - INFO - 成功保存时间段 760-765 的可视化结果
2025-05-07 12:00:29,239 - INFO - 
正在处理时间段 2/7: 1064-1298
2025-05-07 12:00:29,239 - INFO - 该时间段的真实异常节点: {6, 7, 9, 10, 11, 12, 13, 14, 15, 16, 17, 18, 19}
2025-05-07 12:00:29,239 - INFO - 正在计算异常分数...
2025-05-07 12:00:29,389 - INFO - 检测到的异常节点: {1, 3, 4, 5, 6, 7, 8, 9, 10, 11, 12, 13, 14, 15, 16, 17, 18, 19}
2025-05-07 12:00:29,389 - INFO - 正在为时间段 1064-1298 生成可视化
2025-05-07 12:00:29,389 - INFO - 正在为时间段 1064-1298 生成异常图可视化
2025-05-07 12:00:29,390 - DEBUG - 创建包含 19 个节点的图结构
2025-05-07 12:00:29,391 - DEBUG - 边统计: 正常边 284 条, 异常边 22 条
2025-05-07 12:00:29,442 - DEBUG - 正在保存可视化结果到 ./visual/omi/neighbor_all/deviation/omi-1/seg_1_1064_1298.png
2025-05-07 12:00:29,678 - INFO - 成功保存时间段 1064-1298 的可视化结果
2025-05-07 12:00:29,678 - INFO - 
正在处理时间段 3/7: 2758-2772
2025-05-07 12:00:29,679 - INFO - 该时间段的真实异常节点: {5, 6, 7, 8, 9, 10, 11, 12, 13, 14, 15, 16, 17, 18, 19}
2025-05-07 12:00:29,679 - INFO - 正在计算异常分数...
2025-05-07 12:00:29,691 - INFO - 检测到的异常节点: {1, 4, 5, 6, 7, 8, 9, 10, 11, 12, 13, 14, 15, 16, 17, 18, 19}
2025-05-07 12:00:29,691 - INFO - 正在为时间段 2758-2772 生成可视化
2025-05-07 12:00:29,691 - INFO - 正在为时间段 2758-2772 生成异常图可视化
2025-05-07 12:00:29,691 - DEBUG - 创建包含 19 个节点的图结构
2025-05-07 12:00:29,692 - DEBUG - 边统计: 正常边 218 条, 异常边 54 条
2025-05-07 12:00:29,747 - DEBUG - 正在保存可视化结果到 ./visual/omi/neighbor_all/deviation/omi-1/seg_2_2758_2772.png
2025-05-07 12:00:29,954 - INFO - 成功保存时间段 2758-2772 的可视化结果
2025-05-07 12:00:29,954 - INFO - 
正在处理时间段 4/7: 2874-2885
2025-05-07 12:00:29,954 - INFO - 该时间段的真实异常节点: {7, 9, 10, 11, 12, 13, 14, 15, 16, 17, 18}
2025-05-07 12:00:29,954 - INFO - 正在计算异常分数...
2025-05-07 12:00:29,963 - INFO - 检测到的异常节点: {1, 4, 5, 6, 7, 8, 9, 10, 11, 12, 13, 14, 15, 16, 17, 18, 19}
2025-05-07 12:00:29,963 - INFO - 正在为时间段 2874-2885 生成可视化
2025-05-07 12:00:29,963 - INFO - 正在为时间段 2874-2885 生成异常图可视化
2025-05-07 12:00:29,963 - DEBUG - 创建包含 19 个节点的图结构
2025-05-07 12:00:29,964 - DEBUG - 边统计: 正常边 250 条, 异常边 22 条
2025-05-07 12:00:30,018 - DEBUG - 正在保存可视化结果到 ./visual/omi/neighbor_all/deviation/omi-1/seg_3_2874_2885.png
2025-05-07 12:00:30,223 - INFO - 成功保存时间段 2874-2885 的可视化结果
2025-05-07 12:00:30,223 - INFO - 
正在处理时间段 5/7: 3012-3025
2025-05-07 12:00:30,223 - INFO - 该时间段的真实异常节点: {7, 10, 11, 12, 13, 14, 15, 16, 17, 18, 19}
2025-05-07 12:00:30,223 - INFO - 正在计算异常分数...
2025-05-07 12:00:30,233 - INFO - 检测到的异常节点: {1, 4, 5, 6, 7, 8, 9, 10, 11, 12, 13, 14, 15, 16, 17, 18, 19}
2025-05-07 12:00:30,233 - INFO - 正在为时间段 3012-3025 生成可视化
2025-05-07 12:00:30,233 - INFO - 正在为时间段 3012-3025 生成异常图可视化
2025-05-07 12:00:30,233 - DEBUG - 创建包含 19 个节点的图结构
2025-05-07 12:00:30,235 - DEBUG - 边统计: 正常边 232 条, 异常边 40 条
2025-05-07 12:00:30,288 - DEBUG - 正在保存可视化结果到 ./visual/omi/neighbor_all/deviation/omi-1/seg_4_3012_3025.png
2025-05-07 12:00:30,495 - INFO - 成功保存时间段 3012-3025 的可视化结果
2025-05-07 12:00:30,495 - INFO - 
正在处理时间段 6/7: 3160-3305
2025-05-07 12:00:30,495 - INFO - 该时间段的真实异常节点: {8, 9, 10, 11, 12, 13, 14, 15, 16, 17, 18, 19}
2025-05-07 12:00:30,495 - INFO - 正在计算异常分数...
2025-05-07 12:00:30,594 - INFO - 检测到的异常节点: {1, 3, 4, 5, 6, 7, 8, 9, 10, 11, 12, 13, 14, 15, 16, 17, 18, 19}
2025-05-07 12:00:30,594 - INFO - 正在为时间段 3160-3305 生成可视化
2025-05-07 12:00:30,594 - INFO - 正在为时间段 3160-3305 生成异常图可视化
2025-05-07 12:00:30,594 - DEBUG - 创建包含 19 个节点的图结构
2025-05-07 12:00:30,595 - DEBUG - 边统计: 正常边 304 条, 异常边 2 条
2025-05-07 12:00:30,647 - DEBUG - 正在保存可视化结果到 ./visual/omi/neighbor_all/deviation/omi-1/seg_5_3160_3305.png
2025-05-07 12:00:30,878 - INFO - 成功保存时间段 3160-3305 的可视化结果
2025-05-07 12:00:30,878 - INFO - 
正在处理时间段 7/7: 3626-3638
2025-05-07 12:00:30,878 - INFO - 该时间段的真实异常节点: {7, 9, 10, 11, 12, 13, 14, 15, 16, 17, 18, 19}
2025-05-07 12:00:30,878 - INFO - 正在计算异常分数...
2025-05-07 12:00:30,889 - INFO - 检测到的异常节点: {1, 4, 5, 6, 7, 8, 9, 10, 11, 12, 13, 14, 15, 16, 17, 18, 19}
2025-05-07 12:00:30,889 - INFO - 正在为时间段 3626-3638 生成可视化
2025-05-07 12:00:30,889 - INFO - 正在为时间段 3626-3638 生成异常图可视化
2025-05-07 12:00:30,889 - DEBUG - 创建包含 19 个节点的图结构
2025-05-07 12:00:30,890 - DEBUG - 边统计: 正常边 234 条, 异常边 38 条
2025-05-07 12:00:30,945 - DEBUG - 正在保存可视化结果到 ./visual/omi/neighbor_all/deviation/omi-1/seg_6_3626_3638.png
2025-05-07 12:00:31,156 - INFO - 成功保存时间段 3626-3638 的可视化结果
2025-05-07 12:00:31,156 - INFO - 正在从 ./visual/omi/neighbor_all/deviation/omi-1 中的图像创建GIF
2025-05-07 12:00:31,577 - INFO - GIF已保存到 ./visual/omi/neighbor_all/deviation/omi-1/omi-1.gif
2025-05-07 12:00:31,578 - INFO - 
==================================================
2025-05-07 12:00:31,578 - INFO - 开始数据集可视化: omi-10
2025-05-07 12:00:31,578 - INFO - 使用参数: 评分模式=deviation, all=None, 阈值=7.0
2025-05-07 12:00:31,578 - INFO - ==================================================

2025-05-07 12:00:31,578 - INFO - 正在加载数据集 omi-10 的数据
2025-05-07 12:00:31,579 - INFO - 数据加载成功。训练集形状: (8640, 19), 测试集形状: (4320, 19)
2025-05-07 12:00:31,579 - INFO - 正在计算边缘统计量...
2025-05-07 12:00:34,457 - INFO - 已计算 136 条边的统计量
2025-05-07 12:00:34,457 - INFO - 为每个节点使用所有邻居
2025-05-07 12:00:34,457 - INFO - 可视化结果将保存到: ./visual/omi/neighbor_all/deviation/omi-10
2025-05-07 12:00:34,458 - INFO - 在数据集中发现 8 个异常时间段
2025-05-07 12:00:34,458 - INFO - 
正在处理时间段 1/8: 740-780
2025-05-07 12:00:34,458 - INFO - 该时间段的真实异常节点: {2, 5, 6, 7, 8, 9, 10, 11, 12, 13, 14, 15, 16, 17, 18, 19}
2025-05-07 12:00:34,458 - INFO - 正在计算异常分数...
2025-05-07 12:00:34,496 - INFO - 检测到的异常节点: {1, 4, 5, 6, 7, 8, 9, 10, 11, 12, 13, 14, 15, 16, 17, 18, 19}
2025-05-07 12:00:34,496 - INFO - 正在为时间段 740-780 生成可视化
2025-05-07 12:00:34,496 - INFO - 正在为时间段 740-780 生成异常图可视化
2025-05-07 12:00:34,496 - DEBUG - 创建包含 19 个节点的图结构
2025-05-07 12:00:34,497 - DEBUG - 边统计: 正常边 166 条, 异常边 106 条
2025-05-07 12:00:34,560 - DEBUG - 正在保存可视化结果到 ./visual/omi/neighbor_all/deviation/omi-10/seg_0_740_780.png
2025-05-07 12:00:34,776 - INFO - 成功保存时间段 740-780 的可视化结果
2025-05-07 12:00:34,776 - INFO - 
正在处理时间段 2/8: 1345-1406
2025-05-07 12:00:34,776 - INFO - 该时间段的真实异常节点: {7, 9, 10, 11, 12, 13, 14, 15, 16, 17, 18}
2025-05-07 12:00:34,776 - INFO - 正在计算异常分数...
2025-05-07 12:00:34,842 - INFO - 检测到的异常节点: {1, 4, 5, 6, 7, 8, 9, 10, 11, 12, 13, 14, 15, 16, 17, 18, 19}
2025-05-07 12:00:34,842 - INFO - 正在为时间段 1345-1406 生成可视化
2025-05-07 12:00:34,843 - INFO - 正在为时间段 1345-1406 生成异常图可视化
2025-05-07 12:00:34,843 - DEBUG - 创建包含 19 个节点的图结构
2025-05-07 12:00:34,844 - DEBUG - 边统计: 正常边 268 条, 异常边 4 条
2025-05-07 12:00:34,900 - DEBUG - 正在保存可视化结果到 ./visual/omi/neighbor_all/deviation/omi-10/seg_1_1345_1406.png
2025-05-07 12:00:35,112 - INFO - 成功保存时间段 1345-1406 的可视化结果
2025-05-07 12:00:35,112 - INFO - 
正在处理时间段 3/8: 2224-2272
2025-05-07 12:00:35,112 - INFO - 该时间段的真实异常节点: {4, 5, 6, 7, 9, 10, 11, 12, 13, 14, 15, 16, 17, 18, 19}
2025-05-07 12:00:35,112 - INFO - 正在计算异常分数...
2025-05-07 12:00:35,164 - INFO - 检测到的异常节点: {1, 4, 5, 6, 7, 8, 9, 10, 11, 12, 13, 14, 15, 16, 17, 18, 19}
2025-05-07 12:00:35,164 - INFO - 正在为时间段 2224-2272 生成可视化
2025-05-07 12:00:35,164 - INFO - 正在为时间段 2224-2272 生成异常图可视化
2025-05-07 12:00:35,164 - DEBUG - 创建包含 19 个节点的图结构
2025-05-07 12:00:35,165 - DEBUG - 边统计: 正常边 264 条, 异常边 8 条
2025-05-07 12:00:35,221 - DEBUG - 正在保存可视化结果到 ./visual/omi/neighbor_all/deviation/omi-10/seg_2_2224_2272.png
2025-05-07 12:00:35,432 - INFO - 成功保存时间段 2224-2272 的可视化结果
2025-05-07 12:00:35,433 - INFO - 
正在处理时间段 4/8: 2514-2592
2025-05-07 12:00:35,433 - INFO - 该时间段的真实异常节点: {16, 4}
2025-05-07 12:00:35,433 - INFO - 正在计算异常分数...
2025-05-07 12:00:35,515 - INFO - 检测到的异常节点: {1, 4, 5, 6, 7, 8, 9, 10, 11, 12, 13, 14, 15, 16, 17, 18, 19}
2025-05-07 12:00:35,515 - INFO - 正在为时间段 2514-2592 生成可视化
2025-05-07 12:00:35,515 - INFO - 正在为时间段 2514-2592 生成异常图可视化
2025-05-07 12:00:35,515 - DEBUG - 创建包含 19 个节点的图结构
2025-05-07 12:00:35,516 - DEBUG - 边统计: 正常边 272 条, 异常边 0 条
2025-05-07 12:00:35,572 - DEBUG - 正在保存可视化结果到 ./visual/omi/neighbor_all/deviation/omi-10/seg_3_2514_2592.png
2025-05-07 12:00:35,782 - INFO - 成功保存时间段 2514-2592 的可视化结果
2025-05-07 12:00:35,782 - INFO - 
正在处理时间段 5/8: 2733-2778
2025-05-07 12:00:35,782 - INFO - 该时间段的真实异常节点: {11, 14, 15}
2025-05-07 12:00:35,783 - INFO - 正在计算异常分数...
2025-05-07 12:00:35,829 - INFO - 检测到的异常节点: {1, 4, 5, 7, 8, 9, 10, 11, 12, 13, 14, 15, 16, 17, 18, 19}
2025-05-07 12:00:35,829 - INFO - 正在为时间段 2733-2778 生成可视化
2025-05-07 12:00:35,829 - INFO - 正在为时间段 2733-2778 生成异常图可视化
2025-05-07 12:00:35,829 - DEBUG - 创建包含 19 个节点的图结构
2025-05-07 12:00:35,830 - DEBUG - 边统计: 正常边 238 条, 异常边 2 条
2025-05-07 12:00:35,979 - DEBUG - 正在保存可视化结果到 ./visual/omi/neighbor_all/deviation/omi-10/seg_4_2733_2778.png
2025-05-07 12:00:36,192 - INFO - 成功保存时间段 2733-2778 的可视化结果
2025-05-07 12:00:36,192 - INFO - 
正在处理时间段 6/8: 3401-3405
2025-05-07 12:00:36,193 - INFO - 该时间段的真实异常节点: {1}
2025-05-07 12:00:36,193 - INFO - 正在计算异常分数...
2025-05-07 12:00:36,194 - INFO - 检测到的异常节点: {1, 4, 6, 8, 9, 11}
2025-05-07 12:00:36,194 - INFO - 正在为时间段 3401-3405 生成可视化
2025-05-07 12:00:36,194 - INFO - 正在为时间段 3401-3405 生成异常图可视化
2025-05-07 12:00:36,194 - DEBUG - 创建包含 19 个节点的图结构
2025-05-07 12:00:36,195 - DEBUG - 边统计: 正常边 252 条, 异常边 20 条
2025-05-07 12:00:36,252 - DEBUG - 正在保存可视化结果到 ./visual/omi/neighbor_all/deviation/omi-10/seg_5_3401_3405.png
2025-05-07 12:00:36,461 - INFO - 成功保存时间段 3401-3405 的可视化结果
2025-05-07 12:00:36,461 - INFO - 
正在处理时间段 7/8: 3414-3459
2025-05-07 12:00:36,461 - INFO - 该时间段的真实异常节点: {8}
2025-05-07 12:00:36,461 - INFO - 正在计算异常分数...
2025-05-07 12:00:36,506 - INFO - 检测到的异常节点: {1, 4, 5, 6, 7, 8, 9, 10, 11, 12, 13, 14, 15, 16, 17, 18, 19}
2025-05-07 12:00:36,506 - INFO - 正在为时间段 3414-3459 生成可视化
2025-05-07 12:00:36,506 - INFO - 正在为时间段 3414-3459 生成异常图可视化
2025-05-07 12:00:36,506 - DEBUG - 创建包含 19 个节点的图结构
2025-05-07 12:00:36,507 - DEBUG - 边统计: 正常边 234 条, 异常边 38 条
2025-05-07 12:00:36,564 - DEBUG - 正在保存可视化结果到 ./visual/omi/neighbor_all/deviation/omi-10/seg_6_3414_3459.png
2025-05-07 12:00:36,775 - INFO - 成功保存时间段 3414-3459 的可视化结果
2025-05-07 12:00:36,775 - INFO - 
正在处理时间段 8/8: 3700-3744
2025-05-07 12:00:36,775 - INFO - 该时间段的真实异常节点: {7, 8, 9, 10, 11, 12, 13, 14, 15, 16, 17, 18}
2025-05-07 12:00:36,775 - INFO - 正在计算异常分数...
2025-05-07 12:00:36,819 - INFO - 检测到的异常节点: {1, 4, 5, 6, 7, 8, 9, 10, 11, 12, 13, 14, 15, 16, 17, 18, 19}
2025-05-07 12:00:36,819 - INFO - 正在为时间段 3700-3744 生成可视化
2025-05-07 12:00:36,819 - INFO - 正在为时间段 3700-3744 生成异常图可视化
2025-05-07 12:00:36,819 - DEBUG - 创建包含 19 个节点的图结构
2025-05-07 12:00:36,820 - DEBUG - 边统计: 正常边 228 条, 异常边 44 条
2025-05-07 12:00:36,875 - DEBUG - 正在保存可视化结果到 ./visual/omi/neighbor_all/deviation/omi-10/seg_7_3700_3744.png
2025-05-07 12:00:37,086 - INFO - 成功保存时间段 3700-3744 的可视化结果
2025-05-07 12:00:37,086 - INFO - 正在从 ./visual/omi/neighbor_all/deviation/omi-10 中的图像创建GIF
2025-05-07 12:00:37,582 - INFO - GIF已保存到 ./visual/omi/neighbor_all/deviation/omi-10/omi-10.gif
2025-05-07 12:00:37,582 - INFO - 
==================================================
2025-05-07 12:00:37,582 - INFO - 开始数据集可视化: omi-11
2025-05-07 12:00:37,582 - INFO - 使用参数: 评分模式=deviation, all=None, 阈值=1.0
2025-05-07 12:00:37,582 - INFO - ==================================================

2025-05-07 12:00:37,582 - INFO - 正在加载数据集 omi-11 的数据
2025-05-07 12:00:37,583 - INFO - 数据加载成功。训练集形状: (8640, 19), 测试集形状: (4320, 19)
2025-05-07 12:00:37,583 - INFO - 正在计算边缘统计量...
2025-05-07 12:00:40,497 - INFO - 已计算 153 条边的统计量
2025-05-07 12:00:40,497 - INFO - 为每个节点使用所有邻居
2025-05-07 12:00:40,497 - INFO - 可视化结果将保存到: ./visual/omi/neighbor_all/deviation/omi-11
2025-05-07 12:00:40,498 - INFO - 在数据集中发现 9 个异常时间段
2025-05-07 12:00:40,498 - INFO - 
正在处理时间段 1/9: 738-755
2025-05-07 12:00:40,498 - INFO - 该时间段的真实异常节点: {2}
2025-05-07 12:00:40,498 - INFO - 正在计算异常分数...
2025-05-07 12:00:40,512 - INFO - 检测到的异常节点: {4, 5, 6, 7, 8, 9, 10, 11, 12, 13, 14, 15, 16, 17, 18, 19}
2025-05-07 12:00:40,512 - INFO - 正在为时间段 738-755 生成可视化
2025-05-07 12:00:40,512 - INFO - 正在为时间段 738-755 生成异常图可视化
2025-05-07 12:00:40,513 - DEBUG - 创建包含 19 个节点的图结构
2025-05-07 12:00:40,514 - DEBUG - 边统计: 正常边 240 条, 异常边 0 条
2025-05-07 12:00:40,574 - DEBUG - 正在保存可视化结果到 ./visual/omi/neighbor_all/deviation/omi-11/seg_0_738_755.png
2025-05-07 12:00:40,780 - INFO - 成功保存时间段 738-755 的可视化结果
2025-05-07 12:00:40,780 - INFO - 
正在处理时间段 2/9: 757-815
2025-05-07 12:00:40,780 - INFO - 该时间段的真实异常节点: set()
2025-05-07 12:00:40,781 - INFO - 正在计算异常分数...
2025-05-07 12:00:40,840 - INFO - 检测到的异常节点: {1, 4, 5, 6, 7, 8, 9, 10, 11, 12, 13, 14, 15, 16, 17, 18, 19}
2025-05-07 12:00:40,840 - INFO - 正在为时间段 757-815 生成可视化
2025-05-07 12:00:40,840 - INFO - 正在为时间段 757-815 生成异常图可视化
2025-05-07 12:00:40,840 - DEBUG - 创建包含 19 个节点的图结构
2025-05-07 12:00:40,841 - DEBUG - 边统计: 正常边 248 条, 异常边 24 条
2025-05-07 12:00:40,897 - DEBUG - 正在保存可视化结果到 ./visual/omi/neighbor_all/deviation/omi-11/seg_1_757_815.png
2025-05-07 12:00:41,108 - INFO - 成功保存时间段 757-815 的可视化结果
2025-05-07 12:00:41,108 - INFO - 
正在处理时间段 3/9: 1366-1375
2025-05-07 12:00:41,108 - INFO - 该时间段的真实异常节点: {4, 5, 8, 17, 19}
2025-05-07 12:00:41,108 - INFO - 正在计算异常分数...
2025-05-07 12:00:41,115 - INFO - 检测到的异常节点: {1, 4, 5, 6, 7, 8, 9, 10, 11, 12, 13, 14, 15, 16, 17, 18, 19}
2025-05-07 12:00:41,115 - INFO - 正在为时间段 1366-1375 生成可视化
2025-05-07 12:00:41,115 - INFO - 正在为时间段 1366-1375 生成异常图可视化
2025-05-07 12:00:41,115 - DEBUG - 创建包含 19 个节点的图结构
2025-05-07 12:00:41,116 - DEBUG - 边统计: 正常边 210 条, 异常边 62 条
2025-05-07 12:00:41,172 - DEBUG - 正在保存可视化结果到 ./visual/omi/neighbor_all/deviation/omi-11/seg_2_1366_1375.png
2025-05-07 12:00:41,384 - INFO - 成功保存时间段 1366-1375 的可视化结果
2025-05-07 12:00:41,384 - INFO - 
正在处理时间段 4/9: 2301-2314
2025-05-07 12:00:41,384 - INFO - 该时间段的真实异常节点: {17, 19, 4, 5}
2025-05-07 12:00:41,384 - INFO - 正在计算异常分数...
2025-05-07 12:00:41,396 - INFO - 检测到的异常节点: {1, 4, 5, 6, 7, 8, 9, 10, 11, 12, 13, 14, 15, 16, 17, 18, 19}
2025-05-07 12:00:41,396 - INFO - 正在为时间段 2301-2314 生成可视化
2025-05-07 12:00:41,396 - INFO - 正在为时间段 2301-2314 生成异常图可视化
2025-05-07 12:00:41,396 - DEBUG - 创建包含 19 个节点的图结构
2025-05-07 12:00:41,397 - DEBUG - 边统计: 正常边 232 条, 异常边 40 条
2025-05-07 12:00:41,452 - DEBUG - 正在保存可视化结果到 ./visual/omi/neighbor_all/deviation/omi-11/seg_3_2301_2314.png
2025-05-07 12:00:41,666 - INFO - 成功保存时间段 2301-2314 的可视化结果
2025-05-07 12:00:41,666 - INFO - 
正在处理时间段 5/9: 2365-2381
2025-05-07 12:00:41,666 - INFO - 该时间段的真实异常节点: {19}
2025-05-07 12:00:41,666 - INFO - 正在计算异常分数...
2025-05-07 12:00:41,679 - INFO - 检测到的异常节点: {4, 6, 7, 8, 9, 10, 11, 12, 13, 14, 15, 16, 17, 18, 19}
2025-05-07 12:00:41,679 - INFO - 正在为时间段 2365-2381 生成可视化
2025-05-07 12:00:41,679 - INFO - 正在为时间段 2365-2381 生成异常图可视化
2025-05-07 12:00:41,679 - DEBUG - 创建包含 19 个节点的图结构
2025-05-07 12:00:41,680 - DEBUG - 边统计: 正常边 168 条, 异常边 42 条
2025-05-07 12:00:41,735 - DEBUG - 正在保存可视化结果到 ./visual/omi/neighbor_all/deviation/omi-11/seg_4_2365_2381.png
2025-05-07 12:00:41,945 - INFO - 成功保存时间段 2365-2381 的可视化结果
2025-05-07 12:00:41,945 - INFO - 
正在处理时间段 6/9: 2464-2485
2025-05-07 12:00:41,946 - INFO - 该时间段的真实异常节点: {17, 19, 4, 5}
2025-05-07 12:00:41,946 - INFO - 正在计算异常分数...
2025-05-07 12:00:41,967 - INFO - 检测到的异常节点: {1, 4, 5, 6, 7, 8, 9, 10, 11, 12, 13, 14, 15, 16, 17, 18, 19}
2025-05-07 12:00:41,967 - INFO - 正在为时间段 2464-2485 生成可视化
2025-05-07 12:00:41,967 - INFO - 正在为时间段 2464-2485 生成异常图可视化
2025-05-07 12:00:41,967 - DEBUG - 创建包含 19 个节点的图结构
2025-05-07 12:00:41,968 - DEBUG - 边统计: 正常边 236 条, 异常边 36 条
2025-05-07 12:00:42,024 - DEBUG - 正在保存可视化结果到 ./visual/omi/neighbor_all/deviation/omi-11/seg_5_2464_2485.png
2025-05-07 12:00:42,235 - INFO - 成功保存时间段 2464-2485 的可视化结果
2025-05-07 12:00:42,235 - INFO - 
正在处理时间段 7/9: 2588-2610
2025-05-07 12:00:42,235 - INFO - 该时间段的真实异常节点: {17, 19, 4, 5}
2025-05-07 12:00:42,235 - INFO - 正在计算异常分数...
2025-05-07 12:00:42,256 - INFO - 检测到的异常节点: {1, 4, 5, 6, 7, 8, 9, 10, 11, 12, 13, 14, 15, 16, 17, 18, 19}
2025-05-07 12:00:42,256 - INFO - 正在为时间段 2588-2610 生成可视化
2025-05-07 12:00:42,256 - INFO - 正在为时间段 2588-2610 生成异常图可视化
2025-05-07 12:00:42,256 - DEBUG - 创建包含 19 个节点的图结构
2025-05-07 12:00:42,257 - DEBUG - 边统计: 正常边 216 条, 异常边 56 条
2025-05-07 12:00:42,313 - DEBUG - 正在保存可视化结果到 ./visual/omi/neighbor_all/deviation/omi-11/seg_6_2588_2610.png
2025-05-07 12:00:42,525 - INFO - 成功保存时间段 2588-2610 的可视化结果
2025-05-07 12:00:42,525 - INFO - 
正在处理时间段 8/9: 2650-2675
2025-05-07 12:00:42,525 - INFO - 该时间段的真实异常节点: {19}
2025-05-07 12:00:42,526 - INFO - 正在计算异常分数...
2025-05-07 12:00:42,549 - INFO - 检测到的异常节点: {4, 5, 6, 7, 8, 9, 10, 11, 12, 13, 14, 15, 16, 17, 18, 19}
2025-05-07 12:00:42,549 - INFO - 正在为时间段 2650-2675 生成可视化
2025-05-07 12:00:42,549 - INFO - 正在为时间段 2650-2675 生成异常图可视化
2025-05-07 12:00:42,549 - DEBUG - 创建包含 19 个节点的图结构
2025-05-07 12:00:42,550 - DEBUG - 边统计: 正常边 192 条, 异常边 48 条
2025-05-07 12:00:42,608 - DEBUG - 正在保存可视化结果到 ./visual/omi/neighbor_all/deviation/omi-11/seg_7_2650_2675.png
2025-05-07 12:00:42,815 - INFO - 成功保存时间段 2650-2675 的可视化结果
2025-05-07 12:00:42,815 - INFO - 
正在处理时间段 9/9: 3012-3072
2025-05-07 12:00:42,816 - INFO - 该时间段的真实异常节点: {1, 4, 5, 8, 17, 19}
2025-05-07 12:00:42,816 - INFO - 正在计算异常分数...
2025-05-07 12:00:42,881 - INFO - 检测到的异常节点: {1, 4, 5, 6, 7, 8, 9, 10, 11, 12, 13, 14, 15, 16, 17, 18, 19}
2025-05-07 12:00:42,881 - INFO - 正在为时间段 3012-3072 生成可视化
2025-05-07 12:00:42,881 - INFO - 正在为时间段 3012-3072 生成异常图可视化
2025-05-07 12:00:42,882 - DEBUG - 创建包含 19 个节点的图结构
2025-05-07 12:00:42,883 - DEBUG - 边统计: 正常边 272 条, 异常边 0 条
2025-05-07 12:00:43,016 - DEBUG - 正在保存可视化结果到 ./visual/omi/neighbor_all/deviation/omi-11/seg_8_3012_3072.png
2025-05-07 12:00:43,226 - INFO - 成功保存时间段 3012-3072 的可视化结果
2025-05-07 12:00:43,226 - INFO - 正在从 ./visual/omi/neighbor_all/deviation/omi-11 中的图像创建GIF
2025-05-07 12:00:43,775 - INFO - GIF已保存到 ./visual/omi/neighbor_all/deviation/omi-11/omi-11.gif
2025-05-07 12:00:43,775 - INFO - 
==================================================
2025-05-07 12:00:43,775 - INFO - 开始数据集可视化: omi-12
2025-05-07 12:00:43,775 - INFO - 使用参数: 评分模式=deviation, all=None, 阈值=7.0
2025-05-07 12:00:43,776 - INFO - ==================================================

2025-05-07 12:00:43,776 - INFO - 正在加载数据集 omi-12 的数据
2025-05-07 12:00:43,776 - INFO - 数据加载成功。训练集形状: (7291, 19), 测试集形状: (4320, 19)
2025-05-07 12:00:43,776 - INFO - 正在计算边缘统计量...
2025-05-07 12:00:45,934 - INFO - 已计算 133 条边的统计量
2025-05-07 12:00:45,934 - INFO - 为每个节点使用所有邻居
2025-05-07 12:00:45,934 - INFO - 可视化结果将保存到: ./visual/omi/neighbor_all/deviation/omi-12
2025-05-07 12:00:45,935 - INFO - 在数据集中发现 5 个异常时间段
2025-05-07 12:00:45,935 - INFO - 
正在处理时间段 1/5: 740-813
2025-05-07 12:00:45,935 - INFO - 该时间段的真实异常节点: {1, 2, 6, 7, 8, 9, 10, 11, 12, 13, 14, 15, 16, 17, 18, 19}
2025-05-07 12:00:45,935 - INFO - 正在计算异常分数...
2025-05-07 12:00:45,998 - INFO - 检测到的异常节点: {1, 6, 7, 8, 9, 10, 11, 12, 13, 14, 15, 16, 17, 18, 19}
2025-05-07 12:00:45,999 - INFO - 正在为时间段 740-813 生成可视化
2025-05-07 12:00:45,999 - INFO - 正在为时间段 740-813 生成异常图可视化
2025-05-07 12:00:45,999 - DEBUG - 创建包含 19 个节点的图结构
2025-05-07 12:00:46,000 - DEBUG - 边统计: 正常边 140 条, 异常边 70 条
2025-05-07 12:00:46,059 - DEBUG - 正在保存可视化结果到 ./visual/omi/neighbor_all/deviation/omi-12/seg_0_740_813.png
2025-05-07 12:00:46,268 - INFO - 成功保存时间段 740-813 的可视化结果
2025-05-07 12:00:46,268 - INFO - 
正在处理时间段 2/5: 2486-2493
2025-05-07 12:00:46,268 - INFO - 该时间段的真实异常节点: {4, 5}
2025-05-07 12:00:46,268 - INFO - 正在计算异常分数...
2025-05-07 12:00:46,272 - INFO - 检测到的异常节点: {1, 4, 5, 7, 8, 9, 10, 12, 13, 14, 15, 16, 17, 18}
2025-05-07 12:00:46,272 - INFO - 正在为时间段 2486-2493 生成可视化
2025-05-07 12:00:46,272 - INFO - 正在为时间段 2486-2493 生成异常图可视化
2025-05-07 12:00:46,272 - DEBUG - 创建包含 19 个节点的图结构
2025-05-07 12:00:46,273 - DEBUG - 边统计: 正常边 170 条, 异常边 36 条
2025-05-07 12:00:46,330 - DEBUG - 正在保存可视化结果到 ./visual/omi/neighbor_all/deviation/omi-12/seg_1_2486_2493.png
2025-05-07 12:00:46,539 - INFO - 成功保存时间段 2486-2493 的可视化结果
2025-05-07 12:00:46,539 - INFO - 
正在处理时间段 3/5: 2515-2525
2025-05-07 12:00:46,539 - INFO - 该时间段的真实异常节点: {1, 4, 5, 7, 8, 9, 17, 18}
2025-05-07 12:00:46,539 - INFO - 正在计算异常分数...
2025-05-07 12:00:46,547 - INFO - 检测到的异常节点: {1, 4, 5, 6, 7, 8, 9, 10, 11, 12, 13, 14, 15, 16, 17, 18, 19}
2025-05-07 12:00:46,547 - INFO - 正在为时间段 2515-2525 生成可视化
2025-05-07 12:00:46,547 - INFO - 正在为时间段 2515-2525 生成异常图可视化
2025-05-07 12:00:46,547 - DEBUG - 创建包含 19 个节点的图结构
2025-05-07 12:00:46,548 - DEBUG - 边统计: 正常边 190 条, 异常边 76 条
2025-05-07 12:00:46,603 - DEBUG - 正在保存可视化结果到 ./visual/omi/neighbor_all/deviation/omi-12/seg_2_2515_2525.png
2025-05-07 12:00:46,817 - INFO - 成功保存时间段 2515-2525 的可视化结果
2025-05-07 12:00:46,818 - INFO - 
正在处理时间段 4/5: 2721-2723
2025-05-07 12:00:46,818 - INFO - 该时间段的真实异常节点: {4}
2025-05-07 12:00:46,818 - INFO - 正在计算异常分数...
2025-05-07 12:00:46,818 - INFO - 检测到的异常节点: set()
2025-05-07 12:00:46,818 - INFO - 正在为时间段 2721-2723 生成可视化
2025-05-07 12:00:46,818 - INFO - 正在为时间段 2721-2723 生成异常图可视化
2025-05-07 12:00:46,818 - DEBUG - 创建包含 19 个节点的图结构
2025-05-07 12:00:46,819 - DEBUG - 边统计: 正常边 40 条, 异常边 48 条
2025-05-07 12:00:46,875 - DEBUG - 正在保存可视化结果到 ./visual/omi/neighbor_all/deviation/omi-12/seg_3_2721_2723.png
2025-05-07 12:00:47,082 - INFO - 成功保存时间段 2721-2723 的可视化结果
2025-05-07 12:00:47,083 - INFO - 
正在处理时间段 5/5: 3500-3535
2025-05-07 12:00:47,083 - INFO - 该时间段的真实异常节点: {5, 6, 7, 8, 11, 12, 13, 14, 15, 16, 17, 18, 19}
2025-05-07 12:00:47,083 - INFO - 正在计算异常分数...
2025-05-07 12:00:47,106 - INFO - 检测到的异常节点: {5, 6, 7, 8, 9, 10, 11, 12, 13, 14, 15, 16, 17, 18, 19}
2025-05-07 12:00:47,106 - INFO - 正在为时间段 3500-3535 生成可视化
2025-05-07 12:00:47,106 - INFO - 正在为时间段 3500-3535 生成异常图可视化
2025-05-07 12:00:47,106 - DEBUG - 创建包含 19 个节点的图结构
2025-05-07 12:00:47,107 - DEBUG - 边统计: 正常边 172 条, 异常边 38 条
2025-05-07 12:00:47,163 - DEBUG - 正在保存可视化结果到 ./visual/omi/neighbor_all/deviation/omi-12/seg_4_3500_3535.png
2025-05-07 12:00:47,373 - INFO - 成功保存时间段 3500-3535 的可视化结果
2025-05-07 12:00:47,373 - INFO - 正在从 ./visual/omi/neighbor_all/deviation/omi-12 中的图像创建GIF
2025-05-07 12:00:47,674 - INFO - GIF已保存到 ./visual/omi/neighbor_all/deviation/omi-12/omi-12.gif
2025-05-07 12:00:47,674 - INFO - 
==================================================
2025-05-07 12:00:47,674 - INFO - 开始数据集可视化: omi-2
2025-05-07 12:00:47,674 - INFO - 使用参数: 评分模式=deviation, all=None, 阈值=3.0
2025-05-07 12:00:47,674 - INFO - ==================================================

2025-05-07 12:00:47,674 - INFO - 正在加载数据集 omi-2 的数据
2025-05-07 12:00:47,675 - INFO - 数据加载成功。训练集形状: (8640, 19), 测试集形状: (4320, 19)
2025-05-07 12:00:47,675 - INFO - 正在计算边缘统计量...
2025-05-07 12:00:50,526 - INFO - 已计算 153 条边的统计量
2025-05-07 12:00:50,526 - INFO - 为每个节点使用所有邻居
2025-05-07 12:00:50,526 - INFO - 可视化结果将保存到: ./visual/omi/neighbor_all/deviation/omi-2
2025-05-07 12:00:50,527 - INFO - 在数据集中发现 4 个异常时间段
2025-05-07 12:00:50,527 - INFO - 
正在处理时间段 1/4: 486-498
2025-05-07 12:00:50,527 - INFO - 该时间段的真实异常节点: {1, 4, 5}
2025-05-07 12:00:50,527 - INFO - 正在计算异常分数...
2025-05-07 12:00:50,538 - INFO - 检测到的异常节点: {1, 4, 5, 6, 7, 8, 9, 10, 11, 12, 13, 14, 15, 16, 17, 18, 19}
2025-05-07 12:00:50,538 - INFO - 正在为时间段 486-498 生成可视化
2025-05-07 12:00:50,538 - INFO - 正在为时间段 486-498 生成异常图可视化
2025-05-07 12:00:50,538 - DEBUG - 创建包含 19 个节点的图结构
2025-05-07 12:00:50,539 - DEBUG - 边统计: 正常边 272 条, 异常边 0 条
2025-05-07 12:00:50,596 - DEBUG - 正在保存可视化结果到 ./visual/omi/neighbor_all/deviation/omi-2/seg_0_486_498.png
2025-05-07 12:00:50,804 - INFO - 成功保存时间段 486-498 的可视化结果
2025-05-07 12:00:50,804 - INFO - 
正在处理时间段 2/4: 740-753
2025-05-07 12:00:50,804 - INFO - 该时间段的真实异常节点: {2}
2025-05-07 12:00:50,804 - INFO - 正在计算异常分数...
2025-05-07 12:00:50,816 - INFO - 检测到的异常节点: {2, 4, 5, 6, 7, 8, 9, 10, 11, 12, 13, 14, 15, 16, 17, 18, 19}
2025-05-07 12:00:50,816 - INFO - 正在为时间段 740-753 生成可视化
2025-05-07 12:00:50,816 - INFO - 正在为时间段 740-753 生成异常图可视化
2025-05-07 12:00:50,816 - DEBUG - 创建包含 19 个节点的图结构
2025-05-07 12:00:50,817 - DEBUG - 边统计: 正常边 268 条, 异常边 4 条
2025-05-07 12:00:50,870 - DEBUG - 正在保存可视化结果到 ./visual/omi/neighbor_all/deviation/omi-2/seg_1_740_753.png
2025-05-07 12:00:51,072 - INFO - 成功保存时间段 740-753 的可视化结果
2025-05-07 12:00:51,072 - INFO - 
正在处理时间段 3/4: 766-783
2025-05-07 12:00:51,073 - INFO - 该时间段的真实异常节点: {1, 5, 6, 7, 8, 9, 10, 11, 12, 13, 14, 15, 16, 17, 18, 19}
2025-05-07 12:00:51,073 - INFO - 正在计算异常分数...
2025-05-07 12:00:51,085 - INFO - 检测到的异常节点: {1, 4, 5, 6, 7, 8, 9, 10, 11, 12, 13, 14, 15, 16, 17, 18, 19}
2025-05-07 12:00:51,085 - INFO - 正在为时间段 766-783 生成可视化
2025-05-07 12:00:51,085 - INFO - 正在为时间段 766-783 生成异常图可视化
2025-05-07 12:00:51,085 - DEBUG - 创建包含 19 个节点的图结构
2025-05-07 12:00:51,086 - DEBUG - 边统计: 正常边 222 条, 异常边 50 条
2025-05-07 12:00:51,140 - DEBUG - 正在保存可视化结果到 ./visual/omi/neighbor_all/deviation/omi-2/seg_2_766_783.png
2025-05-07 12:00:51,348 - INFO - 成功保存时间段 766-783 的可视化结果
2025-05-07 12:00:51,348 - INFO - 
正在处理时间段 4/4: 1436-1445
2025-05-07 12:00:51,348 - INFO - 该时间段的真实异常节点: {7, 9, 10, 11, 12, 13, 14, 15, 16, 17, 18}
2025-05-07 12:00:51,348 - INFO - 正在计算异常分数...
2025-05-07 12:00:51,355 - INFO - 检测到的异常节点: {1, 4, 5, 6, 7, 8, 9, 10, 11, 12, 13, 14, 15, 16, 17, 18, 19}
2025-05-07 12:00:51,355 - INFO - 正在为时间段 1436-1445 生成可视化
2025-05-07 12:00:51,355 - INFO - 正在为时间段 1436-1445 生成异常图可视化
2025-05-07 12:00:51,355 - DEBUG - 创建包含 19 个节点的图结构
2025-05-07 12:00:51,356 - DEBUG - 边统计: 正常边 270 条, 异常边 2 条
2025-05-07 12:00:51,411 - DEBUG - 正在保存可视化结果到 ./visual/omi/neighbor_all/deviation/omi-2/seg_3_1436_1445.png
2025-05-07 12:00:51,614 - INFO - 成功保存时间段 1436-1445 的可视化结果
2025-05-07 12:00:51,614 - INFO - 正在从 ./visual/omi/neighbor_all/deviation/omi-2 中的图像创建GIF
2025-05-07 12:00:51,858 - INFO - GIF已保存到 ./visual/omi/neighbor_all/deviation/omi-2/omi-2.gif
2025-05-07 12:00:51,859 - INFO - 
==================================================
2025-05-07 12:00:51,859 - INFO - 开始数据集可视化: omi-3
2025-05-07 12:00:51,859 - INFO - 使用参数: 评分模式=deviation, all=None, 阈值=7.0
2025-05-07 12:00:51,859 - INFO - ==================================================

2025-05-07 12:00:51,860 - INFO - 正在加载数据集 omi-3 的数据
2025-05-07 12:00:51,861 - INFO - 数据加载成功。训练集形状: (8640, 19), 测试集形状: (4320, 19)
2025-05-07 12:00:51,861 - INFO - 正在计算边缘统计量...
2025-05-07 12:00:54,456 - INFO - 已计算 136 条边的统计量
2025-05-07 12:00:54,456 - INFO - 为每个节点使用所有邻居
2025-05-07 12:00:54,456 - INFO - 可视化结果将保存到: ./visual/omi/neighbor_all/deviation/omi-3
2025-05-07 12:00:54,457 - INFO - 在数据集中发现 6 个异常时间段
2025-05-07 12:00:54,457 - INFO - 
正在处理时间段 1/6: 760-820
2025-05-07 12:00:54,458 - INFO - 该时间段的真实异常节点: {1, 4, 6, 7, 8, 9, 10, 11, 12, 13, 14, 15, 16, 17, 18, 19}
2025-05-07 12:00:54,458 - INFO - 正在计算异常分数...
2025-05-07 12:00:54,517 - INFO - 检测到的异常节点: {1, 4, 5, 6, 7, 8, 9, 10, 11, 12, 13, 14, 15, 16, 17, 18, 19}
2025-05-07 12:00:54,518 - INFO - 正在为时间段 760-820 生成可视化
2025-05-07 12:00:54,518 - INFO - 正在为时间段 760-820 生成异常图可视化
2025-05-07 12:00:54,518 - DEBUG - 创建包含 19 个节点的图结构
2025-05-07 12:00:54,519 - DEBUG - 边统计: 正常边 248 条, 异常边 24 条
2025-05-07 12:00:54,581 - DEBUG - 正在保存可视化结果到 ./visual/omi/neighbor_all/deviation/omi-3/seg_0_760_820.png
2025-05-07 12:00:54,787 - INFO - 成功保存时间段 760-820 的可视化结果
2025-05-07 12:00:54,787 - INFO - 
正在处理时间段 2/6: 842-860
2025-05-07 12:00:54,787 - INFO - 该时间段的真实异常节点: {7, 8, 9, 10, 11, 12, 13, 14, 15, 16, 17, 18, 19}
2025-05-07 12:00:54,787 - INFO - 正在计算异常分数...
2025-05-07 12:00:54,804 - INFO - 检测到的异常节点: {4, 5, 6, 7, 8, 9, 10, 11, 12, 13, 14, 15, 16, 17, 18, 19}
2025-05-07 12:00:54,804 - INFO - 正在为时间段 842-860 生成可视化
2025-05-07 12:00:54,804 - INFO - 正在为时间段 842-860 生成异常图可视化
2025-05-07 12:00:54,804 - DEBUG - 创建包含 19 个节点的图结构
2025-05-07 12:00:54,805 - DEBUG - 边统计: 正常边 224 条, 异常边 16 条
2025-05-07 12:00:54,860 - DEBUG - 正在保存可视化结果到 ./visual/omi/neighbor_all/deviation/omi-3/seg_1_842_860.png
2025-05-07 12:00:55,059 - INFO - 成功保存时间段 842-860 的可视化结果
2025-05-07 12:00:55,059 - INFO - 
正在处理时间段 3/6: 1080-1120
2025-05-07 12:00:55,059 - INFO - 该时间段的真实异常节点: {7, 9, 10, 11, 12, 13, 14, 15, 16, 17, 18}
2025-05-07 12:00:55,059 - INFO - 正在计算异常分数...
2025-05-07 12:00:55,101 - INFO - 检测到的异常节点: {1, 4, 5, 6, 7, 8, 9, 10, 11, 12, 13, 14, 15, 16, 17, 18, 19}
2025-05-07 12:00:55,101 - INFO - 正在为时间段 1080-1120 生成可视化
2025-05-07 12:00:55,101 - INFO - 正在为时间段 1080-1120 生成异常图可视化
2025-05-07 12:00:55,102 - DEBUG - 创建包含 19 个节点的图结构
2025-05-07 12:00:55,103 - DEBUG - 边统计: 正常边 272 条, 异常边 0 条
2025-05-07 12:00:55,249 - DEBUG - 正在保存可视化结果到 ./visual/omi/neighbor_all/deviation/omi-3/seg_2_1080_1120.png
2025-05-07 12:00:55,454 - INFO - 成功保存时间段 1080-1120 的可视化结果
2025-05-07 12:00:55,454 - INFO - 
正在处理时间段 4/6: 2188-2201
2025-05-07 12:00:55,454 - INFO - 该时间段的真实异常节点: {7, 9, 10, 11, 12, 13, 14, 15, 16, 17, 18, 19}
2025-05-07 12:00:55,454 - INFO - 正在计算异常分数...
2025-05-07 12:00:55,465 - INFO - 检测到的异常节点: {1, 4, 5, 6, 7, 8, 9, 10, 11, 12, 13, 14, 15, 16, 17, 18, 19}
2025-05-07 12:00:55,465 - INFO - 正在为时间段 2188-2201 生成可视化
2025-05-07 12:00:55,465 - INFO - 正在为时间段 2188-2201 生成异常图可视化
2025-05-07 12:00:55,465 - DEBUG - 创建包含 19 个节点的图结构
2025-05-07 12:00:55,466 - DEBUG - 边统计: 正常边 258 条, 异常边 14 条
2025-05-07 12:00:55,520 - DEBUG - 正在保存可视化结果到 ./visual/omi/neighbor_all/deviation/omi-3/seg_3_2188_2201.png
2025-05-07 12:00:55,727 - INFO - 成功保存时间段 2188-2201 的可视化结果
2025-05-07 12:00:55,727 - INFO - 
正在处理时间段 5/6: 2497-2500
2025-05-07 12:00:55,727 - INFO - 该时间段的真实异常节点: {6, 7, 9, 10, 11, 12, 13, 14, 15, 16, 17, 18, 19}
2025-05-07 12:00:55,727 - INFO - 正在计算异常分数...
2025-05-07 12:00:55,727 - INFO - 检测到的异常节点: set()
2025-05-07 12:00:55,727 - INFO - 正在为时间段 2497-2500 生成可视化
2025-05-07 12:00:55,727 - INFO - 正在为时间段 2497-2500 生成异常图可视化
2025-05-07 12:00:55,727 - DEBUG - 创建包含 19 个节点的图结构
2025-05-07 12:00:55,728 - DEBUG - 边统计: 正常边 208 条, 异常边 2 条
2025-05-07 12:00:55,784 - DEBUG - 正在保存可视化结果到 ./visual/omi/neighbor_all/deviation/omi-3/seg_4_2497_2500.png
2025-05-07 12:00:55,985 - INFO - 成功保存时间段 2497-2500 的可视化结果
2025-05-07 12:00:55,986 - INFO - 
正在处理时间段 6/6: 3428-3434
2025-05-07 12:00:55,986 - INFO - 该时间段的真实异常节点: {7, 8, 9, 10, 11, 12, 13, 14, 15, 16, 17, 18, 19}
2025-05-07 12:00:55,986 - INFO - 正在计算异常分数...
2025-05-07 12:00:55,989 - INFO - 检测到的异常节点: {1, 4, 5, 6, 7, 8, 9, 10, 11, 12, 13, 14, 15, 16, 17, 18, 19}
2025-05-07 12:00:55,989 - INFO - 正在为时间段 3428-3434 生成可视化
2025-05-07 12:00:55,990 - INFO - 正在为时间段 3428-3434 生成异常图可视化
2025-05-07 12:00:55,990 - DEBUG - 创建包含 19 个节点的图结构
2025-05-07 12:00:55,991 - DEBUG - 边统计: 正常边 270 条, 异常边 2 条
2025-05-07 12:00:56,044 - DEBUG - 正在保存可视化结果到 ./visual/omi/neighbor_all/deviation/omi-3/seg_5_3428_3434.png
2025-05-07 12:00:56,284 - INFO - 成功保存时间段 3428-3434 的可视化结果
2025-05-07 12:00:56,284 - INFO - 正在从 ./visual/omi/neighbor_all/deviation/omi-3 中的图像创建GIF
2025-05-07 12:00:56,642 - INFO - GIF已保存到 ./visual/omi/neighbor_all/deviation/omi-3/omi-3.gif
2025-05-07 12:00:56,643 - INFO - 
==================================================
2025-05-07 12:00:56,643 - INFO - 开始数据集可视化: omi-4
2025-05-07 12:00:56,643 - INFO - 使用参数: 评分模式=deviation, all=None, 阈值=1.5
2025-05-07 12:00:56,643 - INFO - ==================================================

2025-05-07 12:00:56,643 - INFO - 正在加载数据集 omi-4 的数据
2025-05-07 12:00:56,644 - INFO - 数据加载成功。训练集形状: (8640, 19), 测试集形状: (4320, 19)
2025-05-07 12:00:56,644 - INFO - 正在计算边缘统计量...
2025-05-07 12:00:59,268 - INFO - 已计算 136 条边的统计量
2025-05-07 12:00:59,269 - INFO - 为每个节点使用所有邻居
2025-05-07 12:00:59,269 - INFO - 可视化结果将保存到: ./visual/omi/neighbor_all/deviation/omi-4
2025-05-07 12:00:59,269 - INFO - 在数据集中发现 5 个异常时间段
2025-05-07 12:00:59,270 - INFO - 
正在处理时间段 1/5: 727-782
2025-05-07 12:00:59,270 - INFO - 该时间段的真实异常节点: {1, 2, 6, 7, 8, 9, 10, 11, 12, 13, 14, 15, 16, 17, 18, 19}
2025-05-07 12:00:59,270 - INFO - 正在计算异常分数...
2025-05-07 12:00:59,321 - INFO - 检测到的异常节点: {1, 4, 5, 6, 7, 8, 9, 10, 11, 12, 13, 14, 15, 16, 17, 18, 19}
2025-05-07 12:00:59,321 - INFO - 正在为时间段 727-782 生成可视化
2025-05-07 12:00:59,321 - INFO - 正在为时间段 727-782 生成异常图可视化
2025-05-07 12:00:59,322 - DEBUG - 创建包含 19 个节点的图结构
2025-05-07 12:00:59,322 - DEBUG - 边统计: 正常边 240 条, 异常边 32 条
2025-05-07 12:00:59,378 - DEBUG - 正在保存可视化结果到 ./visual/omi/neighbor_all/deviation/omi-4/seg_0_727_782.png
2025-05-07 12:00:59,583 - INFO - 成功保存时间段 727-782 的可视化结果
2025-05-07 12:00:59,583 - INFO - 
正在处理时间段 2/5: 843-857
2025-05-07 12:00:59,583 - INFO - 该时间段的真实异常节点: {6, 7, 8, 9, 10, 11, 12, 13, 14, 15, 16, 17, 18, 19}
2025-05-07 12:00:59,583 - INFO - 正在计算异常分数...
2025-05-07 12:00:59,595 - INFO - 检测到的异常节点: {4, 5, 6, 7, 8, 9, 10, 11, 12, 13, 14, 15, 16, 17, 18, 19}
2025-05-07 12:00:59,595 - INFO - 正在为时间段 843-857 生成可视化
2025-05-07 12:00:59,595 - INFO - 正在为时间段 843-857 生成异常图可视化
2025-05-07 12:00:59,596 - DEBUG - 创建包含 19 个节点的图结构
2025-05-07 12:00:59,596 - DEBUG - 边统计: 正常边 236 条, 异常边 4 条
2025-05-07 12:00:59,653 - DEBUG - 正在保存可视化结果到 ./visual/omi/neighbor_all/deviation/omi-4/seg_1_843_857.png
2025-05-07 12:00:59,854 - INFO - 成功保存时间段 843-857 的可视化结果
2025-05-07 12:00:59,854 - INFO - 
正在处理时间段 3/5: 2178-2238
2025-05-07 12:00:59,855 - INFO - 该时间段的真实异常节点: {8, 9, 10, 11, 12, 13, 14, 15, 16, 17, 18, 19}
2025-05-07 12:00:59,855 - INFO - 正在计算异常分数...
2025-05-07 12:00:59,911 - INFO - 检测到的异常节点: {1, 4, 5, 6, 7, 8, 9, 10, 11, 12, 13, 14, 15, 16, 17, 18, 19}
2025-05-07 12:00:59,911 - INFO - 正在为时间段 2178-2238 生成可视化
2025-05-07 12:00:59,911 - INFO - 正在为时间段 2178-2238 生成异常图可视化
2025-05-07 12:00:59,911 - DEBUG - 创建包含 19 个节点的图结构
2025-05-07 12:00:59,912 - DEBUG - 边统计: 正常边 272 条, 异常边 0 条
2025-05-07 12:00:59,968 - DEBUG - 正在保存可视化结果到 ./visual/omi/neighbor_all/deviation/omi-4/seg_2_2178_2238.png
2025-05-07 12:01:00,170 - INFO - 成功保存时间段 2178-2238 的可视化结果
2025-05-07 12:01:00,170 - INFO - 
正在处理时间段 4/5: 2494-2501
2025-05-07 12:01:00,170 - INFO - 该时间段的真实异常节点: {7, 9, 10, 11, 12, 13, 14, 15, 16, 17, 18, 19}
2025-05-07 12:01:00,170 - INFO - 正在计算异常分数...
2025-05-07 12:01:00,175 - INFO - 检测到的异常节点: {4, 5, 6, 7, 8, 9, 10, 11, 12, 13, 14, 15, 16, 17, 18, 19}
2025-05-07 12:01:00,175 - INFO - 正在为时间段 2494-2501 生成可视化
2025-05-07 12:01:00,175 - INFO - 正在为时间段 2494-2501 生成异常图可视化
2025-05-07 12:01:00,175 - DEBUG - 创建包含 19 个节点的图结构
2025-05-07 12:01:00,176 - DEBUG - 边统计: 正常边 218 条, 异常边 22 条
2025-05-07 12:01:00,230 - DEBUG - 正在保存可视化结果到 ./visual/omi/neighbor_all/deviation/omi-4/seg_3_2494_2501.png
2025-05-07 12:01:00,427 - INFO - 成功保存时间段 2494-2501 的可视化结果
2025-05-07 12:01:00,427 - INFO - 
正在处理时间段 5/5: 3425-3435
2025-05-07 12:01:00,427 - INFO - 该时间段的真实异常节点: {7, 8, 9, 10, 11, 12, 13, 14, 15, 16, 17, 18, 19}
2025-05-07 12:01:00,427 - INFO - 正在计算异常分数...
2025-05-07 12:01:00,435 - INFO - 检测到的异常节点: {1, 4, 5, 6, 7, 8, 9, 10, 11, 12, 13, 14, 15, 16, 17, 18, 19}
2025-05-07 12:01:00,435 - INFO - 正在为时间段 3425-3435 生成可视化
2025-05-07 12:01:00,435 - INFO - 正在为时间段 3425-3435 生成异常图可视化
2025-05-07 12:01:00,435 - DEBUG - 创建包含 19 个节点的图结构
2025-05-07 12:01:00,436 - DEBUG - 边统计: 正常边 252 条, 异常边 20 条
2025-05-07 12:01:00,489 - DEBUG - 正在保存可视化结果到 ./visual/omi/neighbor_all/deviation/omi-4/seg_4_3425_3435.png
2025-05-07 12:01:00,690 - INFO - 成功保存时间段 3425-3435 的可视化结果
2025-05-07 12:01:00,690 - INFO - 正在从 ./visual/omi/neighbor_all/deviation/omi-4 中的图像创建GIF
2025-05-07 12:01:00,980 - INFO - GIF已保存到 ./visual/omi/neighbor_all/deviation/omi-4/omi-4.gif
2025-05-07 12:01:00,980 - INFO - 
==================================================
2025-05-07 12:01:00,981 - INFO - 开始数据集可视化: omi-5
2025-05-07 12:01:00,981 - INFO - 使用参数: 评分模式=deviation, all=None, 阈值=7.0
2025-05-07 12:01:00,981 - INFO - ==================================================

2025-05-07 12:01:00,981 - INFO - 正在加载数据集 omi-5 的数据
2025-05-07 12:01:00,981 - INFO - 数据加载成功。训练集形状: (8640, 19), 测试集形状: (4320, 19)
2025-05-07 12:01:00,981 - INFO - 正在计算边缘统计量...
2025-05-07 12:01:03,799 - INFO - 已计算 153 条边的统计量
2025-05-07 12:01:03,800 - INFO - 为每个节点使用所有邻居
2025-05-07 12:01:03,800 - INFO - 可视化结果将保存到: ./visual/omi/neighbor_all/deviation/omi-5
2025-05-07 12:01:03,801 - INFO - 在数据集中发现 6 个异常时间段
2025-05-07 12:01:03,801 - INFO - 
正在处理时间段 1/6: 765-781
2025-05-07 12:01:03,801 - INFO - 该时间段的真实异常节点: {6, 7, 8, 9, 10, 11, 12, 13, 14, 15, 16, 17, 18, 19}
2025-05-07 12:01:03,801 - INFO - 正在计算异常分数...
2025-05-07 12:01:03,812 - INFO - 检测到的异常节点: {1, 2, 4, 5, 6, 7, 8, 9, 10, 11, 12, 13, 14, 15, 16, 17, 18, 19}
2025-05-07 12:01:03,812 - INFO - 正在为时间段 765-781 生成可视化
2025-05-07 12:01:03,812 - INFO - 正在为时间段 765-781 生成异常图可视化
2025-05-07 12:01:03,812 - DEBUG - 创建包含 19 个节点的图结构
2025-05-07 12:01:03,813 - DEBUG - 边统计: 正常边 214 条, 异常边 92 条
2025-05-07 12:01:03,867 - DEBUG - 正在保存可视化结果到 ./visual/omi/neighbor_all/deviation/omi-5/seg_0_765_781.png
2025-05-07 12:01:04,081 - INFO - 成功保存时间段 765-781 的可视化结果
2025-05-07 12:01:04,081 - INFO - 
正在处理时间段 2/6: 1589-1617
2025-05-07 12:01:04,081 - INFO - 该时间段的真实异常节点: {17, 2, 4}
2025-05-07 12:01:04,081 - INFO - 正在计算异常分数...
2025-05-07 12:01:04,111 - INFO - 检测到的异常节点: {1, 2, 4, 5, 6, 7, 8, 9, 10, 11, 12, 13, 14, 15, 16, 17, 18, 19}
2025-05-07 12:01:04,111 - INFO - 正在为时间段 1589-1617 生成可视化
2025-05-07 12:01:04,112 - INFO - 正在为时间段 1589-1617 生成异常图可视化
2025-05-07 12:01:04,112 - DEBUG - 创建包含 19 个节点的图结构
2025-05-07 12:01:04,113 - DEBUG - 边统计: 正常边 270 条, 异常边 36 条
2025-05-07 12:01:04,165 - DEBUG - 正在保存可视化结果到 ./visual/omi/neighbor_all/deviation/omi-5/seg_1_1589_1617.png
2025-05-07 12:01:04,381 - INFO - 成功保存时间段 1589-1617 的可视化结果
2025-05-07 12:01:04,382 - INFO - 
正在处理时间段 3/6: 2440-2446
2025-05-07 12:01:04,382 - INFO - 该时间段的真实异常节点: {8, 11, 12, 13, 14, 15, 16, 17, 18, 19}
2025-05-07 12:01:04,382 - INFO - 正在计算异常分数...
2025-05-07 12:01:04,386 - INFO - 检测到的异常节点: {1, 2, 4, 5, 6, 7, 8, 9, 10, 11, 12, 13, 14, 15, 16, 17, 18, 19}
2025-05-07 12:01:04,386 - INFO - 正在为时间段 2440-2446 生成可视化
2025-05-07 12:01:04,386 - INFO - 正在为时间段 2440-2446 生成异常图可视化
2025-05-07 12:01:04,386 - DEBUG - 创建包含 19 个节点的图结构
2025-05-07 12:01:04,387 - DEBUG - 边统计: 正常边 246 条, 异常边 60 条
2025-05-07 12:01:04,514 - DEBUG - 正在保存可视化结果到 ./visual/omi/neighbor_all/deviation/omi-5/seg_2_2440_2446.png
2025-05-07 12:01:04,726 - INFO - 成功保存时间段 2440-2446 的可视化结果
2025-05-07 12:01:04,726 - INFO - 
正在处理时间段 4/6: 3356-3363
2025-05-07 12:01:04,726 - INFO - 该时间段的真实异常节点: {17, 5, 6}
2025-05-07 12:01:04,727 - INFO - 正在计算异常分数...
2025-05-07 12:01:04,732 - INFO - 检测到的异常节点: {1, 2, 4, 5, 6, 7, 8, 9, 10, 11, 12, 13, 14, 15, 16, 17, 18, 19}
2025-05-07 12:01:04,732 - INFO - 正在为时间段 3356-3363 生成可视化
2025-05-07 12:01:04,732 - INFO - 正在为时间段 3356-3363 生成异常图可视化
2025-05-07 12:01:04,732 - DEBUG - 创建包含 19 个节点的图结构
2025-05-07 12:01:04,733 - DEBUG - 边统计: 正常边 260 条, 异常边 46 条
2025-05-07 12:01:04,785 - DEBUG - 正在保存可视化结果到 ./visual/omi/neighbor_all/deviation/omi-5/seg_3_3356_3363.png
2025-05-07 12:01:04,995 - INFO - 成功保存时间段 3356-3363 的可视化结果
2025-05-07 12:01:04,995 - INFO - 
正在处理时间段 5/6: 3416-3423
2025-05-07 12:01:04,995 - INFO - 该时间段的真实异常节点: {4, 5, 7, 9, 10, 11, 12, 13, 14, 15, 16, 17, 18, 19}
2025-05-07 12:01:04,995 - INFO - 正在计算异常分数...
2025-05-07 12:01:05,000 - INFO - 检测到的异常节点: {1, 2, 4, 5, 6, 7, 8, 9, 10, 11, 12, 13, 14, 15, 16, 17, 18, 19}
2025-05-07 12:01:05,000 - INFO - 正在为时间段 3416-3423 生成可视化
2025-05-07 12:01:05,000 - INFO - 正在为时间段 3416-3423 生成异常图可视化
2025-05-07 12:01:05,001 - DEBUG - 创建包含 19 个节点的图结构
2025-05-07 12:01:05,001 - DEBUG - 边统计: 正常边 294 条, 异常边 12 条
2025-05-07 12:01:05,053 - DEBUG - 正在保存可视化结果到 ./visual/omi/neighbor_all/deviation/omi-5/seg_4_3416_3423.png
2025-05-07 12:01:05,261 - INFO - 成功保存时间段 3416-3423 的可视化结果
2025-05-07 12:01:05,261 - INFO - 
正在处理时间段 6/6: 3590-3594
2025-05-07 12:01:05,261 - INFO - 该时间段的真实异常节点: {1, 8, 17, 18, 19}
2025-05-07 12:01:05,261 - INFO - 正在计算异常分数...
2025-05-07 12:01:05,262 - INFO - 检测到的异常节点: {1, 2, 5, 6, 7, 9, 17, 18}
2025-05-07 12:01:05,262 - INFO - 正在为时间段 3590-3594 生成可视化
2025-05-07 12:01:05,262 - INFO - 正在为时间段 3590-3594 生成异常图可视化
2025-05-07 12:01:05,263 - DEBUG - 创建包含 19 个节点的图结构
2025-05-07 12:01:05,264 - DEBUG - 边统计: 正常边 232 条, 异常边 74 条
2025-05-07 12:01:05,316 - DEBUG - 正在保存可视化结果到 ./visual/omi/neighbor_all/deviation/omi-5/seg_5_3590_3594.png
2025-05-07 12:01:05,532 - INFO - 成功保存时间段 3590-3594 的可视化结果
2025-05-07 12:01:05,532 - INFO - 正在从 ./visual/omi/neighbor_all/deviation/omi-5 中的图像创建GIF
2025-05-07 12:01:05,882 - INFO - GIF已保存到 ./visual/omi/neighbor_all/deviation/omi-5/omi-5.gif
2025-05-07 12:01:05,883 - INFO - 
==================================================
2025-05-07 12:01:05,883 - INFO - 开始数据集可视化: omi-6
2025-05-07 12:01:05,883 - INFO - 使用参数: 评分模式=deviation, all=None, 阈值=4.5
2025-05-07 12:01:05,883 - INFO - ==================================================

2025-05-07 12:01:05,883 - INFO - 正在加载数据集 omi-6 的数据
2025-05-07 12:01:05,884 - INFO - 数据加载成功。训练集形状: (8640, 19), 测试集形状: (4320, 19)
2025-05-07 12:01:05,884 - INFO - 正在计算边缘统计量...
2025-05-07 12:01:08,499 - INFO - 已计算 153 条边的统计量
2025-05-07 12:01:08,499 - INFO - 为每个节点使用所有邻居
2025-05-07 12:01:08,499 - INFO - 可视化结果将保存到: ./visual/omi/neighbor_all/deviation/omi-6
2025-05-07 12:01:08,500 - INFO - 在数据集中发现 10 个异常时间段
2025-05-07 12:01:08,500 - INFO - 
正在处理时间段 1/10: 357-392
2025-05-07 12:01:08,500 - INFO - 该时间段的真实异常节点: {19, 4}
2025-05-07 12:01:08,500 - INFO - 正在计算异常分数...
2025-05-07 12:01:08,533 - INFO - 检测到的异常节点: {1, 4, 5, 6, 7, 8, 9, 10, 11, 12, 13, 14, 15, 16, 17, 18, 19}
2025-05-07 12:01:08,533 - INFO - 正在为时间段 357-392 生成可视化
2025-05-07 12:01:08,533 - INFO - 正在为时间段 357-392 生成异常图可视化
2025-05-07 12:01:08,534 - DEBUG - 创建包含 19 个节点的图结构
2025-05-07 12:01:08,535 - DEBUG - 边统计: 正常边 254 条, 异常边 18 条
2025-05-07 12:01:08,590 - DEBUG - 正在保存可视化结果到 ./visual/omi/neighbor_all/deviation/omi-6/seg_0_357_392.png
2025-05-07 12:01:08,810 - INFO - 成功保存时间段 357-392 的可视化结果
2025-05-07 12:01:08,811 - INFO - 
正在处理时间段 2/10: 750-788
2025-05-07 12:01:08,811 - INFO - 该时间段的真实异常节点: {2, 6, 7, 8, 9, 10, 11, 12, 13, 14, 15, 16, 17, 18, 19}
2025-05-07 12:01:08,811 - INFO - 正在计算异常分数...
2025-05-07 12:01:08,847 - INFO - 检测到的异常节点: {1, 4, 5, 6, 7, 8, 9, 10, 11, 12, 13, 14, 15, 16, 17, 18, 19}
2025-05-07 12:01:08,847 - INFO - 正在为时间段 750-788 生成可视化
2025-05-07 12:01:08,847 - INFO - 正在为时间段 750-788 生成异常图可视化
2025-05-07 12:01:08,847 - DEBUG - 创建包含 19 个节点的图结构
2025-05-07 12:01:08,848 - DEBUG - 边统计: 正常边 184 条, 异常边 88 条
2025-05-07 12:01:08,907 - DEBUG - 正在保存可视化结果到 ./visual/omi/neighbor_all/deviation/omi-6/seg_1_750_788.png
2025-05-07 12:01:09,116 - INFO - 成功保存时间段 750-788 的可视化结果
2025-05-07 12:01:09,116 - INFO - 
正在处理时间段 3/10: 1278-1293
2025-05-07 12:01:09,116 - INFO - 该时间段的真实异常节点: {4, 5, 6, 8, 17}
2025-05-07 12:01:09,116 - INFO - 正在计算异常分数...
2025-05-07 12:01:09,129 - INFO - 检测到的异常节点: {1, 4, 5, 6, 7, 8, 9, 10, 11, 12, 13, 14, 15, 16, 17, 18, 19}
2025-05-07 12:01:09,129 - INFO - 正在为时间段 1278-1293 生成可视化
2025-05-07 12:01:09,129 - INFO - 正在为时间段 1278-1293 生成异常图可视化
2025-05-07 12:01:09,129 - DEBUG - 创建包含 19 个节点的图结构
2025-05-07 12:01:09,130 - DEBUG - 边统计: 正常边 270 条, 异常边 2 条
2025-05-07 12:01:09,186 - DEBUG - 正在保存可视化结果到 ./visual/omi/neighbor_all/deviation/omi-6/seg_2_1278_1293.png
2025-05-07 12:01:09,390 - INFO - 成功保存时间段 1278-1293 的可视化结果
2025-05-07 12:01:09,390 - INFO - 
正在处理时间段 4/10: 1590-1615
2025-05-07 12:01:09,390 - INFO - 该时间段的真实异常节点: {1, 18, 9}
2025-05-07 12:01:09,390 - INFO - 正在计算异常分数...
2025-05-07 12:01:09,413 - INFO - 检测到的异常节点: {1, 4, 5, 6, 7, 8, 9, 10, 11, 12, 13, 14, 15, 16, 17, 18, 19}
2025-05-07 12:01:09,413 - INFO - 正在为时间段 1590-1615 生成可视化
2025-05-07 12:01:09,413 - INFO - 正在为时间段 1590-1615 生成异常图可视化
2025-05-07 12:01:09,414 - DEBUG - 创建包含 19 个节点的图结构
2025-05-07 12:01:09,415 - DEBUG - 边统计: 正常边 272 条, 异常边 0 条
2025-05-07 12:01:09,469 - DEBUG - 正在保存可视化结果到 ./visual/omi/neighbor_all/deviation/omi-6/seg_3_1590_1615.png
2025-05-07 12:01:09,674 - INFO - 成功保存时间段 1590-1615 的可视化结果
2025-05-07 12:01:09,674 - INFO - 
正在处理时间段 5/10: 2592-2604
2025-05-07 12:01:09,674 - INFO - 该时间段的真实异常节点: {9, 4, 6}
2025-05-07 12:01:09,674 - INFO - 正在计算异常分数...
2025-05-07 12:01:09,684 - INFO - 检测到的异常节点: {4, 5, 6, 7, 8, 9, 10, 11, 12, 13, 14, 15, 16, 17, 18, 19}
2025-05-07 12:01:09,684 - INFO - 正在为时间段 2592-2604 生成可视化
2025-05-07 12:01:09,684 - INFO - 正在为时间段 2592-2604 生成异常图可视化
2025-05-07 12:01:09,685 - DEBUG - 创建包含 19 个节点的图结构
2025-05-07 12:01:09,686 - DEBUG - 边统计: 正常边 236 条, 异常边 4 条
2025-05-07 12:01:09,742 - DEBUG - 正在保存可视化结果到 ./visual/omi/neighbor_all/deviation/omi-6/seg_4_2592_2604.png
2025-05-07 12:01:09,942 - INFO - 成功保存时间段 2592-2604 的可视化结果
2025-05-07 12:01:09,942 - INFO - 
正在处理时间段 6/10: 2734-2765
2025-05-07 12:01:09,942 - INFO - 该时间段的真实异常节点: {8, 19, 4, 6}
2025-05-07 12:01:09,942 - INFO - 正在计算异常分数...
2025-05-07 12:01:09,973 - INFO - 检测到的异常节点: {1, 4, 5, 6, 7, 8, 9, 10, 11, 12, 13, 14, 15, 16, 17, 18, 19}
2025-05-07 12:01:09,973 - INFO - 正在为时间段 2734-2765 生成可视化
2025-05-07 12:01:09,973 - INFO - 正在为时间段 2734-2765 生成异常图可视化
2025-05-07 12:01:09,973 - DEBUG - 创建包含 19 个节点的图结构
2025-05-07 12:01:09,974 - DEBUG - 边统计: 正常边 270 条, 异常边 2 条
2025-05-07 12:01:10,027 - DEBUG - 正在保存可视化结果到 ./visual/omi/neighbor_all/deviation/omi-6/seg_5_2734_2765.png
2025-05-07 12:01:10,227 - INFO - 成功保存时间段 2734-2765 的可视化结果
2025-05-07 12:01:10,227 - INFO - 
正在处理时间段 7/10: 3066-3072
2025-05-07 12:01:10,227 - INFO - 该时间段的真实异常节点: {19, 4, 6}
2025-05-07 12:01:10,227 - INFO - 正在计算异常分数...
2025-05-07 12:01:10,230 - INFO - 检测到的异常节点: {1, 4, 5, 6, 7, 8, 9, 10, 11, 12, 13, 14, 15, 16, 17, 18, 19}
2025-05-07 12:01:10,230 - INFO - 正在为时间段 3066-3072 生成可视化
2025-05-07 12:01:10,230 - INFO - 正在为时间段 3066-3072 生成异常图可视化
2025-05-07 12:01:10,231 - DEBUG - 创建包含 19 个节点的图结构
2025-05-07 12:01:10,232 - DEBUG - 边统计: 正常边 230 条, 异常边 42 条
2025-05-07 12:01:10,284 - DEBUG - 正在保存可视化结果到 ./visual/omi/neighbor_all/deviation/omi-6/seg_6_3066_3072.png
2025-05-07 12:01:10,487 - INFO - 成功保存时间段 3066-3072 的可视化结果
2025-05-07 12:01:10,487 - INFO - 
正在处理时间段 8/10: 3596-3605
2025-05-07 12:01:10,487 - INFO - 该时间段的真实异常节点: {19, 4, 5, 6}
2025-05-07 12:01:10,487 - INFO - 正在计算异常分数...
2025-05-07 12:01:10,494 - INFO - 检测到的异常节点: {1, 4, 5, 6, 7, 8, 9, 10, 11, 12, 13, 14, 15, 16, 17, 18, 19}
2025-05-07 12:01:10,494 - INFO - 正在为时间段 3596-3605 生成可视化
2025-05-07 12:01:10,494 - INFO - 正在为时间段 3596-3605 生成异常图可视化
2025-05-07 12:01:10,494 - DEBUG - 创建包含 19 个节点的图结构
2025-05-07 12:01:10,495 - DEBUG - 边统计: 正常边 272 条, 异常边 0 条
2025-05-07 12:01:10,548 - DEBUG - 正在保存可视化结果到 ./visual/omi/neighbor_all/deviation/omi-6/seg_7_3596_3605.png
2025-05-07 12:01:10,751 - INFO - 成功保存时间段 3596-3605 的可视化结果
2025-05-07 12:01:10,751 - INFO - 
正在处理时间段 9/10: 3610-3622
2025-05-07 12:01:10,751 - INFO - 该时间段的真实异常节点: {1, 4, 5}
2025-05-07 12:01:10,751 - INFO - 正在计算异常分数...
2025-05-07 12:01:10,761 - INFO - 检测到的异常节点: {1, 4, 5, 6, 7, 8, 9, 10, 11, 12, 13, 14, 15, 16, 17, 18, 19}
2025-05-07 12:01:10,761 - INFO - 正在为时间段 3610-3622 生成可视化
2025-05-07 12:01:10,761 - INFO - 正在为时间段 3610-3622 生成异常图可视化
2025-05-07 12:01:10,762 - DEBUG - 创建包含 19 个节点的图结构
2025-05-07 12:01:10,762 - DEBUG - 边统计: 正常边 272 条, 异常边 0 条
2025-05-07 12:01:10,933 - DEBUG - 正在保存可视化结果到 ./visual/omi/neighbor_all/deviation/omi-6/seg_8_3610_3622.png
2025-05-07 12:01:11,138 - INFO - 成功保存时间段 3610-3622 的可视化结果
2025-05-07 12:01:11,138 - INFO - 
正在处理时间段 10/10: 4159-4164
2025-05-07 12:01:11,138 - INFO - 该时间段的真实异常节点: {4, 5}
2025-05-07 12:01:11,138 - INFO - 正在计算异常分数...
2025-05-07 12:01:11,141 - INFO - 检测到的异常节点: {1, 4, 5, 6, 7, 8, 9, 10, 11, 12, 13, 14, 15, 16, 17, 18, 19}
2025-05-07 12:01:11,141 - INFO - 正在为时间段 4159-4164 生成可视化
2025-05-07 12:01:11,141 - INFO - 正在为时间段 4159-4164 生成异常图可视化
2025-05-07 12:01:11,141 - DEBUG - 创建包含 19 个节点的图结构
2025-05-07 12:01:11,142 - DEBUG - 边统计: 正常边 248 条, 异常边 24 条
2025-05-07 12:01:11,196 - DEBUG - 正在保存可视化结果到 ./visual/omi/neighbor_all/deviation/omi-6/seg_9_4159_4164.png
2025-05-07 12:01:11,397 - INFO - 成功保存时间段 4159-4164 的可视化结果
2025-05-07 12:01:11,397 - INFO - 正在从 ./visual/omi/neighbor_all/deviation/omi-6 中的图像创建GIF
2025-05-07 12:01:11,986 - INFO - GIF已保存到 ./visual/omi/neighbor_all/deviation/omi-6/omi-6.gif
2025-05-07 12:01:11,986 - INFO - 
==================================================
2025-05-07 12:01:11,987 - INFO - 开始数据集可视化: omi-7
2025-05-07 12:01:11,987 - INFO - 使用参数: 评分模式=deviation, all=None, 阈值=2.5
2025-05-07 12:01:11,987 - INFO - ==================================================

2025-05-07 12:01:11,987 - INFO - 正在加载数据集 omi-7 的数据
2025-05-07 12:01:11,987 - INFO - 数据加载成功。训练集形状: (8640, 19), 测试集形状: (4320, 19)
2025-05-07 12:01:11,988 - INFO - 正在计算边缘统计量...
2025-05-07 12:01:14,448 - INFO - 已计算 136 条边的统计量
2025-05-07 12:01:14,448 - INFO - 为每个节点使用所有邻居
2025-05-07 12:01:14,448 - INFO - 可视化结果将保存到: ./visual/omi/neighbor_all/deviation/omi-7
2025-05-07 12:01:14,449 - INFO - 在数据集中发现 3 个异常时间段
2025-05-07 12:01:14,449 - INFO - 
正在处理时间段 1/3: 738-778
2025-05-07 12:01:14,449 - INFO - 该时间段的真实异常节点: {1, 2, 4, 6, 7, 8, 9, 10, 11, 12, 13, 14, 15, 16, 17, 18, 19}
2025-05-07 12:01:14,449 - INFO - 正在计算异常分数...
2025-05-07 12:01:14,483 - INFO - 检测到的异常节点: {1, 4, 5, 6, 7, 8, 9, 10, 11, 12, 13, 14, 15, 16, 17, 18, 19}
2025-05-07 12:01:14,483 - INFO - 正在为时间段 738-778 生成可视化
2025-05-07 12:01:14,483 - INFO - 正在为时间段 738-778 生成异常图可视化
2025-05-07 12:01:14,483 - DEBUG - 创建包含 19 个节点的图结构
2025-05-07 12:01:14,484 - DEBUG - 边统计: 正常边 166 条, 异常边 106 条
2025-05-07 12:01:14,538 - DEBUG - 正在保存可视化结果到 ./visual/omi/neighbor_all/deviation/omi-7/seg_0_738_778.png
2025-05-07 12:01:14,742 - INFO - 成功保存时间段 738-778 的可视化结果
2025-05-07 12:01:14,742 - INFO - 
正在处理时间段 2/3: 1625-1660
2025-05-07 12:01:14,742 - INFO - 该时间段的真实异常节点: {7, 10, 11, 12, 13, 14, 15, 16, 17, 18, 19}
2025-05-07 12:01:14,742 - INFO - 正在计算异常分数...
2025-05-07 12:01:14,772 - INFO - 检测到的异常节点: {5, 7, 8, 9, 10, 11, 12, 13, 14, 15, 16, 17, 18, 19}
2025-05-07 12:01:14,772 - INFO - 正在为时间段 1625-1660 生成可视化
2025-05-07 12:01:14,772 - INFO - 正在为时间段 1625-1660 生成异常图可视化
2025-05-07 12:01:14,772 - DEBUG - 创建包含 19 个节点的图结构
2025-05-07 12:01:14,773 - DEBUG - 边统计: 正常边 130 条, 异常边 52 条
2025-05-07 12:01:14,824 - DEBUG - 正在保存可视化结果到 ./visual/omi/neighbor_all/deviation/omi-7/seg_1_1625_1660.png
2025-05-07 12:01:15,024 - INFO - 成功保存时间段 1625-1660 的可视化结果
2025-05-07 12:01:15,024 - INFO - 
正在处理时间段 3/3: 3311-3320
2025-05-07 12:01:15,024 - INFO - 该时间段的真实异常节点: {7, 10, 11, 12, 13, 14, 15, 16, 17, 18, 19}
2025-05-07 12:01:15,024 - INFO - 正在计算异常分数...
2025-05-07 12:01:15,030 - INFO - 检测到的异常节点: {1, 5, 7, 8, 9, 10, 11, 12, 13, 14, 15, 16, 17, 18, 19}
2025-05-07 12:01:15,030 - INFO - 正在为时间段 3311-3320 生成可视化
2025-05-07 12:01:15,030 - INFO - 正在为时间段 3311-3320 生成异常图可视化
2025-05-07 12:01:15,030 - DEBUG - 创建包含 19 个节点的图结构
2025-05-07 12:01:15,031 - DEBUG - 边统计: 正常边 188 条, 异常边 22 条
2025-05-07 12:01:15,083 - DEBUG - 正在保存可视化结果到 ./visual/omi/neighbor_all/deviation/omi-7/seg_2_3311_3320.png
2025-05-07 12:01:15,290 - INFO - 成功保存时间段 3311-3320 的可视化结果
2025-05-07 12:01:15,290 - INFO - 正在从 ./visual/omi/neighbor_all/deviation/omi-7 中的图像创建GIF
2025-05-07 12:01:15,459 - INFO - GIF已保存到 ./visual/omi/neighbor_all/deviation/omi-7/omi-7.gif
2025-05-07 12:01:15,461 - INFO - 
==================================================
2025-05-07 12:01:15,461 - INFO - 开始数据集可视化: omi-8
2025-05-07 12:01:15,461 - INFO - 使用参数: 评分模式=deviation, all=None, 阈值=6.0
2025-05-07 12:01:15,461 - INFO - ==================================================

2025-05-07 12:01:15,461 - INFO - 正在加载数据集 omi-8 的数据
2025-05-07 12:01:15,462 - INFO - 数据加载成功。训练集形状: (8640, 19), 测试集形状: (4320, 19)
2025-05-07 12:01:15,463 - INFO - 正在计算边缘统计量...
2025-05-07 12:01:17,927 - INFO - 已计算 136 条边的统计量
2025-05-07 12:01:17,928 - INFO - 为每个节点使用所有邻居
2025-05-07 12:01:17,928 - INFO - 可视化结果将保存到: ./visual/omi/neighbor_all/deviation/omi-8
2025-05-07 12:01:17,929 - INFO - 在数据集中发现 5 个异常时间段
2025-05-07 12:01:17,929 - INFO - 
正在处理时间段 1/5: 740-753
2025-05-07 12:01:17,929 - INFO - 该时间段的真实异常节点: {2, 4}
2025-05-07 12:01:17,929 - INFO - 正在计算异常分数...
2025-05-07 12:01:17,939 - INFO - 检测到的异常节点: {1, 4, 6, 7, 8, 9, 10, 11, 12, 13, 14, 15, 16, 17, 18, 19}
2025-05-07 12:01:17,939 - INFO - 正在为时间段 740-753 生成可视化
2025-05-07 12:01:17,939 - INFO - 正在为时间段 740-753 生成异常图可视化
2025-05-07 12:01:17,940 - DEBUG - 创建包含 19 个节点的图结构
2025-05-07 12:01:17,941 - DEBUG - 边统计: 正常边 238 条, 异常边 2 条
2025-05-07 12:01:18,001 - DEBUG - 正在保存可视化结果到 ./visual/omi/neighbor_all/deviation/omi-8/seg_0_740_753.png
2025-05-07 12:01:18,207 - INFO - 成功保存时间段 740-753 的可视化结果
2025-05-07 12:01:18,207 - INFO - 
正在处理时间段 2/5: 764-780
2025-05-07 12:01:18,207 - INFO - 该时间段的真实异常节点: {6, 7, 8, 9, 10, 11, 12, 13, 14, 15, 16, 17, 18, 19}
2025-05-07 12:01:18,207 - INFO - 正在计算异常分数...
2025-05-07 12:01:18,217 - INFO - 检测到的异常节点: {1, 6, 7, 8, 9, 10, 11, 12, 13, 14, 15, 16, 17, 18, 19}
2025-05-07 12:01:18,217 - INFO - 正在为时间段 764-780 生成可视化
2025-05-07 12:01:18,217 - INFO - 正在为时间段 764-780 生成异常图可视化
2025-05-07 12:01:18,218 - DEBUG - 创建包含 19 个节点的图结构
2025-05-07 12:01:18,218 - DEBUG - 边统计: 正常边 146 条, 异常边 64 条
2025-05-07 12:01:18,273 - DEBUG - 正在保存可视化结果到 ./visual/omi/neighbor_all/deviation/omi-8/seg_1_764_780.png
2025-05-07 12:01:18,478 - INFO - 成功保存时间段 764-780 的可视化结果
2025-05-07 12:01:18,478 - INFO - 
正在处理时间段 3/5: 2319-2325
2025-05-07 12:01:18,478 - INFO - 该时间段的真实异常节点: {4, 5, 6}
2025-05-07 12:01:18,478 - INFO - 正在计算异常分数...
2025-05-07 12:01:18,481 - INFO - 检测到的异常节点: {1, 4, 5, 6, 8, 9, 11, 12, 16, 17, 19}
2025-05-07 12:01:18,481 - INFO - 正在为时间段 2319-2325 生成可视化
2025-05-07 12:01:18,481 - INFO - 正在为时间段 2319-2325 生成异常图可视化
2025-05-07 12:01:18,481 - DEBUG - 创建包含 19 个节点的图结构
2025-05-07 12:01:18,482 - DEBUG - 边统计: 正常边 228 条, 异常边 44 条
2025-05-07 12:01:18,537 - DEBUG - 正在保存可视化结果到 ./visual/omi/neighbor_all/deviation/omi-8/seg_2_2319_2325.png
2025-05-07 12:01:18,739 - INFO - 成功保存时间段 2319-2325 的可视化结果
2025-05-07 12:01:18,739 - INFO - 
正在处理时间段 4/5: 2586-2675
2025-05-07 12:01:18,739 - INFO - 该时间段的真实异常节点: {5, 6, 8, 17, 18, 19}
2025-05-07 12:01:18,739 - INFO - 正在计算异常分数...
2025-05-07 12:01:18,825 - INFO - 检测到的异常节点: {1, 4, 5, 6, 7, 8, 9, 10, 11, 12, 13, 14, 15, 16, 17, 18, 19}
2025-05-07 12:01:18,825 - INFO - 正在为时间段 2586-2675 生成可视化
2025-05-07 12:01:18,825 - INFO - 正在为时间段 2586-2675 生成异常图可视化
2025-05-07 12:01:18,826 - DEBUG - 创建包含 19 个节点的图结构
2025-05-07 12:01:18,827 - DEBUG - 边统计: 正常边 260 条, 异常边 12 条
2025-05-07 12:01:18,879 - DEBUG - 正在保存可视化结果到 ./visual/omi/neighbor_all/deviation/omi-8/seg_3_2586_2675.png
2025-05-07 12:01:19,079 - INFO - 成功保存时间段 2586-2675 的可视化结果
2025-05-07 12:01:19,079 - INFO - 
正在处理时间段 5/5: 2897-2956
2025-05-07 12:01:19,079 - INFO - 该时间段的真实异常节点: {2, 6, 8, 17, 18, 19}
2025-05-07 12:01:19,079 - INFO - 正在计算异常分数...
2025-05-07 12:01:19,133 - INFO - 检测到的异常节点: {1, 4, 5, 6, 7, 8, 9, 10, 11, 12, 13, 14, 15, 16, 17, 18, 19}
2025-05-07 12:01:19,133 - INFO - 正在为时间段 2897-2956 生成可视化
2025-05-07 12:01:19,133 - INFO - 正在为时间段 2897-2956 生成异常图可视化
2025-05-07 12:01:19,133 - DEBUG - 创建包含 19 个节点的图结构
2025-05-07 12:01:19,134 - DEBUG - 边统计: 正常边 230 条, 异常边 42 条
2025-05-07 12:01:19,186 - DEBUG - 正在保存可视化结果到 ./visual/omi/neighbor_all/deviation/omi-8/seg_4_2897_2956.png
2025-05-07 12:01:19,388 - INFO - 成功保存时间段 2897-2956 的可视化结果
2025-05-07 12:01:19,388 - INFO - 正在从 ./visual/omi/neighbor_all/deviation/omi-8 中的图像创建GIF
2025-05-07 12:01:19,679 - INFO - GIF已保存到 ./visual/omi/neighbor_all/deviation/omi-8/omi-8.gif
2025-05-07 12:01:19,679 - INFO - 
==================================================
2025-05-07 12:01:19,679 - INFO - 开始数据集可视化: omi-9
2025-05-07 12:01:19,679 - INFO - 使用参数: 评分模式=deviation, all=None, 阈值=0.5
2025-05-07 12:01:19,679 - INFO - ==================================================

2025-05-07 12:01:19,679 - INFO - 正在加载数据集 omi-9 的数据
2025-05-07 12:01:19,680 - INFO - 数据加载成功。训练集形状: (8640, 19), 测试集形状: (4320, 19)
2025-05-07 12:01:19,680 - INFO - 正在计算边缘统计量...
2025-05-07 12:01:22,042 - INFO - 已计算 136 条边的统计量
2025-05-07 12:01:22,042 - INFO - 为每个节点使用所有邻居
2025-05-07 12:01:22,042 - INFO - 可视化结果将保存到: ./visual/omi/neighbor_all/deviation/omi-9
2025-05-07 12:01:22,043 - INFO - 在数据集中发现 8 个异常时间段
2025-05-07 12:01:22,043 - INFO - 
正在处理时间段 1/8: 738-756
2025-05-07 12:01:22,043 - INFO - 该时间段的真实异常节点: {2, 9, 10, 11, 12, 13, 14, 15, 16, 17, 18, 19}
2025-05-07 12:01:22,043 - INFO - 正在计算异常分数...
2025-05-07 12:01:22,055 - INFO - 检测到的异常节点: {1, 7, 8, 9, 10, 11, 12, 13, 14, 15, 16, 17, 18, 19}
2025-05-07 12:01:22,055 - INFO - 正在为时间段 738-756 生成可视化
2025-05-07 12:01:22,056 - INFO - 正在为时间段 738-756 生成异常图可视化
2025-05-07 12:01:22,056 - DEBUG - 创建包含 19 个节点的图结构
2025-05-07 12:01:22,056 - DEBUG - 边统计: 正常边 158 条, 异常边 24 条
2025-05-07 12:01:22,109 - DEBUG - 正在保存可视化结果到 ./visual/omi/neighbor_all/deviation/omi-9/seg_0_738_756.png
2025-05-07 12:01:22,309 - INFO - 成功保存时间段 738-756 的可视化结果
2025-05-07 12:01:22,310 - INFO - 
正在处理时间段 2/8: 763-780
2025-05-07 12:01:22,310 - INFO - 该时间段的真实异常节点: {1, 6, 7, 8, 9, 10, 11, 12, 13, 14, 15, 16, 17, 18, 19}
2025-05-07 12:01:22,310 - INFO - 正在计算异常分数...
2025-05-07 12:01:22,321 - INFO - 检测到的异常节点: {1, 6, 7, 8, 9, 10, 11, 12, 13, 14, 15, 16, 17, 18, 19}
2025-05-07 12:01:22,321 - INFO - 正在为时间段 763-780 生成可视化
2025-05-07 12:01:22,321 - INFO - 正在为时间段 763-780 生成异常图可视化
2025-05-07 12:01:22,321 - DEBUG - 创建包含 19 个节点的图结构
2025-05-07 12:01:22,322 - DEBUG - 边统计: 正常边 118 条, 异常边 92 条
2025-05-07 12:01:22,376 - DEBUG - 正在保存可视化结果到 ./visual/omi/neighbor_all/deviation/omi-9/seg_1_763_780.png
2025-05-07 12:01:22,577 - INFO - 成功保存时间段 763-780 的可视化结果
2025-05-07 12:01:22,577 - INFO - 
正在处理时间段 3/8: 2514-2524
2025-05-07 12:01:22,577 - INFO - 该时间段的真实异常节点: {1, 4, 5, 7, 8, 9, 17, 18}
2025-05-07 12:01:22,577 - INFO - 正在计算异常分数...
2025-05-07 12:01:22,585 - INFO - 检测到的异常节点: {1, 4, 5, 6, 7, 8, 9, 10, 11, 12, 13, 14, 15, 16, 17, 18, 19}
2025-05-07 12:01:22,585 - INFO - 正在为时间段 2514-2524 生成可视化
2025-05-07 12:01:22,585 - INFO - 正在为时间段 2514-2524 生成异常图可视化
2025-05-07 12:01:22,586 - DEBUG - 创建包含 19 个节点的图结构
2025-05-07 12:01:22,587 - DEBUG - 边统计: 正常边 210 条, 异常边 62 条
2025-05-07 12:01:22,734 - DEBUG - 正在保存可视化结果到 ./visual/omi/neighbor_all/deviation/omi-9/seg_2_2514_2524.png
2025-05-07 12:01:22,942 - INFO - 成功保存时间段 2514-2524 的可视化结果
2025-05-07 12:01:22,942 - INFO - 
正在处理时间段 4/8: 2603-2668
2025-05-07 12:01:22,942 - INFO - 该时间段的真实异常节点: {1, 2, 5, 6, 8, 17, 18, 19}
2025-05-07 12:01:22,942 - INFO - 正在计算异常分数...
2025-05-07 12:01:22,999 - INFO - 检测到的异常节点: {1, 4, 5, 6, 7, 8, 9, 10, 11, 12, 13, 14, 15, 16, 17, 18, 19}
2025-05-07 12:01:22,999 - INFO - 正在为时间段 2603-2668 生成可视化
2025-05-07 12:01:22,999 - INFO - 正在为时间段 2603-2668 生成异常图可视化
2025-05-07 12:01:22,999 - DEBUG - 创建包含 19 个节点的图结构
2025-05-07 12:01:23,000 - DEBUG - 边统计: 正常边 212 条, 异常边 60 条
2025-05-07 12:01:23,053 - DEBUG - 正在保存可视化结果到 ./visual/omi/neighbor_all/deviation/omi-9/seg_3_2603_2668.png
2025-05-07 12:01:23,255 - INFO - 成功保存时间段 2603-2668 的可视化结果
2025-05-07 12:01:23,255 - INFO - 
正在处理时间段 5/8: 2918-2958
2025-05-07 12:01:23,255 - INFO - 该时间段的真实异常节点: {1, 2, 5, 6, 8, 17, 18, 19}
2025-05-07 12:01:23,256 - INFO - 正在计算异常分数...
2025-05-07 12:01:23,287 - INFO - 检测到的异常节点: {1, 4, 5, 6, 7, 8, 9, 10, 11, 12, 13, 14, 15, 16, 17, 18, 19}
2025-05-07 12:01:23,287 - INFO - 正在为时间段 2918-2958 生成可视化
2025-05-07 12:01:23,287 - INFO - 正在为时间段 2918-2958 生成异常图可视化
2025-05-07 12:01:23,287 - DEBUG - 创建包含 19 个节点的图结构
2025-05-07 12:01:23,288 - DEBUG - 边统计: 正常边 200 条, 异常边 72 条
2025-05-07 12:01:23,341 - DEBUG - 正在保存可视化结果到 ./visual/omi/neighbor_all/deviation/omi-9/seg_4_2918_2958.png
2025-05-07 12:01:23,542 - INFO - 成功保存时间段 2918-2958 的可视化结果
2025-05-07 12:01:23,542 - INFO - 
正在处理时间段 6/8: 3170-3245
2025-05-07 12:01:23,542 - INFO - 该时间段的真实异常节点: {1, 2, 6, 8, 17, 18, 19}
2025-05-07 12:01:23,542 - INFO - 正在计算异常分数...
2025-05-07 12:01:23,601 - INFO - 检测到的异常节点: {1, 4, 5, 6, 7, 8, 9, 10, 11, 12, 13, 14, 15, 16, 17, 18, 19}
2025-05-07 12:01:23,602 - INFO - 正在为时间段 3170-3245 生成可视化
2025-05-07 12:01:23,602 - INFO - 正在为时间段 3170-3245 生成异常图可视化
2025-05-07 12:01:23,602 - DEBUG - 创建包含 19 个节点的图结构
2025-05-07 12:01:23,603 - DEBUG - 边统计: 正常边 226 条, 异常边 46 条
2025-05-07 12:01:23,656 - DEBUG - 正在保存可视化结果到 ./visual/omi/neighbor_all/deviation/omi-9/seg_5_3170_3245.png
2025-05-07 12:01:23,868 - INFO - 成功保存时间段 3170-3245 的可视化结果
2025-05-07 12:01:23,868 - INFO - 
正在处理时间段 7/8: 3508-3528
2025-05-07 12:01:23,869 - INFO - 该时间段的真实异常节点: {8, 2, 19, 6}
2025-05-07 12:01:23,869 - INFO - 正在计算异常分数...
2025-05-07 12:01:23,885 - INFO - 检测到的异常节点: {1, 4, 5, 6, 7, 8, 9, 10, 11, 12, 13, 14, 15, 16, 17, 18, 19}
2025-05-07 12:01:23,885 - INFO - 正在为时间段 3508-3528 生成可视化
2025-05-07 12:01:23,885 - INFO - 正在为时间段 3508-3528 生成异常图可视化
2025-05-07 12:01:23,885 - DEBUG - 创建包含 19 个节点的图结构
2025-05-07 12:01:23,886 - DEBUG - 边统计: 正常边 208 条, 异常边 64 条
2025-05-07 12:01:23,945 - DEBUG - 正在保存可视化结果到 ./visual/omi/neighbor_all/deviation/omi-9/seg_6_3508_3528.png
2025-05-07 12:01:24,152 - INFO - 成功保存时间段 3508-3528 的可视化结果
2025-05-07 12:01:24,152 - INFO - 
正在处理时间段 8/8: 4064-4108
2025-05-07 12:01:24,153 - INFO - 该时间段的真实异常节点: {1, 2, 6, 7, 8, 9, 17, 18, 19}
2025-05-07 12:01:24,153 - INFO - 正在计算异常分数...
2025-05-07 12:01:24,189 - INFO - 检测到的异常节点: {1, 4, 5, 6, 7, 8, 9, 10, 11, 12, 13, 14, 15, 16, 17, 18, 19}
2025-05-07 12:01:24,189 - INFO - 正在为时间段 4064-4108 生成可视化
2025-05-07 12:01:24,189 - INFO - 正在为时间段 4064-4108 生成异常图可视化
2025-05-07 12:01:24,189 - DEBUG - 创建包含 19 个节点的图结构
2025-05-07 12:01:24,190 - DEBUG - 边统计: 正常边 190 条, 异常边 82 条
2025-05-07 12:01:24,244 - DEBUG - 正在保存可视化结果到 ./visual/omi/neighbor_all/deviation/omi-9/seg_7_4064_4108.png
2025-05-07 12:01:24,446 - INFO - 成功保存时间段 4064-4108 的可视化结果
2025-05-07 12:01:24,446 - INFO - 正在从 ./visual/omi/neighbor_all/deviation/omi-9 中的图像创建GIF
2025-05-07 12:01:24,918 - INFO - GIF已保存到 ./visual/omi/neighbor_all/deviation/omi-9/omi-9.gif
2025-05-07 12:01:24,918 - INFO - 可视化结果生成完成！
2025-05-07 12:01:24,918 - INFO - 
==================================================
2025-05-07 12:01:24,918 - INFO - 程序运行总耗时: 0:01:43.751561 

