2025-04-18 14:12:30,152 - INFO - 
 Starting experiment with config: ExperimentConfig(dataset='omi', window_size=5, score_thresholds=array([0. , 0.5, 1. , 1.5, 2. , 2.5, 3. , 3.5, 4. , 4.5, 5. , 5.5, 6. ,
       6.5, 7. ]), topk_range=range(1, 10), corr_threshold_range=array([0. , 0. , 0.1, 0.2, 0.2, 0.2, 0.3, 0.4, 0.4, 0.4, 0.5, 0.6, 0.6,
       0.6]), neighbor_selection='all', score_modes=['robust_zscore'], data_dir='./data/processed', label_dir='./data/interpretation_label', log_dir='./log/omi/neighbor_all', visual_dir='./visual/omi/neighbor_all', num_workers=36, gif_duration=500)
2025-04-18 14:12:30,152 - INFO - 当前评分模式: ['robust_zscore']
2025-04-18 14:12:30,152 - INFO - 
==================================================
2025-04-18 14:12:30,152 - INFO - 开始执行网格搜索...
2025-04-18 14:12:30,153 - INFO - [omi-12] Starting grid search...
2025-04-18 14:12:33,309 - INFO - [omi-12.txt] mode=robust_zscore, all=None, threshold=0.0, P=0.6129, R=0.9500, F1=0.7451
2025-04-18 14:12:33,315 - INFO - [omi-12.txt] mode=robust_zscore, all=None, threshold=0.5, P=0.6129, R=0.9500, F1=0.7451
2025-04-18 14:12:33,433 - INFO - [omi-12.txt] mode=robust_zscore, all=None, threshold=1.0, P=0.6129, R=0.9500, F1=0.7451
2025-04-18 14:12:33,434 - INFO - [omi-12.txt] mode=robust_zscore, all=None, threshold=1.5, P=0.6129, R=0.9500, F1=0.7451
2025-04-18 14:12:33,434 - INFO - [omi-12.txt] mode=robust_zscore, all=None, threshold=2.0, P=0.6129, R=0.9500, F1=0.7451
2025-04-18 14:12:33,434 - INFO - [omi-12.txt] mode=robust_zscore, all=None, threshold=2.5, P=0.6129, R=0.9500, F1=0.7451
2025-04-18 14:12:33,434 - INFO - [omi-12.txt] mode=robust_zscore, all=None, threshold=3.0, P=0.6129, R=0.9500, F1=0.7451
2025-04-18 14:12:33,696 - INFO - [omi-12.txt] mode=robust_zscore, all=None, threshold=3.5, P=0.6129, R=0.9500, F1=0.7451
2025-04-18 14:12:33,697 - INFO - [omi-12.txt] mode=robust_zscore, all=None, threshold=4.0, P=0.6129, R=0.9500, F1=0.7451
2025-04-18 14:12:33,697 - INFO - [omi-12.txt] mode=robust_zscore, all=None, threshold=4.5, P=0.6066, R=0.9250, F1=0.7327
2025-04-18 14:12:33,698 - INFO - [omi-12.txt] mode=robust_zscore, all=None, threshold=5.0, P=0.6066, R=0.9250, F1=0.7327
2025-04-18 14:12:33,698 - INFO - [omi-12.txt] mode=robust_zscore, all=None, threshold=5.5, P=0.6066, R=0.9250, F1=0.7327
2025-04-18 14:12:33,698 - INFO - [omi-12.txt] mode=robust_zscore, all=None, threshold=6.0, P=0.6066, R=0.9250, F1=0.7327
2025-04-18 14:12:33,698 - INFO - [omi-12.txt] mode=robust_zscore, all=None, threshold=6.5, P=0.6066, R=0.9250, F1=0.7327
2025-04-18 14:12:33,698 - INFO - [omi-12.txt] mode=robust_zscore, all=None, threshold=7.0, P=0.6066, R=0.9250, F1=0.7327
2025-04-18 14:12:33,746 - INFO - [omi-1] Starting grid search...
2025-04-18 14:12:37,601 - INFO - [omi-1.txt] mode=robust_zscore, all=None, threshold=0.0, P=0.7395, R=0.9888, F1=0.8462
2025-04-18 14:12:37,901 - INFO - [omi-1.txt] mode=robust_zscore, all=None, threshold=0.5, P=0.7395, R=0.9888, F1=0.8462
2025-04-18 14:12:38,065 - INFO - [omi-1.txt] mode=robust_zscore, all=None, threshold=1.0, P=0.7395, R=0.9888, F1=0.8462
2025-04-18 14:12:38,065 - INFO - [omi-1.txt] mode=robust_zscore, all=None, threshold=1.5, P=0.7395, R=0.9888, F1=0.8462
2025-04-18 14:12:38,066 - INFO - [omi-1.txt] mode=robust_zscore, all=None, threshold=2.0, P=0.7395, R=0.9888, F1=0.8462
2025-04-18 14:12:38,066 - INFO - [omi-1.txt] mode=robust_zscore, all=None, threshold=2.5, P=0.7395, R=0.9888, F1=0.8462
2025-04-18 14:12:38,066 - INFO - [omi-1.txt] mode=robust_zscore, all=None, threshold=3.0, P=0.7395, R=0.9888, F1=0.8462
2025-04-18 14:12:38,066 - INFO - [omi-1.txt] mode=robust_zscore, all=None, threshold=3.5, P=0.7395, R=0.9888, F1=0.8462
2025-04-18 14:12:38,066 - INFO - [omi-1.txt] mode=robust_zscore, all=None, threshold=4.0, P=0.7395, R=0.9888, F1=0.8462
2025-04-18 14:12:38,151 - INFO - [omi-1.txt] mode=robust_zscore, all=None, threshold=4.5, P=0.7350, R=0.9663, F1=0.8350
2025-04-18 14:12:38,151 - INFO - [omi-1.txt] mode=robust_zscore, all=None, threshold=5.0, P=0.7350, R=0.9663, F1=0.8350
2025-04-18 14:12:38,151 - INFO - [omi-1.txt] mode=robust_zscore, all=None, threshold=5.5, P=0.7350, R=0.9663, F1=0.8350
2025-04-18 14:12:38,330 - INFO - [omi-1.txt] mode=robust_zscore, all=None, threshold=6.0, P=0.7350, R=0.9663, F1=0.8350
2025-04-18 14:12:38,331 - INFO - [omi-1.txt] mode=robust_zscore, all=None, threshold=6.5, P=0.7350, R=0.9663, F1=0.8350
2025-04-18 14:12:38,331 - INFO - [omi-1.txt] mode=robust_zscore, all=None, threshold=7.0, P=0.7350, R=0.9663, F1=0.8350
2025-04-18 14:12:38,382 - INFO - [omi-5] Starting grid search...
2025-04-18 14:12:42,776 - INFO - [omi-5.txt] mode=robust_zscore, all=None, threshold=0.0, P=0.4757, R=1.0000, F1=0.6447
2025-04-18 14:12:42,778 - INFO - [omi-5.txt] mode=robust_zscore, all=None, threshold=0.5, P=0.4757, R=1.0000, F1=0.6447
2025-04-18 14:12:42,835 - INFO - [omi-5.txt] mode=robust_zscore, all=None, threshold=1.0, P=0.4757, R=1.0000, F1=0.6447
2025-04-18 14:12:42,835 - INFO - [omi-5.txt] mode=robust_zscore, all=None, threshold=1.5, P=0.4757, R=1.0000, F1=0.6447
2025-04-18 14:12:42,835 - INFO - [omi-5.txt] mode=robust_zscore, all=None, threshold=2.0, P=0.4757, R=1.0000, F1=0.6447
2025-04-18 14:12:42,835 - INFO - [omi-5.txt] mode=robust_zscore, all=None, threshold=2.5, P=0.4757, R=1.0000, F1=0.6447
2025-04-18 14:12:42,835 - INFO - [omi-5.txt] mode=robust_zscore, all=None, threshold=3.0, P=0.4706, R=0.9796, F1=0.6358
2025-04-18 14:12:42,835 - INFO - [omi-5.txt] mode=robust_zscore, all=None, threshold=3.5, P=0.4706, R=0.9796, F1=0.6358
2025-04-18 14:12:42,835 - INFO - [omi-5.txt] mode=robust_zscore, all=None, threshold=4.0, P=0.4706, R=0.9796, F1=0.6358
2025-04-18 14:12:43,065 - INFO - [omi-5.txt] mode=robust_zscore, all=None, threshold=4.5, P=0.4706, R=0.9796, F1=0.6358
2025-04-18 14:12:43,066 - INFO - [omi-5.txt] mode=robust_zscore, all=None, threshold=5.0, P=0.4706, R=0.9796, F1=0.6358
2025-04-18 14:12:43,066 - INFO - [omi-5.txt] mode=robust_zscore, all=None, threshold=5.5, P=0.4706, R=0.9796, F1=0.6358
2025-04-18 14:12:43,067 - INFO - [omi-5.txt] mode=robust_zscore, all=None, threshold=6.0, P=0.4706, R=0.9796, F1=0.6358
2025-04-18 14:12:43,067 - INFO - [omi-5.txt] mode=robust_zscore, all=None, threshold=6.5, P=0.4653, R=0.9592, F1=0.6267
2025-04-18 14:12:43,067 - INFO - [omi-5.txt] mode=robust_zscore, all=None, threshold=7.0, P=0.4700, R=0.9592, F1=0.6309
2025-04-18 14:12:43,118 - INFO - [omi-6] Starting grid search...
2025-04-18 14:12:47,439 - INFO - [omi-6.txt] mode=robust_zscore, all=None, threshold=0.0, P=0.2606, R=0.9773, F1=0.4115
2025-04-18 14:12:47,475 - INFO - [omi-6.txt] mode=robust_zscore, all=None, threshold=0.5, P=0.2606, R=0.9773, F1=0.4115
2025-04-18 14:12:47,475 - INFO - [omi-6.txt] mode=robust_zscore, all=None, threshold=1.0, P=0.2606, R=0.9773, F1=0.4115
2025-04-18 14:12:47,476 - INFO - [omi-6.txt] mode=robust_zscore, all=None, threshold=1.5, P=0.2606, R=0.9773, F1=0.4115
2025-04-18 14:12:47,476 - INFO - [omi-6.txt] mode=robust_zscore, all=None, threshold=2.0, P=0.2606, R=0.9773, F1=0.4115
2025-04-18 14:12:48,004 - INFO - [omi-6.txt] mode=robust_zscore, all=None, threshold=2.5, P=0.2606, R=0.9773, F1=0.4115
2025-04-18 14:12:48,005 - INFO - [omi-6.txt] mode=robust_zscore, all=None, threshold=3.0, P=0.2606, R=0.9773, F1=0.4115
2025-04-18 14:12:48,006 - INFO - [omi-6.txt] mode=robust_zscore, all=None, threshold=3.5, P=0.2606, R=0.9773, F1=0.4115
2025-04-18 14:12:48,006 - INFO - [omi-6.txt] mode=robust_zscore, all=None, threshold=4.0, P=0.2606, R=0.9773, F1=0.4115
2025-04-18 14:12:48,006 - INFO - [omi-6.txt] mode=robust_zscore, all=None, threshold=4.5, P=0.2638, R=0.9773, F1=0.4155
2025-04-18 14:12:48,006 - INFO - [omi-6.txt] mode=robust_zscore, all=None, threshold=5.0, P=0.2638, R=0.9773, F1=0.4155
2025-04-18 14:12:48,068 - INFO - [omi-6.txt] mode=robust_zscore, all=None, threshold=5.5, P=0.2638, R=0.9773, F1=0.4155
2025-04-18 14:12:48,068 - INFO - [omi-6.txt] mode=robust_zscore, all=None, threshold=6.0, P=0.2638, R=0.9773, F1=0.4155
2025-04-18 14:12:48,068 - INFO - [omi-6.txt] mode=robust_zscore, all=None, threshold=6.5, P=0.2638, R=0.9773, F1=0.4155
2025-04-18 14:12:48,958 - INFO - [omi-6.txt] mode=robust_zscore, all=None, threshold=7.0, P=0.2638, R=0.9773, F1=0.4155
2025-04-18 14:12:49,009 - INFO - [omi-7] Starting grid search...
2025-04-18 14:12:52,801 - INFO - [omi-7.txt] mode=robust_zscore, all=None, threshold=0.0, P=0.9048, R=0.9744, F1=0.9383
2025-04-18 14:12:52,865 - INFO - [omi-7.txt] mode=robust_zscore, all=None, threshold=0.5, P=0.9048, R=0.9744, F1=0.9383
2025-04-18 14:12:52,865 - INFO - [omi-7.txt] mode=robust_zscore, all=None, threshold=1.0, P=0.9048, R=0.9744, F1=0.9383
2025-04-18 14:12:52,922 - INFO - [omi-7.txt] mode=robust_zscore, all=None, threshold=1.5, P=0.9048, R=0.9744, F1=0.9383
2025-04-18 14:12:53,177 - INFO - [omi-7.txt] mode=robust_zscore, all=None, threshold=2.0, P=0.9048, R=0.9744, F1=0.9383
2025-04-18 14:12:53,177 - INFO - [omi-7.txt] mode=robust_zscore, all=None, threshold=2.5, P=0.9048, R=0.9744, F1=0.9383
2025-04-18 14:12:53,178 - INFO - [omi-7.txt] mode=robust_zscore, all=None, threshold=3.0, P=0.9048, R=0.9744, F1=0.9383
2025-04-18 14:12:53,178 - INFO - [omi-7.txt] mode=robust_zscore, all=None, threshold=3.5, P=0.9048, R=0.9744, F1=0.9383
2025-04-18 14:12:53,178 - INFO - [omi-7.txt] mode=robust_zscore, all=None, threshold=4.0, P=0.9048, R=0.9744, F1=0.9383
2025-04-18 14:12:53,179 - INFO - [omi-7.txt] mode=robust_zscore, all=None, threshold=4.5, P=0.9048, R=0.9744, F1=0.9383
2025-04-18 14:12:53,179 - INFO - [omi-7.txt] mode=robust_zscore, all=None, threshold=5.0, P=0.9048, R=0.9744, F1=0.9383
2025-04-18 14:12:53,551 - INFO - [omi-7.txt] mode=robust_zscore, all=None, threshold=5.5, P=0.9048, R=0.9744, F1=0.9383
2025-04-18 14:12:53,551 - INFO - [omi-7.txt] mode=robust_zscore, all=None, threshold=6.0, P=0.9048, R=0.9744, F1=0.9383
2025-04-18 14:12:53,552 - INFO - [omi-7.txt] mode=robust_zscore, all=None, threshold=6.5, P=0.9048, R=0.9744, F1=0.9383
2025-04-18 14:12:53,552 - INFO - [omi-7.txt] mode=robust_zscore, all=None, threshold=7.0, P=0.9048, R=0.9744, F1=0.9383
2025-04-18 14:12:53,600 - INFO - [omi-9] Starting grid search...
2025-04-18 14:12:57,383 - INFO - [omi-9.txt] mode=robust_zscore, all=None, threshold=0.0, P=0.4962, R=0.9155, F1=0.6436
2025-04-18 14:12:57,458 - INFO - [omi-9.txt] mode=robust_zscore, all=None, threshold=0.5, P=0.4962, R=0.9155, F1=0.6436
2025-04-18 14:12:57,458 - INFO - [omi-9.txt] mode=robust_zscore, all=None, threshold=1.0, P=0.4962, R=0.9155, F1=0.6436
2025-04-18 14:12:57,458 - INFO - [omi-9.txt] mode=robust_zscore, all=None, threshold=1.5, P=0.4962, R=0.9155, F1=0.6436
2025-04-18 14:12:57,458 - INFO - [omi-9.txt] mode=robust_zscore, all=None, threshold=2.0, P=0.4962, R=0.9155, F1=0.6436
2025-04-18 14:12:57,470 - INFO - [omi-9.txt] mode=robust_zscore, all=None, threshold=2.5, P=0.4962, R=0.9155, F1=0.6436
2025-04-18 14:12:57,470 - INFO - [omi-9.txt] mode=robust_zscore, all=None, threshold=3.0, P=0.4962, R=0.9155, F1=0.6436
2025-04-18 14:12:57,470 - INFO - [omi-9.txt] mode=robust_zscore, all=None, threshold=3.5, P=0.4962, R=0.9155, F1=0.6436
2025-04-18 14:12:57,490 - INFO - [omi-9.txt] mode=robust_zscore, all=None, threshold=4.0, P=0.4962, R=0.9155, F1=0.6436
2025-04-18 14:12:57,491 - INFO - [omi-9.txt] mode=robust_zscore, all=None, threshold=4.5, P=0.4962, R=0.9155, F1=0.6436
2025-04-18 14:12:57,491 - INFO - [omi-9.txt] mode=robust_zscore, all=None, threshold=5.0, P=0.4962, R=0.9155, F1=0.6436
2025-04-18 14:12:57,491 - INFO - [omi-9.txt] mode=robust_zscore, all=None, threshold=5.5, P=0.4962, R=0.9155, F1=0.6436
2025-04-18 14:12:57,516 - INFO - [omi-9.txt] mode=robust_zscore, all=None, threshold=6.0, P=0.4962, R=0.9155, F1=0.6436
2025-04-18 14:12:57,516 - INFO - [omi-9.txt] mode=robust_zscore, all=None, threshold=6.5, P=0.4962, R=0.9155, F1=0.6436
2025-04-18 14:12:57,516 - INFO - [omi-9.txt] mode=robust_zscore, all=None, threshold=7.0, P=0.4962, R=0.9155, F1=0.6436
2025-04-18 14:12:57,559 - INFO - [omi-8] Starting grid search...
2025-04-18 14:13:01,279 - INFO - [omi-8.txt] mode=robust_zscore, all=None, threshold=0.0, P=0.3580, R=0.9355, F1=0.5179
2025-04-18 14:13:01,281 - INFO - [omi-8.txt] mode=robust_zscore, all=None, threshold=0.5, P=0.3580, R=0.9355, F1=0.5179
2025-04-18 14:13:01,338 - INFO - [omi-8.txt] mode=robust_zscore, all=None, threshold=1.0, P=0.3580, R=0.9355, F1=0.5179
2025-04-18 14:13:01,338 - INFO - [omi-8.txt] mode=robust_zscore, all=None, threshold=1.5, P=0.3580, R=0.9355, F1=0.5179
2025-04-18 14:13:01,338 - INFO - [omi-8.txt] mode=robust_zscore, all=None, threshold=2.0, P=0.3580, R=0.9355, F1=0.5179
2025-04-18 14:13:01,338 - INFO - [omi-8.txt] mode=robust_zscore, all=None, threshold=2.5, P=0.3580, R=0.9355, F1=0.5179
2025-04-18 14:13:01,338 - INFO - [omi-8.txt] mode=robust_zscore, all=None, threshold=3.0, P=0.3580, R=0.9355, F1=0.5179
2025-04-18 14:13:01,338 - INFO - [omi-8.txt] mode=robust_zscore, all=None, threshold=3.5, P=0.3580, R=0.9355, F1=0.5179
2025-04-18 14:13:01,338 - INFO - [omi-8.txt] mode=robust_zscore, all=None, threshold=4.0, P=0.3580, R=0.9355, F1=0.5179
2025-04-18 14:13:01,338 - INFO - [omi-8.txt] mode=robust_zscore, all=None, threshold=4.5, P=0.3580, R=0.9355, F1=0.5179
2025-04-18 14:13:01,339 - INFO - [omi-8.txt] mode=robust_zscore, all=None, threshold=5.0, P=0.3580, R=0.9355, F1=0.5179
2025-04-18 14:13:01,339 - INFO - [omi-8.txt] mode=robust_zscore, all=None, threshold=5.5, P=0.3580, R=0.9355, F1=0.5179
2025-04-18 14:13:01,339 - INFO - [omi-8.txt] mode=robust_zscore, all=None, threshold=6.0, P=0.3580, R=0.9355, F1=0.5179
2025-04-18 14:13:01,339 - INFO - [omi-8.txt] mode=robust_zscore, all=None, threshold=6.5, P=0.3580, R=0.9355, F1=0.5179
2025-04-18 14:13:01,339 - INFO - [omi-8.txt] mode=robust_zscore, all=None, threshold=7.0, P=0.3580, R=0.9355, F1=0.5179
2025-04-18 14:13:01,384 - INFO - [omi-2] Starting grid search...
2025-04-18 14:13:05,117 - INFO - [omi-2.txt] mode=robust_zscore, all=None, threshold=0.0, P=0.4559, R=1.0000, F1=0.6263
2025-04-18 14:13:05,118 - INFO - [omi-2.txt] mode=robust_zscore, all=None, threshold=0.5, P=0.4559, R=1.0000, F1=0.6263
2025-04-18 14:13:05,118 - INFO - [omi-2.txt] mode=robust_zscore, all=None, threshold=1.0, P=0.4559, R=1.0000, F1=0.6263
2025-04-18 14:13:05,120 - INFO - [omi-2.txt] mode=robust_zscore, all=None, threshold=1.5, P=0.4559, R=1.0000, F1=0.6263
2025-04-18 14:13:05,175 - INFO - [omi-2.txt] mode=robust_zscore, all=None, threshold=2.0, P=0.4559, R=1.0000, F1=0.6263
2025-04-18 14:13:05,185 - INFO - [omi-2.txt] mode=robust_zscore, all=None, threshold=2.5, P=0.4559, R=1.0000, F1=0.6263
2025-04-18 14:13:05,186 - INFO - [omi-2.txt] mode=robust_zscore, all=None, threshold=3.0, P=0.4559, R=1.0000, F1=0.6263
2025-04-18 14:13:05,186 - INFO - [omi-2.txt] mode=robust_zscore, all=None, threshold=3.5, P=0.4559, R=1.0000, F1=0.6263
2025-04-18 14:13:05,186 - INFO - [omi-2.txt] mode=robust_zscore, all=None, threshold=4.0, P=0.4559, R=1.0000, F1=0.6263
2025-04-18 14:13:05,186 - INFO - [omi-2.txt] mode=robust_zscore, all=None, threshold=4.5, P=0.4559, R=1.0000, F1=0.6263
2025-04-18 14:13:05,186 - INFO - [omi-2.txt] mode=robust_zscore, all=None, threshold=5.0, P=0.4559, R=1.0000, F1=0.6263
2025-04-18 14:13:05,186 - INFO - [omi-2.txt] mode=robust_zscore, all=None, threshold=5.5, P=0.4559, R=1.0000, F1=0.6263
2025-04-18 14:13:05,186 - INFO - [omi-2.txt] mode=robust_zscore, all=None, threshold=6.0, P=0.4559, R=1.0000, F1=0.6263
2025-04-18 14:13:05,477 - INFO - [omi-2.txt] mode=robust_zscore, all=None, threshold=6.5, P=0.4559, R=1.0000, F1=0.6263
2025-04-18 14:13:05,477 - INFO - [omi-2.txt] mode=robust_zscore, all=None, threshold=7.0, P=0.4559, R=1.0000, F1=0.6263
2025-04-18 14:13:05,525 - INFO - [omi-11] Starting grid search...
2025-04-18 14:13:09,365 - INFO - [omi-11.txt] mode=robust_zscore, all=None, threshold=0.0, P=0.3434, R=0.9828, F1=0.5089
2025-04-18 14:13:09,366 - INFO - [omi-11.txt] mode=robust_zscore, all=None, threshold=0.5, P=0.3434, R=0.9828, F1=0.5089
2025-04-18 14:13:09,366 - INFO - [omi-11.txt] mode=robust_zscore, all=None, threshold=1.0, P=0.3434, R=0.9828, F1=0.5089
2025-04-18 14:13:09,366 - INFO - [omi-11.txt] mode=robust_zscore, all=None, threshold=1.5, P=0.3434, R=0.9828, F1=0.5089
2025-04-18 14:13:09,367 - INFO - [omi-11.txt] mode=robust_zscore, all=None, threshold=2.0, P=0.3434, R=0.9828, F1=0.5089
2025-04-18 14:13:09,367 - INFO - [omi-11.txt] mode=robust_zscore, all=None, threshold=2.5, P=0.3434, R=0.9828, F1=0.5089
2025-04-18 14:13:09,367 - INFO - [omi-11.txt] mode=robust_zscore, all=None, threshold=3.0, P=0.3434, R=0.9828, F1=0.5089
2025-04-18 14:13:09,367 - INFO - [omi-11.txt] mode=robust_zscore, all=None, threshold=3.5, P=0.3434, R=0.9828, F1=0.5089
2025-04-18 14:13:09,378 - INFO - [omi-11.txt] mode=robust_zscore, all=None, threshold=4.0, P=0.3434, R=0.9828, F1=0.5089
2025-04-18 14:13:09,378 - INFO - [omi-11.txt] mode=robust_zscore, all=None, threshold=4.5, P=0.3434, R=0.9828, F1=0.5089
2025-04-18 14:13:09,378 - INFO - [omi-11.txt] mode=robust_zscore, all=None, threshold=5.0, P=0.3434, R=0.9828, F1=0.5089
2025-04-18 14:13:09,549 - INFO - [omi-11.txt] mode=robust_zscore, all=None, threshold=5.5, P=0.3434, R=0.9828, F1=0.5089
2025-04-18 14:13:09,550 - INFO - [omi-11.txt] mode=robust_zscore, all=None, threshold=6.0, P=0.3434, R=0.9828, F1=0.5089
2025-04-18 14:13:09,550 - INFO - [omi-11.txt] mode=robust_zscore, all=None, threshold=6.5, P=0.3434, R=0.9828, F1=0.5089
2025-04-18 14:13:09,550 - INFO - [omi-11.txt] mode=robust_zscore, all=None, threshold=7.0, P=0.3434, R=0.9828, F1=0.5089
2025-04-18 14:13:09,598 - INFO - [omi-10] Starting grid search...
2025-04-18 14:13:13,545 - INFO - [omi-10.txt] mode=robust_zscore, all=None, threshold=0.0, P=0.4688, R=0.9836, F1=0.6349
2025-04-18 14:13:13,547 - INFO - [omi-10.txt] mode=robust_zscore, all=None, threshold=0.5, P=0.4688, R=0.9836, F1=0.6349
2025-04-18 14:13:13,547 - INFO - [omi-10.txt] mode=robust_zscore, all=None, threshold=1.0, P=0.4688, R=0.9836, F1=0.6349
2025-04-18 14:13:13,547 - INFO - [omi-10.txt] mode=robust_zscore, all=None, threshold=1.5, P=0.4688, R=0.9836, F1=0.6349
2025-04-18 14:13:13,566 - INFO - [omi-10.txt] mode=robust_zscore, all=None, threshold=2.0, P=0.4688, R=0.9836, F1=0.6349
2025-04-18 14:13:13,567 - INFO - [omi-10.txt] mode=robust_zscore, all=None, threshold=2.5, P=0.4688, R=0.9836, F1=0.6349
2025-04-18 14:13:13,567 - INFO - [omi-10.txt] mode=robust_zscore, all=None, threshold=3.0, P=0.4688, R=0.9836, F1=0.6349
2025-04-18 14:13:13,567 - INFO - [omi-10.txt] mode=robust_zscore, all=None, threshold=3.5, P=0.4688, R=0.9836, F1=0.6349
2025-04-18 14:13:13,567 - INFO - [omi-10.txt] mode=robust_zscore, all=None, threshold=4.0, P=0.4688, R=0.9836, F1=0.6349
2025-04-18 14:13:13,597 - INFO - [omi-10.txt] mode=robust_zscore, all=None, threshold=4.5, P=0.4724, R=0.9836, F1=0.6383
2025-04-18 14:13:13,597 - INFO - [omi-10.txt] mode=robust_zscore, all=None, threshold=5.0, P=0.4800, R=0.9836, F1=0.6452
2025-04-18 14:13:13,606 - INFO - [omi-10.txt] mode=robust_zscore, all=None, threshold=5.5, P=0.4800, R=0.9836, F1=0.6452
2025-04-18 14:13:13,713 - INFO - [omi-10.txt] mode=robust_zscore, all=None, threshold=6.0, P=0.4839, R=0.9836, F1=0.6486
2025-04-18 14:13:13,713 - INFO - [omi-10.txt] mode=robust_zscore, all=None, threshold=6.5, P=0.4839, R=0.9836, F1=0.6486
2025-04-18 14:13:13,714 - INFO - [omi-10.txt] mode=robust_zscore, all=None, threshold=7.0, P=0.4836, R=0.9672, F1=0.6448
2025-04-18 14:13:13,765 - INFO - [omi-4] Starting grid search...
2025-04-18 14:13:17,588 - INFO - [omi-4.txt] mode=robust_zscore, all=None, threshold=0.0, P=0.8250, R=0.9851, F1=0.8980
2025-04-18 14:13:17,623 - INFO - [omi-4.txt] mode=robust_zscore, all=None, threshold=0.5, P=0.8250, R=0.9851, F1=0.8980
2025-04-18 14:13:17,624 - INFO - [omi-4.txt] mode=robust_zscore, all=None, threshold=1.0, P=0.8250, R=0.9851, F1=0.8980
2025-04-18 14:13:17,624 - INFO - [omi-4.txt] mode=robust_zscore, all=None, threshold=1.5, P=0.8250, R=0.9851, F1=0.8980
2025-04-18 14:13:17,638 - INFO - [omi-4.txt] mode=robust_zscore, all=None, threshold=2.0, P=0.8250, R=0.9851, F1=0.8980
2025-04-18 14:13:17,639 - INFO - [omi-4.txt] mode=robust_zscore, all=None, threshold=2.5, P=0.8250, R=0.9851, F1=0.8980
2025-04-18 14:13:17,664 - INFO - [omi-4.txt] mode=robust_zscore, all=None, threshold=3.0, P=0.8250, R=0.9851, F1=0.8980
2025-04-18 14:13:17,685 - INFO - [omi-4.txt] mode=robust_zscore, all=None, threshold=3.5, P=0.8250, R=0.9851, F1=0.8980
2025-04-18 14:13:17,685 - INFO - [omi-4.txt] mode=robust_zscore, all=None, threshold=4.0, P=0.8462, R=0.9851, F1=0.9103
2025-04-18 14:13:17,702 - INFO - [omi-4.txt] mode=robust_zscore, all=None, threshold=4.5, P=0.8462, R=0.9851, F1=0.9103
2025-04-18 14:13:17,752 - INFO - [omi-4.txt] mode=robust_zscore, all=None, threshold=5.0, P=0.8462, R=0.9851, F1=0.9103
2025-04-18 14:13:17,762 - INFO - [omi-4.txt] mode=robust_zscore, all=None, threshold=5.5, P=0.8442, R=0.9701, F1=0.9028
2025-04-18 14:13:17,762 - INFO - [omi-4.txt] mode=robust_zscore, all=None, threshold=6.0, P=0.8442, R=0.9701, F1=0.9028
2025-04-18 14:13:17,762 - INFO - [omi-4.txt] mode=robust_zscore, all=None, threshold=6.5, P=0.8442, R=0.9701, F1=0.9028
2025-04-18 14:13:17,762 - INFO - [omi-4.txt] mode=robust_zscore, all=None, threshold=7.0, P=0.8442, R=0.9701, F1=0.9028
2025-04-18 14:13:17,809 - INFO - [omi-3] Starting grid search...
2025-04-18 14:13:21,547 - INFO - [omi-3.txt] mode=robust_zscore, all=None, threshold=0.0, P=0.8025, R=0.8333, F1=0.8176
2025-04-18 14:13:21,548 - INFO - [omi-3.txt] mode=robust_zscore, all=None, threshold=0.5, P=0.8025, R=0.8333, F1=0.8176
2025-04-18 14:13:21,548 - INFO - [omi-3.txt] mode=robust_zscore, all=None, threshold=1.0, P=0.8025, R=0.8333, F1=0.8176
2025-04-18 14:13:21,548 - INFO - [omi-3.txt] mode=robust_zscore, all=None, threshold=1.5, P=0.8025, R=0.8333, F1=0.8176
2025-04-18 14:13:21,548 - INFO - [omi-3.txt] mode=robust_zscore, all=None, threshold=2.0, P=0.8025, R=0.8333, F1=0.8176
2025-04-18 14:13:21,548 - INFO - [omi-3.txt] mode=robust_zscore, all=None, threshold=2.5, P=0.8025, R=0.8333, F1=0.8176
2025-04-18 14:13:21,548 - INFO - [omi-3.txt] mode=robust_zscore, all=None, threshold=3.0, P=0.8025, R=0.8333, F1=0.8176
2025-04-18 14:13:21,577 - INFO - [omi-3.txt] mode=robust_zscore, all=None, threshold=3.5, P=0.8025, R=0.8333, F1=0.8176
2025-04-18 14:13:21,577 - INFO - [omi-3.txt] mode=robust_zscore, all=None, threshold=4.0, P=0.8228, R=0.8333, F1=0.8280
2025-04-18 14:13:21,578 - INFO - [omi-3.txt] mode=robust_zscore, all=None, threshold=4.5, P=0.8228, R=0.8333, F1=0.8280
2025-04-18 14:13:21,578 - INFO - [omi-3.txt] mode=robust_zscore, all=None, threshold=5.0, P=0.8228, R=0.8333, F1=0.8280
2025-04-18 14:13:21,578 - INFO - [omi-3.txt] mode=robust_zscore, all=None, threshold=5.5, P=0.8205, R=0.8205, F1=0.8205
2025-04-18 14:13:21,596 - INFO - [omi-3.txt] mode=robust_zscore, all=None, threshold=6.0, P=0.8205, R=0.8205, F1=0.8205
2025-04-18 14:13:21,596 - INFO - [omi-3.txt] mode=robust_zscore, all=None, threshold=6.5, P=0.8205, R=0.8205, F1=0.8205
2025-04-18 14:13:21,760 - INFO - [omi-3.txt] mode=robust_zscore, all=None, threshold=7.0, P=0.8205, R=0.8205, F1=0.8205
2025-04-18 14:13:21,807 - INFO - 
==================================================
2025-04-18 14:13:21,807 - INFO - 开始汇总结果...
2025-04-18 14:13:21,816 - INFO - 
===== Best Results per Dataset =====
   dataset    score_mode neighbor_param  score_threshold neighbor_selection  precision   recall  f1_score
 omi-1.txt robust_zscore           None              1.5                all   0.739496 0.988764  0.846154
omi-10.txt robust_zscore           None              6.0                all   0.483871 0.983607  0.648649
omi-11.txt robust_zscore           None              0.0                all   0.343373 0.982759  0.508929
omi-12.txt robust_zscore           None              0.0                all   0.612903 0.950000  0.745098
 omi-2.txt robust_zscore           None              7.0                all   0.455882 1.000000  0.626263
 omi-3.txt robust_zscore           None              5.0                all   0.822785 0.833333  0.828025
 omi-4.txt robust_zscore           None              4.0                all   0.846154 0.985075  0.910345
 omi-5.txt robust_zscore           None              2.5                all   0.475728 1.000000  0.644737
 omi-6.txt robust_zscore           None              6.0                all   0.263804 0.977273  0.415459
 omi-7.txt robust_zscore           None              0.0                all   0.904762 0.974359  0.938272
 omi-8.txt robust_zscore           None              3.0                all   0.358025 0.935484  0.517857
 omi-9.txt robust_zscore           None              1.5                all   0.496183 0.915493  0.643564
2025-04-18 14:13:21,816 - INFO - 
===== Overall Metrics =====
Precision: 0.4926  Recall: 0.9577  F1: 0.6506
2025-04-18 14:13:21,816 - INFO - 
【原始汇总指标】
2025-04-18 14:13:21,816 - INFO - 精确率(Precision): 0.4926
2025-04-18 14:13:21,816 - INFO - 召回率(Recall):    0.9577
2025-04-18 14:13:21,816 - INFO - F1值:             0.6506
2025-04-18 14:13:21,817 - INFO - 
==================================================
2025-04-18 14:13:21,817 - INFO - 开始生成可视化结果...
2025-04-18 14:13:21,817 - INFO - 
==================================================
2025-04-18 14:13:21,817 - INFO - 开始数据集可视化: omi-1
2025-04-18 14:13:21,817 - INFO - 使用参数: 评分模式=robust_zscore, all=None, 阈值=1.5
2025-04-18 14:13:21,817 - INFO - ==================================================

2025-04-18 14:13:21,817 - INFO - 正在加载数据集 omi-1 的数据
2025-04-18 14:13:21,818 - INFO - 数据加载成功。训练集形状: (8640, 19), 测试集形状: (4320, 19)
2025-04-18 14:13:21,818 - INFO - 正在计算边缘统计量...
2025-04-18 14:13:24,833 - INFO - 已计算 170 条边的统计量
2025-04-18 14:13:24,833 - INFO - 为每个节点使用所有邻居
2025-04-18 14:13:24,833 - INFO - 可视化结果将保存到: ./visual/omi/neighbor_all/robust_zscore/omi-1
2025-04-18 14:13:24,834 - INFO - 在数据集中发现 7 个异常时间段
2025-04-18 14:13:24,834 - INFO - 
正在处理时间段 1/7: 760-765
2025-04-18 14:13:24,834 - INFO - 该时间段的真实异常节点: {4, 5, 7, 8, 9, 10, 11, 12, 13, 14, 15, 16, 17, 18, 19}
2025-04-18 14:13:24,834 - INFO - 正在计算异常分数...
2025-04-18 14:13:24,836 - INFO - 检测到的异常节点: {1, 4, 7, 8, 9, 10, 11, 12, 13, 14, 15, 16, 17, 18, 19}
2025-04-18 14:13:24,837 - INFO - 正在为时间段 760-765 生成可视化
2025-04-18 14:13:24,837 - INFO - 正在为时间段 760-765 生成异常图可视化
2025-04-18 14:13:24,837 - DEBUG - 创建包含 19 个节点的图结构
2025-04-18 14:13:24,838 - DEBUG - 边统计: 正常边 218 条, 异常边 22 条
2025-04-18 14:13:24,972 - DEBUG - 正在保存可视化结果到 ./visual/omi/neighbor_all/robust_zscore/omi-1/seg_0_760_765.png
2025-04-18 14:13:25,199 - INFO - 成功保存时间段 760-765 的可视化结果
2025-04-18 14:13:25,200 - INFO - 
正在处理时间段 2/7: 1064-1298
2025-04-18 14:13:25,200 - INFO - 该时间段的真实异常节点: {6, 7, 9, 10, 11, 12, 13, 14, 15, 16, 17, 18, 19}
2025-04-18 14:13:25,200 - INFO - 正在计算异常分数...
2025-04-18 14:13:25,343 - INFO - 检测到的异常节点: {1, 3, 4, 5, 6, 7, 8, 9, 10, 11, 12, 13, 14, 15, 16, 17, 18, 19}
2025-04-18 14:13:25,343 - INFO - 正在为时间段 1064-1298 生成可视化
2025-04-18 14:13:25,343 - INFO - 正在为时间段 1064-1298 生成异常图可视化
2025-04-18 14:13:25,343 - DEBUG - 创建包含 19 个节点的图结构
2025-04-18 14:13:25,344 - DEBUG - 边统计: 正常边 284 条, 异常边 22 条
2025-04-18 14:13:25,399 - DEBUG - 正在保存可视化结果到 ./visual/omi/neighbor_all/robust_zscore/omi-1/seg_1_1064_1298.png
2025-04-18 14:13:25,646 - INFO - 成功保存时间段 1064-1298 的可视化结果
2025-04-18 14:13:25,646 - INFO - 
正在处理时间段 3/7: 2758-2772
2025-04-18 14:13:25,646 - INFO - 该时间段的真实异常节点: {5, 6, 7, 8, 9, 10, 11, 12, 13, 14, 15, 16, 17, 18, 19}
2025-04-18 14:13:25,646 - INFO - 正在计算异常分数...
2025-04-18 14:13:25,656 - INFO - 检测到的异常节点: {1, 4, 5, 6, 7, 8, 9, 10, 11, 12, 13, 14, 15, 16, 17, 18, 19}
2025-04-18 14:13:25,656 - INFO - 正在为时间段 2758-2772 生成可视化
2025-04-18 14:13:25,656 - INFO - 正在为时间段 2758-2772 生成异常图可视化
2025-04-18 14:13:25,656 - DEBUG - 创建包含 19 个节点的图结构
2025-04-18 14:13:25,657 - DEBUG - 边统计: 正常边 218 条, 异常边 54 条
2025-04-18 14:13:25,716 - DEBUG - 正在保存可视化结果到 ./visual/omi/neighbor_all/robust_zscore/omi-1/seg_2_2758_2772.png
2025-04-18 14:13:25,935 - INFO - 成功保存时间段 2758-2772 的可视化结果
2025-04-18 14:13:25,935 - INFO - 
正在处理时间段 4/7: 2874-2885
2025-04-18 14:13:25,935 - INFO - 该时间段的真实异常节点: {7, 9, 10, 11, 12, 13, 14, 15, 16, 17, 18}
2025-04-18 14:13:25,935 - INFO - 正在计算异常分数...
2025-04-18 14:13:25,942 - INFO - 检测到的异常节点: {1, 4, 5, 6, 7, 8, 9, 10, 11, 12, 13, 14, 15, 16, 17, 18, 19}
2025-04-18 14:13:25,942 - INFO - 正在为时间段 2874-2885 生成可视化
2025-04-18 14:13:25,942 - INFO - 正在为时间段 2874-2885 生成异常图可视化
2025-04-18 14:13:25,942 - DEBUG - 创建包含 19 个节点的图结构
2025-04-18 14:13:25,943 - DEBUG - 边统计: 正常边 250 条, 异常边 22 条
2025-04-18 14:13:26,001 - DEBUG - 正在保存可视化结果到 ./visual/omi/neighbor_all/robust_zscore/omi-1/seg_3_2874_2885.png
2025-04-18 14:13:26,218 - INFO - 成功保存时间段 2874-2885 的可视化结果
2025-04-18 14:13:26,218 - INFO - 
正在处理时间段 5/7: 3012-3025
2025-04-18 14:13:26,218 - INFO - 该时间段的真实异常节点: {7, 10, 11, 12, 13, 14, 15, 16, 17, 18, 19}
2025-04-18 14:13:26,218 - INFO - 正在计算异常分数...
2025-04-18 14:13:26,227 - INFO - 检测到的异常节点: {1, 4, 5, 6, 7, 8, 9, 10, 11, 12, 13, 14, 15, 16, 17, 18, 19}
2025-04-18 14:13:26,227 - INFO - 正在为时间段 3012-3025 生成可视化
2025-04-18 14:13:26,227 - INFO - 正在为时间段 3012-3025 生成异常图可视化
2025-04-18 14:13:26,227 - DEBUG - 创建包含 19 个节点的图结构
2025-04-18 14:13:26,228 - DEBUG - 边统计: 正常边 232 条, 异常边 40 条
2025-04-18 14:13:26,287 - DEBUG - 正在保存可视化结果到 ./visual/omi/neighbor_all/robust_zscore/omi-1/seg_4_3012_3025.png
2025-04-18 14:13:26,508 - INFO - 成功保存时间段 3012-3025 的可视化结果
2025-04-18 14:13:26,509 - INFO - 
正在处理时间段 6/7: 3160-3305
2025-04-18 14:13:26,509 - INFO - 该时间段的真实异常节点: {8, 9, 10, 11, 12, 13, 14, 15, 16, 17, 18, 19}
2025-04-18 14:13:26,509 - INFO - 正在计算异常分数...
2025-04-18 14:13:26,598 - INFO - 检测到的异常节点: {1, 3, 4, 5, 6, 7, 8, 9, 10, 11, 12, 13, 14, 15, 16, 17, 18, 19}
2025-04-18 14:13:26,598 - INFO - 正在为时间段 3160-3305 生成可视化
2025-04-18 14:13:26,598 - INFO - 正在为时间段 3160-3305 生成异常图可视化
2025-04-18 14:13:26,598 - DEBUG - 创建包含 19 个节点的图结构
2025-04-18 14:13:26,600 - DEBUG - 边统计: 正常边 304 条, 异常边 2 条
2025-04-18 14:13:26,656 - DEBUG - 正在保存可视化结果到 ./visual/omi/neighbor_all/robust_zscore/omi-1/seg_5_3160_3305.png
2025-04-18 14:13:26,914 - INFO - 成功保存时间段 3160-3305 的可视化结果
2025-04-18 14:13:26,915 - INFO - 
正在处理时间段 7/7: 3626-3638
2025-04-18 14:13:26,915 - INFO - 该时间段的真实异常节点: {7, 9, 10, 11, 12, 13, 14, 15, 16, 17, 18, 19}
2025-04-18 14:13:26,915 - INFO - 正在计算异常分数...
2025-04-18 14:13:26,924 - INFO - 检测到的异常节点: {1, 4, 5, 6, 7, 8, 9, 10, 11, 12, 13, 14, 15, 16, 17, 18, 19}
2025-04-18 14:13:26,924 - INFO - 正在为时间段 3626-3638 生成可视化
2025-04-18 14:13:26,924 - INFO - 正在为时间段 3626-3638 生成异常图可视化
2025-04-18 14:13:26,924 - DEBUG - 创建包含 19 个节点的图结构
2025-04-18 14:13:26,925 - DEBUG - 边统计: 正常边 234 条, 异常边 38 条
2025-04-18 14:13:27,100 - DEBUG - 正在保存可视化结果到 ./visual/omi/neighbor_all/robust_zscore/omi-1/seg_6_3626_3638.png
2025-04-18 14:13:27,324 - INFO - 成功保存时间段 3626-3638 的可视化结果
2025-04-18 14:13:27,325 - INFO - 正在从 ./visual/omi/neighbor_all/robust_zscore/omi-1 中的图像创建GIF
2025-04-18 14:13:27,781 - INFO - GIF已保存到 ./visual/omi/neighbor_all/robust_zscore/omi-1/omi-1.gif
2025-04-18 14:13:27,781 - INFO - 
==================================================
2025-04-18 14:13:27,781 - INFO - 开始数据集可视化: omi-10
2025-04-18 14:13:27,781 - INFO - 使用参数: 评分模式=robust_zscore, all=None, 阈值=6.0
2025-04-18 14:13:27,781 - INFO - ==================================================

2025-04-18 14:13:27,781 - INFO - 正在加载数据集 omi-10 的数据
2025-04-18 14:13:27,782 - INFO - 数据加载成功。训练集形状: (8640, 19), 测试集形状: (4320, 19)
2025-04-18 14:13:27,782 - INFO - 正在计算边缘统计量...
2025-04-18 14:13:30,871 - INFO - 已计算 136 条边的统计量
2025-04-18 14:13:30,871 - INFO - 为每个节点使用所有邻居
2025-04-18 14:13:30,871 - INFO - 可视化结果将保存到: ./visual/omi/neighbor_all/robust_zscore/omi-10
2025-04-18 14:13:30,872 - INFO - 在数据集中发现 8 个异常时间段
2025-04-18 14:13:30,872 - INFO - 
正在处理时间段 1/8: 740-780
2025-04-18 14:13:30,872 - INFO - 该时间段的真实异常节点: {2, 5, 6, 7, 8, 9, 10, 11, 12, 13, 14, 15, 16, 17, 18, 19}
2025-04-18 14:13:30,872 - INFO - 正在计算异常分数...
2025-04-18 14:13:30,904 - INFO - 检测到的异常节点: {1, 4, 5, 6, 7, 8, 9, 10, 11, 12, 13, 14, 15, 16, 17, 18, 19}
2025-04-18 14:13:30,904 - INFO - 正在为时间段 740-780 生成可视化
2025-04-18 14:13:30,904 - INFO - 正在为时间段 740-780 生成异常图可视化
2025-04-18 14:13:30,904 - DEBUG - 创建包含 19 个节点的图结构
2025-04-18 14:13:30,905 - DEBUG - 边统计: 正常边 166 条, 异常边 106 条
2025-04-18 14:13:30,964 - DEBUG - 正在保存可视化结果到 ./visual/omi/neighbor_all/robust_zscore/omi-10/seg_0_740_780.png
2025-04-18 14:13:31,185 - INFO - 成功保存时间段 740-780 的可视化结果
2025-04-18 14:13:31,185 - INFO - 
正在处理时间段 2/8: 1345-1406
2025-04-18 14:13:31,185 - INFO - 该时间段的真实异常节点: {7, 9, 10, 11, 12, 13, 14, 15, 16, 17, 18}
2025-04-18 14:13:31,185 - INFO - 正在计算异常分数...
2025-04-18 14:13:31,233 - INFO - 检测到的异常节点: {1, 4, 5, 6, 7, 8, 9, 10, 11, 12, 13, 14, 15, 16, 17, 18, 19}
2025-04-18 14:13:31,233 - INFO - 正在为时间段 1345-1406 生成可视化
2025-04-18 14:13:31,233 - INFO - 正在为时间段 1345-1406 生成异常图可视化
2025-04-18 14:13:31,234 - DEBUG - 创建包含 19 个节点的图结构
2025-04-18 14:13:31,235 - DEBUG - 边统计: 正常边 268 条, 异常边 4 条
2025-04-18 14:13:31,293 - DEBUG - 正在保存可视化结果到 ./visual/omi/neighbor_all/robust_zscore/omi-10/seg_1_1345_1406.png
2025-04-18 14:13:31,512 - INFO - 成功保存时间段 1345-1406 的可视化结果
2025-04-18 14:13:31,512 - INFO - 
正在处理时间段 3/8: 2224-2272
2025-04-18 14:13:31,512 - INFO - 该时间段的真实异常节点: {4, 5, 6, 7, 9, 10, 11, 12, 13, 14, 15, 16, 17, 18, 19}
2025-04-18 14:13:31,512 - INFO - 正在计算异常分数...
2025-04-18 14:13:31,550 - INFO - 检测到的异常节点: {1, 4, 5, 6, 7, 8, 9, 10, 11, 12, 13, 14, 15, 16, 17, 18, 19}
2025-04-18 14:13:31,550 - INFO - 正在为时间段 2224-2272 生成可视化
2025-04-18 14:13:31,550 - INFO - 正在为时间段 2224-2272 生成异常图可视化
2025-04-18 14:13:31,550 - DEBUG - 创建包含 19 个节点的图结构
2025-04-18 14:13:31,551 - DEBUG - 边统计: 正常边 264 条, 异常边 8 条
2025-04-18 14:13:31,610 - DEBUG - 正在保存可视化结果到 ./visual/omi/neighbor_all/robust_zscore/omi-10/seg_2_2224_2272.png
2025-04-18 14:13:31,829 - INFO - 成功保存时间段 2224-2272 的可视化结果
2025-04-18 14:13:31,829 - INFO - 
正在处理时间段 4/8: 2514-2592
2025-04-18 14:13:31,829 - INFO - 该时间段的真实异常节点: {16, 4}
2025-04-18 14:13:31,830 - INFO - 正在计算异常分数...
2025-04-18 14:13:31,889 - INFO - 检测到的异常节点: {1, 4, 5, 6, 7, 8, 9, 10, 11, 12, 13, 14, 15, 16, 17, 18, 19}
2025-04-18 14:13:31,889 - INFO - 正在为时间段 2514-2592 生成可视化
2025-04-18 14:13:31,889 - INFO - 正在为时间段 2514-2592 生成异常图可视化
2025-04-18 14:13:31,889 - DEBUG - 创建包含 19 个节点的图结构
2025-04-18 14:13:31,890 - DEBUG - 边统计: 正常边 272 条, 异常边 0 条
2025-04-18 14:13:31,949 - DEBUG - 正在保存可视化结果到 ./visual/omi/neighbor_all/robust_zscore/omi-10/seg_3_2514_2592.png
2025-04-18 14:13:32,168 - INFO - 成功保存时间段 2514-2592 的可视化结果
2025-04-18 14:13:32,168 - INFO - 
正在处理时间段 5/8: 2733-2778
2025-04-18 14:13:32,168 - INFO - 该时间段的真实异常节点: {11, 14, 15}
2025-04-18 14:13:32,168 - INFO - 正在计算异常分数...
2025-04-18 14:13:32,201 - INFO - 检测到的异常节点: {1, 4, 5, 7, 8, 9, 10, 11, 12, 13, 14, 15, 16, 17, 18, 19}
2025-04-18 14:13:32,201 - INFO - 正在为时间段 2733-2778 生成可视化
2025-04-18 14:13:32,201 - INFO - 正在为时间段 2733-2778 生成异常图可视化
2025-04-18 14:13:32,201 - DEBUG - 创建包含 19 个节点的图结构
2025-04-18 14:13:32,202 - DEBUG - 边统计: 正常边 238 条, 异常边 2 条
2025-04-18 14:13:32,263 - DEBUG - 正在保存可视化结果到 ./visual/omi/neighbor_all/robust_zscore/omi-10/seg_4_2733_2778.png
2025-04-18 14:13:32,482 - INFO - 成功保存时间段 2733-2778 的可视化结果
2025-04-18 14:13:32,482 - INFO - 
正在处理时间段 6/8: 3401-3405
2025-04-18 14:13:32,482 - INFO - 该时间段的真实异常节点: {1}
2025-04-18 14:13:32,482 - INFO - 正在计算异常分数...
2025-04-18 14:13:32,483 - INFO - 检测到的异常节点: {1, 4, 5, 6, 11, 16}
2025-04-18 14:13:32,483 - INFO - 正在为时间段 3401-3405 生成可视化
2025-04-18 14:13:32,483 - INFO - 正在为时间段 3401-3405 生成异常图可视化
2025-04-18 14:13:32,484 - DEBUG - 创建包含 19 个节点的图结构
2025-04-18 14:13:32,485 - DEBUG - 边统计: 正常边 252 条, 异常边 20 条
2025-04-18 14:13:32,543 - DEBUG - 正在保存可视化结果到 ./visual/omi/neighbor_all/robust_zscore/omi-10/seg_5_3401_3405.png
2025-04-18 14:13:32,762 - INFO - 成功保存时间段 3401-3405 的可视化结果
2025-04-18 14:13:32,762 - INFO - 
正在处理时间段 7/8: 3414-3459
2025-04-18 14:13:32,762 - INFO - 该时间段的真实异常节点: {8}
2025-04-18 14:13:32,762 - INFO - 正在计算异常分数...
2025-04-18 14:13:32,797 - INFO - 检测到的异常节点: {1, 4, 5, 6, 7, 8, 9, 10, 11, 12, 13, 14, 15, 16, 17, 18, 19}
2025-04-18 14:13:32,797 - INFO - 正在为时间段 3414-3459 生成可视化
2025-04-18 14:13:32,797 - INFO - 正在为时间段 3414-3459 生成异常图可视化
2025-04-18 14:13:32,797 - DEBUG - 创建包含 19 个节点的图结构
2025-04-18 14:13:32,799 - DEBUG - 边统计: 正常边 234 条, 异常边 38 条
2025-04-18 14:13:32,856 - DEBUG - 正在保存可视化结果到 ./visual/omi/neighbor_all/robust_zscore/omi-10/seg_6_3414_3459.png
2025-04-18 14:13:33,077 - INFO - 成功保存时间段 3414-3459 的可视化结果
2025-04-18 14:13:33,077 - INFO - 
正在处理时间段 8/8: 3700-3744
2025-04-18 14:13:33,077 - INFO - 该时间段的真实异常节点: {7, 8, 9, 10, 11, 12, 13, 14, 15, 16, 17, 18}
2025-04-18 14:13:33,077 - INFO - 正在计算异常分数...
2025-04-18 14:13:33,111 - INFO - 检测到的异常节点: {1, 4, 5, 6, 7, 8, 9, 10, 11, 12, 13, 14, 15, 16, 17, 18, 19}
2025-04-18 14:13:33,112 - INFO - 正在为时间段 3700-3744 生成可视化
2025-04-18 14:13:33,112 - INFO - 正在为时间段 3700-3744 生成异常图可视化
2025-04-18 14:13:33,112 - DEBUG - 创建包含 19 个节点的图结构
2025-04-18 14:13:33,113 - DEBUG - 边统计: 正常边 228 条, 异常边 44 条
2025-04-18 14:13:33,170 - DEBUG - 正在保存可视化结果到 ./visual/omi/neighbor_all/robust_zscore/omi-10/seg_7_3700_3744.png
2025-04-18 14:13:33,390 - INFO - 成功保存时间段 3700-3744 的可视化结果
2025-04-18 14:13:33,390 - INFO - 正在从 ./visual/omi/neighbor_all/robust_zscore/omi-10 中的图像创建GIF
2025-04-18 14:13:33,912 - INFO - GIF已保存到 ./visual/omi/neighbor_all/robust_zscore/omi-10/omi-10.gif
2025-04-18 14:13:33,913 - INFO - 
==================================================
2025-04-18 14:13:33,913 - INFO - 开始数据集可视化: omi-11
2025-04-18 14:13:33,913 - INFO - 使用参数: 评分模式=robust_zscore, all=None, 阈值=0.0
2025-04-18 14:13:33,913 - INFO - ==================================================

2025-04-18 14:13:33,913 - INFO - 正在加载数据集 omi-11 的数据
2025-04-18 14:13:33,914 - INFO - 数据加载成功。训练集形状: (8640, 19), 测试集形状: (4320, 19)
2025-04-18 14:13:33,914 - INFO - 正在计算边缘统计量...
2025-04-18 14:13:36,985 - INFO - 已计算 153 条边的统计量
2025-04-18 14:13:36,985 - INFO - 为每个节点使用所有邻居
2025-04-18 14:13:36,986 - INFO - 可视化结果将保存到: ./visual/omi/neighbor_all/robust_zscore/omi-11
2025-04-18 14:13:36,986 - INFO - 在数据集中发现 9 个异常时间段
2025-04-18 14:13:36,987 - INFO - 
正在处理时间段 1/9: 738-755
2025-04-18 14:13:36,987 - INFO - 该时间段的真实异常节点: {2}
2025-04-18 14:13:36,987 - INFO - 正在计算异常分数...
2025-04-18 14:13:36,998 - INFO - 检测到的异常节点: {4, 5, 6, 7, 8, 9, 10, 11, 12, 13, 14, 15, 16, 17, 18, 19}
2025-04-18 14:13:36,998 - INFO - 正在为时间段 738-755 生成可视化
2025-04-18 14:13:36,998 - INFO - 正在为时间段 738-755 生成异常图可视化
2025-04-18 14:13:36,998 - DEBUG - 创建包含 19 个节点的图结构
2025-04-18 14:13:36,999 - DEBUG - 边统计: 正常边 240 条, 异常边 0 条
2025-04-18 14:13:37,063 - DEBUG - 正在保存可视化结果到 ./visual/omi/neighbor_all/robust_zscore/omi-11/seg_0_738_755.png
2025-04-18 14:13:37,279 - INFO - 成功保存时间段 738-755 的可视化结果
2025-04-18 14:13:37,279 - INFO - 
正在处理时间段 2/9: 757-815
2025-04-18 14:13:37,279 - INFO - 该时间段的真实异常节点: set()
2025-04-18 14:13:37,279 - INFO - 正在计算异常分数...
2025-04-18 14:13:37,326 - INFO - 检测到的异常节点: {1, 4, 5, 6, 7, 8, 9, 10, 11, 12, 13, 14, 15, 16, 17, 18, 19}
2025-04-18 14:13:37,326 - INFO - 正在为时间段 757-815 生成可视化
2025-04-18 14:13:37,326 - INFO - 正在为时间段 757-815 生成异常图可视化
2025-04-18 14:13:37,326 - DEBUG - 创建包含 19 个节点的图结构
2025-04-18 14:13:37,327 - DEBUG - 边统计: 正常边 248 条, 异常边 24 条
2025-04-18 14:13:37,386 - DEBUG - 正在保存可视化结果到 ./visual/omi/neighbor_all/robust_zscore/omi-11/seg_1_757_815.png
2025-04-18 14:13:37,609 - INFO - 成功保存时间段 757-815 的可视化结果
2025-04-18 14:13:37,609 - INFO - 
正在处理时间段 3/9: 1366-1375
2025-04-18 14:13:37,609 - INFO - 该时间段的真实异常节点: {4, 5, 8, 17, 19}
2025-04-18 14:13:37,609 - INFO - 正在计算异常分数...
2025-04-18 14:13:37,615 - INFO - 检测到的异常节点: {1, 4, 5, 6, 7, 8, 9, 10, 11, 12, 13, 14, 15, 16, 17, 18, 19}
2025-04-18 14:13:37,615 - INFO - 正在为时间段 1366-1375 生成可视化
2025-04-18 14:13:37,615 - INFO - 正在为时间段 1366-1375 生成异常图可视化
2025-04-18 14:13:37,615 - DEBUG - 创建包含 19 个节点的图结构
2025-04-18 14:13:37,616 - DEBUG - 边统计: 正常边 210 条, 异常边 62 条
2025-04-18 14:13:37,675 - DEBUG - 正在保存可视化结果到 ./visual/omi/neighbor_all/robust_zscore/omi-11/seg_2_1366_1375.png
2025-04-18 14:13:37,896 - INFO - 成功保存时间段 1366-1375 的可视化结果
2025-04-18 14:13:37,897 - INFO - 
正在处理时间段 4/9: 2301-2314
2025-04-18 14:13:37,897 - INFO - 该时间段的真实异常节点: {17, 19, 4, 5}
2025-04-18 14:13:37,897 - INFO - 正在计算异常分数...
2025-04-18 14:13:37,906 - INFO - 检测到的异常节点: {1, 4, 5, 6, 7, 8, 9, 10, 11, 12, 13, 14, 15, 16, 17, 18, 19}
2025-04-18 14:13:37,906 - INFO - 正在为时间段 2301-2314 生成可视化
2025-04-18 14:13:37,906 - INFO - 正在为时间段 2301-2314 生成异常图可视化
2025-04-18 14:13:37,906 - DEBUG - 创建包含 19 个节点的图结构
2025-04-18 14:13:37,907 - DEBUG - 边统计: 正常边 232 条, 异常边 40 条
2025-04-18 14:13:38,053 - DEBUG - 正在保存可视化结果到 ./visual/omi/neighbor_all/robust_zscore/omi-11/seg_3_2301_2314.png
2025-04-18 14:13:38,275 - INFO - 成功保存时间段 2301-2314 的可视化结果
2025-04-18 14:13:38,276 - INFO - 
正在处理时间段 5/9: 2365-2381
2025-04-18 14:13:38,276 - INFO - 该时间段的真实异常节点: {19}
2025-04-18 14:13:38,276 - INFO - 正在计算异常分数...
2025-04-18 14:13:38,286 - INFO - 检测到的异常节点: {4, 6, 7, 8, 9, 10, 11, 12, 13, 14, 15, 16, 17, 18, 19}
2025-04-18 14:13:38,286 - INFO - 正在为时间段 2365-2381 生成可视化
2025-04-18 14:13:38,286 - INFO - 正在为时间段 2365-2381 生成异常图可视化
2025-04-18 14:13:38,286 - DEBUG - 创建包含 19 个节点的图结构
2025-04-18 14:13:38,287 - DEBUG - 边统计: 正常边 168 条, 异常边 42 条
2025-04-18 14:13:38,346 - DEBUG - 正在保存可视化结果到 ./visual/omi/neighbor_all/robust_zscore/omi-11/seg_4_2365_2381.png
2025-04-18 14:13:38,564 - INFO - 成功保存时间段 2365-2381 的可视化结果
2025-04-18 14:13:38,565 - INFO - 
正在处理时间段 6/9: 2464-2485
2025-04-18 14:13:38,565 - INFO - 该时间段的真实异常节点: {17, 19, 4, 5}
2025-04-18 14:13:38,565 - INFO - 正在计算异常分数...
2025-04-18 14:13:38,581 - INFO - 检测到的异常节点: {1, 4, 5, 6, 7, 8, 9, 10, 11, 12, 13, 14, 15, 16, 17, 18, 19}
2025-04-18 14:13:38,581 - INFO - 正在为时间段 2464-2485 生成可视化
2025-04-18 14:13:38,581 - INFO - 正在为时间段 2464-2485 生成异常图可视化
2025-04-18 14:13:38,581 - DEBUG - 创建包含 19 个节点的图结构
2025-04-18 14:13:38,582 - DEBUG - 边统计: 正常边 236 条, 异常边 36 条
2025-04-18 14:13:38,641 - DEBUG - 正在保存可视化结果到 ./visual/omi/neighbor_all/robust_zscore/omi-11/seg_5_2464_2485.png
2025-04-18 14:13:38,861 - INFO - 成功保存时间段 2464-2485 的可视化结果
2025-04-18 14:13:38,861 - INFO - 
正在处理时间段 7/9: 2588-2610
2025-04-18 14:13:38,862 - INFO - 该时间段的真实异常节点: {17, 19, 4, 5}
2025-04-18 14:13:38,862 - INFO - 正在计算异常分数...
2025-04-18 14:13:38,877 - INFO - 检测到的异常节点: {1, 4, 5, 6, 7, 8, 9, 10, 11, 12, 13, 14, 15, 16, 17, 18, 19}
2025-04-18 14:13:38,877 - INFO - 正在为时间段 2588-2610 生成可视化
2025-04-18 14:13:38,877 - INFO - 正在为时间段 2588-2610 生成异常图可视化
2025-04-18 14:13:38,878 - DEBUG - 创建包含 19 个节点的图结构
2025-04-18 14:13:38,879 - DEBUG - 边统计: 正常边 216 条, 异常边 56 条
2025-04-18 14:13:38,937 - DEBUG - 正在保存可视化结果到 ./visual/omi/neighbor_all/robust_zscore/omi-11/seg_6_2588_2610.png
2025-04-18 14:13:39,158 - INFO - 成功保存时间段 2588-2610 的可视化结果
2025-04-18 14:13:39,158 - INFO - 
正在处理时间段 8/9: 2650-2675
2025-04-18 14:13:39,158 - INFO - 该时间段的真实异常节点: {19}
2025-04-18 14:13:39,158 - INFO - 正在计算异常分数...
2025-04-18 14:13:39,175 - INFO - 检测到的异常节点: {4, 5, 6, 7, 8, 9, 10, 11, 12, 13, 14, 15, 16, 17, 18, 19}
2025-04-18 14:13:39,175 - INFO - 正在为时间段 2650-2675 生成可视化
2025-04-18 14:13:39,175 - INFO - 正在为时间段 2650-2675 生成异常图可视化
2025-04-18 14:13:39,175 - DEBUG - 创建包含 19 个节点的图结构
2025-04-18 14:13:39,176 - DEBUG - 边统计: 正常边 192 条, 异常边 48 条
2025-04-18 14:13:39,236 - DEBUG - 正在保存可视化结果到 ./visual/omi/neighbor_all/robust_zscore/omi-11/seg_7_2650_2675.png
2025-04-18 14:13:39,453 - INFO - 成功保存时间段 2650-2675 的可视化结果
2025-04-18 14:13:39,454 - INFO - 
正在处理时间段 9/9: 3012-3072
2025-04-18 14:13:39,454 - INFO - 该时间段的真实异常节点: {1, 4, 5, 8, 17, 19}
2025-04-18 14:13:39,454 - INFO - 正在计算异常分数...
2025-04-18 14:13:39,503 - INFO - 检测到的异常节点: {1, 4, 5, 6, 7, 8, 9, 10, 11, 12, 13, 14, 15, 16, 17, 18, 19}
2025-04-18 14:13:39,503 - INFO - 正在为时间段 3012-3072 生成可视化
2025-04-18 14:13:39,503 - INFO - 正在为时间段 3012-3072 生成异常图可视化
2025-04-18 14:13:39,503 - DEBUG - 创建包含 19 个节点的图结构
2025-04-18 14:13:39,504 - DEBUG - 边统计: 正常边 272 条, 异常边 0 条
2025-04-18 14:13:39,563 - DEBUG - 正在保存可视化结果到 ./visual/omi/neighbor_all/robust_zscore/omi-11/seg_8_3012_3072.png
2025-04-18 14:13:39,782 - INFO - 成功保存时间段 3012-3072 的可视化结果
2025-04-18 14:13:39,782 - INFO - 正在从 ./visual/omi/neighbor_all/robust_zscore/omi-11 中的图像创建GIF
2025-04-18 14:13:40,369 - INFO - GIF已保存到 ./visual/omi/neighbor_all/robust_zscore/omi-11/omi-11.gif
2025-04-18 14:13:40,369 - INFO - 
==================================================
2025-04-18 14:13:40,369 - INFO - 开始数据集可视化: omi-12
2025-04-18 14:13:40,369 - INFO - 使用参数: 评分模式=robust_zscore, all=None, 阈值=0.0
2025-04-18 14:13:40,370 - INFO - ==================================================

2025-04-18 14:13:40,370 - INFO - 正在加载数据集 omi-12 的数据
2025-04-18 14:13:40,370 - INFO - 数据加载成功。训练集形状: (7291, 19), 测试集形状: (4320, 19)
2025-04-18 14:13:40,370 - INFO - 正在计算边缘统计量...
2025-04-18 14:13:42,686 - INFO - 已计算 133 条边的统计量
2025-04-18 14:13:42,686 - INFO - 为每个节点使用所有邻居
2025-04-18 14:13:42,687 - INFO - 可视化结果将保存到: ./visual/omi/neighbor_all/robust_zscore/omi-12
2025-04-18 14:13:42,687 - INFO - 在数据集中发现 5 个异常时间段
2025-04-18 14:13:42,688 - INFO - 
正在处理时间段 1/5: 740-813
2025-04-18 14:13:42,688 - INFO - 该时间段的真实异常节点: {1, 2, 6, 7, 8, 9, 10, 11, 12, 13, 14, 15, 16, 17, 18, 19}
2025-04-18 14:13:42,688 - INFO - 正在计算异常分数...
2025-04-18 14:13:42,745 - INFO - 检测到的异常节点: {1, 6, 7, 8, 9, 10, 11, 12, 13, 14, 15, 16, 17, 18, 19}
2025-04-18 14:13:42,746 - INFO - 正在为时间段 740-813 生成可视化
2025-04-18 14:13:42,746 - INFO - 正在为时间段 740-813 生成异常图可视化
2025-04-18 14:13:42,746 - DEBUG - 创建包含 19 个节点的图结构
2025-04-18 14:13:42,747 - DEBUG - 边统计: 正常边 140 条, 异常边 70 条
2025-04-18 14:13:42,817 - DEBUG - 正在保存可视化结果到 ./visual/omi/neighbor_all/robust_zscore/omi-12/seg_0_740_813.png
2025-04-18 14:13:43,040 - INFO - 成功保存时间段 740-813 的可视化结果
2025-04-18 14:13:43,040 - INFO - 
正在处理时间段 2/5: 2486-2493
2025-04-18 14:13:43,041 - INFO - 该时间段的真实异常节点: {4, 5}
2025-04-18 14:13:43,041 - INFO - 正在计算异常分数...
2025-04-18 14:13:43,044 - INFO - 检测到的异常节点: {1, 4, 5, 7, 8, 9, 10, 12, 13, 14, 15, 16, 17, 18, 19}
2025-04-18 14:13:43,044 - INFO - 正在为时间段 2486-2493 生成可视化
2025-04-18 14:13:43,044 - INFO - 正在为时间段 2486-2493 生成异常图可视化
2025-04-18 14:13:43,044 - DEBUG - 创建包含 19 个节点的图结构
2025-04-18 14:13:43,045 - DEBUG - 边统计: 正常边 170 条, 异常边 36 条
2025-04-18 14:13:43,106 - DEBUG - 正在保存可视化结果到 ./visual/omi/neighbor_all/robust_zscore/omi-12/seg_1_2486_2493.png
2025-04-18 14:13:43,325 - INFO - 成功保存时间段 2486-2493 的可视化结果
2025-04-18 14:13:43,325 - INFO - 
正在处理时间段 3/5: 2515-2525
2025-04-18 14:13:43,325 - INFO - 该时间段的真实异常节点: {1, 4, 5, 7, 8, 9, 17, 18}
2025-04-18 14:13:43,325 - INFO - 正在计算异常分数...
2025-04-18 14:13:43,332 - INFO - 检测到的异常节点: {1, 4, 5, 6, 7, 8, 9, 10, 11, 12, 13, 14, 15, 16, 17, 18, 19}
2025-04-18 14:13:43,332 - INFO - 正在为时间段 2515-2525 生成可视化
2025-04-18 14:13:43,332 - INFO - 正在为时间段 2515-2525 生成异常图可视化
2025-04-18 14:13:43,332 - DEBUG - 创建包含 19 个节点的图结构
2025-04-18 14:13:43,333 - DEBUG - 边统计: 正常边 190 条, 异常边 76 条
2025-04-18 14:13:43,392 - DEBUG - 正在保存可视化结果到 ./visual/omi/neighbor_all/robust_zscore/omi-12/seg_2_2515_2525.png
2025-04-18 14:13:43,616 - INFO - 成功保存时间段 2515-2525 的可视化结果
2025-04-18 14:13:43,616 - INFO - 
正在处理时间段 4/5: 2721-2723
2025-04-18 14:13:43,616 - INFO - 该时间段的真实异常节点: {4}
2025-04-18 14:13:43,617 - INFO - 正在计算异常分数...
2025-04-18 14:13:43,617 - INFO - 检测到的异常节点: set()
2025-04-18 14:13:43,617 - INFO - 正在为时间段 2721-2723 生成可视化
2025-04-18 14:13:43,617 - INFO - 正在为时间段 2721-2723 生成异常图可视化
2025-04-18 14:13:43,617 - DEBUG - 创建包含 19 个节点的图结构
2025-04-18 14:13:43,618 - DEBUG - 边统计: 正常边 40 条, 异常边 48 条
2025-04-18 14:13:43,677 - DEBUG - 正在保存可视化结果到 ./visual/omi/neighbor_all/robust_zscore/omi-12/seg_3_2721_2723.png
2025-04-18 14:13:43,893 - INFO - 成功保存时间段 2721-2723 的可视化结果
2025-04-18 14:13:43,893 - INFO - 
正在处理时间段 5/5: 3500-3535
2025-04-18 14:13:43,893 - INFO - 该时间段的真实异常节点: {5, 6, 7, 8, 11, 12, 13, 14, 15, 16, 17, 18, 19}
2025-04-18 14:13:43,893 - INFO - 正在计算异常分数...
2025-04-18 14:13:43,915 - INFO - 检测到的异常节点: {5, 6, 7, 8, 9, 10, 11, 12, 13, 14, 15, 16, 17, 18, 19}
2025-04-18 14:13:43,915 - INFO - 正在为时间段 3500-3535 生成可视化
2025-04-18 14:13:43,915 - INFO - 正在为时间段 3500-3535 生成异常图可视化
2025-04-18 14:13:43,915 - DEBUG - 创建包含 19 个节点的图结构
2025-04-18 14:13:43,916 - DEBUG - 边统计: 正常边 172 条, 异常边 38 条
2025-04-18 14:13:43,974 - DEBUG - 正在保存可视化结果到 ./visual/omi/neighbor_all/robust_zscore/omi-12/seg_4_3500_3535.png
2025-04-18 14:13:44,194 - INFO - 成功保存时间段 3500-3535 的可视化结果
2025-04-18 14:13:44,195 - INFO - 正在从 ./visual/omi/neighbor_all/robust_zscore/omi-12 中的图像创建GIF
2025-04-18 14:13:44,519 - INFO - GIF已保存到 ./visual/omi/neighbor_all/robust_zscore/omi-12/omi-12.gif
2025-04-18 14:13:44,520 - INFO - 
==================================================
2025-04-18 14:13:44,520 - INFO - 开始数据集可视化: omi-2
2025-04-18 14:13:44,520 - INFO - 使用参数: 评分模式=robust_zscore, all=None, 阈值=7.0
2025-04-18 14:13:44,520 - INFO - ==================================================

2025-04-18 14:13:44,520 - INFO - 正在加载数据集 omi-2 的数据
2025-04-18 14:13:44,521 - INFO - 数据加载成功。训练集形状: (8640, 19), 测试集形状: (4320, 19)
2025-04-18 14:13:44,521 - INFO - 正在计算边缘统计量...
2025-04-18 14:13:47,543 - INFO - 已计算 153 条边的统计量
2025-04-18 14:13:47,543 - INFO - 为每个节点使用所有邻居
2025-04-18 14:13:47,543 - INFO - 可视化结果将保存到: ./visual/omi/neighbor_all/robust_zscore/omi-2
2025-04-18 14:13:47,544 - INFO - 在数据集中发现 4 个异常时间段
2025-04-18 14:13:47,544 - INFO - 
正在处理时间段 1/4: 486-498
2025-04-18 14:13:47,544 - INFO - 该时间段的真实异常节点: {1, 4, 5}
2025-04-18 14:13:47,544 - INFO - 正在计算异常分数...
2025-04-18 14:13:47,552 - INFO - 检测到的异常节点: {1, 4, 5, 6, 7, 8, 9, 10, 11, 12, 13, 14, 15, 16, 17, 18, 19}
2025-04-18 14:13:47,552 - INFO - 正在为时间段 486-498 生成可视化
2025-04-18 14:13:47,552 - INFO - 正在为时间段 486-498 生成异常图可视化
2025-04-18 14:13:47,552 - DEBUG - 创建包含 19 个节点的图结构
2025-04-18 14:13:47,554 - DEBUG - 边统计: 正常边 272 条, 异常边 0 条
2025-04-18 14:13:47,610 - DEBUG - 正在保存可视化结果到 ./visual/omi/neighbor_all/robust_zscore/omi-2/seg_0_486_498.png
2025-04-18 14:13:47,829 - INFO - 成功保存时间段 486-498 的可视化结果
2025-04-18 14:13:47,829 - INFO - 
正在处理时间段 2/4: 740-753
2025-04-18 14:13:47,829 - INFO - 该时间段的真实异常节点: {2}
2025-04-18 14:13:47,829 - INFO - 正在计算异常分数...
2025-04-18 14:13:47,837 - INFO - 检测到的异常节点: {2, 4, 5, 6, 7, 8, 9, 10, 11, 12, 13, 14, 15, 16, 17, 18, 19}
2025-04-18 14:13:47,837 - INFO - 正在为时间段 740-753 生成可视化
2025-04-18 14:13:47,837 - INFO - 正在为时间段 740-753 生成异常图可视化
2025-04-18 14:13:47,838 - DEBUG - 创建包含 19 个节点的图结构
2025-04-18 14:13:47,839 - DEBUG - 边统计: 正常边 268 条, 异常边 4 条
2025-04-18 14:13:47,999 - DEBUG - 正在保存可视化结果到 ./visual/omi/neighbor_all/robust_zscore/omi-2/seg_1_740_753.png
2025-04-18 14:13:48,215 - INFO - 成功保存时间段 740-753 的可视化结果
2025-04-18 14:13:48,215 - INFO - 
正在处理时间段 3/4: 766-783
2025-04-18 14:13:48,215 - INFO - 该时间段的真实异常节点: {1, 5, 6, 7, 8, 9, 10, 11, 12, 13, 14, 15, 16, 17, 18, 19}
2025-04-18 14:13:48,215 - INFO - 正在计算异常分数...
2025-04-18 14:13:48,227 - INFO - 检测到的异常节点: {1, 4, 5, 6, 7, 8, 9, 10, 11, 12, 13, 14, 15, 16, 17, 18, 19}
2025-04-18 14:13:48,227 - INFO - 正在为时间段 766-783 生成可视化
2025-04-18 14:13:48,227 - INFO - 正在为时间段 766-783 生成异常图可视化
2025-04-18 14:13:48,227 - DEBUG - 创建包含 19 个节点的图结构
2025-04-18 14:13:48,228 - DEBUG - 边统计: 正常边 222 条, 异常边 50 条
2025-04-18 14:13:48,288 - DEBUG - 正在保存可视化结果到 ./visual/omi/neighbor_all/robust_zscore/omi-2/seg_2_766_783.png
2025-04-18 14:13:48,504 - INFO - 成功保存时间段 766-783 的可视化结果
2025-04-18 14:13:48,505 - INFO - 
正在处理时间段 4/4: 1436-1445
2025-04-18 14:13:48,505 - INFO - 该时间段的真实异常节点: {7, 9, 10, 11, 12, 13, 14, 15, 16, 17, 18}
2025-04-18 14:13:48,505 - INFO - 正在计算异常分数...
2025-04-18 14:13:48,510 - INFO - 检测到的异常节点: {1, 4, 5, 6, 7, 8, 9, 10, 11, 12, 13, 14, 15, 16, 17, 18, 19}
2025-04-18 14:13:48,510 - INFO - 正在为时间段 1436-1445 生成可视化
2025-04-18 14:13:48,510 - INFO - 正在为时间段 1436-1445 生成异常图可视化
2025-04-18 14:13:48,510 - DEBUG - 创建包含 19 个节点的图结构
2025-04-18 14:13:48,511 - DEBUG - 边统计: 正常边 270 条, 异常边 2 条
2025-04-18 14:13:48,569 - DEBUG - 正在保存可视化结果到 ./visual/omi/neighbor_all/robust_zscore/omi-2/seg_3_1436_1445.png
2025-04-18 14:13:48,784 - INFO - 成功保存时间段 1436-1445 的可视化结果
2025-04-18 14:13:48,784 - INFO - 正在从 ./visual/omi/neighbor_all/robust_zscore/omi-2 中的图像创建GIF
2025-04-18 14:13:49,028 - INFO - GIF已保存到 ./visual/omi/neighbor_all/robust_zscore/omi-2/omi-2.gif
2025-04-18 14:13:49,029 - INFO - 
==================================================
2025-04-18 14:13:49,029 - INFO - 开始数据集可视化: omi-3
2025-04-18 14:13:49,029 - INFO - 使用参数: 评分模式=robust_zscore, all=None, 阈值=5.0
2025-04-18 14:13:49,029 - INFO - ==================================================

2025-04-18 14:13:49,029 - INFO - 正在加载数据集 omi-3 的数据
2025-04-18 14:13:49,030 - INFO - 数据加载成功。训练集形状: (8640, 19), 测试集形状: (4320, 19)
2025-04-18 14:13:49,030 - INFO - 正在计算边缘统计量...
2025-04-18 14:13:51,987 - INFO - 已计算 136 条边的统计量
2025-04-18 14:13:51,987 - INFO - 为每个节点使用所有邻居
2025-04-18 14:13:51,987 - INFO - 可视化结果将保存到: ./visual/omi/neighbor_all/robust_zscore/omi-3
2025-04-18 14:13:51,988 - INFO - 在数据集中发现 6 个异常时间段
2025-04-18 14:13:51,988 - INFO - 
正在处理时间段 1/6: 760-820
2025-04-18 14:13:51,988 - INFO - 该时间段的真实异常节点: {1, 4, 6, 7, 8, 9, 10, 11, 12, 13, 14, 15, 16, 17, 18, 19}
2025-04-18 14:13:51,988 - INFO - 正在计算异常分数...
2025-04-18 14:13:52,043 - INFO - 检测到的异常节点: {1, 4, 5, 6, 7, 8, 9, 10, 11, 12, 13, 14, 15, 16, 17, 18, 19}
2025-04-18 14:13:52,043 - INFO - 正在为时间段 760-820 生成可视化
2025-04-18 14:13:52,043 - INFO - 正在为时间段 760-820 生成异常图可视化
2025-04-18 14:13:52,043 - DEBUG - 创建包含 19 个节点的图结构
2025-04-18 14:13:52,044 - DEBUG - 边统计: 正常边 248 条, 异常边 24 条
2025-04-18 14:13:52,104 - DEBUG - 正在保存可视化结果到 ./visual/omi/neighbor_all/robust_zscore/omi-3/seg_0_760_820.png
2025-04-18 14:13:52,312 - INFO - 成功保存时间段 760-820 的可视化结果
2025-04-18 14:13:52,312 - INFO - 
正在处理时间段 2/6: 842-860
2025-04-18 14:13:52,312 - INFO - 该时间段的真实异常节点: {7, 8, 9, 10, 11, 12, 13, 14, 15, 16, 17, 18, 19}
2025-04-18 14:13:52,312 - INFO - 正在计算异常分数...
2025-04-18 14:13:52,326 - INFO - 检测到的异常节点: {4, 5, 6, 7, 8, 9, 10, 11, 12, 13, 14, 15, 16, 17, 18, 19}
2025-04-18 14:13:52,327 - INFO - 正在为时间段 842-860 生成可视化
2025-04-18 14:13:52,327 - INFO - 正在为时间段 842-860 生成异常图可视化
2025-04-18 14:13:52,327 - DEBUG - 创建包含 19 个节点的图结构
2025-04-18 14:13:52,328 - DEBUG - 边统计: 正常边 224 条, 异常边 16 条
2025-04-18 14:13:52,388 - DEBUG - 正在保存可视化结果到 ./visual/omi/neighbor_all/robust_zscore/omi-3/seg_1_842_860.png
2025-04-18 14:13:52,595 - INFO - 成功保存时间段 842-860 的可视化结果
2025-04-18 14:13:52,595 - INFO - 
正在处理时间段 3/6: 1080-1120
2025-04-18 14:13:52,595 - INFO - 该时间段的真实异常节点: {7, 9, 10, 11, 12, 13, 14, 15, 16, 17, 18}
2025-04-18 14:13:52,595 - INFO - 正在计算异常分数...
2025-04-18 14:13:52,625 - INFO - 检测到的异常节点: {1, 4, 5, 6, 7, 8, 9, 10, 11, 12, 13, 14, 15, 16, 17, 18, 19}
2025-04-18 14:13:52,625 - INFO - 正在为时间段 1080-1120 生成可视化
2025-04-18 14:13:52,625 - INFO - 正在为时间段 1080-1120 生成异常图可视化
2025-04-18 14:13:52,625 - DEBUG - 创建包含 19 个节点的图结构
2025-04-18 14:13:52,626 - DEBUG - 边统计: 正常边 272 条, 异常边 0 条
2025-04-18 14:13:52,682 - DEBUG - 正在保存可视化结果到 ./visual/omi/neighbor_all/robust_zscore/omi-3/seg_2_1080_1120.png
2025-04-18 14:13:52,890 - INFO - 成功保存时间段 1080-1120 的可视化结果
2025-04-18 14:13:52,890 - INFO - 
正在处理时间段 4/6: 2188-2201
2025-04-18 14:13:52,890 - INFO - 该时间段的真实异常节点: {7, 9, 10, 11, 12, 13, 14, 15, 16, 17, 18, 19}
2025-04-18 14:13:52,890 - INFO - 正在计算异常分数...
2025-04-18 14:13:52,898 - INFO - 检测到的异常节点: {6, 7, 8, 9, 10, 11, 12, 13, 14, 15, 16, 17, 18, 19}
2025-04-18 14:13:52,898 - INFO - 正在为时间段 2188-2201 生成可视化
2025-04-18 14:13:52,899 - INFO - 正在为时间段 2188-2201 生成异常图可视化
2025-04-18 14:13:52,899 - DEBUG - 创建包含 19 个节点的图结构
2025-04-18 14:13:52,900 - DEBUG - 边统计: 正常边 258 条, 异常边 14 条
2025-04-18 14:13:52,955 - DEBUG - 正在保存可视化结果到 ./visual/omi/neighbor_all/robust_zscore/omi-3/seg_3_2188_2201.png
2025-04-18 14:13:53,166 - INFO - 成功保存时间段 2188-2201 的可视化结果
2025-04-18 14:13:53,166 - INFO - 
正在处理时间段 5/6: 2497-2500
2025-04-18 14:13:53,166 - INFO - 该时间段的真实异常节点: {6, 7, 9, 10, 11, 12, 13, 14, 15, 16, 17, 18, 19}
2025-04-18 14:13:53,166 - INFO - 正在计算异常分数...
2025-04-18 14:13:53,166 - INFO - 检测到的异常节点: set()
2025-04-18 14:13:53,166 - INFO - 正在为时间段 2497-2500 生成可视化
2025-04-18 14:13:53,166 - INFO - 正在为时间段 2497-2500 生成异常图可视化
2025-04-18 14:13:53,166 - DEBUG - 创建包含 19 个节点的图结构
2025-04-18 14:13:53,167 - DEBUG - 边统计: 正常边 208 条, 异常边 2 条
2025-04-18 14:13:53,224 - DEBUG - 正在保存可视化结果到 ./visual/omi/neighbor_all/robust_zscore/omi-3/seg_4_2497_2500.png
2025-04-18 14:13:53,433 - INFO - 成功保存时间段 2497-2500 的可视化结果
2025-04-18 14:13:53,433 - INFO - 
正在处理时间段 6/6: 3428-3434
2025-04-18 14:13:53,433 - INFO - 该时间段的真实异常节点: {7, 8, 9, 10, 11, 12, 13, 14, 15, 16, 17, 18, 19}
2025-04-18 14:13:53,433 - INFO - 正在计算异常分数...
2025-04-18 14:13:53,436 - INFO - 检测到的异常节点: {1, 4, 7, 8, 9, 10, 11, 12, 13, 14, 15, 16, 17, 18, 19}
2025-04-18 14:13:53,436 - INFO - 正在为时间段 3428-3434 生成可视化
2025-04-18 14:13:53,436 - INFO - 正在为时间段 3428-3434 生成异常图可视化
2025-04-18 14:13:53,436 - DEBUG - 创建包含 19 个节点的图结构
2025-04-18 14:13:53,437 - DEBUG - 边统计: 正常边 270 条, 异常边 2 条
2025-04-18 14:13:53,492 - DEBUG - 正在保存可视化结果到 ./visual/omi/neighbor_all/robust_zscore/omi-3/seg_5_3428_3434.png
2025-04-18 14:13:53,703 - INFO - 成功保存时间段 3428-3434 的可视化结果
2025-04-18 14:13:53,703 - INFO - 正在从 ./visual/omi/neighbor_all/robust_zscore/omi-3 中的图像创建GIF
2025-04-18 14:13:54,071 - INFO - GIF已保存到 ./visual/omi/neighbor_all/robust_zscore/omi-3/omi-3.gif
2025-04-18 14:13:54,071 - INFO - 
==================================================
2025-04-18 14:13:54,071 - INFO - 开始数据集可视化: omi-4
2025-04-18 14:13:54,071 - INFO - 使用参数: 评分模式=robust_zscore, all=None, 阈值=4.0
2025-04-18 14:13:54,071 - INFO - ==================================================

2025-04-18 14:13:54,071 - INFO - 正在加载数据集 omi-4 的数据
2025-04-18 14:13:54,072 - INFO - 数据加载成功。训练集形状: (8640, 19), 测试集形状: (4320, 19)
2025-04-18 14:13:54,072 - INFO - 正在计算边缘统计量...
2025-04-18 14:13:56,751 - INFO - 已计算 136 条边的统计量
2025-04-18 14:13:56,751 - INFO - 为每个节点使用所有邻居
2025-04-18 14:13:56,751 - INFO - 可视化结果将保存到: ./visual/omi/neighbor_all/robust_zscore/omi-4
2025-04-18 14:13:56,752 - INFO - 在数据集中发现 5 个异常时间段
2025-04-18 14:13:56,752 - INFO - 
正在处理时间段 1/5: 727-782
2025-04-18 14:13:56,752 - INFO - 该时间段的真实异常节点: {1, 2, 6, 7, 8, 9, 10, 11, 12, 13, 14, 15, 16, 17, 18, 19}
2025-04-18 14:13:56,752 - INFO - 正在计算异常分数...
2025-04-18 14:13:56,793 - INFO - 检测到的异常节点: {1, 4, 5, 6, 7, 8, 9, 10, 11, 12, 13, 14, 15, 16, 17, 18, 19}
2025-04-18 14:13:56,793 - INFO - 正在为时间段 727-782 生成可视化
2025-04-18 14:13:56,793 - INFO - 正在为时间段 727-782 生成异常图可视化
2025-04-18 14:13:56,793 - DEBUG - 创建包含 19 个节点的图结构
2025-04-18 14:13:56,794 - DEBUG - 边统计: 正常边 240 条, 异常边 32 条
2025-04-18 14:13:56,851 - DEBUG - 正在保存可视化结果到 ./visual/omi/neighbor_all/robust_zscore/omi-4/seg_0_727_782.png
2025-04-18 14:13:57,060 - INFO - 成功保存时间段 727-782 的可视化结果
2025-04-18 14:13:57,060 - INFO - 
正在处理时间段 2/5: 843-857
2025-04-18 14:13:57,060 - INFO - 该时间段的真实异常节点: {6, 7, 8, 9, 10, 11, 12, 13, 14, 15, 16, 17, 18, 19}
2025-04-18 14:13:57,060 - INFO - 正在计算异常分数...
2025-04-18 14:13:57,070 - INFO - 检测到的异常节点: {4, 5, 6, 7, 8, 9, 10, 11, 12, 13, 14, 15, 16, 17, 18, 19}
2025-04-18 14:13:57,070 - INFO - 正在为时间段 843-857 生成可视化
2025-04-18 14:13:57,070 - INFO - 正在为时间段 843-857 生成异常图可视化
2025-04-18 14:13:57,070 - DEBUG - 创建包含 19 个节点的图结构
2025-04-18 14:13:57,071 - DEBUG - 边统计: 正常边 236 条, 异常边 4 条
2025-04-18 14:13:57,128 - DEBUG - 正在保存可视化结果到 ./visual/omi/neighbor_all/robust_zscore/omi-4/seg_1_843_857.png
2025-04-18 14:13:57,334 - INFO - 成功保存时间段 843-857 的可视化结果
2025-04-18 14:13:57,334 - INFO - 
正在处理时间段 3/5: 2178-2238
2025-04-18 14:13:57,334 - INFO - 该时间段的真实异常节点: {8, 9, 10, 11, 12, 13, 14, 15, 16, 17, 18, 19}
2025-04-18 14:13:57,334 - INFO - 正在计算异常分数...
2025-04-18 14:13:57,378 - INFO - 检测到的异常节点: {1, 4, 5, 6, 7, 8, 9, 10, 11, 12, 13, 14, 15, 16, 17, 18, 19}
2025-04-18 14:13:57,378 - INFO - 正在为时间段 2178-2238 生成可视化
2025-04-18 14:13:57,378 - INFO - 正在为时间段 2178-2238 生成异常图可视化
2025-04-18 14:13:57,378 - DEBUG - 创建包含 19 个节点的图结构
2025-04-18 14:13:57,379 - DEBUG - 边统计: 正常边 272 条, 异常边 0 条
2025-04-18 14:13:57,506 - DEBUG - 正在保存可视化结果到 ./visual/omi/neighbor_all/robust_zscore/omi-4/seg_2_2178_2238.png
2025-04-18 14:13:57,716 - INFO - 成功保存时间段 2178-2238 的可视化结果
2025-04-18 14:13:57,716 - INFO - 
正在处理时间段 4/5: 2494-2501
2025-04-18 14:13:57,716 - INFO - 该时间段的真实异常节点: {7, 9, 10, 11, 12, 13, 14, 15, 16, 17, 18, 19}
2025-04-18 14:13:57,716 - INFO - 正在计算异常分数...
2025-04-18 14:13:57,720 - INFO - 检测到的异常节点: {6, 7, 9, 10, 11, 12, 13, 14, 15, 16, 17, 18, 19}
2025-04-18 14:13:57,720 - INFO - 正在为时间段 2494-2501 生成可视化
2025-04-18 14:13:57,720 - INFO - 正在为时间段 2494-2501 生成异常图可视化
2025-04-18 14:13:57,720 - DEBUG - 创建包含 19 个节点的图结构
2025-04-18 14:13:57,721 - DEBUG - 边统计: 正常边 218 条, 异常边 22 条
2025-04-18 14:13:57,778 - DEBUG - 正在保存可视化结果到 ./visual/omi/neighbor_all/robust_zscore/omi-4/seg_3_2494_2501.png
2025-04-18 14:13:57,983 - INFO - 成功保存时间段 2494-2501 的可视化结果
2025-04-18 14:13:57,983 - INFO - 
正在处理时间段 5/5: 3425-3435
2025-04-18 14:13:57,983 - INFO - 该时间段的真实异常节点: {7, 8, 9, 10, 11, 12, 13, 14, 15, 16, 17, 18, 19}
2025-04-18 14:13:57,983 - INFO - 正在计算异常分数...
2025-04-18 14:13:57,989 - INFO - 检测到的异常节点: {5, 6, 7, 8, 9, 10, 11, 12, 13, 14, 15, 16, 17, 18, 19}
2025-04-18 14:13:57,989 - INFO - 正在为时间段 3425-3435 生成可视化
2025-04-18 14:13:57,989 - INFO - 正在为时间段 3425-3435 生成异常图可视化
2025-04-18 14:13:57,989 - DEBUG - 创建包含 19 个节点的图结构
2025-04-18 14:13:57,990 - DEBUG - 边统计: 正常边 252 条, 异常边 20 条
2025-04-18 14:13:58,046 - DEBUG - 正在保存可视化结果到 ./visual/omi/neighbor_all/robust_zscore/omi-4/seg_4_3425_3435.png
2025-04-18 14:13:58,255 - INFO - 成功保存时间段 3425-3435 的可视化结果
2025-04-18 14:13:58,255 - INFO - 正在从 ./visual/omi/neighbor_all/robust_zscore/omi-4 中的图像创建GIF
2025-04-18 14:13:58,553 - INFO - GIF已保存到 ./visual/omi/neighbor_all/robust_zscore/omi-4/omi-4.gif
2025-04-18 14:13:58,553 - INFO - 
==================================================
2025-04-18 14:13:58,553 - INFO - 开始数据集可视化: omi-5
2025-04-18 14:13:58,553 - INFO - 使用参数: 评分模式=robust_zscore, all=None, 阈值=2.5
2025-04-18 14:13:58,553 - INFO - ==================================================

2025-04-18 14:13:58,553 - INFO - 正在加载数据集 omi-5 的数据
2025-04-18 14:13:58,554 - INFO - 数据加载成功。训练集形状: (8640, 19), 测试集形状: (4320, 19)
2025-04-18 14:13:58,554 - INFO - 正在计算边缘统计量...
2025-04-18 14:14:01,480 - INFO - 已计算 153 条边的统计量
2025-04-18 14:14:01,480 - INFO - 为每个节点使用所有邻居
2025-04-18 14:14:01,480 - INFO - 可视化结果将保存到: ./visual/omi/neighbor_all/robust_zscore/omi-5
2025-04-18 14:14:01,481 - INFO - 在数据集中发现 6 个异常时间段
2025-04-18 14:14:01,481 - INFO - 
正在处理时间段 1/6: 765-781
2025-04-18 14:14:01,482 - INFO - 该时间段的真实异常节点: {6, 7, 8, 9, 10, 11, 12, 13, 14, 15, 16, 17, 18, 19}
2025-04-18 14:14:01,482 - INFO - 正在计算异常分数...
2025-04-18 14:14:01,493 - INFO - 检测到的异常节点: {1, 2, 5, 6, 7, 8, 9, 10, 11, 12, 13, 14, 15, 16, 17, 18, 19}
2025-04-18 14:14:01,493 - INFO - 正在为时间段 765-781 生成可视化
2025-04-18 14:14:01,493 - INFO - 正在为时间段 765-781 生成异常图可视化
2025-04-18 14:14:01,493 - DEBUG - 创建包含 19 个节点的图结构
2025-04-18 14:14:01,494 - DEBUG - 边统计: 正常边 214 条, 异常边 92 条
2025-04-18 14:14:01,557 - DEBUG - 正在保存可视化结果到 ./visual/omi/neighbor_all/robust_zscore/omi-5/seg_0_765_781.png
2025-04-18 14:14:01,792 - INFO - 成功保存时间段 765-781 的可视化结果
2025-04-18 14:14:01,792 - INFO - 
正在处理时间段 2/6: 1589-1617
2025-04-18 14:14:01,792 - INFO - 该时间段的真实异常节点: {17, 2, 4}
2025-04-18 14:14:01,792 - INFO - 正在计算异常分数...
2025-04-18 14:14:01,816 - INFO - 检测到的异常节点: {1, 2, 4, 5, 6, 7, 8, 9, 10, 11, 12, 13, 14, 15, 16, 17, 18, 19}
2025-04-18 14:14:01,816 - INFO - 正在为时间段 1589-1617 生成可视化
2025-04-18 14:14:01,816 - INFO - 正在为时间段 1589-1617 生成异常图可视化
2025-04-18 14:14:01,816 - DEBUG - 创建包含 19 个节点的图结构
2025-04-18 14:14:01,818 - DEBUG - 边统计: 正常边 270 条, 异常边 36 条
2025-04-18 14:14:01,876 - DEBUG - 正在保存可视化结果到 ./visual/omi/neighbor_all/robust_zscore/omi-5/seg_1_1589_1617.png
2025-04-18 14:14:02,101 - INFO - 成功保存时间段 1589-1617 的可视化结果
2025-04-18 14:14:02,101 - INFO - 
正在处理时间段 3/6: 2440-2446
2025-04-18 14:14:02,101 - INFO - 该时间段的真实异常节点: {8, 11, 12, 13, 14, 15, 16, 17, 18, 19}
2025-04-18 14:14:02,101 - INFO - 正在计算异常分数...
2025-04-18 14:14:02,104 - INFO - 检测到的异常节点: {1, 4, 5, 6, 7, 8, 9, 10, 11, 12, 13, 14, 15, 16, 17, 18, 19}
2025-04-18 14:14:02,104 - INFO - 正在为时间段 2440-2446 生成可视化
2025-04-18 14:14:02,104 - INFO - 正在为时间段 2440-2446 生成异常图可视化
2025-04-18 14:14:02,104 - DEBUG - 创建包含 19 个节点的图结构
2025-04-18 14:14:02,105 - DEBUG - 边统计: 正常边 246 条, 异常边 60 条
2025-04-18 14:14:02,161 - DEBUG - 正在保存可视化结果到 ./visual/omi/neighbor_all/robust_zscore/omi-5/seg_2_2440_2446.png
2025-04-18 14:14:02,383 - INFO - 成功保存时间段 2440-2446 的可视化结果
2025-04-18 14:14:02,383 - INFO - 
正在处理时间段 4/6: 3356-3363
2025-04-18 14:14:02,383 - INFO - 该时间段的真实异常节点: {17, 5, 6}
2025-04-18 14:14:02,383 - INFO - 正在计算异常分数...
2025-04-18 14:14:02,387 - INFO - 检测到的异常节点: {1, 4, 5, 6, 7, 8, 9, 10, 11, 12, 13, 14, 15, 16, 17, 18, 19}
2025-04-18 14:14:02,387 - INFO - 正在为时间段 3356-3363 生成可视化
2025-04-18 14:14:02,387 - INFO - 正在为时间段 3356-3363 生成异常图可视化
2025-04-18 14:14:02,388 - DEBUG - 创建包含 19 个节点的图结构
2025-04-18 14:14:02,389 - DEBUG - 边统计: 正常边 260 条, 异常边 46 条
2025-04-18 14:14:02,444 - DEBUG - 正在保存可视化结果到 ./visual/omi/neighbor_all/robust_zscore/omi-5/seg_3_3356_3363.png
2025-04-18 14:14:02,665 - INFO - 成功保存时间段 3356-3363 的可视化结果
2025-04-18 14:14:02,665 - INFO - 
正在处理时间段 5/6: 3416-3423
2025-04-18 14:14:02,665 - INFO - 该时间段的真实异常节点: {4, 5, 7, 9, 10, 11, 12, 13, 14, 15, 16, 17, 18, 19}
2025-04-18 14:14:02,665 - INFO - 正在计算异常分数...
2025-04-18 14:14:02,669 - INFO - 检测到的异常节点: {1, 4, 5, 6, 7, 8, 9, 10, 11, 12, 13, 14, 15, 16, 17, 18, 19}
2025-04-18 14:14:02,669 - INFO - 正在为时间段 3416-3423 生成可视化
2025-04-18 14:14:02,669 - INFO - 正在为时间段 3416-3423 生成异常图可视化
2025-04-18 14:14:02,669 - DEBUG - 创建包含 19 个节点的图结构
2025-04-18 14:14:02,670 - DEBUG - 边统计: 正常边 294 条, 异常边 12 条
2025-04-18 14:14:02,724 - DEBUG - 正在保存可视化结果到 ./visual/omi/neighbor_all/robust_zscore/omi-5/seg_4_3416_3423.png
2025-04-18 14:14:02,944 - INFO - 成功保存时间段 3416-3423 的可视化结果
2025-04-18 14:14:02,944 - INFO - 
正在处理时间段 6/6: 3590-3594
2025-04-18 14:14:02,944 - INFO - 该时间段的真实异常节点: {1, 8, 17, 18, 19}
2025-04-18 14:14:02,944 - INFO - 正在计算异常分数...
2025-04-18 14:14:02,945 - INFO - 检测到的异常节点: {1, 4, 5, 6, 7, 8, 9, 10, 11, 12, 13, 14, 15, 16, 17, 18, 19}
2025-04-18 14:14:02,945 - INFO - 正在为时间段 3590-3594 生成可视化
2025-04-18 14:14:02,945 - INFO - 正在为时间段 3590-3594 生成异常图可视化
2025-04-18 14:14:02,945 - DEBUG - 创建包含 19 个节点的图结构
2025-04-18 14:14:02,946 - DEBUG - 边统计: 正常边 232 条, 异常边 74 条
2025-04-18 14:14:03,000 - DEBUG - 正在保存可视化结果到 ./visual/omi/neighbor_all/robust_zscore/omi-5/seg_5_3590_3594.png
2025-04-18 14:14:03,223 - INFO - 成功保存时间段 3590-3594 的可视化结果
2025-04-18 14:14:03,223 - INFO - 正在从 ./visual/omi/neighbor_all/robust_zscore/omi-5 中的图像创建GIF
2025-04-18 14:14:03,598 - INFO - GIF已保存到 ./visual/omi/neighbor_all/robust_zscore/omi-5/omi-5.gif
2025-04-18 14:14:03,599 - INFO - 
==================================================
2025-04-18 14:14:03,600 - INFO - 开始数据集可视化: omi-6
2025-04-18 14:14:03,600 - INFO - 使用参数: 评分模式=robust_zscore, all=None, 阈值=6.0
2025-04-18 14:14:03,600 - INFO - ==================================================

2025-04-18 14:14:03,600 - INFO - 正在加载数据集 omi-6 的数据
2025-04-18 14:14:03,600 - INFO - 数据加载成功。训练集形状: (8640, 19), 测试集形状: (4320, 19)
2025-04-18 14:14:03,601 - INFO - 正在计算边缘统计量...
2025-04-18 14:14:06,333 - INFO - 已计算 153 条边的统计量
2025-04-18 14:14:06,334 - INFO - 为每个节点使用所有邻居
2025-04-18 14:14:06,334 - INFO - 可视化结果将保存到: ./visual/omi/neighbor_all/robust_zscore/omi-6
2025-04-18 14:14:06,335 - INFO - 在数据集中发现 10 个异常时间段
2025-04-18 14:14:06,335 - INFO - 
正在处理时间段 1/10: 357-392
2025-04-18 14:14:06,335 - INFO - 该时间段的真实异常节点: {19, 4}
2025-04-18 14:14:06,335 - INFO - 正在计算异常分数...
2025-04-18 14:14:06,360 - INFO - 检测到的异常节点: {1, 4, 5, 6, 7, 8, 9, 10, 11, 12, 13, 14, 15, 16, 17, 18, 19}
2025-04-18 14:14:06,361 - INFO - 正在为时间段 357-392 生成可视化
2025-04-18 14:14:06,361 - INFO - 正在为时间段 357-392 生成异常图可视化
2025-04-18 14:14:06,361 - DEBUG - 创建包含 19 个节点的图结构
2025-04-18 14:14:06,362 - DEBUG - 边统计: 正常边 254 条, 异常边 18 条
2025-04-18 14:14:06,427 - DEBUG - 正在保存可视化结果到 ./visual/omi/neighbor_all/robust_zscore/omi-6/seg_0_357_392.png
2025-04-18 14:14:06,639 - INFO - 成功保存时间段 357-392 的可视化结果
2025-04-18 14:14:06,639 - INFO - 
正在处理时间段 2/10: 750-788
2025-04-18 14:14:06,639 - INFO - 该时间段的真实异常节点: {2, 6, 7, 8, 9, 10, 11, 12, 13, 14, 15, 16, 17, 18, 19}
2025-04-18 14:14:06,639 - INFO - 正在计算异常分数...
2025-04-18 14:14:06,669 - INFO - 检测到的异常节点: {1, 4, 5, 6, 7, 8, 9, 10, 11, 12, 13, 14, 15, 16, 17, 18, 19}
2025-04-18 14:14:06,669 - INFO - 正在为时间段 750-788 生成可视化
2025-04-18 14:14:06,669 - INFO - 正在为时间段 750-788 生成异常图可视化
2025-04-18 14:14:06,670 - DEBUG - 创建包含 19 个节点的图结构
2025-04-18 14:14:06,671 - DEBUG - 边统计: 正常边 184 条, 异常边 88 条
2025-04-18 14:14:06,727 - DEBUG - 正在保存可视化结果到 ./visual/omi/neighbor_all/robust_zscore/omi-6/seg_1_750_788.png
2025-04-18 14:14:06,940 - INFO - 成功保存时间段 750-788 的可视化结果
2025-04-18 14:14:06,940 - INFO - 
正在处理时间段 3/10: 1278-1293
2025-04-18 14:14:06,940 - INFO - 该时间段的真实异常节点: {4, 5, 6, 8, 17}
2025-04-18 14:14:06,940 - INFO - 正在计算异常分数...
2025-04-18 14:14:06,950 - INFO - 检测到的异常节点: {1, 4, 5, 6, 7, 8, 9, 10, 11, 12, 13, 14, 15, 16, 17, 18, 19}
2025-04-18 14:14:06,950 - INFO - 正在为时间段 1278-1293 生成可视化
2025-04-18 14:14:06,950 - INFO - 正在为时间段 1278-1293 生成异常图可视化
2025-04-18 14:14:06,950 - DEBUG - 创建包含 19 个节点的图结构
2025-04-18 14:14:06,951 - DEBUG - 边统计: 正常边 270 条, 异常边 2 条
2025-04-18 14:14:07,007 - DEBUG - 正在保存可视化结果到 ./visual/omi/neighbor_all/robust_zscore/omi-6/seg_2_1278_1293.png
2025-04-18 14:14:07,218 - INFO - 成功保存时间段 1278-1293 的可视化结果
2025-04-18 14:14:07,218 - INFO - 
正在处理时间段 4/10: 1590-1615
2025-04-18 14:14:07,218 - INFO - 该时间段的真实异常节点: {1, 18, 9}
2025-04-18 14:14:07,218 - INFO - 正在计算异常分数...
2025-04-18 14:14:07,235 - INFO - 检测到的异常节点: {1, 4, 5, 6, 7, 8, 9, 10, 11, 12, 13, 14, 15, 16, 17, 18, 19}
2025-04-18 14:14:07,235 - INFO - 正在为时间段 1590-1615 生成可视化
2025-04-18 14:14:07,235 - INFO - 正在为时间段 1590-1615 生成异常图可视化
2025-04-18 14:14:07,235 - DEBUG - 创建包含 19 个节点的图结构
2025-04-18 14:14:07,236 - DEBUG - 边统计: 正常边 272 条, 异常边 0 条
2025-04-18 14:14:07,383 - DEBUG - 正在保存可视化结果到 ./visual/omi/neighbor_all/robust_zscore/omi-6/seg_3_1590_1615.png
2025-04-18 14:14:07,594 - INFO - 成功保存时间段 1590-1615 的可视化结果
2025-04-18 14:14:07,595 - INFO - 
正在处理时间段 5/10: 2592-2604
2025-04-18 14:14:07,595 - INFO - 该时间段的真实异常节点: {9, 4, 6}
2025-04-18 14:14:07,595 - INFO - 正在计算异常分数...
2025-04-18 14:14:07,603 - INFO - 检测到的异常节点: {4, 5, 6, 7, 8, 9, 10, 11, 12, 13, 14, 15, 16, 17, 18, 19}
2025-04-18 14:14:07,603 - INFO - 正在为时间段 2592-2604 生成可视化
2025-04-18 14:14:07,603 - INFO - 正在为时间段 2592-2604 生成异常图可视化
2025-04-18 14:14:07,603 - DEBUG - 创建包含 19 个节点的图结构
2025-04-18 14:14:07,604 - DEBUG - 边统计: 正常边 236 条, 异常边 4 条
2025-04-18 14:14:07,662 - DEBUG - 正在保存可视化结果到 ./visual/omi/neighbor_all/robust_zscore/omi-6/seg_4_2592_2604.png
2025-04-18 14:14:07,867 - INFO - 成功保存时间段 2592-2604 的可视化结果
2025-04-18 14:14:07,867 - INFO - 
正在处理时间段 6/10: 2734-2765
2025-04-18 14:14:07,867 - INFO - 该时间段的真实异常节点: {8, 19, 4, 6}
2025-04-18 14:14:07,867 - INFO - 正在计算异常分数...
2025-04-18 14:14:07,891 - INFO - 检测到的异常节点: {1, 4, 5, 6, 7, 8, 9, 10, 11, 12, 13, 14, 15, 16, 17, 18, 19}
2025-04-18 14:14:07,891 - INFO - 正在为时间段 2734-2765 生成可视化
2025-04-18 14:14:07,891 - INFO - 正在为时间段 2734-2765 生成异常图可视化
2025-04-18 14:14:07,891 - DEBUG - 创建包含 19 个节点的图结构
2025-04-18 14:14:07,892 - DEBUG - 边统计: 正常边 270 条, 异常边 2 条
2025-04-18 14:14:07,948 - DEBUG - 正在保存可视化结果到 ./visual/omi/neighbor_all/robust_zscore/omi-6/seg_5_2734_2765.png
2025-04-18 14:14:08,156 - INFO - 成功保存时间段 2734-2765 的可视化结果
2025-04-18 14:14:08,156 - INFO - 
正在处理时间段 7/10: 3066-3072
2025-04-18 14:14:08,157 - INFO - 该时间段的真实异常节点: {19, 4, 6}
2025-04-18 14:14:08,157 - INFO - 正在计算异常分数...
2025-04-18 14:14:08,160 - INFO - 检测到的异常节点: {4, 5, 6, 7, 8, 10, 11, 12, 13, 14, 15, 16, 17, 18, 19}
2025-04-18 14:14:08,160 - INFO - 正在为时间段 3066-3072 生成可视化
2025-04-18 14:14:08,160 - INFO - 正在为时间段 3066-3072 生成异常图可视化
2025-04-18 14:14:08,160 - DEBUG - 创建包含 19 个节点的图结构
2025-04-18 14:14:08,161 - DEBUG - 边统计: 正常边 230 条, 异常边 42 条
2025-04-18 14:14:08,216 - DEBUG - 正在保存可视化结果到 ./visual/omi/neighbor_all/robust_zscore/omi-6/seg_6_3066_3072.png
2025-04-18 14:14:08,426 - INFO - 成功保存时间段 3066-3072 的可视化结果
2025-04-18 14:14:08,426 - INFO - 
正在处理时间段 8/10: 3596-3605
2025-04-18 14:14:08,426 - INFO - 该时间段的真实异常节点: {19, 4, 5, 6}
2025-04-18 14:14:08,426 - INFO - 正在计算异常分数...
2025-04-18 14:14:08,432 - INFO - 检测到的异常节点: {1, 4, 5, 6, 7, 8, 9, 10, 11, 12, 13, 14, 15, 16, 17, 18, 19}
2025-04-18 14:14:08,432 - INFO - 正在为时间段 3596-3605 生成可视化
2025-04-18 14:14:08,432 - INFO - 正在为时间段 3596-3605 生成异常图可视化
2025-04-18 14:14:08,432 - DEBUG - 创建包含 19 个节点的图结构
2025-04-18 14:14:08,433 - DEBUG - 边统计: 正常边 272 条, 异常边 0 条
2025-04-18 14:14:08,488 - DEBUG - 正在保存可视化结果到 ./visual/omi/neighbor_all/robust_zscore/omi-6/seg_7_3596_3605.png
2025-04-18 14:14:08,698 - INFO - 成功保存时间段 3596-3605 的可视化结果
2025-04-18 14:14:08,698 - INFO - 
正在处理时间段 9/10: 3610-3622
2025-04-18 14:14:08,698 - INFO - 该时间段的真实异常节点: {1, 4, 5}
2025-04-18 14:14:08,698 - INFO - 正在计算异常分数...
2025-04-18 14:14:08,706 - INFO - 检测到的异常节点: {1, 4, 5, 6, 7, 8, 9, 10, 11, 12, 13, 14, 15, 16, 17, 18, 19}
2025-04-18 14:14:08,706 - INFO - 正在为时间段 3610-3622 生成可视化
2025-04-18 14:14:08,706 - INFO - 正在为时间段 3610-3622 生成异常图可视化
2025-04-18 14:14:08,706 - DEBUG - 创建包含 19 个节点的图结构
2025-04-18 14:14:08,707 - DEBUG - 边统计: 正常边 272 条, 异常边 0 条
2025-04-18 14:14:08,763 - DEBUG - 正在保存可视化结果到 ./visual/omi/neighbor_all/robust_zscore/omi-6/seg_8_3610_3622.png
2025-04-18 14:14:08,973 - INFO - 成功保存时间段 3610-3622 的可视化结果
2025-04-18 14:14:08,974 - INFO - 
正在处理时间段 10/10: 4159-4164
2025-04-18 14:14:08,974 - INFO - 该时间段的真实异常节点: {4, 5}
2025-04-18 14:14:08,974 - INFO - 正在计算异常分数...
2025-04-18 14:14:08,975 - INFO - 检测到的异常节点: {4, 5, 6, 7, 8, 9, 10, 11, 13, 14, 15, 17, 18}
2025-04-18 14:14:08,976 - INFO - 正在为时间段 4159-4164 生成可视化
2025-04-18 14:14:08,976 - INFO - 正在为时间段 4159-4164 生成异常图可视化
2025-04-18 14:14:08,976 - DEBUG - 创建包含 19 个节点的图结构
2025-04-18 14:14:08,977 - DEBUG - 边统计: 正常边 248 条, 异常边 24 条
2025-04-18 14:14:09,032 - DEBUG - 正在保存可视化结果到 ./visual/omi/neighbor_all/robust_zscore/omi-6/seg_9_4159_4164.png
2025-04-18 14:14:09,242 - INFO - 成功保存时间段 4159-4164 的可视化结果
2025-04-18 14:14:09,242 - INFO - 正在从 ./visual/omi/neighbor_all/robust_zscore/omi-6 中的图像创建GIF
2025-04-18 14:14:09,861 - INFO - GIF已保存到 ./visual/omi/neighbor_all/robust_zscore/omi-6/omi-6.gif
2025-04-18 14:14:09,862 - INFO - 
==================================================
2025-04-18 14:14:09,862 - INFO - 开始数据集可视化: omi-7
2025-04-18 14:14:09,862 - INFO - 使用参数: 评分模式=robust_zscore, all=None, 阈值=0.0
2025-04-18 14:14:09,862 - INFO - ==================================================

2025-04-18 14:14:09,862 - INFO - 正在加载数据集 omi-7 的数据
2025-04-18 14:14:09,863 - INFO - 数据加载成功。训练集形状: (8640, 19), 测试集形状: (4320, 19)
2025-04-18 14:14:09,863 - INFO - 正在计算边缘统计量...
2025-04-18 14:14:12,388 - INFO - 已计算 136 条边的统计量
2025-04-18 14:14:12,389 - INFO - 为每个节点使用所有邻居
2025-04-18 14:14:12,389 - INFO - 可视化结果将保存到: ./visual/omi/neighbor_all/robust_zscore/omi-7
2025-04-18 14:14:12,389 - INFO - 在数据集中发现 3 个异常时间段
2025-04-18 14:14:12,390 - INFO - 
正在处理时间段 1/3: 738-778
2025-04-18 14:14:12,390 - INFO - 该时间段的真实异常节点: {1, 2, 4, 6, 7, 8, 9, 10, 11, 12, 13, 14, 15, 16, 17, 18, 19}
2025-04-18 14:14:12,390 - INFO - 正在计算异常分数...
2025-04-18 14:14:12,418 - INFO - 检测到的异常节点: {1, 4, 5, 6, 7, 8, 9, 10, 11, 12, 13, 14, 15, 16, 17, 18, 19}
2025-04-18 14:14:12,418 - INFO - 正在为时间段 738-778 生成可视化
2025-04-18 14:14:12,418 - INFO - 正在为时间段 738-778 生成异常图可视化
2025-04-18 14:14:12,418 - DEBUG - 创建包含 19 个节点的图结构
2025-04-18 14:14:12,419 - DEBUG - 边统计: 正常边 166 条, 异常边 106 条
2025-04-18 14:14:12,476 - DEBUG - 正在保存可视化结果到 ./visual/omi/neighbor_all/robust_zscore/omi-7/seg_0_738_778.png
2025-04-18 14:14:12,690 - INFO - 成功保存时间段 738-778 的可视化结果
2025-04-18 14:14:12,690 - INFO - 
正在处理时间段 2/3: 1625-1660
2025-04-18 14:14:12,690 - INFO - 该时间段的真实异常节点: {7, 10, 11, 12, 13, 14, 15, 16, 17, 18, 19}
2025-04-18 14:14:12,690 - INFO - 正在计算异常分数...
2025-04-18 14:14:12,716 - INFO - 检测到的异常节点: {5, 7, 8, 9, 10, 11, 12, 13, 14, 15, 16, 17, 18, 19}
2025-04-18 14:14:12,716 - INFO - 正在为时间段 1625-1660 生成可视化
2025-04-18 14:14:12,716 - INFO - 正在为时间段 1625-1660 生成异常图可视化
2025-04-18 14:14:12,717 - DEBUG - 创建包含 19 个节点的图结构
2025-04-18 14:14:12,717 - DEBUG - 边统计: 正常边 130 条, 异常边 52 条
2025-04-18 14:14:12,771 - DEBUG - 正在保存可视化结果到 ./visual/omi/neighbor_all/robust_zscore/omi-7/seg_1_1625_1660.png
2025-04-18 14:14:12,982 - INFO - 成功保存时间段 1625-1660 的可视化结果
2025-04-18 14:14:12,982 - INFO - 
正在处理时间段 3/3: 3311-3320
2025-04-18 14:14:12,982 - INFO - 该时间段的真实异常节点: {7, 10, 11, 12, 13, 14, 15, 16, 17, 18, 19}
2025-04-18 14:14:12,982 - INFO - 正在计算异常分数...
2025-04-18 14:14:12,987 - INFO - 检测到的异常节点: {7, 10, 11, 12, 13, 14, 15, 16, 17, 18, 19}
2025-04-18 14:14:12,987 - INFO - 正在为时间段 3311-3320 生成可视化
2025-04-18 14:14:12,987 - INFO - 正在为时间段 3311-3320 生成异常图可视化
2025-04-18 14:14:12,987 - DEBUG - 创建包含 19 个节点的图结构
2025-04-18 14:14:12,988 - DEBUG - 边统计: 正常边 188 条, 异常边 22 条
2025-04-18 14:14:13,041 - DEBUG - 正在保存可视化结果到 ./visual/omi/neighbor_all/robust_zscore/omi-7/seg_2_3311_3320.png
2025-04-18 14:14:13,259 - INFO - 成功保存时间段 3311-3320 的可视化结果
2025-04-18 14:14:13,259 - INFO - 正在从 ./visual/omi/neighbor_all/robust_zscore/omi-7 中的图像创建GIF
2025-04-18 14:14:13,442 - INFO - GIF已保存到 ./visual/omi/neighbor_all/robust_zscore/omi-7/omi-7.gif
2025-04-18 14:14:13,443 - INFO - 
==================================================
2025-04-18 14:14:13,443 - INFO - 开始数据集可视化: omi-8
2025-04-18 14:14:13,443 - INFO - 使用参数: 评分模式=robust_zscore, all=None, 阈值=3.0
2025-04-18 14:14:13,443 - INFO - ==================================================

2025-04-18 14:14:13,443 - INFO - 正在加载数据集 omi-8 的数据
2025-04-18 14:14:13,444 - INFO - 数据加载成功。训练集形状: (8640, 19), 测试集形状: (4320, 19)
2025-04-18 14:14:13,444 - INFO - 正在计算边缘统计量...
2025-04-18 14:14:15,942 - INFO - 已计算 136 条边的统计量
2025-04-18 14:14:15,942 - INFO - 为每个节点使用所有邻居
2025-04-18 14:14:15,942 - INFO - 可视化结果将保存到: ./visual/omi/neighbor_all/robust_zscore/omi-8
2025-04-18 14:14:15,943 - INFO - 在数据集中发现 5 个异常时间段
2025-04-18 14:14:15,943 - INFO - 
正在处理时间段 1/5: 740-753
2025-04-18 14:14:15,943 - INFO - 该时间段的真实异常节点: {2, 4}
2025-04-18 14:14:15,943 - INFO - 正在计算异常分数...
2025-04-18 14:14:15,951 - INFO - 检测到的异常节点: {1, 4, 6, 7, 8, 9, 10, 11, 12, 13, 14, 15, 16, 17, 18, 19}
2025-04-18 14:14:15,951 - INFO - 正在为时间段 740-753 生成可视化
2025-04-18 14:14:15,951 - INFO - 正在为时间段 740-753 生成异常图可视化
2025-04-18 14:14:15,951 - DEBUG - 创建包含 19 个节点的图结构
2025-04-18 14:14:15,952 - DEBUG - 边统计: 正常边 238 条, 异常边 2 条
2025-04-18 14:14:16,009 - DEBUG - 正在保存可视化结果到 ./visual/omi/neighbor_all/robust_zscore/omi-8/seg_0_740_753.png
2025-04-18 14:14:16,220 - INFO - 成功保存时间段 740-753 的可视化结果
2025-04-18 14:14:16,220 - INFO - 
正在处理时间段 2/5: 764-780
2025-04-18 14:14:16,220 - INFO - 该时间段的真实异常节点: {6, 7, 8, 9, 10, 11, 12, 13, 14, 15, 16, 17, 18, 19}
2025-04-18 14:14:16,220 - INFO - 正在计算异常分数...
2025-04-18 14:14:16,230 - INFO - 检测到的异常节点: {1, 6, 7, 8, 9, 10, 11, 12, 13, 14, 15, 16, 17, 18, 19}
2025-04-18 14:14:16,230 - INFO - 正在为时间段 764-780 生成可视化
2025-04-18 14:14:16,230 - INFO - 正在为时间段 764-780 生成异常图可视化
2025-04-18 14:14:16,230 - DEBUG - 创建包含 19 个节点的图结构
2025-04-18 14:14:16,231 - DEBUG - 边统计: 正常边 146 条, 异常边 64 条
2025-04-18 14:14:16,289 - DEBUG - 正在保存可视化结果到 ./visual/omi/neighbor_all/robust_zscore/omi-8/seg_1_764_780.png
2025-04-18 14:14:16,497 - INFO - 成功保存时间段 764-780 的可视化结果
2025-04-18 14:14:16,497 - INFO - 
正在处理时间段 3/5: 2319-2325
2025-04-18 14:14:16,497 - INFO - 该时间段的真实异常节点: {4, 5, 6}
2025-04-18 14:14:16,497 - INFO - 正在计算异常分数...
2025-04-18 14:14:16,500 - INFO - 检测到的异常节点: {4, 5, 6, 7, 8, 9, 10, 11, 12, 13, 14, 15, 16, 17, 18, 19}
2025-04-18 14:14:16,500 - INFO - 正在为时间段 2319-2325 生成可视化
2025-04-18 14:14:16,500 - INFO - 正在为时间段 2319-2325 生成异常图可视化
2025-04-18 14:14:16,500 - DEBUG - 创建包含 19 个节点的图结构
2025-04-18 14:14:16,501 - DEBUG - 边统计: 正常边 228 条, 异常边 44 条
2025-04-18 14:14:16,628 - DEBUG - 正在保存可视化结果到 ./visual/omi/neighbor_all/robust_zscore/omi-8/seg_2_2319_2325.png
2025-04-18 14:14:16,840 - INFO - 成功保存时间段 2319-2325 的可视化结果
2025-04-18 14:14:16,840 - INFO - 
正在处理时间段 4/5: 2586-2675
2025-04-18 14:14:16,840 - INFO - 该时间段的真实异常节点: {5, 6, 8, 17, 18, 19}
2025-04-18 14:14:16,840 - INFO - 正在计算异常分数...
2025-04-18 14:14:16,912 - INFO - 检测到的异常节点: {1, 4, 5, 6, 7, 8, 9, 10, 11, 12, 13, 14, 15, 16, 17, 18, 19}
2025-04-18 14:14:16,912 - INFO - 正在为时间段 2586-2675 生成可视化
2025-04-18 14:14:16,912 - INFO - 正在为时间段 2586-2675 生成异常图可视化
2025-04-18 14:14:16,912 - DEBUG - 创建包含 19 个节点的图结构
2025-04-18 14:14:16,913 - DEBUG - 边统计: 正常边 260 条, 异常边 12 条
2025-04-18 14:14:16,968 - DEBUG - 正在保存可视化结果到 ./visual/omi/neighbor_all/robust_zscore/omi-8/seg_3_2586_2675.png
2025-04-18 14:14:17,177 - INFO - 成功保存时间段 2586-2675 的可视化结果
2025-04-18 14:14:17,177 - INFO - 
正在处理时间段 5/5: 2897-2956
2025-04-18 14:14:17,177 - INFO - 该时间段的真实异常节点: {2, 6, 8, 17, 18, 19}
2025-04-18 14:14:17,177 - INFO - 正在计算异常分数...
2025-04-18 14:14:17,223 - INFO - 检测到的异常节点: {1, 4, 5, 6, 7, 8, 9, 10, 11, 12, 13, 14, 15, 16, 17, 18, 19}
2025-04-18 14:14:17,223 - INFO - 正在为时间段 2897-2956 生成可视化
2025-04-18 14:14:17,223 - INFO - 正在为时间段 2897-2956 生成异常图可视化
2025-04-18 14:14:17,223 - DEBUG - 创建包含 19 个节点的图结构
2025-04-18 14:14:17,224 - DEBUG - 边统计: 正常边 230 条, 异常边 42 条
2025-04-18 14:14:17,279 - DEBUG - 正在保存可视化结果到 ./visual/omi/neighbor_all/robust_zscore/omi-8/seg_4_2897_2956.png
2025-04-18 14:14:17,490 - INFO - 成功保存时间段 2897-2956 的可视化结果
2025-04-18 14:14:17,490 - INFO - 正在从 ./visual/omi/neighbor_all/robust_zscore/omi-8 中的图像创建GIF
2025-04-18 14:14:17,792 - INFO - GIF已保存到 ./visual/omi/neighbor_all/robust_zscore/omi-8/omi-8.gif
2025-04-18 14:14:17,792 - INFO - 
==================================================
2025-04-18 14:14:17,792 - INFO - 开始数据集可视化: omi-9
2025-04-18 14:14:17,792 - INFO - 使用参数: 评分模式=robust_zscore, all=None, 阈值=1.5
2025-04-18 14:14:17,792 - INFO - ==================================================

2025-04-18 14:14:17,792 - INFO - 正在加载数据集 omi-9 的数据
2025-04-18 14:14:17,793 - INFO - 数据加载成功。训练集形状: (8640, 19), 测试集形状: (4320, 19)
2025-04-18 14:14:17,793 - INFO - 正在计算边缘统计量...
2025-04-18 14:14:20,237 - INFO - 已计算 136 条边的统计量
2025-04-18 14:14:20,237 - INFO - 为每个节点使用所有邻居
2025-04-18 14:14:20,237 - INFO - 可视化结果将保存到: ./visual/omi/neighbor_all/robust_zscore/omi-9
2025-04-18 14:14:20,238 - INFO - 在数据集中发现 8 个异常时间段
2025-04-18 14:14:20,238 - INFO - 
正在处理时间段 1/8: 738-756
2025-04-18 14:14:20,238 - INFO - 该时间段的真实异常节点: {2, 9, 10, 11, 12, 13, 14, 15, 16, 17, 18, 19}
2025-04-18 14:14:20,238 - INFO - 正在计算异常分数...
2025-04-18 14:14:20,249 - INFO - 检测到的异常节点: {1, 7, 8, 9, 10, 11, 12, 13, 14, 15, 16, 17, 18, 19}
2025-04-18 14:14:20,249 - INFO - 正在为时间段 738-756 生成可视化
2025-04-18 14:14:20,249 - INFO - 正在为时间段 738-756 生成异常图可视化
2025-04-18 14:14:20,249 - DEBUG - 创建包含 19 个节点的图结构
2025-04-18 14:14:20,250 - DEBUG - 边统计: 正常边 158 条, 异常边 24 条
2025-04-18 14:14:20,306 - DEBUG - 正在保存可视化结果到 ./visual/omi/neighbor_all/robust_zscore/omi-9/seg_0_738_756.png
2025-04-18 14:14:20,519 - INFO - 成功保存时间段 738-756 的可视化结果
2025-04-18 14:14:20,520 - INFO - 
正在处理时间段 2/8: 763-780
2025-04-18 14:14:20,520 - INFO - 该时间段的真实异常节点: {1, 6, 7, 8, 9, 10, 11, 12, 13, 14, 15, 16, 17, 18, 19}
2025-04-18 14:14:20,520 - INFO - 正在计算异常分数...
2025-04-18 14:14:20,531 - INFO - 检测到的异常节点: {1, 6, 7, 8, 9, 10, 11, 12, 13, 14, 15, 16, 17, 18, 19}
2025-04-18 14:14:20,531 - INFO - 正在为时间段 763-780 生成可视化
2025-04-18 14:14:20,531 - INFO - 正在为时间段 763-780 生成异常图可视化
2025-04-18 14:14:20,532 - DEBUG - 创建包含 19 个节点的图结构
2025-04-18 14:14:20,533 - DEBUG - 边统计: 正常边 118 条, 异常边 92 条
2025-04-18 14:14:20,592 - DEBUG - 正在保存可视化结果到 ./visual/omi/neighbor_all/robust_zscore/omi-9/seg_1_763_780.png
2025-04-18 14:14:20,810 - INFO - 成功保存时间段 763-780 的可视化结果
2025-04-18 14:14:20,810 - INFO - 
正在处理时间段 3/8: 2514-2524
2025-04-18 14:14:20,810 - INFO - 该时间段的真实异常节点: {1, 4, 5, 7, 8, 9, 17, 18}
2025-04-18 14:14:20,810 - INFO - 正在计算异常分数...
2025-04-18 14:14:20,817 - INFO - 检测到的异常节点: {1, 4, 5, 6, 7, 8, 9, 10, 11, 12, 13, 14, 15, 16, 17, 18, 19}
2025-04-18 14:14:20,817 - INFO - 正在为时间段 2514-2524 生成可视化
2025-04-18 14:14:20,817 - INFO - 正在为时间段 2514-2524 生成异常图可视化
2025-04-18 14:14:20,817 - DEBUG - 创建包含 19 个节点的图结构
2025-04-18 14:14:20,818 - DEBUG - 边统计: 正常边 210 条, 异常边 62 条
2025-04-18 14:14:20,875 - DEBUG - 正在保存可视化结果到 ./visual/omi/neighbor_all/robust_zscore/omi-9/seg_2_2514_2524.png
2025-04-18 14:14:21,087 - INFO - 成功保存时间段 2514-2524 的可视化结果
2025-04-18 14:14:21,087 - INFO - 
正在处理时间段 4/8: 2603-2668
2025-04-18 14:14:21,087 - INFO - 该时间段的真实异常节点: {1, 2, 5, 6, 8, 17, 18, 19}
2025-04-18 14:14:21,087 - INFO - 正在计算异常分数...
2025-04-18 14:14:21,136 - INFO - 检测到的异常节点: {1, 4, 5, 6, 7, 8, 9, 10, 11, 12, 13, 14, 15, 16, 17, 18, 19}
2025-04-18 14:14:21,136 - INFO - 正在为时间段 2603-2668 生成可视化
2025-04-18 14:14:21,136 - INFO - 正在为时间段 2603-2668 生成异常图可视化
2025-04-18 14:14:21,136 - DEBUG - 创建包含 19 个节点的图结构
2025-04-18 14:14:21,137 - DEBUG - 边统计: 正常边 212 条, 异常边 60 条
2025-04-18 14:14:21,192 - DEBUG - 正在保存可视化结果到 ./visual/omi/neighbor_all/robust_zscore/omi-9/seg_3_2603_2668.png
2025-04-18 14:14:21,405 - INFO - 成功保存时间段 2603-2668 的可视化结果
2025-04-18 14:14:21,405 - INFO - 
正在处理时间段 5/8: 2918-2958
2025-04-18 14:14:21,405 - INFO - 该时间段的真实异常节点: {1, 2, 5, 6, 8, 17, 18, 19}
2025-04-18 14:14:21,405 - INFO - 正在计算异常分数...
2025-04-18 14:14:21,432 - INFO - 检测到的异常节点: {1, 4, 5, 6, 7, 8, 9, 10, 11, 12, 13, 14, 15, 16, 17, 18, 19}
2025-04-18 14:14:21,433 - INFO - 正在为时间段 2918-2958 生成可视化
2025-04-18 14:14:21,433 - INFO - 正在为时间段 2918-2958 生成异常图可视化
2025-04-18 14:14:21,433 - DEBUG - 创建包含 19 个节点的图结构
2025-04-18 14:14:21,434 - DEBUG - 边统计: 正常边 200 条, 异常边 72 条
2025-04-18 14:14:21,489 - DEBUG - 正在保存可视化结果到 ./visual/omi/neighbor_all/robust_zscore/omi-9/seg_4_2918_2958.png
2025-04-18 14:14:21,726 - INFO - 成功保存时间段 2918-2958 的可视化结果
2025-04-18 14:14:21,727 - INFO - 
正在处理时间段 6/8: 3170-3245
2025-04-18 14:14:21,727 - INFO - 该时间段的真实异常节点: {1, 2, 6, 8, 17, 18, 19}
2025-04-18 14:14:21,727 - INFO - 正在计算异常分数...
2025-04-18 14:14:21,785 - INFO - 检测到的异常节点: {1, 4, 5, 6, 7, 8, 9, 10, 11, 12, 13, 14, 15, 16, 17, 18, 19}
2025-04-18 14:14:21,785 - INFO - 正在为时间段 3170-3245 生成可视化
2025-04-18 14:14:21,785 - INFO - 正在为时间段 3170-3245 生成异常图可视化
2025-04-18 14:14:21,785 - DEBUG - 创建包含 19 个节点的图结构
2025-04-18 14:14:21,787 - DEBUG - 边统计: 正常边 226 条, 异常边 46 条
2025-04-18 14:14:21,846 - DEBUG - 正在保存可视化结果到 ./visual/omi/neighbor_all/robust_zscore/omi-9/seg_5_3170_3245.png
2025-04-18 14:14:22,071 - INFO - 成功保存时间段 3170-3245 的可视化结果
2025-04-18 14:14:22,072 - INFO - 
正在处理时间段 7/8: 3508-3528
2025-04-18 14:14:22,072 - INFO - 该时间段的真实异常节点: {8, 2, 19, 6}
2025-04-18 14:14:22,072 - INFO - 正在计算异常分数...
2025-04-18 14:14:22,087 - INFO - 检测到的异常节点: {1, 4, 5, 6, 7, 8, 9, 10, 11, 12, 13, 14, 15, 16, 17, 18, 19}
2025-04-18 14:14:22,087 - INFO - 正在为时间段 3508-3528 生成可视化
2025-04-18 14:14:22,087 - INFO - 正在为时间段 3508-3528 生成异常图可视化
2025-04-18 14:14:22,087 - DEBUG - 创建包含 19 个节点的图结构
2025-04-18 14:14:22,088 - DEBUG - 边统计: 正常边 208 条, 异常边 64 条
2025-04-18 14:14:22,152 - DEBUG - 正在保存可视化结果到 ./visual/omi/neighbor_all/robust_zscore/omi-9/seg_6_3508_3528.png
2025-04-18 14:14:22,367 - INFO - 成功保存时间段 3508-3528 的可视化结果
2025-04-18 14:14:22,367 - INFO - 
正在处理时间段 8/8: 4064-4108
2025-04-18 14:14:22,367 - INFO - 该时间段的真实异常节点: {1, 2, 6, 7, 8, 9, 17, 18, 19}
2025-04-18 14:14:22,367 - INFO - 正在计算异常分数...
2025-04-18 14:14:22,398 - INFO - 检测到的异常节点: {1, 4, 5, 6, 7, 8, 9, 10, 11, 12, 13, 14, 15, 16, 17, 18, 19}
2025-04-18 14:14:22,398 - INFO - 正在为时间段 4064-4108 生成可视化
2025-04-18 14:14:22,398 - INFO - 正在为时间段 4064-4108 生成异常图可视化
2025-04-18 14:14:22,398 - DEBUG - 创建包含 19 个节点的图结构
2025-04-18 14:14:22,399 - DEBUG - 边统计: 正常边 190 条, 异常边 82 条
2025-04-18 14:14:22,455 - DEBUG - 正在保存可视化结果到 ./visual/omi/neighbor_all/robust_zscore/omi-9/seg_7_4064_4108.png
2025-04-18 14:14:22,669 - INFO - 成功保存时间段 4064-4108 的可视化结果
2025-04-18 14:14:22,669 - INFO - 正在从 ./visual/omi/neighbor_all/robust_zscore/omi-9 中的图像创建GIF
2025-04-18 14:14:23,166 - INFO - GIF已保存到 ./visual/omi/neighbor_all/robust_zscore/omi-9/omi-9.gif
2025-04-18 14:14:23,166 - INFO - 可视化结果生成完成！
2025-04-18 14:14:23,166 - INFO - 
==================================================
2025-04-18 14:14:23,166 - INFO - 程序运行总耗时: 0:01:53.014525 

