2025-04-15 23:30:32,112 - INFO - 
 Starting experiment with config: ExperimentConfig(dataset='omi', window_size=5, score_thresholds=array([1. , 1.5, 2. , 2.5, 3. , 3.5, 4. , 4.5, 5. , 5.5, 6. , 6.5, 7. ]), topk_range=range(1, 10), score_modes=['deviation'], use_topk=False, data_dir='./data/processed', label_dir='./data/interpretation_label', log_dir='./log/use_topkFalse', visual_dir='./visual/use_topkFalse', num_workers=4, gif_duration=500)
2025-04-15 23:30:32,112 - INFO - pearson correlation 取绝对值
2025-04-15 23:30:32,112 - INFO - 当前评分模式: ['deviation']
2025-04-15 23:30:32,112 - INFO - 
==================================================
2025-04-15 23:30:32,112 - INFO - 开始执行网格搜索...
2025-04-15 23:30:32,118 - INFO - [omi-1] Starting grid search...
2025-04-15 23:30:35,365 - INFO - [omi-1.txt] mode=deviation, top_k=None, threshold=1.0, use_topk=False, P=0.7417, R=1.0000, F1=0.8517
2025-04-15 23:30:35,429 - INFO - [omi-1.txt] mode=deviation, top_k=None, threshold=1.5, use_topk=False, P=0.7417, R=1.0000, F1=0.8517
2025-04-15 23:30:35,429 - INFO - [omi-1.txt] mode=deviation, top_k=None, threshold=2.0, use_topk=False, P=0.7417, R=1.0000, F1=0.8517
2025-04-15 23:30:35,511 - INFO - [omi-1.txt] mode=deviation, top_k=None, threshold=2.5, use_topk=False, P=0.7417, R=1.0000, F1=0.8517
2025-04-15 23:30:37,543 - INFO - [omi-1.txt] mode=deviation, top_k=None, threshold=3.0, use_topk=False, P=0.7417, R=1.0000, F1=0.8517
2025-04-15 23:30:37,584 - INFO - [omi-1.txt] mode=deviation, top_k=None, threshold=3.5, use_topk=False, P=0.7417, R=1.0000, F1=0.8517
2025-04-15 23:30:37,587 - INFO - [omi-1.txt] mode=deviation, top_k=None, threshold=4.0, use_topk=False, P=0.7417, R=1.0000, F1=0.8517
2025-04-15 23:30:37,688 - INFO - [omi-1.txt] mode=deviation, top_k=None, threshold=4.5, use_topk=False, P=0.7417, R=1.0000, F1=0.8517
2025-04-15 23:30:39,683 - INFO - [omi-1.txt] mode=deviation, top_k=None, threshold=5.0, use_topk=False, P=0.7417, R=1.0000, F1=0.8517
2025-04-15 23:30:39,767 - INFO - [omi-1.txt] mode=deviation, top_k=None, threshold=5.5, use_topk=False, P=0.7417, R=1.0000, F1=0.8517
2025-04-15 23:30:39,794 - INFO - [omi-1.txt] mode=deviation, top_k=None, threshold=6.0, use_topk=False, P=0.7417, R=1.0000, F1=0.8517
2025-04-15 23:30:39,854 - INFO - [omi-1.txt] mode=deviation, top_k=None, threshold=6.5, use_topk=False, P=0.7417, R=1.0000, F1=0.8517
2025-04-15 23:30:41,724 - INFO - [omi-1.txt] mode=deviation, top_k=None, threshold=7.0, use_topk=False, P=0.7417, R=1.0000, F1=0.8517
2025-04-15 23:30:41,741 - INFO - [omi-10] Starting grid search...
2025-04-15 23:30:45,154 - INFO - [omi-10.txt] mode=deviation, top_k=None, threshold=1.0, use_topk=False, P=0.4444, R=0.9836, F1=0.6122
2025-04-15 23:30:45,208 - INFO - [omi-10.txt] mode=deviation, top_k=None, threshold=1.5, use_topk=False, P=0.4444, R=0.9836, F1=0.6122
2025-04-15 23:30:45,294 - INFO - [omi-10.txt] mode=deviation, top_k=None, threshold=2.0, use_topk=False, P=0.4444, R=0.9836, F1=0.6122
2025-04-15 23:30:45,295 - INFO - [omi-10.txt] mode=deviation, top_k=None, threshold=2.5, use_topk=False, P=0.4444, R=0.9836, F1=0.6122
2025-04-15 23:30:47,514 - INFO - [omi-10.txt] mode=deviation, top_k=None, threshold=3.0, use_topk=False, P=0.4444, R=0.9836, F1=0.6122
2025-04-15 23:30:47,573 - INFO - [omi-10.txt] mode=deviation, top_k=None, threshold=3.5, use_topk=False, P=0.4444, R=0.9836, F1=0.6122
2025-04-15 23:30:47,573 - INFO - [omi-10.txt] mode=deviation, top_k=None, threshold=4.0, use_topk=False, P=0.4444, R=0.9836, F1=0.6122
2025-04-15 23:30:47,607 - INFO - [omi-10.txt] mode=deviation, top_k=None, threshold=4.5, use_topk=False, P=0.4444, R=0.9836, F1=0.6122
2025-04-15 23:30:49,893 - INFO - [omi-10.txt] mode=deviation, top_k=None, threshold=5.0, use_topk=False, P=0.4444, R=0.9836, F1=0.6122
2025-04-15 23:30:49,893 - INFO - [omi-10.txt] mode=deviation, top_k=None, threshold=5.5, use_topk=False, P=0.4444, R=0.9836, F1=0.6122
2025-04-15 23:30:49,910 - INFO - [omi-10.txt] mode=deviation, top_k=None, threshold=6.0, use_topk=False, P=0.4444, R=0.9836, F1=0.6122
2025-04-15 23:30:50,027 - INFO - [omi-10.txt] mode=deviation, top_k=None, threshold=6.5, use_topk=False, P=0.4444, R=0.9836, F1=0.6122
2025-04-15 23:30:52,022 - INFO - [omi-10.txt] mode=deviation, top_k=None, threshold=7.0, use_topk=False, P=0.4444, R=0.9836, F1=0.6122
2025-04-15 23:30:52,039 - INFO - [omi-11] Starting grid search...
2025-04-15 23:30:55,310 - INFO - [omi-11.txt] mode=deviation, top_k=None, threshold=1.0, use_topk=False, P=0.3434, R=0.9828, F1=0.5089
2025-04-15 23:30:55,407 - INFO - [omi-11.txt] mode=deviation, top_k=None, threshold=1.5, use_topk=False, P=0.3434, R=0.9828, F1=0.5089
2025-04-15 23:30:55,426 - INFO - [omi-11.txt] mode=deviation, top_k=None, threshold=2.0, use_topk=False, P=0.3434, R=0.9828, F1=0.5089
2025-04-15 23:30:55,457 - INFO - [omi-11.txt] mode=deviation, top_k=None, threshold=2.5, use_topk=False, P=0.3434, R=0.9828, F1=0.5089
2025-04-15 23:30:57,559 - INFO - [omi-11.txt] mode=deviation, top_k=None, threshold=3.0, use_topk=False, P=0.3434, R=0.9828, F1=0.5089
2025-04-15 23:30:57,655 - INFO - [omi-11.txt] mode=deviation, top_k=None, threshold=3.5, use_topk=False, P=0.3434, R=0.9828, F1=0.5089
2025-04-15 23:30:57,662 - INFO - [omi-11.txt] mode=deviation, top_k=None, threshold=4.0, use_topk=False, P=0.3434, R=0.9828, F1=0.5089
2025-04-15 23:30:57,662 - INFO - [omi-11.txt] mode=deviation, top_k=None, threshold=4.5, use_topk=False, P=0.3434, R=0.9828, F1=0.5089
2025-04-15 23:30:59,754 - INFO - [omi-11.txt] mode=deviation, top_k=None, threshold=5.0, use_topk=False, P=0.3434, R=0.9828, F1=0.5089
2025-04-15 23:30:59,973 - INFO - [omi-11.txt] mode=deviation, top_k=None, threshold=5.5, use_topk=False, P=0.3434, R=0.9828, F1=0.5089
2025-04-15 23:30:59,974 - INFO - [omi-11.txt] mode=deviation, top_k=None, threshold=6.0, use_topk=False, P=0.3434, R=0.9828, F1=0.5089
2025-04-15 23:30:59,974 - INFO - [omi-11.txt] mode=deviation, top_k=None, threshold=6.5, use_topk=False, P=0.3434, R=0.9828, F1=0.5089
2025-04-15 23:31:01,776 - INFO - [omi-11.txt] mode=deviation, top_k=None, threshold=7.0, use_topk=False, P=0.3434, R=0.9828, F1=0.5089
2025-04-15 23:31:01,790 - INFO - [omi-12] Starting grid search...
2025-04-15 23:31:04,565 - INFO - [omi-12.txt] mode=deviation, top_k=None, threshold=1.0, use_topk=False, P=0.6129, R=0.9500, F1=0.7451
2025-04-15 23:31:04,613 - INFO - [omi-12.txt] mode=deviation, top_k=None, threshold=1.5, use_topk=False, P=0.6129, R=0.9500, F1=0.7451
2025-04-15 23:31:04,613 - INFO - [omi-12.txt] mode=deviation, top_k=None, threshold=2.0, use_topk=False, P=0.6129, R=0.9500, F1=0.7451
2025-04-15 23:31:04,647 - INFO - [omi-12.txt] mode=deviation, top_k=None, threshold=2.5, use_topk=False, P=0.6129, R=0.9500, F1=0.7451
2025-04-15 23:31:06,222 - INFO - [omi-12.txt] mode=deviation, top_k=None, threshold=3.0, use_topk=False, P=0.6129, R=0.9500, F1=0.7451
2025-04-15 23:31:06,223 - INFO - [omi-12.txt] mode=deviation, top_k=None, threshold=3.5, use_topk=False, P=0.6129, R=0.9500, F1=0.7451
2025-04-15 23:31:06,309 - INFO - [omi-12.txt] mode=deviation, top_k=None, threshold=4.0, use_topk=False, P=0.6129, R=0.9500, F1=0.7451
2025-04-15 23:31:06,345 - INFO - [omi-12.txt] mode=deviation, top_k=None, threshold=4.5, use_topk=False, P=0.6129, R=0.9500, F1=0.7451
2025-04-15 23:31:07,880 - INFO - [omi-12.txt] mode=deviation, top_k=None, threshold=5.0, use_topk=False, P=0.6129, R=0.9500, F1=0.7451
2025-04-15 23:31:07,916 - INFO - [omi-12.txt] mode=deviation, top_k=None, threshold=5.5, use_topk=False, P=0.6129, R=0.9500, F1=0.7451
2025-04-15 23:31:07,994 - INFO - [omi-12.txt] mode=deviation, top_k=None, threshold=6.0, use_topk=False, P=0.6129, R=0.9500, F1=0.7451
2025-04-15 23:31:07,995 - INFO - [omi-12.txt] mode=deviation, top_k=None, threshold=6.5, use_topk=False, P=0.6129, R=0.9500, F1=0.7451
2025-04-15 23:31:09,366 - INFO - [omi-12.txt] mode=deviation, top_k=None, threshold=7.0, use_topk=False, P=0.6129, R=0.9500, F1=0.7451
2025-04-15 23:31:09,383 - INFO - [omi-2] Starting grid search...
2025-04-15 23:31:12,655 - INFO - [omi-2.txt] mode=deviation, top_k=None, threshold=1.0, use_topk=False, P=0.4559, R=1.0000, F1=0.6263
2025-04-15 23:31:12,656 - INFO - [omi-2.txt] mode=deviation, top_k=None, threshold=1.5, use_topk=False, P=0.4559, R=1.0000, F1=0.6263
2025-04-15 23:31:12,678 - INFO - [omi-2.txt] mode=deviation, top_k=None, threshold=2.0, use_topk=False, P=0.4559, R=1.0000, F1=0.6263
2025-04-15 23:31:12,679 - INFO - [omi-2.txt] mode=deviation, top_k=None, threshold=2.5, use_topk=False, P=0.4559, R=1.0000, F1=0.6263
2025-04-15 23:31:14,582 - INFO - [omi-2.txt] mode=deviation, top_k=None, threshold=3.0, use_topk=False, P=0.4559, R=1.0000, F1=0.6263
2025-04-15 23:31:14,583 - INFO - [omi-2.txt] mode=deviation, top_k=None, threshold=3.5, use_topk=False, P=0.4559, R=1.0000, F1=0.6263
2025-04-15 23:31:14,665 - INFO - [omi-2.txt] mode=deviation, top_k=None, threshold=4.0, use_topk=False, P=0.4559, R=1.0000, F1=0.6263
2025-04-15 23:31:14,679 - INFO - [omi-2.txt] mode=deviation, top_k=None, threshold=4.5, use_topk=False, P=0.4559, R=1.0000, F1=0.6263
2025-04-15 23:31:16,579 - INFO - [omi-2.txt] mode=deviation, top_k=None, threshold=5.0, use_topk=False, P=0.4559, R=1.0000, F1=0.6263
2025-04-15 23:31:16,579 - INFO - [omi-2.txt] mode=deviation, top_k=None, threshold=5.5, use_topk=False, P=0.4559, R=1.0000, F1=0.6263
2025-04-15 23:31:16,674 - INFO - [omi-2.txt] mode=deviation, top_k=None, threshold=6.0, use_topk=False, P=0.4559, R=1.0000, F1=0.6263
2025-04-15 23:31:16,690 - INFO - [omi-2.txt] mode=deviation, top_k=None, threshold=6.5, use_topk=False, P=0.4559, R=1.0000, F1=0.6263
2025-04-15 23:31:18,400 - INFO - [omi-2.txt] mode=deviation, top_k=None, threshold=7.0, use_topk=False, P=0.4559, R=1.0000, F1=0.6263
2025-04-15 23:31:18,420 - INFO - [omi-3] Starting grid search...
2025-04-15 23:31:21,661 - INFO - [omi-3.txt] mode=deviation, top_k=None, threshold=1.0, use_topk=False, P=0.7738, R=0.8333, F1=0.8025
2025-04-15 23:31:21,717 - INFO - [omi-3.txt] mode=deviation, top_k=None, threshold=1.5, use_topk=False, P=0.7738, R=0.8333, F1=0.8025
2025-04-15 23:31:21,718 - INFO - [omi-3.txt] mode=deviation, top_k=None, threshold=2.0, use_topk=False, P=0.7738, R=0.8333, F1=0.8025
2025-04-15 23:31:21,726 - INFO - [omi-3.txt] mode=deviation, top_k=None, threshold=2.5, use_topk=False, P=0.7738, R=0.8333, F1=0.8025
2025-04-15 23:31:23,832 - INFO - [omi-3.txt] mode=deviation, top_k=None, threshold=3.0, use_topk=False, P=0.7738, R=0.8333, F1=0.8025
2025-04-15 23:31:23,833 - INFO - [omi-3.txt] mode=deviation, top_k=None, threshold=3.5, use_topk=False, P=0.7738, R=0.8333, F1=0.8025
2025-04-15 23:31:23,896 - INFO - [omi-3.txt] mode=deviation, top_k=None, threshold=4.0, use_topk=False, P=0.7738, R=0.8333, F1=0.8025
2025-04-15 23:31:23,896 - INFO - [omi-3.txt] mode=deviation, top_k=None, threshold=4.5, use_topk=False, P=0.7738, R=0.8333, F1=0.8025
2025-04-15 23:31:25,924 - INFO - [omi-3.txt] mode=deviation, top_k=None, threshold=5.0, use_topk=False, P=0.7738, R=0.8333, F1=0.8025
2025-04-15 23:31:26,031 - INFO - [omi-3.txt] mode=deviation, top_k=None, threshold=5.5, use_topk=False, P=0.7738, R=0.8333, F1=0.8025
2025-04-15 23:31:26,032 - INFO - [omi-3.txt] mode=deviation, top_k=None, threshold=6.0, use_topk=False, P=0.7738, R=0.8333, F1=0.8025
2025-04-15 23:31:26,034 - INFO - [omi-3.txt] mode=deviation, top_k=None, threshold=6.5, use_topk=False, P=0.7738, R=0.8333, F1=0.8025
2025-04-15 23:31:27,869 - INFO - [omi-3.txt] mode=deviation, top_k=None, threshold=7.0, use_topk=False, P=0.7738, R=0.8333, F1=0.8025
2025-04-15 23:31:27,888 - INFO - [omi-4] Starting grid search...
2025-04-15 23:31:31,069 - INFO - [omi-4.txt] mode=deviation, top_k=None, threshold=1.0, use_topk=False, P=0.7952, R=0.9851, F1=0.8800
2025-04-15 23:31:31,127 - INFO - [omi-4.txt] mode=deviation, top_k=None, threshold=1.5, use_topk=False, P=0.7952, R=0.9851, F1=0.8800
2025-04-15 23:31:31,128 - INFO - [omi-4.txt] mode=deviation, top_k=None, threshold=2.0, use_topk=False, P=0.7952, R=0.9851, F1=0.8800
2025-04-15 23:31:31,180 - INFO - [omi-4.txt] mode=deviation, top_k=None, threshold=2.5, use_topk=False, P=0.7952, R=0.9851, F1=0.8800
2025-04-15 23:31:33,182 - INFO - [omi-4.txt] mode=deviation, top_k=None, threshold=3.0, use_topk=False, P=0.7952, R=0.9851, F1=0.8800
2025-04-15 23:31:33,249 - INFO - [omi-4.txt] mode=deviation, top_k=None, threshold=3.5, use_topk=False, P=0.7952, R=0.9851, F1=0.8800
2025-04-15 23:31:33,250 - INFO - [omi-4.txt] mode=deviation, top_k=None, threshold=4.0, use_topk=False, P=0.7952, R=0.9851, F1=0.8800
2025-04-15 23:31:33,266 - INFO - [omi-4.txt] mode=deviation, top_k=None, threshold=4.5, use_topk=False, P=0.7952, R=0.9851, F1=0.8800
2025-04-15 23:31:35,258 - INFO - [omi-4.txt] mode=deviation, top_k=None, threshold=5.0, use_topk=False, P=0.7952, R=0.9851, F1=0.8800
2025-04-15 23:31:35,342 - INFO - [omi-4.txt] mode=deviation, top_k=None, threshold=5.5, use_topk=False, P=0.7952, R=0.9851, F1=0.8800
2025-04-15 23:31:35,357 - INFO - [omi-4.txt] mode=deviation, top_k=None, threshold=6.0, use_topk=False, P=0.7952, R=0.9851, F1=0.8800
2025-04-15 23:31:35,357 - INFO - [omi-4.txt] mode=deviation, top_k=None, threshold=6.5, use_topk=False, P=0.7952, R=0.9851, F1=0.8800
2025-04-15 23:31:37,215 - INFO - [omi-4.txt] mode=deviation, top_k=None, threshold=7.0, use_topk=False, P=0.7952, R=0.9851, F1=0.8800
2025-04-15 23:31:37,233 - INFO - [omi-5] Starting grid search...
2025-04-15 23:31:40,496 - INFO - [omi-5.txt] mode=deviation, top_k=None, threshold=1.0, use_topk=False, P=0.4537, R=1.0000, F1=0.6242
2025-04-15 23:31:40,511 - INFO - [omi-5.txt] mode=deviation, top_k=None, threshold=1.5, use_topk=False, P=0.4537, R=1.0000, F1=0.6242
2025-04-15 23:31:40,588 - INFO - [omi-5.txt] mode=deviation, top_k=None, threshold=2.0, use_topk=False, P=0.4537, R=1.0000, F1=0.6242
2025-04-15 23:31:40,588 - INFO - [omi-5.txt] mode=deviation, top_k=None, threshold=2.5, use_topk=False, P=0.4537, R=1.0000, F1=0.6242
2025-04-15 23:31:42,675 - INFO - [omi-5.txt] mode=deviation, top_k=None, threshold=3.0, use_topk=False, P=0.4537, R=1.0000, F1=0.6242
2025-04-15 23:31:42,676 - INFO - [omi-5.txt] mode=deviation, top_k=None, threshold=3.5, use_topk=False, P=0.4537, R=1.0000, F1=0.6242
2025-04-15 23:31:42,763 - INFO - [omi-5.txt] mode=deviation, top_k=None, threshold=4.0, use_topk=False, P=0.4537, R=1.0000, F1=0.6242
2025-04-15 23:31:42,764 - INFO - [omi-5.txt] mode=deviation, top_k=None, threshold=4.5, use_topk=False, P=0.4537, R=1.0000, F1=0.6242
2025-04-15 23:31:44,800 - INFO - [omi-5.txt] mode=deviation, top_k=None, threshold=5.0, use_topk=False, P=0.4537, R=1.0000, F1=0.6242
2025-04-15 23:31:44,807 - INFO - [omi-5.txt] mode=deviation, top_k=None, threshold=5.5, use_topk=False, P=0.4537, R=1.0000, F1=0.6242
2025-04-15 23:31:44,915 - INFO - [omi-5.txt] mode=deviation, top_k=None, threshold=6.0, use_topk=False, P=0.4537, R=1.0000, F1=0.6242
2025-04-15 23:31:44,916 - INFO - [omi-5.txt] mode=deviation, top_k=None, threshold=6.5, use_topk=False, P=0.4537, R=1.0000, F1=0.6242
2025-04-15 23:31:46,845 - INFO - [omi-5.txt] mode=deviation, top_k=None, threshold=7.0, use_topk=False, P=0.4537, R=1.0000, F1=0.6242
2025-04-15 23:31:46,864 - INFO - [omi-6] Starting grid search...
2025-04-15 23:31:50,072 - INFO - [omi-6.txt] mode=deviation, top_k=None, threshold=1.0, use_topk=False, P=0.2544, R=0.9773, F1=0.4038
2025-04-15 23:31:50,207 - INFO - [omi-6.txt] mode=deviation, top_k=None, threshold=1.5, use_topk=False, P=0.2544, R=0.9773, F1=0.4038
2025-04-15 23:31:50,208 - INFO - [omi-6.txt] mode=deviation, top_k=None, threshold=2.0, use_topk=False, P=0.2544, R=0.9773, F1=0.4038
2025-04-15 23:31:50,213 - INFO - [omi-6.txt] mode=deviation, top_k=None, threshold=2.5, use_topk=False, P=0.2544, R=0.9773, F1=0.4038
2025-04-15 23:31:52,268 - INFO - [omi-6.txt] mode=deviation, top_k=None, threshold=3.0, use_topk=False, P=0.2544, R=0.9773, F1=0.4038
2025-04-15 23:31:52,410 - INFO - [omi-6.txt] mode=deviation, top_k=None, threshold=3.5, use_topk=False, P=0.2544, R=0.9773, F1=0.4038
2025-04-15 23:31:52,410 - INFO - [omi-6.txt] mode=deviation, top_k=None, threshold=4.0, use_topk=False, P=0.2544, R=0.9773, F1=0.4038
2025-04-15 23:31:52,419 - INFO - [omi-6.txt] mode=deviation, top_k=None, threshold=4.5, use_topk=False, P=0.2544, R=0.9773, F1=0.4038
2025-04-15 23:31:54,380 - INFO - [omi-6.txt] mode=deviation, top_k=None, threshold=5.0, use_topk=False, P=0.2544, R=0.9773, F1=0.4038
2025-04-15 23:31:54,547 - INFO - [omi-6.txt] mode=deviation, top_k=None, threshold=5.5, use_topk=False, P=0.2544, R=0.9773, F1=0.4038
2025-04-15 23:31:54,554 - INFO - [omi-6.txt] mode=deviation, top_k=None, threshold=6.0, use_topk=False, P=0.2544, R=0.9773, F1=0.4038
2025-04-15 23:31:54,574 - INFO - [omi-6.txt] mode=deviation, top_k=None, threshold=6.5, use_topk=False, P=0.2544, R=0.9773, F1=0.4038
2025-04-15 23:31:56,425 - INFO - [omi-6.txt] mode=deviation, top_k=None, threshold=7.0, use_topk=False, P=0.2544, R=0.9773, F1=0.4038
2025-04-15 23:31:56,440 - INFO - [omi-7] Starting grid search...
2025-04-15 23:31:59,595 - INFO - [omi-7.txt] mode=deviation, top_k=None, threshold=1.0, use_topk=False, P=0.8261, R=0.9744, F1=0.8941
2025-04-15 23:31:59,596 - INFO - [omi-7.txt] mode=deviation, top_k=None, threshold=1.5, use_topk=False, P=0.8261, R=0.9744, F1=0.8941
2025-04-15 23:31:59,596 - INFO - [omi-7.txt] mode=deviation, top_k=None, threshold=2.0, use_topk=False, P=0.8261, R=0.9744, F1=0.8941
2025-04-15 23:31:59,596 - INFO - [omi-7.txt] mode=deviation, top_k=None, threshold=2.5, use_topk=False, P=0.8261, R=0.9744, F1=0.8941
2025-04-15 23:32:01,546 - INFO - [omi-7.txt] mode=deviation, top_k=None, threshold=3.0, use_topk=False, P=0.8261, R=0.9744, F1=0.8941
2025-04-15 23:32:01,586 - INFO - [omi-7.txt] mode=deviation, top_k=None, threshold=3.5, use_topk=False, P=0.8261, R=0.9744, F1=0.8941
2025-04-15 23:32:01,590 - INFO - [omi-7.txt] mode=deviation, top_k=None, threshold=4.0, use_topk=False, P=0.8261, R=0.9744, F1=0.8941
2025-04-15 23:32:01,623 - INFO - [omi-7.txt] mode=deviation, top_k=None, threshold=4.5, use_topk=False, P=0.8261, R=0.9744, F1=0.8941
2025-04-15 23:32:03,589 - INFO - [omi-7.txt] mode=deviation, top_k=None, threshold=5.0, use_topk=False, P=0.8261, R=0.9744, F1=0.8941
2025-04-15 23:32:03,590 - INFO - [omi-7.txt] mode=deviation, top_k=None, threshold=5.5, use_topk=False, P=0.8261, R=0.9744, F1=0.8941
2025-04-15 23:32:03,590 - INFO - [omi-7.txt] mode=deviation, top_k=None, threshold=6.0, use_topk=False, P=0.8261, R=0.9744, F1=0.8941
2025-04-15 23:32:03,654 - INFO - [omi-7.txt] mode=deviation, top_k=None, threshold=6.5, use_topk=False, P=0.8261, R=0.9744, F1=0.8941
2025-04-15 23:32:05,381 - INFO - [omi-7.txt] mode=deviation, top_k=None, threshold=7.0, use_topk=False, P=0.8261, R=0.9744, F1=0.8941
2025-04-15 23:32:05,397 - INFO - [omi-8] Starting grid search...
2025-04-15 23:32:08,547 - INFO - [omi-8.txt] mode=deviation, top_k=None, threshold=1.0, use_topk=False, P=0.3537, R=0.9355, F1=0.5133
2025-04-15 23:32:08,623 - INFO - [omi-8.txt] mode=deviation, top_k=None, threshold=1.5, use_topk=False, P=0.3537, R=0.9355, F1=0.5133
2025-04-15 23:32:08,624 - INFO - [omi-8.txt] mode=deviation, top_k=None, threshold=2.0, use_topk=False, P=0.3537, R=0.9355, F1=0.5133
2025-04-15 23:32:08,624 - INFO - [omi-8.txt] mode=deviation, top_k=None, threshold=2.5, use_topk=False, P=0.3537, R=0.9355, F1=0.5133
2025-04-15 23:32:10,552 - INFO - [omi-8.txt] mode=deviation, top_k=None, threshold=3.0, use_topk=False, P=0.3537, R=0.9355, F1=0.5133
2025-04-15 23:32:10,669 - INFO - [omi-8.txt] mode=deviation, top_k=None, threshold=3.5, use_topk=False, P=0.3537, R=0.9355, F1=0.5133
2025-04-15 23:32:10,687 - INFO - [omi-8.txt] mode=deviation, top_k=None, threshold=4.0, use_topk=False, P=0.3537, R=0.9355, F1=0.5133
2025-04-15 23:32:10,687 - INFO - [omi-8.txt] mode=deviation, top_k=None, threshold=4.5, use_topk=False, P=0.3537, R=0.9355, F1=0.5133
2025-04-15 23:32:12,546 - INFO - [omi-8.txt] mode=deviation, top_k=None, threshold=5.0, use_topk=False, P=0.3537, R=0.9355, F1=0.5133
2025-04-15 23:32:12,708 - INFO - [omi-8.txt] mode=deviation, top_k=None, threshold=5.5, use_topk=False, P=0.3537, R=0.9355, F1=0.5133
2025-04-15 23:32:12,760 - INFO - [omi-8.txt] mode=deviation, top_k=None, threshold=6.0, use_topk=False, P=0.3537, R=0.9355, F1=0.5133
2025-04-15 23:32:12,760 - INFO - [omi-8.txt] mode=deviation, top_k=None, threshold=6.5, use_topk=False, P=0.3537, R=0.9355, F1=0.5133
2025-04-15 23:32:14,440 - INFO - [omi-8.txt] mode=deviation, top_k=None, threshold=7.0, use_topk=False, P=0.3537, R=0.9355, F1=0.5133
2025-04-15 23:32:14,457 - INFO - [omi-9] Starting grid search...
2025-04-15 23:32:17,565 - INFO - [omi-9.txt] mode=deviation, top_k=None, threshold=1.0, use_topk=False, P=0.4962, R=0.9155, F1=0.6436
2025-04-15 23:32:17,613 - INFO - [omi-9.txt] mode=deviation, top_k=None, threshold=1.5, use_topk=False, P=0.4962, R=0.9155, F1=0.6436
2025-04-15 23:32:17,613 - INFO - [omi-9.txt] mode=deviation, top_k=None, threshold=2.0, use_topk=False, P=0.4962, R=0.9155, F1=0.6436
2025-04-15 23:32:17,662 - INFO - [omi-9.txt] mode=deviation, top_k=None, threshold=2.5, use_topk=False, P=0.4962, R=0.9155, F1=0.6436
2025-04-15 23:32:19,658 - INFO - [omi-9.txt] mode=deviation, top_k=None, threshold=3.0, use_topk=False, P=0.4962, R=0.9155, F1=0.6436
2025-04-15 23:32:19,722 - INFO - [omi-9.txt] mode=deviation, top_k=None, threshold=3.5, use_topk=False, P=0.4962, R=0.9155, F1=0.6436
2025-04-15 23:32:19,722 - INFO - [omi-9.txt] mode=deviation, top_k=None, threshold=4.0, use_topk=False, P=0.4962, R=0.9155, F1=0.6436
2025-04-15 23:32:19,749 - INFO - [omi-9.txt] mode=deviation, top_k=None, threshold=4.5, use_topk=False, P=0.4962, R=0.9155, F1=0.6436
2025-04-15 23:32:21,646 - INFO - [omi-9.txt] mode=deviation, top_k=None, threshold=5.0, use_topk=False, P=0.4962, R=0.9155, F1=0.6436
2025-04-15 23:32:21,678 - INFO - [omi-9.txt] mode=deviation, top_k=None, threshold=5.5, use_topk=False, P=0.4962, R=0.9155, F1=0.6436
2025-04-15 23:32:21,776 - INFO - [omi-9.txt] mode=deviation, top_k=None, threshold=6.0, use_topk=False, P=0.4962, R=0.9155, F1=0.6436
2025-04-15 23:32:21,777 - INFO - [omi-9.txt] mode=deviation, top_k=None, threshold=6.5, use_topk=False, P=0.4962, R=0.9155, F1=0.6436
2025-04-15 23:32:23,541 - INFO - [omi-9.txt] mode=deviation, top_k=None, threshold=7.0, use_topk=False, P=0.4962, R=0.9155, F1=0.6436
2025-04-15 23:32:23,562 - INFO - 
==================================================
2025-04-15 23:32:23,562 - INFO - 开始汇总结果...
2025-04-15 23:32:23,567 - INFO - 
===== Best Results per Dataset =====
   dataset score_mode top_k  score_threshold  use_topk  precision   recall  f1_score
 omi-1.txt  deviation  None              1.5     False   0.741667 1.000000  0.851675
omi-10.txt  deviation  None              4.0     False   0.444444 0.983607  0.612245
omi-11.txt  deviation  None              1.5     False   0.343373 0.982759  0.508929
omi-12.txt  deviation  None              7.0     False   0.612903 0.950000  0.745098
 omi-2.txt  deviation  None              6.0     False   0.455882 1.000000  0.626263
 omi-3.txt  deviation  None              2.5     False   0.773810 0.833333  0.802469
 omi-4.txt  deviation  None              4.5     False   0.795181 0.985075  0.880000
 omi-5.txt  deviation  None              4.5     False   0.453704 1.000000  0.624204
 omi-6.txt  deviation  None              6.5     False   0.254438 0.977273  0.403756
 omi-7.txt  deviation  None              1.5     False   0.826087 0.974359  0.894118
 omi-8.txt  deviation  None              4.0     False   0.353659 0.935484  0.513274
 omi-9.txt  deviation  None              4.0     False   0.496183 0.915493  0.643564
2025-04-15 23:32:23,567 - INFO - 
===== Overall Metrics =====
Precision: 0.4787  Recall: 0.9585  F1: 0.6385
2025-04-15 23:32:23,567 - INFO - 
【原始汇总指标】
2025-04-15 23:32:23,567 - INFO - 精确率(Precision): 0.4787
2025-04-15 23:32:23,567 - INFO - 召回率(Recall):    0.9585
2025-04-15 23:32:23,567 - INFO - F1值:             0.6385
2025-04-15 23:32:23,567 - INFO - 
==================================================
2025-04-15 23:32:23,567 - INFO - 开始生成可视化结果...
2025-04-15 23:32:23,567 - INFO - 
==================================================
2025-04-15 23:32:23,567 - INFO - 开始数据集可视化: omi-1
2025-04-15 23:32:23,567 - INFO - 使用参数: 评分模式=deviation, top_k=None, 阈值=1.5
2025-04-15 23:32:23,568 - INFO - ==================================================

2025-04-15 23:32:23,568 - INFO - 正在加载数据集 omi-1 的数据
2025-04-15 23:32:23,569 - INFO - 数据加载成功。训练集形状: (8640, 19), 测试集形状: (4320, 19)
2025-04-15 23:32:23,569 - INFO - 正在计算边缘统计量...
2025-04-15 23:32:25,412 - INFO - 已计算 170 条边的统计量
2025-04-15 23:32:25,412 - INFO - 为每个节点使用所有邻居
2025-04-15 23:32:25,413 - INFO - 可视化结果将保存到: ./visual/use_topkFalse\omi\deviation\omi-1
2025-04-15 23:32:25,414 - INFO - 在数据集中发现 7 个异常时间段
2025-04-15 23:32:25,414 - INFO - 
正在处理时间段 1/7: 760-765
2025-04-15 23:32:25,414 - INFO - 该时间段的真实异常节点: {4, 5, 7, 8, 9, 10, 11, 12, 13, 14, 15, 16, 17, 18, 19}
2025-04-15 23:32:25,414 - INFO - 正在计算异常分数...
2025-04-15 23:32:25,416 - INFO - 检测到的异常节点: {1, 4, 5, 7, 8, 9, 10, 11, 12, 13, 14, 15, 16, 17, 18, 19}
2025-04-15 23:32:25,416 - INFO - 正在为时间段 760-765 生成可视化
2025-04-15 23:32:25,416 - INFO - 正在为时间段 760-765 生成异常图可视化
2025-04-15 23:32:25,416 - DEBUG - 创建包含 19 个节点的图结构
2025-04-15 23:32:25,417 - DEBUG - 边统计: 正常边 118 条, 异常边 122 条
2025-04-15 23:32:25,418 - INFO - 时间段 760-765 的节点检测统计: 真阳性=15, 假阳性=1, 假阴性=0, 正常节点=3
2025-04-15 23:32:25,502 - DEBUG - 正在保存可视化结果到 ./visual/use_topkFalse\omi\deviation\omi-1\seg_0_760_765.png
2025-04-15 23:32:25,582 - INFO - 成功保存时间段 760-765 的可视化结果
2025-04-15 23:32:25,582 - INFO - 
正在处理时间段 2/7: 1064-1298
2025-04-15 23:32:25,584 - INFO - 该时间段的真实异常节点: {6, 7, 9, 10, 11, 12, 13, 14, 15, 16, 17, 18, 19}
2025-04-15 23:32:25,584 - INFO - 正在计算异常分数...
2025-04-15 23:32:25,706 - INFO - 检测到的异常节点: {1, 3, 4, 5, 6, 7, 8, 9, 10, 11, 12, 13, 14, 15, 16, 17, 18, 19}
2025-04-15 23:32:25,707 - INFO - 正在为时间段 1064-1298 生成可视化
2025-04-15 23:32:25,707 - INFO - 正在为时间段 1064-1298 生成异常图可视化
2025-04-15 23:32:25,707 - DEBUG - 创建包含 19 个节点的图结构
2025-04-15 23:32:25,709 - DEBUG - 边统计: 正常边 194 条, 异常边 112 条
2025-04-15 23:32:25,709 - INFO - 时间段 1064-1298 的节点检测统计: 真阳性=13, 假阳性=5, 假阴性=0, 正常节点=1
2025-04-15 23:32:25,801 - DEBUG - 正在保存可视化结果到 ./visual/use_topkFalse\omi\deviation\omi-1\seg_1_1064_1298.png
2025-04-15 23:32:25,900 - INFO - 成功保存时间段 1064-1298 的可视化结果
2025-04-15 23:32:25,900 - INFO - 
正在处理时间段 3/7: 2758-2772
2025-04-15 23:32:25,900 - INFO - 该时间段的真实异常节点: {5, 6, 7, 8, 9, 10, 11, 12, 13, 14, 15, 16, 17, 18, 19}
2025-04-15 23:32:25,900 - INFO - 正在计算异常分数...
2025-04-15 23:32:25,911 - INFO - 检测到的异常节点: {1, 4, 5, 6, 7, 8, 9, 10, 11, 12, 13, 14, 15, 16, 17, 18, 19}
2025-04-15 23:32:25,911 - INFO - 正在为时间段 2758-2772 生成可视化
2025-04-15 23:32:25,911 - INFO - 正在为时间段 2758-2772 生成异常图可视化
2025-04-15 23:32:25,911 - DEBUG - 创建包含 19 个节点的图结构
2025-04-15 23:32:25,912 - DEBUG - 边统计: 正常边 176 条, 异常边 96 条
2025-04-15 23:32:25,912 - INFO - 时间段 2758-2772 的节点检测统计: 真阳性=15, 假阳性=2, 假阴性=0, 正常节点=2
2025-04-15 23:32:25,997 - DEBUG - 正在保存可视化结果到 ./visual/use_topkFalse\omi\deviation\omi-1\seg_2_2758_2772.png
2025-04-15 23:32:26,079 - INFO - 成功保存时间段 2758-2772 的可视化结果
2025-04-15 23:32:26,079 - INFO - 
正在处理时间段 4/7: 2874-2885
2025-04-15 23:32:26,080 - INFO - 该时间段的真实异常节点: {7, 9, 10, 11, 12, 13, 14, 15, 16, 17, 18}
2025-04-15 23:32:26,080 - INFO - 正在计算异常分数...
2025-04-15 23:32:26,087 - INFO - 检测到的异常节点: {1, 4, 5, 6, 7, 8, 9, 10, 11, 12, 13, 14, 15, 16, 17, 18, 19}
2025-04-15 23:32:26,087 - INFO - 正在为时间段 2874-2885 生成可视化
2025-04-15 23:32:26,087 - INFO - 正在为时间段 2874-2885 生成异常图可视化
2025-04-15 23:32:26,088 - DEBUG - 创建包含 19 个节点的图结构
2025-04-15 23:32:26,088 - DEBUG - 边统计: 正常边 190 条, 异常边 82 条
2025-04-15 23:32:26,088 - INFO - 时间段 2874-2885 的节点检测统计: 真阳性=11, 假阳性=6, 假阴性=0, 正常节点=2
2025-04-15 23:32:26,168 - DEBUG - 正在保存可视化结果到 ./visual/use_topkFalse\omi\deviation\omi-1\seg_3_2874_2885.png
2025-04-15 23:32:26,253 - INFO - 成功保存时间段 2874-2885 的可视化结果
2025-04-15 23:32:26,253 - INFO - 
正在处理时间段 5/7: 3012-3025
2025-04-15 23:32:26,254 - INFO - 该时间段的真实异常节点: {7, 10, 11, 12, 13, 14, 15, 16, 17, 18, 19}
2025-04-15 23:32:26,254 - INFO - 正在计算异常分数...
2025-04-15 23:32:26,261 - INFO - 检测到的异常节点: {1, 4, 5, 6, 7, 8, 9, 10, 11, 12, 13, 14, 15, 16, 17, 18, 19}
2025-04-15 23:32:26,261 - INFO - 正在为时间段 3012-3025 生成可视化
2025-04-15 23:32:26,261 - INFO - 正在为时间段 3012-3025 生成异常图可视化
2025-04-15 23:32:26,262 - DEBUG - 创建包含 19 个节点的图结构
2025-04-15 23:32:26,262 - DEBUG - 边统计: 正常边 164 条, 异常边 108 条
2025-04-15 23:32:26,262 - INFO - 时间段 3012-3025 的节点检测统计: 真阳性=11, 假阳性=6, 假阴性=0, 正常节点=2
2025-04-15 23:32:26,404 - DEBUG - 正在保存可视化结果到 ./visual/use_topkFalse\omi\deviation\omi-1\seg_4_3012_3025.png
2025-04-15 23:32:26,483 - INFO - 成功保存时间段 3012-3025 的可视化结果
2025-04-15 23:32:26,483 - INFO - 
正在处理时间段 6/7: 3160-3305
2025-04-15 23:32:26,484 - INFO - 该时间段的真实异常节点: {8, 9, 10, 11, 12, 13, 14, 15, 16, 17, 18, 19}
2025-04-15 23:32:26,484 - INFO - 正在计算异常分数...
2025-04-15 23:32:26,557 - INFO - 检测到的异常节点: {1, 3, 4, 5, 6, 7, 8, 9, 10, 11, 12, 13, 14, 15, 16, 17, 18, 19}
2025-04-15 23:32:26,557 - INFO - 正在为时间段 3160-3305 生成可视化
2025-04-15 23:32:26,557 - INFO - 正在为时间段 3160-3305 生成异常图可视化
2025-04-15 23:32:26,557 - DEBUG - 创建包含 19 个节点的图结构
2025-04-15 23:32:26,558 - DEBUG - 边统计: 正常边 194 条, 异常边 112 条
2025-04-15 23:32:26,558 - INFO - 时间段 3160-3305 的节点检测统计: 真阳性=12, 假阳性=6, 假阴性=0, 正常节点=1
2025-04-15 23:32:26,643 - DEBUG - 正在保存可视化结果到 ./visual/use_topkFalse\omi\deviation\omi-1\seg_5_3160_3305.png
2025-04-15 23:32:26,736 - INFO - 成功保存时间段 3160-3305 的可视化结果
2025-04-15 23:32:26,736 - INFO - 
正在处理时间段 7/7: 3626-3638
2025-04-15 23:32:26,736 - INFO - 该时间段的真实异常节点: {7, 9, 10, 11, 12, 13, 14, 15, 16, 17, 18, 19}
2025-04-15 23:32:26,736 - INFO - 正在计算异常分数...
2025-04-15 23:32:26,744 - INFO - 检测到的异常节点: {1, 4, 5, 6, 7, 8, 9, 10, 11, 12, 13, 14, 15, 16, 17, 18, 19}
2025-04-15 23:32:26,744 - INFO - 正在为时间段 3626-3638 生成可视化
2025-04-15 23:32:26,744 - INFO - 正在为时间段 3626-3638 生成异常图可视化
2025-04-15 23:32:26,744 - DEBUG - 创建包含 19 个节点的图结构
2025-04-15 23:32:26,744 - DEBUG - 边统计: 正常边 190 条, 异常边 82 条
2025-04-15 23:32:26,745 - INFO - 时间段 3626-3638 的节点检测统计: 真阳性=12, 假阳性=5, 假阴性=0, 正常节点=2
2025-04-15 23:32:26,825 - DEBUG - 正在保存可视化结果到 ./visual/use_topkFalse\omi\deviation\omi-1\seg_6_3626_3638.png
2025-04-15 23:32:26,902 - INFO - 成功保存时间段 3626-3638 的可视化结果
2025-04-15 23:32:26,902 - INFO - 正在从 ./visual/use_topkFalse\omi\deviation\omi-1 中的图像创建GIF
2025-04-15 23:32:27,099 - INFO - GIF已保存到 ./visual/use_topkFalse\omi\deviation\omi-1\omi-1.gif
2025-04-15 23:32:27,099 - INFO - 
==================================================
2025-04-15 23:32:27,099 - INFO - 开始数据集可视化: omi-10
2025-04-15 23:32:27,099 - INFO - 使用参数: 评分模式=deviation, top_k=None, 阈值=4.0
2025-04-15 23:32:27,099 - INFO - ==================================================

2025-04-15 23:32:27,100 - INFO - 正在加载数据集 omi-10 的数据
2025-04-15 23:32:27,101 - INFO - 数据加载成功。训练集形状: (8640, 19), 测试集形状: (4320, 19)
2025-04-15 23:32:27,101 - INFO - 正在计算边缘统计量...
2025-04-15 23:32:29,007 - INFO - 已计算 136 条边的统计量
2025-04-15 23:32:29,007 - INFO - 为每个节点使用所有邻居
2025-04-15 23:32:29,008 - INFO - 可视化结果将保存到: ./visual/use_topkFalse\omi\deviation\omi-10
2025-04-15 23:32:29,008 - INFO - 在数据集中发现 8 个异常时间段
2025-04-15 23:32:29,008 - INFO - 
正在处理时间段 1/8: 740-780
2025-04-15 23:32:29,008 - INFO - 该时间段的真实异常节点: {2, 5, 6, 7, 8, 9, 10, 11, 12, 13, 14, 15, 16, 17, 18, 19}
2025-04-15 23:32:29,008 - INFO - 正在计算异常分数...
2025-04-15 23:32:29,037 - INFO - 检测到的异常节点: {1, 4, 5, 6, 7, 8, 9, 10, 11, 12, 13, 14, 15, 16, 17, 18, 19}
2025-04-15 23:32:29,037 - INFO - 正在为时间段 740-780 生成可视化
2025-04-15 23:32:29,037 - INFO - 正在为时间段 740-780 生成异常图可视化
2025-04-15 23:32:29,037 - DEBUG - 创建包含 19 个节点的图结构
2025-04-15 23:32:29,038 - DEBUG - 边统计: 正常边 206 条, 异常边 66 条
2025-04-15 23:32:29,038 - INFO - 时间段 740-780 的节点检测统计: 真阳性=15, 假阳性=2, 假阴性=1, 正常节点=1
2025-04-15 23:32:29,126 - DEBUG - 正在保存可视化结果到 ./visual/use_topkFalse\omi\deviation\omi-10\seg_0_740_780.png
2025-04-15 23:32:29,204 - INFO - 成功保存时间段 740-780 的可视化结果
2025-04-15 23:32:29,204 - INFO - 
正在处理时间段 2/8: 1345-1406
2025-04-15 23:32:29,205 - INFO - 该时间段的真实异常节点: {7, 9, 10, 11, 12, 13, 14, 15, 16, 17, 18}
2025-04-15 23:32:29,205 - INFO - 正在计算异常分数...
2025-04-15 23:32:29,253 - INFO - 检测到的异常节点: {1, 4, 5, 6, 7, 8, 9, 10, 11, 12, 13, 14, 15, 16, 17, 18, 19}
2025-04-15 23:32:29,253 - INFO - 正在为时间段 1345-1406 生成可视化
2025-04-15 23:32:29,253 - INFO - 正在为时间段 1345-1406 生成异常图可视化
2025-04-15 23:32:29,253 - DEBUG - 创建包含 19 个节点的图结构
2025-04-15 23:32:29,253 - DEBUG - 边统计: 正常边 210 条, 异常边 62 条
2025-04-15 23:32:29,253 - INFO - 时间段 1345-1406 的节点检测统计: 真阳性=11, 假阳性=6, 假阴性=0, 正常节点=2
2025-04-15 23:32:29,336 - DEBUG - 正在保存可视化结果到 ./visual/use_topkFalse\omi\deviation\omi-10\seg_1_1345_1406.png
2025-04-15 23:32:29,412 - INFO - 成功保存时间段 1345-1406 的可视化结果
2025-04-15 23:32:29,412 - INFO - 
正在处理时间段 3/8: 2224-2272
2025-04-15 23:32:29,412 - INFO - 该时间段的真实异常节点: {4, 5, 6, 7, 9, 10, 11, 12, 13, 14, 15, 16, 17, 18, 19}
2025-04-15 23:32:29,412 - INFO - 正在计算异常分数...
2025-04-15 23:32:29,450 - INFO - 检测到的异常节点: {1, 4, 5, 6, 7, 8, 9, 10, 11, 12, 13, 14, 15, 16, 17, 18, 19}
2025-04-15 23:32:29,451 - INFO - 正在为时间段 2224-2272 生成可视化
2025-04-15 23:32:29,451 - INFO - 正在为时间段 2224-2272 生成异常图可视化
2025-04-15 23:32:29,451 - DEBUG - 创建包含 19 个节点的图结构
2025-04-15 23:32:29,451 - DEBUG - 边统计: 正常边 208 条, 异常边 64 条
2025-04-15 23:32:29,451 - INFO - 时间段 2224-2272 的节点检测统计: 真阳性=15, 假阳性=2, 假阴性=0, 正常节点=2
2025-04-15 23:32:29,536 - DEBUG - 正在保存可视化结果到 ./visual/use_topkFalse\omi\deviation\omi-10\seg_2_2224_2272.png
2025-04-15 23:32:29,625 - INFO - 成功保存时间段 2224-2272 的可视化结果
2025-04-15 23:32:29,625 - INFO - 
正在处理时间段 4/8: 2514-2592
2025-04-15 23:32:29,626 - INFO - 该时间段的真实异常节点: {16, 4}
2025-04-15 23:32:29,626 - INFO - 正在计算异常分数...
2025-04-15 23:32:29,687 - INFO - 检测到的异常节点: {1, 4, 5, 6, 7, 8, 9, 10, 11, 12, 13, 14, 15, 16, 17, 18, 19}
2025-04-15 23:32:29,687 - INFO - 正在为时间段 2514-2592 生成可视化
2025-04-15 23:32:29,687 - INFO - 正在为时间段 2514-2592 生成异常图可视化
2025-04-15 23:32:29,687 - DEBUG - 创建包含 19 个节点的图结构
2025-04-15 23:32:29,688 - DEBUG - 边统计: 正常边 180 条, 异常边 92 条
2025-04-15 23:32:29,688 - INFO - 时间段 2514-2592 的节点检测统计: 真阳性=2, 假阳性=15, 假阴性=0, 正常节点=2
2025-04-15 23:32:29,771 - DEBUG - 正在保存可视化结果到 ./visual/use_topkFalse\omi\deviation\omi-10\seg_3_2514_2592.png
2025-04-15 23:32:29,857 - INFO - 成功保存时间段 2514-2592 的可视化结果
2025-04-15 23:32:29,857 - INFO - 
正在处理时间段 5/8: 2733-2778
2025-04-15 23:32:29,858 - INFO - 该时间段的真实异常节点: {11, 14, 15}
2025-04-15 23:32:29,858 - INFO - 正在计算异常分数...
2025-04-15 23:32:29,894 - INFO - 检测到的异常节点: {1, 4, 5, 7, 8, 9, 10, 11, 12, 13, 14, 15, 16, 17, 18, 19}
2025-04-15 23:32:29,894 - INFO - 正在为时间段 2733-2778 生成可视化
2025-04-15 23:32:29,894 - INFO - 正在为时间段 2733-2778 生成异常图可视化
2025-04-15 23:32:29,894 - DEBUG - 创建包含 19 个节点的图结构
2025-04-15 23:32:29,895 - DEBUG - 边统计: 正常边 178 条, 异常边 62 条
2025-04-15 23:32:29,895 - INFO - 时间段 2733-2778 的节点检测统计: 真阳性=3, 假阳性=13, 假阴性=0, 正常节点=3
2025-04-15 23:32:29,982 - DEBUG - 正在保存可视化结果到 ./visual/use_topkFalse\omi\deviation\omi-10\seg_4_2733_2778.png
2025-04-15 23:32:30,066 - INFO - 成功保存时间段 2733-2778 的可视化结果
2025-04-15 23:32:30,067 - INFO - 
正在处理时间段 6/8: 3401-3405
2025-04-15 23:32:30,067 - INFO - 该时间段的真实异常节点: {1}
2025-04-15 23:32:30,067 - INFO - 正在计算异常分数...
2025-04-15 23:32:30,068 - INFO - 检测到的异常节点: {1, 4, 5, 6, 7, 8, 9, 10, 11, 12, 13, 14, 15, 16, 17, 18, 19}
2025-04-15 23:32:30,068 - INFO - 正在为时间段 3401-3405 生成可视化
2025-04-15 23:32:30,068 - INFO - 正在为时间段 3401-3405 生成异常图可视化
2025-04-15 23:32:30,069 - DEBUG - 创建包含 19 个节点的图结构
2025-04-15 23:32:30,069 - DEBUG - 边统计: 正常边 138 条, 异常边 134 条
2025-04-15 23:32:30,069 - INFO - 时间段 3401-3405 的节点检测统计: 真阳性=1, 假阳性=16, 假阴性=0, 正常节点=2
2025-04-15 23:32:30,148 - DEBUG - 正在保存可视化结果到 ./visual/use_topkFalse\omi\deviation\omi-10\seg_5_3401_3405.png
2025-04-15 23:32:30,236 - INFO - 成功保存时间段 3401-3405 的可视化结果
2025-04-15 23:32:30,237 - INFO - 
正在处理时间段 7/8: 3414-3459
2025-04-15 23:32:30,237 - INFO - 该时间段的真实异常节点: {8}
2025-04-15 23:32:30,237 - INFO - 正在计算异常分数...
2025-04-15 23:32:30,270 - INFO - 检测到的异常节点: {1, 4, 5, 6, 7, 8, 9, 10, 11, 12, 13, 14, 15, 16, 17, 18, 19}
2025-04-15 23:32:30,270 - INFO - 正在为时间段 3414-3459 生成可视化
2025-04-15 23:32:30,270 - INFO - 正在为时间段 3414-3459 生成异常图可视化
2025-04-15 23:32:30,271 - DEBUG - 创建包含 19 个节点的图结构
2025-04-15 23:32:30,271 - DEBUG - 边统计: 正常边 148 条, 异常边 124 条
2025-04-15 23:32:30,271 - INFO - 时间段 3414-3459 的节点检测统计: 真阳性=1, 假阳性=16, 假阴性=0, 正常节点=2
2025-04-15 23:32:30,355 - DEBUG - 正在保存可视化结果到 ./visual/use_topkFalse\omi\deviation\omi-10\seg_6_3414_3459.png
2025-04-15 23:32:30,436 - INFO - 成功保存时间段 3414-3459 的可视化结果
2025-04-15 23:32:30,436 - INFO - 
正在处理时间段 8/8: 3700-3744
2025-04-15 23:32:30,436 - INFO - 该时间段的真实异常节点: {7, 8, 9, 10, 11, 12, 13, 14, 15, 16, 17, 18}
2025-04-15 23:32:30,436 - INFO - 正在计算异常分数...
2025-04-15 23:32:30,470 - INFO - 检测到的异常节点: {1, 4, 5, 6, 7, 8, 9, 10, 11, 12, 13, 14, 15, 16, 17, 18, 19}
2025-04-15 23:32:30,470 - INFO - 正在为时间段 3700-3744 生成可视化
2025-04-15 23:32:30,470 - INFO - 正在为时间段 3700-3744 生成异常图可视化
2025-04-15 23:32:30,470 - DEBUG - 创建包含 19 个节点的图结构
2025-04-15 23:32:30,471 - DEBUG - 边统计: 正常边 152 条, 异常边 120 条
2025-04-15 23:32:30,471 - INFO - 时间段 3700-3744 的节点检测统计: 真阳性=12, 假阳性=5, 假阴性=0, 正常节点=2
2025-04-15 23:32:30,553 - DEBUG - 正在保存可视化结果到 ./visual/use_topkFalse\omi\deviation\omi-10\seg_7_3700_3744.png
2025-04-15 23:32:30,635 - INFO - 成功保存时间段 3700-3744 的可视化结果
2025-04-15 23:32:30,635 - INFO - 正在从 ./visual/use_topkFalse\omi\deviation\omi-10 中的图像创建GIF
2025-04-15 23:32:30,851 - INFO - GIF已保存到 ./visual/use_topkFalse\omi\deviation\omi-10\omi-10.gif
2025-04-15 23:32:30,851 - INFO - 
==================================================
2025-04-15 23:32:30,851 - INFO - 开始数据集可视化: omi-11
2025-04-15 23:32:30,851 - INFO - 使用参数: 评分模式=deviation, top_k=None, 阈值=1.5
2025-04-15 23:32:30,851 - INFO - ==================================================

2025-04-15 23:32:30,852 - INFO - 正在加载数据集 omi-11 的数据
2025-04-15 23:32:30,854 - INFO - 数据加载成功。训练集形状: (8640, 19), 测试集形状: (4320, 19)
2025-04-15 23:32:30,854 - INFO - 正在计算边缘统计量...
2025-04-15 23:32:32,762 - INFO - 已计算 153 条边的统计量
2025-04-15 23:32:32,762 - INFO - 为每个节点使用所有邻居
2025-04-15 23:32:32,762 - INFO - 可视化结果将保存到: ./visual/use_topkFalse\omi\deviation\omi-11
2025-04-15 23:32:32,762 - INFO - 在数据集中发现 9 个异常时间段
2025-04-15 23:32:32,762 - INFO - 
正在处理时间段 1/9: 738-755
2025-04-15 23:32:32,762 - INFO - 该时间段的真实异常节点: {2}
2025-04-15 23:32:32,762 - INFO - 正在计算异常分数...
2025-04-15 23:32:32,773 - INFO - 检测到的异常节点: {4, 5, 6, 7, 8, 9, 10, 11, 12, 13, 14, 15, 16, 17, 18, 19}
2025-04-15 23:32:32,774 - INFO - 正在为时间段 738-755 生成可视化
2025-04-15 23:32:32,774 - INFO - 正在为时间段 738-755 生成异常图可视化
2025-04-15 23:32:32,774 - DEBUG - 创建包含 19 个节点的图结构
2025-04-15 23:32:32,774 - DEBUG - 边统计: 正常边 170 条, 异常边 70 条
2025-04-15 23:32:32,774 - INFO - 时间段 738-755 的节点检测统计: 真阳性=0, 假阳性=16, 假阴性=1, 正常节点=2
2025-04-15 23:32:32,858 - DEBUG - 正在保存可视化结果到 ./visual/use_topkFalse\omi\deviation\omi-11\seg_0_738_755.png
2025-04-15 23:32:32,942 - INFO - 成功保存时间段 738-755 的可视化结果
2025-04-15 23:32:32,942 - INFO - 
正在处理时间段 2/9: 757-815
2025-04-15 23:32:32,943 - INFO - 该时间段的真实异常节点: set()
2025-04-15 23:32:32,943 - INFO - 正在计算异常分数...
2025-04-15 23:32:32,985 - INFO - 检测到的异常节点: {1, 4, 5, 6, 7, 8, 9, 10, 11, 12, 13, 14, 15, 16, 17, 18, 19}
2025-04-15 23:32:32,985 - INFO - 正在为时间段 757-815 生成可视化
2025-04-15 23:32:32,985 - INFO - 正在为时间段 757-815 生成异常图可视化
2025-04-15 23:32:32,986 - DEBUG - 创建包含 19 个节点的图结构
2025-04-15 23:32:32,986 - DEBUG - 边统计: 正常边 266 条, 异常边 6 条
2025-04-15 23:32:32,986 - INFO - 时间段 757-815 的节点检测统计: 真阳性=0, 假阳性=17, 假阴性=0, 正常节点=2
2025-04-15 23:32:33,123 - DEBUG - 正在保存可视化结果到 ./visual/use_topkFalse\omi\deviation\omi-11\seg_1_757_815.png
2025-04-15 23:32:33,194 - INFO - 成功保存时间段 757-815 的可视化结果
2025-04-15 23:32:33,194 - INFO - 
正在处理时间段 3/9: 1366-1375
2025-04-15 23:32:33,195 - INFO - 该时间段的真实异常节点: {4, 5, 8, 17, 19}
2025-04-15 23:32:33,195 - INFO - 正在计算异常分数...
2025-04-15 23:32:33,200 - INFO - 检测到的异常节点: {1, 4, 5, 6, 7, 8, 9, 10, 11, 12, 13, 14, 15, 16, 17, 18, 19}
2025-04-15 23:32:33,200 - INFO - 正在为时间段 1366-1375 生成可视化
2025-04-15 23:32:33,200 - INFO - 正在为时间段 1366-1375 生成异常图可视化
2025-04-15 23:32:33,201 - DEBUG - 创建包含 19 个节点的图结构
2025-04-15 23:32:33,201 - DEBUG - 边统计: 正常边 102 条, 异常边 170 条
2025-04-15 23:32:33,201 - INFO - 时间段 1366-1375 的节点检测统计: 真阳性=5, 假阳性=12, 假阴性=0, 正常节点=2
2025-04-15 23:32:33,282 - DEBUG - 正在保存可视化结果到 ./visual/use_topkFalse\omi\deviation\omi-11\seg_2_1366_1375.png
2025-04-15 23:32:33,363 - INFO - 成功保存时间段 1366-1375 的可视化结果
2025-04-15 23:32:33,363 - INFO - 
正在处理时间段 4/9: 2301-2314
2025-04-15 23:32:33,363 - INFO - 该时间段的真实异常节点: {17, 19, 4, 5}
2025-04-15 23:32:33,363 - INFO - 正在计算异常分数...
2025-04-15 23:32:33,373 - INFO - 检测到的异常节点: {1, 4, 5, 6, 7, 8, 9, 10, 11, 12, 13, 14, 15, 16, 17, 18, 19}
2025-04-15 23:32:33,373 - INFO - 正在为时间段 2301-2314 生成可视化
2025-04-15 23:32:33,373 - INFO - 正在为时间段 2301-2314 生成异常图可视化
2025-04-15 23:32:33,373 - DEBUG - 创建包含 19 个节点的图结构
2025-04-15 23:32:33,373 - DEBUG - 边统计: 正常边 144 条, 异常边 128 条
2025-04-15 23:32:33,373 - INFO - 时间段 2301-2314 的节点检测统计: 真阳性=4, 假阳性=13, 假阴性=0, 正常节点=2
2025-04-15 23:32:33,455 - DEBUG - 正在保存可视化结果到 ./visual/use_topkFalse\omi\deviation\omi-11\seg_3_2301_2314.png
2025-04-15 23:32:33,535 - INFO - 成功保存时间段 2301-2314 的可视化结果
2025-04-15 23:32:33,535 - INFO - 
正在处理时间段 5/9: 2365-2381
2025-04-15 23:32:33,536 - INFO - 该时间段的真实异常节点: {19}
2025-04-15 23:32:33,536 - INFO - 正在计算异常分数...
2025-04-15 23:32:33,545 - INFO - 检测到的异常节点: {4, 6, 7, 8, 9, 10, 11, 12, 13, 14, 15, 16, 17, 18, 19}
2025-04-15 23:32:33,545 - INFO - 正在为时间段 2365-2381 生成可视化
2025-04-15 23:32:33,546 - INFO - 正在为时间段 2365-2381 生成异常图可视化
2025-04-15 23:32:33,546 - DEBUG - 创建包含 19 个节点的图结构
2025-04-15 23:32:33,546 - DEBUG - 边统计: 正常边 146 条, 异常边 64 条
2025-04-15 23:32:33,546 - INFO - 时间段 2365-2381 的节点检测统计: 真阳性=1, 假阳性=14, 假阴性=0, 正常节点=4
2025-04-15 23:32:33,629 - DEBUG - 正在保存可视化结果到 ./visual/use_topkFalse\omi\deviation\omi-11\seg_4_2365_2381.png
2025-04-15 23:32:33,709 - INFO - 成功保存时间段 2365-2381 的可视化结果
2025-04-15 23:32:33,709 - INFO - 
正在处理时间段 6/9: 2464-2485
2025-04-15 23:32:33,710 - INFO - 该时间段的真实异常节点: {17, 19, 4, 5}
2025-04-15 23:32:33,710 - INFO - 正在计算异常分数...
2025-04-15 23:32:33,730 - INFO - 检测到的异常节点: {1, 4, 5, 6, 7, 8, 9, 10, 11, 12, 13, 14, 15, 16, 17, 18, 19}
2025-04-15 23:32:33,730 - INFO - 正在为时间段 2464-2485 生成可视化
2025-04-15 23:32:33,730 - INFO - 正在为时间段 2464-2485 生成异常图可视化
2025-04-15 23:32:33,730 - DEBUG - 创建包含 19 个节点的图结构
2025-04-15 23:32:33,732 - DEBUG - 边统计: 正常边 136 条, 异常边 136 条
2025-04-15 23:32:33,732 - INFO - 时间段 2464-2485 的节点检测统计: 真阳性=4, 假阳性=13, 假阴性=0, 正常节点=2
2025-04-15 23:32:33,809 - DEBUG - 正在保存可视化结果到 ./visual/use_topkFalse\omi\deviation\omi-11\seg_5_2464_2485.png
2025-04-15 23:32:33,887 - INFO - 成功保存时间段 2464-2485 的可视化结果
2025-04-15 23:32:33,887 - INFO - 
正在处理时间段 7/9: 2588-2610
2025-04-15 23:32:33,888 - INFO - 该时间段的真实异常节点: {17, 19, 4, 5}
2025-04-15 23:32:33,888 - INFO - 正在计算异常分数...
2025-04-15 23:32:33,903 - INFO - 检测到的异常节点: {1, 4, 5, 6, 7, 8, 9, 10, 11, 12, 13, 14, 15, 16, 17, 18, 19}
2025-04-15 23:32:33,903 - INFO - 正在为时间段 2588-2610 生成可视化
2025-04-15 23:32:33,903 - INFO - 正在为时间段 2588-2610 生成异常图可视化
2025-04-15 23:32:33,903 - DEBUG - 创建包含 19 个节点的图结构
2025-04-15 23:32:33,904 - DEBUG - 边统计: 正常边 142 条, 异常边 130 条
2025-04-15 23:32:33,904 - INFO - 时间段 2588-2610 的节点检测统计: 真阳性=4, 假阳性=13, 假阴性=0, 正常节点=2
2025-04-15 23:32:33,992 - DEBUG - 正在保存可视化结果到 ./visual/use_topkFalse\omi\deviation\omi-11\seg_6_2588_2610.png
2025-04-15 23:32:34,068 - INFO - 成功保存时间段 2588-2610 的可视化结果
2025-04-15 23:32:34,068 - INFO - 
正在处理时间段 8/9: 2650-2675
2025-04-15 23:32:34,069 - INFO - 该时间段的真实异常节点: {19}
2025-04-15 23:32:34,069 - INFO - 正在计算异常分数...
2025-04-15 23:32:34,086 - INFO - 检测到的异常节点: {4, 5, 6, 7, 8, 9, 10, 11, 12, 13, 14, 15, 16, 17, 18, 19}
2025-04-15 23:32:34,086 - INFO - 正在为时间段 2650-2675 生成可视化
2025-04-15 23:32:34,086 - INFO - 正在为时间段 2650-2675 生成异常图可视化
2025-04-15 23:32:34,086 - DEBUG - 创建包含 19 个节点的图结构
2025-04-15 23:32:34,087 - DEBUG - 边统计: 正常边 136 条, 异常边 104 条
2025-04-15 23:32:34,087 - INFO - 时间段 2650-2675 的节点检测统计: 真阳性=1, 假阳性=15, 假阴性=0, 正常节点=3
2025-04-15 23:32:34,170 - DEBUG - 正在保存可视化结果到 ./visual/use_topkFalse\omi\deviation\omi-11\seg_7_2650_2675.png
2025-04-15 23:32:34,251 - INFO - 成功保存时间段 2650-2675 的可视化结果
2025-04-15 23:32:34,251 - INFO - 
正在处理时间段 9/9: 3012-3072
2025-04-15 23:32:34,251 - INFO - 该时间段的真实异常节点: {1, 4, 5, 8, 17, 19}
2025-04-15 23:32:34,251 - INFO - 正在计算异常分数...
2025-04-15 23:32:34,300 - INFO - 检测到的异常节点: {1, 4, 5, 6, 7, 8, 9, 10, 11, 12, 13, 14, 15, 16, 17, 18, 19}
2025-04-15 23:32:34,300 - INFO - 正在为时间段 3012-3072 生成可视化
2025-04-15 23:32:34,300 - INFO - 正在为时间段 3012-3072 生成异常图可视化
2025-04-15 23:32:34,300 - DEBUG - 创建包含 19 个节点的图结构
2025-04-15 23:32:34,301 - DEBUG - 边统计: 正常边 192 条, 异常边 80 条
2025-04-15 23:32:34,302 - INFO - 时间段 3012-3072 的节点检测统计: 真阳性=6, 假阳性=11, 假阴性=0, 正常节点=2
2025-04-15 23:32:34,388 - DEBUG - 正在保存可视化结果到 ./visual/use_topkFalse\omi\deviation\omi-11\seg_8_3012_3072.png
2025-04-15 23:32:34,470 - INFO - 成功保存时间段 3012-3072 的可视化结果
2025-04-15 23:32:34,470 - INFO - 正在从 ./visual/use_topkFalse\omi\deviation\omi-11 中的图像创建GIF
2025-04-15 23:32:34,719 - INFO - GIF已保存到 ./visual/use_topkFalse\omi\deviation\omi-11\omi-11.gif
2025-04-15 23:32:34,720 - INFO - 
==================================================
2025-04-15 23:32:34,720 - INFO - 开始数据集可视化: omi-12
2025-04-15 23:32:34,720 - INFO - 使用参数: 评分模式=deviation, top_k=None, 阈值=7.0
2025-04-15 23:32:34,720 - INFO - ==================================================

2025-04-15 23:32:34,720 - INFO - 正在加载数据集 omi-12 的数据
2025-04-15 23:32:34,722 - INFO - 数据加载成功。训练集形状: (7291, 19), 测试集形状: (4320, 19)
2025-04-15 23:32:34,722 - INFO - 正在计算边缘统计量...
2025-04-15 23:32:36,187 - INFO - 已计算 133 条边的统计量
2025-04-15 23:32:36,187 - INFO - 为每个节点使用所有邻居
2025-04-15 23:32:36,188 - INFO - 可视化结果将保存到: ./visual/use_topkFalse\omi\deviation\omi-12
2025-04-15 23:32:36,189 - INFO - 在数据集中发现 5 个异常时间段
2025-04-15 23:32:36,189 - INFO - 
正在处理时间段 1/5: 740-813
2025-04-15 23:32:36,189 - INFO - 该时间段的真实异常节点: {1, 2, 6, 7, 8, 9, 10, 11, 12, 13, 14, 15, 16, 17, 18, 19}
2025-04-15 23:32:36,189 - INFO - 正在计算异常分数...
2025-04-15 23:32:36,234 - INFO - 检测到的异常节点: {1, 6, 7, 8, 9, 10, 11, 12, 13, 14, 15, 16, 17, 18, 19}
2025-04-15 23:32:36,234 - INFO - 正在为时间段 740-813 生成可视化
2025-04-15 23:32:36,234 - INFO - 正在为时间段 740-813 生成异常图可视化
2025-04-15 23:32:36,234 - DEBUG - 创建包含 19 个节点的图结构
2025-04-15 23:32:36,235 - DEBUG - 边统计: 正常边 168 条, 异常边 42 条
2025-04-15 23:32:36,235 - INFO - 时间段 740-813 的节点检测统计: 真阳性=15, 假阳性=0, 假阴性=1, 正常节点=3
2025-04-15 23:32:36,312 - DEBUG - 正在保存可视化结果到 ./visual/use_topkFalse\omi\deviation\omi-12\seg_0_740_813.png
2025-04-15 23:32:36,396 - INFO - 成功保存时间段 740-813 的可视化结果
2025-04-15 23:32:36,396 - INFO - 
正在处理时间段 2/5: 2486-2493
2025-04-15 23:32:36,396 - INFO - 该时间段的真实异常节点: {4, 5}
2025-04-15 23:32:36,396 - INFO - 正在计算异常分数...
2025-04-15 23:32:36,399 - INFO - 检测到的异常节点: {1, 4, 5, 7, 8, 9, 10, 12, 13, 14, 15, 16, 17, 18, 19}
2025-04-15 23:32:36,399 - INFO - 正在为时间段 2486-2493 生成可视化
2025-04-15 23:32:36,399 - INFO - 正在为时间段 2486-2493 生成异常图可视化
2025-04-15 23:32:36,399 - DEBUG - 创建包含 19 个节点的图结构
2025-04-15 23:32:36,399 - DEBUG - 边统计: 正常边 110 条, 异常边 96 条
2025-04-15 23:32:36,400 - INFO - 时间段 2486-2493 的节点检测统计: 真阳性=2, 假阳性=13, 假阴性=0, 正常节点=4
2025-04-15 23:32:36,483 - DEBUG - 正在保存可视化结果到 ./visual/use_topkFalse\omi\deviation\omi-12\seg_1_2486_2493.png
2025-04-15 23:32:36,571 - INFO - 成功保存时间段 2486-2493 的可视化结果
2025-04-15 23:32:36,571 - INFO - 
正在处理时间段 3/5: 2515-2525
2025-04-15 23:32:36,571 - INFO - 该时间段的真实异常节点: {1, 4, 5, 7, 8, 9, 17, 18}
2025-04-15 23:32:36,571 - INFO - 正在计算异常分数...
2025-04-15 23:32:36,577 - INFO - 检测到的异常节点: {1, 4, 5, 6, 7, 8, 9, 10, 11, 12, 13, 14, 15, 16, 17, 18, 19}
2025-04-15 23:32:36,577 - INFO - 正在为时间段 2515-2525 生成可视化
2025-04-15 23:32:36,577 - INFO - 正在为时间段 2515-2525 生成异常图可视化
2025-04-15 23:32:36,577 - DEBUG - 创建包含 19 个节点的图结构
2025-04-15 23:32:36,578 - DEBUG - 边统计: 正常边 126 条, 异常边 140 条
2025-04-15 23:32:36,578 - INFO - 时间段 2515-2525 的节点检测统计: 真阳性=8, 假阳性=9, 假阴性=0, 正常节点=2
2025-04-15 23:32:36,663 - DEBUG - 正在保存可视化结果到 ./visual/use_topkFalse\omi\deviation\omi-12\seg_2_2515_2525.png
2025-04-15 23:32:36,742 - INFO - 成功保存时间段 2515-2525 的可视化结果
2025-04-15 23:32:36,742 - INFO - 
正在处理时间段 4/5: 2721-2723
2025-04-15 23:32:36,743 - INFO - 该时间段的真实异常节点: {4}
2025-04-15 23:32:36,743 - INFO - 正在计算异常分数...
2025-04-15 23:32:36,743 - INFO - 检测到的异常节点: set()
2025-04-15 23:32:36,743 - INFO - 正在为时间段 2721-2723 生成可视化
2025-04-15 23:32:36,743 - INFO - 正在为时间段 2721-2723 生成异常图可视化
2025-04-15 23:32:36,743 - DEBUG - 创建包含 19 个节点的图结构
2025-04-15 23:32:36,744 - DEBUG - 边统计: 正常边 32 条, 异常边 56 条
2025-04-15 23:32:36,744 - INFO - 时间段 2721-2723 的节点检测统计: 真阳性=0, 假阳性=0, 假阴性=1, 正常节点=18
2025-04-15 23:32:36,827 - DEBUG - 正在保存可视化结果到 ./visual/use_topkFalse\omi\deviation\omi-12\seg_3_2721_2723.png
2025-04-15 23:32:36,908 - INFO - 成功保存时间段 2721-2723 的可视化结果
2025-04-15 23:32:36,908 - INFO - 
正在处理时间段 5/5: 3500-3535
2025-04-15 23:32:36,908 - INFO - 该时间段的真实异常节点: {5, 6, 7, 8, 11, 12, 13, 14, 15, 16, 17, 18, 19}
2025-04-15 23:32:36,908 - INFO - 正在计算异常分数...
2025-04-15 23:32:36,925 - INFO - 检测到的异常节点: {5, 6, 7, 8, 9, 10, 11, 12, 13, 14, 15, 16, 17, 18, 19}
2025-04-15 23:32:36,925 - INFO - 正在为时间段 3500-3535 生成可视化
2025-04-15 23:32:36,925 - INFO - 正在为时间段 3500-3535 生成异常图可视化
2025-04-15 23:32:36,926 - DEBUG - 创建包含 19 个节点的图结构
2025-04-15 23:32:36,926 - DEBUG - 边统计: 正常边 122 条, 异常边 88 条
2025-04-15 23:32:36,926 - INFO - 时间段 3500-3535 的节点检测统计: 真阳性=13, 假阳性=2, 假阴性=0, 正常节点=4
2025-04-15 23:32:37,057 - DEBUG - 正在保存可视化结果到 ./visual/use_topkFalse\omi\deviation\omi-12\seg_4_3500_3535.png
2025-04-15 23:32:37,137 - INFO - 成功保存时间段 3500-3535 的可视化结果
2025-04-15 23:32:37,138 - INFO - 正在从 ./visual/use_topkFalse\omi\deviation\omi-12 中的图像创建GIF
2025-04-15 23:32:37,272 - INFO - GIF已保存到 ./visual/use_topkFalse\omi\deviation\omi-12\omi-12.gif
2025-04-15 23:32:37,272 - INFO - 
==================================================
2025-04-15 23:32:37,272 - INFO - 开始数据集可视化: omi-2
2025-04-15 23:32:37,272 - INFO - 使用参数: 评分模式=deviation, top_k=None, 阈值=6.0
2025-04-15 23:32:37,272 - INFO - ==================================================

2025-04-15 23:32:37,273 - INFO - 正在加载数据集 omi-2 的数据
2025-04-15 23:32:37,274 - INFO - 数据加载成功。训练集形状: (8640, 19), 测试集形状: (4320, 19)
2025-04-15 23:32:37,274 - INFO - 正在计算边缘统计量...
2025-04-15 23:32:39,197 - INFO - 已计算 153 条边的统计量
2025-04-15 23:32:39,197 - INFO - 为每个节点使用所有邻居
2025-04-15 23:32:39,198 - INFO - 可视化结果将保存到: ./visual/use_topkFalse\omi\deviation\omi-2
2025-04-15 23:32:39,198 - INFO - 在数据集中发现 4 个异常时间段
2025-04-15 23:32:39,198 - INFO - 
正在处理时间段 1/4: 486-498
2025-04-15 23:32:39,198 - INFO - 该时间段的真实异常节点: {1, 4, 5}
2025-04-15 23:32:39,198 - INFO - 正在计算异常分数...
2025-04-15 23:32:39,206 - INFO - 检测到的异常节点: {1, 4, 5, 6, 7, 8, 9, 10, 11, 12, 13, 14, 15, 16, 17, 18, 19}
2025-04-15 23:32:39,206 - INFO - 正在为时间段 486-498 生成可视化
2025-04-15 23:32:39,206 - INFO - 正在为时间段 486-498 生成异常图可视化
2025-04-15 23:32:39,206 - DEBUG - 创建包含 19 个节点的图结构
2025-04-15 23:32:39,207 - DEBUG - 边统计: 正常边 168 条, 异常边 104 条
2025-04-15 23:32:39,207 - INFO - 时间段 486-498 的节点检测统计: 真阳性=3, 假阳性=14, 假阴性=0, 正常节点=2
2025-04-15 23:32:39,289 - DEBUG - 正在保存可视化结果到 ./visual/use_topkFalse\omi\deviation\omi-2\seg_0_486_498.png
2025-04-15 23:32:39,370 - INFO - 成功保存时间段 486-498 的可视化结果
2025-04-15 23:32:39,371 - INFO - 
正在处理时间段 2/4: 740-753
2025-04-15 23:32:39,371 - INFO - 该时间段的真实异常节点: {2}
2025-04-15 23:32:39,371 - INFO - 正在计算异常分数...
2025-04-15 23:32:39,379 - INFO - 检测到的异常节点: {2, 4, 5, 6, 7, 8, 9, 10, 11, 12, 13, 14, 15, 16, 17, 18, 19}
2025-04-15 23:32:39,379 - INFO - 正在为时间段 740-753 生成可视化
2025-04-15 23:32:39,379 - INFO - 正在为时间段 740-753 生成异常图可视化
2025-04-15 23:32:39,379 - DEBUG - 创建包含 19 个节点的图结构
2025-04-15 23:32:39,380 - DEBUG - 边统计: 正常边 184 条, 异常边 88 条
2025-04-15 23:32:39,380 - INFO - 时间段 740-753 的节点检测统计: 真阳性=1, 假阳性=16, 假阴性=0, 正常节点=2
2025-04-15 23:32:39,459 - DEBUG - 正在保存可视化结果到 ./visual/use_topkFalse\omi\deviation\omi-2\seg_1_740_753.png
2025-04-15 23:32:39,539 - INFO - 成功保存时间段 740-753 的可视化结果
2025-04-15 23:32:39,539 - INFO - 
正在处理时间段 3/4: 766-783
2025-04-15 23:32:39,539 - INFO - 该时间段的真实异常节点: {1, 5, 6, 7, 8, 9, 10, 11, 12, 13, 14, 15, 16, 17, 18, 19}
2025-04-15 23:32:39,539 - INFO - 正在计算异常分数...
2025-04-15 23:32:39,548 - INFO - 检测到的异常节点: {1, 4, 5, 6, 7, 8, 9, 10, 11, 12, 13, 14, 15, 16, 17, 18, 19}
2025-04-15 23:32:39,548 - INFO - 正在为时间段 766-783 生成可视化
2025-04-15 23:32:39,549 - INFO - 正在为时间段 766-783 生成异常图可视化
2025-04-15 23:32:39,549 - DEBUG - 创建包含 19 个节点的图结构
2025-04-15 23:32:39,549 - DEBUG - 边统计: 正常边 242 条, 异常边 30 条
2025-04-15 23:32:39,549 - INFO - 时间段 766-783 的节点检测统计: 真阳性=16, 假阳性=1, 假阴性=0, 正常节点=2
2025-04-15 23:32:39,635 - DEBUG - 正在保存可视化结果到 ./visual/use_topkFalse\omi\deviation\omi-2\seg_2_766_783.png
2025-04-15 23:32:39,716 - INFO - 成功保存时间段 766-783 的可视化结果
2025-04-15 23:32:39,717 - INFO - 
正在处理时间段 4/4: 1436-1445
2025-04-15 23:32:39,717 - INFO - 该时间段的真实异常节点: {7, 9, 10, 11, 12, 13, 14, 15, 16, 17, 18}
2025-04-15 23:32:39,717 - INFO - 正在计算异常分数...
2025-04-15 23:32:39,722 - INFO - 检测到的异常节点: {1, 4, 5, 6, 7, 8, 9, 10, 11, 12, 13, 14, 15, 16, 17, 18, 19}
2025-04-15 23:32:39,722 - INFO - 正在为时间段 1436-1445 生成可视化
2025-04-15 23:32:39,722 - INFO - 正在为时间段 1436-1445 生成异常图可视化
2025-04-15 23:32:39,722 - DEBUG - 创建包含 19 个节点的图结构
2025-04-15 23:32:39,723 - DEBUG - 边统计: 正常边 124 条, 异常边 148 条
2025-04-15 23:32:39,723 - INFO - 时间段 1436-1445 的节点检测统计: 真阳性=11, 假阳性=6, 假阴性=0, 正常节点=2
2025-04-15 23:32:39,805 - DEBUG - 正在保存可视化结果到 ./visual/use_topkFalse\omi\deviation\omi-2\seg_3_1436_1445.png
2025-04-15 23:32:39,883 - INFO - 成功保存时间段 1436-1445 的可视化结果
2025-04-15 23:32:39,883 - INFO - 正在从 ./visual/use_topkFalse\omi\deviation\omi-2 中的图像创建GIF
2025-04-15 23:32:39,988 - INFO - GIF已保存到 ./visual/use_topkFalse\omi\deviation\omi-2\omi-2.gif
2025-04-15 23:32:39,988 - INFO - 
==================================================
2025-04-15 23:32:39,988 - INFO - 开始数据集可视化: omi-3
2025-04-15 23:32:39,988 - INFO - 使用参数: 评分模式=deviation, top_k=None, 阈值=2.5
2025-04-15 23:32:39,988 - INFO - ==================================================

2025-04-15 23:32:39,988 - INFO - 正在加载数据集 omi-3 的数据
2025-04-15 23:32:39,989 - INFO - 数据加载成功。训练集形状: (8640, 19), 测试集形状: (4320, 19)
2025-04-15 23:32:39,989 - INFO - 正在计算边缘统计量...
2025-04-15 23:32:41,866 - INFO - 已计算 136 条边的统计量
2025-04-15 23:32:41,866 - INFO - 为每个节点使用所有邻居
2025-04-15 23:32:41,866 - INFO - 可视化结果将保存到: ./visual/use_topkFalse\omi\deviation\omi-3
2025-04-15 23:32:41,867 - INFO - 在数据集中发现 6 个异常时间段
2025-04-15 23:32:41,867 - INFO - 
正在处理时间段 1/6: 760-820
2025-04-15 23:32:41,867 - INFO - 该时间段的真实异常节点: {1, 4, 6, 7, 8, 9, 10, 11, 12, 13, 14, 15, 16, 17, 18, 19}
2025-04-15 23:32:41,867 - INFO - 正在计算异常分数...
2025-04-15 23:32:41,910 - INFO - 检测到的异常节点: {1, 4, 5, 6, 7, 8, 9, 10, 11, 12, 13, 14, 15, 16, 17, 18, 19}
2025-04-15 23:32:41,910 - INFO - 正在为时间段 760-820 生成可视化
2025-04-15 23:32:41,910 - INFO - 正在为时间段 760-820 生成异常图可视化
2025-04-15 23:32:41,910 - DEBUG - 创建包含 19 个节点的图结构
2025-04-15 23:32:41,911 - DEBUG - 边统计: 正常边 192 条, 异常边 80 条
2025-04-15 23:32:41,911 - INFO - 时间段 760-820 的节点检测统计: 真阳性=16, 假阳性=1, 假阴性=0, 正常节点=2
2025-04-15 23:32:41,992 - DEBUG - 正在保存可视化结果到 ./visual/use_topkFalse\omi\deviation\omi-3\seg_0_760_820.png
2025-04-15 23:32:42,080 - INFO - 成功保存时间段 760-820 的可视化结果
2025-04-15 23:32:42,080 - INFO - 
正在处理时间段 2/6: 842-860
2025-04-15 23:32:42,080 - INFO - 该时间段的真实异常节点: {7, 8, 9, 10, 11, 12, 13, 14, 15, 16, 17, 18, 19}
2025-04-15 23:32:42,080 - INFO - 正在计算异常分数...
2025-04-15 23:32:42,094 - INFO - 检测到的异常节点: {4, 5, 6, 7, 8, 9, 10, 11, 12, 13, 14, 15, 16, 17, 18, 19}
2025-04-15 23:32:42,094 - INFO - 正在为时间段 842-860 生成可视化
2025-04-15 23:32:42,094 - INFO - 正在为时间段 842-860 生成异常图可视化
2025-04-15 23:32:42,094 - DEBUG - 创建包含 19 个节点的图结构
2025-04-15 23:32:42,095 - DEBUG - 边统计: 正常边 194 条, 异常边 46 条
2025-04-15 23:32:42,095 - INFO - 时间段 842-860 的节点检测统计: 真阳性=13, 假阳性=3, 假阴性=0, 正常节点=3
2025-04-15 23:32:42,173 - DEBUG - 正在保存可视化结果到 ./visual/use_topkFalse\omi\deviation\omi-3\seg_1_842_860.png
2025-04-15 23:32:42,258 - INFO - 成功保存时间段 842-860 的可视化结果
2025-04-15 23:32:42,260 - INFO - 
正在处理时间段 3/6: 1080-1120
2025-04-15 23:32:42,260 - INFO - 该时间段的真实异常节点: {7, 9, 10, 11, 12, 13, 14, 15, 16, 17, 18}
2025-04-15 23:32:42,260 - INFO - 正在计算异常分数...
2025-04-15 23:32:42,292 - INFO - 检测到的异常节点: {1, 4, 5, 6, 7, 8, 9, 10, 11, 12, 13, 14, 15, 16, 17, 18, 19}
2025-04-15 23:32:42,292 - INFO - 正在为时间段 1080-1120 生成可视化
2025-04-15 23:32:42,292 - INFO - 正在为时间段 1080-1120 生成异常图可视化
2025-04-15 23:32:42,292 - DEBUG - 创建包含 19 个节点的图结构
2025-04-15 23:32:42,293 - DEBUG - 边统计: 正常边 202 条, 异常边 70 条
2025-04-15 23:32:42,293 - INFO - 时间段 1080-1120 的节点检测统计: 真阳性=11, 假阳性=6, 假阴性=0, 正常节点=2
2025-04-15 23:32:42,376 - DEBUG - 正在保存可视化结果到 ./visual/use_topkFalse\omi\deviation\omi-3\seg_2_1080_1120.png
2025-04-15 23:32:42,455 - INFO - 成功保存时间段 1080-1120 的可视化结果
2025-04-15 23:32:42,456 - INFO - 
正在处理时间段 4/6: 2188-2201
2025-04-15 23:32:42,456 - INFO - 该时间段的真实异常节点: {7, 9, 10, 11, 12, 13, 14, 15, 16, 17, 18, 19}
2025-04-15 23:32:42,456 - INFO - 正在计算异常分数...
2025-04-15 23:32:42,465 - INFO - 检测到的异常节点: {1, 4, 5, 6, 7, 8, 9, 10, 11, 12, 13, 14, 15, 16, 17, 18, 19}
2025-04-15 23:32:42,466 - INFO - 正在为时间段 2188-2201 生成可视化
2025-04-15 23:32:42,466 - INFO - 正在为时间段 2188-2201 生成异常图可视化
2025-04-15 23:32:42,466 - DEBUG - 创建包含 19 个节点的图结构
2025-04-15 23:32:42,466 - DEBUG - 边统计: 正常边 196 条, 异常边 76 条
2025-04-15 23:32:42,466 - INFO - 时间段 2188-2201 的节点检测统计: 真阳性=12, 假阳性=5, 假阴性=0, 正常节点=2
2025-04-15 23:32:42,551 - DEBUG - 正在保存可视化结果到 ./visual/use_topkFalse\omi\deviation\omi-3\seg_3_2188_2201.png
2025-04-15 23:32:42,629 - INFO - 成功保存时间段 2188-2201 的可视化结果
2025-04-15 23:32:42,629 - INFO - 
正在处理时间段 5/6: 2497-2500
2025-04-15 23:32:42,630 - INFO - 该时间段的真实异常节点: {6, 7, 9, 10, 11, 12, 13, 14, 15, 16, 17, 18, 19}
2025-04-15 23:32:42,630 - INFO - 正在计算异常分数...
2025-04-15 23:32:42,630 - INFO - 检测到的异常节点: set()
2025-04-15 23:32:42,630 - INFO - 正在为时间段 2497-2500 生成可视化
2025-04-15 23:32:42,630 - INFO - 正在为时间段 2497-2500 生成异常图可视化
2025-04-15 23:32:42,630 - DEBUG - 创建包含 19 个节点的图结构
2025-04-15 23:32:42,630 - DEBUG - 边统计: 正常边 178 条, 异常边 32 条
2025-04-15 23:32:42,630 - INFO - 时间段 2497-2500 的节点检测统计: 真阳性=0, 假阳性=0, 假阴性=13, 正常节点=6
2025-04-15 23:32:42,714 - DEBUG - 正在保存可视化结果到 ./visual/use_topkFalse\omi\deviation\omi-3\seg_4_2497_2500.png
2025-04-15 23:32:42,798 - INFO - 成功保存时间段 2497-2500 的可视化结果
2025-04-15 23:32:42,799 - INFO - 
正在处理时间段 6/6: 3428-3434
2025-04-15 23:32:42,799 - INFO - 该时间段的真实异常节点: {7, 8, 9, 10, 11, 12, 13, 14, 15, 16, 17, 18, 19}
2025-04-15 23:32:42,799 - INFO - 正在计算异常分数...
2025-04-15 23:32:42,802 - INFO - 检测到的异常节点: {1, 4, 5, 6, 7, 8, 9, 10, 11, 12, 13, 14, 15, 16, 17, 18, 19}
2025-04-15 23:32:42,802 - INFO - 正在为时间段 3428-3434 生成可视化
2025-04-15 23:32:42,802 - INFO - 正在为时间段 3428-3434 生成异常图可视化
2025-04-15 23:32:42,802 - DEBUG - 创建包含 19 个节点的图结构
2025-04-15 23:32:42,803 - DEBUG - 边统计: 正常边 230 条, 异常边 42 条
2025-04-15 23:32:42,803 - INFO - 时间段 3428-3434 的节点检测统计: 真阳性=13, 假阳性=4, 假阴性=0, 正常节点=2
2025-04-15 23:32:42,890 - DEBUG - 正在保存可视化结果到 ./visual/use_topkFalse\omi\deviation\omi-3\seg_5_3428_3434.png
2025-04-15 23:32:42,966 - INFO - 成功保存时间段 3428-3434 的可视化结果
2025-04-15 23:32:42,966 - INFO - 正在从 ./visual/use_topkFalse\omi\deviation\omi-3 中的图像创建GIF
2025-04-15 23:32:43,126 - INFO - GIF已保存到 ./visual/use_topkFalse\omi\deviation\omi-3\omi-3.gif
2025-04-15 23:32:43,126 - INFO - 
==================================================
2025-04-15 23:32:43,126 - INFO - 开始数据集可视化: omi-4
2025-04-15 23:32:43,126 - INFO - 使用参数: 评分模式=deviation, top_k=None, 阈值=4.5
2025-04-15 23:32:43,126 - INFO - ==================================================

2025-04-15 23:32:43,127 - INFO - 正在加载数据集 omi-4 的数据
2025-04-15 23:32:43,127 - INFO - 数据加载成功。训练集形状: (8640, 19), 测试集形状: (4320, 19)
2025-04-15 23:32:43,127 - INFO - 正在计算边缘统计量...
2025-04-15 23:32:45,062 - INFO - 已计算 136 条边的统计量
2025-04-15 23:32:45,062 - INFO - 为每个节点使用所有邻居
2025-04-15 23:32:45,062 - INFO - 可视化结果将保存到: ./visual/use_topkFalse\omi\deviation\omi-4
2025-04-15 23:32:45,063 - INFO - 在数据集中发现 5 个异常时间段
2025-04-15 23:32:45,063 - INFO - 
正在处理时间段 1/5: 727-782
2025-04-15 23:32:45,063 - INFO - 该时间段的真实异常节点: {1, 2, 6, 7, 8, 9, 10, 11, 12, 13, 14, 15, 16, 17, 18, 19}
2025-04-15 23:32:45,063 - INFO - 正在计算异常分数...
2025-04-15 23:32:45,103 - INFO - 检测到的异常节点: {1, 4, 5, 6, 7, 8, 9, 10, 11, 12, 13, 14, 15, 16, 17, 18, 19}
2025-04-15 23:32:45,103 - INFO - 正在为时间段 727-782 生成可视化
2025-04-15 23:32:45,103 - INFO - 正在为时间段 727-782 生成异常图可视化
2025-04-15 23:32:45,103 - DEBUG - 创建包含 19 个节点的图结构
2025-04-15 23:32:45,105 - DEBUG - 边统计: 正常边 236 条, 异常边 36 条
2025-04-15 23:32:45,105 - INFO - 时间段 727-782 的节点检测统计: 真阳性=15, 假阳性=2, 假阴性=1, 正常节点=1
2025-04-15 23:32:45,188 - DEBUG - 正在保存可视化结果到 ./visual/use_topkFalse\omi\deviation\omi-4\seg_0_727_782.png
2025-04-15 23:32:45,269 - INFO - 成功保存时间段 727-782 的可视化结果
2025-04-15 23:32:45,269 - INFO - 
正在处理时间段 2/5: 843-857
2025-04-15 23:32:45,269 - INFO - 该时间段的真实异常节点: {6, 7, 8, 9, 10, 11, 12, 13, 14, 15, 16, 17, 18, 19}
2025-04-15 23:32:45,269 - INFO - 正在计算异常分数...
2025-04-15 23:32:45,279 - INFO - 检测到的异常节点: {4, 5, 6, 7, 8, 9, 10, 11, 12, 13, 14, 15, 16, 17, 18, 19}
2025-04-15 23:32:45,279 - INFO - 正在为时间段 843-857 生成可视化
2025-04-15 23:32:45,279 - INFO - 正在为时间段 843-857 生成异常图可视化
2025-04-15 23:32:45,279 - DEBUG - 创建包含 19 个节点的图结构
2025-04-15 23:32:45,280 - DEBUG - 边统计: 正常边 166 条, 异常边 74 条
2025-04-15 23:32:45,280 - INFO - 时间段 843-857 的节点检测统计: 真阳性=14, 假阳性=2, 假阴性=0, 正常节点=3
2025-04-15 23:32:45,419 - DEBUG - 正在保存可视化结果到 ./visual/use_topkFalse\omi\deviation\omi-4\seg_1_843_857.png
2025-04-15 23:32:45,495 - INFO - 成功保存时间段 843-857 的可视化结果
2025-04-15 23:32:45,495 - INFO - 
正在处理时间段 3/5: 2178-2238
2025-04-15 23:32:45,495 - INFO - 该时间段的真实异常节点: {8, 9, 10, 11, 12, 13, 14, 15, 16, 17, 18, 19}
2025-04-15 23:32:45,495 - INFO - 正在计算异常分数...
2025-04-15 23:32:45,548 - INFO - 检测到的异常节点: {1, 4, 5, 6, 7, 8, 9, 10, 11, 12, 13, 14, 15, 16, 17, 18, 19}
2025-04-15 23:32:45,548 - INFO - 正在为时间段 2178-2238 生成可视化
2025-04-15 23:32:45,548 - INFO - 正在为时间段 2178-2238 生成异常图可视化
2025-04-15 23:32:45,548 - DEBUG - 创建包含 19 个节点的图结构
2025-04-15 23:32:45,550 - DEBUG - 边统计: 正常边 188 条, 异常边 84 条
2025-04-15 23:32:45,550 - INFO - 时间段 2178-2238 的节点检测统计: 真阳性=12, 假阳性=5, 假阴性=0, 正常节点=2
2025-04-15 23:32:45,643 - DEBUG - 正在保存可视化结果到 ./visual/use_topkFalse\omi\deviation\omi-4\seg_2_2178_2238.png
2025-04-15 23:32:45,729 - INFO - 成功保存时间段 2178-2238 的可视化结果
2025-04-15 23:32:45,729 - INFO - 
正在处理时间段 4/5: 2494-2501
2025-04-15 23:32:45,729 - INFO - 该时间段的真实异常节点: {7, 9, 10, 11, 12, 13, 14, 15, 16, 17, 18, 19}
2025-04-15 23:32:45,729 - INFO - 正在计算异常分数...
2025-04-15 23:32:45,733 - INFO - 检测到的异常节点: {4, 5, 6, 7, 8, 9, 10, 11, 12, 13, 14, 15, 16, 17, 18, 19}
2025-04-15 23:32:45,733 - INFO - 正在为时间段 2494-2501 生成可视化
2025-04-15 23:32:45,733 - INFO - 正在为时间段 2494-2501 生成异常图可视化
2025-04-15 23:32:45,733 - DEBUG - 创建包含 19 个节点的图结构
2025-04-15 23:32:45,734 - DEBUG - 边统计: 正常边 170 条, 异常边 70 条
2025-04-15 23:32:45,734 - INFO - 时间段 2494-2501 的节点检测统计: 真阳性=12, 假阳性=4, 假阴性=0, 正常节点=3
2025-04-15 23:32:45,817 - DEBUG - 正在保存可视化结果到 ./visual/use_topkFalse\omi\deviation\omi-4\seg_3_2494_2501.png
2025-04-15 23:32:45,899 - INFO - 成功保存时间段 2494-2501 的可视化结果
2025-04-15 23:32:45,899 - INFO - 
正在处理时间段 5/5: 3425-3435
2025-04-15 23:32:45,899 - INFO - 该时间段的真实异常节点: {7, 8, 9, 10, 11, 12, 13, 14, 15, 16, 17, 18, 19}
2025-04-15 23:32:45,899 - INFO - 正在计算异常分数...
2025-04-15 23:32:45,908 - INFO - 检测到的异常节点: {1, 4, 5, 6, 7, 8, 9, 10, 11, 12, 13, 14, 15, 16, 17, 18, 19}
2025-04-15 23:32:45,908 - INFO - 正在为时间段 3425-3435 生成可视化
2025-04-15 23:32:45,908 - INFO - 正在为时间段 3425-3435 生成异常图可视化
2025-04-15 23:32:45,908 - DEBUG - 创建包含 19 个节点的图结构
2025-04-15 23:32:45,908 - DEBUG - 边统计: 正常边 130 条, 异常边 142 条
2025-04-15 23:32:45,908 - INFO - 时间段 3425-3435 的节点检测统计: 真阳性=13, 假阳性=4, 假阴性=0, 正常节点=2
2025-04-15 23:32:45,994 - DEBUG - 正在保存可视化结果到 ./visual/use_topkFalse\omi\deviation\omi-4\seg_4_3425_3435.png
2025-04-15 23:32:46,087 - INFO - 成功保存时间段 3425-3435 的可视化结果
2025-04-15 23:32:46,087 - INFO - 正在从 ./visual/use_topkFalse\omi\deviation\omi-4 中的图像创建GIF
2025-04-15 23:32:46,240 - INFO - GIF已保存到 ./visual/use_topkFalse\omi\deviation\omi-4\omi-4.gif
2025-04-15 23:32:46,240 - INFO - 
==================================================
2025-04-15 23:32:46,240 - INFO - 开始数据集可视化: omi-5
2025-04-15 23:32:46,240 - INFO - 使用参数: 评分模式=deviation, top_k=None, 阈值=4.5
2025-04-15 23:32:46,240 - INFO - ==================================================

2025-04-15 23:32:46,240 - INFO - 正在加载数据集 omi-5 的数据
2025-04-15 23:32:46,241 - INFO - 数据加载成功。训练集形状: (8640, 19), 测试集形状: (4320, 19)
2025-04-15 23:32:46,241 - INFO - 正在计算边缘统计量...
2025-04-15 23:32:48,287 - INFO - 已计算 153 条边的统计量
2025-04-15 23:32:48,287 - INFO - 为每个节点使用所有邻居
2025-04-15 23:32:48,292 - INFO - 可视化结果将保存到: ./visual/use_topkFalse\omi\deviation\omi-5
2025-04-15 23:32:48,293 - INFO - 在数据集中发现 6 个异常时间段
2025-04-15 23:32:48,293 - INFO - 
正在处理时间段 1/6: 765-781
2025-04-15 23:32:48,293 - INFO - 该时间段的真实异常节点: {6, 7, 8, 9, 10, 11, 12, 13, 14, 15, 16, 17, 18, 19}
2025-04-15 23:32:48,293 - INFO - 正在计算异常分数...
2025-04-15 23:32:48,303 - INFO - 检测到的异常节点: {1, 2, 4, 5, 6, 7, 8, 9, 10, 11, 12, 13, 14, 15, 16, 17, 18, 19}
2025-04-15 23:32:48,304 - INFO - 正在为时间段 765-781 生成可视化
2025-04-15 23:32:48,304 - INFO - 正在为时间段 765-781 生成异常图可视化
2025-04-15 23:32:48,304 - DEBUG - 创建包含 19 个节点的图结构
2025-04-15 23:32:48,304 - DEBUG - 边统计: 正常边 220 条, 异常边 86 条
2025-04-15 23:32:48,305 - INFO - 时间段 765-781 的节点检测统计: 真阳性=14, 假阳性=4, 假阴性=0, 正常节点=1
2025-04-15 23:32:48,382 - DEBUG - 正在保存可视化结果到 ./visual/use_topkFalse\omi\deviation\omi-5\seg_0_765_781.png
2025-04-15 23:32:48,463 - INFO - 成功保存时间段 765-781 的可视化结果
2025-04-15 23:32:48,463 - INFO - 
正在处理时间段 2/6: 1589-1617
2025-04-15 23:32:48,463 - INFO - 该时间段的真实异常节点: {17, 2, 4}
2025-04-15 23:32:48,465 - INFO - 正在计算异常分数...
2025-04-15 23:32:48,491 - INFO - 检测到的异常节点: {1, 2, 4, 5, 6, 7, 8, 9, 10, 11, 12, 13, 14, 15, 16, 17, 18, 19}
2025-04-15 23:32:48,491 - INFO - 正在为时间段 1589-1617 生成可视化
2025-04-15 23:32:48,491 - INFO - 正在为时间段 1589-1617 生成异常图可视化
2025-04-15 23:32:48,492 - DEBUG - 创建包含 19 个节点的图结构
2025-04-15 23:32:48,492 - DEBUG - 边统计: 正常边 166 条, 异常边 140 条
2025-04-15 23:32:48,492 - INFO - 时间段 1589-1617 的节点检测统计: 真阳性=3, 假阳性=15, 假阴性=0, 正常节点=1
2025-04-15 23:32:48,575 - DEBUG - 正在保存可视化结果到 ./visual/use_topkFalse\omi\deviation\omi-5\seg_1_1589_1617.png
2025-04-15 23:32:48,657 - INFO - 成功保存时间段 1589-1617 的可视化结果
2025-04-15 23:32:48,657 - INFO - 
正在处理时间段 3/6: 2440-2446
2025-04-15 23:32:48,657 - INFO - 该时间段的真实异常节点: {8, 11, 12, 13, 14, 15, 16, 17, 18, 19}
2025-04-15 23:32:48,657 - INFO - 正在计算异常分数...
2025-04-15 23:32:48,661 - INFO - 检测到的异常节点: {1, 2, 4, 5, 6, 7, 8, 9, 10, 11, 12, 13, 14, 15, 16, 17, 18, 19}
2025-04-15 23:32:48,661 - INFO - 正在为时间段 2440-2446 生成可视化
2025-04-15 23:32:48,661 - INFO - 正在为时间段 2440-2446 生成异常图可视化
2025-04-15 23:32:48,661 - DEBUG - 创建包含 19 个节点的图结构
2025-04-15 23:32:48,662 - DEBUG - 边统计: 正常边 146 条, 异常边 160 条
2025-04-15 23:32:48,662 - INFO - 时间段 2440-2446 的节点检测统计: 真阳性=10, 假阳性=8, 假阴性=0, 正常节点=1
2025-04-15 23:32:48,743 - DEBUG - 正在保存可视化结果到 ./visual/use_topkFalse\omi\deviation\omi-5\seg_2_2440_2446.png
2025-04-15 23:32:48,824 - INFO - 成功保存时间段 2440-2446 的可视化结果
2025-04-15 23:32:48,825 - INFO - 
正在处理时间段 4/6: 3356-3363
2025-04-15 23:32:48,825 - INFO - 该时间段的真实异常节点: {17, 5, 6}
2025-04-15 23:32:48,825 - INFO - 正在计算异常分数...
2025-04-15 23:32:48,829 - INFO - 检测到的异常节点: {1, 2, 4, 5, 6, 7, 8, 9, 10, 11, 12, 13, 14, 15, 16, 17, 18, 19}
2025-04-15 23:32:48,829 - INFO - 正在为时间段 3356-3363 生成可视化
2025-04-15 23:32:48,829 - INFO - 正在为时间段 3356-3363 生成异常图可视化
2025-04-15 23:32:48,829 - DEBUG - 创建包含 19 个节点的图结构
2025-04-15 23:32:48,830 - DEBUG - 边统计: 正常边 164 条, 异常边 142 条
2025-04-15 23:32:48,830 - INFO - 时间段 3356-3363 的节点检测统计: 真阳性=3, 假阳性=15, 假阴性=0, 正常节点=1
2025-04-15 23:32:48,916 - DEBUG - 正在保存可视化结果到 ./visual/use_topkFalse\omi\deviation\omi-5\seg_3_3356_3363.png
2025-04-15 23:32:49,002 - INFO - 成功保存时间段 3356-3363 的可视化结果
2025-04-15 23:32:49,002 - INFO - 
正在处理时间段 5/6: 3416-3423
2025-04-15 23:32:49,002 - INFO - 该时间段的真实异常节点: {4, 5, 7, 9, 10, 11, 12, 13, 14, 15, 16, 17, 18, 19}
2025-04-15 23:32:49,002 - INFO - 正在计算异常分数...
2025-04-15 23:32:49,006 - INFO - 检测到的异常节点: {1, 2, 4, 5, 6, 7, 8, 9, 10, 11, 12, 13, 14, 15, 16, 17, 18, 19}
2025-04-15 23:32:49,006 - INFO - 正在为时间段 3416-3423 生成可视化
2025-04-15 23:32:49,006 - INFO - 正在为时间段 3416-3423 生成异常图可视化
2025-04-15 23:32:49,007 - DEBUG - 创建包含 19 个节点的图结构
2025-04-15 23:32:49,007 - DEBUG - 边统计: 正常边 220 条, 异常边 86 条
2025-04-15 23:32:49,007 - INFO - 时间段 3416-3423 的节点检测统计: 真阳性=14, 假阳性=4, 假阴性=0, 正常节点=1
2025-04-15 23:32:49,087 - DEBUG - 正在保存可视化结果到 ./visual/use_topkFalse\omi\deviation\omi-5\seg_4_3416_3423.png
2025-04-15 23:32:49,169 - INFO - 成功保存时间段 3416-3423 的可视化结果
2025-04-15 23:32:49,170 - INFO - 
正在处理时间段 6/6: 3590-3594
2025-04-15 23:32:49,170 - INFO - 该时间段的真实异常节点: {1, 8, 17, 18, 19}
2025-04-15 23:32:49,170 - INFO - 正在计算异常分数...
2025-04-15 23:32:49,171 - INFO - 检测到的异常节点: {1, 2, 4, 5, 6, 7, 8, 9, 10, 11, 12, 13, 14, 15, 16, 17, 18, 19}
2025-04-15 23:32:49,171 - INFO - 正在为时间段 3590-3594 生成可视化
2025-04-15 23:32:49,171 - INFO - 正在为时间段 3590-3594 生成异常图可视化
2025-04-15 23:32:49,172 - DEBUG - 创建包含 19 个节点的图结构
2025-04-15 23:32:49,172 - DEBUG - 边统计: 正常边 162 条, 异常边 144 条
2025-04-15 23:32:49,172 - INFO - 时间段 3590-3594 的节点检测统计: 真阳性=5, 假阳性=13, 假阴性=0, 正常节点=1
2025-04-15 23:32:49,252 - DEBUG - 正在保存可视化结果到 ./visual/use_topkFalse\omi\deviation\omi-5\seg_5_3590_3594.png
2025-04-15 23:32:49,330 - INFO - 成功保存时间段 3590-3594 的可视化结果
2025-04-15 23:32:49,330 - INFO - 正在从 ./visual/use_topkFalse\omi\deviation\omi-5 中的图像创建GIF
2025-04-15 23:32:49,494 - INFO - GIF已保存到 ./visual/use_topkFalse\omi\deviation\omi-5\omi-5.gif
2025-04-15 23:32:49,494 - INFO - 
==================================================
2025-04-15 23:32:49,494 - INFO - 开始数据集可视化: omi-6
2025-04-15 23:32:49,494 - INFO - 使用参数: 评分模式=deviation, top_k=None, 阈值=6.5
2025-04-15 23:32:49,494 - INFO - ==================================================

2025-04-15 23:32:49,494 - INFO - 正在加载数据集 omi-6 的数据
2025-04-15 23:32:49,496 - INFO - 数据加载成功。训练集形状: (8640, 19), 测试集形状: (4320, 19)
2025-04-15 23:32:49,496 - INFO - 正在计算边缘统计量...
2025-04-15 23:32:51,410 - INFO - 已计算 153 条边的统计量
2025-04-15 23:32:51,410 - INFO - 为每个节点使用所有邻居
2025-04-15 23:32:51,411 - INFO - 可视化结果将保存到: ./visual/use_topkFalse\omi\deviation\omi-6
2025-04-15 23:32:51,411 - INFO - 在数据集中发现 10 个异常时间段
2025-04-15 23:32:51,411 - INFO - 
正在处理时间段 1/10: 357-392
2025-04-15 23:32:51,412 - INFO - 该时间段的真实异常节点: {19, 4}
2025-04-15 23:32:51,412 - INFO - 正在计算异常分数...
2025-04-15 23:32:51,438 - INFO - 检测到的异常节点: {1, 4, 5, 6, 7, 8, 9, 10, 11, 12, 13, 14, 15, 16, 17, 18, 19}
2025-04-15 23:32:51,438 - INFO - 正在为时间段 357-392 生成可视化
2025-04-15 23:32:51,438 - INFO - 正在为时间段 357-392 生成异常图可视化
2025-04-15 23:32:51,438 - DEBUG - 创建包含 19 个节点的图结构
2025-04-15 23:32:51,439 - DEBUG - 边统计: 正常边 188 条, 异常边 84 条
2025-04-15 23:32:51,439 - INFO - 时间段 357-392 的节点检测统计: 真阳性=2, 假阳性=15, 假阴性=0, 正常节点=2
2025-04-15 23:32:51,516 - DEBUG - 正在保存可视化结果到 ./visual/use_topkFalse\omi\deviation\omi-6\seg_0_357_392.png
2025-04-15 23:32:51,601 - INFO - 成功保存时间段 357-392 的可视化结果
2025-04-15 23:32:51,601 - INFO - 
正在处理时间段 2/10: 750-788
2025-04-15 23:32:51,601 - INFO - 该时间段的真实异常节点: {2, 6, 7, 8, 9, 10, 11, 12, 13, 14, 15, 16, 17, 18, 19}
2025-04-15 23:32:51,601 - INFO - 正在计算异常分数...
2025-04-15 23:32:51,628 - INFO - 检测到的异常节点: {1, 4, 5, 6, 7, 8, 9, 10, 11, 12, 13, 14, 15, 16, 17, 18, 19}
2025-04-15 23:32:51,628 - INFO - 正在为时间段 750-788 生成可视化
2025-04-15 23:32:51,628 - INFO - 正在为时间段 750-788 生成异常图可视化
2025-04-15 23:32:51,629 - DEBUG - 创建包含 19 个节点的图结构
2025-04-15 23:32:51,629 - DEBUG - 边统计: 正常边 230 条, 异常边 42 条
2025-04-15 23:32:51,629 - INFO - 时间段 750-788 的节点检测统计: 真阳性=14, 假阳性=3, 假阴性=1, 正常节点=1
2025-04-15 23:32:51,711 - DEBUG - 正在保存可视化结果到 ./visual/use_topkFalse\omi\deviation\omi-6\seg_1_750_788.png
2025-04-15 23:32:51,791 - INFO - 成功保存时间段 750-788 的可视化结果
2025-04-15 23:32:51,791 - INFO - 
正在处理时间段 3/10: 1278-1293
2025-04-15 23:32:51,791 - INFO - 该时间段的真实异常节点: {4, 5, 6, 8, 17}
2025-04-15 23:32:51,791 - INFO - 正在计算异常分数...
2025-04-15 23:32:51,802 - INFO - 检测到的异常节点: {1, 4, 5, 6, 7, 8, 9, 10, 11, 12, 13, 14, 15, 16, 17, 18, 19}
2025-04-15 23:32:51,802 - INFO - 正在为时间段 1278-1293 生成可视化
2025-04-15 23:32:51,802 - INFO - 正在为时间段 1278-1293 生成异常图可视化
2025-04-15 23:32:51,802 - DEBUG - 创建包含 19 个节点的图结构
2025-04-15 23:32:51,803 - DEBUG - 边统计: 正常边 178 条, 异常边 94 条
2025-04-15 23:32:51,803 - INFO - 时间段 1278-1293 的节点检测统计: 真阳性=5, 假阳性=12, 假阴性=0, 正常节点=2
2025-04-15 23:32:51,887 - DEBUG - 正在保存可视化结果到 ./visual/use_topkFalse\omi\deviation\omi-6\seg_2_1278_1293.png
2025-04-15 23:32:52,026 - INFO - 成功保存时间段 1278-1293 的可视化结果
2025-04-15 23:32:52,026 - INFO - 
正在处理时间段 4/10: 1590-1615
2025-04-15 23:32:52,026 - INFO - 该时间段的真实异常节点: {1, 18, 9}
2025-04-15 23:32:52,026 - INFO - 正在计算异常分数...
2025-04-15 23:32:52,044 - INFO - 检测到的异常节点: {1, 4, 5, 6, 7, 8, 9, 10, 11, 12, 13, 14, 15, 16, 17, 18, 19}
2025-04-15 23:32:52,044 - INFO - 正在为时间段 1590-1615 生成可视化
2025-04-15 23:32:52,044 - INFO - 正在为时间段 1590-1615 生成异常图可视化
2025-04-15 23:32:52,044 - DEBUG - 创建包含 19 个节点的图结构
2025-04-15 23:32:52,045 - DEBUG - 边统计: 正常边 202 条, 异常边 70 条
2025-04-15 23:32:52,045 - INFO - 时间段 1590-1615 的节点检测统计: 真阳性=3, 假阳性=14, 假阴性=0, 正常节点=2
2025-04-15 23:32:52,127 - DEBUG - 正在保存可视化结果到 ./visual/use_topkFalse\omi\deviation\omi-6\seg_3_1590_1615.png
2025-04-15 23:32:52,209 - INFO - 成功保存时间段 1590-1615 的可视化结果
2025-04-15 23:32:52,209 - INFO - 
正在处理时间段 5/10: 2592-2604
2025-04-15 23:32:52,209 - INFO - 该时间段的真实异常节点: {9, 4, 6}
2025-04-15 23:32:52,209 - INFO - 正在计算异常分数...
2025-04-15 23:32:52,216 - INFO - 检测到的异常节点: {4, 5, 6, 7, 8, 9, 10, 11, 12, 13, 14, 15, 16, 17, 18, 19}
2025-04-15 23:32:52,216 - INFO - 正在为时间段 2592-2604 生成可视化
2025-04-15 23:32:52,216 - INFO - 正在为时间段 2592-2604 生成异常图可视化
2025-04-15 23:32:52,216 - DEBUG - 创建包含 19 个节点的图结构
2025-04-15 23:32:52,217 - DEBUG - 边统计: 正常边 162 条, 异常边 78 条
2025-04-15 23:32:52,217 - INFO - 时间段 2592-2604 的节点检测统计: 真阳性=3, 假阳性=13, 假阴性=0, 正常节点=3
2025-04-15 23:32:52,302 - DEBUG - 正在保存可视化结果到 ./visual/use_topkFalse\omi\deviation\omi-6\seg_4_2592_2604.png
2025-04-15 23:32:52,383 - INFO - 成功保存时间段 2592-2604 的可视化结果
2025-04-15 23:32:52,383 - INFO - 
正在处理时间段 6/10: 2734-2765
2025-04-15 23:32:52,383 - INFO - 该时间段的真实异常节点: {8, 19, 4, 6}
2025-04-15 23:32:52,383 - INFO - 正在计算异常分数...
2025-04-15 23:32:52,408 - INFO - 检测到的异常节点: {1, 4, 5, 6, 7, 8, 9, 10, 11, 12, 13, 14, 15, 16, 17, 18, 19}
2025-04-15 23:32:52,408 - INFO - 正在为时间段 2734-2765 生成可视化
2025-04-15 23:32:52,408 - INFO - 正在为时间段 2734-2765 生成异常图可视化
2025-04-15 23:32:52,408 - DEBUG - 创建包含 19 个节点的图结构
2025-04-15 23:32:52,409 - DEBUG - 边统计: 正常边 158 条, 异常边 114 条
2025-04-15 23:32:52,409 - INFO - 时间段 2734-2765 的节点检测统计: 真阳性=4, 假阳性=13, 假阴性=0, 正常节点=2
2025-04-15 23:32:52,493 - DEBUG - 正在保存可视化结果到 ./visual/use_topkFalse\omi\deviation\omi-6\seg_5_2734_2765.png
2025-04-15 23:32:52,574 - INFO - 成功保存时间段 2734-2765 的可视化结果
2025-04-15 23:32:52,574 - INFO - 
正在处理时间段 7/10: 3066-3072
2025-04-15 23:32:52,574 - INFO - 该时间段的真实异常节点: {19, 4, 6}
2025-04-15 23:32:52,575 - INFO - 正在计算异常分数...
2025-04-15 23:32:52,577 - INFO - 检测到的异常节点: {1, 4, 5, 6, 7, 8, 9, 10, 11, 12, 13, 14, 15, 16, 17, 18, 19}
2025-04-15 23:32:52,577 - INFO - 正在为时间段 3066-3072 生成可视化
2025-04-15 23:32:52,577 - INFO - 正在为时间段 3066-3072 生成异常图可视化
2025-04-15 23:32:52,577 - DEBUG - 创建包含 19 个节点的图结构
2025-04-15 23:32:52,578 - DEBUG - 边统计: 正常边 138 条, 异常边 134 条
2025-04-15 23:32:52,578 - INFO - 时间段 3066-3072 的节点检测统计: 真阳性=3, 假阳性=14, 假阴性=0, 正常节点=2
2025-04-15 23:32:52,659 - DEBUG - 正在保存可视化结果到 ./visual/use_topkFalse\omi\deviation\omi-6\seg_6_3066_3072.png
2025-04-15 23:32:52,735 - INFO - 成功保存时间段 3066-3072 的可视化结果
2025-04-15 23:32:52,735 - INFO - 
正在处理时间段 8/10: 3596-3605
2025-04-15 23:32:52,736 - INFO - 该时间段的真实异常节点: {19, 4, 5, 6}
2025-04-15 23:32:52,736 - INFO - 正在计算异常分数...
2025-04-15 23:32:52,741 - INFO - 检测到的异常节点: {1, 4, 5, 6, 7, 8, 9, 10, 11, 12, 13, 14, 15, 16, 17, 18, 19}
2025-04-15 23:32:52,741 - INFO - 正在为时间段 3596-3605 生成可视化
2025-04-15 23:32:52,741 - INFO - 正在为时间段 3596-3605 生成异常图可视化
2025-04-15 23:32:52,741 - DEBUG - 创建包含 19 个节点的图结构
2025-04-15 23:32:52,742 - DEBUG - 边统计: 正常边 140 条, 异常边 132 条
2025-04-15 23:32:52,742 - INFO - 时间段 3596-3605 的节点检测统计: 真阳性=4, 假阳性=13, 假阴性=0, 正常节点=2
2025-04-15 23:32:52,832 - DEBUG - 正在保存可视化结果到 ./visual/use_topkFalse\omi\deviation\omi-6\seg_7_3596_3605.png
2025-04-15 23:32:52,912 - INFO - 成功保存时间段 3596-3605 的可视化结果
2025-04-15 23:32:52,914 - INFO - 
正在处理时间段 9/10: 3610-3622
2025-04-15 23:32:52,914 - INFO - 该时间段的真实异常节点: {1, 4, 5}
2025-04-15 23:32:52,914 - INFO - 正在计算异常分数...
2025-04-15 23:32:52,922 - INFO - 检测到的异常节点: {1, 4, 5, 6, 7, 8, 9, 10, 11, 12, 13, 14, 15, 16, 17, 18, 19}
2025-04-15 23:32:52,922 - INFO - 正在为时间段 3610-3622 生成可视化
2025-04-15 23:32:52,922 - INFO - 正在为时间段 3610-3622 生成异常图可视化
2025-04-15 23:32:52,922 - DEBUG - 创建包含 19 个节点的图结构
2025-04-15 23:32:52,923 - DEBUG - 边统计: 正常边 218 条, 异常边 54 条
2025-04-15 23:32:52,923 - INFO - 时间段 3610-3622 的节点检测统计: 真阳性=3, 假阳性=14, 假阴性=0, 正常节点=2
2025-04-15 23:32:53,004 - DEBUG - 正在保存可视化结果到 ./visual/use_topkFalse\omi\deviation\omi-6\seg_8_3610_3622.png
2025-04-15 23:32:53,090 - INFO - 成功保存时间段 3610-3622 的可视化结果
2025-04-15 23:32:53,090 - INFO - 
正在处理时间段 10/10: 4159-4164
2025-04-15 23:32:53,090 - INFO - 该时间段的真实异常节点: {4, 5}
2025-04-15 23:32:53,090 - INFO - 正在计算异常分数...
2025-04-15 23:32:53,093 - INFO - 检测到的异常节点: {1, 4, 5, 6, 7, 8, 9, 10, 11, 12, 13, 14, 15, 16, 17, 18, 19}
2025-04-15 23:32:53,093 - INFO - 正在为时间段 4159-4164 生成可视化
2025-04-15 23:32:53,093 - INFO - 正在为时间段 4159-4164 生成异常图可视化
2025-04-15 23:32:53,093 - DEBUG - 创建包含 19 个节点的图结构
2025-04-15 23:32:53,094 - DEBUG - 边统计: 正常边 142 条, 异常边 130 条
2025-04-15 23:32:53,094 - INFO - 时间段 4159-4164 的节点检测统计: 真阳性=2, 假阳性=15, 假阴性=0, 正常节点=2
2025-04-15 23:32:53,175 - DEBUG - 正在保存可视化结果到 ./visual/use_topkFalse\omi\deviation\omi-6\seg_9_4159_4164.png
2025-04-15 23:32:53,259 - INFO - 成功保存时间段 4159-4164 的可视化结果
2025-04-15 23:32:53,259 - INFO - 正在从 ./visual/use_topkFalse\omi\deviation\omi-6 中的图像创建GIF
2025-04-15 23:32:53,533 - INFO - GIF已保存到 ./visual/use_topkFalse\omi\deviation\omi-6\omi-6.gif
2025-04-15 23:32:53,533 - INFO - 
==================================================
2025-04-15 23:32:53,533 - INFO - 开始数据集可视化: omi-7
2025-04-15 23:32:53,533 - INFO - 使用参数: 评分模式=deviation, top_k=None, 阈值=1.5
2025-04-15 23:32:53,533 - INFO - ==================================================

2025-04-15 23:32:53,534 - INFO - 正在加载数据集 omi-7 的数据
2025-04-15 23:32:53,535 - INFO - 数据加载成功。训练集形状: (8640, 19), 测试集形状: (4320, 19)
2025-04-15 23:32:53,535 - INFO - 正在计算边缘统计量...
2025-04-15 23:32:55,372 - INFO - 已计算 136 条边的统计量
2025-04-15 23:32:55,372 - INFO - 为每个节点使用所有邻居
2025-04-15 23:32:55,372 - INFO - 可视化结果将保存到: ./visual/use_topkFalse\omi\deviation\omi-7
2025-04-15 23:32:55,373 - INFO - 在数据集中发现 3 个异常时间段
2025-04-15 23:32:55,373 - INFO - 
正在处理时间段 1/3: 738-778
2025-04-15 23:32:55,373 - INFO - 该时间段的真实异常节点: {1, 2, 4, 6, 7, 8, 9, 10, 11, 12, 13, 14, 15, 16, 17, 18, 19}
2025-04-15 23:32:55,373 - INFO - 正在计算异常分数...
2025-04-15 23:32:55,400 - INFO - 检测到的异常节点: {1, 4, 5, 6, 7, 8, 9, 10, 11, 12, 13, 14, 15, 16, 17, 18, 19}
2025-04-15 23:32:55,400 - INFO - 正在为时间段 738-778 生成可视化
2025-04-15 23:32:55,400 - INFO - 正在为时间段 738-778 生成异常图可视化
2025-04-15 23:32:55,400 - DEBUG - 创建包含 19 个节点的图结构
2025-04-15 23:32:55,400 - DEBUG - 边统计: 正常边 204 条, 异常边 68 条
2025-04-15 23:32:55,400 - INFO - 时间段 738-778 的节点检测统计: 真阳性=16, 假阳性=1, 假阴性=1, 正常节点=1
2025-04-15 23:32:55,487 - DEBUG - 正在保存可视化结果到 ./visual/use_topkFalse\omi\deviation\omi-7\seg_0_738_778.png
2025-04-15 23:32:55,563 - INFO - 成功保存时间段 738-778 的可视化结果
2025-04-15 23:32:55,563 - INFO - 
正在处理时间段 2/3: 1625-1660
2025-04-15 23:32:55,563 - INFO - 该时间段的真实异常节点: {7, 10, 11, 12, 13, 14, 15, 16, 17, 18, 19}
2025-04-15 23:32:55,563 - INFO - 正在计算异常分数...
2025-04-15 23:32:55,587 - INFO - 检测到的异常节点: {5, 7, 8, 9, 10, 11, 12, 13, 14, 15, 16, 17, 18, 19}
2025-04-15 23:32:55,588 - INFO - 正在为时间段 1625-1660 生成可视化
2025-04-15 23:32:55,588 - INFO - 正在为时间段 1625-1660 生成异常图可视化
2025-04-15 23:32:55,588 - DEBUG - 创建包含 19 个节点的图结构
2025-04-15 23:32:55,588 - DEBUG - 边统计: 正常边 130 条, 异常边 52 条
2025-04-15 23:32:55,588 - INFO - 时间段 1625-1660 的节点检测统计: 真阳性=11, 假阳性=3, 假阴性=0, 正常节点=5
2025-04-15 23:32:55,679 - DEBUG - 正在保存可视化结果到 ./visual/use_topkFalse\omi\deviation\omi-7\seg_1_1625_1660.png
2025-04-15 23:32:55,756 - INFO - 成功保存时间段 1625-1660 的可视化结果
2025-04-15 23:32:55,756 - INFO - 
正在处理时间段 3/3: 3311-3320
2025-04-15 23:32:55,757 - INFO - 该时间段的真实异常节点: {7, 10, 11, 12, 13, 14, 15, 16, 17, 18, 19}
2025-04-15 23:32:55,757 - INFO - 正在计算异常分数...
2025-04-15 23:32:55,761 - INFO - 检测到的异常节点: {1, 5, 7, 8, 9, 10, 11, 12, 13, 14, 15, 16, 17, 18, 19}
2025-04-15 23:32:55,761 - INFO - 正在为时间段 3311-3320 生成可视化
2025-04-15 23:32:55,761 - INFO - 正在为时间段 3311-3320 生成异常图可视化
2025-04-15 23:32:55,762 - DEBUG - 创建包含 19 个节点的图结构
2025-04-15 23:32:55,762 - DEBUG - 边统计: 正常边 164 条, 异常边 46 条
2025-04-15 23:32:55,762 - INFO - 时间段 3311-3320 的节点检测统计: 真阳性=11, 假阳性=4, 假阴性=0, 正常节点=4
2025-04-15 23:32:55,848 - DEBUG - 正在保存可视化结果到 ./visual/use_topkFalse\omi\deviation\omi-7\seg_2_3311_3320.png
2025-04-15 23:32:55,930 - INFO - 成功保存时间段 3311-3320 的可视化结果
2025-04-15 23:32:55,930 - INFO - 正在从 ./visual/use_topkFalse\omi\deviation\omi-7 中的图像创建GIF
2025-04-15 23:32:56,004 - INFO - GIF已保存到 ./visual/use_topkFalse\omi\deviation\omi-7\omi-7.gif
2025-04-15 23:32:56,004 - INFO - 
==================================================
2025-04-15 23:32:56,004 - INFO - 开始数据集可视化: omi-8
2025-04-15 23:32:56,004 - INFO - 使用参数: 评分模式=deviation, top_k=None, 阈值=4.0
2025-04-15 23:32:56,004 - INFO - ==================================================

2025-04-15 23:32:56,004 - INFO - 正在加载数据集 omi-8 的数据
2025-04-15 23:32:56,005 - INFO - 数据加载成功。训练集形状: (8640, 19), 测试集形状: (4320, 19)
2025-04-15 23:32:56,005 - INFO - 正在计算边缘统计量...
2025-04-15 23:32:57,875 - INFO - 已计算 136 条边的统计量
2025-04-15 23:32:57,875 - INFO - 为每个节点使用所有邻居
2025-04-15 23:32:57,876 - INFO - 可视化结果将保存到: ./visual/use_topkFalse\omi\deviation\omi-8
2025-04-15 23:32:57,876 - INFO - 在数据集中发现 5 个异常时间段
2025-04-15 23:32:57,876 - INFO - 
正在处理时间段 1/5: 740-753
2025-04-15 23:32:57,876 - INFO - 该时间段的真实异常节点: {2, 4}
2025-04-15 23:32:57,876 - INFO - 正在计算异常分数...
2025-04-15 23:32:57,885 - INFO - 检测到的异常节点: {1, 4, 6, 7, 8, 9, 10, 11, 12, 13, 14, 15, 16, 17, 18, 19}
2025-04-15 23:32:57,885 - INFO - 正在为时间段 740-753 生成可视化
2025-04-15 23:32:57,885 - INFO - 正在为时间段 740-753 生成异常图可视化
2025-04-15 23:32:57,885 - DEBUG - 创建包含 19 个节点的图结构
2025-04-15 23:32:57,885 - DEBUG - 边统计: 正常边 178 条, 异常边 62 条
2025-04-15 23:32:57,886 - INFO - 时间段 740-753 的节点检测统计: 真阳性=1, 假阳性=15, 假阴性=1, 正常节点=2
2025-04-15 23:32:57,971 - DEBUG - 正在保存可视化结果到 ./visual/use_topkFalse\omi\deviation\omi-8\seg_0_740_753.png
2025-04-15 23:32:58,056 - INFO - 成功保存时间段 740-753 的可视化结果
2025-04-15 23:32:58,058 - INFO - 
正在处理时间段 2/5: 764-780
2025-04-15 23:32:58,058 - INFO - 该时间段的真实异常节点: {6, 7, 8, 9, 10, 11, 12, 13, 14, 15, 16, 17, 18, 19}
2025-04-15 23:32:58,058 - INFO - 正在计算异常分数...
2025-04-15 23:32:58,065 - INFO - 检测到的异常节点: {1, 6, 7, 8, 9, 10, 11, 12, 13, 14, 15, 16, 17, 18, 19}
2025-04-15 23:32:58,066 - INFO - 正在为时间段 764-780 生成可视化
2025-04-15 23:32:58,066 - INFO - 正在为时间段 764-780 生成异常图可视化
2025-04-15 23:32:58,066 - DEBUG - 创建包含 19 个节点的图结构
2025-04-15 23:32:58,066 - DEBUG - 边统计: 正常边 172 条, 异常边 38 条
2025-04-15 23:32:58,066 - INFO - 时间段 764-780 的节点检测统计: 真阳性=14, 假阳性=1, 假阴性=0, 正常节点=4
2025-04-15 23:32:58,152 - DEBUG - 正在保存可视化结果到 ./visual/use_topkFalse\omi\deviation\omi-8\seg_1_764_780.png
2025-04-15 23:32:58,231 - INFO - 成功保存时间段 764-780 的可视化结果
2025-04-15 23:32:58,231 - INFO - 
正在处理时间段 3/5: 2319-2325
2025-04-15 23:32:58,231 - INFO - 该时间段的真实异常节点: {4, 5, 6}
2025-04-15 23:32:58,231 - INFO - 正在计算异常分数...
2025-04-15 23:32:58,233 - INFO - 检测到的异常节点: {1, 4, 5, 6, 7, 8, 9, 10, 11, 12, 13, 14, 15, 16, 17, 18, 19}
2025-04-15 23:32:58,233 - INFO - 正在为时间段 2319-2325 生成可视化
2025-04-15 23:32:58,233 - INFO - 正在为时间段 2319-2325 生成异常图可视化
2025-04-15 23:32:58,233 - DEBUG - 创建包含 19 个节点的图结构
2025-04-15 23:32:58,234 - DEBUG - 边统计: 正常边 134 条, 异常边 138 条
2025-04-15 23:32:58,235 - INFO - 时间段 2319-2325 的节点检测统计: 真阳性=3, 假阳性=14, 假阴性=0, 正常节点=2
2025-04-15 23:32:58,371 - DEBUG - 正在保存可视化结果到 ./visual/use_topkFalse\omi\deviation\omi-8\seg_2_2319_2325.png
2025-04-15 23:32:58,454 - INFO - 成功保存时间段 2319-2325 的可视化结果
2025-04-15 23:32:58,454 - INFO - 
正在处理时间段 4/5: 2586-2675
2025-04-15 23:32:58,454 - INFO - 该时间段的真实异常节点: {5, 6, 8, 17, 18, 19}
2025-04-15 23:32:58,454 - INFO - 正在计算异常分数...
2025-04-15 23:32:58,524 - INFO - 检测到的异常节点: {1, 4, 5, 6, 7, 8, 9, 10, 11, 12, 13, 14, 15, 16, 17, 18, 19}
2025-04-15 23:32:58,524 - INFO - 正在为时间段 2586-2675 生成可视化
2025-04-15 23:32:58,524 - INFO - 正在为时间段 2586-2675 生成异常图可视化
2025-04-15 23:32:58,524 - DEBUG - 创建包含 19 个节点的图结构
2025-04-15 23:32:58,525 - DEBUG - 边统计: 正常边 146 条, 异常边 126 条
2025-04-15 23:32:58,525 - INFO - 时间段 2586-2675 的节点检测统计: 真阳性=6, 假阳性=11, 假阴性=0, 正常节点=2
2025-04-15 23:32:58,611 - DEBUG - 正在保存可视化结果到 ./visual/use_topkFalse\omi\deviation\omi-8\seg_3_2586_2675.png
2025-04-15 23:32:58,694 - INFO - 成功保存时间段 2586-2675 的可视化结果
2025-04-15 23:32:58,695 - INFO - 
正在处理时间段 5/5: 2897-2956
2025-04-15 23:32:58,695 - INFO - 该时间段的真实异常节点: {2, 6, 8, 17, 18, 19}
2025-04-15 23:32:58,695 - INFO - 正在计算异常分数...
2025-04-15 23:32:58,736 - INFO - 检测到的异常节点: {1, 4, 5, 6, 7, 8, 9, 10, 11, 12, 13, 14, 15, 16, 17, 18, 19}
2025-04-15 23:32:58,736 - INFO - 正在为时间段 2897-2956 生成可视化
2025-04-15 23:32:58,736 - INFO - 正在为时间段 2897-2956 生成异常图可视化
2025-04-15 23:32:58,736 - DEBUG - 创建包含 19 个节点的图结构
2025-04-15 23:32:58,736 - DEBUG - 边统计: 正常边 136 条, 异常边 136 条
2025-04-15 23:32:58,736 - INFO - 时间段 2897-2956 的节点检测统计: 真阳性=5, 假阳性=12, 假阴性=1, 正常节点=1
2025-04-15 23:32:58,818 - DEBUG - 正在保存可视化结果到 ./visual/use_topkFalse\omi\deviation\omi-8\seg_4_2897_2956.png
2025-04-15 23:32:58,897 - INFO - 成功保存时间段 2897-2956 的可视化结果
2025-04-15 23:32:58,897 - INFO - 正在从 ./visual/use_topkFalse\omi\deviation\omi-8 中的图像创建GIF
2025-04-15 23:32:59,036 - INFO - GIF已保存到 ./visual/use_topkFalse\omi\deviation\omi-8\omi-8.gif
2025-04-15 23:32:59,036 - INFO - 
==================================================
2025-04-15 23:32:59,037 - INFO - 开始数据集可视化: omi-9
2025-04-15 23:32:59,037 - INFO - 使用参数: 评分模式=deviation, top_k=None, 阈值=4.0
2025-04-15 23:32:59,037 - INFO - ==================================================

2025-04-15 23:32:59,037 - INFO - 正在加载数据集 omi-9 的数据
2025-04-15 23:32:59,039 - INFO - 数据加载成功。训练集形状: (8640, 19), 测试集形状: (4320, 19)
2025-04-15 23:32:59,039 - INFO - 正在计算边缘统计量...
2025-04-15 23:33:00,789 - INFO - 已计算 136 条边的统计量
2025-04-15 23:33:00,789 - INFO - 为每个节点使用所有邻居
2025-04-15 23:33:00,789 - INFO - 可视化结果将保存到: ./visual/use_topkFalse\omi\deviation\omi-9
2025-04-15 23:33:00,790 - INFO - 在数据集中发现 8 个异常时间段
2025-04-15 23:33:00,790 - INFO - 
正在处理时间段 1/8: 738-756
2025-04-15 23:33:00,790 - INFO - 该时间段的真实异常节点: {2, 9, 10, 11, 12, 13, 14, 15, 16, 17, 18, 19}
2025-04-15 23:33:00,790 - INFO - 正在计算异常分数...
2025-04-15 23:33:00,798 - INFO - 检测到的异常节点: {1, 7, 8, 9, 10, 11, 12, 13, 14, 15, 16, 17, 18, 19}
2025-04-15 23:33:00,799 - INFO - 正在为时间段 738-756 生成可视化
2025-04-15 23:33:00,799 - INFO - 正在为时间段 738-756 生成异常图可视化
2025-04-15 23:33:00,799 - DEBUG - 创建包含 19 个节点的图结构
2025-04-15 23:33:00,799 - DEBUG - 边统计: 正常边 112 条, 异常边 70 条
2025-04-15 23:33:00,799 - INFO - 时间段 738-756 的节点检测统计: 真阳性=11, 假阳性=3, 假阴性=1, 正常节点=4
2025-04-15 23:33:00,892 - DEBUG - 正在保存可视化结果到 ./visual/use_topkFalse\omi\deviation\omi-9\seg_0_738_756.png
2025-04-15 23:33:00,979 - INFO - 成功保存时间段 738-756 的可视化结果
2025-04-15 23:33:00,980 - INFO - 
正在处理时间段 2/8: 763-780
2025-04-15 23:33:00,980 - INFO - 该时间段的真实异常节点: {1, 6, 7, 8, 9, 10, 11, 12, 13, 14, 15, 16, 17, 18, 19}
2025-04-15 23:33:00,980 - INFO - 正在计算异常分数...
2025-04-15 23:33:00,989 - INFO - 检测到的异常节点: {1, 6, 7, 8, 9, 10, 11, 12, 13, 14, 15, 16, 17, 18, 19}
2025-04-15 23:33:00,989 - INFO - 正在为时间段 763-780 生成可视化
2025-04-15 23:33:00,989 - INFO - 正在为时间段 763-780 生成异常图可视化
2025-04-15 23:33:00,989 - DEBUG - 创建包含 19 个节点的图结构
2025-04-15 23:33:00,991 - DEBUG - 边统计: 正常边 142 条, 异常边 68 条
2025-04-15 23:33:00,991 - INFO - 时间段 763-780 的节点检测统计: 真阳性=15, 假阳性=0, 假阴性=0, 正常节点=4
2025-04-15 23:33:01,077 - DEBUG - 正在保存可视化结果到 ./visual/use_topkFalse\omi\deviation\omi-9\seg_1_763_780.png
2025-04-15 23:33:01,168 - INFO - 成功保存时间段 763-780 的可视化结果
2025-04-15 23:33:01,168 - INFO - 
正在处理时间段 3/8: 2514-2524
2025-04-15 23:33:01,168 - INFO - 该时间段的真实异常节点: {1, 4, 5, 7, 8, 9, 17, 18}
2025-04-15 23:33:01,168 - INFO - 正在计算异常分数...
2025-04-15 23:33:01,174 - INFO - 检测到的异常节点: {1, 4, 5, 6, 7, 8, 9, 10, 11, 12, 13, 14, 15, 16, 17, 18, 19}
2025-04-15 23:33:01,174 - INFO - 正在为时间段 2514-2524 生成可视化
2025-04-15 23:33:01,174 - INFO - 正在为时间段 2514-2524 生成异常图可视化
2025-04-15 23:33:01,174 - DEBUG - 创建包含 19 个节点的图结构
2025-04-15 23:33:01,175 - DEBUG - 边统计: 正常边 162 条, 异常边 110 条
2025-04-15 23:33:01,175 - INFO - 时间段 2514-2524 的节点检测统计: 真阳性=8, 假阳性=9, 假阴性=0, 正常节点=2
2025-04-15 23:33:01,259 - DEBUG - 正在保存可视化结果到 ./visual/use_topkFalse\omi\deviation\omi-9\seg_2_2514_2524.png
2025-04-15 23:33:01,343 - INFO - 成功保存时间段 2514-2524 的可视化结果
2025-04-15 23:33:01,343 - INFO - 
正在处理时间段 4/8: 2603-2668
2025-04-15 23:33:01,343 - INFO - 该时间段的真实异常节点: {1, 2, 5, 6, 8, 17, 18, 19}
2025-04-15 23:33:01,343 - INFO - 正在计算异常分数...
2025-04-15 23:33:01,391 - INFO - 检测到的异常节点: {1, 4, 5, 6, 7, 8, 9, 10, 11, 12, 13, 14, 15, 16, 17, 18, 19}
2025-04-15 23:33:01,391 - INFO - 正在为时间段 2603-2668 生成可视化
2025-04-15 23:33:01,391 - INFO - 正在为时间段 2603-2668 生成异常图可视化
2025-04-15 23:33:01,391 - DEBUG - 创建包含 19 个节点的图结构
2025-04-15 23:33:01,392 - DEBUG - 边统计: 正常边 106 条, 异常边 166 条
2025-04-15 23:33:01,392 - INFO - 时间段 2603-2668 的节点检测统计: 真阳性=7, 假阳性=10, 假阴性=1, 正常节点=1
2025-04-15 23:33:01,479 - DEBUG - 正在保存可视化结果到 ./visual/use_topkFalse\omi\deviation\omi-9\seg_3_2603_2668.png
2025-04-15 23:33:01,568 - INFO - 成功保存时间段 2603-2668 的可视化结果
2025-04-15 23:33:01,569 - INFO - 
正在处理时间段 5/8: 2918-2958
2025-04-15 23:33:01,569 - INFO - 该时间段的真实异常节点: {1, 2, 5, 6, 8, 17, 18, 19}
2025-04-15 23:33:01,569 - INFO - 正在计算异常分数...
2025-04-15 23:33:01,593 - INFO - 检测到的异常节点: {1, 4, 5, 6, 7, 8, 9, 10, 11, 12, 13, 14, 15, 16, 17, 18, 19}
2025-04-15 23:33:01,594 - INFO - 正在为时间段 2918-2958 生成可视化
2025-04-15 23:33:01,594 - INFO - 正在为时间段 2918-2958 生成异常图可视化
2025-04-15 23:33:01,594 - DEBUG - 创建包含 19 个节点的图结构
2025-04-15 23:33:01,594 - DEBUG - 边统计: 正常边 124 条, 异常边 148 条
2025-04-15 23:33:01,594 - INFO - 时间段 2918-2958 的节点检测统计: 真阳性=7, 假阳性=10, 假阴性=1, 正常节点=1
2025-04-15 23:33:01,674 - DEBUG - 正在保存可视化结果到 ./visual/use_topkFalse\omi\deviation\omi-9\seg_4_2918_2958.png
2025-04-15 23:33:01,753 - INFO - 成功保存时间段 2918-2958 的可视化结果
2025-04-15 23:33:01,754 - INFO - 
正在处理时间段 6/8: 3170-3245
2025-04-15 23:33:01,754 - INFO - 该时间段的真实异常节点: {1, 2, 6, 8, 17, 18, 19}
2025-04-15 23:33:01,754 - INFO - 正在计算异常分数...
2025-04-15 23:33:01,802 - INFO - 检测到的异常节点: {1, 4, 5, 6, 7, 8, 9, 10, 11, 12, 13, 14, 15, 16, 17, 18, 19}
2025-04-15 23:33:01,802 - INFO - 正在为时间段 3170-3245 生成可视化
2025-04-15 23:33:01,802 - INFO - 正在为时间段 3170-3245 生成异常图可视化
2025-04-15 23:33:01,802 - DEBUG - 创建包含 19 个节点的图结构
2025-04-15 23:33:01,803 - DEBUG - 边统计: 正常边 154 条, 异常边 118 条
2025-04-15 23:33:01,803 - INFO - 时间段 3170-3245 的节点检测统计: 真阳性=6, 假阳性=11, 假阴性=1, 正常节点=1
2025-04-15 23:33:01,890 - DEBUG - 正在保存可视化结果到 ./visual/use_topkFalse\omi\deviation\omi-9\seg_5_3170_3245.png
2025-04-15 23:33:01,967 - INFO - 成功保存时间段 3170-3245 的可视化结果
2025-04-15 23:33:01,967 - INFO - 
正在处理时间段 7/8: 3508-3528
2025-04-15 23:33:01,967 - INFO - 该时间段的真实异常节点: {8, 2, 19, 6}
2025-04-15 23:33:01,967 - INFO - 正在计算异常分数...
2025-04-15 23:33:01,979 - INFO - 检测到的异常节点: {1, 4, 5, 6, 7, 8, 9, 10, 11, 12, 13, 14, 15, 16, 17, 18, 19}
2025-04-15 23:33:01,979 - INFO - 正在为时间段 3508-3528 生成可视化
2025-04-15 23:33:01,979 - INFO - 正在为时间段 3508-3528 生成异常图可视化
2025-04-15 23:33:01,979 - DEBUG - 创建包含 19 个节点的图结构
2025-04-15 23:33:01,980 - DEBUG - 边统计: 正常边 160 条, 异常边 112 条
2025-04-15 23:33:01,980 - INFO - 时间段 3508-3528 的节点检测统计: 真阳性=3, 假阳性=14, 假阴性=1, 正常节点=1
2025-04-15 23:33:02,066 - DEBUG - 正在保存可视化结果到 ./visual/use_topkFalse\omi\deviation\omi-9\seg_6_3508_3528.png
2025-04-15 23:33:02,152 - INFO - 成功保存时间段 3508-3528 的可视化结果
2025-04-15 23:33:02,152 - INFO - 
正在处理时间段 8/8: 4064-4108
2025-04-15 23:33:02,152 - INFO - 该时间段的真实异常节点: {1, 2, 6, 7, 8, 9, 17, 18, 19}
2025-04-15 23:33:02,152 - INFO - 正在计算异常分数...
2025-04-15 23:33:02,180 - INFO - 检测到的异常节点: {1, 4, 5, 6, 7, 8, 9, 10, 11, 12, 13, 14, 15, 16, 17, 18, 19}
2025-04-15 23:33:02,181 - INFO - 正在为时间段 4064-4108 生成可视化
2025-04-15 23:33:02,181 - INFO - 正在为时间段 4064-4108 生成异常图可视化
2025-04-15 23:33:02,181 - DEBUG - 创建包含 19 个节点的图结构
2025-04-15 23:33:02,182 - DEBUG - 边统计: 正常边 108 条, 异常边 164 条
2025-04-15 23:33:02,182 - INFO - 时间段 4064-4108 的节点检测统计: 真阳性=8, 假阳性=9, 假阴性=1, 正常节点=1
2025-04-15 23:33:02,271 - DEBUG - 正在保存可视化结果到 ./visual/use_topkFalse\omi\deviation\omi-9\seg_7_4064_4108.png
2025-04-15 23:33:02,357 - INFO - 成功保存时间段 4064-4108 的可视化结果
2025-04-15 23:33:02,358 - INFO - 正在从 ./visual/use_topkFalse\omi\deviation\omi-9 中的图像创建GIF
2025-04-15 23:33:02,578 - INFO - GIF已保存到 ./visual/use_topkFalse\omi\deviation\omi-9\omi-9.gif
2025-04-15 23:33:02,578 - INFO - 可视化结果生成完成！
2025-04-15 23:33:02,578 - INFO - 
==================================================
2025-04-15 23:33:02,578 - INFO - 程序运行总耗时: 0:02:30.466075
