Pearson Correlation 取绝对值

use_topk = True

log\use_topkTrue\omi\deviation\deviation_2025-04-15.log
===== Best Results per Dataset =====
   dataset score_mode  top_k  score_threshold  use_topk  precision   recall  f1_score
 omi-1.txt  deviation      4              4.5      True   0.747899 1.000000  0.855769
omi-10.txt  deviation      1              7.0      True   0.495798 0.967213  0.655556
omi-11.txt  deviation      1              5.0      True   0.351852 0.982759  0.518182
omi-12.txt  deviation      1              5.0      True   0.655172 0.950000  0.775510
 omi-2.txt  deviation      1              3.5      True   0.462687 1.000000  0.632653
 omi-3.txt  deviation      4              1.0      True   0.773810 0.833333  0.802469
 omi-4.txt  deviation      9              4.5      True   0.795181 0.985075  0.880000
 omi-5.txt  deviation      6              6.0      True   0.462264 1.000000  0.632258
 omi-6.txt  deviation      2              7.0      True   0.265823 0.954545  0.415842
 omi-7.txt  deviation      1              3.0      True   0.883721 0.974359  0.926829
 omi-8.txt  deviation      1              5.0      True   0.386667 0.935484  0.547170
 omi-9.txt  deviation      1              7.0      True   0.507937 0.901408  0.649746
2025-04-15 22:21:46,263 - INFO - 
===== Overall Metrics =====
Precision: 0.4990  Recall: 0.9539  F1: 0.6552

log\use_topkTrue\omi\mean_ratio\mean_ratio_2025-04-15.log
===== Best Results per Dataset =====
   dataset score_mode  top_k  score_threshold  use_topk  precision   recall  f1_score
 omi-1.txt mean_ratio      6              1.0      True   0.754237 1.000000  0.859903
omi-10.txt mean_ratio      5              7.0      True   0.487603 0.967213  0.648352
omi-11.txt mean_ratio      2              6.0      True   0.392593 0.913793  0.549223
omi-12.txt mean_ratio      3              6.5      True   0.782609 0.900000  0.837209
 omi-2.txt mean_ratio      1              4.0      True   0.590909 0.838710  0.693333
 omi-3.txt mean_ratio      9              7.0      True   0.802469 0.833333  0.817610
 omi-4.txt mean_ratio      9              6.5      True   0.814815 0.985075  0.891892
 omi-5.txt mean_ratio      6              1.0      True   0.462264 1.000000  0.632258
 omi-6.txt mean_ratio      1              6.5      True   0.323232 0.727273  0.447552
 omi-7.txt mean_ratio      8              5.5      True   0.844444 0.974359  0.904762
 omi-8.txt mean_ratio      8              7.0      True   0.358025 0.935484  0.517857
 omi-9.txt mean_ratio      9              7.0      True   0.496183 0.915493  0.643564
2025-04-15 22:38:11,143 - INFO - 
===== Overall Metrics =====
Precision: 0.5305  Recall: 0.9084  F1: 0.6698

log\use_topkTrue\omi\range_ratio\range_ratio_2025-04-15.log
===== Best Results per Dataset =====
   dataset  score_mode  top_k  score_threshold  use_topk  precision   recall  f1_score
 omi-1.txt range_ratio      5              1.0      True   0.754237 1.000000  0.859903
omi-10.txt range_ratio      5              6.0      True   0.495798 0.967213  0.655556
omi-11.txt range_ratio      2              5.5      True   0.416000 0.896552  0.568306
omi-12.txt range_ratio      4              6.5      True   0.692308 0.900000  0.782609
 omi-2.txt range_ratio      3              3.0      True   0.516667 1.000000  0.681319
 omi-3.txt range_ratio      9              7.0      True   0.822785 0.833333  0.828025
 omi-4.txt range_ratio      8              4.0      True   0.814815 0.985075  0.891892
 omi-5.txt range_ratio      8              3.5      True   0.474747 0.959184  0.635135
 omi-6.txt range_ratio      1              6.5      True   0.337209 0.659091  0.446154
 omi-7.txt range_ratio      6              7.0      True   0.883721 0.974359  0.926829
 omi-8.txt range_ratio      8              6.5      True   0.358025 0.935484  0.517857
 omi-9.txt range_ratio      7              1.5      True   0.496183 0.915493  0.643564
2025-04-15 22:54:36,369 - INFO - 
===== Overall Metrics =====
Precision: 0.5310  Recall: 0.9070  F1: 0.6698

log\use_topkTrue\omi\robust_zscore\robust_zscore_2025-04-15.log
===== Best Results per Dataset =====
   dataset    score_mode  top_k  score_threshold  use_topk  precision   recall  f1_score
 omi-1.txt robust_zscore      7              3.5      True   0.754237 1.000000  0.859903
omi-10.txt robust_zscore      1              6.0      True   0.471545 0.950820  0.630435
omi-11.txt robust_zscore      1              1.0      True   0.378571 0.913793  0.535354
omi-12.txt robust_zscore      3              2.0      True   0.622951 0.950000  0.752475
 omi-2.txt robust_zscore      4              3.5      True   0.469697 1.000000  0.639175
 omi-3.txt robust_zscore      9              1.0      True   0.773810 0.833333  0.802469
 omi-4.txt robust_zscore      9              1.5      True   0.795181 0.985075  0.880000
 omi-5.txt robust_zscore      8              3.0      True   0.457944 1.000000  0.628205
 omi-6.txt robust_zscore      2              6.5      True   0.277027 0.931818  0.427083
 omi-7.txt robust_zscore      6              2.5      True   0.844444 0.974359  0.904762
 omi-8.txt robust_zscore      6              1.0      True   0.353659 0.935484  0.513274
 omi-9.txt robust_zscore      7              7.0      True   0.496183 0.915493  0.643564
2025-04-15 23:27:24,974 - INFO - 
===== Overall Metrics =====
Precision: 0.4959  Recall: 0.9471  F1: 0.6509


log\use_topkTrue\omi\strict_deviation\strict_deviation_2025-04-15.log
===== Best Results per Dataset =====
   dataset       score_mode  top_k  score_threshold  use_topk  precision   recall  f1_score
 omi-1.txt strict_deviation      7              2.0      True   0.754237 1.000000  0.859903
omi-10.txt strict_deviation      5              4.5      True   0.476190 0.983607  0.641711
omi-11.txt strict_deviation      1              1.0      True   0.390977 0.896552  0.544503
omi-12.txt strict_deviation      2              7.0      True   0.733333 0.825000  0.776471
 omi-2.txt strict_deviation      3              1.0      True   0.469697 1.000000  0.639175
 omi-3.txt strict_deviation      9              6.0      True   0.783133 0.833333  0.807453
 omi-4.txt strict_deviation      5              5.5      True   0.795181 0.985075  0.880000
 omi-5.txt strict_deviation      8              1.0      True   0.457944 1.000000  0.628205
 omi-6.txt strict_deviation      2              4.0      True   0.282609 0.886364  0.428571
 omi-7.txt strict_deviation      6              7.0      True   0.844444 0.974359  0.904762
 omi-8.txt strict_deviation      9              7.0      True   0.353659 0.935484  0.513274
 omi-9.txt strict_deviation      7              1.0      True   0.496183 0.915493  0.643564
2025-04-15 22:05:18,864 - INFO - 
===== Overall Metrics =====
Precision: 0.5048  Recall: 0.9310  F1: 0.6547

log\use_topkTrue\omi\value_times_range\value_times_range_2025-04-15.log
===== Best Results per Dataset =====
   dataset        score_mode  top_k  score_threshold  use_topk  precision   recall  f1_score
 omi-1.txt value_times_range      8              1.0      True   0.754237 1.000000  0.859903
omi-10.txt value_times_range      8              6.5      True   0.495798 0.967213  0.655556
omi-11.txt value_times_range      2              4.5      True   0.423423 0.810345  0.556213
omi-12.txt value_times_range      3              3.0      True   0.800000 0.900000  0.847059
 omi-2.txt value_times_range      4              7.0      True   0.604651 0.838710  0.702703
 omi-3.txt value_times_range      9              4.0      True   0.820513 0.820513  0.820513
 omi-4.txt value_times_range      5              2.0      True   0.804878 0.985075  0.885906
 omi-5.txt value_times_range      6              1.5      True   0.474227 0.938776  0.630137
 omi-6.txt value_times_range      1              4.5      True   0.365854 0.681818  0.476190
 omi-7.txt value_times_range      7              7.0      True   0.904762 0.974359  0.938272
 omi-8.txt value_times_range      8              7.0      True   0.386667 0.935484  0.547170
 omi-9.txt value_times_range      7              6.0      True   0.500000 0.915493  0.646766
2025-04-15 23:11:00,073 - INFO - 
===== Overall Metrics =====
Precision: 0.5553  Recall: 0.8869  F1: 0.6830

====================================================

use_topk = False

log\use_topkFalse\omi\deviation\deviation_2025-04-15.log
===== Best Results per Dataset =====
   dataset score_mode top_k  score_threshold  use_topk  precision   recall  f1_score
 omi-1.txt  deviation  None              1.5     False   0.741667 1.000000  0.851675
omi-10.txt  deviation  None              4.0     False   0.444444 0.983607  0.612245
omi-11.txt  deviation  None              1.5     False   0.343373 0.982759  0.508929
omi-12.txt  deviation  None              7.0     False   0.612903 0.950000  0.745098
 omi-2.txt  deviation  None              6.0     False   0.455882 1.000000  0.626263
 omi-3.txt  deviation  None              2.5     False   0.773810 0.833333  0.802469
 omi-4.txt  deviation  None              4.5     False   0.795181 0.985075  0.880000
 omi-5.txt  deviation  None              4.5     False   0.453704 1.000000  0.624204
 omi-6.txt  deviation  None              6.5     False   0.254438 0.977273  0.403756
 omi-7.txt  deviation  None              1.5     False   0.826087 0.974359  0.894118
 omi-8.txt  deviation  None              4.0     False   0.353659 0.935484  0.513274
 omi-9.txt  deviation  None              4.0     False   0.496183 0.915493  0.643564
2025-04-15 23:32:23,567 - INFO - 
===== Overall Metrics =====
Precision: 0.4787  Recall: 0.9585  F1: 0.6385

log\use_topkFalse\omi\mean_ratio\mean_ratio_2025-04-15.log
===== Best Results per Dataset =====
   dataset score_mode top_k  score_threshold  use_topk  precision   recall  f1_score
 omi-1.txt mean_ratio  None              1.5     False   0.741667 1.000000  0.851675
omi-10.txt mean_ratio  None              4.0     False   0.444444 0.983607  0.612245
omi-11.txt mean_ratio  None              1.5     False   0.343373 0.982759  0.508929
omi-12.txt mean_ratio  None              6.0     False   0.655172 0.950000  0.775510
 omi-2.txt mean_ratio  None              7.0     False   0.455882 1.000000  0.626263
 omi-3.txt mean_ratio  None              2.5     False   0.773810 0.833333  0.802469
 omi-4.txt mean_ratio  None              7.0     False   0.804878 0.985075  0.885906
 omi-5.txt mean_ratio  None              6.0     False   0.462264 1.000000  0.632258
 omi-6.txt mean_ratio  None              6.5     False   0.254438 0.977273  0.403756
 omi-7.txt mean_ratio  None              7.0     False   0.844444 0.974359  0.904762
 omi-8.txt mean_ratio  None              4.0     False   0.353659 0.935484  0.513274
 omi-9.txt mean_ratio  None              2.0     False   0.496183 0.915493  0.643564
2025-04-15 23:34:52,860 - INFO - 
===== Overall Metrics =====
Precision: 0.4823  Recall: 0.9585  F1: 0.6417


log\use_topkFalse\omi\range_ratio\range_ratio_2025-04-15.log
===== Best Results per Dataset =====
   dataset  score_mode top_k  score_threshold  use_topk  precision   recall  f1_score
 omi-1.txt range_ratio  None              1.5     False   0.741667 1.000000  0.851675
omi-10.txt range_ratio  None              7.0     False   0.447761 0.983607  0.615385
omi-11.txt range_ratio  None              1.5     False   0.343373 0.982759  0.508929
omi-12.txt range_ratio  None              5.5     False   0.622951 0.950000  0.752475
 omi-2.txt range_ratio  None              7.0     False   0.455882 1.000000  0.626263
 omi-3.txt range_ratio  None              6.0     False   0.792683 0.833333  0.812500
 omi-4.txt range_ratio  None              7.0     False   0.804878 0.985075  0.885906
 omi-5.txt range_ratio  None              2.0     False   0.457944 1.000000  0.628205
 omi-6.txt range_ratio  None              6.5     False   0.259036 0.977273  0.409524
 omi-7.txt range_ratio  None              2.5     False   0.844444 0.974359  0.904762
 omi-8.txt range_ratio  None              6.5     False   0.358025 0.935484  0.517857
 omi-9.txt range_ratio  None              2.0     False   0.496183 0.915493  0.643564
2025-04-15 23:37:21,967 - INFO - 
===== Overall Metrics =====
Precision: 0.4835  Recall: 0.9585  F1: 0.6427

log\use_topkFalse\omi\robust_zscore\robust_zscore_2025-04-15.log
===== Best Results per Dataset =====
   dataset    score_mode top_k  score_threshold  use_topk  precision   recall  f1_score
 omi-1.txt robust_zscore  None              1.5     False   0.741667 1.000000  0.851675
omi-10.txt robust_zscore  None              4.0     False   0.444444 0.983607  0.612245
omi-11.txt robust_zscore  None              1.5     False   0.343373 0.982759  0.508929
omi-12.txt robust_zscore  None              7.0     False   0.612903 0.950000  0.745098
 omi-2.txt robust_zscore  None              6.0     False   0.455882 1.000000  0.626263
 omi-3.txt robust_zscore  None              2.5     False   0.773810 0.833333  0.802469
 omi-4.txt robust_zscore  None              4.5     False   0.795181 0.985075  0.880000
 omi-5.txt robust_zscore  None              4.5     False   0.453704 1.000000  0.624204
 omi-6.txt robust_zscore  None              6.5     False   0.254438 0.977273  0.403756
 omi-7.txt robust_zscore  None              1.5     False   0.826087 0.974359  0.894118
 omi-8.txt robust_zscore  None              4.0     False   0.353659 0.935484  0.513274
 omi-9.txt robust_zscore  None              4.0     False   0.496183 0.915493  0.643564
2025-04-15 23:42:20,314 - INFO - 
===== Overall Metrics =====
Precision: 0.4787  Recall: 0.9585  F1: 0.6385


log\use_topkFalse\omi\strict_deviation\strict_deviation_2025-04-15.log
===== Best Results per Dataset =====
   dataset       score_mode top_k  score_threshold  use_topk  precision   recall  f1_score
 omi-1.txt strict_deviation  None              1.5     False   0.741667 1.000000  0.851675
omi-10.txt strict_deviation  None              4.0     False   0.444444 0.983607  0.612245
omi-11.txt strict_deviation  None              1.5     False   0.343373 0.982759  0.508929
omi-12.txt strict_deviation  None              7.0     False   0.612903 0.950000  0.745098
 omi-2.txt strict_deviation  None              6.0     False   0.455882 1.000000  0.626263
 omi-3.txt strict_deviation  None              2.5     False   0.773810 0.833333  0.802469
 omi-4.txt strict_deviation  None              4.5     False   0.795181 0.985075  0.880000
 omi-5.txt strict_deviation  None              4.5     False   0.453704 1.000000  0.624204
 omi-6.txt strict_deviation  None              6.5     False   0.254438 0.977273  0.403756
 omi-7.txt strict_deviation  None              7.0     False   0.844444 0.974359  0.904762
 omi-8.txt strict_deviation  None              4.0     False   0.353659 0.935484  0.513274
 omi-9.txt strict_deviation  None              4.0     False   0.496183 0.915493  0.643564
2025-04-15 23:29:53,242 - INFO - 
===== Overall Metrics =====
Precision: 0.4792  Recall: 0.9585  F1: 0.6390

log\use_topkFalse\omi\value_times_range\value_times_range_2025-04-15.log
===== Best Results per Dataset =====
   dataset        score_mode top_k  score_threshold  use_topk  precision   recall  f1_score
 omi-1.txt value_times_range  None              1.5     False   0.741667 1.000000  0.851675
omi-10.txt value_times_range  None              7.0     False   0.479675 0.967213  0.641304
omi-11.txt value_times_range  None              4.5     False   0.343373 0.982759  0.508929
omi-12.txt value_times_range  None              7.0     False   0.655172 0.950000  0.775510
 omi-2.txt value_times_range  None              5.5     False   0.455882 1.000000  0.626263
 omi-3.txt value_times_range  None              7.0     False   0.800000 0.820513  0.810127
 omi-4.txt value_times_range  None              6.5     False   0.814815 0.985075  0.891892
 omi-5.txt value_times_range  None              5.5     False   0.484536 0.959184  0.643836
 omi-6.txt value_times_range  None              7.0     False   0.265432 0.977273  0.417476
 omi-7.txt value_times_range  None              1.5     False   0.844444 0.974359  0.904762
 omi-8.txt value_times_range  None              5.0     False   0.358025 0.935484  0.517857
 omi-9.txt value_times_range  None              7.0     False   0.496183 0.915493  0.643564
2025-04-15 23:39:51,121 - INFO - 
===== Overall Metrics =====
Precision: 0.4926  Recall: 0.9531  F1: 0.6495