2025-04-16 23:15:55,547 - INFO - 
 Starting experiment with config: ExperimentConfig(dataset='omi', window_size=5, score_thresholds=array([0. , 0.5, 1. , 1.5, 2. , 2.5, 3. , 3.5, 4. , 4.5, 5. , 5.5, 6. ,
       6.5, 7. ]), topk_range=range(1, 10), corr_threshold_range=array([0. , 0. , 0.1, 0.2, 0.2, 0.2, 0.3, 0.4, 0.4, 0.4, 0.5, 0.6, 0.6,
       0.6]), neighbor_selection='all', score_modes=['range_ratio'], data_dir='./data/processed', label_dir='./data/interpretation_label', log_dir='./log/omi/neighbor_all', visual_dir='./visual/omi/neighbor_all', num_workers=36, gif_duration=500)
2025-04-16 23:15:55,547 - INFO - 当前评分模式: ['range_ratio']
2025-04-16 23:15:55,547 - INFO - 
==================================================
2025-04-16 23:15:55,547 - INFO - 开始执行网格搜索...
2025-04-16 23:15:55,548 - INFO - [omi-12] Starting grid search...
2025-04-16 23:15:58,414 - INFO - [omi-12.txt] mode=range_ratio, all=None, threshold=0.0, P=0.6129, R=0.9500, F1=0.7451
2025-04-16 23:15:58,415 - INFO - [omi-12.txt] mode=range_ratio, all=None, threshold=0.5, P=0.6129, R=0.9500, F1=0.7451
2025-04-16 23:15:58,426 - INFO - [omi-12.txt] mode=range_ratio, all=None, threshold=1.0, P=0.6129, R=0.9500, F1=0.7451
2025-04-16 23:15:58,426 - INFO - [omi-12.txt] mode=range_ratio, all=None, threshold=1.5, P=0.6491, R=0.9250, F1=0.7629
2025-04-16 23:15:58,434 - INFO - [omi-12.txt] mode=range_ratio, all=None, threshold=2.0, P=0.6491, R=0.9250, F1=0.7629
2025-04-16 23:15:58,434 - INFO - [omi-12.txt] mode=range_ratio, all=None, threshold=2.5, P=0.6491, R=0.9250, F1=0.7629
2025-04-16 23:15:58,434 - INFO - [omi-12.txt] mode=range_ratio, all=None, threshold=3.0, P=0.6491, R=0.9250, F1=0.7629
2025-04-16 23:15:58,434 - INFO - [omi-12.txt] mode=range_ratio, all=None, threshold=3.5, P=0.6491, R=0.9250, F1=0.7629
2025-04-16 23:15:58,441 - INFO - [omi-12.txt] mode=range_ratio, all=None, threshold=4.0, P=0.6491, R=0.9250, F1=0.7629
2025-04-16 23:15:58,441 - INFO - [omi-12.txt] mode=range_ratio, all=None, threshold=4.5, P=0.6491, R=0.9250, F1=0.7629
2025-04-16 23:15:58,441 - INFO - [omi-12.txt] mode=range_ratio, all=None, threshold=5.0, P=0.6491, R=0.9250, F1=0.7629
2025-04-16 23:15:58,468 - INFO - [omi-12.txt] mode=range_ratio, all=None, threshold=5.5, P=0.6491, R=0.9250, F1=0.7629
2025-04-16 23:15:58,775 - INFO - [omi-12.txt] mode=range_ratio, all=None, threshold=6.0, P=0.6491, R=0.9250, F1=0.7629
2025-04-16 23:15:58,775 - INFO - [omi-12.txt] mode=range_ratio, all=None, threshold=6.5, P=0.6491, R=0.9250, F1=0.7629
2025-04-16 23:15:58,776 - INFO - [omi-12.txt] mode=range_ratio, all=None, threshold=7.0, P=0.6607, R=0.9250, F1=0.7708
2025-04-16 23:15:58,818 - INFO - [omi-1] Starting grid search...
2025-04-16 23:16:02,667 - INFO - [omi-1.txt] mode=range_ratio, all=None, threshold=0.0, P=0.7395, R=0.9888, F1=0.8462
2025-04-16 23:16:02,669 - INFO - [omi-1.txt] mode=range_ratio, all=None, threshold=0.5, P=0.7373, R=0.9775, F1=0.8406
2025-04-16 23:16:02,670 - INFO - [omi-1.txt] mode=range_ratio, all=None, threshold=1.0, P=0.7373, R=0.9775, F1=0.8406
2025-04-16 23:16:02,670 - INFO - [omi-1.txt] mode=range_ratio, all=None, threshold=1.5, P=0.7207, R=0.8989, F1=0.8000
2025-04-16 23:16:02,670 - INFO - [omi-1.txt] mode=range_ratio, all=None, threshold=2.0, P=0.7130, R=0.8652, F1=0.7817
2025-04-16 23:16:02,670 - INFO - [omi-1.txt] mode=range_ratio, all=None, threshold=2.5, P=0.7130, R=0.8652, F1=0.7817
2025-04-16 23:16:02,687 - INFO - [omi-1.txt] mode=range_ratio, all=None, threshold=3.0, P=0.7130, R=0.8652, F1=0.7817
2025-04-16 23:16:02,693 - INFO - [omi-1.txt] mode=range_ratio, all=None, threshold=3.5, P=0.7196, R=0.8652, F1=0.7857
2025-04-16 23:16:02,725 - INFO - [omi-1.txt] mode=range_ratio, all=None, threshold=4.0, P=0.7196, R=0.8652, F1=0.7857
2025-04-16 23:16:03,182 - INFO - [omi-1.txt] mode=range_ratio, all=None, threshold=4.5, P=0.7196, R=0.8652, F1=0.7857
2025-04-16 23:16:03,183 - INFO - [omi-1.txt] mode=range_ratio, all=None, threshold=5.0, P=0.7264, R=0.8652, F1=0.7897
2025-04-16 23:16:03,183 - INFO - [omi-1.txt] mode=range_ratio, all=None, threshold=5.5, P=0.7264, R=0.8652, F1=0.7897
2025-04-16 23:16:03,183 - INFO - [omi-1.txt] mode=range_ratio, all=None, threshold=6.0, P=0.7264, R=0.8652, F1=0.7897
2025-04-16 23:16:03,183 - INFO - [omi-1.txt] mode=range_ratio, all=None, threshold=6.5, P=0.7264, R=0.8652, F1=0.7897
2025-04-16 23:16:03,183 - INFO - [omi-1.txt] mode=range_ratio, all=None, threshold=7.0, P=0.7238, R=0.8539, F1=0.7835
2025-04-16 23:16:03,232 - INFO - [omi-5] Starting grid search...
2025-04-16 23:16:07,215 - INFO - [omi-5.txt] mode=range_ratio, all=None, threshold=0.0, P=0.4757, R=1.0000, F1=0.6447
2025-04-16 23:16:07,216 - INFO - [omi-5.txt] mode=range_ratio, all=None, threshold=0.5, P=0.4706, R=0.9796, F1=0.6358
2025-04-16 23:16:07,216 - INFO - [omi-5.txt] mode=range_ratio, all=None, threshold=1.0, P=0.4706, R=0.9796, F1=0.6358
2025-04-16 23:16:07,216 - INFO - [omi-5.txt] mode=range_ratio, all=None, threshold=1.5, P=0.4700, R=0.9592, F1=0.6309
2025-04-16 23:16:07,239 - INFO - [omi-5.txt] mode=range_ratio, all=None, threshold=2.0, P=0.4583, R=0.8980, F1=0.6069
2025-04-16 23:16:07,240 - INFO - [omi-5.txt] mode=range_ratio, all=None, threshold=2.5, P=0.4681, R=0.8980, F1=0.6154
2025-04-16 23:16:07,441 - INFO - [omi-5.txt] mode=range_ratio, all=None, threshold=3.0, P=0.4674, R=0.8776, F1=0.6099
2025-04-16 23:16:07,442 - INFO - [omi-5.txt] mode=range_ratio, all=None, threshold=3.5, P=0.4767, R=0.8367, F1=0.6074
2025-04-16 23:16:07,578 - INFO - [omi-5.txt] mode=range_ratio, all=None, threshold=4.0, P=0.4691, R=0.7755, F1=0.5846
2025-04-16 23:16:07,578 - INFO - [omi-5.txt] mode=range_ratio, all=None, threshold=4.5, P=0.4872, R=0.7755, F1=0.5984
2025-04-16 23:16:07,579 - INFO - [omi-5.txt] mode=range_ratio, all=None, threshold=5.0, P=0.4935, R=0.7755, F1=0.6032
2025-04-16 23:16:07,579 - INFO - [omi-5.txt] mode=range_ratio, all=None, threshold=5.5, P=0.4933, R=0.7551, F1=0.5968
2025-04-16 23:16:07,579 - INFO - [omi-5.txt] mode=range_ratio, all=None, threshold=6.0, P=0.4933, R=0.7551, F1=0.5968
2025-04-16 23:16:07,579 - INFO - [omi-5.txt] mode=range_ratio, all=None, threshold=6.5, P=0.5000, R=0.7347, F1=0.5950
2025-04-16 23:16:07,579 - INFO - [omi-5.txt] mode=range_ratio, all=None, threshold=7.0, P=0.4857, R=0.6939, F1=0.5714
2025-04-16 23:16:07,631 - INFO - [omi-6] Starting grid search...
2025-04-16 23:16:11,313 - INFO - [omi-6.txt] mode=range_ratio, all=None, threshold=0.0, P=0.2606, R=0.9773, F1=0.4115
2025-04-16 23:16:11,416 - INFO - [omi-6.txt] mode=range_ratio, all=None, threshold=0.5, P=0.2606, R=0.9773, F1=0.4115
2025-04-16 23:16:11,416 - INFO - [omi-6.txt] mode=range_ratio, all=None, threshold=1.0, P=0.2622, R=0.9773, F1=0.4135
2025-04-16 23:16:11,417 - INFO - [omi-6.txt] mode=range_ratio, all=None, threshold=1.5, P=0.2638, R=0.9773, F1=0.4155
2025-04-16 23:16:11,758 - INFO - [omi-6.txt] mode=range_ratio, all=None, threshold=2.0, P=0.2704, R=0.9773, F1=0.4236
2025-04-16 23:16:11,759 - INFO - [omi-6.txt] mode=range_ratio, all=None, threshold=2.5, P=0.2614, R=0.9091, F1=0.4061
2025-04-16 23:16:11,759 - INFO - [omi-6.txt] mode=range_ratio, all=None, threshold=3.0, P=0.2632, R=0.9091, F1=0.4082
2025-04-16 23:16:11,759 - INFO - [omi-6.txt] mode=range_ratio, all=None, threshold=3.5, P=0.2600, R=0.8864, F1=0.4021
2025-04-16 23:16:11,759 - INFO - [omi-6.txt] mode=range_ratio, all=None, threshold=4.0, P=0.2600, R=0.8864, F1=0.4021
2025-04-16 23:16:11,759 - INFO - [omi-6.txt] mode=range_ratio, all=None, threshold=4.5, P=0.2550, R=0.8636, F1=0.3938
2025-04-16 23:16:11,760 - INFO - [omi-6.txt] mode=range_ratio, all=None, threshold=5.0, P=0.2568, R=0.8636, F1=0.3958
2025-04-16 23:16:11,760 - INFO - [omi-6.txt] mode=range_ratio, all=None, threshold=5.5, P=0.2603, R=0.8636, F1=0.4000
2025-04-16 23:16:11,760 - INFO - [omi-6.txt] mode=range_ratio, all=None, threshold=6.0, P=0.2621, R=0.8636, F1=0.4021
2025-04-16 23:16:11,760 - INFO - [omi-6.txt] mode=range_ratio, all=None, threshold=6.5, P=0.2587, R=0.8409, F1=0.3957
2025-04-16 23:16:11,760 - INFO - [omi-6.txt] mode=range_ratio, all=None, threshold=7.0, P=0.2535, R=0.8182, F1=0.3871
2025-04-16 23:16:11,810 - INFO - [omi-7] Starting grid search...
2025-04-16 23:16:15,459 - INFO - [omi-7.txt] mode=range_ratio, all=None, threshold=0.0, P=0.9048, R=0.9744, F1=0.9383
2025-04-16 23:16:15,460 - INFO - [omi-7.txt] mode=range_ratio, all=None, threshold=0.5, P=0.9048, R=0.9744, F1=0.9383
2025-04-16 23:16:15,460 - INFO - [omi-7.txt] mode=range_ratio, all=None, threshold=1.0, P=0.9048, R=0.9744, F1=0.9383
2025-04-16 23:16:15,460 - INFO - [omi-7.txt] mode=range_ratio, all=None, threshold=1.5, P=0.9048, R=0.9744, F1=0.9383
2025-04-16 23:16:15,460 - INFO - [omi-7.txt] mode=range_ratio, all=None, threshold=2.0, P=0.9048, R=0.9744, F1=0.9383
2025-04-16 23:16:15,460 - INFO - [omi-7.txt] mode=range_ratio, all=None, threshold=2.5, P=0.9048, R=0.9744, F1=0.9383
2025-04-16 23:16:15,461 - INFO - [omi-7.txt] mode=range_ratio, all=None, threshold=3.0, P=0.9048, R=0.9744, F1=0.9383
2025-04-16 23:16:15,461 - INFO - [omi-7.txt] mode=range_ratio, all=None, threshold=3.5, P=0.9048, R=0.9744, F1=0.9383
2025-04-16 23:16:15,675 - INFO - [omi-7.txt] mode=range_ratio, all=None, threshold=4.0, P=0.9048, R=0.9744, F1=0.9383
2025-04-16 23:16:15,676 - INFO - [omi-7.txt] mode=range_ratio, all=None, threshold=4.5, P=0.9048, R=0.9744, F1=0.9383
2025-04-16 23:16:15,676 - INFO - [omi-7.txt] mode=range_ratio, all=None, threshold=5.0, P=0.9048, R=0.9744, F1=0.9383
2025-04-16 23:16:15,676 - INFO - [omi-7.txt] mode=range_ratio, all=None, threshold=5.5, P=0.9048, R=0.9744, F1=0.9383
2025-04-16 23:16:15,677 - INFO - [omi-7.txt] mode=range_ratio, all=None, threshold=6.0, P=0.9048, R=0.9744, F1=0.9383
2025-04-16 23:16:15,677 - INFO - [omi-7.txt] mode=range_ratio, all=None, threshold=6.5, P=0.9048, R=0.9744, F1=0.9383
2025-04-16 23:16:15,677 - INFO - [omi-7.txt] mode=range_ratio, all=None, threshold=7.0, P=0.9048, R=0.9744, F1=0.9383
2025-04-16 23:16:15,721 - INFO - [omi-9] Starting grid search...
2025-04-16 23:16:19,429 - INFO - [omi-9.txt] mode=range_ratio, all=None, threshold=0.0, P=0.4962, R=0.9155, F1=0.6436
2025-04-16 23:16:19,431 - INFO - [omi-9.txt] mode=range_ratio, all=None, threshold=0.5, P=0.4962, R=0.9155, F1=0.6436
2025-04-16 23:16:19,432 - INFO - [omi-9.txt] mode=range_ratio, all=None, threshold=1.0, P=0.4962, R=0.9155, F1=0.6436
2025-04-16 23:16:19,432 - INFO - [omi-9.txt] mode=range_ratio, all=None, threshold=1.5, P=0.4962, R=0.9155, F1=0.6436
2025-04-16 23:16:19,432 - INFO - [omi-9.txt] mode=range_ratio, all=None, threshold=2.0, P=0.4962, R=0.9155, F1=0.6436
2025-04-16 23:16:19,432 - INFO - [omi-9.txt] mode=range_ratio, all=None, threshold=2.5, P=0.4962, R=0.9155, F1=0.6436
2025-04-16 23:16:19,432 - INFO - [omi-9.txt] mode=range_ratio, all=None, threshold=3.0, P=0.4962, R=0.9155, F1=0.6436
2025-04-16 23:16:19,433 - INFO - [omi-9.txt] mode=range_ratio, all=None, threshold=3.5, P=0.4962, R=0.9155, F1=0.6436
2025-04-16 23:16:19,433 - INFO - [omi-9.txt] mode=range_ratio, all=None, threshold=4.0, P=0.4962, R=0.9155, F1=0.6436
2025-04-16 23:16:19,433 - INFO - [omi-9.txt] mode=range_ratio, all=None, threshold=4.5, P=0.4962, R=0.9155, F1=0.6436
2025-04-16 23:16:19,433 - INFO - [omi-9.txt] mode=range_ratio, all=None, threshold=5.0, P=0.4962, R=0.9155, F1=0.6436
2025-04-16 23:16:19,500 - INFO - [omi-9.txt] mode=range_ratio, all=None, threshold=5.5, P=0.4962, R=0.9155, F1=0.6436
2025-04-16 23:16:19,500 - INFO - [omi-9.txt] mode=range_ratio, all=None, threshold=6.0, P=0.4962, R=0.9155, F1=0.6436
2025-04-16 23:16:19,500 - INFO - [omi-9.txt] mode=range_ratio, all=None, threshold=6.5, P=0.4962, R=0.9155, F1=0.6436
2025-04-16 23:16:19,501 - INFO - [omi-9.txt] mode=range_ratio, all=None, threshold=7.0, P=0.4962, R=0.9155, F1=0.6436
2025-04-16 23:16:19,545 - INFO - [omi-8] Starting grid search...
2025-04-16 23:16:23,264 - INFO - [omi-8.txt] mode=range_ratio, all=None, threshold=0.0, P=0.3580, R=0.9355, F1=0.5179
2025-04-16 23:16:23,265 - INFO - [omi-8.txt] mode=range_ratio, all=None, threshold=0.5, P=0.3580, R=0.9355, F1=0.5179
2025-04-16 23:16:23,265 - INFO - [omi-8.txt] mode=range_ratio, all=None, threshold=1.0, P=0.3580, R=0.9355, F1=0.5179
2025-04-16 23:16:23,265 - INFO - [omi-8.txt] mode=range_ratio, all=None, threshold=1.5, P=0.3580, R=0.9355, F1=0.5179
2025-04-16 23:16:23,265 - INFO - [omi-8.txt] mode=range_ratio, all=None, threshold=2.0, P=0.3580, R=0.9355, F1=0.5179
2025-04-16 23:16:23,265 - INFO - [omi-8.txt] mode=range_ratio, all=None, threshold=2.5, P=0.3580, R=0.9355, F1=0.5179
2025-04-16 23:16:23,340 - INFO - [omi-8.txt] mode=range_ratio, all=None, threshold=3.0, P=0.3580, R=0.9355, F1=0.5179
2025-04-16 23:16:23,340 - INFO - [omi-8.txt] mode=range_ratio, all=None, threshold=3.5, P=0.3500, R=0.9032, F1=0.5045
2025-04-16 23:16:23,340 - INFO - [omi-8.txt] mode=range_ratio, all=None, threshold=4.0, P=0.3500, R=0.9032, F1=0.5045
2025-04-16 23:16:23,340 - INFO - [omi-8.txt] mode=range_ratio, all=None, threshold=4.5, P=0.3500, R=0.9032, F1=0.5045
2025-04-16 23:16:23,340 - INFO - [omi-8.txt] mode=range_ratio, all=None, threshold=5.0, P=0.3590, R=0.9032, F1=0.5138
2025-04-16 23:16:23,341 - INFO - [omi-8.txt] mode=range_ratio, all=None, threshold=5.5, P=0.3636, R=0.9032, F1=0.5185
2025-04-16 23:16:23,341 - INFO - [omi-8.txt] mode=range_ratio, all=None, threshold=6.0, P=0.3684, R=0.9032, F1=0.5234
2025-04-16 23:16:23,341 - INFO - [omi-8.txt] mode=range_ratio, all=None, threshold=6.5, P=0.3889, R=0.9032, F1=0.5437
2025-04-16 23:16:23,341 - INFO - [omi-8.txt] mode=range_ratio, all=None, threshold=7.0, P=0.3889, R=0.9032, F1=0.5437
2025-04-16 23:16:23,389 - INFO - [omi-2] Starting grid search...
2025-04-16 23:16:27,117 - INFO - [omi-2.txt] mode=range_ratio, all=None, threshold=0.0, P=0.4559, R=1.0000, F1=0.6263
2025-04-16 23:16:27,119 - INFO - [omi-2.txt] mode=range_ratio, all=None, threshold=0.5, P=0.4559, R=1.0000, F1=0.6263
2025-04-16 23:16:27,134 - INFO - [omi-2.txt] mode=range_ratio, all=None, threshold=1.0, P=0.4559, R=1.0000, F1=0.6263
2025-04-16 23:16:27,134 - INFO - [omi-2.txt] mode=range_ratio, all=None, threshold=1.5, P=0.4559, R=1.0000, F1=0.6263
2025-04-16 23:16:27,134 - INFO - [omi-2.txt] mode=range_ratio, all=None, threshold=2.0, P=0.4559, R=1.0000, F1=0.6263
2025-04-16 23:16:27,134 - INFO - [omi-2.txt] mode=range_ratio, all=None, threshold=2.5, P=0.4769, R=1.0000, F1=0.6458
2025-04-16 23:16:27,186 - INFO - [omi-2.txt] mode=range_ratio, all=None, threshold=3.0, P=0.4844, R=1.0000, F1=0.6526
2025-04-16 23:16:27,330 - INFO - [omi-2.txt] mode=range_ratio, all=None, threshold=3.5, P=0.5167, R=1.0000, F1=0.6813
2025-04-16 23:16:27,331 - INFO - [omi-2.txt] mode=range_ratio, all=None, threshold=4.0, P=0.5345, R=1.0000, F1=0.6966
2025-04-16 23:16:27,331 - INFO - [omi-2.txt] mode=range_ratio, all=None, threshold=4.5, P=0.5636, R=1.0000, F1=0.7209
2025-04-16 23:16:27,331 - INFO - [omi-2.txt] mode=range_ratio, all=None, threshold=5.0, P=0.5636, R=1.0000, F1=0.7209
2025-04-16 23:16:27,331 - INFO - [omi-2.txt] mode=range_ratio, all=None, threshold=5.5, P=0.5741, R=1.0000, F1=0.7294
2025-04-16 23:16:27,331 - INFO - [omi-2.txt] mode=range_ratio, all=None, threshold=6.0, P=0.5769, R=0.9677, F1=0.7229
2025-04-16 23:16:27,331 - INFO - [omi-2.txt] mode=range_ratio, all=None, threshold=6.5, P=0.6122, R=0.9677, F1=0.7500
2025-04-16 23:16:27,332 - INFO - [omi-2.txt] mode=range_ratio, all=None, threshold=7.0, P=0.6122, R=0.9677, F1=0.7500
2025-04-16 23:16:27,378 - INFO - [omi-11] Starting grid search...
2025-04-16 23:16:31,289 - INFO - [omi-11.txt] mode=range_ratio, all=None, threshold=0.0, P=0.3434, R=0.9828, F1=0.5089
2025-04-16 23:16:31,305 - INFO - [omi-11.txt] mode=range_ratio, all=None, threshold=0.5, P=0.3434, R=0.9828, F1=0.5089
2025-04-16 23:16:31,305 - INFO - [omi-11.txt] mode=range_ratio, all=None, threshold=1.0, P=0.3434, R=0.9828, F1=0.5089
2025-04-16 23:16:31,377 - INFO - [omi-11.txt] mode=range_ratio, all=None, threshold=1.5, P=0.3434, R=0.9828, F1=0.5089
2025-04-16 23:16:31,377 - INFO - [omi-11.txt] mode=range_ratio, all=None, threshold=2.0, P=0.3434, R=0.9828, F1=0.5089
2025-04-16 23:16:31,377 - INFO - [omi-11.txt] mode=range_ratio, all=None, threshold=2.5, P=0.3434, R=0.9828, F1=0.5089
2025-04-16 23:16:31,378 - INFO - [omi-11.txt] mode=range_ratio, all=None, threshold=3.0, P=0.3434, R=0.9828, F1=0.5089
2025-04-16 23:16:31,378 - INFO - [omi-11.txt] mode=range_ratio, all=None, threshold=3.5, P=0.3434, R=0.9828, F1=0.5089
2025-04-16 23:16:31,378 - INFO - [omi-11.txt] mode=range_ratio, all=None, threshold=4.0, P=0.3434, R=0.9828, F1=0.5089
2025-04-16 23:16:31,378 - INFO - [omi-11.txt] mode=range_ratio, all=None, threshold=4.5, P=0.3434, R=0.9828, F1=0.5089
2025-04-16 23:16:31,378 - INFO - [omi-11.txt] mode=range_ratio, all=None, threshold=5.0, P=0.3434, R=0.9828, F1=0.5089
2025-04-16 23:16:31,378 - INFO - [omi-11.txt] mode=range_ratio, all=None, threshold=5.5, P=0.3434, R=0.9828, F1=0.5089
2025-04-16 23:16:31,378 - INFO - [omi-11.txt] mode=range_ratio, all=None, threshold=6.0, P=0.3455, R=0.9828, F1=0.5112
2025-04-16 23:16:31,378 - INFO - [omi-11.txt] mode=range_ratio, all=None, threshold=6.5, P=0.3497, R=0.9828, F1=0.5158
2025-04-16 23:16:31,394 - INFO - [omi-11.txt] mode=range_ratio, all=None, threshold=7.0, P=0.3497, R=0.9828, F1=0.5158
2025-04-16 23:16:31,444 - INFO - [omi-10] Starting grid search...
2025-04-16 23:16:35,505 - INFO - [omi-10.txt] mode=range_ratio, all=None, threshold=0.0, P=0.4688, R=0.9836, F1=0.6349
2025-04-16 23:16:35,506 - INFO - [omi-10.txt] mode=range_ratio, all=None, threshold=0.5, P=0.4688, R=0.9836, F1=0.6349
2025-04-16 23:16:35,507 - INFO - [omi-10.txt] mode=range_ratio, all=None, threshold=1.0, P=0.4688, R=0.9836, F1=0.6349
2025-04-16 23:16:35,507 - INFO - [omi-10.txt] mode=range_ratio, all=None, threshold=1.5, P=0.4836, R=0.9672, F1=0.6448
2025-04-16 23:16:35,507 - INFO - [omi-10.txt] mode=range_ratio, all=None, threshold=2.0, P=0.4836, R=0.9672, F1=0.6448
2025-04-16 23:16:35,507 - INFO - [omi-10.txt] mode=range_ratio, all=None, threshold=2.5, P=0.4917, R=0.9672, F1=0.6519
2025-04-16 23:16:35,507 - INFO - [omi-10.txt] mode=range_ratio, all=None, threshold=3.0, P=0.4917, R=0.9672, F1=0.6519
2025-04-16 23:16:35,507 - INFO - [omi-10.txt] mode=range_ratio, all=None, threshold=3.5, P=0.4958, R=0.9672, F1=0.6556
2025-04-16 23:16:35,507 - INFO - [omi-10.txt] mode=range_ratio, all=None, threshold=4.0, P=0.4958, R=0.9672, F1=0.6556
2025-04-16 23:16:35,507 - INFO - [omi-10.txt] mode=range_ratio, all=None, threshold=4.5, P=0.4958, R=0.9672, F1=0.6556
2025-04-16 23:16:35,507 - INFO - [omi-10.txt] mode=range_ratio, all=None, threshold=5.0, P=0.4958, R=0.9672, F1=0.6556
2025-04-16 23:16:35,507 - INFO - [omi-10.txt] mode=range_ratio, all=None, threshold=5.5, P=0.4958, R=0.9672, F1=0.6556
2025-04-16 23:16:35,507 - INFO - [omi-10.txt] mode=range_ratio, all=None, threshold=6.0, P=0.4958, R=0.9672, F1=0.6556
2025-04-16 23:16:35,917 - INFO - [omi-10.txt] mode=range_ratio, all=None, threshold=6.5, P=0.4958, R=0.9672, F1=0.6556
2025-04-16 23:16:35,917 - INFO - [omi-10.txt] mode=range_ratio, all=None, threshold=7.0, P=0.4958, R=0.9672, F1=0.6556
2025-04-16 23:16:35,969 - INFO - [omi-4] Starting grid search...
2025-04-16 23:16:39,482 - INFO - [omi-4.txt] mode=range_ratio, all=None, threshold=0.0, P=0.8250, R=0.9851, F1=0.8980
2025-04-16 23:16:39,759 - INFO - [omi-4.txt] mode=range_ratio, all=None, threshold=0.5, P=0.8250, R=0.9851, F1=0.8980
2025-04-16 23:16:39,760 - INFO - [omi-4.txt] mode=range_ratio, all=None, threshold=1.0, P=0.8250, R=0.9851, F1=0.8980
2025-04-16 23:16:39,807 - INFO - [omi-4.txt] mode=range_ratio, all=None, threshold=1.5, P=0.8462, R=0.9851, F1=0.9103
2025-04-16 23:16:39,807 - INFO - [omi-4.txt] mode=range_ratio, all=None, threshold=2.0, P=0.8462, R=0.9851, F1=0.9103
2025-04-16 23:16:39,807 - INFO - [omi-4.txt] mode=range_ratio, all=None, threshold=2.5, P=0.8442, R=0.9701, F1=0.9028
2025-04-16 23:16:39,808 - INFO - [omi-4.txt] mode=range_ratio, all=None, threshold=3.0, P=0.8442, R=0.9701, F1=0.9028
2025-04-16 23:16:39,808 - INFO - [omi-4.txt] mode=range_ratio, all=None, threshold=3.5, P=0.8442, R=0.9701, F1=0.9028
2025-04-16 23:16:39,808 - INFO - [omi-4.txt] mode=range_ratio, all=None, threshold=4.0, P=0.8553, R=0.9701, F1=0.9091
2025-04-16 23:16:39,808 - INFO - [omi-4.txt] mode=range_ratio, all=None, threshold=4.5, P=0.8533, R=0.9552, F1=0.9014
2025-04-16 23:16:39,808 - INFO - [omi-4.txt] mode=range_ratio, all=None, threshold=5.0, P=0.8533, R=0.9552, F1=0.9014
2025-04-16 23:16:39,808 - INFO - [omi-4.txt] mode=range_ratio, all=None, threshold=5.5, P=0.8514, R=0.9403, F1=0.8936
2025-04-16 23:16:39,808 - INFO - [omi-4.txt] mode=range_ratio, all=None, threshold=6.0, P=0.8514, R=0.9403, F1=0.8936
2025-04-16 23:16:39,808 - INFO - [omi-4.txt] mode=range_ratio, all=None, threshold=6.5, P=0.8514, R=0.9403, F1=0.8936
2025-04-16 23:16:39,808 - INFO - [omi-4.txt] mode=range_ratio, all=None, threshold=7.0, P=0.8493, R=0.9254, F1=0.8857
2025-04-16 23:16:39,853 - INFO - [omi-3] Starting grid search...
2025-04-16 23:16:43,387 - INFO - [omi-3.txt] mode=range_ratio, all=None, threshold=0.0, P=0.8025, R=0.8333, F1=0.8176
2025-04-16 23:16:43,396 - INFO - [omi-3.txt] mode=range_ratio, all=None, threshold=0.5, P=0.8025, R=0.8333, F1=0.8176
2025-04-16 23:16:43,509 - INFO - [omi-3.txt] mode=range_ratio, all=None, threshold=1.0, P=0.8025, R=0.8333, F1=0.8176
2025-04-16 23:16:43,510 - INFO - [omi-3.txt] mode=range_ratio, all=None, threshold=1.5, P=0.8228, R=0.8333, F1=0.8280
2025-04-16 23:16:43,510 - INFO - [omi-3.txt] mode=range_ratio, all=None, threshold=2.0, P=0.8228, R=0.8333, F1=0.8280
2025-04-16 23:16:43,510 - INFO - [omi-3.txt] mode=range_ratio, all=None, threshold=2.5, P=0.8442, R=0.8333, F1=0.8387
2025-04-16 23:16:43,510 - INFO - [omi-3.txt] mode=range_ratio, all=None, threshold=3.0, P=0.8421, R=0.8205, F1=0.8312
2025-04-16 23:16:43,510 - INFO - [omi-3.txt] mode=range_ratio, all=None, threshold=3.5, P=0.8421, R=0.8205, F1=0.8312
2025-04-16 23:16:43,511 - INFO - [omi-3.txt] mode=range_ratio, all=None, threshold=4.0, P=0.8286, R=0.7436, F1=0.7838
2025-04-16 23:16:43,511 - INFO - [omi-3.txt] mode=range_ratio, all=None, threshold=4.5, P=0.8261, R=0.7308, F1=0.7755
2025-04-16 23:16:43,511 - INFO - [omi-3.txt] mode=range_ratio, all=None, threshold=5.0, P=0.8235, R=0.7179, F1=0.7671
2025-04-16 23:16:43,931 - INFO - [omi-3.txt] mode=range_ratio, all=None, threshold=5.5, P=0.8182, R=0.6923, F1=0.7500
2025-04-16 23:16:43,932 - INFO - [omi-3.txt] mode=range_ratio, all=None, threshold=6.0, P=0.8182, R=0.6923, F1=0.7500
2025-04-16 23:16:43,932 - INFO - [omi-3.txt] mode=range_ratio, all=None, threshold=6.5, P=0.8182, R=0.6923, F1=0.7500
2025-04-16 23:16:43,932 - INFO - [omi-3.txt] mode=range_ratio, all=None, threshold=7.0, P=0.8182, R=0.6923, F1=0.7500
2025-04-16 23:16:43,979 - INFO - 
==================================================
2025-04-16 23:16:43,979 - INFO - 开始汇总结果...
2025-04-16 23:16:43,988 - INFO - 
===== Best Results per Dataset =====
   dataset  score_mode neighbor_param  score_threshold neighbor_selection  precision   recall  f1_score
 omi-1.txt range_ratio           None              0.0                all   0.739496 0.988764  0.846154
omi-10.txt range_ratio           None              6.0                all   0.495798 0.967213  0.655556
omi-11.txt range_ratio           None              7.0                all   0.349693 0.982759  0.515837
omi-12.txt range_ratio           None              7.0                all   0.660714 0.925000  0.770833
 omi-2.txt range_ratio           None              6.5                all   0.612245 0.967742  0.750000
 omi-3.txt range_ratio           None              2.5                all   0.844156 0.833333  0.838710
 omi-4.txt range_ratio           None              1.5                all   0.846154 0.985075  0.910345
 omi-5.txt range_ratio           None              0.0                all   0.475728 1.000000  0.644737
 omi-6.txt range_ratio           None              2.0                all   0.270440 0.977273  0.423645
 omi-7.txt range_ratio           None              2.0                all   0.904762 0.974359  0.938272
 omi-8.txt range_ratio           None              6.5                all   0.388889 0.903226  0.543689
 omi-9.txt range_ratio           None              0.0                all   0.496183 0.915493  0.643564
2025-04-16 23:16:43,988 - INFO - 
===== Overall Metrics =====
Precision: 0.5166  Recall: 0.9494  F1: 0.6691
2025-04-16 23:16:43,988 - INFO - 
【原始汇总指标】
2025-04-16 23:16:43,988 - INFO - 精确率(Precision): 0.5166
2025-04-16 23:16:43,988 - INFO - 召回率(Recall):    0.9494
2025-04-16 23:16:43,988 - INFO - F1值:             0.6691
2025-04-16 23:16:43,989 - INFO - 
==================================================
2025-04-16 23:16:43,989 - INFO - 开始生成可视化结果...
2025-04-16 23:16:43,989 - INFO - 
==================================================
2025-04-16 23:16:43,989 - INFO - 开始数据集可视化: omi-1
2025-04-16 23:16:43,989 - INFO - 使用参数: 评分模式=range_ratio, all=None, 阈值=0.0
2025-04-16 23:16:43,989 - INFO - ==================================================

2025-04-16 23:16:43,989 - INFO - 正在加载数据集 omi-1 的数据
2025-04-16 23:16:43,990 - INFO - 数据加载成功。训练集形状: (8640, 19), 测试集形状: (4320, 19)
2025-04-16 23:16:43,990 - INFO - 正在计算边缘统计量...
2025-04-16 23:16:46,990 - INFO - 已计算 170 条边的统计量
2025-04-16 23:16:46,990 - INFO - 为每个节点使用所有邻居
2025-04-16 23:16:46,991 - INFO - 可视化结果将保存到: ./visual/omi/neighbor_all/range_ratio/omi-1
2025-04-16 23:16:46,991 - INFO - 在数据集中发现 7 个异常时间段
2025-04-16 23:16:46,991 - INFO - 
正在处理时间段 1/7: 760-765
2025-04-16 23:16:46,992 - INFO - 该时间段的真实异常节点: {4, 5, 7, 8, 9, 10, 11, 12, 13, 14, 15, 16, 17, 18, 19}
2025-04-16 23:16:46,992 - INFO - 正在计算异常分数...
2025-04-16 23:16:46,994 - INFO - 检测到的异常节点: {1, 4, 7, 8, 9, 10, 11, 12, 13, 14, 15, 16, 17, 18, 19}
2025-04-16 23:16:46,994 - INFO - 正在为时间段 760-765 生成可视化
2025-04-16 23:16:46,994 - INFO - 正在为时间段 760-765 生成异常图可视化
2025-04-16 23:16:46,995 - DEBUG - 创建包含 19 个节点的图结构
2025-04-16 23:16:46,996 - DEBUG - 边统计: 正常边 218 条, 异常边 22 条
2025-04-16 23:16:47,067 - DEBUG - 正在保存可视化结果到 ./visual/omi/neighbor_all/range_ratio/omi-1/seg_0_760_765.png
2025-04-16 23:16:47,289 - INFO - 成功保存时间段 760-765 的可视化结果
2025-04-16 23:16:47,289 - INFO - 
正在处理时间段 2/7: 1064-1298
2025-04-16 23:16:47,289 - INFO - 该时间段的真实异常节点: {6, 7, 9, 10, 11, 12, 13, 14, 15, 16, 17, 18, 19}
2025-04-16 23:16:47,289 - INFO - 正在计算异常分数...
2025-04-16 23:16:47,440 - INFO - 检测到的异常节点: {1, 3, 4, 5, 6, 7, 8, 9, 10, 11, 12, 13, 14, 15, 16, 17, 18, 19}
2025-04-16 23:16:47,440 - INFO - 正在为时间段 1064-1298 生成可视化
2025-04-16 23:16:47,440 - INFO - 正在为时间段 1064-1298 生成异常图可视化
2025-04-16 23:16:47,441 - DEBUG - 创建包含 19 个节点的图结构
2025-04-16 23:16:47,442 - DEBUG - 边统计: 正常边 284 条, 异常边 22 条
2025-04-16 23:16:47,498 - DEBUG - 正在保存可视化结果到 ./visual/omi/neighbor_all/range_ratio/omi-1/seg_1_1064_1298.png
2025-04-16 23:16:47,745 - INFO - 成功保存时间段 1064-1298 的可视化结果
2025-04-16 23:16:47,745 - INFO - 
正在处理时间段 3/7: 2758-2772
2025-04-16 23:16:47,745 - INFO - 该时间段的真实异常节点: {5, 6, 7, 8, 9, 10, 11, 12, 13, 14, 15, 16, 17, 18, 19}
2025-04-16 23:16:47,745 - INFO - 正在计算异常分数...
2025-04-16 23:16:47,755 - INFO - 检测到的异常节点: {1, 4, 5, 6, 7, 8, 9, 10, 11, 12, 13, 14, 15, 16, 17, 18, 19}
2025-04-16 23:16:47,755 - INFO - 正在为时间段 2758-2772 生成可视化
2025-04-16 23:16:47,755 - INFO - 正在为时间段 2758-2772 生成异常图可视化
2025-04-16 23:16:47,755 - DEBUG - 创建包含 19 个节点的图结构
2025-04-16 23:16:47,756 - DEBUG - 边统计: 正常边 218 条, 异常边 54 条
2025-04-16 23:16:47,814 - DEBUG - 正在保存可视化结果到 ./visual/omi/neighbor_all/range_ratio/omi-1/seg_2_2758_2772.png
2025-04-16 23:16:48,030 - INFO - 成功保存时间段 2758-2772 的可视化结果
2025-04-16 23:16:48,031 - INFO - 
正在处理时间段 4/7: 2874-2885
2025-04-16 23:16:48,031 - INFO - 该时间段的真实异常节点: {7, 9, 10, 11, 12, 13, 14, 15, 16, 17, 18}
2025-04-16 23:16:48,031 - INFO - 正在计算异常分数...
2025-04-16 23:16:48,038 - INFO - 检测到的异常节点: {1, 4, 5, 6, 7, 8, 9, 10, 11, 12, 13, 14, 15, 16, 17, 18, 19}
2025-04-16 23:16:48,038 - INFO - 正在为时间段 2874-2885 生成可视化
2025-04-16 23:16:48,038 - INFO - 正在为时间段 2874-2885 生成异常图可视化
2025-04-16 23:16:48,038 - DEBUG - 创建包含 19 个节点的图结构
2025-04-16 23:16:48,039 - DEBUG - 边统计: 正常边 250 条, 异常边 22 条
2025-04-16 23:16:48,097 - DEBUG - 正在保存可视化结果到 ./visual/omi/neighbor_all/range_ratio/omi-1/seg_3_2874_2885.png
2025-04-16 23:16:48,314 - INFO - 成功保存时间段 2874-2885 的可视化结果
2025-04-16 23:16:48,314 - INFO - 
正在处理时间段 5/7: 3012-3025
2025-04-16 23:16:48,314 - INFO - 该时间段的真实异常节点: {7, 10, 11, 12, 13, 14, 15, 16, 17, 18, 19}
2025-04-16 23:16:48,314 - INFO - 正在计算异常分数...
2025-04-16 23:16:48,323 - INFO - 检测到的异常节点: {1, 4, 5, 6, 7, 8, 9, 10, 11, 12, 13, 14, 15, 16, 17, 18, 19}
2025-04-16 23:16:48,323 - INFO - 正在为时间段 3012-3025 生成可视化
2025-04-16 23:16:48,323 - INFO - 正在为时间段 3012-3025 生成异常图可视化
2025-04-16 23:16:48,323 - DEBUG - 创建包含 19 个节点的图结构
2025-04-16 23:16:48,324 - DEBUG - 边统计: 正常边 232 条, 异常边 40 条
2025-04-16 23:16:48,382 - DEBUG - 正在保存可视化结果到 ./visual/omi/neighbor_all/range_ratio/omi-1/seg_4_3012_3025.png
2025-04-16 23:16:48,601 - INFO - 成功保存时间段 3012-3025 的可视化结果
2025-04-16 23:16:48,601 - INFO - 
正在处理时间段 6/7: 3160-3305
2025-04-16 23:16:48,601 - INFO - 该时间段的真实异常节点: {8, 9, 10, 11, 12, 13, 14, 15, 16, 17, 18, 19}
2025-04-16 23:16:48,601 - INFO - 正在计算异常分数...
2025-04-16 23:16:48,694 - INFO - 检测到的异常节点: {1, 3, 4, 5, 6, 7, 8, 9, 10, 11, 12, 13, 14, 15, 16, 17, 18, 19}
2025-04-16 23:16:48,694 - INFO - 正在为时间段 3160-3305 生成可视化
2025-04-16 23:16:48,694 - INFO - 正在为时间段 3160-3305 生成异常图可视化
2025-04-16 23:16:48,694 - DEBUG - 创建包含 19 个节点的图结构
2025-04-16 23:16:48,696 - DEBUG - 边统计: 正常边 304 条, 异常边 2 条
2025-04-16 23:16:48,751 - DEBUG - 正在保存可视化结果到 ./visual/omi/neighbor_all/range_ratio/omi-1/seg_5_3160_3305.png
2025-04-16 23:16:48,996 - INFO - 成功保存时间段 3160-3305 的可视化结果
2025-04-16 23:16:48,996 - INFO - 
正在处理时间段 7/7: 3626-3638
2025-04-16 23:16:48,996 - INFO - 该时间段的真实异常节点: {7, 9, 10, 11, 12, 13, 14, 15, 16, 17, 18, 19}
2025-04-16 23:16:48,996 - INFO - 正在计算异常分数...
2025-04-16 23:16:49,005 - INFO - 检测到的异常节点: {1, 4, 5, 6, 7, 8, 9, 10, 11, 12, 13, 14, 15, 16, 17, 18, 19}
2025-04-16 23:16:49,005 - INFO - 正在为时间段 3626-3638 生成可视化
2025-04-16 23:16:49,005 - INFO - 正在为时间段 3626-3638 生成异常图可视化
2025-04-16 23:16:49,005 - DEBUG - 创建包含 19 个节点的图结构
2025-04-16 23:16:49,006 - DEBUG - 边统计: 正常边 234 条, 异常边 38 条
2025-04-16 23:16:49,064 - DEBUG - 正在保存可视化结果到 ./visual/omi/neighbor_all/range_ratio/omi-1/seg_6_3626_3638.png
2025-04-16 23:16:49,282 - INFO - 成功保存时间段 3626-3638 的可视化结果
2025-04-16 23:16:49,282 - INFO - 正在从 ./visual/omi/neighbor_all/range_ratio/omi-1 中的图像创建GIF
2025-04-16 23:16:49,770 - INFO - GIF已保存到 ./visual/omi/neighbor_all/range_ratio/omi-1/omi-1.gif
2025-04-16 23:16:49,771 - INFO - 
==================================================
2025-04-16 23:16:49,771 - INFO - 开始数据集可视化: omi-10
2025-04-16 23:16:49,771 - INFO - 使用参数: 评分模式=range_ratio, all=None, 阈值=6.0
2025-04-16 23:16:49,771 - INFO - ==================================================

2025-04-16 23:16:49,771 - INFO - 正在加载数据集 omi-10 的数据
2025-04-16 23:16:49,772 - INFO - 数据加载成功。训练集形状: (8640, 19), 测试集形状: (4320, 19)
2025-04-16 23:16:49,772 - INFO - 正在计算边缘统计量...
2025-04-16 23:16:52,944 - INFO - 已计算 136 条边的统计量
2025-04-16 23:16:52,945 - INFO - 为每个节点使用所有邻居
2025-04-16 23:16:52,945 - INFO - 可视化结果将保存到: ./visual/omi/neighbor_all/range_ratio/omi-10
2025-04-16 23:16:52,946 - INFO - 在数据集中发现 8 个异常时间段
2025-04-16 23:16:52,946 - INFO - 
正在处理时间段 1/8: 740-780
2025-04-16 23:16:52,946 - INFO - 该时间段的真实异常节点: {2, 5, 6, 7, 8, 9, 10, 11, 12, 13, 14, 15, 16, 17, 18, 19}
2025-04-16 23:16:52,946 - INFO - 正在计算异常分数...
2025-04-16 23:16:52,978 - INFO - 检测到的异常节点: {1, 4, 5, 6, 7, 8, 9, 10, 11, 12, 13, 14, 15, 16, 17, 18, 19}
2025-04-16 23:16:52,978 - INFO - 正在为时间段 740-780 生成可视化
2025-04-16 23:16:52,978 - INFO - 正在为时间段 740-780 生成异常图可视化
2025-04-16 23:16:52,978 - DEBUG - 创建包含 19 个节点的图结构
2025-04-16 23:16:52,979 - DEBUG - 边统计: 正常边 166 条, 异常边 106 条
2025-04-16 23:16:53,037 - DEBUG - 正在保存可视化结果到 ./visual/omi/neighbor_all/range_ratio/omi-10/seg_0_740_780.png
2025-04-16 23:16:53,251 - INFO - 成功保存时间段 740-780 的可视化结果
2025-04-16 23:16:53,251 - INFO - 
正在处理时间段 2/8: 1345-1406
2025-04-16 23:16:53,251 - INFO - 该时间段的真实异常节点: {7, 9, 10, 11, 12, 13, 14, 15, 16, 17, 18}
2025-04-16 23:16:53,251 - INFO - 正在计算异常分数...
2025-04-16 23:16:53,298 - INFO - 检测到的异常节点: {1, 4, 5, 6, 7, 8, 9, 10, 11, 12, 13, 14, 15, 16, 17, 18, 19}
2025-04-16 23:16:53,298 - INFO - 正在为时间段 1345-1406 生成可视化
2025-04-16 23:16:53,298 - INFO - 正在为时间段 1345-1406 生成异常图可视化
2025-04-16 23:16:53,299 - DEBUG - 创建包含 19 个节点的图结构
2025-04-16 23:16:53,300 - DEBUG - 边统计: 正常边 268 条, 异常边 4 条
2025-04-16 23:16:53,457 - DEBUG - 正在保存可视化结果到 ./visual/omi/neighbor_all/range_ratio/omi-10/seg_1_1345_1406.png
2025-04-16 23:16:53,668 - INFO - 成功保存时间段 1345-1406 的可视化结果
2025-04-16 23:16:53,668 - INFO - 
正在处理时间段 3/8: 2224-2272
2025-04-16 23:16:53,668 - INFO - 该时间段的真实异常节点: {4, 5, 6, 7, 9, 10, 11, 12, 13, 14, 15, 16, 17, 18, 19}
2025-04-16 23:16:53,668 - INFO - 正在计算异常分数...
2025-04-16 23:16:53,705 - INFO - 检测到的异常节点: {1, 4, 5, 6, 7, 8, 9, 10, 11, 12, 13, 14, 15, 16, 17, 18, 19}
2025-04-16 23:16:53,706 - INFO - 正在为时间段 2224-2272 生成可视化
2025-04-16 23:16:53,706 - INFO - 正在为时间段 2224-2272 生成异常图可视化
2025-04-16 23:16:53,706 - DEBUG - 创建包含 19 个节点的图结构
2025-04-16 23:16:53,707 - DEBUG - 边统计: 正常边 264 条, 异常边 8 条
2025-04-16 23:16:53,763 - DEBUG - 正在保存可视化结果到 ./visual/omi/neighbor_all/range_ratio/omi-10/seg_2_2224_2272.png
2025-04-16 23:16:53,973 - INFO - 成功保存时间段 2224-2272 的可视化结果
2025-04-16 23:16:53,973 - INFO - 
正在处理时间段 4/8: 2514-2592
2025-04-16 23:16:53,973 - INFO - 该时间段的真实异常节点: {16, 4}
2025-04-16 23:16:53,973 - INFO - 正在计算异常分数...
2025-04-16 23:16:54,031 - INFO - 检测到的异常节点: {1, 4, 5, 6, 7, 8, 9, 10, 11, 12, 13, 14, 15, 16, 17, 18, 19}
2025-04-16 23:16:54,032 - INFO - 正在为时间段 2514-2592 生成可视化
2025-04-16 23:16:54,032 - INFO - 正在为时间段 2514-2592 生成异常图可视化
2025-04-16 23:16:54,032 - DEBUG - 创建包含 19 个节点的图结构
2025-04-16 23:16:54,033 - DEBUG - 边统计: 正常边 272 条, 异常边 0 条
2025-04-16 23:16:54,089 - DEBUG - 正在保存可视化结果到 ./visual/omi/neighbor_all/range_ratio/omi-10/seg_3_2514_2592.png
2025-04-16 23:16:54,298 - INFO - 成功保存时间段 2514-2592 的可视化结果
2025-04-16 23:16:54,298 - INFO - 
正在处理时间段 5/8: 2733-2778
2025-04-16 23:16:54,298 - INFO - 该时间段的真实异常节点: {11, 14, 15}
2025-04-16 23:16:54,298 - INFO - 正在计算异常分数...
2025-04-16 23:16:54,331 - INFO - 检测到的异常节点: {1, 4, 5, 7, 8, 9, 10, 11, 12, 13, 14, 15, 16, 17, 18, 19}
2025-04-16 23:16:54,331 - INFO - 正在为时间段 2733-2778 生成可视化
2025-04-16 23:16:54,331 - INFO - 正在为时间段 2733-2778 生成异常图可视化
2025-04-16 23:16:54,331 - DEBUG - 创建包含 19 个节点的图结构
2025-04-16 23:16:54,332 - DEBUG - 边统计: 正常边 238 条, 异常边 2 条
2025-04-16 23:16:54,390 - DEBUG - 正在保存可视化结果到 ./visual/omi/neighbor_all/range_ratio/omi-10/seg_4_2733_2778.png
2025-04-16 23:16:54,598 - INFO - 成功保存时间段 2733-2778 的可视化结果
2025-04-16 23:16:54,599 - INFO - 
正在处理时间段 6/8: 3401-3405
2025-04-16 23:16:54,599 - INFO - 该时间段的真实异常节点: {1}
2025-04-16 23:16:54,599 - INFO - 正在计算异常分数...
2025-04-16 23:16:54,600 - INFO - 检测到的异常节点: {5}
2025-04-16 23:16:54,600 - INFO - 正在为时间段 3401-3405 生成可视化
2025-04-16 23:16:54,600 - INFO - 正在为时间段 3401-3405 生成异常图可视化
2025-04-16 23:16:54,600 - DEBUG - 创建包含 19 个节点的图结构
2025-04-16 23:16:54,601 - DEBUG - 边统计: 正常边 252 条, 异常边 20 条
2025-04-16 23:16:54,656 - DEBUG - 正在保存可视化结果到 ./visual/omi/neighbor_all/range_ratio/omi-10/seg_5_3401_3405.png
2025-04-16 23:16:54,866 - INFO - 成功保存时间段 3401-3405 的可视化结果
2025-04-16 23:16:54,866 - INFO - 
正在处理时间段 7/8: 3414-3459
2025-04-16 23:16:54,866 - INFO - 该时间段的真实异常节点: {8}
2025-04-16 23:16:54,866 - INFO - 正在计算异常分数...
2025-04-16 23:16:54,900 - INFO - 检测到的异常节点: {1, 4, 5, 6, 7, 8, 9, 10, 11, 12, 13, 14, 15, 16, 17, 18, 19}
2025-04-16 23:16:54,900 - INFO - 正在为时间段 3414-3459 生成可视化
2025-04-16 23:16:54,900 - INFO - 正在为时间段 3414-3459 生成异常图可视化
2025-04-16 23:16:54,900 - DEBUG - 创建包含 19 个节点的图结构
2025-04-16 23:16:54,901 - DEBUG - 边统计: 正常边 234 条, 异常边 38 条
2025-04-16 23:16:54,957 - DEBUG - 正在保存可视化结果到 ./visual/omi/neighbor_all/range_ratio/omi-10/seg_6_3414_3459.png
2025-04-16 23:16:55,168 - INFO - 成功保存时间段 3414-3459 的可视化结果
2025-04-16 23:16:55,168 - INFO - 
正在处理时间段 8/8: 3700-3744
2025-04-16 23:16:55,168 - INFO - 该时间段的真实异常节点: {7, 8, 9, 10, 11, 12, 13, 14, 15, 16, 17, 18}
2025-04-16 23:16:55,168 - INFO - 正在计算异常分数...
2025-04-16 23:16:55,201 - INFO - 检测到的异常节点: {1, 4, 5, 6, 7, 8, 9, 10, 11, 12, 13, 14, 15, 16, 17, 18, 19}
2025-04-16 23:16:55,201 - INFO - 正在为时间段 3700-3744 生成可视化
2025-04-16 23:16:55,201 - INFO - 正在为时间段 3700-3744 生成异常图可视化
2025-04-16 23:16:55,202 - DEBUG - 创建包含 19 个节点的图结构
2025-04-16 23:16:55,203 - DEBUG - 边统计: 正常边 228 条, 异常边 44 条
2025-04-16 23:16:55,258 - DEBUG - 正在保存可视化结果到 ./visual/omi/neighbor_all/range_ratio/omi-10/seg_7_3700_3744.png
2025-04-16 23:16:55,470 - INFO - 成功保存时间段 3700-3744 的可视化结果
2025-04-16 23:16:55,470 - INFO - 正在从 ./visual/omi/neighbor_all/range_ratio/omi-10 中的图像创建GIF
2025-04-16 23:16:55,996 - INFO - GIF已保存到 ./visual/omi/neighbor_all/range_ratio/omi-10/omi-10.gif
2025-04-16 23:16:55,997 - INFO - 
==================================================
2025-04-16 23:16:55,997 - INFO - 开始数据集可视化: omi-11
2025-04-16 23:16:55,997 - INFO - 使用参数: 评分模式=range_ratio, all=None, 阈值=7.0
2025-04-16 23:16:55,997 - INFO - ==================================================

2025-04-16 23:16:55,997 - INFO - 正在加载数据集 omi-11 的数据
2025-04-16 23:16:55,998 - INFO - 数据加载成功。训练集形状: (8640, 19), 测试集形状: (4320, 19)
2025-04-16 23:16:55,998 - INFO - 正在计算边缘统计量...
2025-04-16 23:16:58,961 - INFO - 已计算 153 条边的统计量
2025-04-16 23:16:58,961 - INFO - 为每个节点使用所有邻居
2025-04-16 23:16:58,961 - INFO - 可视化结果将保存到: ./visual/omi/neighbor_all/range_ratio/omi-11
2025-04-16 23:16:58,962 - INFO - 在数据集中发现 9 个异常时间段
2025-04-16 23:16:58,962 - INFO - 
正在处理时间段 1/9: 738-755
2025-04-16 23:16:58,962 - INFO - 该时间段的真实异常节点: {2}
2025-04-16 23:16:58,962 - INFO - 正在计算异常分数...
2025-04-16 23:16:58,973 - INFO - 检测到的异常节点: {4, 5, 6, 7, 8, 10, 11, 12, 13, 14, 15, 16, 17, 18, 19}
2025-04-16 23:16:58,973 - INFO - 正在为时间段 738-755 生成可视化
2025-04-16 23:16:58,973 - INFO - 正在为时间段 738-755 生成异常图可视化
2025-04-16 23:16:58,974 - DEBUG - 创建包含 19 个节点的图结构
2025-04-16 23:16:58,975 - DEBUG - 边统计: 正常边 240 条, 异常边 0 条
2025-04-16 23:16:59,034 - DEBUG - 正在保存可视化结果到 ./visual/omi/neighbor_all/range_ratio/omi-11/seg_0_738_755.png
2025-04-16 23:16:59,239 - INFO - 成功保存时间段 738-755 的可视化结果
2025-04-16 23:16:59,239 - INFO - 
正在处理时间段 2/9: 757-815
2025-04-16 23:16:59,239 - INFO - 该时间段的真实异常节点: set()
2025-04-16 23:16:59,240 - INFO - 正在计算异常分数...
2025-04-16 23:16:59,284 - INFO - 检测到的异常节点: {1, 4, 5, 6, 7, 8, 9, 10, 11, 12, 13, 14, 15, 16, 17, 18, 19}
2025-04-16 23:16:59,284 - INFO - 正在为时间段 757-815 生成可视化
2025-04-16 23:16:59,284 - INFO - 正在为时间段 757-815 生成异常图可视化
2025-04-16 23:16:59,284 - DEBUG - 创建包含 19 个节点的图结构
2025-04-16 23:16:59,285 - DEBUG - 边统计: 正常边 248 条, 异常边 24 条
2025-04-16 23:16:59,340 - DEBUG - 正在保存可视化结果到 ./visual/omi/neighbor_all/range_ratio/omi-11/seg_1_757_815.png
2025-04-16 23:16:59,550 - INFO - 成功保存时间段 757-815 的可视化结果
2025-04-16 23:16:59,550 - INFO - 
正在处理时间段 3/9: 1366-1375
2025-04-16 23:16:59,550 - INFO - 该时间段的真实异常节点: {4, 5, 8, 17, 19}
2025-04-16 23:16:59,550 - INFO - 正在计算异常分数...
2025-04-16 23:16:59,556 - INFO - 检测到的异常节点: {1, 4, 5, 6, 7, 8, 9, 10, 11, 12, 13, 14, 15, 16, 17, 18, 19}
2025-04-16 23:16:59,556 - INFO - 正在为时间段 1366-1375 生成可视化
2025-04-16 23:16:59,556 - INFO - 正在为时间段 1366-1375 生成异常图可视化
2025-04-16 23:16:59,556 - DEBUG - 创建包含 19 个节点的图结构
2025-04-16 23:16:59,557 - DEBUG - 边统计: 正常边 210 条, 异常边 62 条
2025-04-16 23:16:59,612 - DEBUG - 正在保存可视化结果到 ./visual/omi/neighbor_all/range_ratio/omi-11/seg_2_1366_1375.png
2025-04-16 23:16:59,824 - INFO - 成功保存时间段 1366-1375 的可视化结果
2025-04-16 23:16:59,824 - INFO - 
正在处理时间段 4/9: 2301-2314
2025-04-16 23:16:59,824 - INFO - 该时间段的真实异常节点: {17, 19, 4, 5}
2025-04-16 23:16:59,824 - INFO - 正在计算异常分数...
2025-04-16 23:16:59,833 - INFO - 检测到的异常节点: {1, 4, 5, 6, 7, 8, 9, 10, 11, 12, 13, 14, 15, 16, 17, 18, 19}
2025-04-16 23:16:59,833 - INFO - 正在为时间段 2301-2314 生成可视化
2025-04-16 23:16:59,833 - INFO - 正在为时间段 2301-2314 生成异常图可视化
2025-04-16 23:16:59,833 - DEBUG - 创建包含 19 个节点的图结构
2025-04-16 23:16:59,834 - DEBUG - 边统计: 正常边 232 条, 异常边 40 条
2025-04-16 23:16:59,889 - DEBUG - 正在保存可视化结果到 ./visual/omi/neighbor_all/range_ratio/omi-11/seg_3_2301_2314.png
2025-04-16 23:17:00,101 - INFO - 成功保存时间段 2301-2314 的可视化结果
2025-04-16 23:17:00,101 - INFO - 
正在处理时间段 5/9: 2365-2381
2025-04-16 23:17:00,101 - INFO - 该时间段的真实异常节点: {19}
2025-04-16 23:17:00,101 - INFO - 正在计算异常分数...
2025-04-16 23:17:00,111 - INFO - 检测到的异常节点: {4, 6, 7, 8, 9, 11, 12, 13, 14, 15, 17, 18, 19}
2025-04-16 23:17:00,111 - INFO - 正在为时间段 2365-2381 生成可视化
2025-04-16 23:17:00,111 - INFO - 正在为时间段 2365-2381 生成异常图可视化
2025-04-16 23:17:00,111 - DEBUG - 创建包含 19 个节点的图结构
2025-04-16 23:17:00,112 - DEBUG - 边统计: 正常边 168 条, 异常边 42 条
2025-04-16 23:17:00,243 - DEBUG - 正在保存可视化结果到 ./visual/omi/neighbor_all/range_ratio/omi-11/seg_4_2365_2381.png
2025-04-16 23:17:00,455 - INFO - 成功保存时间段 2365-2381 的可视化结果
2025-04-16 23:17:00,455 - INFO - 
正在处理时间段 6/9: 2464-2485
2025-04-16 23:17:00,455 - INFO - 该时间段的真实异常节点: {17, 19, 4, 5}
2025-04-16 23:17:00,455 - INFO - 正在计算异常分数...
2025-04-16 23:17:00,471 - INFO - 检测到的异常节点: {1, 4, 5, 6, 7, 8, 9, 10, 11, 12, 13, 14, 15, 16, 17, 18, 19}
2025-04-16 23:17:00,471 - INFO - 正在为时间段 2464-2485 生成可视化
2025-04-16 23:17:00,471 - INFO - 正在为时间段 2464-2485 生成异常图可视化
2025-04-16 23:17:00,471 - DEBUG - 创建包含 19 个节点的图结构
2025-04-16 23:17:00,472 - DEBUG - 边统计: 正常边 236 条, 异常边 36 条
2025-04-16 23:17:00,528 - DEBUG - 正在保存可视化结果到 ./visual/omi/neighbor_all/range_ratio/omi-11/seg_5_2464_2485.png
2025-04-16 23:17:00,738 - INFO - 成功保存时间段 2464-2485 的可视化结果
2025-04-16 23:17:00,738 - INFO - 
正在处理时间段 7/9: 2588-2610
2025-04-16 23:17:00,738 - INFO - 该时间段的真实异常节点: {17, 19, 4, 5}
2025-04-16 23:17:00,738 - INFO - 正在计算异常分数...
2025-04-16 23:17:00,753 - INFO - 检测到的异常节点: {1, 4, 5, 6, 7, 8, 9, 10, 11, 12, 13, 14, 15, 16, 17, 18, 19}
2025-04-16 23:17:00,753 - INFO - 正在为时间段 2588-2610 生成可视化
2025-04-16 23:17:00,753 - INFO - 正在为时间段 2588-2610 生成异常图可视化
2025-04-16 23:17:00,753 - DEBUG - 创建包含 19 个节点的图结构
2025-04-16 23:17:00,754 - DEBUG - 边统计: 正常边 216 条, 异常边 56 条
2025-04-16 23:17:00,809 - DEBUG - 正在保存可视化结果到 ./visual/omi/neighbor_all/range_ratio/omi-11/seg_6_2588_2610.png
2025-04-16 23:17:01,020 - INFO - 成功保存时间段 2588-2610 的可视化结果
2025-04-16 23:17:01,020 - INFO - 
正在处理时间段 8/9: 2650-2675
2025-04-16 23:17:01,020 - INFO - 该时间段的真实异常节点: {19}
2025-04-16 23:17:01,020 - INFO - 正在计算异常分数...
2025-04-16 23:17:01,037 - INFO - 检测到的异常节点: {4, 5, 6, 7, 8, 9, 10, 11, 12, 13, 14, 15, 16, 17, 18, 19}
2025-04-16 23:17:01,037 - INFO - 正在为时间段 2650-2675 生成可视化
2025-04-16 23:17:01,037 - INFO - 正在为时间段 2650-2675 生成异常图可视化
2025-04-16 23:17:01,038 - DEBUG - 创建包含 19 个节点的图结构
2025-04-16 23:17:01,039 - DEBUG - 边统计: 正常边 192 条, 异常边 48 条
2025-04-16 23:17:01,096 - DEBUG - 正在保存可视化结果到 ./visual/omi/neighbor_all/range_ratio/omi-11/seg_7_2650_2675.png
2025-04-16 23:17:01,302 - INFO - 成功保存时间段 2650-2675 的可视化结果
2025-04-16 23:17:01,302 - INFO - 
正在处理时间段 9/9: 3012-3072
2025-04-16 23:17:01,302 - INFO - 该时间段的真实异常节点: {1, 4, 5, 8, 17, 19}
2025-04-16 23:17:01,302 - INFO - 正在计算异常分数...
2025-04-16 23:17:01,349 - INFO - 检测到的异常节点: {1, 4, 5, 6, 7, 8, 9, 10, 11, 12, 13, 14, 15, 16, 17, 18, 19}
2025-04-16 23:17:01,349 - INFO - 正在为时间段 3012-3072 生成可视化
2025-04-16 23:17:01,349 - INFO - 正在为时间段 3012-3072 生成异常图可视化
2025-04-16 23:17:01,350 - DEBUG - 创建包含 19 个节点的图结构
2025-04-16 23:17:01,351 - DEBUG - 边统计: 正常边 272 条, 异常边 0 条
2025-04-16 23:17:01,406 - DEBUG - 正在保存可视化结果到 ./visual/omi/neighbor_all/range_ratio/omi-11/seg_8_3012_3072.png
2025-04-16 23:17:01,615 - INFO - 成功保存时间段 3012-3072 的可视化结果
2025-04-16 23:17:01,615 - INFO - 正在从 ./visual/omi/neighbor_all/range_ratio/omi-11 中的图像创建GIF
2025-04-16 23:17:02,203 - INFO - GIF已保存到 ./visual/omi/neighbor_all/range_ratio/omi-11/omi-11.gif
2025-04-16 23:17:02,203 - INFO - 
==================================================
2025-04-16 23:17:02,203 - INFO - 开始数据集可视化: omi-12
2025-04-16 23:17:02,203 - INFO - 使用参数: 评分模式=range_ratio, all=None, 阈值=7.0
2025-04-16 23:17:02,203 - INFO - ==================================================

2025-04-16 23:17:02,203 - INFO - 正在加载数据集 omi-12 的数据
2025-04-16 23:17:02,204 - INFO - 数据加载成功。训练集形状: (7291, 19), 测试集形状: (4320, 19)
2025-04-16 23:17:02,204 - INFO - 正在计算边缘统计量...
2025-04-16 23:17:04,435 - INFO - 已计算 133 条边的统计量
2025-04-16 23:17:04,435 - INFO - 为每个节点使用所有邻居
2025-04-16 23:17:04,435 - INFO - 可视化结果将保存到: ./visual/omi/neighbor_all/range_ratio/omi-12
2025-04-16 23:17:04,436 - INFO - 在数据集中发现 5 个异常时间段
2025-04-16 23:17:04,436 - INFO - 
正在处理时间段 1/5: 740-813
2025-04-16 23:17:04,436 - INFO - 该时间段的真实异常节点: {1, 2, 6, 7, 8, 9, 10, 11, 12, 13, 14, 15, 16, 17, 18, 19}
2025-04-16 23:17:04,436 - INFO - 正在计算异常分数...
2025-04-16 23:17:04,487 - INFO - 检测到的异常节点: {1, 6, 7, 8, 9, 10, 11, 12, 13, 14, 15, 16, 17, 18, 19}
2025-04-16 23:17:04,487 - INFO - 正在为时间段 740-813 生成可视化
2025-04-16 23:17:04,487 - INFO - 正在为时间段 740-813 生成异常图可视化
2025-04-16 23:17:04,487 - DEBUG - 创建包含 19 个节点的图结构
2025-04-16 23:17:04,488 - DEBUG - 边统计: 正常边 140 条, 异常边 70 条
2025-04-16 23:17:04,546 - DEBUG - 正在保存可视化结果到 ./visual/omi/neighbor_all/range_ratio/omi-12/seg_0_740_813.png
2025-04-16 23:17:04,755 - INFO - 成功保存时间段 740-813 的可视化结果
2025-04-16 23:17:04,755 - INFO - 
正在处理时间段 2/5: 2486-2493
2025-04-16 23:17:04,755 - INFO - 该时间段的真实异常节点: {4, 5}
2025-04-16 23:17:04,755 - INFO - 正在计算异常分数...
2025-04-16 23:17:04,758 - INFO - 检测到的异常节点: {1, 4, 5, 7, 8, 9, 10, 14, 16, 17, 18}
2025-04-16 23:17:04,758 - INFO - 正在为时间段 2486-2493 生成可视化
2025-04-16 23:17:04,758 - INFO - 正在为时间段 2486-2493 生成异常图可视化
2025-04-16 23:17:04,758 - DEBUG - 创建包含 19 个节点的图结构
2025-04-16 23:17:04,759 - DEBUG - 边统计: 正常边 170 条, 异常边 36 条
2025-04-16 23:17:04,816 - DEBUG - 正在保存可视化结果到 ./visual/omi/neighbor_all/range_ratio/omi-12/seg_1_2486_2493.png
2025-04-16 23:17:05,025 - INFO - 成功保存时间段 2486-2493 的可视化结果
2025-04-16 23:17:05,025 - INFO - 
正在处理时间段 3/5: 2515-2525
2025-04-16 23:17:05,026 - INFO - 该时间段的真实异常节点: {1, 4, 5, 7, 8, 9, 17, 18}
2025-04-16 23:17:05,026 - INFO - 正在计算异常分数...
2025-04-16 23:17:05,032 - INFO - 检测到的异常节点: {1, 4, 5, 6, 7, 8, 9, 10, 12, 13, 14, 15, 16, 17, 18, 19}
2025-04-16 23:17:05,032 - INFO - 正在为时间段 2515-2525 生成可视化
2025-04-16 23:17:05,032 - INFO - 正在为时间段 2515-2525 生成异常图可视化
2025-04-16 23:17:05,032 - DEBUG - 创建包含 19 个节点的图结构
2025-04-16 23:17:05,033 - DEBUG - 边统计: 正常边 190 条, 异常边 76 条
2025-04-16 23:17:05,088 - DEBUG - 正在保存可视化结果到 ./visual/omi/neighbor_all/range_ratio/omi-12/seg_2_2515_2525.png
2025-04-16 23:17:05,302 - INFO - 成功保存时间段 2515-2525 的可视化结果
2025-04-16 23:17:05,302 - INFO - 
正在处理时间段 4/5: 2721-2723
2025-04-16 23:17:05,302 - INFO - 该时间段的真实异常节点: {4}
2025-04-16 23:17:05,302 - INFO - 正在计算异常分数...
2025-04-16 23:17:05,302 - INFO - 检测到的异常节点: set()
2025-04-16 23:17:05,302 - INFO - 正在为时间段 2721-2723 生成可视化
2025-04-16 23:17:05,302 - INFO - 正在为时间段 2721-2723 生成异常图可视化
2025-04-16 23:17:05,303 - DEBUG - 创建包含 19 个节点的图结构
2025-04-16 23:17:05,303 - DEBUG - 边统计: 正常边 40 条, 异常边 48 条
2025-04-16 23:17:05,359 - DEBUG - 正在保存可视化结果到 ./visual/omi/neighbor_all/range_ratio/omi-12/seg_3_2721_2723.png
2025-04-16 23:17:05,565 - INFO - 成功保存时间段 2721-2723 的可视化结果
2025-04-16 23:17:05,565 - INFO - 
正在处理时间段 5/5: 3500-3535
2025-04-16 23:17:05,566 - INFO - 该时间段的真实异常节点: {5, 6, 7, 8, 11, 12, 13, 14, 15, 16, 17, 18, 19}
2025-04-16 23:17:05,566 - INFO - 正在计算异常分数...
2025-04-16 23:17:05,587 - INFO - 检测到的异常节点: {6, 7, 8, 9, 10, 11, 12, 13, 14, 15, 16, 17, 18, 19}
2025-04-16 23:17:05,587 - INFO - 正在为时间段 3500-3535 生成可视化
2025-04-16 23:17:05,587 - INFO - 正在为时间段 3500-3535 生成异常图可视化
2025-04-16 23:17:05,587 - DEBUG - 创建包含 19 个节点的图结构
2025-04-16 23:17:05,588 - DEBUG - 边统计: 正常边 172 条, 异常边 38 条
2025-04-16 23:17:05,642 - DEBUG - 正在保存可视化结果到 ./visual/omi/neighbor_all/range_ratio/omi-12/seg_4_3500_3535.png
2025-04-16 23:17:05,853 - INFO - 成功保存时间段 3500-3535 的可视化结果
2025-04-16 23:17:05,853 - INFO - 正在从 ./visual/omi/neighbor_all/range_ratio/omi-12 中的图像创建GIF
2025-04-16 23:17:06,191 - INFO - GIF已保存到 ./visual/omi/neighbor_all/range_ratio/omi-12/omi-12.gif
2025-04-16 23:17:06,191 - INFO - 
==================================================
2025-04-16 23:17:06,191 - INFO - 开始数据集可视化: omi-2
2025-04-16 23:17:06,191 - INFO - 使用参数: 评分模式=range_ratio, all=None, 阈值=6.5
2025-04-16 23:17:06,191 - INFO - ==================================================

2025-04-16 23:17:06,191 - INFO - 正在加载数据集 omi-2 的数据
2025-04-16 23:17:06,192 - INFO - 数据加载成功。训练集形状: (8640, 19), 测试集形状: (4320, 19)
2025-04-16 23:17:06,192 - INFO - 正在计算边缘统计量...
2025-04-16 23:17:08,920 - INFO - 已计算 153 条边的统计量
2025-04-16 23:17:08,920 - INFO - 为每个节点使用所有邻居
2025-04-16 23:17:08,920 - INFO - 可视化结果将保存到: ./visual/omi/neighbor_all/range_ratio/omi-2
2025-04-16 23:17:08,921 - INFO - 在数据集中发现 4 个异常时间段
2025-04-16 23:17:08,921 - INFO - 
正在处理时间段 1/4: 486-498
2025-04-16 23:17:08,921 - INFO - 该时间段的真实异常节点: {1, 4, 5}
2025-04-16 23:17:08,921 - INFO - 正在计算异常分数...
2025-04-16 23:17:08,928 - INFO - 检测到的异常节点: {1, 4, 5, 6, 7, 8, 10, 11, 12, 13, 14, 15, 16, 18, 19}
2025-04-16 23:17:08,929 - INFO - 正在为时间段 486-498 生成可视化
2025-04-16 23:17:08,929 - INFO - 正在为时间段 486-498 生成异常图可视化
2025-04-16 23:17:08,929 - DEBUG - 创建包含 19 个节点的图结构
2025-04-16 23:17:08,930 - DEBUG - 边统计: 正常边 272 条, 异常边 0 条
2025-04-16 23:17:08,982 - DEBUG - 正在保存可视化结果到 ./visual/omi/neighbor_all/range_ratio/omi-2/seg_0_486_498.png
2025-04-16 23:17:09,179 - INFO - 成功保存时间段 486-498 的可视化结果
2025-04-16 23:17:09,179 - INFO - 
正在处理时间段 2/4: 740-753
2025-04-16 23:17:09,179 - INFO - 该时间段的真实异常节点: {2}
2025-04-16 23:17:09,179 - INFO - 正在计算异常分数...
2025-04-16 23:17:09,187 - INFO - 检测到的异常节点: {9, 2, 5, 6}
2025-04-16 23:17:09,187 - INFO - 正在为时间段 740-753 生成可视化
2025-04-16 23:17:09,187 - INFO - 正在为时间段 740-753 生成异常图可视化
2025-04-16 23:17:09,187 - DEBUG - 创建包含 19 个节点的图结构
2025-04-16 23:17:09,188 - DEBUG - 边统计: 正常边 268 条, 异常边 4 条
2025-04-16 23:17:09,240 - DEBUG - 正在保存可视化结果到 ./visual/omi/neighbor_all/range_ratio/omi-2/seg_1_740_753.png
2025-04-16 23:17:09,433 - INFO - 成功保存时间段 740-753 的可视化结果
2025-04-16 23:17:09,433 - INFO - 
正在处理时间段 3/4: 766-783
2025-04-16 23:17:09,433 - INFO - 该时间段的真实异常节点: {1, 5, 6, 7, 8, 9, 10, 11, 12, 13, 14, 15, 16, 17, 18, 19}
2025-04-16 23:17:09,433 - INFO - 正在计算异常分数...
2025-04-16 23:17:09,444 - INFO - 检测到的异常节点: {1, 5, 6, 7, 8, 9, 10, 11, 12, 13, 14, 15, 16, 17, 18, 19}
2025-04-16 23:17:09,444 - INFO - 正在为时间段 766-783 生成可视化
2025-04-16 23:17:09,444 - INFO - 正在为时间段 766-783 生成异常图可视化
2025-04-16 23:17:09,444 - DEBUG - 创建包含 19 个节点的图结构
2025-04-16 23:17:09,445 - DEBUG - 边统计: 正常边 222 条, 异常边 50 条
2025-04-16 23:17:09,568 - DEBUG - 正在保存可视化结果到 ./visual/omi/neighbor_all/range_ratio/omi-2/seg_2_766_783.png
2025-04-16 23:17:09,767 - INFO - 成功保存时间段 766-783 的可视化结果
2025-04-16 23:17:09,768 - INFO - 
正在处理时间段 4/4: 1436-1445
2025-04-16 23:17:09,768 - INFO - 该时间段的真实异常节点: {7, 9, 10, 11, 12, 13, 14, 15, 16, 17, 18}
2025-04-16 23:17:09,768 - INFO - 正在计算异常分数...
2025-04-16 23:17:09,773 - INFO - 检测到的异常节点: {1, 4, 5, 6, 7, 9, 10, 11, 12, 13, 14, 15, 16, 18}
2025-04-16 23:17:09,773 - INFO - 正在为时间段 1436-1445 生成可视化
2025-04-16 23:17:09,773 - INFO - 正在为时间段 1436-1445 生成异常图可视化
2025-04-16 23:17:09,773 - DEBUG - 创建包含 19 个节点的图结构
2025-04-16 23:17:09,774 - DEBUG - 边统计: 正常边 270 条, 异常边 2 条
2025-04-16 23:17:09,825 - DEBUG - 正在保存可视化结果到 ./visual/omi/neighbor_all/range_ratio/omi-2/seg_3_1436_1445.png
2025-04-16 23:17:10,021 - INFO - 成功保存时间段 1436-1445 的可视化结果
2025-04-16 23:17:10,021 - INFO - 正在从 ./visual/omi/neighbor_all/range_ratio/omi-2 中的图像创建GIF
2025-04-16 23:17:10,273 - INFO - GIF已保存到 ./visual/omi/neighbor_all/range_ratio/omi-2/omi-2.gif
2025-04-16 23:17:10,274 - INFO - 
==================================================
2025-04-16 23:17:10,274 - INFO - 开始数据集可视化: omi-3
2025-04-16 23:17:10,274 - INFO - 使用参数: 评分模式=range_ratio, all=None, 阈值=2.5
2025-04-16 23:17:10,274 - INFO - ==================================================

2025-04-16 23:17:10,274 - INFO - 正在加载数据集 omi-3 的数据
2025-04-16 23:17:10,275 - INFO - 数据加载成功。训练集形状: (8640, 19), 测试集形状: (4320, 19)
2025-04-16 23:17:10,275 - INFO - 正在计算边缘统计量...
2025-04-16 23:17:12,952 - INFO - 已计算 136 条边的统计量
2025-04-16 23:17:12,952 - INFO - 为每个节点使用所有邻居
2025-04-16 23:17:12,952 - INFO - 可视化结果将保存到: ./visual/omi/neighbor_all/range_ratio/omi-3
2025-04-16 23:17:12,953 - INFO - 在数据集中发现 6 个异常时间段
2025-04-16 23:17:12,953 - INFO - 
正在处理时间段 1/6: 760-820
2025-04-16 23:17:12,953 - INFO - 该时间段的真实异常节点: {1, 4, 6, 7, 8, 9, 10, 11, 12, 13, 14, 15, 16, 17, 18, 19}
2025-04-16 23:17:12,953 - INFO - 正在计算异常分数...
2025-04-16 23:17:12,996 - INFO - 检测到的异常节点: {1, 4, 5, 6, 7, 8, 9, 10, 11, 12, 13, 14, 15, 16, 17, 18, 19}
2025-04-16 23:17:12,996 - INFO - 正在为时间段 760-820 生成可视化
2025-04-16 23:17:12,996 - INFO - 正在为时间段 760-820 生成异常图可视化
2025-04-16 23:17:12,996 - DEBUG - 创建包含 19 个节点的图结构
2025-04-16 23:17:12,997 - DEBUG - 边统计: 正常边 248 条, 异常边 24 条
2025-04-16 23:17:13,053 - DEBUG - 正在保存可视化结果到 ./visual/omi/neighbor_all/range_ratio/omi-3/seg_0_760_820.png
2025-04-16 23:17:13,250 - INFO - 成功保存时间段 760-820 的可视化结果
2025-04-16 23:17:13,250 - INFO - 
正在处理时间段 2/6: 842-860
2025-04-16 23:17:13,251 - INFO - 该时间段的真实异常节点: {7, 8, 9, 10, 11, 12, 13, 14, 15, 16, 17, 18, 19}
2025-04-16 23:17:13,251 - INFO - 正在计算异常分数...
2025-04-16 23:17:13,262 - INFO - 检测到的异常节点: {4, 5, 6, 7, 8, 9, 10, 11, 12, 13, 14, 15, 16, 17, 18, 19}
2025-04-16 23:17:13,262 - INFO - 正在为时间段 842-860 生成可视化
2025-04-16 23:17:13,262 - INFO - 正在为时间段 842-860 生成异常图可视化
2025-04-16 23:17:13,262 - DEBUG - 创建包含 19 个节点的图结构
2025-04-16 23:17:13,263 - DEBUG - 边统计: 正常边 224 条, 异常边 16 条
2025-04-16 23:17:13,317 - DEBUG - 正在保存可视化结果到 ./visual/omi/neighbor_all/range_ratio/omi-3/seg_1_842_860.png
2025-04-16 23:17:13,508 - INFO - 成功保存时间段 842-860 的可视化结果
2025-04-16 23:17:13,509 - INFO - 
正在处理时间段 3/6: 1080-1120
2025-04-16 23:17:13,509 - INFO - 该时间段的真实异常节点: {7, 9, 10, 11, 12, 13, 14, 15, 16, 17, 18}
2025-04-16 23:17:13,509 - INFO - 正在计算异常分数...
2025-04-16 23:17:13,536 - INFO - 检测到的异常节点: {1, 4, 5, 6, 7, 8, 9, 10, 11, 12, 13, 14, 15, 16, 17, 18, 19}
2025-04-16 23:17:13,536 - INFO - 正在为时间段 1080-1120 生成可视化
2025-04-16 23:17:13,536 - INFO - 正在为时间段 1080-1120 生成异常图可视化
2025-04-16 23:17:13,536 - DEBUG - 创建包含 19 个节点的图结构
2025-04-16 23:17:13,537 - DEBUG - 边统计: 正常边 272 条, 异常边 0 条
2025-04-16 23:17:13,588 - DEBUG - 正在保存可视化结果到 ./visual/omi/neighbor_all/range_ratio/omi-3/seg_2_1080_1120.png
2025-04-16 23:17:13,783 - INFO - 成功保存时间段 1080-1120 的可视化结果
2025-04-16 23:17:13,783 - INFO - 
正在处理时间段 4/6: 2188-2201
2025-04-16 23:17:13,783 - INFO - 该时间段的真实异常节点: {7, 9, 10, 11, 12, 13, 14, 15, 16, 17, 18, 19}
2025-04-16 23:17:13,783 - INFO - 正在计算异常分数...
2025-04-16 23:17:13,791 - INFO - 检测到的异常节点: {6, 7, 8, 9, 10, 11, 12, 13, 14, 15, 16, 17, 18, 19}
2025-04-16 23:17:13,791 - INFO - 正在为时间段 2188-2201 生成可视化
2025-04-16 23:17:13,791 - INFO - 正在为时间段 2188-2201 生成异常图可视化
2025-04-16 23:17:13,791 - DEBUG - 创建包含 19 个节点的图结构
2025-04-16 23:17:13,792 - DEBUG - 边统计: 正常边 258 条, 异常边 14 条
2025-04-16 23:17:13,844 - DEBUG - 正在保存可视化结果到 ./visual/omi/neighbor_all/range_ratio/omi-3/seg_3_2188_2201.png
2025-04-16 23:17:14,041 - INFO - 成功保存时间段 2188-2201 的可视化结果
2025-04-16 23:17:14,041 - INFO - 
正在处理时间段 5/6: 2497-2500
2025-04-16 23:17:14,041 - INFO - 该时间段的真实异常节点: {6, 7, 9, 10, 11, 12, 13, 14, 15, 16, 17, 18, 19}
2025-04-16 23:17:14,041 - INFO - 正在计算异常分数...
2025-04-16 23:17:14,041 - INFO - 检测到的异常节点: set()
2025-04-16 23:17:14,041 - INFO - 正在为时间段 2497-2500 生成可视化
2025-04-16 23:17:14,041 - INFO - 正在为时间段 2497-2500 生成异常图可视化
2025-04-16 23:17:14,041 - DEBUG - 创建包含 19 个节点的图结构
2025-04-16 23:17:14,042 - DEBUG - 边统计: 正常边 208 条, 异常边 2 条
2025-04-16 23:17:14,093 - DEBUG - 正在保存可视化结果到 ./visual/omi/neighbor_all/range_ratio/omi-3/seg_4_2497_2500.png
2025-04-16 23:17:14,288 - INFO - 成功保存时间段 2497-2500 的可视化结果
2025-04-16 23:17:14,289 - INFO - 
正在处理时间段 6/6: 3428-3434
2025-04-16 23:17:14,289 - INFO - 该时间段的真实异常节点: {7, 8, 9, 10, 11, 12, 13, 14, 15, 16, 17, 18, 19}
2025-04-16 23:17:14,289 - INFO - 正在计算异常分数...
2025-04-16 23:17:14,291 - INFO - 检测到的异常节点: {7, 8, 9, 10, 11, 12, 13, 14, 15, 16, 17, 18, 19}
2025-04-16 23:17:14,291 - INFO - 正在为时间段 3428-3434 生成可视化
2025-04-16 23:17:14,291 - INFO - 正在为时间段 3428-3434 生成异常图可视化
2025-04-16 23:17:14,292 - DEBUG - 创建包含 19 个节点的图结构
2025-04-16 23:17:14,293 - DEBUG - 边统计: 正常边 270 条, 异常边 2 条
2025-04-16 23:17:14,343 - DEBUG - 正在保存可视化结果到 ./visual/omi/neighbor_all/range_ratio/omi-3/seg_5_3428_3434.png
2025-04-16 23:17:14,537 - INFO - 成功保存时间段 3428-3434 的可视化结果
2025-04-16 23:17:14,537 - INFO - 正在从 ./visual/omi/neighbor_all/range_ratio/omi-3 中的图像创建GIF
2025-04-16 23:17:14,909 - INFO - GIF已保存到 ./visual/omi/neighbor_all/range_ratio/omi-3/omi-3.gif
2025-04-16 23:17:14,909 - INFO - 
==================================================
2025-04-16 23:17:14,909 - INFO - 开始数据集可视化: omi-4
2025-04-16 23:17:14,909 - INFO - 使用参数: 评分模式=range_ratio, all=None, 阈值=1.5
2025-04-16 23:17:14,909 - INFO - ==================================================

2025-04-16 23:17:14,909 - INFO - 正在加载数据集 omi-4 的数据
2025-04-16 23:17:14,910 - INFO - 数据加载成功。训练集形状: (8640, 19), 测试集形状: (4320, 19)
2025-04-16 23:17:14,910 - INFO - 正在计算边缘统计量...
2025-04-16 23:17:17,582 - INFO - 已计算 136 条边的统计量
2025-04-16 23:17:17,582 - INFO - 为每个节点使用所有邻居
2025-04-16 23:17:17,582 - INFO - 可视化结果将保存到: ./visual/omi/neighbor_all/range_ratio/omi-4
2025-04-16 23:17:17,583 - INFO - 在数据集中发现 5 个异常时间段
2025-04-16 23:17:17,583 - INFO - 
正在处理时间段 1/5: 727-782
2025-04-16 23:17:17,583 - INFO - 该时间段的真实异常节点: {1, 2, 6, 7, 8, 9, 10, 11, 12, 13, 14, 15, 16, 17, 18, 19}
2025-04-16 23:17:17,583 - INFO - 正在计算异常分数...
2025-04-16 23:17:17,621 - INFO - 检测到的异常节点: {1, 4, 5, 6, 7, 8, 9, 10, 11, 12, 13, 14, 15, 16, 17, 18, 19}
2025-04-16 23:17:17,621 - INFO - 正在为时间段 727-782 生成可视化
2025-04-16 23:17:17,621 - INFO - 正在为时间段 727-782 生成异常图可视化
2025-04-16 23:17:17,622 - DEBUG - 创建包含 19 个节点的图结构
2025-04-16 23:17:17,623 - DEBUG - 边统计: 正常边 240 条, 异常边 32 条
2025-04-16 23:17:17,676 - DEBUG - 正在保存可视化结果到 ./visual/omi/neighbor_all/range_ratio/omi-4/seg_0_727_782.png
2025-04-16 23:17:17,870 - INFO - 成功保存时间段 727-782 的可视化结果
2025-04-16 23:17:17,870 - INFO - 
正在处理时间段 2/5: 843-857
2025-04-16 23:17:17,870 - INFO - 该时间段的真实异常节点: {6, 7, 8, 9, 10, 11, 12, 13, 14, 15, 16, 17, 18, 19}
2025-04-16 23:17:17,870 - INFO - 正在计算异常分数...
2025-04-16 23:17:17,879 - INFO - 检测到的异常节点: {4, 5, 6, 7, 8, 9, 10, 11, 12, 13, 14, 15, 16, 17, 18, 19}
2025-04-16 23:17:17,879 - INFO - 正在为时间段 843-857 生成可视化
2025-04-16 23:17:17,879 - INFO - 正在为时间段 843-857 生成异常图可视化
2025-04-16 23:17:17,879 - DEBUG - 创建包含 19 个节点的图结构
2025-04-16 23:17:17,880 - DEBUG - 边统计: 正常边 236 条, 异常边 4 条
2025-04-16 23:17:17,932 - DEBUG - 正在保存可视化结果到 ./visual/omi/neighbor_all/range_ratio/omi-4/seg_1_843_857.png
2025-04-16 23:17:18,125 - INFO - 成功保存时间段 843-857 的可视化结果
2025-04-16 23:17:18,125 - INFO - 
正在处理时间段 3/5: 2178-2238
2025-04-16 23:17:18,125 - INFO - 该时间段的真实异常节点: {8, 9, 10, 11, 12, 13, 14, 15, 16, 17, 18, 19}
2025-04-16 23:17:18,125 - INFO - 正在计算异常分数...
2025-04-16 23:17:18,167 - INFO - 检测到的异常节点: {1, 4, 5, 6, 7, 8, 9, 10, 11, 12, 13, 14, 15, 16, 17, 18, 19}
2025-04-16 23:17:18,167 - INFO - 正在为时间段 2178-2238 生成可视化
2025-04-16 23:17:18,167 - INFO - 正在为时间段 2178-2238 生成异常图可视化
2025-04-16 23:17:18,167 - DEBUG - 创建包含 19 个节点的图结构
2025-04-16 23:17:18,168 - DEBUG - 边统计: 正常边 272 条, 异常边 0 条
2025-04-16 23:17:18,220 - DEBUG - 正在保存可视化结果到 ./visual/omi/neighbor_all/range_ratio/omi-4/seg_2_2178_2238.png
2025-04-16 23:17:18,415 - INFO - 成功保存时间段 2178-2238 的可视化结果
2025-04-16 23:17:18,415 - INFO - 
正在处理时间段 4/5: 2494-2501
2025-04-16 23:17:18,415 - INFO - 该时间段的真实异常节点: {7, 9, 10, 11, 12, 13, 14, 15, 16, 17, 18, 19}
2025-04-16 23:17:18,415 - INFO - 正在计算异常分数...
2025-04-16 23:17:18,418 - INFO - 检测到的异常节点: {6, 7, 9, 10, 11, 12, 13, 14, 15, 16, 17, 18, 19}
2025-04-16 23:17:18,418 - INFO - 正在为时间段 2494-2501 生成可视化
2025-04-16 23:17:18,418 - INFO - 正在为时间段 2494-2501 生成异常图可视化
2025-04-16 23:17:18,419 - DEBUG - 创建包含 19 个节点的图结构
2025-04-16 23:17:18,419 - DEBUG - 边统计: 正常边 218 条, 异常边 22 条
2025-04-16 23:17:18,472 - DEBUG - 正在保存可视化结果到 ./visual/omi/neighbor_all/range_ratio/omi-4/seg_3_2494_2501.png
2025-04-16 23:17:18,735 - INFO - 成功保存时间段 2494-2501 的可视化结果
2025-04-16 23:17:18,735 - INFO - 
正在处理时间段 5/5: 3425-3435
2025-04-16 23:17:18,735 - INFO - 该时间段的真实异常节点: {7, 8, 9, 10, 11, 12, 13, 14, 15, 16, 17, 18, 19}
2025-04-16 23:17:18,735 - INFO - 正在计算异常分数...
2025-04-16 23:17:18,741 - INFO - 检测到的异常节点: {5, 6, 7, 8, 9, 10, 11, 12, 13, 14, 15, 16, 17, 18, 19}
2025-04-16 23:17:18,741 - INFO - 正在为时间段 3425-3435 生成可视化
2025-04-16 23:17:18,741 - INFO - 正在为时间段 3425-3435 生成异常图可视化
2025-04-16 23:17:18,741 - DEBUG - 创建包含 19 个节点的图结构
2025-04-16 23:17:18,742 - DEBUG - 边统计: 正常边 252 条, 异常边 20 条
2025-04-16 23:17:18,792 - DEBUG - 正在保存可视化结果到 ./visual/omi/neighbor_all/range_ratio/omi-4/seg_4_3425_3435.png
2025-04-16 23:17:18,990 - INFO - 成功保存时间段 3425-3435 的可视化结果
2025-04-16 23:17:18,990 - INFO - 正在从 ./visual/omi/neighbor_all/range_ratio/omi-4 中的图像创建GIF
2025-04-16 23:17:19,299 - INFO - GIF已保存到 ./visual/omi/neighbor_all/range_ratio/omi-4/omi-4.gif
2025-04-16 23:17:19,300 - INFO - 
==================================================
2025-04-16 23:17:19,300 - INFO - 开始数据集可视化: omi-5
2025-04-16 23:17:19,300 - INFO - 使用参数: 评分模式=range_ratio, all=None, 阈值=0.0
2025-04-16 23:17:19,300 - INFO - ==================================================

2025-04-16 23:17:19,300 - INFO - 正在加载数据集 omi-5 的数据
2025-04-16 23:17:19,301 - INFO - 数据加载成功。训练集形状: (8640, 19), 测试集形状: (4320, 19)
2025-04-16 23:17:19,301 - INFO - 正在计算边缘统计量...
2025-04-16 23:17:22,151 - INFO - 已计算 153 条边的统计量
2025-04-16 23:17:22,151 - INFO - 为每个节点使用所有邻居
2025-04-16 23:17:22,152 - INFO - 可视化结果将保存到: ./visual/omi/neighbor_all/range_ratio/omi-5
2025-04-16 23:17:22,152 - INFO - 在数据集中发现 6 个异常时间段
2025-04-16 23:17:22,152 - INFO - 
正在处理时间段 1/6: 765-781
2025-04-16 23:17:22,153 - INFO - 该时间段的真实异常节点: {6, 7, 8, 9, 10, 11, 12, 13, 14, 15, 16, 17, 18, 19}
2025-04-16 23:17:22,153 - INFO - 正在计算异常分数...
2025-04-16 23:17:22,163 - INFO - 检测到的异常节点: {1, 2, 5, 6, 7, 8, 9, 10, 11, 12, 13, 14, 15, 16, 17, 18, 19}
2025-04-16 23:17:22,163 - INFO - 正在为时间段 765-781 生成可视化
2025-04-16 23:17:22,163 - INFO - 正在为时间段 765-781 生成异常图可视化
2025-04-16 23:17:22,163 - DEBUG - 创建包含 19 个节点的图结构
2025-04-16 23:17:22,164 - DEBUG - 边统计: 正常边 214 条, 异常边 92 条
2025-04-16 23:17:22,216 - DEBUG - 正在保存可视化结果到 ./visual/omi/neighbor_all/range_ratio/omi-5/seg_0_765_781.png
2025-04-16 23:17:22,425 - INFO - 成功保存时间段 765-781 的可视化结果
2025-04-16 23:17:22,425 - INFO - 
正在处理时间段 2/6: 1589-1617
2025-04-16 23:17:22,425 - INFO - 该时间段的真实异常节点: {17, 2, 4}
2025-04-16 23:17:22,425 - INFO - 正在计算异常分数...
2025-04-16 23:17:22,446 - INFO - 检测到的异常节点: {1, 2, 4, 5, 6, 7, 8, 9, 10, 11, 12, 13, 14, 15, 16, 17, 18, 19}
2025-04-16 23:17:22,446 - INFO - 正在为时间段 1589-1617 生成可视化
2025-04-16 23:17:22,446 - INFO - 正在为时间段 1589-1617 生成异常图可视化
2025-04-16 23:17:22,446 - DEBUG - 创建包含 19 个节点的图结构
2025-04-16 23:17:22,447 - DEBUG - 边统计: 正常边 270 条, 异常边 36 条
2025-04-16 23:17:22,498 - DEBUG - 正在保存可视化结果到 ./visual/omi/neighbor_all/range_ratio/omi-5/seg_1_1589_1617.png
2025-04-16 23:17:22,702 - INFO - 成功保存时间段 1589-1617 的可视化结果
2025-04-16 23:17:22,702 - INFO - 
正在处理时间段 3/6: 2440-2446
2025-04-16 23:17:22,702 - INFO - 该时间段的真实异常节点: {8, 11, 12, 13, 14, 15, 16, 17, 18, 19}
2025-04-16 23:17:22,702 - INFO - 正在计算异常分数...
2025-04-16 23:17:22,705 - INFO - 检测到的异常节点: {1, 4, 5, 6, 7, 8, 9, 10, 11, 12, 13, 14, 15, 16, 17, 18, 19}
2025-04-16 23:17:22,705 - INFO - 正在为时间段 2440-2446 生成可视化
2025-04-16 23:17:22,705 - INFO - 正在为时间段 2440-2446 生成异常图可视化
2025-04-16 23:17:22,706 - DEBUG - 创建包含 19 个节点的图结构
2025-04-16 23:17:22,707 - DEBUG - 边统计: 正常边 246 条, 异常边 60 条
2025-04-16 23:17:22,756 - DEBUG - 正在保存可视化结果到 ./visual/omi/neighbor_all/range_ratio/omi-5/seg_2_2440_2446.png
2025-04-16 23:17:22,963 - INFO - 成功保存时间段 2440-2446 的可视化结果
2025-04-16 23:17:22,963 - INFO - 
正在处理时间段 4/6: 3356-3363
2025-04-16 23:17:22,963 - INFO - 该时间段的真实异常节点: {17, 5, 6}
2025-04-16 23:17:22,963 - INFO - 正在计算异常分数...
2025-04-16 23:17:22,967 - INFO - 检测到的异常节点: {1, 4, 5, 6, 7, 8, 9, 10, 11, 12, 13, 14, 15, 16, 17, 18, 19}
2025-04-16 23:17:22,967 - INFO - 正在为时间段 3356-3363 生成可视化
2025-04-16 23:17:22,967 - INFO - 正在为时间段 3356-3363 生成异常图可视化
2025-04-16 23:17:22,967 - DEBUG - 创建包含 19 个节点的图结构
2025-04-16 23:17:22,968 - DEBUG - 边统计: 正常边 260 条, 异常边 46 条
2025-04-16 23:17:23,017 - DEBUG - 正在保存可视化结果到 ./visual/omi/neighbor_all/range_ratio/omi-5/seg_3_3356_3363.png
2025-04-16 23:17:23,226 - INFO - 成功保存时间段 3356-3363 的可视化结果
2025-04-16 23:17:23,226 - INFO - 
正在处理时间段 5/6: 3416-3423
2025-04-16 23:17:23,226 - INFO - 该时间段的真实异常节点: {4, 5, 7, 9, 10, 11, 12, 13, 14, 15, 16, 17, 18, 19}
2025-04-16 23:17:23,226 - INFO - 正在计算异常分数...
2025-04-16 23:17:23,230 - INFO - 检测到的异常节点: {1, 4, 5, 6, 7, 8, 9, 10, 11, 12, 13, 14, 15, 16, 17, 18, 19}
2025-04-16 23:17:23,230 - INFO - 正在为时间段 3416-3423 生成可视化
2025-04-16 23:17:23,230 - INFO - 正在为时间段 3416-3423 生成异常图可视化
2025-04-16 23:17:23,230 - DEBUG - 创建包含 19 个节点的图结构
2025-04-16 23:17:23,231 - DEBUG - 边统计: 正常边 294 条, 异常边 12 条
2025-04-16 23:17:23,282 - DEBUG - 正在保存可视化结果到 ./visual/omi/neighbor_all/range_ratio/omi-5/seg_4_3416_3423.png
2025-04-16 23:17:23,486 - INFO - 成功保存时间段 3416-3423 的可视化结果
2025-04-16 23:17:23,486 - INFO - 
正在处理时间段 6/6: 3590-3594
2025-04-16 23:17:23,486 - INFO - 该时间段的真实异常节点: {1, 8, 17, 18, 19}
2025-04-16 23:17:23,486 - INFO - 正在计算异常分数...
2025-04-16 23:17:23,487 - INFO - 检测到的异常节点: {1, 4, 5, 6, 7, 8, 9, 10, 11, 12, 13, 14, 15, 16, 17, 18, 19}
2025-04-16 23:17:23,487 - INFO - 正在为时间段 3590-3594 生成可视化
2025-04-16 23:17:23,487 - INFO - 正在为时间段 3590-3594 生成异常图可视化
2025-04-16 23:17:23,487 - DEBUG - 创建包含 19 个节点的图结构
2025-04-16 23:17:23,488 - DEBUG - 边统计: 正常边 232 条, 异常边 74 条
2025-04-16 23:17:23,539 - DEBUG - 正在保存可视化结果到 ./visual/omi/neighbor_all/range_ratio/omi-5/seg_5_3590_3594.png
2025-04-16 23:17:23,744 - INFO - 成功保存时间段 3590-3594 的可视化结果
2025-04-16 23:17:23,744 - INFO - 正在从 ./visual/omi/neighbor_all/range_ratio/omi-5 中的图像创建GIF
2025-04-16 23:17:24,121 - INFO - GIF已保存到 ./visual/omi/neighbor_all/range_ratio/omi-5/omi-5.gif
2025-04-16 23:17:24,121 - INFO - 
==================================================
2025-04-16 23:17:24,122 - INFO - 开始数据集可视化: omi-6
2025-04-16 23:17:24,122 - INFO - 使用参数: 评分模式=range_ratio, all=None, 阈值=2.0
2025-04-16 23:17:24,122 - INFO - ==================================================

2025-04-16 23:17:24,122 - INFO - 正在加载数据集 omi-6 的数据
2025-04-16 23:17:24,122 - INFO - 数据加载成功。训练集形状: (8640, 19), 测试集形状: (4320, 19)
2025-04-16 23:17:24,123 - INFO - 正在计算边缘统计量...
2025-04-16 23:17:26,829 - INFO - 已计算 153 条边的统计量
2025-04-16 23:17:26,829 - INFO - 为每个节点使用所有邻居
2025-04-16 23:17:26,829 - INFO - 可视化结果将保存到: ./visual/omi/neighbor_all/range_ratio/omi-6
2025-04-16 23:17:26,830 - INFO - 在数据集中发现 10 个异常时间段
2025-04-16 23:17:26,830 - INFO - 
正在处理时间段 1/10: 357-392
2025-04-16 23:17:26,830 - INFO - 该时间段的真实异常节点: {19, 4}
2025-04-16 23:17:26,830 - INFO - 正在计算异常分数...
2025-04-16 23:17:26,853 - INFO - 检测到的异常节点: {1, 4, 5, 6, 7, 8, 9, 10, 11, 12, 13, 14, 15, 16, 17, 18, 19}
2025-04-16 23:17:26,853 - INFO - 正在为时间段 357-392 生成可视化
2025-04-16 23:17:26,853 - INFO - 正在为时间段 357-392 生成异常图可视化
2025-04-16 23:17:26,854 - DEBUG - 创建包含 19 个节点的图结构
2025-04-16 23:17:26,855 - DEBUG - 边统计: 正常边 254 条, 异常边 18 条
2025-04-16 23:17:26,908 - DEBUG - 正在保存可视化结果到 ./visual/omi/neighbor_all/range_ratio/omi-6/seg_0_357_392.png
2025-04-16 23:17:27,106 - INFO - 成功保存时间段 357-392 的可视化结果
2025-04-16 23:17:27,106 - INFO - 
正在处理时间段 2/10: 750-788
2025-04-16 23:17:27,106 - INFO - 该时间段的真实异常节点: {2, 6, 7, 8, 9, 10, 11, 12, 13, 14, 15, 16, 17, 18, 19}
2025-04-16 23:17:27,106 - INFO - 正在计算异常分数...
2025-04-16 23:17:27,134 - INFO - 检测到的异常节点: {1, 4, 5, 6, 7, 8, 9, 10, 11, 12, 13, 14, 15, 16, 17, 18, 19}
2025-04-16 23:17:27,134 - INFO - 正在为时间段 750-788 生成可视化
2025-04-16 23:17:27,134 - INFO - 正在为时间段 750-788 生成异常图可视化
2025-04-16 23:17:27,134 - DEBUG - 创建包含 19 个节点的图结构
2025-04-16 23:17:27,135 - DEBUG - 边统计: 正常边 184 条, 异常边 88 条
2025-04-16 23:17:27,186 - DEBUG - 正在保存可视化结果到 ./visual/omi/neighbor_all/range_ratio/omi-6/seg_1_750_788.png
2025-04-16 23:17:27,384 - INFO - 成功保存时间段 750-788 的可视化结果
2025-04-16 23:17:27,384 - INFO - 
正在处理时间段 3/10: 1278-1293
2025-04-16 23:17:27,384 - INFO - 该时间段的真实异常节点: {4, 5, 6, 8, 17}
2025-04-16 23:17:27,384 - INFO - 正在计算异常分数...
2025-04-16 23:17:27,394 - INFO - 检测到的异常节点: {1, 4, 5, 6, 7, 8, 9, 10, 11, 12, 13, 14, 15, 16, 17, 18, 19}
2025-04-16 23:17:27,394 - INFO - 正在为时间段 1278-1293 生成可视化
2025-04-16 23:17:27,394 - INFO - 正在为时间段 1278-1293 生成异常图可视化
2025-04-16 23:17:27,394 - DEBUG - 创建包含 19 个节点的图结构
2025-04-16 23:17:27,395 - DEBUG - 边统计: 正常边 270 条, 异常边 2 条
2025-04-16 23:17:27,446 - DEBUG - 正在保存可视化结果到 ./visual/omi/neighbor_all/range_ratio/omi-6/seg_2_1278_1293.png
2025-04-16 23:17:27,640 - INFO - 成功保存时间段 1278-1293 的可视化结果
2025-04-16 23:17:27,640 - INFO - 
正在处理时间段 4/10: 1590-1615
2025-04-16 23:17:27,641 - INFO - 该时间段的真实异常节点: {1, 18, 9}
2025-04-16 23:17:27,641 - INFO - 正在计算异常分数...
2025-04-16 23:17:27,657 - INFO - 检测到的异常节点: {1, 4, 5, 6, 7, 8, 9, 10, 11, 12, 13, 14, 15, 16, 17, 18, 19}
2025-04-16 23:17:27,657 - INFO - 正在为时间段 1590-1615 生成可视化
2025-04-16 23:17:27,657 - INFO - 正在为时间段 1590-1615 生成异常图可视化
2025-04-16 23:17:27,658 - DEBUG - 创建包含 19 个节点的图结构
2025-04-16 23:17:27,659 - DEBUG - 边统计: 正常边 272 条, 异常边 0 条
2025-04-16 23:17:27,711 - DEBUG - 正在保存可视化结果到 ./visual/omi/neighbor_all/range_ratio/omi-6/seg_3_1590_1615.png
2025-04-16 23:17:27,905 - INFO - 成功保存时间段 1590-1615 的可视化结果
2025-04-16 23:17:27,905 - INFO - 
正在处理时间段 5/10: 2592-2604
2025-04-16 23:17:27,906 - INFO - 该时间段的真实异常节点: {9, 4, 6}
2025-04-16 23:17:27,906 - INFO - 正在计算异常分数...
2025-04-16 23:17:27,913 - INFO - 检测到的异常节点: {4, 5, 6, 7, 8, 9, 10, 11, 12, 13, 14, 15, 16, 17, 18, 19}
2025-04-16 23:17:27,913 - INFO - 正在为时间段 2592-2604 生成可视化
2025-04-16 23:17:27,913 - INFO - 正在为时间段 2592-2604 生成异常图可视化
2025-04-16 23:17:27,913 - DEBUG - 创建包含 19 个节点的图结构
2025-04-16 23:17:27,914 - DEBUG - 边统计: 正常边 236 条, 异常边 4 条
2025-04-16 23:17:28,037 - DEBUG - 正在保存可视化结果到 ./visual/omi/neighbor_all/range_ratio/omi-6/seg_4_2592_2604.png
2025-04-16 23:17:28,231 - INFO - 成功保存时间段 2592-2604 的可视化结果
2025-04-16 23:17:28,231 - INFO - 
正在处理时间段 6/10: 2734-2765
2025-04-16 23:17:28,231 - INFO - 该时间段的真实异常节点: {8, 19, 4, 6}
2025-04-16 23:17:28,231 - INFO - 正在计算异常分数...
2025-04-16 23:17:28,253 - INFO - 检测到的异常节点: {1, 4, 5, 6, 7, 8, 9, 10, 11, 12, 13, 14, 15, 16, 17, 18, 19}
2025-04-16 23:17:28,253 - INFO - 正在为时间段 2734-2765 生成可视化
2025-04-16 23:17:28,254 - INFO - 正在为时间段 2734-2765 生成异常图可视化
2025-04-16 23:17:28,254 - DEBUG - 创建包含 19 个节点的图结构
2025-04-16 23:17:28,255 - DEBUG - 边统计: 正常边 270 条, 异常边 2 条
2025-04-16 23:17:28,306 - DEBUG - 正在保存可视化结果到 ./visual/omi/neighbor_all/range_ratio/omi-6/seg_5_2734_2765.png
2025-04-16 23:17:28,500 - INFO - 成功保存时间段 2734-2765 的可视化结果
2025-04-16 23:17:28,500 - INFO - 
正在处理时间段 7/10: 3066-3072
2025-04-16 23:17:28,500 - INFO - 该时间段的真实异常节点: {19, 4, 6}
2025-04-16 23:17:28,500 - INFO - 正在计算异常分数...
2025-04-16 23:17:28,503 - INFO - 检测到的异常节点: {4, 5, 6, 7, 8, 10, 11, 12, 13, 14, 15, 16, 17, 18, 19}
2025-04-16 23:17:28,503 - INFO - 正在为时间段 3066-3072 生成可视化
2025-04-16 23:17:28,503 - INFO - 正在为时间段 3066-3072 生成异常图可视化
2025-04-16 23:17:28,503 - DEBUG - 创建包含 19 个节点的图结构
2025-04-16 23:17:28,504 - DEBUG - 边统计: 正常边 230 条, 异常边 42 条
2025-04-16 23:17:28,554 - DEBUG - 正在保存可视化结果到 ./visual/omi/neighbor_all/range_ratio/omi-6/seg_6_3066_3072.png
2025-04-16 23:17:28,750 - INFO - 成功保存时间段 3066-3072 的可视化结果
2025-04-16 23:17:28,750 - INFO - 
正在处理时间段 8/10: 3596-3605
2025-04-16 23:17:28,750 - INFO - 该时间段的真实异常节点: {19, 4, 5, 6}
2025-04-16 23:17:28,750 - INFO - 正在计算异常分数...
2025-04-16 23:17:28,755 - INFO - 检测到的异常节点: {1, 4, 5, 6, 7, 8, 9, 10, 11, 12, 13, 14, 15, 16, 17, 18, 19}
2025-04-16 23:17:28,755 - INFO - 正在为时间段 3596-3605 生成可视化
2025-04-16 23:17:28,755 - INFO - 正在为时间段 3596-3605 生成异常图可视化
2025-04-16 23:17:28,755 - DEBUG - 创建包含 19 个节点的图结构
2025-04-16 23:17:28,756 - DEBUG - 边统计: 正常边 272 条, 异常边 0 条
2025-04-16 23:17:28,807 - DEBUG - 正在保存可视化结果到 ./visual/omi/neighbor_all/range_ratio/omi-6/seg_7_3596_3605.png
2025-04-16 23:17:29,003 - INFO - 成功保存时间段 3596-3605 的可视化结果
2025-04-16 23:17:29,003 - INFO - 
正在处理时间段 9/10: 3610-3622
2025-04-16 23:17:29,003 - INFO - 该时间段的真实异常节点: {1, 4, 5}
2025-04-16 23:17:29,003 - INFO - 正在计算异常分数...
2025-04-16 23:17:29,010 - INFO - 检测到的异常节点: {1, 4, 5, 6, 7, 8, 9, 10, 11, 12, 13, 14, 15, 16, 17, 18, 19}
2025-04-16 23:17:29,010 - INFO - 正在为时间段 3610-3622 生成可视化
2025-04-16 23:17:29,010 - INFO - 正在为时间段 3610-3622 生成异常图可视化
2025-04-16 23:17:29,010 - DEBUG - 创建包含 19 个节点的图结构
2025-04-16 23:17:29,011 - DEBUG - 边统计: 正常边 272 条, 异常边 0 条
2025-04-16 23:17:29,062 - DEBUG - 正在保存可视化结果到 ./visual/omi/neighbor_all/range_ratio/omi-6/seg_8_3610_3622.png
2025-04-16 23:17:29,256 - INFO - 成功保存时间段 3610-3622 的可视化结果
2025-04-16 23:17:29,256 - INFO - 
正在处理时间段 10/10: 4159-4164
2025-04-16 23:17:29,256 - INFO - 该时间段的真实异常节点: {4, 5}
2025-04-16 23:17:29,256 - INFO - 正在计算异常分数...
2025-04-16 23:17:29,258 - INFO - 检测到的异常节点: {4, 5, 6, 7, 8, 9, 10, 17, 18}
2025-04-16 23:17:29,258 - INFO - 正在为时间段 4159-4164 生成可视化
2025-04-16 23:17:29,258 - INFO - 正在为时间段 4159-4164 生成异常图可视化
2025-04-16 23:17:29,258 - DEBUG - 创建包含 19 个节点的图结构
2025-04-16 23:17:29,259 - DEBUG - 边统计: 正常边 248 条, 异常边 24 条
2025-04-16 23:17:29,310 - DEBUG - 正在保存可视化结果到 ./visual/omi/neighbor_all/range_ratio/omi-6/seg_9_4159_4164.png
2025-04-16 23:17:29,506 - INFO - 成功保存时间段 4159-4164 的可视化结果
2025-04-16 23:17:29,506 - INFO - 正在从 ./visual/omi/neighbor_all/range_ratio/omi-6 中的图像创建GIF
2025-04-16 23:17:30,111 - INFO - GIF已保存到 ./visual/omi/neighbor_all/range_ratio/omi-6/omi-6.gif
2025-04-16 23:17:30,111 - INFO - 
==================================================
2025-04-16 23:17:30,111 - INFO - 开始数据集可视化: omi-7
2025-04-16 23:17:30,111 - INFO - 使用参数: 评分模式=range_ratio, all=None, 阈值=2.0
2025-04-16 23:17:30,111 - INFO - ==================================================

2025-04-16 23:17:30,111 - INFO - 正在加载数据集 omi-7 的数据
2025-04-16 23:17:30,112 - INFO - 数据加载成功。训练集形状: (8640, 19), 测试集形状: (4320, 19)
2025-04-16 23:17:30,112 - INFO - 正在计算边缘统计量...
2025-04-16 23:17:32,618 - INFO - 已计算 136 条边的统计量
2025-04-16 23:17:32,618 - INFO - 为每个节点使用所有邻居
2025-04-16 23:17:32,618 - INFO - 可视化结果将保存到: ./visual/omi/neighbor_all/range_ratio/omi-7
2025-04-16 23:17:32,619 - INFO - 在数据集中发现 3 个异常时间段
2025-04-16 23:17:32,619 - INFO - 
正在处理时间段 1/3: 738-778
2025-04-16 23:17:32,619 - INFO - 该时间段的真实异常节点: {1, 2, 4, 6, 7, 8, 9, 10, 11, 12, 13, 14, 15, 16, 17, 18, 19}
2025-04-16 23:17:32,619 - INFO - 正在计算异常分数...
2025-04-16 23:17:32,645 - INFO - 检测到的异常节点: {1, 4, 5, 6, 7, 8, 9, 10, 11, 12, 13, 14, 15, 16, 17, 18, 19}
2025-04-16 23:17:32,645 - INFO - 正在为时间段 738-778 生成可视化
2025-04-16 23:17:32,645 - INFO - 正在为时间段 738-778 生成异常图可视化
2025-04-16 23:17:32,646 - DEBUG - 创建包含 19 个节点的图结构
2025-04-16 23:17:32,647 - DEBUG - 边统计: 正常边 166 条, 异常边 106 条
2025-04-16 23:17:32,700 - DEBUG - 正在保存可视化结果到 ./visual/omi/neighbor_all/range_ratio/omi-7/seg_0_738_778.png
2025-04-16 23:17:32,897 - INFO - 成功保存时间段 738-778 的可视化结果
2025-04-16 23:17:32,897 - INFO - 
正在处理时间段 2/3: 1625-1660
2025-04-16 23:17:32,897 - INFO - 该时间段的真实异常节点: {7, 10, 11, 12, 13, 14, 15, 16, 17, 18, 19}
2025-04-16 23:17:32,897 - INFO - 正在计算异常分数...
2025-04-16 23:17:32,920 - INFO - 检测到的异常节点: {5, 7, 8, 9, 10, 11, 12, 13, 14, 15, 16, 17, 18, 19}
2025-04-16 23:17:32,921 - INFO - 正在为时间段 1625-1660 生成可视化
2025-04-16 23:17:32,921 - INFO - 正在为时间段 1625-1660 生成异常图可视化
2025-04-16 23:17:32,921 - DEBUG - 创建包含 19 个节点的图结构
2025-04-16 23:17:32,922 - DEBUG - 边统计: 正常边 130 条, 异常边 52 条
2025-04-16 23:17:32,971 - DEBUG - 正在保存可视化结果到 ./visual/omi/neighbor_all/range_ratio/omi-7/seg_1_1625_1660.png
2025-04-16 23:17:33,168 - INFO - 成功保存时间段 1625-1660 的可视化结果
2025-04-16 23:17:33,169 - INFO - 
正在处理时间段 3/3: 3311-3320
2025-04-16 23:17:33,169 - INFO - 该时间段的真实异常节点: {7, 10, 11, 12, 13, 14, 15, 16, 17, 18, 19}
2025-04-16 23:17:33,169 - INFO - 正在计算异常分数...
2025-04-16 23:17:33,173 - INFO - 检测到的异常节点: {7, 10, 11, 12, 13, 14, 15, 16, 17, 18, 19}
2025-04-16 23:17:33,173 - INFO - 正在为时间段 3311-3320 生成可视化
2025-04-16 23:17:33,173 - INFO - 正在为时间段 3311-3320 生成异常图可视化
2025-04-16 23:17:33,173 - DEBUG - 创建包含 19 个节点的图结构
2025-04-16 23:17:33,174 - DEBUG - 边统计: 正常边 188 条, 异常边 22 条
2025-04-16 23:17:33,223 - DEBUG - 正在保存可视化结果到 ./visual/omi/neighbor_all/range_ratio/omi-7/seg_2_3311_3320.png
2025-04-16 23:17:33,421 - INFO - 成功保存时间段 3311-3320 的可视化结果
2025-04-16 23:17:33,422 - INFO - 正在从 ./visual/omi/neighbor_all/range_ratio/omi-7 中的图像创建GIF
2025-04-16 23:17:33,615 - INFO - GIF已保存到 ./visual/omi/neighbor_all/range_ratio/omi-7/omi-7.gif
2025-04-16 23:17:33,615 - INFO - 
==================================================
2025-04-16 23:17:33,615 - INFO - 开始数据集可视化: omi-8
2025-04-16 23:17:33,615 - INFO - 使用参数: 评分模式=range_ratio, all=None, 阈值=6.5
2025-04-16 23:17:33,615 - INFO - ==================================================

2025-04-16 23:17:33,615 - INFO - 正在加载数据集 omi-8 的数据
2025-04-16 23:17:33,616 - INFO - 数据加载成功。训练集形状: (8640, 19), 测试集形状: (4320, 19)
2025-04-16 23:17:33,616 - INFO - 正在计算边缘统计量...
2025-04-16 23:17:36,120 - INFO - 已计算 136 条边的统计量
2025-04-16 23:17:36,120 - INFO - 为每个节点使用所有邻居
2025-04-16 23:17:36,120 - INFO - 可视化结果将保存到: ./visual/omi/neighbor_all/range_ratio/omi-8
2025-04-16 23:17:36,121 - INFO - 在数据集中发现 5 个异常时间段
2025-04-16 23:17:36,121 - INFO - 
正在处理时间段 1/5: 740-753
2025-04-16 23:17:36,121 - INFO - 该时间段的真实异常节点: {2, 4}
2025-04-16 23:17:36,121 - INFO - 正在计算异常分数...
2025-04-16 23:17:36,129 - INFO - 检测到的异常节点: {1, 4, 7, 8, 9, 10, 11, 12, 13, 14, 15, 16, 18}
2025-04-16 23:17:36,129 - INFO - 正在为时间段 740-753 生成可视化
2025-04-16 23:17:36,129 - INFO - 正在为时间段 740-753 生成异常图可视化
2025-04-16 23:17:36,129 - DEBUG - 创建包含 19 个节点的图结构
2025-04-16 23:17:36,130 - DEBUG - 边统计: 正常边 238 条, 异常边 2 条
2025-04-16 23:17:36,183 - DEBUG - 正在保存可视化结果到 ./visual/omi/neighbor_all/range_ratio/omi-8/seg_0_740_753.png
2025-04-16 23:17:36,380 - INFO - 成功保存时间段 740-753 的可视化结果
2025-04-16 23:17:36,380 - INFO - 
正在处理时间段 2/5: 764-780
2025-04-16 23:17:36,380 - INFO - 该时间段的真实异常节点: {6, 7, 8, 9, 10, 11, 12, 13, 14, 15, 16, 17, 18, 19}
2025-04-16 23:17:36,380 - INFO - 正在计算异常分数...
2025-04-16 23:17:36,389 - INFO - 检测到的异常节点: {1, 6, 7, 8, 9, 10, 11, 12, 13, 14, 15, 16, 17, 18, 19}
2025-04-16 23:17:36,389 - INFO - 正在为时间段 764-780 生成可视化
2025-04-16 23:17:36,389 - INFO - 正在为时间段 764-780 生成异常图可视化
2025-04-16 23:17:36,390 - DEBUG - 创建包含 19 个节点的图结构
2025-04-16 23:17:36,390 - DEBUG - 边统计: 正常边 146 条, 异常边 64 条
2025-04-16 23:17:36,443 - DEBUG - 正在保存可视化结果到 ./visual/omi/neighbor_all/range_ratio/omi-8/seg_1_764_780.png
2025-04-16 23:17:36,637 - INFO - 成功保存时间段 764-780 的可视化结果
2025-04-16 23:17:36,637 - INFO - 
正在处理时间段 3/5: 2319-2325
2025-04-16 23:17:36,637 - INFO - 该时间段的真实异常节点: {4, 5, 6}
2025-04-16 23:17:36,637 - INFO - 正在计算异常分数...
2025-04-16 23:17:36,639 - INFO - 检测到的异常节点: {4, 5, 7, 8, 9, 10, 11, 12, 16, 19}
2025-04-16 23:17:36,639 - INFO - 正在为时间段 2319-2325 生成可视化
2025-04-16 23:17:36,639 - INFO - 正在为时间段 2319-2325 生成异常图可视化
2025-04-16 23:17:36,640 - DEBUG - 创建包含 19 个节点的图结构
2025-04-16 23:17:36,641 - DEBUG - 边统计: 正常边 228 条, 异常边 44 条
2025-04-16 23:17:36,691 - DEBUG - 正在保存可视化结果到 ./visual/omi/neighbor_all/range_ratio/omi-8/seg_2_2319_2325.png
2025-04-16 23:17:36,887 - INFO - 成功保存时间段 2319-2325 的可视化结果
2025-04-16 23:17:36,887 - INFO - 
正在处理时间段 4/5: 2586-2675
2025-04-16 23:17:36,887 - INFO - 该时间段的真实异常节点: {5, 6, 8, 17, 18, 19}
2025-04-16 23:17:36,887 - INFO - 正在计算异常分数...
2025-04-16 23:17:36,954 - INFO - 检测到的异常节点: {1, 4, 5, 6, 7, 8, 9, 10, 11, 12, 13, 14, 15, 16, 17, 18, 19}
2025-04-16 23:17:36,954 - INFO - 正在为时间段 2586-2675 生成可视化
2025-04-16 23:17:36,954 - INFO - 正在为时间段 2586-2675 生成异常图可视化
2025-04-16 23:17:36,954 - DEBUG - 创建包含 19 个节点的图结构
2025-04-16 23:17:36,955 - DEBUG - 边统计: 正常边 260 条, 异常边 12 条
2025-04-16 23:17:37,077 - DEBUG - 正在保存可视化结果到 ./visual/omi/neighbor_all/range_ratio/omi-8/seg_3_2586_2675.png
2025-04-16 23:17:37,274 - INFO - 成功保存时间段 2586-2675 的可视化结果
2025-04-16 23:17:37,274 - INFO - 
正在处理时间段 5/5: 2897-2956
2025-04-16 23:17:37,274 - INFO - 该时间段的真实异常节点: {2, 6, 8, 17, 18, 19}
2025-04-16 23:17:37,274 - INFO - 正在计算异常分数...
2025-04-16 23:17:37,316 - INFO - 检测到的异常节点: {1, 4, 5, 6, 7, 8, 9, 10, 11, 12, 13, 14, 15, 16, 17, 18, 19}
2025-04-16 23:17:37,316 - INFO - 正在为时间段 2897-2956 生成可视化
2025-04-16 23:17:37,316 - INFO - 正在为时间段 2897-2956 生成异常图可视化
2025-04-16 23:17:37,317 - DEBUG - 创建包含 19 个节点的图结构
2025-04-16 23:17:37,318 - DEBUG - 边统计: 正常边 230 条, 异常边 42 条
2025-04-16 23:17:37,368 - DEBUG - 正在保存可视化结果到 ./visual/omi/neighbor_all/range_ratio/omi-8/seg_4_2897_2956.png
2025-04-16 23:17:37,565 - INFO - 成功保存时间段 2897-2956 的可视化结果
2025-04-16 23:17:37,566 - INFO - 正在从 ./visual/omi/neighbor_all/range_ratio/omi-8 中的图像创建GIF
2025-04-16 23:17:37,877 - INFO - GIF已保存到 ./visual/omi/neighbor_all/range_ratio/omi-8/omi-8.gif
2025-04-16 23:17:37,877 - INFO - 
==================================================
2025-04-16 23:17:37,877 - INFO - 开始数据集可视化: omi-9
2025-04-16 23:17:37,877 - INFO - 使用参数: 评分模式=range_ratio, all=None, 阈值=0.0
2025-04-16 23:17:37,877 - INFO - ==================================================

2025-04-16 23:17:37,877 - INFO - 正在加载数据集 omi-9 的数据
2025-04-16 23:17:37,878 - INFO - 数据加载成功。训练集形状: (8640, 19), 测试集形状: (4320, 19)
2025-04-16 23:17:37,878 - INFO - 正在计算边缘统计量...
2025-04-16 23:17:40,314 - INFO - 已计算 136 条边的统计量
2025-04-16 23:17:40,314 - INFO - 为每个节点使用所有邻居
2025-04-16 23:17:40,314 - INFO - 可视化结果将保存到: ./visual/omi/neighbor_all/range_ratio/omi-9
2025-04-16 23:17:40,315 - INFO - 在数据集中发现 8 个异常时间段
2025-04-16 23:17:40,315 - INFO - 
正在处理时间段 1/8: 738-756
2025-04-16 23:17:40,315 - INFO - 该时间段的真实异常节点: {2, 9, 10, 11, 12, 13, 14, 15, 16, 17, 18, 19}
2025-04-16 23:17:40,315 - INFO - 正在计算异常分数...
2025-04-16 23:17:40,325 - INFO - 检测到的异常节点: {1, 7, 8, 9, 10, 11, 12, 13, 14, 15, 16, 17, 18, 19}
2025-04-16 23:17:40,325 - INFO - 正在为时间段 738-756 生成可视化
2025-04-16 23:17:40,326 - INFO - 正在为时间段 738-756 生成异常图可视化
2025-04-16 23:17:40,326 - DEBUG - 创建包含 19 个节点的图结构
2025-04-16 23:17:40,327 - DEBUG - 边统计: 正常边 158 条, 异常边 24 条
2025-04-16 23:17:40,379 - DEBUG - 正在保存可视化结果到 ./visual/omi/neighbor_all/range_ratio/omi-9/seg_0_738_756.png
2025-04-16 23:17:40,576 - INFO - 成功保存时间段 738-756 的可视化结果
2025-04-16 23:17:40,576 - INFO - 
正在处理时间段 2/8: 763-780
2025-04-16 23:17:40,576 - INFO - 该时间段的真实异常节点: {1, 6, 7, 8, 9, 10, 11, 12, 13, 14, 15, 16, 17, 18, 19}
2025-04-16 23:17:40,576 - INFO - 正在计算异常分数...
2025-04-16 23:17:40,586 - INFO - 检测到的异常节点: {1, 6, 7, 8, 9, 10, 11, 12, 13, 14, 15, 16, 17, 18, 19}
2025-04-16 23:17:40,586 - INFO - 正在为时间段 763-780 生成可视化
2025-04-16 23:17:40,586 - INFO - 正在为时间段 763-780 生成异常图可视化
2025-04-16 23:17:40,586 - DEBUG - 创建包含 19 个节点的图结构
2025-04-16 23:17:40,587 - DEBUG - 边统计: 正常边 118 条, 异常边 92 条
2025-04-16 23:17:40,640 - DEBUG - 正在保存可视化结果到 ./visual/omi/neighbor_all/range_ratio/omi-9/seg_1_763_780.png
2025-04-16 23:17:40,845 - INFO - 成功保存时间段 763-780 的可视化结果
2025-04-16 23:17:40,845 - INFO - 
正在处理时间段 3/8: 2514-2524
2025-04-16 23:17:40,846 - INFO - 该时间段的真实异常节点: {1, 4, 5, 7, 8, 9, 17, 18}
2025-04-16 23:17:40,846 - INFO - 正在计算异常分数...
2025-04-16 23:17:40,852 - INFO - 检测到的异常节点: {1, 4, 5, 6, 7, 8, 9, 10, 11, 12, 13, 14, 15, 16, 17, 18, 19}
2025-04-16 23:17:40,852 - INFO - 正在为时间段 2514-2524 生成可视化
2025-04-16 23:17:40,852 - INFO - 正在为时间段 2514-2524 生成异常图可视化
2025-04-16 23:17:40,852 - DEBUG - 创建包含 19 个节点的图结构
2025-04-16 23:17:40,853 - DEBUG - 边统计: 正常边 210 条, 异常边 62 条
2025-04-16 23:17:40,909 - DEBUG - 正在保存可视化结果到 ./visual/omi/neighbor_all/range_ratio/omi-9/seg_2_2514_2524.png
2025-04-16 23:17:41,106 - INFO - 成功保存时间段 2514-2524 的可视化结果
2025-04-16 23:17:41,106 - INFO - 
正在处理时间段 4/8: 2603-2668
2025-04-16 23:17:41,106 - INFO - 该时间段的真实异常节点: {1, 2, 5, 6, 8, 17, 18, 19}
2025-04-16 23:17:41,106 - INFO - 正在计算异常分数...
2025-04-16 23:17:41,151 - INFO - 检测到的异常节点: {1, 4, 5, 6, 7, 8, 9, 10, 11, 12, 13, 14, 15, 16, 17, 18, 19}
2025-04-16 23:17:41,151 - INFO - 正在为时间段 2603-2668 生成可视化
2025-04-16 23:17:41,151 - INFO - 正在为时间段 2603-2668 生成异常图可视化
2025-04-16 23:17:41,151 - DEBUG - 创建包含 19 个节点的图结构
2025-04-16 23:17:41,152 - DEBUG - 边统计: 正常边 212 条, 异常边 60 条
2025-04-16 23:17:41,203 - DEBUG - 正在保存可视化结果到 ./visual/omi/neighbor_all/range_ratio/omi-9/seg_3_2603_2668.png
2025-04-16 23:17:41,401 - INFO - 成功保存时间段 2603-2668 的可视化结果
2025-04-16 23:17:41,401 - INFO - 
正在处理时间段 5/8: 2918-2958
2025-04-16 23:17:41,401 - INFO - 该时间段的真实异常节点: {1, 2, 5, 6, 8, 17, 18, 19}
2025-04-16 23:17:41,401 - INFO - 正在计算异常分数...
2025-04-16 23:17:41,426 - INFO - 检测到的异常节点: {1, 4, 5, 6, 7, 8, 9, 10, 11, 12, 13, 14, 15, 16, 17, 18, 19}
2025-04-16 23:17:41,426 - INFO - 正在为时间段 2918-2958 生成可视化
2025-04-16 23:17:41,426 - INFO - 正在为时间段 2918-2958 生成异常图可视化
2025-04-16 23:17:41,426 - DEBUG - 创建包含 19 个节点的图结构
2025-04-16 23:17:41,427 - DEBUG - 边统计: 正常边 200 条, 异常边 72 条
2025-04-16 23:17:41,479 - DEBUG - 正在保存可视化结果到 ./visual/omi/neighbor_all/range_ratio/omi-9/seg_4_2918_2958.png
2025-04-16 23:17:41,676 - INFO - 成功保存时间段 2918-2958 的可视化结果
2025-04-16 23:17:41,676 - INFO - 
正在处理时间段 6/8: 3170-3245
2025-04-16 23:17:41,676 - INFO - 该时间段的真实异常节点: {1, 2, 6, 8, 17, 18, 19}
2025-04-16 23:17:41,677 - INFO - 正在计算异常分数...
2025-04-16 23:17:41,724 - INFO - 检测到的异常节点: {1, 4, 5, 6, 7, 8, 9, 10, 11, 12, 13, 14, 15, 16, 17, 18, 19}
2025-04-16 23:17:41,724 - INFO - 正在为时间段 3170-3245 生成可视化
2025-04-16 23:17:41,724 - INFO - 正在为时间段 3170-3245 生成异常图可视化
2025-04-16 23:17:41,724 - DEBUG - 创建包含 19 个节点的图结构
2025-04-16 23:17:41,725 - DEBUG - 边统计: 正常边 226 条, 异常边 46 条
2025-04-16 23:17:41,777 - DEBUG - 正在保存可视化结果到 ./visual/omi/neighbor_all/range_ratio/omi-9/seg_5_3170_3245.png
2025-04-16 23:17:41,972 - INFO - 成功保存时间段 3170-3245 的可视化结果
2025-04-16 23:17:41,972 - INFO - 
正在处理时间段 7/8: 3508-3528
2025-04-16 23:17:41,972 - INFO - 该时间段的真实异常节点: {8, 2, 19, 6}
2025-04-16 23:17:41,972 - INFO - 正在计算异常分数...
2025-04-16 23:17:41,985 - INFO - 检测到的异常节点: {1, 4, 5, 6, 7, 8, 9, 10, 11, 12, 13, 14, 15, 16, 17, 18, 19}
2025-04-16 23:17:41,985 - INFO - 正在为时间段 3508-3528 生成可视化
2025-04-16 23:17:41,985 - INFO - 正在为时间段 3508-3528 生成异常图可视化
2025-04-16 23:17:41,985 - DEBUG - 创建包含 19 个节点的图结构
2025-04-16 23:17:41,986 - DEBUG - 边统计: 正常边 208 条, 异常边 64 条
2025-04-16 23:17:42,038 - DEBUG - 正在保存可视化结果到 ./visual/omi/neighbor_all/range_ratio/omi-9/seg_6_3508_3528.png
2025-04-16 23:17:42,236 - INFO - 成功保存时间段 3508-3528 的可视化结果
2025-04-16 23:17:42,236 - INFO - 
正在处理时间段 8/8: 4064-4108
2025-04-16 23:17:42,236 - INFO - 该时间段的真实异常节点: {1, 2, 6, 7, 8, 9, 17, 18, 19}
2025-04-16 23:17:42,236 - INFO - 正在计算异常分数...
2025-04-16 23:17:42,264 - INFO - 检测到的异常节点: {1, 4, 5, 6, 7, 8, 9, 10, 11, 12, 13, 14, 15, 16, 17, 18, 19}
2025-04-16 23:17:42,264 - INFO - 正在为时间段 4064-4108 生成可视化
2025-04-16 23:17:42,264 - INFO - 正在为时间段 4064-4108 生成异常图可视化
2025-04-16 23:17:42,264 - DEBUG - 创建包含 19 个节点的图结构
2025-04-16 23:17:42,265 - DEBUG - 边统计: 正常边 190 条, 异常边 82 条
2025-04-16 23:17:42,316 - DEBUG - 正在保存可视化结果到 ./visual/omi/neighbor_all/range_ratio/omi-9/seg_7_4064_4108.png
2025-04-16 23:17:42,515 - INFO - 成功保存时间段 4064-4108 的可视化结果
2025-04-16 23:17:42,515 - INFO - 正在从 ./visual/omi/neighbor_all/range_ratio/omi-9 中的图像创建GIF
2025-04-16 23:17:43,007 - INFO - GIF已保存到 ./visual/omi/neighbor_all/range_ratio/omi-9/omi-9.gif
2025-04-16 23:17:43,007 - INFO - 可视化结果生成完成！
2025-04-16 23:17:43,007 - INFO - 
==================================================
2025-04-16 23:17:43,007 - INFO - 程序运行总耗时: 0:01:47.459653 

