2025-04-18 14:08:32,895 - INFO - 
 Starting experiment with config: ExperimentConfig(dataset='omi', window_size=5, score_thresholds=array([0. , 0.5, 1. , 1.5, 2. , 2.5, 3. , 3.5, 4. , 4.5, 5. , 5.5, 6. ,
       6.5, 7. ]), topk_range=range(1, 10), corr_threshold_range=array([0. , 0. , 0.1, 0.2, 0.2, 0.2, 0.3, 0.4, 0.4, 0.4, 0.5, 0.6, 0.6,
       0.6]), neighbor_selection='all', score_modes=['range_ratio'], data_dir='./data/processed', label_dir='./data/interpretation_label', log_dir='./log/omi/neighbor_all', visual_dir='./visual/omi/neighbor_all', num_workers=36, gif_duration=500)
2025-04-18 14:08:32,896 - INFO - 当前评分模式: ['range_ratio']
2025-04-18 14:08:32,896 - INFO - 
==================================================
2025-04-18 14:08:32,896 - INFO - 开始执行网格搜索...
2025-04-18 14:08:32,897 - INFO - [omi-12] Starting grid search...
2025-04-18 14:08:35,699 - INFO - [omi-12.txt] mode=range_ratio, all=None, threshold=0.0, P=0.6129, R=0.9500, F1=0.7451
2025-04-18 14:08:35,784 - INFO - [omi-12.txt] mode=range_ratio, all=None, threshold=0.5, P=0.6129, R=0.9500, F1=0.7451
2025-04-18 14:08:35,784 - INFO - [omi-12.txt] mode=range_ratio, all=None, threshold=1.0, P=0.6129, R=0.9500, F1=0.7451
2025-04-18 14:08:35,784 - INFO - [omi-12.txt] mode=range_ratio, all=None, threshold=1.5, P=0.6491, R=0.9250, F1=0.7629
2025-04-18 14:08:35,784 - INFO - [omi-12.txt] mode=range_ratio, all=None, threshold=2.0, P=0.6491, R=0.9250, F1=0.7629
2025-04-18 14:08:35,785 - INFO - [omi-12.txt] mode=range_ratio, all=None, threshold=2.5, P=0.6491, R=0.9250, F1=0.7629
2025-04-18 14:08:35,785 - INFO - [omi-12.txt] mode=range_ratio, all=None, threshold=3.0, P=0.6491, R=0.9250, F1=0.7629
2025-04-18 14:08:35,785 - INFO - [omi-12.txt] mode=range_ratio, all=None, threshold=3.5, P=0.6491, R=0.9250, F1=0.7629
2025-04-18 14:08:35,785 - INFO - [omi-12.txt] mode=range_ratio, all=None, threshold=4.0, P=0.6491, R=0.9250, F1=0.7629
2025-04-18 14:08:35,785 - INFO - [omi-12.txt] mode=range_ratio, all=None, threshold=4.5, P=0.6491, R=0.9250, F1=0.7629
2025-04-18 14:08:35,785 - INFO - [omi-12.txt] mode=range_ratio, all=None, threshold=5.0, P=0.6491, R=0.9250, F1=0.7629
2025-04-18 14:08:35,785 - INFO - [omi-12.txt] mode=range_ratio, all=None, threshold=5.5, P=0.6491, R=0.9250, F1=0.7629
2025-04-18 14:08:35,785 - INFO - [omi-12.txt] mode=range_ratio, all=None, threshold=6.0, P=0.6491, R=0.9250, F1=0.7629
2025-04-18 14:08:35,785 - INFO - [omi-12.txt] mode=range_ratio, all=None, threshold=6.5, P=0.6491, R=0.9250, F1=0.7629
2025-04-18 14:08:35,785 - INFO - [omi-12.txt] mode=range_ratio, all=None, threshold=7.0, P=0.6607, R=0.9250, F1=0.7708
2025-04-18 14:08:35,832 - INFO - [omi-1] Starting grid search...
2025-04-18 14:08:39,543 - INFO - [omi-1.txt] mode=range_ratio, all=None, threshold=0.0, P=0.7395, R=0.9888, F1=0.8462
2025-04-18 14:08:39,544 - INFO - [omi-1.txt] mode=range_ratio, all=None, threshold=0.5, P=0.7373, R=0.9775, F1=0.8406
2025-04-18 14:08:39,545 - INFO - [omi-1.txt] mode=range_ratio, all=None, threshold=1.0, P=0.7373, R=0.9775, F1=0.8406
2025-04-18 14:08:39,561 - INFO - [omi-1.txt] mode=range_ratio, all=None, threshold=1.5, P=0.7207, R=0.8989, F1=0.8000
2025-04-18 14:08:39,561 - INFO - [omi-1.txt] mode=range_ratio, all=None, threshold=2.0, P=0.7130, R=0.8652, F1=0.7817
2025-04-18 14:08:39,561 - INFO - [omi-1.txt] mode=range_ratio, all=None, threshold=2.5, P=0.7130, R=0.8652, F1=0.7817
2025-04-18 14:08:39,561 - INFO - [omi-1.txt] mode=range_ratio, all=None, threshold=3.0, P=0.7130, R=0.8652, F1=0.7817
2025-04-18 14:08:39,634 - INFO - [omi-1.txt] mode=range_ratio, all=None, threshold=3.5, P=0.7196, R=0.8652, F1=0.7857
2025-04-18 14:08:39,635 - INFO - [omi-1.txt] mode=range_ratio, all=None, threshold=4.0, P=0.7196, R=0.8652, F1=0.7857
2025-04-18 14:08:39,635 - INFO - [omi-1.txt] mode=range_ratio, all=None, threshold=4.5, P=0.7196, R=0.8652, F1=0.7857
2025-04-18 14:08:39,635 - INFO - [omi-1.txt] mode=range_ratio, all=None, threshold=5.0, P=0.7264, R=0.8652, F1=0.7897
2025-04-18 14:08:39,635 - INFO - [omi-1.txt] mode=range_ratio, all=None, threshold=5.5, P=0.7264, R=0.8652, F1=0.7897
2025-04-18 14:08:39,635 - INFO - [omi-1.txt] mode=range_ratio, all=None, threshold=6.0, P=0.7264, R=0.8652, F1=0.7897
2025-04-18 14:08:39,635 - INFO - [omi-1.txt] mode=range_ratio, all=None, threshold=6.5, P=0.7264, R=0.8652, F1=0.7897
2025-04-18 14:08:39,658 - INFO - [omi-1.txt] mode=range_ratio, all=None, threshold=7.0, P=0.7238, R=0.8539, F1=0.7835
2025-04-18 14:08:39,704 - INFO - [omi-5] Starting grid search...
2025-04-18 14:08:43,976 - INFO - [omi-5.txt] mode=range_ratio, all=None, threshold=0.0, P=0.4757, R=1.0000, F1=0.6447
2025-04-18 14:08:43,977 - INFO - [omi-5.txt] mode=range_ratio, all=None, threshold=0.5, P=0.4706, R=0.9796, F1=0.6358
2025-04-18 14:08:43,977 - INFO - [omi-5.txt] mode=range_ratio, all=None, threshold=1.0, P=0.4706, R=0.9796, F1=0.6358
2025-04-18 14:08:43,977 - INFO - [omi-5.txt] mode=range_ratio, all=None, threshold=1.5, P=0.4700, R=0.9592, F1=0.6309
2025-04-18 14:08:43,977 - INFO - [omi-5.txt] mode=range_ratio, all=None, threshold=2.0, P=0.4583, R=0.8980, F1=0.6069
2025-04-18 14:08:43,977 - INFO - [omi-5.txt] mode=range_ratio, all=None, threshold=2.5, P=0.4681, R=0.8980, F1=0.6154
2025-04-18 14:08:43,977 - INFO - [omi-5.txt] mode=range_ratio, all=None, threshold=3.0, P=0.4674, R=0.8776, F1=0.6099
2025-04-18 14:08:43,977 - INFO - [omi-5.txt] mode=range_ratio, all=None, threshold=3.5, P=0.4767, R=0.8367, F1=0.6074
2025-04-18 14:08:43,977 - INFO - [omi-5.txt] mode=range_ratio, all=None, threshold=4.0, P=0.4691, R=0.7755, F1=0.5846
2025-04-18 14:08:43,977 - INFO - [omi-5.txt] mode=range_ratio, all=None, threshold=4.5, P=0.4872, R=0.7755, F1=0.5984
2025-04-18 14:08:43,977 - INFO - [omi-5.txt] mode=range_ratio, all=None, threshold=5.0, P=0.4935, R=0.7755, F1=0.6032
2025-04-18 14:08:43,978 - INFO - [omi-5.txt] mode=range_ratio, all=None, threshold=5.5, P=0.4933, R=0.7551, F1=0.5968
2025-04-18 14:08:43,991 - INFO - [omi-5.txt] mode=range_ratio, all=None, threshold=6.0, P=0.4933, R=0.7551, F1=0.5968
2025-04-18 14:08:43,991 - INFO - [omi-5.txt] mode=range_ratio, all=None, threshold=6.5, P=0.5000, R=0.7347, F1=0.5950
2025-04-18 14:08:43,991 - INFO - [omi-5.txt] mode=range_ratio, all=None, threshold=7.0, P=0.4857, R=0.6939, F1=0.5714
2025-04-18 14:08:44,067 - INFO - [omi-6] Starting grid search...
2025-04-18 14:08:49,096 - INFO - [omi-6.txt] mode=range_ratio, all=None, threshold=0.0, P=0.2606, R=0.9773, F1=0.4115
2025-04-18 14:08:49,097 - INFO - [omi-6.txt] mode=range_ratio, all=None, threshold=0.5, P=0.2606, R=0.9773, F1=0.4115
2025-04-18 14:08:49,098 - INFO - [omi-6.txt] mode=range_ratio, all=None, threshold=1.0, P=0.2622, R=0.9773, F1=0.4135
2025-04-18 14:08:49,098 - INFO - [omi-6.txt] mode=range_ratio, all=None, threshold=1.5, P=0.2638, R=0.9773, F1=0.4155
2025-04-18 14:08:49,098 - INFO - [omi-6.txt] mode=range_ratio, all=None, threshold=2.0, P=0.2704, R=0.9773, F1=0.4236
2025-04-18 14:08:49,098 - INFO - [omi-6.txt] mode=range_ratio, all=None, threshold=2.5, P=0.2614, R=0.9091, F1=0.4061
2025-04-18 14:08:49,098 - INFO - [omi-6.txt] mode=range_ratio, all=None, threshold=3.0, P=0.2632, R=0.9091, F1=0.4082
2025-04-18 14:08:49,098 - INFO - [omi-6.txt] mode=range_ratio, all=None, threshold=3.5, P=0.2600, R=0.8864, F1=0.4021
2025-04-18 14:08:49,098 - INFO - [omi-6.txt] mode=range_ratio, all=None, threshold=4.0, P=0.2600, R=0.8864, F1=0.4021
2025-04-18 14:08:49,098 - INFO - [omi-6.txt] mode=range_ratio, all=None, threshold=4.5, P=0.2550, R=0.8636, F1=0.3938
2025-04-18 14:08:49,098 - INFO - [omi-6.txt] mode=range_ratio, all=None, threshold=5.0, P=0.2568, R=0.8636, F1=0.3958
2025-04-18 14:08:49,098 - INFO - [omi-6.txt] mode=range_ratio, all=None, threshold=5.5, P=0.2603, R=0.8636, F1=0.4000
2025-04-18 14:08:49,221 - INFO - [omi-6.txt] mode=range_ratio, all=None, threshold=6.0, P=0.2621, R=0.8636, F1=0.4021
2025-04-18 14:08:49,222 - INFO - [omi-6.txt] mode=range_ratio, all=None, threshold=6.5, P=0.2587, R=0.8409, F1=0.3957
2025-04-18 14:08:49,222 - INFO - [omi-6.txt] mode=range_ratio, all=None, threshold=7.0, P=0.2535, R=0.8182, F1=0.3871
2025-04-18 14:08:49,277 - INFO - [omi-7] Starting grid search...
2025-04-18 14:08:53,920 - INFO - [omi-7.txt] mode=range_ratio, all=None, threshold=0.0, P=0.9048, R=0.9744, F1=0.9383
2025-04-18 14:08:53,921 - INFO - [omi-7.txt] mode=range_ratio, all=None, threshold=0.5, P=0.9048, R=0.9744, F1=0.9383
2025-04-18 14:08:54,110 - INFO - [omi-7.txt] mode=range_ratio, all=None, threshold=1.0, P=0.9048, R=0.9744, F1=0.9383
2025-04-18 14:08:54,111 - INFO - [omi-7.txt] mode=range_ratio, all=None, threshold=1.5, P=0.9048, R=0.9744, F1=0.9383
2025-04-18 14:08:54,180 - INFO - [omi-7.txt] mode=range_ratio, all=None, threshold=2.0, P=0.9048, R=0.9744, F1=0.9383
2025-04-18 14:08:54,216 - INFO - [omi-7.txt] mode=range_ratio, all=None, threshold=2.5, P=0.9048, R=0.9744, F1=0.9383
2025-04-18 14:08:54,217 - INFO - [omi-7.txt] mode=range_ratio, all=None, threshold=3.0, P=0.9048, R=0.9744, F1=0.9383
2025-04-18 14:08:54,217 - INFO - [omi-7.txt] mode=range_ratio, all=None, threshold=3.5, P=0.9048, R=0.9744, F1=0.9383
2025-04-18 14:08:54,218 - INFO - [omi-7.txt] mode=range_ratio, all=None, threshold=4.0, P=0.9048, R=0.9744, F1=0.9383
2025-04-18 14:08:54,218 - INFO - [omi-7.txt] mode=range_ratio, all=None, threshold=4.5, P=0.9048, R=0.9744, F1=0.9383
2025-04-18 14:08:54,218 - INFO - [omi-7.txt] mode=range_ratio, all=None, threshold=5.0, P=0.9048, R=0.9744, F1=0.9383
2025-04-18 14:08:54,218 - INFO - [omi-7.txt] mode=range_ratio, all=None, threshold=5.5, P=0.9048, R=0.9744, F1=0.9383
2025-04-18 14:08:54,218 - INFO - [omi-7.txt] mode=range_ratio, all=None, threshold=6.0, P=0.9048, R=0.9744, F1=0.9383
2025-04-18 14:08:54,386 - INFO - [omi-7.txt] mode=range_ratio, all=None, threshold=6.5, P=0.9048, R=0.9744, F1=0.9383
2025-04-18 14:08:54,387 - INFO - [omi-7.txt] mode=range_ratio, all=None, threshold=7.0, P=0.9048, R=0.9744, F1=0.9383
2025-04-18 14:08:54,443 - INFO - [omi-9] Starting grid search...
2025-04-18 14:08:59,023 - INFO - [omi-9.txt] mode=range_ratio, all=None, threshold=0.0, P=0.4962, R=0.9155, F1=0.6436
2025-04-18 14:08:59,024 - INFO - [omi-9.txt] mode=range_ratio, all=None, threshold=0.5, P=0.4962, R=0.9155, F1=0.6436
2025-04-18 14:08:59,024 - INFO - [omi-9.txt] mode=range_ratio, all=None, threshold=1.0, P=0.4962, R=0.9155, F1=0.6436
2025-04-18 14:08:59,024 - INFO - [omi-9.txt] mode=range_ratio, all=None, threshold=1.5, P=0.4962, R=0.9155, F1=0.6436
2025-04-18 14:08:59,206 - INFO - [omi-9.txt] mode=range_ratio, all=None, threshold=2.0, P=0.4962, R=0.9155, F1=0.6436
2025-04-18 14:08:59,207 - INFO - [omi-9.txt] mode=range_ratio, all=None, threshold=2.5, P=0.4962, R=0.9155, F1=0.6436
2025-04-18 14:08:59,207 - INFO - [omi-9.txt] mode=range_ratio, all=None, threshold=3.0, P=0.4962, R=0.9155, F1=0.6436
2025-04-18 14:08:59,207 - INFO - [omi-9.txt] mode=range_ratio, all=None, threshold=3.5, P=0.4962, R=0.9155, F1=0.6436
2025-04-18 14:08:59,208 - INFO - [omi-9.txt] mode=range_ratio, all=None, threshold=4.0, P=0.4962, R=0.9155, F1=0.6436
2025-04-18 14:08:59,208 - INFO - [omi-9.txt] mode=range_ratio, all=None, threshold=4.5, P=0.4962, R=0.9155, F1=0.6436
2025-04-18 14:08:59,208 - INFO - [omi-9.txt] mode=range_ratio, all=None, threshold=5.0, P=0.4962, R=0.9155, F1=0.6436
2025-04-18 14:08:59,208 - INFO - [omi-9.txt] mode=range_ratio, all=None, threshold=5.5, P=0.4962, R=0.9155, F1=0.6436
2025-04-18 14:08:59,208 - INFO - [omi-9.txt] mode=range_ratio, all=None, threshold=6.0, P=0.4962, R=0.9155, F1=0.6436
2025-04-18 14:08:59,208 - INFO - [omi-9.txt] mode=range_ratio, all=None, threshold=6.5, P=0.4962, R=0.9155, F1=0.6436
2025-04-18 14:08:59,208 - INFO - [omi-9.txt] mode=range_ratio, all=None, threshold=7.0, P=0.4962, R=0.9155, F1=0.6436
2025-04-18 14:08:59,253 - INFO - [omi-8] Starting grid search...
2025-04-18 14:09:04,427 - INFO - [omi-8.txt] mode=range_ratio, all=None, threshold=0.0, P=0.3580, R=0.9355, F1=0.5179
2025-04-18 14:09:04,428 - INFO - [omi-8.txt] mode=range_ratio, all=None, threshold=0.5, P=0.3580, R=0.9355, F1=0.5179
2025-04-18 14:09:04,428 - INFO - [omi-8.txt] mode=range_ratio, all=None, threshold=1.0, P=0.3580, R=0.9355, F1=0.5179
2025-04-18 14:09:04,428 - INFO - [omi-8.txt] mode=range_ratio, all=None, threshold=1.5, P=0.3580, R=0.9355, F1=0.5179
2025-04-18 14:09:04,428 - INFO - [omi-8.txt] mode=range_ratio, all=None, threshold=2.0, P=0.3580, R=0.9355, F1=0.5179
2025-04-18 14:09:04,428 - INFO - [omi-8.txt] mode=range_ratio, all=None, threshold=2.5, P=0.3580, R=0.9355, F1=0.5179
2025-04-18 14:09:04,428 - INFO - [omi-8.txt] mode=range_ratio, all=None, threshold=3.0, P=0.3580, R=0.9355, F1=0.5179
2025-04-18 14:09:04,429 - INFO - [omi-8.txt] mode=range_ratio, all=None, threshold=3.5, P=0.3500, R=0.9032, F1=0.5045
2025-04-18 14:09:04,429 - INFO - [omi-8.txt] mode=range_ratio, all=None, threshold=4.0, P=0.3500, R=0.9032, F1=0.5045
2025-04-18 14:09:04,429 - INFO - [omi-8.txt] mode=range_ratio, all=None, threshold=4.5, P=0.3500, R=0.9032, F1=0.5045
2025-04-18 14:09:04,429 - INFO - [omi-8.txt] mode=range_ratio, all=None, threshold=5.0, P=0.3590, R=0.9032, F1=0.5138
2025-04-18 14:09:04,429 - INFO - [omi-8.txt] mode=range_ratio, all=None, threshold=5.5, P=0.3636, R=0.9032, F1=0.5185
2025-04-18 14:09:04,429 - INFO - [omi-8.txt] mode=range_ratio, all=None, threshold=6.0, P=0.3684, R=0.9032, F1=0.5234
2025-04-18 14:09:04,429 - INFO - [omi-8.txt] mode=range_ratio, all=None, threshold=6.5, P=0.3889, R=0.9032, F1=0.5437
2025-04-18 14:09:04,429 - INFO - [omi-8.txt] mode=range_ratio, all=None, threshold=7.0, P=0.3889, R=0.9032, F1=0.5437
2025-04-18 14:09:04,476 - INFO - [omi-2] Starting grid search...
2025-04-18 14:09:08,452 - INFO - [omi-2.txt] mode=range_ratio, all=None, threshold=0.0, P=0.4559, R=1.0000, F1=0.6263
2025-04-18 14:09:09,647 - INFO - [omi-2.txt] mode=range_ratio, all=None, threshold=0.5, P=0.4559, R=1.0000, F1=0.6263
2025-04-18 14:09:09,648 - INFO - [omi-2.txt] mode=range_ratio, all=None, threshold=1.0, P=0.4559, R=1.0000, F1=0.6263
2025-04-18 14:09:09,648 - INFO - [omi-2.txt] mode=range_ratio, all=None, threshold=1.5, P=0.4559, R=1.0000, F1=0.6263
2025-04-18 14:09:09,648 - INFO - [omi-2.txt] mode=range_ratio, all=None, threshold=2.0, P=0.4559, R=1.0000, F1=0.6263
2025-04-18 14:09:09,648 - INFO - [omi-2.txt] mode=range_ratio, all=None, threshold=2.5, P=0.4769, R=1.0000, F1=0.6458
2025-04-18 14:09:09,648 - INFO - [omi-2.txt] mode=range_ratio, all=None, threshold=3.0, P=0.4844, R=1.0000, F1=0.6526
2025-04-18 14:09:09,648 - INFO - [omi-2.txt] mode=range_ratio, all=None, threshold=3.5, P=0.5167, R=1.0000, F1=0.6813
2025-04-18 14:09:09,648 - INFO - [omi-2.txt] mode=range_ratio, all=None, threshold=4.0, P=0.5345, R=1.0000, F1=0.6966
2025-04-18 14:09:09,648 - INFO - [omi-2.txt] mode=range_ratio, all=None, threshold=4.5, P=0.5636, R=1.0000, F1=0.7209
2025-04-18 14:09:09,902 - INFO - [omi-2.txt] mode=range_ratio, all=None, threshold=5.0, P=0.5636, R=1.0000, F1=0.7209
2025-04-18 14:09:09,903 - INFO - [omi-2.txt] mode=range_ratio, all=None, threshold=5.5, P=0.5741, R=1.0000, F1=0.7294
2025-04-18 14:09:09,903 - INFO - [omi-2.txt] mode=range_ratio, all=None, threshold=6.0, P=0.5769, R=0.9677, F1=0.7229
2025-04-18 14:09:09,903 - INFO - [omi-2.txt] mode=range_ratio, all=None, threshold=6.5, P=0.6122, R=0.9677, F1=0.7500
2025-04-18 14:09:09,903 - INFO - [omi-2.txt] mode=range_ratio, all=None, threshold=7.0, P=0.6122, R=0.9677, F1=0.7500
2025-04-18 14:09:09,954 - INFO - [omi-11] Starting grid search...
2025-04-18 14:09:14,227 - INFO - [omi-11.txt] mode=range_ratio, all=None, threshold=0.0, P=0.3434, R=0.9828, F1=0.5089
2025-04-18 14:09:14,428 - INFO - [omi-11.txt] mode=range_ratio, all=None, threshold=0.5, P=0.3434, R=0.9828, F1=0.5089
2025-04-18 14:09:14,429 - INFO - [omi-11.txt] mode=range_ratio, all=None, threshold=1.0, P=0.3434, R=0.9828, F1=0.5089
2025-04-18 14:09:14,851 - INFO - [omi-11.txt] mode=range_ratio, all=None, threshold=1.5, P=0.3434, R=0.9828, F1=0.5089
2025-04-18 14:09:14,852 - INFO - [omi-11.txt] mode=range_ratio, all=None, threshold=2.0, P=0.3434, R=0.9828, F1=0.5089
2025-04-18 14:09:14,852 - INFO - [omi-11.txt] mode=range_ratio, all=None, threshold=2.5, P=0.3434, R=0.9828, F1=0.5089
2025-04-18 14:09:14,852 - INFO - [omi-11.txt] mode=range_ratio, all=None, threshold=3.0, P=0.3434, R=0.9828, F1=0.5089
2025-04-18 14:09:14,852 - INFO - [omi-11.txt] mode=range_ratio, all=None, threshold=3.5, P=0.3434, R=0.9828, F1=0.5089
2025-04-18 14:09:14,852 - INFO - [omi-11.txt] mode=range_ratio, all=None, threshold=4.0, P=0.3434, R=0.9828, F1=0.5089
2025-04-18 14:09:14,852 - INFO - [omi-11.txt] mode=range_ratio, all=None, threshold=4.5, P=0.3434, R=0.9828, F1=0.5089
2025-04-18 14:09:14,852 - INFO - [omi-11.txt] mode=range_ratio, all=None, threshold=5.0, P=0.3434, R=0.9828, F1=0.5089
2025-04-18 14:09:14,852 - INFO - [omi-11.txt] mode=range_ratio, all=None, threshold=5.5, P=0.3434, R=0.9828, F1=0.5089
2025-04-18 14:09:14,852 - INFO - [omi-11.txt] mode=range_ratio, all=None, threshold=6.0, P=0.3455, R=0.9828, F1=0.5112
2025-04-18 14:09:14,852 - INFO - [omi-11.txt] mode=range_ratio, all=None, threshold=6.5, P=0.3497, R=0.9828, F1=0.5158
2025-04-18 14:09:15,249 - INFO - [omi-11.txt] mode=range_ratio, all=None, threshold=7.0, P=0.3497, R=0.9828, F1=0.5158
2025-04-18 14:09:15,300 - INFO - [omi-10] Starting grid search...
2025-04-18 14:09:20,532 - INFO - [omi-10.txt] mode=range_ratio, all=None, threshold=0.0, P=0.4688, R=0.9836, F1=0.6349
2025-04-18 14:09:20,703 - INFO - [omi-10.txt] mode=range_ratio, all=None, threshold=0.5, P=0.4688, R=0.9836, F1=0.6349
2025-04-18 14:09:20,704 - INFO - [omi-10.txt] mode=range_ratio, all=None, threshold=1.0, P=0.4688, R=0.9836, F1=0.6349
2025-04-18 14:09:20,704 - INFO - [omi-10.txt] mode=range_ratio, all=None, threshold=1.5, P=0.4836, R=0.9672, F1=0.6448
2025-04-18 14:09:20,704 - INFO - [omi-10.txt] mode=range_ratio, all=None, threshold=2.0, P=0.4836, R=0.9672, F1=0.6448
2025-04-18 14:09:20,704 - INFO - [omi-10.txt] mode=range_ratio, all=None, threshold=2.5, P=0.4917, R=0.9672, F1=0.6519
2025-04-18 14:09:20,704 - INFO - [omi-10.txt] mode=range_ratio, all=None, threshold=3.0, P=0.4917, R=0.9672, F1=0.6519
2025-04-18 14:09:20,705 - INFO - [omi-10.txt] mode=range_ratio, all=None, threshold=3.5, P=0.4958, R=0.9672, F1=0.6556
2025-04-18 14:09:20,705 - INFO - [omi-10.txt] mode=range_ratio, all=None, threshold=4.0, P=0.4958, R=0.9672, F1=0.6556
2025-04-18 14:09:20,705 - INFO - [omi-10.txt] mode=range_ratio, all=None, threshold=4.5, P=0.4958, R=0.9672, F1=0.6556
2025-04-18 14:09:20,705 - INFO - [omi-10.txt] mode=range_ratio, all=None, threshold=5.0, P=0.4958, R=0.9672, F1=0.6556
2025-04-18 14:09:20,705 - INFO - [omi-10.txt] mode=range_ratio, all=None, threshold=5.5, P=0.4958, R=0.9672, F1=0.6556
2025-04-18 14:09:20,705 - INFO - [omi-10.txt] mode=range_ratio, all=None, threshold=6.0, P=0.4958, R=0.9672, F1=0.6556
2025-04-18 14:09:20,705 - INFO - [omi-10.txt] mode=range_ratio, all=None, threshold=6.5, P=0.4958, R=0.9672, F1=0.6556
2025-04-18 14:09:20,706 - INFO - [omi-10.txt] mode=range_ratio, all=None, threshold=7.0, P=0.4958, R=0.9672, F1=0.6556
2025-04-18 14:09:20,757 - INFO - [omi-4] Starting grid search...
2025-04-18 14:09:25,403 - INFO - [omi-4.txt] mode=range_ratio, all=None, threshold=0.0, P=0.8250, R=0.9851, F1=0.8980
2025-04-18 14:09:25,857 - INFO - [omi-4.txt] mode=range_ratio, all=None, threshold=0.5, P=0.8250, R=0.9851, F1=0.8980
2025-04-18 14:09:25,858 - INFO - [omi-4.txt] mode=range_ratio, all=None, threshold=1.0, P=0.8250, R=0.9851, F1=0.8980
2025-04-18 14:09:25,858 - INFO - [omi-4.txt] mode=range_ratio, all=None, threshold=1.5, P=0.8462, R=0.9851, F1=0.9103
2025-04-18 14:09:25,858 - INFO - [omi-4.txt] mode=range_ratio, all=None, threshold=2.0, P=0.8462, R=0.9851, F1=0.9103
2025-04-18 14:09:25,858 - INFO - [omi-4.txt] mode=range_ratio, all=None, threshold=2.5, P=0.8442, R=0.9701, F1=0.9028
2025-04-18 14:09:25,858 - INFO - [omi-4.txt] mode=range_ratio, all=None, threshold=3.0, P=0.8442, R=0.9701, F1=0.9028
2025-04-18 14:09:25,858 - INFO - [omi-4.txt] mode=range_ratio, all=None, threshold=3.5, P=0.8442, R=0.9701, F1=0.9028
2025-04-18 14:09:25,859 - INFO - [omi-4.txt] mode=range_ratio, all=None, threshold=4.0, P=0.8553, R=0.9701, F1=0.9091
2025-04-18 14:09:25,859 - INFO - [omi-4.txt] mode=range_ratio, all=None, threshold=4.5, P=0.8533, R=0.9552, F1=0.9014
2025-04-18 14:09:25,859 - INFO - [omi-4.txt] mode=range_ratio, all=None, threshold=5.0, P=0.8533, R=0.9552, F1=0.9014
2025-04-18 14:09:25,859 - INFO - [omi-4.txt] mode=range_ratio, all=None, threshold=5.5, P=0.8514, R=0.9403, F1=0.8936
2025-04-18 14:09:26,231 - INFO - [omi-4.txt] mode=range_ratio, all=None, threshold=6.0, P=0.8514, R=0.9403, F1=0.8936
2025-04-18 14:09:26,232 - INFO - [omi-4.txt] mode=range_ratio, all=None, threshold=6.5, P=0.8514, R=0.9403, F1=0.8936
2025-04-18 14:09:26,232 - INFO - [omi-4.txt] mode=range_ratio, all=None, threshold=7.0, P=0.8493, R=0.9254, F1=0.8857
2025-04-18 14:09:26,282 - INFO - [omi-3] Starting grid search...
2025-04-18 14:09:30,863 - INFO - [omi-3.txt] mode=range_ratio, all=None, threshold=0.0, P=0.8025, R=0.8333, F1=0.8176
2025-04-18 14:09:30,864 - INFO - [omi-3.txt] mode=range_ratio, all=None, threshold=0.5, P=0.8025, R=0.8333, F1=0.8176
2025-04-18 14:09:30,864 - INFO - [omi-3.txt] mode=range_ratio, all=None, threshold=1.0, P=0.8025, R=0.8333, F1=0.8176
2025-04-18 14:09:31,023 - INFO - [omi-3.txt] mode=range_ratio, all=None, threshold=1.5, P=0.8228, R=0.8333, F1=0.8280
2025-04-18 14:09:31,023 - INFO - [omi-3.txt] mode=range_ratio, all=None, threshold=2.0, P=0.8228, R=0.8333, F1=0.8280
2025-04-18 14:09:31,024 - INFO - [omi-3.txt] mode=range_ratio, all=None, threshold=2.5, P=0.8442, R=0.8333, F1=0.8387
2025-04-18 14:09:31,024 - INFO - [omi-3.txt] mode=range_ratio, all=None, threshold=3.0, P=0.8421, R=0.8205, F1=0.8312
2025-04-18 14:09:31,024 - INFO - [omi-3.txt] mode=range_ratio, all=None, threshold=3.5, P=0.8421, R=0.8205, F1=0.8312
2025-04-18 14:09:31,217 - INFO - [omi-3.txt] mode=range_ratio, all=None, threshold=4.0, P=0.8286, R=0.7436, F1=0.7838
2025-04-18 14:09:31,218 - INFO - [omi-3.txt] mode=range_ratio, all=None, threshold=4.5, P=0.8261, R=0.7308, F1=0.7755
2025-04-18 14:09:31,218 - INFO - [omi-3.txt] mode=range_ratio, all=None, threshold=5.0, P=0.8235, R=0.7179, F1=0.7671
2025-04-18 14:09:31,219 - INFO - [omi-3.txt] mode=range_ratio, all=None, threshold=5.5, P=0.8182, R=0.6923, F1=0.7500
2025-04-18 14:09:31,219 - INFO - [omi-3.txt] mode=range_ratio, all=None, threshold=6.0, P=0.8182, R=0.6923, F1=0.7500
2025-04-18 14:09:31,219 - INFO - [omi-3.txt] mode=range_ratio, all=None, threshold=6.5, P=0.8182, R=0.6923, F1=0.7500
2025-04-18 14:09:31,219 - INFO - [omi-3.txt] mode=range_ratio, all=None, threshold=7.0, P=0.8182, R=0.6923, F1=0.7500
2025-04-18 14:09:31,268 - INFO - 
==================================================
2025-04-18 14:09:31,268 - INFO - 开始汇总结果...
2025-04-18 14:09:31,277 - INFO - 
===== Best Results per Dataset =====
   dataset  score_mode neighbor_param  score_threshold neighbor_selection  precision   recall  f1_score
 omi-1.txt range_ratio           None              0.0                all   0.739496 0.988764  0.846154
omi-10.txt range_ratio           None              4.0                all   0.495798 0.967213  0.655556
omi-11.txt range_ratio           None              7.0                all   0.349693 0.982759  0.515837
omi-12.txt range_ratio           None              7.0                all   0.660714 0.925000  0.770833
 omi-2.txt range_ratio           None              6.5                all   0.612245 0.967742  0.750000
 omi-3.txt range_ratio           None              2.5                all   0.844156 0.833333  0.838710
 omi-4.txt range_ratio           None              2.0                all   0.846154 0.985075  0.910345
 omi-5.txt range_ratio           None              0.0                all   0.475728 1.000000  0.644737
 omi-6.txt range_ratio           None              2.0                all   0.270440 0.977273  0.423645
 omi-7.txt range_ratio           None              4.5                all   0.904762 0.974359  0.938272
 omi-8.txt range_ratio           None              6.5                all   0.388889 0.903226  0.543689
 omi-9.txt range_ratio           None              0.0                all   0.496183 0.915493  0.643564
2025-04-18 14:09:31,277 - INFO - 
===== Overall Metrics =====
Precision: 0.5166  Recall: 0.9494  F1: 0.6691
2025-04-18 14:09:31,277 - INFO - 
【原始汇总指标】
2025-04-18 14:09:31,277 - INFO - 精确率(Precision): 0.5166
2025-04-18 14:09:31,277 - INFO - 召回率(Recall):    0.9494
2025-04-18 14:09:31,277 - INFO - F1值:             0.6691
2025-04-18 14:09:31,277 - INFO - 
==================================================
2025-04-18 14:09:31,277 - INFO - 开始生成可视化结果...
2025-04-18 14:09:31,277 - INFO - 
==================================================
2025-04-18 14:09:31,278 - INFO - 开始数据集可视化: omi-1
2025-04-18 14:09:31,278 - INFO - 使用参数: 评分模式=range_ratio, all=None, 阈值=0.0
2025-04-18 14:09:31,278 - INFO - ==================================================

2025-04-18 14:09:31,278 - INFO - 正在加载数据集 omi-1 的数据
2025-04-18 14:09:31,279 - INFO - 数据加载成功。训练集形状: (8640, 19), 测试集形状: (4320, 19)
2025-04-18 14:09:31,279 - INFO - 正在计算边缘统计量...
2025-04-18 14:09:34,593 - INFO - 已计算 170 条边的统计量
2025-04-18 14:09:34,594 - INFO - 为每个节点使用所有邻居
2025-04-18 14:09:34,594 - INFO - 可视化结果将保存到: ./visual/omi/neighbor_all/range_ratio/omi-1
2025-04-18 14:09:34,595 - INFO - 在数据集中发现 7 个异常时间段
2025-04-18 14:09:34,595 - INFO - 
正在处理时间段 1/7: 760-765
2025-04-18 14:09:34,595 - INFO - 该时间段的真实异常节点: {4, 5, 7, 8, 9, 10, 11, 12, 13, 14, 15, 16, 17, 18, 19}
2025-04-18 14:09:34,595 - INFO - 正在计算异常分数...
2025-04-18 14:09:34,597 - INFO - 检测到的异常节点: {1, 4, 7, 8, 9, 10, 11, 12, 13, 14, 15, 16, 17, 18, 19}
2025-04-18 14:09:34,597 - INFO - 正在为时间段 760-765 生成可视化
2025-04-18 14:09:34,597 - INFO - 正在为时间段 760-765 生成异常图可视化
2025-04-18 14:09:34,598 - DEBUG - 创建包含 19 个节点的图结构
2025-04-18 14:09:34,599 - DEBUG - 边统计: 正常边 218 条, 异常边 22 条
2025-04-18 14:09:34,725 - DEBUG - 正在保存可视化结果到 ./visual/omi/neighbor_all/range_ratio/omi-1/seg_0_760_765.png
2025-04-18 14:09:34,956 - INFO - 成功保存时间段 760-765 的可视化结果
2025-04-18 14:09:34,957 - INFO - 
正在处理时间段 2/7: 1064-1298
2025-04-18 14:09:34,957 - INFO - 该时间段的真实异常节点: {6, 7, 9, 10, 11, 12, 13, 14, 15, 16, 17, 18, 19}
2025-04-18 14:09:34,957 - INFO - 正在计算异常分数...
2025-04-18 14:09:35,106 - INFO - 检测到的异常节点: {1, 3, 4, 5, 6, 7, 8, 9, 10, 11, 12, 13, 14, 15, 16, 17, 18, 19}
2025-04-18 14:09:35,107 - INFO - 正在为时间段 1064-1298 生成可视化
2025-04-18 14:09:35,107 - INFO - 正在为时间段 1064-1298 生成异常图可视化
2025-04-18 14:09:35,107 - DEBUG - 创建包含 19 个节点的图结构
2025-04-18 14:09:35,108 - DEBUG - 边统计: 正常边 284 条, 异常边 22 条
2025-04-18 14:09:35,163 - DEBUG - 正在保存可视化结果到 ./visual/omi/neighbor_all/range_ratio/omi-1/seg_1_1064_1298.png
2025-04-18 14:09:35,409 - INFO - 成功保存时间段 1064-1298 的可视化结果
2025-04-18 14:09:35,409 - INFO - 
正在处理时间段 3/7: 2758-2772
2025-04-18 14:09:35,409 - INFO - 该时间段的真实异常节点: {5, 6, 7, 8, 9, 10, 11, 12, 13, 14, 15, 16, 17, 18, 19}
2025-04-18 14:09:35,409 - INFO - 正在计算异常分数...
2025-04-18 14:09:35,419 - INFO - 检测到的异常节点: {1, 4, 5, 6, 7, 8, 9, 10, 11, 12, 13, 14, 15, 16, 17, 18, 19}
2025-04-18 14:09:35,419 - INFO - 正在为时间段 2758-2772 生成可视化
2025-04-18 14:09:35,419 - INFO - 正在为时间段 2758-2772 生成异常图可视化
2025-04-18 14:09:35,419 - DEBUG - 创建包含 19 个节点的图结构
2025-04-18 14:09:35,420 - DEBUG - 边统计: 正常边 218 条, 异常边 54 条
2025-04-18 14:09:35,478 - DEBUG - 正在保存可视化结果到 ./visual/omi/neighbor_all/range_ratio/omi-1/seg_2_2758_2772.png
2025-04-18 14:09:35,695 - INFO - 成功保存时间段 2758-2772 的可视化结果
2025-04-18 14:09:35,695 - INFO - 
正在处理时间段 4/7: 2874-2885
2025-04-18 14:09:35,695 - INFO - 该时间段的真实异常节点: {7, 9, 10, 11, 12, 13, 14, 15, 16, 17, 18}
2025-04-18 14:09:35,695 - INFO - 正在计算异常分数...
2025-04-18 14:09:35,702 - INFO - 检测到的异常节点: {1, 4, 5, 6, 7, 8, 9, 10, 11, 12, 13, 14, 15, 16, 17, 18, 19}
2025-04-18 14:09:35,702 - INFO - 正在为时间段 2874-2885 生成可视化
2025-04-18 14:09:35,702 - INFO - 正在为时间段 2874-2885 生成异常图可视化
2025-04-18 14:09:35,702 - DEBUG - 创建包含 19 个节点的图结构
2025-04-18 14:09:35,703 - DEBUG - 边统计: 正常边 250 条, 异常边 22 条
2025-04-18 14:09:35,761 - DEBUG - 正在保存可视化结果到 ./visual/omi/neighbor_all/range_ratio/omi-1/seg_3_2874_2885.png
2025-04-18 14:09:35,978 - INFO - 成功保存时间段 2874-2885 的可视化结果
2025-04-18 14:09:35,978 - INFO - 
正在处理时间段 5/7: 3012-3025
2025-04-18 14:09:35,978 - INFO - 该时间段的真实异常节点: {7, 10, 11, 12, 13, 14, 15, 16, 17, 18, 19}
2025-04-18 14:09:35,978 - INFO - 正在计算异常分数...
2025-04-18 14:09:35,986 - INFO - 检测到的异常节点: {1, 4, 5, 6, 7, 8, 9, 10, 11, 12, 13, 14, 15, 16, 17, 18, 19}
2025-04-18 14:09:35,986 - INFO - 正在为时间段 3012-3025 生成可视化
2025-04-18 14:09:35,986 - INFO - 正在为时间段 3012-3025 生成异常图可视化
2025-04-18 14:09:35,986 - DEBUG - 创建包含 19 个节点的图结构
2025-04-18 14:09:35,987 - DEBUG - 边统计: 正常边 232 条, 异常边 40 条
2025-04-18 14:09:36,050 - DEBUG - 正在保存可视化结果到 ./visual/omi/neighbor_all/range_ratio/omi-1/seg_4_3012_3025.png
2025-04-18 14:09:36,272 - INFO - 成功保存时间段 3012-3025 的可视化结果
2025-04-18 14:09:36,272 - INFO - 
正在处理时间段 6/7: 3160-3305
2025-04-18 14:09:36,272 - INFO - 该时间段的真实异常节点: {8, 9, 10, 11, 12, 13, 14, 15, 16, 17, 18, 19}
2025-04-18 14:09:36,272 - INFO - 正在计算异常分数...
2025-04-18 14:09:36,355 - INFO - 检测到的异常节点: {1, 3, 4, 5, 6, 7, 8, 9, 10, 11, 12, 13, 14, 15, 16, 17, 18, 19}
2025-04-18 14:09:36,355 - INFO - 正在为时间段 3160-3305 生成可视化
2025-04-18 14:09:36,355 - INFO - 正在为时间段 3160-3305 生成异常图可视化
2025-04-18 14:09:36,356 - DEBUG - 创建包含 19 个节点的图结构
2025-04-18 14:09:36,357 - DEBUG - 边统计: 正常边 304 条, 异常边 2 条
2025-04-18 14:09:36,414 - DEBUG - 正在保存可视化结果到 ./visual/omi/neighbor_all/range_ratio/omi-1/seg_5_3160_3305.png
2025-04-18 14:09:36,658 - INFO - 成功保存时间段 3160-3305 的可视化结果
2025-04-18 14:09:36,659 - INFO - 
正在处理时间段 7/7: 3626-3638
2025-04-18 14:09:36,659 - INFO - 该时间段的真实异常节点: {7, 9, 10, 11, 12, 13, 14, 15, 16, 17, 18, 19}
2025-04-18 14:09:36,659 - INFO - 正在计算异常分数...
2025-04-18 14:09:36,667 - INFO - 检测到的异常节点: {1, 4, 5, 6, 7, 8, 9, 10, 11, 12, 13, 14, 15, 16, 17, 18, 19}
2025-04-18 14:09:36,667 - INFO - 正在为时间段 3626-3638 生成可视化
2025-04-18 14:09:36,667 - INFO - 正在为时间段 3626-3638 生成异常图可视化
2025-04-18 14:09:36,667 - DEBUG - 创建包含 19 个节点的图结构
2025-04-18 14:09:36,668 - DEBUG - 边统计: 正常边 234 条, 异常边 38 条
2025-04-18 14:09:36,835 - DEBUG - 正在保存可视化结果到 ./visual/omi/neighbor_all/range_ratio/omi-1/seg_6_3626_3638.png
2025-04-18 14:09:37,055 - INFO - 成功保存时间段 3626-3638 的可视化结果
2025-04-18 14:09:37,056 - INFO - 正在从 ./visual/omi/neighbor_all/range_ratio/omi-1 中的图像创建GIF
2025-04-18 14:09:37,514 - INFO - GIF已保存到 ./visual/omi/neighbor_all/range_ratio/omi-1/omi-1.gif
2025-04-18 14:09:37,514 - INFO - 
==================================================
2025-04-18 14:09:37,514 - INFO - 开始数据集可视化: omi-10
2025-04-18 14:09:37,514 - INFO - 使用参数: 评分模式=range_ratio, all=None, 阈值=4.0
2025-04-18 14:09:37,514 - INFO - ==================================================

2025-04-18 14:09:37,514 - INFO - 正在加载数据集 omi-10 的数据
2025-04-18 14:09:37,515 - INFO - 数据加载成功。训练集形状: (8640, 19), 测试集形状: (4320, 19)
2025-04-18 14:09:37,515 - INFO - 正在计算边缘统计量...
2025-04-18 14:09:40,519 - INFO - 已计算 136 条边的统计量
2025-04-18 14:09:40,519 - INFO - 为每个节点使用所有邻居
2025-04-18 14:09:40,519 - INFO - 可视化结果将保存到: ./visual/omi/neighbor_all/range_ratio/omi-10
2025-04-18 14:09:40,520 - INFO - 在数据集中发现 8 个异常时间段
2025-04-18 14:09:40,520 - INFO - 
正在处理时间段 1/8: 740-780
2025-04-18 14:09:40,520 - INFO - 该时间段的真实异常节点: {2, 5, 6, 7, 8, 9, 10, 11, 12, 13, 14, 15, 16, 17, 18, 19}
2025-04-18 14:09:40,520 - INFO - 正在计算异常分数...
2025-04-18 14:09:40,550 - INFO - 检测到的异常节点: {1, 4, 5, 6, 7, 8, 9, 10, 11, 12, 13, 14, 15, 16, 17, 18, 19}
2025-04-18 14:09:40,550 - INFO - 正在为时间段 740-780 生成可视化
2025-04-18 14:09:40,550 - INFO - 正在为时间段 740-780 生成异常图可视化
2025-04-18 14:09:40,550 - DEBUG - 创建包含 19 个节点的图结构
2025-04-18 14:09:40,551 - DEBUG - 边统计: 正常边 166 条, 异常边 106 条
2025-04-18 14:09:40,610 - DEBUG - 正在保存可视化结果到 ./visual/omi/neighbor_all/range_ratio/omi-10/seg_0_740_780.png
2025-04-18 14:09:40,829 - INFO - 成功保存时间段 740-780 的可视化结果
2025-04-18 14:09:40,829 - INFO - 
正在处理时间段 2/8: 1345-1406
2025-04-18 14:09:40,829 - INFO - 该时间段的真实异常节点: {7, 9, 10, 11, 12, 13, 14, 15, 16, 17, 18}
2025-04-18 14:09:40,829 - INFO - 正在计算异常分数...
2025-04-18 14:09:40,875 - INFO - 检测到的异常节点: {1, 4, 5, 6, 7, 8, 9, 10, 11, 12, 13, 14, 15, 16, 17, 18, 19}
2025-04-18 14:09:40,875 - INFO - 正在为时间段 1345-1406 生成可视化
2025-04-18 14:09:40,875 - INFO - 正在为时间段 1345-1406 生成异常图可视化
2025-04-18 14:09:40,875 - DEBUG - 创建包含 19 个节点的图结构
2025-04-18 14:09:40,876 - DEBUG - 边统计: 正常边 268 条, 异常边 4 条
2025-04-18 14:09:40,934 - DEBUG - 正在保存可视化结果到 ./visual/omi/neighbor_all/range_ratio/omi-10/seg_1_1345_1406.png
2025-04-18 14:09:41,150 - INFO - 成功保存时间段 1345-1406 的可视化结果
2025-04-18 14:09:41,150 - INFO - 
正在处理时间段 3/8: 2224-2272
2025-04-18 14:09:41,151 - INFO - 该时间段的真实异常节点: {4, 5, 6, 7, 9, 10, 11, 12, 13, 14, 15, 16, 17, 18, 19}
2025-04-18 14:09:41,151 - INFO - 正在计算异常分数...
2025-04-18 14:09:41,186 - INFO - 检测到的异常节点: {1, 4, 5, 6, 7, 8, 9, 10, 11, 12, 13, 14, 15, 16, 17, 18, 19}
2025-04-18 14:09:41,186 - INFO - 正在为时间段 2224-2272 生成可视化
2025-04-18 14:09:41,186 - INFO - 正在为时间段 2224-2272 生成异常图可视化
2025-04-18 14:09:41,186 - DEBUG - 创建包含 19 个节点的图结构
2025-04-18 14:09:41,187 - DEBUG - 边统计: 正常边 264 条, 异常边 8 条
2025-04-18 14:09:41,245 - DEBUG - 正在保存可视化结果到 ./visual/omi/neighbor_all/range_ratio/omi-10/seg_2_2224_2272.png
2025-04-18 14:09:41,476 - INFO - 成功保存时间段 2224-2272 的可视化结果
2025-04-18 14:09:41,477 - INFO - 
正在处理时间段 4/8: 2514-2592
2025-04-18 14:09:41,477 - INFO - 该时间段的真实异常节点: {16, 4}
2025-04-18 14:09:41,477 - INFO - 正在计算异常分数...
2025-04-18 14:09:41,533 - INFO - 检测到的异常节点: {1, 4, 5, 6, 7, 8, 9, 10, 11, 12, 13, 14, 15, 16, 17, 18, 19}
2025-04-18 14:09:41,533 - INFO - 正在为时间段 2514-2592 生成可视化
2025-04-18 14:09:41,533 - INFO - 正在为时间段 2514-2592 生成异常图可视化
2025-04-18 14:09:41,534 - DEBUG - 创建包含 19 个节点的图结构
2025-04-18 14:09:41,535 - DEBUG - 边统计: 正常边 272 条, 异常边 0 条
2025-04-18 14:09:41,592 - DEBUG - 正在保存可视化结果到 ./visual/omi/neighbor_all/range_ratio/omi-10/seg_3_2514_2592.png
2025-04-18 14:09:41,808 - INFO - 成功保存时间段 2514-2592 的可视化结果
2025-04-18 14:09:41,808 - INFO - 
正在处理时间段 5/8: 2733-2778
2025-04-18 14:09:41,808 - INFO - 该时间段的真实异常节点: {11, 14, 15}
2025-04-18 14:09:41,808 - INFO - 正在计算异常分数...
2025-04-18 14:09:41,840 - INFO - 检测到的异常节点: {1, 4, 5, 7, 8, 9, 10, 11, 12, 13, 14, 15, 16, 17, 18, 19}
2025-04-18 14:09:41,840 - INFO - 正在为时间段 2733-2778 生成可视化
2025-04-18 14:09:41,840 - INFO - 正在为时间段 2733-2778 生成异常图可视化
2025-04-18 14:09:41,840 - DEBUG - 创建包含 19 个节点的图结构
2025-04-18 14:09:41,841 - DEBUG - 边统计: 正常边 238 条, 异常边 2 条
2025-04-18 14:09:41,900 - DEBUG - 正在保存可视化结果到 ./visual/omi/neighbor_all/range_ratio/omi-10/seg_4_2733_2778.png
2025-04-18 14:09:42,115 - INFO - 成功保存时间段 2733-2778 的可视化结果
2025-04-18 14:09:42,115 - INFO - 
正在处理时间段 6/8: 3401-3405
2025-04-18 14:09:42,115 - INFO - 该时间段的真实异常节点: {1}
2025-04-18 14:09:42,115 - INFO - 正在计算异常分数...
2025-04-18 14:09:42,117 - INFO - 检测到的异常节点: {5}
2025-04-18 14:09:42,117 - INFO - 正在为时间段 3401-3405 生成可视化
2025-04-18 14:09:42,117 - INFO - 正在为时间段 3401-3405 生成异常图可视化
2025-04-18 14:09:42,117 - DEBUG - 创建包含 19 个节点的图结构
2025-04-18 14:09:42,118 - DEBUG - 边统计: 正常边 252 条, 异常边 20 条
2025-04-18 14:09:42,175 - DEBUG - 正在保存可视化结果到 ./visual/omi/neighbor_all/range_ratio/omi-10/seg_5_3401_3405.png
2025-04-18 14:09:42,389 - INFO - 成功保存时间段 3401-3405 的可视化结果
2025-04-18 14:09:42,389 - INFO - 
正在处理时间段 7/8: 3414-3459
2025-04-18 14:09:42,389 - INFO - 该时间段的真实异常节点: {8}
2025-04-18 14:09:42,389 - INFO - 正在计算异常分数...
2025-04-18 14:09:42,422 - INFO - 检测到的异常节点: {1, 4, 5, 6, 7, 8, 9, 10, 11, 12, 13, 14, 15, 16, 17, 18, 19}
2025-04-18 14:09:42,422 - INFO - 正在为时间段 3414-3459 生成可视化
2025-04-18 14:09:42,422 - INFO - 正在为时间段 3414-3459 生成异常图可视化
2025-04-18 14:09:42,422 - DEBUG - 创建包含 19 个节点的图结构
2025-04-18 14:09:42,423 - DEBUG - 边统计: 正常边 234 条, 异常边 38 条
2025-04-18 14:09:42,480 - DEBUG - 正在保存可视化结果到 ./visual/omi/neighbor_all/range_ratio/omi-10/seg_6_3414_3459.png
2025-04-18 14:09:42,697 - INFO - 成功保存时间段 3414-3459 的可视化结果
2025-04-18 14:09:42,697 - INFO - 
正在处理时间段 8/8: 3700-3744
2025-04-18 14:09:42,697 - INFO - 该时间段的真实异常节点: {7, 8, 9, 10, 11, 12, 13, 14, 15, 16, 17, 18}
2025-04-18 14:09:42,697 - INFO - 正在计算异常分数...
2025-04-18 14:09:42,730 - INFO - 检测到的异常节点: {1, 4, 5, 6, 7, 8, 9, 10, 11, 12, 13, 14, 15, 16, 17, 18, 19}
2025-04-18 14:09:42,730 - INFO - 正在为时间段 3700-3744 生成可视化
2025-04-18 14:09:42,730 - INFO - 正在为时间段 3700-3744 生成异常图可视化
2025-04-18 14:09:42,730 - DEBUG - 创建包含 19 个节点的图结构
2025-04-18 14:09:42,731 - DEBUG - 边统计: 正常边 228 条, 异常边 44 条
2025-04-18 14:09:42,787 - DEBUG - 正在保存可视化结果到 ./visual/omi/neighbor_all/range_ratio/omi-10/seg_7_3700_3744.png
2025-04-18 14:09:43,003 - INFO - 成功保存时间段 3700-3744 的可视化结果
2025-04-18 14:09:43,004 - INFO - 正在从 ./visual/omi/neighbor_all/range_ratio/omi-10 中的图像创建GIF
2025-04-18 14:09:43,510 - INFO - GIF已保存到 ./visual/omi/neighbor_all/range_ratio/omi-10/omi-10.gif
2025-04-18 14:09:43,511 - INFO - 
==================================================
2025-04-18 14:09:43,511 - INFO - 开始数据集可视化: omi-11
2025-04-18 14:09:43,511 - INFO - 使用参数: 评分模式=range_ratio, all=None, 阈值=7.0
2025-04-18 14:09:43,511 - INFO - ==================================================

2025-04-18 14:09:43,511 - INFO - 正在加载数据集 omi-11 的数据
2025-04-18 14:09:43,512 - INFO - 数据加载成功。训练集形状: (8640, 19), 测试集形状: (4320, 19)
2025-04-18 14:09:43,512 - INFO - 正在计算边缘统计量...
2025-04-18 14:09:46,427 - INFO - 已计算 153 条边的统计量
2025-04-18 14:09:46,427 - INFO - 为每个节点使用所有邻居
2025-04-18 14:09:46,428 - INFO - 可视化结果将保存到: ./visual/omi/neighbor_all/range_ratio/omi-11
2025-04-18 14:09:46,428 - INFO - 在数据集中发现 9 个异常时间段
2025-04-18 14:09:46,429 - INFO - 
正在处理时间段 1/9: 738-755
2025-04-18 14:09:46,429 - INFO - 该时间段的真实异常节点: {2}
2025-04-18 14:09:46,429 - INFO - 正在计算异常分数...
2025-04-18 14:09:46,440 - INFO - 检测到的异常节点: {4, 5, 6, 7, 8, 10, 11, 12, 13, 14, 15, 16, 17, 18, 19}
2025-04-18 14:09:46,440 - INFO - 正在为时间段 738-755 生成可视化
2025-04-18 14:09:46,440 - INFO - 正在为时间段 738-755 生成异常图可视化
2025-04-18 14:09:46,440 - DEBUG - 创建包含 19 个节点的图结构
2025-04-18 14:09:46,441 - DEBUG - 边统计: 正常边 240 条, 异常边 0 条
2025-04-18 14:09:46,503 - DEBUG - 正在保存可视化结果到 ./visual/omi/neighbor_all/range_ratio/omi-11/seg_0_738_755.png
2025-04-18 14:09:46,714 - INFO - 成功保存时间段 738-755 的可视化结果
2025-04-18 14:09:46,715 - INFO - 
正在处理时间段 2/9: 757-815
2025-04-18 14:09:46,715 - INFO - 该时间段的真实异常节点: set()
2025-04-18 14:09:46,715 - INFO - 正在计算异常分数...
2025-04-18 14:09:46,759 - INFO - 检测到的异常节点: {1, 4, 5, 6, 7, 8, 9, 10, 11, 12, 13, 14, 15, 16, 17, 18, 19}
2025-04-18 14:09:46,759 - INFO - 正在为时间段 757-815 生成可视化
2025-04-18 14:09:46,759 - INFO - 正在为时间段 757-815 生成异常图可视化
2025-04-18 14:09:46,759 - DEBUG - 创建包含 19 个节点的图结构
2025-04-18 14:09:46,761 - DEBUG - 边统计: 正常边 248 条, 异常边 24 条
2025-04-18 14:09:46,818 - DEBUG - 正在保存可视化结果到 ./visual/omi/neighbor_all/range_ratio/omi-11/seg_1_757_815.png
2025-04-18 14:09:47,033 - INFO - 成功保存时间段 757-815 的可视化结果
2025-04-18 14:09:47,034 - INFO - 
正在处理时间段 3/9: 1366-1375
2025-04-18 14:09:47,034 - INFO - 该时间段的真实异常节点: {4, 5, 8, 17, 19}
2025-04-18 14:09:47,034 - INFO - 正在计算异常分数...
2025-04-18 14:09:47,039 - INFO - 检测到的异常节点: {1, 4, 5, 6, 7, 8, 9, 10, 11, 12, 13, 14, 15, 16, 17, 18, 19}
2025-04-18 14:09:47,039 - INFO - 正在为时间段 1366-1375 生成可视化
2025-04-18 14:09:47,039 - INFO - 正在为时间段 1366-1375 生成异常图可视化
2025-04-18 14:09:47,040 - DEBUG - 创建包含 19 个节点的图结构
2025-04-18 14:09:47,041 - DEBUG - 边统计: 正常边 210 条, 异常边 62 条
2025-04-18 14:09:47,098 - DEBUG - 正在保存可视化结果到 ./visual/omi/neighbor_all/range_ratio/omi-11/seg_2_1366_1375.png
2025-04-18 14:09:47,315 - INFO - 成功保存时间段 1366-1375 的可视化结果
2025-04-18 14:09:47,316 - INFO - 
正在处理时间段 4/9: 2301-2314
2025-04-18 14:09:47,316 - INFO - 该时间段的真实异常节点: {17, 19, 4, 5}
2025-04-18 14:09:47,316 - INFO - 正在计算异常分数...
2025-04-18 14:09:47,325 - INFO - 检测到的异常节点: {1, 4, 5, 6, 7, 8, 9, 10, 11, 12, 13, 14, 15, 16, 17, 18, 19}
2025-04-18 14:09:47,325 - INFO - 正在为时间段 2301-2314 生成可视化
2025-04-18 14:09:47,325 - INFO - 正在为时间段 2301-2314 生成异常图可视化
2025-04-18 14:09:47,325 - DEBUG - 创建包含 19 个节点的图结构
2025-04-18 14:09:47,326 - DEBUG - 边统计: 正常边 232 条, 异常边 40 条
2025-04-18 14:09:47,469 - DEBUG - 正在保存可视化结果到 ./visual/omi/neighbor_all/range_ratio/omi-11/seg_3_2301_2314.png
2025-04-18 14:09:47,687 - INFO - 成功保存时间段 2301-2314 的可视化结果
2025-04-18 14:09:47,687 - INFO - 
正在处理时间段 5/9: 2365-2381
2025-04-18 14:09:47,687 - INFO - 该时间段的真实异常节点: {19}
2025-04-18 14:09:47,687 - INFO - 正在计算异常分数...
2025-04-18 14:09:47,696 - INFO - 检测到的异常节点: {4, 6, 7, 8, 9, 11, 12, 13, 14, 15, 17, 18, 19}
2025-04-18 14:09:47,696 - INFO - 正在为时间段 2365-2381 生成可视化
2025-04-18 14:09:47,696 - INFO - 正在为时间段 2365-2381 生成异常图可视化
2025-04-18 14:09:47,696 - DEBUG - 创建包含 19 个节点的图结构
2025-04-18 14:09:47,697 - DEBUG - 边统计: 正常边 168 条, 异常边 42 条
2025-04-18 14:09:47,755 - DEBUG - 正在保存可视化结果到 ./visual/omi/neighbor_all/range_ratio/omi-11/seg_4_2365_2381.png
2025-04-18 14:09:47,970 - INFO - 成功保存时间段 2365-2381 的可视化结果
2025-04-18 14:09:47,970 - INFO - 
正在处理时间段 6/9: 2464-2485
2025-04-18 14:09:47,970 - INFO - 该时间段的真实异常节点: {17, 19, 4, 5}
2025-04-18 14:09:47,970 - INFO - 正在计算异常分数...
2025-04-18 14:09:47,985 - INFO - 检测到的异常节点: {1, 4, 5, 6, 7, 8, 9, 10, 11, 12, 13, 14, 15, 16, 17, 18, 19}
2025-04-18 14:09:47,985 - INFO - 正在为时间段 2464-2485 生成可视化
2025-04-18 14:09:47,985 - INFO - 正在为时间段 2464-2485 生成异常图可视化
2025-04-18 14:09:47,986 - DEBUG - 创建包含 19 个节点的图结构
2025-04-18 14:09:47,987 - DEBUG - 边统计: 正常边 236 条, 异常边 36 条
2025-04-18 14:09:48,044 - DEBUG - 正在保存可视化结果到 ./visual/omi/neighbor_all/range_ratio/omi-11/seg_5_2464_2485.png
2025-04-18 14:09:48,260 - INFO - 成功保存时间段 2464-2485 的可视化结果
2025-04-18 14:09:48,260 - INFO - 
正在处理时间段 7/9: 2588-2610
2025-04-18 14:09:48,260 - INFO - 该时间段的真实异常节点: {17, 19, 4, 5}
2025-04-18 14:09:48,260 - INFO - 正在计算异常分数...
2025-04-18 14:09:48,275 - INFO - 检测到的异常节点: {1, 4, 5, 6, 7, 8, 9, 10, 11, 12, 13, 14, 15, 16, 17, 18, 19}
2025-04-18 14:09:48,275 - INFO - 正在为时间段 2588-2610 生成可视化
2025-04-18 14:09:48,275 - INFO - 正在为时间段 2588-2610 生成异常图可视化
2025-04-18 14:09:48,275 - DEBUG - 创建包含 19 个节点的图结构
2025-04-18 14:09:48,276 - DEBUG - 边统计: 正常边 216 条, 异常边 56 条
2025-04-18 14:09:48,333 - DEBUG - 正在保存可视化结果到 ./visual/omi/neighbor_all/range_ratio/omi-11/seg_6_2588_2610.png
2025-04-18 14:09:48,550 - INFO - 成功保存时间段 2588-2610 的可视化结果
2025-04-18 14:09:48,550 - INFO - 
正在处理时间段 8/9: 2650-2675
2025-04-18 14:09:48,550 - INFO - 该时间段的真实异常节点: {19}
2025-04-18 14:09:48,550 - INFO - 正在计算异常分数...
2025-04-18 14:09:48,567 - INFO - 检测到的异常节点: {4, 5, 6, 7, 8, 9, 10, 11, 12, 13, 14, 15, 16, 17, 18, 19}
2025-04-18 14:09:48,567 - INFO - 正在为时间段 2650-2675 生成可视化
2025-04-18 14:09:48,567 - INFO - 正在为时间段 2650-2675 生成异常图可视化
2025-04-18 14:09:48,567 - DEBUG - 创建包含 19 个节点的图结构
2025-04-18 14:09:48,568 - DEBUG - 边统计: 正常边 192 条, 异常边 48 条
2025-04-18 14:09:48,627 - DEBUG - 正在保存可视化结果到 ./visual/omi/neighbor_all/range_ratio/omi-11/seg_7_2650_2675.png
2025-04-18 14:09:48,841 - INFO - 成功保存时间段 2650-2675 的可视化结果
2025-04-18 14:09:48,841 - INFO - 
正在处理时间段 9/9: 3012-3072
2025-04-18 14:09:48,841 - INFO - 该时间段的真实异常节点: {1, 4, 5, 8, 17, 19}
2025-04-18 14:09:48,841 - INFO - 正在计算异常分数...
2025-04-18 14:09:48,887 - INFO - 检测到的异常节点: {1, 4, 5, 6, 7, 8, 9, 10, 11, 12, 13, 14, 15, 16, 17, 18, 19}
2025-04-18 14:09:48,888 - INFO - 正在为时间段 3012-3072 生成可视化
2025-04-18 14:09:48,888 - INFO - 正在为时间段 3012-3072 生成异常图可视化
2025-04-18 14:09:48,888 - DEBUG - 创建包含 19 个节点的图结构
2025-04-18 14:09:48,889 - DEBUG - 边统计: 正常边 272 条, 异常边 0 条
2025-04-18 14:09:48,946 - DEBUG - 正在保存可视化结果到 ./visual/omi/neighbor_all/range_ratio/omi-11/seg_8_3012_3072.png
2025-04-18 14:09:49,161 - INFO - 成功保存时间段 3012-3072 的可视化结果
2025-04-18 14:09:49,161 - INFO - 正在从 ./visual/omi/neighbor_all/range_ratio/omi-11 中的图像创建GIF
2025-04-18 14:09:49,736 - INFO - GIF已保存到 ./visual/omi/neighbor_all/range_ratio/omi-11/omi-11.gif
2025-04-18 14:09:49,736 - INFO - 
==================================================
2025-04-18 14:09:49,736 - INFO - 开始数据集可视化: omi-12
2025-04-18 14:09:49,736 - INFO - 使用参数: 评分模式=range_ratio, all=None, 阈值=7.0
2025-04-18 14:09:49,736 - INFO - ==================================================

2025-04-18 14:09:49,737 - INFO - 正在加载数据集 omi-12 的数据
2025-04-18 14:09:49,737 - INFO - 数据加载成功。训练集形状: (7291, 19), 测试集形状: (4320, 19)
2025-04-18 14:09:49,737 - INFO - 正在计算边缘统计量...
2025-04-18 14:09:51,936 - INFO - 已计算 133 条边的统计量
2025-04-18 14:09:51,937 - INFO - 为每个节点使用所有邻居
2025-04-18 14:09:51,937 - INFO - 可视化结果将保存到: ./visual/omi/neighbor_all/range_ratio/omi-12
2025-04-18 14:09:51,938 - INFO - 在数据集中发现 5 个异常时间段
2025-04-18 14:09:51,938 - INFO - 
正在处理时间段 1/5: 740-813
2025-04-18 14:09:51,938 - INFO - 该时间段的真实异常节点: {1, 2, 6, 7, 8, 9, 10, 11, 12, 13, 14, 15, 16, 17, 18, 19}
2025-04-18 14:09:51,938 - INFO - 正在计算异常分数...
2025-04-18 14:09:51,987 - INFO - 检测到的异常节点: {1, 6, 7, 8, 9, 10, 11, 12, 13, 14, 15, 16, 17, 18, 19}
2025-04-18 14:09:51,987 - INFO - 正在为时间段 740-813 生成可视化
2025-04-18 14:09:51,987 - INFO - 正在为时间段 740-813 生成异常图可视化
2025-04-18 14:09:51,987 - DEBUG - 创建包含 19 个节点的图结构
2025-04-18 14:09:51,988 - DEBUG - 边统计: 正常边 140 条, 异常边 70 条
2025-04-18 14:09:52,055 - DEBUG - 正在保存可视化结果到 ./visual/omi/neighbor_all/range_ratio/omi-12/seg_0_740_813.png
2025-04-18 14:09:52,276 - INFO - 成功保存时间段 740-813 的可视化结果
2025-04-18 14:09:52,276 - INFO - 
正在处理时间段 2/5: 2486-2493
2025-04-18 14:09:52,276 - INFO - 该时间段的真实异常节点: {4, 5}
2025-04-18 14:09:52,276 - INFO - 正在计算异常分数...
2025-04-18 14:09:52,280 - INFO - 检测到的异常节点: {1, 4, 5, 7, 8, 9, 10, 14, 16, 17, 18}
2025-04-18 14:09:52,280 - INFO - 正在为时间段 2486-2493 生成可视化
2025-04-18 14:09:52,280 - INFO - 正在为时间段 2486-2493 生成异常图可视化
2025-04-18 14:09:52,280 - DEBUG - 创建包含 19 个节点的图结构
2025-04-18 14:09:52,281 - DEBUG - 边统计: 正常边 170 条, 异常边 36 条
2025-04-18 14:09:52,342 - DEBUG - 正在保存可视化结果到 ./visual/omi/neighbor_all/range_ratio/omi-12/seg_1_2486_2493.png
2025-04-18 14:09:52,556 - INFO - 成功保存时间段 2486-2493 的可视化结果
2025-04-18 14:09:52,557 - INFO - 
正在处理时间段 3/5: 2515-2525
2025-04-18 14:09:52,557 - INFO - 该时间段的真实异常节点: {1, 4, 5, 7, 8, 9, 17, 18}
2025-04-18 14:09:52,557 - INFO - 正在计算异常分数...
2025-04-18 14:09:52,563 - INFO - 检测到的异常节点: {1, 4, 5, 6, 7, 8, 9, 10, 12, 13, 14, 15, 16, 17, 18, 19}
2025-04-18 14:09:52,563 - INFO - 正在为时间段 2515-2525 生成可视化
2025-04-18 14:09:52,563 - INFO - 正在为时间段 2515-2525 生成异常图可视化
2025-04-18 14:09:52,563 - DEBUG - 创建包含 19 个节点的图结构
2025-04-18 14:09:52,564 - DEBUG - 边统计: 正常边 190 条, 异常边 76 条
2025-04-18 14:09:52,622 - DEBUG - 正在保存可视化结果到 ./visual/omi/neighbor_all/range_ratio/omi-12/seg_2_2515_2525.png
2025-04-18 14:09:52,842 - INFO - 成功保存时间段 2515-2525 的可视化结果
2025-04-18 14:09:52,842 - INFO - 
正在处理时间段 4/5: 2721-2723
2025-04-18 14:09:52,842 - INFO - 该时间段的真实异常节点: {4}
2025-04-18 14:09:52,842 - INFO - 正在计算异常分数...
2025-04-18 14:09:52,842 - INFO - 检测到的异常节点: set()
2025-04-18 14:09:52,842 - INFO - 正在为时间段 2721-2723 生成可视化
2025-04-18 14:09:52,842 - INFO - 正在为时间段 2721-2723 生成异常图可视化
2025-04-18 14:09:52,843 - DEBUG - 创建包含 19 个节点的图结构
2025-04-18 14:09:52,843 - DEBUG - 边统计: 正常边 40 条, 异常边 48 条
2025-04-18 14:09:52,902 - DEBUG - 正在保存可视化结果到 ./visual/omi/neighbor_all/range_ratio/omi-12/seg_3_2721_2723.png
2025-04-18 14:09:53,113 - INFO - 成功保存时间段 2721-2723 的可视化结果
2025-04-18 14:09:53,113 - INFO - 
正在处理时间段 5/5: 3500-3535
2025-04-18 14:09:53,113 - INFO - 该时间段的真实异常节点: {5, 6, 7, 8, 11, 12, 13, 14, 15, 16, 17, 18, 19}
2025-04-18 14:09:53,113 - INFO - 正在计算异常分数...
2025-04-18 14:09:53,133 - INFO - 检测到的异常节点: {6, 7, 8, 9, 10, 11, 12, 13, 14, 15, 16, 17, 18, 19}
2025-04-18 14:09:53,133 - INFO - 正在为时间段 3500-3535 生成可视化
2025-04-18 14:09:53,133 - INFO - 正在为时间段 3500-3535 生成异常图可视化
2025-04-18 14:09:53,134 - DEBUG - 创建包含 19 个节点的图结构
2025-04-18 14:09:53,135 - DEBUG - 边统计: 正常边 172 条, 异常边 38 条
2025-04-18 14:09:53,192 - DEBUG - 正在保存可视化结果到 ./visual/omi/neighbor_all/range_ratio/omi-12/seg_4_3500_3535.png
2025-04-18 14:09:53,409 - INFO - 成功保存时间段 3500-3535 的可视化结果
2025-04-18 14:09:53,409 - INFO - 正在从 ./visual/omi/neighbor_all/range_ratio/omi-12 中的图像创建GIF
2025-04-18 14:09:53,727 - INFO - GIF已保存到 ./visual/omi/neighbor_all/range_ratio/omi-12/omi-12.gif
2025-04-18 14:09:53,728 - INFO - 
==================================================
2025-04-18 14:09:53,728 - INFO - 开始数据集可视化: omi-2
2025-04-18 14:09:53,728 - INFO - 使用参数: 评分模式=range_ratio, all=None, 阈值=6.5
2025-04-18 14:09:53,728 - INFO - ==================================================

2025-04-18 14:09:53,728 - INFO - 正在加载数据集 omi-2 的数据
2025-04-18 14:09:53,730 - INFO - 数据加载成功。训练集形状: (8640, 19), 测试集形状: (4320, 19)
2025-04-18 14:09:53,730 - INFO - 正在计算边缘统计量...
2025-04-18 14:09:56,622 - INFO - 已计算 153 条边的统计量
2025-04-18 14:09:56,622 - INFO - 为每个节点使用所有邻居
2025-04-18 14:09:56,622 - INFO - 可视化结果将保存到: ./visual/omi/neighbor_all/range_ratio/omi-2
2025-04-18 14:09:56,623 - INFO - 在数据集中发现 4 个异常时间段
2025-04-18 14:09:56,623 - INFO - 
正在处理时间段 1/4: 486-498
2025-04-18 14:09:56,624 - INFO - 该时间段的真实异常节点: {1, 4, 5}
2025-04-18 14:09:56,624 - INFO - 正在计算异常分数...
2025-04-18 14:09:56,631 - INFO - 检测到的异常节点: {1, 4, 5, 6, 7, 8, 10, 11, 12, 13, 14, 15, 16, 18, 19}
2025-04-18 14:09:56,631 - INFO - 正在为时间段 486-498 生成可视化
2025-04-18 14:09:56,631 - INFO - 正在为时间段 486-498 生成异常图可视化
2025-04-18 14:09:56,631 - DEBUG - 创建包含 19 个节点的图结构
2025-04-18 14:09:56,633 - DEBUG - 边统计: 正常边 272 条, 异常边 0 条
2025-04-18 14:09:56,689 - DEBUG - 正在保存可视化结果到 ./visual/omi/neighbor_all/range_ratio/omi-2/seg_0_486_498.png
2025-04-18 14:09:56,903 - INFO - 成功保存时间段 486-498 的可视化结果
2025-04-18 14:09:56,903 - INFO - 
正在处理时间段 2/4: 740-753
2025-04-18 14:09:56,903 - INFO - 该时间段的真实异常节点: {2}
2025-04-18 14:09:56,903 - INFO - 正在计算异常分数...
2025-04-18 14:09:56,911 - INFO - 检测到的异常节点: {9, 2, 5, 6}
2025-04-18 14:09:56,911 - INFO - 正在为时间段 740-753 生成可视化
2025-04-18 14:09:56,912 - INFO - 正在为时间段 740-753 生成异常图可视化
2025-04-18 14:09:56,912 - DEBUG - 创建包含 19 个节点的图结构
2025-04-18 14:09:56,913 - DEBUG - 边统计: 正常边 268 条, 异常边 4 条
2025-04-18 14:09:57,066 - DEBUG - 正在保存可视化结果到 ./visual/omi/neighbor_all/range_ratio/omi-2/seg_1_740_753.png
2025-04-18 14:09:57,281 - INFO - 成功保存时间段 740-753 的可视化结果
2025-04-18 14:09:57,282 - INFO - 
正在处理时间段 3/4: 766-783
2025-04-18 14:09:57,282 - INFO - 该时间段的真实异常节点: {1, 5, 6, 7, 8, 9, 10, 11, 12, 13, 14, 15, 16, 17, 18, 19}
2025-04-18 14:09:57,282 - INFO - 正在计算异常分数...
2025-04-18 14:09:57,293 - INFO - 检测到的异常节点: {1, 5, 6, 7, 8, 9, 10, 11, 12, 13, 14, 15, 16, 17, 18, 19}
2025-04-18 14:09:57,293 - INFO - 正在为时间段 766-783 生成可视化
2025-04-18 14:09:57,293 - INFO - 正在为时间段 766-783 生成异常图可视化
2025-04-18 14:09:57,293 - DEBUG - 创建包含 19 个节点的图结构
2025-04-18 14:09:57,294 - DEBUG - 边统计: 正常边 222 条, 异常边 50 条
2025-04-18 14:09:57,351 - DEBUG - 正在保存可视化结果到 ./visual/omi/neighbor_all/range_ratio/omi-2/seg_2_766_783.png
2025-04-18 14:09:57,569 - INFO - 成功保存时间段 766-783 的可视化结果
2025-04-18 14:09:57,569 - INFO - 
正在处理时间段 4/4: 1436-1445
2025-04-18 14:09:57,569 - INFO - 该时间段的真实异常节点: {7, 9, 10, 11, 12, 13, 14, 15, 16, 17, 18}
2025-04-18 14:09:57,569 - INFO - 正在计算异常分数...
2025-04-18 14:09:57,574 - INFO - 检测到的异常节点: {1, 4, 5, 6, 7, 9, 10, 11, 12, 13, 14, 15, 16, 18}
2025-04-18 14:09:57,574 - INFO - 正在为时间段 1436-1445 生成可视化
2025-04-18 14:09:57,574 - INFO - 正在为时间段 1436-1445 生成异常图可视化
2025-04-18 14:09:57,575 - DEBUG - 创建包含 19 个节点的图结构
2025-04-18 14:09:57,576 - DEBUG - 边统计: 正常边 270 条, 异常边 2 条
2025-04-18 14:09:57,633 - DEBUG - 正在保存可视化结果到 ./visual/omi/neighbor_all/range_ratio/omi-2/seg_3_1436_1445.png
2025-04-18 14:09:57,846 - INFO - 成功保存时间段 1436-1445 的可视化结果
2025-04-18 14:09:57,846 - INFO - 正在从 ./visual/omi/neighbor_all/range_ratio/omi-2 中的图像创建GIF
2025-04-18 14:09:58,089 - INFO - GIF已保存到 ./visual/omi/neighbor_all/range_ratio/omi-2/omi-2.gif
2025-04-18 14:09:58,090 - INFO - 
==================================================
2025-04-18 14:09:58,090 - INFO - 开始数据集可视化: omi-3
2025-04-18 14:09:58,090 - INFO - 使用参数: 评分模式=range_ratio, all=None, 阈值=2.5
2025-04-18 14:09:58,090 - INFO - ==================================================

2025-04-18 14:09:58,090 - INFO - 正在加载数据集 omi-3 的数据
2025-04-18 14:09:58,091 - INFO - 数据加载成功。训练集形状: (8640, 19), 测试集形状: (4320, 19)
2025-04-18 14:09:58,091 - INFO - 正在计算边缘统计量...
2025-04-18 14:10:00,912 - INFO - 已计算 136 条边的统计量
2025-04-18 14:10:00,912 - INFO - 为每个节点使用所有邻居
2025-04-18 14:10:00,913 - INFO - 可视化结果将保存到: ./visual/omi/neighbor_all/range_ratio/omi-3
2025-04-18 14:10:00,913 - INFO - 在数据集中发现 6 个异常时间段
2025-04-18 14:10:00,913 - INFO - 
正在处理时间段 1/6: 760-820
2025-04-18 14:10:00,914 - INFO - 该时间段的真实异常节点: {1, 4, 6, 7, 8, 9, 10, 11, 12, 13, 14, 15, 16, 17, 18, 19}
2025-04-18 14:10:00,914 - INFO - 正在计算异常分数...
2025-04-18 14:10:00,958 - INFO - 检测到的异常节点: {1, 4, 5, 6, 7, 8, 9, 10, 11, 12, 13, 14, 15, 16, 17, 18, 19}
2025-04-18 14:10:00,958 - INFO - 正在为时间段 760-820 生成可视化
2025-04-18 14:10:00,958 - INFO - 正在为时间段 760-820 生成异常图可视化
2025-04-18 14:10:00,958 - DEBUG - 创建包含 19 个节点的图结构
2025-04-18 14:10:00,959 - DEBUG - 边统计: 正常边 248 条, 异常边 24 条
2025-04-18 14:10:01,017 - DEBUG - 正在保存可视化结果到 ./visual/omi/neighbor_all/range_ratio/omi-3/seg_0_760_820.png
2025-04-18 14:10:01,229 - INFO - 成功保存时间段 760-820 的可视化结果
2025-04-18 14:10:01,229 - INFO - 
正在处理时间段 2/6: 842-860
2025-04-18 14:10:01,230 - INFO - 该时间段的真实异常节点: {7, 8, 9, 10, 11, 12, 13, 14, 15, 16, 17, 18, 19}
2025-04-18 14:10:01,230 - INFO - 正在计算异常分数...
2025-04-18 14:10:01,242 - INFO - 检测到的异常节点: {4, 5, 6, 7, 8, 9, 10, 11, 12, 13, 14, 15, 16, 17, 18, 19}
2025-04-18 14:10:01,242 - INFO - 正在为时间段 842-860 生成可视化
2025-04-18 14:10:01,242 - INFO - 正在为时间段 842-860 生成异常图可视化
2025-04-18 14:10:01,242 - DEBUG - 创建包含 19 个节点的图结构
2025-04-18 14:10:01,243 - DEBUG - 边统计: 正常边 224 条, 异常边 16 条
2025-04-18 14:10:01,302 - DEBUG - 正在保存可视化结果到 ./visual/omi/neighbor_all/range_ratio/omi-3/seg_1_842_860.png
2025-04-18 14:10:01,512 - INFO - 成功保存时间段 842-860 的可视化结果
2025-04-18 14:10:01,512 - INFO - 
正在处理时间段 3/6: 1080-1120
2025-04-18 14:10:01,512 - INFO - 该时间段的真实异常节点: {7, 9, 10, 11, 12, 13, 14, 15, 16, 17, 18}
2025-04-18 14:10:01,513 - INFO - 正在计算异常分数...
2025-04-18 14:10:01,541 - INFO - 检测到的异常节点: {1, 4, 5, 6, 7, 8, 9, 10, 11, 12, 13, 14, 15, 16, 17, 18, 19}
2025-04-18 14:10:01,542 - INFO - 正在为时间段 1080-1120 生成可视化
2025-04-18 14:10:01,542 - INFO - 正在为时间段 1080-1120 生成异常图可视化
2025-04-18 14:10:01,542 - DEBUG - 创建包含 19 个节点的图结构
2025-04-18 14:10:01,543 - DEBUG - 边统计: 正常边 272 条, 异常边 0 条
2025-04-18 14:10:01,600 - DEBUG - 正在保存可视化结果到 ./visual/omi/neighbor_all/range_ratio/omi-3/seg_2_1080_1120.png
2025-04-18 14:10:01,813 - INFO - 成功保存时间段 1080-1120 的可视化结果
2025-04-18 14:10:01,813 - INFO - 
正在处理时间段 4/6: 2188-2201
2025-04-18 14:10:01,813 - INFO - 该时间段的真实异常节点: {7, 9, 10, 11, 12, 13, 14, 15, 16, 17, 18, 19}
2025-04-18 14:10:01,813 - INFO - 正在计算异常分数...
2025-04-18 14:10:01,821 - INFO - 检测到的异常节点: {6, 7, 8, 9, 10, 11, 12, 13, 14, 15, 16, 17, 18, 19}
2025-04-18 14:10:01,821 - INFO - 正在为时间段 2188-2201 生成可视化
2025-04-18 14:10:01,821 - INFO - 正在为时间段 2188-2201 生成异常图可视化
2025-04-18 14:10:01,822 - DEBUG - 创建包含 19 个节点的图结构
2025-04-18 14:10:01,823 - DEBUG - 边统计: 正常边 258 条, 异常边 14 条
2025-04-18 14:10:01,879 - DEBUG - 正在保存可视化结果到 ./visual/omi/neighbor_all/range_ratio/omi-3/seg_3_2188_2201.png
2025-04-18 14:10:02,092 - INFO - 成功保存时间段 2188-2201 的可视化结果
2025-04-18 14:10:02,093 - INFO - 
正在处理时间段 5/6: 2497-2500
2025-04-18 14:10:02,093 - INFO - 该时间段的真实异常节点: {6, 7, 9, 10, 11, 12, 13, 14, 15, 16, 17, 18, 19}
2025-04-18 14:10:02,093 - INFO - 正在计算异常分数...
2025-04-18 14:10:02,093 - INFO - 检测到的异常节点: set()
2025-04-18 14:10:02,093 - INFO - 正在为时间段 2497-2500 生成可视化
2025-04-18 14:10:02,093 - INFO - 正在为时间段 2497-2500 生成异常图可视化
2025-04-18 14:10:02,093 - DEBUG - 创建包含 19 个节点的图结构
2025-04-18 14:10:02,094 - DEBUG - 边统计: 正常边 208 条, 异常边 2 条
2025-04-18 14:10:02,151 - DEBUG - 正在保存可视化结果到 ./visual/omi/neighbor_all/range_ratio/omi-3/seg_4_2497_2500.png
2025-04-18 14:10:02,364 - INFO - 成功保存时间段 2497-2500 的可视化结果
2025-04-18 14:10:02,364 - INFO - 
正在处理时间段 6/6: 3428-3434
2025-04-18 14:10:02,364 - INFO - 该时间段的真实异常节点: {7, 8, 9, 10, 11, 12, 13, 14, 15, 16, 17, 18, 19}
2025-04-18 14:10:02,364 - INFO - 正在计算异常分数...
2025-04-18 14:10:02,367 - INFO - 检测到的异常节点: {7, 8, 9, 10, 11, 12, 13, 14, 15, 16, 17, 18, 19}
2025-04-18 14:10:02,367 - INFO - 正在为时间段 3428-3434 生成可视化
2025-04-18 14:10:02,367 - INFO - 正在为时间段 3428-3434 生成异常图可视化
2025-04-18 14:10:02,367 - DEBUG - 创建包含 19 个节点的图结构
2025-04-18 14:10:02,368 - DEBUG - 边统计: 正常边 270 条, 异常边 2 条
2025-04-18 14:10:02,424 - DEBUG - 正在保存可视化结果到 ./visual/omi/neighbor_all/range_ratio/omi-3/seg_5_3428_3434.png
2025-04-18 14:10:02,637 - INFO - 成功保存时间段 3428-3434 的可视化结果
2025-04-18 14:10:02,637 - INFO - 正在从 ./visual/omi/neighbor_all/range_ratio/omi-3 中的图像创建GIF
2025-04-18 14:10:03,017 - INFO - GIF已保存到 ./visual/omi/neighbor_all/range_ratio/omi-3/omi-3.gif
2025-04-18 14:10:03,017 - INFO - 
==================================================
2025-04-18 14:10:03,017 - INFO - 开始数据集可视化: omi-4
2025-04-18 14:10:03,017 - INFO - 使用参数: 评分模式=range_ratio, all=None, 阈值=2.0
2025-04-18 14:10:03,018 - INFO - ==================================================

2025-04-18 14:10:03,018 - INFO - 正在加载数据集 omi-4 的数据
2025-04-18 14:10:03,018 - INFO - 数据加载成功。训练集形状: (8640, 19), 测试集形状: (4320, 19)
2025-04-18 14:10:03,018 - INFO - 正在计算边缘统计量...
2025-04-18 14:10:05,862 - INFO - 已计算 136 条边的统计量
2025-04-18 14:10:05,862 - INFO - 为每个节点使用所有邻居
2025-04-18 14:10:05,863 - INFO - 可视化结果将保存到: ./visual/omi/neighbor_all/range_ratio/omi-4
2025-04-18 14:10:05,863 - INFO - 在数据集中发现 5 个异常时间段
2025-04-18 14:10:05,864 - INFO - 
正在处理时间段 1/5: 727-782
2025-04-18 14:10:05,864 - INFO - 该时间段的真实异常节点: {1, 2, 6, 7, 8, 9, 10, 11, 12, 13, 14, 15, 16, 17, 18, 19}
2025-04-18 14:10:05,864 - INFO - 正在计算异常分数...
2025-04-18 14:10:05,903 - INFO - 检测到的异常节点: {1, 4, 5, 6, 7, 8, 9, 10, 11, 12, 13, 14, 15, 16, 17, 18, 19}
2025-04-18 14:10:05,903 - INFO - 正在为时间段 727-782 生成可视化
2025-04-18 14:10:05,903 - INFO - 正在为时间段 727-782 生成异常图可视化
2025-04-18 14:10:05,903 - DEBUG - 创建包含 19 个节点的图结构
2025-04-18 14:10:05,904 - DEBUG - 边统计: 正常边 240 条, 异常边 32 条
2025-04-18 14:10:05,962 - DEBUG - 正在保存可视化结果到 ./visual/omi/neighbor_all/range_ratio/omi-4/seg_0_727_782.png
2025-04-18 14:10:06,175 - INFO - 成功保存时间段 727-782 的可视化结果
2025-04-18 14:10:06,175 - INFO - 
正在处理时间段 2/5: 843-857
2025-04-18 14:10:06,175 - INFO - 该时间段的真实异常节点: {6, 7, 8, 9, 10, 11, 12, 13, 14, 15, 16, 17, 18, 19}
2025-04-18 14:10:06,175 - INFO - 正在计算异常分数...
2025-04-18 14:10:06,185 - INFO - 检测到的异常节点: {4, 5, 6, 7, 8, 9, 10, 11, 12, 13, 14, 15, 16, 17, 18, 19}
2025-04-18 14:10:06,185 - INFO - 正在为时间段 843-857 生成可视化
2025-04-18 14:10:06,185 - INFO - 正在为时间段 843-857 生成异常图可视化
2025-04-18 14:10:06,185 - DEBUG - 创建包含 19 个节点的图结构
2025-04-18 14:10:06,186 - DEBUG - 边统计: 正常边 236 条, 异常边 4 条
2025-04-18 14:10:06,244 - DEBUG - 正在保存可视化结果到 ./visual/omi/neighbor_all/range_ratio/omi-4/seg_1_843_857.png
2025-04-18 14:10:06,454 - INFO - 成功保存时间段 843-857 的可视化结果
2025-04-18 14:10:06,454 - INFO - 
正在处理时间段 3/5: 2178-2238
2025-04-18 14:10:06,454 - INFO - 该时间段的真实异常节点: {8, 9, 10, 11, 12, 13, 14, 15, 16, 17, 18, 19}
2025-04-18 14:10:06,454 - INFO - 正在计算异常分数...
2025-04-18 14:10:06,497 - INFO - 检测到的异常节点: {1, 4, 5, 6, 7, 8, 9, 10, 11, 12, 13, 14, 15, 16, 17, 18, 19}
2025-04-18 14:10:06,497 - INFO - 正在为时间段 2178-2238 生成可视化
2025-04-18 14:10:06,497 - INFO - 正在为时间段 2178-2238 生成异常图可视化
2025-04-18 14:10:06,498 - DEBUG - 创建包含 19 个节点的图结构
2025-04-18 14:10:06,499 - DEBUG - 边统计: 正常边 272 条, 异常边 0 条
2025-04-18 14:10:06,632 - DEBUG - 正在保存可视化结果到 ./visual/omi/neighbor_all/range_ratio/omi-4/seg_2_2178_2238.png
2025-04-18 14:10:06,846 - INFO - 成功保存时间段 2178-2238 的可视化结果
2025-04-18 14:10:06,846 - INFO - 
正在处理时间段 4/5: 2494-2501
2025-04-18 14:10:06,847 - INFO - 该时间段的真实异常节点: {7, 9, 10, 11, 12, 13, 14, 15, 16, 17, 18, 19}
2025-04-18 14:10:06,847 - INFO - 正在计算异常分数...
2025-04-18 14:10:06,850 - INFO - 检测到的异常节点: {6, 7, 9, 10, 11, 12, 13, 14, 15, 16, 17, 18, 19}
2025-04-18 14:10:06,850 - INFO - 正在为时间段 2494-2501 生成可视化
2025-04-18 14:10:06,850 - INFO - 正在为时间段 2494-2501 生成异常图可视化
2025-04-18 14:10:06,850 - DEBUG - 创建包含 19 个节点的图结构
2025-04-18 14:10:06,851 - DEBUG - 边统计: 正常边 218 条, 异常边 22 条
2025-04-18 14:10:06,909 - DEBUG - 正在保存可视化结果到 ./visual/omi/neighbor_all/range_ratio/omi-4/seg_3_2494_2501.png
2025-04-18 14:10:07,118 - INFO - 成功保存时间段 2494-2501 的可视化结果
2025-04-18 14:10:07,119 - INFO - 
正在处理时间段 5/5: 3425-3435
2025-04-18 14:10:07,119 - INFO - 该时间段的真实异常节点: {7, 8, 9, 10, 11, 12, 13, 14, 15, 16, 17, 18, 19}
2025-04-18 14:10:07,119 - INFO - 正在计算异常分数...
2025-04-18 14:10:07,125 - INFO - 检测到的异常节点: {5, 6, 7, 8, 9, 10, 11, 12, 13, 14, 15, 16, 17, 18, 19}
2025-04-18 14:10:07,125 - INFO - 正在为时间段 3425-3435 生成可视化
2025-04-18 14:10:07,125 - INFO - 正在为时间段 3425-3435 生成异常图可视化
2025-04-18 14:10:07,125 - DEBUG - 创建包含 19 个节点的图结构
2025-04-18 14:10:07,126 - DEBUG - 边统计: 正常边 252 条, 异常边 20 条
2025-04-18 14:10:07,182 - DEBUG - 正在保存可视化结果到 ./visual/omi/neighbor_all/range_ratio/omi-4/seg_4_3425_3435.png
2025-04-18 14:10:07,395 - INFO - 成功保存时间段 3425-3435 的可视化结果
2025-04-18 14:10:07,395 - INFO - 正在从 ./visual/omi/neighbor_all/range_ratio/omi-4 中的图像创建GIF
2025-04-18 14:10:07,702 - INFO - GIF已保存到 ./visual/omi/neighbor_all/range_ratio/omi-4/omi-4.gif
2025-04-18 14:10:07,703 - INFO - 
==================================================
2025-04-18 14:10:07,703 - INFO - 开始数据集可视化: omi-5
2025-04-18 14:10:07,703 - INFO - 使用参数: 评分模式=range_ratio, all=None, 阈值=0.0
2025-04-18 14:10:07,703 - INFO - ==================================================

2025-04-18 14:10:07,703 - INFO - 正在加载数据集 omi-5 的数据
2025-04-18 14:10:07,704 - INFO - 数据加载成功。训练集形状: (8640, 19), 测试集形状: (4320, 19)
2025-04-18 14:10:07,704 - INFO - 正在计算边缘统计量...
2025-04-18 14:10:10,803 - INFO - 已计算 153 条边的统计量
2025-04-18 14:10:10,804 - INFO - 为每个节点使用所有邻居
2025-04-18 14:10:10,804 - INFO - 可视化结果将保存到: ./visual/omi/neighbor_all/range_ratio/omi-5
2025-04-18 14:10:10,805 - INFO - 在数据集中发现 6 个异常时间段
2025-04-18 14:10:10,805 - INFO - 
正在处理时间段 1/6: 765-781
2025-04-18 14:10:10,805 - INFO - 该时间段的真实异常节点: {6, 7, 8, 9, 10, 11, 12, 13, 14, 15, 16, 17, 18, 19}
2025-04-18 14:10:10,805 - INFO - 正在计算异常分数...
2025-04-18 14:10:10,816 - INFO - 检测到的异常节点: {1, 2, 5, 6, 7, 8, 9, 10, 11, 12, 13, 14, 15, 16, 17, 18, 19}
2025-04-18 14:10:10,816 - INFO - 正在为时间段 765-781 生成可视化
2025-04-18 14:10:10,816 - INFO - 正在为时间段 765-781 生成异常图可视化
2025-04-18 14:10:10,816 - DEBUG - 创建包含 19 个节点的图结构
2025-04-18 14:10:10,817 - DEBUG - 边统计: 正常边 214 条, 异常边 92 条
2025-04-18 14:10:10,890 - DEBUG - 正在保存可视化结果到 ./visual/omi/neighbor_all/range_ratio/omi-5/seg_0_765_781.png
2025-04-18 14:10:11,123 - INFO - 成功保存时间段 765-781 的可视化结果
2025-04-18 14:10:11,124 - INFO - 
正在处理时间段 2/6: 1589-1617
2025-04-18 14:10:11,124 - INFO - 该时间段的真实异常节点: {17, 2, 4}
2025-04-18 14:10:11,124 - INFO - 正在计算异常分数...
2025-04-18 14:10:11,147 - INFO - 检测到的异常节点: {1, 2, 4, 5, 6, 7, 8, 9, 10, 11, 12, 13, 14, 15, 16, 17, 18, 19}
2025-04-18 14:10:11,147 - INFO - 正在为时间段 1589-1617 生成可视化
2025-04-18 14:10:11,147 - INFO - 正在为时间段 1589-1617 生成异常图可视化
2025-04-18 14:10:11,147 - DEBUG - 创建包含 19 个节点的图结构
2025-04-18 14:10:11,148 - DEBUG - 边统计: 正常边 270 条, 异常边 36 条
2025-04-18 14:10:11,207 - DEBUG - 正在保存可视化结果到 ./visual/omi/neighbor_all/range_ratio/omi-5/seg_1_1589_1617.png
2025-04-18 14:10:11,436 - INFO - 成功保存时间段 1589-1617 的可视化结果
2025-04-18 14:10:11,436 - INFO - 
正在处理时间段 3/6: 2440-2446
2025-04-18 14:10:11,436 - INFO - 该时间段的真实异常节点: {8, 11, 12, 13, 14, 15, 16, 17, 18, 19}
2025-04-18 14:10:11,436 - INFO - 正在计算异常分数...
2025-04-18 14:10:11,439 - INFO - 检测到的异常节点: {1, 4, 5, 6, 7, 8, 9, 10, 11, 12, 13, 14, 15, 16, 17, 18, 19}
2025-04-18 14:10:11,439 - INFO - 正在为时间段 2440-2446 生成可视化
2025-04-18 14:10:11,439 - INFO - 正在为时间段 2440-2446 生成异常图可视化
2025-04-18 14:10:11,439 - DEBUG - 创建包含 19 个节点的图结构
2025-04-18 14:10:11,441 - DEBUG - 边统计: 正常边 246 条, 异常边 60 条
2025-04-18 14:10:11,498 - DEBUG - 正在保存可视化结果到 ./visual/omi/neighbor_all/range_ratio/omi-5/seg_2_2440_2446.png
2025-04-18 14:10:11,727 - INFO - 成功保存时间段 2440-2446 的可视化结果
2025-04-18 14:10:11,727 - INFO - 
正在处理时间段 4/6: 3356-3363
2025-04-18 14:10:11,727 - INFO - 该时间段的真实异常节点: {17, 5, 6}
2025-04-18 14:10:11,727 - INFO - 正在计算异常分数...
2025-04-18 14:10:11,731 - INFO - 检测到的异常节点: {1, 4, 5, 6, 7, 8, 9, 10, 11, 12, 13, 14, 15, 16, 17, 18, 19}
2025-04-18 14:10:11,731 - INFO - 正在为时间段 3356-3363 生成可视化
2025-04-18 14:10:11,731 - INFO - 正在为时间段 3356-3363 生成异常图可视化
2025-04-18 14:10:11,731 - DEBUG - 创建包含 19 个节点的图结构
2025-04-18 14:10:11,733 - DEBUG - 边统计: 正常边 260 条, 异常边 46 条
2025-04-18 14:10:11,790 - DEBUG - 正在保存可视化结果到 ./visual/omi/neighbor_all/range_ratio/omi-5/seg_3_3356_3363.png
2025-04-18 14:10:12,020 - INFO - 成功保存时间段 3356-3363 的可视化结果
2025-04-18 14:10:12,020 - INFO - 
正在处理时间段 5/6: 3416-3423
2025-04-18 14:10:12,020 - INFO - 该时间段的真实异常节点: {4, 5, 7, 9, 10, 11, 12, 13, 14, 15, 16, 17, 18, 19}
2025-04-18 14:10:12,020 - INFO - 正在计算异常分数...
2025-04-18 14:10:12,024 - INFO - 检测到的异常节点: {1, 4, 5, 6, 7, 8, 9, 10, 11, 12, 13, 14, 15, 16, 17, 18, 19}
2025-04-18 14:10:12,024 - INFO - 正在为时间段 3416-3423 生成可视化
2025-04-18 14:10:12,024 - INFO - 正在为时间段 3416-3423 生成异常图可视化
2025-04-18 14:10:12,024 - DEBUG - 创建包含 19 个节点的图结构
2025-04-18 14:10:12,025 - DEBUG - 边统计: 正常边 294 条, 异常边 12 条
2025-04-18 14:10:12,081 - DEBUG - 正在保存可视化结果到 ./visual/omi/neighbor_all/range_ratio/omi-5/seg_4_3416_3423.png
2025-04-18 14:10:12,308 - INFO - 成功保存时间段 3416-3423 的可视化结果
2025-04-18 14:10:12,308 - INFO - 
正在处理时间段 6/6: 3590-3594
2025-04-18 14:10:12,308 - INFO - 该时间段的真实异常节点: {1, 8, 17, 18, 19}
2025-04-18 14:10:12,308 - INFO - 正在计算异常分数...
2025-04-18 14:10:12,309 - INFO - 检测到的异常节点: {1, 4, 5, 6, 7, 8, 9, 10, 11, 12, 13, 14, 15, 16, 17, 18, 19}
2025-04-18 14:10:12,309 - INFO - 正在为时间段 3590-3594 生成可视化
2025-04-18 14:10:12,309 - INFO - 正在为时间段 3590-3594 生成异常图可视化
2025-04-18 14:10:12,309 - DEBUG - 创建包含 19 个节点的图结构
2025-04-18 14:10:12,310 - DEBUG - 边统计: 正常边 232 条, 异常边 74 条
2025-04-18 14:10:12,366 - DEBUG - 正在保存可视化结果到 ./visual/omi/neighbor_all/range_ratio/omi-5/seg_5_3590_3594.png
2025-04-18 14:10:12,594 - INFO - 成功保存时间段 3590-3594 的可视化结果
2025-04-18 14:10:12,594 - INFO - 正在从 ./visual/omi/neighbor_all/range_ratio/omi-5 中的图像创建GIF
2025-04-18 14:10:12,986 - INFO - GIF已保存到 ./visual/omi/neighbor_all/range_ratio/omi-5/omi-5.gif
2025-04-18 14:10:12,987 - INFO - 
==================================================
2025-04-18 14:10:12,987 - INFO - 开始数据集可视化: omi-6
2025-04-18 14:10:12,987 - INFO - 使用参数: 评分模式=range_ratio, all=None, 阈值=2.0
2025-04-18 14:10:12,987 - INFO - ==================================================

2025-04-18 14:10:12,987 - INFO - 正在加载数据集 omi-6 的数据
2025-04-18 14:10:12,988 - INFO - 数据加载成功。训练集形状: (8640, 19), 测试集形状: (4320, 19)
2025-04-18 14:10:12,988 - INFO - 正在计算边缘统计量...
2025-04-18 14:10:15,898 - INFO - 已计算 153 条边的统计量
2025-04-18 14:10:15,898 - INFO - 为每个节点使用所有邻居
2025-04-18 14:10:15,898 - INFO - 可视化结果将保存到: ./visual/omi/neighbor_all/range_ratio/omi-6
2025-04-18 14:10:15,899 - INFO - 在数据集中发现 10 个异常时间段
2025-04-18 14:10:15,899 - INFO - 
正在处理时间段 1/10: 357-392
2025-04-18 14:10:15,899 - INFO - 该时间段的真实异常节点: {19, 4}
2025-04-18 14:10:15,899 - INFO - 正在计算异常分数...
2025-04-18 14:10:15,924 - INFO - 检测到的异常节点: {1, 4, 5, 6, 7, 8, 9, 10, 11, 12, 13, 14, 15, 16, 17, 18, 19}
2025-04-18 14:10:15,924 - INFO - 正在为时间段 357-392 生成可视化
2025-04-18 14:10:15,924 - INFO - 正在为时间段 357-392 生成异常图可视化
2025-04-18 14:10:15,924 - DEBUG - 创建包含 19 个节点的图结构
2025-04-18 14:10:15,925 - DEBUG - 边统计: 正常边 254 条, 异常边 18 条
2025-04-18 14:10:15,984 - DEBUG - 正在保存可视化结果到 ./visual/omi/neighbor_all/range_ratio/omi-6/seg_0_357_392.png
2025-04-18 14:10:16,210 - INFO - 成功保存时间段 357-392 的可视化结果
2025-04-18 14:10:16,210 - INFO - 
正在处理时间段 2/10: 750-788
2025-04-18 14:10:16,211 - INFO - 该时间段的真实异常节点: {2, 6, 7, 8, 9, 10, 11, 12, 13, 14, 15, 16, 17, 18, 19}
2025-04-18 14:10:16,211 - INFO - 正在计算异常分数...
2025-04-18 14:10:16,239 - INFO - 检测到的异常节点: {1, 4, 5, 6, 7, 8, 9, 10, 11, 12, 13, 14, 15, 16, 17, 18, 19}
2025-04-18 14:10:16,239 - INFO - 正在为时间段 750-788 生成可视化
2025-04-18 14:10:16,239 - INFO - 正在为时间段 750-788 生成异常图可视化
2025-04-18 14:10:16,240 - DEBUG - 创建包含 19 个节点的图结构
2025-04-18 14:10:16,241 - DEBUG - 边统计: 正常边 184 条, 异常边 88 条
2025-04-18 14:10:16,302 - DEBUG - 正在保存可视化结果到 ./visual/omi/neighbor_all/range_ratio/omi-6/seg_1_750_788.png
2025-04-18 14:10:16,518 - INFO - 成功保存时间段 750-788 的可视化结果
2025-04-18 14:10:16,518 - INFO - 
正在处理时间段 3/10: 1278-1293
2025-04-18 14:10:16,518 - INFO - 该时间段的真实异常节点: {4, 5, 6, 8, 17}
2025-04-18 14:10:16,518 - INFO - 正在计算异常分数...
2025-04-18 14:10:16,528 - INFO - 检测到的异常节点: {1, 4, 5, 6, 7, 8, 9, 10, 11, 12, 13, 14, 15, 16, 17, 18, 19}
2025-04-18 14:10:16,528 - INFO - 正在为时间段 1278-1293 生成可视化
2025-04-18 14:10:16,528 - INFO - 正在为时间段 1278-1293 生成异常图可视化
2025-04-18 14:10:16,528 - DEBUG - 创建包含 19 个节点的图结构
2025-04-18 14:10:16,529 - DEBUG - 边统计: 正常边 270 条, 异常边 2 条
2025-04-18 14:10:16,586 - DEBUG - 正在保存可视化结果到 ./visual/omi/neighbor_all/range_ratio/omi-6/seg_2_1278_1293.png
2025-04-18 14:10:16,801 - INFO - 成功保存时间段 1278-1293 的可视化结果
2025-04-18 14:10:16,802 - INFO - 
正在处理时间段 4/10: 1590-1615
2025-04-18 14:10:16,802 - INFO - 该时间段的真实异常节点: {1, 18, 9}
2025-04-18 14:10:16,802 - INFO - 正在计算异常分数...
2025-04-18 14:10:16,819 - INFO - 检测到的异常节点: {1, 4, 5, 6, 7, 8, 9, 10, 11, 12, 13, 14, 15, 16, 17, 18, 19}
2025-04-18 14:10:16,819 - INFO - 正在为时间段 1590-1615 生成可视化
2025-04-18 14:10:16,819 - INFO - 正在为时间段 1590-1615 生成异常图可视化
2025-04-18 14:10:16,819 - DEBUG - 创建包含 19 个节点的图结构
2025-04-18 14:10:16,820 - DEBUG - 边统计: 正常边 272 条, 异常边 0 条
2025-04-18 14:10:16,974 - DEBUG - 正在保存可视化结果到 ./visual/omi/neighbor_all/range_ratio/omi-6/seg_3_1590_1615.png
2025-04-18 14:10:17,188 - INFO - 成功保存时间段 1590-1615 的可视化结果
2025-04-18 14:10:17,188 - INFO - 
正在处理时间段 5/10: 2592-2604
2025-04-18 14:10:17,188 - INFO - 该时间段的真实异常节点: {9, 4, 6}
2025-04-18 14:10:17,188 - INFO - 正在计算异常分数...
2025-04-18 14:10:17,196 - INFO - 检测到的异常节点: {4, 5, 6, 7, 8, 9, 10, 11, 12, 13, 14, 15, 16, 17, 18, 19}
2025-04-18 14:10:17,196 - INFO - 正在为时间段 2592-2604 生成可视化
2025-04-18 14:10:17,196 - INFO - 正在为时间段 2592-2604 生成异常图可视化
2025-04-18 14:10:17,196 - DEBUG - 创建包含 19 个节点的图结构
2025-04-18 14:10:17,197 - DEBUG - 边统计: 正常边 236 条, 异常边 4 条
2025-04-18 14:10:17,256 - DEBUG - 正在保存可视化结果到 ./visual/omi/neighbor_all/range_ratio/omi-6/seg_4_2592_2604.png
2025-04-18 14:10:17,466 - INFO - 成功保存时间段 2592-2604 的可视化结果
2025-04-18 14:10:17,466 - INFO - 
正在处理时间段 6/10: 2734-2765
2025-04-18 14:10:17,466 - INFO - 该时间段的真实异常节点: {8, 19, 4, 6}
2025-04-18 14:10:17,466 - INFO - 正在计算异常分数...
2025-04-18 14:10:17,489 - INFO - 检测到的异常节点: {1, 4, 5, 6, 7, 8, 9, 10, 11, 12, 13, 14, 15, 16, 17, 18, 19}
2025-04-18 14:10:17,489 - INFO - 正在为时间段 2734-2765 生成可视化
2025-04-18 14:10:17,489 - INFO - 正在为时间段 2734-2765 生成异常图可视化
2025-04-18 14:10:17,489 - DEBUG - 创建包含 19 个节点的图结构
2025-04-18 14:10:17,490 - DEBUG - 边统计: 正常边 270 条, 异常边 2 条
2025-04-18 14:10:17,547 - DEBUG - 正在保存可视化结果到 ./visual/omi/neighbor_all/range_ratio/omi-6/seg_5_2734_2765.png
2025-04-18 14:10:17,763 - INFO - 成功保存时间段 2734-2765 的可视化结果
2025-04-18 14:10:17,763 - INFO - 
正在处理时间段 7/10: 3066-3072
2025-04-18 14:10:17,763 - INFO - 该时间段的真实异常节点: {19, 4, 6}
2025-04-18 14:10:17,763 - INFO - 正在计算异常分数...
2025-04-18 14:10:17,766 - INFO - 检测到的异常节点: {4, 5, 6, 7, 8, 10, 11, 12, 13, 14, 15, 16, 17, 18, 19}
2025-04-18 14:10:17,766 - INFO - 正在为时间段 3066-3072 生成可视化
2025-04-18 14:10:17,766 - INFO - 正在为时间段 3066-3072 生成异常图可视化
2025-04-18 14:10:17,766 - DEBUG - 创建包含 19 个节点的图结构
2025-04-18 14:10:17,767 - DEBUG - 边统计: 正常边 230 条, 异常边 42 条
2025-04-18 14:10:17,825 - DEBUG - 正在保存可视化结果到 ./visual/omi/neighbor_all/range_ratio/omi-6/seg_6_3066_3072.png
2025-04-18 14:10:18,042 - INFO - 成功保存时间段 3066-3072 的可视化结果
2025-04-18 14:10:18,042 - INFO - 
正在处理时间段 8/10: 3596-3605
2025-04-18 14:10:18,042 - INFO - 该时间段的真实异常节点: {19, 4, 5, 6}
2025-04-18 14:10:18,043 - INFO - 正在计算异常分数...
2025-04-18 14:10:18,048 - INFO - 检测到的异常节点: {1, 4, 5, 6, 7, 8, 9, 10, 11, 12, 13, 14, 15, 16, 17, 18, 19}
2025-04-18 14:10:18,048 - INFO - 正在为时间段 3596-3605 生成可视化
2025-04-18 14:10:18,048 - INFO - 正在为时间段 3596-3605 生成异常图可视化
2025-04-18 14:10:18,048 - DEBUG - 创建包含 19 个节点的图结构
2025-04-18 14:10:18,049 - DEBUG - 边统计: 正常边 272 条, 异常边 0 条
2025-04-18 14:10:18,108 - DEBUG - 正在保存可视化结果到 ./visual/omi/neighbor_all/range_ratio/omi-6/seg_7_3596_3605.png
2025-04-18 14:10:18,326 - INFO - 成功保存时间段 3596-3605 的可视化结果
2025-04-18 14:10:18,326 - INFO - 
正在处理时间段 9/10: 3610-3622
2025-04-18 14:10:18,326 - INFO - 该时间段的真实异常节点: {1, 4, 5}
2025-04-18 14:10:18,326 - INFO - 正在计算异常分数...
2025-04-18 14:10:18,334 - INFO - 检测到的异常节点: {1, 4, 5, 6, 7, 8, 9, 10, 11, 12, 13, 14, 15, 16, 17, 18, 19}
2025-04-18 14:10:18,334 - INFO - 正在为时间段 3610-3622 生成可视化
2025-04-18 14:10:18,334 - INFO - 正在为时间段 3610-3622 生成异常图可视化
2025-04-18 14:10:18,334 - DEBUG - 创建包含 19 个节点的图结构
2025-04-18 14:10:18,335 - DEBUG - 边统计: 正常边 272 条, 异常边 0 条
2025-04-18 14:10:18,392 - DEBUG - 正在保存可视化结果到 ./visual/omi/neighbor_all/range_ratio/omi-6/seg_8_3610_3622.png
2025-04-18 14:10:18,603 - INFO - 成功保存时间段 3610-3622 的可视化结果
2025-04-18 14:10:18,603 - INFO - 
正在处理时间段 10/10: 4159-4164
2025-04-18 14:10:18,604 - INFO - 该时间段的真实异常节点: {4, 5}
2025-04-18 14:10:18,604 - INFO - 正在计算异常分数...
2025-04-18 14:10:18,605 - INFO - 检测到的异常节点: {4, 5, 6, 7, 8, 9, 10, 17, 18}
2025-04-18 14:10:18,606 - INFO - 正在为时间段 4159-4164 生成可视化
2025-04-18 14:10:18,606 - INFO - 正在为时间段 4159-4164 生成异常图可视化
2025-04-18 14:10:18,606 - DEBUG - 创建包含 19 个节点的图结构
2025-04-18 14:10:18,607 - DEBUG - 边统计: 正常边 248 条, 异常边 24 条
2025-04-18 14:10:18,663 - DEBUG - 正在保存可视化结果到 ./visual/omi/neighbor_all/range_ratio/omi-6/seg_9_4159_4164.png
2025-04-18 14:10:18,874 - INFO - 成功保存时间段 4159-4164 的可视化结果
2025-04-18 14:10:18,874 - INFO - 正在从 ./visual/omi/neighbor_all/range_ratio/omi-6 中的图像创建GIF
2025-04-18 14:10:19,498 - INFO - GIF已保存到 ./visual/omi/neighbor_all/range_ratio/omi-6/omi-6.gif
2025-04-18 14:10:19,499 - INFO - 
==================================================
2025-04-18 14:10:19,499 - INFO - 开始数据集可视化: omi-7
2025-04-18 14:10:19,499 - INFO - 使用参数: 评分模式=range_ratio, all=None, 阈值=4.5
2025-04-18 14:10:19,499 - INFO - ==================================================

2025-04-18 14:10:19,499 - INFO - 正在加载数据集 omi-7 的数据
2025-04-18 14:10:19,500 - INFO - 数据加载成功。训练集形状: (8640, 19), 测试集形状: (4320, 19)
2025-04-18 14:10:19,500 - INFO - 正在计算边缘统计量...
2025-04-18 14:10:22,104 - INFO - 已计算 136 条边的统计量
2025-04-18 14:10:22,105 - INFO - 为每个节点使用所有邻居
2025-04-18 14:10:22,105 - INFO - 可视化结果将保存到: ./visual/omi/neighbor_all/range_ratio/omi-7
2025-04-18 14:10:22,106 - INFO - 在数据集中发现 3 个异常时间段
2025-04-18 14:10:22,106 - INFO - 
正在处理时间段 1/3: 738-778
2025-04-18 14:10:22,106 - INFO - 该时间段的真实异常节点: {1, 2, 4, 6, 7, 8, 9, 10, 11, 12, 13, 14, 15, 16, 17, 18, 19}
2025-04-18 14:10:22,106 - INFO - 正在计算异常分数...
2025-04-18 14:10:22,133 - INFO - 检测到的异常节点: {1, 4, 5, 6, 7, 8, 9, 10, 11, 12, 13, 14, 15, 16, 17, 18, 19}
2025-04-18 14:10:22,133 - INFO - 正在为时间段 738-778 生成可视化
2025-04-18 14:10:22,133 - INFO - 正在为时间段 738-778 生成异常图可视化
2025-04-18 14:10:22,133 - DEBUG - 创建包含 19 个节点的图结构
2025-04-18 14:10:22,134 - DEBUG - 边统计: 正常边 166 条, 异常边 106 条
2025-04-18 14:10:22,192 - DEBUG - 正在保存可视化结果到 ./visual/omi/neighbor_all/range_ratio/omi-7/seg_0_738_778.png
2025-04-18 14:10:22,407 - INFO - 成功保存时间段 738-778 的可视化结果
2025-04-18 14:10:22,407 - INFO - 
正在处理时间段 2/3: 1625-1660
2025-04-18 14:10:22,407 - INFO - 该时间段的真实异常节点: {7, 10, 11, 12, 13, 14, 15, 16, 17, 18, 19}
2025-04-18 14:10:22,407 - INFO - 正在计算异常分数...
2025-04-18 14:10:22,432 - INFO - 检测到的异常节点: {5, 7, 8, 9, 10, 11, 12, 13, 14, 15, 16, 17, 18, 19}
2025-04-18 14:10:22,432 - INFO - 正在为时间段 1625-1660 生成可视化
2025-04-18 14:10:22,432 - INFO - 正在为时间段 1625-1660 生成异常图可视化
2025-04-18 14:10:22,433 - DEBUG - 创建包含 19 个节点的图结构
2025-04-18 14:10:22,433 - DEBUG - 边统计: 正常边 130 条, 异常边 52 条
2025-04-18 14:10:22,489 - DEBUG - 正在保存可视化结果到 ./visual/omi/neighbor_all/range_ratio/omi-7/seg_1_1625_1660.png
2025-04-18 14:10:22,702 - INFO - 成功保存时间段 1625-1660 的可视化结果
2025-04-18 14:10:22,702 - INFO - 
正在处理时间段 3/3: 3311-3320
2025-04-18 14:10:22,702 - INFO - 该时间段的真实异常节点: {7, 10, 11, 12, 13, 14, 15, 16, 17, 18, 19}
2025-04-18 14:10:22,702 - INFO - 正在计算异常分数...
2025-04-18 14:10:22,707 - INFO - 检测到的异常节点: {7, 10, 11, 12, 13, 14, 15, 16, 17, 18, 19}
2025-04-18 14:10:22,707 - INFO - 正在为时间段 3311-3320 生成可视化
2025-04-18 14:10:22,707 - INFO - 正在为时间段 3311-3320 生成异常图可视化
2025-04-18 14:10:22,707 - DEBUG - 创建包含 19 个节点的图结构
2025-04-18 14:10:22,708 - DEBUG - 边统计: 正常边 188 条, 异常边 22 条
2025-04-18 14:10:22,762 - DEBUG - 正在保存可视化结果到 ./visual/omi/neighbor_all/range_ratio/omi-7/seg_2_3311_3320.png
2025-04-18 14:10:22,987 - INFO - 成功保存时间段 3311-3320 的可视化结果
2025-04-18 14:10:22,988 - INFO - 正在从 ./visual/omi/neighbor_all/range_ratio/omi-7 中的图像创建GIF
2025-04-18 14:10:23,158 - INFO - GIF已保存到 ./visual/omi/neighbor_all/range_ratio/omi-7/omi-7.gif
2025-04-18 14:10:23,158 - INFO - 
==================================================
2025-04-18 14:10:23,158 - INFO - 开始数据集可视化: omi-8
2025-04-18 14:10:23,158 - INFO - 使用参数: 评分模式=range_ratio, all=None, 阈值=6.5
2025-04-18 14:10:23,158 - INFO - ==================================================

2025-04-18 14:10:23,159 - INFO - 正在加载数据集 omi-8 的数据
2025-04-18 14:10:23,160 - INFO - 数据加载成功。训练集形状: (8640, 19), 测试集形状: (4320, 19)
2025-04-18 14:10:23,160 - INFO - 正在计算边缘统计量...
2025-04-18 14:10:25,739 - INFO - 已计算 136 条边的统计量
2025-04-18 14:10:25,740 - INFO - 为每个节点使用所有邻居
2025-04-18 14:10:25,740 - INFO - 可视化结果将保存到: ./visual/omi/neighbor_all/range_ratio/omi-8
2025-04-18 14:10:25,741 - INFO - 在数据集中发现 5 个异常时间段
2025-04-18 14:10:25,741 - INFO - 
正在处理时间段 1/5: 740-753
2025-04-18 14:10:25,741 - INFO - 该时间段的真实异常节点: {2, 4}
2025-04-18 14:10:25,741 - INFO - 正在计算异常分数...
2025-04-18 14:10:25,749 - INFO - 检测到的异常节点: {1, 4, 7, 8, 9, 10, 11, 12, 13, 14, 15, 16, 18}
2025-04-18 14:10:25,749 - INFO - 正在为时间段 740-753 生成可视化
2025-04-18 14:10:25,749 - INFO - 正在为时间段 740-753 生成异常图可视化
2025-04-18 14:10:25,750 - DEBUG - 创建包含 19 个节点的图结构
2025-04-18 14:10:25,751 - DEBUG - 边统计: 正常边 238 条, 异常边 2 条
2025-04-18 14:10:25,815 - DEBUG - 正在保存可视化结果到 ./visual/omi/neighbor_all/range_ratio/omi-8/seg_0_740_753.png
2025-04-18 14:10:26,031 - INFO - 成功保存时间段 740-753 的可视化结果
2025-04-18 14:10:26,031 - INFO - 
正在处理时间段 2/5: 764-780
2025-04-18 14:10:26,031 - INFO - 该时间段的真实异常节点: {6, 7, 8, 9, 10, 11, 12, 13, 14, 15, 16, 17, 18, 19}
2025-04-18 14:10:26,031 - INFO - 正在计算异常分数...
2025-04-18 14:10:26,041 - INFO - 检测到的异常节点: {1, 6, 7, 8, 9, 10, 11, 12, 13, 14, 15, 16, 17, 18, 19}
2025-04-18 14:10:26,041 - INFO - 正在为时间段 764-780 生成可视化
2025-04-18 14:10:26,041 - INFO - 正在为时间段 764-780 生成异常图可视化
2025-04-18 14:10:26,041 - DEBUG - 创建包含 19 个节点的图结构
2025-04-18 14:10:26,042 - DEBUG - 边统计: 正常边 146 条, 异常边 64 条
2025-04-18 14:10:26,100 - DEBUG - 正在保存可视化结果到 ./visual/omi/neighbor_all/range_ratio/omi-8/seg_1_764_780.png
2025-04-18 14:10:26,309 - INFO - 成功保存时间段 764-780 的可视化结果
2025-04-18 14:10:26,309 - INFO - 
正在处理时间段 3/5: 2319-2325
2025-04-18 14:10:26,309 - INFO - 该时间段的真实异常节点: {4, 5, 6}
2025-04-18 14:10:26,309 - INFO - 正在计算异常分数...
2025-04-18 14:10:26,312 - INFO - 检测到的异常节点: {4, 5, 7, 8, 9, 10, 11, 12, 16, 19}
2025-04-18 14:10:26,312 - INFO - 正在为时间段 2319-2325 生成可视化
2025-04-18 14:10:26,312 - INFO - 正在为时间段 2319-2325 生成异常图可视化
2025-04-18 14:10:26,312 - DEBUG - 创建包含 19 个节点的图结构
2025-04-18 14:10:26,313 - DEBUG - 边统计: 正常边 228 条, 异常边 44 条
2025-04-18 14:10:26,463 - DEBUG - 正在保存可视化结果到 ./visual/omi/neighbor_all/range_ratio/omi-8/seg_2_2319_2325.png
2025-04-18 14:10:26,678 - INFO - 成功保存时间段 2319-2325 的可视化结果
2025-04-18 14:10:26,678 - INFO - 
正在处理时间段 4/5: 2586-2675
2025-04-18 14:10:26,678 - INFO - 该时间段的真实异常节点: {5, 6, 8, 17, 18, 19}
2025-04-18 14:10:26,678 - INFO - 正在计算异常分数...
2025-04-18 14:10:26,746 - INFO - 检测到的异常节点: {1, 4, 5, 6, 7, 8, 9, 10, 11, 12, 13, 14, 15, 16, 17, 18, 19}
2025-04-18 14:10:26,746 - INFO - 正在为时间段 2586-2675 生成可视化
2025-04-18 14:10:26,746 - INFO - 正在为时间段 2586-2675 生成异常图可视化
2025-04-18 14:10:26,746 - DEBUG - 创建包含 19 个节点的图结构
2025-04-18 14:10:26,747 - DEBUG - 边统计: 正常边 260 条, 异常边 12 条
2025-04-18 14:10:26,804 - DEBUG - 正在保存可视化结果到 ./visual/omi/neighbor_all/range_ratio/omi-8/seg_3_2586_2675.png
2025-04-18 14:10:27,029 - INFO - 成功保存时间段 2586-2675 的可视化结果
2025-04-18 14:10:27,030 - INFO - 
正在处理时间段 5/5: 2897-2956
2025-04-18 14:10:27,030 - INFO - 该时间段的真实异常节点: {2, 6, 8, 17, 18, 19}
2025-04-18 14:10:27,030 - INFO - 正在计算异常分数...
2025-04-18 14:10:27,073 - INFO - 检测到的异常节点: {1, 4, 5, 6, 7, 8, 9, 10, 11, 12, 13, 14, 15, 16, 17, 18, 19}
2025-04-18 14:10:27,073 - INFO - 正在为时间段 2897-2956 生成可视化
2025-04-18 14:10:27,074 - INFO - 正在为时间段 2897-2956 生成异常图可视化
2025-04-18 14:10:27,074 - DEBUG - 创建包含 19 个节点的图结构
2025-04-18 14:10:27,075 - DEBUG - 边统计: 正常边 230 条, 异常边 42 条
2025-04-18 14:10:27,135 - DEBUG - 正在保存可视化结果到 ./visual/omi/neighbor_all/range_ratio/omi-8/seg_4_2897_2956.png
2025-04-18 14:10:27,351 - INFO - 成功保存时间段 2897-2956 的可视化结果
2025-04-18 14:10:27,351 - INFO - 正在从 ./visual/omi/neighbor_all/range_ratio/omi-8 中的图像创建GIF
2025-04-18 14:10:27,662 - INFO - GIF已保存到 ./visual/omi/neighbor_all/range_ratio/omi-8/omi-8.gif
2025-04-18 14:10:27,663 - INFO - 
==================================================
2025-04-18 14:10:27,663 - INFO - 开始数据集可视化: omi-9
2025-04-18 14:10:27,663 - INFO - 使用参数: 评分模式=range_ratio, all=None, 阈值=0.0
2025-04-18 14:10:27,663 - INFO - ==================================================

2025-04-18 14:10:27,663 - INFO - 正在加载数据集 omi-9 的数据
2025-04-18 14:10:27,664 - INFO - 数据加载成功。训练集形状: (8640, 19), 测试集形状: (4320, 19)
2025-04-18 14:10:27,664 - INFO - 正在计算边缘统计量...
2025-04-18 14:10:30,220 - INFO - 已计算 136 条边的统计量
2025-04-18 14:10:30,220 - INFO - 为每个节点使用所有邻居
2025-04-18 14:10:30,221 - INFO - 可视化结果将保存到: ./visual/omi/neighbor_all/range_ratio/omi-9
2025-04-18 14:10:30,221 - INFO - 在数据集中发现 8 个异常时间段
2025-04-18 14:10:30,221 - INFO - 
正在处理时间段 1/8: 738-756
2025-04-18 14:10:30,222 - INFO - 该时间段的真实异常节点: {2, 9, 10, 11, 12, 13, 14, 15, 16, 17, 18, 19}
2025-04-18 14:10:30,222 - INFO - 正在计算异常分数...
2025-04-18 14:10:30,232 - INFO - 检测到的异常节点: {1, 7, 8, 9, 10, 11, 12, 13, 14, 15, 16, 17, 18, 19}
2025-04-18 14:10:30,232 - INFO - 正在为时间段 738-756 生成可视化
2025-04-18 14:10:30,232 - INFO - 正在为时间段 738-756 生成异常图可视化
2025-04-18 14:10:30,232 - DEBUG - 创建包含 19 个节点的图结构
2025-04-18 14:10:30,233 - DEBUG - 边统计: 正常边 158 条, 异常边 24 条
2025-04-18 14:10:30,290 - DEBUG - 正在保存可视化结果到 ./visual/omi/neighbor_all/range_ratio/omi-9/seg_0_738_756.png
2025-04-18 14:10:30,501 - INFO - 成功保存时间段 738-756 的可视化结果
2025-04-18 14:10:30,502 - INFO - 
正在处理时间段 2/8: 763-780
2025-04-18 14:10:30,502 - INFO - 该时间段的真实异常节点: {1, 6, 7, 8, 9, 10, 11, 12, 13, 14, 15, 16, 17, 18, 19}
2025-04-18 14:10:30,502 - INFO - 正在计算异常分数...
2025-04-18 14:10:30,512 - INFO - 检测到的异常节点: {1, 6, 7, 8, 9, 10, 11, 12, 13, 14, 15, 16, 17, 18, 19}
2025-04-18 14:10:30,512 - INFO - 正在为时间段 763-780 生成可视化
2025-04-18 14:10:30,512 - INFO - 正在为时间段 763-780 生成异常图可视化
2025-04-18 14:10:30,512 - DEBUG - 创建包含 19 个节点的图结构
2025-04-18 14:10:30,513 - DEBUG - 边统计: 正常边 118 条, 异常边 92 条
2025-04-18 14:10:30,573 - DEBUG - 正在保存可视化结果到 ./visual/omi/neighbor_all/range_ratio/omi-9/seg_1_763_780.png
2025-04-18 14:10:30,784 - INFO - 成功保存时间段 763-780 的可视化结果
2025-04-18 14:10:30,784 - INFO - 
正在处理时间段 3/8: 2514-2524
2025-04-18 14:10:30,784 - INFO - 该时间段的真实异常节点: {1, 4, 5, 7, 8, 9, 17, 18}
2025-04-18 14:10:30,784 - INFO - 正在计算异常分数...
2025-04-18 14:10:30,791 - INFO - 检测到的异常节点: {1, 4, 5, 6, 7, 8, 9, 10, 11, 12, 13, 14, 15, 16, 17, 18, 19}
2025-04-18 14:10:30,791 - INFO - 正在为时间段 2514-2524 生成可视化
2025-04-18 14:10:30,791 - INFO - 正在为时间段 2514-2524 生成异常图可视化
2025-04-18 14:10:30,791 - DEBUG - 创建包含 19 个节点的图结构
2025-04-18 14:10:30,792 - DEBUG - 边统计: 正常边 210 条, 异常边 62 条
2025-04-18 14:10:30,848 - DEBUG - 正在保存可视化结果到 ./visual/omi/neighbor_all/range_ratio/omi-9/seg_2_2514_2524.png
2025-04-18 14:10:31,074 - INFO - 成功保存时间段 2514-2524 的可视化结果
2025-04-18 14:10:31,075 - INFO - 
正在处理时间段 4/8: 2603-2668
2025-04-18 14:10:31,075 - INFO - 该时间段的真实异常节点: {1, 2, 5, 6, 8, 17, 18, 19}
2025-04-18 14:10:31,075 - INFO - 正在计算异常分数...
2025-04-18 14:10:31,122 - INFO - 检测到的异常节点: {1, 4, 5, 6, 7, 8, 9, 10, 11, 12, 13, 14, 15, 16, 17, 18, 19}
2025-04-18 14:10:31,122 - INFO - 正在为时间段 2603-2668 生成可视化
2025-04-18 14:10:31,122 - INFO - 正在为时间段 2603-2668 生成异常图可视化
2025-04-18 14:10:31,122 - DEBUG - 创建包含 19 个节点的图结构
2025-04-18 14:10:31,123 - DEBUG - 边统计: 正常边 212 条, 异常边 60 条
2025-04-18 14:10:31,184 - DEBUG - 正在保存可视化结果到 ./visual/omi/neighbor_all/range_ratio/omi-9/seg_3_2603_2668.png
2025-04-18 14:10:31,401 - INFO - 成功保存时间段 2603-2668 的可视化结果
2025-04-18 14:10:31,401 - INFO - 
正在处理时间段 5/8: 2918-2958
2025-04-18 14:10:31,401 - INFO - 该时间段的真实异常节点: {1, 2, 5, 6, 8, 17, 18, 19}
2025-04-18 14:10:31,401 - INFO - 正在计算异常分数...
2025-04-18 14:10:31,428 - INFO - 检测到的异常节点: {1, 4, 5, 6, 7, 8, 9, 10, 11, 12, 13, 14, 15, 16, 17, 18, 19}
2025-04-18 14:10:31,428 - INFO - 正在为时间段 2918-2958 生成可视化
2025-04-18 14:10:31,428 - INFO - 正在为时间段 2918-2958 生成异常图可视化
2025-04-18 14:10:31,428 - DEBUG - 创建包含 19 个节点的图结构
2025-04-18 14:10:31,429 - DEBUG - 边统计: 正常边 200 条, 异常边 72 条
2025-04-18 14:10:31,486 - DEBUG - 正在保存可视化结果到 ./visual/omi/neighbor_all/range_ratio/omi-9/seg_4_2918_2958.png
2025-04-18 14:10:31,700 - INFO - 成功保存时间段 2918-2958 的可视化结果
2025-04-18 14:10:31,700 - INFO - 
正在处理时间段 6/8: 3170-3245
2025-04-18 14:10:31,701 - INFO - 该时间段的真实异常节点: {1, 2, 6, 8, 17, 18, 19}
2025-04-18 14:10:31,701 - INFO - 正在计算异常分数...
2025-04-18 14:10:31,750 - INFO - 检测到的异常节点: {1, 4, 5, 6, 7, 8, 9, 10, 11, 12, 13, 14, 15, 16, 17, 18, 19}
2025-04-18 14:10:31,750 - INFO - 正在为时间段 3170-3245 生成可视化
2025-04-18 14:10:31,750 - INFO - 正在为时间段 3170-3245 生成异常图可视化
2025-04-18 14:10:31,750 - DEBUG - 创建包含 19 个节点的图结构
2025-04-18 14:10:31,751 - DEBUG - 边统计: 正常边 226 条, 异常边 46 条
2025-04-18 14:10:31,808 - DEBUG - 正在保存可视化结果到 ./visual/omi/neighbor_all/range_ratio/omi-9/seg_5_3170_3245.png
2025-04-18 14:10:32,021 - INFO - 成功保存时间段 3170-3245 的可视化结果
2025-04-18 14:10:32,021 - INFO - 
正在处理时间段 7/8: 3508-3528
2025-04-18 14:10:32,021 - INFO - 该时间段的真实异常节点: {8, 2, 19, 6}
2025-04-18 14:10:32,021 - INFO - 正在计算异常分数...
2025-04-18 14:10:32,034 - INFO - 检测到的异常节点: {1, 4, 5, 6, 7, 8, 9, 10, 11, 12, 13, 14, 15, 16, 17, 18, 19}
2025-04-18 14:10:32,034 - INFO - 正在为时间段 3508-3528 生成可视化
2025-04-18 14:10:32,034 - INFO - 正在为时间段 3508-3528 生成异常图可视化
2025-04-18 14:10:32,035 - DEBUG - 创建包含 19 个节点的图结构
2025-04-18 14:10:32,036 - DEBUG - 边统计: 正常边 208 条, 异常边 64 条
2025-04-18 14:10:32,092 - DEBUG - 正在保存可视化结果到 ./visual/omi/neighbor_all/range_ratio/omi-9/seg_6_3508_3528.png
2025-04-18 14:10:32,307 - INFO - 成功保存时间段 3508-3528 的可视化结果
2025-04-18 14:10:32,307 - INFO - 
正在处理时间段 8/8: 4064-4108
2025-04-18 14:10:32,307 - INFO - 该时间段的真实异常节点: {1, 2, 6, 7, 8, 9, 17, 18, 19}
2025-04-18 14:10:32,308 - INFO - 正在计算异常分数...
2025-04-18 14:10:32,337 - INFO - 检测到的异常节点: {1, 4, 5, 6, 7, 8, 9, 10, 11, 12, 13, 14, 15, 16, 17, 18, 19}
2025-04-18 14:10:32,337 - INFO - 正在为时间段 4064-4108 生成可视化
2025-04-18 14:10:32,337 - INFO - 正在为时间段 4064-4108 生成异常图可视化
2025-04-18 14:10:32,337 - DEBUG - 创建包含 19 个节点的图结构
2025-04-18 14:10:32,338 - DEBUG - 边统计: 正常边 190 条, 异常边 82 条
2025-04-18 14:10:32,397 - DEBUG - 正在保存可视化结果到 ./visual/omi/neighbor_all/range_ratio/omi-9/seg_7_4064_4108.png
2025-04-18 14:10:32,612 - INFO - 成功保存时间段 4064-4108 的可视化结果
2025-04-18 14:10:32,613 - INFO - 正在从 ./visual/omi/neighbor_all/range_ratio/omi-9 中的图像创建GIF
2025-04-18 14:10:33,116 - INFO - GIF已保存到 ./visual/omi/neighbor_all/range_ratio/omi-9/omi-9.gif
2025-04-18 14:10:33,117 - INFO - 可视化结果生成完成！
2025-04-18 14:10:33,117 - INFO - 
==================================================
2025-04-18 14:10:33,117 - INFO - 程序运行总耗时: 0:02:00.221135 

