2025-04-17 17:57:43,196 - INFO - 
 Starting experiment with config: ExperimentConfig(dataset='els', window_size=5, score_thresholds=array([0. , 0.1, 0.2, 0.3, 0.4, 0.5, 0.6, 0.7, 0.8, 0.9, 1. , 1.1, 1.2,
       1.3, 1.4, 1.5, 1.6, 1.7, 1.8, 1.9, 2. , 2.1, 2.2, 2.3, 2.4, 2.5,
       2.6, 2.7, 2.8, 2.9, 3. , 3.1, 3.2, 3.3, 3.4, 3.5, 3.6, 3.7, 3.8,
       3.9, 4. , 4.1, 4.2, 4.3, 4.4, 4.5, 4.6, 4.7, 4.8, 4.9, 5. , 5.1,
       5.2, 5.3, 5.4, 5.5, 5.6, 5.7, 5.8, 5.9, 6. , 6.1, 6.2, 6.3, 6.4,
       6.5, 6.6, 6.7, 6.8, 6.9, 7. ]), topk_range=range(0, 10), corr_threshold_range=array([0. , 0. , 0.1, 0.2, 0.2, 0.2, 0.3, 0.4, 0.4, 0.4, 0.5, 0.6, 0.6,
       0.6]), neighbor_selection='all', score_modes=['robust_zscore'], data_dir='./data/processed', label_dir='./data/interpretation_label', log_dir='./log/els/neighbor_all', visual_dir='./visual/els/neighbor_all', num_workers=36, gif_duration=500)
2025-04-17 17:57:43,196 - INFO - 当前评分模式: ['robust_zscore']
2025-04-17 17:57:43,196 - INFO - 
==================================================
2025-04-17 17:57:43,196 - INFO - 开始执行网格搜索...
2025-04-17 17:57:43,199 - INFO - [els-1] Starting grid search...
2025-04-17 17:57:44,066 - INFO - [els-1.txt] mode=robust_zscore, all=None, threshold=0.0, P=0.2701, R=0.4370, F1=0.3339
2025-04-17 17:57:44,144 - INFO - [els-1.txt] mode=robust_zscore, all=None, threshold=0.1, P=0.2701, R=0.4370, F1=0.3339
2025-04-17 17:57:44,146 - INFO - [els-1.txt] mode=robust_zscore, all=None, threshold=0.2, P=0.2701, R=0.4370, F1=0.3339
2025-04-17 17:57:44,150 - INFO - [els-1.txt] mode=robust_zscore, all=None, threshold=0.3, P=0.2701, R=0.4370, F1=0.3339
2025-04-17 17:57:44,151 - INFO - [els-1.txt] mode=robust_zscore, all=None, threshold=0.4, P=0.2701, R=0.4370, F1=0.3339
2025-04-17 17:57:44,191 - INFO - [els-1.txt] mode=robust_zscore, all=None, threshold=0.5, P=0.2701, R=0.4370, F1=0.3339
2025-04-17 17:57:44,230 - INFO - [els-1.txt] mode=robust_zscore, all=None, threshold=0.6, P=0.2701, R=0.4370, F1=0.3339
2025-04-17 17:57:44,321 - INFO - [els-1.txt] mode=robust_zscore, all=None, threshold=0.7, P=0.2701, R=0.4370, F1=0.3339
2025-04-17 17:57:44,322 - INFO - [els-1.txt] mode=robust_zscore, all=None, threshold=0.8, P=0.2701, R=0.4370, F1=0.3339
2025-04-17 17:57:44,322 - INFO - [els-1.txt] mode=robust_zscore, all=None, threshold=0.9, P=0.2701, R=0.4370, F1=0.3339
2025-04-17 17:57:44,322 - INFO - [els-1.txt] mode=robust_zscore, all=None, threshold=1.0, P=0.2701, R=0.4370, F1=0.3339
2025-04-17 17:57:44,322 - INFO - [els-1.txt] mode=robust_zscore, all=None, threshold=1.1, P=0.2701, R=0.4370, F1=0.3339
2025-04-17 17:57:44,322 - INFO - [els-1.txt] mode=robust_zscore, all=None, threshold=1.2, P=0.2701, R=0.4370, F1=0.3339
2025-04-17 17:57:44,322 - INFO - [els-1.txt] mode=robust_zscore, all=None, threshold=1.3, P=0.2701, R=0.4370, F1=0.3339
2025-04-17 17:57:44,322 - INFO - [els-1.txt] mode=robust_zscore, all=None, threshold=1.4, P=0.2701, R=0.4370, F1=0.3339
2025-04-17 17:57:44,323 - INFO - [els-1.txt] mode=robust_zscore, all=None, threshold=1.5, P=0.2701, R=0.4370, F1=0.3339
2025-04-17 17:57:44,323 - INFO - [els-1.txt] mode=robust_zscore, all=None, threshold=1.6, P=0.2701, R=0.4370, F1=0.3339
2025-04-17 17:57:44,323 - INFO - [els-1.txt] mode=robust_zscore, all=None, threshold=1.7, P=0.2701, R=0.4370, F1=0.3339
2025-04-17 17:57:44,323 - INFO - [els-1.txt] mode=robust_zscore, all=None, threshold=1.8, P=0.2701, R=0.4370, F1=0.3339
2025-04-17 17:57:44,323 - INFO - [els-1.txt] mode=robust_zscore, all=None, threshold=1.9, P=0.2701, R=0.4370, F1=0.3339
2025-04-17 17:57:44,323 - INFO - [els-1.txt] mode=robust_zscore, all=None, threshold=2.0, P=0.2701, R=0.4370, F1=0.3339
2025-04-17 17:57:44,323 - INFO - [els-1.txt] mode=robust_zscore, all=None, threshold=2.1, P=0.2701, R=0.4370, F1=0.3339
2025-04-17 17:57:44,323 - INFO - [els-1.txt] mode=robust_zscore, all=None, threshold=2.2, P=0.2701, R=0.4370, F1=0.3339
2025-04-17 17:57:44,323 - INFO - [els-1.txt] mode=robust_zscore, all=None, threshold=2.3, P=0.2701, R=0.4370, F1=0.3339
2025-04-17 17:57:44,471 - INFO - [els-1.txt] mode=robust_zscore, all=None, threshold=2.4, P=0.2701, R=0.4370, F1=0.3339
2025-04-17 17:57:44,472 - INFO - [els-1.txt] mode=robust_zscore, all=None, threshold=2.5, P=0.2708, R=0.4370, F1=0.3344
2025-04-17 17:57:44,482 - INFO - [els-1.txt] mode=robust_zscore, all=None, threshold=2.6, P=0.2708, R=0.4370, F1=0.3344
2025-04-17 17:57:44,493 - INFO - [els-1.txt] mode=robust_zscore, all=None, threshold=2.7, P=0.2708, R=0.4370, F1=0.3344
2025-04-17 17:57:44,495 - INFO - [els-1.txt] mode=robust_zscore, all=None, threshold=2.8, P=0.2708, R=0.4370, F1=0.3344
2025-04-17 17:57:44,495 - INFO - [els-1.txt] mode=robust_zscore, all=None, threshold=2.9, P=0.2708, R=0.4370, F1=0.3344
2025-04-17 17:57:44,509 - INFO - [els-1.txt] mode=robust_zscore, all=None, threshold=3.0, P=0.2708, R=0.4370, F1=0.3344
2025-04-17 17:57:44,509 - INFO - [els-1.txt] mode=robust_zscore, all=None, threshold=3.1, P=0.2708, R=0.4370, F1=0.3344
2025-04-17 17:57:44,523 - INFO - [els-1.txt] mode=robust_zscore, all=None, threshold=3.2, P=0.2723, R=0.4370, F1=0.3355
2025-04-17 17:57:44,523 - INFO - [els-1.txt] mode=robust_zscore, all=None, threshold=3.3, P=0.2723, R=0.4370, F1=0.3355
2025-04-17 17:57:44,523 - INFO - [els-1.txt] mode=robust_zscore, all=None, threshold=3.4, P=0.2737, R=0.4370, F1=0.3366
2025-04-17 17:57:44,529 - INFO - [els-1.txt] mode=robust_zscore, all=None, threshold=3.5, P=0.2737, R=0.4370, F1=0.3366
2025-04-17 17:57:44,529 - INFO - [els-1.txt] mode=robust_zscore, all=None, threshold=3.6, P=0.2737, R=0.4370, F1=0.3366
2025-04-17 17:57:44,530 - INFO - [els-1.txt] mode=robust_zscore, all=None, threshold=3.7, P=0.2744, R=0.4370, F1=0.3371
2025-04-17 17:57:44,530 - INFO - [els-1.txt] mode=robust_zscore, all=None, threshold=3.8, P=0.2725, R=0.4328, F1=0.3344
2025-04-17 17:57:44,530 - INFO - [els-1.txt] mode=robust_zscore, all=None, threshold=3.9, P=0.2747, R=0.4328, F1=0.3361
2025-04-17 17:57:44,530 - INFO - [els-1.txt] mode=robust_zscore, all=None, threshold=4.0, P=0.2754, R=0.4328, F1=0.3366
2025-04-17 17:57:44,530 - INFO - [els-1.txt] mode=robust_zscore, all=None, threshold=4.1, P=0.2761, R=0.4328, F1=0.3372
2025-04-17 17:57:44,530 - INFO - [els-1.txt] mode=robust_zscore, all=None, threshold=4.2, P=0.2784, R=0.4328, F1=0.3388
2025-04-17 17:57:44,530 - INFO - [els-1.txt] mode=robust_zscore, all=None, threshold=4.3, P=0.2799, R=0.4328, F1=0.3399
2025-04-17 17:57:44,532 - INFO - [els-1.txt] mode=robust_zscore, all=None, threshold=4.4, P=0.2814, R=0.4328, F1=0.3411
2025-04-17 17:57:44,532 - INFO - [els-1.txt] mode=robust_zscore, all=None, threshold=4.5, P=0.2814, R=0.4328, F1=0.3411
2025-04-17 17:57:44,625 - INFO - [els-1.txt] mode=robust_zscore, all=None, threshold=4.6, P=0.2814, R=0.4328, F1=0.3411
2025-04-17 17:57:44,626 - INFO - [els-1.txt] mode=robust_zscore, all=None, threshold=4.7, P=0.2814, R=0.4328, F1=0.3411
2025-04-17 17:57:44,626 - INFO - [els-1.txt] mode=robust_zscore, all=None, threshold=4.8, P=0.2814, R=0.4328, F1=0.3411
2025-04-17 17:57:44,796 - INFO - [els-1.txt] mode=robust_zscore, all=None, threshold=4.9, P=0.2822, R=0.4328, F1=0.3416
2025-04-17 17:57:44,797 - INFO - [els-1.txt] mode=robust_zscore, all=None, threshold=5.0, P=0.2810, R=0.4286, F1=0.3394
2025-04-17 17:57:44,833 - INFO - [els-1.txt] mode=robust_zscore, all=None, threshold=5.1, P=0.2810, R=0.4286, F1=0.3394
2025-04-17 17:57:44,833 - INFO - [els-1.txt] mode=robust_zscore, all=None, threshold=5.2, P=0.2810, R=0.4286, F1=0.3394
2025-04-17 17:57:44,910 - INFO - [els-1.txt] mode=robust_zscore, all=None, threshold=5.3, P=0.2818, R=0.4286, F1=0.3400
2025-04-17 17:57:44,910 - INFO - [els-1.txt] mode=robust_zscore, all=None, threshold=5.4, P=0.2818, R=0.4286, F1=0.3400
2025-04-17 17:57:44,910 - INFO - [els-1.txt] mode=robust_zscore, all=None, threshold=5.5, P=0.2798, R=0.4244, F1=0.3372
2025-04-17 17:57:44,911 - INFO - [els-1.txt] mode=robust_zscore, all=None, threshold=5.6, P=0.2786, R=0.4202, F1=0.3350
2025-04-17 17:57:44,911 - INFO - [els-1.txt] mode=robust_zscore, all=None, threshold=5.7, P=0.2786, R=0.4202, F1=0.3350
2025-04-17 17:57:44,911 - INFO - [els-1.txt] mode=robust_zscore, all=None, threshold=5.8, P=0.2786, R=0.4202, F1=0.3350
2025-04-17 17:57:44,964 - INFO - [els-1.txt] mode=robust_zscore, all=None, threshold=5.9, P=0.2786, R=0.4202, F1=0.3350
2025-04-17 17:57:44,964 - INFO - [els-1.txt] mode=robust_zscore, all=None, threshold=6.0, P=0.2801, R=0.4202, F1=0.3361
2025-04-17 17:57:44,965 - INFO - [els-1.txt] mode=robust_zscore, all=None, threshold=6.1, P=0.2801, R=0.4202, F1=0.3361
2025-04-17 17:57:44,965 - INFO - [els-1.txt] mode=robust_zscore, all=None, threshold=6.2, P=0.2801, R=0.4202, F1=0.3361
2025-04-17 17:57:44,965 - INFO - [els-1.txt] mode=robust_zscore, all=None, threshold=6.3, P=0.2801, R=0.4202, F1=0.3361
2025-04-17 17:57:44,965 - INFO - [els-1.txt] mode=robust_zscore, all=None, threshold=6.4, P=0.2801, R=0.4202, F1=0.3361
2025-04-17 17:57:44,965 - INFO - [els-1.txt] mode=robust_zscore, all=None, threshold=6.5, P=0.2801, R=0.4202, F1=0.3361
2025-04-17 17:57:44,965 - INFO - [els-1.txt] mode=robust_zscore, all=None, threshold=6.6, P=0.2801, R=0.4202, F1=0.3361
2025-04-17 17:57:44,965 - INFO - [els-1.txt] mode=robust_zscore, all=None, threshold=6.7, P=0.2801, R=0.4202, F1=0.3361
2025-04-17 17:57:45,047 - INFO - [els-1.txt] mode=robust_zscore, all=None, threshold=6.8, P=0.2809, R=0.4202, F1=0.3367
2025-04-17 17:57:45,047 - INFO - [els-1.txt] mode=robust_zscore, all=None, threshold=6.9, P=0.2817, R=0.4202, F1=0.3373
2025-04-17 17:57:45,048 - INFO - [els-1.txt] mode=robust_zscore, all=None, threshold=7.0, P=0.2817, R=0.4202, F1=0.3373
2025-04-17 17:57:45,100 - INFO - 
==================================================
2025-04-17 17:57:45,101 - INFO - 开始汇总结果...
2025-04-17 17:57:45,106 - INFO - 
===== Best Results per Dataset =====
  dataset    score_mode neighbor_param  score_threshold neighbor_selection  precision   recall  f1_score
els-1.txt robust_zscore           None              4.9                all   0.282192 0.432773  0.341625
2025-04-17 17:57:45,106 - INFO - 
===== Overall Metrics =====
Precision: 0.2825  Recall: 0.4329  F1: 0.3419
2025-04-17 17:57:45,106 - INFO - 
【原始汇总指标】
2025-04-17 17:57:45,106 - INFO - 精确率(Precision): 0.2825
2025-04-17 17:57:45,106 - INFO - 召回率(Recall):    0.4329
2025-04-17 17:57:45,106 - INFO - F1值:             0.3419
2025-04-17 17:57:45,106 - INFO - 
==================================================
2025-04-17 17:57:45,106 - INFO - 开始生成可视化结果...
2025-04-17 17:57:45,106 - INFO - 
==================================================
2025-04-17 17:57:45,106 - INFO - 开始数据集可视化: els-1
2025-04-17 17:57:45,106 - INFO - 使用参数: 评分模式=robust_zscore, all=None, 阈值=4.9
2025-04-17 17:57:45,106 - INFO - ==================================================

2025-04-17 17:57:45,107 - INFO - 正在加载数据集 els-1 的数据
2025-04-17 17:57:45,109 - INFO - 数据加载成功。训练集形状: (993, 16), 测试集形状: (8928, 16)
2025-04-17 17:57:45,109 - INFO - 正在计算边缘统计量...
2025-04-17 17:57:45,369 - INFO - 已计算 105 条边的统计量
2025-04-17 17:57:45,369 - INFO - 为每个节点使用所有邻居
2025-04-17 17:57:45,370 - INFO - 可视化结果将保存到: ./visual/els/neighbor_all/robust_zscore/els-1
2025-04-17 17:57:45,389 - INFO - 在数据集中发现 77 个异常时间段
2025-04-17 17:57:45,390 - INFO - 
正在处理时间段 1/77: 433-437
2025-04-17 17:57:45,390 - INFO - 该时间段的真实异常节点: {12}
2025-04-17 17:57:45,390 - INFO - 正在计算异常分数...
2025-04-17 17:57:45,390 - INFO - 检测到的异常节点: {1, 2, 3, 4, 6, 7, 8, 9, 10, 12, 13, 14, 15}
2025-04-17 17:57:45,391 - INFO - 正在为时间段 433-437 生成可视化
2025-04-17 17:57:45,391 - INFO - 正在为时间段 433-437 生成异常图可视化
2025-04-17 17:57:45,392 - DEBUG - 边统计: 正常边 174 条, 异常边 36 条
2025-04-17 17:57:45,446 - DEBUG - 正在保存可视化结果到 ./visual/els/neighbor_all/robust_zscore/els-1/seg_0_433_437.png
2025-04-17 17:57:45,783 - INFO - 成功保存时间段 433-437 的可视化结果
2025-04-17 17:57:45,783 - INFO - 
正在处理时间段 2/77: 738-738
2025-04-17 17:57:45,783 - INFO - 该时间段的真实异常节点: {6, 7, 8, 9, 10, 11, 12}
2025-04-17 17:57:45,783 - INFO - 正在计算异常分数...
2025-04-17 17:57:45,783 - INFO - 检测到的异常节点: set()
2025-04-17 17:57:45,783 - INFO - 正在为时间段 738-738 生成可视化
2025-04-17 17:57:45,783 - INFO - 正在为时间段 738-738 生成异常图可视化
2025-04-17 17:57:45,783 - INFO - 单个点位异常段 738-738，扩展为 734-738 (window_size=5)
2025-04-17 17:57:45,784 - DEBUG - 边统计: 正常边 130 条, 异常边 80 条
2025-04-17 17:57:45,832 - DEBUG - 正在保存可视化结果到 ./visual/els/neighbor_all/robust_zscore/els-1/seg_1_738_738.png
2025-04-17 17:57:46,164 - INFO - 成功保存时间段 738-738 的可视化结果
2025-04-17 17:57:46,164 - INFO - 
正在处理时间段 3/77: 762-762
2025-04-17 17:57:46,164 - INFO - 该时间段的真实异常节点: {12}
2025-04-17 17:57:46,164 - INFO - 正在计算异常分数...
2025-04-17 17:57:46,164 - INFO - 检测到的异常节点: set()
2025-04-17 17:57:46,164 - INFO - 正在为时间段 762-762 生成可视化
2025-04-17 17:57:46,164 - INFO - 正在为时间段 762-762 生成异常图可视化
2025-04-17 17:57:46,164 - INFO - 单个点位异常段 762-762，扩展为 758-762 (window_size=5)
2025-04-17 17:57:46,165 - DEBUG - 边统计: 正常边 170 条, 异常边 12 条
2025-04-17 17:57:46,214 - DEBUG - 正在保存可视化结果到 ./visual/els/neighbor_all/robust_zscore/els-1/seg_2_762_762.png
2025-04-17 17:57:46,497 - INFO - 成功保存时间段 762-762 的可视化结果
2025-04-17 17:57:46,498 - INFO - 
正在处理时间段 4/77: 1065-1070
2025-04-17 17:57:46,498 - INFO - 该时间段的真实异常节点: {6, 7, 8, 9, 11}
2025-04-17 17:57:46,498 - INFO - 正在计算异常分数...
2025-04-17 17:57:46,499 - INFO - 检测到的异常节点: {1, 3, 4, 6, 7, 8, 9, 10, 13, 14, 15}
2025-04-17 17:57:46,499 - INFO - 正在为时间段 1065-1070 生成可视化
2025-04-17 17:57:46,499 - INFO - 正在为时间段 1065-1070 生成异常图可视化
2025-04-17 17:57:46,500 - DEBUG - 边统计: 正常边 200 条, 异常边 10 条
2025-04-17 17:57:46,548 - DEBUG - 正在保存可视化结果到 ./visual/els/neighbor_all/robust_zscore/els-1/seg_3_1065_1070.png
2025-04-17 17:57:46,878 - INFO - 成功保存时间段 1065-1070 的可视化结果
2025-04-17 17:57:46,878 - INFO - 
正在处理时间段 5/77: 1348-1351
2025-04-17 17:57:46,879 - INFO - 该时间段的真实异常节点: {8, 9, 6, 7}
2025-04-17 17:57:46,879 - INFO - 正在计算异常分数...
2025-04-17 17:57:46,879 - INFO - 检测到的异常节点: set()
2025-04-17 17:57:46,879 - INFO - 正在为时间段 1348-1351 生成可视化
2025-04-17 17:57:46,879 - INFO - 正在为时间段 1348-1351 生成异常图可视化
2025-04-17 17:57:46,880 - DEBUG - 边统计: 正常边 172 条, 异常边 38 条
2025-04-17 17:57:46,929 - DEBUG - 正在保存可视化结果到 ./visual/els/neighbor_all/robust_zscore/els-1/seg_4_1348_1351.png
2025-04-17 17:57:47,264 - INFO - 成功保存时间段 1348-1351 的可视化结果
2025-04-17 17:57:47,264 - INFO - 
正在处理时间段 6/77: 1366-1368
2025-04-17 17:57:47,264 - INFO - 该时间段的真实异常节点: {8, 9, 6, 7}
2025-04-17 17:57:47,264 - INFO - 正在计算异常分数...
2025-04-17 17:57:47,264 - INFO - 检测到的异常节点: set()
2025-04-17 17:57:47,264 - INFO - 正在为时间段 1366-1368 生成可视化
2025-04-17 17:57:47,264 - INFO - 正在为时间段 1366-1368 生成异常图可视化
2025-04-17 17:57:47,265 - DEBUG - 边统计: 正常边 112 条, 异常边 70 条
2025-04-17 17:57:47,315 - DEBUG - 正在保存可视化结果到 ./visual/els/neighbor_all/robust_zscore/els-1/seg_5_1366_1368.png
2025-04-17 17:57:47,610 - INFO - 成功保存时间段 1366-1368 的可视化结果
2025-04-17 17:57:47,610 - INFO - 
正在处理时间段 7/77: 1591-1602
2025-04-17 17:57:47,610 - INFO - 该时间段的真实异常节点: {12}
2025-04-17 17:57:47,610 - INFO - 正在计算异常分数...
2025-04-17 17:57:47,615 - INFO - 检测到的异常节点: {1, 2, 3, 4, 5, 6, 7, 8, 9, 10, 11, 12, 13, 14}
2025-04-17 17:57:47,615 - INFO - 正在为时间段 1591-1602 生成可视化
2025-04-17 17:57:47,615 - INFO - 正在为时间段 1591-1602 生成异常图可视化
2025-04-17 17:57:47,616 - DEBUG - 边统计: 正常边 178 条, 异常边 4 条
2025-04-17 17:57:47,666 - DEBUG - 正在保存可视化结果到 ./visual/els/neighbor_all/robust_zscore/els-1/seg_6_1591_1602.png
2025-04-17 17:57:47,962 - INFO - 成功保存时间段 1591-1602 的可视化结果
2025-04-17 17:57:47,962 - INFO - 
正在处理时间段 8/77: 1634-1638
2025-04-17 17:57:47,962 - INFO - 该时间段的真实异常节点: {8, 9, 6, 7}
2025-04-17 17:57:47,962 - INFO - 正在计算异常分数...
2025-04-17 17:57:47,963 - INFO - 检测到的异常节点: {8, 9, 11, 7}
2025-04-17 17:57:47,963 - INFO - 正在为时间段 1634-1638 生成可视化
2025-04-17 17:57:47,963 - INFO - 正在为时间段 1634-1638 生成异常图可视化
2025-04-17 17:57:47,964 - DEBUG - 边统计: 正常边 192 条, 异常边 18 条
2025-04-17 17:57:48,014 - DEBUG - 正在保存可视化结果到 ./visual/els/neighbor_all/robust_zscore/els-1/seg_7_1634_1638.png
2025-04-17 17:57:48,366 - INFO - 成功保存时间段 1634-1638 的可视化结果
2025-04-17 17:57:48,366 - INFO - 
正在处理时间段 9/77: 1864-1868
2025-04-17 17:57:48,366 - INFO - 该时间段的真实异常节点: {6, 7, 8, 9, 10, 11}
2025-04-17 17:57:48,366 - INFO - 正在计算异常分数...
2025-04-17 17:57:48,367 - INFO - 检测到的异常节点: {1, 2, 3, 4, 5, 6, 7, 8, 9, 10, 12}
2025-04-17 17:57:48,367 - INFO - 正在为时间段 1864-1868 生成可视化
2025-04-17 17:57:48,367 - INFO - 正在为时间段 1864-1868 生成异常图可视化
2025-04-17 17:57:48,368 - DEBUG - 边统计: 正常边 150 条, 异常边 60 条
2025-04-17 17:57:48,417 - DEBUG - 正在保存可视化结果到 ./visual/els/neighbor_all/robust_zscore/els-1/seg_8_1864_1868.png
2025-04-17 17:57:48,757 - INFO - 成功保存时间段 1864-1868 的可视化结果
2025-04-17 17:57:48,757 - INFO - 
正在处理时间段 10/77: 1882-1882
2025-04-17 17:57:48,757 - INFO - 该时间段的真实异常节点: {12}
2025-04-17 17:57:48,757 - INFO - 正在计算异常分数...
2025-04-17 17:57:48,757 - INFO - 检测到的异常节点: set()
2025-04-17 17:57:48,757 - INFO - 正在为时间段 1882-1882 生成可视化
2025-04-17 17:57:48,757 - INFO - 正在为时间段 1882-1882 生成异常图可视化
2025-04-17 17:57:48,757 - INFO - 单个点位异常段 1882-1882，扩展为 1878-1882 (window_size=5)
2025-04-17 17:57:48,758 - DEBUG - 边统计: 正常边 140 条, 异常边 42 条
2025-04-17 17:57:48,809 - DEBUG - 正在保存可视化结果到 ./visual/els/neighbor_all/robust_zscore/els-1/seg_9_1882_1882.png
2025-04-17 17:57:49,128 - INFO - 成功保存时间段 1882-1882 的可视化结果
2025-04-17 17:57:49,128 - INFO - 
正在处理时间段 11/77: 2415-2418
2025-04-17 17:57:49,128 - INFO - 该时间段的真实异常节点: {6, 7, 8, 9, 11, 12}
2025-04-17 17:57:49,128 - INFO - 正在计算异常分数...
2025-04-17 17:57:49,128 - INFO - 检测到的异常节点: set()
2025-04-17 17:57:49,128 - INFO - 正在为时间段 2415-2418 生成可视化
2025-04-17 17:57:49,128 - INFO - 正在为时间段 2415-2418 生成异常图可视化
2025-04-17 17:57:49,129 - DEBUG - 边统计: 正常边 152 条, 异常边 58 条
2025-04-17 17:57:49,179 - DEBUG - 正在保存可视化结果到 ./visual/els/neighbor_all/robust_zscore/els-1/seg_10_2415_2418.png
2025-04-17 17:57:49,519 - INFO - 成功保存时间段 2415-2418 的可视化结果
2025-04-17 17:57:49,519 - INFO - 
正在处理时间段 12/77: 2461-2461
2025-04-17 17:57:49,519 - INFO - 该时间段的真实异常节点: {12}
2025-04-17 17:57:49,519 - INFO - 正在计算异常分数...
2025-04-17 17:57:49,520 - INFO - 检测到的异常节点: set()
2025-04-17 17:57:49,520 - INFO - 正在为时间段 2461-2461 生成可视化
2025-04-17 17:57:49,520 - INFO - 正在为时间段 2461-2461 生成异常图可视化
2025-04-17 17:57:49,520 - INFO - 单个点位异常段 2461-2461，扩展为 2457-2461 (window_size=5)
2025-04-17 17:57:49,521 - DEBUG - 边统计: 正常边 194 条, 异常边 16 条
2025-04-17 17:57:49,571 - DEBUG - 正在保存可视化结果到 ./visual/els/neighbor_all/robust_zscore/els-1/seg_11_2461_2461.png
2025-04-17 17:57:49,907 - INFO - 成功保存时间段 2461-2461 的可视化结果
2025-04-17 17:57:49,908 - INFO - 
正在处理时间段 13/77: 2506-2506
2025-04-17 17:57:49,908 - INFO - 该时间段的真实异常节点: {6, 7, 8, 9, 10, 11}
2025-04-17 17:57:49,908 - INFO - 正在计算异常分数...
2025-04-17 17:57:49,908 - INFO - 检测到的异常节点: set()
2025-04-17 17:57:49,908 - INFO - 正在为时间段 2506-2506 生成可视化
2025-04-17 17:57:49,908 - INFO - 正在为时间段 2506-2506 生成异常图可视化
2025-04-17 17:57:49,908 - INFO - 单个点位异常段 2506-2506，扩展为 2502-2506 (window_size=5)
2025-04-17 17:57:49,909 - DEBUG - 边统计: 正常边 202 条, 异常边 8 条
2025-04-17 17:57:49,959 - DEBUG - 正在保存可视化结果到 ./visual/els/neighbor_all/robust_zscore/els-1/seg_12_2506_2506.png
2025-04-17 17:57:50,294 - INFO - 成功保存时间段 2506-2506 的可视化结果
2025-04-17 17:57:50,294 - INFO - 
正在处理时间段 14/77: 2515-2515
2025-04-17 17:57:50,294 - INFO - 该时间段的真实异常节点: {6, 7, 8, 9, 10, 11}
2025-04-17 17:57:50,294 - INFO - 正在计算异常分数...
2025-04-17 17:57:50,294 - INFO - 检测到的异常节点: set()
2025-04-17 17:57:50,295 - INFO - 正在为时间段 2515-2515 生成可视化
2025-04-17 17:57:50,295 - INFO - 正在为时间段 2515-2515 生成异常图可视化
2025-04-17 17:57:50,295 - INFO - 单个点位异常段 2515-2515，扩展为 2511-2515 (window_size=5)
2025-04-17 17:57:50,296 - DEBUG - 边统计: 正常边 166 条, 异常边 44 条
2025-04-17 17:57:50,346 - DEBUG - 正在保存可视化结果到 ./visual/els/neighbor_all/robust_zscore/els-1/seg_13_2515_2515.png
2025-04-17 17:57:50,692 - INFO - 成功保存时间段 2515-2515 的可视化结果
2025-04-17 17:57:50,692 - INFO - 
正在处理时间段 15/77: 2520-2520
2025-04-17 17:57:50,692 - INFO - 该时间段的真实异常节点: {6, 7, 8, 9, 10, 11}
2025-04-17 17:57:50,692 - INFO - 正在计算异常分数...
2025-04-17 17:57:50,692 - INFO - 检测到的异常节点: set()
2025-04-17 17:57:50,692 - INFO - 正在为时间段 2520-2520 生成可视化
2025-04-17 17:57:50,692 - INFO - 正在为时间段 2520-2520 生成异常图可视化
2025-04-17 17:57:50,692 - INFO - 单个点位异常段 2520-2520，扩展为 2516-2520 (window_size=5)
2025-04-17 17:57:50,693 - DEBUG - 边统计: 正常边 178 条, 异常边 32 条
2025-04-17 17:57:50,746 - DEBUG - 正在保存可视化结果到 ./visual/els/neighbor_all/robust_zscore/els-1/seg_14_2520_2520.png
2025-04-17 17:57:51,089 - INFO - 成功保存时间段 2520-2520 的可视化结果
2025-04-17 17:57:51,089 - INFO - 
正在处理时间段 16/77: 2796-2808
2025-04-17 17:57:51,089 - INFO - 该时间段的真实异常节点: {6, 7, 8, 9, 10, 11}
2025-04-17 17:57:51,089 - INFO - 正在计算异常分数...
2025-04-17 17:57:51,095 - INFO - 检测到的异常节点: {1, 2, 3, 4, 5, 6, 7, 8, 9, 10, 11, 12, 13, 14, 15}
2025-04-17 17:57:51,095 - INFO - 正在为时间段 2796-2808 生成可视化
2025-04-17 17:57:51,096 - INFO - 正在为时间段 2796-2808 生成异常图可视化
2025-04-17 17:57:51,096 - DEBUG - 边统计: 正常边 198 条, 异常边 12 条
2025-04-17 17:57:51,147 - DEBUG - 正在保存可视化结果到 ./visual/els/neighbor_all/robust_zscore/els-1/seg_15_2796_2808.png
2025-04-17 17:57:51,482 - INFO - 成功保存时间段 2796-2808 的可视化结果
2025-04-17 17:57:51,482 - INFO - 
正在处理时间段 17/77: 3276-3277
2025-04-17 17:57:51,482 - INFO - 该时间段的真实异常节点: {12}
2025-04-17 17:57:51,482 - INFO - 正在计算异常分数...
2025-04-17 17:57:51,482 - INFO - 检测到的异常节点: set()
2025-04-17 17:57:51,482 - INFO - 正在为时间段 3276-3277 生成可视化
2025-04-17 17:57:51,482 - INFO - 正在为时间段 3276-3277 生成异常图可视化
2025-04-17 17:57:51,483 - DEBUG - 边统计: 正常边 0 条, 异常边 182 条
2025-04-17 17:57:51,535 - DEBUG - 正在保存可视化结果到 ./visual/els/neighbor_all/robust_zscore/els-1/seg_16_3276_3277.png
2025-04-17 17:57:51,837 - INFO - 成功保存时间段 3276-3277 的可视化结果
2025-04-17 17:57:51,837 - INFO - 
正在处理时间段 18/77: 3321-3322
2025-04-17 17:57:51,837 - INFO - 该时间段的真实异常节点: {12}
2025-04-17 17:57:51,837 - INFO - 正在计算异常分数...
2025-04-17 17:57:51,837 - INFO - 检测到的异常节点: set()
2025-04-17 17:57:51,837 - INFO - 正在为时间段 3321-3322 生成可视化
2025-04-17 17:57:51,837 - INFO - 正在为时间段 3321-3322 生成异常图可视化
2025-04-17 17:57:51,838 - DEBUG - 边统计: 正常边 0 条, 异常边 182 条
2025-04-17 17:57:51,891 - DEBUG - 正在保存可视化结果到 ./visual/els/neighbor_all/robust_zscore/els-1/seg_17_3321_3322.png
2025-04-17 17:57:52,192 - INFO - 成功保存时间段 3321-3322 的可视化结果
2025-04-17 17:57:52,193 - INFO - 
正在处理时间段 19/77: 3339-3345
2025-04-17 17:57:52,193 - INFO - 该时间段的真实异常节点: {6, 7, 8, 9, 11, 12}
2025-04-17 17:57:52,193 - INFO - 正在计算异常分数...
2025-04-17 17:57:52,195 - INFO - 检测到的异常节点: {1, 2, 5, 7, 8, 9, 10, 11, 12, 13, 15}
2025-04-17 17:57:52,195 - INFO - 正在为时间段 3339-3345 生成可视化
2025-04-17 17:57:52,195 - INFO - 正在为时间段 3339-3345 生成异常图可视化
2025-04-17 17:57:52,196 - DEBUG - 边统计: 正常边 202 条, 异常边 8 条
2025-04-17 17:57:52,754 - DEBUG - 正在保存可视化结果到 ./visual/els/neighbor_all/robust_zscore/els-1/seg_18_3339_3345.png
2025-04-17 17:57:53,088 - INFO - 成功保存时间段 3339-3345 的可视化结果
2025-04-17 17:57:53,088 - INFO - 
正在处理时间段 20/77: 3360-3362
2025-04-17 17:57:53,089 - INFO - 该时间段的真实异常节点: {6, 7, 8, 9, 11}
2025-04-17 17:57:53,089 - INFO - 正在计算异常分数...
2025-04-17 17:57:53,089 - INFO - 检测到的异常节点: set()
2025-04-17 17:57:53,089 - INFO - 正在为时间段 3360-3362 生成可视化
2025-04-17 17:57:53,089 - INFO - 正在为时间段 3360-3362 生成异常图可视化
2025-04-17 17:57:53,090 - DEBUG - 边统计: 正常边 60 条, 异常边 122 条
2025-04-17 17:57:53,140 - DEBUG - 正在保存可视化结果到 ./visual/els/neighbor_all/robust_zscore/els-1/seg_19_3360_3362.png
2025-04-17 17:57:53,436 - INFO - 成功保存时间段 3360-3362 的可视化结果
2025-04-17 17:57:53,436 - INFO - 
正在处理时间段 21/77: 3378-3378
2025-04-17 17:57:53,436 - INFO - 该时间段的真实异常节点: {6, 7, 8, 9, 11}
2025-04-17 17:57:53,436 - INFO - 正在计算异常分数...
2025-04-17 17:57:53,436 - INFO - 检测到的异常节点: set()
2025-04-17 17:57:53,436 - INFO - 正在为时间段 3378-3378 生成可视化
2025-04-17 17:57:53,436 - INFO - 正在为时间段 3378-3378 生成异常图可视化
2025-04-17 17:57:53,436 - INFO - 单个点位异常段 3378-3378，扩展为 3374-3378 (window_size=5)
2025-04-17 17:57:53,437 - DEBUG - 边统计: 正常边 174 条, 异常边 36 条
2025-04-17 17:57:53,487 - DEBUG - 正在保存可视化结果到 ./visual/els/neighbor_all/robust_zscore/els-1/seg_20_3378_3378.png
2025-04-17 17:57:53,824 - INFO - 成功保存时间段 3378-3378 的可视化结果
2025-04-17 17:57:53,824 - INFO - 
正在处理时间段 22/77: 3564-3564
2025-04-17 17:57:53,824 - INFO - 该时间段的真实异常节点: {12}
2025-04-17 17:57:53,824 - INFO - 正在计算异常分数...
2025-04-17 17:57:53,824 - INFO - 检测到的异常节点: set()
2025-04-17 17:57:53,824 - INFO - 正在为时间段 3564-3564 生成可视化
2025-04-17 17:57:53,824 - INFO - 正在为时间段 3564-3564 生成异常图可视化
2025-04-17 17:57:53,824 - INFO - 单个点位异常段 3564-3564，扩展为 3560-3564 (window_size=5)
2025-04-17 17:57:53,825 - DEBUG - 边统计: 正常边 170 条, 异常边 12 条
2025-04-17 17:57:53,876 - DEBUG - 正在保存可视化结果到 ./visual/els/neighbor_all/robust_zscore/els-1/seg_21_3564_3564.png
2025-04-17 17:57:54,169 - INFO - 成功保存时间段 3564-3564 的可视化结果
2025-04-17 17:57:54,169 - INFO - 
正在处理时间段 23/77: 3583-3584
2025-04-17 17:57:54,169 - INFO - 该时间段的真实异常节点: {12}
2025-04-17 17:57:54,169 - INFO - 正在计算异常分数...
2025-04-17 17:57:54,169 - INFO - 检测到的异常节点: set()
2025-04-17 17:57:54,169 - INFO - 正在为时间段 3583-3584 生成可视化
2025-04-17 17:57:54,169 - INFO - 正在为时间段 3583-3584 生成异常图可视化
2025-04-17 17:57:54,170 - DEBUG - 边统计: 正常边 0 条, 异常边 182 条
2025-04-17 17:57:54,219 - DEBUG - 正在保存可视化结果到 ./visual/els/neighbor_all/robust_zscore/els-1/seg_22_3583_3584.png
2025-04-17 17:57:54,507 - INFO - 成功保存时间段 3583-3584 的可视化结果
2025-04-17 17:57:54,507 - INFO - 
正在处理时间段 24/77: 3592-3592
2025-04-17 17:57:54,507 - INFO - 该时间段的真实异常节点: {12}
2025-04-17 17:57:54,507 - INFO - 正在计算异常分数...
2025-04-17 17:57:54,507 - INFO - 检测到的异常节点: set()
2025-04-17 17:57:54,508 - INFO - 正在为时间段 3592-3592 生成可视化
2025-04-17 17:57:54,508 - INFO - 正在为时间段 3592-3592 生成异常图可视化
2025-04-17 17:57:54,508 - INFO - 单个点位异常段 3592-3592，扩展为 3588-3592 (window_size=5)
2025-04-17 17:57:54,509 - DEBUG - 边统计: 正常边 144 条, 异常边 38 条
2025-04-17 17:57:54,558 - DEBUG - 正在保存可视化结果到 ./visual/els/neighbor_all/robust_zscore/els-1/seg_23_3592_3592.png
2025-04-17 17:57:54,844 - INFO - 成功保存时间段 3592-3592 的可视化结果
2025-04-17 17:57:54,844 - INFO - 
正在处理时间段 25/77: 3611-3611
2025-04-17 17:57:54,844 - INFO - 该时间段的真实异常节点: {12}
2025-04-17 17:57:54,844 - INFO - 正在计算异常分数...
2025-04-17 17:57:54,844 - INFO - 检测到的异常节点: set()
2025-04-17 17:57:54,844 - INFO - 正在为时间段 3611-3611 生成可视化
2025-04-17 17:57:54,844 - INFO - 正在为时间段 3611-3611 生成异常图可视化
2025-04-17 17:57:54,844 - INFO - 单个点位异常段 3611-3611，扩展为 3607-3611 (window_size=5)
2025-04-17 17:57:54,845 - DEBUG - 边统计: 正常边 194 条, 异常边 16 条
2025-04-17 17:57:54,893 - DEBUG - 正在保存可视化结果到 ./visual/els/neighbor_all/robust_zscore/els-1/seg_24_3611_3611.png
2025-04-17 17:57:55,224 - INFO - 成功保存时间段 3611-3611 的可视化结果
2025-04-17 17:57:55,224 - INFO - 
正在处理时间段 26/77: 3646-3646
2025-04-17 17:57:55,224 - INFO - 该时间段的真实异常节点: {12}
2025-04-17 17:57:55,225 - INFO - 正在计算异常分数...
2025-04-17 17:57:55,225 - INFO - 检测到的异常节点: set()
2025-04-17 17:57:55,225 - INFO - 正在为时间段 3646-3646 生成可视化
2025-04-17 17:57:55,225 - INFO - 正在为时间段 3646-3646 生成异常图可视化
2025-04-17 17:57:55,225 - INFO - 单个点位异常段 3646-3646，扩展为 3642-3646 (window_size=5)
2025-04-17 17:57:55,226 - DEBUG - 边统计: 正常边 130 条, 异常边 52 条
2025-04-17 17:57:55,274 - DEBUG - 正在保存可视化结果到 ./visual/els/neighbor_all/robust_zscore/els-1/seg_25_3646_3646.png
2025-04-17 17:57:55,563 - INFO - 成功保存时间段 3646-3646 的可视化结果
2025-04-17 17:57:55,563 - INFO - 
正在处理时间段 27/77: 3653-3657
2025-04-17 17:57:55,564 - INFO - 该时间段的真实异常节点: {6, 7, 8, 9, 11}
2025-04-17 17:57:55,564 - INFO - 正在计算异常分数...
2025-04-17 17:57:55,565 - INFO - 检测到的异常节点: {3, 5, 7, 8, 9, 10, 11, 12, 13}
2025-04-17 17:57:55,565 - INFO - 正在为时间段 3653-3657 生成可视化
2025-04-17 17:57:55,565 - INFO - 正在为时间段 3653-3657 生成异常图可视化
2025-04-17 17:57:55,566 - DEBUG - 边统计: 正常边 160 条, 异常边 50 条
2025-04-17 17:57:55,614 - DEBUG - 正在保存可视化结果到 ./visual/els/neighbor_all/robust_zscore/els-1/seg_26_3653_3657.png
2025-04-17 17:57:55,939 - INFO - 成功保存时间段 3653-3657 的可视化结果
2025-04-17 17:57:55,939 - INFO - 
正在处理时间段 28/77: 3896-3898
2025-04-17 17:57:55,940 - INFO - 该时间段的真实异常节点: {12}
2025-04-17 17:57:55,940 - INFO - 正在计算异常分数...
2025-04-17 17:57:55,940 - INFO - 检测到的异常节点: set()
2025-04-17 17:57:55,940 - INFO - 正在为时间段 3896-3898 生成可视化
2025-04-17 17:57:55,940 - INFO - 正在为时间段 3896-3898 生成异常图可视化
2025-04-17 17:57:55,941 - DEBUG - 边统计: 正常边 96 条, 异常边 86 条
2025-04-17 17:57:55,989 - DEBUG - 正在保存可视化结果到 ./visual/els/neighbor_all/robust_zscore/els-1/seg_27_3896_3898.png
2025-04-17 17:57:56,275 - INFO - 成功保存时间段 3896-3898 的可视化结果
2025-04-17 17:57:56,275 - INFO - 
正在处理时间段 29/77: 4224-4239
2025-04-17 17:57:56,275 - INFO - 该时间段的真实异常节点: {6, 7, 8, 9, 10, 11}
2025-04-17 17:57:56,275 - INFO - 正在计算异常分数...
2025-04-17 17:57:56,283 - INFO - 检测到的异常节点: {1, 2, 3, 4, 5, 6, 7, 8, 9, 10, 11, 12, 13, 14, 15}
2025-04-17 17:57:56,283 - INFO - 正在为时间段 4224-4239 生成可视化
2025-04-17 17:57:56,283 - INFO - 正在为时间段 4224-4239 生成异常图可视化
2025-04-17 17:57:56,284 - DEBUG - 边统计: 正常边 210 条, 异常边 0 条
2025-04-17 17:57:56,330 - DEBUG - 正在保存可视化结果到 ./visual/els/neighbor_all/robust_zscore/els-1/seg_28_4224_4239.png
2025-04-17 17:57:56,653 - INFO - 成功保存时间段 4224-4239 的可视化结果
2025-04-17 17:57:56,654 - INFO - 
正在处理时间段 30/77: 4451-4454
2025-04-17 17:57:56,654 - INFO - 该时间段的真实异常节点: {12}
2025-04-17 17:57:56,654 - INFO - 正在计算异常分数...
2025-04-17 17:57:56,654 - INFO - 检测到的异常节点: set()
2025-04-17 17:57:56,654 - INFO - 正在为时间段 4451-4454 生成可视化
2025-04-17 17:57:56,654 - INFO - 正在为时间段 4451-4454 生成异常图可视化
2025-04-17 17:57:56,655 - DEBUG - 边统计: 正常边 164 条, 异常边 18 条
2025-04-17 17:57:56,705 - DEBUG - 正在保存可视化结果到 ./visual/els/neighbor_all/robust_zscore/els-1/seg_29_4451_4454.png
2025-04-17 17:57:56,988 - INFO - 成功保存时间段 4451-4454 的可视化结果
2025-04-17 17:57:56,988 - INFO - 
正在处理时间段 31/77: 4474-4474
2025-04-17 17:57:56,988 - INFO - 该时间段的真实异常节点: {12}
2025-04-17 17:57:56,988 - INFO - 正在计算异常分数...
2025-04-17 17:57:56,988 - INFO - 检测到的异常节点: set()
2025-04-17 17:57:56,988 - INFO - 正在为时间段 4474-4474 生成可视化
2025-04-17 17:57:56,988 - INFO - 正在为时间段 4474-4474 生成异常图可视化
2025-04-17 17:57:56,988 - INFO - 单个点位异常段 4474-4474，扩展为 4470-4474 (window_size=5)
2025-04-17 17:57:56,989 - DEBUG - 边统计: 正常边 194 条, 异常边 16 条
2025-04-17 17:57:57,037 - DEBUG - 正在保存可视化结果到 ./visual/els/neighbor_all/robust_zscore/els-1/seg_30_4474_4474.png
2025-04-17 17:57:57,362 - INFO - 成功保存时间段 4474-4474 的可视化结果
2025-04-17 17:57:57,362 - INFO - 
正在处理时间段 32/77: 4533-4537
2025-04-17 17:57:57,362 - INFO - 该时间段的真实异常节点: {6, 7, 8, 9, 11}
2025-04-17 17:57:57,362 - INFO - 正在计算异常分数...
2025-04-17 17:57:57,363 - INFO - 检测到的异常节点: {3, 7, 8, 9, 11, 15}
2025-04-17 17:57:57,363 - INFO - 正在为时间段 4533-4537 生成可视化
2025-04-17 17:57:57,363 - INFO - 正在为时间段 4533-4537 生成异常图可视化
2025-04-17 17:57:57,364 - DEBUG - 边统计: 正常边 194 条, 异常边 16 条
2025-04-17 17:57:57,482 - DEBUG - 正在保存可视化结果到 ./visual/els/neighbor_all/robust_zscore/els-1/seg_31_4533_4537.png
2025-04-17 17:57:57,808 - INFO - 成功保存时间段 4533-4537 的可视化结果
2025-04-17 17:57:57,808 - INFO - 
正在处理时间段 33/77: 4778-4796
2025-04-17 17:57:57,808 - INFO - 该时间段的真实异常节点: {6, 7, 8, 9, 10, 11}
2025-04-17 17:57:57,808 - INFO - 正在计算异常分数...
2025-04-17 17:57:57,818 - INFO - 检测到的异常节点: {1, 2, 3, 4, 5, 6, 7, 8, 9, 10, 11, 12, 13, 14, 15}
2025-04-17 17:57:57,818 - INFO - 正在为时间段 4778-4796 生成可视化
2025-04-17 17:57:57,818 - INFO - 正在为时间段 4778-4796 生成异常图可视化
2025-04-17 17:57:57,819 - DEBUG - 边统计: 正常边 204 条, 异常边 6 条
2025-04-17 17:57:57,867 - DEBUG - 正在保存可视化结果到 ./visual/els/neighbor_all/robust_zscore/els-1/seg_32_4778_4796.png
2025-04-17 17:57:58,188 - INFO - 成功保存时间段 4778-4796 的可视化结果
2025-04-17 17:57:58,188 - INFO - 
正在处理时间段 34/77: 5077-5081
2025-04-17 17:57:58,188 - INFO - 该时间段的真实异常节点: {6, 7, 8, 9, 10, 11}
2025-04-17 17:57:58,188 - INFO - 正在计算异常分数...
2025-04-17 17:57:58,189 - INFO - 检测到的异常节点: {9, 3, 6}
2025-04-17 17:57:58,189 - INFO - 正在为时间段 5077-5081 生成可视化
2025-04-17 17:57:58,189 - INFO - 正在为时间段 5077-5081 生成异常图可视化
2025-04-17 17:57:58,190 - DEBUG - 边统计: 正常边 202 条, 异常边 8 条
2025-04-17 17:57:58,239 - DEBUG - 正在保存可视化结果到 ./visual/els/neighbor_all/robust_zscore/els-1/seg_33_5077_5081.png
2025-04-17 17:57:58,562 - INFO - 成功保存时间段 5077-5081 的可视化结果
2025-04-17 17:57:58,563 - INFO - 
正在处理时间段 35/77: 5287-5289
2025-04-17 17:57:58,563 - INFO - 该时间段的真实异常节点: {6, 7, 8, 9, 11, 12}
2025-04-17 17:57:58,563 - INFO - 正在计算异常分数...
2025-04-17 17:57:58,563 - INFO - 检测到的异常节点: set()
2025-04-17 17:57:58,563 - INFO - 正在为时间段 5287-5289 生成可视化
2025-04-17 17:57:58,563 - INFO - 正在为时间段 5287-5289 生成异常图可视化
2025-04-17 17:57:58,564 - DEBUG - 边统计: 正常边 92 条, 异常边 90 条
2025-04-17 17:57:58,612 - DEBUG - 正在保存可视化结果到 ./visual/els/neighbor_all/robust_zscore/els-1/seg_34_5287_5289.png
2025-04-17 17:57:58,902 - INFO - 成功保存时间段 5287-5289 的可视化结果
2025-04-17 17:57:58,902 - INFO - 
正在处理时间段 36/77: 5291-5291
2025-04-17 17:57:58,902 - INFO - 该时间段的真实异常节点: {9, 11, 12}
2025-04-17 17:57:58,902 - INFO - 正在计算异常分数...
2025-04-17 17:57:58,902 - INFO - 检测到的异常节点: set()
2025-04-17 17:57:58,902 - INFO - 正在为时间段 5291-5291 生成可视化
2025-04-17 17:57:58,902 - INFO - 正在为时间段 5291-5291 生成异常图可视化
2025-04-17 17:57:58,902 - INFO - 单个点位异常段 5291-5291，扩展为 5287-5291 (window_size=5)
2025-04-17 17:57:58,903 - DEBUG - 边统计: 正常边 168 条, 异常边 14 条
2025-04-17 17:57:58,952 - DEBUG - 正在保存可视化结果到 ./visual/els/neighbor_all/robust_zscore/els-1/seg_35_5291_5291.png
2025-04-17 17:57:59,237 - INFO - 成功保存时间段 5291-5291 的可视化结果
2025-04-17 17:57:59,237 - INFO - 
正在处理时间段 37/77: 5337-5337
2025-04-17 17:57:59,237 - INFO - 该时间段的真实异常节点: {12}
2025-04-17 17:57:59,237 - INFO - 正在计算异常分数...
2025-04-17 17:57:59,237 - INFO - 检测到的异常节点: set()
2025-04-17 17:57:59,237 - INFO - 正在为时间段 5337-5337 生成可视化
2025-04-17 17:57:59,237 - INFO - 正在为时间段 5337-5337 生成异常图可视化
2025-04-17 17:57:59,237 - INFO - 单个点位异常段 5337-5337，扩展为 5333-5337 (window_size=5)
2025-04-17 17:57:59,238 - DEBUG - 边统计: 正常边 160 条, 异常边 22 条
2025-04-17 17:57:59,287 - DEBUG - 正在保存可视化结果到 ./visual/els/neighbor_all/robust_zscore/els-1/seg_36_5337_5337.png
2025-04-17 17:57:59,584 - INFO - 成功保存时间段 5337-5337 的可视化结果
2025-04-17 17:57:59,584 - INFO - 
正在处理时间段 38/77: 5576-5576
2025-04-17 17:57:59,585 - INFO - 该时间段的真实异常节点: {12}
2025-04-17 17:57:59,585 - INFO - 正在计算异常分数...
2025-04-17 17:57:59,585 - INFO - 检测到的异常节点: set()
2025-04-17 17:57:59,585 - INFO - 正在为时间段 5576-5576 生成可视化
2025-04-17 17:57:59,585 - INFO - 正在为时间段 5576-5576 生成异常图可视化
2025-04-17 17:57:59,585 - INFO - 单个点位异常段 5576-5576，扩展为 5572-5576 (window_size=5)
2025-04-17 17:57:59,586 - DEBUG - 边统计: 正常边 168 条, 异常边 14 条
2025-04-17 17:57:59,636 - DEBUG - 正在保存可视化结果到 ./visual/els/neighbor_all/robust_zscore/els-1/seg_37_5576_5576.png
2025-04-17 17:57:59,929 - INFO - 成功保存时间段 5576-5576 的可视化结果
2025-04-17 17:57:59,929 - INFO - 
正在处理时间段 39/77: 5582-5582
2025-04-17 17:57:59,929 - INFO - 该时间段的真实异常节点: {12}
2025-04-17 17:57:59,929 - INFO - 正在计算异常分数...
2025-04-17 17:57:59,929 - INFO - 检测到的异常节点: set()
2025-04-17 17:57:59,929 - INFO - 正在为时间段 5582-5582 生成可视化
2025-04-17 17:57:59,930 - INFO - 正在为时间段 5582-5582 生成异常图可视化
2025-04-17 17:57:59,930 - INFO - 单个点位异常段 5582-5582，扩展为 5578-5582 (window_size=5)
2025-04-17 17:57:59,931 - DEBUG - 边统计: 正常边 168 条, 异常边 42 条
2025-04-17 17:57:59,981 - DEBUG - 正在保存可视化结果到 ./visual/els/neighbor_all/robust_zscore/els-1/seg_38_5582_5582.png
2025-04-17 17:58:00,319 - INFO - 成功保存时间段 5582-5582 的可视化结果
2025-04-17 17:58:00,319 - INFO - 
正在处理时间段 40/77: 5591-5591
2025-04-17 17:58:00,319 - INFO - 该时间段的真实异常节点: {12}
2025-04-17 17:58:00,319 - INFO - 正在计算异常分数...
2025-04-17 17:58:00,319 - INFO - 检测到的异常节点: set()
2025-04-17 17:58:00,319 - INFO - 正在为时间段 5591-5591 生成可视化
2025-04-17 17:58:00,319 - INFO - 正在为时间段 5591-5591 生成异常图可视化
2025-04-17 17:58:00,319 - INFO - 单个点位异常段 5591-5591，扩展为 5587-5591 (window_size=5)
2025-04-17 17:58:00,320 - DEBUG - 边统计: 正常边 166 条, 异常边 16 条
2025-04-17 17:58:00,371 - DEBUG - 正在保存可视化结果到 ./visual/els/neighbor_all/robust_zscore/els-1/seg_39_5591_5591.png
2025-04-17 17:58:00,666 - INFO - 成功保存时间段 5591-5591 的可视化结果
2025-04-17 17:58:00,667 - INFO - 
正在处理时间段 41/77: 5606-5606
2025-04-17 17:58:00,667 - INFO - 该时间段的真实异常节点: {12}
2025-04-17 17:58:00,667 - INFO - 正在计算异常分数...
2025-04-17 17:58:00,667 - INFO - 检测到的异常节点: set()
2025-04-17 17:58:00,667 - INFO - 正在为时间段 5606-5606 生成可视化
2025-04-17 17:58:00,667 - INFO - 正在为时间段 5606-5606 生成异常图可视化
2025-04-17 17:58:00,667 - INFO - 单个点位异常段 5606-5606，扩展为 5602-5606 (window_size=5)
2025-04-17 17:58:00,668 - DEBUG - 边统计: 正常边 186 条, 异常边 24 条
2025-04-17 17:58:00,720 - DEBUG - 正在保存可视化结果到 ./visual/els/neighbor_all/robust_zscore/els-1/seg_40_5606_5606.png
2025-04-17 17:58:01,054 - INFO - 成功保存时间段 5606-5606 的可视化结果
2025-04-17 17:58:01,055 - INFO - 
正在处理时间段 42/77: 5621-5621
2025-04-17 17:58:01,055 - INFO - 该时间段的真实异常节点: {12}
2025-04-17 17:58:01,055 - INFO - 正在计算异常分数...
2025-04-17 17:58:01,055 - INFO - 检测到的异常节点: set()
2025-04-17 17:58:01,055 - INFO - 正在为时间段 5621-5621 生成可视化
2025-04-17 17:58:01,055 - INFO - 正在为时间段 5621-5621 生成异常图可视化
2025-04-17 17:58:01,055 - INFO - 单个点位异常段 5621-5621，扩展为 5617-5621 (window_size=5)
2025-04-17 17:58:01,056 - DEBUG - 边统计: 正常边 128 条, 异常边 54 条
2025-04-17 17:58:01,106 - DEBUG - 正在保存可视化结果到 ./visual/els/neighbor_all/robust_zscore/els-1/seg_41_5621_5621.png
2025-04-17 17:58:01,396 - INFO - 成功保存时间段 5621-5621 的可视化结果
2025-04-17 17:58:01,397 - INFO - 
正在处理时间段 43/77: 5627-5627
2025-04-17 17:58:01,397 - INFO - 该时间段的真实异常节点: {12}
2025-04-17 17:58:01,397 - INFO - 正在计算异常分数...
2025-04-17 17:58:01,397 - INFO - 检测到的异常节点: set()
2025-04-17 17:58:01,397 - INFO - 正在为时间段 5627-5627 生成可视化
2025-04-17 17:58:01,397 - INFO - 正在为时间段 5627-5627 生成异常图可视化
2025-04-17 17:58:01,397 - INFO - 单个点位异常段 5627-5627，扩展为 5623-5627 (window_size=5)
2025-04-17 17:58:01,398 - DEBUG - 边统计: 正常边 190 条, 异常边 20 条
2025-04-17 17:58:01,446 - DEBUG - 正在保存可视化结果到 ./visual/els/neighbor_all/robust_zscore/els-1/seg_42_5627_5627.png
2025-04-17 17:58:01,770 - INFO - 成功保存时间段 5627-5627 的可视化结果
2025-04-17 17:58:01,770 - INFO - 
正在处理时间段 44/77: 5963-5981
2025-04-17 17:58:01,770 - INFO - 该时间段的真实异常节点: {6, 7, 8, 9, 11}
2025-04-17 17:58:01,770 - INFO - 正在计算异常分数...
2025-04-17 17:58:01,780 - INFO - 检测到的异常节点: {1, 2, 3, 4, 5, 6, 7, 8, 9, 10, 11, 12, 13, 14, 15}
2025-04-17 17:58:01,780 - INFO - 正在为时间段 5963-5981 生成可视化
2025-04-17 17:58:01,780 - INFO - 正在为时间段 5963-5981 生成异常图可视化
2025-04-17 17:58:01,781 - DEBUG - 边统计: 正常边 210 条, 异常边 0 条
2025-04-17 17:58:01,827 - DEBUG - 正在保存可视化结果到 ./visual/els/neighbor_all/robust_zscore/els-1/seg_43_5963_5981.png
2025-04-17 17:58:02,164 - INFO - 成功保存时间段 5963-5981 的可视化结果
2025-04-17 17:58:02,164 - INFO - 
正在处理时间段 45/77: 6157-6161
2025-04-17 17:58:02,164 - INFO - 该时间段的真实异常节点: {12}
2025-04-17 17:58:02,164 - INFO - 正在计算异常分数...
2025-04-17 17:58:02,165 - INFO - 检测到的异常节点: {1, 3, 4, 6, 7, 9, 10, 11, 12, 13, 14}
2025-04-17 17:58:02,166 - INFO - 正在为时间段 6157-6161 生成可视化
2025-04-17 17:58:02,166 - INFO - 正在为时间段 6157-6161 生成异常图可视化
2025-04-17 17:58:02,166 - DEBUG - 边统计: 正常边 152 条, 异常边 30 条
2025-04-17 17:58:02,305 - DEBUG - 正在保存可视化结果到 ./visual/els/neighbor_all/robust_zscore/els-1/seg_44_6157_6161.png
2025-04-17 17:58:02,598 - INFO - 成功保存时间段 6157-6161 的可视化结果
2025-04-17 17:58:02,599 - INFO - 
正在处理时间段 46/77: 6197-6200
2025-04-17 17:58:02,599 - INFO - 该时间段的真实异常节点: {12}
2025-04-17 17:58:02,599 - INFO - 正在计算异常分数...
2025-04-17 17:58:02,599 - INFO - 检测到的异常节点: set()
2025-04-17 17:58:02,599 - INFO - 正在为时间段 6197-6200 生成可视化
2025-04-17 17:58:02,599 - INFO - 正在为时间段 6197-6200 生成异常图可视化
2025-04-17 17:58:02,600 - DEBUG - 边统计: 正常边 148 条, 异常边 34 条
2025-04-17 17:58:02,650 - DEBUG - 正在保存可视化结果到 ./visual/els/neighbor_all/robust_zscore/els-1/seg_45_6197_6200.png
2025-04-17 17:58:02,951 - INFO - 成功保存时间段 6197-6200 的可视化结果
2025-04-17 17:58:02,952 - INFO - 
正在处理时间段 47/77: 6233-6254
2025-04-17 17:58:02,952 - INFO - 该时间段的真实异常节点: {6, 7, 8, 9, 11, 12}
2025-04-17 17:58:02,952 - INFO - 正在计算异常分数...
2025-04-17 17:58:02,965 - INFO - 检测到的异常节点: {1, 2, 3, 4, 5, 6, 7, 8, 9, 10, 11, 12, 13, 14, 15}
2025-04-17 17:58:02,965 - INFO - 正在为时间段 6233-6254 生成可视化
2025-04-17 17:58:02,965 - INFO - 正在为时间段 6233-6254 生成异常图可视化
2025-04-17 17:58:02,966 - DEBUG - 边统计: 正常边 200 条, 异常边 10 条
2025-04-17 17:58:03,019 - DEBUG - 正在保存可视化结果到 ./visual/els/neighbor_all/robust_zscore/els-1/seg_46_6233_6254.png
2025-04-17 17:58:03,357 - INFO - 成功保存时间段 6233-6254 的可视化结果
2025-04-17 17:58:03,357 - INFO - 
正在处理时间段 48/77: 6440-6449
2025-04-17 17:58:03,358 - INFO - 该时间段的真实异常节点: {9, 10, 12}
2025-04-17 17:58:03,358 - INFO - 正在计算异常分数...
2025-04-17 17:58:03,362 - INFO - 检测到的异常节点: {1, 2, 3, 4, 5, 6, 7, 8, 9, 10, 11, 12, 13, 14, 15}
2025-04-17 17:58:03,362 - INFO - 正在为时间段 6440-6449 生成可视化
2025-04-17 17:58:03,362 - INFO - 正在为时间段 6440-6449 生成异常图可视化
2025-04-17 17:58:03,363 - DEBUG - 边统计: 正常边 208 条, 异常边 2 条
2025-04-17 17:58:03,413 - DEBUG - 正在保存可视化结果到 ./visual/els/neighbor_all/robust_zscore/els-1/seg_47_6440_6449.png
2025-04-17 17:58:03,752 - INFO - 成功保存时间段 6440-6449 的可视化结果
2025-04-17 17:58:03,752 - INFO - 
正在处理时间段 49/77: 6457-6457
2025-04-17 17:58:03,752 - INFO - 该时间段的真实异常节点: {12}
2025-04-17 17:58:03,752 - INFO - 正在计算异常分数...
2025-04-17 17:58:03,752 - INFO - 检测到的异常节点: set()
2025-04-17 17:58:03,752 - INFO - 正在为时间段 6457-6457 生成可视化
2025-04-17 17:58:03,752 - INFO - 正在为时间段 6457-6457 生成异常图可视化
2025-04-17 17:58:03,752 - INFO - 单个点位异常段 6457-6457，扩展为 6453-6457 (window_size=5)
2025-04-17 17:58:03,753 - DEBUG - 边统计: 正常边 194 条, 异常边 16 条
2025-04-17 17:58:03,803 - DEBUG - 正在保存可视化结果到 ./visual/els/neighbor_all/robust_zscore/els-1/seg_48_6457_6457.png
2025-04-17 17:58:04,146 - INFO - 成功保存时间段 6457-6457 的可视化结果
2025-04-17 17:58:04,146 - INFO - 
正在处理时间段 50/77: 6471-6491
2025-04-17 17:58:04,146 - INFO - 该时间段的真实异常节点: {12}
2025-04-17 17:58:04,146 - INFO - 正在计算异常分数...
2025-04-17 17:58:04,158 - INFO - 检测到的异常节点: {1, 2, 3, 4, 5, 6, 7, 8, 9, 10, 11, 12, 13, 14, 15}
2025-04-17 17:58:04,158 - INFO - 正在为时间段 6471-6491 生成可视化
2025-04-17 17:58:04,158 - INFO - 正在为时间段 6471-6491 生成异常图可视化
2025-04-17 17:58:04,159 - DEBUG - 边统计: 正常边 210 条, 异常边 0 条
2025-04-17 17:58:04,212 - DEBUG - 正在保存可视化结果到 ./visual/els/neighbor_all/robust_zscore/els-1/seg_49_6471_6491.png
2025-04-17 17:58:04,552 - INFO - 成功保存时间段 6471-6491 的可视化结果
2025-04-17 17:58:04,553 - INFO - 
正在处理时间段 51/77: 6500-6500
2025-04-17 17:58:04,553 - INFO - 该时间段的真实异常节点: {12}
2025-04-17 17:58:04,553 - INFO - 正在计算异常分数...
2025-04-17 17:58:04,553 - INFO - 检测到的异常节点: set()
2025-04-17 17:58:04,553 - INFO - 正在为时间段 6500-6500 生成可视化
2025-04-17 17:58:04,553 - INFO - 正在为时间段 6500-6500 生成异常图可视化
2025-04-17 17:58:04,553 - INFO - 单个点位异常段 6500-6500，扩展为 6496-6500 (window_size=5)
2025-04-17 17:58:04,554 - DEBUG - 边统计: 正常边 168 条, 异常边 14 条
2025-04-17 17:58:04,607 - DEBUG - 正在保存可视化结果到 ./visual/els/neighbor_all/robust_zscore/els-1/seg_50_6500_6500.png
2025-04-17 17:58:04,907 - INFO - 成功保存时间段 6500-6500 的可视化结果
2025-04-17 17:58:04,907 - INFO - 
正在处理时间段 52/77: 6513-6515
2025-04-17 17:58:04,908 - INFO - 该时间段的真实异常节点: {6, 7, 8, 9, 11}
2025-04-17 17:58:04,908 - INFO - 正在计算异常分数...
2025-04-17 17:58:04,908 - INFO - 检测到的异常节点: set()
2025-04-17 17:58:04,908 - INFO - 正在为时间段 6513-6515 生成可视化
2025-04-17 17:58:04,908 - INFO - 正在为时间段 6513-6515 生成异常图可视化
2025-04-17 17:58:04,909 - DEBUG - 边统计: 正常边 92 条, 异常边 118 条
2025-04-17 17:58:04,959 - DEBUG - 正在保存可视化结果到 ./visual/els/neighbor_all/robust_zscore/els-1/seg_51_6513_6515.png
2025-04-17 17:58:05,300 - INFO - 成功保存时间段 6513-6515 的可视化结果
2025-04-17 17:58:05,301 - INFO - 
正在处理时间段 53/77: 6531-6545
2025-04-17 17:58:05,301 - INFO - 该时间段的真实异常节点: {12}
2025-04-17 17:58:05,301 - INFO - 正在计算异常分数...
2025-04-17 17:58:05,308 - INFO - 检测到的异常节点: {1, 2, 3, 4, 5, 6, 7, 8, 9, 10, 11, 12, 13, 14}
2025-04-17 17:58:05,308 - INFO - 正在为时间段 6531-6545 生成可视化
2025-04-17 17:58:05,308 - INFO - 正在为时间段 6531-6545 生成异常图可视化
2025-04-17 17:58:05,309 - DEBUG - 边统计: 正常边 182 条, 异常边 0 条
2025-04-17 17:58:05,360 - DEBUG - 正在保存可视化结果到 ./visual/els/neighbor_all/robust_zscore/els-1/seg_52_6531_6545.png
2025-04-17 17:58:05,651 - INFO - 成功保存时间段 6531-6545 的可视化结果
2025-04-17 17:58:05,651 - INFO - 
正在处理时间段 54/77: 6549-6563
2025-04-17 17:58:05,652 - INFO - 该时间段的真实异常节点: {6, 7, 8, 9, 11}
2025-04-17 17:58:05,652 - INFO - 正在计算异常分数...
2025-04-17 17:58:05,660 - INFO - 检测到的异常节点: {1, 2, 3, 4, 5, 6, 7, 8, 9, 10, 11, 12, 13, 14, 15}
2025-04-17 17:58:05,660 - INFO - 正在为时间段 6549-6563 生成可视化
2025-04-17 17:58:05,660 - INFO - 正在为时间段 6549-6563 生成异常图可视化
2025-04-17 17:58:05,661 - DEBUG - 边统计: 正常边 196 条, 异常边 14 条
2025-04-17 17:58:05,710 - DEBUG - 正在保存可视化结果到 ./visual/els/neighbor_all/robust_zscore/els-1/seg_53_6549_6563.png
2025-04-17 17:58:06,043 - INFO - 成功保存时间段 6549-6563 的可视化结果
2025-04-17 17:58:06,043 - INFO - 
正在处理时间段 55/77: 6726-6730
2025-04-17 17:58:06,043 - INFO - 该时间段的真实异常节点: {12}
2025-04-17 17:58:06,043 - INFO - 正在计算异常分数...
2025-04-17 17:58:06,044 - INFO - 检测到的异常节点: {2, 3, 4, 5, 6, 9, 13, 14}
2025-04-17 17:58:06,044 - INFO - 正在为时间段 6726-6730 生成可视化
2025-04-17 17:58:06,044 - INFO - 正在为时间段 6726-6730 生成异常图可视化
2025-04-17 17:58:06,045 - DEBUG - 边统计: 正常边 152 条, 异常边 30 条
2025-04-17 17:58:06,095 - DEBUG - 正在保存可视化结果到 ./visual/els/neighbor_all/robust_zscore/els-1/seg_54_6726_6730.png
2025-04-17 17:58:06,388 - INFO - 成功保存时间段 6726-6730 的可视化结果
2025-04-17 17:58:06,389 - INFO - 
正在处理时间段 56/77: 6824-6825
2025-04-17 17:58:06,389 - INFO - 该时间段的真实异常节点: {6, 7, 8, 9, 11}
2025-04-17 17:58:06,389 - INFO - 正在计算异常分数...
2025-04-17 17:58:06,389 - INFO - 检测到的异常节点: set()
2025-04-17 17:58:06,389 - INFO - 正在为时间段 6824-6825 生成可视化
2025-04-17 17:58:06,389 - INFO - 正在为时间段 6824-6825 生成异常图可视化
2025-04-17 17:58:06,390 - DEBUG - 边统计: 正常边 0 条, 异常边 156 条
2025-04-17 17:58:06,442 - DEBUG - 正在保存可视化结果到 ./visual/els/neighbor_all/robust_zscore/els-1/seg_55_6824_6825.png
2025-04-17 17:58:06,732 - INFO - 成功保存时间段 6824-6825 的可视化结果
2025-04-17 17:58:06,732 - INFO - 
正在处理时间段 57/77: 7302-7302
2025-04-17 17:58:06,732 - INFO - 该时间段的真实异常节点: {12}
2025-04-17 17:58:06,732 - INFO - 正在计算异常分数...
2025-04-17 17:58:06,733 - INFO - 检测到的异常节点: set()
2025-04-17 17:58:06,733 - INFO - 正在为时间段 7302-7302 生成可视化
2025-04-17 17:58:06,733 - INFO - 正在为时间段 7302-7302 生成异常图可视化
2025-04-17 17:58:06,733 - INFO - 单个点位异常段 7302-7302，扩展为 7298-7302 (window_size=5)
2025-04-17 17:58:06,734 - DEBUG - 边统计: 正常边 186 条, 异常边 24 条
2025-04-17 17:58:06,857 - DEBUG - 正在保存可视化结果到 ./visual/els/neighbor_all/robust_zscore/els-1/seg_56_7302_7302.png
2025-04-17 17:58:07,192 - INFO - 成功保存时间段 7302-7302 的可视化结果
2025-04-17 17:58:07,192 - INFO - 
正在处理时间段 58/77: 7337-7337
2025-04-17 17:58:07,192 - INFO - 该时间段的真实异常节点: {12}
2025-04-17 17:58:07,192 - INFO - 正在计算异常分数...
2025-04-17 17:58:07,192 - INFO - 检测到的异常节点: set()
2025-04-17 17:58:07,192 - INFO - 正在为时间段 7337-7337 生成可视化
2025-04-17 17:58:07,192 - INFO - 正在为时间段 7337-7337 生成异常图可视化
2025-04-17 17:58:07,192 - INFO - 单个点位异常段 7337-7337，扩展为 7333-7337 (window_size=5)
2025-04-17 17:58:07,193 - DEBUG - 边统计: 正常边 182 条, 异常边 28 条
2025-04-17 17:58:07,242 - DEBUG - 正在保存可视化结果到 ./visual/els/neighbor_all/robust_zscore/els-1/seg_57_7337_7337.png
2025-04-17 17:58:07,578 - INFO - 成功保存时间段 7337-7337 的可视化结果
2025-04-17 17:58:07,578 - INFO - 
正在处理时间段 59/77: 7384-7414
2025-04-17 17:58:07,578 - INFO - 该时间段的真实异常节点: {6, 7, 8, 9, 10, 11}
2025-04-17 17:58:07,578 - INFO - 正在计算异常分数...
2025-04-17 17:58:07,597 - INFO - 检测到的异常节点: {1, 2, 3, 4, 5, 6, 7, 8, 9, 10, 11, 12, 13, 14, 15}
2025-04-17 17:58:07,597 - INFO - 正在为时间段 7384-7414 生成可视化
2025-04-17 17:58:07,597 - INFO - 正在为时间段 7384-7414 生成异常图可视化
2025-04-17 17:58:07,598 - DEBUG - 边统计: 正常边 204 条, 异常边 6 条
2025-04-17 17:58:07,646 - DEBUG - 正在保存可视化结果到 ./visual/els/neighbor_all/robust_zscore/els-1/seg_58_7384_7414.png
2025-04-17 17:58:07,976 - INFO - 成功保存时间段 7384-7414 的可视化结果
2025-04-17 17:58:07,977 - INFO - 
正在处理时间段 60/77: 7591-7592
2025-04-17 17:58:07,977 - INFO - 该时间段的真实异常节点: {6, 7, 8, 9, 11, 12}
2025-04-17 17:58:07,977 - INFO - 正在计算异常分数...
2025-04-17 17:58:07,977 - INFO - 检测到的异常节点: set()
2025-04-17 17:58:07,977 - INFO - 正在为时间段 7591-7592 生成可视化
2025-04-17 17:58:07,977 - INFO - 正在为时间段 7591-7592 生成异常图可视化
2025-04-17 17:58:07,978 - DEBUG - 边统计: 正常边 0 条, 异常边 156 条
2025-04-17 17:58:08,030 - DEBUG - 正在保存可视化结果到 ./visual/els/neighbor_all/robust_zscore/els-1/seg_59_7591_7592.png
2025-04-17 17:58:08,319 - INFO - 成功保存时间段 7591-7592 的可视化结果
2025-04-17 17:58:08,319 - INFO - 
正在处理时间段 61/77: 7596-7598
2025-04-17 17:58:08,319 - INFO - 该时间段的真实异常节点: {6, 7, 8, 9, 12}
2025-04-17 17:58:08,319 - INFO - 正在计算异常分数...
2025-04-17 17:58:08,319 - INFO - 检测到的异常节点: set()
2025-04-17 17:58:08,319 - INFO - 正在为时间段 7596-7598 生成可视化
2025-04-17 17:58:08,319 - INFO - 正在为时间段 7596-7598 生成异常图可视化
2025-04-17 17:58:08,320 - DEBUG - 边统计: 正常边 110 条, 异常边 72 条
2025-04-17 17:58:08,371 - DEBUG - 正在保存可视化结果到 ./visual/els/neighbor_all/robust_zscore/els-1/seg_60_7596_7598.png
2025-04-17 17:58:08,666 - INFO - 成功保存时间段 7596-7598 的可视化结果
2025-04-17 17:58:08,666 - INFO - 
正在处理时间段 62/77: 7640-7640
2025-04-17 17:58:08,667 - INFO - 该时间段的真实异常节点: {12}
2025-04-17 17:58:08,667 - INFO - 正在计算异常分数...
2025-04-17 17:58:08,667 - INFO - 检测到的异常节点: set()
2025-04-17 17:58:08,667 - INFO - 正在为时间段 7640-7640 生成可视化
2025-04-17 17:58:08,667 - INFO - 正在为时间段 7640-7640 生成异常图可视化
2025-04-17 17:58:08,667 - INFO - 单个点位异常段 7640-7640，扩展为 7636-7640 (window_size=5)
2025-04-17 17:58:08,668 - DEBUG - 边统计: 正常边 172 条, 异常边 38 条
2025-04-17 17:58:08,718 - DEBUG - 正在保存可视化结果到 ./visual/els/neighbor_all/robust_zscore/els-1/seg_61_7640_7640.png
2025-04-17 17:58:09,054 - INFO - 成功保存时间段 7640-7640 的可视化结果
2025-04-17 17:58:09,054 - INFO - 
正在处理时间段 63/77: 7691-7691
2025-04-17 17:58:09,054 - INFO - 该时间段的真实异常节点: {6, 7, 8, 9, 11}
2025-04-17 17:58:09,054 - INFO - 正在计算异常分数...
2025-04-17 17:58:09,054 - INFO - 检测到的异常节点: set()
2025-04-17 17:58:09,054 - INFO - 正在为时间段 7691-7691 生成可视化
2025-04-17 17:58:09,054 - INFO - 正在为时间段 7691-7691 生成异常图可视化
2025-04-17 17:58:09,054 - INFO - 单个点位异常段 7691-7691，扩展为 7687-7691 (window_size=5)
2025-04-17 17:58:09,055 - DEBUG - 边统计: 正常边 146 条, 异常边 36 条
2025-04-17 17:58:09,105 - DEBUG - 正在保存可视化结果到 ./visual/els/neighbor_all/robust_zscore/els-1/seg_62_7691_7691.png
2025-04-17 17:58:09,402 - INFO - 成功保存时间段 7691-7691 的可视化结果
2025-04-17 17:58:09,402 - INFO - 
正在处理时间段 64/77: 7700-7707
2025-04-17 17:58:09,402 - INFO - 该时间段的真实异常节点: {6, 7, 8, 9, 11}
2025-04-17 17:58:09,402 - INFO - 正在计算异常分数...
2025-04-17 17:58:09,405 - INFO - 检测到的异常节点: {1, 2, 3, 4, 5, 6, 7, 8, 9, 10, 11, 12, 13, 15}
2025-04-17 17:58:09,405 - INFO - 正在为时间段 7700-7707 生成可视化
2025-04-17 17:58:09,405 - INFO - 正在为时间段 7700-7707 生成异常图可视化
2025-04-17 17:58:09,406 - DEBUG - 边统计: 正常边 200 条, 异常边 10 条
2025-04-17 17:58:09,456 - DEBUG - 正在保存可视化结果到 ./visual/els/neighbor_all/robust_zscore/els-1/seg_63_7700_7707.png
2025-04-17 17:58:09,790 - INFO - 成功保存时间段 7700-7707 的可视化结果
2025-04-17 17:58:09,790 - INFO - 
正在处理时间段 65/77: 7885-7886
2025-04-17 17:58:09,790 - INFO - 该时间段的真实异常节点: {12}
2025-04-17 17:58:09,790 - INFO - 正在计算异常分数...
2025-04-17 17:58:09,790 - INFO - 检测到的异常节点: set()
2025-04-17 17:58:09,790 - INFO - 正在为时间段 7885-7886 生成可视化
2025-04-17 17:58:09,790 - INFO - 正在为时间段 7885-7886 生成异常图可视化
2025-04-17 17:58:09,791 - DEBUG - 边统计: 正常边 0 条, 异常边 156 条
2025-04-17 17:58:09,845 - DEBUG - 正在保存可视化结果到 ./visual/els/neighbor_all/robust_zscore/els-1/seg_64_7885_7886.png
2025-04-17 17:58:10,138 - INFO - 成功保存时间段 7885-7886 的可视化结果
2025-04-17 17:58:10,139 - INFO - 
正在处理时间段 66/77: 7963-7963
2025-04-17 17:58:10,139 - INFO - 该时间段的真实异常节点: {6, 7, 8, 9, 12}
2025-04-17 17:58:10,139 - INFO - 正在计算异常分数...
2025-04-17 17:58:10,139 - INFO - 检测到的异常节点: set()
2025-04-17 17:58:10,139 - INFO - 正在为时间段 7963-7963 生成可视化
2025-04-17 17:58:10,139 - INFO - 正在为时间段 7963-7963 生成异常图可视化
2025-04-17 17:58:10,139 - INFO - 单个点位异常段 7963-7963，扩展为 7959-7963 (window_size=5)
2025-04-17 17:58:10,140 - DEBUG - 边统计: 正常边 196 条, 异常边 14 条
2025-04-17 17:58:10,189 - DEBUG - 正在保存可视化结果到 ./visual/els/neighbor_all/robust_zscore/els-1/seg_65_7963_7963.png
2025-04-17 17:58:10,524 - INFO - 成功保存时间段 7963-7963 的可视化结果
2025-04-17 17:58:10,524 - INFO - 
正在处理时间段 67/77: 7991-7995
2025-04-17 17:58:10,524 - INFO - 该时间段的真实异常节点: {6, 7, 8, 9, 11}
2025-04-17 17:58:10,524 - INFO - 正在计算异常分数...
2025-04-17 17:58:10,525 - INFO - 检测到的异常节点: {1, 4, 6, 7, 8, 9, 10, 12, 15}
2025-04-17 17:58:10,525 - INFO - 正在为时间段 7991-7995 生成可视化
2025-04-17 17:58:10,525 - INFO - 正在为时间段 7991-7995 生成异常图可视化
2025-04-17 17:58:10,526 - DEBUG - 边统计: 正常边 180 条, 异常边 30 条
2025-04-17 17:58:10,575 - DEBUG - 正在保存可视化结果到 ./visual/els/neighbor_all/robust_zscore/els-1/seg_66_7991_7995.png
2025-04-17 17:58:10,912 - INFO - 成功保存时间段 7991-7995 的可视化结果
2025-04-17 17:58:10,912 - INFO - 
正在处理时间段 68/77: 8214-8216
2025-04-17 17:58:10,912 - INFO - 该时间段的真实异常节点: {9, 12}
2025-04-17 17:58:10,912 - INFO - 正在计算异常分数...
2025-04-17 17:58:10,912 - INFO - 检测到的异常节点: set()
2025-04-17 17:58:10,912 - INFO - 正在为时间段 8214-8216 生成可视化
2025-04-17 17:58:10,912 - INFO - 正在为时间段 8214-8216 生成异常图可视化
2025-04-17 17:58:10,913 - DEBUG - 边统计: 正常边 118 条, 异常边 64 条
2025-04-17 17:58:10,964 - DEBUG - 正在保存可视化结果到 ./visual/els/neighbor_all/robust_zscore/els-1/seg_67_8214_8216.png
2025-04-17 17:58:11,261 - INFO - 成功保存时间段 8214-8216 的可视化结果
2025-04-17 17:58:11,261 - INFO - 
正在处理时间段 69/77: 8280-8291
2025-04-17 17:58:11,261 - INFO - 该时间段的真实异常节点: {6, 7, 8, 9, 11}
2025-04-17 17:58:11,261 - INFO - 正在计算异常分数...
2025-04-17 17:58:11,267 - INFO - 检测到的异常节点: {1, 2, 3, 4, 5, 6, 7, 8, 9, 10, 11, 12, 13, 14, 15}
2025-04-17 17:58:11,267 - INFO - 正在为时间段 8280-8291 生成可视化
2025-04-17 17:58:11,267 - INFO - 正在为时间段 8280-8291 生成异常图可视化
2025-04-17 17:58:11,268 - DEBUG - 边统计: 正常边 204 条, 异常边 6 条
2025-04-17 17:58:11,318 - DEBUG - 正在保存可视化结果到 ./visual/els/neighbor_all/robust_zscore/els-1/seg_68_8280_8291.png
2025-04-17 17:58:11,650 - INFO - 成功保存时间段 8280-8291 的可视化结果
2025-04-17 17:58:11,650 - INFO - 
正在处理时间段 70/77: 8432-8451
2025-04-17 17:58:11,650 - INFO - 该时间段的真实异常节点: {8, 11, 6, 7}
2025-04-17 17:58:11,650 - INFO - 正在计算异常分数...
2025-04-17 17:58:11,661 - INFO - 检测到的异常节点: {1, 2, 3, 4, 5, 6, 7, 8, 9, 10, 11, 12, 13, 14, 15}
2025-04-17 17:58:11,661 - INFO - 正在为时间段 8432-8451 生成可视化
2025-04-17 17:58:11,661 - INFO - 正在为时间段 8432-8451 生成异常图可视化
2025-04-17 17:58:11,662 - DEBUG - 边统计: 正常边 210 条, 异常边 0 条
2025-04-17 17:58:11,784 - DEBUG - 正在保存可视化结果到 ./visual/els/neighbor_all/robust_zscore/els-1/seg_69_8432_8451.png
2025-04-17 17:58:12,129 - INFO - 成功保存时间段 8432-8451 的可视化结果
2025-04-17 17:58:12,129 - INFO - 
正在处理时间段 71/77: 8459-8461
2025-04-17 17:58:12,129 - INFO - 该时间段的真实异常节点: {12}
2025-04-17 17:58:12,129 - INFO - 正在计算异常分数...
2025-04-17 17:58:12,129 - INFO - 检测到的异常节点: set()
2025-04-17 17:58:12,130 - INFO - 正在为时间段 8459-8461 生成可视化
2025-04-17 17:58:12,130 - INFO - 正在为时间段 8459-8461 生成异常图可视化
2025-04-17 17:58:12,131 - DEBUG - 边统计: 正常边 136 条, 异常边 46 条
2025-04-17 17:58:12,185 - DEBUG - 正在保存可视化结果到 ./visual/els/neighbor_all/robust_zscore/els-1/seg_70_8459_8461.png
2025-04-17 17:58:12,489 - INFO - 成功保存时间段 8459-8461 的可视化结果
2025-04-17 17:58:12,490 - INFO - 
正在处理时间段 72/77: 8504-8508
2025-04-17 17:58:12,490 - INFO - 该时间段的真实异常节点: {12}
2025-04-17 17:58:12,490 - INFO - 正在计算异常分数...
2025-04-17 17:58:12,491 - INFO - 检测到的异常节点: {2, 4, 5, 8, 9, 10, 11, 13}
2025-04-17 17:58:12,491 - INFO - 正在为时间段 8504-8508 生成可视化
2025-04-17 17:58:12,491 - INFO - 正在为时间段 8504-8508 生成异常图可视化
2025-04-17 17:58:12,492 - DEBUG - 边统计: 正常边 182 条, 异常边 28 条
2025-04-17 17:58:12,543 - DEBUG - 正在保存可视化结果到 ./visual/els/neighbor_all/robust_zscore/els-1/seg_71_8504_8508.png
2025-04-17 17:58:12,878 - INFO - 成功保存时间段 8504-8508 的可视化结果
2025-04-17 17:58:12,878 - INFO - 
正在处理时间段 73/77: 8542-8553
2025-04-17 17:58:12,879 - INFO - 该时间段的真实异常节点: {12}
2025-04-17 17:58:12,879 - INFO - 正在计算异常分数...
2025-04-17 17:58:12,884 - INFO - 检测到的异常节点: {1, 2, 3, 4, 5, 6, 7, 8, 9, 10, 11, 12, 13, 14}
2025-04-17 17:58:12,884 - INFO - 正在为时间段 8542-8553 生成可视化
2025-04-17 17:58:12,884 - INFO - 正在为时间段 8542-8553 生成异常图可视化
2025-04-17 17:58:12,885 - DEBUG - 边统计: 正常边 180 条, 异常边 2 条
2025-04-17 17:58:12,936 - DEBUG - 正在保存可视化结果到 ./visual/els/neighbor_all/robust_zscore/els-1/seg_72_8542_8553.png
2025-04-17 17:58:13,229 - INFO - 成功保存时间段 8542-8553 的可视化结果
2025-04-17 17:58:13,229 - INFO - 
正在处理时间段 74/77: 8564-8571
2025-04-17 17:58:13,229 - INFO - 该时间段的真实异常节点: {6, 7, 8, 9, 12}
2025-04-17 17:58:13,229 - INFO - 正在计算异常分数...
2025-04-17 17:58:13,232 - INFO - 检测到的异常节点: {1, 2, 3, 4, 5, 7, 8, 9, 10, 11, 12, 13, 14, 15}
2025-04-17 17:58:13,232 - INFO - 正在为时间段 8564-8571 生成可视化
2025-04-17 17:58:13,232 - INFO - 正在为时间段 8564-8571 生成异常图可视化
2025-04-17 17:58:13,233 - DEBUG - 边统计: 正常边 194 条, 异常边 16 条
2025-04-17 17:58:13,283 - DEBUG - 正在保存可视化结果到 ./visual/els/neighbor_all/robust_zscore/els-1/seg_73_8564_8571.png
2025-04-17 17:58:13,616 - INFO - 成功保存时间段 8564-8571 的可视化结果
2025-04-17 17:58:13,616 - INFO - 
正在处理时间段 75/77: 8724-8737
2025-04-17 17:58:13,617 - INFO - 该时间段的真实异常节点: {12}
2025-04-17 17:58:13,617 - INFO - 正在计算异常分数...
2025-04-17 17:58:13,623 - INFO - 检测到的异常节点: {1, 2, 3, 4, 6, 7, 8, 9, 10, 11, 12, 13, 14}
2025-04-17 17:58:13,623 - INFO - 正在为时间段 8724-8737 生成可视化
2025-04-17 17:58:13,623 - INFO - 正在为时间段 8724-8737 生成异常图可视化
2025-04-17 17:58:13,624 - DEBUG - 边统计: 正常边 210 条, 异常边 0 条
2025-04-17 17:58:13,673 - DEBUG - 正在保存可视化结果到 ./visual/els/neighbor_all/robust_zscore/els-1/seg_74_8724_8737.png
2025-04-17 17:58:14,007 - INFO - 成功保存时间段 8724-8737 的可视化结果
2025-04-17 17:58:14,007 - INFO - 
正在处理时间段 76/77: 8815-8821
2025-04-17 17:58:14,007 - INFO - 该时间段的真实异常节点: {6, 7, 8, 9, 11}
2025-04-17 17:58:14,007 - INFO - 正在计算异常分数...
2025-04-17 17:58:14,010 - INFO - 检测到的异常节点: {1, 2, 3, 5, 7, 8, 9, 10, 11, 12, 13, 14, 15}
2025-04-17 17:58:14,010 - INFO - 正在为时间段 8815-8821 生成可视化
2025-04-17 17:58:14,010 - INFO - 正在为时间段 8815-8821 生成异常图可视化
2025-04-17 17:58:14,011 - DEBUG - 边统计: 正常边 208 条, 异常边 2 条
2025-04-17 17:58:14,059 - DEBUG - 正在保存可视化结果到 ./visual/els/neighbor_all/robust_zscore/els-1/seg_75_8815_8821.png
2025-04-17 17:58:14,382 - INFO - 成功保存时间段 8815-8821 的可视化结果
2025-04-17 17:58:14,382 - INFO - 
正在处理时间段 77/77: 8859-8860
2025-04-17 17:58:14,382 - INFO - 该时间段的真实异常节点: {12}
2025-04-17 17:58:14,383 - INFO - 正在计算异常分数...
2025-04-17 17:58:14,383 - INFO - 检测到的异常节点: set()
2025-04-17 17:58:14,383 - INFO - 正在为时间段 8859-8860 生成可视化
2025-04-17 17:58:14,383 - INFO - 正在为时间段 8859-8860 生成异常图可视化
2025-04-17 17:58:14,384 - DEBUG - 边统计: 正常边 0 条, 异常边 182 条
2025-04-17 17:58:14,433 - DEBUG - 正在保存可视化结果到 ./visual/els/neighbor_all/robust_zscore/els-1/seg_76_8859_8860.png
2025-04-17 17:58:14,715 - INFO - 成功保存时间段 8859-8860 的可视化结果
2025-04-17 17:58:14,715 - INFO - 正在生成所有异常段的综合可视化图像: ./visual/els/neighbor_all/robust_zscore/els-1/all_segments.png
2025-04-17 17:58:14,715 - INFO - 生成全屏优化的可视化图表
2025-04-17 17:58:15,386 - INFO - 单个点位异常段 738-738，扩展为 734-738 (window_size=5)
2025-04-17 17:58:15,397 - INFO - 单个点位异常段 762-762，扩展为 758-762 (window_size=5)
2025-04-17 17:58:15,479 - INFO - 单个点位异常段 1882-1882，扩展为 1878-1882 (window_size=5)
2025-04-17 17:58:15,502 - INFO - 单个点位异常段 2461-2461，扩展为 2457-2461 (window_size=5)
2025-04-17 17:58:15,514 - INFO - 单个点位异常段 2506-2506，扩展为 2502-2506 (window_size=5)
2025-04-17 17:58:15,526 - INFO - 单个点位异常段 2515-2515，扩展为 2511-2515 (window_size=5)
2025-04-17 17:58:15,537 - INFO - 单个点位异常段 2520-2520，扩展为 2516-2520 (window_size=5)
2025-04-17 17:58:15,605 - INFO - 单个点位异常段 3378-3378，扩展为 3374-3378 (window_size=5)
2025-04-17 17:58:15,617 - INFO - 单个点位异常段 3564-3564，扩展为 3560-3564 (window_size=5)
2025-04-17 17:58:15,640 - INFO - 单个点位异常段 3592-3592，扩展为 3588-3592 (window_size=5)
2025-04-17 17:58:15,651 - INFO - 单个点位异常段 3611-3611，扩展为 3607-3611 (window_size=5)
2025-04-17 17:58:15,662 - INFO - 单个点位异常段 3646-3646，扩展为 3642-3646 (window_size=5)
2025-04-17 17:58:15,720 - INFO - 单个点位异常段 4474-4474，扩展为 4470-4474 (window_size=5)
2025-04-17 17:58:15,778 - INFO - 单个点位异常段 5291-5291，扩展为 5287-5291 (window_size=5)
2025-04-17 17:58:15,789 - INFO - 单个点位异常段 5337-5337，扩展为 5333-5337 (window_size=5)
2025-04-17 17:58:15,801 - INFO - 单个点位异常段 5576-5576，扩展为 5572-5576 (window_size=5)
2025-04-17 17:58:15,813 - INFO - 单个点位异常段 5582-5582，扩展为 5578-5582 (window_size=5)
2025-04-17 17:58:15,824 - INFO - 单个点位异常段 5591-5591，扩展为 5587-5591 (window_size=5)
2025-04-17 17:58:15,835 - INFO - 单个点位异常段 5606-5606，扩展为 5602-5606 (window_size=5)
2025-04-17 17:58:15,847 - INFO - 单个点位异常段 5621-5621，扩展为 5617-5621 (window_size=5)
2025-04-17 17:58:15,859 - INFO - 单个点位异常段 5627-5627，扩展为 5623-5627 (window_size=5)
2025-04-17 17:58:16,014 - INFO - 单个点位异常段 6457-6457，扩展为 6453-6457 (window_size=5)
2025-04-17 17:58:16,037 - INFO - 单个点位异常段 6500-6500，扩展为 6496-6500 (window_size=5)
2025-04-17 17:58:16,105 - INFO - 单个点位异常段 7302-7302，扩展为 7298-7302 (window_size=5)
2025-04-17 17:58:16,117 - INFO - 单个点位异常段 7337-7337，扩展为 7333-7337 (window_size=5)
2025-04-17 17:58:16,163 - INFO - 单个点位异常段 7640-7640，扩展为 7636-7640 (window_size=5)
2025-04-17 17:58:16,175 - INFO - 单个点位异常段 7691-7691，扩展为 7687-7691 (window_size=5)
2025-04-17 17:58:16,208 - INFO - 单个点位异常段 7963-7963，扩展为 7959-7963 (window_size=5)
2025-04-17 17:58:21,364 - INFO - 已生成全屏优化的可视化图表: ./visual/els/neighbor_all/robust_zscore/els-1/all_segments.png
2025-04-17 17:58:21,365 - INFO - 正在从 ./visual/els/neighbor_all/robust_zscore/els-1 中的图像创建GIF
2025-04-17 17:58:36,288 - INFO - GIF已保存到 ./visual/els/neighbor_all/robust_zscore/els-1/els-1.gif
2025-04-17 17:58:36,288 - INFO - 可视化结果生成完成！
2025-04-17 17:58:36,288 - INFO - 
==================================================
2025-04-17 17:58:36,288 - INFO - 程序运行总耗时: 0:00:53.092289 

