2025-04-16 10:18:56,905 - INFO - 
 Starting experiment with config: ExperimentConfig(dataset='omi', window_size=5, score_thresholds=array([1. , 1.5, 2. , 2.5, 3. , 3.5, 4. , 4.5, 5. , 5.5, 6. , 6.5, 7. ]), topk_range=range(1, 10), score_modes=['strict_deviation'], use_topk=True, data_dir='./data/processed', label_dir='./data/interpretation_label', log_dir='./log/omi/use_topkTrue', visual_dir='./visual/omi/use_topkTrue', num_workers=4, gif_duration=500)
2025-04-16 10:18:56,906 - INFO - 当前评分模式: ['strict_deviation']
2025-04-16 10:18:56,906 - INFO - 
==================================================
2025-04-16 10:18:56,906 - INFO - 开始执行网格搜索...
2025-04-16 10:18:56,907 - INFO - [omi-1] Starting grid search...
2025-04-16 10:18:59,945 - INFO - [omi-1.txt] mode=strict_deviation, top_k=1, threshold=1.0, use_topk=True, P=0.6761, R=0.5393, F1=0.6000
2025-04-16 10:18:59,979 - INFO - [omi-1.txt] mode=strict_deviation, top_k=1, threshold=1.5, use_topk=True, P=0.6567, R=0.4944, F1=0.5641
2025-04-16 10:19:00,029 - INFO - [omi-1.txt] mode=strict_deviation, top_k=1, threshold=2.0, use_topk=True, P=0.6780, R=0.4494, F1=0.5405
2025-04-16 10:19:00,082 - INFO - [omi-1.txt] mode=strict_deviation, top_k=1, threshold=2.5, use_topk=True, P=0.6780, R=0.4494, F1=0.5405
2025-04-16 10:19:02,023 - INFO - [omi-1.txt] mode=strict_deviation, top_k=1, threshold=3.0, use_topk=True, P=0.6842, R=0.4382, F1=0.5342
2025-04-16 10:19:02,098 - INFO - [omi-1.txt] mode=strict_deviation, top_k=1, threshold=3.5, use_topk=True, P=0.6731, R=0.3933, F1=0.4965
2025-04-16 10:19:02,124 - INFO - [omi-1.txt] mode=strict_deviation, top_k=1, threshold=4.0, use_topk=True, P=0.6731, R=0.3933, F1=0.4965
2025-04-16 10:19:02,177 - INFO - [omi-1.txt] mode=strict_deviation, top_k=1, threshold=4.5, use_topk=True, P=0.6531, R=0.3596, F1=0.4638
2025-04-16 10:19:04,049 - INFO - [omi-1.txt] mode=strict_deviation, top_k=1, threshold=5.0, use_topk=True, P=0.6383, R=0.3371, F1=0.4412
2025-04-16 10:19:04,058 - INFO - [omi-1.txt] mode=strict_deviation, top_k=1, threshold=5.5, use_topk=True, P=0.6512, R=0.3146, F1=0.4242
2025-04-16 10:19:04,193 - INFO - [omi-1.txt] mode=strict_deviation, top_k=1, threshold=6.0, use_topk=True, P=0.6341, R=0.2921, F1=0.4000
2025-04-16 10:19:04,264 - INFO - [omi-1.txt] mode=strict_deviation, top_k=1, threshold=6.5, use_topk=True, P=0.6316, R=0.2697, F1=0.3780
2025-04-16 10:19:06,014 - INFO - [omi-1.txt] mode=strict_deviation, top_k=1, threshold=7.0, use_topk=True, P=0.6765, R=0.2584, F1=0.3740
2025-04-16 10:19:06,064 - INFO - [omi-1.txt] mode=strict_deviation, top_k=2, threshold=1.0, use_topk=True, P=0.7093, R=0.6854, F1=0.6971
2025-04-16 10:19:06,175 - INFO - [omi-1.txt] mode=strict_deviation, top_k=2, threshold=1.5, use_topk=True, P=0.6988, R=0.6517, F1=0.6744
2025-04-16 10:19:06,227 - INFO - [omi-1.txt] mode=strict_deviation, top_k=2, threshold=2.0, use_topk=True, P=0.7089, R=0.6292, F1=0.6667
2025-04-16 10:19:07,848 - INFO - [omi-1.txt] mode=strict_deviation, top_k=2, threshold=2.5, use_topk=True, P=0.7051, R=0.6180, F1=0.6587
2025-04-16 10:19:07,908 - INFO - [omi-1.txt] mode=strict_deviation, top_k=2, threshold=3.0, use_topk=True, P=0.6933, R=0.5843, F1=0.6341
2025-04-16 10:19:08,058 - INFO - [omi-1.txt] mode=strict_deviation, top_k=2, threshold=3.5, use_topk=True, P=0.7000, R=0.5506, F1=0.6164
2025-04-16 10:19:08,089 - INFO - [omi-1.txt] mode=strict_deviation, top_k=2, threshold=4.0, use_topk=True, P=0.7059, R=0.5393, F1=0.6115
2025-04-16 10:19:09,701 - INFO - [omi-1.txt] mode=strict_deviation, top_k=2, threshold=4.5, use_topk=True, P=0.7121, R=0.5281, F1=0.6065
2025-04-16 10:19:09,747 - INFO - [omi-1.txt] mode=strict_deviation, top_k=2, threshold=5.0, use_topk=True, P=0.7031, R=0.5056, F1=0.5882
2025-04-16 10:19:09,925 - INFO - [omi-1.txt] mode=strict_deviation, top_k=2, threshold=5.5, use_topk=True, P=0.6885, R=0.4719, F1=0.5600
2025-04-16 10:19:09,940 - INFO - [omi-1.txt] mode=strict_deviation, top_k=2, threshold=6.0, use_topk=True, P=0.6780, R=0.4494, F1=0.5405
2025-04-16 10:19:11,571 - INFO - [omi-1.txt] mode=strict_deviation, top_k=2, threshold=6.5, use_topk=True, P=0.6724, R=0.4382, F1=0.5306
2025-04-16 10:19:11,656 - INFO - [omi-1.txt] mode=strict_deviation, top_k=2, threshold=7.0, use_topk=True, P=0.7037, R=0.4270, F1=0.5315
2025-04-16 10:19:11,851 - INFO - [omi-1.txt] mode=strict_deviation, top_k=3, threshold=1.0, use_topk=True, P=0.7396, R=0.7978, F1=0.7676
2025-04-16 10:19:11,911 - INFO - [omi-1.txt] mode=strict_deviation, top_k=3, threshold=1.5, use_topk=True, P=0.7312, R=0.7640, F1=0.7473
2025-04-16 10:19:13,463 - INFO - [omi-1.txt] mode=strict_deviation, top_k=3, threshold=2.0, use_topk=True, P=0.7191, R=0.7191, F1=0.7191
2025-04-16 10:19:13,556 - INFO - [omi-1.txt] mode=strict_deviation, top_k=3, threshold=2.5, use_topk=True, P=0.7191, R=0.7191, F1=0.7191
2025-04-16 10:19:13,809 - INFO - [omi-1.txt] mode=strict_deviation, top_k=3, threshold=3.0, use_topk=True, P=0.7059, R=0.6742, F1=0.6897
2025-04-16 10:19:13,828 - INFO - [omi-1.txt] mode=strict_deviation, top_k=3, threshold=3.5, use_topk=True, P=0.7125, R=0.6404, F1=0.6746
2025-04-16 10:19:15,509 - INFO - [omi-1.txt] mode=strict_deviation, top_k=3, threshold=4.0, use_topk=True, P=0.7125, R=0.6404, F1=0.6746
2025-04-16 10:19:15,575 - INFO - [omi-1.txt] mode=strict_deviation, top_k=3, threshold=4.5, use_topk=True, P=0.7215, R=0.6404, F1=0.6786
2025-04-16 10:19:15,853 - INFO - [omi-1.txt] mode=strict_deviation, top_k=3, threshold=5.0, use_topk=True, P=0.7215, R=0.6404, F1=0.6786
2025-04-16 10:19:15,853 - INFO - [omi-1.txt] mode=strict_deviation, top_k=3, threshold=5.5, use_topk=True, P=0.7222, R=0.5843, F1=0.6460
2025-04-16 10:19:17,511 - INFO - [omi-1.txt] mode=strict_deviation, top_k=3, threshold=6.0, use_topk=True, P=0.7183, R=0.5730, F1=0.6375
2025-04-16 10:19:17,576 - INFO - [omi-1.txt] mode=strict_deviation, top_k=3, threshold=6.5, use_topk=True, P=0.7143, R=0.5618, F1=0.6289
2025-04-16 10:19:17,861 - INFO - [omi-1.txt] mode=strict_deviation, top_k=3, threshold=7.0, use_topk=True, P=0.7273, R=0.5393, F1=0.6194
2025-04-16 10:19:17,925 - INFO - [omi-1.txt] mode=strict_deviation, top_k=4, threshold=1.0, use_topk=True, P=0.7374, R=0.8202, F1=0.7766
2025-04-16 10:19:19,480 - INFO - [omi-1.txt] mode=strict_deviation, top_k=4, threshold=1.5, use_topk=True, P=0.7292, R=0.7865, F1=0.7568
2025-04-16 10:19:19,585 - INFO - [omi-1.txt] mode=strict_deviation, top_k=4, threshold=2.0, use_topk=True, P=0.7312, R=0.7640, F1=0.7473
2025-04-16 10:19:19,834 - INFO - [omi-1.txt] mode=strict_deviation, top_k=4, threshold=2.5, use_topk=True, P=0.7312, R=0.7640, F1=0.7473
2025-04-16 10:19:19,868 - INFO - [omi-1.txt] mode=strict_deviation, top_k=4, threshold=3.0, use_topk=True, P=0.7191, R=0.7191, F1=0.7191
2025-04-16 10:19:21,410 - INFO - [omi-1.txt] mode=strict_deviation, top_k=4, threshold=3.5, use_topk=True, P=0.7143, R=0.6742, F1=0.6936
2025-04-16 10:19:21,608 - INFO - [omi-1.txt] mode=strict_deviation, top_k=4, threshold=4.0, use_topk=True, P=0.7143, R=0.6742, F1=0.6936
2025-04-16 10:19:21,792 - INFO - [omi-1.txt] mode=strict_deviation, top_k=4, threshold=4.5, use_topk=True, P=0.7195, R=0.6629, F1=0.6901
2025-04-16 10:19:21,900 - INFO - [omi-1.txt] mode=strict_deviation, top_k=4, threshold=5.0, use_topk=True, P=0.7195, R=0.6629, F1=0.6901
2025-04-16 10:19:23,960 - INFO - [omi-1.txt] mode=strict_deviation, top_k=4, threshold=5.5, use_topk=True, P=0.7250, R=0.6517, F1=0.6864
2025-04-16 10:19:24,205 - INFO - [omi-1.txt] mode=strict_deviation, top_k=4, threshold=6.0, use_topk=True, P=0.7215, R=0.6404, F1=0.6786
2025-04-16 10:19:24,723 - INFO - [omi-1.txt] mode=strict_deviation, top_k=4, threshold=6.5, use_topk=True, P=0.7179, R=0.6292, F1=0.6707
2025-04-16 10:19:24,881 - INFO - [omi-1.txt] mode=strict_deviation, top_k=4, threshold=7.0, use_topk=True, P=0.7333, R=0.6180, F1=0.6707
2025-04-16 10:19:28,452 - INFO - [omi-1.txt] mode=strict_deviation, top_k=5, threshold=1.0, use_topk=True, P=0.7477, R=0.8989, F1=0.8163
2025-04-16 10:19:28,753 - INFO - [omi-1.txt] mode=strict_deviation, top_k=5, threshold=1.5, use_topk=True, P=0.7404, R=0.8652, F1=0.7979
2025-04-16 10:19:29,282 - INFO - [omi-1.txt] mode=strict_deviation, top_k=5, threshold=2.0, use_topk=True, P=0.7476, R=0.8652, F1=0.8021
2025-04-16 10:19:29,343 - INFO - [omi-1.txt] mode=strict_deviation, top_k=5, threshold=2.5, use_topk=True, P=0.7476, R=0.8652, F1=0.8021
2025-04-16 10:19:32,799 - INFO - [omi-1.txt] mode=strict_deviation, top_k=5, threshold=3.0, use_topk=True, P=0.7374, R=0.8202, F1=0.7766
2025-04-16 10:19:33,116 - INFO - [omi-1.txt] mode=strict_deviation, top_k=5, threshold=3.5, use_topk=True, P=0.7283, R=0.7528, F1=0.7403
2025-04-16 10:19:33,591 - INFO - [omi-1.txt] mode=strict_deviation, top_k=5, threshold=4.0, use_topk=True, P=0.7283, R=0.7528, F1=0.7403
2025-04-16 10:19:33,869 - INFO - [omi-1.txt] mode=strict_deviation, top_k=5, threshold=4.5, use_topk=True, P=0.7283, R=0.7528, F1=0.7403
2025-04-16 10:19:37,546 - INFO - [omi-1.txt] mode=strict_deviation, top_k=5, threshold=5.0, use_topk=True, P=0.7283, R=0.7528, F1=0.7403
2025-04-16 10:19:37,730 - INFO - [omi-1.txt] mode=strict_deviation, top_k=5, threshold=5.5, use_topk=True, P=0.7283, R=0.7528, F1=0.7403
2025-04-16 10:19:38,158 - INFO - [omi-1.txt] mode=strict_deviation, top_k=5, threshold=6.0, use_topk=True, P=0.7416, R=0.7416, F1=0.7416
2025-04-16 10:19:38,428 - INFO - [omi-1.txt] mode=strict_deviation, top_k=5, threshold=6.5, use_topk=True, P=0.7386, R=0.7303, F1=0.7345
2025-04-16 10:19:41,886 - INFO - [omi-1.txt] mode=strict_deviation, top_k=5, threshold=7.0, use_topk=True, P=0.7500, R=0.7079, F1=0.7283
2025-04-16 10:19:42,292 - INFO - [omi-1.txt] mode=strict_deviation, top_k=6, threshold=1.0, use_topk=True, P=0.7523, R=0.9213, F1=0.8283
2025-04-16 10:19:42,705 - INFO - [omi-1.txt] mode=strict_deviation, top_k=6, threshold=1.5, use_topk=True, P=0.7453, R=0.8876, F1=0.8103
2025-04-16 10:19:43,040 - INFO - [omi-1.txt] mode=strict_deviation, top_k=6, threshold=2.0, use_topk=True, P=0.7524, R=0.8876, F1=0.8144
2025-04-16 10:19:46,019 - INFO - [omi-1.txt] mode=strict_deviation, top_k=6, threshold=2.5, use_topk=True, P=0.7524, R=0.8876, F1=0.8144
2025-04-16 10:19:46,644 - INFO - [omi-1.txt] mode=strict_deviation, top_k=6, threshold=3.0, use_topk=True, P=0.7400, R=0.8315, F1=0.7831
2025-04-16 10:19:46,964 - INFO - [omi-1.txt] mode=strict_deviation, top_k=6, threshold=3.5, use_topk=True, P=0.7340, R=0.7753, F1=0.7541
2025-04-16 10:19:47,422 - INFO - [omi-1.txt] mode=strict_deviation, top_k=6, threshold=4.0, use_topk=True, P=0.7340, R=0.7753, F1=0.7541
2025-04-16 10:19:50,475 - INFO - [omi-1.txt] mode=strict_deviation, top_k=6, threshold=4.5, use_topk=True, P=0.7340, R=0.7753, F1=0.7541
2025-04-16 10:19:51,045 - INFO - [omi-1.txt] mode=strict_deviation, top_k=6, threshold=5.0, use_topk=True, P=0.7340, R=0.7753, F1=0.7541
2025-04-16 10:19:51,434 - INFO - [omi-1.txt] mode=strict_deviation, top_k=6, threshold=5.5, use_topk=True, P=0.7340, R=0.7753, F1=0.7541
2025-04-16 10:19:51,793 - INFO - [omi-1.txt] mode=strict_deviation, top_k=6, threshold=6.0, use_topk=True, P=0.7473, R=0.7640, F1=0.7556
2025-04-16 10:19:54,578 - INFO - [omi-1.txt] mode=strict_deviation, top_k=6, threshold=6.5, use_topk=True, P=0.7444, R=0.7528, F1=0.7486
2025-04-16 10:19:55,046 - INFO - [omi-1.txt] mode=strict_deviation, top_k=6, threshold=7.0, use_topk=True, P=0.7500, R=0.7416, F1=0.7458
2025-04-16 10:19:55,505 - INFO - [omi-1.txt] mode=strict_deviation, top_k=7, threshold=1.0, use_topk=True, P=0.7545, R=0.9326, F1=0.8342
2025-04-16 10:19:56,092 - INFO - [omi-1.txt] mode=strict_deviation, top_k=7, threshold=1.5, use_topk=True, P=0.7500, R=0.9101, F1=0.8223
2025-04-16 10:19:58,681 - INFO - [omi-1.txt] mode=strict_deviation, top_k=7, threshold=2.0, use_topk=True, P=0.7500, R=0.9101, F1=0.8223
2025-04-16 10:19:59,170 - INFO - [omi-1.txt] mode=strict_deviation, top_k=7, threshold=2.5, use_topk=True, P=0.7500, R=0.9101, F1=0.8223
2025-04-16 10:19:59,464 - INFO - [omi-1.txt] mode=strict_deviation, top_k=7, threshold=3.0, use_topk=True, P=0.7404, R=0.8652, F1=0.7979
2025-04-16 10:20:00,276 - INFO - [omi-1.txt] mode=strict_deviation, top_k=7, threshold=3.5, use_topk=True, P=0.7396, R=0.7978, F1=0.7676
2025-04-16 10:20:02,622 - INFO - [omi-1.txt] mode=strict_deviation, top_k=7, threshold=4.0, use_topk=True, P=0.7368, R=0.7865, F1=0.7609
2025-04-16 10:20:03,127 - INFO - [omi-1.txt] mode=strict_deviation, top_k=7, threshold=4.5, use_topk=True, P=0.7368, R=0.7865, F1=0.7609
2025-04-16 10:20:03,626 - INFO - [omi-1.txt] mode=strict_deviation, top_k=7, threshold=5.0, use_topk=True, P=0.7368, R=0.7865, F1=0.7609
2025-04-16 10:20:04,290 - INFO - [omi-1.txt] mode=strict_deviation, top_k=7, threshold=5.5, use_topk=True, P=0.7368, R=0.7865, F1=0.7609
2025-04-16 10:20:06,492 - INFO - [omi-1.txt] mode=strict_deviation, top_k=7, threshold=6.0, use_topk=True, P=0.7419, R=0.7753, F1=0.7582
2025-04-16 10:20:07,245 - INFO - [omi-1.txt] mode=strict_deviation, top_k=7, threshold=6.5, use_topk=True, P=0.7419, R=0.7753, F1=0.7582
2025-04-16 10:20:07,489 - INFO - [omi-1.txt] mode=strict_deviation, top_k=7, threshold=7.0, use_topk=True, P=0.7473, R=0.7640, F1=0.7556
2025-04-16 10:20:08,443 - INFO - [omi-1.txt] mode=strict_deviation, top_k=8, threshold=1.0, use_topk=True, P=0.7522, R=0.9551, F1=0.8416
2025-04-16 10:20:10,489 - INFO - [omi-1.txt] mode=strict_deviation, top_k=8, threshold=1.5, use_topk=True, P=0.7500, R=0.9438, F1=0.8358
2025-04-16 10:20:11,315 - INFO - [omi-1.txt] mode=strict_deviation, top_k=8, threshold=2.0, use_topk=True, P=0.7568, R=0.9438, F1=0.8400
2025-04-16 10:20:11,401 - INFO - [omi-1.txt] mode=strict_deviation, top_k=8, threshold=2.5, use_topk=True, P=0.7568, R=0.9438, F1=0.8400
2025-04-16 10:20:12,839 - INFO - [omi-1.txt] mode=strict_deviation, top_k=8, threshold=3.0, use_topk=True, P=0.7568, R=0.9438, F1=0.8400
2025-04-16 10:20:14,783 - INFO - [omi-1.txt] mode=strict_deviation, top_k=8, threshold=3.5, use_topk=True, P=0.7615, R=0.9326, F1=0.8384
2025-04-16 10:20:15,625 - INFO - [omi-1.txt] mode=strict_deviation, top_k=8, threshold=4.0, use_topk=True, P=0.7615, R=0.9326, F1=0.8384
2025-04-16 10:20:15,671 - INFO - [omi-1.txt] mode=strict_deviation, top_k=8, threshold=4.5, use_topk=True, P=0.7615, R=0.9326, F1=0.8384
2025-04-16 10:20:17,479 - INFO - [omi-1.txt] mode=strict_deviation, top_k=8, threshold=5.0, use_topk=True, P=0.7615, R=0.9326, F1=0.8384
2025-04-16 10:20:19,241 - INFO - [omi-1.txt] mode=strict_deviation, top_k=8, threshold=5.5, use_topk=True, P=0.7664, R=0.9213, F1=0.8367
2025-04-16 10:20:20,074 - INFO - [omi-1.txt] mode=strict_deviation, top_k=8, threshold=6.0, use_topk=True, P=0.7647, R=0.8764, F1=0.8168
2025-04-16 10:20:20,103 - INFO - [omi-1.txt] mode=strict_deviation, top_k=8, threshold=6.5, use_topk=True, P=0.7551, R=0.8315, F1=0.7914
2025-04-16 10:20:21,705 - INFO - [omi-1.txt] mode=strict_deviation, top_k=8, threshold=7.0, use_topk=True, P=0.7604, R=0.8202, F1=0.7892
2025-04-16 10:20:23,773 - INFO - [omi-1.txt] mode=strict_deviation, top_k=9, threshold=1.0, use_topk=True, P=0.7522, R=0.9551, F1=0.8416
2025-04-16 10:20:24,463 - INFO - [omi-1.txt] mode=strict_deviation, top_k=9, threshold=1.5, use_topk=True, P=0.7500, R=0.9438, F1=0.8358
2025-04-16 10:20:24,465 - INFO - [omi-1.txt] mode=strict_deviation, top_k=9, threshold=2.0, use_topk=True, P=0.7568, R=0.9438, F1=0.8400
2025-04-16 10:20:25,943 - INFO - [omi-1.txt] mode=strict_deviation, top_k=9, threshold=2.5, use_topk=True, P=0.7568, R=0.9438, F1=0.8400
2025-04-16 10:20:28,029 - INFO - [omi-1.txt] mode=strict_deviation, top_k=9, threshold=3.0, use_topk=True, P=0.7568, R=0.9438, F1=0.8400
2025-04-16 10:20:28,776 - INFO - [omi-1.txt] mode=strict_deviation, top_k=9, threshold=3.5, use_topk=True, P=0.7568, R=0.9438, F1=0.8400
2025-04-16 10:20:28,776 - INFO - [omi-1.txt] mode=strict_deviation, top_k=9, threshold=4.0, use_topk=True, P=0.7568, R=0.9438, F1=0.8400
2025-04-16 10:20:30,523 - INFO - [omi-1.txt] mode=strict_deviation, top_k=9, threshold=4.5, use_topk=True, P=0.7568, R=0.9438, F1=0.8400
2025-04-16 10:20:32,390 - INFO - [omi-1.txt] mode=strict_deviation, top_k=9, threshold=5.0, use_topk=True, P=0.7568, R=0.9438, F1=0.8400
2025-04-16 10:20:33,181 - INFO - [omi-1.txt] mode=strict_deviation, top_k=9, threshold=5.5, use_topk=True, P=0.7636, R=0.9438, F1=0.8442
2025-04-16 10:20:33,241 - INFO - [omi-1.txt] mode=strict_deviation, top_k=9, threshold=6.0, use_topk=True, P=0.7619, R=0.8989, F1=0.8247
2025-04-16 10:20:34,856 - INFO - [omi-1.txt] mode=strict_deviation, top_k=9, threshold=6.5, use_topk=True, P=0.7549, R=0.8652, F1=0.8063
2025-04-16 10:20:36,538 - INFO - [omi-1.txt] mode=strict_deviation, top_k=9, threshold=7.0, use_topk=True, P=0.7700, R=0.8652, F1=0.8148
2025-04-16 10:20:36,558 - INFO - [omi-10] Starting grid search...
2025-04-16 10:20:39,786 - INFO - [omi-10.txt] mode=strict_deviation, top_k=1, threshold=1.0, use_topk=True, P=0.4825, R=0.9016, F1=0.6286
2025-04-16 10:20:39,846 - INFO - [omi-10.txt] mode=strict_deviation, top_k=1, threshold=1.5, use_topk=True, P=0.4825, R=0.9016, F1=0.6286
2025-04-16 10:20:39,944 - INFO - [omi-10.txt] mode=strict_deviation, top_k=1, threshold=2.0, use_topk=True, P=0.5000, R=0.9016, F1=0.6433
2025-04-16 10:20:39,947 - INFO - [omi-10.txt] mode=strict_deviation, top_k=1, threshold=2.5, use_topk=True, P=0.4907, R=0.8689, F1=0.6272
2025-04-16 10:20:41,842 - INFO - [omi-10.txt] mode=strict_deviation, top_k=1, threshold=3.0, use_topk=True, P=0.4906, R=0.8525, F1=0.6228
2025-04-16 10:20:42,016 - INFO - [omi-10.txt] mode=strict_deviation, top_k=1, threshold=3.5, use_topk=True, P=0.4857, R=0.8361, F1=0.6145
2025-04-16 10:20:42,021 - INFO - [omi-10.txt] mode=strict_deviation, top_k=1, threshold=4.0, use_topk=True, P=0.4857, R=0.8361, F1=0.6145
2025-04-16 10:20:42,022 - INFO - [omi-10.txt] mode=strict_deviation, top_k=1, threshold=4.5, use_topk=True, P=0.4857, R=0.8361, F1=0.6145
2025-04-16 10:20:43,931 - INFO - [omi-10.txt] mode=strict_deviation, top_k=1, threshold=5.0, use_topk=True, P=0.4951, R=0.8361, F1=0.6220
2025-04-16 10:20:44,135 - INFO - [omi-10.txt] mode=strict_deviation, top_k=1, threshold=5.5, use_topk=True, P=0.5102, R=0.8197, F1=0.6289
2025-04-16 10:20:44,164 - INFO - [omi-10.txt] mode=strict_deviation, top_k=1, threshold=6.0, use_topk=True, P=0.5052, R=0.8033, F1=0.6203
2025-04-16 10:20:44,166 - INFO - [omi-10.txt] mode=strict_deviation, top_k=1, threshold=6.5, use_topk=True, P=0.5104, R=0.8033, F1=0.6242
2025-04-16 10:20:47,746 - INFO - [omi-10.txt] mode=strict_deviation, top_k=1, threshold=7.0, use_topk=True, P=0.5213, R=0.8033, F1=0.6323
2025-04-16 10:20:47,849 - INFO - [omi-10.txt] mode=strict_deviation, top_k=2, threshold=1.0, use_topk=True, P=0.4790, R=0.9344, F1=0.6333
2025-04-16 10:20:47,984 - INFO - [omi-10.txt] mode=strict_deviation, top_k=2, threshold=1.5, use_topk=True, P=0.4831, R=0.9344, F1=0.6369
2025-04-16 10:20:47,985 - INFO - [omi-10.txt] mode=strict_deviation, top_k=2, threshold=2.0, use_topk=True, P=0.4912, R=0.9180, F1=0.6400
2025-04-16 10:20:52,199 - INFO - [omi-10.txt] mode=strict_deviation, top_k=2, threshold=2.5, use_topk=True, P=0.4867, R=0.9016, F1=0.6322
2025-04-16 10:20:52,199 - INFO - [omi-10.txt] mode=strict_deviation, top_k=2, threshold=3.0, use_topk=True, P=0.4821, R=0.8852, F1=0.6243
2025-04-16 10:20:52,235 - INFO - [omi-10.txt] mode=strict_deviation, top_k=2, threshold=3.5, use_topk=True, P=0.4821, R=0.8852, F1=0.6243
2025-04-16 10:20:52,350 - INFO - [omi-10.txt] mode=strict_deviation, top_k=2, threshold=4.0, use_topk=True, P=0.4821, R=0.8852, F1=0.6243
2025-04-16 10:20:56,159 - INFO - [omi-10.txt] mode=strict_deviation, top_k=2, threshold=4.5, use_topk=True, P=0.4775, R=0.8689, F1=0.6163
2025-04-16 10:20:56,474 - INFO - [omi-10.txt] mode=strict_deviation, top_k=2, threshold=5.0, use_topk=True, P=0.4907, R=0.8689, F1=0.6272
2025-04-16 10:20:56,622 - INFO - [omi-10.txt] mode=strict_deviation, top_k=2, threshold=5.5, use_topk=True, P=0.4906, R=0.8525, F1=0.6228
2025-04-16 10:20:56,634 - INFO - [omi-10.txt] mode=strict_deviation, top_k=2, threshold=6.0, use_topk=True, P=0.4952, R=0.8525, F1=0.6265
2025-04-16 10:21:00,239 - INFO - [omi-10.txt] mode=strict_deviation, top_k=2, threshold=6.5, use_topk=True, P=0.4952, R=0.8525, F1=0.6265
2025-04-16 10:21:00,634 - INFO - [omi-10.txt] mode=strict_deviation, top_k=2, threshold=7.0, use_topk=True, P=0.5049, R=0.8525, F1=0.6341
2025-04-16 10:21:00,759 - INFO - [omi-10.txt] mode=strict_deviation, top_k=3, threshold=1.0, use_topk=True, P=0.4754, R=0.9508, F1=0.6339
2025-04-16 10:21:01,024 - INFO - [omi-10.txt] mode=strict_deviation, top_k=3, threshold=1.5, use_topk=True, P=0.4754, R=0.9508, F1=0.6339
2025-04-16 10:21:04,664 - INFO - [omi-10.txt] mode=strict_deviation, top_k=3, threshold=2.0, use_topk=True, P=0.4915, R=0.9508, F1=0.6480
2025-04-16 10:21:04,978 - INFO - [omi-10.txt] mode=strict_deviation, top_k=3, threshold=2.5, use_topk=True, P=0.4872, R=0.9344, F1=0.6404
2025-04-16 10:21:05,044 - INFO - [omi-10.txt] mode=strict_deviation, top_k=3, threshold=3.0, use_topk=True, P=0.4872, R=0.9344, F1=0.6404
2025-04-16 10:21:05,433 - INFO - [omi-10.txt] mode=strict_deviation, top_k=3, threshold=3.5, use_topk=True, P=0.4872, R=0.9344, F1=0.6404
2025-04-16 10:21:08,876 - INFO - [omi-10.txt] mode=strict_deviation, top_k=3, threshold=4.0, use_topk=True, P=0.4872, R=0.9344, F1=0.6404
2025-04-16 10:21:09,495 - INFO - [omi-10.txt] mode=strict_deviation, top_k=3, threshold=4.5, use_topk=True, P=0.4872, R=0.9344, F1=0.6404
2025-04-16 10:21:09,498 - INFO - [omi-10.txt] mode=strict_deviation, top_k=3, threshold=5.0, use_topk=True, P=0.4872, R=0.9344, F1=0.6404
2025-04-16 10:21:09,945 - INFO - [omi-10.txt] mode=strict_deviation, top_k=3, threshold=5.5, use_topk=True, P=0.4912, R=0.9180, F1=0.6400
2025-04-16 10:21:13,227 - INFO - [omi-10.txt] mode=strict_deviation, top_k=3, threshold=6.0, use_topk=True, P=0.4956, R=0.9180, F1=0.6437
2025-04-16 10:21:13,632 - INFO - [omi-10.txt] mode=strict_deviation, top_k=3, threshold=6.5, use_topk=True, P=0.4956, R=0.9180, F1=0.6437
2025-04-16 10:21:13,910 - INFO - [omi-10.txt] mode=strict_deviation, top_k=3, threshold=7.0, use_topk=True, P=0.4956, R=0.9180, F1=0.6437
2025-04-16 10:21:14,420 - INFO - [omi-10.txt] mode=strict_deviation, top_k=4, threshold=1.0, use_topk=True, P=0.4754, R=0.9508, F1=0.6339
2025-04-16 10:21:17,740 - INFO - [omi-10.txt] mode=strict_deviation, top_k=4, threshold=1.5, use_topk=True, P=0.4754, R=0.9508, F1=0.6339
2025-04-16 10:21:18,133 - INFO - [omi-10.txt] mode=strict_deviation, top_k=4, threshold=2.0, use_topk=True, P=0.4915, R=0.9508, F1=0.6480
2025-04-16 10:21:18,518 - INFO - [omi-10.txt] mode=strict_deviation, top_k=4, threshold=2.5, use_topk=True, P=0.4872, R=0.9344, F1=0.6404
2025-04-16 10:21:18,945 - INFO - [omi-10.txt] mode=strict_deviation, top_k=4, threshold=3.0, use_topk=True, P=0.4872, R=0.9344, F1=0.6404
2025-04-16 10:21:22,198 - INFO - [omi-10.txt] mode=strict_deviation, top_k=4, threshold=3.5, use_topk=True, P=0.4872, R=0.9344, F1=0.6404
2025-04-16 10:21:22,524 - INFO - [omi-10.txt] mode=strict_deviation, top_k=4, threshold=4.0, use_topk=True, P=0.4872, R=0.9344, F1=0.6404
2025-04-16 10:21:22,996 - INFO - [omi-10.txt] mode=strict_deviation, top_k=4, threshold=4.5, use_topk=True, P=0.4872, R=0.9344, F1=0.6404
2025-04-16 10:21:23,274 - INFO - [omi-10.txt] mode=strict_deviation, top_k=4, threshold=5.0, use_topk=True, P=0.4872, R=0.9344, F1=0.6404
2025-04-16 10:21:26,815 - INFO - [omi-10.txt] mode=strict_deviation, top_k=4, threshold=5.5, use_topk=True, P=0.4914, R=0.9344, F1=0.6441
2025-04-16 10:21:27,102 - INFO - [omi-10.txt] mode=strict_deviation, top_k=4, threshold=6.0, use_topk=True, P=0.4957, R=0.9344, F1=0.6477
2025-04-16 10:21:27,496 - INFO - [omi-10.txt] mode=strict_deviation, top_k=4, threshold=6.5, use_topk=True, P=0.4957, R=0.9344, F1=0.6477
2025-04-16 10:21:27,700 - INFO - [omi-10.txt] mode=strict_deviation, top_k=4, threshold=7.0, use_topk=True, P=0.4957, R=0.9344, F1=0.6477
2025-04-16 10:21:31,314 - INFO - [omi-10.txt] mode=strict_deviation, top_k=5, threshold=1.0, use_topk=True, P=0.4720, R=0.9672, F1=0.6344
2025-04-16 10:21:31,725 - INFO - [omi-10.txt] mode=strict_deviation, top_k=5, threshold=1.5, use_topk=True, P=0.4720, R=0.9672, F1=0.6344
2025-04-16 10:21:32,002 - INFO - [omi-10.txt] mode=strict_deviation, top_k=5, threshold=2.0, use_topk=True, P=0.4917, R=0.9672, F1=0.6519
2025-04-16 10:21:32,208 - INFO - [omi-10.txt] mode=strict_deviation, top_k=5, threshold=2.5, use_topk=True, P=0.4917, R=0.9672, F1=0.6519
2025-04-16 10:21:35,551 - INFO - [omi-10.txt] mode=strict_deviation, top_k=5, threshold=3.0, use_topk=True, P=0.4917, R=0.9672, F1=0.6519
2025-04-16 10:21:36,116 - INFO - [omi-10.txt] mode=strict_deviation, top_k=5, threshold=3.5, use_topk=True, P=0.4917, R=0.9672, F1=0.6519
2025-04-16 10:21:36,517 - INFO - [omi-10.txt] mode=strict_deviation, top_k=5, threshold=4.0, use_topk=True, P=0.4917, R=0.9672, F1=0.6519
2025-04-16 10:21:36,841 - INFO - [omi-10.txt] mode=strict_deviation, top_k=5, threshold=4.5, use_topk=True, P=0.4917, R=0.9672, F1=0.6519
2025-04-16 10:21:40,107 - INFO - [omi-10.txt] mode=strict_deviation, top_k=5, threshold=5.0, use_topk=True, P=0.4917, R=0.9672, F1=0.6519
2025-04-16 10:21:40,681 - INFO - [omi-10.txt] mode=strict_deviation, top_k=5, threshold=5.5, use_topk=True, P=0.4915, R=0.9508, F1=0.6480
2025-04-16 10:21:41,230 - INFO - [omi-10.txt] mode=strict_deviation, top_k=5, threshold=6.0, use_topk=True, P=0.4915, R=0.9508, F1=0.6480
2025-04-16 10:21:41,436 - INFO - [omi-10.txt] mode=strict_deviation, top_k=5, threshold=6.5, use_topk=True, P=0.4915, R=0.9508, F1=0.6480
2025-04-16 10:21:44,742 - INFO - [omi-10.txt] mode=strict_deviation, top_k=5, threshold=7.0, use_topk=True, P=0.4915, R=0.9508, F1=0.6480
2025-04-16 10:21:45,353 - INFO - [omi-10.txt] mode=strict_deviation, top_k=6, threshold=1.0, use_topk=True, P=0.4720, R=0.9672, F1=0.6344
2025-04-16 10:21:45,840 - INFO - [omi-10.txt] mode=strict_deviation, top_k=6, threshold=1.5, use_topk=True, P=0.4720, R=0.9672, F1=0.6344
2025-04-16 10:21:46,124 - INFO - [omi-10.txt] mode=strict_deviation, top_k=6, threshold=2.0, use_topk=True, P=0.4876, R=0.9672, F1=0.6484
2025-04-16 10:21:49,247 - INFO - [omi-10.txt] mode=strict_deviation, top_k=6, threshold=2.5, use_topk=True, P=0.4876, R=0.9672, F1=0.6484
2025-04-16 10:21:50,120 - INFO - [omi-10.txt] mode=strict_deviation, top_k=6, threshold=3.0, use_topk=True, P=0.4876, R=0.9672, F1=0.6484
2025-04-16 10:21:50,547 - INFO - [omi-10.txt] mode=strict_deviation, top_k=6, threshold=3.5, use_topk=True, P=0.4876, R=0.9672, F1=0.6484
2025-04-16 10:21:50,795 - INFO - [omi-10.txt] mode=strict_deviation, top_k=6, threshold=4.0, use_topk=True, P=0.4917, R=0.9672, F1=0.6519
2025-04-16 10:21:53,895 - INFO - [omi-10.txt] mode=strict_deviation, top_k=6, threshold=4.5, use_topk=True, P=0.4917, R=0.9672, F1=0.6519
2025-04-16 10:21:54,535 - INFO - [omi-10.txt] mode=strict_deviation, top_k=6, threshold=5.0, use_topk=True, P=0.4917, R=0.9672, F1=0.6519
2025-04-16 10:21:55,111 - INFO - [omi-10.txt] mode=strict_deviation, top_k=6, threshold=5.5, use_topk=True, P=0.4958, R=0.9672, F1=0.6556
2025-04-16 10:21:55,215 - INFO - [omi-10.txt] mode=strict_deviation, top_k=6, threshold=6.0, use_topk=True, P=0.4958, R=0.9672, F1=0.6556
2025-04-16 10:21:58,563 - INFO - [omi-10.txt] mode=strict_deviation, top_k=6, threshold=6.5, use_topk=True, P=0.4958, R=0.9672, F1=0.6556
2025-04-16 10:21:59,142 - INFO - [omi-10.txt] mode=strict_deviation, top_k=6, threshold=7.0, use_topk=True, P=0.4958, R=0.9672, F1=0.6556
2025-04-16 10:21:59,692 - INFO - [omi-10.txt] mode=strict_deviation, top_k=7, threshold=1.0, use_topk=True, P=0.4720, R=0.9672, F1=0.6344
2025-04-16 10:21:59,693 - INFO - [omi-10.txt] mode=strict_deviation, top_k=7, threshold=1.5, use_topk=True, P=0.4720, R=0.9672, F1=0.6344
2025-04-16 10:22:03,096 - INFO - [omi-10.txt] mode=strict_deviation, top_k=7, threshold=2.0, use_topk=True, P=0.4876, R=0.9672, F1=0.6484
2025-04-16 10:22:03,770 - INFO - [omi-10.txt] mode=strict_deviation, top_k=7, threshold=2.5, use_topk=True, P=0.4876, R=0.9672, F1=0.6484
2025-04-16 10:22:04,418 - INFO - [omi-10.txt] mode=strict_deviation, top_k=7, threshold=3.0, use_topk=True, P=0.4876, R=0.9672, F1=0.6484
2025-04-16 10:22:04,424 - INFO - [omi-10.txt] mode=strict_deviation, top_k=7, threshold=3.5, use_topk=True, P=0.4876, R=0.9672, F1=0.6484
2025-04-16 10:22:07,634 - INFO - [omi-10.txt] mode=strict_deviation, top_k=7, threshold=4.0, use_topk=True, P=0.4917, R=0.9672, F1=0.6519
2025-04-16 10:22:08,312 - INFO - [omi-10.txt] mode=strict_deviation, top_k=7, threshold=4.5, use_topk=True, P=0.4917, R=0.9672, F1=0.6519
2025-04-16 10:22:08,594 - INFO - [omi-10.txt] mode=strict_deviation, top_k=7, threshold=5.0, use_topk=True, P=0.4917, R=0.9672, F1=0.6519
2025-04-16 10:22:08,811 - INFO - [omi-10.txt] mode=strict_deviation, top_k=7, threshold=5.5, use_topk=True, P=0.4958, R=0.9672, F1=0.6556
2025-04-16 10:22:12,288 - INFO - [omi-10.txt] mode=strict_deviation, top_k=7, threshold=6.0, use_topk=True, P=0.4958, R=0.9672, F1=0.6556
2025-04-16 10:22:13,015 - INFO - [omi-10.txt] mode=strict_deviation, top_k=7, threshold=6.5, use_topk=True, P=0.4958, R=0.9672, F1=0.6556
2025-04-16 10:22:13,320 - INFO - [omi-10.txt] mode=strict_deviation, top_k=7, threshold=7.0, use_topk=True, P=0.4958, R=0.9672, F1=0.6556
2025-04-16 10:22:13,462 - INFO - [omi-10.txt] mode=strict_deviation, top_k=8, threshold=1.0, use_topk=True, P=0.4720, R=0.9672, F1=0.6344
2025-04-16 10:22:16,825 - INFO - [omi-10.txt] mode=strict_deviation, top_k=8, threshold=1.5, use_topk=True, P=0.4720, R=0.9672, F1=0.6344
2025-04-16 10:22:17,681 - INFO - [omi-10.txt] mode=strict_deviation, top_k=8, threshold=2.0, use_topk=True, P=0.4876, R=0.9672, F1=0.6484
2025-04-16 10:22:17,917 - INFO - [omi-10.txt] mode=strict_deviation, top_k=8, threshold=2.5, use_topk=True, P=0.4876, R=0.9672, F1=0.6484
2025-04-16 10:22:18,076 - INFO - [omi-10.txt] mode=strict_deviation, top_k=8, threshold=3.0, use_topk=True, P=0.4876, R=0.9672, F1=0.6484
2025-04-16 10:22:21,557 - INFO - [omi-10.txt] mode=strict_deviation, top_k=8, threshold=3.5, use_topk=True, P=0.4876, R=0.9672, F1=0.6484
2025-04-16 10:22:22,277 - INFO - [omi-10.txt] mode=strict_deviation, top_k=8, threshold=4.0, use_topk=True, P=0.4917, R=0.9672, F1=0.6519
2025-04-16 10:22:22,497 - INFO - [omi-10.txt] mode=strict_deviation, top_k=8, threshold=4.5, use_topk=True, P=0.4917, R=0.9672, F1=0.6519
2025-04-16 10:22:22,652 - INFO - [omi-10.txt] mode=strict_deviation, top_k=8, threshold=5.0, use_topk=True, P=0.4917, R=0.9672, F1=0.6519
2025-04-16 10:22:26,252 - INFO - [omi-10.txt] mode=strict_deviation, top_k=8, threshold=5.5, use_topk=True, P=0.4958, R=0.9672, F1=0.6556
2025-04-16 10:22:26,875 - INFO - [omi-10.txt] mode=strict_deviation, top_k=8, threshold=6.0, use_topk=True, P=0.4958, R=0.9672, F1=0.6556
2025-04-16 10:22:27,150 - INFO - [omi-10.txt] mode=strict_deviation, top_k=8, threshold=6.5, use_topk=True, P=0.4958, R=0.9672, F1=0.6556
2025-04-16 10:22:27,336 - INFO - [omi-10.txt] mode=strict_deviation, top_k=8, threshold=7.0, use_topk=True, P=0.4958, R=0.9672, F1=0.6556
2025-04-16 10:22:30,944 - INFO - [omi-10.txt] mode=strict_deviation, top_k=9, threshold=1.0, use_topk=True, P=0.4720, R=0.9672, F1=0.6344
2025-04-16 10:22:31,553 - INFO - [omi-10.txt] mode=strict_deviation, top_k=9, threshold=1.5, use_topk=True, P=0.4720, R=0.9672, F1=0.6344
2025-04-16 10:22:31,823 - INFO - [omi-10.txt] mode=strict_deviation, top_k=9, threshold=2.0, use_topk=True, P=0.4876, R=0.9672, F1=0.6484
2025-04-16 10:22:32,032 - INFO - [omi-10.txt] mode=strict_deviation, top_k=9, threshold=2.5, use_topk=True, P=0.4876, R=0.9672, F1=0.6484
2025-04-16 10:22:35,513 - INFO - [omi-10.txt] mode=strict_deviation, top_k=9, threshold=3.0, use_topk=True, P=0.4876, R=0.9672, F1=0.6484
2025-04-16 10:22:36,172 - INFO - [omi-10.txt] mode=strict_deviation, top_k=9, threshold=3.5, use_topk=True, P=0.4876, R=0.9672, F1=0.6484
2025-04-16 10:22:36,350 - INFO - [omi-10.txt] mode=strict_deviation, top_k=9, threshold=4.0, use_topk=True, P=0.4917, R=0.9672, F1=0.6519
2025-04-16 10:22:36,599 - INFO - [omi-10.txt] mode=strict_deviation, top_k=9, threshold=4.5, use_topk=True, P=0.4917, R=0.9672, F1=0.6519
2025-04-16 10:22:40,094 - INFO - [omi-10.txt] mode=strict_deviation, top_k=9, threshold=5.0, use_topk=True, P=0.4917, R=0.9672, F1=0.6519
2025-04-16 10:22:40,644 - INFO - [omi-10.txt] mode=strict_deviation, top_k=9, threshold=5.5, use_topk=True, P=0.4958, R=0.9672, F1=0.6556
2025-04-16 10:22:40,964 - INFO - [omi-10.txt] mode=strict_deviation, top_k=9, threshold=6.0, use_topk=True, P=0.4958, R=0.9672, F1=0.6556
2025-04-16 10:22:41,126 - INFO - [omi-10.txt] mode=strict_deviation, top_k=9, threshold=6.5, use_topk=True, P=0.4958, R=0.9672, F1=0.6556
2025-04-16 10:22:45,063 - INFO - [omi-10.txt] mode=strict_deviation, top_k=9, threshold=7.0, use_topk=True, P=0.4958, R=0.9672, F1=0.6556
2025-04-16 10:22:45,086 - INFO - [omi-11] Starting grid search...
2025-04-16 10:22:48,283 - INFO - [omi-11.txt] mode=strict_deviation, top_k=1, threshold=1.0, use_topk=True, P=0.4094, R=0.8966, F1=0.5622
2025-04-16 10:22:48,283 - INFO - [omi-11.txt] mode=strict_deviation, top_k=1, threshold=1.5, use_topk=True, P=0.4094, R=0.8966, F1=0.5622
2025-04-16 10:22:48,354 - INFO - [omi-11.txt] mode=strict_deviation, top_k=1, threshold=2.0, use_topk=True, P=0.4425, R=0.8621, F1=0.5848
2025-04-16 10:22:48,354 - INFO - [omi-11.txt] mode=strict_deviation, top_k=1, threshold=2.5, use_topk=True, P=0.4414, R=0.8448, F1=0.5799
2025-04-16 10:22:50,264 - INFO - [omi-11.txt] mode=strict_deviation, top_k=1, threshold=3.0, use_topk=True, P=0.4414, R=0.8448, F1=0.5799
2025-04-16 10:22:50,266 - INFO - [omi-11.txt] mode=strict_deviation, top_k=1, threshold=3.5, use_topk=True, P=0.4667, R=0.8448, F1=0.6012
2025-04-16 10:22:50,349 - INFO - [omi-11.txt] mode=strict_deviation, top_k=1, threshold=4.0, use_topk=True, P=0.4554, R=0.7931, F1=0.5786
2025-04-16 10:22:50,402 - INFO - [omi-11.txt] mode=strict_deviation, top_k=1, threshold=4.5, use_topk=True, P=0.4554, R=0.7931, F1=0.5786
2025-04-16 10:22:52,166 - INFO - [omi-11.txt] mode=strict_deviation, top_k=1, threshold=5.0, use_topk=True, P=0.4694, R=0.7931, F1=0.5897
2025-04-16 10:22:52,355 - INFO - [omi-11.txt] mode=strict_deviation, top_k=1, threshold=5.5, use_topk=True, P=0.4891, R=0.7759, F1=0.6000
2025-04-16 10:22:52,428 - INFO - [omi-11.txt] mode=strict_deviation, top_k=1, threshold=6.0, use_topk=True, P=0.5056, R=0.7759, F1=0.6122
2025-04-16 10:22:52,428 - INFO - [omi-11.txt] mode=strict_deviation, top_k=1, threshold=6.5, use_topk=True, P=0.5000, R=0.7069, F1=0.5857
2025-04-16 10:22:55,360 - INFO - [omi-11.txt] mode=strict_deviation, top_k=1, threshold=7.0, use_topk=True, P=0.5065, R=0.6724, F1=0.5778
2025-04-16 10:22:55,910 - INFO - [omi-11.txt] mode=strict_deviation, top_k=2, threshold=1.0, use_topk=True, P=0.3819, R=0.9483, F1=0.5446
2025-04-16 10:22:55,915 - INFO - [omi-11.txt] mode=strict_deviation, top_k=2, threshold=1.5, use_topk=True, P=0.3846, R=0.9483, F1=0.5473
2025-04-16 10:22:55,915 - INFO - [omi-11.txt] mode=strict_deviation, top_k=2, threshold=2.0, use_topk=True, P=0.3955, R=0.9138, F1=0.5521
2025-04-16 10:22:59,795 - INFO - [omi-11.txt] mode=strict_deviation, top_k=2, threshold=2.5, use_topk=True, P=0.3955, R=0.9138, F1=0.5521
2025-04-16 10:23:00,425 - INFO - [omi-11.txt] mode=strict_deviation, top_k=2, threshold=3.0, use_topk=True, P=0.3955, R=0.9138, F1=0.5521
2025-04-16 10:23:00,448 - INFO - [omi-11.txt] mode=strict_deviation, top_k=2, threshold=3.5, use_topk=True, P=0.4206, R=0.9138, F1=0.5761
2025-04-16 10:23:00,533 - INFO - [omi-11.txt] mode=strict_deviation, top_k=2, threshold=4.0, use_topk=True, P=0.4240, R=0.9138, F1=0.5792
2025-04-16 10:23:04,363 - INFO - [omi-11.txt] mode=strict_deviation, top_k=2, threshold=4.5, use_topk=True, P=0.4274, R=0.9138, F1=0.5824
2025-04-16 10:23:04,979 - INFO - [omi-11.txt] mode=strict_deviation, top_k=2, threshold=5.0, use_topk=True, P=0.4454, R=0.9138, F1=0.5989
2025-04-16 10:23:05,144 - INFO - [omi-11.txt] mode=strict_deviation, top_k=2, threshold=5.5, use_topk=True, P=0.4530, R=0.9138, F1=0.6057
2025-04-16 10:23:05,213 - INFO - [omi-11.txt] mode=strict_deviation, top_k=2, threshold=6.0, use_topk=True, P=0.4561, R=0.8966, F1=0.6047
2025-04-16 10:23:08,772 - INFO - [omi-11.txt] mode=strict_deviation, top_k=2, threshold=6.5, use_topk=True, P=0.4673, R=0.8621, F1=0.6061
2025-04-16 10:23:09,523 - INFO - [omi-11.txt] mode=strict_deviation, top_k=2, threshold=7.0, use_topk=True, P=0.4667, R=0.8448, F1=0.6012
2025-04-16 10:23:09,553 - INFO - [omi-11.txt] mode=strict_deviation, top_k=3, threshold=1.0, use_topk=True, P=0.3636, R=0.9655, F1=0.5283
2025-04-16 10:23:09,729 - INFO - [omi-11.txt] mode=strict_deviation, top_k=3, threshold=1.5, use_topk=True, P=0.3595, R=0.9483, F1=0.5213
2025-04-16 10:23:13,249 - INFO - [omi-11.txt] mode=strict_deviation, top_k=3, threshold=2.0, use_topk=True, P=0.3724, R=0.9310, F1=0.5320
2025-04-16 10:23:14,104 - INFO - [omi-11.txt] mode=strict_deviation, top_k=3, threshold=2.5, use_topk=True, P=0.3724, R=0.9310, F1=0.5320
2025-04-16 10:23:14,189 - INFO - [omi-11.txt] mode=strict_deviation, top_k=3, threshold=3.0, use_topk=True, P=0.3750, R=0.9310, F1=0.5347
2025-04-16 10:23:14,370 - INFO - [omi-11.txt] mode=strict_deviation, top_k=3, threshold=3.5, use_topk=True, P=0.3813, R=0.9138, F1=0.5381
2025-04-16 10:23:17,694 - INFO - [omi-11.txt] mode=strict_deviation, top_k=3, threshold=4.0, use_topk=True, P=0.3869, R=0.9138, F1=0.5436
2025-04-16 10:23:18,479 - INFO - [omi-11.txt] mode=strict_deviation, top_k=3, threshold=4.5, use_topk=True, P=0.3897, R=0.9138, F1=0.5464
2025-04-16 10:23:18,549 - INFO - [omi-11.txt] mode=strict_deviation, top_k=3, threshold=5.0, use_topk=True, P=0.4015, R=0.9138, F1=0.5579
2025-04-16 10:23:18,911 - INFO - [omi-11.txt] mode=strict_deviation, top_k=3, threshold=5.5, use_topk=True, P=0.4109, R=0.9138, F1=0.5668
2025-04-16 10:23:22,175 - INFO - [omi-11.txt] mode=strict_deviation, top_k=3, threshold=6.0, use_topk=True, P=0.4062, R=0.8966, F1=0.5591
2025-04-16 10:23:22,859 - INFO - [omi-11.txt] mode=strict_deviation, top_k=3, threshold=6.5, use_topk=True, P=0.4194, R=0.8966, F1=0.5714
2025-04-16 10:23:22,975 - INFO - [omi-11.txt] mode=strict_deviation, top_k=3, threshold=7.0, use_topk=True, P=0.4228, R=0.8966, F1=0.5746
2025-04-16 10:23:23,434 - INFO - [omi-11.txt] mode=strict_deviation, top_k=4, threshold=1.0, use_topk=True, P=0.3567, R=0.9655, F1=0.5209
2025-04-16 10:23:26,496 - INFO - [omi-11.txt] mode=strict_deviation, top_k=4, threshold=1.5, use_topk=True, P=0.3567, R=0.9655, F1=0.5209
2025-04-16 10:23:27,265 - INFO - [omi-11.txt] mode=strict_deviation, top_k=4, threshold=2.0, use_topk=True, P=0.3636, R=0.9655, F1=0.5283
2025-04-16 10:23:27,431 - INFO - [omi-11.txt] mode=strict_deviation, top_k=4, threshold=2.5, use_topk=True, P=0.3636, R=0.9655, F1=0.5283
2025-04-16 10:23:27,771 - INFO - [omi-11.txt] mode=strict_deviation, top_k=4, threshold=3.0, use_topk=True, P=0.3636, R=0.9655, F1=0.5283
2025-04-16 10:23:31,024 - INFO - [omi-11.txt] mode=strict_deviation, top_k=4, threshold=3.5, use_topk=True, P=0.3709, R=0.9655, F1=0.5359
2025-04-16 10:23:31,865 - INFO - [omi-11.txt] mode=strict_deviation, top_k=4, threshold=4.0, use_topk=True, P=0.3733, R=0.9655, F1=0.5385
2025-04-16 10:23:31,946 - INFO - [omi-11.txt] mode=strict_deviation, top_k=4, threshold=4.5, use_topk=True, P=0.3758, R=0.9655, F1=0.5411
2025-04-16 10:23:32,253 - INFO - [omi-11.txt] mode=strict_deviation, top_k=4, threshold=5.0, use_topk=True, P=0.3889, R=0.9655, F1=0.5545
2025-04-16 10:23:35,478 - INFO - [omi-11.txt] mode=strict_deviation, top_k=4, threshold=5.5, use_topk=True, P=0.3916, R=0.9655, F1=0.5572
2025-04-16 10:23:36,291 - INFO - [omi-11.txt] mode=strict_deviation, top_k=4, threshold=6.0, use_topk=True, P=0.3916, R=0.9655, F1=0.5572
2025-04-16 10:23:36,343 - INFO - [omi-11.txt] mode=strict_deviation, top_k=4, threshold=6.5, use_topk=True, P=0.4000, R=0.9655, F1=0.5657
2025-04-16 10:23:36,840 - INFO - [omi-11.txt] mode=strict_deviation, top_k=4, threshold=7.0, use_topk=True, P=0.4104, R=0.9483, F1=0.5729
2025-04-16 10:23:39,847 - INFO - [omi-11.txt] mode=strict_deviation, top_k=5, threshold=1.0, use_topk=True, P=0.3522, R=0.9655, F1=0.5161
2025-04-16 10:23:40,732 - INFO - [omi-11.txt] mode=strict_deviation, top_k=5, threshold=1.5, use_topk=True, P=0.3522, R=0.9655, F1=0.5161
2025-04-16 10:23:40,786 - INFO - [omi-11.txt] mode=strict_deviation, top_k=5, threshold=2.0, use_topk=True, P=0.3636, R=0.9655, F1=0.5283
2025-04-16 10:23:41,282 - INFO - [omi-11.txt] mode=strict_deviation, top_k=5, threshold=2.5, use_topk=True, P=0.3636, R=0.9655, F1=0.5283
2025-04-16 10:23:44,477 - INFO - [omi-11.txt] mode=strict_deviation, top_k=5, threshold=3.0, use_topk=True, P=0.3636, R=0.9655, F1=0.5283
2025-04-16 10:23:45,443 - INFO - [omi-11.txt] mode=strict_deviation, top_k=5, threshold=3.5, use_topk=True, P=0.3660, R=0.9655, F1=0.5308
2025-04-16 10:23:45,444 - INFO - [omi-11.txt] mode=strict_deviation, top_k=5, threshold=4.0, use_topk=True, P=0.3684, R=0.9655, F1=0.5333
2025-04-16 10:23:45,843 - INFO - [omi-11.txt] mode=strict_deviation, top_k=5, threshold=4.5, use_topk=True, P=0.3709, R=0.9655, F1=0.5359
2025-04-16 10:23:49,121 - INFO - [omi-11.txt] mode=strict_deviation, top_k=5, threshold=5.0, use_topk=True, P=0.3810, R=0.9655, F1=0.5463
2025-04-16 10:23:49,701 - INFO - [omi-11.txt] mode=strict_deviation, top_k=5, threshold=5.5, use_topk=True, P=0.3810, R=0.9655, F1=0.5463
2025-04-16 10:23:49,924 - INFO - [omi-11.txt] mode=strict_deviation, top_k=5, threshold=6.0, use_topk=True, P=0.3810, R=0.9655, F1=0.5463
2025-04-16 10:23:50,258 - INFO - [omi-11.txt] mode=strict_deviation, top_k=5, threshold=6.5, use_topk=True, P=0.3836, R=0.9655, F1=0.5490
2025-04-16 10:23:53,489 - INFO - [omi-11.txt] mode=strict_deviation, top_k=5, threshold=7.0, use_topk=True, P=0.3862, R=0.9655, F1=0.5517
2025-04-16 10:23:54,089 - INFO - [omi-11.txt] mode=strict_deviation, top_k=6, threshold=1.0, use_topk=True, P=0.3519, R=0.9828, F1=0.5182
2025-04-16 10:23:54,296 - INFO - [omi-11.txt] mode=strict_deviation, top_k=6, threshold=1.5, use_topk=True, P=0.3519, R=0.9828, F1=0.5182
2025-04-16 10:23:54,642 - INFO - [omi-11.txt] mode=strict_deviation, top_k=6, threshold=2.0, use_topk=True, P=0.3563, R=0.9828, F1=0.5229
2025-04-16 10:23:57,925 - INFO - [omi-11.txt] mode=strict_deviation, top_k=6, threshold=2.5, use_topk=True, P=0.3563, R=0.9828, F1=0.5229
2025-04-16 10:23:58,620 - INFO - [omi-11.txt] mode=strict_deviation, top_k=6, threshold=3.0, use_topk=True, P=0.3563, R=0.9828, F1=0.5229
2025-04-16 10:23:58,702 - INFO - [omi-11.txt] mode=strict_deviation, top_k=6, threshold=3.5, use_topk=True, P=0.3608, R=0.9828, F1=0.5278
2025-04-16 10:23:59,076 - INFO - [omi-11.txt] mode=strict_deviation, top_k=6, threshold=4.0, use_topk=True, P=0.3590, R=0.9655, F1=0.5234
2025-04-16 10:24:02,397 - INFO - [omi-11.txt] mode=strict_deviation, top_k=6, threshold=4.5, use_topk=True, P=0.3590, R=0.9655, F1=0.5234
2025-04-16 10:24:03,082 - INFO - [omi-11.txt] mode=strict_deviation, top_k=6, threshold=5.0, use_topk=True, P=0.3709, R=0.9655, F1=0.5359
2025-04-16 10:24:03,086 - INFO - [omi-11.txt] mode=strict_deviation, top_k=6, threshold=5.5, use_topk=True, P=0.3709, R=0.9655, F1=0.5359
2025-04-16 10:24:03,645 - INFO - [omi-11.txt] mode=strict_deviation, top_k=6, threshold=6.0, use_topk=True, P=0.3709, R=0.9655, F1=0.5359
2025-04-16 10:24:06,890 - INFO - [omi-11.txt] mode=strict_deviation, top_k=6, threshold=6.5, use_topk=True, P=0.3758, R=0.9655, F1=0.5411
2025-04-16 10:24:07,665 - INFO - [omi-11.txt] mode=strict_deviation, top_k=6, threshold=7.0, use_topk=True, P=0.3784, R=0.9655, F1=0.5437
2025-04-16 10:24:07,668 - INFO - [omi-11.txt] mode=strict_deviation, top_k=7, threshold=1.0, use_topk=True, P=0.3497, R=0.9828, F1=0.5158
2025-04-16 10:24:07,992 - INFO - [omi-11.txt] mode=strict_deviation, top_k=7, threshold=1.5, use_topk=True, P=0.3497, R=0.9828, F1=0.5158
2025-04-16 10:24:11,374 - INFO - [omi-11.txt] mode=strict_deviation, top_k=7, threshold=2.0, use_topk=True, P=0.3519, R=0.9828, F1=0.5182
2025-04-16 10:24:12,293 - INFO - [omi-11.txt] mode=strict_deviation, top_k=7, threshold=2.5, use_topk=True, P=0.3519, R=0.9828, F1=0.5182
2025-04-16 10:24:12,293 - INFO - [omi-11.txt] mode=strict_deviation, top_k=7, threshold=3.0, use_topk=True, P=0.3519, R=0.9828, F1=0.5182
2025-04-16 10:24:12,441 - INFO - [omi-11.txt] mode=strict_deviation, top_k=7, threshold=3.5, use_topk=True, P=0.3563, R=0.9828, F1=0.5229
2025-04-16 10:24:15,999 - INFO - [omi-11.txt] mode=strict_deviation, top_k=7, threshold=4.0, use_topk=True, P=0.3544, R=0.9655, F1=0.5185
2025-04-16 10:24:16,526 - INFO - [omi-11.txt] mode=strict_deviation, top_k=7, threshold=4.5, use_topk=True, P=0.3544, R=0.9655, F1=0.5185
2025-04-16 10:24:16,738 - INFO - [omi-11.txt] mode=strict_deviation, top_k=7, threshold=5.0, use_topk=True, P=0.3636, R=0.9655, F1=0.5283
2025-04-16 10:24:16,943 - INFO - [omi-11.txt] mode=strict_deviation, top_k=7, threshold=5.5, use_topk=True, P=0.3636, R=0.9655, F1=0.5283
2025-04-16 10:24:20,497 - INFO - [omi-11.txt] mode=strict_deviation, top_k=7, threshold=6.0, use_topk=True, P=0.3636, R=0.9655, F1=0.5283
2025-04-16 10:24:21,122 - INFO - [omi-11.txt] mode=strict_deviation, top_k=7, threshold=6.5, use_topk=True, P=0.3684, R=0.9655, F1=0.5333
2025-04-16 10:24:21,124 - INFO - [omi-11.txt] mode=strict_deviation, top_k=7, threshold=7.0, use_topk=True, P=0.3709, R=0.9655, F1=0.5359
2025-04-16 10:24:21,476 - INFO - [omi-11.txt] mode=strict_deviation, top_k=8, threshold=1.0, use_topk=True, P=0.3434, R=0.9828, F1=0.5089
2025-04-16 10:24:24,962 - INFO - [omi-11.txt] mode=strict_deviation, top_k=8, threshold=1.5, use_topk=True, P=0.3434, R=0.9828, F1=0.5089
2025-04-16 10:24:25,503 - INFO - [omi-11.txt] mode=strict_deviation, top_k=8, threshold=2.0, use_topk=True, P=0.3455, R=0.9828, F1=0.5112
2025-04-16 10:24:25,626 - INFO - [omi-11.txt] mode=strict_deviation, top_k=8, threshold=2.5, use_topk=True, P=0.3455, R=0.9828, F1=0.5112
2025-04-16 10:24:26,106 - INFO - [omi-11.txt] mode=strict_deviation, top_k=8, threshold=3.0, use_topk=True, P=0.3455, R=0.9828, F1=0.5112
2025-04-16 10:24:29,450 - INFO - [omi-11.txt] mode=strict_deviation, top_k=8, threshold=3.5, use_topk=True, P=0.3476, R=0.9828, F1=0.5135
2025-04-16 10:24:29,945 - INFO - [omi-11.txt] mode=strict_deviation, top_k=8, threshold=4.0, use_topk=True, P=0.3436, R=0.9655, F1=0.5068
2025-04-16 10:24:30,055 - INFO - [omi-11.txt] mode=strict_deviation, top_k=8, threshold=4.5, use_topk=True, P=0.3436, R=0.9655, F1=0.5068
2025-04-16 10:24:30,504 - INFO - [omi-11.txt] mode=strict_deviation, top_k=8, threshold=5.0, use_topk=True, P=0.3436, R=0.9655, F1=0.5068
2025-04-16 10:24:33,900 - INFO - [omi-11.txt] mode=strict_deviation, top_k=8, threshold=5.5, use_topk=True, P=0.3436, R=0.9655, F1=0.5068
2025-04-16 10:24:34,482 - INFO - [omi-11.txt] mode=strict_deviation, top_k=8, threshold=6.0, use_topk=True, P=0.3436, R=0.9655, F1=0.5068
2025-04-16 10:24:34,648 - INFO - [omi-11.txt] mode=strict_deviation, top_k=8, threshold=6.5, use_topk=True, P=0.3478, R=0.9655, F1=0.5114
2025-04-16 10:24:35,035 - INFO - [omi-11.txt] mode=strict_deviation, top_k=8, threshold=7.0, use_topk=True, P=0.3478, R=0.9655, F1=0.5114
2025-04-16 10:24:38,370 - INFO - [omi-11.txt] mode=strict_deviation, top_k=9, threshold=1.0, use_topk=True, P=0.3434, R=0.9828, F1=0.5089
2025-04-16 10:24:39,085 - INFO - [omi-11.txt] mode=strict_deviation, top_k=9, threshold=1.5, use_topk=True, P=0.3434, R=0.9828, F1=0.5089
2025-04-16 10:24:39,163 - INFO - [omi-11.txt] mode=strict_deviation, top_k=9, threshold=2.0, use_topk=True, P=0.3455, R=0.9828, F1=0.5112
2025-04-16 10:24:39,514 - INFO - [omi-11.txt] mode=strict_deviation, top_k=9, threshold=2.5, use_topk=True, P=0.3455, R=0.9828, F1=0.5112
2025-04-16 10:24:42,894 - INFO - [omi-11.txt] mode=strict_deviation, top_k=9, threshold=3.0, use_topk=True, P=0.3455, R=0.9828, F1=0.5112
2025-04-16 10:24:43,392 - INFO - [omi-11.txt] mode=strict_deviation, top_k=9, threshold=3.5, use_topk=True, P=0.3455, R=0.9828, F1=0.5112
2025-04-16 10:24:43,841 - INFO - [omi-11.txt] mode=strict_deviation, top_k=9, threshold=4.0, use_topk=True, P=0.3455, R=0.9828, F1=0.5112
2025-04-16 10:24:44,036 - INFO - [omi-11.txt] mode=strict_deviation, top_k=9, threshold=4.5, use_topk=True, P=0.3455, R=0.9828, F1=0.5112
2025-04-16 10:24:47,511 - INFO - [omi-11.txt] mode=strict_deviation, top_k=9, threshold=5.0, use_topk=True, P=0.3455, R=0.9828, F1=0.5112
2025-04-16 10:24:47,940 - INFO - [omi-11.txt] mode=strict_deviation, top_k=9, threshold=5.5, use_topk=True, P=0.3476, R=0.9828, F1=0.5135
2025-04-16 10:24:48,454 - INFO - [omi-11.txt] mode=strict_deviation, top_k=9, threshold=6.0, use_topk=True, P=0.3476, R=0.9828, F1=0.5135
2025-04-16 10:24:48,568 - INFO - [omi-11.txt] mode=strict_deviation, top_k=9, threshold=6.5, use_topk=True, P=0.3497, R=0.9828, F1=0.5158
2025-04-16 10:24:51,859 - INFO - [omi-11.txt] mode=strict_deviation, top_k=9, threshold=7.0, use_topk=True, P=0.3457, R=0.9655, F1=0.5091
2025-04-16 10:24:51,886 - INFO - [omi-12] Starting grid search...
2025-04-16 10:24:54,611 - INFO - [omi-12.txt] mode=strict_deviation, top_k=1, threshold=1.0, use_topk=True, P=0.7027, R=0.6500, F1=0.6753
2025-04-16 10:24:54,631 - INFO - [omi-12.txt] mode=strict_deviation, top_k=1, threshold=1.5, use_topk=True, P=0.7027, R=0.6500, F1=0.6753
2025-04-16 10:24:54,660 - INFO - [omi-12.txt] mode=strict_deviation, top_k=1, threshold=2.0, use_topk=True, P=0.7143, R=0.6250, F1=0.6667
2025-04-16 10:24:54,691 - INFO - [omi-12.txt] mode=strict_deviation, top_k=1, threshold=2.5, use_topk=True, P=0.7143, R=0.6250, F1=0.6667
2025-04-16 10:24:56,228 - INFO - [omi-12.txt] mode=strict_deviation, top_k=1, threshold=3.0, use_topk=True, P=0.6970, R=0.5750, F1=0.6301
2025-04-16 10:24:56,231 - INFO - [omi-12.txt] mode=strict_deviation, top_k=1, threshold=3.5, use_topk=True, P=0.6875, R=0.5500, F1=0.6111
2025-04-16 10:24:56,259 - INFO - [omi-12.txt] mode=strict_deviation, top_k=1, threshold=4.0, use_topk=True, P=0.6875, R=0.5500, F1=0.6111
2025-04-16 10:24:56,294 - INFO - [omi-12.txt] mode=strict_deviation, top_k=1, threshold=4.5, use_topk=True, P=0.7000, R=0.5250, F1=0.6000
2025-04-16 10:24:57,825 - INFO - [omi-12.txt] mode=strict_deviation, top_k=1, threshold=5.0, use_topk=True, P=0.7037, R=0.4750, F1=0.5672
2025-04-16 10:24:57,849 - INFO - [omi-12.txt] mode=strict_deviation, top_k=1, threshold=5.5, use_topk=True, P=0.7917, R=0.4750, F1=0.5937
2025-04-16 10:24:57,849 - INFO - [omi-12.txt] mode=strict_deviation, top_k=1, threshold=6.0, use_topk=True, P=0.7917, R=0.4750, F1=0.5937
2025-04-16 10:24:57,965 - INFO - [omi-12.txt] mode=strict_deviation, top_k=1, threshold=6.5, use_topk=True, P=0.7917, R=0.4750, F1=0.5937
2025-04-16 10:24:59,393 - INFO - [omi-12.txt] mode=strict_deviation, top_k=1, threshold=7.0, use_topk=True, P=0.8261, R=0.4750, F1=0.6032
2025-04-16 10:24:59,395 - INFO - [omi-12.txt] mode=strict_deviation, top_k=2, threshold=1.0, use_topk=True, P=0.6591, R=0.7250, F1=0.6905
2025-04-16 10:24:59,512 - INFO - [omi-12.txt] mode=strict_deviation, top_k=2, threshold=1.5, use_topk=True, P=0.6744, R=0.7250, F1=0.6988
2025-04-16 10:24:59,545 - INFO - [omi-12.txt] mode=strict_deviation, top_k=2, threshold=2.0, use_topk=True, P=0.6829, R=0.7000, F1=0.6914
2025-04-16 10:25:02,244 - INFO - [omi-12.txt] mode=strict_deviation, top_k=2, threshold=2.5, use_topk=True, P=0.6829, R=0.7000, F1=0.6914
2025-04-16 10:25:02,244 - INFO - [omi-12.txt] mode=strict_deviation, top_k=2, threshold=3.0, use_topk=True, P=0.6829, R=0.7000, F1=0.6914
2025-04-16 10:25:02,521 - INFO - [omi-12.txt] mode=strict_deviation, top_k=2, threshold=3.5, use_topk=True, P=0.6829, R=0.7000, F1=0.6914
2025-04-16 10:25:02,566 - INFO - [omi-12.txt] mode=strict_deviation, top_k=2, threshold=4.0, use_topk=True, P=0.6829, R=0.7000, F1=0.6914
2025-04-16 10:25:05,843 - INFO - [omi-12.txt] mode=strict_deviation, top_k=2, threshold=4.5, use_topk=True, P=0.6842, R=0.6500, F1=0.6667
2025-04-16 10:25:05,845 - INFO - [omi-12.txt] mode=strict_deviation, top_k=2, threshold=5.0, use_topk=True, P=0.6757, R=0.6250, F1=0.6494
2025-04-16 10:25:06,172 - INFO - [omi-12.txt] mode=strict_deviation, top_k=2, threshold=5.5, use_topk=True, P=0.7143, R=0.6250, F1=0.6667
2025-04-16 10:25:06,172 - INFO - [omi-12.txt] mode=strict_deviation, top_k=2, threshold=6.0, use_topk=True, P=0.7576, R=0.6250, F1=0.6849
2025-04-16 10:25:09,382 - INFO - [omi-12.txt] mode=strict_deviation, top_k=2, threshold=6.5, use_topk=True, P=0.7576, R=0.6250, F1=0.6849
2025-04-16 10:25:09,382 - INFO - [omi-12.txt] mode=strict_deviation, top_k=2, threshold=7.0, use_topk=True, P=0.7576, R=0.6250, F1=0.6849
2025-04-16 10:25:09,788 - INFO - [omi-12.txt] mode=strict_deviation, top_k=3, threshold=1.0, use_topk=True, P=0.6327, R=0.7750, F1=0.6966
2025-04-16 10:25:09,790 - INFO - [omi-12.txt] mode=strict_deviation, top_k=3, threshold=1.5, use_topk=True, P=0.6458, R=0.7750, F1=0.7045
2025-04-16 10:25:12,896 - INFO - [omi-12.txt] mode=strict_deviation, top_k=3, threshold=2.0, use_topk=True, P=0.6304, R=0.7250, F1=0.6744
2025-04-16 10:25:12,968 - INFO - [omi-12.txt] mode=strict_deviation, top_k=3, threshold=2.5, use_topk=True, P=0.6444, R=0.7250, F1=0.6824
2025-04-16 10:25:13,230 - INFO - [omi-12.txt] mode=strict_deviation, top_k=3, threshold=3.0, use_topk=True, P=0.6444, R=0.7250, F1=0.6824
2025-04-16 10:25:13,314 - INFO - [omi-12.txt] mode=strict_deviation, top_k=3, threshold=3.5, use_topk=True, P=0.6444, R=0.7250, F1=0.6824
2025-04-16 10:25:16,336 - INFO - [omi-12.txt] mode=strict_deviation, top_k=3, threshold=4.0, use_topk=True, P=0.6444, R=0.7250, F1=0.6824
2025-04-16 10:25:16,440 - INFO - [omi-12.txt] mode=strict_deviation, top_k=3, threshold=4.5, use_topk=True, P=0.6364, R=0.7000, F1=0.6667
2025-04-16 10:25:16,711 - INFO - [omi-12.txt] mode=strict_deviation, top_k=3, threshold=5.0, use_topk=True, P=0.6512, R=0.7000, F1=0.6747
2025-04-16 10:25:16,810 - INFO - [omi-12.txt] mode=strict_deviation, top_k=3, threshold=5.5, use_topk=True, P=0.6829, R=0.7000, F1=0.6914
2025-04-16 10:25:19,712 - INFO - [omi-12.txt] mode=strict_deviation, top_k=3, threshold=6.0, use_topk=True, P=0.7000, R=0.7000, F1=0.7000
2025-04-16 10:25:19,834 - INFO - [omi-12.txt] mode=strict_deviation, top_k=3, threshold=6.5, use_topk=True, P=0.7000, R=0.7000, F1=0.7000
2025-04-16 10:25:20,258 - INFO - [omi-12.txt] mode=strict_deviation, top_k=3, threshold=7.0, use_topk=True, P=0.7000, R=0.7000, F1=0.7000
2025-04-16 10:25:20,339 - INFO - [omi-12.txt] mode=strict_deviation, top_k=4, threshold=1.0, use_topk=True, P=0.6078, R=0.7750, F1=0.6813
2025-04-16 10:25:23,378 - INFO - [omi-12.txt] mode=strict_deviation, top_k=4, threshold=1.5, use_topk=True, P=0.6078, R=0.7750, F1=0.6813
2025-04-16 10:25:23,473 - INFO - [omi-12.txt] mode=strict_deviation, top_k=4, threshold=2.0, use_topk=True, P=0.6078, R=0.7750, F1=0.6813
2025-04-16 10:25:23,779 - INFO - [omi-12.txt] mode=strict_deviation, top_k=4, threshold=2.5, use_topk=True, P=0.6200, R=0.7750, F1=0.6889
2025-04-16 10:25:23,915 - INFO - [omi-12.txt] mode=strict_deviation, top_k=4, threshold=3.0, use_topk=True, P=0.6200, R=0.7750, F1=0.6889
2025-04-16 10:25:26,934 - INFO - [omi-12.txt] mode=strict_deviation, top_k=4, threshold=3.5, use_topk=True, P=0.6200, R=0.7750, F1=0.6889
2025-04-16 10:25:27,064 - INFO - [omi-12.txt] mode=strict_deviation, top_k=4, threshold=4.0, use_topk=True, P=0.6327, R=0.7750, F1=0.6966
2025-04-16 10:25:27,291 - INFO - [omi-12.txt] mode=strict_deviation, top_k=4, threshold=4.5, use_topk=True, P=0.6327, R=0.7750, F1=0.6966
2025-04-16 10:25:27,426 - INFO - [omi-12.txt] mode=strict_deviation, top_k=4, threshold=5.0, use_topk=True, P=0.6596, R=0.7750, F1=0.7126
2025-04-16 10:25:30,335 - INFO - [omi-12.txt] mode=strict_deviation, top_k=4, threshold=5.5, use_topk=True, P=0.6596, R=0.7750, F1=0.7126
2025-04-16 10:25:30,492 - INFO - [omi-12.txt] mode=strict_deviation, top_k=4, threshold=6.0, use_topk=True, P=0.6522, R=0.7500, F1=0.6977
2025-04-16 10:25:30,828 - INFO - [omi-12.txt] mode=strict_deviation, top_k=4, threshold=6.5, use_topk=True, P=0.6667, R=0.7500, F1=0.7059
2025-04-16 10:25:30,951 - INFO - [omi-12.txt] mode=strict_deviation, top_k=4, threshold=7.0, use_topk=True, P=0.6977, R=0.7500, F1=0.7229
2025-04-16 10:25:33,795 - INFO - [omi-12.txt] mode=strict_deviation, top_k=5, threshold=1.0, use_topk=True, P=0.6182, R=0.8500, F1=0.7158
2025-04-16 10:25:34,040 - INFO - [omi-12.txt] mode=strict_deviation, top_k=5, threshold=1.5, use_topk=True, P=0.6182, R=0.8500, F1=0.7158
2025-04-16 10:25:34,390 - INFO - [omi-12.txt] mode=strict_deviation, top_k=5, threshold=2.0, use_topk=True, P=0.6182, R=0.8500, F1=0.7158
2025-04-16 10:25:34,545 - INFO - [omi-12.txt] mode=strict_deviation, top_k=5, threshold=2.5, use_topk=True, P=0.6415, R=0.8500, F1=0.7312
2025-04-16 10:25:37,247 - INFO - [omi-12.txt] mode=strict_deviation, top_k=5, threshold=3.0, use_topk=True, P=0.6415, R=0.8500, F1=0.7312
2025-04-16 10:25:37,498 - INFO - [omi-12.txt] mode=strict_deviation, top_k=5, threshold=3.5, use_topk=True, P=0.6415, R=0.8500, F1=0.7312
2025-04-16 10:25:38,009 - INFO - [omi-12.txt] mode=strict_deviation, top_k=5, threshold=4.0, use_topk=True, P=0.6415, R=0.8500, F1=0.7312
2025-04-16 10:25:38,258 - INFO - [omi-12.txt] mode=strict_deviation, top_k=5, threshold=4.5, use_topk=True, P=0.6415, R=0.8500, F1=0.7312
2025-04-16 10:25:40,610 - INFO - [omi-12.txt] mode=strict_deviation, top_k=5, threshold=5.0, use_topk=True, P=0.6538, R=0.8500, F1=0.7391
2025-04-16 10:25:41,093 - INFO - [omi-12.txt] mode=strict_deviation, top_k=5, threshold=5.5, use_topk=True, P=0.6538, R=0.8500, F1=0.7391
2025-04-16 10:25:41,458 - INFO - [omi-12.txt] mode=strict_deviation, top_k=5, threshold=6.0, use_topk=True, P=0.6538, R=0.8500, F1=0.7391
2025-04-16 10:25:41,748 - INFO - [omi-12.txt] mode=strict_deviation, top_k=5, threshold=6.5, use_topk=True, P=0.6667, R=0.8500, F1=0.7473
2025-04-16 10:25:44,089 - INFO - [omi-12.txt] mode=strict_deviation, top_k=5, threshold=7.0, use_topk=True, P=0.6875, R=0.8250, F1=0.7500
2025-04-16 10:25:44,621 - INFO - [omi-12.txt] mode=strict_deviation, top_k=6, threshold=1.0, use_topk=True, P=0.6140, R=0.8750, F1=0.7216
2025-04-16 10:25:44,979 - INFO - [omi-12.txt] mode=strict_deviation, top_k=6, threshold=1.5, use_topk=True, P=0.6140, R=0.8750, F1=0.7216
2025-04-16 10:25:45,253 - INFO - [omi-12.txt] mode=strict_deviation, top_k=6, threshold=2.0, use_topk=True, P=0.6140, R=0.8750, F1=0.7216
2025-04-16 10:25:47,506 - INFO - [omi-12.txt] mode=strict_deviation, top_k=6, threshold=2.5, use_topk=True, P=0.6481, R=0.8750, F1=0.7447
2025-04-16 10:25:47,723 - INFO - [omi-12.txt] mode=strict_deviation, top_k=6, threshold=3.0, use_topk=True, P=0.6481, R=0.8750, F1=0.7447
2025-04-16 10:25:47,950 - INFO - [omi-12.txt] mode=strict_deviation, top_k=6, threshold=3.5, use_topk=True, P=0.6481, R=0.8750, F1=0.7447
2025-04-16 10:25:48,046 - INFO - [omi-12.txt] mode=strict_deviation, top_k=6, threshold=4.0, use_topk=True, P=0.6481, R=0.8750, F1=0.7447
2025-04-16 10:25:49,073 - INFO - [omi-12.txt] mode=strict_deviation, top_k=6, threshold=4.5, use_topk=True, P=0.6481, R=0.8750, F1=0.7447
2025-04-16 10:25:49,294 - INFO - [omi-12.txt] mode=strict_deviation, top_k=6, threshold=5.0, use_topk=True, P=0.6481, R=0.8750, F1=0.7447
2025-04-16 10:25:49,603 - INFO - [omi-12.txt] mode=strict_deviation, top_k=6, threshold=5.5, use_topk=True, P=0.6481, R=0.8750, F1=0.7447
2025-04-16 10:25:49,604 - INFO - [omi-12.txt] mode=strict_deviation, top_k=6, threshold=6.0, use_topk=True, P=0.6481, R=0.8750, F1=0.7447
2025-04-16 10:25:50,593 - INFO - [omi-12.txt] mode=strict_deviation, top_k=6, threshold=6.5, use_topk=True, P=0.6481, R=0.8750, F1=0.7447
2025-04-16 10:25:50,859 - INFO - [omi-12.txt] mode=strict_deviation, top_k=6, threshold=7.0, use_topk=True, P=0.6538, R=0.8500, F1=0.7391
2025-04-16 10:25:51,209 - INFO - [omi-12.txt] mode=strict_deviation, top_k=7, threshold=1.0, use_topk=True, P=0.6102, R=0.9000, F1=0.7273
2025-04-16 10:25:51,243 - INFO - [omi-12.txt] mode=strict_deviation, top_k=7, threshold=1.5, use_topk=True, P=0.6207, R=0.9000, F1=0.7347
2025-04-16 10:25:52,298 - INFO - [omi-12.txt] mode=strict_deviation, top_k=7, threshold=2.0, use_topk=True, P=0.6207, R=0.9000, F1=0.7347
2025-04-16 10:25:52,655 - INFO - [omi-12.txt] mode=strict_deviation, top_k=7, threshold=2.5, use_topk=True, P=0.6316, R=0.9000, F1=0.7423
2025-04-16 10:25:52,949 - INFO - [omi-12.txt] mode=strict_deviation, top_k=7, threshold=3.0, use_topk=True, P=0.6545, R=0.9000, F1=0.7579
2025-04-16 10:25:53,089 - INFO - [omi-12.txt] mode=strict_deviation, top_k=7, threshold=3.5, use_topk=True, P=0.6545, R=0.9000, F1=0.7579
2025-04-16 10:25:53,975 - INFO - [omi-12.txt] mode=strict_deviation, top_k=7, threshold=4.0, use_topk=True, P=0.6545, R=0.9000, F1=0.7579
2025-04-16 10:25:54,384 - INFO - [omi-12.txt] mode=strict_deviation, top_k=7, threshold=4.5, use_topk=True, P=0.6545, R=0.9000, F1=0.7579
2025-04-16 10:25:54,632 - INFO - [omi-12.txt] mode=strict_deviation, top_k=7, threshold=5.0, use_topk=True, P=0.6545, R=0.9000, F1=0.7579
2025-04-16 10:25:54,816 - INFO - [omi-12.txt] mode=strict_deviation, top_k=7, threshold=5.5, use_topk=True, P=0.6545, R=0.9000, F1=0.7579
2025-04-16 10:25:55,622 - INFO - [omi-12.txt] mode=strict_deviation, top_k=7, threshold=6.0, use_topk=True, P=0.6545, R=0.9000, F1=0.7579
2025-04-16 10:25:55,982 - INFO - [omi-12.txt] mode=strict_deviation, top_k=7, threshold=6.5, use_topk=True, P=0.6545, R=0.9000, F1=0.7579
2025-04-16 10:25:56,231 - INFO - [omi-12.txt] mode=strict_deviation, top_k=7, threshold=7.0, use_topk=True, P=0.6481, R=0.8750, F1=0.7447
2025-04-16 10:25:56,475 - INFO - [omi-12.txt] mode=strict_deviation, top_k=8, threshold=1.0, use_topk=True, P=0.6066, R=0.9250, F1=0.7327
2025-04-16 10:25:57,216 - INFO - [omi-12.txt] mode=strict_deviation, top_k=8, threshold=1.5, use_topk=True, P=0.6167, R=0.9250, F1=0.7400
2025-04-16 10:25:57,626 - INFO - [omi-12.txt] mode=strict_deviation, top_k=8, threshold=2.0, use_topk=True, P=0.6271, R=0.9250, F1=0.7475
2025-04-16 10:25:57,875 - INFO - [omi-12.txt] mode=strict_deviation, top_k=8, threshold=2.5, use_topk=True, P=0.6379, R=0.9250, F1=0.7551
2025-04-16 10:25:58,107 - INFO - [omi-12.txt] mode=strict_deviation, top_k=8, threshold=3.0, use_topk=True, P=0.6607, R=0.9250, F1=0.7708
2025-04-16 10:25:58,780 - INFO - [omi-12.txt] mode=strict_deviation, top_k=8, threshold=3.5, use_topk=True, P=0.6607, R=0.9250, F1=0.7708
2025-04-16 10:25:59,196 - INFO - [omi-12.txt] mode=strict_deviation, top_k=8, threshold=4.0, use_topk=True, P=0.6607, R=0.9250, F1=0.7708
2025-04-16 10:25:59,511 - INFO - [omi-12.txt] mode=strict_deviation, top_k=8, threshold=4.5, use_topk=True, P=0.6607, R=0.9250, F1=0.7708
2025-04-16 10:25:59,721 - INFO - [omi-12.txt] mode=strict_deviation, top_k=8, threshold=5.0, use_topk=True, P=0.6607, R=0.9250, F1=0.7708
2025-04-16 10:26:00,449 - INFO - [omi-12.txt] mode=strict_deviation, top_k=8, threshold=5.5, use_topk=True, P=0.6607, R=0.9250, F1=0.7708
2025-04-16 10:26:00,935 - INFO - [omi-12.txt] mode=strict_deviation, top_k=8, threshold=6.0, use_topk=True, P=0.6607, R=0.9250, F1=0.7708
2025-04-16 10:26:01,254 - INFO - [omi-12.txt] mode=strict_deviation, top_k=8, threshold=6.5, use_topk=True, P=0.6607, R=0.9250, F1=0.7708
2025-04-16 10:26:01,532 - INFO - [omi-12.txt] mode=strict_deviation, top_k=8, threshold=7.0, use_topk=True, P=0.6545, R=0.9000, F1=0.7579
2025-04-16 10:26:02,178 - INFO - [omi-12.txt] mode=strict_deviation, top_k=9, threshold=1.0, use_topk=True, P=0.6066, R=0.9250, F1=0.7327
2025-04-16 10:26:02,539 - INFO - [omi-12.txt] mode=strict_deviation, top_k=9, threshold=1.5, use_topk=True, P=0.6167, R=0.9250, F1=0.7400
2025-04-16 10:26:02,860 - INFO - [omi-12.txt] mode=strict_deviation, top_k=9, threshold=2.0, use_topk=True, P=0.6167, R=0.9250, F1=0.7400
2025-04-16 10:26:03,133 - INFO - [omi-12.txt] mode=strict_deviation, top_k=9, threshold=2.5, use_topk=True, P=0.6167, R=0.9250, F1=0.7400
2025-04-16 10:26:03,700 - INFO - [omi-12.txt] mode=strict_deviation, top_k=9, threshold=3.0, use_topk=True, P=0.6491, R=0.9250, F1=0.7629
2025-04-16 10:26:04,114 - INFO - [omi-12.txt] mode=strict_deviation, top_k=9, threshold=3.5, use_topk=True, P=0.6491, R=0.9250, F1=0.7629
2025-04-16 10:26:04,428 - INFO - [omi-12.txt] mode=strict_deviation, top_k=9, threshold=4.0, use_topk=True, P=0.6491, R=0.9250, F1=0.7629
2025-04-16 10:26:04,724 - INFO - [omi-12.txt] mode=strict_deviation, top_k=9, threshold=4.5, use_topk=True, P=0.6607, R=0.9250, F1=0.7708
2025-04-16 10:26:05,252 - INFO - [omi-12.txt] mode=strict_deviation, top_k=9, threshold=5.0, use_topk=True, P=0.6607, R=0.9250, F1=0.7708
2025-04-16 10:26:05,661 - INFO - [omi-12.txt] mode=strict_deviation, top_k=9, threshold=5.5, use_topk=True, P=0.6607, R=0.9250, F1=0.7708
2025-04-16 10:26:06,026 - INFO - [omi-12.txt] mode=strict_deviation, top_k=9, threshold=6.0, use_topk=True, P=0.6607, R=0.9250, F1=0.7708
2025-04-16 10:26:06,295 - INFO - [omi-12.txt] mode=strict_deviation, top_k=9, threshold=6.5, use_topk=True, P=0.6607, R=0.9250, F1=0.7708
2025-04-16 10:26:06,757 - INFO - [omi-12.txt] mode=strict_deviation, top_k=9, threshold=7.0, use_topk=True, P=0.6545, R=0.9000, F1=0.7579
2025-04-16 10:26:06,774 - INFO - [omi-2] Starting grid search...
2025-04-16 10:26:09,889 - INFO - [omi-2.txt] mode=strict_deviation, top_k=1, threshold=1.0, use_topk=True, P=0.6000, R=0.7742, F1=0.6761
2025-04-16 10:26:09,972 - INFO - [omi-2.txt] mode=strict_deviation, top_k=1, threshold=1.5, use_topk=True, P=0.5897, R=0.7419, F1=0.6571
2025-04-16 10:26:10,013 - INFO - [omi-2.txt] mode=strict_deviation, top_k=1, threshold=2.0, use_topk=True, P=0.6364, R=0.6774, F1=0.6562
2025-04-16 10:26:10,015 - INFO - [omi-2.txt] mode=strict_deviation, top_k=1, threshold=2.5, use_topk=True, P=0.7000, R=0.6774, F1=0.6885
2025-04-16 10:26:11,816 - INFO - [omi-2.txt] mode=strict_deviation, top_k=1, threshold=3.0, use_topk=True, P=0.7500, R=0.6774, F1=0.7119
2025-04-16 10:26:11,947 - INFO - [omi-2.txt] mode=strict_deviation, top_k=1, threshold=3.5, use_topk=True, P=0.7500, R=0.5806, F1=0.6545
2025-04-16 10:26:11,970 - INFO - [omi-2.txt] mode=strict_deviation, top_k=1, threshold=4.0, use_topk=True, P=0.7826, R=0.5806, F1=0.6667
2025-04-16 10:26:12,057 - INFO - [omi-2.txt] mode=strict_deviation, top_k=1, threshold=4.5, use_topk=True, P=0.7727, R=0.5484, F1=0.6415
2025-04-16 10:26:13,841 - INFO - [omi-2.txt] mode=strict_deviation, top_k=1, threshold=5.0, use_topk=True, P=0.7500, R=0.4839, F1=0.5882
2025-04-16 10:26:14,011 - INFO - [omi-2.txt] mode=strict_deviation, top_k=1, threshold=5.5, use_topk=True, P=0.7857, R=0.3548, F1=0.4889
2025-04-16 10:26:14,013 - INFO - [omi-2.txt] mode=strict_deviation, top_k=1, threshold=6.0, use_topk=True, P=0.7692, R=0.3226, F1=0.4545
2025-04-16 10:26:14,143 - INFO - [omi-2.txt] mode=strict_deviation, top_k=1, threshold=6.5, use_topk=True, P=0.7692, R=0.3226, F1=0.4545
2025-04-16 10:26:15,750 - INFO - [omi-2.txt] mode=strict_deviation, top_k=1, threshold=7.0, use_topk=True, P=0.8333, R=0.3226, F1=0.4651
2025-04-16 10:26:15,932 - INFO - [omi-2.txt] mode=strict_deviation, top_k=2, threshold=1.0, use_topk=True, P=0.5319, R=0.8065, F1=0.6410
2025-04-16 10:26:15,937 - INFO - [omi-2.txt] mode=strict_deviation, top_k=2, threshold=1.5, use_topk=True, P=0.5319, R=0.8065, F1=0.6410
2025-04-16 10:26:16,071 - INFO - [omi-2.txt] mode=strict_deviation, top_k=2, threshold=2.0, use_topk=True, P=0.6000, R=0.7742, F1=0.6761
2025-04-16 10:26:17,890 - INFO - [omi-2.txt] mode=strict_deviation, top_k=2, threshold=2.5, use_topk=True, P=0.6000, R=0.7742, F1=0.6761
2025-04-16 10:26:18,109 - INFO - [omi-2.txt] mode=strict_deviation, top_k=2, threshold=3.0, use_topk=True, P=0.6000, R=0.7742, F1=0.6761
2025-04-16 10:26:18,110 - INFO - [omi-2.txt] mode=strict_deviation, top_k=2, threshold=3.5, use_topk=True, P=0.6061, R=0.6452, F1=0.6250
2025-04-16 10:26:18,272 - INFO - [omi-2.txt] mode=strict_deviation, top_k=2, threshold=4.0, use_topk=True, P=0.6667, R=0.6452, F1=0.6557
2025-04-16 10:26:19,905 - INFO - [omi-2.txt] mode=strict_deviation, top_k=2, threshold=4.5, use_topk=True, P=0.6897, R=0.6452, F1=0.6667
2025-04-16 10:26:19,997 - INFO - [omi-2.txt] mode=strict_deviation, top_k=2, threshold=5.0, use_topk=True, P=0.7917, R=0.6129, F1=0.6909
2025-04-16 10:26:20,118 - INFO - [omi-2.txt] mode=strict_deviation, top_k=2, threshold=5.5, use_topk=True, P=0.8182, R=0.5806, F1=0.6792
2025-04-16 10:26:20,309 - INFO - [omi-2.txt] mode=strict_deviation, top_k=2, threshold=6.0, use_topk=True, P=0.8095, R=0.5484, F1=0.6538
2025-04-16 10:26:22,001 - INFO - [omi-2.txt] mode=strict_deviation, top_k=2, threshold=6.5, use_topk=True, P=0.8095, R=0.5484, F1=0.6538
2025-04-16 10:26:22,110 - INFO - [omi-2.txt] mode=strict_deviation, top_k=2, threshold=7.0, use_topk=True, P=0.8235, R=0.4516, F1=0.5833
2025-04-16 10:26:22,288 - INFO - [omi-2.txt] mode=strict_deviation, top_k=3, threshold=1.0, use_topk=True, P=0.5283, R=0.9032, F1=0.6667
2025-04-16 10:26:22,398 - INFO - [omi-2.txt] mode=strict_deviation, top_k=3, threshold=1.5, use_topk=True, P=0.5283, R=0.9032, F1=0.6667
2025-04-16 10:26:24,025 - INFO - [omi-2.txt] mode=strict_deviation, top_k=3, threshold=2.0, use_topk=True, P=0.6136, R=0.8710, F1=0.7200
2025-04-16 10:26:24,093 - INFO - [omi-2.txt] mode=strict_deviation, top_k=3, threshold=2.5, use_topk=True, P=0.6136, R=0.8710, F1=0.7200
2025-04-16 10:26:24,313 - INFO - [omi-2.txt] mode=strict_deviation, top_k=3, threshold=3.0, use_topk=True, P=0.6047, R=0.8387, F1=0.7027
2025-04-16 10:26:24,353 - INFO - [omi-2.txt] mode=strict_deviation, top_k=3, threshold=3.5, use_topk=True, P=0.6579, R=0.8065, F1=0.7246
2025-04-16 10:26:26,083 - INFO - [omi-2.txt] mode=strict_deviation, top_k=3, threshold=4.0, use_topk=True, P=0.6579, R=0.8065, F1=0.7246
2025-04-16 10:26:26,148 - INFO - [omi-2.txt] mode=strict_deviation, top_k=3, threshold=4.5, use_topk=True, P=0.6757, R=0.8065, F1=0.7353
2025-04-16 10:26:26,354 - INFO - [omi-2.txt] mode=strict_deviation, top_k=3, threshold=5.0, use_topk=True, P=0.7059, R=0.7742, F1=0.7385
2025-04-16 10:26:26,355 - INFO - [omi-2.txt] mode=strict_deviation, top_k=3, threshold=5.5, use_topk=True, P=0.7667, R=0.7419, F1=0.7541
2025-04-16 10:26:28,142 - INFO - [omi-2.txt] mode=strict_deviation, top_k=3, threshold=6.0, use_topk=True, P=0.7931, R=0.7419, F1=0.7667
2025-04-16 10:26:28,213 - INFO - [omi-2.txt] mode=strict_deviation, top_k=3, threshold=6.5, use_topk=True, P=0.7778, R=0.6774, F1=0.7241
2025-04-16 10:26:28,432 - INFO - [omi-2.txt] mode=strict_deviation, top_k=3, threshold=7.0, use_topk=True, P=0.8333, R=0.6452, F1=0.7273
2025-04-16 10:26:28,433 - INFO - [omi-2.txt] mode=strict_deviation, top_k=4, threshold=1.0, use_topk=True, P=0.5172, R=0.9677, F1=0.6742
2025-04-16 10:26:30,302 - INFO - [omi-2.txt] mode=strict_deviation, top_k=4, threshold=1.5, use_topk=True, P=0.5172, R=0.9677, F1=0.6742
2025-04-16 10:26:30,386 - INFO - [omi-2.txt] mode=strict_deviation, top_k=4, threshold=2.0, use_topk=True, P=0.5957, R=0.9032, F1=0.7179
2025-04-16 10:26:30,608 - INFO - [omi-2.txt] mode=strict_deviation, top_k=4, threshold=2.5, use_topk=True, P=0.5957, R=0.9032, F1=0.7179
2025-04-16 10:26:30,628 - INFO - [omi-2.txt] mode=strict_deviation, top_k=4, threshold=3.0, use_topk=True, P=0.5870, R=0.8710, F1=0.7013
2025-04-16 10:26:32,346 - INFO - [omi-2.txt] mode=strict_deviation, top_k=4, threshold=3.5, use_topk=True, P=0.6190, R=0.8387, F1=0.7123
2025-04-16 10:26:32,415 - INFO - [omi-2.txt] mode=strict_deviation, top_k=4, threshold=4.0, use_topk=True, P=0.6190, R=0.8387, F1=0.7123
2025-04-16 10:26:32,657 - INFO - [omi-2.txt] mode=strict_deviation, top_k=4, threshold=4.5, use_topk=True, P=0.6341, R=0.8387, F1=0.7222
2025-04-16 10:26:32,659 - INFO - [omi-2.txt] mode=strict_deviation, top_k=4, threshold=5.0, use_topk=True, P=0.6842, R=0.8387, F1=0.7536
2025-04-16 10:26:34,520 - INFO - [omi-2.txt] mode=strict_deviation, top_k=4, threshold=5.5, use_topk=True, P=0.7143, R=0.8065, F1=0.7576
2025-04-16 10:26:34,580 - INFO - [omi-2.txt] mode=strict_deviation, top_k=4, threshold=6.0, use_topk=True, P=0.7576, R=0.8065, F1=0.7812
2025-04-16 10:26:34,807 - INFO - [omi-2.txt] mode=strict_deviation, top_k=4, threshold=6.5, use_topk=True, P=0.8000, R=0.7742, F1=0.7869
2025-04-16 10:26:34,850 - INFO - [omi-2.txt] mode=strict_deviation, top_k=4, threshold=7.0, use_topk=True, P=0.8571, R=0.7742, F1=0.8136
2025-04-16 10:26:36,515 - INFO - [omi-2.txt] mode=strict_deviation, top_k=5, threshold=1.0, use_topk=True, P=0.5000, R=0.9677, F1=0.6593
2025-04-16 10:26:36,616 - INFO - [omi-2.txt] mode=strict_deviation, top_k=5, threshold=1.5, use_topk=True, P=0.5000, R=0.9677, F1=0.6593
2025-04-16 10:26:36,851 - INFO - [omi-2.txt] mode=strict_deviation, top_k=5, threshold=2.0, use_topk=True, P=0.6000, R=0.9677, F1=0.7407
2025-04-16 10:26:36,931 - INFO - [omi-2.txt] mode=strict_deviation, top_k=5, threshold=2.5, use_topk=True, P=0.6000, R=0.9677, F1=0.7407
2025-04-16 10:26:38,812 - INFO - [omi-2.txt] mode=strict_deviation, top_k=5, threshold=3.0, use_topk=True, P=0.6000, R=0.9677, F1=0.7407
2025-04-16 10:26:38,886 - INFO - [omi-2.txt] mode=strict_deviation, top_k=5, threshold=3.5, use_topk=True, P=0.5957, R=0.9032, F1=0.7179
2025-04-16 10:26:39,070 - INFO - [omi-2.txt] mode=strict_deviation, top_k=5, threshold=4.0, use_topk=True, P=0.5870, R=0.8710, F1=0.7013
2025-04-16 10:26:39,157 - INFO - [omi-2.txt] mode=strict_deviation, top_k=5, threshold=4.5, use_topk=True, P=0.5909, R=0.8387, F1=0.6933
2025-04-16 10:26:40,856 - INFO - [omi-2.txt] mode=strict_deviation, top_k=5, threshold=5.0, use_topk=True, P=0.6190, R=0.8387, F1=0.7123
2025-04-16 10:26:40,960 - INFO - [omi-2.txt] mode=strict_deviation, top_k=5, threshold=5.5, use_topk=True, P=0.6410, R=0.8065, F1=0.7143
2025-04-16 10:26:41,146 - INFO - [omi-2.txt] mode=strict_deviation, top_k=5, threshold=6.0, use_topk=True, P=0.6579, R=0.8065, F1=0.7246
2025-04-16 10:26:41,228 - INFO - [omi-2.txt] mode=strict_deviation, top_k=5, threshold=6.5, use_topk=True, P=0.6857, R=0.7742, F1=0.7273
2025-04-16 10:26:42,975 - INFO - [omi-2.txt] mode=strict_deviation, top_k=5, threshold=7.0, use_topk=True, P=0.8000, R=0.7742, F1=0.7869
2025-04-16 10:26:43,125 - INFO - [omi-2.txt] mode=strict_deviation, top_k=6, threshold=1.0, use_topk=True, P=0.5082, R=1.0000, F1=0.6739
2025-04-16 10:26:43,322 - INFO - [omi-2.txt] mode=strict_deviation, top_k=6, threshold=1.5, use_topk=True, P=0.5082, R=1.0000, F1=0.6739
2025-04-16 10:26:43,381 - INFO - [omi-2.txt] mode=strict_deviation, top_k=6, threshold=2.0, use_topk=True, P=0.5882, R=0.9677, F1=0.7317
2025-04-16 10:26:44,901 - INFO - [omi-2.txt] mode=strict_deviation, top_k=6, threshold=2.5, use_topk=True, P=0.5882, R=0.9677, F1=0.7317
2025-04-16 10:26:45,144 - INFO - [omi-2.txt] mode=strict_deviation, top_k=6, threshold=3.0, use_topk=True, P=0.5882, R=0.9677, F1=0.7317
2025-04-16 10:26:45,330 - INFO - [omi-2.txt] mode=strict_deviation, top_k=6, threshold=3.5, use_topk=True, P=0.6042, R=0.9355, F1=0.7342
2025-04-16 10:26:45,425 - INFO - [omi-2.txt] mode=strict_deviation, top_k=6, threshold=4.0, use_topk=True, P=0.6042, R=0.9355, F1=0.7342
2025-04-16 10:26:46,948 - INFO - [omi-2.txt] mode=strict_deviation, top_k=6, threshold=4.5, use_topk=True, P=0.6087, R=0.9032, F1=0.7273
2025-04-16 10:26:47,170 - INFO - [omi-2.txt] mode=strict_deviation, top_k=6, threshold=5.0, use_topk=True, P=0.6136, R=0.8710, F1=0.7200
2025-04-16 10:26:47,427 - INFO - [omi-2.txt] mode=strict_deviation, top_k=6, threshold=5.5, use_topk=True, P=0.6279, R=0.8710, F1=0.7297
2025-04-16 10:26:47,449 - INFO - [omi-2.txt] mode=strict_deviation, top_k=6, threshold=6.0, use_topk=True, P=0.6429, R=0.8710, F1=0.7397
2025-04-16 10:26:48,939 - INFO - [omi-2.txt] mode=strict_deviation, top_k=6, threshold=6.5, use_topk=True, P=0.6667, R=0.8387, F1=0.7429
2025-04-16 10:26:49,149 - INFO - [omi-2.txt] mode=strict_deviation, top_k=6, threshold=7.0, use_topk=True, P=0.8125, R=0.8387, F1=0.8254
2025-04-16 10:26:49,479 - INFO - [omi-2.txt] mode=strict_deviation, top_k=7, threshold=1.0, use_topk=True, P=0.4921, R=1.0000, F1=0.6596
2025-04-16 10:26:49,481 - INFO - [omi-2.txt] mode=strict_deviation, top_k=7, threshold=1.5, use_topk=True, P=0.4921, R=1.0000, F1=0.6596
2025-04-16 10:26:50,932 - INFO - [omi-2.txt] mode=strict_deviation, top_k=7, threshold=2.0, use_topk=True, P=0.5741, R=1.0000, F1=0.7294
2025-04-16 10:26:51,178 - INFO - [omi-2.txt] mode=strict_deviation, top_k=7, threshold=2.5, use_topk=True, P=0.5741, R=1.0000, F1=0.7294
2025-04-16 10:26:51,503 - INFO - [omi-2.txt] mode=strict_deviation, top_k=7, threshold=3.0, use_topk=True, P=0.5741, R=1.0000, F1=0.7294
2025-04-16 10:26:51,542 - INFO - [omi-2.txt] mode=strict_deviation, top_k=7, threshold=3.5, use_topk=True, P=0.5882, R=0.9677, F1=0.7317
2025-04-16 10:26:52,896 - INFO - [omi-2.txt] mode=strict_deviation, top_k=7, threshold=4.0, use_topk=True, P=0.5882, R=0.9677, F1=0.7317
2025-04-16 10:26:53,184 - INFO - [omi-2.txt] mode=strict_deviation, top_k=7, threshold=4.5, use_topk=True, P=0.5918, R=0.9355, F1=0.7250
2025-04-16 10:26:53,581 - INFO - [omi-2.txt] mode=strict_deviation, top_k=7, threshold=5.0, use_topk=True, P=0.6170, R=0.9355, F1=0.7436
2025-04-16 10:26:53,582 - INFO - [omi-2.txt] mode=strict_deviation, top_k=7, threshold=5.5, use_topk=True, P=0.6304, R=0.9355, F1=0.7532
2025-04-16 10:26:54,898 - INFO - [omi-2.txt] mode=strict_deviation, top_k=7, threshold=6.0, use_topk=True, P=0.6304, R=0.9355, F1=0.7532
2025-04-16 10:26:55,217 - INFO - [omi-2.txt] mode=strict_deviation, top_k=7, threshold=6.5, use_topk=True, P=0.6512, R=0.9032, F1=0.7568
2025-04-16 10:26:55,613 - INFO - [omi-2.txt] mode=strict_deviation, top_k=7, threshold=7.0, use_topk=True, P=0.7500, R=0.8710, F1=0.8060
2025-04-16 10:26:55,633 - INFO - [omi-2.txt] mode=strict_deviation, top_k=8, threshold=1.0, use_topk=True, P=0.4921, R=1.0000, F1=0.6596
2025-04-16 10:26:56,907 - INFO - [omi-2.txt] mode=strict_deviation, top_k=8, threshold=1.5, use_topk=True, P=0.4921, R=1.0000, F1=0.6596
2025-04-16 10:26:57,177 - INFO - [omi-2.txt] mode=strict_deviation, top_k=8, threshold=2.0, use_topk=True, P=0.5536, R=1.0000, F1=0.7126
2025-04-16 10:26:57,623 - INFO - [omi-2.txt] mode=strict_deviation, top_k=8, threshold=2.5, use_topk=True, P=0.5536, R=1.0000, F1=0.7126
2025-04-16 10:26:57,646 - INFO - [omi-2.txt] mode=strict_deviation, top_k=8, threshold=3.0, use_topk=True, P=0.5536, R=1.0000, F1=0.7126
2025-04-16 10:26:58,950 - INFO - [omi-2.txt] mode=strict_deviation, top_k=8, threshold=3.5, use_topk=True, P=0.5882, R=0.9677, F1=0.7317
2025-04-16 10:26:59,222 - INFO - [omi-2.txt] mode=strict_deviation, top_k=8, threshold=4.0, use_topk=True, P=0.5882, R=0.9677, F1=0.7317
2025-04-16 10:26:59,750 - INFO - [omi-2.txt] mode=strict_deviation, top_k=8, threshold=4.5, use_topk=True, P=0.6000, R=0.9677, F1=0.7407
2025-04-16 10:26:59,817 - INFO - [omi-2.txt] mode=strict_deviation, top_k=8, threshold=5.0, use_topk=True, P=0.6122, R=0.9677, F1=0.7500
2025-04-16 10:27:01,056 - INFO - [omi-2.txt] mode=strict_deviation, top_k=8, threshold=5.5, use_topk=True, P=0.6042, R=0.9355, F1=0.7342
2025-04-16 10:27:01,330 - INFO - [omi-2.txt] mode=strict_deviation, top_k=8, threshold=6.0, use_topk=True, P=0.6042, R=0.9355, F1=0.7342
2025-04-16 10:27:01,819 - INFO - [omi-2.txt] mode=strict_deviation, top_k=8, threshold=6.5, use_topk=True, P=0.6170, R=0.9355, F1=0.7436
2025-04-16 10:27:01,914 - INFO - [omi-2.txt] mode=strict_deviation, top_k=8, threshold=7.0, use_topk=True, P=0.6744, R=0.9355, F1=0.7838
2025-04-16 10:27:03,092 - INFO - [omi-2.txt] mode=strict_deviation, top_k=9, threshold=1.0, use_topk=True, P=0.4844, R=1.0000, F1=0.6526
2025-04-16 10:27:03,492 - INFO - [omi-2.txt] mode=strict_deviation, top_k=9, threshold=1.5, use_topk=True, P=0.4844, R=1.0000, F1=0.6526
2025-04-16 10:27:03,997 - INFO - [omi-2.txt] mode=strict_deviation, top_k=9, threshold=2.0, use_topk=True, P=0.5254, R=1.0000, F1=0.6889
2025-04-16 10:27:04,064 - INFO - [omi-2.txt] mode=strict_deviation, top_k=9, threshold=2.5, use_topk=True, P=0.5254, R=1.0000, F1=0.6889
2025-04-16 10:27:05,175 - INFO - [omi-2.txt] mode=strict_deviation, top_k=9, threshold=3.0, use_topk=True, P=0.5254, R=1.0000, F1=0.6889
2025-04-16 10:27:05,561 - INFO - [omi-2.txt] mode=strict_deviation, top_k=9, threshold=3.5, use_topk=True, P=0.5536, R=1.0000, F1=0.7126
2025-04-16 10:27:06,020 - INFO - [omi-2.txt] mode=strict_deviation, top_k=9, threshold=4.0, use_topk=True, P=0.5536, R=1.0000, F1=0.7126
2025-04-16 10:27:06,075 - INFO - [omi-2.txt] mode=strict_deviation, top_k=9, threshold=4.5, use_topk=True, P=0.5536, R=1.0000, F1=0.7126
2025-04-16 10:27:07,137 - INFO - [omi-2.txt] mode=strict_deviation, top_k=9, threshold=5.0, use_topk=True, P=0.5556, R=0.9677, F1=0.7059
2025-04-16 10:27:07,549 - INFO - [omi-2.txt] mode=strict_deviation, top_k=9, threshold=5.5, use_topk=True, P=0.5660, R=0.9677, F1=0.7143
2025-04-16 10:27:07,954 - INFO - [omi-2.txt] mode=strict_deviation, top_k=9, threshold=6.0, use_topk=True, P=0.5660, R=0.9677, F1=0.7143
2025-04-16 10:27:08,090 - INFO - [omi-2.txt] mode=strict_deviation, top_k=9, threshold=6.5, use_topk=True, P=0.6000, R=0.9677, F1=0.7407
2025-04-16 10:27:09,002 - INFO - [omi-2.txt] mode=strict_deviation, top_k=9, threshold=7.0, use_topk=True, P=0.6383, R=0.9677, F1=0.7692
2025-04-16 10:27:09,020 - INFO - [omi-3] Starting grid search...
2025-04-16 10:27:12,175 - INFO - [omi-3.txt] mode=strict_deviation, top_k=1, threshold=1.0, use_topk=True, P=0.7500, R=0.4615, F1=0.5714
2025-04-16 10:27:12,318 - INFO - [omi-3.txt] mode=strict_deviation, top_k=1, threshold=1.5, use_topk=True, P=0.7500, R=0.4615, F1=0.5714
2025-04-16 10:27:12,320 - INFO - [omi-3.txt] mode=strict_deviation, top_k=1, threshold=2.0, use_topk=True, P=0.7500, R=0.4231, F1=0.5410
2025-04-16 10:27:12,320 - INFO - [omi-3.txt] mode=strict_deviation, top_k=1, threshold=2.5, use_topk=True, P=0.7442, R=0.4103, F1=0.5289
2025-04-16 10:27:14,445 - INFO - [omi-3.txt] mode=strict_deviation, top_k=1, threshold=3.0, use_topk=True, P=0.7381, R=0.3974, F1=0.5167
2025-04-16 10:27:14,523 - INFO - [omi-3.txt] mode=strict_deviation, top_k=1, threshold=3.5, use_topk=True, P=0.7500, R=0.3462, F1=0.4737
2025-04-16 10:27:14,631 - INFO - [omi-3.txt] mode=strict_deviation, top_k=1, threshold=4.0, use_topk=True, P=0.7714, R=0.3462, F1=0.4779
2025-04-16 10:27:14,632 - INFO - [omi-3.txt] mode=strict_deviation, top_k=1, threshold=4.5, use_topk=True, P=0.7576, R=0.3205, F1=0.4505
2025-04-16 10:27:16,594 - INFO - [omi-3.txt] mode=strict_deviation, top_k=1, threshold=5.0, use_topk=True, P=0.7576, R=0.3205, F1=0.4505
2025-04-16 10:27:16,596 - INFO - [omi-3.txt] mode=strict_deviation, top_k=1, threshold=5.5, use_topk=True, P=0.7576, R=0.3205, F1=0.4505
2025-04-16 10:27:16,624 - INFO - [omi-3.txt] mode=strict_deviation, top_k=1, threshold=6.0, use_topk=True, P=0.7576, R=0.3205, F1=0.4505
2025-04-16 10:27:16,712 - INFO - [omi-3.txt] mode=strict_deviation, top_k=1, threshold=6.5, use_topk=True, P=0.7576, R=0.3205, F1=0.4505
2025-04-16 10:27:18,764 - INFO - [omi-3.txt] mode=strict_deviation, top_k=1, threshold=7.0, use_topk=True, P=0.7419, R=0.2949, F1=0.4220
2025-04-16 10:27:18,932 - INFO - [omi-3.txt] mode=strict_deviation, top_k=2, threshold=1.0, use_topk=True, P=0.7627, R=0.5769, F1=0.6569
2025-04-16 10:27:18,935 - INFO - [omi-3.txt] mode=strict_deviation, top_k=2, threshold=1.5, use_topk=True, P=0.7586, R=0.5641, F1=0.6471
2025-04-16 10:27:18,951 - INFO - [omi-3.txt] mode=strict_deviation, top_k=2, threshold=2.0, use_topk=True, P=0.7636, R=0.5385, F1=0.6316
2025-04-16 10:27:20,876 - INFO - [omi-3.txt] mode=strict_deviation, top_k=2, threshold=2.5, use_topk=True, P=0.7636, R=0.5385, F1=0.6316
2025-04-16 10:27:20,906 - INFO - [omi-3.txt] mode=strict_deviation, top_k=2, threshold=3.0, use_topk=True, P=0.7593, R=0.5256, F1=0.6212
2025-04-16 10:27:21,054 - INFO - [omi-3.txt] mode=strict_deviation, top_k=2, threshold=3.5, use_topk=True, P=0.7451, R=0.4872, F1=0.5891
2025-04-16 10:27:21,055 - INFO - [omi-3.txt] mode=strict_deviation, top_k=2, threshold=4.0, use_topk=True, P=0.7708, R=0.4744, F1=0.5873
2025-04-16 10:27:22,949 - INFO - [omi-3.txt] mode=strict_deviation, top_k=2, threshold=4.5, use_topk=True, P=0.7609, R=0.4487, F1=0.5645
2025-04-16 10:27:23,036 - INFO - [omi-3.txt] mode=strict_deviation, top_k=2, threshold=5.0, use_topk=True, P=0.7778, R=0.4487, F1=0.5691
2025-04-16 10:27:23,093 - INFO - [omi-3.txt] mode=strict_deviation, top_k=2, threshold=5.5, use_topk=True, P=0.7727, R=0.4359, F1=0.5574
2025-04-16 10:27:23,186 - INFO - [omi-3.txt] mode=strict_deviation, top_k=2, threshold=6.0, use_topk=True, P=0.7619, R=0.4103, F1=0.5333
2025-04-16 10:27:24,952 - INFO - [omi-3.txt] mode=strict_deviation, top_k=2, threshold=6.5, use_topk=True, P=0.7500, R=0.3846, F1=0.5085
2025-04-16 10:27:25,082 - INFO - [omi-3.txt] mode=strict_deviation, top_k=2, threshold=7.0, use_topk=True, P=0.7368, R=0.3590, F1=0.4828
2025-04-16 10:27:25,125 - INFO - [omi-3.txt] mode=strict_deviation, top_k=3, threshold=1.0, use_topk=True, P=0.7812, R=0.6410, F1=0.7042
2025-04-16 10:27:25,226 - INFO - [omi-3.txt] mode=strict_deviation, top_k=3, threshold=1.5, use_topk=True, P=0.7742, R=0.6154, F1=0.6857
2025-04-16 10:27:26,959 - INFO - [omi-3.txt] mode=strict_deviation, top_k=3, threshold=2.0, use_topk=True, P=0.7797, R=0.5897, F1=0.6715
2025-04-16 10:27:27,133 - INFO - [omi-3.txt] mode=strict_deviation, top_k=3, threshold=2.5, use_topk=True, P=0.7797, R=0.5897, F1=0.6715
2025-04-16 10:27:27,158 - INFO - [omi-3.txt] mode=strict_deviation, top_k=3, threshold=3.0, use_topk=True, P=0.7797, R=0.5897, F1=0.6715
2025-04-16 10:27:27,216 - INFO - [omi-3.txt] mode=strict_deviation, top_k=3, threshold=3.5, use_topk=True, P=0.7679, R=0.5513, F1=0.6418
2025-04-16 10:27:29,132 - INFO - [omi-3.txt] mode=strict_deviation, top_k=3, threshold=4.0, use_topk=True, P=0.7963, R=0.5513, F1=0.6515
2025-04-16 10:27:29,324 - INFO - [omi-3.txt] mode=strict_deviation, top_k=3, threshold=4.5, use_topk=True, P=0.7925, R=0.5385, F1=0.6412
2025-04-16 10:27:29,389 - INFO - [omi-3.txt] mode=strict_deviation, top_k=3, threshold=5.0, use_topk=True, P=0.7843, R=0.5128, F1=0.6202
2025-04-16 10:27:29,406 - INFO - [omi-3.txt] mode=strict_deviation, top_k=3, threshold=5.5, use_topk=True, P=0.7800, R=0.5000, F1=0.6094
2025-04-16 10:27:31,247 - INFO - [omi-3.txt] mode=strict_deviation, top_k=3, threshold=6.0, use_topk=True, P=0.7708, R=0.4744, F1=0.5873
2025-04-16 10:27:31,371 - INFO - [omi-3.txt] mode=strict_deviation, top_k=3, threshold=6.5, use_topk=True, P=0.7609, R=0.4487, F1=0.5645
2025-04-16 10:27:31,509 - INFO - [omi-3.txt] mode=strict_deviation, top_k=3, threshold=7.0, use_topk=True, P=0.7674, R=0.4231, F1=0.5455
2025-04-16 10:27:31,511 - INFO - [omi-3.txt] mode=strict_deviation, top_k=4, threshold=1.0, use_topk=True, P=0.7879, R=0.6667, F1=0.7222
2025-04-16 10:27:33,575 - INFO - [omi-3.txt] mode=strict_deviation, top_k=4, threshold=1.5, use_topk=True, P=0.7812, R=0.6410, F1=0.7042
2025-04-16 10:27:33,768 - INFO - [omi-3.txt] mode=strict_deviation, top_k=4, threshold=2.0, use_topk=True, P=0.7869, R=0.6154, F1=0.6906
2025-04-16 10:27:33,926 - INFO - [omi-3.txt] mode=strict_deviation, top_k=4, threshold=2.5, use_topk=True, P=0.7869, R=0.6154, F1=0.6906
2025-04-16 10:27:33,928 - INFO - [omi-3.txt] mode=strict_deviation, top_k=4, threshold=3.0, use_topk=True, P=0.7869, R=0.6154, F1=0.6906
2025-04-16 10:27:35,690 - INFO - [omi-3.txt] mode=strict_deviation, top_k=4, threshold=3.5, use_topk=True, P=0.7797, R=0.5897, F1=0.6715
2025-04-16 10:27:35,991 - INFO - [omi-3.txt] mode=strict_deviation, top_k=4, threshold=4.0, use_topk=True, P=0.8070, R=0.5897, F1=0.6815
2025-04-16 10:27:36,156 - INFO - [omi-3.txt] mode=strict_deviation, top_k=4, threshold=4.5, use_topk=True, P=0.8000, R=0.5641, F1=0.6617
2025-04-16 10:27:36,253 - INFO - [omi-3.txt] mode=strict_deviation, top_k=4, threshold=5.0, use_topk=True, P=0.8000, R=0.5641, F1=0.6617
2025-04-16 10:27:37,874 - INFO - [omi-3.txt] mode=strict_deviation, top_k=4, threshold=5.5, use_topk=True, P=0.7963, R=0.5513, F1=0.6515
2025-04-16 10:27:38,123 - INFO - [omi-3.txt] mode=strict_deviation, top_k=4, threshold=6.0, use_topk=True, P=0.7963, R=0.5513, F1=0.6515
2025-04-16 10:27:38,345 - INFO - [omi-3.txt] mode=strict_deviation, top_k=4, threshold=6.5, use_topk=True, P=0.7925, R=0.5385, F1=0.6412
2025-04-16 10:27:38,441 - INFO - [omi-3.txt] mode=strict_deviation, top_k=4, threshold=7.0, use_topk=True, P=0.7843, R=0.5128, F1=0.6202
2025-04-16 10:27:39,837 - INFO - [omi-3.txt] mode=strict_deviation, top_k=5, threshold=1.0, use_topk=True, P=0.8000, R=0.7179, F1=0.7568
2025-04-16 10:27:40,138 - INFO - [omi-3.txt] mode=strict_deviation, top_k=5, threshold=1.5, use_topk=True, P=0.7971, R=0.7051, F1=0.7483
2025-04-16 10:27:40,372 - INFO - [omi-3.txt] mode=strict_deviation, top_k=5, threshold=2.0, use_topk=True, P=0.8030, R=0.6795, F1=0.7361
2025-04-16 10:27:40,466 - INFO - [omi-3.txt] mode=strict_deviation, top_k=5, threshold=2.5, use_topk=True, P=0.8030, R=0.6795, F1=0.7361
2025-04-16 10:27:41,924 - INFO - [omi-3.txt] mode=strict_deviation, top_k=5, threshold=3.0, use_topk=True, P=0.8000, R=0.6667, F1=0.7273
2025-04-16 10:27:42,187 - INFO - [omi-3.txt] mode=strict_deviation, top_k=5, threshold=3.5, use_topk=True, P=0.7937, R=0.6410, F1=0.7092
2025-04-16 10:27:42,448 - INFO - [omi-3.txt] mode=strict_deviation, top_k=5, threshold=4.0, use_topk=True, P=0.8197, R=0.6410, F1=0.7194
2025-04-16 10:27:42,527 - INFO - [omi-3.txt] mode=strict_deviation, top_k=5, threshold=4.5, use_topk=True, P=0.8136, R=0.6154, F1=0.7007
2025-04-16 10:27:43,969 - INFO - [omi-3.txt] mode=strict_deviation, top_k=5, threshold=5.0, use_topk=True, P=0.8103, R=0.6026, F1=0.6912
2025-04-16 10:27:44,283 - INFO - [omi-3.txt] mode=strict_deviation, top_k=5, threshold=5.5, use_topk=True, P=0.8103, R=0.6026, F1=0.6912
2025-04-16 10:27:44,583 - INFO - [omi-3.txt] mode=strict_deviation, top_k=5, threshold=6.0, use_topk=True, P=0.8103, R=0.6026, F1=0.6912
2025-04-16 10:27:44,623 - INFO - [omi-3.txt] mode=strict_deviation, top_k=5, threshold=6.5, use_topk=True, P=0.8070, R=0.5897, F1=0.6815
2025-04-16 10:27:46,308 - INFO - [omi-3.txt] mode=strict_deviation, top_k=5, threshold=7.0, use_topk=True, P=0.8036, R=0.5769, F1=0.6716
2025-04-16 10:27:46,586 - INFO - [omi-3.txt] mode=strict_deviation, top_k=6, threshold=1.0, use_topk=True, P=0.8056, R=0.7436, F1=0.7733
2025-04-16 10:27:46,925 - INFO - [omi-3.txt] mode=strict_deviation, top_k=6, threshold=1.5, use_topk=True, P=0.8056, R=0.7436, F1=0.7733
2025-04-16 10:27:47,011 - INFO - [omi-3.txt] mode=strict_deviation, top_k=6, threshold=2.0, use_topk=True, P=0.8143, R=0.7308, F1=0.7703
2025-04-16 10:27:48,608 - INFO - [omi-3.txt] mode=strict_deviation, top_k=6, threshold=2.5, use_topk=True, P=0.8143, R=0.7308, F1=0.7703
2025-04-16 10:27:48,908 - INFO - [omi-3.txt] mode=strict_deviation, top_k=6, threshold=3.0, use_topk=True, P=0.8116, R=0.7179, F1=0.7619
2025-04-16 10:27:49,268 - INFO - [omi-3.txt] mode=strict_deviation, top_k=6, threshold=3.5, use_topk=True, P=0.8060, R=0.6923, F1=0.7448
2025-04-16 10:27:49,307 - INFO - [omi-3.txt] mode=strict_deviation, top_k=6, threshold=4.0, use_topk=True, P=0.8308, R=0.6923, F1=0.7552
2025-04-16 10:27:50,788 - INFO - [omi-3.txt] mode=strict_deviation, top_k=6, threshold=4.5, use_topk=True, P=0.8226, R=0.6538, F1=0.7286
2025-04-16 10:27:51,118 - INFO - [omi-3.txt] mode=strict_deviation, top_k=6, threshold=5.0, use_topk=True, P=0.8167, R=0.6282, F1=0.7101
2025-04-16 10:27:51,496 - INFO - [omi-3.txt] mode=strict_deviation, top_k=6, threshold=5.5, use_topk=True, P=0.8136, R=0.6154, F1=0.7007
2025-04-16 10:27:51,515 - INFO - [omi-3.txt] mode=strict_deviation, top_k=6, threshold=6.0, use_topk=True, P=0.8136, R=0.6154, F1=0.7007
2025-04-16 10:27:52,970 - INFO - [omi-3.txt] mode=strict_deviation, top_k=6, threshold=6.5, use_topk=True, P=0.8103, R=0.6026, F1=0.6912
2025-04-16 10:27:53,258 - INFO - [omi-3.txt] mode=strict_deviation, top_k=6, threshold=7.0, use_topk=True, P=0.8070, R=0.5897, F1=0.6815
2025-04-16 10:27:53,627 - INFO - [omi-3.txt] mode=strict_deviation, top_k=7, threshold=1.0, use_topk=True, P=0.8133, R=0.7821, F1=0.7974
2025-04-16 10:27:53,655 - INFO - [omi-3.txt] mode=strict_deviation, top_k=7, threshold=1.5, use_topk=True, P=0.8082, R=0.7564, F1=0.7815
2025-04-16 10:27:55,003 - INFO - [omi-3.txt] mode=strict_deviation, top_k=7, threshold=2.0, use_topk=True, P=0.8169, R=0.7436, F1=0.7785
2025-04-16 10:27:55,332 - INFO - [omi-3.txt] mode=strict_deviation, top_k=7, threshold=2.5, use_topk=True, P=0.8169, R=0.7436, F1=0.7785
2025-04-16 10:27:55,800 - INFO - [omi-3.txt] mode=strict_deviation, top_k=7, threshold=3.0, use_topk=True, P=0.8169, R=0.7436, F1=0.7785
2025-04-16 10:27:55,832 - INFO - [omi-3.txt] mode=strict_deviation, top_k=7, threshold=3.5, use_topk=True, P=0.8143, R=0.7308, F1=0.7703
2025-04-16 10:27:57,181 - INFO - [omi-3.txt] mode=strict_deviation, top_k=7, threshold=4.0, use_topk=True, P=0.8382, R=0.7308, F1=0.7808
2025-04-16 10:27:57,520 - INFO - [omi-3.txt] mode=strict_deviation, top_k=7, threshold=4.5, use_topk=True, P=0.8308, R=0.6923, F1=0.7552
2025-04-16 10:27:58,124 - INFO - [omi-3.txt] mode=strict_deviation, top_k=7, threshold=5.0, use_topk=True, P=0.8254, R=0.6667, F1=0.7376
2025-04-16 10:27:58,125 - INFO - [omi-3.txt] mode=strict_deviation, top_k=7, threshold=5.5, use_topk=True, P=0.8254, R=0.6667, F1=0.7376
2025-04-16 10:27:59,513 - INFO - [omi-3.txt] mode=strict_deviation, top_k=7, threshold=6.0, use_topk=True, P=0.8254, R=0.6667, F1=0.7376
2025-04-16 10:27:59,731 - INFO - [omi-3.txt] mode=strict_deviation, top_k=7, threshold=6.5, use_topk=True, P=0.8197, R=0.6410, F1=0.7194
2025-04-16 10:28:00,268 - INFO - [omi-3.txt] mode=strict_deviation, top_k=7, threshold=7.0, use_topk=True, P=0.8197, R=0.6410, F1=0.7194
2025-04-16 10:28:00,361 - INFO - [omi-3.txt] mode=strict_deviation, top_k=8, threshold=1.0, use_topk=True, P=0.8205, R=0.8205, F1=0.8205
2025-04-16 10:28:01,587 - INFO - [omi-3.txt] mode=strict_deviation, top_k=8, threshold=1.5, use_topk=True, P=0.8182, R=0.8077, F1=0.8129
2025-04-16 10:28:01,863 - INFO - [omi-3.txt] mode=strict_deviation, top_k=8, threshold=2.0, use_topk=True, P=0.8133, R=0.7821, F1=0.7974
2025-04-16 10:28:02,340 - INFO - [omi-3.txt] mode=strict_deviation, top_k=8, threshold=2.5, use_topk=True, P=0.8133, R=0.7821, F1=0.7974
2025-04-16 10:28:02,552 - INFO - [omi-3.txt] mode=strict_deviation, top_k=8, threshold=3.0, use_topk=True, P=0.8133, R=0.7821, F1=0.7974
2025-04-16 10:28:03,651 - INFO - [omi-3.txt] mode=strict_deviation, top_k=8, threshold=3.5, use_topk=True, P=0.8108, R=0.7692, F1=0.7895
2025-04-16 10:28:03,884 - INFO - [omi-3.txt] mode=strict_deviation, top_k=8, threshold=4.0, use_topk=True, P=0.8333, R=0.7692, F1=0.8000
2025-04-16 10:28:04,472 - INFO - [omi-3.txt] mode=strict_deviation, top_k=8, threshold=4.5, use_topk=True, P=0.8235, R=0.7179, F1=0.7671
2025-04-16 10:28:04,635 - INFO - [omi-3.txt] mode=strict_deviation, top_k=8, threshold=5.0, use_topk=True, P=0.8308, R=0.6923, F1=0.7552
2025-04-16 10:28:05,746 - INFO - [omi-3.txt] mode=strict_deviation, top_k=8, threshold=5.5, use_topk=True, P=0.8308, R=0.6923, F1=0.7552
2025-04-16 10:28:05,906 - INFO - [omi-3.txt] mode=strict_deviation, top_k=8, threshold=6.0, use_topk=True, P=0.8308, R=0.6923, F1=0.7552
2025-04-16 10:28:06,543 - INFO - [omi-3.txt] mode=strict_deviation, top_k=8, threshold=6.5, use_topk=True, P=0.8254, R=0.6667, F1=0.7376
2025-04-16 10:28:06,768 - INFO - [omi-3.txt] mode=strict_deviation, top_k=8, threshold=7.0, use_topk=True, P=0.8254, R=0.6667, F1=0.7376
