2025-04-15 21:23:14,236 - INFO - 
 Starting experiment with config: ExperimentConfig(dataset='omi', window_size=5, score_thresholds=array([1. , 1.5, 2. , 2.5, 3. , 3.5, 4. , 4.5, 5. , 5.5, 6. , 6.5, 7. ]), topk_range=range(1, 10), score_modes=['strict_deviation'], use_topk=False, data_dir='./data/processed', label_dir='./data/interpretation_label', log_dir='./log/use_topkFalse', visual_dir='./visual/use_topkFalse', num_workers=4, gif_duration=500)
2025-04-15 21:23:14,236 - INFO - 当前评分模式: ['strict_deviation']
2025-04-15 21:23:14,236 - INFO - 
==================================================
2025-04-15 21:23:14,236 - INFO - 开始执行网格搜索...
2025-04-15 21:23:14,238 - INFO - [omi-1] Starting grid search...
2025-04-15 21:23:17,404 - INFO - [omi-1.txt] mode=strict_deviation, top_k=None, threshold=1.0, use_topk=False, P=0.7395, R=0.9888, F1=0.8462
2025-04-15 21:23:17,462 - INFO - [omi-1.txt] mode=strict_deviation, top_k=None, threshold=1.5, use_topk=False, P=0.7395, R=0.9888, F1=0.8462
2025-04-15 21:23:17,480 - INFO - [omi-1.txt] mode=strict_deviation, top_k=None, threshold=2.0, use_topk=False, P=0.7395, R=0.9888, F1=0.8462
2025-04-15 21:23:17,480 - INFO - [omi-1.txt] mode=strict_deviation, top_k=None, threshold=2.5, use_topk=False, P=0.7373, R=0.9775, F1=0.8406
2025-04-15 21:23:19,477 - INFO - [omi-1.txt] mode=strict_deviation, top_k=None, threshold=3.0, use_topk=False, P=0.7373, R=0.9775, F1=0.8406
2025-04-15 21:23:19,482 - INFO - [omi-1.txt] mode=strict_deviation, top_k=None, threshold=3.5, use_topk=False, P=0.7328, R=0.9551, F1=0.8293
2025-04-15 21:23:19,511 - INFO - [omi-1.txt] mode=strict_deviation, top_k=None, threshold=4.0, use_topk=False, P=0.7328, R=0.9551, F1=0.8293
2025-04-15 21:23:19,577 - INFO - [omi-1.txt] mode=strict_deviation, top_k=None, threshold=4.5, use_topk=False, P=0.7328, R=0.9551, F1=0.8293
2025-04-15 21:23:21,553 - INFO - [omi-1.txt] mode=strict_deviation, top_k=None, threshold=5.0, use_topk=False, P=0.7328, R=0.9551, F1=0.8293
2025-04-15 21:23:21,573 - INFO - [omi-1.txt] mode=strict_deviation, top_k=None, threshold=5.5, use_topk=False, P=0.7328, R=0.9551, F1=0.8293
2025-04-15 21:23:21,588 - INFO - [omi-1.txt] mode=strict_deviation, top_k=None, threshold=6.0, use_topk=False, P=0.7232, R=0.9101, F1=0.8060
2025-04-15 21:23:21,668 - INFO - [omi-1.txt] mode=strict_deviation, top_k=None, threshold=6.5, use_topk=False, P=0.7156, R=0.8764, F1=0.7879
2025-04-15 21:23:23,421 - INFO - [omi-1.txt] mode=strict_deviation, top_k=None, threshold=7.0, use_topk=False, P=0.7130, R=0.8652, F1=0.7817
2025-04-15 21:23:23,438 - INFO - [omi-10] Starting grid search...
2025-04-15 21:23:26,712 - INFO - [omi-10.txt] mode=strict_deviation, top_k=None, threshold=1.0, use_topk=False, P=0.4688, R=0.9836, F1=0.6349
2025-04-15 21:23:26,713 - INFO - [omi-10.txt] mode=strict_deviation, top_k=None, threshold=1.5, use_topk=False, P=0.4688, R=0.9836, F1=0.6349
2025-04-15 21:23:26,713 - INFO - [omi-10.txt] mode=strict_deviation, top_k=None, threshold=2.0, use_topk=False, P=0.4688, R=0.9836, F1=0.6349
2025-04-15 21:23:26,713 - INFO - [omi-10.txt] mode=strict_deviation, top_k=None, threshold=2.5, use_topk=False, P=0.4688, R=0.9836, F1=0.6349
2025-04-15 21:23:28,769 - INFO - [omi-10.txt] mode=strict_deviation, top_k=None, threshold=3.0, use_topk=False, P=0.4683, R=0.9672, F1=0.6310
2025-04-15 21:23:28,844 - INFO - [omi-10.txt] mode=strict_deviation, top_k=None, threshold=3.5, use_topk=False, P=0.4758, R=0.9672, F1=0.6378
2025-04-15 21:23:28,844 - INFO - [omi-10.txt] mode=strict_deviation, top_k=None, threshold=4.0, use_topk=False, P=0.4836, R=0.9672, F1=0.6448
2025-04-15 21:23:28,844 - INFO - [omi-10.txt] mode=strict_deviation, top_k=None, threshold=4.5, use_topk=False, P=0.4836, R=0.9672, F1=0.6448
2025-04-15 21:23:30,970 - INFO - [omi-10.txt] mode=strict_deviation, top_k=None, threshold=5.0, use_topk=False, P=0.4836, R=0.9672, F1=0.6448
2025-04-15 21:23:30,970 - INFO - [omi-10.txt] mode=strict_deviation, top_k=None, threshold=5.5, use_topk=False, P=0.4836, R=0.9672, F1=0.6448
2025-04-15 21:23:31,060 - INFO - [omi-10.txt] mode=strict_deviation, top_k=None, threshold=6.0, use_topk=False, P=0.4836, R=0.9672, F1=0.6448
2025-04-15 21:23:31,060 - INFO - [omi-10.txt] mode=strict_deviation, top_k=None, threshold=6.5, use_topk=False, P=0.4836, R=0.9672, F1=0.6448
2025-04-15 21:23:32,853 - INFO - [omi-10.txt] mode=strict_deviation, top_k=None, threshold=7.0, use_topk=False, P=0.4836, R=0.9672, F1=0.6448
2025-04-15 21:23:32,872 - INFO - [omi-11] Starting grid search...
2025-04-15 21:23:36,076 - INFO - [omi-11.txt] mode=strict_deviation, top_k=None, threshold=1.0, use_topk=False, P=0.3434, R=0.9828, F1=0.5089
2025-04-15 21:23:36,142 - INFO - [omi-11.txt] mode=strict_deviation, top_k=None, threshold=1.5, use_topk=False, P=0.3434, R=0.9828, F1=0.5089
2025-04-15 21:23:36,142 - INFO - [omi-11.txt] mode=strict_deviation, top_k=None, threshold=2.0, use_topk=False, P=0.3434, R=0.9828, F1=0.5089
2025-04-15 21:23:36,142 - INFO - [omi-11.txt] mode=strict_deviation, top_k=None, threshold=2.5, use_topk=False, P=0.3434, R=0.9828, F1=0.5089
2025-04-15 21:23:38,166 - INFO - [omi-11.txt] mode=strict_deviation, top_k=None, threshold=3.0, use_topk=False, P=0.3434, R=0.9828, F1=0.5089
2025-04-15 21:23:38,175 - INFO - [omi-11.txt] mode=strict_deviation, top_k=None, threshold=3.5, use_topk=False, P=0.3434, R=0.9828, F1=0.5089
2025-04-15 21:23:38,227 - INFO - [omi-11.txt] mode=strict_deviation, top_k=None, threshold=4.0, use_topk=False, P=0.3434, R=0.9828, F1=0.5089
2025-04-15 21:23:38,227 - INFO - [omi-11.txt] mode=strict_deviation, top_k=None, threshold=4.5, use_topk=False, P=0.3434, R=0.9828, F1=0.5089
2025-04-15 21:23:40,248 - INFO - [omi-11.txt] mode=strict_deviation, top_k=None, threshold=5.0, use_topk=False, P=0.3434, R=0.9828, F1=0.5089
2025-04-15 21:23:40,249 - INFO - [omi-11.txt] mode=strict_deviation, top_k=None, threshold=5.5, use_topk=False, P=0.3434, R=0.9828, F1=0.5089
2025-04-15 21:23:40,352 - INFO - [omi-11.txt] mode=strict_deviation, top_k=None, threshold=6.0, use_topk=False, P=0.3434, R=0.9828, F1=0.5089
2025-04-15 21:23:40,354 - INFO - [omi-11.txt] mode=strict_deviation, top_k=None, threshold=6.5, use_topk=False, P=0.3434, R=0.9828, F1=0.5089
2025-04-15 21:23:42,095 - INFO - [omi-11.txt] mode=strict_deviation, top_k=None, threshold=7.0, use_topk=False, P=0.3434, R=0.9828, F1=0.5089
2025-04-15 21:23:42,113 - INFO - [omi-12] Starting grid search...
2025-04-15 21:23:44,804 - INFO - [omi-12.txt] mode=strict_deviation, top_k=None, threshold=1.0, use_topk=False, P=0.6129, R=0.9500, F1=0.7451
2025-04-15 21:23:44,862 - INFO - [omi-12.txt] mode=strict_deviation, top_k=None, threshold=1.5, use_topk=False, P=0.6230, R=0.9500, F1=0.7525
2025-04-15 21:23:44,916 - INFO - [omi-12.txt] mode=strict_deviation, top_k=None, threshold=2.0, use_topk=False, P=0.6230, R=0.9500, F1=0.7525
2025-04-15 21:23:44,918 - INFO - [omi-12.txt] mode=strict_deviation, top_k=None, threshold=2.5, use_topk=False, P=0.6230, R=0.9500, F1=0.7525
2025-04-15 21:23:46,410 - INFO - [omi-12.txt] mode=strict_deviation, top_k=None, threshold=3.0, use_topk=False, P=0.6230, R=0.9500, F1=0.7525
2025-04-15 21:23:46,447 - INFO - [omi-12.txt] mode=strict_deviation, top_k=None, threshold=3.5, use_topk=False, P=0.6167, R=0.9250, F1=0.7400
2025-04-15 21:23:46,453 - INFO - [omi-12.txt] mode=strict_deviation, top_k=None, threshold=4.0, use_topk=False, P=0.6271, R=0.9250, F1=0.7475
2025-04-15 21:23:46,564 - INFO - [omi-12.txt] mode=strict_deviation, top_k=None, threshold=4.5, use_topk=False, P=0.6491, R=0.9250, F1=0.7629
2025-04-15 21:23:48,001 - INFO - [omi-12.txt] mode=strict_deviation, top_k=None, threshold=5.0, use_topk=False, P=0.6491, R=0.9250, F1=0.7629
2025-04-15 21:23:48,051 - INFO - [omi-12.txt] mode=strict_deviation, top_k=None, threshold=5.5, use_topk=False, P=0.6491, R=0.9250, F1=0.7629
2025-04-15 21:23:48,069 - INFO - [omi-12.txt] mode=strict_deviation, top_k=None, threshold=6.0, use_topk=False, P=0.6491, R=0.9250, F1=0.7629
2025-04-15 21:23:48,175 - INFO - [omi-12.txt] mode=strict_deviation, top_k=None, threshold=6.5, use_topk=False, P=0.6491, R=0.9250, F1=0.7629
2025-04-15 21:23:49,409 - INFO - [omi-12.txt] mode=strict_deviation, top_k=None, threshold=7.0, use_topk=False, P=0.6491, R=0.9250, F1=0.7629
2025-04-15 21:23:49,426 - INFO - [omi-2] Starting grid search...
2025-04-15 21:23:52,615 - INFO - [omi-2.txt] mode=strict_deviation, top_k=None, threshold=1.0, use_topk=False, P=0.4559, R=1.0000, F1=0.6263
2025-04-15 21:23:52,617 - INFO - [omi-2.txt] mode=strict_deviation, top_k=None, threshold=1.5, use_topk=False, P=0.4559, R=1.0000, F1=0.6263
2025-04-15 21:23:52,617 - INFO - [omi-2.txt] mode=strict_deviation, top_k=None, threshold=2.0, use_topk=False, P=0.4559, R=1.0000, F1=0.6263
2025-04-15 21:23:52,617 - INFO - [omi-2.txt] mode=strict_deviation, top_k=None, threshold=2.5, use_topk=False, P=0.4559, R=1.0000, F1=0.6263
2025-04-15 21:23:54,623 - INFO - [omi-2.txt] mode=strict_deviation, top_k=None, threshold=3.0, use_topk=False, P=0.4559, R=1.0000, F1=0.6263
2025-04-15 21:23:54,625 - INFO - [omi-2.txt] mode=strict_deviation, top_k=None, threshold=3.5, use_topk=False, P=0.4559, R=1.0000, F1=0.6263
2025-04-15 21:23:54,625 - INFO - [omi-2.txt] mode=strict_deviation, top_k=None, threshold=4.0, use_topk=False, P=0.4559, R=1.0000, F1=0.6263
2025-04-15 21:23:54,625 - INFO - [omi-2.txt] mode=strict_deviation, top_k=None, threshold=4.5, use_topk=False, P=0.4559, R=1.0000, F1=0.6263
2025-04-15 21:23:56,503 - INFO - [omi-2.txt] mode=strict_deviation, top_k=None, threshold=5.0, use_topk=False, P=0.4559, R=1.0000, F1=0.6263
2025-04-15 21:23:56,523 - INFO - [omi-2.txt] mode=strict_deviation, top_k=None, threshold=5.5, use_topk=False, P=0.4559, R=1.0000, F1=0.6263
2025-04-15 21:23:56,531 - INFO - [omi-2.txt] mode=strict_deviation, top_k=None, threshold=6.0, use_topk=False, P=0.4559, R=1.0000, F1=0.6263
2025-04-15 21:23:56,634 - INFO - [omi-2.txt] mode=strict_deviation, top_k=None, threshold=6.5, use_topk=False, P=0.4559, R=1.0000, F1=0.6263
2025-04-15 21:23:58,269 - INFO - [omi-2.txt] mode=strict_deviation, top_k=None, threshold=7.0, use_topk=False, P=0.4697, R=1.0000, F1=0.6392
2025-04-15 21:23:58,286 - INFO - [omi-3] Starting grid search...
2025-04-15 21:24:01,402 - INFO - [omi-3.txt] mode=strict_deviation, top_k=None, threshold=1.0, use_topk=False, P=0.8025, R=0.8333, F1=0.8176
2025-04-15 21:24:01,432 - INFO - [omi-3.txt] mode=strict_deviation, top_k=None, threshold=1.5, use_topk=False, P=0.8025, R=0.8333, F1=0.8176
2025-04-15 21:24:01,432 - INFO - [omi-3.txt] mode=strict_deviation, top_k=None, threshold=2.0, use_topk=False, P=0.8025, R=0.8333, F1=0.8176
2025-04-15 21:24:01,437 - INFO - [omi-3.txt] mode=strict_deviation, top_k=None, threshold=2.5, use_topk=False, P=0.8025, R=0.8333, F1=0.8176
2025-04-15 21:24:03,427 - INFO - [omi-3.txt] mode=strict_deviation, top_k=None, threshold=3.0, use_topk=False, P=0.8025, R=0.8333, F1=0.8176
2025-04-15 21:24:03,476 - INFO - [omi-3.txt] mode=strict_deviation, top_k=None, threshold=3.5, use_topk=False, P=0.8228, R=0.8333, F1=0.8280
2025-04-15 21:24:03,477 - INFO - [omi-3.txt] mode=strict_deviation, top_k=None, threshold=4.0, use_topk=False, P=0.8228, R=0.8333, F1=0.8280
2025-04-15 21:24:03,477 - INFO - [omi-3.txt] mode=strict_deviation, top_k=None, threshold=4.5, use_topk=False, P=0.8228, R=0.8333, F1=0.8280
2025-04-15 21:24:05,455 - INFO - [omi-3.txt] mode=strict_deviation, top_k=None, threshold=5.0, use_topk=False, P=0.8228, R=0.8333, F1=0.8280
2025-04-15 21:24:05,455 - INFO - [omi-3.txt] mode=strict_deviation, top_k=None, threshold=5.5, use_topk=False, P=0.8228, R=0.8333, F1=0.8280
2025-04-15 21:24:05,546 - INFO - [omi-3.txt] mode=strict_deviation, top_k=None, threshold=6.0, use_topk=False, P=0.8228, R=0.8333, F1=0.8280
2025-04-15 21:24:05,546 - INFO - [omi-3.txt] mode=strict_deviation, top_k=None, threshold=6.5, use_topk=False, P=0.8205, R=0.8205, F1=0.8205
2025-04-15 21:24:07,261 - INFO - [omi-3.txt] mode=strict_deviation, top_k=None, threshold=7.0, use_topk=False, P=0.8205, R=0.8205, F1=0.8205
2025-04-15 21:24:07,277 - INFO - [omi-4] Starting grid search...
2025-04-15 21:24:10,372 - INFO - [omi-4.txt] mode=strict_deviation, top_k=None, threshold=1.0, use_topk=False, P=0.8250, R=0.9851, F1=0.8980
2025-04-15 21:24:10,375 - INFO - [omi-4.txt] mode=strict_deviation, top_k=None, threshold=1.5, use_topk=False, P=0.8250, R=0.9851, F1=0.8980
2025-04-15 21:24:10,423 - INFO - [omi-4.txt] mode=strict_deviation, top_k=None, threshold=2.0, use_topk=False, P=0.8250, R=0.9851, F1=0.8980
2025-04-15 21:24:10,423 - INFO - [omi-4.txt] mode=strict_deviation, top_k=None, threshold=2.5, use_topk=False, P=0.8250, R=0.9851, F1=0.8980
2025-04-15 21:24:12,505 - INFO - [omi-4.txt] mode=strict_deviation, top_k=None, threshold=3.0, use_topk=False, P=0.8250, R=0.9851, F1=0.8980
2025-04-15 21:24:12,506 - INFO - [omi-4.txt] mode=strict_deviation, top_k=None, threshold=3.5, use_topk=False, P=0.8462, R=0.9851, F1=0.9103
2025-04-15 21:24:12,506 - INFO - [omi-4.txt] mode=strict_deviation, top_k=None, threshold=4.0, use_topk=False, P=0.8462, R=0.9851, F1=0.9103
2025-04-15 21:24:12,536 - INFO - [omi-4.txt] mode=strict_deviation, top_k=None, threshold=4.5, use_topk=False, P=0.8462, R=0.9851, F1=0.9103
2025-04-15 21:24:14,473 - INFO - [omi-4.txt] mode=strict_deviation, top_k=None, threshold=5.0, use_topk=False, P=0.8462, R=0.9851, F1=0.9103
2025-04-15 21:24:14,538 - INFO - [omi-4.txt] mode=strict_deviation, top_k=None, threshold=5.5, use_topk=False, P=0.8462, R=0.9851, F1=0.9103
2025-04-15 21:24:14,538 - INFO - [omi-4.txt] mode=strict_deviation, top_k=None, threshold=6.0, use_topk=False, P=0.8462, R=0.9851, F1=0.9103
2025-04-15 21:24:14,607 - INFO - [omi-4.txt] mode=strict_deviation, top_k=None, threshold=6.5, use_topk=False, P=0.8462, R=0.9851, F1=0.9103
2025-04-15 21:24:16,283 - INFO - [omi-4.txt] mode=strict_deviation, top_k=None, threshold=7.0, use_topk=False, P=0.8442, R=0.9701, F1=0.9028
2025-04-15 21:24:16,300 - INFO - [omi-5] Starting grid search...
2025-04-15 21:24:19,564 - INFO - [omi-5.txt] mode=strict_deviation, top_k=None, threshold=1.0, use_topk=False, P=0.4757, R=1.0000, F1=0.6447
2025-04-15 21:24:19,565 - INFO - [omi-5.txt] mode=strict_deviation, top_k=None, threshold=1.5, use_topk=False, P=0.4757, R=1.0000, F1=0.6447
2025-04-15 21:24:19,566 - INFO - [omi-5.txt] mode=strict_deviation, top_k=None, threshold=2.0, use_topk=False, P=0.4706, R=0.9796, F1=0.6358
2025-04-15 21:24:19,567 - INFO - [omi-5.txt] mode=strict_deviation, top_k=None, threshold=2.5, use_topk=False, P=0.4706, R=0.9796, F1=0.6358
2025-04-15 21:24:21,504 - INFO - [omi-5.txt] mode=strict_deviation, top_k=None, threshold=3.0, use_topk=False, P=0.4706, R=0.9796, F1=0.6358
2025-04-15 21:24:21,527 - INFO - [omi-5.txt] mode=strict_deviation, top_k=None, threshold=3.5, use_topk=False, P=0.4653, R=0.9592, F1=0.6267
2025-04-15 21:24:21,679 - INFO - [omi-5.txt] mode=strict_deviation, top_k=None, threshold=4.0, use_topk=False, P=0.4653, R=0.9592, F1=0.6267
2025-04-15 21:24:21,681 - INFO - [omi-5.txt] mode=strict_deviation, top_k=None, threshold=4.5, use_topk=False, P=0.4653, R=0.9592, F1=0.6267
2025-04-15 21:24:23,606 - INFO - [omi-5.txt] mode=strict_deviation, top_k=None, threshold=5.0, use_topk=False, P=0.4600, R=0.9388, F1=0.6174
2025-04-15 21:24:23,650 - INFO - [omi-5.txt] mode=strict_deviation, top_k=None, threshold=5.5, use_topk=False, P=0.4592, R=0.9184, F1=0.6122
2025-04-15 21:24:23,788 - INFO - [omi-5.txt] mode=strict_deviation, top_k=None, threshold=6.0, use_topk=False, P=0.4536, R=0.8980, F1=0.6027
2025-04-15 21:24:23,789 - INFO - [omi-5.txt] mode=strict_deviation, top_k=None, threshold=6.5, use_topk=False, P=0.4632, R=0.8980, F1=0.6111
2025-04-15 21:24:25,460 - INFO - [omi-5.txt] mode=strict_deviation, top_k=None, threshold=7.0, use_topk=False, P=0.4719, R=0.8571, F1=0.6087
2025-04-15 21:24:25,477 - INFO - [omi-6] Starting grid search...
2025-04-15 21:24:28,585 - INFO - [omi-6.txt] mode=strict_deviation, top_k=None, threshold=1.0, use_topk=False, P=0.2606, R=0.9773, F1=0.4115
2025-04-15 21:24:28,586 - INFO - [omi-6.txt] mode=strict_deviation, top_k=None, threshold=1.5, use_topk=False, P=0.2606, R=0.9773, F1=0.4115
2025-04-15 21:24:28,614 - INFO - [omi-6.txt] mode=strict_deviation, top_k=None, threshold=2.0, use_topk=False, P=0.2606, R=0.9773, F1=0.4115
2025-04-15 21:24:28,676 - INFO - [omi-6.txt] mode=strict_deviation, top_k=None, threshold=2.5, use_topk=False, P=0.2606, R=0.9773, F1=0.4115
2025-04-15 21:24:30,599 - INFO - [omi-6.txt] mode=strict_deviation, top_k=None, threshold=3.0, use_topk=False, P=0.2606, R=0.9773, F1=0.4115
2025-04-15 21:24:30,628 - INFO - [omi-6.txt] mode=strict_deviation, top_k=None, threshold=3.5, use_topk=False, P=0.2622, R=0.9773, F1=0.4135
2025-04-15 21:24:30,667 - INFO - [omi-6.txt] mode=strict_deviation, top_k=None, threshold=4.0, use_topk=False, P=0.2638, R=0.9773, F1=0.4155
2025-04-15 21:24:30,731 - INFO - [omi-6.txt] mode=strict_deviation, top_k=None, threshold=4.5, use_topk=False, P=0.2638, R=0.9773, F1=0.4155
2025-04-15 21:24:32,617 - INFO - [omi-6.txt] mode=strict_deviation, top_k=None, threshold=5.0, use_topk=False, P=0.2638, R=0.9773, F1=0.4155
2025-04-15 21:24:32,682 - INFO - [omi-6.txt] mode=strict_deviation, top_k=None, threshold=5.5, use_topk=False, P=0.2638, R=0.9773, F1=0.4155
2025-04-15 21:24:32,699 - INFO - [omi-6.txt] mode=strict_deviation, top_k=None, threshold=6.0, use_topk=False, P=0.2638, R=0.9773, F1=0.4155
2025-04-15 21:24:32,733 - INFO - [omi-6.txt] mode=strict_deviation, top_k=None, threshold=6.5, use_topk=False, P=0.2638, R=0.9773, F1=0.4155
2025-04-15 21:24:34,458 - INFO - [omi-6.txt] mode=strict_deviation, top_k=None, threshold=7.0, use_topk=False, P=0.2609, R=0.9545, F1=0.4098
2025-04-15 21:24:34,478 - INFO - [omi-7] Starting grid search...
2025-04-15 21:24:37,476 - INFO - [omi-7.txt] mode=strict_deviation, top_k=None, threshold=1.0, use_topk=False, P=0.9048, R=0.9744, F1=0.9383
2025-04-15 21:24:37,513 - INFO - [omi-7.txt] mode=strict_deviation, top_k=None, threshold=1.5, use_topk=False, P=0.9048, R=0.9744, F1=0.9383
2025-04-15 21:24:37,526 - INFO - [omi-7.txt] mode=strict_deviation, top_k=None, threshold=2.0, use_topk=False, P=0.9048, R=0.9744, F1=0.9383
2025-04-15 21:24:37,527 - INFO - [omi-7.txt] mode=strict_deviation, top_k=None, threshold=2.5, use_topk=False, P=0.9048, R=0.9744, F1=0.9383
2025-04-15 21:24:39,396 - INFO - [omi-7.txt] mode=strict_deviation, top_k=None, threshold=3.0, use_topk=False, P=0.9048, R=0.9744, F1=0.9383
2025-04-15 21:24:39,397 - INFO - [omi-7.txt] mode=strict_deviation, top_k=None, threshold=3.5, use_topk=False, P=0.9048, R=0.9744, F1=0.9383
2025-04-15 21:24:39,435 - INFO - [omi-7.txt] mode=strict_deviation, top_k=None, threshold=4.0, use_topk=False, P=0.9048, R=0.9744, F1=0.9383
2025-04-15 21:24:39,435 - INFO - [omi-7.txt] mode=strict_deviation, top_k=None, threshold=4.5, use_topk=False, P=0.9048, R=0.9744, F1=0.9383
2025-04-15 21:24:41,209 - INFO - [omi-7.txt] mode=strict_deviation, top_k=None, threshold=5.0, use_topk=False, P=0.9048, R=0.9744, F1=0.9383
2025-04-15 21:24:41,292 - INFO - [omi-7.txt] mode=strict_deviation, top_k=None, threshold=5.5, use_topk=False, P=0.9048, R=0.9744, F1=0.9383
2025-04-15 21:24:41,321 - INFO - [omi-7.txt] mode=strict_deviation, top_k=None, threshold=6.0, use_topk=False, P=0.9048, R=0.9744, F1=0.9383
2025-04-15 21:24:41,322 - INFO - [omi-7.txt] mode=strict_deviation, top_k=None, threshold=6.5, use_topk=False, P=0.9048, R=0.9744, F1=0.9383
2025-04-15 21:24:42,927 - INFO - [omi-7.txt] mode=strict_deviation, top_k=None, threshold=7.0, use_topk=False, P=0.9048, R=0.9744, F1=0.9383
2025-04-15 21:24:42,943 - INFO - [omi-8] Starting grid search...
2025-04-15 21:24:45,980 - INFO - [omi-8.txt] mode=strict_deviation, top_k=None, threshold=1.0, use_topk=False, P=0.3580, R=0.9355, F1=0.5179
2025-04-15 21:24:46,036 - INFO - [omi-8.txt] mode=strict_deviation, top_k=None, threshold=1.5, use_topk=False, P=0.3580, R=0.9355, F1=0.5179
2025-04-15 21:24:46,038 - INFO - [omi-8.txt] mode=strict_deviation, top_k=None, threshold=2.0, use_topk=False, P=0.3580, R=0.9355, F1=0.5179
2025-04-15 21:24:46,098 - INFO - [omi-8.txt] mode=strict_deviation, top_k=None, threshold=2.5, use_topk=False, P=0.3580, R=0.9355, F1=0.5179
2025-04-15 21:24:47,895 - INFO - [omi-8.txt] mode=strict_deviation, top_k=None, threshold=3.0, use_topk=False, P=0.3580, R=0.9355, F1=0.5179
2025-04-15 21:24:47,946 - INFO - [omi-8.txt] mode=strict_deviation, top_k=None, threshold=3.5, use_topk=False, P=0.3580, R=0.9355, F1=0.5179
2025-04-15 21:24:47,962 - INFO - [omi-8.txt] mode=strict_deviation, top_k=None, threshold=4.0, use_topk=False, P=0.3580, R=0.9355, F1=0.5179
2025-04-15 21:24:48,062 - INFO - [omi-8.txt] mode=strict_deviation, top_k=None, threshold=4.5, use_topk=False, P=0.3580, R=0.9355, F1=0.5179
2025-04-15 21:24:49,871 - INFO - [omi-8.txt] mode=strict_deviation, top_k=None, threshold=5.0, use_topk=False, P=0.3580, R=0.9355, F1=0.5179
2025-04-15 21:24:49,884 - INFO - [omi-8.txt] mode=strict_deviation, top_k=None, threshold=5.5, use_topk=False, P=0.3580, R=0.9355, F1=0.5179
2025-04-15 21:24:49,887 - INFO - [omi-8.txt] mode=strict_deviation, top_k=None, threshold=6.0, use_topk=False, P=0.3580, R=0.9355, F1=0.5179
2025-04-15 21:24:49,966 - INFO - [omi-8.txt] mode=strict_deviation, top_k=None, threshold=6.5, use_topk=False, P=0.3580, R=0.9355, F1=0.5179
2025-04-15 21:24:51,581 - INFO - [omi-8.txt] mode=strict_deviation, top_k=None, threshold=7.0, use_topk=False, P=0.3580, R=0.9355, F1=0.5179
2025-04-15 21:24:51,598 - INFO - [omi-9] Starting grid search...
2025-04-15 21:24:54,640 - INFO - [omi-9.txt] mode=strict_deviation, top_k=None, threshold=1.0, use_topk=False, P=0.4962, R=0.9155, F1=0.6436
2025-04-15 21:24:54,640 - INFO - [omi-9.txt] mode=strict_deviation, top_k=None, threshold=1.5, use_topk=False, P=0.4962, R=0.9155, F1=0.6436
2025-04-15 21:24:54,692 - INFO - [omi-9.txt] mode=strict_deviation, top_k=None, threshold=2.0, use_topk=False, P=0.4962, R=0.9155, F1=0.6436
2025-04-15 21:24:54,700 - INFO - [omi-9.txt] mode=strict_deviation, top_k=None, threshold=2.5, use_topk=False, P=0.4962, R=0.9155, F1=0.6436
2025-04-15 21:24:56,543 - INFO - [omi-9.txt] mode=strict_deviation, top_k=None, threshold=3.0, use_topk=False, P=0.4962, R=0.9155, F1=0.6436
2025-04-15 21:24:56,544 - INFO - [omi-9.txt] mode=strict_deviation, top_k=None, threshold=3.5, use_topk=False, P=0.4962, R=0.9155, F1=0.6436
2025-04-15 21:24:56,648 - INFO - [omi-9.txt] mode=strict_deviation, top_k=None, threshold=4.0, use_topk=False, P=0.4962, R=0.9155, F1=0.6436
2025-04-15 21:24:56,649 - INFO - [omi-9.txt] mode=strict_deviation, top_k=None, threshold=4.5, use_topk=False, P=0.4962, R=0.9155, F1=0.6436
2025-04-15 21:24:58,426 - INFO - [omi-9.txt] mode=strict_deviation, top_k=None, threshold=5.0, use_topk=False, P=0.4962, R=0.9155, F1=0.6436
2025-04-15 21:24:58,469 - INFO - [omi-9.txt] mode=strict_deviation, top_k=None, threshold=5.5, use_topk=False, P=0.4962, R=0.9155, F1=0.6436
2025-04-15 21:24:58,612 - INFO - [omi-9.txt] mode=strict_deviation, top_k=None, threshold=6.0, use_topk=False, P=0.4962, R=0.9155, F1=0.6436
2025-04-15 21:24:58,612 - INFO - [omi-9.txt] mode=strict_deviation, top_k=None, threshold=6.5, use_topk=False, P=0.4962, R=0.9155, F1=0.6436
2025-04-15 21:25:00,155 - INFO - [omi-9.txt] mode=strict_deviation, top_k=None, threshold=7.0, use_topk=False, P=0.4962, R=0.9155, F1=0.6436
2025-04-15 21:25:00,175 - INFO - 
==================================================
2025-04-15 21:25:00,175 - INFO - 开始汇总结果...
2025-04-15 21:25:00,180 - INFO - 
===== Best Results per Dataset =====
   dataset       score_mode top_k  score_threshold  use_topk  precision   recall  f1_score
 omi-1.txt strict_deviation  None              1.5     False   0.739496 0.988764  0.846154
omi-10.txt strict_deviation  None              7.0     False   0.483607 0.967213  0.644809
omi-11.txt strict_deviation  None              2.5     False   0.343373 0.982759  0.508929
omi-12.txt strict_deviation  None              5.5     False   0.649123 0.925000  0.762887
 omi-2.txt strict_deviation  None              7.0     False   0.469697 1.000000  0.639175
 omi-3.txt strict_deviation  None              5.0     False   0.822785 0.833333  0.828025
 omi-4.txt strict_deviation  None              6.5     False   0.846154 0.985075  0.910345
 omi-5.txt strict_deviation  None              1.0     False   0.475728 1.000000  0.644737
 omi-6.txt strict_deviation  None              5.5     False   0.263804 0.977273  0.415459
 omi-7.txt strict_deviation  None              1.5     False   0.904762 0.974359  0.938272
 omi-8.txt strict_deviation  None              5.5     False   0.358025 0.935484  0.517857
 omi-9.txt strict_deviation  None              1.0     False   0.496183 0.915493  0.643564
2025-04-15 21:25:00,180 - INFO - 
===== Overall Metrics =====
Precision: 0.4957  Recall: 0.9547  F1: 0.6525
2025-04-15 21:25:00,180 - INFO - 
【原始汇总指标】
2025-04-15 21:25:00,180 - INFO - 精确率(Precision): 0.4957
2025-04-15 21:25:00,180 - INFO - 召回率(Recall):    0.9547
2025-04-15 21:25:00,180 - INFO - F1值:             0.6525
2025-04-15 21:25:00,180 - INFO - 
==================================================
2025-04-15 21:25:00,180 - INFO - 开始生成可视化结果...
2025-04-15 21:25:00,180 - INFO - 
==================================================
2025-04-15 21:25:00,180 - INFO - 开始数据集可视化: omi-1
2025-04-15 21:25:00,180 - INFO - 使用参数: 评分模式=strict_deviation, top_k=None, 阈值=1.5
2025-04-15 21:25:00,180 - INFO - ==================================================

2025-04-15 21:25:00,180 - INFO - 正在加载数据集 omi-1 的数据
2025-04-15 21:25:00,181 - INFO - 数据加载成功。训练集形状: (8640, 19), 测试集形状: (4320, 19)
2025-04-15 21:25:00,181 - INFO - 正在计算边缘统计量...
2025-04-15 21:25:01,913 - INFO - 已计算 170 条边的统计量
2025-04-15 21:25:01,913 - INFO - 为每个节点使用所有邻居
2025-04-15 21:25:01,915 - INFO - 可视化结果将保存到: ./visual/use_topkFalse\omi\strict_deviation\omi-1
2025-04-15 21:25:01,916 - INFO - 在数据集中发现 7 个异常时间段
2025-04-15 21:25:01,916 - INFO - 
正在处理时间段 1/7: 760-765
2025-04-15 21:25:01,916 - INFO - 该时间段的真实异常节点: {4, 5, 7, 8, 9, 10, 11, 12, 13, 14, 15, 16, 17, 18, 19}
2025-04-15 21:25:01,916 - INFO - 正在计算异常分数...
2025-04-15 21:25:01,918 - INFO - 检测到的异常节点: {1, 4, 7, 8, 9, 10, 11, 12, 13, 14, 15, 16, 17, 18, 19}
2025-04-15 21:25:01,918 - INFO - 正在为时间段 760-765 生成可视化
2025-04-15 21:25:01,918 - INFO - 正在为时间段 760-765 生成异常图可视化
2025-04-15 21:25:01,919 - DEBUG - 创建包含 19 个节点的图结构
2025-04-15 21:25:01,920 - DEBUG - 边统计: 正常边 218 条, 异常边 22 条
2025-04-15 21:25:01,920 - INFO - 时间段 760-765 的节点检测统计: 真阳性=14, 假阳性=1, 假阴性=1, 正常节点=3
2025-04-15 21:25:02,005 - DEBUG - 正在保存可视化结果到 ./visual/use_topkFalse\omi\strict_deviation\omi-1\seg_0_760_765.png
2025-04-15 21:25:02,089 - INFO - 成功保存时间段 760-765 的可视化结果
2025-04-15 21:25:02,090 - INFO - 
正在处理时间段 2/7: 1064-1298
2025-04-15 21:25:02,090 - INFO - 该时间段的真实异常节点: {6, 7, 9, 10, 11, 12, 13, 14, 15, 16, 17, 18, 19}
2025-04-15 21:25:02,090 - INFO - 正在计算异常分数...
2025-04-15 21:25:02,188 - INFO - 检测到的异常节点: {1, 3, 4, 5, 6, 7, 8, 9, 10, 11, 12, 13, 14, 15, 16, 17, 18, 19}
2025-04-15 21:25:02,189 - INFO - 正在为时间段 1064-1298 生成可视化
2025-04-15 21:25:02,189 - INFO - 正在为时间段 1064-1298 生成异常图可视化
2025-04-15 21:25:02,189 - DEBUG - 创建包含 19 个节点的图结构
2025-04-15 21:25:02,190 - DEBUG - 边统计: 正常边 284 条, 异常边 22 条
2025-04-15 21:25:02,190 - INFO - 时间段 1064-1298 的节点检测统计: 真阳性=13, 假阳性=5, 假阴性=0, 正常节点=1
2025-04-15 21:25:02,278 - DEBUG - 正在保存可视化结果到 ./visual/use_topkFalse\omi\strict_deviation\omi-1\seg_1_1064_1298.png
2025-04-15 21:25:02,386 - INFO - 成功保存时间段 1064-1298 的可视化结果
2025-04-15 21:25:02,387 - INFO - 
正在处理时间段 3/7: 2758-2772
2025-04-15 21:25:02,387 - INFO - 该时间段的真实异常节点: {5, 6, 7, 8, 9, 10, 11, 12, 13, 14, 15, 16, 17, 18, 19}
2025-04-15 21:25:02,387 - INFO - 正在计算异常分数...
2025-04-15 21:25:02,394 - INFO - 检测到的异常节点: {1, 4, 5, 6, 7, 8, 9, 10, 11, 12, 13, 14, 15, 16, 17, 18, 19}
2025-04-15 21:25:02,394 - INFO - 正在为时间段 2758-2772 生成可视化
2025-04-15 21:25:02,394 - INFO - 正在为时间段 2758-2772 生成异常图可视化
2025-04-15 21:25:02,394 - DEBUG - 创建包含 19 个节点的图结构
2025-04-15 21:25:02,395 - DEBUG - 边统计: 正常边 218 条, 异常边 54 条
2025-04-15 21:25:02,395 - INFO - 时间段 2758-2772 的节点检测统计: 真阳性=15, 假阳性=2, 假阴性=0, 正常节点=2
2025-04-15 21:25:02,471 - DEBUG - 正在保存可视化结果到 ./visual/use_topkFalse\omi\strict_deviation\omi-1\seg_2_2758_2772.png
2025-04-15 21:25:02,548 - INFO - 成功保存时间段 2758-2772 的可视化结果
2025-04-15 21:25:02,549 - INFO - 
正在处理时间段 4/7: 2874-2885
2025-04-15 21:25:02,549 - INFO - 该时间段的真实异常节点: {7, 9, 10, 11, 12, 13, 14, 15, 16, 17, 18}
2025-04-15 21:25:02,549 - INFO - 正在计算异常分数...
2025-04-15 21:25:02,554 - INFO - 检测到的异常节点: {1, 4, 5, 6, 7, 8, 9, 10, 11, 12, 13, 14, 15, 16, 17, 18, 19}
2025-04-15 21:25:02,554 - INFO - 正在为时间段 2874-2885 生成可视化
2025-04-15 21:25:02,554 - INFO - 正在为时间段 2874-2885 生成异常图可视化
2025-04-15 21:25:02,554 - DEBUG - 创建包含 19 个节点的图结构
2025-04-15 21:25:02,556 - DEBUG - 边统计: 正常边 250 条, 异常边 22 条
2025-04-15 21:25:02,556 - INFO - 时间段 2874-2885 的节点检测统计: 真阳性=11, 假阳性=6, 假阴性=0, 正常节点=2
2025-04-15 21:25:02,634 - DEBUG - 正在保存可视化结果到 ./visual/use_topkFalse\omi\strict_deviation\omi-1\seg_3_2874_2885.png
2025-04-15 21:25:02,711 - INFO - 成功保存时间段 2874-2885 的可视化结果
2025-04-15 21:25:02,711 - INFO - 
正在处理时间段 5/7: 3012-3025
2025-04-15 21:25:02,711 - INFO - 该时间段的真实异常节点: {7, 10, 11, 12, 13, 14, 15, 16, 17, 18, 19}
2025-04-15 21:25:02,711 - INFO - 正在计算异常分数...
2025-04-15 21:25:02,717 - INFO - 检测到的异常节点: {1, 4, 5, 6, 7, 8, 9, 10, 11, 12, 13, 14, 15, 16, 17, 18, 19}
2025-04-15 21:25:02,717 - INFO - 正在为时间段 3012-3025 生成可视化
2025-04-15 21:25:02,717 - INFO - 正在为时间段 3012-3025 生成异常图可视化
2025-04-15 21:25:02,717 - DEBUG - 创建包含 19 个节点的图结构
2025-04-15 21:25:02,718 - DEBUG - 边统计: 正常边 232 条, 异常边 40 条
2025-04-15 21:25:02,718 - INFO - 时间段 3012-3025 的节点检测统计: 真阳性=11, 假阳性=6, 假阴性=0, 正常节点=2
2025-04-15 21:25:02,793 - DEBUG - 正在保存可视化结果到 ./visual/use_topkFalse\omi\strict_deviation\omi-1\seg_4_3012_3025.png
2025-04-15 21:25:02,868 - INFO - 成功保存时间段 3012-3025 的可视化结果
2025-04-15 21:25:02,869 - INFO - 
正在处理时间段 6/7: 3160-3305
2025-04-15 21:25:02,869 - INFO - 该时间段的真实异常节点: {8, 9, 10, 11, 12, 13, 14, 15, 16, 17, 18, 19}
2025-04-15 21:25:02,869 - INFO - 正在计算异常分数...
2025-04-15 21:25:02,930 - INFO - 检测到的异常节点: {1, 3, 4, 5, 6, 7, 8, 9, 10, 11, 12, 13, 14, 15, 16, 17, 18, 19}
2025-04-15 21:25:02,931 - INFO - 正在为时间段 3160-3305 生成可视化
2025-04-15 21:25:02,931 - INFO - 正在为时间段 3160-3305 生成异常图可视化
2025-04-15 21:25:02,931 - DEBUG - 创建包含 19 个节点的图结构
2025-04-15 21:25:02,931 - DEBUG - 边统计: 正常边 304 条, 异常边 2 条
2025-04-15 21:25:02,932 - INFO - 时间段 3160-3305 的节点检测统计: 真阳性=12, 假阳性=6, 假阴性=0, 正常节点=1
2025-04-15 21:25:03,018 - DEBUG - 正在保存可视化结果到 ./visual/use_topkFalse\omi\strict_deviation\omi-1\seg_5_3160_3305.png
2025-04-15 21:25:03,113 - INFO - 成功保存时间段 3160-3305 的可视化结果
2025-04-15 21:25:03,114 - INFO - 
正在处理时间段 7/7: 3626-3638
2025-04-15 21:25:03,114 - INFO - 该时间段的真实异常节点: {7, 9, 10, 11, 12, 13, 14, 15, 16, 17, 18, 19}
2025-04-15 21:25:03,114 - INFO - 正在计算异常分数...
2025-04-15 21:25:03,120 - INFO - 检测到的异常节点: {1, 4, 5, 6, 7, 8, 9, 10, 11, 12, 13, 14, 15, 16, 17, 18, 19}
2025-04-15 21:25:03,120 - INFO - 正在为时间段 3626-3638 生成可视化
2025-04-15 21:25:03,120 - INFO - 正在为时间段 3626-3638 生成异常图可视化
2025-04-15 21:25:03,120 - DEBUG - 创建包含 19 个节点的图结构
2025-04-15 21:25:03,121 - DEBUG - 边统计: 正常边 234 条, 异常边 38 条
2025-04-15 21:25:03,121 - INFO - 时间段 3626-3638 的节点检测统计: 真阳性=12, 假阳性=5, 假阴性=0, 正常节点=2
2025-04-15 21:25:03,196 - DEBUG - 正在保存可视化结果到 ./visual/use_topkFalse\omi\strict_deviation\omi-1\seg_6_3626_3638.png
2025-04-15 21:25:03,278 - INFO - 成功保存时间段 3626-3638 的可视化结果
2025-04-15 21:25:03,278 - INFO - 正在从 ./visual/use_topkFalse\omi\strict_deviation\omi-1 中的图像创建GIF
2025-04-15 21:25:03,468 - INFO - GIF已保存到 ./visual/use_topkFalse\omi\strict_deviation\omi-1\omi-1.gif
2025-04-15 21:25:03,468 - INFO - 
==================================================
2025-04-15 21:25:03,468 - INFO - 开始数据集可视化: omi-10
2025-04-15 21:25:03,468 - INFO - 使用参数: 评分模式=strict_deviation, top_k=None, 阈值=7.0
2025-04-15 21:25:03,468 - INFO - ==================================================

2025-04-15 21:25:03,469 - INFO - 正在加载数据集 omi-10 的数据
2025-04-15 21:25:03,470 - INFO - 数据加载成功。训练集形状: (8640, 19), 测试集形状: (4320, 19)
2025-04-15 21:25:03,470 - INFO - 正在计算边缘统计量...
2025-04-15 21:25:05,266 - INFO - 已计算 136 条边的统计量
2025-04-15 21:25:05,266 - INFO - 为每个节点使用所有邻居
2025-04-15 21:25:05,267 - INFO - 可视化结果将保存到: ./visual/use_topkFalse\omi\strict_deviation\omi-10
2025-04-15 21:25:05,267 - INFO - 在数据集中发现 8 个异常时间段
2025-04-15 21:25:05,268 - INFO - 
正在处理时间段 1/8: 740-780
2025-04-15 21:25:05,268 - INFO - 该时间段的真实异常节点: {2, 5, 6, 7, 8, 9, 10, 11, 12, 13, 14, 15, 16, 17, 18, 19}
2025-04-15 21:25:05,268 - INFO - 正在计算异常分数...
2025-04-15 21:25:05,289 - INFO - 检测到的异常节点: {1, 4, 5, 6, 7, 8, 9, 10, 11, 12, 13, 14, 15, 16, 17, 18, 19}
2025-04-15 21:25:05,289 - INFO - 正在为时间段 740-780 生成可视化
2025-04-15 21:25:05,289 - INFO - 正在为时间段 740-780 生成异常图可视化
2025-04-15 21:25:05,289 - DEBUG - 创建包含 19 个节点的图结构
2025-04-15 21:25:05,290 - DEBUG - 边统计: 正常边 166 条, 异常边 106 条
2025-04-15 21:25:05,290 - INFO - 时间段 740-780 的节点检测统计: 真阳性=15, 假阳性=2, 假阴性=1, 正常节点=1
2025-04-15 21:25:05,366 - DEBUG - 正在保存可视化结果到 ./visual/use_topkFalse\omi\strict_deviation\omi-10\seg_0_740_780.png
2025-04-15 21:25:05,451 - INFO - 成功保存时间段 740-780 的可视化结果
2025-04-15 21:25:05,451 - INFO - 
正在处理时间段 2/8: 1345-1406
2025-04-15 21:25:05,451 - INFO - 该时间段的真实异常节点: {7, 9, 10, 11, 12, 13, 14, 15, 16, 17, 18}
2025-04-15 21:25:05,451 - INFO - 正在计算异常分数...
2025-04-15 21:25:05,484 - INFO - 检测到的异常节点: {1, 4, 5, 6, 7, 8, 9, 10, 11, 12, 13, 14, 15, 16, 17, 18, 19}
2025-04-15 21:25:05,484 - INFO - 正在为时间段 1345-1406 生成可视化
2025-04-15 21:25:05,484 - INFO - 正在为时间段 1345-1406 生成异常图可视化
2025-04-15 21:25:05,484 - DEBUG - 创建包含 19 个节点的图结构
2025-04-15 21:25:05,485 - DEBUG - 边统计: 正常边 268 条, 异常边 4 条
2025-04-15 21:25:05,485 - INFO - 时间段 1345-1406 的节点检测统计: 真阳性=11, 假阳性=6, 假阴性=0, 正常节点=2
2025-04-15 21:25:05,618 - DEBUG - 正在保存可视化结果到 ./visual/use_topkFalse\omi\strict_deviation\omi-10\seg_1_1345_1406.png
2025-04-15 21:25:05,700 - INFO - 成功保存时间段 1345-1406 的可视化结果
2025-04-15 21:25:05,700 - INFO - 
正在处理时间段 3/8: 2224-2272
2025-04-15 21:25:05,700 - INFO - 该时间段的真实异常节点: {4, 5, 6, 7, 9, 10, 11, 12, 13, 14, 15, 16, 17, 18, 19}
2025-04-15 21:25:05,700 - INFO - 正在计算异常分数...
2025-04-15 21:25:05,727 - INFO - 检测到的异常节点: {1, 4, 5, 6, 7, 8, 9, 10, 11, 12, 13, 14, 15, 16, 17, 18, 19}
2025-04-15 21:25:05,727 - INFO - 正在为时间段 2224-2272 生成可视化
2025-04-15 21:25:05,727 - INFO - 正在为时间段 2224-2272 生成异常图可视化
2025-04-15 21:25:05,727 - DEBUG - 创建包含 19 个节点的图结构
2025-04-15 21:25:05,727 - DEBUG - 边统计: 正常边 264 条, 异常边 8 条
2025-04-15 21:25:05,727 - INFO - 时间段 2224-2272 的节点检测统计: 真阳性=15, 假阳性=2, 假阴性=0, 正常节点=2
2025-04-15 21:25:05,801 - DEBUG - 正在保存可视化结果到 ./visual/use_topkFalse\omi\strict_deviation\omi-10\seg_2_2224_2272.png
2025-04-15 21:25:05,877 - INFO - 成功保存时间段 2224-2272 的可视化结果
2025-04-15 21:25:05,877 - INFO - 
正在处理时间段 4/8: 2514-2592
2025-04-15 21:25:05,878 - INFO - 该时间段的真实异常节点: {16, 4}
2025-04-15 21:25:05,878 - INFO - 正在计算异常分数...
2025-04-15 21:25:05,918 - INFO - 检测到的异常节点: {1, 4, 5, 6, 7, 8, 9, 10, 11, 12, 13, 14, 15, 16, 17, 18, 19}
2025-04-15 21:25:05,918 - INFO - 正在为时间段 2514-2592 生成可视化
2025-04-15 21:25:05,918 - INFO - 正在为时间段 2514-2592 生成异常图可视化
2025-04-15 21:25:05,918 - DEBUG - 创建包含 19 个节点的图结构
2025-04-15 21:25:05,919 - DEBUG - 边统计: 正常边 272 条, 异常边 0 条
2025-04-15 21:25:05,919 - INFO - 时间段 2514-2592 的节点检测统计: 真阳性=2, 假阳性=15, 假阴性=0, 正常节点=2
2025-04-15 21:25:05,992 - DEBUG - 正在保存可视化结果到 ./visual/use_topkFalse\omi\strict_deviation\omi-10\seg_3_2514_2592.png
2025-04-15 21:25:06,073 - INFO - 成功保存时间段 2514-2592 的可视化结果
2025-04-15 21:25:06,073 - INFO - 
正在处理时间段 5/8: 2733-2778
2025-04-15 21:25:06,073 - INFO - 该时间段的真实异常节点: {11, 14, 15}
2025-04-15 21:25:06,073 - INFO - 正在计算异常分数...
2025-04-15 21:25:06,096 - INFO - 检测到的异常节点: {1, 4, 5, 7, 8, 9, 10, 11, 12, 13, 14, 15, 16, 17, 18, 19}
2025-04-15 21:25:06,096 - INFO - 正在为时间段 2733-2778 生成可视化
2025-04-15 21:25:06,096 - INFO - 正在为时间段 2733-2778 生成异常图可视化
2025-04-15 21:25:06,096 - DEBUG - 创建包含 19 个节点的图结构
2025-04-15 21:25:06,096 - DEBUG - 边统计: 正常边 238 条, 异常边 2 条
2025-04-15 21:25:06,096 - INFO - 时间段 2733-2778 的节点检测统计: 真阳性=3, 假阳性=13, 假阴性=0, 正常节点=3
2025-04-15 21:25:06,175 - DEBUG - 正在保存可视化结果到 ./visual/use_topkFalse\omi\strict_deviation\omi-10\seg_4_2733_2778.png
2025-04-15 21:25:06,254 - INFO - 成功保存时间段 2733-2778 的可视化结果
2025-04-15 21:25:06,254 - INFO - 
正在处理时间段 6/8: 3401-3405
2025-04-15 21:25:06,254 - INFO - 该时间段的真实异常节点: {1}
2025-04-15 21:25:06,255 - INFO - 正在计算异常分数...
2025-04-15 21:25:06,255 - INFO - 检测到的异常节点: {16, 4, 5, 6}
2025-04-15 21:25:06,255 - INFO - 正在为时间段 3401-3405 生成可视化
2025-04-15 21:25:06,255 - INFO - 正在为时间段 3401-3405 生成异常图可视化
2025-04-15 21:25:06,256 - DEBUG - 创建包含 19 个节点的图结构
2025-04-15 21:25:06,256 - DEBUG - 边统计: 正常边 252 条, 异常边 20 条
2025-04-15 21:25:06,256 - INFO - 时间段 3401-3405 的节点检测统计: 真阳性=0, 假阳性=4, 假阴性=1, 正常节点=14
2025-04-15 21:25:06,333 - DEBUG - 正在保存可视化结果到 ./visual/use_topkFalse\omi\strict_deviation\omi-10\seg_5_3401_3405.png
2025-04-15 21:25:06,413 - INFO - 成功保存时间段 3401-3405 的可视化结果
2025-04-15 21:25:06,413 - INFO - 
正在处理时间段 7/8: 3414-3459
2025-04-15 21:25:06,413 - INFO - 该时间段的真实异常节点: {8}
2025-04-15 21:25:06,413 - INFO - 正在计算异常分数...
2025-04-15 21:25:06,438 - INFO - 检测到的异常节点: {1, 4, 5, 6, 7, 8, 9, 10, 11, 12, 13, 14, 15, 16, 17, 18, 19}
2025-04-15 21:25:06,438 - INFO - 正在为时间段 3414-3459 生成可视化
2025-04-15 21:25:06,438 - INFO - 正在为时间段 3414-3459 生成异常图可视化
2025-04-15 21:25:06,438 - DEBUG - 创建包含 19 个节点的图结构
2025-04-15 21:25:06,438 - DEBUG - 边统计: 正常边 234 条, 异常边 38 条
2025-04-15 21:25:06,439 - INFO - 时间段 3414-3459 的节点检测统计: 真阳性=1, 假阳性=16, 假阴性=0, 正常节点=2
2025-04-15 21:25:06,522 - DEBUG - 正在保存可视化结果到 ./visual/use_topkFalse\omi\strict_deviation\omi-10\seg_6_3414_3459.png
2025-04-15 21:25:06,598 - INFO - 成功保存时间段 3414-3459 的可视化结果
2025-04-15 21:25:06,598 - INFO - 
正在处理时间段 8/8: 3700-3744
2025-04-15 21:25:06,599 - INFO - 该时间段的真实异常节点: {7, 8, 9, 10, 11, 12, 13, 14, 15, 16, 17, 18}
2025-04-15 21:25:06,599 - INFO - 正在计算异常分数...
2025-04-15 21:25:06,621 - INFO - 检测到的异常节点: {1, 4, 5, 6, 7, 8, 9, 10, 11, 12, 13, 14, 15, 16, 17, 18, 19}
2025-04-15 21:25:06,621 - INFO - 正在为时间段 3700-3744 生成可视化
2025-04-15 21:25:06,621 - INFO - 正在为时间段 3700-3744 生成异常图可视化
2025-04-15 21:25:06,621 - DEBUG - 创建包含 19 个节点的图结构
2025-04-15 21:25:06,622 - DEBUG - 边统计: 正常边 228 条, 异常边 44 条
2025-04-15 21:25:06,622 - INFO - 时间段 3700-3744 的节点检测统计: 真阳性=12, 假阳性=5, 假阴性=0, 正常节点=2
2025-04-15 21:25:06,704 - DEBUG - 正在保存可视化结果到 ./visual/use_topkFalse\omi\strict_deviation\omi-10\seg_7_3700_3744.png
2025-04-15 21:25:06,783 - INFO - 成功保存时间段 3700-3744 的可视化结果
2025-04-15 21:25:06,783 - INFO - 正在从 ./visual/use_topkFalse\omi\strict_deviation\omi-10 中的图像创建GIF
2025-04-15 21:25:06,995 - INFO - GIF已保存到 ./visual/use_topkFalse\omi\strict_deviation\omi-10\omi-10.gif
2025-04-15 21:25:06,995 - INFO - 
==================================================
2025-04-15 21:25:06,995 - INFO - 开始数据集可视化: omi-11
2025-04-15 21:25:06,995 - INFO - 使用参数: 评分模式=strict_deviation, top_k=None, 阈值=2.5
2025-04-15 21:25:06,995 - INFO - ==================================================

2025-04-15 21:25:06,996 - INFO - 正在加载数据集 omi-11 的数据
2025-04-15 21:25:06,997 - INFO - 数据加载成功。训练集形状: (8640, 19), 测试集形状: (4320, 19)
2025-04-15 21:25:06,997 - INFO - 正在计算边缘统计量...
2025-04-15 21:25:08,780 - INFO - 已计算 153 条边的统计量
2025-04-15 21:25:08,780 - INFO - 为每个节点使用所有邻居
2025-04-15 21:25:08,781 - INFO - 可视化结果将保存到: ./visual/use_topkFalse\omi\strict_deviation\omi-11
2025-04-15 21:25:08,781 - INFO - 在数据集中发现 9 个异常时间段
2025-04-15 21:25:08,781 - INFO - 
正在处理时间段 1/9: 738-755
2025-04-15 21:25:08,781 - INFO - 该时间段的真实异常节点: {2}
2025-04-15 21:25:08,781 - INFO - 正在计算异常分数...
2025-04-15 21:25:08,789 - INFO - 检测到的异常节点: {4, 5, 6, 7, 8, 9, 10, 11, 12, 13, 14, 15, 16, 17, 18, 19}
2025-04-15 21:25:08,789 - INFO - 正在为时间段 738-755 生成可视化
2025-04-15 21:25:08,789 - INFO - 正在为时间段 738-755 生成异常图可视化
2025-04-15 21:25:08,789 - DEBUG - 创建包含 19 个节点的图结构
2025-04-15 21:25:08,790 - DEBUG - 边统计: 正常边 240 条, 异常边 0 条
2025-04-15 21:25:08,790 - INFO - 时间段 738-755 的节点检测统计: 真阳性=0, 假阳性=16, 假阴性=1, 正常节点=2
2025-04-15 21:25:08,865 - DEBUG - 正在保存可视化结果到 ./visual/use_topkFalse\omi\strict_deviation\omi-11\seg_0_738_755.png
2025-04-15 21:25:08,947 - INFO - 成功保存时间段 738-755 的可视化结果
2025-04-15 21:25:08,947 - INFO - 
正在处理时间段 2/9: 757-815
2025-04-15 21:25:08,948 - INFO - 该时间段的真实异常节点: set()
2025-04-15 21:25:08,948 - INFO - 正在计算异常分数...
2025-04-15 21:25:08,978 - INFO - 检测到的异常节点: {1, 4, 5, 6, 7, 8, 9, 10, 11, 12, 13, 14, 15, 16, 17, 18, 19}
2025-04-15 21:25:08,978 - INFO - 正在为时间段 757-815 生成可视化
2025-04-15 21:25:08,979 - INFO - 正在为时间段 757-815 生成异常图可视化
2025-04-15 21:25:08,979 - DEBUG - 创建包含 19 个节点的图结构
2025-04-15 21:25:08,979 - DEBUG - 边统计: 正常边 248 条, 异常边 24 条
2025-04-15 21:25:08,979 - INFO - 时间段 757-815 的节点检测统计: 真阳性=0, 假阳性=17, 假阴性=0, 正常节点=2
2025-04-15 21:25:09,056 - DEBUG - 正在保存可视化结果到 ./visual/use_topkFalse\omi\strict_deviation\omi-11\seg_1_757_815.png
2025-04-15 21:25:09,131 - INFO - 成功保存时间段 757-815 的可视化结果
2025-04-15 21:25:09,131 - INFO - 
正在处理时间段 3/9: 1366-1375
2025-04-15 21:25:09,131 - INFO - 该时间段的真实异常节点: {4, 5, 8, 17, 19}
2025-04-15 21:25:09,131 - INFO - 正在计算异常分数...
2025-04-15 21:25:09,136 - INFO - 检测到的异常节点: {1, 4, 5, 6, 7, 8, 9, 10, 11, 12, 13, 14, 15, 16, 17, 18, 19}
2025-04-15 21:25:09,136 - INFO - 正在为时间段 1366-1375 生成可视化
2025-04-15 21:25:09,136 - INFO - 正在为时间段 1366-1375 生成异常图可视化
2025-04-15 21:25:09,136 - DEBUG - 创建包含 19 个节点的图结构
2025-04-15 21:25:09,137 - DEBUG - 边统计: 正常边 210 条, 异常边 62 条
2025-04-15 21:25:09,137 - INFO - 时间段 1366-1375 的节点检测统计: 真阳性=5, 假阳性=12, 假阴性=0, 正常节点=2
2025-04-15 21:25:09,216 - DEBUG - 正在保存可视化结果到 ./visual/use_topkFalse\omi\strict_deviation\omi-11\seg_2_1366_1375.png
2025-04-15 21:25:09,303 - INFO - 成功保存时间段 1366-1375 的可视化结果
2025-04-15 21:25:09,303 - INFO - 
正在处理时间段 4/9: 2301-2314
2025-04-15 21:25:09,303 - INFO - 该时间段的真实异常节点: {17, 19, 4, 5}
2025-04-15 21:25:09,304 - INFO - 正在计算异常分数...
2025-04-15 21:25:09,310 - INFO - 检测到的异常节点: {1, 4, 5, 6, 7, 8, 9, 10, 11, 12, 13, 14, 15, 16, 17, 18, 19}
2025-04-15 21:25:09,310 - INFO - 正在为时间段 2301-2314 生成可视化
2025-04-15 21:25:09,310 - INFO - 正在为时间段 2301-2314 生成异常图可视化
2025-04-15 21:25:09,310 - DEBUG - 创建包含 19 个节点的图结构
2025-04-15 21:25:09,310 - DEBUG - 边统计: 正常边 232 条, 异常边 40 条
2025-04-15 21:25:09,311 - INFO - 时间段 2301-2314 的节点检测统计: 真阳性=4, 假阳性=13, 假阴性=0, 正常节点=2
2025-04-15 21:25:09,391 - DEBUG - 正在保存可视化结果到 ./visual/use_topkFalse\omi\strict_deviation\omi-11\seg_3_2301_2314.png
2025-04-15 21:25:09,468 - INFO - 成功保存时间段 2301-2314 的可视化结果
2025-04-15 21:25:09,468 - INFO - 
正在处理时间段 5/9: 2365-2381
2025-04-15 21:25:09,468 - INFO - 该时间段的真实异常节点: {19}
2025-04-15 21:25:09,468 - INFO - 正在计算异常分数...
2025-04-15 21:25:09,475 - INFO - 检测到的异常节点: {4, 6, 7, 8, 9, 10, 11, 12, 13, 14, 15, 16, 17, 18, 19}
2025-04-15 21:25:09,475 - INFO - 正在为时间段 2365-2381 生成可视化
2025-04-15 21:25:09,475 - INFO - 正在为时间段 2365-2381 生成异常图可视化
2025-04-15 21:25:09,475 - DEBUG - 创建包含 19 个节点的图结构
2025-04-15 21:25:09,476 - DEBUG - 边统计: 正常边 168 条, 异常边 42 条
2025-04-15 21:25:09,476 - INFO - 时间段 2365-2381 的节点检测统计: 真阳性=1, 假阳性=14, 假阴性=0, 正常节点=4
2025-04-15 21:25:09,551 - DEBUG - 正在保存可视化结果到 ./visual/use_topkFalse\omi\strict_deviation\omi-11\seg_4_2365_2381.png
2025-04-15 21:25:09,628 - INFO - 成功保存时间段 2365-2381 的可视化结果
2025-04-15 21:25:09,628 - INFO - 
正在处理时间段 6/9: 2464-2485
2025-04-15 21:25:09,628 - INFO - 该时间段的真实异常节点: {17, 19, 4, 5}
2025-04-15 21:25:09,628 - INFO - 正在计算异常分数...
2025-04-15 21:25:09,639 - INFO - 检测到的异常节点: {1, 4, 5, 6, 7, 8, 9, 10, 11, 12, 13, 14, 15, 16, 17, 18, 19}
2025-04-15 21:25:09,639 - INFO - 正在为时间段 2464-2485 生成可视化
2025-04-15 21:25:09,639 - INFO - 正在为时间段 2464-2485 生成异常图可视化
2025-04-15 21:25:09,639 - DEBUG - 创建包含 19 个节点的图结构
2025-04-15 21:25:09,639 - DEBUG - 边统计: 正常边 236 条, 异常边 36 条
2025-04-15 21:25:09,639 - INFO - 时间段 2464-2485 的节点检测统计: 真阳性=4, 假阳性=13, 假阴性=0, 正常节点=2
2025-04-15 21:25:09,769 - DEBUG - 正在保存可视化结果到 ./visual/use_topkFalse\omi\strict_deviation\omi-11\seg_5_2464_2485.png
2025-04-15 21:25:09,845 - INFO - 成功保存时间段 2464-2485 的可视化结果
2025-04-15 21:25:09,845 - INFO - 
正在处理时间段 7/9: 2588-2610
2025-04-15 21:25:09,846 - INFO - 该时间段的真实异常节点: {17, 19, 4, 5}
2025-04-15 21:25:09,846 - INFO - 正在计算异常分数...
2025-04-15 21:25:09,856 - INFO - 检测到的异常节点: {1, 4, 5, 6, 7, 8, 9, 10, 11, 12, 13, 14, 15, 16, 17, 18, 19}
2025-04-15 21:25:09,856 - INFO - 正在为时间段 2588-2610 生成可视化
2025-04-15 21:25:09,856 - INFO - 正在为时间段 2588-2610 生成异常图可视化
2025-04-15 21:25:09,856 - DEBUG - 创建包含 19 个节点的图结构
2025-04-15 21:25:09,857 - DEBUG - 边统计: 正常边 216 条, 异常边 56 条
2025-04-15 21:25:09,857 - INFO - 时间段 2588-2610 的节点检测统计: 真阳性=4, 假阳性=13, 假阴性=0, 正常节点=2
2025-04-15 21:25:09,942 - DEBUG - 正在保存可视化结果到 ./visual/use_topkFalse\omi\strict_deviation\omi-11\seg_6_2588_2610.png
2025-04-15 21:25:10,022 - INFO - 成功保存时间段 2588-2610 的可视化结果
2025-04-15 21:25:10,022 - INFO - 
正在处理时间段 8/9: 2650-2675
2025-04-15 21:25:10,022 - INFO - 该时间段的真实异常节点: {19}
2025-04-15 21:25:10,022 - INFO - 正在计算异常分数...
2025-04-15 21:25:10,035 - INFO - 检测到的异常节点: {4, 5, 6, 7, 8, 9, 10, 11, 12, 13, 14, 15, 16, 17, 18, 19}
2025-04-15 21:25:10,035 - INFO - 正在为时间段 2650-2675 生成可视化
2025-04-15 21:25:10,035 - INFO - 正在为时间段 2650-2675 生成异常图可视化
2025-04-15 21:25:10,035 - DEBUG - 创建包含 19 个节点的图结构
2025-04-15 21:25:10,035 - DEBUG - 边统计: 正常边 192 条, 异常边 48 条
2025-04-15 21:25:10,035 - INFO - 时间段 2650-2675 的节点检测统计: 真阳性=1, 假阳性=15, 假阴性=0, 正常节点=3
2025-04-15 21:25:10,116 - DEBUG - 正在保存可视化结果到 ./visual/use_topkFalse\omi\strict_deviation\omi-11\seg_7_2650_2675.png
2025-04-15 21:25:10,194 - INFO - 成功保存时间段 2650-2675 的可视化结果
2025-04-15 21:25:10,194 - INFO - 
正在处理时间段 9/9: 3012-3072
2025-04-15 21:25:10,194 - INFO - 该时间段的真实异常节点: {1, 4, 5, 8, 17, 19}
2025-04-15 21:25:10,194 - INFO - 正在计算异常分数...
2025-04-15 21:25:10,245 - INFO - 检测到的异常节点: {1, 4, 5, 6, 7, 8, 9, 10, 11, 12, 13, 14, 15, 16, 17, 18, 19}
2025-04-15 21:25:10,245 - INFO - 正在为时间段 3012-3072 生成可视化
2025-04-15 21:25:10,245 - INFO - 正在为时间段 3012-3072 生成异常图可视化
2025-04-15 21:25:10,245 - DEBUG - 创建包含 19 个节点的图结构
2025-04-15 21:25:10,246 - DEBUG - 边统计: 正常边 272 条, 异常边 0 条
2025-04-15 21:25:10,246 - INFO - 时间段 3012-3072 的节点检测统计: 真阳性=6, 假阳性=11, 假阴性=0, 正常节点=2
2025-04-15 21:25:10,326 - DEBUG - 正在保存可视化结果到 ./visual/use_topkFalse\omi\strict_deviation\omi-11\seg_8_3012_3072.png
2025-04-15 21:25:10,405 - INFO - 成功保存时间段 3012-3072 的可视化结果
2025-04-15 21:25:10,405 - INFO - 正在从 ./visual/use_topkFalse\omi\strict_deviation\omi-11 中的图像创建GIF
2025-04-15 21:25:10,653 - INFO - GIF已保存到 ./visual/use_topkFalse\omi\strict_deviation\omi-11\omi-11.gif
2025-04-15 21:25:10,653 - INFO - 
==================================================
2025-04-15 21:25:10,653 - INFO - 开始数据集可视化: omi-12
2025-04-15 21:25:10,653 - INFO - 使用参数: 评分模式=strict_deviation, top_k=None, 阈值=5.5
2025-04-15 21:25:10,653 - INFO - ==================================================

2025-04-15 21:25:10,654 - INFO - 正在加载数据集 omi-12 的数据
2025-04-15 21:25:10,654 - INFO - 数据加载成功。训练集形状: (7291, 19), 测试集形状: (4320, 19)
2025-04-15 21:25:10,654 - INFO - 正在计算边缘统计量...
2025-04-15 21:25:12,035 - INFO - 已计算 133 条边的统计量
2025-04-15 21:25:12,035 - INFO - 为每个节点使用所有邻居
2025-04-15 21:25:12,036 - INFO - 可视化结果将保存到: ./visual/use_topkFalse\omi\strict_deviation\omi-12
2025-04-15 21:25:12,036 - INFO - 在数据集中发现 5 个异常时间段
2025-04-15 21:25:12,036 - INFO - 
正在处理时间段 1/5: 740-813
2025-04-15 21:25:12,036 - INFO - 该时间段的真实异常节点: {1, 2, 6, 7, 8, 9, 10, 11, 12, 13, 14, 15, 16, 17, 18, 19}
2025-04-15 21:25:12,036 - INFO - 正在计算异常分数...
2025-04-15 21:25:12,072 - INFO - 检测到的异常节点: {1, 6, 7, 8, 9, 10, 11, 12, 13, 14, 15, 16, 17, 18, 19}
2025-04-15 21:25:12,072 - INFO - 正在为时间段 740-813 生成可视化
2025-04-15 21:25:12,072 - INFO - 正在为时间段 740-813 生成异常图可视化
2025-04-15 21:25:12,072 - DEBUG - 创建包含 19 个节点的图结构
2025-04-15 21:25:12,072 - DEBUG - 边统计: 正常边 140 条, 异常边 70 条
2025-04-15 21:25:12,072 - INFO - 时间段 740-813 的节点检测统计: 真阳性=15, 假阳性=0, 假阴性=1, 正常节点=3
2025-04-15 21:25:12,149 - DEBUG - 正在保存可视化结果到 ./visual/use_topkFalse\omi\strict_deviation\omi-12\seg_0_740_813.png
2025-04-15 21:25:12,237 - INFO - 成功保存时间段 740-813 的可视化结果
2025-04-15 21:25:12,237 - INFO - 
正在处理时间段 2/5: 2486-2493
2025-04-15 21:25:12,237 - INFO - 该时间段的真实异常节点: {4, 5}
2025-04-15 21:25:12,237 - INFO - 正在计算异常分数...
2025-04-15 21:25:12,239 - INFO - 检测到的异常节点: {1, 4, 5, 7, 8, 9, 10, 14, 16, 17, 18}
2025-04-15 21:25:12,239 - INFO - 正在为时间段 2486-2493 生成可视化
2025-04-15 21:25:12,239 - INFO - 正在为时间段 2486-2493 生成异常图可视化
2025-04-15 21:25:12,239 - DEBUG - 创建包含 19 个节点的图结构
2025-04-15 21:25:12,240 - DEBUG - 边统计: 正常边 170 条, 异常边 36 条
2025-04-15 21:25:12,240 - INFO - 时间段 2486-2493 的节点检测统计: 真阳性=2, 假阳性=9, 假阴性=0, 正常节点=8
2025-04-15 21:25:12,323 - DEBUG - 正在保存可视化结果到 ./visual/use_topkFalse\omi\strict_deviation\omi-12\seg_1_2486_2493.png
2025-04-15 21:25:12,403 - INFO - 成功保存时间段 2486-2493 的可视化结果
2025-04-15 21:25:12,403 - INFO - 
正在处理时间段 3/5: 2515-2525
2025-04-15 21:25:12,403 - INFO - 该时间段的真实异常节点: {1, 4, 5, 7, 8, 9, 17, 18}
2025-04-15 21:25:12,404 - INFO - 正在计算异常分数...
2025-04-15 21:25:12,408 - INFO - 检测到的异常节点: {1, 4, 5, 6, 7, 8, 9, 10, 11, 12, 13, 14, 15, 16, 17, 18, 19}
2025-04-15 21:25:12,408 - INFO - 正在为时间段 2515-2525 生成可视化
2025-04-15 21:25:12,408 - INFO - 正在为时间段 2515-2525 生成异常图可视化
2025-04-15 21:25:12,408 - DEBUG - 创建包含 19 个节点的图结构
2025-04-15 21:25:12,409 - DEBUG - 边统计: 正常边 190 条, 异常边 76 条
2025-04-15 21:25:12,409 - INFO - 时间段 2515-2525 的节点检测统计: 真阳性=8, 假阳性=9, 假阴性=0, 正常节点=2
2025-04-15 21:25:12,484 - DEBUG - 正在保存可视化结果到 ./visual/use_topkFalse\omi\strict_deviation\omi-12\seg_2_2515_2525.png
2025-04-15 21:25:12,557 - INFO - 成功保存时间段 2515-2525 的可视化结果
2025-04-15 21:25:12,557 - INFO - 
正在处理时间段 4/5: 2721-2723
2025-04-15 21:25:12,557 - INFO - 该时间段的真实异常节点: {4}
2025-04-15 21:25:12,557 - INFO - 正在计算异常分数...
2025-04-15 21:25:12,557 - INFO - 检测到的异常节点: set()
2025-04-15 21:25:12,557 - INFO - 正在为时间段 2721-2723 生成可视化
2025-04-15 21:25:12,557 - INFO - 正在为时间段 2721-2723 生成异常图可视化
2025-04-15 21:25:12,557 - DEBUG - 创建包含 19 个节点的图结构
2025-04-15 21:25:12,558 - DEBUG - 边统计: 正常边 40 条, 异常边 48 条
2025-04-15 21:25:12,558 - INFO - 时间段 2721-2723 的节点检测统计: 真阳性=0, 假阳性=0, 假阴性=1, 正常节点=18
2025-04-15 21:25:12,635 - DEBUG - 正在保存可视化结果到 ./visual/use_topkFalse\omi\strict_deviation\omi-12\seg_3_2721_2723.png
2025-04-15 21:25:12,714 - INFO - 成功保存时间段 2721-2723 的可视化结果
2025-04-15 21:25:12,714 - INFO - 
正在处理时间段 5/5: 3500-3535
2025-04-15 21:25:12,714 - INFO - 该时间段的真实异常节点: {5, 6, 7, 8, 11, 12, 13, 14, 15, 16, 17, 18, 19}
2025-04-15 21:25:12,715 - INFO - 正在计算异常分数...
2025-04-15 21:25:12,730 - INFO - 检测到的异常节点: {6, 7, 8, 9, 10, 11, 12, 13, 14, 15, 16, 17, 18, 19}
2025-04-15 21:25:12,730 - INFO - 正在为时间段 3500-3535 生成可视化
2025-04-15 21:25:12,730 - INFO - 正在为时间段 3500-3535 生成异常图可视化
2025-04-15 21:25:12,730 - DEBUG - 创建包含 19 个节点的图结构
2025-04-15 21:25:12,731 - DEBUG - 边统计: 正常边 172 条, 异常边 38 条
2025-04-15 21:25:12,731 - INFO - 时间段 3500-3535 的节点检测统计: 真阳性=12, 假阳性=2, 假阴性=1, 正常节点=4
2025-04-15 21:25:12,808 - DEBUG - 正在保存可视化结果到 ./visual/use_topkFalse\omi\strict_deviation\omi-12\seg_4_3500_3535.png
2025-04-15 21:25:12,888 - INFO - 成功保存时间段 3500-3535 的可视化结果
2025-04-15 21:25:12,888 - INFO - 正在从 ./visual/use_topkFalse\omi\strict_deviation\omi-12 中的图像创建GIF
2025-04-15 21:25:13,022 - INFO - GIF已保存到 ./visual/use_topkFalse\omi\strict_deviation\omi-12\omi-12.gif
2025-04-15 21:25:13,022 - INFO - 
==================================================
2025-04-15 21:25:13,022 - INFO - 开始数据集可视化: omi-2
2025-04-15 21:25:13,022 - INFO - 使用参数: 评分模式=strict_deviation, top_k=None, 阈值=7.0
2025-04-15 21:25:13,022 - INFO - ==================================================

2025-04-15 21:25:13,023 - INFO - 正在加载数据集 omi-2 的数据
2025-04-15 21:25:13,024 - INFO - 数据加载成功。训练集形状: (8640, 19), 测试集形状: (4320, 19)
2025-04-15 21:25:13,024 - INFO - 正在计算边缘统计量...
2025-04-15 21:25:14,815 - INFO - 已计算 153 条边的统计量
2025-04-15 21:25:14,815 - INFO - 为每个节点使用所有邻居
2025-04-15 21:25:14,816 - INFO - 可视化结果将保存到: ./visual/use_topkFalse\omi\strict_deviation\omi-2
2025-04-15 21:25:14,816 - INFO - 在数据集中发现 4 个异常时间段
2025-04-15 21:25:14,816 - INFO - 
正在处理时间段 1/4: 486-498
2025-04-15 21:25:14,816 - INFO - 该时间段的真实异常节点: {1, 4, 5}
2025-04-15 21:25:14,816 - INFO - 正在计算异常分数...
2025-04-15 21:25:14,822 - INFO - 检测到的异常节点: {1, 4, 5, 6, 7, 8, 9, 10, 11, 12, 13, 14, 15, 16, 17, 18, 19}
2025-04-15 21:25:14,822 - INFO - 正在为时间段 486-498 生成可视化
2025-04-15 21:25:14,822 - INFO - 正在为时间段 486-498 生成异常图可视化
2025-04-15 21:25:14,823 - DEBUG - 创建包含 19 个节点的图结构
2025-04-15 21:25:14,823 - DEBUG - 边统计: 正常边 272 条, 异常边 0 条
2025-04-15 21:25:14,823 - INFO - 时间段 486-498 的节点检测统计: 真阳性=3, 假阳性=14, 假阴性=0, 正常节点=2
2025-04-15 21:25:14,901 - DEBUG - 正在保存可视化结果到 ./visual/use_topkFalse\omi\strict_deviation\omi-2\seg_0_486_498.png
2025-04-15 21:25:14,979 - INFO - 成功保存时间段 486-498 的可视化结果
2025-04-15 21:25:14,980 - INFO - 
正在处理时间段 2/4: 740-753
2025-04-15 21:25:14,980 - INFO - 该时间段的真实异常节点: {2}
2025-04-15 21:25:14,980 - INFO - 正在计算异常分数...
2025-04-15 21:25:14,986 - INFO - 检测到的异常节点: {2, 4, 5, 6, 7, 8, 9, 10, 11, 12, 13, 14, 15, 16, 17, 19}
2025-04-15 21:25:14,986 - INFO - 正在为时间段 740-753 生成可视化
2025-04-15 21:25:14,986 - INFO - 正在为时间段 740-753 生成异常图可视化
2025-04-15 21:25:14,986 - DEBUG - 创建包含 19 个节点的图结构
2025-04-15 21:25:14,986 - DEBUG - 边统计: 正常边 268 条, 异常边 4 条
2025-04-15 21:25:14,987 - INFO - 时间段 740-753 的节点检测统计: 真阳性=1, 假阳性=15, 假阴性=0, 正常节点=3
2025-04-15 21:25:15,066 - DEBUG - 正在保存可视化结果到 ./visual/use_topkFalse\omi\strict_deviation\omi-2\seg_1_740_753.png
2025-04-15 21:25:15,143 - INFO - 成功保存时间段 740-753 的可视化结果
2025-04-15 21:25:15,144 - INFO - 
正在处理时间段 3/4: 766-783
2025-04-15 21:25:15,144 - INFO - 该时间段的真实异常节点: {1, 5, 6, 7, 8, 9, 10, 11, 12, 13, 14, 15, 16, 17, 18, 19}
2025-04-15 21:25:15,144 - INFO - 正在计算异常分数...
2025-04-15 21:25:15,152 - INFO - 检测到的异常节点: {1, 5, 6, 7, 8, 9, 10, 11, 12, 13, 14, 15, 16, 17, 18, 19}
2025-04-15 21:25:15,153 - INFO - 正在为时间段 766-783 生成可视化
2025-04-15 21:25:15,153 - INFO - 正在为时间段 766-783 生成异常图可视化
2025-04-15 21:25:15,153 - DEBUG - 创建包含 19 个节点的图结构
2025-04-15 21:25:15,153 - DEBUG - 边统计: 正常边 222 条, 异常边 50 条
2025-04-15 21:25:15,153 - INFO - 时间段 766-783 的节点检测统计: 真阳性=16, 假阳性=0, 假阴性=0, 正常节点=3
2025-04-15 21:25:15,239 - DEBUG - 正在保存可视化结果到 ./visual/use_topkFalse\omi\strict_deviation\omi-2\seg_2_766_783.png
2025-04-15 21:25:15,320 - INFO - 成功保存时间段 766-783 的可视化结果
2025-04-15 21:25:15,320 - INFO - 
正在处理时间段 4/4: 1436-1445
2025-04-15 21:25:15,320 - INFO - 该时间段的真实异常节点: {7, 9, 10, 11, 12, 13, 14, 15, 16, 17, 18}
2025-04-15 21:25:15,320 - INFO - 正在计算异常分数...
2025-04-15 21:25:15,324 - INFO - 检测到的异常节点: {1, 4, 5, 6, 7, 8, 9, 10, 11, 12, 13, 14, 15, 16, 17, 18, 19}
2025-04-15 21:25:15,325 - INFO - 正在为时间段 1436-1445 生成可视化
2025-04-15 21:25:15,325 - INFO - 正在为时间段 1436-1445 生成异常图可视化
2025-04-15 21:25:15,325 - DEBUG - 创建包含 19 个节点的图结构
2025-04-15 21:25:15,325 - DEBUG - 边统计: 正常边 270 条, 异常边 2 条
2025-04-15 21:25:15,325 - INFO - 时间段 1436-1445 的节点检测统计: 真阳性=11, 假阳性=6, 假阴性=0, 正常节点=2
2025-04-15 21:25:15,465 - DEBUG - 正在保存可视化结果到 ./visual/use_topkFalse\omi\strict_deviation\omi-2\seg_3_1436_1445.png
2025-04-15 21:25:15,545 - INFO - 成功保存时间段 1436-1445 的可视化结果
2025-04-15 21:25:15,545 - INFO - 正在从 ./visual/use_topkFalse\omi\strict_deviation\omi-2 中的图像创建GIF
2025-04-15 21:25:15,647 - INFO - GIF已保存到 ./visual/use_topkFalse\omi\strict_deviation\omi-2\omi-2.gif
2025-04-15 21:25:15,648 - INFO - 
==================================================
2025-04-15 21:25:15,648 - INFO - 开始数据集可视化: omi-3
2025-04-15 21:25:15,648 - INFO - 使用参数: 评分模式=strict_deviation, top_k=None, 阈值=5.0
2025-04-15 21:25:15,648 - INFO - ==================================================

2025-04-15 21:25:15,648 - INFO - 正在加载数据集 omi-3 的数据
2025-04-15 21:25:15,649 - INFO - 数据加载成功。训练集形状: (8640, 19), 测试集形状: (4320, 19)
2025-04-15 21:25:15,649 - INFO - 正在计算边缘统计量...
2025-04-15 21:25:17,405 - INFO - 已计算 136 条边的统计量
2025-04-15 21:25:17,405 - INFO - 为每个节点使用所有邻居
2025-04-15 21:25:17,405 - INFO - 可视化结果将保存到: ./visual/use_topkFalse\omi\strict_deviation\omi-3
2025-04-15 21:25:17,405 - INFO - 在数据集中发现 6 个异常时间段
2025-04-15 21:25:17,405 - INFO - 
正在处理时间段 1/6: 760-820
2025-04-15 21:25:17,406 - INFO - 该时间段的真实异常节点: {1, 4, 6, 7, 8, 9, 10, 11, 12, 13, 14, 15, 16, 17, 18, 19}
2025-04-15 21:25:17,406 - INFO - 正在计算异常分数...
2025-04-15 21:25:17,437 - INFO - 检测到的异常节点: {1, 4, 5, 6, 7, 8, 9, 10, 11, 12, 13, 14, 15, 16, 17, 18, 19}
2025-04-15 21:25:17,437 - INFO - 正在为时间段 760-820 生成可视化
2025-04-15 21:25:17,437 - INFO - 正在为时间段 760-820 生成异常图可视化
2025-04-15 21:25:17,437 - DEBUG - 创建包含 19 个节点的图结构
2025-04-15 21:25:17,438 - DEBUG - 边统计: 正常边 248 条, 异常边 24 条
2025-04-15 21:25:17,438 - INFO - 时间段 760-820 的节点检测统计: 真阳性=16, 假阳性=1, 假阴性=0, 正常节点=2
2025-04-15 21:25:17,516 - DEBUG - 正在保存可视化结果到 ./visual/use_topkFalse\omi\strict_deviation\omi-3\seg_0_760_820.png
2025-04-15 21:25:17,592 - INFO - 成功保存时间段 760-820 的可视化结果
2025-04-15 21:25:17,592 - INFO - 
正在处理时间段 2/6: 842-860
2025-04-15 21:25:17,592 - INFO - 该时间段的真实异常节点: {7, 8, 9, 10, 11, 12, 13, 14, 15, 16, 17, 18, 19}
2025-04-15 21:25:17,592 - INFO - 正在计算异常分数...
2025-04-15 21:25:17,601 - INFO - 检测到的异常节点: {4, 5, 6, 7, 8, 9, 10, 11, 12, 13, 14, 15, 16, 17, 18, 19}
2025-04-15 21:25:17,601 - INFO - 正在为时间段 842-860 生成可视化
2025-04-15 21:25:17,601 - INFO - 正在为时间段 842-860 生成异常图可视化
2025-04-15 21:25:17,601 - DEBUG - 创建包含 19 个节点的图结构
2025-04-15 21:25:17,602 - DEBUG - 边统计: 正常边 224 条, 异常边 16 条
2025-04-15 21:25:17,602 - INFO - 时间段 842-860 的节点检测统计: 真阳性=13, 假阳性=3, 假阴性=0, 正常节点=3
2025-04-15 21:25:17,679 - DEBUG - 正在保存可视化结果到 ./visual/use_topkFalse\omi\strict_deviation\omi-3\seg_1_842_860.png
2025-04-15 21:25:17,758 - INFO - 成功保存时间段 842-860 的可视化结果
2025-04-15 21:25:17,758 - INFO - 
正在处理时间段 3/6: 1080-1120
2025-04-15 21:25:17,758 - INFO - 该时间段的真实异常节点: {7, 9, 10, 11, 12, 13, 14, 15, 16, 17, 18}
2025-04-15 21:25:17,758 - INFO - 正在计算异常分数...
2025-04-15 21:25:17,778 - INFO - 检测到的异常节点: {1, 4, 5, 6, 7, 8, 9, 10, 11, 12, 13, 14, 15, 16, 17, 18, 19}
2025-04-15 21:25:17,779 - INFO - 正在为时间段 1080-1120 生成可视化
2025-04-15 21:25:17,779 - INFO - 正在为时间段 1080-1120 生成异常图可视化
2025-04-15 21:25:17,779 - DEBUG - 创建包含 19 个节点的图结构
2025-04-15 21:25:17,779 - DEBUG - 边统计: 正常边 272 条, 异常边 0 条
2025-04-15 21:25:17,779 - INFO - 时间段 1080-1120 的节点检测统计: 真阳性=11, 假阳性=6, 假阴性=0, 正常节点=2
2025-04-15 21:25:17,855 - DEBUG - 正在保存可视化结果到 ./visual/use_topkFalse\omi\strict_deviation\omi-3\seg_2_1080_1120.png
2025-04-15 21:25:17,934 - INFO - 成功保存时间段 1080-1120 的可视化结果
2025-04-15 21:25:17,934 - INFO - 
正在处理时间段 4/6: 2188-2201
2025-04-15 21:25:17,934 - INFO - 该时间段的真实异常节点: {7, 9, 10, 11, 12, 13, 14, 15, 16, 17, 18, 19}
2025-04-15 21:25:17,934 - INFO - 正在计算异常分数...
2025-04-15 21:25:17,939 - INFO - 检测到的异常节点: {6, 7, 8, 9, 10, 11, 12, 13, 14, 15, 16, 17, 18, 19}
2025-04-15 21:25:17,939 - INFO - 正在为时间段 2188-2201 生成可视化
2025-04-15 21:25:17,939 - INFO - 正在为时间段 2188-2201 生成异常图可视化
2025-04-15 21:25:17,939 - DEBUG - 创建包含 19 个节点的图结构
2025-04-15 21:25:17,940 - DEBUG - 边统计: 正常边 258 条, 异常边 14 条
2025-04-15 21:25:17,940 - INFO - 时间段 2188-2201 的节点检测统计: 真阳性=12, 假阳性=2, 假阴性=0, 正常节点=5
2025-04-15 21:25:18,019 - DEBUG - 正在保存可视化结果到 ./visual/use_topkFalse\omi\strict_deviation\omi-3\seg_3_2188_2201.png
2025-04-15 21:25:18,098 - INFO - 成功保存时间段 2188-2201 的可视化结果
2025-04-15 21:25:18,099 - INFO - 
正在处理时间段 5/6: 2497-2500
2025-04-15 21:25:18,099 - INFO - 该时间段的真实异常节点: {6, 7, 9, 10, 11, 12, 13, 14, 15, 16, 17, 18, 19}
2025-04-15 21:25:18,099 - INFO - 正在计算异常分数...
2025-04-15 21:25:18,099 - INFO - 检测到的异常节点: set()
2025-04-15 21:25:18,099 - INFO - 正在为时间段 2497-2500 生成可视化
2025-04-15 21:25:18,099 - INFO - 正在为时间段 2497-2500 生成异常图可视化
2025-04-15 21:25:18,099 - DEBUG - 创建包含 19 个节点的图结构
2025-04-15 21:25:18,100 - DEBUG - 边统计: 正常边 208 条, 异常边 2 条
2025-04-15 21:25:18,100 - INFO - 时间段 2497-2500 的节点检测统计: 真阳性=0, 假阳性=0, 假阴性=13, 正常节点=6
2025-04-15 21:25:18,177 - DEBUG - 正在保存可视化结果到 ./visual/use_topkFalse\omi\strict_deviation\omi-3\seg_4_2497_2500.png
2025-04-15 21:25:18,259 - INFO - 成功保存时间段 2497-2500 的可视化结果
2025-04-15 21:25:18,259 - INFO - 
正在处理时间段 6/6: 3428-3434
2025-04-15 21:25:18,259 - INFO - 该时间段的真实异常节点: {7, 8, 9, 10, 11, 12, 13, 14, 15, 16, 17, 18, 19}
2025-04-15 21:25:18,259 - INFO - 正在计算异常分数...
2025-04-15 21:25:18,261 - INFO - 检测到的异常节点: {1, 4, 7, 8, 9, 10, 11, 12, 13, 14, 15, 16, 17, 18, 19}
2025-04-15 21:25:18,261 - INFO - 正在为时间段 3428-3434 生成可视化
2025-04-15 21:25:18,261 - INFO - 正在为时间段 3428-3434 生成异常图可视化
2025-04-15 21:25:18,261 - DEBUG - 创建包含 19 个节点的图结构
2025-04-15 21:25:18,262 - DEBUG - 边统计: 正常边 270 条, 异常边 2 条
2025-04-15 21:25:18,262 - INFO - 时间段 3428-3434 的节点检测统计: 真阳性=13, 假阳性=2, 假阴性=0, 正常节点=4
2025-04-15 21:25:18,337 - DEBUG - 正在保存可视化结果到 ./visual/use_topkFalse\omi\strict_deviation\omi-3\seg_5_3428_3434.png
2025-04-15 21:25:18,416 - INFO - 成功保存时间段 3428-3434 的可视化结果
2025-04-15 21:25:18,417 - INFO - 正在从 ./visual/use_topkFalse\omi\strict_deviation\omi-3 中的图像创建GIF
2025-04-15 21:25:18,574 - INFO - GIF已保存到 ./visual/use_topkFalse\omi\strict_deviation\omi-3\omi-3.gif
2025-04-15 21:25:18,574 - INFO - 
==================================================
2025-04-15 21:25:18,574 - INFO - 开始数据集可视化: omi-4
2025-04-15 21:25:18,574 - INFO - 使用参数: 评分模式=strict_deviation, top_k=None, 阈值=6.5
2025-04-15 21:25:18,574 - INFO - ==================================================

2025-04-15 21:25:18,575 - INFO - 正在加载数据集 omi-4 的数据
2025-04-15 21:25:18,575 - INFO - 数据加载成功。训练集形状: (8640, 19), 测试集形状: (4320, 19)
2025-04-15 21:25:18,575 - INFO - 正在计算边缘统计量...
2025-04-15 21:25:20,382 - INFO - 已计算 136 条边的统计量
2025-04-15 21:25:20,382 - INFO - 为每个节点使用所有邻居
2025-04-15 21:25:20,388 - INFO - 可视化结果将保存到: ./visual/use_topkFalse\omi\strict_deviation\omi-4
2025-04-15 21:25:20,388 - INFO - 在数据集中发现 5 个异常时间段
2025-04-15 21:25:20,388 - INFO - 
正在处理时间段 1/5: 727-782
2025-04-15 21:25:20,389 - INFO - 该时间段的真实异常节点: {1, 2, 6, 7, 8, 9, 10, 11, 12, 13, 14, 15, 16, 17, 18, 19}
2025-04-15 21:25:20,389 - INFO - 正在计算异常分数...
2025-04-15 21:25:20,416 - INFO - 检测到的异常节点: {1, 4, 5, 6, 7, 8, 9, 10, 11, 12, 13, 14, 15, 16, 17, 18, 19}
2025-04-15 21:25:20,416 - INFO - 正在为时间段 727-782 生成可视化
2025-04-15 21:25:20,416 - INFO - 正在为时间段 727-782 生成异常图可视化
2025-04-15 21:25:20,416 - DEBUG - 创建包含 19 个节点的图结构
2025-04-15 21:25:20,416 - DEBUG - 边统计: 正常边 240 条, 异常边 32 条
2025-04-15 21:25:20,417 - INFO - 时间段 727-782 的节点检测统计: 真阳性=15, 假阳性=2, 假阴性=1, 正常节点=1
2025-04-15 21:25:20,493 - DEBUG - 正在保存可视化结果到 ./visual/use_topkFalse\omi\strict_deviation\omi-4\seg_0_727_782.png
2025-04-15 21:25:20,569 - INFO - 成功保存时间段 727-782 的可视化结果
2025-04-15 21:25:20,569 - INFO - 
正在处理时间段 2/5: 843-857
2025-04-15 21:25:20,569 - INFO - 该时间段的真实异常节点: {6, 7, 8, 9, 10, 11, 12, 13, 14, 15, 16, 17, 18, 19}
2025-04-15 21:25:20,569 - INFO - 正在计算异常分数...
2025-04-15 21:25:20,578 - INFO - 检测到的异常节点: {4, 5, 6, 7, 8, 9, 10, 11, 12, 13, 14, 15, 16, 17, 18, 19}
2025-04-15 21:25:20,579 - INFO - 正在为时间段 843-857 生成可视化
2025-04-15 21:25:20,579 - INFO - 正在为时间段 843-857 生成异常图可视化
2025-04-15 21:25:20,579 - DEBUG - 创建包含 19 个节点的图结构
2025-04-15 21:25:20,580 - DEBUG - 边统计: 正常边 236 条, 异常边 4 条
2025-04-15 21:25:20,580 - INFO - 时间段 843-857 的节点检测统计: 真阳性=14, 假阳性=2, 假阴性=0, 正常节点=3
2025-04-15 21:25:20,656 - DEBUG - 正在保存可视化结果到 ./visual/use_topkFalse\omi\strict_deviation\omi-4\seg_1_843_857.png
2025-04-15 21:25:20,737 - INFO - 成功保存时间段 843-857 的可视化结果
2025-04-15 21:25:20,737 - INFO - 
正在处理时间段 3/5: 2178-2238
2025-04-15 21:25:20,737 - INFO - 该时间段的真实异常节点: {8, 9, 10, 11, 12, 13, 14, 15, 16, 17, 18, 19}
2025-04-15 21:25:20,737 - INFO - 正在计算异常分数...
2025-04-15 21:25:20,768 - INFO - 检测到的异常节点: {1, 4, 5, 6, 7, 8, 9, 10, 11, 12, 13, 14, 15, 16, 17, 18, 19}
2025-04-15 21:25:20,769 - INFO - 正在为时间段 2178-2238 生成可视化
2025-04-15 21:25:20,769 - INFO - 正在为时间段 2178-2238 生成异常图可视化
2025-04-15 21:25:20,769 - DEBUG - 创建包含 19 个节点的图结构
2025-04-15 21:25:20,769 - DEBUG - 边统计: 正常边 272 条, 异常边 0 条
2025-04-15 21:25:20,769 - INFO - 时间段 2178-2238 的节点检测统计: 真阳性=12, 假阳性=5, 假阴性=0, 正常节点=2
2025-04-15 21:25:20,848 - DEBUG - 正在保存可视化结果到 ./visual/use_topkFalse\omi\strict_deviation\omi-4\seg_2_2178_2238.png
2025-04-15 21:25:20,924 - INFO - 成功保存时间段 2178-2238 的可视化结果
2025-04-15 21:25:20,924 - INFO - 
正在处理时间段 4/5: 2494-2501
2025-04-15 21:25:20,924 - INFO - 该时间段的真实异常节点: {7, 9, 10, 11, 12, 13, 14, 15, 16, 17, 18, 19}
2025-04-15 21:25:20,924 - INFO - 正在计算异常分数...
2025-04-15 21:25:20,927 - INFO - 检测到的异常节点: {6, 7, 9, 10, 11, 12, 13, 14, 15, 16, 17, 18, 19}
2025-04-15 21:25:20,927 - INFO - 正在为时间段 2494-2501 生成可视化
2025-04-15 21:25:20,927 - INFO - 正在为时间段 2494-2501 生成异常图可视化
2025-04-15 21:25:20,927 - DEBUG - 创建包含 19 个节点的图结构
2025-04-15 21:25:20,928 - DEBUG - 边统计: 正常边 218 条, 异常边 22 条
2025-04-15 21:25:20,928 - INFO - 时间段 2494-2501 的节点检测统计: 真阳性=12, 假阳性=1, 假阴性=0, 正常节点=6
2025-04-15 21:25:21,006 - DEBUG - 正在保存可视化结果到 ./visual/use_topkFalse\omi\strict_deviation\omi-4\seg_3_2494_2501.png
2025-04-15 21:25:21,084 - INFO - 成功保存时间段 2494-2501 的可视化结果
2025-04-15 21:25:21,084 - INFO - 
正在处理时间段 5/5: 3425-3435
2025-04-15 21:25:21,084 - INFO - 该时间段的真实异常节点: {7, 8, 9, 10, 11, 12, 13, 14, 15, 16, 17, 18, 19}
2025-04-15 21:25:21,084 - INFO - 正在计算异常分数...
2025-04-15 21:25:21,088 - INFO - 检测到的异常节点: {5, 6, 7, 8, 9, 10, 11, 12, 13, 14, 15, 16, 17, 18, 19}
2025-04-15 21:25:21,089 - INFO - 正在为时间段 3425-3435 生成可视化
2025-04-15 21:25:21,089 - INFO - 正在为时间段 3425-3435 生成异常图可视化
2025-04-15 21:25:21,089 - DEBUG - 创建包含 19 个节点的图结构
2025-04-15 21:25:21,089 - DEBUG - 边统计: 正常边 252 条, 异常边 20 条
2025-04-15 21:25:21,090 - INFO - 时间段 3425-3435 的节点检测统计: 真阳性=13, 假阳性=2, 假阴性=0, 正常节点=4
2025-04-15 21:25:21,164 - DEBUG - 正在保存可视化结果到 ./visual/use_topkFalse\omi\strict_deviation\omi-4\seg_4_3425_3435.png
2025-04-15 21:25:21,237 - INFO - 成功保存时间段 3425-3435 的可视化结果
2025-04-15 21:25:21,237 - INFO - 正在从 ./visual/use_topkFalse\omi\strict_deviation\omi-4 中的图像创建GIF
2025-04-15 21:25:21,365 - INFO - GIF已保存到 ./visual/use_topkFalse\omi\strict_deviation\omi-4\omi-4.gif
2025-04-15 21:25:21,365 - INFO - 
==================================================
2025-04-15 21:25:21,365 - INFO - 开始数据集可视化: omi-5
2025-04-15 21:25:21,365 - INFO - 使用参数: 评分模式=strict_deviation, top_k=None, 阈值=1.0
2025-04-15 21:25:21,365 - INFO - ==================================================

2025-04-15 21:25:21,365 - INFO - 正在加载数据集 omi-5 的数据
2025-04-15 21:25:21,367 - INFO - 数据加载成功。训练集形状: (8640, 19), 测试集形状: (4320, 19)
2025-04-15 21:25:21,367 - INFO - 正在计算边缘统计量...
2025-04-15 21:25:23,245 - INFO - 已计算 153 条边的统计量
2025-04-15 21:25:23,245 - INFO - 为每个节点使用所有邻居
2025-04-15 21:25:23,245 - INFO - 可视化结果将保存到: ./visual/use_topkFalse\omi\strict_deviation\omi-5
2025-04-15 21:25:23,246 - INFO - 在数据集中发现 6 个异常时间段
2025-04-15 21:25:23,246 - INFO - 
正在处理时间段 1/6: 765-781
2025-04-15 21:25:23,246 - INFO - 该时间段的真实异常节点: {6, 7, 8, 9, 10, 11, 12, 13, 14, 15, 16, 17, 18, 19}
2025-04-15 21:25:23,246 - INFO - 正在计算异常分数...
2025-04-15 21:25:23,253 - INFO - 检测到的异常节点: {1, 2, 5, 6, 7, 8, 9, 10, 11, 12, 13, 14, 15, 16, 17, 18, 19}
2025-04-15 21:25:23,253 - INFO - 正在为时间段 765-781 生成可视化
2025-04-15 21:25:23,253 - INFO - 正在为时间段 765-781 生成异常图可视化
2025-04-15 21:25:23,253 - DEBUG - 创建包含 19 个节点的图结构
2025-04-15 21:25:23,255 - DEBUG - 边统计: 正常边 214 条, 异常边 92 条
2025-04-15 21:25:23,255 - INFO - 时间段 765-781 的节点检测统计: 真阳性=14, 假阳性=3, 假阴性=0, 正常节点=2
2025-04-15 21:25:23,394 - DEBUG - 正在保存可视化结果到 ./visual/use_topkFalse\omi\strict_deviation\omi-5\seg_0_765_781.png
2025-04-15 21:25:23,473 - INFO - 成功保存时间段 765-781 的可视化结果
2025-04-15 21:25:23,473 - INFO - 
正在处理时间段 2/6: 1589-1617
2025-04-15 21:25:23,473 - INFO - 该时间段的真实异常节点: {17, 2, 4}
2025-04-15 21:25:23,473 - INFO - 正在计算异常分数...
2025-04-15 21:25:23,489 - INFO - 检测到的异常节点: {1, 2, 4, 5, 6, 7, 8, 9, 10, 11, 12, 13, 14, 15, 16, 17, 18, 19}
2025-04-15 21:25:23,489 - INFO - 正在为时间段 1589-1617 生成可视化
2025-04-15 21:25:23,489 - INFO - 正在为时间段 1589-1617 生成异常图可视化
2025-04-15 21:25:23,489 - DEBUG - 创建包含 19 个节点的图结构
2025-04-15 21:25:23,490 - DEBUG - 边统计: 正常边 270 条, 异常边 36 条
2025-04-15 21:25:23,490 - INFO - 时间段 1589-1617 的节点检测统计: 真阳性=3, 假阳性=15, 假阴性=0, 正常节点=1
2025-04-15 21:25:23,571 - DEBUG - 正在保存可视化结果到 ./visual/use_topkFalse\omi\strict_deviation\omi-5\seg_1_1589_1617.png
2025-04-15 21:25:23,647 - INFO - 成功保存时间段 1589-1617 的可视化结果
2025-04-15 21:25:23,647 - INFO - 
正在处理时间段 3/6: 2440-2446
2025-04-15 21:25:23,648 - INFO - 该时间段的真实异常节点: {8, 11, 12, 13, 14, 15, 16, 17, 18, 19}
2025-04-15 21:25:23,648 - INFO - 正在计算异常分数...
2025-04-15 21:25:23,650 - INFO - 检测到的异常节点: {1, 4, 5, 6, 7, 8, 9, 10, 11, 12, 13, 14, 15, 16, 17, 18, 19}
2025-04-15 21:25:23,650 - INFO - 正在为时间段 2440-2446 生成可视化
2025-04-15 21:25:23,650 - INFO - 正在为时间段 2440-2446 生成异常图可视化
2025-04-15 21:25:23,650 - DEBUG - 创建包含 19 个节点的图结构
2025-04-15 21:25:23,651 - DEBUG - 边统计: 正常边 246 条, 异常边 60 条
2025-04-15 21:25:23,651 - INFO - 时间段 2440-2446 的节点检测统计: 真阳性=10, 假阳性=7, 假阴性=0, 正常节点=2
2025-04-15 21:25:23,732 - DEBUG - 正在保存可视化结果到 ./visual/use_topkFalse\omi\strict_deviation\omi-5\seg_2_2440_2446.png
2025-04-15 21:25:23,807 - INFO - 成功保存时间段 2440-2446 的可视化结果
2025-04-15 21:25:23,807 - INFO - 
正在处理时间段 4/6: 3356-3363
2025-04-15 21:25:23,807 - INFO - 该时间段的真实异常节点: {17, 5, 6}
2025-04-15 21:25:23,807 - INFO - 正在计算异常分数...
2025-04-15 21:25:23,810 - INFO - 检测到的异常节点: {1, 4, 5, 6, 7, 8, 9, 10, 11, 12, 13, 14, 15, 16, 17, 18, 19}
2025-04-15 21:25:23,810 - INFO - 正在为时间段 3356-3363 生成可视化
2025-04-15 21:25:23,810 - INFO - 正在为时间段 3356-3363 生成异常图可视化
2025-04-15 21:25:23,810 - DEBUG - 创建包含 19 个节点的图结构
2025-04-15 21:25:23,811 - DEBUG - 边统计: 正常边 260 条, 异常边 46 条
2025-04-15 21:25:23,811 - INFO - 时间段 3356-3363 的节点检测统计: 真阳性=3, 假阳性=14, 假阴性=0, 正常节点=2
2025-04-15 21:25:23,889 - DEBUG - 正在保存可视化结果到 ./visual/use_topkFalse\omi\strict_deviation\omi-5\seg_3_3356_3363.png
2025-04-15 21:25:23,969 - INFO - 成功保存时间段 3356-3363 的可视化结果
2025-04-15 21:25:23,969 - INFO - 
正在处理时间段 5/6: 3416-3423
2025-04-15 21:25:23,970 - INFO - 该时间段的真实异常节点: {4, 5, 7, 9, 10, 11, 12, 13, 14, 15, 16, 17, 18, 19}
2025-04-15 21:25:23,970 - INFO - 正在计算异常分数...
2025-04-15 21:25:23,972 - INFO - 检测到的异常节点: {1, 4, 5, 6, 7, 8, 9, 10, 11, 12, 13, 14, 15, 16, 17, 18, 19}
2025-04-15 21:25:23,973 - INFO - 正在为时间段 3416-3423 生成可视化
2025-04-15 21:25:23,973 - INFO - 正在为时间段 3416-3423 生成异常图可视化
2025-04-15 21:25:23,973 - DEBUG - 创建包含 19 个节点的图结构
2025-04-15 21:25:23,973 - DEBUG - 边统计: 正常边 294 条, 异常边 12 条
2025-04-15 21:25:23,974 - INFO - 时间段 3416-3423 的节点检测统计: 真阳性=14, 假阳性=3, 假阴性=0, 正常节点=2
2025-04-15 21:25:24,051 - DEBUG - 正在保存可视化结果到 ./visual/use_topkFalse\omi\strict_deviation\omi-5\seg_4_3416_3423.png
2025-04-15 21:25:24,136 - INFO - 成功保存时间段 3416-3423 的可视化结果
2025-04-15 21:25:24,137 - INFO - 
正在处理时间段 6/6: 3590-3594
2025-04-15 21:25:24,137 - INFO - 该时间段的真实异常节点: {1, 8, 17, 18, 19}
2025-04-15 21:25:24,137 - INFO - 正在计算异常分数...
2025-04-15 21:25:24,137 - INFO - 检测到的异常节点: {1, 4, 5, 6, 7, 8, 9, 10, 11, 12, 13, 14, 15, 16, 17, 18, 19}
2025-04-15 21:25:24,137 - INFO - 正在为时间段 3590-3594 生成可视化
2025-04-15 21:25:24,137 - INFO - 正在为时间段 3590-3594 生成异常图可视化
2025-04-15 21:25:24,137 - DEBUG - 创建包含 19 个节点的图结构
2025-04-15 21:25:24,139 - DEBUG - 边统计: 正常边 232 条, 异常边 74 条
2025-04-15 21:25:24,139 - INFO - 时间段 3590-3594 的节点检测统计: 真阳性=5, 假阳性=12, 假阴性=0, 正常节点=2
2025-04-15 21:25:24,218 - DEBUG - 正在保存可视化结果到 ./visual/use_topkFalse\omi\strict_deviation\omi-5\seg_5_3590_3594.png
2025-04-15 21:25:24,298 - INFO - 成功保存时间段 3590-3594 的可视化结果
2025-04-15 21:25:24,298 - INFO - 正在从 ./visual/use_topkFalse\omi\strict_deviation\omi-5 中的图像创建GIF
2025-04-15 21:25:24,458 - INFO - GIF已保存到 ./visual/use_topkFalse\omi\strict_deviation\omi-5\omi-5.gif
2025-04-15 21:25:24,459 - INFO - 
==================================================
2025-04-15 21:25:24,459 - INFO - 开始数据集可视化: omi-6
2025-04-15 21:25:24,459 - INFO - 使用参数: 评分模式=strict_deviation, top_k=None, 阈值=5.5
2025-04-15 21:25:24,459 - INFO - ==================================================

2025-04-15 21:25:24,460 - INFO - 正在加载数据集 omi-6 的数据
2025-04-15 21:25:24,460 - INFO - 数据加载成功。训练集形状: (8640, 19), 测试集形状: (4320, 19)
2025-04-15 21:25:24,460 - INFO - 正在计算边缘统计量...
2025-04-15 21:25:26,266 - INFO - 已计算 153 条边的统计量
2025-04-15 21:25:26,266 - INFO - 为每个节点使用所有邻居
2025-04-15 21:25:26,266 - INFO - 可视化结果将保存到: ./visual/use_topkFalse\omi\strict_deviation\omi-6
2025-04-15 21:25:26,267 - INFO - 在数据集中发现 10 个异常时间段
2025-04-15 21:25:26,267 - INFO - 
正在处理时间段 1/10: 357-392
2025-04-15 21:25:26,267 - INFO - 该时间段的真实异常节点: {19, 4}
2025-04-15 21:25:26,267 - INFO - 正在计算异常分数...
2025-04-15 21:25:26,284 - INFO - 检测到的异常节点: {1, 4, 5, 6, 7, 8, 9, 10, 11, 12, 13, 14, 15, 16, 17, 18, 19}
2025-04-15 21:25:26,284 - INFO - 正在为时间段 357-392 生成可视化
2025-04-15 21:25:26,284 - INFO - 正在为时间段 357-392 生成异常图可视化
2025-04-15 21:25:26,284 - DEBUG - 创建包含 19 个节点的图结构
2025-04-15 21:25:26,285 - DEBUG - 边统计: 正常边 254 条, 异常边 18 条
2025-04-15 21:25:26,285 - INFO - 时间段 357-392 的节点检测统计: 真阳性=2, 假阳性=15, 假阴性=0, 正常节点=2
2025-04-15 21:25:26,365 - DEBUG - 正在保存可视化结果到 ./visual/use_topkFalse\omi\strict_deviation\omi-6\seg_0_357_392.png
2025-04-15 21:25:26,442 - INFO - 成功保存时间段 357-392 的可视化结果
2025-04-15 21:25:26,442 - INFO - 
正在处理时间段 2/10: 750-788
2025-04-15 21:25:26,442 - INFO - 该时间段的真实异常节点: {2, 6, 7, 8, 9, 10, 11, 12, 13, 14, 15, 16, 17, 18, 19}
2025-04-15 21:25:26,443 - INFO - 正在计算异常分数...
2025-04-15 21:25:26,464 - INFO - 检测到的异常节点: {1, 4, 5, 6, 7, 8, 9, 10, 11, 12, 13, 14, 15, 16, 17, 18, 19}
2025-04-15 21:25:26,464 - INFO - 正在为时间段 750-788 生成可视化
2025-04-15 21:25:26,464 - INFO - 正在为时间段 750-788 生成异常图可视化
2025-04-15 21:25:26,464 - DEBUG - 创建包含 19 个节点的图结构
2025-04-15 21:25:26,465 - DEBUG - 边统计: 正常边 184 条, 异常边 88 条
2025-04-15 21:25:26,465 - INFO - 时间段 750-788 的节点检测统计: 真阳性=14, 假阳性=3, 假阴性=1, 正常节点=1
2025-04-15 21:25:26,552 - DEBUG - 正在保存可视化结果到 ./visual/use_topkFalse\omi\strict_deviation\omi-6\seg_1_750_788.png
2025-04-15 21:25:26,629 - INFO - 成功保存时间段 750-788 的可视化结果
2025-04-15 21:25:26,629 - INFO - 
正在处理时间段 3/10: 1278-1293
2025-04-15 21:25:26,629 - INFO - 该时间段的真实异常节点: {4, 5, 6, 8, 17}
2025-04-15 21:25:26,630 - INFO - 正在计算异常分数...
2025-04-15 21:25:26,637 - INFO - 检测到的异常节点: {1, 4, 5, 6, 7, 8, 9, 10, 11, 12, 13, 14, 15, 16, 17, 18, 19}
2025-04-15 21:25:26,637 - INFO - 正在为时间段 1278-1293 生成可视化
2025-04-15 21:25:26,637 - INFO - 正在为时间段 1278-1293 生成异常图可视化
2025-04-15 21:25:26,637 - DEBUG - 创建包含 19 个节点的图结构
2025-04-15 21:25:26,638 - DEBUG - 边统计: 正常边 270 条, 异常边 2 条
2025-04-15 21:25:26,638 - INFO - 时间段 1278-1293 的节点检测统计: 真阳性=5, 假阳性=12, 假阴性=0, 正常节点=2
2025-04-15 21:25:26,716 - DEBUG - 正在保存可视化结果到 ./visual/use_topkFalse\omi\strict_deviation\omi-6\seg_2_1278_1293.png
2025-04-15 21:25:26,802 - INFO - 成功保存时间段 1278-1293 的可视化结果
2025-04-15 21:25:26,802 - INFO - 
正在处理时间段 4/10: 1590-1615
2025-04-15 21:25:26,802 - INFO - 该时间段的真实异常节点: {1, 18, 9}
2025-04-15 21:25:26,802 - INFO - 正在计算异常分数...
2025-04-15 21:25:26,815 - INFO - 检测到的异常节点: {1, 4, 5, 6, 7, 8, 9, 10, 11, 12, 13, 14, 15, 16, 17, 18, 19}
2025-04-15 21:25:26,815 - INFO - 正在为时间段 1590-1615 生成可视化
2025-04-15 21:25:26,815 - INFO - 正在为时间段 1590-1615 生成异常图可视化
2025-04-15 21:25:26,815 - DEBUG - 创建包含 19 个节点的图结构
2025-04-15 21:25:26,816 - DEBUG - 边统计: 正常边 272 条, 异常边 0 条
2025-04-15 21:25:26,816 - INFO - 时间段 1590-1615 的节点检测统计: 真阳性=3, 假阳性=14, 假阴性=0, 正常节点=2
2025-04-15 21:25:26,896 - DEBUG - 正在保存可视化结果到 ./visual/use_topkFalse\omi\strict_deviation\omi-6\seg_3_1590_1615.png
2025-04-15 21:25:26,971 - INFO - 成功保存时间段 1590-1615 的可视化结果
2025-04-15 21:25:26,971 - INFO - 
正在处理时间段 5/10: 2592-2604
2025-04-15 21:25:26,971 - INFO - 该时间段的真实异常节点: {9, 4, 6}
2025-04-15 21:25:26,971 - INFO - 正在计算异常分数...
2025-04-15 21:25:26,976 - INFO - 检测到的异常节点: {4, 5, 6, 7, 8, 9, 10, 11, 12, 13, 14, 15, 16, 17, 18, 19}
2025-04-15 21:25:26,976 - INFO - 正在为时间段 2592-2604 生成可视化
2025-04-15 21:25:26,976 - INFO - 正在为时间段 2592-2604 生成异常图可视化
2025-04-15 21:25:26,977 - DEBUG - 创建包含 19 个节点的图结构
2025-04-15 21:25:26,977 - DEBUG - 边统计: 正常边 236 条, 异常边 4 条
2025-04-15 21:25:26,977 - INFO - 时间段 2592-2604 的节点检测统计: 真阳性=3, 假阳性=13, 假阴性=0, 正常节点=3
2025-04-15 21:25:27,053 - DEBUG - 正在保存可视化结果到 ./visual/use_topkFalse\omi\strict_deviation\omi-6\seg_4_2592_2604.png
2025-04-15 21:25:27,130 - INFO - 成功保存时间段 2592-2604 的可视化结果
2025-04-15 21:25:27,130 - INFO - 
正在处理时间段 6/10: 2734-2765
2025-04-15 21:25:27,130 - INFO - 该时间段的真实异常节点: {8, 19, 4, 6}
2025-04-15 21:25:27,130 - INFO - 正在计算异常分数...
2025-04-15 21:25:27,147 - INFO - 检测到的异常节点: {1, 4, 5, 6, 7, 8, 9, 10, 11, 12, 13, 14, 15, 16, 17, 18, 19}
2025-04-15 21:25:27,147 - INFO - 正在为时间段 2734-2765 生成可视化
2025-04-15 21:25:27,147 - INFO - 正在为时间段 2734-2765 生成异常图可视化
2025-04-15 21:25:27,147 - DEBUG - 创建包含 19 个节点的图结构
2025-04-15 21:25:27,148 - DEBUG - 边统计: 正常边 270 条, 异常边 2 条
2025-04-15 21:25:27,148 - INFO - 时间段 2734-2765 的节点检测统计: 真阳性=4, 假阳性=13, 假阴性=0, 正常节点=2
2025-04-15 21:25:27,230 - DEBUG - 正在保存可视化结果到 ./visual/use_topkFalse\omi\strict_deviation\omi-6\seg_5_2734_2765.png
2025-04-15 21:25:27,308 - INFO - 成功保存时间段 2734-2765 的可视化结果
2025-04-15 21:25:27,308 - INFO - 
正在处理时间段 7/10: 3066-3072
2025-04-15 21:25:27,308 - INFO - 该时间段的真实异常节点: {19, 4, 6}
2025-04-15 21:25:27,308 - INFO - 正在计算异常分数...
2025-04-15 21:25:27,310 - INFO - 检测到的异常节点: {4, 5, 6, 7, 8, 10, 11, 12, 13, 14, 15, 16, 17, 18, 19}
2025-04-15 21:25:27,311 - INFO - 正在为时间段 3066-3072 生成可视化
2025-04-15 21:25:27,311 - INFO - 正在为时间段 3066-3072 生成异常图可视化
2025-04-15 21:25:27,311 - DEBUG - 创建包含 19 个节点的图结构
2025-04-15 21:25:27,311 - DEBUG - 边统计: 正常边 230 条, 异常边 42 条
2025-04-15 21:25:27,311 - INFO - 时间段 3066-3072 的节点检测统计: 真阳性=3, 假阳性=12, 假阴性=0, 正常节点=4
2025-04-15 21:25:27,388 - DEBUG - 正在保存可视化结果到 ./visual/use_topkFalse\omi\strict_deviation\omi-6\seg_6_3066_3072.png
2025-04-15 21:25:27,524 - INFO - 成功保存时间段 3066-3072 的可视化结果
2025-04-15 21:25:27,525 - INFO - 
正在处理时间段 8/10: 3596-3605
2025-04-15 21:25:27,525 - INFO - 该时间段的真实异常节点: {19, 4, 5, 6}
2025-04-15 21:25:27,525 - INFO - 正在计算异常分数...
2025-04-15 21:25:27,529 - INFO - 检测到的异常节点: {1, 4, 5, 6, 7, 8, 9, 10, 11, 12, 13, 14, 15, 16, 17, 18, 19}
2025-04-15 21:25:27,529 - INFO - 正在为时间段 3596-3605 生成可视化
2025-04-15 21:25:27,529 - INFO - 正在为时间段 3596-3605 生成异常图可视化
2025-04-15 21:25:27,529 - DEBUG - 创建包含 19 个节点的图结构
2025-04-15 21:25:27,529 - DEBUG - 边统计: 正常边 272 条, 异常边 0 条
2025-04-15 21:25:27,529 - INFO - 时间段 3596-3605 的节点检测统计: 真阳性=4, 假阳性=13, 假阴性=0, 正常节点=2
2025-04-15 21:25:27,604 - DEBUG - 正在保存可视化结果到 ./visual/use_topkFalse\omi\strict_deviation\omi-6\seg_7_3596_3605.png
2025-04-15 21:25:27,684 - INFO - 成功保存时间段 3596-3605 的可视化结果
2025-04-15 21:25:27,684 - INFO - 
正在处理时间段 9/10: 3610-3622
2025-04-15 21:25:27,685 - INFO - 该时间段的真实异常节点: {1, 4, 5}
2025-04-15 21:25:27,685 - INFO - 正在计算异常分数...
2025-04-15 21:25:27,690 - INFO - 检测到的异常节点: {1, 4, 5, 6, 7, 8, 9, 10, 11, 12, 13, 14, 15, 16, 17, 18, 19}
2025-04-15 21:25:27,690 - INFO - 正在为时间段 3610-3622 生成可视化
2025-04-15 21:25:27,690 - INFO - 正在为时间段 3610-3622 生成异常图可视化
2025-04-15 21:25:27,690 - DEBUG - 创建包含 19 个节点的图结构
2025-04-15 21:25:27,691 - DEBUG - 边统计: 正常边 272 条, 异常边 0 条
2025-04-15 21:25:27,691 - INFO - 时间段 3610-3622 的节点检测统计: 真阳性=3, 假阳性=14, 假阴性=0, 正常节点=2
2025-04-15 21:25:27,772 - DEBUG - 正在保存可视化结果到 ./visual/use_topkFalse\omi\strict_deviation\omi-6\seg_8_3610_3622.png
2025-04-15 21:25:27,853 - INFO - 成功保存时间段 3610-3622 的可视化结果
2025-04-15 21:25:27,853 - INFO - 
正在处理时间段 10/10: 4159-4164
2025-04-15 21:25:27,853 - INFO - 该时间段的真实异常节点: {4, 5}
2025-04-15 21:25:27,853 - INFO - 正在计算异常分数...
2025-04-15 21:25:27,854 - INFO - 检测到的异常节点: {4, 5, 6, 7, 8, 9, 10, 11, 13, 14, 15, 17, 18}
2025-04-15 21:25:27,854 - INFO - 正在为时间段 4159-4164 生成可视化
2025-04-15 21:25:27,854 - INFO - 正在为时间段 4159-4164 生成异常图可视化
2025-04-15 21:25:27,854 - DEBUG - 创建包含 19 个节点的图结构
2025-04-15 21:25:27,855 - DEBUG - 边统计: 正常边 248 条, 异常边 24 条
2025-04-15 21:25:27,855 - INFO - 时间段 4159-4164 的节点检测统计: 真阳性=2, 假阳性=11, 假阴性=0, 正常节点=6
2025-04-15 21:25:27,929 - DEBUG - 正在保存可视化结果到 ./visual/use_topkFalse\omi\strict_deviation\omi-6\seg_9_4159_4164.png
2025-04-15 21:25:28,003 - INFO - 成功保存时间段 4159-4164 的可视化结果
2025-04-15 21:25:28,003 - INFO - 正在从 ./visual/use_topkFalse\omi\strict_deviation\omi-6 中的图像创建GIF
2025-04-15 21:25:28,278 - INFO - GIF已保存到 ./visual/use_topkFalse\omi\strict_deviation\omi-6\omi-6.gif
2025-04-15 21:25:28,278 - INFO - 
==================================================
2025-04-15 21:25:28,278 - INFO - 开始数据集可视化: omi-7
2025-04-15 21:25:28,278 - INFO - 使用参数: 评分模式=strict_deviation, top_k=None, 阈值=1.5
2025-04-15 21:25:28,278 - INFO - ==================================================

2025-04-15 21:25:28,279 - INFO - 正在加载数据集 omi-7 的数据
2025-04-15 21:25:28,280 - INFO - 数据加载成功。训练集形状: (8640, 19), 测试集形状: (4320, 19)
2025-04-15 21:25:28,280 - INFO - 正在计算边缘统计量...
2025-04-15 21:25:29,940 - INFO - 已计算 136 条边的统计量
2025-04-15 21:25:29,940 - INFO - 为每个节点使用所有邻居
2025-04-15 21:25:29,940 - INFO - 可视化结果将保存到: ./visual/use_topkFalse\omi\strict_deviation\omi-7
2025-04-15 21:25:29,941 - INFO - 在数据集中发现 3 个异常时间段
2025-04-15 21:25:29,941 - INFO - 
正在处理时间段 1/3: 738-778
2025-04-15 21:25:29,941 - INFO - 该时间段的真实异常节点: {1, 2, 4, 6, 7, 8, 9, 10, 11, 12, 13, 14, 15, 16, 17, 18, 19}
2025-04-15 21:25:29,941 - INFO - 正在计算异常分数...
2025-04-15 21:25:29,960 - INFO - 检测到的异常节点: {1, 4, 5, 6, 7, 8, 9, 10, 11, 12, 13, 14, 15, 16, 17, 18, 19}
2025-04-15 21:25:29,960 - INFO - 正在为时间段 738-778 生成可视化
2025-04-15 21:25:29,960 - INFO - 正在为时间段 738-778 生成异常图可视化
2025-04-15 21:25:29,961 - DEBUG - 创建包含 19 个节点的图结构
2025-04-15 21:25:29,961 - DEBUG - 边统计: 正常边 166 条, 异常边 106 条
2025-04-15 21:25:29,961 - INFO - 时间段 738-778 的节点检测统计: 真阳性=16, 假阳性=1, 假阴性=1, 正常节点=1
2025-04-15 21:25:30,050 - DEBUG - 正在保存可视化结果到 ./visual/use_topkFalse\omi\strict_deviation\omi-7\seg_0_738_778.png
2025-04-15 21:25:30,133 - INFO - 成功保存时间段 738-778 的可视化结果
2025-04-15 21:25:30,133 - INFO - 
正在处理时间段 2/3: 1625-1660
2025-04-15 21:25:30,133 - INFO - 该时间段的真实异常节点: {7, 10, 11, 12, 13, 14, 15, 16, 17, 18, 19}
2025-04-15 21:25:30,133 - INFO - 正在计算异常分数...
2025-04-15 21:25:30,152 - INFO - 检测到的异常节点: {5, 7, 8, 9, 10, 11, 12, 13, 14, 15, 16, 17, 18, 19}
2025-04-15 21:25:30,152 - INFO - 正在为时间段 1625-1660 生成可视化
2025-04-15 21:25:30,152 - INFO - 正在为时间段 1625-1660 生成异常图可视化
2025-04-15 21:25:30,152 - DEBUG - 创建包含 19 个节点的图结构
2025-04-15 21:25:30,153 - DEBUG - 边统计: 正常边 130 条, 异常边 52 条
2025-04-15 21:25:30,153 - INFO - 时间段 1625-1660 的节点检测统计: 真阳性=11, 假阳性=3, 假阴性=0, 正常节点=5
2025-04-15 21:25:30,235 - DEBUG - 正在保存可视化结果到 ./visual/use_topkFalse\omi\strict_deviation\omi-7\seg_1_1625_1660.png
2025-04-15 21:25:30,317 - INFO - 成功保存时间段 1625-1660 的可视化结果
2025-04-15 21:25:30,317 - INFO - 
正在处理时间段 3/3: 3311-3320
2025-04-15 21:25:30,318 - INFO - 该时间段的真实异常节点: {7, 10, 11, 12, 13, 14, 15, 16, 17, 18, 19}
2025-04-15 21:25:30,318 - INFO - 正在计算异常分数...
2025-04-15 21:25:30,321 - INFO - 检测到的异常节点: {7, 10, 11, 12, 13, 14, 15, 16, 17, 18, 19}
2025-04-15 21:25:30,321 - INFO - 正在为时间段 3311-3320 生成可视化
2025-04-15 21:25:30,321 - INFO - 正在为时间段 3311-3320 生成异常图可视化
2025-04-15 21:25:30,321 - DEBUG - 创建包含 19 个节点的图结构
2025-04-15 21:25:30,322 - DEBUG - 边统计: 正常边 188 条, 异常边 22 条
2025-04-15 21:25:30,322 - INFO - 时间段 3311-3320 的节点检测统计: 真阳性=11, 假阳性=0, 假阴性=0, 正常节点=8
2025-04-15 21:25:30,404 - DEBUG - 正在保存可视化结果到 ./visual/use_topkFalse\omi\strict_deviation\omi-7\seg_2_3311_3320.png
2025-04-15 21:25:30,483 - INFO - 成功保存时间段 3311-3320 的可视化结果
2025-04-15 21:25:30,484 - INFO - 正在从 ./visual/use_topkFalse\omi\strict_deviation\omi-7 中的图像创建GIF
2025-04-15 21:25:30,561 - INFO - GIF已保存到 ./visual/use_topkFalse\omi\strict_deviation\omi-7\omi-7.gif
2025-04-15 21:25:30,561 - INFO - 
==================================================
2025-04-15 21:25:30,562 - INFO - 开始数据集可视化: omi-8
2025-04-15 21:25:30,562 - INFO - 使用参数: 评分模式=strict_deviation, top_k=None, 阈值=5.5
2025-04-15 21:25:30,562 - INFO - ==================================================

2025-04-15 21:25:30,562 - INFO - 正在加载数据集 omi-8 的数据
2025-04-15 21:25:30,563 - INFO - 数据加载成功。训练集形状: (8640, 19), 测试集形状: (4320, 19)
2025-04-15 21:25:30,563 - INFO - 正在计算边缘统计量...
2025-04-15 21:25:32,238 - INFO - 已计算 136 条边的统计量
2025-04-15 21:25:32,238 - INFO - 为每个节点使用所有邻居
2025-04-15 21:25:32,238 - INFO - 可视化结果将保存到: ./visual/use_topkFalse\omi\strict_deviation\omi-8
2025-04-15 21:25:32,239 - INFO - 在数据集中发现 5 个异常时间段
2025-04-15 21:25:32,239 - INFO - 
正在处理时间段 1/5: 740-753
2025-04-15 21:25:32,239 - INFO - 该时间段的真实异常节点: {2, 4}
2025-04-15 21:25:32,239 - INFO - 正在计算异常分数...
2025-04-15 21:25:32,245 - INFO - 检测到的异常节点: {1, 4, 6, 7, 8, 9, 10, 11, 12, 13, 14, 15, 16, 17, 18, 19}
2025-04-15 21:25:32,245 - INFO - 正在为时间段 740-753 生成可视化
2025-04-15 21:25:32,245 - INFO - 正在为时间段 740-753 生成异常图可视化
2025-04-15 21:25:32,245 - DEBUG - 创建包含 19 个节点的图结构
2025-04-15 21:25:32,246 - DEBUG - 边统计: 正常边 238 条, 异常边 2 条
2025-04-15 21:25:32,246 - INFO - 时间段 740-753 的节点检测统计: 真阳性=1, 假阳性=15, 假阴性=1, 正常节点=2
2025-04-15 21:25:32,325 - DEBUG - 正在保存可视化结果到 ./visual/use_topkFalse\omi\strict_deviation\omi-8\seg_0_740_753.png
2025-04-15 21:25:32,407 - INFO - 成功保存时间段 740-753 的可视化结果
2025-04-15 21:25:32,407 - INFO - 
正在处理时间段 2/5: 764-780
2025-04-15 21:25:32,407 - INFO - 该时间段的真实异常节点: {6, 7, 8, 9, 10, 11, 12, 13, 14, 15, 16, 17, 18, 19}
2025-04-15 21:25:32,407 - INFO - 正在计算异常分数...
2025-04-15 21:25:32,413 - INFO - 检测到的异常节点: {1, 6, 7, 8, 9, 10, 11, 12, 13, 14, 15, 16, 17, 18, 19}
2025-04-15 21:25:32,413 - INFO - 正在为时间段 764-780 生成可视化
2025-04-15 21:25:32,413 - INFO - 正在为时间段 764-780 生成异常图可视化
2025-04-15 21:25:32,414 - DEBUG - 创建包含 19 个节点的图结构
2025-04-15 21:25:32,414 - DEBUG - 边统计: 正常边 146 条, 异常边 64 条
2025-04-15 21:25:32,414 - INFO - 时间段 764-780 的节点检测统计: 真阳性=14, 假阳性=1, 假阴性=0, 正常节点=4
2025-04-15 21:25:32,487 - DEBUG - 正在保存可视化结果到 ./visual/use_topkFalse\omi\strict_deviation\omi-8\seg_1_764_780.png
2025-04-15 21:25:32,564 - INFO - 成功保存时间段 764-780 的可视化结果
2025-04-15 21:25:32,564 - INFO - 
正在处理时间段 3/5: 2319-2325
2025-04-15 21:25:32,564 - INFO - 该时间段的真实异常节点: {4, 5, 6}
2025-04-15 21:25:32,565 - INFO - 正在计算异常分数...
2025-04-15 21:25:32,567 - INFO - 检测到的异常节点: {4, 5, 6, 7, 8, 9, 10, 11, 12, 13, 14, 15, 16, 17, 18, 19}
2025-04-15 21:25:32,567 - INFO - 正在为时间段 2319-2325 生成可视化
2025-04-15 21:25:32,567 - INFO - 正在为时间段 2319-2325 生成异常图可视化
2025-04-15 21:25:32,567 - DEBUG - 创建包含 19 个节点的图结构
2025-04-15 21:25:32,568 - DEBUG - 边统计: 正常边 228 条, 异常边 44 条
2025-04-15 21:25:32,568 - INFO - 时间段 2319-2325 的节点检测统计: 真阳性=3, 假阳性=13, 假阴性=0, 正常节点=3
2025-04-15 21:25:32,650 - DEBUG - 正在保存可视化结果到 ./visual/use_topkFalse\omi\strict_deviation\omi-8\seg_2_2319_2325.png
2025-04-15 21:25:32,726 - INFO - 成功保存时间段 2319-2325 的可视化结果
2025-04-15 21:25:32,726 - INFO - 
正在处理时间段 4/5: 2586-2675
2025-04-15 21:25:32,726 - INFO - 该时间段的真实异常节点: {5, 6, 8, 17, 18, 19}
2025-04-15 21:25:32,726 - INFO - 正在计算异常分数...
2025-04-15 21:25:32,775 - INFO - 检测到的异常节点: {1, 4, 5, 6, 7, 8, 9, 10, 11, 12, 13, 14, 15, 16, 17, 18, 19}
2025-04-15 21:25:32,775 - INFO - 正在为时间段 2586-2675 生成可视化
2025-04-15 21:25:32,775 - INFO - 正在为时间段 2586-2675 生成异常图可视化
2025-04-15 21:25:32,775 - DEBUG - 创建包含 19 个节点的图结构
2025-04-15 21:25:32,776 - DEBUG - 边统计: 正常边 260 条, 异常边 12 条
2025-04-15 21:25:32,776 - INFO - 时间段 2586-2675 的节点检测统计: 真阳性=6, 假阳性=11, 假阴性=0, 正常节点=2
2025-04-15 21:25:32,852 - DEBUG - 正在保存可视化结果到 ./visual/use_topkFalse\omi\strict_deviation\omi-8\seg_3_2586_2675.png
2025-04-15 21:25:32,930 - INFO - 成功保存时间段 2586-2675 的可视化结果
2025-04-15 21:25:32,931 - INFO - 
正在处理时间段 5/5: 2897-2956
2025-04-15 21:25:32,931 - INFO - 该时间段的真实异常节点: {2, 6, 8, 17, 18, 19}
2025-04-15 21:25:32,931 - INFO - 正在计算异常分数...
2025-04-15 21:25:32,963 - INFO - 检测到的异常节点: {1, 4, 5, 6, 7, 8, 9, 10, 11, 12, 13, 14, 15, 16, 17, 18, 19}
2025-04-15 21:25:32,963 - INFO - 正在为时间段 2897-2956 生成可视化
2025-04-15 21:25:32,963 - INFO - 正在为时间段 2897-2956 生成异常图可视化
2025-04-15 21:25:32,963 - DEBUG - 创建包含 19 个节点的图结构
2025-04-15 21:25:32,964 - DEBUG - 边统计: 正常边 230 条, 异常边 42 条
2025-04-15 21:25:32,964 - INFO - 时间段 2897-2956 的节点检测统计: 真阳性=5, 假阳性=12, 假阴性=1, 正常节点=1
2025-04-15 21:25:33,041 - DEBUG - 正在保存可视化结果到 ./visual/use_topkFalse\omi\strict_deviation\omi-8\seg_4_2897_2956.png
2025-04-15 21:25:33,119 - INFO - 成功保存时间段 2897-2956 的可视化结果
2025-04-15 21:25:33,119 - INFO - 正在从 ./visual/use_topkFalse\omi\strict_deviation\omi-8 中的图像创建GIF
2025-04-15 21:25:33,247 - INFO - GIF已保存到 ./visual/use_topkFalse\omi\strict_deviation\omi-8\omi-8.gif
2025-04-15 21:25:33,247 - INFO - 
==================================================
2025-04-15 21:25:33,247 - INFO - 开始数据集可视化: omi-9
2025-04-15 21:25:33,247 - INFO - 使用参数: 评分模式=strict_deviation, top_k=None, 阈值=1.0
2025-04-15 21:25:33,247 - INFO - ==================================================

2025-04-15 21:25:33,249 - INFO - 正在加载数据集 omi-9 的数据
2025-04-15 21:25:33,250 - INFO - 数据加载成功。训练集形状: (8640, 19), 测试集形状: (4320, 19)
2025-04-15 21:25:33,250 - INFO - 正在计算边缘统计量...
2025-04-15 21:25:34,860 - INFO - 已计算 136 条边的统计量
2025-04-15 21:25:34,860 - INFO - 为每个节点使用所有邻居
2025-04-15 21:25:34,861 - INFO - 可视化结果将保存到: ./visual/use_topkFalse\omi\strict_deviation\omi-9
2025-04-15 21:25:34,861 - INFO - 在数据集中发现 8 个异常时间段
2025-04-15 21:25:34,861 - INFO - 
正在处理时间段 1/8: 738-756
2025-04-15 21:25:34,861 - INFO - 该时间段的真实异常节点: {2, 9, 10, 11, 12, 13, 14, 15, 16, 17, 18, 19}
2025-04-15 21:25:34,861 - INFO - 正在计算异常分数...
2025-04-15 21:25:34,869 - INFO - 检测到的异常节点: {1, 7, 8, 9, 10, 11, 12, 13, 14, 15, 16, 17, 18, 19}
2025-04-15 21:25:34,869 - INFO - 正在为时间段 738-756 生成可视化
2025-04-15 21:25:34,869 - INFO - 正在为时间段 738-756 生成异常图可视化
2025-04-15 21:25:34,869 - DEBUG - 创建包含 19 个节点的图结构
2025-04-15 21:25:34,869 - DEBUG - 边统计: 正常边 158 条, 异常边 24 条
2025-04-15 21:25:34,869 - INFO - 时间段 738-756 的节点检测统计: 真阳性=11, 假阳性=3, 假阴性=1, 正常节点=4
2025-04-15 21:25:34,945 - DEBUG - 正在保存可视化结果到 ./visual/use_topkFalse\omi\strict_deviation\omi-9\seg_0_738_756.png
2025-04-15 21:25:35,077 - INFO - 成功保存时间段 738-756 的可视化结果
2025-04-15 21:25:35,077 - INFO - 
正在处理时间段 2/8: 763-780
2025-04-15 21:25:35,077 - INFO - 该时间段的真实异常节点: {1, 6, 7, 8, 9, 10, 11, 12, 13, 14, 15, 16, 17, 18, 19}
2025-04-15 21:25:35,078 - INFO - 正在计算异常分数...
2025-04-15 21:25:35,086 - INFO - 检测到的异常节点: {1, 6, 7, 8, 9, 10, 11, 12, 13, 14, 15, 16, 17, 18, 19}
2025-04-15 21:25:35,086 - INFO - 正在为时间段 763-780 生成可视化
2025-04-15 21:25:35,087 - INFO - 正在为时间段 763-780 生成异常图可视化
2025-04-15 21:25:35,087 - DEBUG - 创建包含 19 个节点的图结构
2025-04-15 21:25:35,087 - DEBUG - 边统计: 正常边 118 条, 异常边 92 条
2025-04-15 21:25:35,087 - INFO - 时间段 763-780 的节点检测统计: 真阳性=15, 假阳性=0, 假阴性=0, 正常节点=4
2025-04-15 21:25:35,171 - DEBUG - 正在保存可视化结果到 ./visual/use_topkFalse\omi\strict_deviation\omi-9\seg_1_763_780.png
2025-04-15 21:25:35,251 - INFO - 成功保存时间段 763-780 的可视化结果
2025-04-15 21:25:35,251 - INFO - 
正在处理时间段 3/8: 2514-2524
2025-04-15 21:25:35,252 - INFO - 该时间段的真实异常节点: {1, 4, 5, 7, 8, 9, 17, 18}
2025-04-15 21:25:35,252 - INFO - 正在计算异常分数...
2025-04-15 21:25:35,256 - INFO - 检测到的异常节点: {1, 4, 5, 6, 7, 8, 9, 10, 11, 12, 13, 14, 15, 16, 17, 18, 19}
2025-04-15 21:25:35,256 - INFO - 正在为时间段 2514-2524 生成可视化
2025-04-15 21:25:35,256 - INFO - 正在为时间段 2514-2524 生成异常图可视化
2025-04-15 21:25:35,256 - DEBUG - 创建包含 19 个节点的图结构
2025-04-15 21:25:35,258 - DEBUG - 边统计: 正常边 210 条, 异常边 62 条
2025-04-15 21:25:35,258 - INFO - 时间段 2514-2524 的节点检测统计: 真阳性=8, 假阳性=9, 假阴性=0, 正常节点=2
2025-04-15 21:25:35,337 - DEBUG - 正在保存可视化结果到 ./visual/use_topkFalse\omi\strict_deviation\omi-9\seg_2_2514_2524.png
2025-04-15 21:25:35,411 - INFO - 成功保存时间段 2514-2524 的可视化结果
2025-04-15 21:25:35,412 - INFO - 
正在处理时间段 4/8: 2603-2668
2025-04-15 21:25:35,412 - INFO - 该时间段的真实异常节点: {1, 2, 5, 6, 8, 17, 18, 19}
2025-04-15 21:25:35,412 - INFO - 正在计算异常分数...
2025-04-15 21:25:35,446 - INFO - 检测到的异常节点: {1, 4, 5, 6, 7, 8, 9, 10, 11, 12, 13, 14, 15, 16, 17, 18, 19}
2025-04-15 21:25:35,446 - INFO - 正在为时间段 2603-2668 生成可视化
2025-04-15 21:25:35,446 - INFO - 正在为时间段 2603-2668 生成异常图可视化
2025-04-15 21:25:35,446 - DEBUG - 创建包含 19 个节点的图结构
2025-04-15 21:25:35,446 - DEBUG - 边统计: 正常边 212 条, 异常边 60 条
2025-04-15 21:25:35,446 - INFO - 时间段 2603-2668 的节点检测统计: 真阳性=7, 假阳性=10, 假阴性=1, 正常节点=1
2025-04-15 21:25:35,534 - DEBUG - 正在保存可视化结果到 ./visual/use_topkFalse\omi\strict_deviation\omi-9\seg_3_2603_2668.png
2025-04-15 21:25:35,611 - INFO - 成功保存时间段 2603-2668 的可视化结果
2025-04-15 21:25:35,611 - INFO - 
正在处理时间段 5/8: 2918-2958
2025-04-15 21:25:35,612 - INFO - 该时间段的真实异常节点: {1, 2, 5, 6, 8, 17, 18, 19}
2025-04-15 21:25:35,612 - INFO - 正在计算异常分数...
2025-04-15 21:25:35,632 - INFO - 检测到的异常节点: {1, 4, 5, 6, 7, 8, 9, 10, 11, 12, 13, 14, 15, 16, 17, 18, 19}
2025-04-15 21:25:35,632 - INFO - 正在为时间段 2918-2958 生成可视化
2025-04-15 21:25:35,632 - INFO - 正在为时间段 2918-2958 生成异常图可视化
2025-04-15 21:25:35,632 - DEBUG - 创建包含 19 个节点的图结构
2025-04-15 21:25:35,632 - DEBUG - 边统计: 正常边 200 条, 异常边 72 条
2025-04-15 21:25:35,632 - INFO - 时间段 2918-2958 的节点检测统计: 真阳性=7, 假阳性=10, 假阴性=1, 正常节点=1
2025-04-15 21:25:35,709 - DEBUG - 正在保存可视化结果到 ./visual/use_topkFalse\omi\strict_deviation\omi-9\seg_4_2918_2958.png
2025-04-15 21:25:35,787 - INFO - 成功保存时间段 2918-2958 的可视化结果
2025-04-15 21:25:35,787 - INFO - 
正在处理时间段 6/8: 3170-3245
2025-04-15 21:25:35,787 - INFO - 该时间段的真实异常节点: {1, 2, 6, 8, 17, 18, 19}
2025-04-15 21:25:35,787 - INFO - 正在计算异常分数...
2025-04-15 21:25:35,823 - INFO - 检测到的异常节点: {1, 4, 5, 6, 7, 8, 9, 10, 11, 12, 13, 14, 15, 16, 17, 18, 19}
2025-04-15 21:25:35,823 - INFO - 正在为时间段 3170-3245 生成可视化
2025-04-15 21:25:35,823 - INFO - 正在为时间段 3170-3245 生成异常图可视化
2025-04-15 21:25:35,823 - DEBUG - 创建包含 19 个节点的图结构
2025-04-15 21:25:35,824 - DEBUG - 边统计: 正常边 226 条, 异常边 46 条
2025-04-15 21:25:35,824 - INFO - 时间段 3170-3245 的节点检测统计: 真阳性=6, 假阳性=11, 假阴性=1, 正常节点=1
2025-04-15 21:25:35,907 - DEBUG - 正在保存可视化结果到 ./visual/use_topkFalse\omi\strict_deviation\omi-9\seg_5_3170_3245.png
2025-04-15 21:25:35,984 - INFO - 成功保存时间段 3170-3245 的可视化结果
2025-04-15 21:25:35,985 - INFO - 
正在处理时间段 7/8: 3508-3528
2025-04-15 21:25:35,985 - INFO - 该时间段的真实异常节点: {8, 2, 19, 6}
2025-04-15 21:25:35,985 - INFO - 正在计算异常分数...
2025-04-15 21:25:35,995 - INFO - 检测到的异常节点: {1, 4, 5, 6, 7, 8, 9, 10, 11, 12, 13, 14, 15, 16, 17, 18, 19}
2025-04-15 21:25:35,995 - INFO - 正在为时间段 3508-3528 生成可视化
2025-04-15 21:25:35,995 - INFO - 正在为时间段 3508-3528 生成异常图可视化
2025-04-15 21:25:35,995 - DEBUG - 创建包含 19 个节点的图结构
2025-04-15 21:25:35,996 - DEBUG - 边统计: 正常边 208 条, 异常边 64 条
2025-04-15 21:25:35,996 - INFO - 时间段 3508-3528 的节点检测统计: 真阳性=3, 假阳性=14, 假阴性=1, 正常节点=1
2025-04-15 21:25:36,082 - DEBUG - 正在保存可视化结果到 ./visual/use_topkFalse\omi\strict_deviation\omi-9\seg_6_3508_3528.png
2025-04-15 21:25:36,160 - INFO - 成功保存时间段 3508-3528 的可视化结果
2025-04-15 21:25:36,160 - INFO - 
正在处理时间段 8/8: 4064-4108
2025-04-15 21:25:36,160 - INFO - 该时间段的真实异常节点: {1, 2, 6, 7, 8, 9, 17, 18, 19}
2025-04-15 21:25:36,160 - INFO - 正在计算异常分数...
2025-04-15 21:25:36,182 - INFO - 检测到的异常节点: {1, 4, 5, 6, 7, 8, 9, 10, 11, 12, 13, 14, 15, 16, 17, 18, 19}
2025-04-15 21:25:36,182 - INFO - 正在为时间段 4064-4108 生成可视化
2025-04-15 21:25:36,182 - INFO - 正在为时间段 4064-4108 生成异常图可视化
2025-04-15 21:25:36,183 - DEBUG - 创建包含 19 个节点的图结构
2025-04-15 21:25:36,183 - DEBUG - 边统计: 正常边 190 条, 异常边 82 条
2025-04-15 21:25:36,183 - INFO - 时间段 4064-4108 的节点检测统计: 真阳性=8, 假阳性=9, 假阴性=1, 正常节点=1
2025-04-15 21:25:36,273 - DEBUG - 正在保存可视化结果到 ./visual/use_topkFalse\omi\strict_deviation\omi-9\seg_7_4064_4108.png
2025-04-15 21:25:36,358 - INFO - 成功保存时间段 4064-4108 的可视化结果
2025-04-15 21:25:36,358 - INFO - 正在从 ./visual/use_topkFalse\omi\strict_deviation\omi-9 中的图像创建GIF
2025-04-15 21:25:36,577 - INFO - GIF已保存到 ./visual/use_topkFalse\omi\strict_deviation\omi-9\omi-9.gif
2025-04-15 21:25:36,577 - INFO - 可视化结果生成完成！
2025-04-15 21:25:36,577 - INFO - 
==================================================
2025-04-15 21:25:36,577 - INFO - 程序运行总耗时: 0:02:22.341026
