2025-04-15 21:35:29,159 - INFO - 
 Starting experiment with config: ExperimentConfig(dataset='omi', window_size=5, score_thresholds=array([1. , 1.5, 2. , 2.5, 3. , 3.5, 4. , 4.5, 5. , 5.5, 6. , 6.5, 7. ]), topk_range=range(1, 10), score_modes=['robust_zscore'], use_topk=False, data_dir='./data/processed', label_dir='./data/interpretation_label', log_dir='./log/use_topkFalse', visual_dir='./visual/use_topkFalse', num_workers=4, gif_duration=500)
2025-04-15 21:35:29,160 - INFO - 当前评分模式: ['robust_zscore']
2025-04-15 21:35:29,160 - INFO - 
==================================================
2025-04-15 21:35:29,160 - INFO - 开始执行网格搜索...
2025-04-15 21:35:29,162 - INFO - [omi-1] Starting grid search...
2025-04-15 21:35:32,720 - INFO - [omi-1.txt] mode=robust_zscore, top_k=None, threshold=1.0, use_topk=False, P=0.7395, R=0.9888, F1=0.8462
2025-04-15 21:35:32,721 - INFO - [omi-1.txt] mode=robust_zscore, top_k=None, threshold=1.5, use_topk=False, P=0.7395, R=0.9888, F1=0.8462
2025-04-15 21:35:32,721 - INFO - [omi-1.txt] mode=robust_zscore, top_k=None, threshold=2.0, use_topk=False, P=0.7395, R=0.9888, F1=0.8462
2025-04-15 21:35:32,721 - INFO - [omi-1.txt] mode=robust_zscore, top_k=None, threshold=2.5, use_topk=False, P=0.7395, R=0.9888, F1=0.8462
2025-04-15 21:35:34,839 - INFO - [omi-1.txt] mode=robust_zscore, top_k=None, threshold=3.0, use_topk=False, P=0.7395, R=0.9888, F1=0.8462
2025-04-15 21:35:34,865 - INFO - [omi-1.txt] mode=robust_zscore, top_k=None, threshold=3.5, use_topk=False, P=0.7395, R=0.9888, F1=0.8462
2025-04-15 21:35:34,865 - INFO - [omi-1.txt] mode=robust_zscore, top_k=None, threshold=4.0, use_topk=False, P=0.7395, R=0.9888, F1=0.8462
2025-04-15 21:35:34,906 - INFO - [omi-1.txt] mode=robust_zscore, top_k=None, threshold=4.5, use_topk=False, P=0.7350, R=0.9663, F1=0.8350
2025-04-15 21:35:36,898 - INFO - [omi-1.txt] mode=robust_zscore, top_k=None, threshold=5.0, use_topk=False, P=0.7350, R=0.9663, F1=0.8350
2025-04-15 21:35:36,928 - INFO - [omi-1.txt] mode=robust_zscore, top_k=None, threshold=5.5, use_topk=False, P=0.7350, R=0.9663, F1=0.8350
2025-04-15 21:35:36,938 - INFO - [omi-1.txt] mode=robust_zscore, top_k=None, threshold=6.0, use_topk=False, P=0.7350, R=0.9663, F1=0.8350
2025-04-15 21:35:36,971 - INFO - [omi-1.txt] mode=robust_zscore, top_k=None, threshold=6.5, use_topk=False, P=0.7350, R=0.9663, F1=0.8350
2025-04-15 21:35:38,826 - INFO - [omi-1.txt] mode=robust_zscore, top_k=None, threshold=7.0, use_topk=False, P=0.7350, R=0.9663, F1=0.8350
2025-04-15 21:35:38,843 - INFO - [omi-10] Starting grid search...
2025-04-15 21:35:42,162 - INFO - [omi-10.txt] mode=robust_zscore, top_k=None, threshold=1.0, use_topk=False, P=0.4688, R=0.9836, F1=0.6349
2025-04-15 21:35:42,163 - INFO - [omi-10.txt] mode=robust_zscore, top_k=None, threshold=1.5, use_topk=False, P=0.4688, R=0.9836, F1=0.6349
2025-04-15 21:35:42,205 - INFO - [omi-10.txt] mode=robust_zscore, top_k=None, threshold=2.0, use_topk=False, P=0.4688, R=0.9836, F1=0.6349
2025-04-15 21:35:42,264 - INFO - [omi-10.txt] mode=robust_zscore, top_k=None, threshold=2.5, use_topk=False, P=0.4688, R=0.9836, F1=0.6349
2025-04-15 21:35:44,321 - INFO - [omi-10.txt] mode=robust_zscore, top_k=None, threshold=3.0, use_topk=False, P=0.4688, R=0.9836, F1=0.6349
2025-04-15 21:35:44,446 - INFO - [omi-10.txt] mode=robust_zscore, top_k=None, threshold=3.5, use_topk=False, P=0.4688, R=0.9836, F1=0.6349
2025-04-15 21:35:44,449 - INFO - [omi-10.txt] mode=robust_zscore, top_k=None, threshold=4.0, use_topk=False, P=0.4688, R=0.9836, F1=0.6349
2025-04-15 21:35:44,450 - INFO - [omi-10.txt] mode=robust_zscore, top_k=None, threshold=4.5, use_topk=False, P=0.4724, R=0.9836, F1=0.6383
2025-04-15 21:35:46,464 - INFO - [omi-10.txt] mode=robust_zscore, top_k=None, threshold=5.0, use_topk=False, P=0.4800, R=0.9836, F1=0.6452
2025-04-15 21:35:46,634 - INFO - [omi-10.txt] mode=robust_zscore, top_k=None, threshold=5.5, use_topk=False, P=0.4800, R=0.9836, F1=0.6452
2025-04-15 21:35:46,763 - INFO - [omi-10.txt] mode=robust_zscore, top_k=None, threshold=6.0, use_topk=False, P=0.4839, R=0.9836, F1=0.6486
2025-04-15 21:35:46,764 - INFO - [omi-10.txt] mode=robust_zscore, top_k=None, threshold=6.5, use_topk=False, P=0.4839, R=0.9836, F1=0.6486
2025-04-15 21:35:48,535 - INFO - [omi-10.txt] mode=robust_zscore, top_k=None, threshold=7.0, use_topk=False, P=0.4836, R=0.9672, F1=0.6448
2025-04-15 21:35:48,554 - INFO - [omi-11] Starting grid search...
2025-04-15 21:35:51,680 - INFO - [omi-11.txt] mode=robust_zscore, top_k=None, threshold=1.0, use_topk=False, P=0.3434, R=0.9828, F1=0.5089
2025-04-15 21:35:51,771 - INFO - [omi-11.txt] mode=robust_zscore, top_k=None, threshold=1.5, use_topk=False, P=0.3434, R=0.9828, F1=0.5089
2025-04-15 21:35:51,806 - INFO - [omi-11.txt] mode=robust_zscore, top_k=None, threshold=2.0, use_topk=False, P=0.3434, R=0.9828, F1=0.5089
2025-04-15 21:35:51,807 - INFO - [omi-11.txt] mode=robust_zscore, top_k=None, threshold=2.5, use_topk=False, P=0.3434, R=0.9828, F1=0.5089
2025-04-15 21:35:53,811 - INFO - [omi-11.txt] mode=robust_zscore, top_k=None, threshold=3.0, use_topk=False, P=0.3434, R=0.9828, F1=0.5089
2025-04-15 21:35:53,898 - INFO - [omi-11.txt] mode=robust_zscore, top_k=None, threshold=3.5, use_topk=False, P=0.3434, R=0.9828, F1=0.5089
2025-04-15 21:35:53,950 - INFO - [omi-11.txt] mode=robust_zscore, top_k=None, threshold=4.0, use_topk=False, P=0.3434, R=0.9828, F1=0.5089
2025-04-15 21:35:53,970 - INFO - [omi-11.txt] mode=robust_zscore, top_k=None, threshold=4.5, use_topk=False, P=0.3434, R=0.9828, F1=0.5089
2025-04-15 21:35:55,942 - INFO - [omi-11.txt] mode=robust_zscore, top_k=None, threshold=5.0, use_topk=False, P=0.3434, R=0.9828, F1=0.5089
2025-04-15 21:35:56,044 - INFO - [omi-11.txt] mode=robust_zscore, top_k=None, threshold=5.5, use_topk=False, P=0.3434, R=0.9828, F1=0.5089
2025-04-15 21:35:56,122 - INFO - [omi-11.txt] mode=robust_zscore, top_k=None, threshold=6.0, use_topk=False, P=0.3434, R=0.9828, F1=0.5089
2025-04-15 21:35:56,134 - INFO - [omi-11.txt] mode=robust_zscore, top_k=None, threshold=6.5, use_topk=False, P=0.3434, R=0.9828, F1=0.5089
2025-04-15 21:35:57,875 - INFO - [omi-11.txt] mode=robust_zscore, top_k=None, threshold=7.0, use_topk=False, P=0.3434, R=0.9828, F1=0.5089
2025-04-15 21:35:57,890 - INFO - [omi-12] Starting grid search...
2025-04-15 21:36:00,630 - INFO - [omi-12.txt] mode=robust_zscore, top_k=None, threshold=1.0, use_topk=False, P=0.6129, R=0.9500, F1=0.7451
2025-04-15 21:36:00,631 - INFO - [omi-12.txt] mode=robust_zscore, top_k=None, threshold=1.5, use_topk=False, P=0.6129, R=0.9500, F1=0.7451
2025-04-15 21:36:00,655 - INFO - [omi-12.txt] mode=robust_zscore, top_k=None, threshold=2.0, use_topk=False, P=0.6129, R=0.9500, F1=0.7451
2025-04-15 21:36:00,681 - INFO - [omi-12.txt] mode=robust_zscore, top_k=None, threshold=2.5, use_topk=False, P=0.6129, R=0.9500, F1=0.7451
2025-04-15 21:36:02,341 - INFO - [omi-12.txt] mode=robust_zscore, top_k=None, threshold=3.0, use_topk=False, P=0.6129, R=0.9500, F1=0.7451
2025-04-15 21:36:02,342 - INFO - [omi-12.txt] mode=robust_zscore, top_k=None, threshold=3.5, use_topk=False, P=0.6129, R=0.9500, F1=0.7451
2025-04-15 21:36:02,343 - INFO - [omi-12.txt] mode=robust_zscore, top_k=None, threshold=4.0, use_topk=False, P=0.6129, R=0.9500, F1=0.7451
2025-04-15 21:36:02,371 - INFO - [omi-12.txt] mode=robust_zscore, top_k=None, threshold=4.5, use_topk=False, P=0.6066, R=0.9250, F1=0.7327
2025-04-15 21:36:03,959 - INFO - [omi-12.txt] mode=robust_zscore, top_k=None, threshold=5.0, use_topk=False, P=0.6066, R=0.9250, F1=0.7327
2025-04-15 21:36:03,966 - INFO - [omi-12.txt] mode=robust_zscore, top_k=None, threshold=5.5, use_topk=False, P=0.6066, R=0.9250, F1=0.7327
2025-04-15 21:36:03,966 - INFO - [omi-12.txt] mode=robust_zscore, top_k=None, threshold=6.0, use_topk=False, P=0.6066, R=0.9250, F1=0.7327
2025-04-15 21:36:03,966 - INFO - [omi-12.txt] mode=robust_zscore, top_k=None, threshold=6.5, use_topk=False, P=0.6066, R=0.9250, F1=0.7327
2025-04-15 21:36:05,445 - INFO - [omi-12.txt] mode=robust_zscore, top_k=None, threshold=7.0, use_topk=False, P=0.6066, R=0.9250, F1=0.7327
2025-04-15 21:36:05,462 - INFO - [omi-2] Starting grid search...
2025-04-15 21:36:08,634 - INFO - [omi-2.txt] mode=robust_zscore, top_k=None, threshold=1.0, use_topk=False, P=0.4559, R=1.0000, F1=0.6263
2025-04-15 21:36:08,635 - INFO - [omi-2.txt] mode=robust_zscore, top_k=None, threshold=1.5, use_topk=False, P=0.4559, R=1.0000, F1=0.6263
2025-04-15 21:36:08,695 - INFO - [omi-2.txt] mode=robust_zscore, top_k=None, threshold=2.0, use_topk=False, P=0.4559, R=1.0000, F1=0.6263
2025-04-15 21:36:08,695 - INFO - [omi-2.txt] mode=robust_zscore, top_k=None, threshold=2.5, use_topk=False, P=0.4559, R=1.0000, F1=0.6263
2025-04-15 21:36:10,560 - INFO - [omi-2.txt] mode=robust_zscore, top_k=None, threshold=3.0, use_topk=False, P=0.4559, R=1.0000, F1=0.6263
2025-04-15 21:36:10,595 - INFO - [omi-2.txt] mode=robust_zscore, top_k=None, threshold=3.5, use_topk=False, P=0.4559, R=1.0000, F1=0.6263
2025-04-15 21:36:10,652 - INFO - [omi-2.txt] mode=robust_zscore, top_k=None, threshold=4.0, use_topk=False, P=0.4559, R=1.0000, F1=0.6263
2025-04-15 21:36:10,677 - INFO - [omi-2.txt] mode=robust_zscore, top_k=None, threshold=4.5, use_topk=False, P=0.4559, R=1.0000, F1=0.6263
2025-04-15 21:36:12,544 - INFO - [omi-2.txt] mode=robust_zscore, top_k=None, threshold=5.0, use_topk=False, P=0.4559, R=1.0000, F1=0.6263
2025-04-15 21:36:12,659 - INFO - [omi-2.txt] mode=robust_zscore, top_k=None, threshold=5.5, use_topk=False, P=0.4559, R=1.0000, F1=0.6263
2025-04-15 21:36:12,692 - INFO - [omi-2.txt] mode=robust_zscore, top_k=None, threshold=6.0, use_topk=False, P=0.4559, R=1.0000, F1=0.6263
2025-04-15 21:36:12,693 - INFO - [omi-2.txt] mode=robust_zscore, top_k=None, threshold=6.5, use_topk=False, P=0.4559, R=1.0000, F1=0.6263
2025-04-15 21:36:14,395 - INFO - [omi-2.txt] mode=robust_zscore, top_k=None, threshold=7.0, use_topk=False, P=0.4559, R=1.0000, F1=0.6263
2025-04-15 21:36:14,418 - INFO - [omi-3] Starting grid search...
2025-04-15 21:36:17,634 - INFO - [omi-3.txt] mode=robust_zscore, top_k=None, threshold=1.0, use_topk=False, P=0.8025, R=0.8333, F1=0.8176
2025-04-15 21:36:17,637 - INFO - [omi-3.txt] mode=robust_zscore, top_k=None, threshold=1.5, use_topk=False, P=0.8025, R=0.8333, F1=0.8176
2025-04-15 21:36:17,722 - INFO - [omi-3.txt] mode=robust_zscore, top_k=None, threshold=2.0, use_topk=False, P=0.8025, R=0.8333, F1=0.8176
2025-04-15 21:36:17,722 - INFO - [omi-3.txt] mode=robust_zscore, top_k=None, threshold=2.5, use_topk=False, P=0.8025, R=0.8333, F1=0.8176
2025-04-15 21:36:19,568 - INFO - [omi-3.txt] mode=robust_zscore, top_k=None, threshold=3.0, use_topk=False, P=0.8025, R=0.8333, F1=0.8176
2025-04-15 21:36:19,604 - INFO - [omi-3.txt] mode=robust_zscore, top_k=None, threshold=3.5, use_topk=False, P=0.8025, R=0.8333, F1=0.8176
2025-04-15 21:36:19,753 - INFO - [omi-3.txt] mode=robust_zscore, top_k=None, threshold=4.0, use_topk=False, P=0.8228, R=0.8333, F1=0.8280
2025-04-15 21:36:19,753 - INFO - [omi-3.txt] mode=robust_zscore, top_k=None, threshold=4.5, use_topk=False, P=0.8228, R=0.8333, F1=0.8280
2025-04-15 21:36:21,724 - INFO - [omi-3.txt] mode=robust_zscore, top_k=None, threshold=5.0, use_topk=False, P=0.8228, R=0.8333, F1=0.8280
2025-04-15 21:36:21,757 - INFO - [omi-3.txt] mode=robust_zscore, top_k=None, threshold=5.5, use_topk=False, P=0.8205, R=0.8205, F1=0.8205
2025-04-15 21:36:21,924 - INFO - [omi-3.txt] mode=robust_zscore, top_k=None, threshold=6.0, use_topk=False, P=0.8205, R=0.8205, F1=0.8205
2025-04-15 21:36:21,925 - INFO - [omi-3.txt] mode=robust_zscore, top_k=None, threshold=6.5, use_topk=False, P=0.8205, R=0.8205, F1=0.8205
2025-04-15 21:36:23,665 - INFO - [omi-3.txt] mode=robust_zscore, top_k=None, threshold=7.0, use_topk=False, P=0.8205, R=0.8205, F1=0.8205
2025-04-15 21:36:23,683 - INFO - [omi-4] Starting grid search...
2025-04-15 21:36:26,947 - INFO - [omi-4.txt] mode=robust_zscore, top_k=None, threshold=1.0, use_topk=False, P=0.8250, R=0.9851, F1=0.8980
2025-04-15 21:36:26,999 - INFO - [omi-4.txt] mode=robust_zscore, top_k=None, threshold=1.5, use_topk=False, P=0.8250, R=0.9851, F1=0.8980
2025-04-15 21:36:27,000 - INFO - [omi-4.txt] mode=robust_zscore, top_k=None, threshold=2.0, use_topk=False, P=0.8250, R=0.9851, F1=0.8980
2025-04-15 21:36:27,000 - INFO - [omi-4.txt] mode=robust_zscore, top_k=None, threshold=2.5, use_topk=False, P=0.8250, R=0.9851, F1=0.8980
2025-04-15 21:36:29,076 - INFO - [omi-4.txt] mode=robust_zscore, top_k=None, threshold=3.0, use_topk=False, P=0.8250, R=0.9851, F1=0.8980
2025-04-15 21:36:29,077 - INFO - [omi-4.txt] mode=robust_zscore, top_k=None, threshold=3.5, use_topk=False, P=0.8250, R=0.9851, F1=0.8980
2025-04-15 21:36:29,101 - INFO - [omi-4.txt] mode=robust_zscore, top_k=None, threshold=4.0, use_topk=False, P=0.8462, R=0.9851, F1=0.9103
2025-04-15 21:36:29,102 - INFO - [omi-4.txt] mode=robust_zscore, top_k=None, threshold=4.5, use_topk=False, P=0.8462, R=0.9851, F1=0.9103
2025-04-15 21:36:31,137 - INFO - [omi-4.txt] mode=robust_zscore, top_k=None, threshold=5.0, use_topk=False, P=0.8462, R=0.9851, F1=0.9103
2025-04-15 21:36:31,227 - INFO - [omi-4.txt] mode=robust_zscore, top_k=None, threshold=5.5, use_topk=False, P=0.8442, R=0.9701, F1=0.9028
2025-04-15 21:36:31,227 - INFO - [omi-4.txt] mode=robust_zscore, top_k=None, threshold=6.0, use_topk=False, P=0.8442, R=0.9701, F1=0.9028
2025-04-15 21:36:31,227 - INFO - [omi-4.txt] mode=robust_zscore, top_k=None, threshold=6.5, use_topk=False, P=0.8442, R=0.9701, F1=0.9028
2025-04-15 21:36:33,009 - INFO - [omi-4.txt] mode=robust_zscore, top_k=None, threshold=7.0, use_topk=False, P=0.8442, R=0.9701, F1=0.9028
2025-04-15 21:36:33,024 - INFO - [omi-5] Starting grid search...
2025-04-15 21:36:36,359 - INFO - [omi-5.txt] mode=robust_zscore, top_k=None, threshold=1.0, use_topk=False, P=0.4757, R=1.0000, F1=0.6447
2025-04-15 21:36:36,360 - INFO - [omi-5.txt] mode=robust_zscore, top_k=None, threshold=1.5, use_topk=False, P=0.4757, R=1.0000, F1=0.6447
2025-04-15 21:36:36,360 - INFO - [omi-5.txt] mode=robust_zscore, top_k=None, threshold=2.0, use_topk=False, P=0.4757, R=1.0000, F1=0.6447
2025-04-15 21:36:36,360 - INFO - [omi-5.txt] mode=robust_zscore, top_k=None, threshold=2.5, use_topk=False, P=0.4757, R=1.0000, F1=0.6447
2025-04-15 21:36:38,528 - INFO - [omi-5.txt] mode=robust_zscore, top_k=None, threshold=3.0, use_topk=False, P=0.4706, R=0.9796, F1=0.6358
2025-04-15 21:36:38,529 - INFO - [omi-5.txt] mode=robust_zscore, top_k=None, threshold=3.5, use_topk=False, P=0.4706, R=0.9796, F1=0.6358
2025-04-15 21:36:38,534 - INFO - [omi-5.txt] mode=robust_zscore, top_k=None, threshold=4.0, use_topk=False, P=0.4706, R=0.9796, F1=0.6358
2025-04-15 21:36:38,534 - INFO - [omi-5.txt] mode=robust_zscore, top_k=None, threshold=4.5, use_topk=False, P=0.4706, R=0.9796, F1=0.6358
2025-04-15 21:36:40,553 - INFO - [omi-5.txt] mode=robust_zscore, top_k=None, threshold=5.0, use_topk=False, P=0.4706, R=0.9796, F1=0.6358
2025-04-15 21:36:40,571 - INFO - [omi-5.txt] mode=robust_zscore, top_k=None, threshold=5.5, use_topk=False, P=0.4706, R=0.9796, F1=0.6358
2025-04-15 21:36:40,612 - INFO - [omi-5.txt] mode=robust_zscore, top_k=None, threshold=6.0, use_topk=False, P=0.4706, R=0.9796, F1=0.6358
2025-04-15 21:36:40,648 - INFO - [omi-5.txt] mode=robust_zscore, top_k=None, threshold=6.5, use_topk=False, P=0.4653, R=0.9592, F1=0.6267
2025-04-15 21:36:42,488 - INFO - [omi-5.txt] mode=robust_zscore, top_k=None, threshold=7.0, use_topk=False, P=0.4700, R=0.9592, F1=0.6309
2025-04-15 21:36:42,503 - INFO - [omi-6] Starting grid search...
2025-04-15 21:36:45,766 - INFO - [omi-6.txt] mode=robust_zscore, top_k=None, threshold=1.0, use_topk=False, P=0.2606, R=0.9773, F1=0.4115
2025-04-15 21:36:45,767 - INFO - [omi-6.txt] mode=robust_zscore, top_k=None, threshold=1.5, use_topk=False, P=0.2606, R=0.9773, F1=0.4115
2025-04-15 21:36:45,767 - INFO - [omi-6.txt] mode=robust_zscore, top_k=None, threshold=2.0, use_topk=False, P=0.2606, R=0.9773, F1=0.4115
2025-04-15 21:36:45,793 - INFO - [omi-6.txt] mode=robust_zscore, top_k=None, threshold=2.5, use_topk=False, P=0.2606, R=0.9773, F1=0.4115
2025-04-15 21:36:47,825 - INFO - [omi-6.txt] mode=robust_zscore, top_k=None, threshold=3.0, use_topk=False, P=0.2606, R=0.9773, F1=0.4115
2025-04-15 21:36:47,849 - INFO - [omi-6.txt] mode=robust_zscore, top_k=None, threshold=3.5, use_topk=False, P=0.2606, R=0.9773, F1=0.4115
2025-04-15 21:36:47,878 - INFO - [omi-6.txt] mode=robust_zscore, top_k=None, threshold=4.0, use_topk=False, P=0.2606, R=0.9773, F1=0.4115
2025-04-15 21:36:47,878 - INFO - [omi-6.txt] mode=robust_zscore, top_k=None, threshold=4.5, use_topk=False, P=0.2638, R=0.9773, F1=0.4155
2025-04-15 21:36:49,891 - INFO - [omi-6.txt] mode=robust_zscore, top_k=None, threshold=5.0, use_topk=False, P=0.2638, R=0.9773, F1=0.4155
2025-04-15 21:36:49,893 - INFO - [omi-6.txt] mode=robust_zscore, top_k=None, threshold=5.5, use_topk=False, P=0.2638, R=0.9773, F1=0.4155
2025-04-15 21:36:49,923 - INFO - [omi-6.txt] mode=robust_zscore, top_k=None, threshold=6.0, use_topk=False, P=0.2638, R=0.9773, F1=0.4155
2025-04-15 21:36:49,924 - INFO - [omi-6.txt] mode=robust_zscore, top_k=None, threshold=6.5, use_topk=False, P=0.2638, R=0.9773, F1=0.4155
2025-04-15 21:36:51,785 - INFO - [omi-6.txt] mode=robust_zscore, top_k=None, threshold=7.0, use_topk=False, P=0.2638, R=0.9773, F1=0.4155
2025-04-15 21:36:51,804 - INFO - [omi-7] Starting grid search...
2025-04-15 21:36:54,811 - INFO - [omi-7.txt] mode=robust_zscore, top_k=None, threshold=1.0, use_topk=False, P=0.9048, R=0.9744, F1=0.9383
2025-04-15 21:36:54,847 - INFO - [omi-7.txt] mode=robust_zscore, top_k=None, threshold=1.5, use_topk=False, P=0.9048, R=0.9744, F1=0.9383
2025-04-15 21:36:54,850 - INFO - [omi-7.txt] mode=robust_zscore, top_k=None, threshold=2.0, use_topk=False, P=0.9048, R=0.9744, F1=0.9383
2025-04-15 21:36:54,859 - INFO - [omi-7.txt] mode=robust_zscore, top_k=None, threshold=2.5, use_topk=False, P=0.9048, R=0.9744, F1=0.9383
2025-04-15 21:36:56,686 - INFO - [omi-7.txt] mode=robust_zscore, top_k=None, threshold=3.0, use_topk=False, P=0.9048, R=0.9744, F1=0.9383
2025-04-15 21:36:56,744 - INFO - [omi-7.txt] mode=robust_zscore, top_k=None, threshold=3.5, use_topk=False, P=0.9048, R=0.9744, F1=0.9383
2025-04-15 21:36:56,822 - INFO - [omi-7.txt] mode=robust_zscore, top_k=None, threshold=4.0, use_topk=False, P=0.9048, R=0.9744, F1=0.9383
2025-04-15 21:36:56,823 - INFO - [omi-7.txt] mode=robust_zscore, top_k=None, threshold=4.5, use_topk=False, P=0.9048, R=0.9744, F1=0.9383
2025-04-15 21:36:58,594 - INFO - [omi-7.txt] mode=robust_zscore, top_k=None, threshold=5.0, use_topk=False, P=0.9048, R=0.9744, F1=0.9383
2025-04-15 21:36:58,638 - INFO - [omi-7.txt] mode=robust_zscore, top_k=None, threshold=5.5, use_topk=False, P=0.9048, R=0.9744, F1=0.9383
2025-04-15 21:36:58,703 - INFO - [omi-7.txt] mode=robust_zscore, top_k=None, threshold=6.0, use_topk=False, P=0.9048, R=0.9744, F1=0.9383
2025-04-15 21:36:58,719 - INFO - [omi-7.txt] mode=robust_zscore, top_k=None, threshold=6.5, use_topk=False, P=0.9048, R=0.9744, F1=0.9383
2025-04-15 21:37:00,365 - INFO - [omi-7.txt] mode=robust_zscore, top_k=None, threshold=7.0, use_topk=False, P=0.9048, R=0.9744, F1=0.9383
2025-04-15 21:37:00,382 - INFO - [omi-8] Starting grid search...
2025-04-15 21:37:03,644 - INFO - [omi-8.txt] mode=robust_zscore, top_k=None, threshold=1.0, use_topk=False, P=0.3580, R=0.9355, F1=0.5179
2025-04-15 21:37:03,824 - INFO - [omi-8.txt] mode=robust_zscore, top_k=None, threshold=1.5, use_topk=False, P=0.3580, R=0.9355, F1=0.5179
2025-04-15 21:37:03,825 - INFO - [omi-8.txt] mode=robust_zscore, top_k=None, threshold=2.0, use_topk=False, P=0.3580, R=0.9355, F1=0.5179
2025-04-15 21:37:03,825 - INFO - [omi-8.txt] mode=robust_zscore, top_k=None, threshold=2.5, use_topk=False, P=0.3580, R=0.9355, F1=0.5179
2025-04-15 21:37:05,694 - INFO - [omi-8.txt] mode=robust_zscore, top_k=None, threshold=3.0, use_topk=False, P=0.3580, R=0.9355, F1=0.5179
2025-04-15 21:37:05,695 - INFO - [omi-8.txt] mode=robust_zscore, top_k=None, threshold=3.5, use_topk=False, P=0.3580, R=0.9355, F1=0.5179
2025-04-15 21:37:05,792 - INFO - [omi-8.txt] mode=robust_zscore, top_k=None, threshold=4.0, use_topk=False, P=0.3580, R=0.9355, F1=0.5179
2025-04-15 21:37:05,834 - INFO - [omi-8.txt] mode=robust_zscore, top_k=None, threshold=4.5, use_topk=False, P=0.3580, R=0.9355, F1=0.5179
2025-04-15 21:37:07,721 - INFO - [omi-8.txt] mode=robust_zscore, top_k=None, threshold=5.0, use_topk=False, P=0.3580, R=0.9355, F1=0.5179
2025-04-15 21:37:07,722 - INFO - [omi-8.txt] mode=robust_zscore, top_k=None, threshold=5.5, use_topk=False, P=0.3580, R=0.9355, F1=0.5179
2025-04-15 21:37:07,851 - INFO - [omi-8.txt] mode=robust_zscore, top_k=None, threshold=6.0, use_topk=False, P=0.3580, R=0.9355, F1=0.5179
2025-04-15 21:37:07,882 - INFO - [omi-8.txt] mode=robust_zscore, top_k=None, threshold=6.5, use_topk=False, P=0.3580, R=0.9355, F1=0.5179
2025-04-15 21:37:09,557 - INFO - [omi-8.txt] mode=robust_zscore, top_k=None, threshold=7.0, use_topk=False, P=0.3580, R=0.9355, F1=0.5179
2025-04-15 21:37:09,572 - INFO - [omi-9] Starting grid search...
2025-04-15 21:37:12,770 - INFO - [omi-9.txt] mode=robust_zscore, top_k=None, threshold=1.0, use_topk=False, P=0.4962, R=0.9155, F1=0.6436
2025-04-15 21:37:12,852 - INFO - [omi-9.txt] mode=robust_zscore, top_k=None, threshold=1.5, use_topk=False, P=0.4962, R=0.9155, F1=0.6436
2025-04-15 21:37:12,852 - INFO - [omi-9.txt] mode=robust_zscore, top_k=None, threshold=2.0, use_topk=False, P=0.4962, R=0.9155, F1=0.6436
2025-04-15 21:37:12,852 - INFO - [omi-9.txt] mode=robust_zscore, top_k=None, threshold=2.5, use_topk=False, P=0.4962, R=0.9155, F1=0.6436
2025-04-15 21:37:14,738 - INFO - [omi-9.txt] mode=robust_zscore, top_k=None, threshold=3.0, use_topk=False, P=0.4962, R=0.9155, F1=0.6436
2025-04-15 21:37:14,800 - INFO - [omi-9.txt] mode=robust_zscore, top_k=None, threshold=3.5, use_topk=False, P=0.4962, R=0.9155, F1=0.6436
2025-04-15 21:37:14,840 - INFO - [omi-9.txt] mode=robust_zscore, top_k=None, threshold=4.0, use_topk=False, P=0.4962, R=0.9155, F1=0.6436
2025-04-15 21:37:14,842 - INFO - [omi-9.txt] mode=robust_zscore, top_k=None, threshold=4.5, use_topk=False, P=0.4962, R=0.9155, F1=0.6436
2025-04-15 21:37:16,705 - INFO - [omi-9.txt] mode=robust_zscore, top_k=None, threshold=5.0, use_topk=False, P=0.4962, R=0.9155, F1=0.6436
2025-04-15 21:37:16,829 - INFO - [omi-9.txt] mode=robust_zscore, top_k=None, threshold=5.5, use_topk=False, P=0.4962, R=0.9155, F1=0.6436
2025-04-15 21:37:16,849 - INFO - [omi-9.txt] mode=robust_zscore, top_k=None, threshold=6.0, use_topk=False, P=0.4962, R=0.9155, F1=0.6436
2025-04-15 21:37:16,849 - INFO - [omi-9.txt] mode=robust_zscore, top_k=None, threshold=6.5, use_topk=False, P=0.4962, R=0.9155, F1=0.6436
2025-04-15 21:37:18,480 - INFO - [omi-9.txt] mode=robust_zscore, top_k=None, threshold=7.0, use_topk=False, P=0.4962, R=0.9155, F1=0.6436
2025-04-15 21:37:18,499 - INFO - 
==================================================
2025-04-15 21:37:18,499 - INFO - 开始汇总结果...
2025-04-15 21:37:18,505 - INFO - 
===== Best Results per Dataset =====
   dataset    score_mode top_k  score_threshold  use_topk  precision   recall  f1_score
 omi-1.txt robust_zscore  None              1.5     False   0.739496 0.988764  0.846154
omi-10.txt robust_zscore  None              6.5     False   0.483871 0.983607  0.648649
omi-11.txt robust_zscore  None              2.5     False   0.343373 0.982759  0.508929
omi-12.txt robust_zscore  None              2.0     False   0.612903 0.950000  0.745098
 omi-2.txt robust_zscore  None              4.5     False   0.455882 1.000000  0.626263
 omi-3.txt robust_zscore  None              4.5     False   0.822785 0.833333  0.828025
 omi-4.txt robust_zscore  None              5.0     False   0.846154 0.985075  0.910345
 omi-5.txt robust_zscore  None              2.5     False   0.475728 1.000000  0.644737
 omi-6.txt robust_zscore  None              6.5     False   0.263804 0.977273  0.415459
 omi-7.txt robust_zscore  None              1.5     False   0.904762 0.974359  0.938272
 omi-8.txt robust_zscore  None              4.0     False   0.358025 0.935484  0.517857
 omi-9.txt robust_zscore  None              1.0     False   0.496183 0.915493  0.643564
2025-04-15 21:37:18,505 - INFO - 
===== Overall Metrics =====
Precision: 0.4926  Recall: 0.9577  F1: 0.6506
2025-04-15 21:37:18,505 - INFO - 
【原始汇总指标】
2025-04-15 21:37:18,505 - INFO - 精确率(Precision): 0.4926
2025-04-15 21:37:18,505 - INFO - 召回率(Recall):    0.9577
2025-04-15 21:37:18,505 - INFO - F1值:             0.6506
2025-04-15 21:37:18,505 - INFO - 
==================================================
2025-04-15 21:37:18,505 - INFO - 开始生成可视化结果...
2025-04-15 21:37:18,505 - INFO - 
==================================================
2025-04-15 21:37:18,505 - INFO - 开始数据集可视化: omi-1
2025-04-15 21:37:18,505 - INFO - 使用参数: 评分模式=robust_zscore, top_k=None, 阈值=1.5
2025-04-15 21:37:18,505 - INFO - ==================================================

2025-04-15 21:37:18,506 - INFO - 正在加载数据集 omi-1 的数据
2025-04-15 21:37:18,506 - INFO - 数据加载成功。训练集形状: (8640, 19), 测试集形状: (4320, 19)
2025-04-15 21:37:18,506 - INFO - 正在计算边缘统计量...
2025-04-15 21:37:20,340 - INFO - 已计算 170 条边的统计量
2025-04-15 21:37:20,341 - INFO - 为每个节点使用所有邻居
2025-04-15 21:37:20,341 - INFO - 可视化结果将保存到: ./visual/use_topkFalse\omi\robust_zscore\omi-1
2025-04-15 21:37:20,342 - INFO - 在数据集中发现 7 个异常时间段
2025-04-15 21:37:20,342 - INFO - 
正在处理时间段 1/7: 760-765
2025-04-15 21:37:20,342 - INFO - 该时间段的真实异常节点: {4, 5, 7, 8, 9, 10, 11, 12, 13, 14, 15, 16, 17, 18, 19}
2025-04-15 21:37:20,342 - INFO - 正在计算异常分数...
2025-04-15 21:37:20,344 - INFO - 检测到的异常节点: {1, 4, 7, 8, 9, 10, 11, 12, 13, 14, 15, 16, 17, 18, 19}
2025-04-15 21:37:20,344 - INFO - 正在为时间段 760-765 生成可视化
2025-04-15 21:37:20,344 - INFO - 正在为时间段 760-765 生成异常图可视化
2025-04-15 21:37:20,344 - DEBUG - 创建包含 19 个节点的图结构
2025-04-15 21:37:20,345 - DEBUG - 边统计: 正常边 218 条, 异常边 22 条
2025-04-15 21:37:20,345 - INFO - 时间段 760-765 的节点检测统计: 真阳性=14, 假阳性=1, 假阴性=1, 正常节点=3
2025-04-15 21:37:20,424 - DEBUG - 正在保存可视化结果到 ./visual/use_topkFalse\omi\robust_zscore\omi-1\seg_0_760_765.png
2025-04-15 21:37:20,510 - INFO - 成功保存时间段 760-765 的可视化结果
2025-04-15 21:37:20,510 - INFO - 
正在处理时间段 2/7: 1064-1298
2025-04-15 21:37:20,510 - INFO - 该时间段的真实异常节点: {6, 7, 9, 10, 11, 12, 13, 14, 15, 16, 17, 18, 19}
2025-04-15 21:37:20,510 - INFO - 正在计算异常分数...
2025-04-15 21:37:20,612 - INFO - 检测到的异常节点: {1, 3, 4, 5, 6, 7, 8, 9, 10, 11, 12, 13, 14, 15, 16, 17, 18, 19}
2025-04-15 21:37:20,612 - INFO - 正在为时间段 1064-1298 生成可视化
2025-04-15 21:37:20,612 - INFO - 正在为时间段 1064-1298 生成异常图可视化
2025-04-15 21:37:20,612 - DEBUG - 创建包含 19 个节点的图结构
2025-04-15 21:37:20,613 - DEBUG - 边统计: 正常边 284 条, 异常边 22 条
2025-04-15 21:37:20,613 - INFO - 时间段 1064-1298 的节点检测统计: 真阳性=13, 假阳性=5, 假阴性=0, 正常节点=1
2025-04-15 21:37:20,699 - DEBUG - 正在保存可视化结果到 ./visual/use_topkFalse\omi\robust_zscore\omi-1\seg_1_1064_1298.png
2025-04-15 21:37:20,822 - INFO - 成功保存时间段 1064-1298 的可视化结果
2025-04-15 21:37:20,822 - INFO - 
正在处理时间段 3/7: 2758-2772
2025-04-15 21:37:20,822 - INFO - 该时间段的真实异常节点: {5, 6, 7, 8, 9, 10, 11, 12, 13, 14, 15, 16, 17, 18, 19}
2025-04-15 21:37:20,822 - INFO - 正在计算异常分数...
2025-04-15 21:37:20,829 - INFO - 检测到的异常节点: {1, 4, 5, 6, 7, 8, 9, 10, 11, 12, 13, 14, 15, 16, 17, 18, 19}
2025-04-15 21:37:20,829 - INFO - 正在为时间段 2758-2772 生成可视化
2025-04-15 21:37:20,829 - INFO - 正在为时间段 2758-2772 生成异常图可视化
2025-04-15 21:37:20,829 - DEBUG - 创建包含 19 个节点的图结构
2025-04-15 21:37:20,830 - DEBUG - 边统计: 正常边 218 条, 异常边 54 条
2025-04-15 21:37:20,830 - INFO - 时间段 2758-2772 的节点检测统计: 真阳性=15, 假阳性=2, 假阴性=0, 正常节点=2
2025-04-15 21:37:20,922 - DEBUG - 正在保存可视化结果到 ./visual/use_topkFalse\omi\robust_zscore\omi-1\seg_2_2758_2772.png
2025-04-15 21:37:21,000 - INFO - 成功保存时间段 2758-2772 的可视化结果
2025-04-15 21:37:21,001 - INFO - 
正在处理时间段 4/7: 2874-2885
2025-04-15 21:37:21,001 - INFO - 该时间段的真实异常节点: {7, 9, 10, 11, 12, 13, 14, 15, 16, 17, 18}
2025-04-15 21:37:21,001 - INFO - 正在计算异常分数...
2025-04-15 21:37:21,006 - INFO - 检测到的异常节点: {1, 4, 5, 6, 7, 8, 9, 10, 11, 12, 13, 14, 15, 16, 17, 18, 19}
2025-04-15 21:37:21,006 - INFO - 正在为时间段 2874-2885 生成可视化
2025-04-15 21:37:21,006 - INFO - 正在为时间段 2874-2885 生成异常图可视化
2025-04-15 21:37:21,006 - DEBUG - 创建包含 19 个节点的图结构
2025-04-15 21:37:21,007 - DEBUG - 边统计: 正常边 250 条, 异常边 22 条
2025-04-15 21:37:21,007 - INFO - 时间段 2874-2885 的节点检测统计: 真阳性=11, 假阳性=6, 假阴性=0, 正常节点=2
2025-04-15 21:37:21,088 - DEBUG - 正在保存可视化结果到 ./visual/use_topkFalse\omi\robust_zscore\omi-1\seg_3_2874_2885.png
2025-04-15 21:37:21,168 - INFO - 成功保存时间段 2874-2885 的可视化结果
2025-04-15 21:37:21,168 - INFO - 
正在处理时间段 5/7: 3012-3025
2025-04-15 21:37:21,168 - INFO - 该时间段的真实异常节点: {7, 10, 11, 12, 13, 14, 15, 16, 17, 18, 19}
2025-04-15 21:37:21,168 - INFO - 正在计算异常分数...
2025-04-15 21:37:21,175 - INFO - 检测到的异常节点: {1, 4, 5, 6, 7, 8, 9, 10, 11, 12, 13, 14, 15, 16, 17, 18, 19}
2025-04-15 21:37:21,175 - INFO - 正在为时间段 3012-3025 生成可视化
2025-04-15 21:37:21,175 - INFO - 正在为时间段 3012-3025 生成异常图可视化
2025-04-15 21:37:21,176 - DEBUG - 创建包含 19 个节点的图结构
2025-04-15 21:37:21,176 - DEBUG - 边统计: 正常边 232 条, 异常边 40 条
2025-04-15 21:37:21,176 - INFO - 时间段 3012-3025 的节点检测统计: 真阳性=11, 假阳性=6, 假阴性=0, 正常节点=2
2025-04-15 21:37:21,264 - DEBUG - 正在保存可视化结果到 ./visual/use_topkFalse\omi\robust_zscore\omi-1\seg_4_3012_3025.png
2025-04-15 21:37:21,345 - INFO - 成功保存时间段 3012-3025 的可视化结果
2025-04-15 21:37:21,345 - INFO - 
正在处理时间段 6/7: 3160-3305
2025-04-15 21:37:21,345 - INFO - 该时间段的真实异常节点: {8, 9, 10, 11, 12, 13, 14, 15, 16, 17, 18, 19}
2025-04-15 21:37:21,345 - INFO - 正在计算异常分数...
2025-04-15 21:37:21,411 - INFO - 检测到的异常节点: {1, 3, 4, 5, 6, 7, 8, 9, 10, 11, 12, 13, 14, 15, 16, 17, 18, 19}
2025-04-15 21:37:21,411 - INFO - 正在为时间段 3160-3305 生成可视化
2025-04-15 21:37:21,411 - INFO - 正在为时间段 3160-3305 生成异常图可视化
2025-04-15 21:37:21,411 - DEBUG - 创建包含 19 个节点的图结构
2025-04-15 21:37:21,412 - DEBUG - 边统计: 正常边 304 条, 异常边 2 条
2025-04-15 21:37:21,412 - INFO - 时间段 3160-3305 的节点检测统计: 真阳性=12, 假阳性=6, 假阴性=0, 正常节点=1
2025-04-15 21:37:21,502 - DEBUG - 正在保存可视化结果到 ./visual/use_topkFalse\omi\robust_zscore\omi-1\seg_5_3160_3305.png
2025-04-15 21:37:21,652 - INFO - 成功保存时间段 3160-3305 的可视化结果
2025-04-15 21:37:21,652 - INFO - 
正在处理时间段 7/7: 3626-3638
2025-04-15 21:37:21,652 - INFO - 该时间段的真实异常节点: {7, 9, 10, 11, 12, 13, 14, 15, 16, 17, 18, 19}
2025-04-15 21:37:21,652 - INFO - 正在计算异常分数...
2025-04-15 21:37:21,659 - INFO - 检测到的异常节点: {1, 4, 5, 6, 7, 8, 9, 10, 11, 12, 13, 14, 15, 16, 17, 18, 19}
2025-04-15 21:37:21,659 - INFO - 正在为时间段 3626-3638 生成可视化
2025-04-15 21:37:21,659 - INFO - 正在为时间段 3626-3638 生成异常图可视化
2025-04-15 21:37:21,659 - DEBUG - 创建包含 19 个节点的图结构
2025-04-15 21:37:21,660 - DEBUG - 边统计: 正常边 234 条, 异常边 38 条
2025-04-15 21:37:21,660 - INFO - 时间段 3626-3638 的节点检测统计: 真阳性=12, 假阳性=5, 假阴性=0, 正常节点=2
2025-04-15 21:37:21,738 - DEBUG - 正在保存可视化结果到 ./visual/use_topkFalse\omi\robust_zscore\omi-1\seg_6_3626_3638.png
2025-04-15 21:37:21,817 - INFO - 成功保存时间段 3626-3638 的可视化结果
2025-04-15 21:37:21,817 - INFO - 正在从 ./visual/use_topkFalse\omi\robust_zscore\omi-1 中的图像创建GIF
2025-04-15 21:37:22,008 - INFO - GIF已保存到 ./visual/use_topkFalse\omi\robust_zscore\omi-1\omi-1.gif
2025-04-15 21:37:22,009 - INFO - 
==================================================
2025-04-15 21:37:22,009 - INFO - 开始数据集可视化: omi-10
2025-04-15 21:37:22,009 - INFO - 使用参数: 评分模式=robust_zscore, top_k=None, 阈值=6.5
2025-04-15 21:37:22,009 - INFO - ==================================================

2025-04-15 21:37:22,009 - INFO - 正在加载数据集 omi-10 的数据
2025-04-15 21:37:22,010 - INFO - 数据加载成功。训练集形状: (8640, 19), 测试集形状: (4320, 19)
2025-04-15 21:37:22,010 - INFO - 正在计算边缘统计量...
2025-04-15 21:37:23,882 - INFO - 已计算 136 条边的统计量
2025-04-15 21:37:23,882 - INFO - 为每个节点使用所有邻居
2025-04-15 21:37:23,883 - INFO - 可视化结果将保存到: ./visual/use_topkFalse\omi\robust_zscore\omi-10
2025-04-15 21:37:23,883 - INFO - 在数据集中发现 8 个异常时间段
2025-04-15 21:37:23,883 - INFO - 
正在处理时间段 1/8: 740-780
2025-04-15 21:37:23,884 - INFO - 该时间段的真实异常节点: {2, 5, 6, 7, 8, 9, 10, 11, 12, 13, 14, 15, 16, 17, 18, 19}
2025-04-15 21:37:23,884 - INFO - 正在计算异常分数...
2025-04-15 21:37:23,906 - INFO - 检测到的异常节点: {1, 4, 5, 6, 7, 8, 9, 10, 11, 12, 13, 14, 15, 16, 17, 18, 19}
2025-04-15 21:37:23,906 - INFO - 正在为时间段 740-780 生成可视化
2025-04-15 21:37:23,906 - INFO - 正在为时间段 740-780 生成异常图可视化
2025-04-15 21:37:23,907 - DEBUG - 创建包含 19 个节点的图结构
2025-04-15 21:37:23,907 - DEBUG - 边统计: 正常边 166 条, 异常边 106 条
2025-04-15 21:37:23,907 - INFO - 时间段 740-780 的节点检测统计: 真阳性=15, 假阳性=2, 假阴性=1, 正常节点=1
2025-04-15 21:37:23,988 - DEBUG - 正在保存可视化结果到 ./visual/use_topkFalse\omi\robust_zscore\omi-10\seg_0_740_780.png
2025-04-15 21:37:24,069 - INFO - 成功保存时间段 740-780 的可视化结果
2025-04-15 21:37:24,069 - INFO - 
正在处理时间段 2/8: 1345-1406
2025-04-15 21:37:24,069 - INFO - 该时间段的真实异常节点: {7, 9, 10, 11, 12, 13, 14, 15, 16, 17, 18}
2025-04-15 21:37:24,069 - INFO - 正在计算异常分数...
2025-04-15 21:37:24,104 - INFO - 检测到的异常节点: {1, 4, 5, 6, 7, 8, 9, 10, 11, 12, 13, 14, 15, 16, 17, 18, 19}
2025-04-15 21:37:24,104 - INFO - 正在为时间段 1345-1406 生成可视化
2025-04-15 21:37:24,104 - INFO - 正在为时间段 1345-1406 生成异常图可视化
2025-04-15 21:37:24,104 - DEBUG - 创建包含 19 个节点的图结构
2025-04-15 21:37:24,105 - DEBUG - 边统计: 正常边 268 条, 异常边 4 条
2025-04-15 21:37:24,105 - INFO - 时间段 1345-1406 的节点检测统计: 真阳性=11, 假阳性=6, 假阴性=0, 正常节点=2
2025-04-15 21:37:24,185 - DEBUG - 正在保存可视化结果到 ./visual/use_topkFalse\omi\robust_zscore\omi-10\seg_1_1345_1406.png
2025-04-15 21:37:24,263 - INFO - 成功保存时间段 1345-1406 的可视化结果
2025-04-15 21:37:24,263 - INFO - 
正在处理时间段 3/8: 2224-2272
2025-04-15 21:37:24,263 - INFO - 该时间段的真实异常节点: {4, 5, 6, 7, 9, 10, 11, 12, 13, 14, 15, 16, 17, 18, 19}
2025-04-15 21:37:24,263 - INFO - 正在计算异常分数...
2025-04-15 21:37:24,290 - INFO - 检测到的异常节点: {1, 4, 5, 6, 7, 8, 9, 10, 11, 12, 13, 14, 15, 16, 17, 18, 19}
2025-04-15 21:37:24,290 - INFO - 正在为时间段 2224-2272 生成可视化
2025-04-15 21:37:24,290 - INFO - 正在为时间段 2224-2272 生成异常图可视化
2025-04-15 21:37:24,291 - DEBUG - 创建包含 19 个节点的图结构
2025-04-15 21:37:24,291 - DEBUG - 边统计: 正常边 264 条, 异常边 8 条
2025-04-15 21:37:24,291 - INFO - 时间段 2224-2272 的节点检测统计: 真阳性=15, 假阳性=2, 假阴性=0, 正常节点=2
2025-04-15 21:37:24,366 - DEBUG - 正在保存可视化结果到 ./visual/use_topkFalse\omi\robust_zscore\omi-10\seg_2_2224_2272.png
2025-04-15 21:37:24,445 - INFO - 成功保存时间段 2224-2272 的可视化结果
2025-04-15 21:37:24,445 - INFO - 
正在处理时间段 4/8: 2514-2592
2025-04-15 21:37:24,445 - INFO - 该时间段的真实异常节点: {16, 4}
2025-04-15 21:37:24,445 - INFO - 正在计算异常分数...
2025-04-15 21:37:24,488 - INFO - 检测到的异常节点: {1, 4, 5, 6, 7, 8, 9, 10, 11, 12, 13, 14, 15, 16, 17, 18, 19}
2025-04-15 21:37:24,488 - INFO - 正在为时间段 2514-2592 生成可视化
2025-04-15 21:37:24,488 - INFO - 正在为时间段 2514-2592 生成异常图可视化
2025-04-15 21:37:24,488 - DEBUG - 创建包含 19 个节点的图结构
2025-04-15 21:37:24,489 - DEBUG - 边统计: 正常边 272 条, 异常边 0 条
2025-04-15 21:37:24,489 - INFO - 时间段 2514-2592 的节点检测统计: 真阳性=2, 假阳性=15, 假阴性=0, 正常节点=2
2025-04-15 21:37:24,567 - DEBUG - 正在保存可视化结果到 ./visual/use_topkFalse\omi\robust_zscore\omi-10\seg_3_2514_2592.png
2025-04-15 21:37:24,647 - INFO - 成功保存时间段 2514-2592 的可视化结果
2025-04-15 21:37:24,647 - INFO - 
正在处理时间段 5/8: 2733-2778
2025-04-15 21:37:24,648 - INFO - 该时间段的真实异常节点: {11, 14, 15}
2025-04-15 21:37:24,648 - INFO - 正在计算异常分数...
2025-04-15 21:37:24,672 - INFO - 检测到的异常节点: {1, 4, 5, 7, 8, 9, 10, 11, 12, 13, 14, 15, 16, 17, 18, 19}
2025-04-15 21:37:24,672 - INFO - 正在为时间段 2733-2778 生成可视化
2025-04-15 21:37:24,672 - INFO - 正在为时间段 2733-2778 生成异常图可视化
2025-04-15 21:37:24,672 - DEBUG - 创建包含 19 个节点的图结构
2025-04-15 21:37:24,672 - DEBUG - 边统计: 正常边 238 条, 异常边 2 条
2025-04-15 21:37:24,672 - INFO - 时间段 2733-2778 的节点检测统计: 真阳性=3, 假阳性=13, 假阴性=0, 正常节点=3
2025-04-15 21:37:24,753 - DEBUG - 正在保存可视化结果到 ./visual/use_topkFalse\omi\robust_zscore\omi-10\seg_4_2733_2778.png
2025-04-15 21:37:24,834 - INFO - 成功保存时间段 2733-2778 的可视化结果
2025-04-15 21:37:24,834 - INFO - 
正在处理时间段 6/8: 3401-3405
2025-04-15 21:37:24,835 - INFO - 该时间段的真实异常节点: {1}
2025-04-15 21:37:24,835 - INFO - 正在计算异常分数...
2025-04-15 21:37:24,836 - INFO - 检测到的异常节点: {1, 4, 5, 6, 11, 16}
2025-04-15 21:37:24,836 - INFO - 正在为时间段 3401-3405 生成可视化
2025-04-15 21:37:24,836 - INFO - 正在为时间段 3401-3405 生成异常图可视化
2025-04-15 21:37:24,836 - DEBUG - 创建包含 19 个节点的图结构
2025-04-15 21:37:24,837 - DEBUG - 边统计: 正常边 252 条, 异常边 20 条
2025-04-15 21:37:24,837 - INFO - 时间段 3401-3405 的节点检测统计: 真阳性=1, 假阳性=5, 假阴性=0, 正常节点=13
2025-04-15 21:37:24,917 - DEBUG - 正在保存可视化结果到 ./visual/use_topkFalse\omi\robust_zscore\omi-10\seg_5_3401_3405.png
2025-04-15 21:37:24,998 - INFO - 成功保存时间段 3401-3405 的可视化结果
2025-04-15 21:37:24,999 - INFO - 
正在处理时间段 7/8: 3414-3459
2025-04-15 21:37:24,999 - INFO - 该时间段的真实异常节点: {8}
2025-04-15 21:37:24,999 - INFO - 正在计算异常分数...
2025-04-15 21:37:25,024 - INFO - 检测到的异常节点: {1, 4, 5, 6, 7, 8, 9, 10, 11, 12, 13, 14, 15, 16, 17, 18, 19}
2025-04-15 21:37:25,024 - INFO - 正在为时间段 3414-3459 生成可视化
2025-04-15 21:37:25,024 - INFO - 正在为时间段 3414-3459 生成异常图可视化
2025-04-15 21:37:25,024 - DEBUG - 创建包含 19 个节点的图结构
2025-04-15 21:37:25,024 - DEBUG - 边统计: 正常边 234 条, 异常边 38 条
2025-04-15 21:37:25,024 - INFO - 时间段 3414-3459 的节点检测统计: 真阳性=1, 假阳性=16, 假阴性=0, 正常节点=2
2025-04-15 21:37:25,102 - DEBUG - 正在保存可视化结果到 ./visual/use_topkFalse\omi\robust_zscore\omi-10\seg_6_3414_3459.png
2025-04-15 21:37:25,178 - INFO - 成功保存时间段 3414-3459 的可视化结果
2025-04-15 21:37:25,178 - INFO - 
正在处理时间段 8/8: 3700-3744
2025-04-15 21:37:25,179 - INFO - 该时间段的真实异常节点: {7, 8, 9, 10, 11, 12, 13, 14, 15, 16, 17, 18}
2025-04-15 21:37:25,179 - INFO - 正在计算异常分数...
2025-04-15 21:37:25,202 - INFO - 检测到的异常节点: {1, 4, 5, 6, 7, 8, 9, 10, 11, 12, 13, 14, 15, 16, 17, 18, 19}
2025-04-15 21:37:25,202 - INFO - 正在为时间段 3700-3744 生成可视化
2025-04-15 21:37:25,202 - INFO - 正在为时间段 3700-3744 生成异常图可视化
2025-04-15 21:37:25,203 - DEBUG - 创建包含 19 个节点的图结构
2025-04-15 21:37:25,204 - DEBUG - 边统计: 正常边 228 条, 异常边 44 条
2025-04-15 21:37:25,204 - INFO - 时间段 3700-3744 的节点检测统计: 真阳性=12, 假阳性=5, 假阴性=0, 正常节点=2
2025-04-15 21:37:25,288 - DEBUG - 正在保存可视化结果到 ./visual/use_topkFalse\omi\robust_zscore\omi-10\seg_7_3700_3744.png
2025-04-15 21:37:25,371 - INFO - 成功保存时间段 3700-3744 的可视化结果
2025-04-15 21:37:25,371 - INFO - 正在从 ./visual/use_topkFalse\omi\robust_zscore\omi-10 中的图像创建GIF
2025-04-15 21:37:25,591 - INFO - GIF已保存到 ./visual/use_topkFalse\omi\robust_zscore\omi-10\omi-10.gif
2025-04-15 21:37:25,591 - INFO - 
==================================================
2025-04-15 21:37:25,591 - INFO - 开始数据集可视化: omi-11
2025-04-15 21:37:25,591 - INFO - 使用参数: 评分模式=robust_zscore, top_k=None, 阈值=2.5
2025-04-15 21:37:25,591 - INFO - ==================================================

2025-04-15 21:37:25,592 - INFO - 正在加载数据集 omi-11 的数据
2025-04-15 21:37:25,593 - INFO - 数据加载成功。训练集形状: (8640, 19), 测试集形状: (4320, 19)
2025-04-15 21:37:25,593 - INFO - 正在计算边缘统计量...
2025-04-15 21:37:27,426 - INFO - 已计算 153 条边的统计量
2025-04-15 21:37:27,426 - INFO - 为每个节点使用所有邻居
2025-04-15 21:37:27,427 - INFO - 可视化结果将保存到: ./visual/use_topkFalse\omi\robust_zscore\omi-11
2025-04-15 21:37:27,427 - INFO - 在数据集中发现 9 个异常时间段
2025-04-15 21:37:27,427 - INFO - 
正在处理时间段 1/9: 738-755
2025-04-15 21:37:27,428 - INFO - 该时间段的真实异常节点: {2}
2025-04-15 21:37:27,428 - INFO - 正在计算异常分数...
2025-04-15 21:37:27,435 - INFO - 检测到的异常节点: {4, 5, 6, 7, 8, 9, 10, 11, 12, 13, 14, 15, 16, 17, 18, 19}
2025-04-15 21:37:27,435 - INFO - 正在为时间段 738-755 生成可视化
2025-04-15 21:37:27,435 - INFO - 正在为时间段 738-755 生成异常图可视化
2025-04-15 21:37:27,436 - DEBUG - 创建包含 19 个节点的图结构
2025-04-15 21:37:27,436 - DEBUG - 边统计: 正常边 240 条, 异常边 0 条
2025-04-15 21:37:27,436 - INFO - 时间段 738-755 的节点检测统计: 真阳性=0, 假阳性=16, 假阴性=1, 正常节点=2
2025-04-15 21:37:27,515 - DEBUG - 正在保存可视化结果到 ./visual/use_topkFalse\omi\robust_zscore\omi-11\seg_0_738_755.png
2025-04-15 21:37:27,601 - INFO - 成功保存时间段 738-755 的可视化结果
2025-04-15 21:37:27,601 - INFO - 
正在处理时间段 2/9: 757-815
2025-04-15 21:37:27,601 - INFO - 该时间段的真实异常节点: set()
2025-04-15 21:37:27,601 - INFO - 正在计算异常分数...
2025-04-15 21:37:27,638 - INFO - 检测到的异常节点: {1, 4, 5, 6, 7, 8, 9, 10, 11, 12, 13, 14, 15, 16, 17, 18, 19}
2025-04-15 21:37:27,638 - INFO - 正在为时间段 757-815 生成可视化
2025-04-15 21:37:27,638 - INFO - 正在为时间段 757-815 生成异常图可视化
2025-04-15 21:37:27,638 - DEBUG - 创建包含 19 个节点的图结构
2025-04-15 21:37:27,639 - DEBUG - 边统计: 正常边 248 条, 异常边 24 条
2025-04-15 21:37:27,639 - INFO - 时间段 757-815 的节点检测统计: 真阳性=0, 假阳性=17, 假阴性=0, 正常节点=2
2025-04-15 21:37:27,717 - DEBUG - 正在保存可视化结果到 ./visual/use_topkFalse\omi\robust_zscore\omi-11\seg_1_757_815.png
2025-04-15 21:37:27,797 - INFO - 成功保存时间段 757-815 的可视化结果
2025-04-15 21:37:27,797 - INFO - 
正在处理时间段 3/9: 1366-1375
2025-04-15 21:37:27,797 - INFO - 该时间段的真实异常节点: {4, 5, 8, 17, 19}
2025-04-15 21:37:27,797 - INFO - 正在计算异常分数...
2025-04-15 21:37:27,801 - INFO - 检测到的异常节点: {1, 4, 5, 6, 7, 8, 9, 10, 11, 12, 13, 14, 15, 16, 17, 18, 19}
2025-04-15 21:37:27,801 - INFO - 正在为时间段 1366-1375 生成可视化
2025-04-15 21:37:27,802 - INFO - 正在为时间段 1366-1375 生成异常图可视化
2025-04-15 21:37:27,802 - DEBUG - 创建包含 19 个节点的图结构
2025-04-15 21:37:27,802 - DEBUG - 边统计: 正常边 210 条, 异常边 62 条
2025-04-15 21:37:27,802 - INFO - 时间段 1366-1375 的节点检测统计: 真阳性=5, 假阳性=12, 假阴性=0, 正常节点=2
2025-04-15 21:37:27,880 - DEBUG - 正在保存可视化结果到 ./visual/use_topkFalse\omi\robust_zscore\omi-11\seg_2_1366_1375.png
2025-04-15 21:37:27,968 - INFO - 成功保存时间段 1366-1375 的可视化结果
2025-04-15 21:37:27,968 - INFO - 
正在处理时间段 4/9: 2301-2314
2025-04-15 21:37:27,968 - INFO - 该时间段的真实异常节点: {17, 19, 4, 5}
2025-04-15 21:37:27,968 - INFO - 正在计算异常分数...
2025-04-15 21:37:27,975 - INFO - 检测到的异常节点: {1, 4, 5, 6, 7, 8, 9, 10, 11, 12, 13, 14, 15, 16, 17, 18, 19}
2025-04-15 21:37:27,976 - INFO - 正在为时间段 2301-2314 生成可视化
2025-04-15 21:37:27,976 - INFO - 正在为时间段 2301-2314 生成异常图可视化
2025-04-15 21:37:27,976 - DEBUG - 创建包含 19 个节点的图结构
2025-04-15 21:37:27,977 - DEBUG - 边统计: 正常边 232 条, 异常边 40 条
2025-04-15 21:37:27,977 - INFO - 时间段 2301-2314 的节点检测统计: 真阳性=4, 假阳性=13, 假阴性=0, 正常节点=2
2025-04-15 21:37:28,144 - DEBUG - 正在保存可视化结果到 ./visual/use_topkFalse\omi\robust_zscore\omi-11\seg_3_2301_2314.png
2025-04-15 21:37:28,231 - INFO - 成功保存时间段 2301-2314 的可视化结果
2025-04-15 21:37:28,231 - INFO - 
正在处理时间段 5/9: 2365-2381
2025-04-15 21:37:28,232 - INFO - 该时间段的真实异常节点: {19}
2025-04-15 21:37:28,232 - INFO - 正在计算异常分数...
2025-04-15 21:37:28,239 - INFO - 检测到的异常节点: {4, 6, 7, 8, 9, 10, 11, 12, 13, 14, 15, 16, 17, 18, 19}
2025-04-15 21:37:28,240 - INFO - 正在为时间段 2365-2381 生成可视化
2025-04-15 21:37:28,240 - INFO - 正在为时间段 2365-2381 生成异常图可视化
2025-04-15 21:37:28,240 - DEBUG - 创建包含 19 个节点的图结构
2025-04-15 21:37:28,240 - DEBUG - 边统计: 正常边 168 条, 异常边 42 条
2025-04-15 21:37:28,240 - INFO - 时间段 2365-2381 的节点检测统计: 真阳性=1, 假阳性=14, 假阴性=0, 正常节点=4
2025-04-15 21:37:28,318 - DEBUG - 正在保存可视化结果到 ./visual/use_topkFalse\omi\robust_zscore\omi-11\seg_4_2365_2381.png
2025-04-15 21:37:28,399 - INFO - 成功保存时间段 2365-2381 的可视化结果
2025-04-15 21:37:28,399 - INFO - 
正在处理时间段 6/9: 2464-2485
2025-04-15 21:37:28,399 - INFO - 该时间段的真实异常节点: {17, 19, 4, 5}
2025-04-15 21:37:28,399 - INFO - 正在计算异常分数...
2025-04-15 21:37:28,411 - INFO - 检测到的异常节点: {1, 4, 5, 6, 7, 8, 9, 10, 11, 12, 13, 14, 15, 16, 17, 18, 19}
2025-04-15 21:37:28,411 - INFO - 正在为时间段 2464-2485 生成可视化
2025-04-15 21:37:28,411 - INFO - 正在为时间段 2464-2485 生成异常图可视化
2025-04-15 21:37:28,411 - DEBUG - 创建包含 19 个节点的图结构
2025-04-15 21:37:28,412 - DEBUG - 边统计: 正常边 236 条, 异常边 36 条
2025-04-15 21:37:28,412 - INFO - 时间段 2464-2485 的节点检测统计: 真阳性=4, 假阳性=13, 假阴性=0, 正常节点=2
2025-04-15 21:37:28,489 - DEBUG - 正在保存可视化结果到 ./visual/use_topkFalse\omi\robust_zscore\omi-11\seg_5_2464_2485.png
2025-04-15 21:37:28,569 - INFO - 成功保存时间段 2464-2485 的可视化结果
2025-04-15 21:37:28,569 - INFO - 
正在处理时间段 7/9: 2588-2610
2025-04-15 21:37:28,569 - INFO - 该时间段的真实异常节点: {17, 19, 4, 5}
2025-04-15 21:37:28,569 - INFO - 正在计算异常分数...
2025-04-15 21:37:28,580 - INFO - 检测到的异常节点: {1, 4, 5, 6, 7, 8, 9, 10, 11, 12, 13, 14, 15, 16, 17, 18, 19}
2025-04-15 21:37:28,580 - INFO - 正在为时间段 2588-2610 生成可视化
2025-04-15 21:37:28,580 - INFO - 正在为时间段 2588-2610 生成异常图可视化
2025-04-15 21:37:28,581 - DEBUG - 创建包含 19 个节点的图结构
2025-04-15 21:37:28,581 - DEBUG - 边统计: 正常边 216 条, 异常边 56 条
2025-04-15 21:37:28,581 - INFO - 时间段 2588-2610 的节点检测统计: 真阳性=4, 假阳性=13, 假阴性=0, 正常节点=2
2025-04-15 21:37:28,660 - DEBUG - 正在保存可视化结果到 ./visual/use_topkFalse\omi\robust_zscore\omi-11\seg_6_2588_2610.png
2025-04-15 21:37:28,744 - INFO - 成功保存时间段 2588-2610 的可视化结果
2025-04-15 21:37:28,744 - INFO - 
正在处理时间段 8/9: 2650-2675
2025-04-15 21:37:28,744 - INFO - 该时间段的真实异常节点: {19}
2025-04-15 21:37:28,744 - INFO - 正在计算异常分数...
2025-04-15 21:37:28,756 - INFO - 检测到的异常节点: {4, 5, 6, 7, 8, 9, 10, 11, 12, 13, 14, 15, 16, 17, 18, 19}
2025-04-15 21:37:28,756 - INFO - 正在为时间段 2650-2675 生成可视化
2025-04-15 21:37:28,756 - INFO - 正在为时间段 2650-2675 生成异常图可视化
2025-04-15 21:37:28,757 - DEBUG - 创建包含 19 个节点的图结构
2025-04-15 21:37:28,757 - DEBUG - 边统计: 正常边 192 条, 异常边 48 条
2025-04-15 21:37:28,757 - INFO - 时间段 2650-2675 的节点检测统计: 真阳性=1, 假阳性=15, 假阴性=0, 正常节点=3
2025-04-15 21:37:28,843 - DEBUG - 正在保存可视化结果到 ./visual/use_topkFalse\omi\robust_zscore\omi-11\seg_7_2650_2675.png
2025-04-15 21:37:28,923 - INFO - 成功保存时间段 2650-2675 的可视化结果
2025-04-15 21:37:28,923 - INFO - 
正在处理时间段 9/9: 3012-3072
2025-04-15 21:37:28,923 - INFO - 该时间段的真实异常节点: {1, 4, 5, 8, 17, 19}
2025-04-15 21:37:28,925 - INFO - 正在计算异常分数...
2025-04-15 21:37:28,960 - INFO - 检测到的异常节点: {1, 4, 5, 6, 7, 8, 9, 10, 11, 12, 13, 14, 15, 16, 17, 18, 19}
2025-04-15 21:37:28,960 - INFO - 正在为时间段 3012-3072 生成可视化
2025-04-15 21:37:28,960 - INFO - 正在为时间段 3012-3072 生成异常图可视化
2025-04-15 21:37:28,960 - DEBUG - 创建包含 19 个节点的图结构
2025-04-15 21:37:28,961 - DEBUG - 边统计: 正常边 272 条, 异常边 0 条
2025-04-15 21:37:28,961 - INFO - 时间段 3012-3072 的节点检测统计: 真阳性=6, 假阳性=11, 假阴性=0, 正常节点=2
2025-04-15 21:37:29,042 - DEBUG - 正在保存可视化结果到 ./visual/use_topkFalse\omi\robust_zscore\omi-11\seg_8_3012_3072.png
2025-04-15 21:37:29,122 - INFO - 成功保存时间段 3012-3072 的可视化结果
2025-04-15 21:37:29,122 - INFO - 正在从 ./visual/use_topkFalse\omi\robust_zscore\omi-11 中的图像创建GIF
2025-04-15 21:37:29,379 - INFO - GIF已保存到 ./visual/use_topkFalse\omi\robust_zscore\omi-11\omi-11.gif
2025-04-15 21:37:29,380 - INFO - 
==================================================
2025-04-15 21:37:29,380 - INFO - 开始数据集可视化: omi-12
2025-04-15 21:37:29,380 - INFO - 使用参数: 评分模式=robust_zscore, top_k=None, 阈值=2.0
2025-04-15 21:37:29,380 - INFO - ==================================================

2025-04-15 21:37:29,380 - INFO - 正在加载数据集 omi-12 的数据
2025-04-15 21:37:29,380 - INFO - 数据加载成功。训练集形状: (7291, 19), 测试集形状: (4320, 19)
2025-04-15 21:37:29,380 - INFO - 正在计算边缘统计量...
2025-04-15 21:37:30,875 - INFO - 已计算 133 条边的统计量
2025-04-15 21:37:30,875 - INFO - 为每个节点使用所有邻居
2025-04-15 21:37:30,876 - INFO - 可视化结果将保存到: ./visual/use_topkFalse\omi\robust_zscore\omi-12
2025-04-15 21:37:30,877 - INFO - 在数据集中发现 5 个异常时间段
2025-04-15 21:37:30,877 - INFO - 
正在处理时间段 1/5: 740-813
2025-04-15 21:37:30,877 - INFO - 该时间段的真实异常节点: {1, 2, 6, 7, 8, 9, 10, 11, 12, 13, 14, 15, 16, 17, 18, 19}
2025-04-15 21:37:30,877 - INFO - 正在计算异常分数...
2025-04-15 21:37:30,915 - INFO - 检测到的异常节点: {1, 6, 7, 8, 9, 10, 11, 12, 13, 14, 15, 16, 17, 18, 19}
2025-04-15 21:37:30,915 - INFO - 正在为时间段 740-813 生成可视化
2025-04-15 21:37:30,915 - INFO - 正在为时间段 740-813 生成异常图可视化
2025-04-15 21:37:30,915 - DEBUG - 创建包含 19 个节点的图结构
2025-04-15 21:37:30,917 - DEBUG - 边统计: 正常边 140 条, 异常边 70 条
2025-04-15 21:37:30,917 - INFO - 时间段 740-813 的节点检测统计: 真阳性=15, 假阳性=0, 假阴性=1, 正常节点=3
2025-04-15 21:37:31,008 - DEBUG - 正在保存可视化结果到 ./visual/use_topkFalse\omi\robust_zscore\omi-12\seg_0_740_813.png
2025-04-15 21:37:31,096 - INFO - 成功保存时间段 740-813 的可视化结果
2025-04-15 21:37:31,097 - INFO - 
正在处理时间段 2/5: 2486-2493
2025-04-15 21:37:31,097 - INFO - 该时间段的真实异常节点: {4, 5}
2025-04-15 21:37:31,097 - INFO - 正在计算异常分数...
2025-04-15 21:37:31,099 - INFO - 检测到的异常节点: {1, 4, 5, 7, 8, 9, 10, 12, 13, 14, 15, 16, 17, 18, 19}
2025-04-15 21:37:31,099 - INFO - 正在为时间段 2486-2493 生成可视化
2025-04-15 21:37:31,099 - INFO - 正在为时间段 2486-2493 生成异常图可视化
2025-04-15 21:37:31,099 - DEBUG - 创建包含 19 个节点的图结构
2025-04-15 21:37:31,100 - DEBUG - 边统计: 正常边 170 条, 异常边 36 条
2025-04-15 21:37:31,100 - INFO - 时间段 2486-2493 的节点检测统计: 真阳性=2, 假阳性=13, 假阴性=0, 正常节点=4
2025-04-15 21:37:31,177 - DEBUG - 正在保存可视化结果到 ./visual/use_topkFalse\omi\robust_zscore\omi-12\seg_1_2486_2493.png
2025-04-15 21:37:31,256 - INFO - 成功保存时间段 2486-2493 的可视化结果
2025-04-15 21:37:31,257 - INFO - 
正在处理时间段 3/5: 2515-2525
2025-04-15 21:37:31,257 - INFO - 该时间段的真实异常节点: {1, 4, 5, 7, 8, 9, 17, 18}
2025-04-15 21:37:31,257 - INFO - 正在计算异常分数...
2025-04-15 21:37:31,262 - INFO - 检测到的异常节点: {1, 4, 5, 6, 7, 8, 9, 10, 11, 12, 13, 14, 15, 16, 17, 18, 19}
2025-04-15 21:37:31,262 - INFO - 正在为时间段 2515-2525 生成可视化
2025-04-15 21:37:31,262 - INFO - 正在为时间段 2515-2525 生成异常图可视化
2025-04-15 21:37:31,262 - DEBUG - 创建包含 19 个节点的图结构
2025-04-15 21:37:31,263 - DEBUG - 边统计: 正常边 190 条, 异常边 76 条
2025-04-15 21:37:31,263 - INFO - 时间段 2515-2525 的节点检测统计: 真阳性=8, 假阳性=9, 假阴性=0, 正常节点=2
2025-04-15 21:37:31,340 - DEBUG - 正在保存可视化结果到 ./visual/use_topkFalse\omi\robust_zscore\omi-12\seg_2_2515_2525.png
2025-04-15 21:37:31,418 - INFO - 成功保存时间段 2515-2525 的可视化结果
2025-04-15 21:37:31,418 - INFO - 
正在处理时间段 4/5: 2721-2723
2025-04-15 21:37:31,418 - INFO - 该时间段的真实异常节点: {4}
2025-04-15 21:37:31,418 - INFO - 正在计算异常分数...
2025-04-15 21:37:31,418 - INFO - 检测到的异常节点: set()
2025-04-15 21:37:31,418 - INFO - 正在为时间段 2721-2723 生成可视化
2025-04-15 21:37:31,418 - INFO - 正在为时间段 2721-2723 生成异常图可视化
2025-04-15 21:37:31,419 - DEBUG - 创建包含 19 个节点的图结构
2025-04-15 21:37:31,419 - DEBUG - 边统计: 正常边 40 条, 异常边 48 条
2025-04-15 21:37:31,419 - INFO - 时间段 2721-2723 的节点检测统计: 真阳性=0, 假阳性=0, 假阴性=1, 正常节点=18
2025-04-15 21:37:31,498 - DEBUG - 正在保存可视化结果到 ./visual/use_topkFalse\omi\robust_zscore\omi-12\seg_3_2721_2723.png
2025-04-15 21:37:31,577 - INFO - 成功保存时间段 2721-2723 的可视化结果
2025-04-15 21:37:31,577 - INFO - 
正在处理时间段 5/5: 3500-3535
2025-04-15 21:37:31,577 - INFO - 该时间段的真实异常节点: {5, 6, 7, 8, 11, 12, 13, 14, 15, 16, 17, 18, 19}
2025-04-15 21:37:31,577 - INFO - 正在计算异常分数...
2025-04-15 21:37:31,594 - INFO - 检测到的异常节点: {5, 6, 7, 8, 9, 10, 11, 12, 13, 14, 15, 16, 17, 18, 19}
2025-04-15 21:37:31,594 - INFO - 正在为时间段 3500-3535 生成可视化
2025-04-15 21:37:31,594 - INFO - 正在为时间段 3500-3535 生成异常图可视化
2025-04-15 21:37:31,594 - DEBUG - 创建包含 19 个节点的图结构
2025-04-15 21:37:31,595 - DEBUG - 边统计: 正常边 172 条, 异常边 38 条
2025-04-15 21:37:31,595 - INFO - 时间段 3500-3535 的节点检测统计: 真阳性=13, 假阳性=2, 假阴性=0, 正常节点=4
2025-04-15 21:37:31,679 - DEBUG - 正在保存可视化结果到 ./visual/use_topkFalse\omi\robust_zscore\omi-12\seg_4_3500_3535.png
2025-04-15 21:37:31,755 - INFO - 成功保存时间段 3500-3535 的可视化结果
2025-04-15 21:37:31,755 - INFO - 正在从 ./visual/use_topkFalse\omi\robust_zscore\omi-12 中的图像创建GIF
2025-04-15 21:37:31,891 - INFO - GIF已保存到 ./visual/use_topkFalse\omi\robust_zscore\omi-12\omi-12.gif
2025-04-15 21:37:31,891 - INFO - 
==================================================
2025-04-15 21:37:31,891 - INFO - 开始数据集可视化: omi-2
2025-04-15 21:37:31,891 - INFO - 使用参数: 评分模式=robust_zscore, top_k=None, 阈值=4.5
2025-04-15 21:37:31,891 - INFO - ==================================================

2025-04-15 21:37:31,891 - INFO - 正在加载数据集 omi-2 的数据
2025-04-15 21:37:31,892 - INFO - 数据加载成功。训练集形状: (8640, 19), 测试集形状: (4320, 19)
2025-04-15 21:37:31,892 - INFO - 正在计算边缘统计量...
2025-04-15 21:37:33,720 - INFO - 已计算 153 条边的统计量
2025-04-15 21:37:33,720 - INFO - 为每个节点使用所有邻居
2025-04-15 21:37:33,721 - INFO - 可视化结果将保存到: ./visual/use_topkFalse\omi\robust_zscore\omi-2
2025-04-15 21:37:33,722 - INFO - 在数据集中发现 4 个异常时间段
2025-04-15 21:37:33,722 - INFO - 
正在处理时间段 1/4: 486-498
2025-04-15 21:37:33,722 - INFO - 该时间段的真实异常节点: {1, 4, 5}
2025-04-15 21:37:33,722 - INFO - 正在计算异常分数...
2025-04-15 21:37:33,727 - INFO - 检测到的异常节点: {1, 4, 5, 6, 7, 8, 9, 10, 11, 12, 13, 14, 15, 16, 17, 18, 19}
2025-04-15 21:37:33,727 - INFO - 正在为时间段 486-498 生成可视化
2025-04-15 21:37:33,727 - INFO - 正在为时间段 486-498 生成异常图可视化
2025-04-15 21:37:33,728 - DEBUG - 创建包含 19 个节点的图结构
2025-04-15 21:37:33,728 - DEBUG - 边统计: 正常边 272 条, 异常边 0 条
2025-04-15 21:37:33,728 - INFO - 时间段 486-498 的节点检测统计: 真阳性=3, 假阳性=14, 假阴性=0, 正常节点=2
2025-04-15 21:37:33,808 - DEBUG - 正在保存可视化结果到 ./visual/use_topkFalse\omi\robust_zscore\omi-2\seg_0_486_498.png
2025-04-15 21:37:33,887 - INFO - 成功保存时间段 486-498 的可视化结果
2025-04-15 21:37:33,887 - INFO - 
正在处理时间段 2/4: 740-753
2025-04-15 21:37:33,889 - INFO - 该时间段的真实异常节点: {2}
2025-04-15 21:37:33,889 - INFO - 正在计算异常分数...
2025-04-15 21:37:33,894 - INFO - 检测到的异常节点: {2, 4, 5, 6, 7, 8, 9, 10, 11, 12, 13, 14, 15, 16, 17, 18, 19}
2025-04-15 21:37:33,894 - INFO - 正在为时间段 740-753 生成可视化
2025-04-15 21:37:33,894 - INFO - 正在为时间段 740-753 生成异常图可视化
2025-04-15 21:37:33,894 - DEBUG - 创建包含 19 个节点的图结构
2025-04-15 21:37:33,895 - DEBUG - 边统计: 正常边 268 条, 异常边 4 条
2025-04-15 21:37:33,895 - INFO - 时间段 740-753 的节点检测统计: 真阳性=1, 假阳性=16, 假阴性=0, 正常节点=2
2025-04-15 21:37:34,030 - DEBUG - 正在保存可视化结果到 ./visual/use_topkFalse\omi\robust_zscore\omi-2\seg_1_740_753.png
2025-04-15 21:37:34,108 - INFO - 成功保存时间段 740-753 的可视化结果
2025-04-15 21:37:34,108 - INFO - 
正在处理时间段 3/4: 766-783
2025-04-15 21:37:34,108 - INFO - 该时间段的真实异常节点: {1, 5, 6, 7, 8, 9, 10, 11, 12, 13, 14, 15, 16, 17, 18, 19}
2025-04-15 21:37:34,108 - INFO - 正在计算异常分数...
2025-04-15 21:37:34,117 - INFO - 检测到的异常节点: {1, 4, 5, 6, 7, 8, 9, 10, 11, 12, 13, 14, 15, 16, 17, 18, 19}
2025-04-15 21:37:34,117 - INFO - 正在为时间段 766-783 生成可视化
2025-04-15 21:37:34,117 - INFO - 正在为时间段 766-783 生成异常图可视化
2025-04-15 21:37:34,117 - DEBUG - 创建包含 19 个节点的图结构
2025-04-15 21:37:34,117 - DEBUG - 边统计: 正常边 222 条, 异常边 50 条
2025-04-15 21:37:34,117 - INFO - 时间段 766-783 的节点检测统计: 真阳性=16, 假阳性=1, 假阴性=0, 正常节点=2
2025-04-15 21:37:34,195 - DEBUG - 正在保存可视化结果到 ./visual/use_topkFalse\omi\robust_zscore\omi-2\seg_2_766_783.png
2025-04-15 21:37:34,280 - INFO - 成功保存时间段 766-783 的可视化结果
2025-04-15 21:37:34,280 - INFO - 
正在处理时间段 4/4: 1436-1445
2025-04-15 21:37:34,280 - INFO - 该时间段的真实异常节点: {7, 9, 10, 11, 12, 13, 14, 15, 16, 17, 18}
2025-04-15 21:37:34,281 - INFO - 正在计算异常分数...
2025-04-15 21:37:34,285 - INFO - 检测到的异常节点: {1, 4, 5, 6, 7, 8, 9, 10, 11, 12, 13, 14, 15, 16, 17, 18, 19}
2025-04-15 21:37:34,285 - INFO - 正在为时间段 1436-1445 生成可视化
2025-04-15 21:37:34,285 - INFO - 正在为时间段 1436-1445 生成异常图可视化
2025-04-15 21:37:34,285 - DEBUG - 创建包含 19 个节点的图结构
2025-04-15 21:37:34,286 - DEBUG - 边统计: 正常边 270 条, 异常边 2 条
2025-04-15 21:37:34,286 - INFO - 时间段 1436-1445 的节点检测统计: 真阳性=11, 假阳性=6, 假阴性=0, 正常节点=2
2025-04-15 21:37:34,374 - DEBUG - 正在保存可视化结果到 ./visual/use_topkFalse\omi\robust_zscore\omi-2\seg_3_1436_1445.png
2025-04-15 21:37:34,458 - INFO - 成功保存时间段 1436-1445 的可视化结果
2025-04-15 21:37:34,458 - INFO - 正在从 ./visual/use_topkFalse\omi\robust_zscore\omi-2 中的图像创建GIF
2025-04-15 21:37:34,563 - INFO - GIF已保存到 ./visual/use_topkFalse\omi\robust_zscore\omi-2\omi-2.gif
2025-04-15 21:37:34,563 - INFO - 
==================================================
2025-04-15 21:37:34,563 - INFO - 开始数据集可视化: omi-3
2025-04-15 21:37:34,563 - INFO - 使用参数: 评分模式=robust_zscore, top_k=None, 阈值=4.5
2025-04-15 21:37:34,563 - INFO - ==================================================

2025-04-15 21:37:34,563 - INFO - 正在加载数据集 omi-3 的数据
2025-04-15 21:37:34,565 - INFO - 数据加载成功。训练集形状: (8640, 19), 测试集形状: (4320, 19)
2025-04-15 21:37:34,565 - INFO - 正在计算边缘统计量...
2025-04-15 21:37:36,407 - INFO - 已计算 136 条边的统计量
2025-04-15 21:37:36,407 - INFO - 为每个节点使用所有邻居
2025-04-15 21:37:36,408 - INFO - 可视化结果将保存到: ./visual/use_topkFalse\omi\robust_zscore\omi-3
2025-04-15 21:37:36,408 - INFO - 在数据集中发现 6 个异常时间段
2025-04-15 21:37:36,409 - INFO - 
正在处理时间段 1/6: 760-820
2025-04-15 21:37:36,409 - INFO - 该时间段的真实异常节点: {1, 4, 6, 7, 8, 9, 10, 11, 12, 13, 14, 15, 16, 17, 18, 19}
2025-04-15 21:37:36,409 - INFO - 正在计算异常分数...
2025-04-15 21:37:36,441 - INFO - 检测到的异常节点: {1, 4, 5, 6, 7, 8, 9, 10, 11, 12, 13, 14, 15, 16, 17, 18, 19}
2025-04-15 21:37:36,442 - INFO - 正在为时间段 760-820 生成可视化
2025-04-15 21:37:36,442 - INFO - 正在为时间段 760-820 生成异常图可视化
2025-04-15 21:37:36,442 - DEBUG - 创建包含 19 个节点的图结构
2025-04-15 21:37:36,442 - DEBUG - 边统计: 正常边 248 条, 异常边 24 条
2025-04-15 21:37:36,442 - INFO - 时间段 760-820 的节点检测统计: 真阳性=16, 假阳性=1, 假阴性=0, 正常节点=2
2025-04-15 21:37:36,528 - DEBUG - 正在保存可视化结果到 ./visual/use_topkFalse\omi\robust_zscore\omi-3\seg_0_760_820.png
2025-04-15 21:37:36,609 - INFO - 成功保存时间段 760-820 的可视化结果
2025-04-15 21:37:36,609 - INFO - 
正在处理时间段 2/6: 842-860
2025-04-15 21:37:36,610 - INFO - 该时间段的真实异常节点: {7, 8, 9, 10, 11, 12, 13, 14, 15, 16, 17, 18, 19}
2025-04-15 21:37:36,610 - INFO - 正在计算异常分数...
2025-04-15 21:37:36,620 - INFO - 检测到的异常节点: {4, 5, 6, 7, 8, 9, 10, 11, 12, 13, 14, 15, 16, 17, 18, 19}
2025-04-15 21:37:36,620 - INFO - 正在为时间段 842-860 生成可视化
2025-04-15 21:37:36,620 - INFO - 正在为时间段 842-860 生成异常图可视化
2025-04-15 21:37:36,620 - DEBUG - 创建包含 19 个节点的图结构
2025-04-15 21:37:36,621 - DEBUG - 边统计: 正常边 224 条, 异常边 16 条
2025-04-15 21:37:36,621 - INFO - 时间段 842-860 的节点检测统计: 真阳性=13, 假阳性=3, 假阴性=0, 正常节点=3
2025-04-15 21:37:36,697 - DEBUG - 正在保存可视化结果到 ./visual/use_topkFalse\omi\robust_zscore\omi-3\seg_1_842_860.png
2025-04-15 21:37:36,775 - INFO - 成功保存时间段 842-860 的可视化结果
2025-04-15 21:37:36,775 - INFO - 
正在处理时间段 3/6: 1080-1120
2025-04-15 21:37:36,775 - INFO - 该时间段的真实异常节点: {7, 9, 10, 11, 12, 13, 14, 15, 16, 17, 18}
2025-04-15 21:37:36,775 - INFO - 正在计算异常分数...
2025-04-15 21:37:36,796 - INFO - 检测到的异常节点: {1, 4, 5, 6, 7, 8, 9, 10, 11, 12, 13, 14, 15, 16, 17, 18, 19}
2025-04-15 21:37:36,797 - INFO - 正在为时间段 1080-1120 生成可视化
2025-04-15 21:37:36,797 - INFO - 正在为时间段 1080-1120 生成异常图可视化
2025-04-15 21:37:36,797 - DEBUG - 创建包含 19 个节点的图结构
2025-04-15 21:37:36,798 - DEBUG - 边统计: 正常边 272 条, 异常边 0 条
2025-04-15 21:37:36,798 - INFO - 时间段 1080-1120 的节点检测统计: 真阳性=11, 假阳性=6, 假阴性=0, 正常节点=2
2025-04-15 21:37:36,875 - DEBUG - 正在保存可视化结果到 ./visual/use_topkFalse\omi\robust_zscore\omi-3\seg_2_1080_1120.png
2025-04-15 21:37:36,953 - INFO - 成功保存时间段 1080-1120 的可视化结果
2025-04-15 21:37:36,953 - INFO - 
正在处理时间段 4/6: 2188-2201
2025-04-15 21:37:36,953 - INFO - 该时间段的真实异常节点: {7, 9, 10, 11, 12, 13, 14, 15, 16, 17, 18, 19}
2025-04-15 21:37:36,953 - INFO - 正在计算异常分数...
2025-04-15 21:37:36,959 - INFO - 检测到的异常节点: {6, 7, 8, 9, 10, 11, 12, 13, 14, 15, 16, 17, 18, 19}
2025-04-15 21:37:36,959 - INFO - 正在为时间段 2188-2201 生成可视化
2025-04-15 21:37:36,959 - INFO - 正在为时间段 2188-2201 生成异常图可视化
2025-04-15 21:37:36,960 - DEBUG - 创建包含 19 个节点的图结构
2025-04-15 21:37:36,960 - DEBUG - 边统计: 正常边 258 条, 异常边 14 条
2025-04-15 21:37:36,960 - INFO - 时间段 2188-2201 的节点检测统计: 真阳性=12, 假阳性=2, 假阴性=0, 正常节点=5
2025-04-15 21:37:37,035 - DEBUG - 正在保存可视化结果到 ./visual/use_topkFalse\omi\robust_zscore\omi-3\seg_3_2188_2201.png
2025-04-15 21:37:37,112 - INFO - 成功保存时间段 2188-2201 的可视化结果
2025-04-15 21:37:37,112 - INFO - 
正在处理时间段 5/6: 2497-2500
2025-04-15 21:37:37,112 - INFO - 该时间段的真实异常节点: {6, 7, 9, 10, 11, 12, 13, 14, 15, 16, 17, 18, 19}
2025-04-15 21:37:37,113 - INFO - 正在计算异常分数...
2025-04-15 21:37:37,113 - INFO - 检测到的异常节点: set()
2025-04-15 21:37:37,113 - INFO - 正在为时间段 2497-2500 生成可视化
2025-04-15 21:37:37,113 - INFO - 正在为时间段 2497-2500 生成异常图可视化
2025-04-15 21:37:37,113 - DEBUG - 创建包含 19 个节点的图结构
2025-04-15 21:37:37,113 - DEBUG - 边统计: 正常边 208 条, 异常边 2 条
2025-04-15 21:37:37,114 - INFO - 时间段 2497-2500 的节点检测统计: 真阳性=0, 假阳性=0, 假阴性=13, 正常节点=6
2025-04-15 21:37:37,190 - DEBUG - 正在保存可视化结果到 ./visual/use_topkFalse\omi\robust_zscore\omi-3\seg_4_2497_2500.png
2025-04-15 21:37:37,267 - INFO - 成功保存时间段 2497-2500 的可视化结果
2025-04-15 21:37:37,267 - INFO - 
正在处理时间段 6/6: 3428-3434
2025-04-15 21:37:37,267 - INFO - 该时间段的真实异常节点: {7, 8, 9, 10, 11, 12, 13, 14, 15, 16, 17, 18, 19}
2025-04-15 21:37:37,267 - INFO - 正在计算异常分数...
2025-04-15 21:37:37,269 - INFO - 检测到的异常节点: {1, 4, 7, 8, 9, 10, 11, 12, 13, 14, 15, 16, 17, 18, 19}
2025-04-15 21:37:37,269 - INFO - 正在为时间段 3428-3434 生成可视化
2025-04-15 21:37:37,269 - INFO - 正在为时间段 3428-3434 生成异常图可视化
2025-04-15 21:37:37,269 - DEBUG - 创建包含 19 个节点的图结构
2025-04-15 21:37:37,270 - DEBUG - 边统计: 正常边 270 条, 异常边 2 条
2025-04-15 21:37:37,270 - INFO - 时间段 3428-3434 的节点检测统计: 真阳性=13, 假阳性=2, 假阴性=0, 正常节点=4
2025-04-15 21:37:37,350 - DEBUG - 正在保存可视化结果到 ./visual/use_topkFalse\omi\robust_zscore\omi-3\seg_5_3428_3434.png
2025-04-15 21:37:37,427 - INFO - 成功保存时间段 3428-3434 的可视化结果
2025-04-15 21:37:37,427 - INFO - 正在从 ./visual/use_topkFalse\omi\robust_zscore\omi-3 中的图像创建GIF
2025-04-15 21:37:37,586 - INFO - GIF已保存到 ./visual/use_topkFalse\omi\robust_zscore\omi-3\omi-3.gif
2025-04-15 21:37:37,587 - INFO - 
==================================================
2025-04-15 21:37:37,587 - INFO - 开始数据集可视化: omi-4
2025-04-15 21:37:37,587 - INFO - 使用参数: 评分模式=robust_zscore, top_k=None, 阈值=5.0
2025-04-15 21:37:37,587 - INFO - ==================================================

2025-04-15 21:37:37,587 - INFO - 正在加载数据集 omi-4 的数据
2025-04-15 21:37:37,588 - INFO - 数据加载成功。训练集形状: (8640, 19), 测试集形状: (4320, 19)
2025-04-15 21:37:37,588 - INFO - 正在计算边缘统计量...
2025-04-15 21:37:39,517 - INFO - 已计算 136 条边的统计量
2025-04-15 21:37:39,517 - INFO - 为每个节点使用所有邻居
2025-04-15 21:37:39,518 - INFO - 可视化结果将保存到: ./visual/use_topkFalse\omi\robust_zscore\omi-4
2025-04-15 21:37:39,518 - INFO - 在数据集中发现 5 个异常时间段
2025-04-15 21:37:39,518 - INFO - 
正在处理时间段 1/5: 727-782
2025-04-15 21:37:39,518 - INFO - 该时间段的真实异常节点: {1, 2, 6, 7, 8, 9, 10, 11, 12, 13, 14, 15, 16, 17, 18, 19}
2025-04-15 21:37:39,519 - INFO - 正在计算异常分数...
2025-04-15 21:37:39,548 - INFO - 检测到的异常节点: {1, 4, 5, 6, 7, 8, 9, 10, 11, 12, 13, 14, 15, 16, 17, 18, 19}
2025-04-15 21:37:39,548 - INFO - 正在为时间段 727-782 生成可视化
2025-04-15 21:37:39,548 - INFO - 正在为时间段 727-782 生成异常图可视化
2025-04-15 21:37:39,550 - DEBUG - 创建包含 19 个节点的图结构
2025-04-15 21:37:39,550 - DEBUG - 边统计: 正常边 240 条, 异常边 32 条
2025-04-15 21:37:39,550 - INFO - 时间段 727-782 的节点检测统计: 真阳性=15, 假阳性=2, 假阴性=1, 正常节点=1
2025-04-15 21:37:39,632 - DEBUG - 正在保存可视化结果到 ./visual/use_topkFalse\omi\robust_zscore\omi-4\seg_0_727_782.png
2025-04-15 21:37:39,707 - INFO - 成功保存时间段 727-782 的可视化结果
2025-04-15 21:37:39,707 - INFO - 
正在处理时间段 2/5: 843-857
2025-04-15 21:37:39,707 - INFO - 该时间段的真实异常节点: {6, 7, 8, 9, 10, 11, 12, 13, 14, 15, 16, 17, 18, 19}
2025-04-15 21:37:39,707 - INFO - 正在计算异常分数...
2025-04-15 21:37:39,713 - INFO - 检测到的异常节点: {4, 5, 6, 7, 8, 9, 10, 11, 12, 13, 14, 15, 16, 17, 18, 19}
2025-04-15 21:37:39,713 - INFO - 正在为时间段 843-857 生成可视化
2025-04-15 21:37:39,714 - INFO - 正在为时间段 843-857 生成异常图可视化
2025-04-15 21:37:39,714 - DEBUG - 创建包含 19 个节点的图结构
2025-04-15 21:37:39,714 - DEBUG - 边统计: 正常边 236 条, 异常边 4 条
2025-04-15 21:37:39,714 - INFO - 时间段 843-857 的节点检测统计: 真阳性=14, 假阳性=2, 假阴性=0, 正常节点=3
2025-04-15 21:37:39,792 - DEBUG - 正在保存可视化结果到 ./visual/use_topkFalse\omi\robust_zscore\omi-4\seg_1_843_857.png
2025-04-15 21:37:39,878 - INFO - 成功保存时间段 843-857 的可视化结果
2025-04-15 21:37:39,879 - INFO - 
正在处理时间段 3/5: 2178-2238
2025-04-15 21:37:39,879 - INFO - 该时间段的真实异常节点: {8, 9, 10, 11, 12, 13, 14, 15, 16, 17, 18, 19}
2025-04-15 21:37:39,879 - INFO - 正在计算异常分数...
2025-04-15 21:37:39,915 - INFO - 检测到的异常节点: {1, 4, 5, 6, 7, 8, 9, 10, 11, 12, 13, 14, 15, 16, 17, 18, 19}
2025-04-15 21:37:39,916 - INFO - 正在为时间段 2178-2238 生成可视化
2025-04-15 21:37:39,916 - INFO - 正在为时间段 2178-2238 生成异常图可视化
2025-04-15 21:37:39,916 - DEBUG - 创建包含 19 个节点的图结构
2025-04-15 21:37:39,916 - DEBUG - 边统计: 正常边 272 条, 异常边 0 条
2025-04-15 21:37:39,916 - INFO - 时间段 2178-2238 的节点检测统计: 真阳性=12, 假阳性=5, 假阴性=0, 正常节点=2
2025-04-15 21:37:39,999 - DEBUG - 正在保存可视化结果到 ./visual/use_topkFalse\omi\robust_zscore\omi-4\seg_2_2178_2238.png
2025-04-15 21:37:40,084 - INFO - 成功保存时间段 2178-2238 的可视化结果
2025-04-15 21:37:40,084 - INFO - 
正在处理时间段 4/5: 2494-2501
2025-04-15 21:37:40,084 - INFO - 该时间段的真实异常节点: {7, 9, 10, 11, 12, 13, 14, 15, 16, 17, 18, 19}
2025-04-15 21:37:40,084 - INFO - 正在计算异常分数...
2025-04-15 21:37:40,088 - INFO - 检测到的异常节点: {6, 7, 9, 10, 11, 12, 13, 14, 15, 16, 17, 18, 19}
2025-04-15 21:37:40,088 - INFO - 正在为时间段 2494-2501 生成可视化
2025-04-15 21:37:40,088 - INFO - 正在为时间段 2494-2501 生成异常图可视化
2025-04-15 21:37:40,088 - DEBUG - 创建包含 19 个节点的图结构
2025-04-15 21:37:40,089 - DEBUG - 边统计: 正常边 218 条, 异常边 22 条
2025-04-15 21:37:40,089 - INFO - 时间段 2494-2501 的节点检测统计: 真阳性=12, 假阳性=1, 假阴性=0, 正常节点=6
2025-04-15 21:37:40,247 - DEBUG - 正在保存可视化结果到 ./visual/use_topkFalse\omi\robust_zscore\omi-4\seg_3_2494_2501.png
2025-04-15 21:37:40,337 - INFO - 成功保存时间段 2494-2501 的可视化结果
2025-04-15 21:37:40,337 - INFO - 
正在处理时间段 5/5: 3425-3435
2025-04-15 21:37:40,337 - INFO - 该时间段的真实异常节点: {7, 8, 9, 10, 11, 12, 13, 14, 15, 16, 17, 18, 19}
2025-04-15 21:37:40,337 - INFO - 正在计算异常分数...
2025-04-15 21:37:40,342 - INFO - 检测到的异常节点: {5, 6, 7, 8, 9, 10, 11, 12, 13, 14, 15, 16, 17, 18, 19}
2025-04-15 21:37:40,342 - INFO - 正在为时间段 3425-3435 生成可视化
2025-04-15 21:37:40,342 - INFO - 正在为时间段 3425-3435 生成异常图可视化
2025-04-15 21:37:40,342 - DEBUG - 创建包含 19 个节点的图结构
2025-04-15 21:37:40,343 - DEBUG - 边统计: 正常边 252 条, 异常边 20 条
2025-04-15 21:37:40,343 - INFO - 时间段 3425-3435 的节点检测统计: 真阳性=13, 假阳性=2, 假阴性=0, 正常节点=4
2025-04-15 21:37:40,428 - DEBUG - 正在保存可视化结果到 ./visual/use_topkFalse\omi\robust_zscore\omi-4\seg_4_3425_3435.png
2025-04-15 21:37:40,512 - INFO - 成功保存时间段 3425-3435 的可视化结果
2025-04-15 21:37:40,512 - INFO - 正在从 ./visual/use_topkFalse\omi\robust_zscore\omi-4 中的图像创建GIF
2025-04-15 21:37:40,652 - INFO - GIF已保存到 ./visual/use_topkFalse\omi\robust_zscore\omi-4\omi-4.gif
2025-04-15 21:37:40,653 - INFO - 
==================================================
2025-04-15 21:37:40,653 - INFO - 开始数据集可视化: omi-5
2025-04-15 21:37:40,653 - INFO - 使用参数: 评分模式=robust_zscore, top_k=None, 阈值=2.5
2025-04-15 21:37:40,653 - INFO - ==================================================

2025-04-15 21:37:40,653 - INFO - 正在加载数据集 omi-5 的数据
2025-04-15 21:37:40,654 - INFO - 数据加载成功。训练集形状: (8640, 19), 测试集形状: (4320, 19)
2025-04-15 21:37:40,654 - INFO - 正在计算边缘统计量...
2025-04-15 21:37:42,654 - INFO - 已计算 153 条边的统计量
2025-04-15 21:37:42,654 - INFO - 为每个节点使用所有邻居
2025-04-15 21:37:42,655 - INFO - 可视化结果将保存到: ./visual/use_topkFalse\omi\robust_zscore\omi-5
2025-04-15 21:37:42,655 - INFO - 在数据集中发现 6 个异常时间段
2025-04-15 21:37:42,655 - INFO - 
正在处理时间段 1/6: 765-781
2025-04-15 21:37:42,655 - INFO - 该时间段的真实异常节点: {6, 7, 8, 9, 10, 11, 12, 13, 14, 15, 16, 17, 18, 19}
2025-04-15 21:37:42,655 - INFO - 正在计算异常分数...
2025-04-15 21:37:42,663 - INFO - 检测到的异常节点: {1, 2, 5, 6, 7, 8, 9, 10, 11, 12, 13, 14, 15, 16, 17, 18, 19}
2025-04-15 21:37:42,663 - INFO - 正在为时间段 765-781 生成可视化
2025-04-15 21:37:42,663 - INFO - 正在为时间段 765-781 生成异常图可视化
2025-04-15 21:37:42,663 - DEBUG - 创建包含 19 个节点的图结构
2025-04-15 21:37:42,664 - DEBUG - 边统计: 正常边 214 条, 异常边 92 条
2025-04-15 21:37:42,664 - INFO - 时间段 765-781 的节点检测统计: 真阳性=14, 假阳性=3, 假阴性=0, 正常节点=2
2025-04-15 21:37:42,749 - DEBUG - 正在保存可视化结果到 ./visual/use_topkFalse\omi\robust_zscore\omi-5\seg_0_765_781.png
2025-04-15 21:37:42,832 - INFO - 成功保存时间段 765-781 的可视化结果
2025-04-15 21:37:42,832 - INFO - 
正在处理时间段 2/6: 1589-1617
2025-04-15 21:37:42,833 - INFO - 该时间段的真实异常节点: {17, 2, 4}
2025-04-15 21:37:42,833 - INFO - 正在计算异常分数...
2025-04-15 21:37:42,850 - INFO - 检测到的异常节点: {1, 2, 4, 5, 6, 7, 8, 9, 10, 11, 12, 13, 14, 15, 16, 17, 18, 19}
2025-04-15 21:37:42,851 - INFO - 正在为时间段 1589-1617 生成可视化
2025-04-15 21:37:42,851 - INFO - 正在为时间段 1589-1617 生成异常图可视化
2025-04-15 21:37:42,851 - DEBUG - 创建包含 19 个节点的图结构
2025-04-15 21:37:42,851 - DEBUG - 边统计: 正常边 270 条, 异常边 36 条
2025-04-15 21:37:42,852 - INFO - 时间段 1589-1617 的节点检测统计: 真阳性=3, 假阳性=15, 假阴性=0, 正常节点=1
2025-04-15 21:37:42,935 - DEBUG - 正在保存可视化结果到 ./visual/use_topkFalse\omi\robust_zscore\omi-5\seg_1_1589_1617.png
2025-04-15 21:37:43,014 - INFO - 成功保存时间段 1589-1617 的可视化结果
2025-04-15 21:37:43,014 - INFO - 
正在处理时间段 3/6: 2440-2446
2025-04-15 21:37:43,014 - INFO - 该时间段的真实异常节点: {8, 11, 12, 13, 14, 15, 16, 17, 18, 19}
2025-04-15 21:37:43,014 - INFO - 正在计算异常分数...
2025-04-15 21:37:43,017 - INFO - 检测到的异常节点: {1, 4, 5, 6, 7, 8, 9, 10, 11, 12, 13, 14, 15, 16, 17, 18, 19}
2025-04-15 21:37:43,017 - INFO - 正在为时间段 2440-2446 生成可视化
2025-04-15 21:37:43,017 - INFO - 正在为时间段 2440-2446 生成异常图可视化
2025-04-15 21:37:43,017 - DEBUG - 创建包含 19 个节点的图结构
2025-04-15 21:37:43,018 - DEBUG - 边统计: 正常边 246 条, 异常边 60 条
2025-04-15 21:37:43,018 - INFO - 时间段 2440-2446 的节点检测统计: 真阳性=10, 假阳性=7, 假阴性=0, 正常节点=2
2025-04-15 21:37:43,096 - DEBUG - 正在保存可视化结果到 ./visual/use_topkFalse\omi\robust_zscore\omi-5\seg_2_2440_2446.png
2025-04-15 21:37:43,176 - INFO - 成功保存时间段 2440-2446 的可视化结果
2025-04-15 21:37:43,176 - INFO - 
正在处理时间段 4/6: 3356-3363
2025-04-15 21:37:43,177 - INFO - 该时间段的真实异常节点: {17, 5, 6}
2025-04-15 21:37:43,177 - INFO - 正在计算异常分数...
2025-04-15 21:37:43,179 - INFO - 检测到的异常节点: {1, 4, 5, 6, 7, 8, 9, 10, 11, 12, 13, 14, 15, 16, 17, 18, 19}
2025-04-15 21:37:43,179 - INFO - 正在为时间段 3356-3363 生成可视化
2025-04-15 21:37:43,179 - INFO - 正在为时间段 3356-3363 生成异常图可视化
2025-04-15 21:37:43,180 - DEBUG - 创建包含 19 个节点的图结构
2025-04-15 21:37:43,180 - DEBUG - 边统计: 正常边 260 条, 异常边 46 条
2025-04-15 21:37:43,180 - INFO - 时间段 3356-3363 的节点检测统计: 真阳性=3, 假阳性=14, 假阴性=0, 正常节点=2
2025-04-15 21:37:43,257 - DEBUG - 正在保存可视化结果到 ./visual/use_topkFalse\omi\robust_zscore\omi-5\seg_3_3356_3363.png
2025-04-15 21:37:43,334 - INFO - 成功保存时间段 3356-3363 的可视化结果
2025-04-15 21:37:43,334 - INFO - 
正在处理时间段 5/6: 3416-3423
2025-04-15 21:37:43,334 - INFO - 该时间段的真实异常节点: {4, 5, 7, 9, 10, 11, 12, 13, 14, 15, 16, 17, 18, 19}
2025-04-15 21:37:43,334 - INFO - 正在计算异常分数...
2025-04-15 21:37:43,337 - INFO - 检测到的异常节点: {1, 4, 5, 6, 7, 8, 9, 10, 11, 12, 13, 14, 15, 16, 17, 18, 19}
2025-04-15 21:37:43,337 - INFO - 正在为时间段 3416-3423 生成可视化
2025-04-15 21:37:43,337 - INFO - 正在为时间段 3416-3423 生成异常图可视化
2025-04-15 21:37:43,338 - DEBUG - 创建包含 19 个节点的图结构
2025-04-15 21:37:43,338 - DEBUG - 边统计: 正常边 294 条, 异常边 12 条
2025-04-15 21:37:43,338 - INFO - 时间段 3416-3423 的节点检测统计: 真阳性=14, 假阳性=3, 假阴性=0, 正常节点=2
2025-04-15 21:37:43,424 - DEBUG - 正在保存可视化结果到 ./visual/use_topkFalse\omi\robust_zscore\omi-5\seg_4_3416_3423.png
2025-04-15 21:37:43,503 - INFO - 成功保存时间段 3416-3423 的可视化结果
2025-04-15 21:37:43,503 - INFO - 
正在处理时间段 6/6: 3590-3594
2025-04-15 21:37:43,503 - INFO - 该时间段的真实异常节点: {1, 8, 17, 18, 19}
2025-04-15 21:37:43,503 - INFO - 正在计算异常分数...
2025-04-15 21:37:43,504 - INFO - 检测到的异常节点: {1, 4, 5, 6, 7, 8, 9, 10, 11, 12, 13, 14, 15, 16, 17, 18, 19}
2025-04-15 21:37:43,504 - INFO - 正在为时间段 3590-3594 生成可视化
2025-04-15 21:37:43,505 - INFO - 正在为时间段 3590-3594 生成异常图可视化
2025-04-15 21:37:43,505 - DEBUG - 创建包含 19 个节点的图结构
2025-04-15 21:37:43,506 - DEBUG - 边统计: 正常边 232 条, 异常边 74 条
2025-04-15 21:37:43,506 - INFO - 时间段 3590-3594 的节点检测统计: 真阳性=5, 假阳性=12, 假阴性=0, 正常节点=2
2025-04-15 21:37:43,585 - DEBUG - 正在保存可视化结果到 ./visual/use_topkFalse\omi\robust_zscore\omi-5\seg_5_3590_3594.png
2025-04-15 21:37:43,664 - INFO - 成功保存时间段 3590-3594 的可视化结果
2025-04-15 21:37:43,664 - INFO - 正在从 ./visual/use_topkFalse\omi\robust_zscore\omi-5 中的图像创建GIF
2025-04-15 21:37:43,831 - INFO - GIF已保存到 ./visual/use_topkFalse\omi\robust_zscore\omi-5\omi-5.gif
2025-04-15 21:37:43,831 - INFO - 
==================================================
2025-04-15 21:37:43,831 - INFO - 开始数据集可视化: omi-6
2025-04-15 21:37:43,831 - INFO - 使用参数: 评分模式=robust_zscore, top_k=None, 阈值=6.5
2025-04-15 21:37:43,832 - INFO - ==================================================

2025-04-15 21:37:43,832 - INFO - 正在加载数据集 omi-6 的数据
2025-04-15 21:37:43,833 - INFO - 数据加载成功。训练集形状: (8640, 19), 测试集形状: (4320, 19)
2025-04-15 21:37:43,833 - INFO - 正在计算边缘统计量...
2025-04-15 21:37:45,761 - INFO - 已计算 153 条边的统计量
2025-04-15 21:37:45,761 - INFO - 为每个节点使用所有邻居
2025-04-15 21:37:45,761 - INFO - 可视化结果将保存到: ./visual/use_topkFalse\omi\robust_zscore\omi-6
2025-04-15 21:37:45,762 - INFO - 在数据集中发现 10 个异常时间段
2025-04-15 21:37:45,762 - INFO - 
正在处理时间段 1/10: 357-392
2025-04-15 21:37:45,762 - INFO - 该时间段的真实异常节点: {19, 4}
2025-04-15 21:37:45,762 - INFO - 正在计算异常分数...
2025-04-15 21:37:45,780 - INFO - 检测到的异常节点: {1, 4, 5, 6, 7, 8, 9, 10, 11, 12, 13, 14, 15, 16, 17, 18, 19}
2025-04-15 21:37:45,781 - INFO - 正在为时间段 357-392 生成可视化
2025-04-15 21:37:45,781 - INFO - 正在为时间段 357-392 生成异常图可视化
2025-04-15 21:37:45,781 - DEBUG - 创建包含 19 个节点的图结构
2025-04-15 21:37:45,781 - DEBUG - 边统计: 正常边 254 条, 异常边 18 条
2025-04-15 21:37:45,781 - INFO - 时间段 357-392 的节点检测统计: 真阳性=2, 假阳性=15, 假阴性=0, 正常节点=2
2025-04-15 21:37:45,858 - DEBUG - 正在保存可视化结果到 ./visual/use_topkFalse\omi\robust_zscore\omi-6\seg_0_357_392.png
2025-04-15 21:37:45,938 - INFO - 成功保存时间段 357-392 的可视化结果
2025-04-15 21:37:45,939 - INFO - 
正在处理时间段 2/10: 750-788
2025-04-15 21:37:45,939 - INFO - 该时间段的真实异常节点: {2, 6, 7, 8, 9, 10, 11, 12, 13, 14, 15, 16, 17, 18, 19}
2025-04-15 21:37:45,939 - INFO - 正在计算异常分数...
2025-04-15 21:37:45,962 - INFO - 检测到的异常节点: {1, 4, 5, 6, 7, 8, 9, 10, 11, 12, 13, 14, 15, 16, 17, 18, 19}
2025-04-15 21:37:45,962 - INFO - 正在为时间段 750-788 生成可视化
2025-04-15 21:37:45,962 - INFO - 正在为时间段 750-788 生成异常图可视化
2025-04-15 21:37:45,962 - DEBUG - 创建包含 19 个节点的图结构
2025-04-15 21:37:45,962 - DEBUG - 边统计: 正常边 184 条, 异常边 88 条
2025-04-15 21:37:45,962 - INFO - 时间段 750-788 的节点检测统计: 真阳性=14, 假阳性=3, 假阴性=1, 正常节点=1
2025-04-15 21:37:46,041 - DEBUG - 正在保存可视化结果到 ./visual/use_topkFalse\omi\robust_zscore\omi-6\seg_1_750_788.png
2025-04-15 21:37:46,118 - INFO - 成功保存时间段 750-788 的可视化结果
2025-04-15 21:37:46,118 - INFO - 
正在处理时间段 3/10: 1278-1293
2025-04-15 21:37:46,119 - INFO - 该时间段的真实异常节点: {4, 5, 6, 8, 17}
2025-04-15 21:37:46,119 - INFO - 正在计算异常分数...
2025-04-15 21:37:46,126 - INFO - 检测到的异常节点: {1, 4, 5, 6, 7, 8, 9, 10, 11, 12, 13, 14, 15, 16, 17, 18, 19}
2025-04-15 21:37:46,127 - INFO - 正在为时间段 1278-1293 生成可视化
2025-04-15 21:37:46,127 - INFO - 正在为时间段 1278-1293 生成异常图可视化
2025-04-15 21:37:46,127 - DEBUG - 创建包含 19 个节点的图结构
2025-04-15 21:37:46,127 - DEBUG - 边统计: 正常边 270 条, 异常边 2 条
2025-04-15 21:37:46,127 - INFO - 时间段 1278-1293 的节点检测统计: 真阳性=5, 假阳性=12, 假阴性=0, 正常节点=2
2025-04-15 21:37:46,207 - DEBUG - 正在保存可视化结果到 ./visual/use_topkFalse\omi\robust_zscore\omi-6\seg_2_1278_1293.png
2025-04-15 21:37:46,284 - INFO - 成功保存时间段 1278-1293 的可视化结果
2025-04-15 21:37:46,285 - INFO - 
正在处理时间段 4/10: 1590-1615
2025-04-15 21:37:46,285 - INFO - 该时间段的真实异常节点: {1, 18, 9}
2025-04-15 21:37:46,285 - INFO - 正在计算异常分数...
2025-04-15 21:37:46,298 - INFO - 检测到的异常节点: {1, 4, 5, 6, 7, 8, 9, 10, 11, 12, 13, 14, 15, 16, 17, 18, 19}
2025-04-15 21:37:46,298 - INFO - 正在为时间段 1590-1615 生成可视化
2025-04-15 21:37:46,298 - INFO - 正在为时间段 1590-1615 生成异常图可视化
2025-04-15 21:37:46,298 - DEBUG - 创建包含 19 个节点的图结构
2025-04-15 21:37:46,299 - DEBUG - 边统计: 正常边 272 条, 异常边 0 条
2025-04-15 21:37:46,299 - INFO - 时间段 1590-1615 的节点检测统计: 真阳性=3, 假阳性=14, 假阴性=0, 正常节点=2
2025-04-15 21:37:46,378 - DEBUG - 正在保存可视化结果到 ./visual/use_topkFalse\omi\robust_zscore\omi-6\seg_3_1590_1615.png
2025-04-15 21:37:46,454 - INFO - 成功保存时间段 1590-1615 的可视化结果
2025-04-15 21:37:46,454 - INFO - 
正在处理时间段 5/10: 2592-2604
2025-04-15 21:37:46,454 - INFO - 该时间段的真实异常节点: {9, 4, 6}
2025-04-15 21:37:46,454 - INFO - 正在计算异常分数...
2025-04-15 21:37:46,461 - INFO - 检测到的异常节点: {4, 5, 6, 7, 8, 9, 10, 11, 12, 13, 14, 15, 16, 17, 18, 19}
2025-04-15 21:37:46,461 - INFO - 正在为时间段 2592-2604 生成可视化
2025-04-15 21:37:46,461 - INFO - 正在为时间段 2592-2604 生成异常图可视化
2025-04-15 21:37:46,461 - DEBUG - 创建包含 19 个节点的图结构
2025-04-15 21:37:46,461 - DEBUG - 边统计: 正常边 236 条, 异常边 4 条
2025-04-15 21:37:46,461 - INFO - 时间段 2592-2604 的节点检测统计: 真阳性=3, 假阳性=13, 假阴性=0, 正常节点=3
2025-04-15 21:37:46,539 - DEBUG - 正在保存可视化结果到 ./visual/use_topkFalse\omi\robust_zscore\omi-6\seg_4_2592_2604.png
2025-04-15 21:37:46,687 - INFO - 成功保存时间段 2592-2604 的可视化结果
2025-04-15 21:37:46,687 - INFO - 
正在处理时间段 6/10: 2734-2765
2025-04-15 21:37:46,687 - INFO - 该时间段的真实异常节点: {8, 19, 4, 6}
2025-04-15 21:37:46,687 - INFO - 正在计算异常分数...
2025-04-15 21:37:46,706 - INFO - 检测到的异常节点: {1, 4, 5, 6, 7, 8, 9, 10, 11, 12, 13, 14, 15, 16, 17, 18, 19}
2025-04-15 21:37:46,706 - INFO - 正在为时间段 2734-2765 生成可视化
2025-04-15 21:37:46,706 - INFO - 正在为时间段 2734-2765 生成异常图可视化
2025-04-15 21:37:46,706 - DEBUG - 创建包含 19 个节点的图结构
2025-04-15 21:37:46,707 - DEBUG - 边统计: 正常边 270 条, 异常边 2 条
2025-04-15 21:37:46,707 - INFO - 时间段 2734-2765 的节点检测统计: 真阳性=4, 假阳性=13, 假阴性=0, 正常节点=2
2025-04-15 21:37:46,793 - DEBUG - 正在保存可视化结果到 ./visual/use_topkFalse\omi\robust_zscore\omi-6\seg_5_2734_2765.png
2025-04-15 21:37:46,880 - INFO - 成功保存时间段 2734-2765 的可视化结果
2025-04-15 21:37:46,880 - INFO - 
正在处理时间段 7/10: 3066-3072
2025-04-15 21:37:46,881 - INFO - 该时间段的真实异常节点: {19, 4, 6}
2025-04-15 21:37:46,881 - INFO - 正在计算异常分数...
2025-04-15 21:37:46,884 - INFO - 检测到的异常节点: {4, 5, 6, 7, 8, 10, 11, 12, 13, 14, 15, 16, 17, 18, 19}
2025-04-15 21:37:46,884 - INFO - 正在为时间段 3066-3072 生成可视化
2025-04-15 21:37:46,884 - INFO - 正在为时间段 3066-3072 生成异常图可视化
2025-04-15 21:37:46,884 - DEBUG - 创建包含 19 个节点的图结构
2025-04-15 21:37:46,885 - DEBUG - 边统计: 正常边 230 条, 异常边 42 条
2025-04-15 21:37:46,885 - INFO - 时间段 3066-3072 的节点检测统计: 真阳性=3, 假阳性=12, 假阴性=0, 正常节点=4
2025-04-15 21:37:46,968 - DEBUG - 正在保存可视化结果到 ./visual/use_topkFalse\omi\robust_zscore\omi-6\seg_6_3066_3072.png
2025-04-15 21:37:47,048 - INFO - 成功保存时间段 3066-3072 的可视化结果
2025-04-15 21:37:47,048 - INFO - 
正在处理时间段 8/10: 3596-3605
2025-04-15 21:37:47,049 - INFO - 该时间段的真实异常节点: {19, 4, 5, 6}
2025-04-15 21:37:47,049 - INFO - 正在计算异常分数...
2025-04-15 21:37:47,052 - INFO - 检测到的异常节点: {1, 4, 5, 6, 7, 8, 9, 10, 11, 12, 13, 14, 15, 16, 17, 18, 19}
2025-04-15 21:37:47,053 - INFO - 正在为时间段 3596-3605 生成可视化
2025-04-15 21:37:47,053 - INFO - 正在为时间段 3596-3605 生成异常图可视化
2025-04-15 21:37:47,053 - DEBUG - 创建包含 19 个节点的图结构
2025-04-15 21:37:47,053 - DEBUG - 边统计: 正常边 272 条, 异常边 0 条
2025-04-15 21:37:47,053 - INFO - 时间段 3596-3605 的节点检测统计: 真阳性=4, 假阳性=13, 假阴性=0, 正常节点=2
2025-04-15 21:37:47,134 - DEBUG - 正在保存可视化结果到 ./visual/use_topkFalse\omi\robust_zscore\omi-6\seg_7_3596_3605.png
2025-04-15 21:37:47,227 - INFO - 成功保存时间段 3596-3605 的可视化结果
2025-04-15 21:37:47,227 - INFO - 
正在处理时间段 9/10: 3610-3622
2025-04-15 21:37:47,227 - INFO - 该时间段的真实异常节点: {1, 4, 5}
2025-04-15 21:37:47,227 - INFO - 正在计算异常分数...
2025-04-15 21:37:47,234 - INFO - 检测到的异常节点: {1, 4, 5, 6, 7, 8, 9, 10, 11, 12, 13, 14, 15, 16, 17, 18, 19}
2025-04-15 21:37:47,234 - INFO - 正在为时间段 3610-3622 生成可视化
2025-04-15 21:37:47,234 - INFO - 正在为时间段 3610-3622 生成异常图可视化
2025-04-15 21:37:47,234 - DEBUG - 创建包含 19 个节点的图结构
2025-04-15 21:37:47,234 - DEBUG - 边统计: 正常边 272 条, 异常边 0 条
2025-04-15 21:37:47,235 - INFO - 时间段 3610-3622 的节点检测统计: 真阳性=3, 假阳性=14, 假阴性=0, 正常节点=2
2025-04-15 21:37:47,316 - DEBUG - 正在保存可视化结果到 ./visual/use_topkFalse\omi\robust_zscore\omi-6\seg_8_3610_3622.png
2025-04-15 21:37:47,392 - INFO - 成功保存时间段 3610-3622 的可视化结果
2025-04-15 21:37:47,392 - INFO - 
正在处理时间段 10/10: 4159-4164
2025-04-15 21:37:47,392 - INFO - 该时间段的真实异常节点: {4, 5}
2025-04-15 21:37:47,392 - INFO - 正在计算异常分数...
2025-04-15 21:37:47,394 - INFO - 检测到的异常节点: {4, 5, 6, 7, 8, 9, 10, 11, 13, 14, 15, 17, 18}
2025-04-15 21:37:47,394 - INFO - 正在为时间段 4159-4164 生成可视化
2025-04-15 21:37:47,394 - INFO - 正在为时间段 4159-4164 生成异常图可视化
2025-04-15 21:37:47,394 - DEBUG - 创建包含 19 个节点的图结构
2025-04-15 21:37:47,395 - DEBUG - 边统计: 正常边 248 条, 异常边 24 条
2025-04-15 21:37:47,395 - INFO - 时间段 4159-4164 的节点检测统计: 真阳性=2, 假阳性=11, 假阴性=0, 正常节点=6
2025-04-15 21:37:47,472 - DEBUG - 正在保存可视化结果到 ./visual/use_topkFalse\omi\robust_zscore\omi-6\seg_9_4159_4164.png
2025-04-15 21:37:47,554 - INFO - 成功保存时间段 4159-4164 的可视化结果
2025-04-15 21:37:47,554 - INFO - 正在从 ./visual/use_topkFalse\omi\robust_zscore\omi-6 中的图像创建GIF
2025-04-15 21:37:47,834 - INFO - GIF已保存到 ./visual/use_topkFalse\omi\robust_zscore\omi-6\omi-6.gif
2025-04-15 21:37:47,835 - INFO - 
==================================================
2025-04-15 21:37:47,835 - INFO - 开始数据集可视化: omi-7
2025-04-15 21:37:47,835 - INFO - 使用参数: 评分模式=robust_zscore, top_k=None, 阈值=1.5
2025-04-15 21:37:47,835 - INFO - ==================================================

2025-04-15 21:37:47,835 - INFO - 正在加载数据集 omi-7 的数据
2025-04-15 21:37:47,836 - INFO - 数据加载成功。训练集形状: (8640, 19), 测试集形状: (4320, 19)
2025-04-15 21:37:47,836 - INFO - 正在计算边缘统计量...
2025-04-15 21:37:49,642 - INFO - 已计算 136 条边的统计量
2025-04-15 21:37:49,642 - INFO - 为每个节点使用所有邻居
2025-04-15 21:37:49,643 - INFO - 可视化结果将保存到: ./visual/use_topkFalse\omi\robust_zscore\omi-7
2025-04-15 21:37:49,643 - INFO - 在数据集中发现 3 个异常时间段
2025-04-15 21:37:49,643 - INFO - 
正在处理时间段 1/3: 738-778
2025-04-15 21:37:49,644 - INFO - 该时间段的真实异常节点: {1, 2, 4, 6, 7, 8, 9, 10, 11, 12, 13, 14, 15, 16, 17, 18, 19}
2025-04-15 21:37:49,644 - INFO - 正在计算异常分数...
2025-04-15 21:37:49,664 - INFO - 检测到的异常节点: {1, 4, 5, 6, 7, 8, 9, 10, 11, 12, 13, 14, 15, 16, 17, 18, 19}
2025-04-15 21:37:49,664 - INFO - 正在为时间段 738-778 生成可视化
2025-04-15 21:37:49,664 - INFO - 正在为时间段 738-778 生成异常图可视化
2025-04-15 21:37:49,664 - DEBUG - 创建包含 19 个节点的图结构
2025-04-15 21:37:49,665 - DEBUG - 边统计: 正常边 166 条, 异常边 106 条
2025-04-15 21:37:49,665 - INFO - 时间段 738-778 的节点检测统计: 真阳性=16, 假阳性=1, 假阴性=1, 正常节点=1
2025-04-15 21:37:49,746 - DEBUG - 正在保存可视化结果到 ./visual/use_topkFalse\omi\robust_zscore\omi-7\seg_0_738_778.png
2025-04-15 21:37:49,825 - INFO - 成功保存时间段 738-778 的可视化结果
2025-04-15 21:37:49,825 - INFO - 
正在处理时间段 2/3: 1625-1660
2025-04-15 21:37:49,825 - INFO - 该时间段的真实异常节点: {7, 10, 11, 12, 13, 14, 15, 16, 17, 18, 19}
2025-04-15 21:37:49,825 - INFO - 正在计算异常分数...
2025-04-15 21:37:49,845 - INFO - 检测到的异常节点: {5, 7, 8, 9, 10, 11, 12, 13, 14, 15, 16, 17, 18, 19}
2025-04-15 21:37:49,845 - INFO - 正在为时间段 1625-1660 生成可视化
2025-04-15 21:37:49,845 - INFO - 正在为时间段 1625-1660 生成异常图可视化
2025-04-15 21:37:49,845 - DEBUG - 创建包含 19 个节点的图结构
2025-04-15 21:37:49,846 - DEBUG - 边统计: 正常边 130 条, 异常边 52 条
2025-04-15 21:37:49,846 - INFO - 时间段 1625-1660 的节点检测统计: 真阳性=11, 假阳性=3, 假阴性=0, 正常节点=5
2025-04-15 21:37:49,927 - DEBUG - 正在保存可视化结果到 ./visual/use_topkFalse\omi\robust_zscore\omi-7\seg_1_1625_1660.png
2025-04-15 21:37:50,005 - INFO - 成功保存时间段 1625-1660 的可视化结果
2025-04-15 21:37:50,005 - INFO - 
正在处理时间段 3/3: 3311-3320
2025-04-15 21:37:50,005 - INFO - 该时间段的真实异常节点: {7, 10, 11, 12, 13, 14, 15, 16, 17, 18, 19}
2025-04-15 21:37:50,005 - INFO - 正在计算异常分数...
2025-04-15 21:37:50,009 - INFO - 检测到的异常节点: {7, 10, 11, 12, 13, 14, 15, 16, 17, 18, 19}
2025-04-15 21:37:50,009 - INFO - 正在为时间段 3311-3320 生成可视化
2025-04-15 21:37:50,009 - INFO - 正在为时间段 3311-3320 生成异常图可视化
2025-04-15 21:37:50,009 - DEBUG - 创建包含 19 个节点的图结构
2025-04-15 21:37:50,010 - DEBUG - 边统计: 正常边 188 条, 异常边 22 条
2025-04-15 21:37:50,010 - INFO - 时间段 3311-3320 的节点检测统计: 真阳性=11, 假阳性=0, 假阴性=0, 正常节点=8
2025-04-15 21:37:50,086 - DEBUG - 正在保存可视化结果到 ./visual/use_topkFalse\omi\robust_zscore\omi-7\seg_2_3311_3320.png
2025-04-15 21:37:50,163 - INFO - 成功保存时间段 3311-3320 的可视化结果
2025-04-15 21:37:50,163 - INFO - 正在从 ./visual/use_topkFalse\omi\robust_zscore\omi-7 中的图像创建GIF
2025-04-15 21:37:50,241 - INFO - GIF已保存到 ./visual/use_topkFalse\omi\robust_zscore\omi-7\omi-7.gif
2025-04-15 21:37:50,242 - INFO - 
==================================================
2025-04-15 21:37:50,242 - INFO - 开始数据集可视化: omi-8
2025-04-15 21:37:50,242 - INFO - 使用参数: 评分模式=robust_zscore, top_k=None, 阈值=4.0
2025-04-15 21:37:50,242 - INFO - ==================================================

2025-04-15 21:37:50,242 - INFO - 正在加载数据集 omi-8 的数据
2025-04-15 21:37:50,243 - INFO - 数据加载成功。训练集形状: (8640, 19), 测试集形状: (4320, 19)
2025-04-15 21:37:50,243 - INFO - 正在计算边缘统计量...
2025-04-15 21:37:52,005 - INFO - 已计算 136 条边的统计量
2025-04-15 21:37:52,005 - INFO - 为每个节点使用所有邻居
2025-04-15 21:37:52,006 - INFO - 可视化结果将保存到: ./visual/use_topkFalse\omi\robust_zscore\omi-8
2025-04-15 21:37:52,006 - INFO - 在数据集中发现 5 个异常时间段
2025-04-15 21:37:52,006 - INFO - 
正在处理时间段 1/5: 740-753
2025-04-15 21:37:52,006 - INFO - 该时间段的真实异常节点: {2, 4}
2025-04-15 21:37:52,006 - INFO - 正在计算异常分数...
2025-04-15 21:37:52,012 - INFO - 检测到的异常节点: {1, 4, 6, 7, 8, 9, 10, 11, 12, 13, 14, 15, 16, 17, 18, 19}
2025-04-15 21:37:52,012 - INFO - 正在为时间段 740-753 生成可视化
2025-04-15 21:37:52,012 - INFO - 正在为时间段 740-753 生成异常图可视化
2025-04-15 21:37:52,012 - DEBUG - 创建包含 19 个节点的图结构
2025-04-15 21:37:52,013 - DEBUG - 边统计: 正常边 238 条, 异常边 2 条
2025-04-15 21:37:52,013 - INFO - 时间段 740-753 的节点检测统计: 真阳性=1, 假阳性=15, 假阴性=1, 正常节点=2
2025-04-15 21:37:52,098 - DEBUG - 正在保存可视化结果到 ./visual/use_topkFalse\omi\robust_zscore\omi-8\seg_0_740_753.png
2025-04-15 21:37:52,193 - INFO - 成功保存时间段 740-753 的可视化结果
2025-04-15 21:37:52,193 - INFO - 
正在处理时间段 2/5: 764-780
2025-04-15 21:37:52,193 - INFO - 该时间段的真实异常节点: {6, 7, 8, 9, 10, 11, 12, 13, 14, 15, 16, 17, 18, 19}
2025-04-15 21:37:52,193 - INFO - 正在计算异常分数...
2025-04-15 21:37:52,202 - INFO - 检测到的异常节点: {1, 6, 7, 8, 9, 10, 11, 12, 13, 14, 15, 16, 17, 18, 19}
2025-04-15 21:37:52,202 - INFO - 正在为时间段 764-780 生成可视化
2025-04-15 21:37:52,203 - INFO - 正在为时间段 764-780 生成异常图可视化
2025-04-15 21:37:52,203 - DEBUG - 创建包含 19 个节点的图结构
2025-04-15 21:37:52,203 - DEBUG - 边统计: 正常边 146 条, 异常边 64 条
2025-04-15 21:37:52,203 - INFO - 时间段 764-780 的节点检测统计: 真阳性=14, 假阳性=1, 假阴性=0, 正常节点=4
2025-04-15 21:37:52,294 - DEBUG - 正在保存可视化结果到 ./visual/use_topkFalse\omi\robust_zscore\omi-8\seg_1_764_780.png
2025-04-15 21:37:52,375 - INFO - 成功保存时间段 764-780 的可视化结果
2025-04-15 21:37:52,375 - INFO - 
正在处理时间段 3/5: 2319-2325
2025-04-15 21:37:52,376 - INFO - 该时间段的真实异常节点: {4, 5, 6}
2025-04-15 21:37:52,376 - INFO - 正在计算异常分数...
2025-04-15 21:37:52,377 - INFO - 检测到的异常节点: {4, 5, 6, 7, 8, 9, 10, 11, 12, 13, 14, 15, 16, 17, 18, 19}
2025-04-15 21:37:52,377 - INFO - 正在为时间段 2319-2325 生成可视化
2025-04-15 21:37:52,377 - INFO - 正在为时间段 2319-2325 生成异常图可视化
2025-04-15 21:37:52,377 - DEBUG - 创建包含 19 个节点的图结构
2025-04-15 21:37:52,378 - DEBUG - 边统计: 正常边 228 条, 异常边 44 条
2025-04-15 21:37:52,378 - INFO - 时间段 2319-2325 的节点检测统计: 真阳性=3, 假阳性=13, 假阴性=0, 正常节点=3
2025-04-15 21:37:52,459 - DEBUG - 正在保存可视化结果到 ./visual/use_topkFalse\omi\robust_zscore\omi-8\seg_2_2319_2325.png
2025-04-15 21:37:52,541 - INFO - 成功保存时间段 2319-2325 的可视化结果
2025-04-15 21:37:52,541 - INFO - 
正在处理时间段 4/5: 2586-2675
2025-04-15 21:37:52,541 - INFO - 该时间段的真实异常节点: {5, 6, 8, 17, 18, 19}
2025-04-15 21:37:52,541 - INFO - 正在计算异常分数...
2025-04-15 21:37:52,596 - INFO - 检测到的异常节点: {1, 4, 5, 6, 7, 8, 9, 10, 11, 12, 13, 14, 15, 16, 17, 18, 19}
2025-04-15 21:37:52,596 - INFO - 正在为时间段 2586-2675 生成可视化
2025-04-15 21:37:52,596 - INFO - 正在为时间段 2586-2675 生成异常图可视化
2025-04-15 21:37:52,596 - DEBUG - 创建包含 19 个节点的图结构
2025-04-15 21:37:52,597 - DEBUG - 边统计: 正常边 260 条, 异常边 12 条
2025-04-15 21:37:52,597 - INFO - 时间段 2586-2675 的节点检测统计: 真阳性=6, 假阳性=11, 假阴性=0, 正常节点=2
2025-04-15 21:37:52,671 - DEBUG - 正在保存可视化结果到 ./visual/use_topkFalse\omi\robust_zscore\omi-8\seg_3_2586_2675.png
2025-04-15 21:37:52,755 - INFO - 成功保存时间段 2586-2675 的可视化结果
2025-04-15 21:37:52,755 - INFO - 
正在处理时间段 5/5: 2897-2956
2025-04-15 21:37:52,755 - INFO - 该时间段的真实异常节点: {2, 6, 8, 17, 18, 19}
2025-04-15 21:37:52,755 - INFO - 正在计算异常分数...
2025-04-15 21:37:52,792 - INFO - 检测到的异常节点: {1, 4, 5, 6, 7, 8, 9, 10, 11, 12, 13, 14, 15, 16, 17, 18, 19}
2025-04-15 21:37:52,792 - INFO - 正在为时间段 2897-2956 生成可视化
2025-04-15 21:37:52,792 - INFO - 正在为时间段 2897-2956 生成异常图可视化
2025-04-15 21:37:52,792 - DEBUG - 创建包含 19 个节点的图结构
2025-04-15 21:37:52,793 - DEBUG - 边统计: 正常边 230 条, 异常边 42 条
2025-04-15 21:37:52,793 - INFO - 时间段 2897-2956 的节点检测统计: 真阳性=5, 假阳性=12, 假阴性=1, 正常节点=1
2025-04-15 21:37:52,937 - DEBUG - 正在保存可视化结果到 ./visual/use_topkFalse\omi\robust_zscore\omi-8\seg_4_2897_2956.png
2025-04-15 21:37:53,018 - INFO - 成功保存时间段 2897-2956 的可视化结果
2025-04-15 21:37:53,018 - INFO - 正在从 ./visual/use_topkFalse\omi\robust_zscore\omi-8 中的图像创建GIF
2025-04-15 21:37:53,151 - INFO - GIF已保存到 ./visual/use_topkFalse\omi\robust_zscore\omi-8\omi-8.gif
2025-04-15 21:37:53,152 - INFO - 
==================================================
2025-04-15 21:37:53,152 - INFO - 开始数据集可视化: omi-9
2025-04-15 21:37:53,152 - INFO - 使用参数: 评分模式=robust_zscore, top_k=None, 阈值=1.0
2025-04-15 21:37:53,152 - INFO - ==================================================

2025-04-15 21:37:53,152 - INFO - 正在加载数据集 omi-9 的数据
2025-04-15 21:37:53,153 - INFO - 数据加载成功。训练集形状: (8640, 19), 测试集形状: (4320, 19)
2025-04-15 21:37:53,153 - INFO - 正在计算边缘统计量...
2025-04-15 21:37:54,952 - INFO - 已计算 136 条边的统计量
2025-04-15 21:37:54,952 - INFO - 为每个节点使用所有邻居
2025-04-15 21:37:54,952 - INFO - 可视化结果将保存到: ./visual/use_topkFalse\omi\robust_zscore\omi-9
2025-04-15 21:37:54,953 - INFO - 在数据集中发现 8 个异常时间段
2025-04-15 21:37:54,953 - INFO - 
正在处理时间段 1/8: 738-756
2025-04-15 21:37:54,953 - INFO - 该时间段的真实异常节点: {2, 9, 10, 11, 12, 13, 14, 15, 16, 17, 18, 19}
2025-04-15 21:37:54,953 - INFO - 正在计算异常分数...
2025-04-15 21:37:54,961 - INFO - 检测到的异常节点: {1, 7, 8, 9, 10, 11, 12, 13, 14, 15, 16, 17, 18, 19}
2025-04-15 21:37:54,961 - INFO - 正在为时间段 738-756 生成可视化
2025-04-15 21:37:54,961 - INFO - 正在为时间段 738-756 生成异常图可视化
2025-04-15 21:37:54,961 - DEBUG - 创建包含 19 个节点的图结构
2025-04-15 21:37:54,962 - DEBUG - 边统计: 正常边 158 条, 异常边 24 条
2025-04-15 21:37:54,962 - INFO - 时间段 738-756 的节点检测统计: 真阳性=11, 假阳性=3, 假阴性=1, 正常节点=4
2025-04-15 21:37:55,040 - DEBUG - 正在保存可视化结果到 ./visual/use_topkFalse\omi\robust_zscore\omi-9\seg_0_738_756.png
2025-04-15 21:37:55,123 - INFO - 成功保存时间段 738-756 的可视化结果
2025-04-15 21:37:55,123 - INFO - 
正在处理时间段 2/8: 763-780
2025-04-15 21:37:55,125 - INFO - 该时间段的真实异常节点: {1, 6, 7, 8, 9, 10, 11, 12, 13, 14, 15, 16, 17, 18, 19}
2025-04-15 21:37:55,125 - INFO - 正在计算异常分数...
2025-04-15 21:37:55,133 - INFO - 检测到的异常节点: {1, 6, 7, 8, 9, 10, 11, 12, 13, 14, 15, 16, 17, 18, 19}
2025-04-15 21:37:55,133 - INFO - 正在为时间段 763-780 生成可视化
2025-04-15 21:37:55,133 - INFO - 正在为时间段 763-780 生成异常图可视化
2025-04-15 21:37:55,133 - DEBUG - 创建包含 19 个节点的图结构
2025-04-15 21:37:55,134 - DEBUG - 边统计: 正常边 118 条, 异常边 92 条
2025-04-15 21:37:55,134 - INFO - 时间段 763-780 的节点检测统计: 真阳性=15, 假阳性=0, 假阴性=0, 正常节点=4
2025-04-15 21:37:55,213 - DEBUG - 正在保存可视化结果到 ./visual/use_topkFalse\omi\robust_zscore\omi-9\seg_1_763_780.png
2025-04-15 21:37:55,295 - INFO - 成功保存时间段 763-780 的可视化结果
2025-04-15 21:37:55,295 - INFO - 
正在处理时间段 3/8: 2514-2524
2025-04-15 21:37:55,295 - INFO - 该时间段的真实异常节点: {1, 4, 5, 7, 8, 9, 17, 18}
2025-04-15 21:37:55,295 - INFO - 正在计算异常分数...
2025-04-15 21:37:55,301 - INFO - 检测到的异常节点: {1, 4, 5, 6, 7, 8, 9, 10, 11, 12, 13, 14, 15, 16, 17, 18, 19}
2025-04-15 21:37:55,301 - INFO - 正在为时间段 2514-2524 生成可视化
2025-04-15 21:37:55,301 - INFO - 正在为时间段 2514-2524 生成异常图可视化
2025-04-15 21:37:55,301 - DEBUG - 创建包含 19 个节点的图结构
2025-04-15 21:37:55,302 - DEBUG - 边统计: 正常边 210 条, 异常边 62 条
2025-04-15 21:37:55,302 - INFO - 时间段 2514-2524 的节点检测统计: 真阳性=8, 假阳性=9, 假阴性=0, 正常节点=2
2025-04-15 21:37:55,381 - DEBUG - 正在保存可视化结果到 ./visual/use_topkFalse\omi\robust_zscore\omi-9\seg_2_2514_2524.png
2025-04-15 21:37:55,461 - INFO - 成功保存时间段 2514-2524 的可视化结果
2025-04-15 21:37:55,461 - INFO - 
正在处理时间段 4/8: 2603-2668
2025-04-15 21:37:55,461 - INFO - 该时间段的真实异常节点: {1, 2, 5, 6, 8, 17, 18, 19}
2025-04-15 21:37:55,461 - INFO - 正在计算异常分数...
2025-04-15 21:37:55,500 - INFO - 检测到的异常节点: {1, 4, 5, 6, 7, 8, 9, 10, 11, 12, 13, 14, 15, 16, 17, 18, 19}
2025-04-15 21:37:55,500 - INFO - 正在为时间段 2603-2668 生成可视化
2025-04-15 21:37:55,500 - INFO - 正在为时间段 2603-2668 生成异常图可视化
2025-04-15 21:37:55,500 - DEBUG - 创建包含 19 个节点的图结构
2025-04-15 21:37:55,501 - DEBUG - 边统计: 正常边 212 条, 异常边 60 条
2025-04-15 21:37:55,501 - INFO - 时间段 2603-2668 的节点检测统计: 真阳性=7, 假阳性=10, 假阴性=1, 正常节点=1
2025-04-15 21:37:55,578 - DEBUG - 正在保存可视化结果到 ./visual/use_topkFalse\omi\robust_zscore\omi-9\seg_3_2603_2668.png
2025-04-15 21:37:55,660 - INFO - 成功保存时间段 2603-2668 的可视化结果
2025-04-15 21:37:55,660 - INFO - 
正在处理时间段 5/8: 2918-2958
2025-04-15 21:37:55,661 - INFO - 该时间段的真实异常节点: {1, 2, 5, 6, 8, 17, 18, 19}
2025-04-15 21:37:55,661 - INFO - 正在计算异常分数...
2025-04-15 21:37:55,682 - INFO - 检测到的异常节点: {1, 4, 5, 6, 7, 8, 9, 10, 11, 12, 13, 14, 15, 16, 17, 18, 19}
2025-04-15 21:37:55,682 - INFO - 正在为时间段 2918-2958 生成可视化
2025-04-15 21:37:55,682 - INFO - 正在为时间段 2918-2958 生成异常图可视化
2025-04-15 21:37:55,682 - DEBUG - 创建包含 19 个节点的图结构
2025-04-15 21:37:55,683 - DEBUG - 边统计: 正常边 200 条, 异常边 72 条
2025-04-15 21:37:55,683 - INFO - 时间段 2918-2958 的节点检测统计: 真阳性=7, 假阳性=10, 假阴性=1, 正常节点=1
2025-04-15 21:37:55,763 - DEBUG - 正在保存可视化结果到 ./visual/use_topkFalse\omi\robust_zscore\omi-9\seg_4_2918_2958.png
2025-04-15 21:37:55,844 - INFO - 成功保存时间段 2918-2958 的可视化结果
2025-04-15 21:37:55,844 - INFO - 
正在处理时间段 6/8: 3170-3245
2025-04-15 21:37:55,844 - INFO - 该时间段的真实异常节点: {1, 2, 6, 8, 17, 18, 19}
2025-04-15 21:37:55,844 - INFO - 正在计算异常分数...
2025-04-15 21:37:55,883 - INFO - 检测到的异常节点: {1, 4, 5, 6, 7, 8, 9, 10, 11, 12, 13, 14, 15, 16, 17, 18, 19}
2025-04-15 21:37:55,883 - INFO - 正在为时间段 3170-3245 生成可视化
2025-04-15 21:37:55,883 - INFO - 正在为时间段 3170-3245 生成异常图可视化
2025-04-15 21:37:55,883 - DEBUG - 创建包含 19 个节点的图结构
2025-04-15 21:37:55,884 - DEBUG - 边统计: 正常边 226 条, 异常边 46 条
2025-04-15 21:37:55,884 - INFO - 时间段 3170-3245 的节点检测统计: 真阳性=6, 假阳性=11, 假阴性=1, 正常节点=1
2025-04-15 21:37:55,966 - DEBUG - 正在保存可视化结果到 ./visual/use_topkFalse\omi\robust_zscore\omi-9\seg_5_3170_3245.png
2025-04-15 21:37:56,049 - INFO - 成功保存时间段 3170-3245 的可视化结果
2025-04-15 21:37:56,049 - INFO - 
正在处理时间段 7/8: 3508-3528
2025-04-15 21:37:56,050 - INFO - 该时间段的真实异常节点: {8, 2, 19, 6}
2025-04-15 21:37:56,050 - INFO - 正在计算异常分数...
2025-04-15 21:37:56,059 - INFO - 检测到的异常节点: {1, 4, 5, 6, 7, 8, 9, 10, 11, 12, 13, 14, 15, 16, 17, 18, 19}
2025-04-15 21:37:56,060 - INFO - 正在为时间段 3508-3528 生成可视化
2025-04-15 21:37:56,060 - INFO - 正在为时间段 3508-3528 生成异常图可视化
2025-04-15 21:37:56,060 - DEBUG - 创建包含 19 个节点的图结构
2025-04-15 21:37:56,060 - DEBUG - 边统计: 正常边 208 条, 异常边 64 条
2025-04-15 21:37:56,060 - INFO - 时间段 3508-3528 的节点检测统计: 真阳性=3, 假阳性=14, 假阴性=1, 正常节点=1
2025-04-15 21:37:56,143 - DEBUG - 正在保存可视化结果到 ./visual/use_topkFalse\omi\robust_zscore\omi-9\seg_6_3508_3528.png
2025-04-15 21:37:56,232 - INFO - 成功保存时间段 3508-3528 的可视化结果
2025-04-15 21:37:56,232 - INFO - 
正在处理时间段 8/8: 4064-4108
2025-04-15 21:37:56,232 - INFO - 该时间段的真实异常节点: {1, 2, 6, 7, 8, 9, 17, 18, 19}
2025-04-15 21:37:56,232 - INFO - 正在计算异常分数...
2025-04-15 21:37:56,255 - INFO - 检测到的异常节点: {1, 4, 5, 6, 7, 8, 9, 10, 11, 12, 13, 14, 15, 16, 17, 18, 19}
2025-04-15 21:37:56,255 - INFO - 正在为时间段 4064-4108 生成可视化
2025-04-15 21:37:56,255 - INFO - 正在为时间段 4064-4108 生成异常图可视化
2025-04-15 21:37:56,255 - DEBUG - 创建包含 19 个节点的图结构
2025-04-15 21:37:56,256 - DEBUG - 边统计: 正常边 190 条, 异常边 82 条
2025-04-15 21:37:56,256 - INFO - 时间段 4064-4108 的节点检测统计: 真阳性=8, 假阳性=9, 假阴性=1, 正常节点=1
2025-04-15 21:37:56,334 - DEBUG - 正在保存可视化结果到 ./visual/use_topkFalse\omi\robust_zscore\omi-9\seg_7_4064_4108.png
2025-04-15 21:37:56,412 - INFO - 成功保存时间段 4064-4108 的可视化结果
2025-04-15 21:37:56,412 - INFO - 正在从 ./visual/use_topkFalse\omi\robust_zscore\omi-9 中的图像创建GIF
2025-04-15 21:37:56,634 - INFO - GIF已保存到 ./visual/use_topkFalse\omi\robust_zscore\omi-9\omi-9.gif
2025-04-15 21:37:56,634 - INFO - 可视化结果生成完成！
2025-04-15 21:37:56,634 - INFO - 
==================================================
2025-04-15 21:37:56,634 - INFO - 程序运行总耗时: 0:02:27.474503
