2025-04-17 17:56:50,009 - INFO - 
 Starting experiment with config: ExperimentConfig(dataset='els', window_size=5, score_thresholds=array([0. , 0.1, 0.2, 0.3, 0.4, 0.5, 0.6, 0.7, 0.8, 0.9, 1. , 1.1, 1.2,
       1.3, 1.4, 1.5, 1.6, 1.7, 1.8, 1.9, 2. , 2.1, 2.2, 2.3, 2.4, 2.5,
       2.6, 2.7, 2.8, 2.9, 3. , 3.1, 3.2, 3.3, 3.4, 3.5, 3.6, 3.7, 3.8,
       3.9, 4. , 4.1, 4.2, 4.3, 4.4, 4.5, 4.6, 4.7, 4.8, 4.9, 5. , 5.1,
       5.2, 5.3, 5.4, 5.5, 5.6, 5.7, 5.8, 5.9, 6. , 6.1, 6.2, 6.3, 6.4,
       6.5, 6.6, 6.7, 6.8, 6.9, 7. ]), topk_range=range(0, 10), corr_threshold_range=array([0. , 0. , 0.1, 0.2, 0.2, 0.2, 0.3, 0.4, 0.4, 0.4, 0.5, 0.6, 0.6,
       0.6]), neighbor_selection='all', score_modes=['value_times_range'], data_dir='./data/processed', label_dir='./data/interpretation_label', log_dir='./log/els/neighbor_all', visual_dir='./visual/els/neighbor_all', num_workers=36, gif_duration=500)
2025-04-17 17:56:50,009 - INFO - 当前评分模式: ['value_times_range']
2025-04-17 17:56:50,009 - INFO - 
==================================================
2025-04-17 17:56:50,009 - INFO - 开始执行网格搜索...
2025-04-17 17:56:50,012 - INFO - [els-1] Starting grid search...
2025-04-17 17:56:50,749 - INFO - [els-1.txt] mode=value_times_range, all=None, threshold=0.0, P=0.2701, R=0.4370, F1=0.3339
2025-04-17 17:56:50,889 - INFO - [els-1.txt] mode=value_times_range, all=None, threshold=0.1, P=0.2701, R=0.4370, F1=0.3339
2025-04-17 17:56:50,916 - INFO - [els-1.txt] mode=value_times_range, all=None, threshold=0.2, P=0.2701, R=0.4370, F1=0.3339
2025-04-17 17:56:50,933 - INFO - [els-1.txt] mode=value_times_range, all=None, threshold=0.3, P=0.2701, R=0.4370, F1=0.3339
2025-04-17 17:56:50,978 - INFO - [els-1.txt] mode=value_times_range, all=None, threshold=0.4, P=0.2689, R=0.4328, F1=0.3317
2025-04-17 17:56:50,991 - INFO - [els-1.txt] mode=value_times_range, all=None, threshold=0.5, P=0.2696, R=0.4328, F1=0.3323
2025-04-17 17:56:51,027 - INFO - [els-1.txt] mode=value_times_range, all=None, threshold=0.6, P=0.2696, R=0.4328, F1=0.3323
2025-04-17 17:56:51,027 - INFO - [els-1.txt] mode=value_times_range, all=None, threshold=0.7, P=0.2696, R=0.4328, F1=0.3323
2025-04-17 17:56:51,038 - INFO - [els-1.txt] mode=value_times_range, all=None, threshold=0.8, P=0.2696, R=0.4328, F1=0.3323
2025-04-17 17:56:51,081 - INFO - [els-1.txt] mode=value_times_range, all=None, threshold=0.9, P=0.2696, R=0.4328, F1=0.3323
2025-04-17 17:56:51,081 - INFO - [els-1.txt] mode=value_times_range, all=None, threshold=1.0, P=0.2696, R=0.4328, F1=0.3323
2025-04-17 17:56:51,081 - INFO - [els-1.txt] mode=value_times_range, all=None, threshold=1.1, P=0.2696, R=0.4328, F1=0.3323
2025-04-17 17:56:51,081 - INFO - [els-1.txt] mode=value_times_range, all=None, threshold=1.2, P=0.2696, R=0.4328, F1=0.3323
2025-04-17 17:56:51,081 - INFO - [els-1.txt] mode=value_times_range, all=None, threshold=1.3, P=0.2696, R=0.4328, F1=0.3323
2025-04-17 17:56:51,082 - INFO - [els-1.txt] mode=value_times_range, all=None, threshold=1.4, P=0.2696, R=0.4328, F1=0.3323
2025-04-17 17:56:51,082 - INFO - [els-1.txt] mode=value_times_range, all=None, threshold=1.5, P=0.2703, R=0.4328, F1=0.3328
2025-04-17 17:56:51,082 - INFO - [els-1.txt] mode=value_times_range, all=None, threshold=1.6, P=0.2703, R=0.4328, F1=0.3328
2025-04-17 17:56:51,082 - INFO - [els-1.txt] mode=value_times_range, all=None, threshold=1.7, P=0.2703, R=0.4328, F1=0.3328
2025-04-17 17:56:51,083 - INFO - [els-1.txt] mode=value_times_range, all=None, threshold=1.8, P=0.2703, R=0.4328, F1=0.3328
2025-04-17 17:56:51,083 - INFO - [els-1.txt] mode=value_times_range, all=None, threshold=1.9, P=0.2703, R=0.4328, F1=0.3328
2025-04-17 17:56:51,083 - INFO - [els-1.txt] mode=value_times_range, all=None, threshold=2.0, P=0.2703, R=0.4328, F1=0.3328
2025-04-17 17:56:51,083 - INFO - [els-1.txt] mode=value_times_range, all=None, threshold=2.1, P=0.2703, R=0.4328, F1=0.3328
2025-04-17 17:56:51,281 - INFO - [els-1.txt] mode=value_times_range, all=None, threshold=2.2, P=0.2703, R=0.4328, F1=0.3328
2025-04-17 17:56:51,288 - INFO - [els-1.txt] mode=value_times_range, all=None, threshold=2.3, P=0.2703, R=0.4328, F1=0.3328
2025-04-17 17:56:51,289 - INFO - [els-1.txt] mode=value_times_range, all=None, threshold=2.4, P=0.2703, R=0.4328, F1=0.3328
2025-04-17 17:56:51,305 - INFO - [els-1.txt] mode=value_times_range, all=None, threshold=2.5, P=0.2703, R=0.4328, F1=0.3328
2025-04-17 17:56:51,307 - INFO - [els-1.txt] mode=value_times_range, all=None, threshold=2.6, P=0.2684, R=0.4286, F1=0.3301
2025-04-17 17:56:51,313 - INFO - [els-1.txt] mode=value_times_range, all=None, threshold=2.7, P=0.2698, R=0.4286, F1=0.3312
2025-04-17 17:56:51,313 - INFO - [els-1.txt] mode=value_times_range, all=None, threshold=2.8, P=0.2679, R=0.4244, F1=0.3285
2025-04-17 17:56:51,320 - INFO - [els-1.txt] mode=value_times_range, all=None, threshold=2.9, P=0.2701, R=0.4244, F1=0.3301
2025-04-17 17:56:51,330 - INFO - [els-1.txt] mode=value_times_range, all=None, threshold=3.0, P=0.2737, R=0.4244, F1=0.3328
2025-04-17 17:56:51,330 - INFO - [els-1.txt] mode=value_times_range, all=None, threshold=3.1, P=0.2737, R=0.4244, F1=0.3328
2025-04-17 17:56:51,346 - INFO - [els-1.txt] mode=value_times_range, all=None, threshold=3.2, P=0.2745, R=0.4244, F1=0.3333
2025-04-17 17:56:51,346 - INFO - [els-1.txt] mode=value_times_range, all=None, threshold=3.3, P=0.2767, R=0.4244, F1=0.3350
2025-04-17 17:56:51,359 - INFO - [els-1.txt] mode=value_times_range, all=None, threshold=3.4, P=0.2782, R=0.4244, F1=0.3361
2025-04-17 17:56:51,359 - INFO - [els-1.txt] mode=value_times_range, all=None, threshold=3.5, P=0.2798, R=0.4244, F1=0.3372
2025-04-17 17:56:51,359 - INFO - [els-1.txt] mode=value_times_range, all=None, threshold=3.6, P=0.2801, R=0.4202, F1=0.3361
2025-04-17 17:56:51,360 - INFO - [els-1.txt] mode=value_times_range, all=None, threshold=3.7, P=0.2801, R=0.4202, F1=0.3361
2025-04-17 17:56:51,360 - INFO - [els-1.txt] mode=value_times_range, all=None, threshold=3.8, P=0.2801, R=0.4202, F1=0.3361
2025-04-17 17:56:51,360 - INFO - [els-1.txt] mode=value_times_range, all=None, threshold=3.9, P=0.2801, R=0.4202, F1=0.3361
2025-04-17 17:56:51,360 - INFO - [els-1.txt] mode=value_times_range, all=None, threshold=4.0, P=0.2801, R=0.4202, F1=0.3361
2025-04-17 17:56:51,360 - INFO - [els-1.txt] mode=value_times_range, all=None, threshold=4.1, P=0.2801, R=0.4202, F1=0.3361
2025-04-17 17:56:51,360 - INFO - [els-1.txt] mode=value_times_range, all=None, threshold=4.2, P=0.2809, R=0.4202, F1=0.3367
2025-04-17 17:56:51,360 - INFO - [els-1.txt] mode=value_times_range, all=None, threshold=4.3, P=0.2817, R=0.4202, F1=0.3373
2025-04-17 17:56:51,360 - INFO - [els-1.txt] mode=value_times_range, all=None, threshold=4.4, P=0.2825, R=0.4202, F1=0.3378
2025-04-17 17:56:51,360 - INFO - [els-1.txt] mode=value_times_range, all=None, threshold=4.5, P=0.2825, R=0.4202, F1=0.3378
2025-04-17 17:56:51,360 - INFO - [els-1.txt] mode=value_times_range, all=None, threshold=4.6, P=0.2825, R=0.4202, F1=0.3378
2025-04-17 17:56:51,360 - INFO - [els-1.txt] mode=value_times_range, all=None, threshold=4.7, P=0.2833, R=0.4202, F1=0.3384
2025-04-17 17:56:51,375 - INFO - [els-1.txt] mode=value_times_range, all=None, threshold=4.8, P=0.2841, R=0.4202, F1=0.3390
2025-04-17 17:56:51,593 - INFO - [els-1.txt] mode=value_times_range, all=None, threshold=4.9, P=0.2841, R=0.4202, F1=0.3390
2025-04-17 17:56:51,594 - INFO - [els-1.txt] mode=value_times_range, all=None, threshold=5.0, P=0.2841, R=0.4202, F1=0.3390
2025-04-17 17:56:51,611 - INFO - [els-1.txt] mode=value_times_range, all=None, threshold=5.1, P=0.2849, R=0.4202, F1=0.3396
2025-04-17 17:56:51,611 - INFO - [els-1.txt] mode=value_times_range, all=None, threshold=5.2, P=0.2845, R=0.4160, F1=0.3379
2025-04-17 17:56:51,611 - INFO - [els-1.txt] mode=value_times_range, all=None, threshold=5.3, P=0.2861, R=0.4160, F1=0.3390
2025-04-17 17:56:51,640 - INFO - [els-1.txt] mode=value_times_range, all=None, threshold=5.4, P=0.2878, R=0.4160, F1=0.3402
2025-04-17 17:56:51,714 - INFO - [els-1.txt] mode=value_times_range, all=None, threshold=5.5, P=0.2832, R=0.4034, F1=0.3328
2025-04-17 17:56:51,715 - INFO - [els-1.txt] mode=value_times_range, all=None, threshold=5.6, P=0.2844, R=0.3992, F1=0.3322
2025-04-17 17:56:51,715 - INFO - [els-1.txt] mode=value_times_range, all=None, threshold=5.7, P=0.2853, R=0.3992, F1=0.3327
2025-04-17 17:56:51,715 - INFO - [els-1.txt] mode=value_times_range, all=None, threshold=5.8, P=0.2896, R=0.3992, F1=0.3357
2025-04-17 17:56:51,715 - INFO - [els-1.txt] mode=value_times_range, all=None, threshold=5.9, P=0.2892, R=0.3950, F1=0.3339
2025-04-17 17:56:51,715 - INFO - [els-1.txt] mode=value_times_range, all=None, threshold=6.0, P=0.2892, R=0.3950, F1=0.3339
2025-04-17 17:56:51,715 - INFO - [els-1.txt] mode=value_times_range, all=None, threshold=6.1, P=0.2901, R=0.3950, F1=0.3345
2025-04-17 17:56:51,715 - INFO - [els-1.txt] mode=value_times_range, all=None, threshold=6.2, P=0.2919, R=0.3950, F1=0.3357
2025-04-17 17:56:51,715 - INFO - [els-1.txt] mode=value_times_range, all=None, threshold=6.3, P=0.2897, R=0.3908, F1=0.3327
2025-04-17 17:56:51,715 - INFO - [els-1.txt] mode=value_times_range, all=None, threshold=6.4, P=0.2906, R=0.3908, F1=0.3333
2025-04-17 17:56:51,716 - INFO - [els-1.txt] mode=value_times_range, all=None, threshold=6.5, P=0.2915, R=0.3908, F1=0.3339
2025-04-17 17:56:51,742 - INFO - [els-1.txt] mode=value_times_range, all=None, threshold=6.6, P=0.2915, R=0.3908, F1=0.3339
2025-04-17 17:56:51,779 - INFO - [els-1.txt] mode=value_times_range, all=None, threshold=6.7, P=0.2925, R=0.3908, F1=0.3345
2025-04-17 17:56:51,796 - INFO - [els-1.txt] mode=value_times_range, all=None, threshold=6.8, P=0.2925, R=0.3908, F1=0.3345
2025-04-17 17:56:51,796 - INFO - [els-1.txt] mode=value_times_range, all=None, threshold=6.9, P=0.2943, R=0.3908, F1=0.3357
2025-04-17 17:56:51,797 - INFO - [els-1.txt] mode=value_times_range, all=None, threshold=7.0, P=0.2943, R=0.3908, F1=0.3357
2025-04-17 17:56:51,848 - INFO - 
==================================================
2025-04-17 17:56:51,848 - INFO - 开始汇总结果...
2025-04-17 17:56:51,854 - INFO - 
===== Best Results per Dataset =====
  dataset        score_mode neighbor_param  score_threshold neighbor_selection  precision   recall  f1_score
els-1.txt value_times_range           None              5.4                all   0.287791 0.415966  0.340206
2025-04-17 17:56:51,854 - INFO - 
===== Overall Metrics =====
Precision: 0.2882  Recall: 0.4167  F1: 0.3407
2025-04-17 17:56:51,854 - INFO - 
【原始汇总指标】
2025-04-17 17:56:51,854 - INFO - 精确率(Precision): 0.2882
2025-04-17 17:56:51,854 - INFO - 召回率(Recall):    0.4167
2025-04-17 17:56:51,854 - INFO - F1值:             0.3407
2025-04-17 17:56:51,854 - INFO - 
==================================================
2025-04-17 17:56:51,854 - INFO - 开始生成可视化结果...
2025-04-17 17:56:51,854 - INFO - 
==================================================
2025-04-17 17:56:51,854 - INFO - 开始数据集可视化: els-1
2025-04-17 17:56:51,854 - INFO - 使用参数: 评分模式=value_times_range, all=None, 阈值=5.4
2025-04-17 17:56:51,854 - INFO - ==================================================

2025-04-17 17:56:51,854 - INFO - 正在加载数据集 els-1 的数据
2025-04-17 17:56:51,857 - INFO - 数据加载成功。训练集形状: (993, 16), 测试集形状: (8928, 16)
2025-04-17 17:56:51,857 - INFO - 正在计算边缘统计量...
2025-04-17 17:56:52,117 - INFO - 已计算 105 条边的统计量
2025-04-17 17:56:52,118 - INFO - 为每个节点使用所有邻居
2025-04-17 17:56:52,118 - INFO - 可视化结果将保存到: ./visual/els/neighbor_all/value_times_range/els-1
2025-04-17 17:56:52,138 - INFO - 在数据集中发现 77 个异常时间段
2025-04-17 17:56:52,138 - INFO - 
正在处理时间段 1/77: 433-437
2025-04-17 17:56:52,138 - INFO - 该时间段的真实异常节点: {12}
2025-04-17 17:56:52,138 - INFO - 正在计算异常分数...
2025-04-17 17:56:52,139 - INFO - 检测到的异常节点: {1, 3, 4, 6, 7, 8, 9, 10, 12, 13, 14, 15}
2025-04-17 17:56:52,139 - INFO - 正在为时间段 433-437 生成可视化
2025-04-17 17:56:52,139 - INFO - 正在为时间段 433-437 生成异常图可视化
2025-04-17 17:56:52,140 - DEBUG - 边统计: 正常边 174 条, 异常边 36 条
2025-04-17 17:56:52,196 - DEBUG - 正在保存可视化结果到 ./visual/els/neighbor_all/value_times_range/els-1/seg_0_433_437.png
2025-04-17 17:56:52,529 - INFO - 成功保存时间段 433-437 的可视化结果
2025-04-17 17:56:52,529 - INFO - 
正在处理时间段 2/77: 738-738
2025-04-17 17:56:52,530 - INFO - 该时间段的真实异常节点: {6, 7, 8, 9, 10, 11, 12}
2025-04-17 17:56:52,530 - INFO - 正在计算异常分数...
2025-04-17 17:56:52,530 - INFO - 检测到的异常节点: set()
2025-04-17 17:56:52,530 - INFO - 正在为时间段 738-738 生成可视化
2025-04-17 17:56:52,530 - INFO - 正在为时间段 738-738 生成异常图可视化
2025-04-17 17:56:52,530 - INFO - 单个点位异常段 738-738，扩展为 734-738 (window_size=5)
2025-04-17 17:56:52,531 - DEBUG - 边统计: 正常边 130 条, 异常边 80 条
2025-04-17 17:56:52,579 - DEBUG - 正在保存可视化结果到 ./visual/els/neighbor_all/value_times_range/els-1/seg_1_738_738.png
2025-04-17 17:56:52,909 - INFO - 成功保存时间段 738-738 的可视化结果
2025-04-17 17:56:52,909 - INFO - 
正在处理时间段 3/77: 762-762
2025-04-17 17:56:52,909 - INFO - 该时间段的真实异常节点: {12}
2025-04-17 17:56:52,910 - INFO - 正在计算异常分数...
2025-04-17 17:56:52,910 - INFO - 检测到的异常节点: set()
2025-04-17 17:56:52,910 - INFO - 正在为时间段 762-762 生成可视化
2025-04-17 17:56:52,910 - INFO - 正在为时间段 762-762 生成异常图可视化
2025-04-17 17:56:52,910 - INFO - 单个点位异常段 762-762，扩展为 758-762 (window_size=5)
2025-04-17 17:56:52,911 - DEBUG - 边统计: 正常边 170 条, 异常边 12 条
2025-04-17 17:56:52,959 - DEBUG - 正在保存可视化结果到 ./visual/els/neighbor_all/value_times_range/els-1/seg_2_762_762.png
2025-04-17 17:56:53,244 - INFO - 成功保存时间段 762-762 的可视化结果
2025-04-17 17:56:53,244 - INFO - 
正在处理时间段 4/77: 1065-1070
2025-04-17 17:56:53,244 - INFO - 该时间段的真实异常节点: {6, 7, 8, 9, 11}
2025-04-17 17:56:53,244 - INFO - 正在计算异常分数...
2025-04-17 17:56:53,246 - INFO - 检测到的异常节点: {1, 3, 4, 6, 7, 8, 9, 10, 13, 14, 15}
2025-04-17 17:56:53,246 - INFO - 正在为时间段 1065-1070 生成可视化
2025-04-17 17:56:53,246 - INFO - 正在为时间段 1065-1070 生成异常图可视化
2025-04-17 17:56:53,247 - DEBUG - 边统计: 正常边 200 条, 异常边 10 条
2025-04-17 17:56:53,295 - DEBUG - 正在保存可视化结果到 ./visual/els/neighbor_all/value_times_range/els-1/seg_3_1065_1070.png
2025-04-17 17:56:53,614 - INFO - 成功保存时间段 1065-1070 的可视化结果
2025-04-17 17:56:53,614 - INFO - 
正在处理时间段 5/77: 1348-1351
2025-04-17 17:56:53,615 - INFO - 该时间段的真实异常节点: {8, 9, 6, 7}
2025-04-17 17:56:53,615 - INFO - 正在计算异常分数...
2025-04-17 17:56:53,615 - INFO - 检测到的异常节点: set()
2025-04-17 17:56:53,615 - INFO - 正在为时间段 1348-1351 生成可视化
2025-04-17 17:56:53,615 - INFO - 正在为时间段 1348-1351 生成异常图可视化
2025-04-17 17:56:53,616 - DEBUG - 边统计: 正常边 172 条, 异常边 38 条
2025-04-17 17:56:53,663 - DEBUG - 正在保存可视化结果到 ./visual/els/neighbor_all/value_times_range/els-1/seg_4_1348_1351.png
2025-04-17 17:56:53,986 - INFO - 成功保存时间段 1348-1351 的可视化结果
2025-04-17 17:56:53,986 - INFO - 
正在处理时间段 6/77: 1366-1368
2025-04-17 17:56:53,986 - INFO - 该时间段的真实异常节点: {8, 9, 6, 7}
2025-04-17 17:56:53,986 - INFO - 正在计算异常分数...
2025-04-17 17:56:53,986 - INFO - 检测到的异常节点: set()
2025-04-17 17:56:53,986 - INFO - 正在为时间段 1366-1368 生成可视化
2025-04-17 17:56:53,986 - INFO - 正在为时间段 1366-1368 生成异常图可视化
2025-04-17 17:56:53,987 - DEBUG - 边统计: 正常边 112 条, 异常边 70 条
2025-04-17 17:56:54,035 - DEBUG - 正在保存可视化结果到 ./visual/els/neighbor_all/value_times_range/els-1/seg_5_1366_1368.png
2025-04-17 17:56:54,334 - INFO - 成功保存时间段 1366-1368 的可视化结果
2025-04-17 17:56:54,335 - INFO - 
正在处理时间段 7/77: 1591-1602
2025-04-17 17:56:54,335 - INFO - 该时间段的真实异常节点: {12}
2025-04-17 17:56:54,335 - INFO - 正在计算异常分数...
2025-04-17 17:56:54,340 - INFO - 检测到的异常节点: {1, 2, 3, 4, 5, 6, 7, 8, 9, 10, 11, 12, 13, 14}
2025-04-17 17:56:54,340 - INFO - 正在为时间段 1591-1602 生成可视化
2025-04-17 17:56:54,340 - INFO - 正在为时间段 1591-1602 生成异常图可视化
2025-04-17 17:56:54,341 - DEBUG - 边统计: 正常边 178 条, 异常边 4 条
2025-04-17 17:56:54,394 - DEBUG - 正在保存可视化结果到 ./visual/els/neighbor_all/value_times_range/els-1/seg_6_1591_1602.png
2025-04-17 17:56:54,686 - INFO - 成功保存时间段 1591-1602 的可视化结果
2025-04-17 17:56:54,686 - INFO - 
正在处理时间段 8/77: 1634-1638
2025-04-17 17:56:54,686 - INFO - 该时间段的真实异常节点: {8, 9, 6, 7}
2025-04-17 17:56:54,686 - INFO - 正在计算异常分数...
2025-04-17 17:56:54,687 - INFO - 检测到的异常节点: {8, 9, 11, 7}
2025-04-17 17:56:54,687 - INFO - 正在为时间段 1634-1638 生成可视化
2025-04-17 17:56:54,687 - INFO - 正在为时间段 1634-1638 生成异常图可视化
2025-04-17 17:56:54,688 - DEBUG - 边统计: 正常边 192 条, 异常边 18 条
2025-04-17 17:56:54,736 - DEBUG - 正在保存可视化结果到 ./visual/els/neighbor_all/value_times_range/els-1/seg_7_1634_1638.png
2025-04-17 17:56:55,068 - INFO - 成功保存时间段 1634-1638 的可视化结果
2025-04-17 17:56:55,068 - INFO - 
正在处理时间段 9/77: 1864-1868
2025-04-17 17:56:55,069 - INFO - 该时间段的真实异常节点: {6, 7, 8, 9, 10, 11}
2025-04-17 17:56:55,069 - INFO - 正在计算异常分数...
2025-04-17 17:56:55,069 - INFO - 检测到的异常节点: {2, 3, 4, 5, 6, 7, 8, 9, 10, 12}
2025-04-17 17:56:55,070 - INFO - 正在为时间段 1864-1868 生成可视化
2025-04-17 17:56:55,070 - INFO - 正在为时间段 1864-1868 生成异常图可视化
2025-04-17 17:56:55,070 - DEBUG - 边统计: 正常边 150 条, 异常边 60 条
2025-04-17 17:56:55,118 - DEBUG - 正在保存可视化结果到 ./visual/els/neighbor_all/value_times_range/els-1/seg_8_1864_1868.png
2025-04-17 17:56:55,448 - INFO - 成功保存时间段 1864-1868 的可视化结果
2025-04-17 17:56:55,449 - INFO - 
正在处理时间段 10/77: 1882-1882
2025-04-17 17:56:55,449 - INFO - 该时间段的真实异常节点: {12}
2025-04-17 17:56:55,449 - INFO - 正在计算异常分数...
2025-04-17 17:56:55,449 - INFO - 检测到的异常节点: set()
2025-04-17 17:56:55,449 - INFO - 正在为时间段 1882-1882 生成可视化
2025-04-17 17:56:55,449 - INFO - 正在为时间段 1882-1882 生成异常图可视化
2025-04-17 17:56:55,449 - INFO - 单个点位异常段 1882-1882，扩展为 1878-1882 (window_size=5)
2025-04-17 17:56:55,450 - DEBUG - 边统计: 正常边 140 条, 异常边 42 条
2025-04-17 17:56:55,500 - DEBUG - 正在保存可视化结果到 ./visual/els/neighbor_all/value_times_range/els-1/seg_9_1882_1882.png
2025-04-17 17:56:55,786 - INFO - 成功保存时间段 1882-1882 的可视化结果
2025-04-17 17:56:55,786 - INFO - 
正在处理时间段 11/77: 2415-2418
2025-04-17 17:56:55,786 - INFO - 该时间段的真实异常节点: {6, 7, 8, 9, 11, 12}
2025-04-17 17:56:55,787 - INFO - 正在计算异常分数...
2025-04-17 17:56:55,787 - INFO - 检测到的异常节点: set()
2025-04-17 17:56:55,787 - INFO - 正在为时间段 2415-2418 生成可视化
2025-04-17 17:56:55,787 - INFO - 正在为时间段 2415-2418 生成异常图可视化
2025-04-17 17:56:55,788 - DEBUG - 边统计: 正常边 152 条, 异常边 58 条
2025-04-17 17:56:55,836 - DEBUG - 正在保存可视化结果到 ./visual/els/neighbor_all/value_times_range/els-1/seg_10_2415_2418.png
2025-04-17 17:56:56,164 - INFO - 成功保存时间段 2415-2418 的可视化结果
2025-04-17 17:56:56,164 - INFO - 
正在处理时间段 12/77: 2461-2461
2025-04-17 17:56:56,164 - INFO - 该时间段的真实异常节点: {12}
2025-04-17 17:56:56,164 - INFO - 正在计算异常分数...
2025-04-17 17:56:56,164 - INFO - 检测到的异常节点: set()
2025-04-17 17:56:56,164 - INFO - 正在为时间段 2461-2461 生成可视化
2025-04-17 17:56:56,164 - INFO - 正在为时间段 2461-2461 生成异常图可视化
2025-04-17 17:56:56,164 - INFO - 单个点位异常段 2461-2461，扩展为 2457-2461 (window_size=5)
2025-04-17 17:56:56,165 - DEBUG - 边统计: 正常边 194 条, 异常边 16 条
2025-04-17 17:56:56,593 - DEBUG - 正在保存可视化结果到 ./visual/els/neighbor_all/value_times_range/els-1/seg_11_2461_2461.png
2025-04-17 17:56:56,930 - INFO - 成功保存时间段 2461-2461 的可视化结果
2025-04-17 17:56:56,930 - INFO - 
正在处理时间段 13/77: 2506-2506
2025-04-17 17:56:56,930 - INFO - 该时间段的真实异常节点: {6, 7, 8, 9, 10, 11}
2025-04-17 17:56:56,930 - INFO - 正在计算异常分数...
2025-04-17 17:56:56,930 - INFO - 检测到的异常节点: set()
2025-04-17 17:56:56,930 - INFO - 正在为时间段 2506-2506 生成可视化
2025-04-17 17:56:56,930 - INFO - 正在为时间段 2506-2506 生成异常图可视化
2025-04-17 17:56:56,930 - INFO - 单个点位异常段 2506-2506，扩展为 2502-2506 (window_size=5)
2025-04-17 17:56:56,931 - DEBUG - 边统计: 正常边 202 条, 异常边 8 条
2025-04-17 17:56:56,980 - DEBUG - 正在保存可视化结果到 ./visual/els/neighbor_all/value_times_range/els-1/seg_12_2506_2506.png
2025-04-17 17:56:57,312 - INFO - 成功保存时间段 2506-2506 的可视化结果
2025-04-17 17:56:57,312 - INFO - 
正在处理时间段 14/77: 2515-2515
2025-04-17 17:56:57,312 - INFO - 该时间段的真实异常节点: {6, 7, 8, 9, 10, 11}
2025-04-17 17:56:57,312 - INFO - 正在计算异常分数...
2025-04-17 17:56:57,312 - INFO - 检测到的异常节点: set()
2025-04-17 17:56:57,313 - INFO - 正在为时间段 2515-2515 生成可视化
2025-04-17 17:56:57,313 - INFO - 正在为时间段 2515-2515 生成异常图可视化
2025-04-17 17:56:57,313 - INFO - 单个点位异常段 2515-2515，扩展为 2511-2515 (window_size=5)
2025-04-17 17:56:57,314 - DEBUG - 边统计: 正常边 166 条, 异常边 44 条
2025-04-17 17:56:57,363 - DEBUG - 正在保存可视化结果到 ./visual/els/neighbor_all/value_times_range/els-1/seg_13_2515_2515.png
2025-04-17 17:56:57,698 - INFO - 成功保存时间段 2515-2515 的可视化结果
2025-04-17 17:56:57,699 - INFO - 
正在处理时间段 15/77: 2520-2520
2025-04-17 17:56:57,699 - INFO - 该时间段的真实异常节点: {6, 7, 8, 9, 10, 11}
2025-04-17 17:56:57,699 - INFO - 正在计算异常分数...
2025-04-17 17:56:57,699 - INFO - 检测到的异常节点: set()
2025-04-17 17:56:57,699 - INFO - 正在为时间段 2520-2520 生成可视化
2025-04-17 17:56:57,699 - INFO - 正在为时间段 2520-2520 生成异常图可视化
2025-04-17 17:56:57,699 - INFO - 单个点位异常段 2520-2520，扩展为 2516-2520 (window_size=5)
2025-04-17 17:56:57,700 - DEBUG - 边统计: 正常边 178 条, 异常边 32 条
2025-04-17 17:56:57,749 - DEBUG - 正在保存可视化结果到 ./visual/els/neighbor_all/value_times_range/els-1/seg_14_2520_2520.png
2025-04-17 17:56:58,083 - INFO - 成功保存时间段 2520-2520 的可视化结果
2025-04-17 17:56:58,083 - INFO - 
正在处理时间段 16/77: 2796-2808
2025-04-17 17:56:58,083 - INFO - 该时间段的真实异常节点: {6, 7, 8, 9, 10, 11}
2025-04-17 17:56:58,083 - INFO - 正在计算异常分数...
2025-04-17 17:56:58,089 - INFO - 检测到的异常节点: {1, 2, 3, 4, 5, 6, 7, 8, 9, 10, 11, 12, 13, 14, 15}
2025-04-17 17:56:58,089 - INFO - 正在为时间段 2796-2808 生成可视化
2025-04-17 17:56:58,089 - INFO - 正在为时间段 2796-2808 生成异常图可视化
2025-04-17 17:56:58,090 - DEBUG - 边统计: 正常边 198 条, 异常边 12 条
2025-04-17 17:56:58,138 - DEBUG - 正在保存可视化结果到 ./visual/els/neighbor_all/value_times_range/els-1/seg_15_2796_2808.png
2025-04-17 17:56:58,468 - INFO - 成功保存时间段 2796-2808 的可视化结果
2025-04-17 17:56:58,468 - INFO - 
正在处理时间段 17/77: 3276-3277
2025-04-17 17:56:58,469 - INFO - 该时间段的真实异常节点: {12}
2025-04-17 17:56:58,469 - INFO - 正在计算异常分数...
2025-04-17 17:56:58,469 - INFO - 检测到的异常节点: set()
2025-04-17 17:56:58,469 - INFO - 正在为时间段 3276-3277 生成可视化
2025-04-17 17:56:58,469 - INFO - 正在为时间段 3276-3277 生成异常图可视化
2025-04-17 17:56:58,470 - DEBUG - 边统计: 正常边 0 条, 异常边 182 条
2025-04-17 17:56:58,518 - DEBUG - 正在保存可视化结果到 ./visual/els/neighbor_all/value_times_range/els-1/seg_16_3276_3277.png
2025-04-17 17:56:58,820 - INFO - 成功保存时间段 3276-3277 的可视化结果
2025-04-17 17:56:58,820 - INFO - 
正在处理时间段 18/77: 3321-3322
2025-04-17 17:56:58,820 - INFO - 该时间段的真实异常节点: {12}
2025-04-17 17:56:58,820 - INFO - 正在计算异常分数...
2025-04-17 17:56:58,820 - INFO - 检测到的异常节点: set()
2025-04-17 17:56:58,820 - INFO - 正在为时间段 3321-3322 生成可视化
2025-04-17 17:56:58,820 - INFO - 正在为时间段 3321-3322 生成异常图可视化
2025-04-17 17:56:58,821 - DEBUG - 边统计: 正常边 0 条, 异常边 182 条
2025-04-17 17:56:58,871 - DEBUG - 正在保存可视化结果到 ./visual/els/neighbor_all/value_times_range/els-1/seg_17_3321_3322.png
2025-04-17 17:56:59,164 - INFO - 成功保存时间段 3321-3322 的可视化结果
2025-04-17 17:56:59,164 - INFO - 
正在处理时间段 19/77: 3339-3345
2025-04-17 17:56:59,164 - INFO - 该时间段的真实异常节点: {6, 7, 8, 9, 11, 12}
2025-04-17 17:56:59,164 - INFO - 正在计算异常分数...
2025-04-17 17:56:59,167 - INFO - 检测到的异常节点: {1, 2, 5, 7, 8, 9, 10, 11, 12, 13, 15}
2025-04-17 17:56:59,167 - INFO - 正在为时间段 3339-3345 生成可视化
2025-04-17 17:56:59,167 - INFO - 正在为时间段 3339-3345 生成异常图可视化
2025-04-17 17:56:59,168 - DEBUG - 边统计: 正常边 202 条, 异常边 8 条
2025-04-17 17:56:59,217 - DEBUG - 正在保存可视化结果到 ./visual/els/neighbor_all/value_times_range/els-1/seg_18_3339_3345.png
2025-04-17 17:56:59,547 - INFO - 成功保存时间段 3339-3345 的可视化结果
2025-04-17 17:56:59,547 - INFO - 
正在处理时间段 20/77: 3360-3362
2025-04-17 17:56:59,548 - INFO - 该时间段的真实异常节点: {6, 7, 8, 9, 11}
2025-04-17 17:56:59,548 - INFO - 正在计算异常分数...
2025-04-17 17:56:59,548 - INFO - 检测到的异常节点: set()
2025-04-17 17:56:59,548 - INFO - 正在为时间段 3360-3362 生成可视化
2025-04-17 17:56:59,548 - INFO - 正在为时间段 3360-3362 生成异常图可视化
2025-04-17 17:56:59,549 - DEBUG - 边统计: 正常边 60 条, 异常边 122 条
2025-04-17 17:56:59,598 - DEBUG - 正在保存可视化结果到 ./visual/els/neighbor_all/value_times_range/els-1/seg_19_3360_3362.png
2025-04-17 17:56:59,897 - INFO - 成功保存时间段 3360-3362 的可视化结果
2025-04-17 17:56:59,897 - INFO - 
正在处理时间段 21/77: 3378-3378
2025-04-17 17:56:59,897 - INFO - 该时间段的真实异常节点: {6, 7, 8, 9, 11}
2025-04-17 17:56:59,897 - INFO - 正在计算异常分数...
2025-04-17 17:56:59,897 - INFO - 检测到的异常节点: set()
2025-04-17 17:56:59,897 - INFO - 正在为时间段 3378-3378 生成可视化
2025-04-17 17:56:59,897 - INFO - 正在为时间段 3378-3378 生成异常图可视化
2025-04-17 17:56:59,897 - INFO - 单个点位异常段 3378-3378，扩展为 3374-3378 (window_size=5)
2025-04-17 17:56:59,899 - DEBUG - 边统计: 正常边 174 条, 异常边 36 条
2025-04-17 17:56:59,948 - DEBUG - 正在保存可视化结果到 ./visual/els/neighbor_all/value_times_range/els-1/seg_20_3378_3378.png
2025-04-17 17:57:00,281 - INFO - 成功保存时间段 3378-3378 的可视化结果
2025-04-17 17:57:00,281 - INFO - 
正在处理时间段 22/77: 3564-3564
2025-04-17 17:57:00,281 - INFO - 该时间段的真实异常节点: {12}
2025-04-17 17:57:00,281 - INFO - 正在计算异常分数...
2025-04-17 17:57:00,281 - INFO - 检测到的异常节点: set()
2025-04-17 17:57:00,282 - INFO - 正在为时间段 3564-3564 生成可视化
2025-04-17 17:57:00,282 - INFO - 正在为时间段 3564-3564 生成异常图可视化
2025-04-17 17:57:00,282 - INFO - 单个点位异常段 3564-3564，扩展为 3560-3564 (window_size=5)
2025-04-17 17:57:00,283 - DEBUG - 边统计: 正常边 170 条, 异常边 12 条
2025-04-17 17:57:00,333 - DEBUG - 正在保存可视化结果到 ./visual/els/neighbor_all/value_times_range/els-1/seg_21_3564_3564.png
2025-04-17 17:57:00,625 - INFO - 成功保存时间段 3564-3564 的可视化结果
2025-04-17 17:57:00,625 - INFO - 
正在处理时间段 23/77: 3583-3584
2025-04-17 17:57:00,625 - INFO - 该时间段的真实异常节点: {12}
2025-04-17 17:57:00,625 - INFO - 正在计算异常分数...
2025-04-17 17:57:00,625 - INFO - 检测到的异常节点: set()
2025-04-17 17:57:00,625 - INFO - 正在为时间段 3583-3584 生成可视化
2025-04-17 17:57:00,625 - INFO - 正在为时间段 3583-3584 生成异常图可视化
2025-04-17 17:57:00,626 - DEBUG - 边统计: 正常边 0 条, 异常边 182 条
2025-04-17 17:57:00,675 - DEBUG - 正在保存可视化结果到 ./visual/els/neighbor_all/value_times_range/els-1/seg_22_3583_3584.png
2025-04-17 17:57:00,971 - INFO - 成功保存时间段 3583-3584 的可视化结果
2025-04-17 17:57:00,971 - INFO - 
正在处理时间段 24/77: 3592-3592
2025-04-17 17:57:00,971 - INFO - 该时间段的真实异常节点: {12}
2025-04-17 17:57:00,971 - INFO - 正在计算异常分数...
2025-04-17 17:57:00,972 - INFO - 检测到的异常节点: set()
2025-04-17 17:57:00,972 - INFO - 正在为时间段 3592-3592 生成可视化
2025-04-17 17:57:00,972 - INFO - 正在为时间段 3592-3592 生成异常图可视化
2025-04-17 17:57:00,972 - INFO - 单个点位异常段 3592-3592，扩展为 3588-3592 (window_size=5)
2025-04-17 17:57:00,973 - DEBUG - 边统计: 正常边 144 条, 异常边 38 条
2025-04-17 17:57:01,023 - DEBUG - 正在保存可视化结果到 ./visual/els/neighbor_all/value_times_range/els-1/seg_23_3592_3592.png
2025-04-17 17:57:01,316 - INFO - 成功保存时间段 3592-3592 的可视化结果
2025-04-17 17:57:01,316 - INFO - 
正在处理时间段 25/77: 3611-3611
2025-04-17 17:57:01,316 - INFO - 该时间段的真实异常节点: {12}
2025-04-17 17:57:01,316 - INFO - 正在计算异常分数...
2025-04-17 17:57:01,316 - INFO - 检测到的异常节点: set()
2025-04-17 17:57:01,316 - INFO - 正在为时间段 3611-3611 生成可视化
2025-04-17 17:57:01,316 - INFO - 正在为时间段 3611-3611 生成异常图可视化
2025-04-17 17:57:01,316 - INFO - 单个点位异常段 3611-3611，扩展为 3607-3611 (window_size=5)
2025-04-17 17:57:01,317 - DEBUG - 边统计: 正常边 194 条, 异常边 16 条
2025-04-17 17:57:01,439 - DEBUG - 正在保存可视化结果到 ./visual/els/neighbor_all/value_times_range/els-1/seg_24_3611_3611.png
2025-04-17 17:57:01,773 - INFO - 成功保存时间段 3611-3611 的可视化结果
2025-04-17 17:57:01,773 - INFO - 
正在处理时间段 26/77: 3646-3646
2025-04-17 17:57:01,774 - INFO - 该时间段的真实异常节点: {12}
2025-04-17 17:57:01,774 - INFO - 正在计算异常分数...
2025-04-17 17:57:01,774 - INFO - 检测到的异常节点: set()
2025-04-17 17:57:01,774 - INFO - 正在为时间段 3646-3646 生成可视化
2025-04-17 17:57:01,774 - INFO - 正在为时间段 3646-3646 生成异常图可视化
2025-04-17 17:57:01,774 - INFO - 单个点位异常段 3646-3646，扩展为 3642-3646 (window_size=5)
2025-04-17 17:57:01,775 - DEBUG - 边统计: 正常边 130 条, 异常边 52 条
2025-04-17 17:57:01,825 - DEBUG - 正在保存可视化结果到 ./visual/els/neighbor_all/value_times_range/els-1/seg_25_3646_3646.png
2025-04-17 17:57:02,121 - INFO - 成功保存时间段 3646-3646 的可视化结果
2025-04-17 17:57:02,121 - INFO - 
正在处理时间段 27/77: 3653-3657
2025-04-17 17:57:02,121 - INFO - 该时间段的真实异常节点: {6, 7, 8, 9, 11}
2025-04-17 17:57:02,121 - INFO - 正在计算异常分数...
2025-04-17 17:57:02,122 - INFO - 检测到的异常节点: {3, 5, 7, 8, 9, 10, 11, 12, 13}
2025-04-17 17:57:02,122 - INFO - 正在为时间段 3653-3657 生成可视化
2025-04-17 17:57:02,122 - INFO - 正在为时间段 3653-3657 生成异常图可视化
2025-04-17 17:57:02,123 - DEBUG - 边统计: 正常边 160 条, 异常边 50 条
2025-04-17 17:57:02,172 - DEBUG - 正在保存可视化结果到 ./visual/els/neighbor_all/value_times_range/els-1/seg_26_3653_3657.png
2025-04-17 17:57:02,506 - INFO - 成功保存时间段 3653-3657 的可视化结果
2025-04-17 17:57:02,506 - INFO - 
正在处理时间段 28/77: 3896-3898
2025-04-17 17:57:02,506 - INFO - 该时间段的真实异常节点: {12}
2025-04-17 17:57:02,506 - INFO - 正在计算异常分数...
2025-04-17 17:57:02,506 - INFO - 检测到的异常节点: set()
2025-04-17 17:57:02,506 - INFO - 正在为时间段 3896-3898 生成可视化
2025-04-17 17:57:02,506 - INFO - 正在为时间段 3896-3898 生成异常图可视化
2025-04-17 17:57:02,507 - DEBUG - 边统计: 正常边 96 条, 异常边 86 条
2025-04-17 17:57:02,557 - DEBUG - 正在保存可视化结果到 ./visual/els/neighbor_all/value_times_range/els-1/seg_27_3896_3898.png
2025-04-17 17:57:02,852 - INFO - 成功保存时间段 3896-3898 的可视化结果
2025-04-17 17:57:02,852 - INFO - 
正在处理时间段 29/77: 4224-4239
2025-04-17 17:57:02,852 - INFO - 该时间段的真实异常节点: {6, 7, 8, 9, 10, 11}
2025-04-17 17:57:02,852 - INFO - 正在计算异常分数...
2025-04-17 17:57:02,860 - INFO - 检测到的异常节点: {1, 2, 3, 4, 5, 6, 7, 8, 9, 10, 11, 12, 13, 14, 15}
2025-04-17 17:57:02,860 - INFO - 正在为时间段 4224-4239 生成可视化
2025-04-17 17:57:02,860 - INFO - 正在为时间段 4224-4239 生成异常图可视化
2025-04-17 17:57:02,861 - DEBUG - 边统计: 正常边 210 条, 异常边 0 条
2025-04-17 17:57:02,910 - DEBUG - 正在保存可视化结果到 ./visual/els/neighbor_all/value_times_range/els-1/seg_28_4224_4239.png
2025-04-17 17:57:03,240 - INFO - 成功保存时间段 4224-4239 的可视化结果
2025-04-17 17:57:03,240 - INFO - 
正在处理时间段 30/77: 4451-4454
2025-04-17 17:57:03,240 - INFO - 该时间段的真实异常节点: {12}
2025-04-17 17:57:03,240 - INFO - 正在计算异常分数...
2025-04-17 17:57:03,240 - INFO - 检测到的异常节点: set()
2025-04-17 17:57:03,241 - INFO - 正在为时间段 4451-4454 生成可视化
2025-04-17 17:57:03,241 - INFO - 正在为时间段 4451-4454 生成异常图可视化
2025-04-17 17:57:03,242 - DEBUG - 边统计: 正常边 164 条, 异常边 18 条
2025-04-17 17:57:03,292 - DEBUG - 正在保存可视化结果到 ./visual/els/neighbor_all/value_times_range/els-1/seg_29_4451_4454.png
2025-04-17 17:57:03,583 - INFO - 成功保存时间段 4451-4454 的可视化结果
2025-04-17 17:57:03,583 - INFO - 
正在处理时间段 31/77: 4474-4474
2025-04-17 17:57:03,583 - INFO - 该时间段的真实异常节点: {12}
2025-04-17 17:57:03,583 - INFO - 正在计算异常分数...
2025-04-17 17:57:03,583 - INFO - 检测到的异常节点: set()
2025-04-17 17:57:03,583 - INFO - 正在为时间段 4474-4474 生成可视化
2025-04-17 17:57:03,583 - INFO - 正在为时间段 4474-4474 生成异常图可视化
2025-04-17 17:57:03,583 - INFO - 单个点位异常段 4474-4474，扩展为 4470-4474 (window_size=5)
2025-04-17 17:57:03,584 - DEBUG - 边统计: 正常边 194 条, 异常边 16 条
2025-04-17 17:57:03,632 - DEBUG - 正在保存可视化结果到 ./visual/els/neighbor_all/value_times_range/els-1/seg_30_4474_4474.png
2025-04-17 17:57:03,967 - INFO - 成功保存时间段 4474-4474 的可视化结果
2025-04-17 17:57:03,967 - INFO - 
正在处理时间段 32/77: 4533-4537
2025-04-17 17:57:03,967 - INFO - 该时间段的真实异常节点: {6, 7, 8, 9, 11}
2025-04-17 17:57:03,967 - INFO - 正在计算异常分数...
2025-04-17 17:57:03,968 - INFO - 检测到的异常节点: {3, 7, 9, 11, 15}
2025-04-17 17:57:03,968 - INFO - 正在为时间段 4533-4537 生成可视化
2025-04-17 17:57:03,968 - INFO - 正在为时间段 4533-4537 生成异常图可视化
2025-04-17 17:57:03,969 - DEBUG - 边统计: 正常边 194 条, 异常边 16 条
2025-04-17 17:57:04,017 - DEBUG - 正在保存可视化结果到 ./visual/els/neighbor_all/value_times_range/els-1/seg_31_4533_4537.png
2025-04-17 17:57:04,349 - INFO - 成功保存时间段 4533-4537 的可视化结果
2025-04-17 17:57:04,349 - INFO - 
正在处理时间段 33/77: 4778-4796
2025-04-17 17:57:04,349 - INFO - 该时间段的真实异常节点: {6, 7, 8, 9, 10, 11}
2025-04-17 17:57:04,349 - INFO - 正在计算异常分数...
2025-04-17 17:57:04,359 - INFO - 检测到的异常节点: {1, 2, 3, 4, 5, 6, 7, 8, 9, 10, 11, 12, 13, 14, 15}
2025-04-17 17:57:04,359 - INFO - 正在为时间段 4778-4796 生成可视化
2025-04-17 17:57:04,359 - INFO - 正在为时间段 4778-4796 生成异常图可视化
2025-04-17 17:57:04,360 - DEBUG - 边统计: 正常边 204 条, 异常边 6 条
2025-04-17 17:57:04,409 - DEBUG - 正在保存可视化结果到 ./visual/els/neighbor_all/value_times_range/els-1/seg_32_4778_4796.png
2025-04-17 17:57:04,740 - INFO - 成功保存时间段 4778-4796 的可视化结果
2025-04-17 17:57:04,740 - INFO - 
正在处理时间段 34/77: 5077-5081
2025-04-17 17:57:04,740 - INFO - 该时间段的真实异常节点: {6, 7, 8, 9, 10, 11}
2025-04-17 17:57:04,740 - INFO - 正在计算异常分数...
2025-04-17 17:57:04,741 - INFO - 检测到的异常节点: {9}
2025-04-17 17:57:04,741 - INFO - 正在为时间段 5077-5081 生成可视化
2025-04-17 17:57:04,741 - INFO - 正在为时间段 5077-5081 生成异常图可视化
2025-04-17 17:57:04,742 - DEBUG - 边统计: 正常边 202 条, 异常边 8 条
2025-04-17 17:57:04,791 - DEBUG - 正在保存可视化结果到 ./visual/els/neighbor_all/value_times_range/els-1/seg_33_5077_5081.png
2025-04-17 17:57:05,121 - INFO - 成功保存时间段 5077-5081 的可视化结果
2025-04-17 17:57:05,121 - INFO - 
正在处理时间段 35/77: 5287-5289
2025-04-17 17:57:05,121 - INFO - 该时间段的真实异常节点: {6, 7, 8, 9, 11, 12}
2025-04-17 17:57:05,121 - INFO - 正在计算异常分数...
2025-04-17 17:57:05,122 - INFO - 检测到的异常节点: set()
2025-04-17 17:57:05,122 - INFO - 正在为时间段 5287-5289 生成可视化
2025-04-17 17:57:05,122 - INFO - 正在为时间段 5287-5289 生成异常图可视化
2025-04-17 17:57:05,123 - DEBUG - 边统计: 正常边 92 条, 异常边 90 条
2025-04-17 17:57:05,172 - DEBUG - 正在保存可视化结果到 ./visual/els/neighbor_all/value_times_range/els-1/seg_34_5287_5289.png
2025-04-17 17:57:05,468 - INFO - 成功保存时间段 5287-5289 的可视化结果
2025-04-17 17:57:05,468 - INFO - 
正在处理时间段 36/77: 5291-5291
2025-04-17 17:57:05,468 - INFO - 该时间段的真实异常节点: {9, 11, 12}
2025-04-17 17:57:05,468 - INFO - 正在计算异常分数...
2025-04-17 17:57:05,468 - INFO - 检测到的异常节点: set()
2025-04-17 17:57:05,468 - INFO - 正在为时间段 5291-5291 生成可视化
2025-04-17 17:57:05,468 - INFO - 正在为时间段 5291-5291 生成异常图可视化
2025-04-17 17:57:05,468 - INFO - 单个点位异常段 5291-5291，扩展为 5287-5291 (window_size=5)
2025-04-17 17:57:05,469 - DEBUG - 边统计: 正常边 168 条, 异常边 14 条
2025-04-17 17:57:05,519 - DEBUG - 正在保存可视化结果到 ./visual/els/neighbor_all/value_times_range/els-1/seg_35_5291_5291.png
2025-04-17 17:57:05,810 - INFO - 成功保存时间段 5291-5291 的可视化结果
2025-04-17 17:57:05,810 - INFO - 
正在处理时间段 37/77: 5337-5337
2025-04-17 17:57:05,811 - INFO - 该时间段的真实异常节点: {12}
2025-04-17 17:57:05,811 - INFO - 正在计算异常分数...
2025-04-17 17:57:05,811 - INFO - 检测到的异常节点: set()
2025-04-17 17:57:05,811 - INFO - 正在为时间段 5337-5337 生成可视化
2025-04-17 17:57:05,811 - INFO - 正在为时间段 5337-5337 生成异常图可视化
2025-04-17 17:57:05,811 - INFO - 单个点位异常段 5337-5337，扩展为 5333-5337 (window_size=5)
2025-04-17 17:57:05,812 - DEBUG - 边统计: 正常边 160 条, 异常边 22 条
2025-04-17 17:57:05,861 - DEBUG - 正在保存可视化结果到 ./visual/els/neighbor_all/value_times_range/els-1/seg_36_5337_5337.png
2025-04-17 17:57:06,155 - INFO - 成功保存时间段 5337-5337 的可视化结果
2025-04-17 17:57:06,155 - INFO - 
正在处理时间段 38/77: 5576-5576
2025-04-17 17:57:06,155 - INFO - 该时间段的真实异常节点: {12}
2025-04-17 17:57:06,155 - INFO - 正在计算异常分数...
2025-04-17 17:57:06,155 - INFO - 检测到的异常节点: set()
2025-04-17 17:57:06,155 - INFO - 正在为时间段 5576-5576 生成可视化
2025-04-17 17:57:06,155 - INFO - 正在为时间段 5576-5576 生成异常图可视化
2025-04-17 17:57:06,155 - INFO - 单个点位异常段 5576-5576，扩展为 5572-5576 (window_size=5)
2025-04-17 17:57:06,156 - DEBUG - 边统计: 正常边 168 条, 异常边 14 条
2025-04-17 17:57:06,281 - DEBUG - 正在保存可视化结果到 ./visual/els/neighbor_all/value_times_range/els-1/seg_37_5576_5576.png
2025-04-17 17:57:06,574 - INFO - 成功保存时间段 5576-5576 的可视化结果
2025-04-17 17:57:06,574 - INFO - 
正在处理时间段 39/77: 5582-5582
2025-04-17 17:57:06,574 - INFO - 该时间段的真实异常节点: {12}
2025-04-17 17:57:06,574 - INFO - 正在计算异常分数...
2025-04-17 17:57:06,574 - INFO - 检测到的异常节点: set()
2025-04-17 17:57:06,574 - INFO - 正在为时间段 5582-5582 生成可视化
2025-04-17 17:57:06,574 - INFO - 正在为时间段 5582-5582 生成异常图可视化
2025-04-17 17:57:06,574 - INFO - 单个点位异常段 5582-5582，扩展为 5578-5582 (window_size=5)
2025-04-17 17:57:06,575 - DEBUG - 边统计: 正常边 168 条, 异常边 42 条
2025-04-17 17:57:06,624 - DEBUG - 正在保存可视化结果到 ./visual/els/neighbor_all/value_times_range/els-1/seg_38_5582_5582.png
2025-04-17 17:57:06,960 - INFO - 成功保存时间段 5582-5582 的可视化结果
2025-04-17 17:57:06,960 - INFO - 
正在处理时间段 40/77: 5591-5591
2025-04-17 17:57:06,960 - INFO - 该时间段的真实异常节点: {12}
2025-04-17 17:57:06,960 - INFO - 正在计算异常分数...
2025-04-17 17:57:06,960 - INFO - 检测到的异常节点: set()
2025-04-17 17:57:06,961 - INFO - 正在为时间段 5591-5591 生成可视化
2025-04-17 17:57:06,961 - INFO - 正在为时间段 5591-5591 生成异常图可视化
2025-04-17 17:57:06,961 - INFO - 单个点位异常段 5591-5591，扩展为 5587-5591 (window_size=5)
2025-04-17 17:57:06,962 - DEBUG - 边统计: 正常边 166 条, 异常边 16 条
2025-04-17 17:57:07,012 - DEBUG - 正在保存可视化结果到 ./visual/els/neighbor_all/value_times_range/els-1/seg_39_5591_5591.png
2025-04-17 17:57:07,302 - INFO - 成功保存时间段 5591-5591 的可视化结果
2025-04-17 17:57:07,302 - INFO - 
正在处理时间段 41/77: 5606-5606
2025-04-17 17:57:07,302 - INFO - 该时间段的真实异常节点: {12}
2025-04-17 17:57:07,302 - INFO - 正在计算异常分数...
2025-04-17 17:57:07,303 - INFO - 检测到的异常节点: set()
2025-04-17 17:57:07,303 - INFO - 正在为时间段 5606-5606 生成可视化
2025-04-17 17:57:07,303 - INFO - 正在为时间段 5606-5606 生成异常图可视化
2025-04-17 17:57:07,303 - INFO - 单个点位异常段 5606-5606，扩展为 5602-5606 (window_size=5)
2025-04-17 17:57:07,304 - DEBUG - 边统计: 正常边 186 条, 异常边 24 条
2025-04-17 17:57:07,353 - DEBUG - 正在保存可视化结果到 ./visual/els/neighbor_all/value_times_range/els-1/seg_40_5606_5606.png
2025-04-17 17:57:07,685 - INFO - 成功保存时间段 5606-5606 的可视化结果
2025-04-17 17:57:07,686 - INFO - 
正在处理时间段 42/77: 5621-5621
2025-04-17 17:57:07,686 - INFO - 该时间段的真实异常节点: {12}
2025-04-17 17:57:07,686 - INFO - 正在计算异常分数...
2025-04-17 17:57:07,686 - INFO - 检测到的异常节点: set()
2025-04-17 17:57:07,686 - INFO - 正在为时间段 5621-5621 生成可视化
2025-04-17 17:57:07,686 - INFO - 正在为时间段 5621-5621 生成异常图可视化
2025-04-17 17:57:07,686 - INFO - 单个点位异常段 5621-5621，扩展为 5617-5621 (window_size=5)
2025-04-17 17:57:07,687 - DEBUG - 边统计: 正常边 128 条, 异常边 54 条
2025-04-17 17:57:07,737 - DEBUG - 正在保存可视化结果到 ./visual/els/neighbor_all/value_times_range/els-1/seg_41_5621_5621.png
2025-04-17 17:57:08,030 - INFO - 成功保存时间段 5621-5621 的可视化结果
2025-04-17 17:57:08,030 - INFO - 
正在处理时间段 43/77: 5627-5627
2025-04-17 17:57:08,030 - INFO - 该时间段的真实异常节点: {12}
2025-04-17 17:57:08,030 - INFO - 正在计算异常分数...
2025-04-17 17:57:08,030 - INFO - 检测到的异常节点: set()
2025-04-17 17:57:08,030 - INFO - 正在为时间段 5627-5627 生成可视化
2025-04-17 17:57:08,030 - INFO - 正在为时间段 5627-5627 生成异常图可视化
2025-04-17 17:57:08,030 - INFO - 单个点位异常段 5627-5627，扩展为 5623-5627 (window_size=5)
2025-04-17 17:57:08,031 - DEBUG - 边统计: 正常边 190 条, 异常边 20 条
2025-04-17 17:57:08,080 - DEBUG - 正在保存可视化结果到 ./visual/els/neighbor_all/value_times_range/els-1/seg_42_5627_5627.png
2025-04-17 17:57:08,412 - INFO - 成功保存时间段 5627-5627 的可视化结果
2025-04-17 17:57:08,412 - INFO - 
正在处理时间段 44/77: 5963-5981
2025-04-17 17:57:08,413 - INFO - 该时间段的真实异常节点: {6, 7, 8, 9, 11}
2025-04-17 17:57:08,413 - INFO - 正在计算异常分数...
2025-04-17 17:57:08,422 - INFO - 检测到的异常节点: {1, 2, 3, 4, 5, 6, 7, 8, 9, 10, 11, 12, 13, 14, 15}
2025-04-17 17:57:08,422 - INFO - 正在为时间段 5963-5981 生成可视化
2025-04-17 17:57:08,422 - INFO - 正在为时间段 5963-5981 生成异常图可视化
2025-04-17 17:57:08,423 - DEBUG - 边统计: 正常边 210 条, 异常边 0 条
2025-04-17 17:57:08,472 - DEBUG - 正在保存可视化结果到 ./visual/els/neighbor_all/value_times_range/els-1/seg_43_5963_5981.png
2025-04-17 17:57:08,800 - INFO - 成功保存时间段 5963-5981 的可视化结果
2025-04-17 17:57:08,800 - INFO - 
正在处理时间段 45/77: 6157-6161
2025-04-17 17:57:08,801 - INFO - 该时间段的真实异常节点: {12}
2025-04-17 17:57:08,801 - INFO - 正在计算异常分数...
2025-04-17 17:57:08,802 - INFO - 检测到的异常节点: {1, 3, 4, 6, 7, 9, 10, 13, 14}
2025-04-17 17:57:08,802 - INFO - 正在为时间段 6157-6161 生成可视化
2025-04-17 17:57:08,802 - INFO - 正在为时间段 6157-6161 生成异常图可视化
2025-04-17 17:57:08,802 - DEBUG - 边统计: 正常边 152 条, 异常边 30 条
2025-04-17 17:57:08,852 - DEBUG - 正在保存可视化结果到 ./visual/els/neighbor_all/value_times_range/els-1/seg_44_6157_6161.png
2025-04-17 17:57:09,143 - INFO - 成功保存时间段 6157-6161 的可视化结果
2025-04-17 17:57:09,144 - INFO - 
正在处理时间段 46/77: 6197-6200
2025-04-17 17:57:09,144 - INFO - 该时间段的真实异常节点: {12}
2025-04-17 17:57:09,144 - INFO - 正在计算异常分数...
2025-04-17 17:57:09,144 - INFO - 检测到的异常节点: set()
2025-04-17 17:57:09,144 - INFO - 正在为时间段 6197-6200 生成可视化
2025-04-17 17:57:09,144 - INFO - 正在为时间段 6197-6200 生成异常图可视化
2025-04-17 17:57:09,145 - DEBUG - 边统计: 正常边 148 条, 异常边 34 条
2025-04-17 17:57:09,194 - DEBUG - 正在保存可视化结果到 ./visual/els/neighbor_all/value_times_range/els-1/seg_45_6197_6200.png
2025-04-17 17:57:09,486 - INFO - 成功保存时间段 6197-6200 的可视化结果
2025-04-17 17:57:09,486 - INFO - 
正在处理时间段 47/77: 6233-6254
2025-04-17 17:57:09,486 - INFO - 该时间段的真实异常节点: {6, 7, 8, 9, 11, 12}
2025-04-17 17:57:09,486 - INFO - 正在计算异常分数...
2025-04-17 17:57:09,498 - INFO - 检测到的异常节点: {1, 2, 3, 4, 5, 6, 7, 8, 9, 10, 11, 12, 13, 14, 15}
2025-04-17 17:57:09,498 - INFO - 正在为时间段 6233-6254 生成可视化
2025-04-17 17:57:09,498 - INFO - 正在为时间段 6233-6254 生成异常图可视化
2025-04-17 17:57:09,499 - DEBUG - 边统计: 正常边 200 条, 异常边 10 条
2025-04-17 17:57:09,547 - DEBUG - 正在保存可视化结果到 ./visual/els/neighbor_all/value_times_range/els-1/seg_46_6233_6254.png
2025-04-17 17:57:09,877 - INFO - 成功保存时间段 6233-6254 的可视化结果
2025-04-17 17:57:09,878 - INFO - 
正在处理时间段 48/77: 6440-6449
2025-04-17 17:57:09,878 - INFO - 该时间段的真实异常节点: {9, 10, 12}
2025-04-17 17:57:09,878 - INFO - 正在计算异常分数...
2025-04-17 17:57:09,882 - INFO - 检测到的异常节点: {1, 2, 3, 4, 5, 6, 7, 8, 9, 10, 11, 12, 13, 14, 15}
2025-04-17 17:57:09,882 - INFO - 正在为时间段 6440-6449 生成可视化
2025-04-17 17:57:09,882 - INFO - 正在为时间段 6440-6449 生成异常图可视化
2025-04-17 17:57:09,883 - DEBUG - 边统计: 正常边 208 条, 异常边 2 条
2025-04-17 17:57:09,932 - DEBUG - 正在保存可视化结果到 ./visual/els/neighbor_all/value_times_range/els-1/seg_47_6440_6449.png
2025-04-17 17:57:10,261 - INFO - 成功保存时间段 6440-6449 的可视化结果
2025-04-17 17:57:10,261 - INFO - 
正在处理时间段 49/77: 6457-6457
2025-04-17 17:57:10,261 - INFO - 该时间段的真实异常节点: {12}
2025-04-17 17:57:10,261 - INFO - 正在计算异常分数...
2025-04-17 17:57:10,261 - INFO - 检测到的异常节点: set()
2025-04-17 17:57:10,261 - INFO - 正在为时间段 6457-6457 生成可视化
2025-04-17 17:57:10,261 - INFO - 正在为时间段 6457-6457 生成异常图可视化
2025-04-17 17:57:10,261 - INFO - 单个点位异常段 6457-6457，扩展为 6453-6457 (window_size=5)
2025-04-17 17:57:10,262 - DEBUG - 边统计: 正常边 194 条, 异常边 16 条
2025-04-17 17:57:10,315 - DEBUG - 正在保存可视化结果到 ./visual/els/neighbor_all/value_times_range/els-1/seg_48_6457_6457.png
2025-04-17 17:57:10,647 - INFO - 成功保存时间段 6457-6457 的可视化结果
2025-04-17 17:57:10,647 - INFO - 
正在处理时间段 50/77: 6471-6491
2025-04-17 17:57:10,647 - INFO - 该时间段的真实异常节点: {12}
2025-04-17 17:57:10,647 - INFO - 正在计算异常分数...
2025-04-17 17:57:10,658 - INFO - 检测到的异常节点: {1, 2, 3, 4, 5, 6, 7, 8, 9, 10, 11, 12, 13, 14, 15}
2025-04-17 17:57:10,658 - INFO - 正在为时间段 6471-6491 生成可视化
2025-04-17 17:57:10,658 - INFO - 正在为时间段 6471-6491 生成异常图可视化
2025-04-17 17:57:10,659 - DEBUG - 边统计: 正常边 210 条, 异常边 0 条
2025-04-17 17:57:10,785 - DEBUG - 正在保存可视化结果到 ./visual/els/neighbor_all/value_times_range/els-1/seg_49_6471_6491.png
2025-04-17 17:57:11,114 - INFO - 成功保存时间段 6471-6491 的可视化结果
2025-04-17 17:57:11,114 - INFO - 
正在处理时间段 51/77: 6500-6500
2025-04-17 17:57:11,115 - INFO - 该时间段的真实异常节点: {12}
2025-04-17 17:57:11,115 - INFO - 正在计算异常分数...
2025-04-17 17:57:11,115 - INFO - 检测到的异常节点: set()
2025-04-17 17:57:11,115 - INFO - 正在为时间段 6500-6500 生成可视化
2025-04-17 17:57:11,115 - INFO - 正在为时间段 6500-6500 生成异常图可视化
2025-04-17 17:57:11,115 - INFO - 单个点位异常段 6500-6500，扩展为 6496-6500 (window_size=5)
2025-04-17 17:57:11,116 - DEBUG - 边统计: 正常边 168 条, 异常边 14 条
2025-04-17 17:57:11,166 - DEBUG - 正在保存可视化结果到 ./visual/els/neighbor_all/value_times_range/els-1/seg_50_6500_6500.png
2025-04-17 17:57:11,457 - INFO - 成功保存时间段 6500-6500 的可视化结果
2025-04-17 17:57:11,457 - INFO - 
正在处理时间段 52/77: 6513-6515
2025-04-17 17:57:11,457 - INFO - 该时间段的真实异常节点: {6, 7, 8, 9, 11}
2025-04-17 17:57:11,457 - INFO - 正在计算异常分数...
2025-04-17 17:57:11,457 - INFO - 检测到的异常节点: set()
2025-04-17 17:57:11,457 - INFO - 正在为时间段 6513-6515 生成可视化
2025-04-17 17:57:11,457 - INFO - 正在为时间段 6513-6515 生成异常图可视化
2025-04-17 17:57:11,458 - DEBUG - 边统计: 正常边 92 条, 异常边 118 条
2025-04-17 17:57:11,507 - DEBUG - 正在保存可视化结果到 ./visual/els/neighbor_all/value_times_range/els-1/seg_51_6513_6515.png
2025-04-17 17:57:11,846 - INFO - 成功保存时间段 6513-6515 的可视化结果
2025-04-17 17:57:11,846 - INFO - 
正在处理时间段 53/77: 6531-6545
2025-04-17 17:57:11,846 - INFO - 该时间段的真实异常节点: {12}
2025-04-17 17:57:11,846 - INFO - 正在计算异常分数...
2025-04-17 17:57:11,853 - INFO - 检测到的异常节点: {1, 2, 3, 4, 5, 6, 7, 8, 9, 10, 11, 12, 13, 14}
2025-04-17 17:57:11,853 - INFO - 正在为时间段 6531-6545 生成可视化
2025-04-17 17:57:11,853 - INFO - 正在为时间段 6531-6545 生成异常图可视化
2025-04-17 17:57:11,854 - DEBUG - 边统计: 正常边 182 条, 异常边 0 条
2025-04-17 17:57:11,904 - DEBUG - 正在保存可视化结果到 ./visual/els/neighbor_all/value_times_range/els-1/seg_52_6531_6545.png
2025-04-17 17:57:12,192 - INFO - 成功保存时间段 6531-6545 的可视化结果
2025-04-17 17:57:12,192 - INFO - 
正在处理时间段 54/77: 6549-6563
2025-04-17 17:57:12,192 - INFO - 该时间段的真实异常节点: {6, 7, 8, 9, 11}
2025-04-17 17:57:12,192 - INFO - 正在计算异常分数...
2025-04-17 17:57:12,200 - INFO - 检测到的异常节点: {1, 2, 3, 4, 5, 6, 7, 8, 9, 10, 11, 12, 13, 14, 15}
2025-04-17 17:57:12,200 - INFO - 正在为时间段 6549-6563 生成可视化
2025-04-17 17:57:12,200 - INFO - 正在为时间段 6549-6563 生成异常图可视化
2025-04-17 17:57:12,201 - DEBUG - 边统计: 正常边 196 条, 异常边 14 条
2025-04-17 17:57:12,249 - DEBUG - 正在保存可视化结果到 ./visual/els/neighbor_all/value_times_range/els-1/seg_53_6549_6563.png
2025-04-17 17:57:12,580 - INFO - 成功保存时间段 6549-6563 的可视化结果
2025-04-17 17:57:12,580 - INFO - 
正在处理时间段 55/77: 6726-6730
2025-04-17 17:57:12,580 - INFO - 该时间段的真实异常节点: {12}
2025-04-17 17:57:12,580 - INFO - 正在计算异常分数...
2025-04-17 17:57:12,581 - INFO - 检测到的异常节点: {3, 4, 5, 6, 9, 14}
2025-04-17 17:57:12,581 - INFO - 正在为时间段 6726-6730 生成可视化
2025-04-17 17:57:12,581 - INFO - 正在为时间段 6726-6730 生成异常图可视化
2025-04-17 17:57:12,582 - DEBUG - 边统计: 正常边 152 条, 异常边 30 条
2025-04-17 17:57:12,631 - DEBUG - 正在保存可视化结果到 ./visual/els/neighbor_all/value_times_range/els-1/seg_54_6726_6730.png
2025-04-17 17:57:12,922 - INFO - 成功保存时间段 6726-6730 的可视化结果
2025-04-17 17:57:12,922 - INFO - 
正在处理时间段 56/77: 6824-6825
2025-04-17 17:57:12,922 - INFO - 该时间段的真实异常节点: {6, 7, 8, 9, 11}
2025-04-17 17:57:12,922 - INFO - 正在计算异常分数...
2025-04-17 17:57:12,922 - INFO - 检测到的异常节点: set()
2025-04-17 17:57:12,922 - INFO - 正在为时间段 6824-6825 生成可视化
2025-04-17 17:57:12,922 - INFO - 正在为时间段 6824-6825 生成异常图可视化
2025-04-17 17:57:12,923 - DEBUG - 边统计: 正常边 0 条, 异常边 156 条
2025-04-17 17:57:12,976 - DEBUG - 正在保存可视化结果到 ./visual/els/neighbor_all/value_times_range/els-1/seg_55_6824_6825.png
2025-04-17 17:57:13,264 - INFO - 成功保存时间段 6824-6825 的可视化结果
2025-04-17 17:57:13,264 - INFO - 
正在处理时间段 57/77: 7302-7302
2025-04-17 17:57:13,264 - INFO - 该时间段的真实异常节点: {12}
2025-04-17 17:57:13,264 - INFO - 正在计算异常分数...
2025-04-17 17:57:13,264 - INFO - 检测到的异常节点: set()
2025-04-17 17:57:13,264 - INFO - 正在为时间段 7302-7302 生成可视化
2025-04-17 17:57:13,264 - INFO - 正在为时间段 7302-7302 生成异常图可视化
2025-04-17 17:57:13,264 - INFO - 单个点位异常段 7302-7302，扩展为 7298-7302 (window_size=5)
2025-04-17 17:57:13,265 - DEBUG - 边统计: 正常边 186 条, 异常边 24 条
2025-04-17 17:57:13,315 - DEBUG - 正在保存可视化结果到 ./visual/els/neighbor_all/value_times_range/els-1/seg_56_7302_7302.png
2025-04-17 17:57:13,648 - INFO - 成功保存时间段 7302-7302 的可视化结果
2025-04-17 17:57:13,648 - INFO - 
正在处理时间段 58/77: 7337-7337
2025-04-17 17:57:13,648 - INFO - 该时间段的真实异常节点: {12}
2025-04-17 17:57:13,648 - INFO - 正在计算异常分数...
2025-04-17 17:57:13,649 - INFO - 检测到的异常节点: set()
2025-04-17 17:57:13,649 - INFO - 正在为时间段 7337-7337 生成可视化
2025-04-17 17:57:13,649 - INFO - 正在为时间段 7337-7337 生成异常图可视化
2025-04-17 17:57:13,649 - INFO - 单个点位异常段 7337-7337，扩展为 7333-7337 (window_size=5)
2025-04-17 17:57:13,650 - DEBUG - 边统计: 正常边 182 条, 异常边 28 条
2025-04-17 17:57:13,699 - DEBUG - 正在保存可视化结果到 ./visual/els/neighbor_all/value_times_range/els-1/seg_57_7337_7337.png
2025-04-17 17:57:14,033 - INFO - 成功保存时间段 7337-7337 的可视化结果
2025-04-17 17:57:14,033 - INFO - 
正在处理时间段 59/77: 7384-7414
2025-04-17 17:57:14,033 - INFO - 该时间段的真实异常节点: {6, 7, 8, 9, 10, 11}
2025-04-17 17:57:14,033 - INFO - 正在计算异常分数...
2025-04-17 17:57:14,051 - INFO - 检测到的异常节点: {1, 2, 3, 4, 5, 6, 7, 8, 9, 10, 11, 12, 13, 14, 15}
2025-04-17 17:57:14,051 - INFO - 正在为时间段 7384-7414 生成可视化
2025-04-17 17:57:14,051 - INFO - 正在为时间段 7384-7414 生成异常图可视化
2025-04-17 17:57:14,052 - DEBUG - 边统计: 正常边 204 条, 异常边 6 条
2025-04-17 17:57:14,101 - DEBUG - 正在保存可视化结果到 ./visual/els/neighbor_all/value_times_range/els-1/seg_58_7384_7414.png
2025-04-17 17:57:14,431 - INFO - 成功保存时间段 7384-7414 的可视化结果
2025-04-17 17:57:14,431 - INFO - 
正在处理时间段 60/77: 7591-7592
2025-04-17 17:57:14,432 - INFO - 该时间段的真实异常节点: {6, 7, 8, 9, 11, 12}
2025-04-17 17:57:14,432 - INFO - 正在计算异常分数...
2025-04-17 17:57:14,432 - INFO - 检测到的异常节点: set()
2025-04-17 17:57:14,432 - INFO - 正在为时间段 7591-7592 生成可视化
2025-04-17 17:57:14,432 - INFO - 正在为时间段 7591-7592 生成异常图可视化
2025-04-17 17:57:14,433 - DEBUG - 边统计: 正常边 0 条, 异常边 156 条
2025-04-17 17:57:14,484 - DEBUG - 正在保存可视化结果到 ./visual/els/neighbor_all/value_times_range/els-1/seg_59_7591_7592.png
2025-04-17 17:57:14,772 - INFO - 成功保存时间段 7591-7592 的可视化结果
2025-04-17 17:57:14,772 - INFO - 
正在处理时间段 61/77: 7596-7598
2025-04-17 17:57:14,772 - INFO - 该时间段的真实异常节点: {6, 7, 8, 9, 12}
2025-04-17 17:57:14,772 - INFO - 正在计算异常分数...
2025-04-17 17:57:14,772 - INFO - 检测到的异常节点: set()
2025-04-17 17:57:14,772 - INFO - 正在为时间段 7596-7598 生成可视化
2025-04-17 17:57:14,773 - INFO - 正在为时间段 7596-7598 生成异常图可视化
2025-04-17 17:57:14,774 - DEBUG - 边统计: 正常边 110 条, 异常边 72 条
2025-04-17 17:57:14,823 - DEBUG - 正在保存可视化结果到 ./visual/els/neighbor_all/value_times_range/els-1/seg_60_7596_7598.png
2025-04-17 17:57:15,120 - INFO - 成功保存时间段 7596-7598 的可视化结果
2025-04-17 17:57:15,120 - INFO - 
正在处理时间段 62/77: 7640-7640
2025-04-17 17:57:15,120 - INFO - 该时间段的真实异常节点: {12}
2025-04-17 17:57:15,120 - INFO - 正在计算异常分数...
2025-04-17 17:57:15,120 - INFO - 检测到的异常节点: set()
2025-04-17 17:57:15,121 - INFO - 正在为时间段 7640-7640 生成可视化
2025-04-17 17:57:15,121 - INFO - 正在为时间段 7640-7640 生成异常图可视化
2025-04-17 17:57:15,121 - INFO - 单个点位异常段 7640-7640，扩展为 7636-7640 (window_size=5)
2025-04-17 17:57:15,122 - DEBUG - 边统计: 正常边 172 条, 异常边 38 条
2025-04-17 17:57:15,170 - DEBUG - 正在保存可视化结果到 ./visual/els/neighbor_all/value_times_range/els-1/seg_61_7640_7640.png
2025-04-17 17:57:15,505 - INFO - 成功保存时间段 7640-7640 的可视化结果
2025-04-17 17:57:15,505 - INFO - 
正在处理时间段 63/77: 7691-7691
2025-04-17 17:57:15,505 - INFO - 该时间段的真实异常节点: {6, 7, 8, 9, 11}
2025-04-17 17:57:15,505 - INFO - 正在计算异常分数...
2025-04-17 17:57:15,505 - INFO - 检测到的异常节点: set()
2025-04-17 17:57:15,505 - INFO - 正在为时间段 7691-7691 生成可视化
2025-04-17 17:57:15,505 - INFO - 正在为时间段 7691-7691 生成异常图可视化
2025-04-17 17:57:15,505 - INFO - 单个点位异常段 7691-7691，扩展为 7687-7691 (window_size=5)
2025-04-17 17:57:15,506 - DEBUG - 边统计: 正常边 146 条, 异常边 36 条
2025-04-17 17:57:15,629 - DEBUG - 正在保存可视化结果到 ./visual/els/neighbor_all/value_times_range/els-1/seg_62_7691_7691.png
2025-04-17 17:57:15,922 - INFO - 成功保存时间段 7691-7691 的可视化结果
2025-04-17 17:57:15,923 - INFO - 
正在处理时间段 64/77: 7700-7707
2025-04-17 17:57:15,923 - INFO - 该时间段的真实异常节点: {6, 7, 8, 9, 11}
2025-04-17 17:57:15,923 - INFO - 正在计算异常分数...
2025-04-17 17:57:15,926 - INFO - 检测到的异常节点: {1, 2, 3, 4, 5, 6, 7, 8, 9, 10, 11, 12, 15}
2025-04-17 17:57:15,926 - INFO - 正在为时间段 7700-7707 生成可视化
2025-04-17 17:57:15,926 - INFO - 正在为时间段 7700-7707 生成异常图可视化
2025-04-17 17:57:15,927 - DEBUG - 边统计: 正常边 200 条, 异常边 10 条
2025-04-17 17:57:15,975 - DEBUG - 正在保存可视化结果到 ./visual/els/neighbor_all/value_times_range/els-1/seg_63_7700_7707.png
2025-04-17 17:57:16,308 - INFO - 成功保存时间段 7700-7707 的可视化结果
2025-04-17 17:57:16,308 - INFO - 
正在处理时间段 65/77: 7885-7886
2025-04-17 17:57:16,308 - INFO - 该时间段的真实异常节点: {12}
2025-04-17 17:57:16,308 - INFO - 正在计算异常分数...
2025-04-17 17:57:16,309 - INFO - 检测到的异常节点: set()
2025-04-17 17:57:16,309 - INFO - 正在为时间段 7885-7886 生成可视化
2025-04-17 17:57:16,309 - INFO - 正在为时间段 7885-7886 生成异常图可视化
2025-04-17 17:57:16,309 - DEBUG - 边统计: 正常边 0 条, 异常边 156 条
2025-04-17 17:57:16,362 - DEBUG - 正在保存可视化结果到 ./visual/els/neighbor_all/value_times_range/els-1/seg_64_7885_7886.png
2025-04-17 17:57:16,653 - INFO - 成功保存时间段 7885-7886 的可视化结果
2025-04-17 17:57:16,653 - INFO - 
正在处理时间段 66/77: 7963-7963
2025-04-17 17:57:16,653 - INFO - 该时间段的真实异常节点: {6, 7, 8, 9, 12}
2025-04-17 17:57:16,653 - INFO - 正在计算异常分数...
2025-04-17 17:57:16,654 - INFO - 检测到的异常节点: set()
2025-04-17 17:57:16,654 - INFO - 正在为时间段 7963-7963 生成可视化
2025-04-17 17:57:16,654 - INFO - 正在为时间段 7963-7963 生成异常图可视化
2025-04-17 17:57:16,654 - INFO - 单个点位异常段 7963-7963，扩展为 7959-7963 (window_size=5)
2025-04-17 17:57:16,655 - DEBUG - 边统计: 正常边 196 条, 异常边 14 条
2025-04-17 17:57:16,704 - DEBUG - 正在保存可视化结果到 ./visual/els/neighbor_all/value_times_range/els-1/seg_65_7963_7963.png
2025-04-17 17:57:17,023 - INFO - 成功保存时间段 7963-7963 的可视化结果
2025-04-17 17:57:17,023 - INFO - 
正在处理时间段 67/77: 7991-7995
2025-04-17 17:57:17,023 - INFO - 该时间段的真实异常节点: {6, 7, 8, 9, 11}
2025-04-17 17:57:17,023 - INFO - 正在计算异常分数...
2025-04-17 17:57:17,024 - INFO - 检测到的异常节点: {7, 8, 9, 10, 12, 15}
2025-04-17 17:57:17,024 - INFO - 正在为时间段 7991-7995 生成可视化
2025-04-17 17:57:17,024 - INFO - 正在为时间段 7991-7995 生成异常图可视化
2025-04-17 17:57:17,025 - DEBUG - 边统计: 正常边 180 条, 异常边 30 条
2025-04-17 17:57:17,071 - DEBUG - 正在保存可视化结果到 ./visual/els/neighbor_all/value_times_range/els-1/seg_66_7991_7995.png
2025-04-17 17:57:17,391 - INFO - 成功保存时间段 7991-7995 的可视化结果
2025-04-17 17:57:17,391 - INFO - 
正在处理时间段 68/77: 8214-8216
2025-04-17 17:57:17,392 - INFO - 该时间段的真实异常节点: {9, 12}
2025-04-17 17:57:17,392 - INFO - 正在计算异常分数...
2025-04-17 17:57:17,392 - INFO - 检测到的异常节点: set()
2025-04-17 17:57:17,392 - INFO - 正在为时间段 8214-8216 生成可视化
2025-04-17 17:57:17,392 - INFO - 正在为时间段 8214-8216 生成异常图可视化
2025-04-17 17:57:17,393 - DEBUG - 边统计: 正常边 118 条, 异常边 64 条
2025-04-17 17:57:17,440 - DEBUG - 正在保存可视化结果到 ./visual/els/neighbor_all/value_times_range/els-1/seg_67_8214_8216.png
2025-04-17 17:57:17,719 - INFO - 成功保存时间段 8214-8216 的可视化结果
2025-04-17 17:57:17,719 - INFO - 
正在处理时间段 69/77: 8280-8291
2025-04-17 17:57:17,719 - INFO - 该时间段的真实异常节点: {6, 7, 8, 9, 11}
2025-04-17 17:57:17,720 - INFO - 正在计算异常分数...
2025-04-17 17:57:17,725 - INFO - 检测到的异常节点: {1, 2, 3, 4, 5, 6, 7, 8, 9, 10, 11, 12, 13, 14, 15}
2025-04-17 17:57:17,725 - INFO - 正在为时间段 8280-8291 生成可视化
2025-04-17 17:57:17,725 - INFO - 正在为时间段 8280-8291 生成异常图可视化
2025-04-17 17:57:17,726 - DEBUG - 边统计: 正常边 204 条, 异常边 6 条
2025-04-17 17:57:17,772 - DEBUG - 正在保存可视化结果到 ./visual/els/neighbor_all/value_times_range/els-1/seg_68_8280_8291.png
2025-04-17 17:57:18,084 - INFO - 成功保存时间段 8280-8291 的可视化结果
2025-04-17 17:57:18,084 - INFO - 
正在处理时间段 70/77: 8432-8451
2025-04-17 17:57:18,084 - INFO - 该时间段的真实异常节点: {8, 11, 6, 7}
2025-04-17 17:57:18,084 - INFO - 正在计算异常分数...
2025-04-17 17:57:18,093 - INFO - 检测到的异常节点: {1, 2, 3, 4, 5, 6, 7, 8, 9, 10, 11, 12, 13, 14, 15}
2025-04-17 17:57:18,093 - INFO - 正在为时间段 8432-8451 生成可视化
2025-04-17 17:57:18,093 - INFO - 正在为时间段 8432-8451 生成异常图可视化
2025-04-17 17:57:18,094 - DEBUG - 边统计: 正常边 210 条, 异常边 0 条
2025-04-17 17:57:18,140 - DEBUG - 正在保存可视化结果到 ./visual/els/neighbor_all/value_times_range/els-1/seg_69_8432_8451.png
2025-04-17 17:57:18,458 - INFO - 成功保存时间段 8432-8451 的可视化结果
2025-04-17 17:57:18,458 - INFO - 
正在处理时间段 71/77: 8459-8461
2025-04-17 17:57:18,458 - INFO - 该时间段的真实异常节点: {12}
2025-04-17 17:57:18,458 - INFO - 正在计算异常分数...
2025-04-17 17:57:18,458 - INFO - 检测到的异常节点: set()
2025-04-17 17:57:18,458 - INFO - 正在为时间段 8459-8461 生成可视化
2025-04-17 17:57:18,458 - INFO - 正在为时间段 8459-8461 生成异常图可视化
2025-04-17 17:57:18,459 - DEBUG - 边统计: 正常边 136 条, 异常边 46 条
2025-04-17 17:57:18,506 - DEBUG - 正在保存可视化结果到 ./visual/els/neighbor_all/value_times_range/els-1/seg_70_8459_8461.png
2025-04-17 17:57:18,783 - INFO - 成功保存时间段 8459-8461 的可视化结果
2025-04-17 17:57:18,783 - INFO - 
正在处理时间段 72/77: 8504-8508
2025-04-17 17:57:18,783 - INFO - 该时间段的真实异常节点: {12}
2025-04-17 17:57:18,783 - INFO - 正在计算异常分数...
2025-04-17 17:57:18,784 - INFO - 检测到的异常节点: {2, 5, 8, 9, 10, 11, 13}
2025-04-17 17:57:18,784 - INFO - 正在为时间段 8504-8508 生成可视化
2025-04-17 17:57:18,784 - INFO - 正在为时间段 8504-8508 生成异常图可视化
2025-04-17 17:57:18,785 - DEBUG - 边统计: 正常边 182 条, 异常边 28 条
2025-04-17 17:57:18,832 - DEBUG - 正在保存可视化结果到 ./visual/els/neighbor_all/value_times_range/els-1/seg_71_8504_8508.png
2025-04-17 17:57:19,156 - INFO - 成功保存时间段 8504-8508 的可视化结果
2025-04-17 17:57:19,156 - INFO - 
正在处理时间段 73/77: 8542-8553
2025-04-17 17:57:19,157 - INFO - 该时间段的真实异常节点: {12}
2025-04-17 17:57:19,157 - INFO - 正在计算异常分数...
2025-04-17 17:57:19,161 - INFO - 检测到的异常节点: {1, 2, 3, 4, 5, 6, 7, 8, 9, 11, 12, 14}
2025-04-17 17:57:19,162 - INFO - 正在为时间段 8542-8553 生成可视化
2025-04-17 17:57:19,162 - INFO - 正在为时间段 8542-8553 生成异常图可视化
2025-04-17 17:57:19,162 - DEBUG - 边统计: 正常边 180 条, 异常边 2 条
2025-04-17 17:57:19,212 - DEBUG - 正在保存可视化结果到 ./visual/els/neighbor_all/value_times_range/els-1/seg_72_8542_8553.png
2025-04-17 17:57:19,492 - INFO - 成功保存时间段 8542-8553 的可视化结果
2025-04-17 17:57:19,492 - INFO - 
正在处理时间段 74/77: 8564-8571
2025-04-17 17:57:19,492 - INFO - 该时间段的真实异常节点: {6, 7, 8, 9, 12}
2025-04-17 17:57:19,492 - INFO - 正在计算异常分数...
2025-04-17 17:57:19,495 - INFO - 检测到的异常节点: {7, 8, 9, 10, 11, 12, 13, 14, 15}
2025-04-17 17:57:19,495 - INFO - 正在为时间段 8564-8571 生成可视化
2025-04-17 17:57:19,495 - INFO - 正在为时间段 8564-8571 生成异常图可视化
2025-04-17 17:57:19,496 - DEBUG - 边统计: 正常边 194 条, 异常边 16 条
2025-04-17 17:57:19,544 - DEBUG - 正在保存可视化结果到 ./visual/els/neighbor_all/value_times_range/els-1/seg_73_8564_8571.png
2025-04-17 17:57:19,858 - INFO - 成功保存时间段 8564-8571 的可视化结果
2025-04-17 17:57:19,858 - INFO - 
正在处理时间段 75/77: 8724-8737
2025-04-17 17:57:19,858 - INFO - 该时间段的真实异常节点: {12}
2025-04-17 17:57:19,858 - INFO - 正在计算异常分数...
2025-04-17 17:57:19,864 - INFO - 检测到的异常节点: {1, 2, 3, 4, 6, 7, 8, 9, 10, 11, 12, 13, 14}
2025-04-17 17:57:19,864 - INFO - 正在为时间段 8724-8737 生成可视化
2025-04-17 17:57:19,864 - INFO - 正在为时间段 8724-8737 生成异常图可视化
2025-04-17 17:57:19,865 - DEBUG - 边统计: 正常边 210 条, 异常边 0 条
2025-04-17 17:57:19,982 - DEBUG - 正在保存可视化结果到 ./visual/els/neighbor_all/value_times_range/els-1/seg_74_8724_8737.png
2025-04-17 17:57:20,295 - INFO - 成功保存时间段 8724-8737 的可视化结果
2025-04-17 17:57:20,295 - INFO - 
正在处理时间段 76/77: 8815-8821
2025-04-17 17:57:20,295 - INFO - 该时间段的真实异常节点: {6, 7, 8, 9, 11}
2025-04-17 17:57:20,296 - INFO - 正在计算异常分数...
2025-04-17 17:57:20,298 - INFO - 检测到的异常节点: {1, 2, 3, 5, 7, 8, 9, 10, 11, 12, 13, 14, 15}
2025-04-17 17:57:20,298 - INFO - 正在为时间段 8815-8821 生成可视化
2025-04-17 17:57:20,298 - INFO - 正在为时间段 8815-8821 生成异常图可视化
2025-04-17 17:57:20,299 - DEBUG - 边统计: 正常边 208 条, 异常边 2 条
2025-04-17 17:57:20,345 - DEBUG - 正在保存可视化结果到 ./visual/els/neighbor_all/value_times_range/els-1/seg_75_8815_8821.png
2025-04-17 17:57:20,669 - INFO - 成功保存时间段 8815-8821 的可视化结果
2025-04-17 17:57:20,669 - INFO - 
正在处理时间段 77/77: 8859-8860
2025-04-17 17:57:20,669 - INFO - 该时间段的真实异常节点: {12}
2025-04-17 17:57:20,669 - INFO - 正在计算异常分数...
2025-04-17 17:57:20,669 - INFO - 检测到的异常节点: set()
2025-04-17 17:57:20,669 - INFO - 正在为时间段 8859-8860 生成可视化
2025-04-17 17:57:20,669 - INFO - 正在为时间段 8859-8860 生成异常图可视化
2025-04-17 17:57:20,670 - DEBUG - 边统计: 正常边 0 条, 异常边 182 条
2025-04-17 17:57:20,718 - DEBUG - 正在保存可视化结果到 ./visual/els/neighbor_all/value_times_range/els-1/seg_76_8859_8860.png
2025-04-17 17:57:21,005 - INFO - 成功保存时间段 8859-8860 的可视化结果
2025-04-17 17:57:21,006 - INFO - 正在生成所有异常段的综合可视化图像: ./visual/els/neighbor_all/value_times_range/els-1/all_segments.png
2025-04-17 17:57:21,006 - INFO - 生成全屏优化的可视化图表
2025-04-17 17:57:21,588 - INFO - 单个点位异常段 738-738，扩展为 734-738 (window_size=5)
2025-04-17 17:57:21,600 - INFO - 单个点位异常段 762-762，扩展为 758-762 (window_size=5)
2025-04-17 17:57:21,682 - INFO - 单个点位异常段 1882-1882，扩展为 1878-1882 (window_size=5)
2025-04-17 17:57:21,705 - INFO - 单个点位异常段 2461-2461，扩展为 2457-2461 (window_size=5)
2025-04-17 17:57:21,717 - INFO - 单个点位异常段 2506-2506，扩展为 2502-2506 (window_size=5)
2025-04-17 17:57:21,729 - INFO - 单个点位异常段 2515-2515，扩展为 2511-2515 (window_size=5)
2025-04-17 17:57:21,740 - INFO - 单个点位异常段 2520-2520，扩展为 2516-2520 (window_size=5)
2025-04-17 17:57:21,887 - INFO - 单个点位异常段 3378-3378，扩展为 3374-3378 (window_size=5)
2025-04-17 17:57:21,898 - INFO - 单个点位异常段 3564-3564，扩展为 3560-3564 (window_size=5)
2025-04-17 17:57:21,921 - INFO - 单个点位异常段 3592-3592，扩展为 3588-3592 (window_size=5)
2025-04-17 17:57:21,932 - INFO - 单个点位异常段 3611-3611，扩展为 3607-3611 (window_size=5)
2025-04-17 17:57:21,944 - INFO - 单个点位异常段 3646-3646，扩展为 3642-3646 (window_size=5)
2025-04-17 17:57:22,002 - INFO - 单个点位异常段 4474-4474，扩展为 4470-4474 (window_size=5)
2025-04-17 17:57:22,060 - INFO - 单个点位异常段 5291-5291，扩展为 5287-5291 (window_size=5)
2025-04-17 17:57:22,071 - INFO - 单个点位异常段 5337-5337，扩展为 5333-5337 (window_size=5)
2025-04-17 17:57:22,082 - INFO - 单个点位异常段 5576-5576，扩展为 5572-5576 (window_size=5)
2025-04-17 17:57:22,093 - INFO - 单个点位异常段 5582-5582，扩展为 5578-5582 (window_size=5)
2025-04-17 17:57:22,105 - INFO - 单个点位异常段 5591-5591，扩展为 5587-5591 (window_size=5)
2025-04-17 17:57:22,117 - INFO - 单个点位异常段 5606-5606，扩展为 5602-5606 (window_size=5)
2025-04-17 17:57:22,129 - INFO - 单个点位异常段 5621-5621，扩展为 5617-5621 (window_size=5)
2025-04-17 17:57:22,140 - INFO - 单个点位异常段 5627-5627，扩展为 5623-5627 (window_size=5)
2025-04-17 17:57:22,209 - INFO - 单个点位异常段 6457-6457，扩展为 6453-6457 (window_size=5)
2025-04-17 17:57:22,233 - INFO - 单个点位异常段 6500-6500，扩展为 6496-6500 (window_size=5)
2025-04-17 17:57:22,302 - INFO - 单个点位异常段 7302-7302，扩展为 7298-7302 (window_size=5)
2025-04-17 17:57:22,314 - INFO - 单个点位异常段 7337-7337，扩展为 7333-7337 (window_size=5)
2025-04-17 17:57:22,360 - INFO - 单个点位异常段 7640-7640，扩展为 7636-7640 (window_size=5)
2025-04-17 17:57:22,371 - INFO - 单个点位异常段 7691-7691，扩展为 7687-7691 (window_size=5)
2025-04-17 17:57:22,406 - INFO - 单个点位异常段 7963-7963，扩展为 7959-7963 (window_size=5)
2025-04-17 17:57:27,847 - INFO - 已生成全屏优化的可视化图表: ./visual/els/neighbor_all/value_times_range/els-1/all_segments.png
2025-04-17 17:57:27,848 - INFO - 正在从 ./visual/els/neighbor_all/value_times_range/els-1 中的图像创建GIF
2025-04-17 17:57:43,194 - INFO - GIF已保存到 ./visual/els/neighbor_all/value_times_range/els-1/els-1.gif
2025-04-17 17:57:43,194 - INFO - 可视化结果生成完成！
2025-04-17 17:57:43,195 - INFO - 
==================================================
2025-04-17 17:57:43,195 - INFO - 程序运行总耗时: 0:00:53.185117 

