2025-04-17 17:55:04,320 - INFO - 
 Starting experiment with config: ExperimentConfig(dataset='els', window_size=5, score_thresholds=array([0. , 0.1, 0.2, 0.3, 0.4, 0.5, 0.6, 0.7, 0.8, 0.9, 1. , 1.1, 1.2,
       1.3, 1.4, 1.5, 1.6, 1.7, 1.8, 1.9, 2. , 2.1, 2.2, 2.3, 2.4, 2.5,
       2.6, 2.7, 2.8, 2.9, 3. , 3.1, 3.2, 3.3, 3.4, 3.5, 3.6, 3.7, 3.8,
       3.9, 4. , 4.1, 4.2, 4.3, 4.4, 4.5, 4.6, 4.7, 4.8, 4.9, 5. , 5.1,
       5.2, 5.3, 5.4, 5.5, 5.6, 5.7, 5.8, 5.9, 6. , 6.1, 6.2, 6.3, 6.4,
       6.5, 6.6, 6.7, 6.8, 6.9, 7. ]), topk_range=range(0, 10), corr_threshold_range=array([0. , 0. , 0.1, 0.2, 0.2, 0.2, 0.3, 0.4, 0.4, 0.4, 0.5, 0.6, 0.6,
       0.6]), neighbor_selection='all', score_modes=['mean_ratio'], data_dir='./data/processed', label_dir='./data/interpretation_label', log_dir='./log/els/neighbor_all', visual_dir='./visual/els/neighbor_all', num_workers=36, gif_duration=500)
2025-04-17 17:55:04,320 - INFO - 当前评分模式: ['mean_ratio']
2025-04-17 17:55:04,320 - INFO - 
==================================================
2025-04-17 17:55:04,320 - INFO - 开始执行网格搜索...
2025-04-17 17:55:04,323 - INFO - [els-1] Starting grid search...
2025-04-17 17:55:05,165 - INFO - [els-1.txt] mode=mean_ratio, all=None, threshold=0.0, P=0.2701, R=0.4370, F1=0.3339
2025-04-17 17:55:05,251 - INFO - [els-1.txt] mode=mean_ratio, all=None, threshold=0.1, P=0.2701, R=0.4370, F1=0.3339
2025-04-17 17:55:05,257 - INFO - [els-1.txt] mode=mean_ratio, all=None, threshold=0.2, P=0.2701, R=0.4370, F1=0.3339
2025-04-17 17:55:05,266 - INFO - [els-1.txt] mode=mean_ratio, all=None, threshold=0.3, P=0.2701, R=0.4370, F1=0.3339
2025-04-17 17:55:05,267 - INFO - [els-1.txt] mode=mean_ratio, all=None, threshold=0.4, P=0.2701, R=0.4370, F1=0.3339
2025-04-17 17:55:05,287 - INFO - [els-1.txt] mode=mean_ratio, all=None, threshold=0.5, P=0.2701, R=0.4370, F1=0.3339
2025-04-17 17:55:05,311 - INFO - [els-1.txt] mode=mean_ratio, all=None, threshold=0.6, P=0.2701, R=0.4370, F1=0.3339
2025-04-17 17:55:05,313 - INFO - [els-1.txt] mode=mean_ratio, all=None, threshold=0.7, P=0.2701, R=0.4370, F1=0.3339
2025-04-17 17:55:05,327 - INFO - [els-1.txt] mode=mean_ratio, all=None, threshold=0.8, P=0.2689, R=0.4328, F1=0.3317
2025-04-17 17:55:05,352 - INFO - [els-1.txt] mode=mean_ratio, all=None, threshold=0.9, P=0.2696, R=0.4328, F1=0.3323
2025-04-17 17:55:05,352 - INFO - [els-1.txt] mode=mean_ratio, all=None, threshold=1.0, P=0.2696, R=0.4328, F1=0.3323
2025-04-17 17:55:05,418 - INFO - [els-1.txt] mode=mean_ratio, all=None, threshold=1.1, P=0.2696, R=0.4328, F1=0.3323
2025-04-17 17:55:05,418 - INFO - [els-1.txt] mode=mean_ratio, all=None, threshold=1.2, P=0.2696, R=0.4328, F1=0.3323
2025-04-17 17:55:05,451 - INFO - [els-1.txt] mode=mean_ratio, all=None, threshold=1.3, P=0.2696, R=0.4328, F1=0.3323
2025-04-17 17:55:05,451 - INFO - [els-1.txt] mode=mean_ratio, all=None, threshold=1.4, P=0.2696, R=0.4328, F1=0.3323
2025-04-17 17:55:05,451 - INFO - [els-1.txt] mode=mean_ratio, all=None, threshold=1.5, P=0.2696, R=0.4328, F1=0.3323
2025-04-17 17:55:05,451 - INFO - [els-1.txt] mode=mean_ratio, all=None, threshold=1.6, P=0.2696, R=0.4328, F1=0.3323
2025-04-17 17:55:05,451 - INFO - [els-1.txt] mode=mean_ratio, all=None, threshold=1.7, P=0.2696, R=0.4328, F1=0.3323
2025-04-17 17:55:05,481 - INFO - [els-1.txt] mode=mean_ratio, all=None, threshold=1.8, P=0.2696, R=0.4328, F1=0.3323
2025-04-17 17:55:05,481 - INFO - [els-1.txt] mode=mean_ratio, all=None, threshold=1.9, P=0.2696, R=0.4328, F1=0.3323
2025-04-17 17:55:05,481 - INFO - [els-1.txt] mode=mean_ratio, all=None, threshold=2.0, P=0.2696, R=0.4328, F1=0.3323
2025-04-17 17:55:05,481 - INFO - [els-1.txt] mode=mean_ratio, all=None, threshold=2.1, P=0.2696, R=0.4328, F1=0.3323
2025-04-17 17:55:05,481 - INFO - [els-1.txt] mode=mean_ratio, all=None, threshold=2.2, P=0.2696, R=0.4328, F1=0.3323
2025-04-17 17:55:05,593 - INFO - [els-1.txt] mode=mean_ratio, all=None, threshold=2.3, P=0.2696, R=0.4328, F1=0.3323
2025-04-17 17:55:05,607 - INFO - [els-1.txt] mode=mean_ratio, all=None, threshold=2.4, P=0.2696, R=0.4328, F1=0.3323
2025-04-17 17:55:05,608 - INFO - [els-1.txt] mode=mean_ratio, all=None, threshold=2.5, P=0.2696, R=0.4328, F1=0.3323
2025-04-17 17:55:05,624 - INFO - [els-1.txt] mode=mean_ratio, all=None, threshold=2.6, P=0.2703, R=0.4328, F1=0.3328
2025-04-17 17:55:05,624 - INFO - [els-1.txt] mode=mean_ratio, all=None, threshold=2.7, P=0.2703, R=0.4328, F1=0.3328
2025-04-17 17:55:05,624 - INFO - [els-1.txt] mode=mean_ratio, all=None, threshold=2.8, P=0.2703, R=0.4328, F1=0.3328
2025-04-17 17:55:05,636 - INFO - [els-1.txt] mode=mean_ratio, all=None, threshold=2.9, P=0.2703, R=0.4328, F1=0.3328
2025-04-17 17:55:05,641 - INFO - [els-1.txt] mode=mean_ratio, all=None, threshold=3.0, P=0.2703, R=0.4328, F1=0.3328
2025-04-17 17:55:05,650 - INFO - [els-1.txt] mode=mean_ratio, all=None, threshold=3.1, P=0.2703, R=0.4328, F1=0.3328
2025-04-17 17:55:05,651 - INFO - [els-1.txt] mode=mean_ratio, all=None, threshold=3.2, P=0.2703, R=0.4328, F1=0.3328
2025-04-17 17:55:05,657 - INFO - [els-1.txt] mode=mean_ratio, all=None, threshold=3.3, P=0.2703, R=0.4328, F1=0.3328
2025-04-17 17:55:05,657 - INFO - [els-1.txt] mode=mean_ratio, all=None, threshold=3.4, P=0.2703, R=0.4328, F1=0.3328
2025-04-17 17:55:05,668 - INFO - [els-1.txt] mode=mean_ratio, all=None, threshold=3.5, P=0.2703, R=0.4328, F1=0.3328
2025-04-17 17:55:05,668 - INFO - [els-1.txt] mode=mean_ratio, all=None, threshold=3.6, P=0.2703, R=0.4328, F1=0.3328
2025-04-17 17:55:05,668 - INFO - [els-1.txt] mode=mean_ratio, all=None, threshold=3.7, P=0.2703, R=0.4328, F1=0.3328
2025-04-17 17:55:05,668 - INFO - [els-1.txt] mode=mean_ratio, all=None, threshold=3.8, P=0.2703, R=0.4328, F1=0.3328
2025-04-17 17:55:05,668 - INFO - [els-1.txt] mode=mean_ratio, all=None, threshold=3.9, P=0.2703, R=0.4328, F1=0.3328
2025-04-17 17:55:05,668 - INFO - [els-1.txt] mode=mean_ratio, all=None, threshold=4.0, P=0.2703, R=0.4328, F1=0.3328
2025-04-17 17:55:05,668 - INFO - [els-1.txt] mode=mean_ratio, all=None, threshold=4.1, P=0.2703, R=0.4328, F1=0.3328
2025-04-17 17:55:05,668 - INFO - [els-1.txt] mode=mean_ratio, all=None, threshold=4.2, P=0.2703, R=0.4328, F1=0.3328
2025-04-17 17:55:05,668 - INFO - [els-1.txt] mode=mean_ratio, all=None, threshold=4.3, P=0.2703, R=0.4328, F1=0.3328
2025-04-17 17:55:05,669 - INFO - [els-1.txt] mode=mean_ratio, all=None, threshold=4.4, P=0.2703, R=0.4328, F1=0.3328
2025-04-17 17:55:05,669 - INFO - [els-1.txt] mode=mean_ratio, all=None, threshold=4.5, P=0.2703, R=0.4328, F1=0.3328
2025-04-17 17:55:05,669 - INFO - [els-1.txt] mode=mean_ratio, all=None, threshold=4.6, P=0.2703, R=0.4328, F1=0.3328
2025-04-17 17:55:05,673 - INFO - [els-1.txt] mode=mean_ratio, all=None, threshold=4.7, P=0.2703, R=0.4328, F1=0.3328
2025-04-17 17:55:05,673 - INFO - [els-1.txt] mode=mean_ratio, all=None, threshold=4.8, P=0.2703, R=0.4328, F1=0.3328
2025-04-17 17:55:05,907 - INFO - [els-1.txt] mode=mean_ratio, all=None, threshold=4.9, P=0.2703, R=0.4328, F1=0.3328
2025-04-17 17:55:05,908 - INFO - [els-1.txt] mode=mean_ratio, all=None, threshold=5.0, P=0.2703, R=0.4328, F1=0.3328
2025-04-17 17:55:05,920 - INFO - [els-1.txt] mode=mean_ratio, all=None, threshold=5.1, P=0.2703, R=0.4328, F1=0.3328
2025-04-17 17:55:05,930 - INFO - [els-1.txt] mode=mean_ratio, all=None, threshold=5.2, P=0.2703, R=0.4328, F1=0.3328
2025-04-17 17:55:05,953 - INFO - [els-1.txt] mode=mean_ratio, all=None, threshold=5.3, P=0.2703, R=0.4328, F1=0.3328
2025-04-17 17:55:05,954 - INFO - [els-1.txt] mode=mean_ratio, all=None, threshold=5.4, P=0.2703, R=0.4328, F1=0.3328
2025-04-17 17:55:05,965 - INFO - [els-1.txt] mode=mean_ratio, all=None, threshold=5.5, P=0.2703, R=0.4328, F1=0.3328
2025-04-17 17:55:05,966 - INFO - [els-1.txt] mode=mean_ratio, all=None, threshold=5.6, P=0.2703, R=0.4328, F1=0.3328
2025-04-17 17:55:05,981 - INFO - [els-1.txt] mode=mean_ratio, all=None, threshold=5.7, P=0.2703, R=0.4328, F1=0.3328
2025-04-17 17:55:05,982 - INFO - [els-1.txt] mode=mean_ratio, all=None, threshold=5.8, P=0.2703, R=0.4328, F1=0.3328
2025-04-17 17:55:06,096 - INFO - [els-1.txt] mode=mean_ratio, all=None, threshold=5.9, P=0.2703, R=0.4328, F1=0.3328
2025-04-17 17:55:06,096 - INFO - [els-1.txt] mode=mean_ratio, all=None, threshold=6.0, P=0.2703, R=0.4328, F1=0.3328
2025-04-17 17:55:06,096 - INFO - [els-1.txt] mode=mean_ratio, all=None, threshold=6.1, P=0.2703, R=0.4328, F1=0.3328
2025-04-17 17:55:06,097 - INFO - [els-1.txt] mode=mean_ratio, all=None, threshold=6.2, P=0.2703, R=0.4328, F1=0.3328
2025-04-17 17:55:06,097 - INFO - [els-1.txt] mode=mean_ratio, all=None, threshold=6.3, P=0.2703, R=0.4328, F1=0.3328
2025-04-17 17:55:06,097 - INFO - [els-1.txt] mode=mean_ratio, all=None, threshold=6.4, P=0.2703, R=0.4328, F1=0.3328
2025-04-17 17:55:06,097 - INFO - [els-1.txt] mode=mean_ratio, all=None, threshold=6.5, P=0.2703, R=0.4328, F1=0.3328
2025-04-17 17:55:06,097 - INFO - [els-1.txt] mode=mean_ratio, all=None, threshold=6.6, P=0.2703, R=0.4328, F1=0.3328
2025-04-17 17:55:06,097 - INFO - [els-1.txt] mode=mean_ratio, all=None, threshold=6.7, P=0.2703, R=0.4328, F1=0.3328
2025-04-17 17:55:06,097 - INFO - [els-1.txt] mode=mean_ratio, all=None, threshold=6.8, P=0.2703, R=0.4328, F1=0.3328
2025-04-17 17:55:06,124 - INFO - [els-1.txt] mode=mean_ratio, all=None, threshold=6.9, P=0.2703, R=0.4328, F1=0.3328
2025-04-17 17:55:06,124 - INFO - [els-1.txt] mode=mean_ratio, all=None, threshold=7.0, P=0.2703, R=0.4328, F1=0.3328
2025-04-17 17:55:06,176 - INFO - 
==================================================
2025-04-17 17:55:06,176 - INFO - 开始汇总结果...
2025-04-17 17:55:06,181 - INFO - 
===== Best Results per Dataset =====
  dataset score_mode neighbor_param  score_threshold neighbor_selection  precision   recall  f1_score
els-1.txt mean_ratio           None              0.0                all    0.27013 0.436975  0.333868
2025-04-17 17:55:06,181 - INFO - 
===== Overall Metrics =====
Precision: 0.2703  Recall: 0.4367  F1: 0.3339
2025-04-17 17:55:06,181 - INFO - 
【原始汇总指标】
2025-04-17 17:55:06,181 - INFO - 精确率(Precision): 0.2703
2025-04-17 17:55:06,181 - INFO - 召回率(Recall):    0.4367
2025-04-17 17:55:06,181 - INFO - F1值:             0.3339
2025-04-17 17:55:06,181 - INFO - 
==================================================
2025-04-17 17:55:06,181 - INFO - 开始生成可视化结果...
2025-04-17 17:55:06,182 - INFO - 
==================================================
2025-04-17 17:55:06,182 - INFO - 开始数据集可视化: els-1
2025-04-17 17:55:06,182 - INFO - 使用参数: 评分模式=mean_ratio, all=None, 阈值=0.0
2025-04-17 17:55:06,182 - INFO - ==================================================

2025-04-17 17:55:06,182 - INFO - 正在加载数据集 els-1 的数据
2025-04-17 17:55:06,185 - INFO - 数据加载成功。训练集形状: (993, 16), 测试集形状: (8928, 16)
2025-04-17 17:55:06,185 - INFO - 正在计算边缘统计量...
2025-04-17 17:55:06,443 - INFO - 已计算 105 条边的统计量
2025-04-17 17:55:06,443 - INFO - 为每个节点使用所有邻居
2025-04-17 17:55:06,443 - INFO - 可视化结果将保存到: ./visual/els/neighbor_all/mean_ratio/els-1
2025-04-17 17:55:06,463 - INFO - 在数据集中发现 77 个异常时间段
2025-04-17 17:55:06,463 - INFO - 
正在处理时间段 1/77: 433-437
2025-04-17 17:55:06,463 - INFO - 该时间段的真实异常节点: {12}
2025-04-17 17:55:06,463 - INFO - 正在计算异常分数...
2025-04-17 17:55:06,464 - INFO - 检测到的异常节点: {1, 2, 3, 4, 5, 6, 7, 8, 9, 10, 12, 13, 14, 15}
2025-04-17 17:55:06,464 - INFO - 正在为时间段 433-437 生成可视化
2025-04-17 17:55:06,464 - INFO - 正在为时间段 433-437 生成异常图可视化
2025-04-17 17:55:06,465 - DEBUG - 边统计: 正常边 174 条, 异常边 36 条
2025-04-17 17:55:06,806 - DEBUG - 正在保存可视化结果到 ./visual/els/neighbor_all/mean_ratio/els-1/seg_0_433_437.png
2025-04-17 17:55:07,150 - INFO - 成功保存时间段 433-437 的可视化结果
2025-04-17 17:55:07,150 - INFO - 
正在处理时间段 2/77: 738-738
2025-04-17 17:55:07,150 - INFO - 该时间段的真实异常节点: {6, 7, 8, 9, 10, 11, 12}
2025-04-17 17:55:07,150 - INFO - 正在计算异常分数...
2025-04-17 17:55:07,150 - INFO - 检测到的异常节点: set()
2025-04-17 17:55:07,150 - INFO - 正在为时间段 738-738 生成可视化
2025-04-17 17:55:07,150 - INFO - 正在为时间段 738-738 生成异常图可视化
2025-04-17 17:55:07,150 - INFO - 单个点位异常段 738-738，扩展为 734-738 (window_size=5)
2025-04-17 17:55:07,151 - DEBUG - 边统计: 正常边 130 条, 异常边 80 条
2025-04-17 17:55:07,199 - DEBUG - 正在保存可视化结果到 ./visual/els/neighbor_all/mean_ratio/els-1/seg_1_738_738.png
2025-04-17 17:55:07,534 - INFO - 成功保存时间段 738-738 的可视化结果
2025-04-17 17:55:07,534 - INFO - 
正在处理时间段 3/77: 762-762
2025-04-17 17:55:07,534 - INFO - 该时间段的真实异常节点: {12}
2025-04-17 17:55:07,534 - INFO - 正在计算异常分数...
2025-04-17 17:55:07,534 - INFO - 检测到的异常节点: set()
2025-04-17 17:55:07,534 - INFO - 正在为时间段 762-762 生成可视化
2025-04-17 17:55:07,534 - INFO - 正在为时间段 762-762 生成异常图可视化
2025-04-17 17:55:07,535 - INFO - 单个点位异常段 762-762，扩展为 758-762 (window_size=5)
2025-04-17 17:55:07,536 - DEBUG - 边统计: 正常边 170 条, 异常边 12 条
2025-04-17 17:55:07,588 - DEBUG - 正在保存可视化结果到 ./visual/els/neighbor_all/mean_ratio/els-1/seg_2_762_762.png
2025-04-17 17:55:07,868 - INFO - 成功保存时间段 762-762 的可视化结果
2025-04-17 17:55:07,868 - INFO - 
正在处理时间段 4/77: 1065-1070
2025-04-17 17:55:07,868 - INFO - 该时间段的真实异常节点: {6, 7, 8, 9, 11}
2025-04-17 17:55:07,868 - INFO - 正在计算异常分数...
2025-04-17 17:55:07,870 - INFO - 检测到的异常节点: {1, 3, 4, 6, 7, 8, 9, 10, 12, 13, 14, 15}
2025-04-17 17:55:07,870 - INFO - 正在为时间段 1065-1070 生成可视化
2025-04-17 17:55:07,870 - INFO - 正在为时间段 1065-1070 生成异常图可视化
2025-04-17 17:55:07,871 - DEBUG - 边统计: 正常边 200 条, 异常边 10 条
2025-04-17 17:55:07,919 - DEBUG - 正在保存可视化结果到 ./visual/els/neighbor_all/mean_ratio/els-1/seg_3_1065_1070.png
2025-04-17 17:55:08,241 - INFO - 成功保存时间段 1065-1070 的可视化结果
2025-04-17 17:55:08,241 - INFO - 
正在处理时间段 5/77: 1348-1351
2025-04-17 17:55:08,241 - INFO - 该时间段的真实异常节点: {8, 9, 6, 7}
2025-04-17 17:55:08,241 - INFO - 正在计算异常分数...
2025-04-17 17:55:08,241 - INFO - 检测到的异常节点: set()
2025-04-17 17:55:08,241 - INFO - 正在为时间段 1348-1351 生成可视化
2025-04-17 17:55:08,241 - INFO - 正在为时间段 1348-1351 生成异常图可视化
2025-04-17 17:55:08,242 - DEBUG - 边统计: 正常边 172 条, 异常边 38 条
2025-04-17 17:55:08,293 - DEBUG - 正在保存可视化结果到 ./visual/els/neighbor_all/mean_ratio/els-1/seg_4_1348_1351.png
2025-04-17 17:55:08,630 - INFO - 成功保存时间段 1348-1351 的可视化结果
2025-04-17 17:55:08,631 - INFO - 
正在处理时间段 6/77: 1366-1368
2025-04-17 17:55:08,631 - INFO - 该时间段的真实异常节点: {8, 9, 6, 7}
2025-04-17 17:55:08,631 - INFO - 正在计算异常分数...
2025-04-17 17:55:08,631 - INFO - 检测到的异常节点: set()
2025-04-17 17:55:08,631 - INFO - 正在为时间段 1366-1368 生成可视化
2025-04-17 17:55:08,631 - INFO - 正在为时间段 1366-1368 生成异常图可视化
2025-04-17 17:55:08,632 - DEBUG - 边统计: 正常边 112 条, 异常边 70 条
2025-04-17 17:55:08,681 - DEBUG - 正在保存可视化结果到 ./visual/els/neighbor_all/mean_ratio/els-1/seg_5_1366_1368.png
2025-04-17 17:55:08,964 - INFO - 成功保存时间段 1366-1368 的可视化结果
2025-04-17 17:55:08,964 - INFO - 
正在处理时间段 7/77: 1591-1602
2025-04-17 17:55:08,964 - INFO - 该时间段的真实异常节点: {12}
2025-04-17 17:55:08,964 - INFO - 正在计算异常分数...
2025-04-17 17:55:08,969 - INFO - 检测到的异常节点: {1, 2, 3, 4, 5, 6, 7, 8, 9, 10, 11, 12, 13, 14}
2025-04-17 17:55:08,969 - INFO - 正在为时间段 1591-1602 生成可视化
2025-04-17 17:55:08,969 - INFO - 正在为时间段 1591-1602 生成异常图可视化
2025-04-17 17:55:08,970 - DEBUG - 边统计: 正常边 178 条, 异常边 4 条
2025-04-17 17:55:09,018 - DEBUG - 正在保存可视化结果到 ./visual/els/neighbor_all/mean_ratio/els-1/seg_6_1591_1602.png
2025-04-17 17:55:09,307 - INFO - 成功保存时间段 1591-1602 的可视化结果
2025-04-17 17:55:09,307 - INFO - 
正在处理时间段 8/77: 1634-1638
2025-04-17 17:55:09,308 - INFO - 该时间段的真实异常节点: {8, 9, 6, 7}
2025-04-17 17:55:09,308 - INFO - 正在计算异常分数...
2025-04-17 17:55:09,308 - INFO - 检测到的异常节点: {7, 8, 9, 10, 11, 12, 13}
2025-04-17 17:55:09,308 - INFO - 正在为时间段 1634-1638 生成可视化
2025-04-17 17:55:09,308 - INFO - 正在为时间段 1634-1638 生成异常图可视化
2025-04-17 17:55:09,309 - DEBUG - 边统计: 正常边 192 条, 异常边 18 条
2025-04-17 17:55:09,357 - DEBUG - 正在保存可视化结果到 ./visual/els/neighbor_all/mean_ratio/els-1/seg_7_1634_1638.png
2025-04-17 17:55:09,675 - INFO - 成功保存时间段 1634-1638 的可视化结果
2025-04-17 17:55:09,675 - INFO - 
正在处理时间段 9/77: 1864-1868
2025-04-17 17:55:09,675 - INFO - 该时间段的真实异常节点: {6, 7, 8, 9, 10, 11}
2025-04-17 17:55:09,675 - INFO - 正在计算异常分数...
2025-04-17 17:55:09,676 - INFO - 检测到的异常节点: {1, 2, 3, 4, 5, 6, 7, 8, 9, 10, 12, 14, 15}
2025-04-17 17:55:09,676 - INFO - 正在为时间段 1864-1868 生成可视化
2025-04-17 17:55:09,677 - INFO - 正在为时间段 1864-1868 生成异常图可视化
2025-04-17 17:55:09,677 - DEBUG - 边统计: 正常边 150 条, 异常边 60 条
2025-04-17 17:55:09,725 - DEBUG - 正在保存可视化结果到 ./visual/els/neighbor_all/mean_ratio/els-1/seg_8_1864_1868.png
2025-04-17 17:55:10,048 - INFO - 成功保存时间段 1864-1868 的可视化结果
2025-04-17 17:55:10,048 - INFO - 
正在处理时间段 10/77: 1882-1882
2025-04-17 17:55:10,048 - INFO - 该时间段的真实异常节点: {12}
2025-04-17 17:55:10,048 - INFO - 正在计算异常分数...
2025-04-17 17:55:10,048 - INFO - 检测到的异常节点: set()
2025-04-17 17:55:10,048 - INFO - 正在为时间段 1882-1882 生成可视化
2025-04-17 17:55:10,048 - INFO - 正在为时间段 1882-1882 生成异常图可视化
2025-04-17 17:55:10,048 - INFO - 单个点位异常段 1882-1882，扩展为 1878-1882 (window_size=5)
2025-04-17 17:55:10,049 - DEBUG - 边统计: 正常边 140 条, 异常边 42 条
2025-04-17 17:55:10,097 - DEBUG - 正在保存可视化结果到 ./visual/els/neighbor_all/mean_ratio/els-1/seg_9_1882_1882.png
2025-04-17 17:55:10,383 - INFO - 成功保存时间段 1882-1882 的可视化结果
2025-04-17 17:55:10,383 - INFO - 
正在处理时间段 11/77: 2415-2418
2025-04-17 17:55:10,384 - INFO - 该时间段的真实异常节点: {6, 7, 8, 9, 11, 12}
2025-04-17 17:55:10,384 - INFO - 正在计算异常分数...
2025-04-17 17:55:10,384 - INFO - 检测到的异常节点: set()
2025-04-17 17:55:10,384 - INFO - 正在为时间段 2415-2418 生成可视化
2025-04-17 17:55:10,384 - INFO - 正在为时间段 2415-2418 生成异常图可视化
2025-04-17 17:55:10,385 - DEBUG - 边统计: 正常边 152 条, 异常边 58 条
2025-04-17 17:55:10,433 - DEBUG - 正在保存可视化结果到 ./visual/els/neighbor_all/mean_ratio/els-1/seg_10_2415_2418.png
2025-04-17 17:55:10,756 - INFO - 成功保存时间段 2415-2418 的可视化结果
2025-04-17 17:55:10,756 - INFO - 
正在处理时间段 12/77: 2461-2461
2025-04-17 17:55:10,756 - INFO - 该时间段的真实异常节点: {12}
2025-04-17 17:55:10,756 - INFO - 正在计算异常分数...
2025-04-17 17:55:10,756 - INFO - 检测到的异常节点: set()
2025-04-17 17:55:10,756 - INFO - 正在为时间段 2461-2461 生成可视化
2025-04-17 17:55:10,756 - INFO - 正在为时间段 2461-2461 生成异常图可视化
2025-04-17 17:55:10,756 - INFO - 单个点位异常段 2461-2461，扩展为 2457-2461 (window_size=5)
2025-04-17 17:55:10,757 - DEBUG - 边统计: 正常边 194 条, 异常边 16 条
2025-04-17 17:55:10,804 - DEBUG - 正在保存可视化结果到 ./visual/els/neighbor_all/mean_ratio/els-1/seg_11_2461_2461.png
2025-04-17 17:55:11,135 - INFO - 成功保存时间段 2461-2461 的可视化结果
2025-04-17 17:55:11,135 - INFO - 
正在处理时间段 13/77: 2506-2506
2025-04-17 17:55:11,135 - INFO - 该时间段的真实异常节点: {6, 7, 8, 9, 10, 11}
2025-04-17 17:55:11,135 - INFO - 正在计算异常分数...
2025-04-17 17:55:11,135 - INFO - 检测到的异常节点: set()
2025-04-17 17:55:11,135 - INFO - 正在为时间段 2506-2506 生成可视化
2025-04-17 17:55:11,135 - INFO - 正在为时间段 2506-2506 生成异常图可视化
2025-04-17 17:55:11,135 - INFO - 单个点位异常段 2506-2506，扩展为 2502-2506 (window_size=5)
2025-04-17 17:55:11,136 - DEBUG - 边统计: 正常边 202 条, 异常边 8 条
2025-04-17 17:55:11,186 - DEBUG - 正在保存可视化结果到 ./visual/els/neighbor_all/mean_ratio/els-1/seg_12_2506_2506.png
2025-04-17 17:55:11,526 - INFO - 成功保存时间段 2506-2506 的可视化结果
2025-04-17 17:55:11,526 - INFO - 
正在处理时间段 14/77: 2515-2515
2025-04-17 17:55:11,526 - INFO - 该时间段的真实异常节点: {6, 7, 8, 9, 10, 11}
2025-04-17 17:55:11,526 - INFO - 正在计算异常分数...
2025-04-17 17:55:11,526 - INFO - 检测到的异常节点: set()
2025-04-17 17:55:11,526 - INFO - 正在为时间段 2515-2515 生成可视化
2025-04-17 17:55:11,526 - INFO - 正在为时间段 2515-2515 生成异常图可视化
2025-04-17 17:55:11,526 - INFO - 单个点位异常段 2515-2515，扩展为 2511-2515 (window_size=5)
2025-04-17 17:55:11,527 - DEBUG - 边统计: 正常边 166 条, 异常边 44 条
2025-04-17 17:55:11,666 - DEBUG - 正在保存可视化结果到 ./visual/els/neighbor_all/mean_ratio/els-1/seg_13_2515_2515.png
2025-04-17 17:55:12,001 - INFO - 成功保存时间段 2515-2515 的可视化结果
2025-04-17 17:55:12,001 - INFO - 
正在处理时间段 15/77: 2520-2520
2025-04-17 17:55:12,002 - INFO - 该时间段的真实异常节点: {6, 7, 8, 9, 10, 11}
2025-04-17 17:55:12,002 - INFO - 正在计算异常分数...
2025-04-17 17:55:12,002 - INFO - 检测到的异常节点: set()
2025-04-17 17:55:12,002 - INFO - 正在为时间段 2520-2520 生成可视化
2025-04-17 17:55:12,002 - INFO - 正在为时间段 2520-2520 生成异常图可视化
2025-04-17 17:55:12,002 - INFO - 单个点位异常段 2520-2520，扩展为 2516-2520 (window_size=5)
2025-04-17 17:55:12,003 - DEBUG - 边统计: 正常边 178 条, 异常边 32 条
2025-04-17 17:55:12,053 - DEBUG - 正在保存可视化结果到 ./visual/els/neighbor_all/mean_ratio/els-1/seg_14_2520_2520.png
2025-04-17 17:55:12,391 - INFO - 成功保存时间段 2520-2520 的可视化结果
2025-04-17 17:55:12,392 - INFO - 
正在处理时间段 16/77: 2796-2808
2025-04-17 17:55:12,392 - INFO - 该时间段的真实异常节点: {6, 7, 8, 9, 10, 11}
2025-04-17 17:55:12,392 - INFO - 正在计算异常分数...
2025-04-17 17:55:12,398 - INFO - 检测到的异常节点: {1, 2, 3, 4, 5, 6, 7, 8, 9, 10, 11, 12, 13, 14, 15}
2025-04-17 17:55:12,398 - INFO - 正在为时间段 2796-2808 生成可视化
2025-04-17 17:55:12,398 - INFO - 正在为时间段 2796-2808 生成异常图可视化
2025-04-17 17:55:12,399 - DEBUG - 边统计: 正常边 198 条, 异常边 12 条
2025-04-17 17:55:12,448 - DEBUG - 正在保存可视化结果到 ./visual/els/neighbor_all/mean_ratio/els-1/seg_15_2796_2808.png
2025-04-17 17:55:12,781 - INFO - 成功保存时间段 2796-2808 的可视化结果
2025-04-17 17:55:12,781 - INFO - 
正在处理时间段 17/77: 3276-3277
2025-04-17 17:55:12,781 - INFO - 该时间段的真实异常节点: {12}
2025-04-17 17:55:12,781 - INFO - 正在计算异常分数...
2025-04-17 17:55:12,781 - INFO - 检测到的异常节点: set()
2025-04-17 17:55:12,781 - INFO - 正在为时间段 3276-3277 生成可视化
2025-04-17 17:55:12,781 - INFO - 正在为时间段 3276-3277 生成异常图可视化
2025-04-17 17:55:12,782 - DEBUG - 边统计: 正常边 0 条, 异常边 182 条
2025-04-17 17:55:12,832 - DEBUG - 正在保存可视化结果到 ./visual/els/neighbor_all/mean_ratio/els-1/seg_16_3276_3277.png
2025-04-17 17:55:13,127 - INFO - 成功保存时间段 3276-3277 的可视化结果
2025-04-17 17:55:13,127 - INFO - 
正在处理时间段 18/77: 3321-3322
2025-04-17 17:55:13,127 - INFO - 该时间段的真实异常节点: {12}
2025-04-17 17:55:13,127 - INFO - 正在计算异常分数...
2025-04-17 17:55:13,127 - INFO - 检测到的异常节点: set()
2025-04-17 17:55:13,127 - INFO - 正在为时间段 3321-3322 生成可视化
2025-04-17 17:55:13,127 - INFO - 正在为时间段 3321-3322 生成异常图可视化
2025-04-17 17:55:13,128 - DEBUG - 边统计: 正常边 0 条, 异常边 182 条
2025-04-17 17:55:13,179 - DEBUG - 正在保存可视化结果到 ./visual/els/neighbor_all/mean_ratio/els-1/seg_17_3321_3322.png
2025-04-17 17:55:13,475 - INFO - 成功保存时间段 3321-3322 的可视化结果
2025-04-17 17:55:13,475 - INFO - 
正在处理时间段 19/77: 3339-3345
2025-04-17 17:55:13,475 - INFO - 该时间段的真实异常节点: {6, 7, 8, 9, 11, 12}
2025-04-17 17:55:13,475 - INFO - 正在计算异常分数...
2025-04-17 17:55:13,477 - INFO - 检测到的异常节点: {1, 2, 4, 5, 7, 8, 9, 10, 11, 12, 13, 15}
2025-04-17 17:55:13,477 - INFO - 正在为时间段 3339-3345 生成可视化
2025-04-17 17:55:13,477 - INFO - 正在为时间段 3339-3345 生成异常图可视化
2025-04-17 17:55:13,478 - DEBUG - 边统计: 正常边 202 条, 异常边 8 条
2025-04-17 17:55:13,527 - DEBUG - 正在保存可视化结果到 ./visual/els/neighbor_all/mean_ratio/els-1/seg_18_3339_3345.png
2025-04-17 17:55:13,860 - INFO - 成功保存时间段 3339-3345 的可视化结果
2025-04-17 17:55:13,860 - INFO - 
正在处理时间段 20/77: 3360-3362
2025-04-17 17:55:13,860 - INFO - 该时间段的真实异常节点: {6, 7, 8, 9, 11}
2025-04-17 17:55:13,860 - INFO - 正在计算异常分数...
2025-04-17 17:55:13,860 - INFO - 检测到的异常节点: set()
2025-04-17 17:55:13,860 - INFO - 正在为时间段 3360-3362 生成可视化
2025-04-17 17:55:13,860 - INFO - 正在为时间段 3360-3362 生成异常图可视化
2025-04-17 17:55:13,861 - DEBUG - 边统计: 正常边 60 条, 异常边 122 条
2025-04-17 17:55:13,911 - DEBUG - 正在保存可视化结果到 ./visual/els/neighbor_all/mean_ratio/els-1/seg_19_3360_3362.png
2025-04-17 17:55:14,207 - INFO - 成功保存时间段 3360-3362 的可视化结果
2025-04-17 17:55:14,207 - INFO - 
正在处理时间段 21/77: 3378-3378
2025-04-17 17:55:14,207 - INFO - 该时间段的真实异常节点: {6, 7, 8, 9, 11}
2025-04-17 17:55:14,207 - INFO - 正在计算异常分数...
2025-04-17 17:55:14,207 - INFO - 检测到的异常节点: set()
2025-04-17 17:55:14,207 - INFO - 正在为时间段 3378-3378 生成可视化
2025-04-17 17:55:14,207 - INFO - 正在为时间段 3378-3378 生成异常图可视化
2025-04-17 17:55:14,207 - INFO - 单个点位异常段 3378-3378，扩展为 3374-3378 (window_size=5)
2025-04-17 17:55:14,208 - DEBUG - 边统计: 正常边 174 条, 异常边 36 条
2025-04-17 17:55:14,257 - DEBUG - 正在保存可视化结果到 ./visual/els/neighbor_all/mean_ratio/els-1/seg_20_3378_3378.png
2025-04-17 17:55:14,590 - INFO - 成功保存时间段 3378-3378 的可视化结果
2025-04-17 17:55:14,590 - INFO - 
正在处理时间段 22/77: 3564-3564
2025-04-17 17:55:14,591 - INFO - 该时间段的真实异常节点: {12}
2025-04-17 17:55:14,591 - INFO - 正在计算异常分数...
2025-04-17 17:55:14,591 - INFO - 检测到的异常节点: set()
2025-04-17 17:55:14,591 - INFO - 正在为时间段 3564-3564 生成可视化
2025-04-17 17:55:14,591 - INFO - 正在为时间段 3564-3564 生成异常图可视化
2025-04-17 17:55:14,591 - INFO - 单个点位异常段 3564-3564，扩展为 3560-3564 (window_size=5)
2025-04-17 17:55:14,592 - DEBUG - 边统计: 正常边 170 条, 异常边 12 条
2025-04-17 17:55:14,641 - DEBUG - 正在保存可视化结果到 ./visual/els/neighbor_all/mean_ratio/els-1/seg_21_3564_3564.png
2025-04-17 17:55:14,934 - INFO - 成功保存时间段 3564-3564 的可视化结果
2025-04-17 17:55:14,934 - INFO - 
正在处理时间段 23/77: 3583-3584
2025-04-17 17:55:14,934 - INFO - 该时间段的真实异常节点: {12}
2025-04-17 17:55:14,934 - INFO - 正在计算异常分数...
2025-04-17 17:55:14,934 - INFO - 检测到的异常节点: set()
2025-04-17 17:55:14,934 - INFO - 正在为时间段 3583-3584 生成可视化
2025-04-17 17:55:14,934 - INFO - 正在为时间段 3583-3584 生成异常图可视化
2025-04-17 17:55:14,935 - DEBUG - 边统计: 正常边 0 条, 异常边 182 条
2025-04-17 17:55:14,986 - DEBUG - 正在保存可视化结果到 ./visual/els/neighbor_all/mean_ratio/els-1/seg_22_3583_3584.png
2025-04-17 17:55:15,268 - INFO - 成功保存时间段 3583-3584 的可视化结果
2025-04-17 17:55:15,268 - INFO - 
正在处理时间段 24/77: 3592-3592
2025-04-17 17:55:15,268 - INFO - 该时间段的真实异常节点: {12}
2025-04-17 17:55:15,268 - INFO - 正在计算异常分数...
2025-04-17 17:55:15,268 - INFO - 检测到的异常节点: set()
2025-04-17 17:55:15,268 - INFO - 正在为时间段 3592-3592 生成可视化
2025-04-17 17:55:15,268 - INFO - 正在为时间段 3592-3592 生成异常图可视化
2025-04-17 17:55:15,268 - INFO - 单个点位异常段 3592-3592，扩展为 3588-3592 (window_size=5)
2025-04-17 17:55:15,269 - DEBUG - 边统计: 正常边 144 条, 异常边 38 条
2025-04-17 17:55:15,317 - DEBUG - 正在保存可视化结果到 ./visual/els/neighbor_all/mean_ratio/els-1/seg_23_3592_3592.png
2025-04-17 17:55:15,598 - INFO - 成功保存时间段 3592-3592 的可视化结果
2025-04-17 17:55:15,598 - INFO - 
正在处理时间段 25/77: 3611-3611
2025-04-17 17:55:15,599 - INFO - 该时间段的真实异常节点: {12}
2025-04-17 17:55:15,599 - INFO - 正在计算异常分数...
2025-04-17 17:55:15,599 - INFO - 检测到的异常节点: set()
2025-04-17 17:55:15,599 - INFO - 正在为时间段 3611-3611 生成可视化
2025-04-17 17:55:15,599 - INFO - 正在为时间段 3611-3611 生成异常图可视化
2025-04-17 17:55:15,599 - INFO - 单个点位异常段 3611-3611，扩展为 3607-3611 (window_size=5)
2025-04-17 17:55:15,600 - DEBUG - 边统计: 正常边 194 条, 异常边 16 条
2025-04-17 17:55:15,647 - DEBUG - 正在保存可视化结果到 ./visual/els/neighbor_all/mean_ratio/els-1/seg_24_3611_3611.png
2025-04-17 17:55:15,971 - INFO - 成功保存时间段 3611-3611 的可视化结果
2025-04-17 17:55:15,972 - INFO - 
正在处理时间段 26/77: 3646-3646
2025-04-17 17:55:15,972 - INFO - 该时间段的真实异常节点: {12}
2025-04-17 17:55:15,972 - INFO - 正在计算异常分数...
2025-04-17 17:55:15,972 - INFO - 检测到的异常节点: set()
2025-04-17 17:55:15,972 - INFO - 正在为时间段 3646-3646 生成可视化
2025-04-17 17:55:15,972 - INFO - 正在为时间段 3646-3646 生成异常图可视化
2025-04-17 17:55:15,972 - INFO - 单个点位异常段 3646-3646，扩展为 3642-3646 (window_size=5)
2025-04-17 17:55:15,973 - DEBUG - 边统计: 正常边 130 条, 异常边 52 条
2025-04-17 17:55:16,103 - DEBUG - 正在保存可视化结果到 ./visual/els/neighbor_all/mean_ratio/els-1/seg_25_3646_3646.png
2025-04-17 17:55:16,393 - INFO - 成功保存时间段 3646-3646 的可视化结果
2025-04-17 17:55:16,393 - INFO - 
正在处理时间段 27/77: 3653-3657
2025-04-17 17:55:16,393 - INFO - 该时间段的真实异常节点: {6, 7, 8, 9, 11}
2025-04-17 17:55:16,393 - INFO - 正在计算异常分数...
2025-04-17 17:55:16,394 - INFO - 检测到的异常节点: {3, 5, 7, 8, 9, 10, 11, 12, 13, 15}
2025-04-17 17:55:16,394 - INFO - 正在为时间段 3653-3657 生成可视化
2025-04-17 17:55:16,394 - INFO - 正在为时间段 3653-3657 生成异常图可视化
2025-04-17 17:55:16,395 - DEBUG - 边统计: 正常边 160 条, 异常边 50 条
2025-04-17 17:55:16,443 - DEBUG - 正在保存可视化结果到 ./visual/els/neighbor_all/mean_ratio/els-1/seg_26_3653_3657.png
2025-04-17 17:55:16,765 - INFO - 成功保存时间段 3653-3657 的可视化结果
2025-04-17 17:55:16,765 - INFO - 
正在处理时间段 28/77: 3896-3898
2025-04-17 17:55:16,765 - INFO - 该时间段的真实异常节点: {12}
2025-04-17 17:55:16,765 - INFO - 正在计算异常分数...
2025-04-17 17:55:16,766 - INFO - 检测到的异常节点: set()
2025-04-17 17:55:16,766 - INFO - 正在为时间段 3896-3898 生成可视化
2025-04-17 17:55:16,766 - INFO - 正在为时间段 3896-3898 生成异常图可视化
2025-04-17 17:55:16,767 - DEBUG - 边统计: 正常边 96 条, 异常边 86 条
2025-04-17 17:55:16,814 - DEBUG - 正在保存可视化结果到 ./visual/els/neighbor_all/mean_ratio/els-1/seg_27_3896_3898.png
2025-04-17 17:55:17,103 - INFO - 成功保存时间段 3896-3898 的可视化结果
2025-04-17 17:55:17,103 - INFO - 
正在处理时间段 29/77: 4224-4239
2025-04-17 17:55:17,103 - INFO - 该时间段的真实异常节点: {6, 7, 8, 9, 10, 11}
2025-04-17 17:55:17,103 - INFO - 正在计算异常分数...
2025-04-17 17:55:17,110 - INFO - 检测到的异常节点: {1, 2, 3, 4, 5, 6, 7, 8, 9, 10, 11, 12, 13, 14, 15}
2025-04-17 17:55:17,110 - INFO - 正在为时间段 4224-4239 生成可视化
2025-04-17 17:55:17,110 - INFO - 正在为时间段 4224-4239 生成异常图可视化
2025-04-17 17:55:17,111 - DEBUG - 边统计: 正常边 210 条, 异常边 0 条
2025-04-17 17:55:17,159 - DEBUG - 正在保存可视化结果到 ./visual/els/neighbor_all/mean_ratio/els-1/seg_28_4224_4239.png
2025-04-17 17:55:17,480 - INFO - 成功保存时间段 4224-4239 的可视化结果
2025-04-17 17:55:17,480 - INFO - 
正在处理时间段 30/77: 4451-4454
2025-04-17 17:55:17,480 - INFO - 该时间段的真实异常节点: {12}
2025-04-17 17:55:17,480 - INFO - 正在计算异常分数...
2025-04-17 17:55:17,480 - INFO - 检测到的异常节点: set()
2025-04-17 17:55:17,480 - INFO - 正在为时间段 4451-4454 生成可视化
2025-04-17 17:55:17,480 - INFO - 正在为时间段 4451-4454 生成异常图可视化
2025-04-17 17:55:17,481 - DEBUG - 边统计: 正常边 164 条, 异常边 18 条
2025-04-17 17:55:17,531 - DEBUG - 正在保存可视化结果到 ./visual/els/neighbor_all/mean_ratio/els-1/seg_29_4451_4454.png
2025-04-17 17:55:17,817 - INFO - 成功保存时间段 4451-4454 的可视化结果
2025-04-17 17:55:17,817 - INFO - 
正在处理时间段 31/77: 4474-4474
2025-04-17 17:55:17,817 - INFO - 该时间段的真实异常节点: {12}
2025-04-17 17:55:17,817 - INFO - 正在计算异常分数...
2025-04-17 17:55:17,817 - INFO - 检测到的异常节点: set()
2025-04-17 17:55:17,817 - INFO - 正在为时间段 4474-4474 生成可视化
2025-04-17 17:55:17,817 - INFO - 正在为时间段 4474-4474 生成异常图可视化
2025-04-17 17:55:17,817 - INFO - 单个点位异常段 4474-4474，扩展为 4470-4474 (window_size=5)
2025-04-17 17:55:17,818 - DEBUG - 边统计: 正常边 194 条, 异常边 16 条
2025-04-17 17:55:17,867 - DEBUG - 正在保存可视化结果到 ./visual/els/neighbor_all/mean_ratio/els-1/seg_30_4474_4474.png
2025-04-17 17:55:18,195 - INFO - 成功保存时间段 4474-4474 的可视化结果
2025-04-17 17:55:18,196 - INFO - 
正在处理时间段 32/77: 4533-4537
2025-04-17 17:55:18,196 - INFO - 该时间段的真实异常节点: {6, 7, 8, 9, 11}
2025-04-17 17:55:18,196 - INFO - 正在计算异常分数...
2025-04-17 17:55:18,197 - INFO - 检测到的异常节点: {3, 5, 7, 8, 9, 11, 14, 15}
2025-04-17 17:55:18,197 - INFO - 正在为时间段 4533-4537 生成可视化
2025-04-17 17:55:18,197 - INFO - 正在为时间段 4533-4537 生成异常图可视化
2025-04-17 17:55:18,198 - DEBUG - 边统计: 正常边 194 条, 异常边 16 条
2025-04-17 17:55:18,247 - DEBUG - 正在保存可视化结果到 ./visual/els/neighbor_all/mean_ratio/els-1/seg_31_4533_4537.png
2025-04-17 17:55:18,570 - INFO - 成功保存时间段 4533-4537 的可视化结果
2025-04-17 17:55:18,571 - INFO - 
正在处理时间段 33/77: 4778-4796
2025-04-17 17:55:18,571 - INFO - 该时间段的真实异常节点: {6, 7, 8, 9, 10, 11}
2025-04-17 17:55:18,571 - INFO - 正在计算异常分数...
2025-04-17 17:55:18,580 - INFO - 检测到的异常节点: {1, 2, 3, 4, 5, 6, 7, 8, 9, 10, 11, 12, 13, 14, 15}
2025-04-17 17:55:18,580 - INFO - 正在为时间段 4778-4796 生成可视化
2025-04-17 17:55:18,580 - INFO - 正在为时间段 4778-4796 生成异常图可视化
2025-04-17 17:55:18,581 - DEBUG - 边统计: 正常边 204 条, 异常边 6 条
2025-04-17 17:55:18,629 - DEBUG - 正在保存可视化结果到 ./visual/els/neighbor_all/mean_ratio/els-1/seg_32_4778_4796.png
2025-04-17 17:55:18,951 - INFO - 成功保存时间段 4778-4796 的可视化结果
2025-04-17 17:55:18,951 - INFO - 
正在处理时间段 34/77: 5077-5081
2025-04-17 17:55:18,952 - INFO - 该时间段的真实异常节点: {6, 7, 8, 9, 10, 11}
2025-04-17 17:55:18,952 - INFO - 正在计算异常分数...
2025-04-17 17:55:18,952 - INFO - 检测到的异常节点: {1, 3, 5, 6, 9}
2025-04-17 17:55:18,953 - INFO - 正在为时间段 5077-5081 生成可视化
2025-04-17 17:55:18,953 - INFO - 正在为时间段 5077-5081 生成异常图可视化
2025-04-17 17:55:18,953 - DEBUG - 边统计: 正常边 202 条, 异常边 8 条
2025-04-17 17:55:19,002 - DEBUG - 正在保存可视化结果到 ./visual/els/neighbor_all/mean_ratio/els-1/seg_33_5077_5081.png
2025-04-17 17:55:19,326 - INFO - 成功保存时间段 5077-5081 的可视化结果
2025-04-17 17:55:19,327 - INFO - 
正在处理时间段 35/77: 5287-5289
2025-04-17 17:55:19,327 - INFO - 该时间段的真实异常节点: {6, 7, 8, 9, 11, 12}
2025-04-17 17:55:19,327 - INFO - 正在计算异常分数...
2025-04-17 17:55:19,327 - INFO - 检测到的异常节点: set()
2025-04-17 17:55:19,327 - INFO - 正在为时间段 5287-5289 生成可视化
2025-04-17 17:55:19,327 - INFO - 正在为时间段 5287-5289 生成异常图可视化
2025-04-17 17:55:19,328 - DEBUG - 边统计: 正常边 92 条, 异常边 90 条
2025-04-17 17:55:19,377 - DEBUG - 正在保存可视化结果到 ./visual/els/neighbor_all/mean_ratio/els-1/seg_34_5287_5289.png
2025-04-17 17:55:19,664 - INFO - 成功保存时间段 5287-5289 的可视化结果
2025-04-17 17:55:19,664 - INFO - 
正在处理时间段 36/77: 5291-5291
2025-04-17 17:55:19,664 - INFO - 该时间段的真实异常节点: {9, 11, 12}
2025-04-17 17:55:19,664 - INFO - 正在计算异常分数...
2025-04-17 17:55:19,664 - INFO - 检测到的异常节点: set()
2025-04-17 17:55:19,664 - INFO - 正在为时间段 5291-5291 生成可视化
2025-04-17 17:55:19,665 - INFO - 正在为时间段 5291-5291 生成异常图可视化
2025-04-17 17:55:19,665 - INFO - 单个点位异常段 5291-5291，扩展为 5287-5291 (window_size=5)
2025-04-17 17:55:19,666 - DEBUG - 边统计: 正常边 168 条, 异常边 14 条
2025-04-17 17:55:19,713 - DEBUG - 正在保存可视化结果到 ./visual/els/neighbor_all/mean_ratio/els-1/seg_35_5291_5291.png
2025-04-17 17:55:19,999 - INFO - 成功保存时间段 5291-5291 的可视化结果
2025-04-17 17:55:19,999 - INFO - 
正在处理时间段 37/77: 5337-5337
2025-04-17 17:55:19,999 - INFO - 该时间段的真实异常节点: {12}
2025-04-17 17:55:19,999 - INFO - 正在计算异常分数...
2025-04-17 17:55:19,999 - INFO - 检测到的异常节点: set()
2025-04-17 17:55:19,999 - INFO - 正在为时间段 5337-5337 生成可视化
2025-04-17 17:55:19,999 - INFO - 正在为时间段 5337-5337 生成异常图可视化
2025-04-17 17:55:19,999 - INFO - 单个点位异常段 5337-5337，扩展为 5333-5337 (window_size=5)
2025-04-17 17:55:20,000 - DEBUG - 边统计: 正常边 160 条, 异常边 22 条
2025-04-17 17:55:20,049 - DEBUG - 正在保存可视化结果到 ./visual/els/neighbor_all/mean_ratio/els-1/seg_36_5337_5337.png
2025-04-17 17:55:20,337 - INFO - 成功保存时间段 5337-5337 的可视化结果
2025-04-17 17:55:20,337 - INFO - 
正在处理时间段 38/77: 5576-5576
2025-04-17 17:55:20,338 - INFO - 该时间段的真实异常节点: {12}
2025-04-17 17:55:20,338 - INFO - 正在计算异常分数...
2025-04-17 17:55:20,338 - INFO - 检测到的异常节点: set()
2025-04-17 17:55:20,338 - INFO - 正在为时间段 5576-5576 生成可视化
2025-04-17 17:55:20,338 - INFO - 正在为时间段 5576-5576 生成异常图可视化
2025-04-17 17:55:20,338 - INFO - 单个点位异常段 5576-5576，扩展为 5572-5576 (window_size=5)
2025-04-17 17:55:20,339 - DEBUG - 边统计: 正常边 168 条, 异常边 14 条
2025-04-17 17:55:20,388 - DEBUG - 正在保存可视化结果到 ./visual/els/neighbor_all/mean_ratio/els-1/seg_37_5576_5576.png
2025-04-17 17:55:20,674 - INFO - 成功保存时间段 5576-5576 的可视化结果
2025-04-17 17:55:20,674 - INFO - 
正在处理时间段 39/77: 5582-5582
2025-04-17 17:55:20,674 - INFO - 该时间段的真实异常节点: {12}
2025-04-17 17:55:20,674 - INFO - 正在计算异常分数...
2025-04-17 17:55:20,674 - INFO - 检测到的异常节点: set()
2025-04-17 17:55:20,674 - INFO - 正在为时间段 5582-5582 生成可视化
2025-04-17 17:55:20,675 - INFO - 正在为时间段 5582-5582 生成异常图可视化
2025-04-17 17:55:20,675 - INFO - 单个点位异常段 5582-5582，扩展为 5578-5582 (window_size=5)
2025-04-17 17:55:20,676 - DEBUG - 边统计: 正常边 168 条, 异常边 42 条
2025-04-17 17:55:20,796 - DEBUG - 正在保存可视化结果到 ./visual/els/neighbor_all/mean_ratio/els-1/seg_38_5582_5582.png
2025-04-17 17:55:21,125 - INFO - 成功保存时间段 5582-5582 的可视化结果
2025-04-17 17:55:21,126 - INFO - 
正在处理时间段 40/77: 5591-5591
2025-04-17 17:55:21,126 - INFO - 该时间段的真实异常节点: {12}
2025-04-17 17:55:21,126 - INFO - 正在计算异常分数...
2025-04-17 17:55:21,126 - INFO - 检测到的异常节点: set()
2025-04-17 17:55:21,126 - INFO - 正在为时间段 5591-5591 生成可视化
2025-04-17 17:55:21,126 - INFO - 正在为时间段 5591-5591 生成异常图可视化
2025-04-17 17:55:21,126 - INFO - 单个点位异常段 5591-5591，扩展为 5587-5591 (window_size=5)
2025-04-17 17:55:21,127 - DEBUG - 边统计: 正常边 166 条, 异常边 16 条
2025-04-17 17:55:21,176 - DEBUG - 正在保存可视化结果到 ./visual/els/neighbor_all/mean_ratio/els-1/seg_39_5591_5591.png
2025-04-17 17:55:21,464 - INFO - 成功保存时间段 5591-5591 的可视化结果
2025-04-17 17:55:21,464 - INFO - 
正在处理时间段 41/77: 5606-5606
2025-04-17 17:55:21,464 - INFO - 该时间段的真实异常节点: {12}
2025-04-17 17:55:21,464 - INFO - 正在计算异常分数...
2025-04-17 17:55:21,464 - INFO - 检测到的异常节点: set()
2025-04-17 17:55:21,464 - INFO - 正在为时间段 5606-5606 生成可视化
2025-04-17 17:55:21,464 - INFO - 正在为时间段 5606-5606 生成异常图可视化
2025-04-17 17:55:21,464 - INFO - 单个点位异常段 5606-5606，扩展为 5602-5606 (window_size=5)
2025-04-17 17:55:21,465 - DEBUG - 边统计: 正常边 186 条, 异常边 24 条
2025-04-17 17:55:21,514 - DEBUG - 正在保存可视化结果到 ./visual/els/neighbor_all/mean_ratio/els-1/seg_40_5606_5606.png
2025-04-17 17:55:21,839 - INFO - 成功保存时间段 5606-5606 的可视化结果
2025-04-17 17:55:21,839 - INFO - 
正在处理时间段 42/77: 5621-5621
2025-04-17 17:55:21,839 - INFO - 该时间段的真实异常节点: {12}
2025-04-17 17:55:21,839 - INFO - 正在计算异常分数...
2025-04-17 17:55:21,839 - INFO - 检测到的异常节点: set()
2025-04-17 17:55:21,839 - INFO - 正在为时间段 5621-5621 生成可视化
2025-04-17 17:55:21,839 - INFO - 正在为时间段 5621-5621 生成异常图可视化
2025-04-17 17:55:21,839 - INFO - 单个点位异常段 5621-5621，扩展为 5617-5621 (window_size=5)
2025-04-17 17:55:21,840 - DEBUG - 边统计: 正常边 128 条, 异常边 54 条
2025-04-17 17:55:21,889 - DEBUG - 正在保存可视化结果到 ./visual/els/neighbor_all/mean_ratio/els-1/seg_41_5621_5621.png
2025-04-17 17:55:22,176 - INFO - 成功保存时间段 5621-5621 的可视化结果
2025-04-17 17:55:22,176 - INFO - 
正在处理时间段 43/77: 5627-5627
2025-04-17 17:55:22,176 - INFO - 该时间段的真实异常节点: {12}
2025-04-17 17:55:22,176 - INFO - 正在计算异常分数...
2025-04-17 17:55:22,176 - INFO - 检测到的异常节点: set()
2025-04-17 17:55:22,176 - INFO - 正在为时间段 5627-5627 生成可视化
2025-04-17 17:55:22,176 - INFO - 正在为时间段 5627-5627 生成异常图可视化
2025-04-17 17:55:22,176 - INFO - 单个点位异常段 5627-5627，扩展为 5623-5627 (window_size=5)
2025-04-17 17:55:22,177 - DEBUG - 边统计: 正常边 190 条, 异常边 20 条
2025-04-17 17:55:22,225 - DEBUG - 正在保存可视化结果到 ./visual/els/neighbor_all/mean_ratio/els-1/seg_42_5627_5627.png
2025-04-17 17:55:22,553 - INFO - 成功保存时间段 5627-5627 的可视化结果
2025-04-17 17:55:22,554 - INFO - 
正在处理时间段 44/77: 5963-5981
2025-04-17 17:55:22,554 - INFO - 该时间段的真实异常节点: {6, 7, 8, 9, 11}
2025-04-17 17:55:22,554 - INFO - 正在计算异常分数...
2025-04-17 17:55:22,563 - INFO - 检测到的异常节点: {1, 2, 3, 4, 5, 6, 7, 8, 9, 10, 11, 12, 13, 14, 15}
2025-04-17 17:55:22,563 - INFO - 正在为时间段 5963-5981 生成可视化
2025-04-17 17:55:22,563 - INFO - 正在为时间段 5963-5981 生成异常图可视化
2025-04-17 17:55:22,564 - DEBUG - 边统计: 正常边 210 条, 异常边 0 条
2025-04-17 17:55:22,611 - DEBUG - 正在保存可视化结果到 ./visual/els/neighbor_all/mean_ratio/els-1/seg_43_5963_5981.png
2025-04-17 17:55:22,934 - INFO - 成功保存时间段 5963-5981 的可视化结果
2025-04-17 17:55:22,934 - INFO - 
正在处理时间段 45/77: 6157-6161
2025-04-17 17:55:22,934 - INFO - 该时间段的真实异常节点: {12}
2025-04-17 17:55:22,935 - INFO - 正在计算异常分数...
2025-04-17 17:55:22,935 - INFO - 检测到的异常节点: {1, 3, 4, 5, 6, 7, 9, 10, 11, 12, 13, 14}
2025-04-17 17:55:22,935 - INFO - 正在为时间段 6157-6161 生成可视化
2025-04-17 17:55:22,935 - INFO - 正在为时间段 6157-6161 生成异常图可视化
2025-04-17 17:55:22,936 - DEBUG - 边统计: 正常边 152 条, 异常边 30 条
2025-04-17 17:55:22,985 - DEBUG - 正在保存可视化结果到 ./visual/els/neighbor_all/mean_ratio/els-1/seg_44_6157_6161.png
2025-04-17 17:55:23,269 - INFO - 成功保存时间段 6157-6161 的可视化结果
2025-04-17 17:55:23,270 - INFO - 
正在处理时间段 46/77: 6197-6200
2025-04-17 17:55:23,270 - INFO - 该时间段的真实异常节点: {12}
2025-04-17 17:55:23,270 - INFO - 正在计算异常分数...
2025-04-17 17:55:23,270 - INFO - 检测到的异常节点: set()
2025-04-17 17:55:23,270 - INFO - 正在为时间段 6197-6200 生成可视化
2025-04-17 17:55:23,270 - INFO - 正在为时间段 6197-6200 生成异常图可视化
2025-04-17 17:55:23,271 - DEBUG - 边统计: 正常边 148 条, 异常边 34 条
2025-04-17 17:55:23,320 - DEBUG - 正在保存可视化结果到 ./visual/els/neighbor_all/mean_ratio/els-1/seg_45_6197_6200.png
2025-04-17 17:55:23,608 - INFO - 成功保存时间段 6197-6200 的可视化结果
2025-04-17 17:55:23,608 - INFO - 
正在处理时间段 47/77: 6233-6254
2025-04-17 17:55:23,609 - INFO - 该时间段的真实异常节点: {6, 7, 8, 9, 11, 12}
2025-04-17 17:55:23,609 - INFO - 正在计算异常分数...
2025-04-17 17:55:23,620 - INFO - 检测到的异常节点: {1, 2, 3, 4, 5, 6, 7, 8, 9, 10, 11, 12, 13, 14, 15}
2025-04-17 17:55:23,620 - INFO - 正在为时间段 6233-6254 生成可视化
2025-04-17 17:55:23,620 - INFO - 正在为时间段 6233-6254 生成异常图可视化
2025-04-17 17:55:23,621 - DEBUG - 边统计: 正常边 200 条, 异常边 10 条
2025-04-17 17:55:23,669 - DEBUG - 正在保存可视化结果到 ./visual/els/neighbor_all/mean_ratio/els-1/seg_46_6233_6254.png
2025-04-17 17:55:23,992 - INFO - 成功保存时间段 6233-6254 的可视化结果
2025-04-17 17:55:23,992 - INFO - 
正在处理时间段 48/77: 6440-6449
2025-04-17 17:55:23,992 - INFO - 该时间段的真实异常节点: {9, 10, 12}
2025-04-17 17:55:23,992 - INFO - 正在计算异常分数...
2025-04-17 17:55:23,996 - INFO - 检测到的异常节点: {1, 2, 3, 4, 5, 6, 7, 8, 9, 10, 11, 12, 13, 14, 15}
2025-04-17 17:55:23,996 - INFO - 正在为时间段 6440-6449 生成可视化
2025-04-17 17:55:23,996 - INFO - 正在为时间段 6440-6449 生成异常图可视化
2025-04-17 17:55:23,997 - DEBUG - 边统计: 正常边 208 条, 异常边 2 条
2025-04-17 17:55:24,045 - DEBUG - 正在保存可视化结果到 ./visual/els/neighbor_all/mean_ratio/els-1/seg_47_6440_6449.png
2025-04-17 17:55:24,367 - INFO - 成功保存时间段 6440-6449 的可视化结果
2025-04-17 17:55:24,368 - INFO - 
正在处理时间段 49/77: 6457-6457
2025-04-17 17:55:24,368 - INFO - 该时间段的真实异常节点: {12}
2025-04-17 17:55:24,368 - INFO - 正在计算异常分数...
2025-04-17 17:55:24,368 - INFO - 检测到的异常节点: set()
2025-04-17 17:55:24,368 - INFO - 正在为时间段 6457-6457 生成可视化
2025-04-17 17:55:24,368 - INFO - 正在为时间段 6457-6457 生成异常图可视化
2025-04-17 17:55:24,368 - INFO - 单个点位异常段 6457-6457，扩展为 6453-6457 (window_size=5)
2025-04-17 17:55:24,369 - DEBUG - 边统计: 正常边 194 条, 异常边 16 条
2025-04-17 17:55:24,417 - DEBUG - 正在保存可视化结果到 ./visual/els/neighbor_all/mean_ratio/els-1/seg_48_6457_6457.png
2025-04-17 17:55:24,744 - INFO - 成功保存时间段 6457-6457 的可视化结果
2025-04-17 17:55:24,744 - INFO - 
正在处理时间段 50/77: 6471-6491
2025-04-17 17:55:24,745 - INFO - 该时间段的真实异常节点: {12}
2025-04-17 17:55:24,745 - INFO - 正在计算异常分数...
2025-04-17 17:55:24,755 - INFO - 检测到的异常节点: {1, 2, 3, 4, 5, 6, 7, 8, 9, 10, 11, 12, 13, 14, 15}
2025-04-17 17:55:24,755 - INFO - 正在为时间段 6471-6491 生成可视化
2025-04-17 17:55:24,755 - INFO - 正在为时间段 6471-6491 生成异常图可视化
2025-04-17 17:55:24,756 - DEBUG - 边统计: 正常边 210 条, 异常边 0 条
2025-04-17 17:55:24,804 - DEBUG - 正在保存可视化结果到 ./visual/els/neighbor_all/mean_ratio/els-1/seg_49_6471_6491.png
2025-04-17 17:55:25,125 - INFO - 成功保存时间段 6471-6491 的可视化结果
2025-04-17 17:55:25,125 - INFO - 
正在处理时间段 51/77: 6500-6500
2025-04-17 17:55:25,126 - INFO - 该时间段的真实异常节点: {12}
2025-04-17 17:55:25,126 - INFO - 正在计算异常分数...
2025-04-17 17:55:25,126 - INFO - 检测到的异常节点: set()
2025-04-17 17:55:25,126 - INFO - 正在为时间段 6500-6500 生成可视化
2025-04-17 17:55:25,126 - INFO - 正在为时间段 6500-6500 生成异常图可视化
2025-04-17 17:55:25,126 - INFO - 单个点位异常段 6500-6500，扩展为 6496-6500 (window_size=5)
2025-04-17 17:55:25,127 - DEBUG - 边统计: 正常边 168 条, 异常边 14 条
2025-04-17 17:55:25,175 - DEBUG - 正在保存可视化结果到 ./visual/els/neighbor_all/mean_ratio/els-1/seg_50_6500_6500.png
2025-04-17 17:55:25,461 - INFO - 成功保存时间段 6500-6500 的可视化结果
2025-04-17 17:55:25,462 - INFO - 
正在处理时间段 52/77: 6513-6515
2025-04-17 17:55:25,462 - INFO - 该时间段的真实异常节点: {6, 7, 8, 9, 11}
2025-04-17 17:55:25,462 - INFO - 正在计算异常分数...
2025-04-17 17:55:25,462 - INFO - 检测到的异常节点: set()
2025-04-17 17:55:25,462 - INFO - 正在为时间段 6513-6515 生成可视化
2025-04-17 17:55:25,462 - INFO - 正在为时间段 6513-6515 生成异常图可视化
2025-04-17 17:55:25,463 - DEBUG - 边统计: 正常边 92 条, 异常边 118 条
2025-04-17 17:55:25,597 - DEBUG - 正在保存可视化结果到 ./visual/els/neighbor_all/mean_ratio/els-1/seg_51_6513_6515.png
2025-04-17 17:55:25,936 - INFO - 成功保存时间段 6513-6515 的可视化结果
2025-04-17 17:55:25,936 - INFO - 
正在处理时间段 53/77: 6531-6545
2025-04-17 17:55:25,936 - INFO - 该时间段的真实异常节点: {12}
2025-04-17 17:55:25,936 - INFO - 正在计算异常分数...
2025-04-17 17:55:25,942 - INFO - 检测到的异常节点: {1, 2, 3, 4, 5, 6, 7, 8, 9, 10, 11, 12, 13, 14}
2025-04-17 17:55:25,942 - INFO - 正在为时间段 6531-6545 生成可视化
2025-04-17 17:55:25,943 - INFO - 正在为时间段 6531-6545 生成异常图可视化
2025-04-17 17:55:25,943 - DEBUG - 边统计: 正常边 182 条, 异常边 0 条
2025-04-17 17:55:25,992 - DEBUG - 正在保存可视化结果到 ./visual/els/neighbor_all/mean_ratio/els-1/seg_52_6531_6545.png
2025-04-17 17:55:26,275 - INFO - 成功保存时间段 6531-6545 的可视化结果
2025-04-17 17:55:26,275 - INFO - 
正在处理时间段 54/77: 6549-6563
2025-04-17 17:55:26,275 - INFO - 该时间段的真实异常节点: {6, 7, 8, 9, 11}
2025-04-17 17:55:26,275 - INFO - 正在计算异常分数...
2025-04-17 17:55:26,282 - INFO - 检测到的异常节点: {1, 2, 3, 4, 5, 6, 7, 8, 9, 10, 11, 12, 13, 14, 15}
2025-04-17 17:55:26,283 - INFO - 正在为时间段 6549-6563 生成可视化
2025-04-17 17:55:26,283 - INFO - 正在为时间段 6549-6563 生成异常图可视化
2025-04-17 17:55:26,284 - DEBUG - 边统计: 正常边 196 条, 异常边 14 条
2025-04-17 17:55:26,333 - DEBUG - 正在保存可视化结果到 ./visual/els/neighbor_all/mean_ratio/els-1/seg_53_6549_6563.png
2025-04-17 17:55:26,667 - INFO - 成功保存时间段 6549-6563 的可视化结果
2025-04-17 17:55:26,667 - INFO - 
正在处理时间段 55/77: 6726-6730
2025-04-17 17:55:26,667 - INFO - 该时间段的真实异常节点: {12}
2025-04-17 17:55:26,667 - INFO - 正在计算异常分数...
2025-04-17 17:55:26,668 - INFO - 检测到的异常节点: {2, 3, 4, 5, 6, 9, 10, 11, 13, 14}
2025-04-17 17:55:26,668 - INFO - 正在为时间段 6726-6730 生成可视化
2025-04-17 17:55:26,668 - INFO - 正在为时间段 6726-6730 生成异常图可视化
2025-04-17 17:55:26,669 - DEBUG - 边统计: 正常边 152 条, 异常边 30 条
2025-04-17 17:55:26,719 - DEBUG - 正在保存可视化结果到 ./visual/els/neighbor_all/mean_ratio/els-1/seg_54_6726_6730.png
2025-04-17 17:55:27,007 - INFO - 成功保存时间段 6726-6730 的可视化结果
2025-04-17 17:55:27,007 - INFO - 
正在处理时间段 56/77: 6824-6825
2025-04-17 17:55:27,007 - INFO - 该时间段的真实异常节点: {6, 7, 8, 9, 11}
2025-04-17 17:55:27,007 - INFO - 正在计算异常分数...
2025-04-17 17:55:27,007 - INFO - 检测到的异常节点: set()
2025-04-17 17:55:27,007 - INFO - 正在为时间段 6824-6825 生成可视化
2025-04-17 17:55:27,007 - INFO - 正在为时间段 6824-6825 生成异常图可视化
2025-04-17 17:55:27,008 - DEBUG - 边统计: 正常边 0 条, 异常边 156 条
2025-04-17 17:55:27,058 - DEBUG - 正在保存可视化结果到 ./visual/els/neighbor_all/mean_ratio/els-1/seg_55_6824_6825.png
2025-04-17 17:55:27,342 - INFO - 成功保存时间段 6824-6825 的可视化结果
2025-04-17 17:55:27,342 - INFO - 
正在处理时间段 57/77: 7302-7302
2025-04-17 17:55:27,342 - INFO - 该时间段的真实异常节点: {12}
2025-04-17 17:55:27,342 - INFO - 正在计算异常分数...
2025-04-17 17:55:27,342 - INFO - 检测到的异常节点: set()
2025-04-17 17:55:27,342 - INFO - 正在为时间段 7302-7302 生成可视化
2025-04-17 17:55:27,342 - INFO - 正在为时间段 7302-7302 生成异常图可视化
2025-04-17 17:55:27,342 - INFO - 单个点位异常段 7302-7302，扩展为 7298-7302 (window_size=5)
2025-04-17 17:55:27,343 - DEBUG - 边统计: 正常边 186 条, 异常边 24 条
2025-04-17 17:55:27,391 - DEBUG - 正在保存可视化结果到 ./visual/els/neighbor_all/mean_ratio/els-1/seg_56_7302_7302.png
2025-04-17 17:55:27,716 - INFO - 成功保存时间段 7302-7302 的可视化结果
2025-04-17 17:55:27,716 - INFO - 
正在处理时间段 58/77: 7337-7337
2025-04-17 17:55:27,716 - INFO - 该时间段的真实异常节点: {12}
2025-04-17 17:55:27,716 - INFO - 正在计算异常分数...
2025-04-17 17:55:27,717 - INFO - 检测到的异常节点: set()
2025-04-17 17:55:27,717 - INFO - 正在为时间段 7337-7337 生成可视化
2025-04-17 17:55:27,717 - INFO - 正在为时间段 7337-7337 生成异常图可视化
2025-04-17 17:55:27,717 - INFO - 单个点位异常段 7337-7337，扩展为 7333-7337 (window_size=5)
2025-04-17 17:55:27,718 - DEBUG - 边统计: 正常边 182 条, 异常边 28 条
2025-04-17 17:55:27,766 - DEBUG - 正在保存可视化结果到 ./visual/els/neighbor_all/mean_ratio/els-1/seg_57_7337_7337.png
2025-04-17 17:55:28,093 - INFO - 成功保存时间段 7337-7337 的可视化结果
2025-04-17 17:55:28,093 - INFO - 
正在处理时间段 59/77: 7384-7414
2025-04-17 17:55:28,093 - INFO - 该时间段的真实异常节点: {6, 7, 8, 9, 10, 11}
2025-04-17 17:55:28,093 - INFO - 正在计算异常分数...
2025-04-17 17:55:28,110 - INFO - 检测到的异常节点: {1, 2, 3, 4, 5, 6, 7, 8, 9, 10, 11, 12, 13, 14, 15}
2025-04-17 17:55:28,110 - INFO - 正在为时间段 7384-7414 生成可视化
2025-04-17 17:55:28,110 - INFO - 正在为时间段 7384-7414 生成异常图可视化
2025-04-17 17:55:28,111 - DEBUG - 边统计: 正常边 204 条, 异常边 6 条
2025-04-17 17:55:28,158 - DEBUG - 正在保存可视化结果到 ./visual/els/neighbor_all/mean_ratio/els-1/seg_58_7384_7414.png
2025-04-17 17:55:28,479 - INFO - 成功保存时间段 7384-7414 的可视化结果
2025-04-17 17:55:28,479 - INFO - 
正在处理时间段 60/77: 7591-7592
2025-04-17 17:55:28,480 - INFO - 该时间段的真实异常节点: {6, 7, 8, 9, 11, 12}
2025-04-17 17:55:28,480 - INFO - 正在计算异常分数...
2025-04-17 17:55:28,480 - INFO - 检测到的异常节点: set()
2025-04-17 17:55:28,480 - INFO - 正在为时间段 7591-7592 生成可视化
2025-04-17 17:55:28,480 - INFO - 正在为时间段 7591-7592 生成异常图可视化
2025-04-17 17:55:28,481 - DEBUG - 边统计: 正常边 0 条, 异常边 156 条
2025-04-17 17:55:28,531 - DEBUG - 正在保存可视化结果到 ./visual/els/neighbor_all/mean_ratio/els-1/seg_59_7591_7592.png
2025-04-17 17:55:28,812 - INFO - 成功保存时间段 7591-7592 的可视化结果
2025-04-17 17:55:28,812 - INFO - 
正在处理时间段 61/77: 7596-7598
2025-04-17 17:55:28,812 - INFO - 该时间段的真实异常节点: {6, 7, 8, 9, 12}
2025-04-17 17:55:28,812 - INFO - 正在计算异常分数...
2025-04-17 17:55:28,812 - INFO - 检测到的异常节点: set()
2025-04-17 17:55:28,812 - INFO - 正在为时间段 7596-7598 生成可视化
2025-04-17 17:55:28,812 - INFO - 正在为时间段 7596-7598 生成异常图可视化
2025-04-17 17:55:28,813 - DEBUG - 边统计: 正常边 110 条, 异常边 72 条
2025-04-17 17:55:28,862 - DEBUG - 正在保存可视化结果到 ./visual/els/neighbor_all/mean_ratio/els-1/seg_60_7596_7598.png
2025-04-17 17:55:29,151 - INFO - 成功保存时间段 7596-7598 的可视化结果
2025-04-17 17:55:29,151 - INFO - 
正在处理时间段 62/77: 7640-7640
2025-04-17 17:55:29,151 - INFO - 该时间段的真实异常节点: {12}
2025-04-17 17:55:29,151 - INFO - 正在计算异常分数...
2025-04-17 17:55:29,151 - INFO - 检测到的异常节点: set()
2025-04-17 17:55:29,151 - INFO - 正在为时间段 7640-7640 生成可视化
2025-04-17 17:55:29,151 - INFO - 正在为时间段 7640-7640 生成异常图可视化
2025-04-17 17:55:29,152 - INFO - 单个点位异常段 7640-7640，扩展为 7636-7640 (window_size=5)
2025-04-17 17:55:29,152 - DEBUG - 边统计: 正常边 172 条, 异常边 38 条
2025-04-17 17:55:29,201 - DEBUG - 正在保存可视化结果到 ./visual/els/neighbor_all/mean_ratio/els-1/seg_61_7640_7640.png
2025-04-17 17:55:29,529 - INFO - 成功保存时间段 7640-7640 的可视化结果
2025-04-17 17:55:29,529 - INFO - 
正在处理时间段 63/77: 7691-7691
2025-04-17 17:55:29,529 - INFO - 该时间段的真实异常节点: {6, 7, 8, 9, 11}
2025-04-17 17:55:29,529 - INFO - 正在计算异常分数...
2025-04-17 17:55:29,529 - INFO - 检测到的异常节点: set()
2025-04-17 17:55:29,529 - INFO - 正在为时间段 7691-7691 生成可视化
2025-04-17 17:55:29,529 - INFO - 正在为时间段 7691-7691 生成异常图可视化
2025-04-17 17:55:29,529 - INFO - 单个点位异常段 7691-7691，扩展为 7687-7691 (window_size=5)
2025-04-17 17:55:29,530 - DEBUG - 边统计: 正常边 146 条, 异常边 36 条
2025-04-17 17:55:29,579 - DEBUG - 正在保存可视化结果到 ./visual/els/neighbor_all/mean_ratio/els-1/seg_62_7691_7691.png
2025-04-17 17:55:29,866 - INFO - 成功保存时间段 7691-7691 的可视化结果
2025-04-17 17:55:29,866 - INFO - 
正在处理时间段 64/77: 7700-7707
2025-04-17 17:55:29,866 - INFO - 该时间段的真实异常节点: {6, 7, 8, 9, 11}
2025-04-17 17:55:29,866 - INFO - 正在计算异常分数...
2025-04-17 17:55:29,869 - INFO - 检测到的异常节点: {1, 2, 3, 4, 5, 6, 7, 8, 9, 10, 11, 12, 13, 15}
2025-04-17 17:55:29,869 - INFO - 正在为时间段 7700-7707 生成可视化
2025-04-17 17:55:29,869 - INFO - 正在为时间段 7700-7707 生成异常图可视化
2025-04-17 17:55:29,870 - DEBUG - 边统计: 正常边 200 条, 异常边 10 条
2025-04-17 17:55:29,991 - DEBUG - 正在保存可视化结果到 ./visual/els/neighbor_all/mean_ratio/els-1/seg_63_7700_7707.png
2025-04-17 17:55:30,317 - INFO - 成功保存时间段 7700-7707 的可视化结果
2025-04-17 17:55:30,317 - INFO - 
正在处理时间段 65/77: 7885-7886
2025-04-17 17:55:30,317 - INFO - 该时间段的真实异常节点: {12}
2025-04-17 17:55:30,317 - INFO - 正在计算异常分数...
2025-04-17 17:55:30,317 - INFO - 检测到的异常节点: set()
2025-04-17 17:55:30,317 - INFO - 正在为时间段 7885-7886 生成可视化
2025-04-17 17:55:30,318 - INFO - 正在为时间段 7885-7886 生成异常图可视化
2025-04-17 17:55:30,318 - DEBUG - 边统计: 正常边 0 条, 异常边 156 条
2025-04-17 17:55:30,370 - DEBUG - 正在保存可视化结果到 ./visual/els/neighbor_all/mean_ratio/els-1/seg_64_7885_7886.png
2025-04-17 17:55:30,656 - INFO - 成功保存时间段 7885-7886 的可视化结果
2025-04-17 17:55:30,656 - INFO - 
正在处理时间段 66/77: 7963-7963
2025-04-17 17:55:30,656 - INFO - 该时间段的真实异常节点: {6, 7, 8, 9, 12}
2025-04-17 17:55:30,656 - INFO - 正在计算异常分数...
2025-04-17 17:55:30,656 - INFO - 检测到的异常节点: set()
2025-04-17 17:55:30,656 - INFO - 正在为时间段 7963-7963 生成可视化
2025-04-17 17:55:30,656 - INFO - 正在为时间段 7963-7963 生成异常图可视化
2025-04-17 17:55:30,656 - INFO - 单个点位异常段 7963-7963，扩展为 7959-7963 (window_size=5)
2025-04-17 17:55:30,657 - DEBUG - 边统计: 正常边 196 条, 异常边 14 条
2025-04-17 17:55:30,705 - DEBUG - 正在保存可视化结果到 ./visual/els/neighbor_all/mean_ratio/els-1/seg_65_7963_7963.png
2025-04-17 17:55:31,030 - INFO - 成功保存时间段 7963-7963 的可视化结果
2025-04-17 17:55:31,030 - INFO - 
正在处理时间段 67/77: 7991-7995
2025-04-17 17:55:31,031 - INFO - 该时间段的真实异常节点: {6, 7, 8, 9, 11}
2025-04-17 17:55:31,031 - INFO - 正在计算异常分数...
2025-04-17 17:55:31,031 - INFO - 检测到的异常节点: {1, 4, 6, 7, 8, 9, 10, 12, 13, 15}
2025-04-17 17:55:31,032 - INFO - 正在为时间段 7991-7995 生成可视化
2025-04-17 17:55:31,032 - INFO - 正在为时间段 7991-7995 生成异常图可视化
2025-04-17 17:55:31,032 - DEBUG - 边统计: 正常边 180 条, 异常边 30 条
2025-04-17 17:55:31,079 - DEBUG - 正在保存可视化结果到 ./visual/els/neighbor_all/mean_ratio/els-1/seg_66_7991_7995.png
2025-04-17 17:55:31,409 - INFO - 成功保存时间段 7991-7995 的可视化结果
2025-04-17 17:55:31,409 - INFO - 
正在处理时间段 68/77: 8214-8216
2025-04-17 17:55:31,409 - INFO - 该时间段的真实异常节点: {9, 12}
2025-04-17 17:55:31,410 - INFO - 正在计算异常分数...
2025-04-17 17:55:31,410 - INFO - 检测到的异常节点: set()
2025-04-17 17:55:31,410 - INFO - 正在为时间段 8214-8216 生成可视化
2025-04-17 17:55:31,410 - INFO - 正在为时间段 8214-8216 生成异常图可视化
2025-04-17 17:55:31,411 - DEBUG - 边统计: 正常边 118 条, 异常边 64 条
2025-04-17 17:55:31,458 - DEBUG - 正在保存可视化结果到 ./visual/els/neighbor_all/mean_ratio/els-1/seg_67_8214_8216.png
2025-04-17 17:55:31,746 - INFO - 成功保存时间段 8214-8216 的可视化结果
2025-04-17 17:55:31,746 - INFO - 
正在处理时间段 69/77: 8280-8291
2025-04-17 17:55:31,746 - INFO - 该时间段的真实异常节点: {6, 7, 8, 9, 11}
2025-04-17 17:55:31,746 - INFO - 正在计算异常分数...
2025-04-17 17:55:31,751 - INFO - 检测到的异常节点: {1, 2, 3, 4, 5, 6, 7, 8, 9, 10, 11, 12, 13, 14, 15}
2025-04-17 17:55:31,751 - INFO - 正在为时间段 8280-8291 生成可视化
2025-04-17 17:55:31,752 - INFO - 正在为时间段 8280-8291 生成异常图可视化
2025-04-17 17:55:31,752 - DEBUG - 边统计: 正常边 204 条, 异常边 6 条
2025-04-17 17:55:31,801 - DEBUG - 正在保存可视化结果到 ./visual/els/neighbor_all/mean_ratio/els-1/seg_68_8280_8291.png
2025-04-17 17:55:32,122 - INFO - 成功保存时间段 8280-8291 的可视化结果
2025-04-17 17:55:32,122 - INFO - 
正在处理时间段 70/77: 8432-8451
2025-04-17 17:55:32,122 - INFO - 该时间段的真实异常节点: {8, 11, 6, 7}
2025-04-17 17:55:32,122 - INFO - 正在计算异常分数...
2025-04-17 17:55:32,132 - INFO - 检测到的异常节点: {1, 2, 3, 4, 5, 6, 7, 8, 9, 10, 11, 12, 13, 14, 15}
2025-04-17 17:55:32,132 - INFO - 正在为时间段 8432-8451 生成可视化
2025-04-17 17:55:32,132 - INFO - 正在为时间段 8432-8451 生成异常图可视化
2025-04-17 17:55:32,133 - DEBUG - 边统计: 正常边 210 条, 异常边 0 条
2025-04-17 17:55:32,181 - DEBUG - 正在保存可视化结果到 ./visual/els/neighbor_all/mean_ratio/els-1/seg_69_8432_8451.png
2025-04-17 17:55:32,504 - INFO - 成功保存时间段 8432-8451 的可视化结果
2025-04-17 17:55:32,504 - INFO - 
正在处理时间段 71/77: 8459-8461
2025-04-17 17:55:32,504 - INFO - 该时间段的真实异常节点: {12}
2025-04-17 17:55:32,504 - INFO - 正在计算异常分数...
2025-04-17 17:55:32,504 - INFO - 检测到的异常节点: set()
2025-04-17 17:55:32,504 - INFO - 正在为时间段 8459-8461 生成可视化
2025-04-17 17:55:32,504 - INFO - 正在为时间段 8459-8461 生成异常图可视化
2025-04-17 17:55:32,505 - DEBUG - 边统计: 正常边 136 条, 异常边 46 条
2025-04-17 17:55:32,554 - DEBUG - 正在保存可视化结果到 ./visual/els/neighbor_all/mean_ratio/els-1/seg_70_8459_8461.png
2025-04-17 17:55:32,840 - INFO - 成功保存时间段 8459-8461 的可视化结果
2025-04-17 17:55:32,840 - INFO - 
正在处理时间段 72/77: 8504-8508
2025-04-17 17:55:32,841 - INFO - 该时间段的真实异常节点: {12}
2025-04-17 17:55:32,841 - INFO - 正在计算异常分数...
2025-04-17 17:55:32,842 - INFO - 检测到的异常节点: {2, 3, 4, 5, 8, 9, 10, 11, 13, 14}
2025-04-17 17:55:32,842 - INFO - 正在为时间段 8504-8508 生成可视化
2025-04-17 17:55:32,842 - INFO - 正在为时间段 8504-8508 生成异常图可视化
2025-04-17 17:55:32,843 - DEBUG - 边统计: 正常边 182 条, 异常边 28 条
2025-04-17 17:55:32,891 - DEBUG - 正在保存可视化结果到 ./visual/els/neighbor_all/mean_ratio/els-1/seg_71_8504_8508.png
2025-04-17 17:55:33,221 - INFO - 成功保存时间段 8504-8508 的可视化结果
2025-04-17 17:55:33,221 - INFO - 
正在处理时间段 73/77: 8542-8553
2025-04-17 17:55:33,221 - INFO - 该时间段的真实异常节点: {12}
2025-04-17 17:55:33,221 - INFO - 正在计算异常分数...
2025-04-17 17:55:33,226 - INFO - 检测到的异常节点: {1, 2, 3, 4, 5, 6, 7, 8, 9, 10, 11, 12, 13, 14}
2025-04-17 17:55:33,226 - INFO - 正在为时间段 8542-8553 生成可视化
2025-04-17 17:55:33,226 - INFO - 正在为时间段 8542-8553 生成异常图可视化
2025-04-17 17:55:33,227 - DEBUG - 边统计: 正常边 180 条, 异常边 2 条
2025-04-17 17:55:33,278 - DEBUG - 正在保存可视化结果到 ./visual/els/neighbor_all/mean_ratio/els-1/seg_72_8542_8553.png
2025-04-17 17:55:33,567 - INFO - 成功保存时间段 8542-8553 的可视化结果
2025-04-17 17:55:33,567 - INFO - 
正在处理时间段 74/77: 8564-8571
2025-04-17 17:55:33,567 - INFO - 该时间段的真实异常节点: {6, 7, 8, 9, 12}
2025-04-17 17:55:33,567 - INFO - 正在计算异常分数...
2025-04-17 17:55:33,570 - INFO - 检测到的异常节点: {1, 2, 3, 4, 5, 7, 8, 9, 10, 11, 12, 13, 14, 15}
2025-04-17 17:55:33,570 - INFO - 正在为时间段 8564-8571 生成可视化
2025-04-17 17:55:33,570 - INFO - 正在为时间段 8564-8571 生成异常图可视化
2025-04-17 17:55:33,571 - DEBUG - 边统计: 正常边 194 条, 异常边 16 条
2025-04-17 17:55:33,620 - DEBUG - 正在保存可视化结果到 ./visual/els/neighbor_all/mean_ratio/els-1/seg_73_8564_8571.png
2025-04-17 17:55:33,945 - INFO - 成功保存时间段 8564-8571 的可视化结果
2025-04-17 17:55:33,946 - INFO - 
正在处理时间段 75/77: 8724-8737
2025-04-17 17:55:33,946 - INFO - 该时间段的真实异常节点: {12}
2025-04-17 17:55:33,946 - INFO - 正在计算异常分数...
2025-04-17 17:55:33,952 - INFO - 检测到的异常节点: {1, 2, 3, 4, 6, 7, 8, 9, 10, 11, 12, 13, 14}
2025-04-17 17:55:33,952 - INFO - 正在为时间段 8724-8737 生成可视化
2025-04-17 17:55:33,952 - INFO - 正在为时间段 8724-8737 生成异常图可视化
2025-04-17 17:55:33,953 - DEBUG - 边统计: 正常边 210 条, 异常边 0 条
2025-04-17 17:55:34,001 - DEBUG - 正在保存可视化结果到 ./visual/els/neighbor_all/mean_ratio/els-1/seg_74_8724_8737.png
2025-04-17 17:55:34,327 - INFO - 成功保存时间段 8724-8737 的可视化结果
2025-04-17 17:55:34,327 - INFO - 
正在处理时间段 76/77: 8815-8821
2025-04-17 17:55:34,327 - INFO - 该时间段的真实异常节点: {6, 7, 8, 9, 11}
2025-04-17 17:55:34,327 - INFO - 正在计算异常分数...
2025-04-17 17:55:34,330 - INFO - 检测到的异常节点: {1, 2, 3, 5, 6, 7, 8, 9, 10, 11, 12, 13, 14, 15}
2025-04-17 17:55:34,330 - INFO - 正在为时间段 8815-8821 生成可视化
2025-04-17 17:55:34,330 - INFO - 正在为时间段 8815-8821 生成异常图可视化
2025-04-17 17:55:34,331 - DEBUG - 边统计: 正常边 208 条, 异常边 2 条
2025-04-17 17:55:34,381 - DEBUG - 正在保存可视化结果到 ./visual/els/neighbor_all/mean_ratio/els-1/seg_75_8815_8821.png
2025-04-17 17:55:34,714 - INFO - 成功保存时间段 8815-8821 的可视化结果
2025-04-17 17:55:34,714 - INFO - 
正在处理时间段 77/77: 8859-8860
2025-04-17 17:55:34,714 - INFO - 该时间段的真实异常节点: {12}
2025-04-17 17:55:34,714 - INFO - 正在计算异常分数...
2025-04-17 17:55:34,714 - INFO - 检测到的异常节点: set()
2025-04-17 17:55:34,714 - INFO - 正在为时间段 8859-8860 生成可视化
2025-04-17 17:55:34,714 - INFO - 正在为时间段 8859-8860 生成异常图可视化
2025-04-17 17:55:34,715 - DEBUG - 边统计: 正常边 0 条, 异常边 182 条
2025-04-17 17:55:34,839 - DEBUG - 正在保存可视化结果到 ./visual/els/neighbor_all/mean_ratio/els-1/seg_76_8859_8860.png
2025-04-17 17:55:35,134 - INFO - 成功保存时间段 8859-8860 的可视化结果
2025-04-17 17:55:35,135 - INFO - 正在生成所有异常段的综合可视化图像: ./visual/els/neighbor_all/mean_ratio/els-1/all_segments.png
2025-04-17 17:55:35,135 - INFO - 生成全屏优化的可视化图表
2025-04-17 17:55:35,747 - INFO - 单个点位异常段 738-738，扩展为 734-738 (window_size=5)
2025-04-17 17:55:35,759 - INFO - 单个点位异常段 762-762，扩展为 758-762 (window_size=5)
2025-04-17 17:55:35,841 - INFO - 单个点位异常段 1882-1882，扩展为 1878-1882 (window_size=5)
2025-04-17 17:55:35,865 - INFO - 单个点位异常段 2461-2461，扩展为 2457-2461 (window_size=5)
2025-04-17 17:55:35,877 - INFO - 单个点位异常段 2506-2506，扩展为 2502-2506 (window_size=5)
2025-04-17 17:55:35,889 - INFO - 单个点位异常段 2515-2515，扩展为 2511-2515 (window_size=5)
2025-04-17 17:55:35,901 - INFO - 单个点位异常段 2520-2520，扩展为 2516-2520 (window_size=5)
2025-04-17 17:55:35,969 - INFO - 单个点位异常段 3378-3378，扩展为 3374-3378 (window_size=5)
2025-04-17 17:55:35,981 - INFO - 单个点位异常段 3564-3564，扩展为 3560-3564 (window_size=5)
2025-04-17 17:55:36,093 - INFO - 单个点位异常段 3592-3592，扩展为 3588-3592 (window_size=5)
2025-04-17 17:55:36,106 - INFO - 单个点位异常段 3611-3611，扩展为 3607-3611 (window_size=5)
2025-04-17 17:55:36,118 - INFO - 单个点位异常段 3646-3646，扩展为 3642-3646 (window_size=5)
2025-04-17 17:55:36,176 - INFO - 单个点位异常段 4474-4474，扩展为 4470-4474 (window_size=5)
2025-04-17 17:55:36,236 - INFO - 单个点位异常段 5291-5291，扩展为 5287-5291 (window_size=5)
2025-04-17 17:55:36,247 - INFO - 单个点位异常段 5337-5337，扩展为 5333-5337 (window_size=5)
2025-04-17 17:55:36,259 - INFO - 单个点位异常段 5576-5576，扩展为 5572-5576 (window_size=5)
2025-04-17 17:55:36,271 - INFO - 单个点位异常段 5582-5582，扩展为 5578-5582 (window_size=5)
2025-04-17 17:55:36,283 - INFO - 单个点位异常段 5591-5591，扩展为 5587-5591 (window_size=5)
2025-04-17 17:55:36,295 - INFO - 单个点位异常段 5606-5606，扩展为 5602-5606 (window_size=5)
2025-04-17 17:55:36,306 - INFO - 单个点位异常段 5621-5621，扩展为 5617-5621 (window_size=5)
2025-04-17 17:55:36,319 - INFO - 单个点位异常段 5627-5627，扩展为 5623-5627 (window_size=5)
2025-04-17 17:55:36,390 - INFO - 单个点位异常段 6457-6457，扩展为 6453-6457 (window_size=5)
2025-04-17 17:55:36,416 - INFO - 单个点位异常段 6500-6500，扩展为 6496-6500 (window_size=5)
2025-04-17 17:55:36,496 - INFO - 单个点位异常段 7302-7302，扩展为 7298-7302 (window_size=5)
2025-04-17 17:55:36,516 - INFO - 单个点位异常段 7337-7337，扩展为 7333-7337 (window_size=5)
2025-04-17 17:55:36,563 - INFO - 单个点位异常段 7640-7640，扩展为 7636-7640 (window_size=5)
2025-04-17 17:55:36,576 - INFO - 单个点位异常段 7691-7691，扩展为 7687-7691 (window_size=5)
2025-04-17 17:55:36,610 - INFO - 单个点位异常段 7963-7963，扩展为 7959-7963 (window_size=5)
2025-04-17 17:55:42,265 - INFO - 已生成全屏优化的可视化图表: ./visual/els/neighbor_all/mean_ratio/els-1/all_segments.png
2025-04-17 17:55:42,266 - INFO - 正在从 ./visual/els/neighbor_all/mean_ratio/els-1 中的图像创建GIF
2025-04-17 17:55:57,784 - INFO - GIF已保存到 ./visual/els/neighbor_all/mean_ratio/els-1/els-1.gif
2025-04-17 17:55:57,787 - INFO - 可视化结果生成完成！
2025-04-17 17:55:57,787 - INFO - 
==================================================
2025-04-17 17:55:57,787 - INFO - 程序运行总耗时: 0:00:53.466910 

