2025-04-17 09:35:36,570 - INFO - 
 Starting experiment with config: ExperimentConfig(dataset='omi', window_size=5, score_thresholds=array([0. , 0.5, 1. , 1.5, 2. , 2.5, 3. , 3.5, 4. , 4.5, 5. , 5.5, 6. ,
       6.5, 7. ]), topk_range=range(1, 10), corr_threshold_range=array([0. , 0. , 0.1, 0.2, 0.2, 0.2, 0.3, 0.4, 0.4, 0.4, 0.5, 0.6, 0.6,
       0.6]), neighbor_selection='all', score_modes=['strict_deviation'], data_dir='./data/processed', label_dir='./data/interpretation_label', log_dir='./log/omi/neighbor_all', visual_dir='./visual/omi/neighbor_all', num_workers=36, gif_duration=500)
2025-04-17 09:35:36,570 - INFO - 当前评分模式: ['strict_deviation']
2025-04-17 09:35:36,570 - INFO - 
==================================================
2025-04-17 09:35:36,570 - INFO - 开始执行网格搜索...
2025-04-17 09:35:36,572 - INFO - [omi-12] Starting grid search...
2025-04-17 09:35:39,794 - INFO - [omi-12.txt] mode=strict_deviation, all=None, threshold=0.0, P=0.6129, R=0.9500, F1=0.7451
2025-04-17 09:35:39,795 - INFO - [omi-12.txt] mode=strict_deviation, all=None, threshold=0.5, P=0.6129, R=0.9500, F1=0.7451
2025-04-17 09:35:39,796 - INFO - [omi-12.txt] mode=strict_deviation, all=None, threshold=1.0, P=0.6129, R=0.9500, F1=0.7451
2025-04-17 09:35:39,796 - INFO - [omi-12.txt] mode=strict_deviation, all=None, threshold=1.5, P=0.6230, R=0.9500, F1=0.7525
2025-04-17 09:35:39,796 - INFO - [omi-12.txt] mode=strict_deviation, all=None, threshold=2.0, P=0.6230, R=0.9500, F1=0.7525
2025-04-17 09:35:39,796 - INFO - [omi-12.txt] mode=strict_deviation, all=None, threshold=2.5, P=0.6230, R=0.9500, F1=0.7525
2025-04-17 09:35:39,796 - INFO - [omi-12.txt] mode=strict_deviation, all=None, threshold=3.0, P=0.6230, R=0.9500, F1=0.7525
2025-04-17 09:35:39,796 - INFO - [omi-12.txt] mode=strict_deviation, all=None, threshold=3.5, P=0.6167, R=0.9250, F1=0.7400
2025-04-17 09:35:39,796 - INFO - [omi-12.txt] mode=strict_deviation, all=None, threshold=4.0, P=0.6271, R=0.9250, F1=0.7475
2025-04-17 09:35:39,796 - INFO - [omi-12.txt] mode=strict_deviation, all=None, threshold=4.5, P=0.6491, R=0.9250, F1=0.7629
2025-04-17 09:35:39,796 - INFO - [omi-12.txt] mode=strict_deviation, all=None, threshold=5.0, P=0.6491, R=0.9250, F1=0.7629
2025-04-17 09:35:39,796 - INFO - [omi-12.txt] mode=strict_deviation, all=None, threshold=5.5, P=0.6491, R=0.9250, F1=0.7629
2025-04-17 09:35:39,797 - INFO - [omi-12.txt] mode=strict_deviation, all=None, threshold=6.0, P=0.6491, R=0.9250, F1=0.7629
2025-04-17 09:35:39,797 - INFO - [omi-12.txt] mode=strict_deviation, all=None, threshold=6.5, P=0.6491, R=0.9250, F1=0.7629
2025-04-17 09:35:39,797 - INFO - [omi-12.txt] mode=strict_deviation, all=None, threshold=7.0, P=0.6491, R=0.9250, F1=0.7629
2025-04-17 09:35:39,844 - INFO - [omi-1] Starting grid search...
2025-04-17 09:35:43,784 - INFO - [omi-1.txt] mode=strict_deviation, all=None, threshold=0.0, P=0.7395, R=0.9888, F1=0.8462
2025-04-17 09:35:43,786 - INFO - [omi-1.txt] mode=strict_deviation, all=None, threshold=0.5, P=0.7395, R=0.9888, F1=0.8462
2025-04-17 09:35:43,786 - INFO - [omi-1.txt] mode=strict_deviation, all=None, threshold=1.0, P=0.7395, R=0.9888, F1=0.8462
2025-04-17 09:35:43,786 - INFO - [omi-1.txt] mode=strict_deviation, all=None, threshold=1.5, P=0.7395, R=0.9888, F1=0.8462
2025-04-17 09:35:43,786 - INFO - [omi-1.txt] mode=strict_deviation, all=None, threshold=2.0, P=0.7395, R=0.9888, F1=0.8462
2025-04-17 09:35:43,786 - INFO - [omi-1.txt] mode=strict_deviation, all=None, threshold=2.5, P=0.7373, R=0.9775, F1=0.8406
2025-04-17 09:35:43,786 - INFO - [omi-1.txt] mode=strict_deviation, all=None, threshold=3.0, P=0.7373, R=0.9775, F1=0.8406
2025-04-17 09:35:43,787 - INFO - [omi-1.txt] mode=strict_deviation, all=None, threshold=3.5, P=0.7328, R=0.9551, F1=0.8293
2025-04-17 09:35:43,787 - INFO - [omi-1.txt] mode=strict_deviation, all=None, threshold=4.0, P=0.7328, R=0.9551, F1=0.8293
2025-04-17 09:35:43,787 - INFO - [omi-1.txt] mode=strict_deviation, all=None, threshold=4.5, P=0.7328, R=0.9551, F1=0.8293
2025-04-17 09:35:43,787 - INFO - [omi-1.txt] mode=strict_deviation, all=None, threshold=5.0, P=0.7328, R=0.9551, F1=0.8293
2025-04-17 09:35:43,787 - INFO - [omi-1.txt] mode=strict_deviation, all=None, threshold=5.5, P=0.7328, R=0.9551, F1=0.8293
2025-04-17 09:35:43,787 - INFO - [omi-1.txt] mode=strict_deviation, all=None, threshold=6.0, P=0.7232, R=0.9101, F1=0.8060
2025-04-17 09:35:43,787 - INFO - [omi-1.txt] mode=strict_deviation, all=None, threshold=6.5, P=0.7156, R=0.8764, F1=0.7879
2025-04-17 09:35:43,788 - INFO - [omi-1.txt] mode=strict_deviation, all=None, threshold=7.0, P=0.7130, R=0.8652, F1=0.7817
2025-04-17 09:35:43,834 - INFO - [omi-5] Starting grid search...
2025-04-17 09:35:47,925 - INFO - [omi-5.txt] mode=strict_deviation, all=None, threshold=0.0, P=0.4757, R=1.0000, F1=0.6447
2025-04-17 09:35:47,926 - INFO - [omi-5.txt] mode=strict_deviation, all=None, threshold=0.5, P=0.4757, R=1.0000, F1=0.6447
2025-04-17 09:35:47,926 - INFO - [omi-5.txt] mode=strict_deviation, all=None, threshold=1.0, P=0.4757, R=1.0000, F1=0.6447
2025-04-17 09:35:48,019 - INFO - [omi-5.txt] mode=strict_deviation, all=None, threshold=1.5, P=0.4757, R=1.0000, F1=0.6447
2025-04-17 09:35:48,019 - INFO - [omi-5.txt] mode=strict_deviation, all=None, threshold=2.0, P=0.4706, R=0.9796, F1=0.6358
2025-04-17 09:35:48,057 - INFO - [omi-5.txt] mode=strict_deviation, all=None, threshold=2.5, P=0.4706, R=0.9796, F1=0.6358
2025-04-17 09:35:48,058 - INFO - [omi-5.txt] mode=strict_deviation, all=None, threshold=3.0, P=0.4706, R=0.9796, F1=0.6358
2025-04-17 09:35:48,058 - INFO - [omi-5.txt] mode=strict_deviation, all=None, threshold=3.5, P=0.4653, R=0.9592, F1=0.6267
2025-04-17 09:35:48,058 - INFO - [omi-5.txt] mode=strict_deviation, all=None, threshold=4.0, P=0.4653, R=0.9592, F1=0.6267
2025-04-17 09:35:48,058 - INFO - [omi-5.txt] mode=strict_deviation, all=None, threshold=4.5, P=0.4653, R=0.9592, F1=0.6267
2025-04-17 09:35:48,058 - INFO - [omi-5.txt] mode=strict_deviation, all=None, threshold=5.0, P=0.4600, R=0.9388, F1=0.6174
2025-04-17 09:35:48,058 - INFO - [omi-5.txt] mode=strict_deviation, all=None, threshold=5.5, P=0.4592, R=0.9184, F1=0.6122
2025-04-17 09:35:48,058 - INFO - [omi-5.txt] mode=strict_deviation, all=None, threshold=6.0, P=0.4536, R=0.8980, F1=0.6027
2025-04-17 09:35:48,058 - INFO - [omi-5.txt] mode=strict_deviation, all=None, threshold=6.5, P=0.4632, R=0.8980, F1=0.6111
2025-04-17 09:35:48,058 - INFO - [omi-5.txt] mode=strict_deviation, all=None, threshold=7.0, P=0.4719, R=0.8571, F1=0.6087
2025-04-17 09:35:48,104 - INFO - [omi-6] Starting grid search...
2025-04-17 09:35:52,144 - INFO - [omi-6.txt] mode=strict_deviation, all=None, threshold=0.0, P=0.2606, R=0.9773, F1=0.4115
2025-04-17 09:35:52,145 - INFO - [omi-6.txt] mode=strict_deviation, all=None, threshold=0.5, P=0.2606, R=0.9773, F1=0.4115
2025-04-17 09:35:52,154 - INFO - [omi-6.txt] mode=strict_deviation, all=None, threshold=1.0, P=0.2606, R=0.9773, F1=0.4115
2025-04-17 09:35:52,170 - INFO - [omi-6.txt] mode=strict_deviation, all=None, threshold=1.5, P=0.2606, R=0.9773, F1=0.4115
2025-04-17 09:35:52,170 - INFO - [omi-6.txt] mode=strict_deviation, all=None, threshold=2.0, P=0.2606, R=0.9773, F1=0.4115
2025-04-17 09:35:52,174 - INFO - [omi-6.txt] mode=strict_deviation, all=None, threshold=2.5, P=0.2606, R=0.9773, F1=0.4115
2025-04-17 09:35:52,174 - INFO - [omi-6.txt] mode=strict_deviation, all=None, threshold=3.0, P=0.2606, R=0.9773, F1=0.4115
2025-04-17 09:35:52,174 - INFO - [omi-6.txt] mode=strict_deviation, all=None, threshold=3.5, P=0.2622, R=0.9773, F1=0.4135
2025-04-17 09:35:52,175 - INFO - [omi-6.txt] mode=strict_deviation, all=None, threshold=4.0, P=0.2638, R=0.9773, F1=0.4155
2025-04-17 09:35:52,175 - INFO - [omi-6.txt] mode=strict_deviation, all=None, threshold=4.5, P=0.2638, R=0.9773, F1=0.4155
2025-04-17 09:35:52,203 - INFO - [omi-6.txt] mode=strict_deviation, all=None, threshold=5.0, P=0.2638, R=0.9773, F1=0.4155
2025-04-17 09:35:52,203 - INFO - [omi-6.txt] mode=strict_deviation, all=None, threshold=5.5, P=0.2638, R=0.9773, F1=0.4155
2025-04-17 09:35:52,204 - INFO - [omi-6.txt] mode=strict_deviation, all=None, threshold=6.0, P=0.2638, R=0.9773, F1=0.4155
2025-04-17 09:35:52,204 - INFO - [omi-6.txt] mode=strict_deviation, all=None, threshold=6.5, P=0.2638, R=0.9773, F1=0.4155
2025-04-17 09:35:52,204 - INFO - [omi-6.txt] mode=strict_deviation, all=None, threshold=7.0, P=0.2609, R=0.9545, F1=0.4098
2025-04-17 09:35:52,251 - INFO - [omi-7] Starting grid search...
2025-04-17 09:35:55,902 - INFO - [omi-7.txt] mode=strict_deviation, all=None, threshold=0.0, P=0.9048, R=0.9744, F1=0.9383
2025-04-17 09:35:55,978 - INFO - [omi-7.txt] mode=strict_deviation, all=None, threshold=0.5, P=0.9048, R=0.9744, F1=0.9383
2025-04-17 09:35:55,978 - INFO - [omi-7.txt] mode=strict_deviation, all=None, threshold=1.0, P=0.9048, R=0.9744, F1=0.9383
2025-04-17 09:35:55,978 - INFO - [omi-7.txt] mode=strict_deviation, all=None, threshold=1.5, P=0.9048, R=0.9744, F1=0.9383
2025-04-17 09:35:55,978 - INFO - [omi-7.txt] mode=strict_deviation, all=None, threshold=2.0, P=0.9048, R=0.9744, F1=0.9383
2025-04-17 09:35:55,978 - INFO - [omi-7.txt] mode=strict_deviation, all=None, threshold=2.5, P=0.9048, R=0.9744, F1=0.9383
2025-04-17 09:35:55,978 - INFO - [omi-7.txt] mode=strict_deviation, all=None, threshold=3.0, P=0.9048, R=0.9744, F1=0.9383
2025-04-17 09:35:55,978 - INFO - [omi-7.txt] mode=strict_deviation, all=None, threshold=3.5, P=0.9048, R=0.9744, F1=0.9383
2025-04-17 09:35:55,978 - INFO - [omi-7.txt] mode=strict_deviation, all=None, threshold=4.0, P=0.9048, R=0.9744, F1=0.9383
2025-04-17 09:35:55,978 - INFO - [omi-7.txt] mode=strict_deviation, all=None, threshold=4.5, P=0.9048, R=0.9744, F1=0.9383
2025-04-17 09:35:56,000 - INFO - [omi-7.txt] mode=strict_deviation, all=None, threshold=5.0, P=0.9048, R=0.9744, F1=0.9383
2025-04-17 09:35:56,187 - INFO - [omi-7.txt] mode=strict_deviation, all=None, threshold=5.5, P=0.9048, R=0.9744, F1=0.9383
2025-04-17 09:35:56,188 - INFO - [omi-7.txt] mode=strict_deviation, all=None, threshold=6.0, P=0.9048, R=0.9744, F1=0.9383
2025-04-17 09:35:56,188 - INFO - [omi-7.txt] mode=strict_deviation, all=None, threshold=6.5, P=0.9048, R=0.9744, F1=0.9383
2025-04-17 09:35:56,188 - INFO - [omi-7.txt] mode=strict_deviation, all=None, threshold=7.0, P=0.9048, R=0.9744, F1=0.9383
2025-04-17 09:35:56,231 - INFO - [omi-9] Starting grid search...
2025-04-17 09:35:59,913 - INFO - [omi-9.txt] mode=strict_deviation, all=None, threshold=0.0, P=0.4962, R=0.9155, F1=0.6436
2025-04-17 09:35:59,914 - INFO - [omi-9.txt] mode=strict_deviation, all=None, threshold=0.5, P=0.4962, R=0.9155, F1=0.6436
2025-04-17 09:35:59,924 - INFO - [omi-9.txt] mode=strict_deviation, all=None, threshold=1.0, P=0.4962, R=0.9155, F1=0.6436
2025-04-17 09:36:00,349 - INFO - [omi-9.txt] mode=strict_deviation, all=None, threshold=1.5, P=0.4962, R=0.9155, F1=0.6436
2025-04-17 09:36:00,350 - INFO - [omi-9.txt] mode=strict_deviation, all=None, threshold=2.0, P=0.4962, R=0.9155, F1=0.6436
2025-04-17 09:36:00,350 - INFO - [omi-9.txt] mode=strict_deviation, all=None, threshold=2.5, P=0.4962, R=0.9155, F1=0.6436
2025-04-17 09:36:00,350 - INFO - [omi-9.txt] mode=strict_deviation, all=None, threshold=3.0, P=0.4962, R=0.9155, F1=0.6436
2025-04-17 09:36:00,350 - INFO - [omi-9.txt] mode=strict_deviation, all=None, threshold=3.5, P=0.4962, R=0.9155, F1=0.6436
2025-04-17 09:36:00,350 - INFO - [omi-9.txt] mode=strict_deviation, all=None, threshold=4.0, P=0.4962, R=0.9155, F1=0.6436
2025-04-17 09:36:00,351 - INFO - [omi-9.txt] mode=strict_deviation, all=None, threshold=4.5, P=0.4962, R=0.9155, F1=0.6436
2025-04-17 09:36:00,351 - INFO - [omi-9.txt] mode=strict_deviation, all=None, threshold=5.0, P=0.4962, R=0.9155, F1=0.6436
2025-04-17 09:36:00,351 - INFO - [omi-9.txt] mode=strict_deviation, all=None, threshold=5.5, P=0.4962, R=0.9155, F1=0.6436
2025-04-17 09:36:00,351 - INFO - [omi-9.txt] mode=strict_deviation, all=None, threshold=6.0, P=0.4962, R=0.9155, F1=0.6436
2025-04-17 09:36:00,351 - INFO - [omi-9.txt] mode=strict_deviation, all=None, threshold=6.5, P=0.4962, R=0.9155, F1=0.6436
2025-04-17 09:36:00,351 - INFO - [omi-9.txt] mode=strict_deviation, all=None, threshold=7.0, P=0.4962, R=0.9155, F1=0.6436
2025-04-17 09:36:00,395 - INFO - [omi-8] Starting grid search...
2025-04-17 09:36:04,112 - INFO - [omi-8.txt] mode=strict_deviation, all=None, threshold=0.0, P=0.3580, R=0.9355, F1=0.5179
2025-04-17 09:36:04,113 - INFO - [omi-8.txt] mode=strict_deviation, all=None, threshold=0.5, P=0.3580, R=0.9355, F1=0.5179
2025-04-17 09:36:04,113 - INFO - [omi-8.txt] mode=strict_deviation, all=None, threshold=1.0, P=0.3580, R=0.9355, F1=0.5179
2025-04-17 09:36:04,113 - INFO - [omi-8.txt] mode=strict_deviation, all=None, threshold=1.5, P=0.3580, R=0.9355, F1=0.5179
2025-04-17 09:36:04,114 - INFO - [omi-8.txt] mode=strict_deviation, all=None, threshold=2.0, P=0.3580, R=0.9355, F1=0.5179
2025-04-17 09:36:04,114 - INFO - [omi-8.txt] mode=strict_deviation, all=None, threshold=2.5, P=0.3580, R=0.9355, F1=0.5179
2025-04-17 09:36:04,129 - INFO - [omi-8.txt] mode=strict_deviation, all=None, threshold=3.0, P=0.3580, R=0.9355, F1=0.5179
2025-04-17 09:36:04,129 - INFO - [omi-8.txt] mode=strict_deviation, all=None, threshold=3.5, P=0.3580, R=0.9355, F1=0.5179
2025-04-17 09:36:04,130 - INFO - [omi-8.txt] mode=strict_deviation, all=None, threshold=4.0, P=0.3580, R=0.9355, F1=0.5179
2025-04-17 09:36:04,130 - INFO - [omi-8.txt] mode=strict_deviation, all=None, threshold=4.5, P=0.3580, R=0.9355, F1=0.5179
2025-04-17 09:36:04,277 - INFO - [omi-8.txt] mode=strict_deviation, all=None, threshold=5.0, P=0.3580, R=0.9355, F1=0.5179
2025-04-17 09:36:04,278 - INFO - [omi-8.txt] mode=strict_deviation, all=None, threshold=5.5, P=0.3580, R=0.9355, F1=0.5179
2025-04-17 09:36:04,590 - INFO - [omi-8.txt] mode=strict_deviation, all=None, threshold=6.0, P=0.3580, R=0.9355, F1=0.5179
2025-04-17 09:36:04,590 - INFO - [omi-8.txt] mode=strict_deviation, all=None, threshold=6.5, P=0.3580, R=0.9355, F1=0.5179
2025-04-17 09:36:04,590 - INFO - [omi-8.txt] mode=strict_deviation, all=None, threshold=7.0, P=0.3580, R=0.9355, F1=0.5179
2025-04-17 09:36:04,635 - INFO - [omi-2] Starting grid search...
2025-04-17 09:36:08,493 - INFO - [omi-2.txt] mode=strict_deviation, all=None, threshold=0.0, P=0.4559, R=1.0000, F1=0.6263
2025-04-17 09:36:08,494 - INFO - [omi-2.txt] mode=strict_deviation, all=None, threshold=0.5, P=0.4559, R=1.0000, F1=0.6263
2025-04-17 09:36:08,495 - INFO - [omi-2.txt] mode=strict_deviation, all=None, threshold=1.0, P=0.4559, R=1.0000, F1=0.6263
2025-04-17 09:36:08,495 - INFO - [omi-2.txt] mode=strict_deviation, all=None, threshold=1.5, P=0.4559, R=1.0000, F1=0.6263
2025-04-17 09:36:08,495 - INFO - [omi-2.txt] mode=strict_deviation, all=None, threshold=2.0, P=0.4559, R=1.0000, F1=0.6263
2025-04-17 09:36:08,495 - INFO - [omi-2.txt] mode=strict_deviation, all=None, threshold=2.5, P=0.4559, R=1.0000, F1=0.6263
2025-04-17 09:36:08,499 - INFO - [omi-2.txt] mode=strict_deviation, all=None, threshold=3.0, P=0.4559, R=1.0000, F1=0.6263
2025-04-17 09:36:08,499 - INFO - [omi-2.txt] mode=strict_deviation, all=None, threshold=3.5, P=0.4559, R=1.0000, F1=0.6263
2025-04-17 09:36:08,499 - INFO - [omi-2.txt] mode=strict_deviation, all=None, threshold=4.0, P=0.4559, R=1.0000, F1=0.6263
2025-04-17 09:36:08,521 - INFO - [omi-2.txt] mode=strict_deviation, all=None, threshold=4.5, P=0.4559, R=1.0000, F1=0.6263
2025-04-17 09:36:08,521 - INFO - [omi-2.txt] mode=strict_deviation, all=None, threshold=5.0, P=0.4559, R=1.0000, F1=0.6263
2025-04-17 09:36:08,521 - INFO - [omi-2.txt] mode=strict_deviation, all=None, threshold=5.5, P=0.4559, R=1.0000, F1=0.6263
2025-04-17 09:36:08,521 - INFO - [omi-2.txt] mode=strict_deviation, all=None, threshold=6.0, P=0.4559, R=1.0000, F1=0.6263
2025-04-17 09:36:08,529 - INFO - [omi-2.txt] mode=strict_deviation, all=None, threshold=6.5, P=0.4559, R=1.0000, F1=0.6263
2025-04-17 09:36:08,529 - INFO - [omi-2.txt] mode=strict_deviation, all=None, threshold=7.0, P=0.4697, R=1.0000, F1=0.6392
2025-04-17 09:36:08,574 - INFO - [omi-11] Starting grid search...
2025-04-17 09:36:12,546 - INFO - [omi-11.txt] mode=strict_deviation, all=None, threshold=0.0, P=0.3434, R=0.9828, F1=0.5089
2025-04-17 09:36:12,620 - INFO - [omi-11.txt] mode=strict_deviation, all=None, threshold=0.5, P=0.3434, R=0.9828, F1=0.5089
2025-04-17 09:36:12,621 - INFO - [omi-11.txt] mode=strict_deviation, all=None, threshold=1.0, P=0.3434, R=0.9828, F1=0.5089
2025-04-17 09:36:12,621 - INFO - [omi-11.txt] mode=strict_deviation, all=None, threshold=1.5, P=0.3434, R=0.9828, F1=0.5089
2025-04-17 09:36:12,621 - INFO - [omi-11.txt] mode=strict_deviation, all=None, threshold=2.0, P=0.3434, R=0.9828, F1=0.5089
2025-04-17 09:36:12,621 - INFO - [omi-11.txt] mode=strict_deviation, all=None, threshold=2.5, P=0.3434, R=0.9828, F1=0.5089
2025-04-17 09:36:12,632 - INFO - [omi-11.txt] mode=strict_deviation, all=None, threshold=3.0, P=0.3434, R=0.9828, F1=0.5089
2025-04-17 09:36:12,632 - INFO - [omi-11.txt] mode=strict_deviation, all=None, threshold=3.5, P=0.3434, R=0.9828, F1=0.5089
2025-04-17 09:36:12,632 - INFO - [omi-11.txt] mode=strict_deviation, all=None, threshold=4.0, P=0.3434, R=0.9828, F1=0.5089
2025-04-17 09:36:12,822 - INFO - [omi-11.txt] mode=strict_deviation, all=None, threshold=4.5, P=0.3434, R=0.9828, F1=0.5089
2025-04-17 09:36:12,823 - INFO - [omi-11.txt] mode=strict_deviation, all=None, threshold=5.0, P=0.3434, R=0.9828, F1=0.5089
2025-04-17 09:36:12,823 - INFO - [omi-11.txt] mode=strict_deviation, all=None, threshold=5.5, P=0.3434, R=0.9828, F1=0.5089
2025-04-17 09:36:13,076 - INFO - [omi-11.txt] mode=strict_deviation, all=None, threshold=6.0, P=0.3434, R=0.9828, F1=0.5089
2025-04-17 09:36:13,077 - INFO - [omi-11.txt] mode=strict_deviation, all=None, threshold=6.5, P=0.3434, R=0.9828, F1=0.5089
2025-04-17 09:36:13,077 - INFO - [omi-11.txt] mode=strict_deviation, all=None, threshold=7.0, P=0.3434, R=0.9828, F1=0.5089
2025-04-17 09:36:13,123 - INFO - [omi-10] Starting grid search...
2025-04-17 09:36:17,210 - INFO - [omi-10.txt] mode=strict_deviation, all=None, threshold=0.0, P=0.4688, R=0.9836, F1=0.6349
2025-04-17 09:36:17,226 - INFO - [omi-10.txt] mode=strict_deviation, all=None, threshold=0.5, P=0.4688, R=0.9836, F1=0.6349
2025-04-17 09:36:17,226 - INFO - [omi-10.txt] mode=strict_deviation, all=None, threshold=1.0, P=0.4688, R=0.9836, F1=0.6349
2025-04-17 09:36:17,226 - INFO - [omi-10.txt] mode=strict_deviation, all=None, threshold=1.5, P=0.4688, R=0.9836, F1=0.6349
2025-04-17 09:36:17,226 - INFO - [omi-10.txt] mode=strict_deviation, all=None, threshold=2.0, P=0.4688, R=0.9836, F1=0.6349
2025-04-17 09:36:17,408 - INFO - [omi-10.txt] mode=strict_deviation, all=None, threshold=2.5, P=0.4688, R=0.9836, F1=0.6349
2025-04-17 09:36:17,408 - INFO - [omi-10.txt] mode=strict_deviation, all=None, threshold=3.0, P=0.4683, R=0.9672, F1=0.6310
2025-04-17 09:36:17,408 - INFO - [omi-10.txt] mode=strict_deviation, all=None, threshold=3.5, P=0.4758, R=0.9672, F1=0.6378
2025-04-17 09:36:17,409 - INFO - [omi-10.txt] mode=strict_deviation, all=None, threshold=4.0, P=0.4836, R=0.9672, F1=0.6448
2025-04-17 09:36:17,409 - INFO - [omi-10.txt] mode=strict_deviation, all=None, threshold=4.5, P=0.4836, R=0.9672, F1=0.6448
2025-04-17 09:36:17,409 - INFO - [omi-10.txt] mode=strict_deviation, all=None, threshold=5.0, P=0.4836, R=0.9672, F1=0.6448
2025-04-17 09:36:17,409 - INFO - [omi-10.txt] mode=strict_deviation, all=None, threshold=5.5, P=0.4836, R=0.9672, F1=0.6448
2025-04-17 09:36:17,409 - INFO - [omi-10.txt] mode=strict_deviation, all=None, threshold=6.0, P=0.4836, R=0.9672, F1=0.6448
2025-04-17 09:36:17,409 - INFO - [omi-10.txt] mode=strict_deviation, all=None, threshold=6.5, P=0.4836, R=0.9672, F1=0.6448
2025-04-17 09:36:17,409 - INFO - [omi-10.txt] mode=strict_deviation, all=None, threshold=7.0, P=0.4836, R=0.9672, F1=0.6448
2025-04-17 09:36:17,456 - INFO - [omi-4] Starting grid search...
2025-04-17 09:36:21,357 - INFO - [omi-4.txt] mode=strict_deviation, all=None, threshold=0.0, P=0.8250, R=0.9851, F1=0.8980
2025-04-17 09:36:21,416 - INFO - [omi-4.txt] mode=strict_deviation, all=None, threshold=0.5, P=0.8250, R=0.9851, F1=0.8980
2025-04-17 09:36:21,446 - INFO - [omi-4.txt] mode=strict_deviation, all=None, threshold=1.0, P=0.8250, R=0.9851, F1=0.8980
2025-04-17 09:36:21,479 - INFO - [omi-4.txt] mode=strict_deviation, all=None, threshold=1.5, P=0.8250, R=0.9851, F1=0.8980
2025-04-17 09:36:21,481 - INFO - [omi-4.txt] mode=strict_deviation, all=None, threshold=2.0, P=0.8250, R=0.9851, F1=0.8980
2025-04-17 09:36:21,481 - INFO - [omi-4.txt] mode=strict_deviation, all=None, threshold=2.5, P=0.8250, R=0.9851, F1=0.8980
2025-04-17 09:36:21,481 - INFO - [omi-4.txt] mode=strict_deviation, all=None, threshold=3.0, P=0.8250, R=0.9851, F1=0.8980
2025-04-17 09:36:21,482 - INFO - [omi-4.txt] mode=strict_deviation, all=None, threshold=3.5, P=0.8462, R=0.9851, F1=0.9103
2025-04-17 09:36:21,507 - INFO - [omi-4.txt] mode=strict_deviation, all=None, threshold=4.0, P=0.8462, R=0.9851, F1=0.9103
2025-04-17 09:36:21,508 - INFO - [omi-4.txt] mode=strict_deviation, all=None, threshold=4.5, P=0.8462, R=0.9851, F1=0.9103
2025-04-17 09:36:21,513 - INFO - [omi-4.txt] mode=strict_deviation, all=None, threshold=5.0, P=0.8462, R=0.9851, F1=0.9103
2025-04-17 09:36:21,717 - INFO - [omi-4.txt] mode=strict_deviation, all=None, threshold=5.5, P=0.8462, R=0.9851, F1=0.9103
2025-04-17 09:36:21,718 - INFO - [omi-4.txt] mode=strict_deviation, all=None, threshold=6.0, P=0.8462, R=0.9851, F1=0.9103
2025-04-17 09:36:21,718 - INFO - [omi-4.txt] mode=strict_deviation, all=None, threshold=6.5, P=0.8462, R=0.9851, F1=0.9103
2025-04-17 09:36:21,718 - INFO - [omi-4.txt] mode=strict_deviation, all=None, threshold=7.0, P=0.8442, R=0.9701, F1=0.9028
2025-04-17 09:36:21,763 - INFO - [omi-3] Starting grid search...
2025-04-17 09:36:25,696 - INFO - [omi-3.txt] mode=strict_deviation, all=None, threshold=0.0, P=0.8025, R=0.8333, F1=0.8176
2025-04-17 09:36:25,697 - INFO - [omi-3.txt] mode=strict_deviation, all=None, threshold=0.5, P=0.8025, R=0.8333, F1=0.8176
2025-04-17 09:36:25,697 - INFO - [omi-3.txt] mode=strict_deviation, all=None, threshold=1.0, P=0.8025, R=0.8333, F1=0.8176
2025-04-17 09:36:25,697 - INFO - [omi-3.txt] mode=strict_deviation, all=None, threshold=1.5, P=0.8025, R=0.8333, F1=0.8176
2025-04-17 09:36:25,698 - INFO - [omi-3.txt] mode=strict_deviation, all=None, threshold=2.0, P=0.8025, R=0.8333, F1=0.8176
2025-04-17 09:36:25,698 - INFO - [omi-3.txt] mode=strict_deviation, all=None, threshold=2.5, P=0.8025, R=0.8333, F1=0.8176
2025-04-17 09:36:25,698 - INFO - [omi-3.txt] mode=strict_deviation, all=None, threshold=3.0, P=0.8025, R=0.8333, F1=0.8176
2025-04-17 09:36:26,082 - INFO - [omi-3.txt] mode=strict_deviation, all=None, threshold=3.5, P=0.8228, R=0.8333, F1=0.8280
2025-04-17 09:36:26,083 - INFO - [omi-3.txt] mode=strict_deviation, all=None, threshold=4.0, P=0.8228, R=0.8333, F1=0.8280
2025-04-17 09:36:26,083 - INFO - [omi-3.txt] mode=strict_deviation, all=None, threshold=4.5, P=0.8228, R=0.8333, F1=0.8280
2025-04-17 09:36:26,083 - INFO - [omi-3.txt] mode=strict_deviation, all=None, threshold=5.0, P=0.8228, R=0.8333, F1=0.8280
2025-04-17 09:36:26,083 - INFO - [omi-3.txt] mode=strict_deviation, all=None, threshold=5.5, P=0.8228, R=0.8333, F1=0.8280
2025-04-17 09:36:26,083 - INFO - [omi-3.txt] mode=strict_deviation, all=None, threshold=6.0, P=0.8228, R=0.8333, F1=0.8280
2025-04-17 09:36:26,083 - INFO - [omi-3.txt] mode=strict_deviation, all=None, threshold=6.5, P=0.8205, R=0.8205, F1=0.8205
2025-04-17 09:36:26,084 - INFO - [omi-3.txt] mode=strict_deviation, all=None, threshold=7.0, P=0.8205, R=0.8205, F1=0.8205
2025-04-17 09:36:26,132 - INFO - 
==================================================
2025-04-17 09:36:26,132 - INFO - 开始汇总结果...
2025-04-17 09:36:26,141 - INFO - 
===== Best Results per Dataset =====
   dataset       score_mode neighbor_param  score_threshold neighbor_selection  precision   recall  f1_score
 omi-1.txt strict_deviation           None              0.0                all   0.739496 0.988764  0.846154
omi-10.txt strict_deviation           None              6.0                all   0.483607 0.967213  0.644809
omi-11.txt strict_deviation           None              3.0                all   0.343373 0.982759  0.508929
omi-12.txt strict_deviation           None              5.5                all   0.649123 0.925000  0.762887
 omi-2.txt strict_deviation           None              7.0                all   0.469697 1.000000  0.639175
 omi-3.txt strict_deviation           None              5.5                all   0.822785 0.833333  0.828025
 omi-4.txt strict_deviation           None              6.0                all   0.846154 0.985075  0.910345
 omi-5.txt strict_deviation           None              0.5                all   0.475728 1.000000  0.644737
 omi-6.txt strict_deviation           None              5.0                all   0.263804 0.977273  0.415459
 omi-7.txt strict_deviation           None              2.0                all   0.904762 0.974359  0.938272
 omi-8.txt strict_deviation           None              5.5                all   0.358025 0.935484  0.517857
 omi-9.txt strict_deviation           None              6.5                all   0.496183 0.915493  0.643564
2025-04-17 09:36:26,141 - INFO - 
===== Overall Metrics =====
Precision: 0.4957  Recall: 0.9547  F1: 0.6525
2025-04-17 09:36:26,141 - INFO - 
【原始汇总指标】
2025-04-17 09:36:26,141 - INFO - 精确率(Precision): 0.4957
2025-04-17 09:36:26,141 - INFO - 召回率(Recall):    0.9547
2025-04-17 09:36:26,141 - INFO - F1值:             0.6525
2025-04-17 09:36:26,141 - INFO - 
==================================================
2025-04-17 09:36:26,141 - INFO - 开始生成可视化结果...
2025-04-17 09:36:26,142 - INFO - 
==================================================
2025-04-17 09:36:26,142 - INFO - 开始数据集可视化: omi-1
2025-04-17 09:36:26,142 - INFO - 使用参数: 评分模式=strict_deviation, all=None, 阈值=0.0
2025-04-17 09:36:26,142 - INFO - ==================================================

2025-04-17 09:36:26,142 - INFO - 正在加载数据集 omi-1 的数据
2025-04-17 09:36:26,143 - INFO - 数据加载成功。训练集形状: (8640, 19), 测试集形状: (4320, 19)
2025-04-17 09:36:26,143 - INFO - 正在计算边缘统计量...
2025-04-17 09:36:29,328 - INFO - 已计算 170 条边的统计量
2025-04-17 09:36:29,328 - INFO - 为每个节点使用所有邻居
2025-04-17 09:36:29,329 - INFO - 可视化结果将保存到: ./visual/omi/neighbor_all/strict_deviation/omi-1
2025-04-17 09:36:29,329 - INFO - 在数据集中发现 7 个异常时间段
2025-04-17 09:36:29,329 - INFO - 
正在处理时间段 1/7: 760-765
2025-04-17 09:36:29,330 - INFO - 该时间段的真实异常节点: {4, 5, 7, 8, 9, 10, 11, 12, 13, 14, 15, 16, 17, 18, 19}
2025-04-17 09:36:29,330 - INFO - 正在计算异常分数...
2025-04-17 09:36:29,332 - INFO - 检测到的异常节点: {1, 4, 7, 8, 9, 10, 11, 12, 13, 14, 15, 16, 17, 18, 19}
2025-04-17 09:36:29,332 - INFO - 正在为时间段 760-765 生成可视化
2025-04-17 09:36:29,332 - INFO - 正在为时间段 760-765 生成异常图可视化
2025-04-17 09:36:29,332 - DEBUG - 创建包含 19 个节点的图结构
2025-04-17 09:36:29,333 - DEBUG - 边统计: 正常边 218 条, 异常边 22 条
2025-04-17 09:36:29,398 - DEBUG - 正在保存可视化结果到 ./visual/omi/neighbor_all/strict_deviation/omi-1/seg_0_760_765.png
2025-04-17 09:36:29,618 - INFO - 成功保存时间段 760-765 的可视化结果
2025-04-17 09:36:29,618 - INFO - 
正在处理时间段 2/7: 1064-1298
2025-04-17 09:36:29,618 - INFO - 该时间段的真实异常节点: {6, 7, 9, 10, 11, 12, 13, 14, 15, 16, 17, 18, 19}
2025-04-17 09:36:29,618 - INFO - 正在计算异常分数...
2025-04-17 09:36:29,775 - INFO - 检测到的异常节点: {1, 3, 4, 5, 6, 7, 8, 9, 10, 11, 12, 13, 14, 15, 16, 17, 18, 19}
2025-04-17 09:36:29,775 - INFO - 正在为时间段 1064-1298 生成可视化
2025-04-17 09:36:29,775 - INFO - 正在为时间段 1064-1298 生成异常图可视化
2025-04-17 09:36:29,775 - DEBUG - 创建包含 19 个节点的图结构
2025-04-17 09:36:29,776 - DEBUG - 边统计: 正常边 284 条, 异常边 22 条
2025-04-17 09:36:29,921 - DEBUG - 正在保存可视化结果到 ./visual/omi/neighbor_all/strict_deviation/omi-1/seg_1_1064_1298.png
2025-04-17 09:36:30,172 - INFO - 成功保存时间段 1064-1298 的可视化结果
2025-04-17 09:36:30,172 - INFO - 
正在处理时间段 3/7: 2758-2772
2025-04-17 09:36:30,172 - INFO - 该时间段的真实异常节点: {5, 6, 7, 8, 9, 10, 11, 12, 13, 14, 15, 16, 17, 18, 19}
2025-04-17 09:36:30,172 - INFO - 正在计算异常分数...
2025-04-17 09:36:30,182 - INFO - 检测到的异常节点: {1, 4, 5, 6, 7, 8, 9, 10, 11, 12, 13, 14, 15, 16, 17, 18, 19}
2025-04-17 09:36:30,182 - INFO - 正在为时间段 2758-2772 生成可视化
2025-04-17 09:36:30,182 - INFO - 正在为时间段 2758-2772 生成异常图可视化
2025-04-17 09:36:30,182 - DEBUG - 创建包含 19 个节点的图结构
2025-04-17 09:36:30,183 - DEBUG - 边统计: 正常边 218 条, 异常边 54 条
2025-04-17 09:36:30,242 - DEBUG - 正在保存可视化结果到 ./visual/omi/neighbor_all/strict_deviation/omi-1/seg_2_2758_2772.png
2025-04-17 09:36:30,459 - INFO - 成功保存时间段 2758-2772 的可视化结果
2025-04-17 09:36:30,459 - INFO - 
正在处理时间段 4/7: 2874-2885
2025-04-17 09:36:30,460 - INFO - 该时间段的真实异常节点: {7, 9, 10, 11, 12, 13, 14, 15, 16, 17, 18}
2025-04-17 09:36:30,460 - INFO - 正在计算异常分数...
2025-04-17 09:36:30,467 - INFO - 检测到的异常节点: {1, 4, 5, 6, 7, 8, 9, 10, 11, 12, 13, 14, 15, 16, 17, 18, 19}
2025-04-17 09:36:30,467 - INFO - 正在为时间段 2874-2885 生成可视化
2025-04-17 09:36:30,467 - INFO - 正在为时间段 2874-2885 生成异常图可视化
2025-04-17 09:36:30,467 - DEBUG - 创建包含 19 个节点的图结构
2025-04-17 09:36:30,468 - DEBUG - 边统计: 正常边 250 条, 异常边 22 条
2025-04-17 09:36:30,526 - DEBUG - 正在保存可视化结果到 ./visual/omi/neighbor_all/strict_deviation/omi-1/seg_3_2874_2885.png
2025-04-17 09:36:30,743 - INFO - 成功保存时间段 2874-2885 的可视化结果
2025-04-17 09:36:30,743 - INFO - 
正在处理时间段 5/7: 3012-3025
2025-04-17 09:36:30,743 - INFO - 该时间段的真实异常节点: {7, 10, 11, 12, 13, 14, 15, 16, 17, 18, 19}
2025-04-17 09:36:30,743 - INFO - 正在计算异常分数...
2025-04-17 09:36:30,752 - INFO - 检测到的异常节点: {1, 4, 5, 6, 7, 8, 9, 10, 11, 12, 13, 14, 15, 16, 17, 18, 19}
2025-04-17 09:36:30,752 - INFO - 正在为时间段 3012-3025 生成可视化
2025-04-17 09:36:30,752 - INFO - 正在为时间段 3012-3025 生成异常图可视化
2025-04-17 09:36:30,752 - DEBUG - 创建包含 19 个节点的图结构
2025-04-17 09:36:30,753 - DEBUG - 边统计: 正常边 232 条, 异常边 40 条
2025-04-17 09:36:30,810 - DEBUG - 正在保存可视化结果到 ./visual/omi/neighbor_all/strict_deviation/omi-1/seg_4_3012_3025.png
2025-04-17 09:36:31,027 - INFO - 成功保存时间段 3012-3025 的可视化结果
2025-04-17 09:36:31,027 - INFO - 
正在处理时间段 6/7: 3160-3305
2025-04-17 09:36:31,028 - INFO - 该时间段的真实异常节点: {8, 9, 10, 11, 12, 13, 14, 15, 16, 17, 18, 19}
2025-04-17 09:36:31,028 - INFO - 正在计算异常分数...
2025-04-17 09:36:31,122 - INFO - 检测到的异常节点: {1, 3, 4, 5, 6, 7, 8, 9, 10, 11, 12, 13, 14, 15, 16, 17, 18, 19}
2025-04-17 09:36:31,122 - INFO - 正在为时间段 3160-3305 生成可视化
2025-04-17 09:36:31,122 - INFO - 正在为时间段 3160-3305 生成异常图可视化
2025-04-17 09:36:31,122 - DEBUG - 创建包含 19 个节点的图结构
2025-04-17 09:36:31,123 - DEBUG - 边统计: 正常边 304 条, 异常边 2 条
2025-04-17 09:36:31,177 - DEBUG - 正在保存可视化结果到 ./visual/omi/neighbor_all/strict_deviation/omi-1/seg_5_3160_3305.png
2025-04-17 09:36:31,424 - INFO - 成功保存时间段 3160-3305 的可视化结果
2025-04-17 09:36:31,424 - INFO - 
正在处理时间段 7/7: 3626-3638
2025-04-17 09:36:31,424 - INFO - 该时间段的真实异常节点: {7, 9, 10, 11, 12, 13, 14, 15, 16, 17, 18, 19}
2025-04-17 09:36:31,424 - INFO - 正在计算异常分数...
2025-04-17 09:36:31,433 - INFO - 检测到的异常节点: {1, 4, 5, 6, 7, 8, 9, 10, 11, 12, 13, 14, 15, 16, 17, 18, 19}
2025-04-17 09:36:31,433 - INFO - 正在为时间段 3626-3638 生成可视化
2025-04-17 09:36:31,433 - INFO - 正在为时间段 3626-3638 生成异常图可视化
2025-04-17 09:36:31,433 - DEBUG - 创建包含 19 个节点的图结构
2025-04-17 09:36:31,434 - DEBUG - 边统计: 正常边 234 条, 异常边 38 条
2025-04-17 09:36:31,491 - DEBUG - 正在保存可视化结果到 ./visual/omi/neighbor_all/strict_deviation/omi-1/seg_6_3626_3638.png
2025-04-17 09:36:31,710 - INFO - 成功保存时间段 3626-3638 的可视化结果
2025-04-17 09:36:31,710 - INFO - 正在生成所有异常段的综合可视化图像: ./visual/omi/neighbor_all/strict_deviation/omi-1/all_segments.png
2025-04-17 09:36:31,710 - INFO - 生成全屏优化的可视化图表
2025-04-17 09:36:32,786 - INFO - 已生成全屏优化的可视化图表: ./visual/omi/neighbor_all/strict_deviation/omi-1/all_segments.png
2025-04-17 09:36:32,786 - INFO - 正在从 ./visual/omi/neighbor_all/strict_deviation/omi-1 中的图像创建GIF
2025-04-17 09:36:33,472 - INFO - GIF已保存到 ./visual/omi/neighbor_all/strict_deviation/omi-1/omi-1.gif
2025-04-17 09:36:33,472 - INFO - 
==================================================
2025-04-17 09:36:33,472 - INFO - 开始数据集可视化: omi-10
2025-04-17 09:36:33,472 - INFO - 使用参数: 评分模式=strict_deviation, all=None, 阈值=6.0
2025-04-17 09:36:33,472 - INFO - ==================================================

2025-04-17 09:36:33,473 - INFO - 正在加载数据集 omi-10 的数据
2025-04-17 09:36:33,473 - INFO - 数据加载成功。训练集形状: (8640, 19), 测试集形状: (4320, 19)
2025-04-17 09:36:33,473 - INFO - 正在计算边缘统计量...
2025-04-17 09:36:36,731 - INFO - 已计算 136 条边的统计量
2025-04-17 09:36:36,731 - INFO - 为每个节点使用所有邻居
2025-04-17 09:36:36,732 - INFO - 可视化结果将保存到: ./visual/omi/neighbor_all/strict_deviation/omi-10
2025-04-17 09:36:36,732 - INFO - 在数据集中发现 8 个异常时间段
2025-04-17 09:36:36,733 - INFO - 
正在处理时间段 1/8: 740-780
2025-04-17 09:36:36,733 - INFO - 该时间段的真实异常节点: {2, 5, 6, 7, 8, 9, 10, 11, 12, 13, 14, 15, 16, 17, 18, 19}
2025-04-17 09:36:36,733 - INFO - 正在计算异常分数...
2025-04-17 09:36:36,765 - INFO - 检测到的异常节点: {1, 4, 5, 6, 7, 8, 9, 10, 11, 12, 13, 14, 15, 16, 17, 18, 19}
2025-04-17 09:36:36,765 - INFO - 正在为时间段 740-780 生成可视化
2025-04-17 09:36:36,765 - INFO - 正在为时间段 740-780 生成异常图可视化
2025-04-17 09:36:36,765 - DEBUG - 创建包含 19 个节点的图结构
2025-04-17 09:36:36,767 - DEBUG - 边统计: 正常边 166 条, 异常边 106 条
2025-04-17 09:36:36,938 - DEBUG - 正在保存可视化结果到 ./visual/omi/neighbor_all/strict_deviation/omi-10/seg_0_740_780.png
2025-04-17 09:36:37,161 - INFO - 成功保存时间段 740-780 的可视化结果
2025-04-17 09:36:37,161 - INFO - 
正在处理时间段 2/8: 1345-1406
2025-04-17 09:36:37,161 - INFO - 该时间段的真实异常节点: {7, 9, 10, 11, 12, 13, 14, 15, 16, 17, 18}
2025-04-17 09:36:37,161 - INFO - 正在计算异常分数...
2025-04-17 09:36:37,210 - INFO - 检测到的异常节点: {1, 4, 5, 6, 7, 8, 9, 10, 11, 12, 13, 14, 15, 16, 17, 18, 19}
2025-04-17 09:36:37,211 - INFO - 正在为时间段 1345-1406 生成可视化
2025-04-17 09:36:37,211 - INFO - 正在为时间段 1345-1406 生成异常图可视化
2025-04-17 09:36:37,211 - DEBUG - 创建包含 19 个节点的图结构
2025-04-17 09:36:37,212 - DEBUG - 边统计: 正常边 268 条, 异常边 4 条
2025-04-17 09:36:37,270 - DEBUG - 正在保存可视化结果到 ./visual/omi/neighbor_all/strict_deviation/omi-10/seg_1_1345_1406.png
2025-04-17 09:36:37,486 - INFO - 成功保存时间段 1345-1406 的可视化结果
2025-04-17 09:36:37,486 - INFO - 
正在处理时间段 3/8: 2224-2272
2025-04-17 09:36:37,486 - INFO - 该时间段的真实异常节点: {4, 5, 6, 7, 9, 10, 11, 12, 13, 14, 15, 16, 17, 18, 19}
2025-04-17 09:36:37,486 - INFO - 正在计算异常分数...
2025-04-17 09:36:37,524 - INFO - 检测到的异常节点: {1, 4, 5, 6, 7, 8, 9, 10, 11, 12, 13, 14, 15, 16, 17, 18, 19}
2025-04-17 09:36:37,524 - INFO - 正在为时间段 2224-2272 生成可视化
2025-04-17 09:36:37,524 - INFO - 正在为时间段 2224-2272 生成异常图可视化
2025-04-17 09:36:37,525 - DEBUG - 创建包含 19 个节点的图结构
2025-04-17 09:36:37,526 - DEBUG - 边统计: 正常边 264 条, 异常边 8 条
2025-04-17 09:36:37,583 - DEBUG - 正在保存可视化结果到 ./visual/omi/neighbor_all/strict_deviation/omi-10/seg_2_2224_2272.png
2025-04-17 09:36:37,796 - INFO - 成功保存时间段 2224-2272 的可视化结果
2025-04-17 09:36:37,796 - INFO - 
正在处理时间段 4/8: 2514-2592
2025-04-17 09:36:37,797 - INFO - 该时间段的真实异常节点: {16, 4}
2025-04-17 09:36:37,797 - INFO - 正在计算异常分数...
2025-04-17 09:36:37,858 - INFO - 检测到的异常节点: {1, 4, 5, 6, 7, 8, 9, 10, 11, 12, 13, 14, 15, 16, 17, 18, 19}
2025-04-17 09:36:37,858 - INFO - 正在为时间段 2514-2592 生成可视化
2025-04-17 09:36:37,858 - INFO - 正在为时间段 2514-2592 生成异常图可视化
2025-04-17 09:36:37,859 - DEBUG - 创建包含 19 个节点的图结构
2025-04-17 09:36:37,860 - DEBUG - 边统计: 正常边 272 条, 异常边 0 条
2025-04-17 09:36:37,918 - DEBUG - 正在保存可视化结果到 ./visual/omi/neighbor_all/strict_deviation/omi-10/seg_3_2514_2592.png
2025-04-17 09:36:38,133 - INFO - 成功保存时间段 2514-2592 的可视化结果
2025-04-17 09:36:38,133 - INFO - 
正在处理时间段 5/8: 2733-2778
2025-04-17 09:36:38,133 - INFO - 该时间段的真实异常节点: {11, 14, 15}
2025-04-17 09:36:38,133 - INFO - 正在计算异常分数...
2025-04-17 09:36:38,168 - INFO - 检测到的异常节点: {1, 4, 5, 7, 8, 9, 10, 11, 12, 13, 14, 15, 16, 17, 18, 19}
2025-04-17 09:36:38,168 - INFO - 正在为时间段 2733-2778 生成可视化
2025-04-17 09:36:38,168 - INFO - 正在为时间段 2733-2778 生成异常图可视化
2025-04-17 09:36:38,168 - DEBUG - 创建包含 19 个节点的图结构
2025-04-17 09:36:38,169 - DEBUG - 边统计: 正常边 238 条, 异常边 2 条
2025-04-17 09:36:38,229 - DEBUG - 正在保存可视化结果到 ./visual/omi/neighbor_all/strict_deviation/omi-10/seg_4_2733_2778.png
2025-04-17 09:36:38,445 - INFO - 成功保存时间段 2733-2778 的可视化结果
2025-04-17 09:36:38,445 - INFO - 
正在处理时间段 6/8: 3401-3405
2025-04-17 09:36:38,445 - INFO - 该时间段的真实异常节点: {1}
2025-04-17 09:36:38,445 - INFO - 正在计算异常分数...
2025-04-17 09:36:38,447 - INFO - 检测到的异常节点: {16, 4, 5, 6}
2025-04-17 09:36:38,447 - INFO - 正在为时间段 3401-3405 生成可视化
2025-04-17 09:36:38,447 - INFO - 正在为时间段 3401-3405 生成异常图可视化
2025-04-17 09:36:38,447 - DEBUG - 创建包含 19 个节点的图结构
2025-04-17 09:36:38,448 - DEBUG - 边统计: 正常边 252 条, 异常边 20 条
2025-04-17 09:36:38,505 - DEBUG - 正在保存可视化结果到 ./visual/omi/neighbor_all/strict_deviation/omi-10/seg_5_3401_3405.png
2025-04-17 09:36:38,722 - INFO - 成功保存时间段 3401-3405 的可视化结果
2025-04-17 09:36:38,722 - INFO - 
正在处理时间段 7/8: 3414-3459
2025-04-17 09:36:38,722 - INFO - 该时间段的真实异常节点: {8}
2025-04-17 09:36:38,722 - INFO - 正在计算异常分数...
2025-04-17 09:36:38,757 - INFO - 检测到的异常节点: {1, 4, 5, 6, 7, 8, 9, 10, 11, 12, 13, 14, 15, 16, 17, 18, 19}
2025-04-17 09:36:38,757 - INFO - 正在为时间段 3414-3459 生成可视化
2025-04-17 09:36:38,757 - INFO - 正在为时间段 3414-3459 生成异常图可视化
2025-04-17 09:36:38,757 - DEBUG - 创建包含 19 个节点的图结构
2025-04-17 09:36:38,758 - DEBUG - 边统计: 正常边 234 条, 异常边 38 条
2025-04-17 09:36:38,815 - DEBUG - 正在保存可视化结果到 ./visual/omi/neighbor_all/strict_deviation/omi-10/seg_6_3414_3459.png
2025-04-17 09:36:39,034 - INFO - 成功保存时间段 3414-3459 的可视化结果
2025-04-17 09:36:39,034 - INFO - 
正在处理时间段 8/8: 3700-3744
2025-04-17 09:36:39,034 - INFO - 该时间段的真实异常节点: {7, 8, 9, 10, 11, 12, 13, 14, 15, 16, 17, 18}
2025-04-17 09:36:39,034 - INFO - 正在计算异常分数...
2025-04-17 09:36:39,068 - INFO - 检测到的异常节点: {1, 4, 5, 6, 7, 8, 9, 10, 11, 12, 13, 14, 15, 16, 17, 18, 19}
2025-04-17 09:36:39,068 - INFO - 正在为时间段 3700-3744 生成可视化
2025-04-17 09:36:39,069 - INFO - 正在为时间段 3700-3744 生成异常图可视化
2025-04-17 09:36:39,069 - DEBUG - 创建包含 19 个节点的图结构
2025-04-17 09:36:39,070 - DEBUG - 边统计: 正常边 228 条, 异常边 44 条
2025-04-17 09:36:39,127 - DEBUG - 正在保存可视化结果到 ./visual/omi/neighbor_all/strict_deviation/omi-10/seg_7_3700_3744.png
2025-04-17 09:36:39,345 - INFO - 成功保存时间段 3700-3744 的可视化结果
2025-04-17 09:36:39,345 - INFO - 正在生成所有异常段的综合可视化图像: ./visual/omi/neighbor_all/strict_deviation/omi-10/all_segments.png
2025-04-17 09:36:39,345 - INFO - 生成全屏优化的可视化图表
2025-04-17 09:36:40,543 - INFO - 已生成全屏优化的可视化图表: ./visual/omi/neighbor_all/strict_deviation/omi-10/all_segments.png
2025-04-17 09:36:40,543 - INFO - 正在从 ./visual/omi/neighbor_all/strict_deviation/omi-10 中的图像创建GIF
2025-04-17 09:36:41,283 - INFO - GIF已保存到 ./visual/omi/neighbor_all/strict_deviation/omi-10/omi-10.gif
2025-04-17 09:36:41,283 - INFO - 
==================================================
2025-04-17 09:36:41,283 - INFO - 开始数据集可视化: omi-11
2025-04-17 09:36:41,283 - INFO - 使用参数: 评分模式=strict_deviation, all=None, 阈值=3.0
2025-04-17 09:36:41,283 - INFO - ==================================================

2025-04-17 09:36:41,284 - INFO - 正在加载数据集 omi-11 的数据
2025-04-17 09:36:41,284 - INFO - 数据加载成功。训练集形状: (8640, 19), 测试集形状: (4320, 19)
2025-04-17 09:36:41,284 - INFO - 正在计算边缘统计量...
2025-04-17 09:36:44,482 - INFO - 已计算 153 条边的统计量
2025-04-17 09:36:44,482 - INFO - 为每个节点使用所有邻居
2025-04-17 09:36:44,482 - INFO - 可视化结果将保存到: ./visual/omi/neighbor_all/strict_deviation/omi-11
2025-04-17 09:36:44,483 - INFO - 在数据集中发现 9 个异常时间段
2025-04-17 09:36:44,483 - INFO - 
正在处理时间段 1/9: 738-755
2025-04-17 09:36:44,483 - INFO - 该时间段的真实异常节点: {2}
2025-04-17 09:36:44,483 - INFO - 正在计算异常分数...
2025-04-17 09:36:44,494 - INFO - 检测到的异常节点: {4, 5, 6, 7, 8, 9, 10, 11, 12, 13, 14, 15, 16, 17, 18, 19}
2025-04-17 09:36:44,495 - INFO - 正在为时间段 738-755 生成可视化
2025-04-17 09:36:44,495 - INFO - 正在为时间段 738-755 生成异常图可视化
2025-04-17 09:36:44,495 - DEBUG - 创建包含 19 个节点的图结构
2025-04-17 09:36:44,496 - DEBUG - 边统计: 正常边 240 条, 异常边 0 条
2025-04-17 09:36:44,556 - DEBUG - 正在保存可视化结果到 ./visual/omi/neighbor_all/strict_deviation/omi-11/seg_0_738_755.png
2025-04-17 09:36:44,771 - INFO - 成功保存时间段 738-755 的可视化结果
2025-04-17 09:36:44,772 - INFO - 
正在处理时间段 2/9: 757-815
2025-04-17 09:36:44,772 - INFO - 该时间段的真实异常节点: set()
2025-04-17 09:36:44,772 - INFO - 正在计算异常分数...
2025-04-17 09:36:44,819 - INFO - 检测到的异常节点: {1, 4, 5, 6, 7, 8, 9, 10, 11, 12, 13, 14, 15, 16, 17, 18, 19}
2025-04-17 09:36:44,819 - INFO - 正在为时间段 757-815 生成可视化
2025-04-17 09:36:44,819 - INFO - 正在为时间段 757-815 生成异常图可视化
2025-04-17 09:36:44,820 - DEBUG - 创建包含 19 个节点的图结构
2025-04-17 09:36:44,821 - DEBUG - 边统计: 正常边 248 条, 异常边 24 条
2025-04-17 09:36:44,878 - DEBUG - 正在保存可视化结果到 ./visual/omi/neighbor_all/strict_deviation/omi-11/seg_1_757_815.png
2025-04-17 09:36:45,095 - INFO - 成功保存时间段 757-815 的可视化结果
2025-04-17 09:36:45,095 - INFO - 
正在处理时间段 3/9: 1366-1375
2025-04-17 09:36:45,095 - INFO - 该时间段的真实异常节点: {4, 5, 8, 17, 19}
2025-04-17 09:36:45,095 - INFO - 正在计算异常分数...
2025-04-17 09:36:45,101 - INFO - 检测到的异常节点: {1, 4, 5, 6, 7, 8, 9, 10, 11, 12, 13, 14, 15, 16, 17, 18, 19}
2025-04-17 09:36:45,102 - INFO - 正在为时间段 1366-1375 生成可视化
2025-04-17 09:36:45,102 - INFO - 正在为时间段 1366-1375 生成异常图可视化
2025-04-17 09:36:45,102 - DEBUG - 创建包含 19 个节点的图结构
2025-04-17 09:36:45,103 - DEBUG - 边统计: 正常边 210 条, 异常边 62 条
2025-04-17 09:36:45,161 - DEBUG - 正在保存可视化结果到 ./visual/omi/neighbor_all/strict_deviation/omi-11/seg_2_1366_1375.png
2025-04-17 09:36:45,380 - INFO - 成功保存时间段 1366-1375 的可视化结果
2025-04-17 09:36:45,380 - INFO - 
正在处理时间段 4/9: 2301-2314
2025-04-17 09:36:45,380 - INFO - 该时间段的真实异常节点: {17, 19, 4, 5}
2025-04-17 09:36:45,380 - INFO - 正在计算异常分数...
2025-04-17 09:36:45,390 - INFO - 检测到的异常节点: {1, 4, 5, 6, 7, 8, 9, 10, 11, 12, 13, 14, 15, 16, 17, 18, 19}
2025-04-17 09:36:45,390 - INFO - 正在为时间段 2301-2314 生成可视化
2025-04-17 09:36:45,390 - INFO - 正在为时间段 2301-2314 生成异常图可视化
2025-04-17 09:36:45,390 - DEBUG - 创建包含 19 个节点的图结构
2025-04-17 09:36:45,391 - DEBUG - 边统计: 正常边 232 条, 异常边 40 条
2025-04-17 09:36:45,448 - DEBUG - 正在保存可视化结果到 ./visual/omi/neighbor_all/strict_deviation/omi-11/seg_3_2301_2314.png
2025-04-17 09:36:45,666 - INFO - 成功保存时间段 2301-2314 的可视化结果
2025-04-17 09:36:45,666 - INFO - 
正在处理时间段 5/9: 2365-2381
2025-04-17 09:36:45,667 - INFO - 该时间段的真实异常节点: {19}
2025-04-17 09:36:45,667 - INFO - 正在计算异常分数...
2025-04-17 09:36:45,677 - INFO - 检测到的异常节点: {4, 6, 7, 8, 9, 10, 11, 12, 13, 14, 15, 16, 17, 18, 19}
2025-04-17 09:36:45,677 - INFO - 正在为时间段 2365-2381 生成可视化
2025-04-17 09:36:45,677 - INFO - 正在为时间段 2365-2381 生成异常图可视化
2025-04-17 09:36:45,677 - DEBUG - 创建包含 19 个节点的图结构
2025-04-17 09:36:45,678 - DEBUG - 边统计: 正常边 168 条, 异常边 42 条
2025-04-17 09:36:45,737 - DEBUG - 正在保存可视化结果到 ./visual/omi/neighbor_all/strict_deviation/omi-11/seg_4_2365_2381.png
2025-04-17 09:36:45,954 - INFO - 成功保存时间段 2365-2381 的可视化结果
2025-04-17 09:36:45,954 - INFO - 
正在处理时间段 6/9: 2464-2485
2025-04-17 09:36:45,954 - INFO - 该时间段的真实异常节点: {17, 19, 4, 5}
2025-04-17 09:36:45,954 - INFO - 正在计算异常分数...
2025-04-17 09:36:45,970 - INFO - 检测到的异常节点: {1, 4, 5, 6, 7, 8, 9, 10, 11, 12, 13, 14, 15, 16, 17, 18, 19}
2025-04-17 09:36:45,971 - INFO - 正在为时间段 2464-2485 生成可视化
2025-04-17 09:36:45,971 - INFO - 正在为时间段 2464-2485 生成异常图可视化
2025-04-17 09:36:45,971 - DEBUG - 创建包含 19 个节点的图结构
2025-04-17 09:36:45,972 - DEBUG - 边统计: 正常边 236 条, 异常边 36 条
2025-04-17 09:36:46,029 - DEBUG - 正在保存可视化结果到 ./visual/omi/neighbor_all/strict_deviation/omi-11/seg_5_2464_2485.png
2025-04-17 09:36:46,247 - INFO - 成功保存时间段 2464-2485 的可视化结果
2025-04-17 09:36:46,248 - INFO - 
正在处理时间段 7/9: 2588-2610
2025-04-17 09:36:46,248 - INFO - 该时间段的真实异常节点: {17, 19, 4, 5}
2025-04-17 09:36:46,248 - INFO - 正在计算异常分数...
2025-04-17 09:36:46,264 - INFO - 检测到的异常节点: {1, 4, 5, 6, 7, 8, 9, 10, 11, 12, 13, 14, 15, 16, 17, 18, 19}
2025-04-17 09:36:46,264 - INFO - 正在为时间段 2588-2610 生成可视化
2025-04-17 09:36:46,264 - INFO - 正在为时间段 2588-2610 生成异常图可视化
2025-04-17 09:36:46,264 - DEBUG - 创建包含 19 个节点的图结构
2025-04-17 09:36:46,265 - DEBUG - 边统计: 正常边 216 条, 异常边 56 条
2025-04-17 09:36:46,322 - DEBUG - 正在保存可视化结果到 ./visual/omi/neighbor_all/strict_deviation/omi-11/seg_6_2588_2610.png
2025-04-17 09:36:46,542 - INFO - 成功保存时间段 2588-2610 的可视化结果
2025-04-17 09:36:46,542 - INFO - 
正在处理时间段 8/9: 2650-2675
2025-04-17 09:36:46,542 - INFO - 该时间段的真实异常节点: {19}
2025-04-17 09:36:46,542 - INFO - 正在计算异常分数...
2025-04-17 09:36:46,560 - INFO - 检测到的异常节点: {4, 5, 6, 7, 8, 9, 10, 11, 12, 13, 14, 15, 16, 17, 18, 19}
2025-04-17 09:36:46,560 - INFO - 正在为时间段 2650-2675 生成可视化
2025-04-17 09:36:46,560 - INFO - 正在为时间段 2650-2675 生成异常图可视化
2025-04-17 09:36:46,560 - DEBUG - 创建包含 19 个节点的图结构
2025-04-17 09:36:46,561 - DEBUG - 边统计: 正常边 192 条, 异常边 48 条
2025-04-17 09:36:46,621 - DEBUG - 正在保存可视化结果到 ./visual/omi/neighbor_all/strict_deviation/omi-11/seg_7_2650_2675.png
2025-04-17 09:36:46,835 - INFO - 成功保存时间段 2650-2675 的可视化结果
2025-04-17 09:36:46,835 - INFO - 
正在处理时间段 9/9: 3012-3072
2025-04-17 09:36:46,835 - INFO - 该时间段的真实异常节点: {1, 4, 5, 8, 17, 19}
2025-04-17 09:36:46,835 - INFO - 正在计算异常分数...
2025-04-17 09:36:46,885 - INFO - 检测到的异常节点: {1, 4, 5, 6, 7, 8, 9, 10, 11, 12, 13, 14, 15, 16, 17, 18, 19}
2025-04-17 09:36:46,885 - INFO - 正在为时间段 3012-3072 生成可视化
2025-04-17 09:36:46,885 - INFO - 正在为时间段 3012-3072 生成异常图可视化
2025-04-17 09:36:46,886 - DEBUG - 创建包含 19 个节点的图结构
2025-04-17 09:36:46,887 - DEBUG - 边统计: 正常边 272 条, 异常边 0 条
2025-04-17 09:36:47,035 - DEBUG - 正在保存可视化结果到 ./visual/omi/neighbor_all/strict_deviation/omi-11/seg_8_3012_3072.png
2025-04-17 09:36:47,252 - INFO - 成功保存时间段 3012-3072 的可视化结果
2025-04-17 09:36:47,252 - INFO - 正在生成所有异常段的综合可视化图像: ./visual/omi/neighbor_all/strict_deviation/omi-11/all_segments.png
2025-04-17 09:36:47,252 - INFO - 生成全屏优化的可视化图表
2025-04-17 09:36:48,438 - INFO - 已生成全屏优化的可视化图表: ./visual/omi/neighbor_all/strict_deviation/omi-11/all_segments.png
2025-04-17 09:36:48,438 - INFO - 正在从 ./visual/omi/neighbor_all/strict_deviation/omi-11 中的图像创建GIF
2025-04-17 09:36:49,217 - INFO - GIF已保存到 ./visual/omi/neighbor_all/strict_deviation/omi-11/omi-11.gif
2025-04-17 09:36:49,217 - INFO - 
==================================================
2025-04-17 09:36:49,217 - INFO - 开始数据集可视化: omi-12
2025-04-17 09:36:49,217 - INFO - 使用参数: 评分模式=strict_deviation, all=None, 阈值=5.5
2025-04-17 09:36:49,217 - INFO - ==================================================

2025-04-17 09:36:49,217 - INFO - 正在加载数据集 omi-12 的数据
2025-04-17 09:36:49,218 - INFO - 数据加载成功。训练集形状: (7291, 19), 测试集形状: (4320, 19)
2025-04-17 09:36:49,218 - INFO - 正在计算边缘统计量...
2025-04-17 09:36:51,497 - INFO - 已计算 133 条边的统计量
2025-04-17 09:36:51,497 - INFO - 为每个节点使用所有邻居
2025-04-17 09:36:51,497 - INFO - 可视化结果将保存到: ./visual/omi/neighbor_all/strict_deviation/omi-12
2025-04-17 09:36:51,498 - INFO - 在数据集中发现 5 个异常时间段
2025-04-17 09:36:51,498 - INFO - 
正在处理时间段 1/5: 740-813
2025-04-17 09:36:51,498 - INFO - 该时间段的真实异常节点: {1, 2, 6, 7, 8, 9, 10, 11, 12, 13, 14, 15, 16, 17, 18, 19}
2025-04-17 09:36:51,498 - INFO - 正在计算异常分数...
2025-04-17 09:36:51,551 - INFO - 检测到的异常节点: {1, 6, 7, 8, 9, 10, 11, 12, 13, 14, 15, 16, 17, 18, 19}
2025-04-17 09:36:51,551 - INFO - 正在为时间段 740-813 生成可视化
2025-04-17 09:36:51,552 - INFO - 正在为时间段 740-813 生成异常图可视化
2025-04-17 09:36:51,552 - DEBUG - 创建包含 19 个节点的图结构
2025-04-17 09:36:51,553 - DEBUG - 边统计: 正常边 140 条, 异常边 70 条
2025-04-17 09:36:51,611 - DEBUG - 正在保存可视化结果到 ./visual/omi/neighbor_all/strict_deviation/omi-12/seg_0_740_813.png
2025-04-17 09:36:51,822 - INFO - 成功保存时间段 740-813 的可视化结果
2025-04-17 09:36:51,822 - INFO - 
正在处理时间段 2/5: 2486-2493
2025-04-17 09:36:51,822 - INFO - 该时间段的真实异常节点: {4, 5}
2025-04-17 09:36:51,822 - INFO - 正在计算异常分数...
2025-04-17 09:36:51,825 - INFO - 检测到的异常节点: {1, 4, 5, 7, 8, 9, 10, 14, 16, 17, 18}
2025-04-17 09:36:51,825 - INFO - 正在为时间段 2486-2493 生成可视化
2025-04-17 09:36:51,825 - INFO - 正在为时间段 2486-2493 生成异常图可视化
2025-04-17 09:36:51,825 - DEBUG - 创建包含 19 个节点的图结构
2025-04-17 09:36:51,826 - DEBUG - 边统计: 正常边 170 条, 异常边 36 条
2025-04-17 09:36:51,881 - DEBUG - 正在保存可视化结果到 ./visual/omi/neighbor_all/strict_deviation/omi-12/seg_1_2486_2493.png
2025-04-17 09:36:52,078 - INFO - 成功保存时间段 2486-2493 的可视化结果
2025-04-17 09:36:52,078 - INFO - 
正在处理时间段 3/5: 2515-2525
2025-04-17 09:36:52,078 - INFO - 该时间段的真实异常节点: {1, 4, 5, 7, 8, 9, 17, 18}
2025-04-17 09:36:52,078 - INFO - 正在计算异常分数...
2025-04-17 09:36:52,084 - INFO - 检测到的异常节点: {1, 4, 5, 6, 7, 8, 9, 10, 11, 12, 13, 14, 15, 16, 17, 18, 19}
2025-04-17 09:36:52,084 - INFO - 正在为时间段 2515-2525 生成可视化
2025-04-17 09:36:52,084 - INFO - 正在为时间段 2515-2525 生成异常图可视化
2025-04-17 09:36:52,084 - DEBUG - 创建包含 19 个节点的图结构
2025-04-17 09:36:52,085 - DEBUG - 边统计: 正常边 190 条, 异常边 76 条
2025-04-17 09:36:52,137 - DEBUG - 正在保存可视化结果到 ./visual/omi/neighbor_all/strict_deviation/omi-12/seg_2_2515_2525.png
2025-04-17 09:36:52,337 - INFO - 成功保存时间段 2515-2525 的可视化结果
2025-04-17 09:36:52,337 - INFO - 
正在处理时间段 4/5: 2721-2723
2025-04-17 09:36:52,337 - INFO - 该时间段的真实异常节点: {4}
2025-04-17 09:36:52,337 - INFO - 正在计算异常分数...
2025-04-17 09:36:52,337 - INFO - 检测到的异常节点: set()
2025-04-17 09:36:52,337 - INFO - 正在为时间段 2721-2723 生成可视化
2025-04-17 09:36:52,337 - INFO - 正在为时间段 2721-2723 生成异常图可视化
2025-04-17 09:36:52,337 - DEBUG - 创建包含 19 个节点的图结构
2025-04-17 09:36:52,338 - DEBUG - 边统计: 正常边 40 条, 异常边 48 条
2025-04-17 09:36:52,463 - DEBUG - 正在保存可视化结果到 ./visual/omi/neighbor_all/strict_deviation/omi-12/seg_3_2721_2723.png
2025-04-17 09:36:52,656 - INFO - 成功保存时间段 2721-2723 的可视化结果
2025-04-17 09:36:52,656 - INFO - 
正在处理时间段 5/5: 3500-3535
2025-04-17 09:36:52,656 - INFO - 该时间段的真实异常节点: {5, 6, 7, 8, 11, 12, 13, 14, 15, 16, 17, 18, 19}
2025-04-17 09:36:52,656 - INFO - 正在计算异常分数...
2025-04-17 09:36:52,675 - INFO - 检测到的异常节点: {6, 7, 8, 9, 10, 11, 12, 13, 14, 15, 16, 17, 18, 19}
2025-04-17 09:36:52,675 - INFO - 正在为时间段 3500-3535 生成可视化
2025-04-17 09:36:52,675 - INFO - 正在为时间段 3500-3535 生成异常图可视化
2025-04-17 09:36:52,675 - DEBUG - 创建包含 19 个节点的图结构
2025-04-17 09:36:52,676 - DEBUG - 边统计: 正常边 172 条, 异常边 38 条
2025-04-17 09:36:52,728 - DEBUG - 正在保存可视化结果到 ./visual/omi/neighbor_all/strict_deviation/omi-12/seg_4_3500_3535.png
2025-04-17 09:36:52,923 - INFO - 成功保存时间段 3500-3535 的可视化结果
2025-04-17 09:36:52,923 - INFO - 正在生成所有异常段的综合可视化图像: ./visual/omi/neighbor_all/strict_deviation/omi-12/all_segments.png
2025-04-17 09:36:52,923 - INFO - 生成全屏优化的可视化图表
2025-04-17 09:36:53,684 - INFO - 已生成全屏优化的可视化图表: ./visual/omi/neighbor_all/strict_deviation/omi-12/all_segments.png
2025-04-17 09:36:53,685 - INFO - 正在从 ./visual/omi/neighbor_all/strict_deviation/omi-12 中的图像创建GIF
2025-04-17 09:36:54,182 - INFO - GIF已保存到 ./visual/omi/neighbor_all/strict_deviation/omi-12/omi-12.gif
2025-04-17 09:36:54,182 - INFO - 
==================================================
2025-04-17 09:36:54,182 - INFO - 开始数据集可视化: omi-2
2025-04-17 09:36:54,182 - INFO - 使用参数: 评分模式=strict_deviation, all=None, 阈值=7.0
2025-04-17 09:36:54,182 - INFO - ==================================================

2025-04-17 09:36:54,182 - INFO - 正在加载数据集 omi-2 的数据
2025-04-17 09:36:54,183 - INFO - 数据加载成功。训练集形状: (8640, 19), 测试集形状: (4320, 19)
2025-04-17 09:36:54,183 - INFO - 正在计算边缘统计量...
2025-04-17 09:36:56,909 - INFO - 已计算 153 条边的统计量
2025-04-17 09:36:56,910 - INFO - 为每个节点使用所有邻居
2025-04-17 09:36:56,910 - INFO - 可视化结果将保存到: ./visual/omi/neighbor_all/strict_deviation/omi-2
2025-04-17 09:36:56,911 - INFO - 在数据集中发现 4 个异常时间段
2025-04-17 09:36:56,911 - INFO - 
正在处理时间段 1/4: 486-498
2025-04-17 09:36:56,911 - INFO - 该时间段的真实异常节点: {1, 4, 5}
2025-04-17 09:36:56,911 - INFO - 正在计算异常分数...
2025-04-17 09:36:56,919 - INFO - 检测到的异常节点: {1, 4, 5, 6, 7, 8, 9, 10, 11, 12, 13, 14, 15, 16, 17, 18, 19}
2025-04-17 09:36:56,919 - INFO - 正在为时间段 486-498 生成可视化
2025-04-17 09:36:56,919 - INFO - 正在为时间段 486-498 生成异常图可视化
2025-04-17 09:36:56,919 - DEBUG - 创建包含 19 个节点的图结构
2025-04-17 09:36:56,920 - DEBUG - 边统计: 正常边 272 条, 异常边 0 条
2025-04-17 09:36:56,979 - DEBUG - 正在保存可视化结果到 ./visual/omi/neighbor_all/strict_deviation/omi-2/seg_0_486_498.png
2025-04-17 09:36:57,181 - INFO - 成功保存时间段 486-498 的可视化结果
2025-04-17 09:36:57,181 - INFO - 
正在处理时间段 2/4: 740-753
2025-04-17 09:36:57,181 - INFO - 该时间段的真实异常节点: {2}
2025-04-17 09:36:57,181 - INFO - 正在计算异常分数...
2025-04-17 09:36:57,189 - INFO - 检测到的异常节点: {2, 4, 5, 6, 7, 8, 9, 10, 11, 12, 13, 14, 15, 16, 17, 19}
2025-04-17 09:36:57,189 - INFO - 正在为时间段 740-753 生成可视化
2025-04-17 09:36:57,189 - INFO - 正在为时间段 740-753 生成异常图可视化
2025-04-17 09:36:57,189 - DEBUG - 创建包含 19 个节点的图结构
2025-04-17 09:36:57,190 - DEBUG - 边统计: 正常边 268 条, 异常边 4 条
2025-04-17 09:36:57,241 - DEBUG - 正在保存可视化结果到 ./visual/omi/neighbor_all/strict_deviation/omi-2/seg_1_740_753.png
2025-04-17 09:36:57,440 - INFO - 成功保存时间段 740-753 的可视化结果
2025-04-17 09:36:57,440 - INFO - 
正在处理时间段 3/4: 766-783
2025-04-17 09:36:57,440 - INFO - 该时间段的真实异常节点: {1, 5, 6, 7, 8, 9, 10, 11, 12, 13, 14, 15, 16, 17, 18, 19}
2025-04-17 09:36:57,440 - INFO - 正在计算异常分数...
2025-04-17 09:36:57,450 - INFO - 检测到的异常节点: {1, 5, 6, 7, 8, 9, 10, 11, 12, 13, 14, 15, 16, 17, 18, 19}
2025-04-17 09:36:57,451 - INFO - 正在为时间段 766-783 生成可视化
2025-04-17 09:36:57,451 - INFO - 正在为时间段 766-783 生成异常图可视化
2025-04-17 09:36:57,451 - DEBUG - 创建包含 19 个节点的图结构
2025-04-17 09:36:57,452 - DEBUG - 边统计: 正常边 222 条, 异常边 50 条
2025-04-17 09:36:57,503 - DEBUG - 正在保存可视化结果到 ./visual/omi/neighbor_all/strict_deviation/omi-2/seg_2_766_783.png
2025-04-17 09:36:57,700 - INFO - 成功保存时间段 766-783 的可视化结果
2025-04-17 09:36:57,700 - INFO - 
正在处理时间段 4/4: 1436-1445
2025-04-17 09:36:57,701 - INFO - 该时间段的真实异常节点: {7, 9, 10, 11, 12, 13, 14, 15, 16, 17, 18}
2025-04-17 09:36:57,701 - INFO - 正在计算异常分数...
2025-04-17 09:36:57,706 - INFO - 检测到的异常节点: {1, 4, 5, 6, 7, 8, 9, 10, 11, 12, 13, 14, 15, 16, 17, 18, 19}
2025-04-17 09:36:57,706 - INFO - 正在为时间段 1436-1445 生成可视化
2025-04-17 09:36:57,706 - INFO - 正在为时间段 1436-1445 生成异常图可视化
2025-04-17 09:36:57,706 - DEBUG - 创建包含 19 个节点的图结构
2025-04-17 09:36:57,707 - DEBUG - 边统计: 正常边 270 条, 异常边 2 条
2025-04-17 09:36:57,757 - DEBUG - 正在保存可视化结果到 ./visual/omi/neighbor_all/strict_deviation/omi-2/seg_3_1436_1445.png
2025-04-17 09:36:57,953 - INFO - 成功保存时间段 1436-1445 的可视化结果
2025-04-17 09:36:57,953 - INFO - 正在生成所有异常段的综合可视化图像: ./visual/omi/neighbor_all/strict_deviation/omi-2/all_segments.png
2025-04-17 09:36:57,953 - INFO - 生成全屏优化的可视化图表
2025-04-17 09:36:58,720 - INFO - 已生成全屏优化的可视化图表: ./visual/omi/neighbor_all/strict_deviation/omi-2/all_segments.png
2025-04-17 09:36:58,720 - INFO - 正在从 ./visual/omi/neighbor_all/strict_deviation/omi-2 中的图像创建GIF
2025-04-17 09:36:59,149 - INFO - GIF已保存到 ./visual/omi/neighbor_all/strict_deviation/omi-2/omi-2.gif
2025-04-17 09:36:59,150 - INFO - 
==================================================
2025-04-17 09:36:59,150 - INFO - 开始数据集可视化: omi-3
2025-04-17 09:36:59,150 - INFO - 使用参数: 评分模式=strict_deviation, all=None, 阈值=5.5
2025-04-17 09:36:59,150 - INFO - ==================================================

2025-04-17 09:36:59,150 - INFO - 正在加载数据集 omi-3 的数据
2025-04-17 09:36:59,151 - INFO - 数据加载成功。训练集形状: (8640, 19), 测试集形状: (4320, 19)
2025-04-17 09:36:59,151 - INFO - 正在计算边缘统计量...
2025-04-17 09:37:01,842 - INFO - 已计算 136 条边的统计量
2025-04-17 09:37:01,842 - INFO - 为每个节点使用所有邻居
2025-04-17 09:37:01,842 - INFO - 可视化结果将保存到: ./visual/omi/neighbor_all/strict_deviation/omi-3
2025-04-17 09:37:01,843 - INFO - 在数据集中发现 6 个异常时间段
2025-04-17 09:37:01,843 - INFO - 
正在处理时间段 1/6: 760-820
2025-04-17 09:37:01,843 - INFO - 该时间段的真实异常节点: {1, 4, 6, 7, 8, 9, 10, 11, 12, 13, 14, 15, 16, 17, 18, 19}
2025-04-17 09:37:01,843 - INFO - 正在计算异常分数...
2025-04-17 09:37:01,886 - INFO - 检测到的异常节点: {1, 4, 5, 6, 7, 8, 9, 10, 11, 12, 13, 14, 15, 16, 17, 18, 19}
2025-04-17 09:37:01,886 - INFO - 正在为时间段 760-820 生成可视化
2025-04-17 09:37:01,886 - INFO - 正在为时间段 760-820 生成异常图可视化
2025-04-17 09:37:01,886 - DEBUG - 创建包含 19 个节点的图结构
2025-04-17 09:37:01,887 - DEBUG - 边统计: 正常边 248 条, 异常边 24 条
2025-04-17 09:37:01,941 - DEBUG - 正在保存可视化结果到 ./visual/omi/neighbor_all/strict_deviation/omi-3/seg_0_760_820.png
2025-04-17 09:37:02,138 - INFO - 成功保存时间段 760-820 的可视化结果
2025-04-17 09:37:02,138 - INFO - 
正在处理时间段 2/6: 842-860
2025-04-17 09:37:02,138 - INFO - 该时间段的真实异常节点: {7, 8, 9, 10, 11, 12, 13, 14, 15, 16, 17, 18, 19}
2025-04-17 09:37:02,138 - INFO - 正在计算异常分数...
2025-04-17 09:37:02,150 - INFO - 检测到的异常节点: {4, 5, 6, 7, 8, 9, 10, 11, 12, 13, 14, 15, 16, 17, 18, 19}
2025-04-17 09:37:02,150 - INFO - 正在为时间段 842-860 生成可视化
2025-04-17 09:37:02,150 - INFO - 正在为时间段 842-860 生成异常图可视化
2025-04-17 09:37:02,150 - DEBUG - 创建包含 19 个节点的图结构
2025-04-17 09:37:02,151 - DEBUG - 边统计: 正常边 224 条, 异常边 16 条
2025-04-17 09:37:02,204 - DEBUG - 正在保存可视化结果到 ./visual/omi/neighbor_all/strict_deviation/omi-3/seg_1_842_860.png
2025-04-17 09:37:02,397 - INFO - 成功保存时间段 842-860 的可视化结果
2025-04-17 09:37:02,397 - INFO - 
正在处理时间段 3/6: 1080-1120
2025-04-17 09:37:02,397 - INFO - 该时间段的真实异常节点: {7, 9, 10, 11, 12, 13, 14, 15, 16, 17, 18}
2025-04-17 09:37:02,397 - INFO - 正在计算异常分数...
2025-04-17 09:37:02,424 - INFO - 检测到的异常节点: {1, 4, 5, 6, 7, 8, 9, 10, 11, 12, 13, 14, 15, 16, 17, 18, 19}
2025-04-17 09:37:02,425 - INFO - 正在为时间段 1080-1120 生成可视化
2025-04-17 09:37:02,425 - INFO - 正在为时间段 1080-1120 生成异常图可视化
2025-04-17 09:37:02,425 - DEBUG - 创建包含 19 个节点的图结构
2025-04-17 09:37:02,426 - DEBUG - 边统计: 正常边 272 条, 异常边 0 条
2025-04-17 09:37:02,477 - DEBUG - 正在保存可视化结果到 ./visual/omi/neighbor_all/strict_deviation/omi-3/seg_2_1080_1120.png
2025-04-17 09:37:02,671 - INFO - 成功保存时间段 1080-1120 的可视化结果
2025-04-17 09:37:02,671 - INFO - 
正在处理时间段 4/6: 2188-2201
2025-04-17 09:37:02,672 - INFO - 该时间段的真实异常节点: {7, 9, 10, 11, 12, 13, 14, 15, 16, 17, 18, 19}
2025-04-17 09:37:02,672 - INFO - 正在计算异常分数...
2025-04-17 09:37:02,679 - INFO - 检测到的异常节点: {6, 7, 8, 9, 10, 11, 12, 13, 14, 15, 16, 17, 18, 19}
2025-04-17 09:37:02,679 - INFO - 正在为时间段 2188-2201 生成可视化
2025-04-17 09:37:02,679 - INFO - 正在为时间段 2188-2201 生成异常图可视化
2025-04-17 09:37:02,679 - DEBUG - 创建包含 19 个节点的图结构
2025-04-17 09:37:02,680 - DEBUG - 边统计: 正常边 258 条, 异常边 14 条
2025-04-17 09:37:02,731 - DEBUG - 正在保存可视化结果到 ./visual/omi/neighbor_all/strict_deviation/omi-3/seg_3_2188_2201.png
2025-04-17 09:37:02,926 - INFO - 成功保存时间段 2188-2201 的可视化结果
2025-04-17 09:37:02,926 - INFO - 
正在处理时间段 5/6: 2497-2500
2025-04-17 09:37:02,926 - INFO - 该时间段的真实异常节点: {6, 7, 9, 10, 11, 12, 13, 14, 15, 16, 17, 18, 19}
2025-04-17 09:37:02,926 - INFO - 正在计算异常分数...
2025-04-17 09:37:02,926 - INFO - 检测到的异常节点: set()
2025-04-17 09:37:02,926 - INFO - 正在为时间段 2497-2500 生成可视化
2025-04-17 09:37:02,926 - INFO - 正在为时间段 2497-2500 生成异常图可视化
2025-04-17 09:37:02,927 - DEBUG - 创建包含 19 个节点的图结构
2025-04-17 09:37:02,927 - DEBUG - 边统计: 正常边 208 条, 异常边 2 条
2025-04-17 09:37:02,978 - DEBUG - 正在保存可视化结果到 ./visual/omi/neighbor_all/strict_deviation/omi-3/seg_4_2497_2500.png
2025-04-17 09:37:03,176 - INFO - 成功保存时间段 2497-2500 的可视化结果
2025-04-17 09:37:03,176 - INFO - 
正在处理时间段 6/6: 3428-3434
2025-04-17 09:37:03,176 - INFO - 该时间段的真实异常节点: {7, 8, 9, 10, 11, 12, 13, 14, 15, 16, 17, 18, 19}
2025-04-17 09:37:03,176 - INFO - 正在计算异常分数...
2025-04-17 09:37:03,178 - INFO - 检测到的异常节点: {1, 4, 7, 8, 9, 10, 11, 12, 13, 14, 15, 16, 17, 18, 19}
2025-04-17 09:37:03,179 - INFO - 正在为时间段 3428-3434 生成可视化
2025-04-17 09:37:03,179 - INFO - 正在为时间段 3428-3434 生成异常图可视化
2025-04-17 09:37:03,179 - DEBUG - 创建包含 19 个节点的图结构
2025-04-17 09:37:03,180 - DEBUG - 边统计: 正常边 270 条, 异常边 2 条
2025-04-17 09:37:03,231 - DEBUG - 正在保存可视化结果到 ./visual/omi/neighbor_all/strict_deviation/omi-3/seg_5_3428_3434.png
2025-04-17 09:37:03,426 - INFO - 成功保存时间段 3428-3434 的可视化结果
2025-04-17 09:37:03,427 - INFO - 正在生成所有异常段的综合可视化图像: ./visual/omi/neighbor_all/strict_deviation/omi-3/all_segments.png
2025-04-17 09:37:03,427 - INFO - 生成全屏优化的可视化图表
2025-04-17 09:37:04,333 - INFO - 已生成全屏优化的可视化图表: ./visual/omi/neighbor_all/strict_deviation/omi-3/all_segments.png
2025-04-17 09:37:04,333 - INFO - 正在从 ./visual/omi/neighbor_all/strict_deviation/omi-3 中的图像创建GIF
2025-04-17 09:37:04,881 - INFO - GIF已保存到 ./visual/omi/neighbor_all/strict_deviation/omi-3/omi-3.gif
2025-04-17 09:37:04,882 - INFO - 
==================================================
2025-04-17 09:37:04,882 - INFO - 开始数据集可视化: omi-4
2025-04-17 09:37:04,882 - INFO - 使用参数: 评分模式=strict_deviation, all=None, 阈值=6.0
2025-04-17 09:37:04,882 - INFO - ==================================================

2025-04-17 09:37:04,882 - INFO - 正在加载数据集 omi-4 的数据
2025-04-17 09:37:04,883 - INFO - 数据加载成功。训练集形状: (8640, 19), 测试集形状: (4320, 19)
2025-04-17 09:37:04,883 - INFO - 正在计算边缘统计量...
2025-04-17 09:37:07,626 - INFO - 已计算 136 条边的统计量
2025-04-17 09:37:07,626 - INFO - 为每个节点使用所有邻居
2025-04-17 09:37:07,627 - INFO - 可视化结果将保存到: ./visual/omi/neighbor_all/strict_deviation/omi-4
2025-04-17 09:37:07,627 - INFO - 在数据集中发现 5 个异常时间段
2025-04-17 09:37:07,627 - INFO - 
正在处理时间段 1/5: 727-782
2025-04-17 09:37:07,627 - INFO - 该时间段的真实异常节点: {1, 2, 6, 7, 8, 9, 10, 11, 12, 13, 14, 15, 16, 17, 18, 19}
2025-04-17 09:37:07,627 - INFO - 正在计算异常分数...
2025-04-17 09:37:07,665 - INFO - 检测到的异常节点: {1, 4, 5, 6, 7, 8, 9, 10, 11, 12, 13, 14, 15, 16, 17, 18, 19}
2025-04-17 09:37:07,665 - INFO - 正在为时间段 727-782 生成可视化
2025-04-17 09:37:07,665 - INFO - 正在为时间段 727-782 生成异常图可视化
2025-04-17 09:37:07,665 - DEBUG - 创建包含 19 个节点的图结构
2025-04-17 09:37:07,666 - DEBUG - 边统计: 正常边 240 条, 异常边 32 条
2025-04-17 09:37:07,721 - DEBUG - 正在保存可视化结果到 ./visual/omi/neighbor_all/strict_deviation/omi-4/seg_0_727_782.png
2025-04-17 09:37:07,918 - INFO - 成功保存时间段 727-782 的可视化结果
2025-04-17 09:37:07,918 - INFO - 
正在处理时间段 2/5: 843-857
2025-04-17 09:37:07,919 - INFO - 该时间段的真实异常节点: {6, 7, 8, 9, 10, 11, 12, 13, 14, 15, 16, 17, 18, 19}
2025-04-17 09:37:07,919 - INFO - 正在计算异常分数...
2025-04-17 09:37:07,927 - INFO - 检测到的异常节点: {4, 5, 6, 7, 8, 9, 10, 11, 12, 13, 14, 15, 16, 17, 18, 19}
2025-04-17 09:37:07,927 - INFO - 正在为时间段 843-857 生成可视化
2025-04-17 09:37:07,927 - INFO - 正在为时间段 843-857 生成异常图可视化
2025-04-17 09:37:07,927 - DEBUG - 创建包含 19 个节点的图结构
2025-04-17 09:37:07,928 - DEBUG - 边统计: 正常边 236 条, 异常边 4 条
2025-04-17 09:37:07,982 - DEBUG - 正在保存可视化结果到 ./visual/omi/neighbor_all/strict_deviation/omi-4/seg_1_843_857.png
2025-04-17 09:37:08,177 - INFO - 成功保存时间段 843-857 的可视化结果
2025-04-17 09:37:08,177 - INFO - 
正在处理时间段 3/5: 2178-2238
2025-04-17 09:37:08,177 - INFO - 该时间段的真实异常节点: {8, 9, 10, 11, 12, 13, 14, 15, 16, 17, 18, 19}
2025-04-17 09:37:08,177 - INFO - 正在计算异常分数...
2025-04-17 09:37:08,219 - INFO - 检测到的异常节点: {1, 4, 5, 6, 7, 8, 9, 10, 11, 12, 13, 14, 15, 16, 17, 18, 19}
2025-04-17 09:37:08,219 - INFO - 正在为时间段 2178-2238 生成可视化
2025-04-17 09:37:08,219 - INFO - 正在为时间段 2178-2238 生成异常图可视化
2025-04-17 09:37:08,219 - DEBUG - 创建包含 19 个节点的图结构
2025-04-17 09:37:08,220 - DEBUG - 边统计: 正常边 272 条, 异常边 0 条
2025-04-17 09:37:08,271 - DEBUG - 正在保存可视化结果到 ./visual/omi/neighbor_all/strict_deviation/omi-4/seg_2_2178_2238.png
2025-04-17 09:37:08,466 - INFO - 成功保存时间段 2178-2238 的可视化结果
2025-04-17 09:37:08,466 - INFO - 
正在处理时间段 4/5: 2494-2501
2025-04-17 09:37:08,466 - INFO - 该时间段的真实异常节点: {7, 9, 10, 11, 12, 13, 14, 15, 16, 17, 18, 19}
2025-04-17 09:37:08,466 - INFO - 正在计算异常分数...
2025-04-17 09:37:08,470 - INFO - 检测到的异常节点: {6, 7, 9, 10, 11, 12, 13, 14, 15, 16, 17, 18, 19}
2025-04-17 09:37:08,470 - INFO - 正在为时间段 2494-2501 生成可视化
2025-04-17 09:37:08,470 - INFO - 正在为时间段 2494-2501 生成异常图可视化
2025-04-17 09:37:08,470 - DEBUG - 创建包含 19 个节点的图结构
2025-04-17 09:37:08,471 - DEBUG - 边统计: 正常边 218 条, 异常边 22 条
2025-04-17 09:37:08,524 - DEBUG - 正在保存可视化结果到 ./visual/omi/neighbor_all/strict_deviation/omi-4/seg_3_2494_2501.png
2025-04-17 09:37:08,717 - INFO - 成功保存时间段 2494-2501 的可视化结果
2025-04-17 09:37:08,717 - INFO - 
正在处理时间段 5/5: 3425-3435
2025-04-17 09:37:08,717 - INFO - 该时间段的真实异常节点: {7, 8, 9, 10, 11, 12, 13, 14, 15, 16, 17, 18, 19}
2025-04-17 09:37:08,717 - INFO - 正在计算异常分数...
2025-04-17 09:37:08,723 - INFO - 检测到的异常节点: {5, 6, 7, 8, 9, 10, 11, 12, 13, 14, 15, 16, 17, 18, 19}
2025-04-17 09:37:08,723 - INFO - 正在为时间段 3425-3435 生成可视化
2025-04-17 09:37:08,723 - INFO - 正在为时间段 3425-3435 生成异常图可视化
2025-04-17 09:37:08,723 - DEBUG - 创建包含 19 个节点的图结构
2025-04-17 09:37:08,724 - DEBUG - 边统计: 正常边 252 条, 异常边 20 条
2025-04-17 09:37:08,775 - DEBUG - 正在保存可视化结果到 ./visual/omi/neighbor_all/strict_deviation/omi-4/seg_4_3425_3435.png
2025-04-17 09:37:08,970 - INFO - 成功保存时间段 3425-3435 的可视化结果
2025-04-17 09:37:08,970 - INFO - 正在生成所有异常段的综合可视化图像: ./visual/omi/neighbor_all/strict_deviation/omi-4/all_segments.png
2025-04-17 09:37:08,970 - INFO - 生成全屏优化的可视化图表
2025-04-17 09:37:09,734 - INFO - 已生成全屏优化的可视化图表: ./visual/omi/neighbor_all/strict_deviation/omi-4/all_segments.png
2025-04-17 09:37:09,734 - INFO - 正在从 ./visual/omi/neighbor_all/strict_deviation/omi-4 中的图像创建GIF
2025-04-17 09:37:10,251 - INFO - GIF已保存到 ./visual/omi/neighbor_all/strict_deviation/omi-4/omi-4.gif
2025-04-17 09:37:10,251 - INFO - 
==================================================
2025-04-17 09:37:10,251 - INFO - 开始数据集可视化: omi-5
2025-04-17 09:37:10,251 - INFO - 使用参数: 评分模式=strict_deviation, all=None, 阈值=0.5
2025-04-17 09:37:10,251 - INFO - ==================================================

2025-04-17 09:37:10,251 - INFO - 正在加载数据集 omi-5 的数据
2025-04-17 09:37:10,252 - INFO - 数据加载成功。训练集形状: (8640, 19), 测试集形状: (4320, 19)
2025-04-17 09:37:10,252 - INFO - 正在计算边缘统计量...
2025-04-17 09:37:13,147 - INFO - 已计算 153 条边的统计量
2025-04-17 09:37:13,148 - INFO - 为每个节点使用所有邻居
2025-04-17 09:37:13,148 - INFO - 可视化结果将保存到: ./visual/omi/neighbor_all/strict_deviation/omi-5
2025-04-17 09:37:13,148 - INFO - 在数据集中发现 6 个异常时间段
2025-04-17 09:37:13,149 - INFO - 
正在处理时间段 1/6: 765-781
2025-04-17 09:37:13,149 - INFO - 该时间段的真实异常节点: {6, 7, 8, 9, 10, 11, 12, 13, 14, 15, 16, 17, 18, 19}
2025-04-17 09:37:13,149 - INFO - 正在计算异常分数...
2025-04-17 09:37:13,159 - INFO - 检测到的异常节点: {1, 2, 5, 6, 7, 8, 9, 10, 11, 12, 13, 14, 15, 16, 17, 18, 19}
2025-04-17 09:37:13,159 - INFO - 正在为时间段 765-781 生成可视化
2025-04-17 09:37:13,159 - INFO - 正在为时间段 765-781 生成异常图可视化
2025-04-17 09:37:13,159 - DEBUG - 创建包含 19 个节点的图结构
2025-04-17 09:37:13,161 - DEBUG - 边统计: 正常边 214 条, 异常边 92 条
2025-04-17 09:37:13,300 - DEBUG - 正在保存可视化结果到 ./visual/omi/neighbor_all/strict_deviation/omi-5/seg_0_765_781.png
2025-04-17 09:37:13,510 - INFO - 成功保存时间段 765-781 的可视化结果
2025-04-17 09:37:13,510 - INFO - 
正在处理时间段 2/6: 1589-1617
2025-04-17 09:37:13,510 - INFO - 该时间段的真实异常节点: {17, 2, 4}
2025-04-17 09:37:13,510 - INFO - 正在计算异常分数...
2025-04-17 09:37:13,532 - INFO - 检测到的异常节点: {1, 2, 4, 5, 6, 7, 8, 9, 10, 11, 12, 13, 14, 15, 16, 17, 18, 19}
2025-04-17 09:37:13,532 - INFO - 正在为时间段 1589-1617 生成可视化
2025-04-17 09:37:13,532 - INFO - 正在为时间段 1589-1617 生成异常图可视化
2025-04-17 09:37:13,532 - DEBUG - 创建包含 19 个节点的图结构
2025-04-17 09:37:13,533 - DEBUG - 边统计: 正常边 270 条, 异常边 36 条
2025-04-17 09:37:13,584 - DEBUG - 正在保存可视化结果到 ./visual/omi/neighbor_all/strict_deviation/omi-5/seg_1_1589_1617.png
2025-04-17 09:37:13,789 - INFO - 成功保存时间段 1589-1617 的可视化结果
2025-04-17 09:37:13,789 - INFO - 
正在处理时间段 3/6: 2440-2446
2025-04-17 09:37:13,789 - INFO - 该时间段的真实异常节点: {8, 11, 12, 13, 14, 15, 16, 17, 18, 19}
2025-04-17 09:37:13,789 - INFO - 正在计算异常分数...
2025-04-17 09:37:13,792 - INFO - 检测到的异常节点: {1, 4, 5, 6, 7, 8, 9, 10, 11, 12, 13, 14, 15, 16, 17, 18, 19}
2025-04-17 09:37:13,792 - INFO - 正在为时间段 2440-2446 生成可视化
2025-04-17 09:37:13,792 - INFO - 正在为时间段 2440-2446 生成异常图可视化
2025-04-17 09:37:13,792 - DEBUG - 创建包含 19 个节点的图结构
2025-04-17 09:37:13,793 - DEBUG - 边统计: 正常边 246 条, 异常边 60 条
2025-04-17 09:37:13,844 - DEBUG - 正在保存可视化结果到 ./visual/omi/neighbor_all/strict_deviation/omi-5/seg_2_2440_2446.png
2025-04-17 09:37:14,050 - INFO - 成功保存时间段 2440-2446 的可视化结果
2025-04-17 09:37:14,050 - INFO - 
正在处理时间段 4/6: 3356-3363
2025-04-17 09:37:14,050 - INFO - 该时间段的真实异常节点: {17, 5, 6}
2025-04-17 09:37:14,050 - INFO - 正在计算异常分数...
2025-04-17 09:37:14,053 - INFO - 检测到的异常节点: {1, 4, 5, 6, 7, 8, 9, 10, 11, 12, 13, 14, 15, 16, 17, 18, 19}
2025-04-17 09:37:14,053 - INFO - 正在为时间段 3356-3363 生成可视化
2025-04-17 09:37:14,054 - INFO - 正在为时间段 3356-3363 生成异常图可视化
2025-04-17 09:37:14,054 - DEBUG - 创建包含 19 个节点的图结构
2025-04-17 09:37:14,055 - DEBUG - 边统计: 正常边 260 条, 异常边 46 条
2025-04-17 09:37:14,105 - DEBUG - 正在保存可视化结果到 ./visual/omi/neighbor_all/strict_deviation/omi-5/seg_3_3356_3363.png
2025-04-17 09:37:14,312 - INFO - 成功保存时间段 3356-3363 的可视化结果
2025-04-17 09:37:14,312 - INFO - 
正在处理时间段 5/6: 3416-3423
2025-04-17 09:37:14,312 - INFO - 该时间段的真实异常节点: {4, 5, 7, 9, 10, 11, 12, 13, 14, 15, 16, 17, 18, 19}
2025-04-17 09:37:14,312 - INFO - 正在计算异常分数...
2025-04-17 09:37:14,315 - INFO - 检测到的异常节点: {1, 4, 5, 6, 7, 8, 9, 10, 11, 12, 13, 14, 15, 16, 17, 18, 19}
2025-04-17 09:37:14,315 - INFO - 正在为时间段 3416-3423 生成可视化
2025-04-17 09:37:14,315 - INFO - 正在为时间段 3416-3423 生成异常图可视化
2025-04-17 09:37:14,316 - DEBUG - 创建包含 19 个节点的图结构
2025-04-17 09:37:14,317 - DEBUG - 边统计: 正常边 294 条, 异常边 12 条
2025-04-17 09:37:14,367 - DEBUG - 正在保存可视化结果到 ./visual/omi/neighbor_all/strict_deviation/omi-5/seg_4_3416_3423.png
2025-04-17 09:37:14,572 - INFO - 成功保存时间段 3416-3423 的可视化结果
2025-04-17 09:37:14,572 - INFO - 
正在处理时间段 6/6: 3590-3594
2025-04-17 09:37:14,572 - INFO - 该时间段的真实异常节点: {1, 8, 17, 18, 19}
2025-04-17 09:37:14,572 - INFO - 正在计算异常分数...
2025-04-17 09:37:14,573 - INFO - 检测到的异常节点: {1, 4, 5, 6, 7, 8, 9, 10, 11, 12, 13, 14, 15, 16, 17, 18, 19}
2025-04-17 09:37:14,573 - INFO - 正在为时间段 3590-3594 生成可视化
2025-04-17 09:37:14,573 - INFO - 正在为时间段 3590-3594 生成异常图可视化
2025-04-17 09:37:14,573 - DEBUG - 创建包含 19 个节点的图结构
2025-04-17 09:37:14,574 - DEBUG - 边统计: 正常边 232 条, 异常边 74 条
2025-04-17 09:37:14,625 - DEBUG - 正在保存可视化结果到 ./visual/omi/neighbor_all/strict_deviation/omi-5/seg_5_3590_3594.png
2025-04-17 09:37:14,833 - INFO - 成功保存时间段 3590-3594 的可视化结果
2025-04-17 09:37:14,833 - INFO - 正在生成所有异常段的综合可视化图像: ./visual/omi/neighbor_all/strict_deviation/omi-5/all_segments.png
2025-04-17 09:37:14,833 - INFO - 生成全屏优化的可视化图表
2025-04-17 09:37:15,722 - INFO - 已生成全屏优化的可视化图表: ./visual/omi/neighbor_all/strict_deviation/omi-5/all_segments.png
2025-04-17 09:37:15,722 - INFO - 正在从 ./visual/omi/neighbor_all/strict_deviation/omi-5 中的图像创建GIF
2025-04-17 09:37:16,278 - INFO - GIF已保存到 ./visual/omi/neighbor_all/strict_deviation/omi-5/omi-5.gif
2025-04-17 09:37:16,279 - INFO - 
==================================================
2025-04-17 09:37:16,279 - INFO - 开始数据集可视化: omi-6
2025-04-17 09:37:16,279 - INFO - 使用参数: 评分模式=strict_deviation, all=None, 阈值=5.0
2025-04-17 09:37:16,279 - INFO - ==================================================

2025-04-17 09:37:16,279 - INFO - 正在加载数据集 omi-6 的数据
2025-04-17 09:37:16,280 - INFO - 数据加载成功。训练集形状: (8640, 19), 测试集形状: (4320, 19)
2025-04-17 09:37:16,280 - INFO - 正在计算边缘统计量...
2025-04-17 09:37:19,009 - INFO - 已计算 153 条边的统计量
2025-04-17 09:37:19,009 - INFO - 为每个节点使用所有邻居
2025-04-17 09:37:19,009 - INFO - 可视化结果将保存到: ./visual/omi/neighbor_all/strict_deviation/omi-6
2025-04-17 09:37:19,010 - INFO - 在数据集中发现 10 个异常时间段
2025-04-17 09:37:19,010 - INFO - 
正在处理时间段 1/10: 357-392
2025-04-17 09:37:19,010 - INFO - 该时间段的真实异常节点: {19, 4}
2025-04-17 09:37:19,010 - INFO - 正在计算异常分数...
2025-04-17 09:37:19,034 - INFO - 检测到的异常节点: {1, 4, 5, 6, 7, 8, 9, 10, 11, 12, 13, 14, 15, 16, 17, 18, 19}
2025-04-17 09:37:19,034 - INFO - 正在为时间段 357-392 生成可视化
2025-04-17 09:37:19,034 - INFO - 正在为时间段 357-392 生成异常图可视化
2025-04-17 09:37:19,034 - DEBUG - 创建包含 19 个节点的图结构
2025-04-17 09:37:19,035 - DEBUG - 边统计: 正常边 254 条, 异常边 18 条
2025-04-17 09:37:19,165 - DEBUG - 正在保存可视化结果到 ./visual/omi/neighbor_all/strict_deviation/omi-6/seg_0_357_392.png
2025-04-17 09:37:19,365 - INFO - 成功保存时间段 357-392 的可视化结果
2025-04-17 09:37:19,365 - INFO - 
正在处理时间段 2/10: 750-788
2025-04-17 09:37:19,365 - INFO - 该时间段的真实异常节点: {2, 6, 7, 8, 9, 10, 11, 12, 13, 14, 15, 16, 17, 18, 19}
2025-04-17 09:37:19,365 - INFO - 正在计算异常分数...
2025-04-17 09:37:19,393 - INFO - 检测到的异常节点: {1, 4, 5, 6, 7, 8, 9, 10, 11, 12, 13, 14, 15, 16, 17, 18, 19}
2025-04-17 09:37:19,393 - INFO - 正在为时间段 750-788 生成可视化
2025-04-17 09:37:19,393 - INFO - 正在为时间段 750-788 生成异常图可视化
2025-04-17 09:37:19,393 - DEBUG - 创建包含 19 个节点的图结构
2025-04-17 09:37:19,394 - DEBUG - 边统计: 正常边 184 条, 异常边 88 条
2025-04-17 09:37:19,445 - DEBUG - 正在保存可视化结果到 ./visual/omi/neighbor_all/strict_deviation/omi-6/seg_1_750_788.png
2025-04-17 09:37:19,646 - INFO - 成功保存时间段 750-788 的可视化结果
2025-04-17 09:37:19,646 - INFO - 
正在处理时间段 3/10: 1278-1293
2025-04-17 09:37:19,646 - INFO - 该时间段的真实异常节点: {4, 5, 6, 8, 17}
2025-04-17 09:37:19,646 - INFO - 正在计算异常分数...
2025-04-17 09:37:19,656 - INFO - 检测到的异常节点: {1, 4, 5, 6, 7, 8, 9, 10, 11, 12, 13, 14, 15, 16, 17, 18, 19}
2025-04-17 09:37:19,656 - INFO - 正在为时间段 1278-1293 生成可视化
2025-04-17 09:37:19,656 - INFO - 正在为时间段 1278-1293 生成异常图可视化
2025-04-17 09:37:19,657 - DEBUG - 创建包含 19 个节点的图结构
2025-04-17 09:37:19,658 - DEBUG - 边统计: 正常边 270 条, 异常边 2 条
2025-04-17 09:37:19,715 - DEBUG - 正在保存可视化结果到 ./visual/omi/neighbor_all/strict_deviation/omi-6/seg_2_1278_1293.png
2025-04-17 09:37:19,916 - INFO - 成功保存时间段 1278-1293 的可视化结果
2025-04-17 09:37:19,916 - INFO - 
正在处理时间段 4/10: 1590-1615
2025-04-17 09:37:19,916 - INFO - 该时间段的真实异常节点: {1, 18, 9}
2025-04-17 09:37:19,916 - INFO - 正在计算异常分数...
2025-04-17 09:37:19,932 - INFO - 检测到的异常节点: {1, 4, 5, 6, 7, 8, 9, 10, 11, 12, 13, 14, 15, 16, 17, 18, 19}
2025-04-17 09:37:19,932 - INFO - 正在为时间段 1590-1615 生成可视化
2025-04-17 09:37:19,932 - INFO - 正在为时间段 1590-1615 生成异常图可视化
2025-04-17 09:37:19,932 - DEBUG - 创建包含 19 个节点的图结构
2025-04-17 09:37:19,934 - DEBUG - 边统计: 正常边 272 条, 异常边 0 条
2025-04-17 09:37:19,985 - DEBUG - 正在保存可视化结果到 ./visual/omi/neighbor_all/strict_deviation/omi-6/seg_3_1590_1615.png
2025-04-17 09:37:20,182 - INFO - 成功保存时间段 1590-1615 的可视化结果
2025-04-17 09:37:20,182 - INFO - 
正在处理时间段 5/10: 2592-2604
2025-04-17 09:37:20,182 - INFO - 该时间段的真实异常节点: {9, 4, 6}
2025-04-17 09:37:20,182 - INFO - 正在计算异常分数...
2025-04-17 09:37:20,190 - INFO - 检测到的异常节点: {4, 5, 6, 7, 8, 9, 10, 11, 12, 13, 14, 15, 16, 17, 18, 19}
2025-04-17 09:37:20,190 - INFO - 正在为时间段 2592-2604 生成可视化
2025-04-17 09:37:20,190 - INFO - 正在为时间段 2592-2604 生成异常图可视化
2025-04-17 09:37:20,190 - DEBUG - 创建包含 19 个节点的图结构
2025-04-17 09:37:20,191 - DEBUG - 边统计: 正常边 236 条, 异常边 4 条
2025-04-17 09:37:20,245 - DEBUG - 正在保存可视化结果到 ./visual/omi/neighbor_all/strict_deviation/omi-6/seg_4_2592_2604.png
2025-04-17 09:37:20,438 - INFO - 成功保存时间段 2592-2604 的可视化结果
2025-04-17 09:37:20,438 - INFO - 
正在处理时间段 6/10: 2734-2765
2025-04-17 09:37:20,438 - INFO - 该时间段的真实异常节点: {8, 19, 4, 6}
2025-04-17 09:37:20,438 - INFO - 正在计算异常分数...
2025-04-17 09:37:20,460 - INFO - 检测到的异常节点: {1, 4, 5, 6, 7, 8, 9, 10, 11, 12, 13, 14, 15, 16, 17, 18, 19}
2025-04-17 09:37:20,461 - INFO - 正在为时间段 2734-2765 生成可视化
2025-04-17 09:37:20,461 - INFO - 正在为时间段 2734-2765 生成异常图可视化
2025-04-17 09:37:20,461 - DEBUG - 创建包含 19 个节点的图结构
2025-04-17 09:37:20,462 - DEBUG - 边统计: 正常边 270 条, 异常边 2 条
2025-04-17 09:37:20,513 - DEBUG - 正在保存可视化结果到 ./visual/omi/neighbor_all/strict_deviation/omi-6/seg_5_2734_2765.png
2025-04-17 09:37:20,709 - INFO - 成功保存时间段 2734-2765 的可视化结果
2025-04-17 09:37:20,709 - INFO - 
正在处理时间段 7/10: 3066-3072
2025-04-17 09:37:20,709 - INFO - 该时间段的真实异常节点: {19, 4, 6}
2025-04-17 09:37:20,709 - INFO - 正在计算异常分数...
2025-04-17 09:37:20,712 - INFO - 检测到的异常节点: {4, 5, 6, 7, 8, 10, 11, 12, 13, 14, 15, 16, 17, 18, 19}
2025-04-17 09:37:20,712 - INFO - 正在为时间段 3066-3072 生成可视化
2025-04-17 09:37:20,712 - INFO - 正在为时间段 3066-3072 生成异常图可视化
2025-04-17 09:37:20,712 - DEBUG - 创建包含 19 个节点的图结构
2025-04-17 09:37:20,713 - DEBUG - 边统计: 正常边 230 条, 异常边 42 条
2025-04-17 09:37:20,764 - DEBUG - 正在保存可视化结果到 ./visual/omi/neighbor_all/strict_deviation/omi-6/seg_6_3066_3072.png
2025-04-17 09:37:20,963 - INFO - 成功保存时间段 3066-3072 的可视化结果
2025-04-17 09:37:20,963 - INFO - 
正在处理时间段 8/10: 3596-3605
2025-04-17 09:37:20,963 - INFO - 该时间段的真实异常节点: {19, 4, 5, 6}
2025-04-17 09:37:20,963 - INFO - 正在计算异常分数...
2025-04-17 09:37:20,968 - INFO - 检测到的异常节点: {1, 4, 5, 6, 7, 8, 9, 10, 11, 12, 13, 14, 15, 16, 17, 18, 19}
2025-04-17 09:37:20,968 - INFO - 正在为时间段 3596-3605 生成可视化
2025-04-17 09:37:20,968 - INFO - 正在为时间段 3596-3605 生成异常图可视化
2025-04-17 09:37:20,968 - DEBUG - 创建包含 19 个节点的图结构
2025-04-17 09:37:20,969 - DEBUG - 边统计: 正常边 272 条, 异常边 0 条
2025-04-17 09:37:21,020 - DEBUG - 正在保存可视化结果到 ./visual/omi/neighbor_all/strict_deviation/omi-6/seg_7_3596_3605.png
2025-04-17 09:37:21,217 - INFO - 成功保存时间段 3596-3605 的可视化结果
2025-04-17 09:37:21,217 - INFO - 
正在处理时间段 9/10: 3610-3622
2025-04-17 09:37:21,217 - INFO - 该时间段的真实异常节点: {1, 4, 5}
2025-04-17 09:37:21,217 - INFO - 正在计算异常分数...
2025-04-17 09:37:21,224 - INFO - 检测到的异常节点: {1, 4, 5, 6, 7, 8, 9, 10, 11, 12, 13, 14, 15, 16, 17, 18, 19}
2025-04-17 09:37:21,224 - INFO - 正在为时间段 3610-3622 生成可视化
2025-04-17 09:37:21,224 - INFO - 正在为时间段 3610-3622 生成异常图可视化
2025-04-17 09:37:21,224 - DEBUG - 创建包含 19 个节点的图结构
2025-04-17 09:37:21,225 - DEBUG - 边统计: 正常边 272 条, 异常边 0 条
2025-04-17 09:37:21,276 - DEBUG - 正在保存可视化结果到 ./visual/omi/neighbor_all/strict_deviation/omi-6/seg_8_3610_3622.png
2025-04-17 09:37:21,471 - INFO - 成功保存时间段 3610-3622 的可视化结果
2025-04-17 09:37:21,471 - INFO - 
正在处理时间段 10/10: 4159-4164
2025-04-17 09:37:21,471 - INFO - 该时间段的真实异常节点: {4, 5}
2025-04-17 09:37:21,471 - INFO - 正在计算异常分数...
2025-04-17 09:37:21,473 - INFO - 检测到的异常节点: {4, 5, 6, 7, 8, 9, 10, 11, 13, 14, 15, 17, 18}
2025-04-17 09:37:21,473 - INFO - 正在为时间段 4159-4164 生成可视化
2025-04-17 09:37:21,473 - INFO - 正在为时间段 4159-4164 生成异常图可视化
2025-04-17 09:37:21,473 - DEBUG - 创建包含 19 个节点的图结构
2025-04-17 09:37:21,474 - DEBUG - 边统计: 正常边 248 条, 异常边 24 条
2025-04-17 09:37:21,526 - DEBUG - 正在保存可视化结果到 ./visual/omi/neighbor_all/strict_deviation/omi-6/seg_9_4159_4164.png
2025-04-17 09:37:21,723 - INFO - 成功保存时间段 4159-4164 的可视化结果
2025-04-17 09:37:21,723 - INFO - 正在生成所有异常段的综合可视化图像: ./visual/omi/neighbor_all/strict_deviation/omi-6/all_segments.png
2025-04-17 09:37:21,723 - INFO - 生成全屏优化的可视化图表
2025-04-17 09:37:22,994 - INFO - 已生成全屏优化的可视化图表: ./visual/omi/neighbor_all/strict_deviation/omi-6/all_segments.png
2025-04-17 09:37:22,994 - INFO - 正在从 ./visual/omi/neighbor_all/strict_deviation/omi-6 中的图像创建GIF
2025-04-17 09:37:23,781 - INFO - GIF已保存到 ./visual/omi/neighbor_all/strict_deviation/omi-6/omi-6.gif
2025-04-17 09:37:23,782 - INFO - 
==================================================
2025-04-17 09:37:23,782 - INFO - 开始数据集可视化: omi-7
2025-04-17 09:37:23,782 - INFO - 使用参数: 评分模式=strict_deviation, all=None, 阈值=2.0
2025-04-17 09:37:23,782 - INFO - ==================================================

2025-04-17 09:37:23,782 - INFO - 正在加载数据集 omi-7 的数据
2025-04-17 09:37:23,783 - INFO - 数据加载成功。训练集形状: (8640, 19), 测试集形状: (4320, 19)
2025-04-17 09:37:23,783 - INFO - 正在计算边缘统计量...
2025-04-17 09:37:26,379 - INFO - 已计算 136 条边的统计量
2025-04-17 09:37:26,379 - INFO - 为每个节点使用所有邻居
2025-04-17 09:37:26,380 - INFO - 可视化结果将保存到: ./visual/omi/neighbor_all/strict_deviation/omi-7
2025-04-17 09:37:26,380 - INFO - 在数据集中发现 3 个异常时间段
2025-04-17 09:37:26,380 - INFO - 
正在处理时间段 1/3: 738-778
2025-04-17 09:37:26,380 - INFO - 该时间段的真实异常节点: {1, 2, 4, 6, 7, 8, 9, 10, 11, 12, 13, 14, 15, 16, 17, 18, 19}
2025-04-17 09:37:26,380 - INFO - 正在计算异常分数...
2025-04-17 09:37:26,408 - INFO - 检测到的异常节点: {1, 4, 5, 6, 7, 8, 9, 10, 11, 12, 13, 14, 15, 16, 17, 18, 19}
2025-04-17 09:37:26,408 - INFO - 正在为时间段 738-778 生成可视化
2025-04-17 09:37:26,408 - INFO - 正在为时间段 738-778 生成异常图可视化
2025-04-17 09:37:26,409 - DEBUG - 创建包含 19 个节点的图结构
2025-04-17 09:37:26,410 - DEBUG - 边统计: 正常边 166 条, 异常边 106 条
2025-04-17 09:37:26,465 - DEBUG - 正在保存可视化结果到 ./visual/omi/neighbor_all/strict_deviation/omi-7/seg_0_738_778.png
2025-04-17 09:37:26,670 - INFO - 成功保存时间段 738-778 的可视化结果
2025-04-17 09:37:26,670 - INFO - 
正在处理时间段 2/3: 1625-1660
2025-04-17 09:37:26,670 - INFO - 该时间段的真实异常节点: {7, 10, 11, 12, 13, 14, 15, 16, 17, 18, 19}
2025-04-17 09:37:26,670 - INFO - 正在计算异常分数...
2025-04-17 09:37:26,696 - INFO - 检测到的异常节点: {5, 7, 8, 9, 10, 11, 12, 13, 14, 15, 16, 17, 18, 19}
2025-04-17 09:37:26,696 - INFO - 正在为时间段 1625-1660 生成可视化
2025-04-17 09:37:26,696 - INFO - 正在为时间段 1625-1660 生成异常图可视化
2025-04-17 09:37:26,696 - DEBUG - 创建包含 19 个节点的图结构
2025-04-17 09:37:26,697 - DEBUG - 边统计: 正常边 130 条, 异常边 52 条
2025-04-17 09:37:26,747 - DEBUG - 正在保存可视化结果到 ./visual/omi/neighbor_all/strict_deviation/omi-7/seg_1_1625_1660.png
2025-04-17 09:37:26,948 - INFO - 成功保存时间段 1625-1660 的可视化结果
2025-04-17 09:37:26,948 - INFO - 
正在处理时间段 3/3: 3311-3320
2025-04-17 09:37:26,948 - INFO - 该时间段的真实异常节点: {7, 10, 11, 12, 13, 14, 15, 16, 17, 18, 19}
2025-04-17 09:37:26,948 - INFO - 正在计算异常分数...
2025-04-17 09:37:26,953 - INFO - 检测到的异常节点: {7, 10, 11, 12, 13, 14, 15, 16, 17, 18, 19}
2025-04-17 09:37:26,953 - INFO - 正在为时间段 3311-3320 生成可视化
2025-04-17 09:37:26,953 - INFO - 正在为时间段 3311-3320 生成异常图可视化
2025-04-17 09:37:26,953 - DEBUG - 创建包含 19 个节点的图结构
2025-04-17 09:37:26,954 - DEBUG - 边统计: 正常边 188 条, 异常边 22 条
2025-04-17 09:37:27,004 - DEBUG - 正在保存可视化结果到 ./visual/omi/neighbor_all/strict_deviation/omi-7/seg_2_3311_3320.png
2025-04-17 09:37:27,206 - INFO - 成功保存时间段 3311-3320 的可视化结果
2025-04-17 09:37:27,206 - INFO - 正在生成所有异常段的综合可视化图像: ./visual/omi/neighbor_all/strict_deviation/omi-7/all_segments.png
2025-04-17 09:37:27,206 - INFO - 生成全屏优化的可视化图表
2025-04-17 09:37:27,875 - INFO - 已生成全屏优化的可视化图表: ./visual/omi/neighbor_all/strict_deviation/omi-7/all_segments.png
2025-04-17 09:37:27,875 - INFO - 正在从 ./visual/omi/neighbor_all/strict_deviation/omi-7 中的图像创建GIF
2025-04-17 09:37:28,257 - INFO - GIF已保存到 ./visual/omi/neighbor_all/strict_deviation/omi-7/omi-7.gif
2025-04-17 09:37:28,258 - INFO - 
==================================================
2025-04-17 09:37:28,258 - INFO - 开始数据集可视化: omi-8
2025-04-17 09:37:28,258 - INFO - 使用参数: 评分模式=strict_deviation, all=None, 阈值=5.5
2025-04-17 09:37:28,258 - INFO - ==================================================

2025-04-17 09:37:28,258 - INFO - 正在加载数据集 omi-8 的数据
2025-04-17 09:37:28,258 - INFO - 数据加载成功。训练集形状: (8640, 19), 测试集形状: (4320, 19)
2025-04-17 09:37:28,259 - INFO - 正在计算边缘统计量...
2025-04-17 09:37:30,851 - INFO - 已计算 136 条边的统计量
2025-04-17 09:37:30,852 - INFO - 为每个节点使用所有邻居
2025-04-17 09:37:30,852 - INFO - 可视化结果将保存到: ./visual/omi/neighbor_all/strict_deviation/omi-8
2025-04-17 09:37:30,852 - INFO - 在数据集中发现 5 个异常时间段
2025-04-17 09:37:30,852 - INFO - 
正在处理时间段 1/5: 740-753
2025-04-17 09:37:30,853 - INFO - 该时间段的真实异常节点: {2, 4}
2025-04-17 09:37:30,853 - INFO - 正在计算异常分数...
2025-04-17 09:37:30,860 - INFO - 检测到的异常节点: {1, 4, 6, 7, 8, 9, 10, 11, 12, 13, 14, 15, 16, 17, 18, 19}
2025-04-17 09:37:30,861 - INFO - 正在为时间段 740-753 生成可视化
2025-04-17 09:37:30,861 - INFO - 正在为时间段 740-753 生成异常图可视化
2025-04-17 09:37:30,861 - DEBUG - 创建包含 19 个节点的图结构
2025-04-17 09:37:30,862 - DEBUG - 边统计: 正常边 238 条, 异常边 2 条
2025-04-17 09:37:30,918 - DEBUG - 正在保存可视化结果到 ./visual/omi/neighbor_all/strict_deviation/omi-8/seg_0_740_753.png
2025-04-17 09:37:31,119 - INFO - 成功保存时间段 740-753 的可视化结果
2025-04-17 09:37:31,119 - INFO - 
正在处理时间段 2/5: 764-780
2025-04-17 09:37:31,119 - INFO - 该时间段的真实异常节点: {6, 7, 8, 9, 10, 11, 12, 13, 14, 15, 16, 17, 18, 19}
2025-04-17 09:37:31,119 - INFO - 正在计算异常分数...
2025-04-17 09:37:31,129 - INFO - 检测到的异常节点: {1, 6, 7, 8, 9, 10, 11, 12, 13, 14, 15, 16, 17, 18, 19}
2025-04-17 09:37:31,129 - INFO - 正在为时间段 764-780 生成可视化
2025-04-17 09:37:31,129 - INFO - 正在为时间段 764-780 生成异常图可视化
2025-04-17 09:37:31,129 - DEBUG - 创建包含 19 个节点的图结构
2025-04-17 09:37:31,130 - DEBUG - 边统计: 正常边 146 条, 异常边 64 条
2025-04-17 09:37:31,184 - DEBUG - 正在保存可视化结果到 ./visual/omi/neighbor_all/strict_deviation/omi-8/seg_1_764_780.png
2025-04-17 09:37:31,382 - INFO - 成功保存时间段 764-780 的可视化结果
2025-04-17 09:37:31,382 - INFO - 
正在处理时间段 3/5: 2319-2325
2025-04-17 09:37:31,382 - INFO - 该时间段的真实异常节点: {4, 5, 6}
2025-04-17 09:37:31,382 - INFO - 正在计算异常分数...
2025-04-17 09:37:31,385 - INFO - 检测到的异常节点: {4, 5, 6, 7, 8, 9, 10, 11, 12, 13, 14, 15, 16, 17, 18, 19}
2025-04-17 09:37:31,385 - INFO - 正在为时间段 2319-2325 生成可视化
2025-04-17 09:37:31,385 - INFO - 正在为时间段 2319-2325 生成异常图可视化
2025-04-17 09:37:31,385 - DEBUG - 创建包含 19 个节点的图结构
2025-04-17 09:37:31,386 - DEBUG - 边统计: 正常边 228 条, 异常边 44 条
2025-04-17 09:37:31,439 - DEBUG - 正在保存可视化结果到 ./visual/omi/neighbor_all/strict_deviation/omi-8/seg_2_2319_2325.png
2025-04-17 09:37:31,639 - INFO - 成功保存时间段 2319-2325 的可视化结果
2025-04-17 09:37:31,639 - INFO - 
正在处理时间段 4/5: 2586-2675
2025-04-17 09:37:31,639 - INFO - 该时间段的真实异常节点: {5, 6, 8, 17, 18, 19}
2025-04-17 09:37:31,639 - INFO - 正在计算异常分数...
2025-04-17 09:37:31,708 - INFO - 检测到的异常节点: {1, 4, 5, 6, 7, 8, 9, 10, 11, 12, 13, 14, 15, 16, 17, 18, 19}
2025-04-17 09:37:31,708 - INFO - 正在为时间段 2586-2675 生成可视化
2025-04-17 09:37:31,708 - INFO - 正在为时间段 2586-2675 生成异常图可视化
2025-04-17 09:37:31,708 - DEBUG - 创建包含 19 个节点的图结构
2025-04-17 09:37:31,709 - DEBUG - 边统计: 正常边 260 条, 异常边 12 条
2025-04-17 09:37:31,761 - DEBUG - 正在保存可视化结果到 ./visual/omi/neighbor_all/strict_deviation/omi-8/seg_3_2586_2675.png
2025-04-17 09:37:31,960 - INFO - 成功保存时间段 2586-2675 的可视化结果
2025-04-17 09:37:31,960 - INFO - 
正在处理时间段 5/5: 2897-2956
2025-04-17 09:37:31,960 - INFO - 该时间段的真实异常节点: {2, 6, 8, 17, 18, 19}
2025-04-17 09:37:31,960 - INFO - 正在计算异常分数...
2025-04-17 09:37:32,003 - INFO - 检测到的异常节点: {1, 4, 5, 6, 7, 8, 9, 10, 11, 12, 13, 14, 15, 16, 17, 18, 19}
2025-04-17 09:37:32,004 - INFO - 正在为时间段 2897-2956 生成可视化
2025-04-17 09:37:32,004 - INFO - 正在为时间段 2897-2956 生成异常图可视化
2025-04-17 09:37:32,004 - DEBUG - 创建包含 19 个节点的图结构
2025-04-17 09:37:32,005 - DEBUG - 边统计: 正常边 230 条, 异常边 42 条
2025-04-17 09:37:32,057 - DEBUG - 正在保存可视化结果到 ./visual/omi/neighbor_all/strict_deviation/omi-8/seg_4_2897_2956.png
2025-04-17 09:37:32,257 - INFO - 成功保存时间段 2897-2956 的可视化结果
2025-04-17 09:37:32,257 - INFO - 正在生成所有异常段的综合可视化图像: ./visual/omi/neighbor_all/strict_deviation/omi-8/all_segments.png
2025-04-17 09:37:32,257 - INFO - 生成全屏优化的可视化图表
2025-04-17 09:37:33,043 - INFO - 已生成全屏优化的可视化图表: ./visual/omi/neighbor_all/strict_deviation/omi-8/all_segments.png
2025-04-17 09:37:33,044 - INFO - 正在从 ./visual/omi/neighbor_all/strict_deviation/omi-8 中的图像创建GIF
2025-04-17 09:37:33,573 - INFO - GIF已保存到 ./visual/omi/neighbor_all/strict_deviation/omi-8/omi-8.gif
2025-04-17 09:37:33,573 - INFO - 
==================================================
2025-04-17 09:37:33,573 - INFO - 开始数据集可视化: omi-9
2025-04-17 09:37:33,574 - INFO - 使用参数: 评分模式=strict_deviation, all=None, 阈值=6.5
2025-04-17 09:37:33,574 - INFO - ==================================================

2025-04-17 09:37:33,574 - INFO - 正在加载数据集 omi-9 的数据
2025-04-17 09:37:33,574 - INFO - 数据加载成功。训练集形状: (8640, 19), 测试集形状: (4320, 19)
2025-04-17 09:37:33,574 - INFO - 正在计算边缘统计量...
2025-04-17 09:37:36,103 - INFO - 已计算 136 条边的统计量
2025-04-17 09:37:36,103 - INFO - 为每个节点使用所有邻居
2025-04-17 09:37:36,103 - INFO - 可视化结果将保存到: ./visual/omi/neighbor_all/strict_deviation/omi-9
2025-04-17 09:37:36,104 - INFO - 在数据集中发现 8 个异常时间段
2025-04-17 09:37:36,104 - INFO - 
正在处理时间段 1/8: 738-756
2025-04-17 09:37:36,104 - INFO - 该时间段的真实异常节点: {2, 9, 10, 11, 12, 13, 14, 15, 16, 17, 18, 19}
2025-04-17 09:37:36,104 - INFO - 正在计算异常分数...
2025-04-17 09:37:36,115 - INFO - 检测到的异常节点: {1, 7, 8, 9, 10, 11, 12, 13, 14, 15, 16, 17, 18, 19}
2025-04-17 09:37:36,115 - INFO - 正在为时间段 738-756 生成可视化
2025-04-17 09:37:36,115 - INFO - 正在为时间段 738-756 生成异常图可视化
2025-04-17 09:37:36,115 - DEBUG - 创建包含 19 个节点的图结构
2025-04-17 09:37:36,116 - DEBUG - 边统计: 正常边 158 条, 异常边 24 条
2025-04-17 09:37:36,170 - DEBUG - 正在保存可视化结果到 ./visual/omi/neighbor_all/strict_deviation/omi-9/seg_0_738_756.png
2025-04-17 09:37:36,372 - INFO - 成功保存时间段 738-756 的可视化结果
2025-04-17 09:37:36,372 - INFO - 
正在处理时间段 2/8: 763-780
2025-04-17 09:37:36,372 - INFO - 该时间段的真实异常节点: {1, 6, 7, 8, 9, 10, 11, 12, 13, 14, 15, 16, 17, 18, 19}
2025-04-17 09:37:36,373 - INFO - 正在计算异常分数...
2025-04-17 09:37:36,384 - INFO - 检测到的异常节点: {1, 6, 7, 8, 9, 10, 11, 12, 13, 14, 15, 16, 17, 18, 19}
2025-04-17 09:37:36,384 - INFO - 正在为时间段 763-780 生成可视化
2025-04-17 09:37:36,384 - INFO - 正在为时间段 763-780 生成异常图可视化
2025-04-17 09:37:36,384 - DEBUG - 创建包含 19 个节点的图结构
2025-04-17 09:37:36,385 - DEBUG - 边统计: 正常边 118 条, 异常边 92 条
2025-04-17 09:37:36,524 - DEBUG - 正在保存可视化结果到 ./visual/omi/neighbor_all/strict_deviation/omi-9/seg_1_763_780.png
2025-04-17 09:37:36,724 - INFO - 成功保存时间段 763-780 的可视化结果
2025-04-17 09:37:36,724 - INFO - 
正在处理时间段 3/8: 2514-2524
2025-04-17 09:37:36,724 - INFO - 该时间段的真实异常节点: {1, 4, 5, 7, 8, 9, 17, 18}
2025-04-17 09:37:36,724 - INFO - 正在计算异常分数...
2025-04-17 09:37:36,730 - INFO - 检测到的异常节点: {1, 4, 5, 6, 7, 8, 9, 10, 11, 12, 13, 14, 15, 16, 17, 18, 19}
2025-04-17 09:37:36,731 - INFO - 正在为时间段 2514-2524 生成可视化
2025-04-17 09:37:36,731 - INFO - 正在为时间段 2514-2524 生成异常图可视化
2025-04-17 09:37:36,731 - DEBUG - 创建包含 19 个节点的图结构
2025-04-17 09:37:36,732 - DEBUG - 边统计: 正常边 210 条, 异常边 62 条
2025-04-17 09:37:36,786 - DEBUG - 正在保存可视化结果到 ./visual/omi/neighbor_all/strict_deviation/omi-9/seg_2_2514_2524.png
2025-04-17 09:37:36,986 - INFO - 成功保存时间段 2514-2524 的可视化结果
2025-04-17 09:37:36,986 - INFO - 
正在处理时间段 4/8: 2603-2668
2025-04-17 09:37:36,986 - INFO - 该时间段的真实异常节点: {1, 2, 5, 6, 8, 17, 18, 19}
2025-04-17 09:37:36,986 - INFO - 正在计算异常分数...
2025-04-17 09:37:37,031 - INFO - 检测到的异常节点: {1, 4, 5, 6, 7, 8, 9, 10, 11, 12, 13, 14, 15, 16, 17, 18, 19}
2025-04-17 09:37:37,031 - INFO - 正在为时间段 2603-2668 生成可视化
2025-04-17 09:37:37,031 - INFO - 正在为时间段 2603-2668 生成异常图可视化
2025-04-17 09:37:37,032 - DEBUG - 创建包含 19 个节点的图结构
2025-04-17 09:37:37,032 - DEBUG - 边统计: 正常边 212 条, 异常边 60 条
2025-04-17 09:37:37,085 - DEBUG - 正在保存可视化结果到 ./visual/omi/neighbor_all/strict_deviation/omi-9/seg_3_2603_2668.png
2025-04-17 09:37:37,286 - INFO - 成功保存时间段 2603-2668 的可视化结果
2025-04-17 09:37:37,286 - INFO - 
正在处理时间段 5/8: 2918-2958
2025-04-17 09:37:37,286 - INFO - 该时间段的真实异常节点: {1, 2, 5, 6, 8, 17, 18, 19}
2025-04-17 09:37:37,286 - INFO - 正在计算异常分数...
2025-04-17 09:37:37,312 - INFO - 检测到的异常节点: {1, 4, 5, 6, 7, 8, 9, 10, 11, 12, 13, 14, 15, 16, 17, 18, 19}
2025-04-17 09:37:37,312 - INFO - 正在为时间段 2918-2958 生成可视化
2025-04-17 09:37:37,312 - INFO - 正在为时间段 2918-2958 生成异常图可视化
2025-04-17 09:37:37,312 - DEBUG - 创建包含 19 个节点的图结构
2025-04-17 09:37:37,313 - DEBUG - 边统计: 正常边 200 条, 异常边 72 条
2025-04-17 09:37:37,366 - DEBUG - 正在保存可视化结果到 ./visual/omi/neighbor_all/strict_deviation/omi-9/seg_4_2918_2958.png
2025-04-17 09:37:37,568 - INFO - 成功保存时间段 2918-2958 的可视化结果
2025-04-17 09:37:37,568 - INFO - 
正在处理时间段 6/8: 3170-3245
2025-04-17 09:37:37,568 - INFO - 该时间段的真实异常节点: {1, 2, 6, 8, 17, 18, 19}
2025-04-17 09:37:37,568 - INFO - 正在计算异常分数...
2025-04-17 09:37:37,616 - INFO - 检测到的异常节点: {1, 4, 5, 6, 7, 8, 9, 10, 11, 12, 13, 14, 15, 16, 17, 18, 19}
2025-04-17 09:37:37,616 - INFO - 正在为时间段 3170-3245 生成可视化
2025-04-17 09:37:37,616 - INFO - 正在为时间段 3170-3245 生成异常图可视化
2025-04-17 09:37:37,616 - DEBUG - 创建包含 19 个节点的图结构
2025-04-17 09:37:37,617 - DEBUG - 边统计: 正常边 226 条, 异常边 46 条
2025-04-17 09:37:37,671 - DEBUG - 正在保存可视化结果到 ./visual/omi/neighbor_all/strict_deviation/omi-9/seg_5_3170_3245.png
2025-04-17 09:37:37,878 - INFO - 成功保存时间段 3170-3245 的可视化结果
2025-04-17 09:37:37,878 - INFO - 
正在处理时间段 7/8: 3508-3528
2025-04-17 09:37:37,878 - INFO - 该时间段的真实异常节点: {8, 2, 19, 6}
2025-04-17 09:37:37,878 - INFO - 正在计算异常分数...
2025-04-17 09:37:37,892 - INFO - 检测到的异常节点: {1, 4, 5, 6, 7, 8, 9, 10, 11, 12, 13, 14, 15, 16, 17, 18, 19}
2025-04-17 09:37:37,892 - INFO - 正在为时间段 3508-3528 生成可视化
2025-04-17 09:37:37,892 - INFO - 正在为时间段 3508-3528 生成异常图可视化
2025-04-17 09:37:37,892 - DEBUG - 创建包含 19 个节点的图结构
2025-04-17 09:37:37,893 - DEBUG - 边统计: 正常边 208 条, 异常边 64 条
2025-04-17 09:37:37,948 - DEBUG - 正在保存可视化结果到 ./visual/omi/neighbor_all/strict_deviation/omi-9/seg_6_3508_3528.png
2025-04-17 09:37:38,153 - INFO - 成功保存时间段 3508-3528 的可视化结果
2025-04-17 09:37:38,153 - INFO - 
正在处理时间段 8/8: 4064-4108
2025-04-17 09:37:38,153 - INFO - 该时间段的真实异常节点: {1, 2, 6, 7, 8, 9, 17, 18, 19}
2025-04-17 09:37:38,153 - INFO - 正在计算异常分数...
2025-04-17 09:37:38,183 - INFO - 检测到的异常节点: {1, 4, 5, 6, 7, 8, 9, 10, 11, 12, 13, 14, 15, 16, 17, 18, 19}
2025-04-17 09:37:38,183 - INFO - 正在为时间段 4064-4108 生成可视化
2025-04-17 09:37:38,183 - INFO - 正在为时间段 4064-4108 生成异常图可视化
2025-04-17 09:37:38,183 - DEBUG - 创建包含 19 个节点的图结构
2025-04-17 09:37:38,184 - DEBUG - 边统计: 正常边 190 条, 异常边 82 条
2025-04-17 09:37:38,237 - DEBUG - 正在保存可视化结果到 ./visual/omi/neighbor_all/strict_deviation/omi-9/seg_7_4064_4108.png
2025-04-17 09:37:38,442 - INFO - 成功保存时间段 4064-4108 的可视化结果
2025-04-17 09:37:38,442 - INFO - 正在生成所有异常段的综合可视化图像: ./visual/omi/neighbor_all/strict_deviation/omi-9/all_segments.png
2025-04-17 09:37:38,442 - INFO - 生成全屏优化的可视化图表
2025-04-17 09:37:39,567 - INFO - 已生成全屏优化的可视化图表: ./visual/omi/neighbor_all/strict_deviation/omi-9/all_segments.png
2025-04-17 09:37:39,567 - INFO - 正在从 ./visual/omi/neighbor_all/strict_deviation/omi-9 中的图像创建GIF
2025-04-17 09:37:40,249 - INFO - GIF已保存到 ./visual/omi/neighbor_all/strict_deviation/omi-9/omi-9.gif
2025-04-17 09:37:40,250 - INFO - 可视化结果生成完成！
2025-04-17 09:37:40,250 - INFO - 
==================================================
2025-04-17 09:37:40,250 - INFO - 程序运行总耗时: 0:02:03.679453 

