2025-04-18 14:03:02,104 - INFO - 
 Starting experiment with config: ExperimentConfig(dataset='omi', window_size=5, score_thresholds=array([0. , 0.5, 1. , 1.5, 2. , 2.5, 3. , 3.5, 4. , 4.5, 5. , 5.5, 6. ,
       6.5, 7. ]), topk_range=range(1, 10), corr_threshold_range=array([0. , 0. , 0.1, 0.2, 0.2, 0.2, 0.3, 0.4, 0.4, 0.4, 0.5, 0.6, 0.6,
       0.6]), neighbor_selection='all', score_modes=['strict_deviation'], data_dir='./data/processed', label_dir='./data/interpretation_label', log_dir='./log/omi/neighbor_all', visual_dir='./visual/omi/neighbor_all', num_workers=36, gif_duration=500)
2025-04-18 14:03:02,104 - INFO - 当前评分模式: ['strict_deviation']
2025-04-18 14:03:02,104 - INFO - 
==================================================
2025-04-18 14:03:02,104 - INFO - 开始执行网格搜索...
2025-04-18 14:03:02,106 - INFO - [omi-12] Starting grid search...
2025-04-18 14:03:04,590 - INFO - [omi-12.txt] mode=strict_deviation, all=None, threshold=0.0, P=0.6129, R=0.9500, F1=0.7451
2025-04-18 14:03:04,925 - INFO - [omi-12.txt] mode=strict_deviation, all=None, threshold=0.5, P=0.6491, R=0.9250, F1=0.7629
2025-04-18 14:03:04,933 - INFO - [omi-12.txt] mode=strict_deviation, all=None, threshold=1.0, P=0.6491, R=0.9250, F1=0.7629
2025-04-18 14:03:05,037 - INFO - [omi-12.txt] mode=strict_deviation, all=None, threshold=1.5, P=0.6429, R=0.9000, F1=0.7500
2025-04-18 14:03:05,038 - INFO - [omi-12.txt] mode=strict_deviation, all=None, threshold=2.0, P=0.6364, R=0.8750, F1=0.7368
2025-04-18 14:03:05,038 - INFO - [omi-12.txt] mode=strict_deviation, all=None, threshold=2.5, P=0.6364, R=0.8750, F1=0.7368
2025-04-18 14:03:05,128 - INFO - [omi-12.txt] mode=strict_deviation, all=None, threshold=3.0, P=0.6304, R=0.7250, F1=0.6744
2025-04-18 14:03:05,161 - INFO - [omi-12.txt] mode=strict_deviation, all=None, threshold=3.5, P=0.6047, R=0.6500, F1=0.6265
2025-04-18 14:03:05,161 - INFO - [omi-12.txt] mode=strict_deviation, all=None, threshold=4.0, P=0.6250, R=0.6250, F1=0.6250
2025-04-18 14:03:05,161 - INFO - [omi-12.txt] mode=strict_deviation, all=None, threshold=4.5, P=0.6250, R=0.6250, F1=0.6250
2025-04-18 14:03:05,162 - INFO - [omi-12.txt] mode=strict_deviation, all=None, threshold=5.0, P=0.6410, R=0.6250, F1=0.6329
2025-04-18 14:03:05,162 - INFO - [omi-12.txt] mode=strict_deviation, all=None, threshold=5.5, P=0.6410, R=0.6250, F1=0.6329
2025-04-18 14:03:05,162 - INFO - [omi-12.txt] mode=strict_deviation, all=None, threshold=6.0, P=0.6316, R=0.6000, F1=0.6154
2025-04-18 14:03:05,162 - INFO - [omi-12.txt] mode=strict_deviation, all=None, threshold=6.5, P=0.6667, R=0.6000, F1=0.6316
2025-04-18 14:03:05,162 - INFO - [omi-12.txt] mode=strict_deviation, all=None, threshold=7.0, P=0.7059, R=0.6000, F1=0.6486
2025-04-18 14:03:05,201 - INFO - [omi-1] Starting grid search...
2025-04-18 14:03:08,606 - INFO - [omi-1.txt] mode=strict_deviation, all=None, threshold=0.0, P=0.7395, R=0.9888, F1=0.8462
2025-04-18 14:03:08,607 - INFO - [omi-1.txt] mode=strict_deviation, all=None, threshold=0.5, P=0.7345, R=0.9326, F1=0.8218
2025-04-18 14:03:08,607 - INFO - [omi-1.txt] mode=strict_deviation, all=None, threshold=1.0, P=0.7204, R=0.7528, F1=0.7363
2025-04-18 14:03:08,752 - INFO - [omi-1.txt] mode=strict_deviation, all=None, threshold=1.5, P=0.7273, R=0.7191, F1=0.7232
2025-04-18 14:03:08,753 - INFO - [omi-1.txt] mode=strict_deviation, all=None, threshold=2.0, P=0.7229, R=0.6742, F1=0.6977
2025-04-18 14:03:08,753 - INFO - [omi-1.txt] mode=strict_deviation, all=None, threshold=2.5, P=0.7183, R=0.5730, F1=0.6375
2025-04-18 14:03:08,908 - INFO - [omi-1.txt] mode=strict_deviation, all=None, threshold=3.0, P=0.7183, R=0.5730, F1=0.6375
2025-04-18 14:03:08,908 - INFO - [omi-1.txt] mode=strict_deviation, all=None, threshold=3.5, P=0.7000, R=0.4719, F1=0.5638
2025-04-18 14:03:08,909 - INFO - [omi-1.txt] mode=strict_deviation, all=None, threshold=4.0, P=0.6731, R=0.3933, F1=0.4965
2025-04-18 14:03:08,909 - INFO - [omi-1.txt] mode=strict_deviation, all=None, threshold=4.5, P=0.6667, R=0.3820, F1=0.4857
2025-04-18 14:03:08,909 - INFO - [omi-1.txt] mode=strict_deviation, all=None, threshold=5.0, P=0.6364, R=0.3146, F1=0.4211
2025-04-18 14:03:08,909 - INFO - [omi-1.txt] mode=strict_deviation, all=None, threshold=5.5, P=0.6250, R=0.2809, F1=0.3876
2025-04-18 14:03:08,909 - INFO - [omi-1.txt] mode=strict_deviation, all=None, threshold=6.0, P=0.6410, R=0.2809, F1=0.3906
2025-04-18 14:03:08,909 - INFO - [omi-1.txt] mode=strict_deviation, all=None, threshold=6.5, P=0.6216, R=0.2584, F1=0.3651
2025-04-18 14:03:08,909 - INFO - [omi-1.txt] mode=strict_deviation, all=None, threshold=7.0, P=0.6111, R=0.2472, F1=0.3520
2025-04-18 14:03:08,961 - INFO - [omi-5] Starting grid search...
2025-04-18 14:03:12,546 - INFO - [omi-5.txt] mode=strict_deviation, all=None, threshold=0.0, P=0.4757, R=1.0000, F1=0.6447
2025-04-18 14:03:12,547 - INFO - [omi-5.txt] mode=strict_deviation, all=None, threshold=0.5, P=0.4333, R=0.7959, F1=0.5612
2025-04-18 14:03:12,547 - INFO - [omi-5.txt] mode=strict_deviation, all=None, threshold=1.0, P=0.4286, R=0.7347, F1=0.5414
2025-04-18 14:03:12,547 - INFO - [omi-5.txt] mode=strict_deviation, all=None, threshold=1.5, P=0.4250, R=0.6939, F1=0.5271
2025-04-18 14:03:12,547 - INFO - [omi-5.txt] mode=strict_deviation, all=None, threshold=2.0, P=0.4211, R=0.6531, F1=0.5120
2025-04-18 14:03:12,547 - INFO - [omi-5.txt] mode=strict_deviation, all=None, threshold=2.5, P=0.4697, R=0.6327, F1=0.5391
2025-04-18 14:03:12,783 - INFO - [omi-5.txt] mode=strict_deviation, all=None, threshold=3.0, P=0.4839, R=0.6122, F1=0.5405
2025-04-18 14:03:12,804 - INFO - [omi-5.txt] mode=strict_deviation, all=None, threshold=3.5, P=0.4839, R=0.6122, F1=0.5405
2025-04-18 14:03:12,804 - INFO - [omi-5.txt] mode=strict_deviation, all=None, threshold=4.0, P=0.4754, R=0.5918, F1=0.5273
2025-04-18 14:03:12,804 - INFO - [omi-5.txt] mode=strict_deviation, all=None, threshold=4.5, P=0.4754, R=0.5918, F1=0.5273
2025-04-18 14:03:12,804 - INFO - [omi-5.txt] mode=strict_deviation, all=None, threshold=5.0, P=0.4915, R=0.5918, F1=0.5370
2025-04-18 14:03:12,804 - INFO - [omi-5.txt] mode=strict_deviation, all=None, threshold=5.5, P=0.4915, R=0.5918, F1=0.5370
2025-04-18 14:03:12,804 - INFO - [omi-5.txt] mode=strict_deviation, all=None, threshold=6.0, P=0.4915, R=0.5918, F1=0.5370
2025-04-18 14:03:12,805 - INFO - [omi-5.txt] mode=strict_deviation, all=None, threshold=6.5, P=0.4915, R=0.5918, F1=0.5370
2025-04-18 14:03:12,805 - INFO - [omi-5.txt] mode=strict_deviation, all=None, threshold=7.0, P=0.4828, R=0.5714, F1=0.5234
2025-04-18 14:03:12,859 - INFO - [omi-6] Starting grid search...
2025-04-18 14:03:16,297 - INFO - [omi-6.txt] mode=strict_deviation, all=None, threshold=0.0, P=0.2606, R=0.9773, F1=0.4115
2025-04-18 14:03:16,299 - INFO - [omi-6.txt] mode=strict_deviation, all=None, threshold=0.5, P=0.2614, R=0.9091, F1=0.4061
2025-04-18 14:03:16,299 - INFO - [omi-6.txt] mode=strict_deviation, all=None, threshold=1.0, P=0.2667, R=0.8182, F1=0.4022
2025-04-18 14:03:16,299 - INFO - [omi-6.txt] mode=strict_deviation, all=None, threshold=1.5, P=0.2845, R=0.7500, F1=0.4125
2025-04-18 14:03:16,299 - INFO - [omi-6.txt] mode=strict_deviation, all=None, threshold=2.0, P=0.2963, R=0.7273, F1=0.4211
2025-04-18 14:03:16,302 - INFO - [omi-6.txt] mode=strict_deviation, all=None, threshold=2.5, P=0.3229, R=0.7045, F1=0.4429
2025-04-18 14:03:16,582 - INFO - [omi-6.txt] mode=strict_deviation, all=None, threshold=3.0, P=0.3529, R=0.6818, F1=0.4651
2025-04-18 14:03:16,583 - INFO - [omi-6.txt] mode=strict_deviation, all=None, threshold=3.5, P=0.3718, R=0.6591, F1=0.4754
2025-04-18 14:03:16,583 - INFO - [omi-6.txt] mode=strict_deviation, all=None, threshold=4.0, P=0.3733, R=0.6364, F1=0.4706
2025-04-18 14:03:16,583 - INFO - [omi-6.txt] mode=strict_deviation, all=None, threshold=4.5, P=0.3768, R=0.5909, F1=0.4602
2025-04-18 14:03:16,583 - INFO - [omi-6.txt] mode=strict_deviation, all=None, threshold=5.0, P=0.4098, R=0.5682, F1=0.4762
2025-04-18 14:03:16,583 - INFO - [omi-6.txt] mode=strict_deviation, all=None, threshold=5.5, P=0.3898, R=0.5227, F1=0.4466
2025-04-18 14:03:16,583 - INFO - [omi-6.txt] mode=strict_deviation, all=None, threshold=6.0, P=0.4182, R=0.5227, F1=0.4646
2025-04-18 14:03:16,583 - INFO - [omi-6.txt] mode=strict_deviation, all=None, threshold=6.5, P=0.4400, R=0.5000, F1=0.4681
2025-04-18 14:03:16,584 - INFO - [omi-6.txt] mode=strict_deviation, all=None, threshold=7.0, P=0.4468, R=0.4773, F1=0.4615
2025-04-18 14:03:16,634 - INFO - [omi-7] Starting grid search...
2025-04-18 14:03:19,835 - INFO - [omi-7.txt] mode=strict_deviation, all=None, threshold=0.0, P=0.9048, R=0.9744, F1=0.9383
2025-04-18 14:03:19,836 - INFO - [omi-7.txt] mode=strict_deviation, all=None, threshold=0.5, P=0.8788, R=0.7436, F1=0.8056
2025-04-18 14:03:19,836 - INFO - [omi-7.txt] mode=strict_deviation, all=None, threshold=1.0, P=0.8750, R=0.7179, F1=0.7887
2025-04-18 14:03:19,926 - INFO - [omi-7.txt] mode=strict_deviation, all=None, threshold=1.5, P=0.8710, R=0.6923, F1=0.7714
2025-04-18 14:03:19,926 - INFO - [omi-7.txt] mode=strict_deviation, all=None, threshold=2.0, P=0.8710, R=0.6923, F1=0.7714
2025-04-18 14:03:19,926 - INFO - [omi-7.txt] mode=strict_deviation, all=None, threshold=2.5, P=0.8710, R=0.6923, F1=0.7714
2025-04-18 14:03:20,145 - INFO - [omi-7.txt] mode=strict_deviation, all=None, threshold=3.0, P=0.8710, R=0.6923, F1=0.7714
2025-04-18 14:03:20,146 - INFO - [omi-7.txt] mode=strict_deviation, all=None, threshold=3.5, P=0.8710, R=0.6923, F1=0.7714
2025-04-18 14:03:20,146 - INFO - [omi-7.txt] mode=strict_deviation, all=None, threshold=4.0, P=0.8710, R=0.6923, F1=0.7714
2025-04-18 14:03:20,146 - INFO - [omi-7.txt] mode=strict_deviation, all=None, threshold=4.5, P=0.9000, R=0.6923, F1=0.7826
2025-04-18 14:03:20,146 - INFO - [omi-7.txt] mode=strict_deviation, all=None, threshold=5.0, P=0.8966, R=0.6667, F1=0.7647
2025-04-18 14:03:20,146 - INFO - [omi-7.txt] mode=strict_deviation, all=None, threshold=5.5, P=0.8800, R=0.5641, F1=0.6875
2025-04-18 14:03:20,146 - INFO - [omi-7.txt] mode=strict_deviation, all=None, threshold=6.0, P=0.8636, R=0.4872, F1=0.6230
2025-04-18 14:03:20,147 - INFO - [omi-7.txt] mode=strict_deviation, all=None, threshold=6.5, P=0.8500, R=0.4359, F1=0.5763
2025-04-18 14:03:20,147 - INFO - [omi-7.txt] mode=strict_deviation, all=None, threshold=7.0, P=0.8500, R=0.4359, F1=0.5763
2025-04-18 14:03:20,190 - INFO - [omi-9] Starting grid search...
2025-04-18 14:03:23,376 - INFO - [omi-9.txt] mode=strict_deviation, all=None, threshold=0.0, P=0.4962, R=0.9155, F1=0.6436
2025-04-18 14:03:23,378 - INFO - [omi-9.txt] mode=strict_deviation, all=None, threshold=0.5, P=0.4962, R=0.9155, F1=0.6436
2025-04-18 14:03:23,676 - INFO - [omi-9.txt] mode=strict_deviation, all=None, threshold=1.0, P=0.4844, R=0.8732, F1=0.6231
2025-04-18 14:03:23,676 - INFO - [omi-9.txt] mode=strict_deviation, all=None, threshold=1.5, P=0.4841, R=0.8592, F1=0.6193
2025-04-18 14:03:23,677 - INFO - [omi-9.txt] mode=strict_deviation, all=None, threshold=2.0, P=0.4841, R=0.8592, F1=0.6193
2025-04-18 14:03:23,677 - INFO - [omi-9.txt] mode=strict_deviation, all=None, threshold=2.5, P=0.4793, R=0.8169, F1=0.6042
2025-04-18 14:03:23,677 - INFO - [omi-9.txt] mode=strict_deviation, all=None, threshold=3.0, P=0.4701, R=0.7746, F1=0.5851
2025-04-18 14:03:23,677 - INFO - [omi-9.txt] mode=strict_deviation, all=None, threshold=3.5, P=0.4783, R=0.7746, F1=0.5914
2025-04-18 14:03:23,677 - INFO - [omi-9.txt] mode=strict_deviation, all=None, threshold=4.0, P=0.4737, R=0.7606, F1=0.5838
2025-04-18 14:03:23,677 - INFO - [omi-9.txt] mode=strict_deviation, all=None, threshold=4.5, P=0.4643, R=0.7324, F1=0.5683
2025-04-18 14:03:23,677 - INFO - [omi-9.txt] mode=strict_deviation, all=None, threshold=5.0, P=0.4643, R=0.7324, F1=0.5683
2025-04-18 14:03:23,678 - INFO - [omi-9.txt] mode=strict_deviation, all=None, threshold=5.5, P=0.4643, R=0.7324, F1=0.5683
2025-04-18 14:03:23,678 - INFO - [omi-9.txt] mode=strict_deviation, all=None, threshold=6.0, P=0.4636, R=0.7183, F1=0.5635
2025-04-18 14:03:23,678 - INFO - [omi-9.txt] mode=strict_deviation, all=None, threshold=6.5, P=0.4636, R=0.7183, F1=0.5635
2025-04-18 14:03:23,678 - INFO - [omi-9.txt] mode=strict_deviation, all=None, threshold=7.0, P=0.4587, R=0.7042, F1=0.5556
2025-04-18 14:03:23,726 - INFO - [omi-8] Starting grid search...
2025-04-18 14:03:26,998 - INFO - [omi-8.txt] mode=strict_deviation, all=None, threshold=0.0, P=0.3580, R=0.9355, F1=0.5179
2025-04-18 14:03:27,354 - INFO - [omi-8.txt] mode=strict_deviation, all=None, threshold=0.5, P=0.3919, R=0.9355, F1=0.5524
2025-04-18 14:03:27,354 - INFO - [omi-8.txt] mode=strict_deviation, all=None, threshold=1.0, P=0.3913, R=0.8710, F1=0.5400
2025-04-18 14:03:27,355 - INFO - [omi-8.txt] mode=strict_deviation, all=None, threshold=1.5, P=0.4219, R=0.8710, F1=0.5684
2025-04-18 14:03:27,355 - INFO - [omi-8.txt] mode=strict_deviation, all=None, threshold=2.0, P=0.4500, R=0.8710, F1=0.5934
2025-04-18 14:03:27,355 - INFO - [omi-8.txt] mode=strict_deviation, all=None, threshold=2.5, P=0.4483, R=0.8387, F1=0.5843
2025-04-18 14:03:27,355 - INFO - [omi-8.txt] mode=strict_deviation, all=None, threshold=3.0, P=0.4727, R=0.8387, F1=0.6047
2025-04-18 14:03:27,355 - INFO - [omi-8.txt] mode=strict_deviation, all=None, threshold=3.5, P=0.4906, R=0.8387, F1=0.6190
2025-04-18 14:03:27,355 - INFO - [omi-8.txt] mode=strict_deviation, all=None, threshold=4.0, P=0.5000, R=0.8387, F1=0.6265
2025-04-18 14:03:27,355 - INFO - [omi-8.txt] mode=strict_deviation, all=None, threshold=4.5, P=0.5000, R=0.8387, F1=0.6265
2025-04-18 14:03:27,355 - INFO - [omi-8.txt] mode=strict_deviation, all=None, threshold=5.0, P=0.5098, R=0.8387, F1=0.6341
2025-04-18 14:03:27,355 - INFO - [omi-8.txt] mode=strict_deviation, all=None, threshold=5.5, P=0.5098, R=0.8387, F1=0.6341
2025-04-18 14:03:27,355 - INFO - [omi-8.txt] mode=strict_deviation, all=None, threshold=6.0, P=0.5098, R=0.8387, F1=0.6341
2025-04-18 14:03:27,356 - INFO - [omi-8.txt] mode=strict_deviation, all=None, threshold=6.5, P=0.5098, R=0.8387, F1=0.6341
2025-04-18 14:03:27,356 - INFO - [omi-8.txt] mode=strict_deviation, all=None, threshold=7.0, P=0.5098, R=0.8387, F1=0.6341
2025-04-18 14:03:27,400 - INFO - [omi-2] Starting grid search...
2025-04-18 14:03:30,727 - INFO - [omi-2.txt] mode=strict_deviation, all=None, threshold=0.0, P=0.4559, R=1.0000, F1=0.6263
2025-04-18 14:03:30,728 - INFO - [omi-2.txt] mode=strict_deviation, all=None, threshold=0.5, P=0.5345, R=1.0000, F1=0.6966
2025-04-18 14:03:30,740 - INFO - [omi-2.txt] mode=strict_deviation, all=None, threshold=1.0, P=0.5918, R=0.9355, F1=0.7250
2025-04-18 14:03:30,796 - INFO - [omi-2.txt] mode=strict_deviation, all=None, threshold=1.5, P=0.6042, R=0.9355, F1=0.7342
2025-04-18 14:03:30,796 - INFO - [omi-2.txt] mode=strict_deviation, all=None, threshold=2.0, P=0.6286, R=0.7097, F1=0.6667
2025-04-18 14:03:30,796 - INFO - [omi-2.txt] mode=strict_deviation, all=None, threshold=2.5, P=0.6129, R=0.6129, F1=0.6129
2025-04-18 14:03:30,796 - INFO - [omi-2.txt] mode=strict_deviation, all=None, threshold=3.0, P=0.6923, R=0.5806, F1=0.6316
2025-04-18 14:03:30,796 - INFO - [omi-2.txt] mode=strict_deviation, all=None, threshold=3.5, P=0.8182, R=0.5806, F1=0.6792
2025-04-18 14:03:30,796 - INFO - [omi-2.txt] mode=strict_deviation, all=None, threshold=4.0, P=0.8182, R=0.5806, F1=0.6792
2025-04-18 14:03:30,796 - INFO - [omi-2.txt] mode=strict_deviation, all=None, threshold=4.5, P=0.8571, R=0.5806, F1=0.6923
2025-04-18 14:03:30,806 - INFO - [omi-2.txt] mode=strict_deviation, all=None, threshold=5.0, P=0.8571, R=0.5806, F1=0.6923
2025-04-18 14:03:30,806 - INFO - [omi-2.txt] mode=strict_deviation, all=None, threshold=5.5, P=0.8947, R=0.5484, F1=0.6800
2025-04-18 14:03:30,806 - INFO - [omi-2.txt] mode=strict_deviation, all=None, threshold=6.0, P=0.8947, R=0.5484, F1=0.6800
2025-04-18 14:03:30,806 - INFO - [omi-2.txt] mode=strict_deviation, all=None, threshold=6.5, P=0.8947, R=0.5484, F1=0.6800
2025-04-18 14:03:30,807 - INFO - [omi-2.txt] mode=strict_deviation, all=None, threshold=7.0, P=0.8947, R=0.5484, F1=0.6800
2025-04-18 14:03:30,857 - INFO - [omi-11] Starting grid search...
2025-04-18 14:03:34,364 - INFO - [omi-11.txt] mode=strict_deviation, all=None, threshold=0.0, P=0.3434, R=0.9828, F1=0.5089
2025-04-18 14:03:34,365 - INFO - [omi-11.txt] mode=strict_deviation, all=None, threshold=0.5, P=0.3631, R=0.9828, F1=0.5302
2025-04-18 14:03:34,382 - INFO - [omi-11.txt] mode=strict_deviation, all=None, threshold=1.0, P=0.3684, R=0.9655, F1=0.5333
2025-04-18 14:03:34,382 - INFO - [omi-11.txt] mode=strict_deviation, all=None, threshold=1.5, P=0.3758, R=0.9655, F1=0.5411
2025-04-18 14:03:34,383 - INFO - [omi-11.txt] mode=strict_deviation, all=None, threshold=2.0, P=0.3889, R=0.9655, F1=0.5545
2025-04-18 14:03:34,383 - INFO - [omi-11.txt] mode=strict_deviation, all=None, threshold=2.5, P=0.4000, R=0.9655, F1=0.5657
2025-04-18 14:03:34,388 - INFO - [omi-11.txt] mode=strict_deviation, all=None, threshold=3.0, P=0.4058, R=0.9655, F1=0.5714
2025-04-18 14:03:34,394 - INFO - [omi-11.txt] mode=strict_deviation, all=None, threshold=3.5, P=0.4088, R=0.9655, F1=0.5744
2025-04-18 14:03:34,415 - INFO - [omi-11.txt] mode=strict_deviation, all=None, threshold=4.0, P=0.4148, R=0.9655, F1=0.5803
2025-04-18 14:03:34,415 - INFO - [omi-11.txt] mode=strict_deviation, all=None, threshold=4.5, P=0.4122, R=0.9310, F1=0.5714
2025-04-18 14:03:34,438 - INFO - [omi-11.txt] mode=strict_deviation, all=None, threshold=5.0, P=0.4141, R=0.9138, F1=0.5699
2025-04-18 14:03:34,438 - INFO - [omi-11.txt] mode=strict_deviation, all=None, threshold=5.5, P=0.4080, R=0.8793, F1=0.5574
2025-04-18 14:03:34,438 - INFO - [omi-11.txt] mode=strict_deviation, all=None, threshold=6.0, P=0.4083, R=0.8448, F1=0.5506
2025-04-18 14:03:34,438 - INFO - [omi-11.txt] mode=strict_deviation, all=None, threshold=6.5, P=0.4153, R=0.8448, F1=0.5568
2025-04-18 14:03:34,462 - INFO - [omi-11.txt] mode=strict_deviation, all=None, threshold=7.0, P=0.4174, R=0.8276, F1=0.5549
2025-04-18 14:03:34,507 - INFO - [omi-10] Starting grid search...
2025-04-18 14:03:38,294 - INFO - [omi-10.txt] mode=strict_deviation, all=None, threshold=0.0, P=0.4688, R=0.9836, F1=0.6349
2025-04-18 14:03:38,409 - INFO - [omi-10.txt] mode=strict_deviation, all=None, threshold=0.5, P=0.4917, R=0.9672, F1=0.6519
2025-04-18 14:03:38,410 - INFO - [omi-10.txt] mode=strict_deviation, all=None, threshold=1.0, P=0.4958, R=0.9672, F1=0.6556
2025-04-18 14:03:38,410 - INFO - [omi-10.txt] mode=strict_deviation, all=None, threshold=1.5, P=0.5000, R=0.9672, F1=0.6592
2025-04-18 14:03:38,410 - INFO - [omi-10.txt] mode=strict_deviation, all=None, threshold=2.0, P=0.5000, R=0.9672, F1=0.6592
2025-04-18 14:03:38,410 - INFO - [omi-10.txt] mode=strict_deviation, all=None, threshold=2.5, P=0.5043, R=0.9672, F1=0.6629
2025-04-18 14:03:38,410 - INFO - [omi-10.txt] mode=strict_deviation, all=None, threshold=3.0, P=0.5086, R=0.9672, F1=0.6667
2025-04-18 14:03:38,410 - INFO - [omi-10.txt] mode=strict_deviation, all=None, threshold=3.5, P=0.5086, R=0.9672, F1=0.6667
2025-04-18 14:03:38,410 - INFO - [omi-10.txt] mode=strict_deviation, all=None, threshold=4.0, P=0.5086, R=0.9672, F1=0.6667
2025-04-18 14:03:38,410 - INFO - [omi-10.txt] mode=strict_deviation, all=None, threshold=4.5, P=0.5086, R=0.9672, F1=0.6667
2025-04-18 14:03:38,410 - INFO - [omi-10.txt] mode=strict_deviation, all=None, threshold=5.0, P=0.5130, R=0.9672, F1=0.6705
2025-04-18 14:03:38,410 - INFO - [omi-10.txt] mode=strict_deviation, all=None, threshold=5.5, P=0.5130, R=0.9672, F1=0.6705
2025-04-18 14:03:38,410 - INFO - [omi-10.txt] mode=strict_deviation, all=None, threshold=6.0, P=0.5175, R=0.9672, F1=0.6743
2025-04-18 14:03:38,410 - INFO - [omi-10.txt] mode=strict_deviation, all=None, threshold=6.5, P=0.5133, R=0.9508, F1=0.6667
2025-04-18 14:03:38,411 - INFO - [omi-10.txt] mode=strict_deviation, all=None, threshold=7.0, P=0.5225, R=0.9508, F1=0.6744
2025-04-18 14:03:38,455 - INFO - [omi-4] Starting grid search...
2025-04-18 14:03:42,066 - INFO - [omi-4.txt] mode=strict_deviation, all=None, threshold=0.0, P=0.8250, R=0.9851, F1=0.8980
2025-04-18 14:03:42,072 - INFO - [omi-4.txt] mode=strict_deviation, all=None, threshold=0.5, P=0.7963, R=0.6418, F1=0.7107
2025-04-18 14:03:42,161 - INFO - [omi-4.txt] mode=strict_deviation, all=None, threshold=1.0, P=0.7925, R=0.6269, F1=0.7000
2025-04-18 14:03:42,272 - INFO - [omi-4.txt] mode=strict_deviation, all=None, threshold=1.5, P=0.7674, R=0.4925, F1=0.6000
2025-04-18 14:03:42,273 - INFO - [omi-4.txt] mode=strict_deviation, all=None, threshold=2.0, P=0.7895, R=0.4478, F1=0.5714
2025-04-18 14:03:42,273 - INFO - [omi-4.txt] mode=strict_deviation, all=None, threshold=2.5, P=0.7895, R=0.4478, F1=0.5714
2025-04-18 14:03:42,273 - INFO - [omi-4.txt] mode=strict_deviation, all=None, threshold=3.0, P=0.7838, R=0.4328, F1=0.5577
2025-04-18 14:03:42,273 - INFO - [omi-4.txt] mode=strict_deviation, all=None, threshold=3.5, P=0.8000, R=0.4179, F1=0.5490
2025-04-18 14:03:42,273 - INFO - [omi-4.txt] mode=strict_deviation, all=None, threshold=4.0, P=0.8000, R=0.4179, F1=0.5490
2025-04-18 14:03:42,274 - INFO - [omi-4.txt] mode=strict_deviation, all=None, threshold=4.5, P=0.8235, R=0.4179, F1=0.5545
2025-04-18 14:03:42,274 - INFO - [omi-4.txt] mode=strict_deviation, all=None, threshold=5.0, P=0.8235, R=0.4179, F1=0.5545
2025-04-18 14:03:42,274 - INFO - [omi-4.txt] mode=strict_deviation, all=None, threshold=5.5, P=0.8125, R=0.3881, F1=0.5253
2025-04-18 14:03:42,274 - INFO - [omi-4.txt] mode=strict_deviation, all=None, threshold=6.0, P=0.8125, R=0.3881, F1=0.5253
2025-04-18 14:03:42,274 - INFO - [omi-4.txt] mode=strict_deviation, all=None, threshold=6.5, P=0.8125, R=0.3881, F1=0.5253
2025-04-18 14:03:42,274 - INFO - [omi-4.txt] mode=strict_deviation, all=None, threshold=7.0, P=0.8125, R=0.3881, F1=0.5253
2025-04-18 14:03:42,321 - INFO - [omi-3] Starting grid search...
2025-04-18 14:03:45,976 - INFO - [omi-3.txt] mode=strict_deviation, all=None, threshold=0.0, P=0.8025, R=0.8333, F1=0.8176
2025-04-18 14:03:46,065 - INFO - [omi-3.txt] mode=strict_deviation, all=None, threshold=0.5, P=0.7586, R=0.5641, F1=0.6471
2025-04-18 14:03:46,065 - INFO - [omi-3.txt] mode=strict_deviation, all=None, threshold=1.0, P=0.8039, R=0.5256, F1=0.6357
2025-04-18 14:03:46,065 - INFO - [omi-3.txt] mode=strict_deviation, all=None, threshold=1.5, P=0.8039, R=0.5256, F1=0.6357
2025-04-18 14:03:46,065 - INFO - [omi-3.txt] mode=strict_deviation, all=None, threshold=2.0, P=0.8163, R=0.5128, F1=0.6299
2025-04-18 14:03:46,065 - INFO - [omi-3.txt] mode=strict_deviation, all=None, threshold=2.5, P=0.8163, R=0.5128, F1=0.6299
2025-04-18 14:03:46,065 - INFO - [omi-3.txt] mode=strict_deviation, all=None, threshold=3.0, P=0.8125, R=0.5000, F1=0.6190
2025-04-18 14:03:46,065 - INFO - [omi-3.txt] mode=strict_deviation, all=None, threshold=3.5, P=0.8182, R=0.4615, F1=0.5902
2025-04-18 14:03:46,066 - INFO - [omi-3.txt] mode=strict_deviation, all=None, threshold=4.0, P=0.8095, R=0.4359, F1=0.5667
2025-04-18 14:03:46,066 - INFO - [omi-3.txt] mode=strict_deviation, all=None, threshold=4.5, P=0.7778, R=0.3590, F1=0.4912
2025-04-18 14:03:46,066 - INFO - [omi-3.txt] mode=strict_deviation, all=None, threshold=5.0, P=0.7647, R=0.3333, F1=0.4643
2025-04-18 14:03:46,066 - INFO - [omi-3.txt] mode=strict_deviation, all=None, threshold=5.5, P=0.7576, R=0.3205, F1=0.4505
2025-04-18 14:03:46,066 - INFO - [omi-3.txt] mode=strict_deviation, all=None, threshold=6.0, P=0.7576, R=0.3205, F1=0.4505
2025-04-18 14:03:46,066 - INFO - [omi-3.txt] mode=strict_deviation, all=None, threshold=6.5, P=0.7500, R=0.3077, F1=0.4364
2025-04-18 14:03:46,066 - INFO - [omi-3.txt] mode=strict_deviation, all=None, threshold=7.0, P=0.7241, R=0.2692, F1=0.3925
2025-04-18 14:03:46,112 - INFO - 
==================================================
2025-04-18 14:03:46,112 - INFO - 开始汇总结果...
2025-04-18 14:03:46,121 - INFO - 
===== Best Results per Dataset =====
   dataset       score_mode neighbor_param  score_threshold neighbor_selection  precision   recall  f1_score
 omi-1.txt strict_deviation           None              0.0                all   0.739496 0.988764  0.846154
omi-10.txt strict_deviation           None              7.0                all   0.522523 0.950820  0.674419
omi-11.txt strict_deviation           None              4.0                all   0.414815 0.965517  0.580311
omi-12.txt strict_deviation           None              1.0                all   0.649123 0.925000  0.762887
 omi-2.txt strict_deviation           None              1.5                all   0.604167 0.935484  0.734177
 omi-3.txt strict_deviation           None              0.0                all   0.802469 0.833333  0.817610
 omi-4.txt strict_deviation           None              0.0                all   0.825000 0.985075  0.897959
 omi-5.txt strict_deviation           None              0.0                all   0.475728 1.000000  0.644737
 omi-6.txt strict_deviation           None              5.0                all   0.409836 0.568182  0.476190
 omi-7.txt strict_deviation           None              0.0                all   0.904762 0.974359  0.938272
 omi-8.txt strict_deviation           None              6.5                all   0.509804 0.838710  0.634146
 omi-9.txt strict_deviation           None              0.5                all   0.496183 0.915493  0.643564
2025-04-18 14:03:46,121 - INFO - 
===== Overall Metrics =====
Precision: 0.5725  Recall: 0.8863  F1: 0.6957
2025-04-18 14:03:46,121 - INFO - 
【原始汇总指标】
2025-04-18 14:03:46,121 - INFO - 精确率(Precision): 0.5725
2025-04-18 14:03:46,121 - INFO - 召回率(Recall):    0.8863
2025-04-18 14:03:46,121 - INFO - F1值:             0.6957
2025-04-18 14:03:46,121 - INFO - 
==================================================
2025-04-18 14:03:46,121 - INFO - 开始生成可视化结果...
2025-04-18 14:03:46,121 - INFO - 
==================================================
2025-04-18 14:03:46,122 - INFO - 开始数据集可视化: omi-1
2025-04-18 14:03:46,122 - INFO - 使用参数: 评分模式=strict_deviation, all=None, 阈值=0.0
2025-04-18 14:03:46,122 - INFO - ==================================================

2025-04-18 14:03:46,122 - INFO - 正在加载数据集 omi-1 的数据
2025-04-18 14:03:46,123 - INFO - 数据加载成功。训练集形状: (8640, 19), 测试集形状: (4320, 19)
2025-04-18 14:03:46,123 - INFO - 正在计算边缘统计量...
2025-04-18 14:03:49,028 - INFO - 已计算 170 条边的统计量
2025-04-18 14:03:49,029 - INFO - 为每个节点使用所有邻居
2025-04-18 14:03:49,029 - INFO - 可视化结果将保存到: ./visual/omi/neighbor_all/strict_deviation/omi-1
2025-04-18 14:03:49,030 - INFO - 在数据集中发现 7 个异常时间段
2025-04-18 14:03:49,030 - INFO - 
正在处理时间段 1/7: 760-765
2025-04-18 14:03:49,030 - INFO - 该时间段的真实异常节点: {4, 5, 7, 8, 9, 10, 11, 12, 13, 14, 15, 16, 17, 18, 19}
2025-04-18 14:03:49,030 - INFO - 正在计算异常分数...
2025-04-18 14:03:49,032 - INFO - 检测到的异常节点: {1, 4, 7, 8, 9, 10, 11, 12, 13, 14, 15, 16, 17, 18, 19}
2025-04-18 14:03:49,032 - INFO - 正在为时间段 760-765 生成可视化
2025-04-18 14:03:49,032 - INFO - 正在为时间段 760-765 生成异常图可视化
2025-04-18 14:03:49,032 - DEBUG - 创建包含 19 个节点的图结构
2025-04-18 14:03:49,034 - DEBUG - 边统计: 正常边 218 条, 异常边 22 条
2025-04-18 14:03:49,141 - DEBUG - 正在保存可视化结果到 ./visual/omi/neighbor_all/strict_deviation/omi-1/seg_0_760_765.png
2025-04-18 14:03:49,408 - INFO - 成功保存时间段 760-765 的可视化结果
2025-04-18 14:03:49,408 - INFO - 
正在处理时间段 2/7: 1064-1298
2025-04-18 14:03:49,408 - INFO - 该时间段的真实异常节点: {6, 7, 9, 10, 11, 12, 13, 14, 15, 16, 17, 18, 19}
2025-04-18 14:03:49,408 - INFO - 正在计算异常分数...
2025-04-18 14:03:49,563 - INFO - 检测到的异常节点: {1, 3, 4, 5, 6, 7, 8, 9, 10, 11, 12, 13, 14, 15, 16, 17, 18, 19}
2025-04-18 14:03:49,563 - INFO - 正在为时间段 1064-1298 生成可视化
2025-04-18 14:03:49,563 - INFO - 正在为时间段 1064-1298 生成异常图可视化
2025-04-18 14:03:49,563 - DEBUG - 创建包含 19 个节点的图结构
2025-04-18 14:03:49,564 - DEBUG - 边统计: 正常边 284 条, 异常边 22 条
2025-04-18 14:03:49,741 - DEBUG - 正在保存可视化结果到 ./visual/omi/neighbor_all/strict_deviation/omi-1/seg_1_1064_1298.png
2025-04-18 14:03:49,993 - INFO - 成功保存时间段 1064-1298 的可视化结果
2025-04-18 14:03:49,993 - INFO - 
正在处理时间段 3/7: 2758-2772
2025-04-18 14:03:49,993 - INFO - 该时间段的真实异常节点: {5, 6, 7, 8, 9, 10, 11, 12, 13, 14, 15, 16, 17, 18, 19}
2025-04-18 14:03:49,993 - INFO - 正在计算异常分数...
2025-04-18 14:03:50,003 - INFO - 检测到的异常节点: {1, 4, 5, 6, 7, 8, 9, 10, 11, 12, 13, 14, 15, 16, 17, 18, 19}
2025-04-18 14:03:50,003 - INFO - 正在为时间段 2758-2772 生成可视化
2025-04-18 14:03:50,003 - INFO - 正在为时间段 2758-2772 生成异常图可视化
2025-04-18 14:03:50,003 - DEBUG - 创建包含 19 个节点的图结构
2025-04-18 14:03:50,004 - DEBUG - 边统计: 正常边 218 条, 异常边 54 条
2025-04-18 14:03:50,063 - DEBUG - 正在保存可视化结果到 ./visual/omi/neighbor_all/strict_deviation/omi-1/seg_2_2758_2772.png
2025-04-18 14:03:50,281 - INFO - 成功保存时间段 2758-2772 的可视化结果
2025-04-18 14:03:50,281 - INFO - 
正在处理时间段 4/7: 2874-2885
2025-04-18 14:03:50,281 - INFO - 该时间段的真实异常节点: {7, 9, 10, 11, 12, 13, 14, 15, 16, 17, 18}
2025-04-18 14:03:50,281 - INFO - 正在计算异常分数...
2025-04-18 14:03:50,288 - INFO - 检测到的异常节点: {1, 4, 5, 6, 7, 8, 9, 10, 11, 12, 13, 14, 15, 16, 17, 18, 19}
2025-04-18 14:03:50,288 - INFO - 正在为时间段 2874-2885 生成可视化
2025-04-18 14:03:50,288 - INFO - 正在为时间段 2874-2885 生成异常图可视化
2025-04-18 14:03:50,288 - DEBUG - 创建包含 19 个节点的图结构
2025-04-18 14:03:50,289 - DEBUG - 边统计: 正常边 250 条, 异常边 22 条
2025-04-18 14:03:50,348 - DEBUG - 正在保存可视化结果到 ./visual/omi/neighbor_all/strict_deviation/omi-1/seg_3_2874_2885.png
2025-04-18 14:03:50,565 - INFO - 成功保存时间段 2874-2885 的可视化结果
2025-04-18 14:03:50,565 - INFO - 
正在处理时间段 5/7: 3012-3025
2025-04-18 14:03:50,565 - INFO - 该时间段的真实异常节点: {7, 10, 11, 12, 13, 14, 15, 16, 17, 18, 19}
2025-04-18 14:03:50,565 - INFO - 正在计算异常分数...
2025-04-18 14:03:50,573 - INFO - 检测到的异常节点: {1, 4, 5, 6, 7, 8, 9, 10, 11, 12, 13, 14, 15, 16, 17, 18, 19}
2025-04-18 14:03:50,573 - INFO - 正在为时间段 3012-3025 生成可视化
2025-04-18 14:03:50,573 - INFO - 正在为时间段 3012-3025 生成异常图可视化
2025-04-18 14:03:50,573 - DEBUG - 创建包含 19 个节点的图结构
2025-04-18 14:03:50,575 - DEBUG - 边统计: 正常边 232 条, 异常边 40 条
2025-04-18 14:03:50,632 - DEBUG - 正在保存可视化结果到 ./visual/omi/neighbor_all/strict_deviation/omi-1/seg_4_3012_3025.png
2025-04-18 14:03:50,849 - INFO - 成功保存时间段 3012-3025 的可视化结果
2025-04-18 14:03:50,849 - INFO - 
正在处理时间段 6/7: 3160-3305
2025-04-18 14:03:50,849 - INFO - 该时间段的真实异常节点: {8, 9, 10, 11, 12, 13, 14, 15, 16, 17, 18, 19}
2025-04-18 14:03:50,849 - INFO - 正在计算异常分数...
2025-04-18 14:03:50,937 - INFO - 检测到的异常节点: {1, 3, 4, 5, 6, 7, 8, 9, 10, 11, 12, 13, 14, 15, 16, 17, 18, 19}
2025-04-18 14:03:50,937 - INFO - 正在为时间段 3160-3305 生成可视化
2025-04-18 14:03:50,937 - INFO - 正在为时间段 3160-3305 生成异常图可视化
2025-04-18 14:03:50,937 - DEBUG - 创建包含 19 个节点的图结构
2025-04-18 14:03:50,938 - DEBUG - 边统计: 正常边 304 条, 异常边 2 条
2025-04-18 14:03:50,993 - DEBUG - 正在保存可视化结果到 ./visual/omi/neighbor_all/strict_deviation/omi-1/seg_5_3160_3305.png
2025-04-18 14:03:51,240 - INFO - 成功保存时间段 3160-3305 的可视化结果
2025-04-18 14:03:51,240 - INFO - 
正在处理时间段 7/7: 3626-3638
2025-04-18 14:03:51,240 - INFO - 该时间段的真实异常节点: {7, 9, 10, 11, 12, 13, 14, 15, 16, 17, 18, 19}
2025-04-18 14:03:51,240 - INFO - 正在计算异常分数...
2025-04-18 14:03:51,248 - INFO - 检测到的异常节点: {1, 4, 5, 6, 7, 8, 9, 10, 11, 12, 13, 14, 15, 16, 17, 18, 19}
2025-04-18 14:03:51,248 - INFO - 正在为时间段 3626-3638 生成可视化
2025-04-18 14:03:51,248 - INFO - 正在为时间段 3626-3638 生成异常图可视化
2025-04-18 14:03:51,248 - DEBUG - 创建包含 19 个节点的图结构
2025-04-18 14:03:51,249 - DEBUG - 边统计: 正常边 234 条, 异常边 38 条
2025-04-18 14:03:51,307 - DEBUG - 正在保存可视化结果到 ./visual/omi/neighbor_all/strict_deviation/omi-1/seg_6_3626_3638.png
2025-04-18 14:03:51,536 - INFO - 成功保存时间段 3626-3638 的可视化结果
2025-04-18 14:03:51,537 - INFO - 正在从 ./visual/omi/neighbor_all/strict_deviation/omi-1 中的图像创建GIF
2025-04-18 14:03:52,262 - INFO - GIF已保存到 ./visual/omi/neighbor_all/strict_deviation/omi-1/omi-1.gif
2025-04-18 14:03:52,264 - INFO - 
==================================================
2025-04-18 14:03:52,264 - INFO - 开始数据集可视化: omi-10
2025-04-18 14:03:52,264 - INFO - 使用参数: 评分模式=strict_deviation, all=None, 阈值=7.0
2025-04-18 14:03:52,264 - INFO - ==================================================

2025-04-18 14:03:52,264 - INFO - 正在加载数据集 omi-10 的数据
2025-04-18 14:03:52,265 - INFO - 数据加载成功。训练集形状: (8640, 19), 测试集形状: (4320, 19)
2025-04-18 14:03:52,265 - INFO - 正在计算边缘统计量...
2025-04-18 14:03:55,314 - INFO - 已计算 136 条边的统计量
2025-04-18 14:03:55,314 - INFO - 为每个节点使用所有邻居
2025-04-18 14:03:55,314 - INFO - 可视化结果将保存到: ./visual/omi/neighbor_all/strict_deviation/omi-10
2025-04-18 14:03:55,315 - INFO - 在数据集中发现 8 个异常时间段
2025-04-18 14:03:55,315 - INFO - 
正在处理时间段 1/8: 740-780
2025-04-18 14:03:55,316 - INFO - 该时间段的真实异常节点: {2, 5, 6, 7, 8, 9, 10, 11, 12, 13, 14, 15, 16, 17, 18, 19}
2025-04-18 14:03:55,316 - INFO - 正在计算异常分数...
2025-04-18 14:03:55,346 - INFO - 检测到的异常节点: {1, 4, 5, 6, 7, 8, 9, 10, 11, 12, 13, 14, 15, 16, 17, 18, 19}
2025-04-18 14:03:55,346 - INFO - 正在为时间段 740-780 生成可视化
2025-04-18 14:03:55,346 - INFO - 正在为时间段 740-780 生成异常图可视化
2025-04-18 14:03:55,346 - DEBUG - 创建包含 19 个节点的图结构
2025-04-18 14:03:55,347 - DEBUG - 边统计: 正常边 166 条, 异常边 106 条
2025-04-18 14:03:55,411 - DEBUG - 正在保存可视化结果到 ./visual/omi/neighbor_all/strict_deviation/omi-10/seg_0_740_780.png
2025-04-18 14:03:55,630 - INFO - 成功保存时间段 740-780 的可视化结果
2025-04-18 14:03:55,630 - INFO - 
正在处理时间段 2/8: 1345-1406
2025-04-18 14:03:55,630 - INFO - 该时间段的真实异常节点: {7, 9, 10, 11, 12, 13, 14, 15, 16, 17, 18}
2025-04-18 14:03:55,630 - INFO - 正在计算异常分数...
2025-04-18 14:03:55,677 - INFO - 检测到的异常节点: {1, 4, 5, 6, 7, 9, 10, 11, 12, 13, 14, 15, 16, 17, 18, 19}
2025-04-18 14:03:55,678 - INFO - 正在为时间段 1345-1406 生成可视化
2025-04-18 14:03:55,678 - INFO - 正在为时间段 1345-1406 生成异常图可视化
2025-04-18 14:03:55,678 - DEBUG - 创建包含 19 个节点的图结构
2025-04-18 14:03:55,679 - DEBUG - 边统计: 正常边 268 条, 异常边 4 条
2025-04-18 14:03:55,737 - DEBUG - 正在保存可视化结果到 ./visual/omi/neighbor_all/strict_deviation/omi-10/seg_1_1345_1406.png
2025-04-18 14:03:55,964 - INFO - 成功保存时间段 1345-1406 的可视化结果
2025-04-18 14:03:55,964 - INFO - 
正在处理时间段 3/8: 2224-2272
2025-04-18 14:03:55,965 - INFO - 该时间段的真实异常节点: {4, 5, 6, 7, 9, 10, 11, 12, 13, 14, 15, 16, 17, 18, 19}
2025-04-18 14:03:55,965 - INFO - 正在计算异常分数...
2025-04-18 14:03:56,001 - INFO - 检测到的异常节点: {1, 4, 5, 6, 7, 8, 9, 10, 11, 12, 13, 14, 15, 16, 17, 18, 19}
2025-04-18 14:03:56,002 - INFO - 正在为时间段 2224-2272 生成可视化
2025-04-18 14:03:56,002 - INFO - 正在为时间段 2224-2272 生成异常图可视化
2025-04-18 14:03:56,002 - DEBUG - 创建包含 19 个节点的图结构
2025-04-18 14:03:56,003 - DEBUG - 边统计: 正常边 264 条, 异常边 8 条
2025-04-18 14:03:56,065 - DEBUG - 正在保存可视化结果到 ./visual/omi/neighbor_all/strict_deviation/omi-10/seg_2_2224_2272.png
2025-04-18 14:03:56,282 - INFO - 成功保存时间段 2224-2272 的可视化结果
2025-04-18 14:03:56,282 - INFO - 
正在处理时间段 4/8: 2514-2592
2025-04-18 14:03:56,283 - INFO - 该时间段的真实异常节点: {16, 4}
2025-04-18 14:03:56,283 - INFO - 正在计算异常分数...
2025-04-18 14:03:56,342 - INFO - 检测到的异常节点: {1, 4, 5, 6, 7, 9, 10, 11, 12, 13, 14, 15, 16, 17, 18, 19}
2025-04-18 14:03:56,342 - INFO - 正在为时间段 2514-2592 生成可视化
2025-04-18 14:03:56,342 - INFO - 正在为时间段 2514-2592 生成异常图可视化
2025-04-18 14:03:56,343 - DEBUG - 创建包含 19 个节点的图结构
2025-04-18 14:03:56,344 - DEBUG - 边统计: 正常边 272 条, 异常边 0 条
2025-04-18 14:03:56,402 - DEBUG - 正在保存可视化结果到 ./visual/omi/neighbor_all/strict_deviation/omi-10/seg_3_2514_2592.png
2025-04-18 14:03:56,619 - INFO - 成功保存时间段 2514-2592 的可视化结果
2025-04-18 14:03:56,619 - INFO - 
正在处理时间段 5/8: 2733-2778
2025-04-18 14:03:56,619 - INFO - 该时间段的真实异常节点: {11, 14, 15}
2025-04-18 14:03:56,619 - INFO - 正在计算异常分数...
2025-04-18 14:03:56,653 - INFO - 检测到的异常节点: {1, 4, 5, 7, 10, 11, 12, 13, 14, 15, 16, 18, 19}
2025-04-18 14:03:56,653 - INFO - 正在为时间段 2733-2778 生成可视化
2025-04-18 14:03:56,653 - INFO - 正在为时间段 2733-2778 生成异常图可视化
2025-04-18 14:03:56,653 - DEBUG - 创建包含 19 个节点的图结构
2025-04-18 14:03:56,654 - DEBUG - 边统计: 正常边 238 条, 异常边 2 条
2025-04-18 14:03:56,714 - DEBUG - 正在保存可视化结果到 ./visual/omi/neighbor_all/strict_deviation/omi-10/seg_4_2733_2778.png
2025-04-18 14:03:56,931 - INFO - 成功保存时间段 2733-2778 的可视化结果
2025-04-18 14:03:56,931 - INFO - 
正在处理时间段 6/8: 3401-3405
2025-04-18 14:03:56,931 - INFO - 该时间段的真实异常节点: {1}
2025-04-18 14:03:56,931 - INFO - 正在计算异常分数...
2025-04-18 14:03:56,932 - INFO - 检测到的异常节点: set()
2025-04-18 14:03:56,932 - INFO - 正在为时间段 3401-3405 生成可视化
2025-04-18 14:03:56,932 - INFO - 正在为时间段 3401-3405 生成异常图可视化
2025-04-18 14:03:56,932 - DEBUG - 创建包含 19 个节点的图结构
2025-04-18 14:03:56,933 - DEBUG - 边统计: 正常边 252 条, 异常边 20 条
2025-04-18 14:03:56,990 - DEBUG - 正在保存可视化结果到 ./visual/omi/neighbor_all/strict_deviation/omi-10/seg_5_3401_3405.png
2025-04-18 14:03:57,208 - INFO - 成功保存时间段 3401-3405 的可视化结果
2025-04-18 14:03:57,208 - INFO - 
正在处理时间段 7/8: 3414-3459
2025-04-18 14:03:57,208 - INFO - 该时间段的真实异常节点: {8}
2025-04-18 14:03:57,208 - INFO - 正在计算异常分数...
2025-04-18 14:03:57,242 - INFO - 检测到的异常节点: {1, 4, 5, 7, 8, 9, 10, 11, 12, 13, 14, 15, 16, 17, 18, 19}
2025-04-18 14:03:57,242 - INFO - 正在为时间段 3414-3459 生成可视化
2025-04-18 14:03:57,242 - INFO - 正在为时间段 3414-3459 生成异常图可视化
2025-04-18 14:03:57,242 - DEBUG - 创建包含 19 个节点的图结构
2025-04-18 14:03:57,243 - DEBUG - 边统计: 正常边 234 条, 异常边 38 条
2025-04-18 14:03:57,402 - DEBUG - 正在保存可视化结果到 ./visual/omi/neighbor_all/strict_deviation/omi-10/seg_6_3414_3459.png
2025-04-18 14:03:57,621 - INFO - 成功保存时间段 3414-3459 的可视化结果
2025-04-18 14:03:57,621 - INFO - 
正在处理时间段 8/8: 3700-3744
2025-04-18 14:03:57,621 - INFO - 该时间段的真实异常节点: {7, 8, 9, 10, 11, 12, 13, 14, 15, 16, 17, 18}
2025-04-18 14:03:57,621 - INFO - 正在计算异常分数...
2025-04-18 14:03:57,654 - INFO - 检测到的异常节点: {1, 4, 5, 6, 7, 8, 9, 10, 11, 12, 13, 14, 15, 16, 18, 19}
2025-04-18 14:03:57,654 - INFO - 正在为时间段 3700-3744 生成可视化
2025-04-18 14:03:57,654 - INFO - 正在为时间段 3700-3744 生成异常图可视化
2025-04-18 14:03:57,654 - DEBUG - 创建包含 19 个节点的图结构
2025-04-18 14:03:57,655 - DEBUG - 边统计: 正常边 228 条, 异常边 44 条
2025-04-18 14:03:57,713 - DEBUG - 正在保存可视化结果到 ./visual/omi/neighbor_all/strict_deviation/omi-10/seg_7_3700_3744.png
2025-04-18 14:03:57,929 - INFO - 成功保存时间段 3700-3744 的可视化结果
2025-04-18 14:03:57,929 - INFO - 正在从 ./visual/omi/neighbor_all/strict_deviation/omi-10 中的图像创建GIF
2025-04-18 14:03:58,653 - INFO - GIF已保存到 ./visual/omi/neighbor_all/strict_deviation/omi-10/omi-10.gif
2025-04-18 14:03:58,653 - INFO - 
==================================================
2025-04-18 14:03:58,653 - INFO - 开始数据集可视化: omi-11
2025-04-18 14:03:58,653 - INFO - 使用参数: 评分模式=strict_deviation, all=None, 阈值=4.0
2025-04-18 14:03:58,653 - INFO - ==================================================

2025-04-18 14:03:58,653 - INFO - 正在加载数据集 omi-11 的数据
2025-04-18 14:03:58,654 - INFO - 数据加载成功。训练集形状: (8640, 19), 测试集形状: (4320, 19)
2025-04-18 14:03:58,654 - INFO - 正在计算边缘统计量...
2025-04-18 14:04:01,481 - INFO - 已计算 153 条边的统计量
2025-04-18 14:04:01,481 - INFO - 为每个节点使用所有邻居
2025-04-18 14:04:01,482 - INFO - 可视化结果将保存到: ./visual/omi/neighbor_all/strict_deviation/omi-11
2025-04-18 14:04:01,482 - INFO - 在数据集中发现 9 个异常时间段
2025-04-18 14:04:01,482 - INFO - 
正在处理时间段 1/9: 738-755
2025-04-18 14:04:01,483 - INFO - 该时间段的真实异常节点: {2}
2025-04-18 14:04:01,483 - INFO - 正在计算异常分数...
2025-04-18 14:04:01,493 - INFO - 检测到的异常节点: {5, 7, 8, 10, 11, 12, 13, 14, 15, 16, 18}
2025-04-18 14:04:01,493 - INFO - 正在为时间段 738-755 生成可视化
2025-04-18 14:04:01,493 - INFO - 正在为时间段 738-755 生成异常图可视化
2025-04-18 14:04:01,494 - DEBUG - 创建包含 19 个节点的图结构
2025-04-18 14:04:01,495 - DEBUG - 边统计: 正常边 240 条, 异常边 0 条
2025-04-18 14:04:01,554 - DEBUG - 正在保存可视化结果到 ./visual/omi/neighbor_all/strict_deviation/omi-11/seg_0_738_755.png
2025-04-18 14:04:01,763 - INFO - 成功保存时间段 738-755 的可视化结果
2025-04-18 14:04:01,764 - INFO - 
正在处理时间段 2/9: 757-815
2025-04-18 14:04:01,764 - INFO - 该时间段的真实异常节点: set()
2025-04-18 14:04:01,764 - INFO - 正在计算异常分数...
2025-04-18 14:04:01,808 - INFO - 检测到的异常节点: {1, 4, 5, 6, 7, 8, 9, 10, 11, 12, 13, 14, 15, 16, 17, 18, 19}
2025-04-18 14:04:01,808 - INFO - 正在为时间段 757-815 生成可视化
2025-04-18 14:04:01,808 - INFO - 正在为时间段 757-815 生成异常图可视化
2025-04-18 14:04:01,808 - DEBUG - 创建包含 19 个节点的图结构
2025-04-18 14:04:01,809 - DEBUG - 边统计: 正常边 248 条, 异常边 24 条
2025-04-18 14:04:01,865 - DEBUG - 正在保存可视化结果到 ./visual/omi/neighbor_all/strict_deviation/omi-11/seg_1_757_815.png
2025-04-18 14:04:02,076 - INFO - 成功保存时间段 757-815 的可视化结果
2025-04-18 14:04:02,076 - INFO - 
正在处理时间段 3/9: 1366-1375
2025-04-18 14:04:02,076 - INFO - 该时间段的真实异常节点: {4, 5, 8, 17, 19}
2025-04-18 14:04:02,076 - INFO - 正在计算异常分数...
2025-04-18 14:04:02,082 - INFO - 检测到的异常节点: {4, 5, 6, 7, 8, 9, 10, 11, 12, 13, 14, 15, 16, 17, 18, 19}
2025-04-18 14:04:02,082 - INFO - 正在为时间段 1366-1375 生成可视化
2025-04-18 14:04:02,082 - INFO - 正在为时间段 1366-1375 生成异常图可视化
2025-04-18 14:04:02,082 - DEBUG - 创建包含 19 个节点的图结构
2025-04-18 14:04:02,083 - DEBUG - 边统计: 正常边 210 条, 异常边 62 条
2025-04-18 14:04:02,139 - DEBUG - 正在保存可视化结果到 ./visual/omi/neighbor_all/strict_deviation/omi-11/seg_2_1366_1375.png
2025-04-18 14:04:02,354 - INFO - 成功保存时间段 1366-1375 的可视化结果
2025-04-18 14:04:02,354 - INFO - 
正在处理时间段 4/9: 2301-2314
2025-04-18 14:04:02,354 - INFO - 该时间段的真实异常节点: {17, 19, 4, 5}
2025-04-18 14:04:02,354 - INFO - 正在计算异常分数...
2025-04-18 14:04:02,363 - INFO - 检测到的异常节点: {1, 4, 5, 7, 10, 11, 12, 13, 14, 15, 16, 17, 18, 19}
2025-04-18 14:04:02,363 - INFO - 正在为时间段 2301-2314 生成可视化
2025-04-18 14:04:02,363 - INFO - 正在为时间段 2301-2314 生成异常图可视化
2025-04-18 14:04:02,363 - DEBUG - 创建包含 19 个节点的图结构
2025-04-18 14:04:02,364 - DEBUG - 边统计: 正常边 232 条, 异常边 40 条
2025-04-18 14:04:02,420 - DEBUG - 正在保存可视化结果到 ./visual/omi/neighbor_all/strict_deviation/omi-11/seg_3_2301_2314.png
2025-04-18 14:04:02,633 - INFO - 成功保存时间段 2301-2314 的可视化结果
2025-04-18 14:04:02,633 - INFO - 
正在处理时间段 5/9: 2365-2381
2025-04-18 14:04:02,633 - INFO - 该时间段的真实异常节点: {19}
2025-04-18 14:04:02,633 - INFO - 正在计算异常分数...
2025-04-18 14:04:02,643 - INFO - 检测到的异常节点: set()
2025-04-18 14:04:02,643 - INFO - 正在为时间段 2365-2381 生成可视化
2025-04-18 14:04:02,643 - INFO - 正在为时间段 2365-2381 生成异常图可视化
2025-04-18 14:04:02,643 - DEBUG - 创建包含 19 个节点的图结构
2025-04-18 14:04:02,644 - DEBUG - 边统计: 正常边 168 条, 异常边 42 条
2025-04-18 14:04:02,701 - DEBUG - 正在保存可视化结果到 ./visual/omi/neighbor_all/strict_deviation/omi-11/seg_4_2365_2381.png
2025-04-18 14:04:02,923 - INFO - 成功保存时间段 2365-2381 的可视化结果
2025-04-18 14:04:02,924 - INFO - 
正在处理时间段 6/9: 2464-2485
2025-04-18 14:04:02,924 - INFO - 该时间段的真实异常节点: {17, 19, 4, 5}
2025-04-18 14:04:02,924 - INFO - 正在计算异常分数...
2025-04-18 14:04:02,939 - INFO - 检测到的异常节点: {1, 4, 5, 7, 8, 9, 10, 11, 12, 13, 14, 15, 16, 17, 18, 19}
2025-04-18 14:04:02,939 - INFO - 正在为时间段 2464-2485 生成可视化
2025-04-18 14:04:02,940 - INFO - 正在为时间段 2464-2485 生成异常图可视化
2025-04-18 14:04:02,940 - DEBUG - 创建包含 19 个节点的图结构
2025-04-18 14:04:02,941 - DEBUG - 边统计: 正常边 236 条, 异常边 36 条
2025-04-18 14:04:03,000 - DEBUG - 正在保存可视化结果到 ./visual/omi/neighbor_all/strict_deviation/omi-11/seg_5_2464_2485.png
2025-04-18 14:04:03,215 - INFO - 成功保存时间段 2464-2485 的可视化结果
2025-04-18 14:04:03,215 - INFO - 
正在处理时间段 7/9: 2588-2610
2025-04-18 14:04:03,215 - INFO - 该时间段的真实异常节点: {17, 19, 4, 5}
2025-04-18 14:04:03,215 - INFO - 正在计算异常分数...
2025-04-18 14:04:03,230 - INFO - 检测到的异常节点: {1, 4, 5, 7, 8, 10, 11, 12, 13, 14, 15, 16, 17, 18, 19}
2025-04-18 14:04:03,230 - INFO - 正在为时间段 2588-2610 生成可视化
2025-04-18 14:04:03,230 - INFO - 正在为时间段 2588-2610 生成异常图可视化
2025-04-18 14:04:03,230 - DEBUG - 创建包含 19 个节点的图结构
2025-04-18 14:04:03,231 - DEBUG - 边统计: 正常边 216 条, 异常边 56 条
2025-04-18 14:04:03,288 - DEBUG - 正在保存可视化结果到 ./visual/omi/neighbor_all/strict_deviation/omi-11/seg_6_2588_2610.png
2025-04-18 14:04:03,503 - INFO - 成功保存时间段 2588-2610 的可视化结果
2025-04-18 14:04:03,503 - INFO - 
正在处理时间段 8/9: 2650-2675
2025-04-18 14:04:03,503 - INFO - 该时间段的真实异常节点: {19}
2025-04-18 14:04:03,503 - INFO - 正在计算异常分数...
2025-04-18 14:04:03,520 - INFO - 检测到的异常节点: {7, 8, 10, 11, 12, 13, 14, 15, 16, 17, 18, 19}
2025-04-18 14:04:03,521 - INFO - 正在为时间段 2650-2675 生成可视化
2025-04-18 14:04:03,521 - INFO - 正在为时间段 2650-2675 生成异常图可视化
2025-04-18 14:04:03,521 - DEBUG - 创建包含 19 个节点的图结构
2025-04-18 14:04:03,522 - DEBUG - 边统计: 正常边 192 条, 异常边 48 条
2025-04-18 14:04:03,581 - DEBUG - 正在保存可视化结果到 ./visual/omi/neighbor_all/strict_deviation/omi-11/seg_7_2650_2675.png
2025-04-18 14:04:03,790 - INFO - 成功保存时间段 2650-2675 的可视化结果
2025-04-18 14:04:03,791 - INFO - 
正在处理时间段 9/9: 3012-3072
2025-04-18 14:04:03,791 - INFO - 该时间段的真实异常节点: {1, 4, 5, 8, 17, 19}
2025-04-18 14:04:03,791 - INFO - 正在计算异常分数...
2025-04-18 14:04:03,838 - INFO - 检测到的异常节点: {1, 4, 5, 6, 7, 8, 9, 10, 11, 12, 13, 14, 15, 16, 17, 18, 19}
2025-04-18 14:04:03,838 - INFO - 正在为时间段 3012-3072 生成可视化
2025-04-18 14:04:03,838 - INFO - 正在为时间段 3012-3072 生成异常图可视化
2025-04-18 14:04:03,838 - DEBUG - 创建包含 19 个节点的图结构
2025-04-18 14:04:03,839 - DEBUG - 边统计: 正常边 272 条, 异常边 0 条
2025-04-18 14:04:03,896 - DEBUG - 正在保存可视化结果到 ./visual/omi/neighbor_all/strict_deviation/omi-11/seg_8_3012_3072.png
2025-04-18 14:04:04,107 - INFO - 成功保存时间段 3012-3072 的可视化结果
2025-04-18 14:04:04,108 - INFO - 正在从 ./visual/omi/neighbor_all/strict_deviation/omi-11 中的图像创建GIF
2025-04-18 14:04:04,895 - INFO - GIF已保存到 ./visual/omi/neighbor_all/strict_deviation/omi-11/omi-11.gif
2025-04-18 14:04:04,896 - INFO - 
==================================================
2025-04-18 14:04:04,896 - INFO - 开始数据集可视化: omi-12
2025-04-18 14:04:04,896 - INFO - 使用参数: 评分模式=strict_deviation, all=None, 阈值=1.0
2025-04-18 14:04:04,896 - INFO - ==================================================

2025-04-18 14:04:04,896 - INFO - 正在加载数据集 omi-12 的数据
2025-04-18 14:04:04,897 - INFO - 数据加载成功。训练集形状: (7291, 19), 测试集形状: (4320, 19)
2025-04-18 14:04:04,897 - INFO - 正在计算边缘统计量...
2025-04-18 14:04:07,016 - INFO - 已计算 133 条边的统计量
2025-04-18 14:04:07,016 - INFO - 为每个节点使用所有邻居
2025-04-18 14:04:07,017 - INFO - 可视化结果将保存到: ./visual/omi/neighbor_all/strict_deviation/omi-12
2025-04-18 14:04:07,017 - INFO - 在数据集中发现 5 个异常时间段
2025-04-18 14:04:07,018 - INFO - 
正在处理时间段 1/5: 740-813
2025-04-18 14:04:07,018 - INFO - 该时间段的真实异常节点: {1, 2, 6, 7, 8, 9, 10, 11, 12, 13, 14, 15, 16, 17, 18, 19}
2025-04-18 14:04:07,018 - INFO - 正在计算异常分数...
2025-04-18 14:04:07,068 - INFO - 检测到的异常节点: {1, 6, 7, 8, 9, 10, 11, 12, 13, 14, 15, 16, 17, 18, 19}
2025-04-18 14:04:07,068 - INFO - 正在为时间段 740-813 生成可视化
2025-04-18 14:04:07,068 - INFO - 正在为时间段 740-813 生成异常图可视化
2025-04-18 14:04:07,068 - DEBUG - 创建包含 19 个节点的图结构
2025-04-18 14:04:07,069 - DEBUG - 边统计: 正常边 140 条, 异常边 70 条
2025-04-18 14:04:07,222 - DEBUG - 正在保存可视化结果到 ./visual/omi/neighbor_all/strict_deviation/omi-12/seg_0_740_813.png
2025-04-18 14:04:07,434 - INFO - 成功保存时间段 740-813 的可视化结果
2025-04-18 14:04:07,435 - INFO - 
正在处理时间段 2/5: 2486-2493
2025-04-18 14:04:07,435 - INFO - 该时间段的真实异常节点: {4, 5}
2025-04-18 14:04:07,435 - INFO - 正在计算异常分数...
2025-04-18 14:04:07,438 - INFO - 检测到的异常节点: {1, 4, 5, 7, 8, 9, 10, 14, 16, 17, 18}
2025-04-18 14:04:07,438 - INFO - 正在为时间段 2486-2493 生成可视化
2025-04-18 14:04:07,438 - INFO - 正在为时间段 2486-2493 生成异常图可视化
2025-04-18 14:04:07,438 - DEBUG - 创建包含 19 个节点的图结构
2025-04-18 14:04:07,439 - DEBUG - 边统计: 正常边 170 条, 异常边 36 条
2025-04-18 14:04:07,497 - DEBUG - 正在保存可视化结果到 ./visual/omi/neighbor_all/strict_deviation/omi-12/seg_1_2486_2493.png
2025-04-18 14:04:07,707 - INFO - 成功保存时间段 2486-2493 的可视化结果
2025-04-18 14:04:07,707 - INFO - 
正在处理时间段 3/5: 2515-2525
2025-04-18 14:04:07,707 - INFO - 该时间段的真实异常节点: {1, 4, 5, 7, 8, 9, 17, 18}
2025-04-18 14:04:07,707 - INFO - 正在计算异常分数...
2025-04-18 14:04:07,713 - INFO - 检测到的异常节点: {1, 4, 5, 6, 7, 8, 9, 10, 11, 12, 13, 14, 15, 16, 17, 18, 19}
2025-04-18 14:04:07,713 - INFO - 正在为时间段 2515-2525 生成可视化
2025-04-18 14:04:07,713 - INFO - 正在为时间段 2515-2525 生成异常图可视化
2025-04-18 14:04:07,713 - DEBUG - 创建包含 19 个节点的图结构
2025-04-18 14:04:07,714 - DEBUG - 边统计: 正常边 190 条, 异常边 76 条
2025-04-18 14:04:07,771 - DEBUG - 正在保存可视化结果到 ./visual/omi/neighbor_all/strict_deviation/omi-12/seg_2_2515_2525.png
2025-04-18 14:04:07,986 - INFO - 成功保存时间段 2515-2525 的可视化结果
2025-04-18 14:04:07,987 - INFO - 
正在处理时间段 4/5: 2721-2723
2025-04-18 14:04:07,987 - INFO - 该时间段的真实异常节点: {4}
2025-04-18 14:04:07,987 - INFO - 正在计算异常分数...
2025-04-18 14:04:07,987 - INFO - 检测到的异常节点: set()
2025-04-18 14:04:07,987 - INFO - 正在为时间段 2721-2723 生成可视化
2025-04-18 14:04:07,987 - INFO - 正在为时间段 2721-2723 生成异常图可视化
2025-04-18 14:04:07,987 - DEBUG - 创建包含 19 个节点的图结构
2025-04-18 14:04:07,988 - DEBUG - 边统计: 正常边 40 条, 异常边 48 条
2025-04-18 14:04:08,045 - DEBUG - 正在保存可视化结果到 ./visual/omi/neighbor_all/strict_deviation/omi-12/seg_3_2721_2723.png
2025-04-18 14:04:08,252 - INFO - 成功保存时间段 2721-2723 的可视化结果
2025-04-18 14:04:08,252 - INFO - 
正在处理时间段 5/5: 3500-3535
2025-04-18 14:04:08,252 - INFO - 该时间段的真实异常节点: {5, 6, 7, 8, 11, 12, 13, 14, 15, 16, 17, 18, 19}
2025-04-18 14:04:08,252 - INFO - 正在计算异常分数...
2025-04-18 14:04:08,273 - INFO - 检测到的异常节点: {6, 7, 8, 9, 10, 11, 12, 13, 14, 15, 16, 17, 18, 19}
2025-04-18 14:04:08,273 - INFO - 正在为时间段 3500-3535 生成可视化
2025-04-18 14:04:08,273 - INFO - 正在为时间段 3500-3535 生成异常图可视化
2025-04-18 14:04:08,273 - DEBUG - 创建包含 19 个节点的图结构
2025-04-18 14:04:08,274 - DEBUG - 边统计: 正常边 172 条, 异常边 38 条
2025-04-18 14:04:08,329 - DEBUG - 正在保存可视化结果到 ./visual/omi/neighbor_all/strict_deviation/omi-12/seg_4_3500_3535.png
2025-04-18 14:04:08,541 - INFO - 成功保存时间段 3500-3535 的可视化结果
2025-04-18 14:04:08,541 - INFO - 正在从 ./visual/omi/neighbor_all/strict_deviation/omi-12 中的图像创建GIF
2025-04-18 14:04:09,070 - INFO - GIF已保存到 ./visual/omi/neighbor_all/strict_deviation/omi-12/omi-12.gif
2025-04-18 14:04:09,071 - INFO - 
==================================================
2025-04-18 14:04:09,071 - INFO - 开始数据集可视化: omi-2
2025-04-18 14:04:09,071 - INFO - 使用参数: 评分模式=strict_deviation, all=None, 阈值=1.5
2025-04-18 14:04:09,071 - INFO - ==================================================

2025-04-18 14:04:09,071 - INFO - 正在加载数据集 omi-2 的数据
2025-04-18 14:04:09,072 - INFO - 数据加载成功。训练集形状: (8640, 19), 测试集形状: (4320, 19)
2025-04-18 14:04:09,072 - INFO - 正在计算边缘统计量...
2025-04-18 14:04:11,885 - INFO - 已计算 153 条边的统计量
2025-04-18 14:04:11,885 - INFO - 为每个节点使用所有邻居
2025-04-18 14:04:11,885 - INFO - 可视化结果将保存到: ./visual/omi/neighbor_all/strict_deviation/omi-2
2025-04-18 14:04:11,886 - INFO - 在数据集中发现 4 个异常时间段
2025-04-18 14:04:11,886 - INFO - 
正在处理时间段 1/4: 486-498
2025-04-18 14:04:11,886 - INFO - 该时间段的真实异常节点: {1, 4, 5}
2025-04-18 14:04:11,886 - INFO - 正在计算异常分数...
2025-04-18 14:04:11,894 - INFO - 检测到的异常节点: {1, 5, 6, 7, 8, 10, 11, 12, 13, 14, 15, 16, 17, 18}
2025-04-18 14:04:11,894 - INFO - 正在为时间段 486-498 生成可视化
2025-04-18 14:04:11,894 - INFO - 正在为时间段 486-498 生成异常图可视化
2025-04-18 14:04:11,894 - DEBUG - 创建包含 19 个节点的图结构
2025-04-18 14:04:11,895 - DEBUG - 边统计: 正常边 272 条, 异常边 0 条
2025-04-18 14:04:11,953 - DEBUG - 正在保存可视化结果到 ./visual/omi/neighbor_all/strict_deviation/omi-2/seg_0_486_498.png
2025-04-18 14:04:12,164 - INFO - 成功保存时间段 486-498 的可视化结果
2025-04-18 14:04:12,164 - INFO - 
正在处理时间段 2/4: 740-753
2025-04-18 14:04:12,164 - INFO - 该时间段的真实异常节点: {2}
2025-04-18 14:04:12,164 - INFO - 正在计算异常分数...
2025-04-18 14:04:12,172 - INFO - 检测到的异常节点: {2, 5, 6, 9, 19}
2025-04-18 14:04:12,172 - INFO - 正在为时间段 740-753 生成可视化
2025-04-18 14:04:12,172 - INFO - 正在为时间段 740-753 生成异常图可视化
2025-04-18 14:04:12,172 - DEBUG - 创建包含 19 个节点的图结构
2025-04-18 14:04:12,173 - DEBUG - 边统计: 正常边 268 条, 异常边 4 条
2025-04-18 14:04:12,228 - DEBUG - 正在保存可视化结果到 ./visual/omi/neighbor_all/strict_deviation/omi-2/seg_1_740_753.png
2025-04-18 14:04:12,437 - INFO - 成功保存时间段 740-753 的可视化结果
2025-04-18 14:04:12,437 - INFO - 
正在处理时间段 3/4: 766-783
2025-04-18 14:04:12,437 - INFO - 该时间段的真实异常节点: {1, 5, 6, 7, 8, 9, 10, 11, 12, 13, 14, 15, 16, 17, 18, 19}
2025-04-18 14:04:12,437 - INFO - 正在计算异常分数...
2025-04-18 14:04:12,448 - INFO - 检测到的异常节点: {1, 5, 6, 7, 8, 9, 10, 11, 12, 13, 14, 15, 16, 17, 18, 19}
2025-04-18 14:04:12,448 - INFO - 正在为时间段 766-783 生成可视化
2025-04-18 14:04:12,448 - INFO - 正在为时间段 766-783 生成异常图可视化
2025-04-18 14:04:12,448 - DEBUG - 创建包含 19 个节点的图结构
2025-04-18 14:04:12,449 - DEBUG - 边统计: 正常边 222 条, 异常边 50 条
2025-04-18 14:04:12,504 - DEBUG - 正在保存可视化结果到 ./visual/omi/neighbor_all/strict_deviation/omi-2/seg_2_766_783.png
2025-04-18 14:04:12,708 - INFO - 成功保存时间段 766-783 的可视化结果
2025-04-18 14:04:12,708 - INFO - 
正在处理时间段 4/4: 1436-1445
2025-04-18 14:04:12,708 - INFO - 该时间段的真实异常节点: {7, 9, 10, 11, 12, 13, 14, 15, 16, 17, 18}
2025-04-18 14:04:12,708 - INFO - 正在计算异常分数...
2025-04-18 14:04:12,713 - INFO - 检测到的异常节点: {1, 4, 6, 7, 9, 10, 11, 12, 13, 14, 15, 16, 18}
2025-04-18 14:04:12,713 - INFO - 正在为时间段 1436-1445 生成可视化
2025-04-18 14:04:12,713 - INFO - 正在为时间段 1436-1445 生成异常图可视化
2025-04-18 14:04:12,713 - DEBUG - 创建包含 19 个节点的图结构
2025-04-18 14:04:12,714 - DEBUG - 边统计: 正常边 270 条, 异常边 2 条
2025-04-18 14:04:12,769 - DEBUG - 正在保存可视化结果到 ./visual/omi/neighbor_all/strict_deviation/omi-2/seg_3_1436_1445.png
2025-04-18 14:04:12,972 - INFO - 成功保存时间段 1436-1445 的可视化结果
2025-04-18 14:04:12,972 - INFO - 正在从 ./visual/omi/neighbor_all/strict_deviation/omi-2 中的图像创建GIF
2025-04-18 14:04:13,404 - INFO - GIF已保存到 ./visual/omi/neighbor_all/strict_deviation/omi-2/omi-2.gif
2025-04-18 14:04:13,405 - INFO - 
==================================================
2025-04-18 14:04:13,405 - INFO - 开始数据集可视化: omi-3
2025-04-18 14:04:13,405 - INFO - 使用参数: 评分模式=strict_deviation, all=None, 阈值=0.0
2025-04-18 14:04:13,405 - INFO - ==================================================

2025-04-18 14:04:13,405 - INFO - 正在加载数据集 omi-3 的数据
2025-04-18 14:04:13,406 - INFO - 数据加载成功。训练集形状: (8640, 19), 测试集形状: (4320, 19)
2025-04-18 14:04:13,406 - INFO - 正在计算边缘统计量...
2025-04-18 14:04:15,942 - INFO - 已计算 136 条边的统计量
2025-04-18 14:04:15,943 - INFO - 为每个节点使用所有邻居
2025-04-18 14:04:15,943 - INFO - 可视化结果将保存到: ./visual/omi/neighbor_all/strict_deviation/omi-3
2025-04-18 14:04:15,944 - INFO - 在数据集中发现 6 个异常时间段
2025-04-18 14:04:15,944 - INFO - 
正在处理时间段 1/6: 760-820
2025-04-18 14:04:15,944 - INFO - 该时间段的真实异常节点: {1, 4, 6, 7, 8, 9, 10, 11, 12, 13, 14, 15, 16, 17, 18, 19}
2025-04-18 14:04:15,944 - INFO - 正在计算异常分数...
2025-04-18 14:04:15,985 - INFO - 检测到的异常节点: {1, 4, 5, 6, 7, 8, 9, 10, 11, 12, 13, 14, 15, 16, 17, 18, 19}
2025-04-18 14:04:15,985 - INFO - 正在为时间段 760-820 生成可视化
2025-04-18 14:04:15,985 - INFO - 正在为时间段 760-820 生成异常图可视化
2025-04-18 14:04:15,986 - DEBUG - 创建包含 19 个节点的图结构
2025-04-18 14:04:15,987 - DEBUG - 边统计: 正常边 248 条, 异常边 24 条
2025-04-18 14:04:16,047 - DEBUG - 正在保存可视化结果到 ./visual/omi/neighbor_all/strict_deviation/omi-3/seg_0_760_820.png
2025-04-18 14:04:16,256 - INFO - 成功保存时间段 760-820 的可视化结果
2025-04-18 14:04:16,256 - INFO - 
正在处理时间段 2/6: 842-860
2025-04-18 14:04:16,256 - INFO - 该时间段的真实异常节点: {7, 8, 9, 10, 11, 12, 13, 14, 15, 16, 17, 18, 19}
2025-04-18 14:04:16,256 - INFO - 正在计算异常分数...
2025-04-18 14:04:16,268 - INFO - 检测到的异常节点: {4, 5, 6, 7, 8, 9, 10, 11, 12, 13, 14, 15, 16, 17, 18, 19}
2025-04-18 14:04:16,268 - INFO - 正在为时间段 842-860 生成可视化
2025-04-18 14:04:16,268 - INFO - 正在为时间段 842-860 生成异常图可视化
2025-04-18 14:04:16,268 - DEBUG - 创建包含 19 个节点的图结构
2025-04-18 14:04:16,269 - DEBUG - 边统计: 正常边 224 条, 异常边 16 条
2025-04-18 14:04:16,332 - DEBUG - 正在保存可视化结果到 ./visual/omi/neighbor_all/strict_deviation/omi-3/seg_1_842_860.png
2025-04-18 14:04:16,566 - INFO - 成功保存时间段 842-860 的可视化结果
2025-04-18 14:04:16,566 - INFO - 
正在处理时间段 3/6: 1080-1120
2025-04-18 14:04:16,566 - INFO - 该时间段的真实异常节点: {7, 9, 10, 11, 12, 13, 14, 15, 16, 17, 18}
2025-04-18 14:04:16,566 - INFO - 正在计算异常分数...
2025-04-18 14:04:16,594 - INFO - 检测到的异常节点: {1, 4, 5, 6, 7, 8, 9, 10, 11, 12, 13, 14, 15, 16, 17, 18, 19}
2025-04-18 14:04:16,595 - INFO - 正在为时间段 1080-1120 生成可视化
2025-04-18 14:04:16,595 - INFO - 正在为时间段 1080-1120 生成异常图可视化
2025-04-18 14:04:16,595 - DEBUG - 创建包含 19 个节点的图结构
2025-04-18 14:04:16,596 - DEBUG - 边统计: 正常边 272 条, 异常边 0 条
2025-04-18 14:04:16,653 - DEBUG - 正在保存可视化结果到 ./visual/omi/neighbor_all/strict_deviation/omi-3/seg_2_1080_1120.png
2025-04-18 14:04:16,861 - INFO - 成功保存时间段 1080-1120 的可视化结果
2025-04-18 14:04:16,862 - INFO - 
正在处理时间段 4/6: 2188-2201
2025-04-18 14:04:16,862 - INFO - 该时间段的真实异常节点: {7, 9, 10, 11, 12, 13, 14, 15, 16, 17, 18, 19}
2025-04-18 14:04:16,862 - INFO - 正在计算异常分数...
2025-04-18 14:04:16,870 - INFO - 检测到的异常节点: {1, 4, 6, 7, 8, 9, 10, 11, 12, 13, 14, 15, 16, 17, 18, 19}
2025-04-18 14:04:16,870 - INFO - 正在为时间段 2188-2201 生成可视化
2025-04-18 14:04:16,870 - INFO - 正在为时间段 2188-2201 生成异常图可视化
2025-04-18 14:04:16,870 - DEBUG - 创建包含 19 个节点的图结构
2025-04-18 14:04:16,871 - DEBUG - 边统计: 正常边 258 条, 异常边 14 条
2025-04-18 14:04:17,056 - DEBUG - 正在保存可视化结果到 ./visual/omi/neighbor_all/strict_deviation/omi-3/seg_3_2188_2201.png
2025-04-18 14:04:17,268 - INFO - 成功保存时间段 2188-2201 的可视化结果
2025-04-18 14:04:17,268 - INFO - 
正在处理时间段 5/6: 2497-2500
2025-04-18 14:04:17,268 - INFO - 该时间段的真实异常节点: {6, 7, 9, 10, 11, 12, 13, 14, 15, 16, 17, 18, 19}
2025-04-18 14:04:17,268 - INFO - 正在计算异常分数...
2025-04-18 14:04:17,268 - INFO - 检测到的异常节点: set()
2025-04-18 14:04:17,268 - INFO - 正在为时间段 2497-2500 生成可视化
2025-04-18 14:04:17,268 - INFO - 正在为时间段 2497-2500 生成异常图可视化
2025-04-18 14:04:17,268 - DEBUG - 创建包含 19 个节点的图结构
2025-04-18 14:04:17,269 - DEBUG - 边统计: 正常边 208 条, 异常边 2 条
2025-04-18 14:04:17,326 - DEBUG - 正在保存可视化结果到 ./visual/omi/neighbor_all/strict_deviation/omi-3/seg_4_2497_2500.png
2025-04-18 14:04:17,533 - INFO - 成功保存时间段 2497-2500 的可视化结果
2025-04-18 14:04:17,533 - INFO - 
正在处理时间段 6/6: 3428-3434
2025-04-18 14:04:17,534 - INFO - 该时间段的真实异常节点: {7, 8, 9, 10, 11, 12, 13, 14, 15, 16, 17, 18, 19}
2025-04-18 14:04:17,534 - INFO - 正在计算异常分数...
2025-04-18 14:04:17,536 - INFO - 检测到的异常节点: {1, 4, 7, 8, 9, 10, 11, 12, 13, 14, 15, 16, 17, 18, 19}
2025-04-18 14:04:17,536 - INFO - 正在为时间段 3428-3434 生成可视化
2025-04-18 14:04:17,536 - INFO - 正在为时间段 3428-3434 生成异常图可视化
2025-04-18 14:04:17,536 - DEBUG - 创建包含 19 个节点的图结构
2025-04-18 14:04:17,537 - DEBUG - 边统计: 正常边 270 条, 异常边 2 条
2025-04-18 14:04:17,594 - DEBUG - 正在保存可视化结果到 ./visual/omi/neighbor_all/strict_deviation/omi-3/seg_5_3428_3434.png
2025-04-18 14:04:17,804 - INFO - 成功保存时间段 3428-3434 的可视化结果
2025-04-18 14:04:17,804 - INFO - 正在从 ./visual/omi/neighbor_all/strict_deviation/omi-3 中的图像创建GIF
2025-04-18 14:04:18,402 - INFO - GIF已保存到 ./visual/omi/neighbor_all/strict_deviation/omi-3/omi-3.gif
2025-04-18 14:04:18,403 - INFO - 
==================================================
2025-04-18 14:04:18,403 - INFO - 开始数据集可视化: omi-4
2025-04-18 14:04:18,403 - INFO - 使用参数: 评分模式=strict_deviation, all=None, 阈值=0.0
2025-04-18 14:04:18,403 - INFO - ==================================================

2025-04-18 14:04:18,403 - INFO - 正在加载数据集 omi-4 的数据
2025-04-18 14:04:18,404 - INFO - 数据加载成功。训练集形状: (8640, 19), 测试集形状: (4320, 19)
2025-04-18 14:04:18,404 - INFO - 正在计算边缘统计量...
2025-04-18 14:04:21,283 - INFO - 已计算 136 条边的统计量
2025-04-18 14:04:21,283 - INFO - 为每个节点使用所有邻居
2025-04-18 14:04:21,283 - INFO - 可视化结果将保存到: ./visual/omi/neighbor_all/strict_deviation/omi-4
2025-04-18 14:04:21,284 - INFO - 在数据集中发现 5 个异常时间段
2025-04-18 14:04:21,284 - INFO - 
正在处理时间段 1/5: 727-782
2025-04-18 14:04:21,284 - INFO - 该时间段的真实异常节点: {1, 2, 6, 7, 8, 9, 10, 11, 12, 13, 14, 15, 16, 17, 18, 19}
2025-04-18 14:04:21,284 - INFO - 正在计算异常分数...
2025-04-18 14:04:21,323 - INFO - 检测到的异常节点: {1, 4, 5, 6, 7, 8, 9, 10, 11, 12, 13, 14, 15, 16, 17, 18, 19}
2025-04-18 14:04:21,323 - INFO - 正在为时间段 727-782 生成可视化
2025-04-18 14:04:21,323 - INFO - 正在为时间段 727-782 生成异常图可视化
2025-04-18 14:04:21,323 - DEBUG - 创建包含 19 个节点的图结构
2025-04-18 14:04:21,324 - DEBUG - 边统计: 正常边 240 条, 异常边 32 条
2025-04-18 14:04:21,384 - DEBUG - 正在保存可视化结果到 ./visual/omi/neighbor_all/strict_deviation/omi-4/seg_0_727_782.png
2025-04-18 14:04:21,593 - INFO - 成功保存时间段 727-782 的可视化结果
2025-04-18 14:04:21,594 - INFO - 
正在处理时间段 2/5: 843-857
2025-04-18 14:04:21,594 - INFO - 该时间段的真实异常节点: {6, 7, 8, 9, 10, 11, 12, 13, 14, 15, 16, 17, 18, 19}
2025-04-18 14:04:21,594 - INFO - 正在计算异常分数...
2025-04-18 14:04:21,603 - INFO - 检测到的异常节点: {4, 5, 6, 7, 8, 9, 10, 11, 12, 13, 14, 15, 16, 17, 18, 19}
2025-04-18 14:04:21,603 - INFO - 正在为时间段 843-857 生成可视化
2025-04-18 14:04:21,603 - INFO - 正在为时间段 843-857 生成异常图可视化
2025-04-18 14:04:21,603 - DEBUG - 创建包含 19 个节点的图结构
2025-04-18 14:04:21,604 - DEBUG - 边统计: 正常边 236 条, 异常边 4 条
2025-04-18 14:04:21,663 - DEBUG - 正在保存可视化结果到 ./visual/omi/neighbor_all/strict_deviation/omi-4/seg_1_843_857.png
2025-04-18 14:04:21,868 - INFO - 成功保存时间段 843-857 的可视化结果
2025-04-18 14:04:21,869 - INFO - 
正在处理时间段 3/5: 2178-2238
2025-04-18 14:04:21,869 - INFO - 该时间段的真实异常节点: {8, 9, 10, 11, 12, 13, 14, 15, 16, 17, 18, 19}
2025-04-18 14:04:21,869 - INFO - 正在计算异常分数...
2025-04-18 14:04:21,911 - INFO - 检测到的异常节点: {1, 4, 5, 6, 7, 8, 9, 10, 11, 12, 13, 14, 15, 16, 17, 18, 19}
2025-04-18 14:04:21,911 - INFO - 正在为时间段 2178-2238 生成可视化
2025-04-18 14:04:21,911 - INFO - 正在为时间段 2178-2238 生成异常图可视化
2025-04-18 14:04:21,912 - DEBUG - 创建包含 19 个节点的图结构
2025-04-18 14:04:21,913 - DEBUG - 边统计: 正常边 272 条, 异常边 0 条
2025-04-18 14:04:21,969 - DEBUG - 正在保存可视化结果到 ./visual/omi/neighbor_all/strict_deviation/omi-4/seg_2_2178_2238.png
2025-04-18 14:04:22,182 - INFO - 成功保存时间段 2178-2238 的可视化结果
2025-04-18 14:04:22,182 - INFO - 
正在处理时间段 4/5: 2494-2501
2025-04-18 14:04:22,182 - INFO - 该时间段的真实异常节点: {7, 9, 10, 11, 12, 13, 14, 15, 16, 17, 18, 19}
2025-04-18 14:04:22,182 - INFO - 正在计算异常分数...
2025-04-18 14:04:22,186 - INFO - 检测到的异常节点: {6, 7, 9, 10, 11, 12, 13, 14, 15, 16, 17, 18, 19}
2025-04-18 14:04:22,186 - INFO - 正在为时间段 2494-2501 生成可视化
2025-04-18 14:04:22,186 - INFO - 正在为时间段 2494-2501 生成异常图可视化
2025-04-18 14:04:22,186 - DEBUG - 创建包含 19 个节点的图结构
2025-04-18 14:04:22,187 - DEBUG - 边统计: 正常边 218 条, 异常边 22 条
2025-04-18 14:04:22,245 - DEBUG - 正在保存可视化结果到 ./visual/omi/neighbor_all/strict_deviation/omi-4/seg_3_2494_2501.png
2025-04-18 14:04:22,451 - INFO - 成功保存时间段 2494-2501 的可视化结果
2025-04-18 14:04:22,451 - INFO - 
正在处理时间段 5/5: 3425-3435
2025-04-18 14:04:22,451 - INFO - 该时间段的真实异常节点: {7, 8, 9, 10, 11, 12, 13, 14, 15, 16, 17, 18, 19}
2025-04-18 14:04:22,452 - INFO - 正在计算异常分数...
2025-04-18 14:04:22,457 - INFO - 检测到的异常节点: {1, 4, 5, 6, 7, 8, 9, 10, 11, 12, 13, 14, 15, 16, 17, 18, 19}
2025-04-18 14:04:22,457 - INFO - 正在为时间段 3425-3435 生成可视化
2025-04-18 14:04:22,458 - INFO - 正在为时间段 3425-3435 生成异常图可视化
2025-04-18 14:04:22,458 - DEBUG - 创建包含 19 个节点的图结构
2025-04-18 14:04:22,459 - DEBUG - 边统计: 正常边 252 条, 异常边 20 条
2025-04-18 14:04:22,515 - DEBUG - 正在保存可视化结果到 ./visual/omi/neighbor_all/strict_deviation/omi-4/seg_4_3425_3435.png
2025-04-18 14:04:22,724 - INFO - 成功保存时间段 3425-3435 的可视化结果
2025-04-18 14:04:22,724 - INFO - 正在从 ./visual/omi/neighbor_all/strict_deviation/omi-4 中的图像创建GIF
2025-04-18 14:04:23,258 - INFO - GIF已保存到 ./visual/omi/neighbor_all/strict_deviation/omi-4/omi-4.gif
2025-04-18 14:04:23,258 - INFO - 
==================================================
2025-04-18 14:04:23,259 - INFO - 开始数据集可视化: omi-5
2025-04-18 14:04:23,259 - INFO - 使用参数: 评分模式=strict_deviation, all=None, 阈值=0.0
2025-04-18 14:04:23,259 - INFO - ==================================================

2025-04-18 14:04:23,259 - INFO - 正在加载数据集 omi-5 的数据
2025-04-18 14:04:23,260 - INFO - 数据加载成功。训练集形状: (8640, 19), 测试集形状: (4320, 19)
2025-04-18 14:04:23,260 - INFO - 正在计算边缘统计量...
2025-04-18 14:04:26,393 - INFO - 已计算 153 条边的统计量
2025-04-18 14:04:26,393 - INFO - 为每个节点使用所有邻居
2025-04-18 14:04:26,394 - INFO - 可视化结果将保存到: ./visual/omi/neighbor_all/strict_deviation/omi-5
2025-04-18 14:04:26,394 - INFO - 在数据集中发现 6 个异常时间段
2025-04-18 14:04:26,394 - INFO - 
正在处理时间段 1/6: 765-781
2025-04-18 14:04:26,395 - INFO - 该时间段的真实异常节点: {6, 7, 8, 9, 10, 11, 12, 13, 14, 15, 16, 17, 18, 19}
2025-04-18 14:04:26,395 - INFO - 正在计算异常分数...
2025-04-18 14:04:26,406 - INFO - 检测到的异常节点: {1, 2, 5, 6, 7, 8, 9, 10, 11, 12, 13, 14, 15, 16, 17, 18, 19}
2025-04-18 14:04:26,406 - INFO - 正在为时间段 765-781 生成可视化
2025-04-18 14:04:26,406 - INFO - 正在为时间段 765-781 生成异常图可视化
2025-04-18 14:04:26,406 - DEBUG - 创建包含 19 个节点的图结构
2025-04-18 14:04:26,407 - DEBUG - 边统计: 正常边 214 条, 异常边 92 条
2025-04-18 14:04:26,467 - DEBUG - 正在保存可视化结果到 ./visual/omi/neighbor_all/strict_deviation/omi-5/seg_0_765_781.png
2025-04-18 14:04:26,692 - INFO - 成功保存时间段 765-781 的可视化结果
2025-04-18 14:04:26,692 - INFO - 
正在处理时间段 2/6: 1589-1617
2025-04-18 14:04:26,692 - INFO - 该时间段的真实异常节点: {17, 2, 4}
2025-04-18 14:04:26,692 - INFO - 正在计算异常分数...
2025-04-18 14:04:26,715 - INFO - 检测到的异常节点: {1, 2, 4, 5, 6, 7, 8, 9, 10, 11, 12, 13, 14, 15, 16, 17, 18, 19}
2025-04-18 14:04:26,715 - INFO - 正在为时间段 1589-1617 生成可视化
2025-04-18 14:04:26,715 - INFO - 正在为时间段 1589-1617 生成异常图可视化
2025-04-18 14:04:26,715 - DEBUG - 创建包含 19 个节点的图结构
2025-04-18 14:04:26,716 - DEBUG - 边统计: 正常边 270 条, 异常边 36 条
2025-04-18 14:04:26,771 - DEBUG - 正在保存可视化结果到 ./visual/omi/neighbor_all/strict_deviation/omi-5/seg_1_1589_1617.png
2025-04-18 14:04:26,992 - INFO - 成功保存时间段 1589-1617 的可视化结果
2025-04-18 14:04:26,993 - INFO - 
正在处理时间段 3/6: 2440-2446
2025-04-18 14:04:26,993 - INFO - 该时间段的真实异常节点: {8, 11, 12, 13, 14, 15, 16, 17, 18, 19}
2025-04-18 14:04:26,993 - INFO - 正在计算异常分数...
2025-04-18 14:04:26,996 - INFO - 检测到的异常节点: {1, 4, 5, 6, 7, 8, 9, 10, 11, 12, 13, 14, 15, 16, 17, 18, 19}
2025-04-18 14:04:26,996 - INFO - 正在为时间段 2440-2446 生成可视化
2025-04-18 14:04:26,996 - INFO - 正在为时间段 2440-2446 生成异常图可视化
2025-04-18 14:04:26,996 - DEBUG - 创建包含 19 个节点的图结构
2025-04-18 14:04:26,997 - DEBUG - 边统计: 正常边 246 条, 异常边 60 条
2025-04-18 14:04:27,052 - DEBUG - 正在保存可视化结果到 ./visual/omi/neighbor_all/strict_deviation/omi-5/seg_2_2440_2446.png
2025-04-18 14:04:27,274 - INFO - 成功保存时间段 2440-2446 的可视化结果
2025-04-18 14:04:27,274 - INFO - 
正在处理时间段 4/6: 3356-3363
2025-04-18 14:04:27,274 - INFO - 该时间段的真实异常节点: {17, 5, 6}
2025-04-18 14:04:27,274 - INFO - 正在计算异常分数...
2025-04-18 14:04:27,278 - INFO - 检测到的异常节点: {1, 4, 5, 6, 7, 8, 9, 10, 11, 12, 13, 14, 15, 16, 17, 18, 19}
2025-04-18 14:04:27,278 - INFO - 正在为时间段 3356-3363 生成可视化
2025-04-18 14:04:27,278 - INFO - 正在为时间段 3356-3363 生成异常图可视化
2025-04-18 14:04:27,278 - DEBUG - 创建包含 19 个节点的图结构
2025-04-18 14:04:27,279 - DEBUG - 边统计: 正常边 260 条, 异常边 46 条
2025-04-18 14:04:27,433 - DEBUG - 正在保存可视化结果到 ./visual/omi/neighbor_all/strict_deviation/omi-5/seg_3_3356_3363.png
2025-04-18 14:04:27,658 - INFO - 成功保存时间段 3356-3363 的可视化结果
2025-04-18 14:04:27,658 - INFO - 
正在处理时间段 5/6: 3416-3423
2025-04-18 14:04:27,658 - INFO - 该时间段的真实异常节点: {4, 5, 7, 9, 10, 11, 12, 13, 14, 15, 16, 17, 18, 19}
2025-04-18 14:04:27,658 - INFO - 正在计算异常分数...
2025-04-18 14:04:27,662 - INFO - 检测到的异常节点: {1, 4, 5, 6, 7, 8, 9, 10, 11, 12, 13, 14, 15, 16, 17, 18, 19}
2025-04-18 14:04:27,662 - INFO - 正在为时间段 3416-3423 生成可视化
2025-04-18 14:04:27,662 - INFO - 正在为时间段 3416-3423 生成异常图可视化
2025-04-18 14:04:27,662 - DEBUG - 创建包含 19 个节点的图结构
2025-04-18 14:04:27,663 - DEBUG - 边统计: 正常边 294 条, 异常边 12 条
2025-04-18 14:04:27,719 - DEBUG - 正在保存可视化结果到 ./visual/omi/neighbor_all/strict_deviation/omi-5/seg_4_3416_3423.png
2025-04-18 14:04:27,937 - INFO - 成功保存时间段 3416-3423 的可视化结果
2025-04-18 14:04:27,937 - INFO - 
正在处理时间段 6/6: 3590-3594
2025-04-18 14:04:27,937 - INFO - 该时间段的真实异常节点: {1, 8, 17, 18, 19}
2025-04-18 14:04:27,937 - INFO - 正在计算异常分数...
2025-04-18 14:04:27,938 - INFO - 检测到的异常节点: {1, 4, 5, 6, 7, 8, 9, 10, 11, 12, 13, 14, 15, 16, 17, 18, 19}
2025-04-18 14:04:27,939 - INFO - 正在为时间段 3590-3594 生成可视化
2025-04-18 14:04:27,939 - INFO - 正在为时间段 3590-3594 生成异常图可视化
2025-04-18 14:04:27,939 - DEBUG - 创建包含 19 个节点的图结构
2025-04-18 14:04:27,940 - DEBUG - 边统计: 正常边 232 条, 异常边 74 条
2025-04-18 14:04:27,995 - DEBUG - 正在保存可视化结果到 ./visual/omi/neighbor_all/strict_deviation/omi-5/seg_5_3590_3594.png
2025-04-18 14:04:28,218 - INFO - 成功保存时间段 3590-3594 的可视化结果
2025-04-18 14:04:28,218 - INFO - 正在从 ./visual/omi/neighbor_all/strict_deviation/omi-5 中的图像创建GIF
2025-04-18 14:04:28,812 - INFO - GIF已保存到 ./visual/omi/neighbor_all/strict_deviation/omi-5/omi-5.gif
2025-04-18 14:04:28,813 - INFO - 
==================================================
2025-04-18 14:04:28,813 - INFO - 开始数据集可视化: omi-6
2025-04-18 14:04:28,813 - INFO - 使用参数: 评分模式=strict_deviation, all=None, 阈值=5.0
2025-04-18 14:04:28,813 - INFO - ==================================================

2025-04-18 14:04:28,813 - INFO - 正在加载数据集 omi-6 的数据
2025-04-18 14:04:28,814 - INFO - 数据加载成功。训练集形状: (8640, 19), 测试集形状: (4320, 19)
2025-04-18 14:04:28,814 - INFO - 正在计算边缘统计量...
2025-04-18 14:04:31,754 - INFO - 已计算 153 条边的统计量
2025-04-18 14:04:31,755 - INFO - 为每个节点使用所有邻居
2025-04-18 14:04:31,755 - INFO - 可视化结果将保存到: ./visual/omi/neighbor_all/strict_deviation/omi-6
2025-04-18 14:04:31,756 - INFO - 在数据集中发现 10 个异常时间段
2025-04-18 14:04:31,756 - INFO - 
正在处理时间段 1/10: 357-392
2025-04-18 14:04:31,756 - INFO - 该时间段的真实异常节点: {19, 4}
2025-04-18 14:04:31,756 - INFO - 正在计算异常分数...
2025-04-18 14:04:31,780 - INFO - 检测到的异常节点: {4, 5, 8, 9, 16, 17, 18}
2025-04-18 14:04:31,780 - INFO - 正在为时间段 357-392 生成可视化
2025-04-18 14:04:31,780 - INFO - 正在为时间段 357-392 生成异常图可视化
2025-04-18 14:04:31,780 - DEBUG - 创建包含 19 个节点的图结构
2025-04-18 14:04:31,781 - DEBUG - 边统计: 正常边 254 条, 异常边 18 条
2025-04-18 14:04:31,841 - DEBUG - 正在保存可视化结果到 ./visual/omi/neighbor_all/strict_deviation/omi-6/seg_0_357_392.png
2025-04-18 14:04:32,054 - INFO - 成功保存时间段 357-392 的可视化结果
2025-04-18 14:04:32,054 - INFO - 
正在处理时间段 2/10: 750-788
2025-04-18 14:04:32,054 - INFO - 该时间段的真实异常节点: {2, 6, 7, 8, 9, 10, 11, 12, 13, 14, 15, 16, 17, 18, 19}
2025-04-18 14:04:32,054 - INFO - 正在计算异常分数...
2025-04-18 14:04:32,082 - INFO - 检测到的异常节点: {1, 5, 6, 7, 8, 9, 10, 11, 12, 13, 14, 15, 16, 17, 18, 19}
2025-04-18 14:04:32,082 - INFO - 正在为时间段 750-788 生成可视化
2025-04-18 14:04:32,082 - INFO - 正在为时间段 750-788 生成异常图可视化
2025-04-18 14:04:32,082 - DEBUG - 创建包含 19 个节点的图结构
2025-04-18 14:04:32,083 - DEBUG - 边统计: 正常边 184 条, 异常边 88 条
2025-04-18 14:04:32,140 - DEBUG - 正在保存可视化结果到 ./visual/omi/neighbor_all/strict_deviation/omi-6/seg_1_750_788.png
2025-04-18 14:04:32,349 - INFO - 成功保存时间段 750-788 的可视化结果
2025-04-18 14:04:32,349 - INFO - 
正在处理时间段 3/10: 1278-1293
2025-04-18 14:04:32,349 - INFO - 该时间段的真实异常节点: {4, 5, 6, 8, 17}
2025-04-18 14:04:32,349 - INFO - 正在计算异常分数...
2025-04-18 14:04:32,358 - INFO - 检测到的异常节点: {5, 6}
2025-04-18 14:04:32,358 - INFO - 正在为时间段 1278-1293 生成可视化
2025-04-18 14:04:32,358 - INFO - 正在为时间段 1278-1293 生成异常图可视化
2025-04-18 14:04:32,359 - DEBUG - 创建包含 19 个节点的图结构
2025-04-18 14:04:32,360 - DEBUG - 边统计: 正常边 270 条, 异常边 2 条
2025-04-18 14:04:32,414 - DEBUG - 正在保存可视化结果到 ./visual/omi/neighbor_all/strict_deviation/omi-6/seg_2_1278_1293.png
2025-04-18 14:04:32,637 - INFO - 成功保存时间段 1278-1293 的可视化结果
2025-04-18 14:04:32,638 - INFO - 
正在处理时间段 4/10: 1590-1615
2025-04-18 14:04:32,638 - INFO - 该时间段的真实异常节点: {1, 18, 9}
2025-04-18 14:04:32,638 - INFO - 正在计算异常分数...
2025-04-18 14:04:32,656 - INFO - 检测到的异常节点: {1, 5, 8, 9, 12, 13, 14, 15, 16, 17}
2025-04-18 14:04:32,656 - INFO - 正在为时间段 1590-1615 生成可视化
2025-04-18 14:04:32,656 - INFO - 正在为时间段 1590-1615 生成异常图可视化
2025-04-18 14:04:32,656 - DEBUG - 创建包含 19 个节点的图结构
2025-04-18 14:04:32,657 - DEBUG - 边统计: 正常边 272 条, 异常边 0 条
2025-04-18 14:04:32,721 - DEBUG - 正在保存可视化结果到 ./visual/omi/neighbor_all/strict_deviation/omi-6/seg_3_1590_1615.png
2025-04-18 14:04:32,933 - INFO - 成功保存时间段 1590-1615 的可视化结果
2025-04-18 14:04:32,933 - INFO - 
正在处理时间段 5/10: 2592-2604
2025-04-18 14:04:32,933 - INFO - 该时间段的真实异常节点: {9, 4, 6}
2025-04-18 14:04:32,933 - INFO - 正在计算异常分数...
2025-04-18 14:04:32,940 - INFO - 检测到的异常节点: {6, 10, 11, 13, 14, 15, 16}
2025-04-18 14:04:32,940 - INFO - 正在为时间段 2592-2604 生成可视化
2025-04-18 14:04:32,940 - INFO - 正在为时间段 2592-2604 生成异常图可视化
2025-04-18 14:04:32,941 - DEBUG - 创建包含 19 个节点的图结构
2025-04-18 14:04:32,942 - DEBUG - 边统计: 正常边 236 条, 异常边 4 条
2025-04-18 14:04:33,000 - DEBUG - 正在保存可视化结果到 ./visual/omi/neighbor_all/strict_deviation/omi-6/seg_4_2592_2604.png
2025-04-18 14:04:33,210 - INFO - 成功保存时间段 2592-2604 的可视化结果
2025-04-18 14:04:33,210 - INFO - 
正在处理时间段 6/10: 2734-2765
2025-04-18 14:04:33,210 - INFO - 该时间段的真实异常节点: {8, 19, 4, 6}
2025-04-18 14:04:33,210 - INFO - 正在计算异常分数...
2025-04-18 14:04:33,233 - INFO - 检测到的异常节点: {4, 5, 6, 7, 8, 9, 10, 11, 12, 13, 14, 15, 16, 17, 18, 19}
2025-04-18 14:04:33,233 - INFO - 正在为时间段 2734-2765 生成可视化
2025-04-18 14:04:33,233 - INFO - 正在为时间段 2734-2765 生成异常图可视化
2025-04-18 14:04:33,233 - DEBUG - 创建包含 19 个节点的图结构
2025-04-18 14:04:33,234 - DEBUG - 边统计: 正常边 270 条, 异常边 2 条
2025-04-18 14:04:33,293 - DEBUG - 正在保存可视化结果到 ./visual/omi/neighbor_all/strict_deviation/omi-6/seg_5_2734_2765.png
2025-04-18 14:04:33,502 - INFO - 成功保存时间段 2734-2765 的可视化结果
2025-04-18 14:04:33,502 - INFO - 
正在处理时间段 7/10: 3066-3072
2025-04-18 14:04:33,502 - INFO - 该时间段的真实异常节点: {19, 4, 6}
2025-04-18 14:04:33,502 - INFO - 正在计算异常分数...
2025-04-18 14:04:33,505 - INFO - 检测到的异常节点: set()
2025-04-18 14:04:33,505 - INFO - 正在为时间段 3066-3072 生成可视化
2025-04-18 14:04:33,505 - INFO - 正在为时间段 3066-3072 生成异常图可视化
2025-04-18 14:04:33,505 - DEBUG - 创建包含 19 个节点的图结构
2025-04-18 14:04:33,506 - DEBUG - 边统计: 正常边 230 条, 异常边 42 条
2025-04-18 14:04:33,564 - DEBUG - 正在保存可视化结果到 ./visual/omi/neighbor_all/strict_deviation/omi-6/seg_6_3066_3072.png
2025-04-18 14:04:33,773 - INFO - 成功保存时间段 3066-3072 的可视化结果
2025-04-18 14:04:33,774 - INFO - 
正在处理时间段 8/10: 3596-3605
2025-04-18 14:04:33,774 - INFO - 该时间段的真实异常节点: {19, 4, 5, 6}
2025-04-18 14:04:33,774 - INFO - 正在计算异常分数...
2025-04-18 14:04:33,778 - INFO - 检测到的异常节点: {9, 17}
2025-04-18 14:04:33,779 - INFO - 正在为时间段 3596-3605 生成可视化
2025-04-18 14:04:33,779 - INFO - 正在为时间段 3596-3605 生成异常图可视化
2025-04-18 14:04:33,779 - DEBUG - 创建包含 19 个节点的图结构
2025-04-18 14:04:33,780 - DEBUG - 边统计: 正常边 272 条, 异常边 0 条
2025-04-18 14:04:33,837 - DEBUG - 正在保存可视化结果到 ./visual/omi/neighbor_all/strict_deviation/omi-6/seg_7_3596_3605.png
2025-04-18 14:04:34,046 - INFO - 成功保存时间段 3596-3605 的可视化结果
2025-04-18 14:04:34,046 - INFO - 
正在处理时间段 9/10: 3610-3622
2025-04-18 14:04:34,046 - INFO - 该时间段的真实异常节点: {1, 4, 5}
2025-04-18 14:04:34,046 - INFO - 正在计算异常分数...
2025-04-18 14:04:34,054 - INFO - 检测到的异常节点: {1}
2025-04-18 14:04:34,054 - INFO - 正在为时间段 3610-3622 生成可视化
2025-04-18 14:04:34,054 - INFO - 正在为时间段 3610-3622 生成异常图可视化
2025-04-18 14:04:34,054 - DEBUG - 创建包含 19 个节点的图结构
2025-04-18 14:04:34,055 - DEBUG - 边统计: 正常边 272 条, 异常边 0 条
2025-04-18 14:04:34,113 - DEBUG - 正在保存可视化结果到 ./visual/omi/neighbor_all/strict_deviation/omi-6/seg_8_3610_3622.png
2025-04-18 14:04:34,323 - INFO - 成功保存时间段 3610-3622 的可视化结果
2025-04-18 14:04:34,324 - INFO - 
正在处理时间段 10/10: 4159-4164
2025-04-18 14:04:34,324 - INFO - 该时间段的真实异常节点: {4, 5}
2025-04-18 14:04:34,324 - INFO - 正在计算异常分数...
2025-04-18 14:04:34,326 - INFO - 检测到的异常节点: set()
2025-04-18 14:04:34,326 - INFO - 正在为时间段 4159-4164 生成可视化
2025-04-18 14:04:34,326 - INFO - 正在为时间段 4159-4164 生成异常图可视化
2025-04-18 14:04:34,326 - DEBUG - 创建包含 19 个节点的图结构
2025-04-18 14:04:34,327 - DEBUG - 边统计: 正常边 248 条, 异常边 24 条
2025-04-18 14:04:34,563 - DEBUG - 正在保存可视化结果到 ./visual/omi/neighbor_all/strict_deviation/omi-6/seg_9_4159_4164.png
2025-04-18 14:04:34,814 - INFO - 成功保存时间段 4159-4164 的可视化结果
2025-04-18 14:04:34,815 - INFO - 正在从 ./visual/omi/neighbor_all/strict_deviation/omi-6 中的图像创建GIF
2025-04-18 14:04:35,666 - INFO - GIF已保存到 ./visual/omi/neighbor_all/strict_deviation/omi-6/omi-6.gif
2025-04-18 14:04:35,668 - INFO - 
==================================================
2025-04-18 14:04:35,668 - INFO - 开始数据集可视化: omi-7
2025-04-18 14:04:35,668 - INFO - 使用参数: 评分模式=strict_deviation, all=None, 阈值=0.0
2025-04-18 14:04:35,668 - INFO - ==================================================

2025-04-18 14:04:35,668 - INFO - 正在加载数据集 omi-7 的数据
2025-04-18 14:04:35,669 - INFO - 数据加载成功。训练集形状: (8640, 19), 测试集形状: (4320, 19)
2025-04-18 14:04:35,669 - INFO - 正在计算边缘统计量...
2025-04-18 14:04:38,348 - INFO - 已计算 136 条边的统计量
2025-04-18 14:04:38,348 - INFO - 为每个节点使用所有邻居
2025-04-18 14:04:38,348 - INFO - 可视化结果将保存到: ./visual/omi/neighbor_all/strict_deviation/omi-7
2025-04-18 14:04:38,349 - INFO - 在数据集中发现 3 个异常时间段
2025-04-18 14:04:38,349 - INFO - 
正在处理时间段 1/3: 738-778
2025-04-18 14:04:38,349 - INFO - 该时间段的真实异常节点: {1, 2, 4, 6, 7, 8, 9, 10, 11, 12, 13, 14, 15, 16, 17, 18, 19}
2025-04-18 14:04:38,349 - INFO - 正在计算异常分数...
2025-04-18 14:04:38,376 - INFO - 检测到的异常节点: {1, 4, 5, 6, 7, 8, 9, 10, 11, 12, 13, 14, 15, 16, 17, 18, 19}
2025-04-18 14:04:38,376 - INFO - 正在为时间段 738-778 生成可视化
2025-04-18 14:04:38,376 - INFO - 正在为时间段 738-778 生成异常图可视化
2025-04-18 14:04:38,377 - DEBUG - 创建包含 19 个节点的图结构
2025-04-18 14:04:38,378 - DEBUG - 边统计: 正常边 166 条, 异常边 106 条
2025-04-18 14:04:38,447 - DEBUG - 正在保存可视化结果到 ./visual/omi/neighbor_all/strict_deviation/omi-7/seg_0_738_778.png
2025-04-18 14:04:38,667 - INFO - 成功保存时间段 738-778 的可视化结果
2025-04-18 14:04:38,667 - INFO - 
正在处理时间段 2/3: 1625-1660
2025-04-18 14:04:38,667 - INFO - 该时间段的真实异常节点: {7, 10, 11, 12, 13, 14, 15, 16, 17, 18, 19}
2025-04-18 14:04:38,667 - INFO - 正在计算异常分数...
2025-04-18 14:04:38,691 - INFO - 检测到的异常节点: {5, 7, 8, 9, 10, 11, 12, 13, 14, 15, 16, 17, 18, 19}
2025-04-18 14:04:38,691 - INFO - 正在为时间段 1625-1660 生成可视化
2025-04-18 14:04:38,691 - INFO - 正在为时间段 1625-1660 生成异常图可视化
2025-04-18 14:04:38,691 - DEBUG - 创建包含 19 个节点的图结构
2025-04-18 14:04:38,692 - DEBUG - 边统计: 正常边 130 条, 异常边 52 条
2025-04-18 14:04:38,747 - DEBUG - 正在保存可视化结果到 ./visual/omi/neighbor_all/strict_deviation/omi-7/seg_1_1625_1660.png
2025-04-18 14:04:38,968 - INFO - 成功保存时间段 1625-1660 的可视化结果
2025-04-18 14:04:38,968 - INFO - 
正在处理时间段 3/3: 3311-3320
2025-04-18 14:04:38,969 - INFO - 该时间段的真实异常节点: {7, 10, 11, 12, 13, 14, 15, 16, 17, 18, 19}
2025-04-18 14:04:38,969 - INFO - 正在计算异常分数...
2025-04-18 14:04:38,973 - INFO - 检测到的异常节点: {7, 10, 11, 12, 13, 14, 15, 16, 17, 18, 19}
2025-04-18 14:04:38,974 - INFO - 正在为时间段 3311-3320 生成可视化
2025-04-18 14:04:38,974 - INFO - 正在为时间段 3311-3320 生成异常图可视化
2025-04-18 14:04:38,974 - DEBUG - 创建包含 19 个节点的图结构
2025-04-18 14:04:38,975 - DEBUG - 边统计: 正常边 188 条, 异常边 22 条
2025-04-18 14:04:39,035 - DEBUG - 正在保存可视化结果到 ./visual/omi/neighbor_all/strict_deviation/omi-7/seg_2_3311_3320.png
2025-04-18 14:04:39,249 - INFO - 成功保存时间段 3311-3320 的可视化结果
2025-04-18 14:04:39,249 - INFO - 正在从 ./visual/omi/neighbor_all/strict_deviation/omi-7 中的图像创建GIF
2025-04-18 14:04:39,655 - INFO - GIF已保存到 ./visual/omi/neighbor_all/strict_deviation/omi-7/omi-7.gif
2025-04-18 14:04:39,656 - INFO - 
==================================================
2025-04-18 14:04:39,657 - INFO - 开始数据集可视化: omi-8
2025-04-18 14:04:39,657 - INFO - 使用参数: 评分模式=strict_deviation, all=None, 阈值=6.5
2025-04-18 14:04:39,657 - INFO - ==================================================

2025-04-18 14:04:39,657 - INFO - 正在加载数据集 omi-8 的数据
2025-04-18 14:04:39,659 - INFO - 数据加载成功。训练集形状: (8640, 19), 测试集形状: (4320, 19)
2025-04-18 14:04:39,659 - INFO - 正在计算边缘统计量...
2025-04-18 14:04:42,200 - INFO - 已计算 136 条边的统计量
2025-04-18 14:04:42,200 - INFO - 为每个节点使用所有邻居
2025-04-18 14:04:42,201 - INFO - 可视化结果将保存到: ./visual/omi/neighbor_all/strict_deviation/omi-8
2025-04-18 14:04:42,201 - INFO - 在数据集中发现 5 个异常时间段
2025-04-18 14:04:42,202 - INFO - 
正在处理时间段 1/5: 740-753
2025-04-18 14:04:42,202 - INFO - 该时间段的真实异常节点: {2, 4}
2025-04-18 14:04:42,202 - INFO - 正在计算异常分数...
2025-04-18 14:04:42,209 - INFO - 检测到的异常节点: {4, 14}
2025-04-18 14:04:42,209 - INFO - 正在为时间段 740-753 生成可视化
2025-04-18 14:04:42,209 - INFO - 正在为时间段 740-753 生成异常图可视化
2025-04-18 14:04:42,209 - DEBUG - 创建包含 19 个节点的图结构
2025-04-18 14:04:42,210 - DEBUG - 边统计: 正常边 238 条, 异常边 2 条
2025-04-18 14:04:42,269 - DEBUG - 正在保存可视化结果到 ./visual/omi/neighbor_all/strict_deviation/omi-8/seg_0_740_753.png
2025-04-18 14:04:42,478 - INFO - 成功保存时间段 740-753 的可视化结果
2025-04-18 14:04:42,478 - INFO - 
正在处理时间段 2/5: 764-780
2025-04-18 14:04:42,478 - INFO - 该时间段的真实异常节点: {6, 7, 8, 9, 10, 11, 12, 13, 14, 15, 16, 17, 18, 19}
2025-04-18 14:04:42,478 - INFO - 正在计算异常分数...
2025-04-18 14:04:42,487 - INFO - 检测到的异常节点: {1, 6, 7, 8, 9, 10, 11, 12, 13, 14, 15, 16, 17, 18, 19}
2025-04-18 14:04:42,487 - INFO - 正在为时间段 764-780 生成可视化
2025-04-18 14:04:42,487 - INFO - 正在为时间段 764-780 生成异常图可视化
2025-04-18 14:04:42,487 - DEBUG - 创建包含 19 个节点的图结构
2025-04-18 14:04:42,488 - DEBUG - 边统计: 正常边 146 条, 异常边 64 条
2025-04-18 14:04:42,545 - DEBUG - 正在保存可视化结果到 ./visual/omi/neighbor_all/strict_deviation/omi-8/seg_1_764_780.png
2025-04-18 14:04:42,753 - INFO - 成功保存时间段 764-780 的可视化结果
2025-04-18 14:04:42,753 - INFO - 
正在处理时间段 3/5: 2319-2325
2025-04-18 14:04:42,753 - INFO - 该时间段的真实异常节点: {4, 5, 6}
2025-04-18 14:04:42,753 - INFO - 正在计算异常分数...
2025-04-18 14:04:42,755 - INFO - 检测到的异常节点: set()
2025-04-18 14:04:42,755 - INFO - 正在为时间段 2319-2325 生成可视化
2025-04-18 14:04:42,755 - INFO - 正在为时间段 2319-2325 生成异常图可视化
2025-04-18 14:04:42,756 - DEBUG - 创建包含 19 个节点的图结构
2025-04-18 14:04:42,757 - DEBUG - 边统计: 正常边 228 条, 异常边 44 条
2025-04-18 14:04:42,812 - DEBUG - 正在保存可视化结果到 ./visual/omi/neighbor_all/strict_deviation/omi-8/seg_2_2319_2325.png
2025-04-18 14:04:43,022 - INFO - 成功保存时间段 2319-2325 的可视化结果
2025-04-18 14:04:43,022 - INFO - 
正在处理时间段 4/5: 2586-2675
2025-04-18 14:04:43,023 - INFO - 该时间段的真实异常节点: {5, 6, 8, 17, 18, 19}
2025-04-18 14:04:43,023 - INFO - 正在计算异常分数...
2025-04-18 14:04:43,091 - INFO - 检测到的异常节点: {1, 4, 5, 6, 7, 8, 9, 10, 11, 12, 13, 14, 15, 16, 17, 18, 19}
2025-04-18 14:04:43,091 - INFO - 正在为时间段 2586-2675 生成可视化
2025-04-18 14:04:43,091 - INFO - 正在为时间段 2586-2675 生成异常图可视化
2025-04-18 14:04:43,091 - DEBUG - 创建包含 19 个节点的图结构
2025-04-18 14:04:43,092 - DEBUG - 边统计: 正常边 260 条, 异常边 12 条
2025-04-18 14:04:43,148 - DEBUG - 正在保存可视化结果到 ./visual/omi/neighbor_all/strict_deviation/omi-8/seg_3_2586_2675.png
2025-04-18 14:04:43,357 - INFO - 成功保存时间段 2586-2675 的可视化结果
2025-04-18 14:04:43,357 - INFO - 
正在处理时间段 5/5: 2897-2956
2025-04-18 14:04:43,357 - INFO - 该时间段的真实异常节点: {2, 6, 8, 17, 18, 19}
2025-04-18 14:04:43,357 - INFO - 正在计算异常分数...
2025-04-18 14:04:43,400 - INFO - 检测到的异常节点: {1, 4, 5, 6, 7, 8, 9, 10, 11, 12, 13, 14, 15, 16, 17, 18, 19}
2025-04-18 14:04:43,400 - INFO - 正在为时间段 2897-2956 生成可视化
2025-04-18 14:04:43,400 - INFO - 正在为时间段 2897-2956 生成异常图可视化
2025-04-18 14:04:43,400 - DEBUG - 创建包含 19 个节点的图结构
2025-04-18 14:04:43,401 - DEBUG - 边统计: 正常边 230 条, 异常边 42 条
2025-04-18 14:04:43,456 - DEBUG - 正在保存可视化结果到 ./visual/omi/neighbor_all/strict_deviation/omi-8/seg_4_2897_2956.png
2025-04-18 14:04:43,665 - INFO - 成功保存时间段 2897-2956 的可视化结果
2025-04-18 14:04:43,665 - INFO - 正在从 ./visual/omi/neighbor_all/strict_deviation/omi-8 中的图像创建GIF
2025-04-18 14:04:44,191 - INFO - GIF已保存到 ./visual/omi/neighbor_all/strict_deviation/omi-8/omi-8.gif
2025-04-18 14:04:44,192 - INFO - 
==================================================
2025-04-18 14:04:44,192 - INFO - 开始数据集可视化: omi-9
2025-04-18 14:04:44,192 - INFO - 使用参数: 评分模式=strict_deviation, all=None, 阈值=0.5
2025-04-18 14:04:44,192 - INFO - ==================================================

2025-04-18 14:04:44,192 - INFO - 正在加载数据集 omi-9 的数据
2025-04-18 14:04:44,193 - INFO - 数据加载成功。训练集形状: (8640, 19), 测试集形状: (4320, 19)
2025-04-18 14:04:44,193 - INFO - 正在计算边缘统计量...
2025-04-18 14:04:46,623 - INFO - 已计算 136 条边的统计量
2025-04-18 14:04:46,623 - INFO - 为每个节点使用所有邻居
2025-04-18 14:04:46,623 - INFO - 可视化结果将保存到: ./visual/omi/neighbor_all/strict_deviation/omi-9
2025-04-18 14:04:46,624 - INFO - 在数据集中发现 8 个异常时间段
2025-04-18 14:04:46,624 - INFO - 
正在处理时间段 1/8: 738-756
2025-04-18 14:04:46,624 - INFO - 该时间段的真实异常节点: {2, 9, 10, 11, 12, 13, 14, 15, 16, 17, 18, 19}
2025-04-18 14:04:46,624 - INFO - 正在计算异常分数...
2025-04-18 14:04:46,635 - INFO - 检测到的异常节点: {1, 7, 8, 9, 10, 11, 12, 13, 14, 15, 16, 17, 18, 19}
2025-04-18 14:04:46,635 - INFO - 正在为时间段 738-756 生成可视化
2025-04-18 14:04:46,635 - INFO - 正在为时间段 738-756 生成异常图可视化
2025-04-18 14:04:46,635 - DEBUG - 创建包含 19 个节点的图结构
2025-04-18 14:04:46,636 - DEBUG - 边统计: 正常边 158 条, 异常边 24 条
2025-04-18 14:04:46,692 - DEBUG - 正在保存可视化结果到 ./visual/omi/neighbor_all/strict_deviation/omi-9/seg_0_738_756.png
2025-04-18 14:04:46,910 - INFO - 成功保存时间段 738-756 的可视化结果
2025-04-18 14:04:46,910 - INFO - 
正在处理时间段 2/8: 763-780
2025-04-18 14:04:46,911 - INFO - 该时间段的真实异常节点: {1, 6, 7, 8, 9, 10, 11, 12, 13, 14, 15, 16, 17, 18, 19}
2025-04-18 14:04:46,911 - INFO - 正在计算异常分数...
2025-04-18 14:04:46,921 - INFO - 检测到的异常节点: {1, 6, 7, 8, 9, 10, 11, 12, 13, 14, 15, 16, 17, 18, 19}
2025-04-18 14:04:46,921 - INFO - 正在为时间段 763-780 生成可视化
2025-04-18 14:04:46,921 - INFO - 正在为时间段 763-780 生成异常图可视化
2025-04-18 14:04:46,922 - DEBUG - 创建包含 19 个节点的图结构
2025-04-18 14:04:46,923 - DEBUG - 边统计: 正常边 118 条, 异常边 92 条
2025-04-18 14:04:46,984 - DEBUG - 正在保存可视化结果到 ./visual/omi/neighbor_all/strict_deviation/omi-9/seg_1_763_780.png
2025-04-18 14:04:47,197 - INFO - 成功保存时间段 763-780 的可视化结果
2025-04-18 14:04:47,197 - INFO - 
正在处理时间段 3/8: 2514-2524
2025-04-18 14:04:47,197 - INFO - 该时间段的真实异常节点: {1, 4, 5, 7, 8, 9, 17, 18}
2025-04-18 14:04:47,197 - INFO - 正在计算异常分数...
2025-04-18 14:04:47,204 - INFO - 检测到的异常节点: {1, 4, 5, 6, 7, 8, 9, 10, 11, 12, 13, 14, 15, 16, 17, 18, 19}
2025-04-18 14:04:47,204 - INFO - 正在为时间段 2514-2524 生成可视化
2025-04-18 14:04:47,204 - INFO - 正在为时间段 2514-2524 生成异常图可视化
2025-04-18 14:04:47,204 - DEBUG - 创建包含 19 个节点的图结构
2025-04-18 14:04:47,205 - DEBUG - 边统计: 正常边 210 条, 异常边 62 条
2025-04-18 14:04:47,261 - DEBUG - 正在保存可视化结果到 ./visual/omi/neighbor_all/strict_deviation/omi-9/seg_2_2514_2524.png
2025-04-18 14:04:47,471 - INFO - 成功保存时间段 2514-2524 的可视化结果
2025-04-18 14:04:47,471 - INFO - 
正在处理时间段 4/8: 2603-2668
2025-04-18 14:04:47,471 - INFO - 该时间段的真实异常节点: {1, 2, 5, 6, 8, 17, 18, 19}
2025-04-18 14:04:47,471 - INFO - 正在计算异常分数...
2025-04-18 14:04:47,517 - INFO - 检测到的异常节点: {1, 4, 5, 6, 7, 8, 9, 10, 11, 12, 13, 14, 15, 16, 17, 18, 19}
2025-04-18 14:04:47,517 - INFO - 正在为时间段 2603-2668 生成可视化
2025-04-18 14:04:47,517 - INFO - 正在为时间段 2603-2668 生成异常图可视化
2025-04-18 14:04:47,517 - DEBUG - 创建包含 19 个节点的图结构
2025-04-18 14:04:47,518 - DEBUG - 边统计: 正常边 212 条, 异常边 60 条
2025-04-18 14:04:47,673 - DEBUG - 正在保存可视化结果到 ./visual/omi/neighbor_all/strict_deviation/omi-9/seg_3_2603_2668.png
2025-04-18 14:04:47,886 - INFO - 成功保存时间段 2603-2668 的可视化结果
2025-04-18 14:04:47,886 - INFO - 
正在处理时间段 5/8: 2918-2958
2025-04-18 14:04:47,887 - INFO - 该时间段的真实异常节点: {1, 2, 5, 6, 8, 17, 18, 19}
2025-04-18 14:04:47,887 - INFO - 正在计算异常分数...
2025-04-18 14:04:47,912 - INFO - 检测到的异常节点: {1, 4, 5, 6, 7, 8, 9, 10, 11, 12, 13, 14, 15, 16, 17, 18, 19}
2025-04-18 14:04:47,912 - INFO - 正在为时间段 2918-2958 生成可视化
2025-04-18 14:04:47,912 - INFO - 正在为时间段 2918-2958 生成异常图可视化
2025-04-18 14:04:47,912 - DEBUG - 创建包含 19 个节点的图结构
2025-04-18 14:04:47,913 - DEBUG - 边统计: 正常边 200 条, 异常边 72 条
2025-04-18 14:04:47,968 - DEBUG - 正在保存可视化结果到 ./visual/omi/neighbor_all/strict_deviation/omi-9/seg_4_2918_2958.png
2025-04-18 14:04:48,176 - INFO - 成功保存时间段 2918-2958 的可视化结果
2025-04-18 14:04:48,177 - INFO - 
正在处理时间段 6/8: 3170-3245
2025-04-18 14:04:48,177 - INFO - 该时间段的真实异常节点: {1, 2, 6, 8, 17, 18, 19}
2025-04-18 14:04:48,177 - INFO - 正在计算异常分数...
2025-04-18 14:04:48,224 - INFO - 检测到的异常节点: {1, 4, 5, 6, 7, 8, 9, 10, 11, 12, 13, 14, 15, 16, 17, 18, 19}
2025-04-18 14:04:48,224 - INFO - 正在为时间段 3170-3245 生成可视化
2025-04-18 14:04:48,224 - INFO - 正在为时间段 3170-3245 生成异常图可视化
2025-04-18 14:04:48,224 - DEBUG - 创建包含 19 个节点的图结构
2025-04-18 14:04:48,225 - DEBUG - 边统计: 正常边 226 条, 异常边 46 条
2025-04-18 14:04:48,280 - DEBUG - 正在保存可视化结果到 ./visual/omi/neighbor_all/strict_deviation/omi-9/seg_5_3170_3245.png
2025-04-18 14:04:48,489 - INFO - 成功保存时间段 3170-3245 的可视化结果
2025-04-18 14:04:48,489 - INFO - 
正在处理时间段 7/8: 3508-3528
2025-04-18 14:04:48,489 - INFO - 该时间段的真实异常节点: {8, 2, 19, 6}
2025-04-18 14:04:48,489 - INFO - 正在计算异常分数...
2025-04-18 14:04:48,501 - INFO - 检测到的异常节点: {1, 4, 5, 6, 7, 8, 9, 10, 11, 12, 13, 14, 15, 16, 17, 18, 19}
2025-04-18 14:04:48,502 - INFO - 正在为时间段 3508-3528 生成可视化
2025-04-18 14:04:48,502 - INFO - 正在为时间段 3508-3528 生成异常图可视化
2025-04-18 14:04:48,502 - DEBUG - 创建包含 19 个节点的图结构
2025-04-18 14:04:48,503 - DEBUG - 边统计: 正常边 208 条, 异常边 64 条
2025-04-18 14:04:48,558 - DEBUG - 正在保存可视化结果到 ./visual/omi/neighbor_all/strict_deviation/omi-9/seg_6_3508_3528.png
2025-04-18 14:04:48,767 - INFO - 成功保存时间段 3508-3528 的可视化结果
2025-04-18 14:04:48,767 - INFO - 
正在处理时间段 8/8: 4064-4108
2025-04-18 14:04:48,767 - INFO - 该时间段的真实异常节点: {1, 2, 6, 7, 8, 9, 17, 18, 19}
2025-04-18 14:04:48,767 - INFO - 正在计算异常分数...
2025-04-18 14:04:48,795 - INFO - 检测到的异常节点: {1, 4, 5, 6, 7, 8, 9, 10, 11, 12, 13, 14, 15, 16, 17, 18, 19}
2025-04-18 14:04:48,795 - INFO - 正在为时间段 4064-4108 生成可视化
2025-04-18 14:04:48,795 - INFO - 正在为时间段 4064-4108 生成异常图可视化
2025-04-18 14:04:48,795 - DEBUG - 创建包含 19 个节点的图结构
2025-04-18 14:04:48,796 - DEBUG - 边统计: 正常边 190 条, 异常边 82 条
2025-04-18 14:04:48,851 - DEBUG - 正在保存可视化结果到 ./visual/omi/neighbor_all/strict_deviation/omi-9/seg_7_4064_4108.png
2025-04-18 14:04:49,061 - INFO - 成功保存时间段 4064-4108 的可视化结果
2025-04-18 14:04:49,061 - INFO - 正在从 ./visual/omi/neighbor_all/strict_deviation/omi-9 中的图像创建GIF
2025-04-18 14:04:49,777 - INFO - GIF已保存到 ./visual/omi/neighbor_all/strict_deviation/omi-9/omi-9.gif
2025-04-18 14:04:49,777 - INFO - 可视化结果生成完成！
2025-04-18 14:04:49,778 - INFO - 
==================================================
2025-04-18 14:04:49,778 - INFO - 程序运行总耗时: 0:01:47.673435 

