2025-05-07 11:57:58,427 - INFO - 
 Starting experiment with config: ExperimentConfig(dataset='omi', window_size=5, score_thresholds=array([0. , 0.5, 1. , 1.5, 2. , 2.5, 3. , 3.5, 4. , 4.5, 5. , 5.5, 6. ,
       6.5, 7. ]), topk_range=range(1, 10), corr_threshold_range=array([0. , 0. , 0.1, 0.2, 0.2, 0.2, 0.3, 0.4, 0.4, 0.4, 0.5, 0.6, 0.6,
       0.6]), neighbor_selection='all', score_modes=['strict_deviation'], data_dir='./data/processed', label_dir='./data/interpretation_label', log_dir='./log/omi/neighbor_all', visual_dir='./visual/omi/neighbor_all', num_workers=36, gif_duration=500)
2025-05-07 11:57:58,427 - INFO - 当前评分模式: ['strict_deviation']
2025-05-07 11:57:58,427 - INFO - 
==================================================
2025-05-07 11:57:58,427 - INFO - 开始执行网格搜索...
2025-05-07 11:57:58,428 - INFO - [omi-12] Starting grid search...
2025-05-07 11:58:01,109 - INFO - [omi-12.txt] mode=strict_deviation, all=None, threshold=0.0, P=0.6129, R=0.9500, F1=0.7451
2025-05-07 11:58:01,110 - INFO - [omi-12.txt] mode=strict_deviation, all=None, threshold=0.5, P=0.6491, R=0.9250, F1=0.7629
2025-05-07 11:58:01,149 - INFO - [omi-12.txt] mode=strict_deviation, all=None, threshold=1.0, P=0.6491, R=0.9250, F1=0.7629
2025-05-07 11:58:01,149 - INFO - [omi-12.txt] mode=strict_deviation, all=None, threshold=1.5, P=0.6429, R=0.9000, F1=0.7500
2025-05-07 11:58:01,149 - INFO - [omi-12.txt] mode=strict_deviation, all=None, threshold=2.0, P=0.6364, R=0.8750, F1=0.7368
2025-05-07 11:58:01,149 - INFO - [omi-12.txt] mode=strict_deviation, all=None, threshold=2.5, P=0.6364, R=0.8750, F1=0.7368
2025-05-07 11:58:01,149 - INFO - [omi-12.txt] mode=strict_deviation, all=None, threshold=3.0, P=0.6304, R=0.7250, F1=0.6744
2025-05-07 11:58:01,149 - INFO - [omi-12.txt] mode=strict_deviation, all=None, threshold=3.5, P=0.6047, R=0.6500, F1=0.6265
2025-05-07 11:58:01,149 - INFO - [omi-12.txt] mode=strict_deviation, all=None, threshold=4.0, P=0.6250, R=0.6250, F1=0.6250
2025-05-07 11:58:01,150 - INFO - [omi-12.txt] mode=strict_deviation, all=None, threshold=4.5, P=0.6250, R=0.6250, F1=0.6250
2025-05-07 11:58:01,150 - INFO - [omi-12.txt] mode=strict_deviation, all=None, threshold=5.0, P=0.6410, R=0.6250, F1=0.6329
2025-05-07 11:58:01,150 - INFO - [omi-12.txt] mode=strict_deviation, all=None, threshold=5.5, P=0.6410, R=0.6250, F1=0.6329
2025-05-07 11:58:01,245 - INFO - [omi-12.txt] mode=strict_deviation, all=None, threshold=6.0, P=0.6316, R=0.6000, F1=0.6154
2025-05-07 11:58:01,245 - INFO - [omi-12.txt] mode=strict_deviation, all=None, threshold=6.5, P=0.6667, R=0.6000, F1=0.6316
2025-05-07 11:58:01,246 - INFO - [omi-12.txt] mode=strict_deviation, all=None, threshold=7.0, P=0.7059, R=0.6000, F1=0.6486
2025-05-07 11:58:01,295 - INFO - [omi-1] Starting grid search...
2025-05-07 11:58:04,614 - INFO - [omi-1.txt] mode=strict_deviation, all=None, threshold=0.0, P=0.7395, R=0.9888, F1=0.8462
2025-05-07 11:58:04,770 - INFO - [omi-1.txt] mode=strict_deviation, all=None, threshold=0.5, P=0.7345, R=0.9326, F1=0.8218
2025-05-07 11:58:04,771 - INFO - [omi-1.txt] mode=strict_deviation, all=None, threshold=1.0, P=0.7204, R=0.7528, F1=0.7363
2025-05-07 11:58:04,771 - INFO - [omi-1.txt] mode=strict_deviation, all=None, threshold=1.5, P=0.7273, R=0.7191, F1=0.7232
2025-05-07 11:58:04,771 - INFO - [omi-1.txt] mode=strict_deviation, all=None, threshold=2.0, P=0.7229, R=0.6742, F1=0.6977
2025-05-07 11:58:04,771 - INFO - [omi-1.txt] mode=strict_deviation, all=None, threshold=2.5, P=0.7183, R=0.5730, F1=0.6375
2025-05-07 11:58:04,771 - INFO - [omi-1.txt] mode=strict_deviation, all=None, threshold=3.0, P=0.7183, R=0.5730, F1=0.6375
2025-05-07 11:58:04,771 - INFO - [omi-1.txt] mode=strict_deviation, all=None, threshold=3.5, P=0.7000, R=0.4719, F1=0.5638
2025-05-07 11:58:04,771 - INFO - [omi-1.txt] mode=strict_deviation, all=None, threshold=4.0, P=0.6731, R=0.3933, F1=0.4965
2025-05-07 11:58:04,788 - INFO - [omi-1.txt] mode=strict_deviation, all=None, threshold=4.5, P=0.6667, R=0.3820, F1=0.4857
2025-05-07 11:58:04,833 - INFO - [omi-1.txt] mode=strict_deviation, all=None, threshold=5.0, P=0.6364, R=0.3146, F1=0.4211
2025-05-07 11:58:04,833 - INFO - [omi-1.txt] mode=strict_deviation, all=None, threshold=5.5, P=0.6250, R=0.2809, F1=0.3876
2025-05-07 11:58:04,833 - INFO - [omi-1.txt] mode=strict_deviation, all=None, threshold=6.0, P=0.6410, R=0.2809, F1=0.3906
2025-05-07 11:58:04,833 - INFO - [omi-1.txt] mode=strict_deviation, all=None, threshold=6.5, P=0.6216, R=0.2584, F1=0.3651
2025-05-07 11:58:04,833 - INFO - [omi-1.txt] mode=strict_deviation, all=None, threshold=7.0, P=0.6111, R=0.2472, F1=0.3520
2025-05-07 11:58:04,887 - INFO - [omi-5] Starting grid search...
2025-05-07 11:58:08,312 - INFO - [omi-5.txt] mode=strict_deviation, all=None, threshold=0.0, P=0.4757, R=1.0000, F1=0.6447
2025-05-07 11:58:08,314 - INFO - [omi-5.txt] mode=strict_deviation, all=None, threshold=0.5, P=0.4333, R=0.7959, F1=0.5612
2025-05-07 11:58:08,314 - INFO - [omi-5.txt] mode=strict_deviation, all=None, threshold=1.0, P=0.4286, R=0.7347, F1=0.5414
2025-05-07 11:58:08,392 - INFO - [omi-5.txt] mode=strict_deviation, all=None, threshold=1.5, P=0.4250, R=0.6939, F1=0.5271
2025-05-07 11:58:08,467 - INFO - [omi-5.txt] mode=strict_deviation, all=None, threshold=2.0, P=0.4211, R=0.6531, F1=0.5120
2025-05-07 11:58:08,516 - INFO - [omi-5.txt] mode=strict_deviation, all=None, threshold=2.5, P=0.4697, R=0.6327, F1=0.5391
2025-05-07 11:58:08,517 - INFO - [omi-5.txt] mode=strict_deviation, all=None, threshold=3.0, P=0.4839, R=0.6122, F1=0.5405
2025-05-07 11:58:08,517 - INFO - [omi-5.txt] mode=strict_deviation, all=None, threshold=3.5, P=0.4839, R=0.6122, F1=0.5405
2025-05-07 11:58:08,548 - INFO - [omi-5.txt] mode=strict_deviation, all=None, threshold=4.0, P=0.4754, R=0.5918, F1=0.5273
2025-05-07 11:58:08,549 - INFO - [omi-5.txt] mode=strict_deviation, all=None, threshold=4.5, P=0.4754, R=0.5918, F1=0.5273
2025-05-07 11:58:08,549 - INFO - [omi-5.txt] mode=strict_deviation, all=None, threshold=5.0, P=0.4915, R=0.5918, F1=0.5370
2025-05-07 11:58:08,584 - INFO - [omi-5.txt] mode=strict_deviation, all=None, threshold=5.5, P=0.4915, R=0.5918, F1=0.5370
2025-05-07 11:58:08,585 - INFO - [omi-5.txt] mode=strict_deviation, all=None, threshold=6.0, P=0.4915, R=0.5918, F1=0.5370
2025-05-07 11:58:08,585 - INFO - [omi-5.txt] mode=strict_deviation, all=None, threshold=6.5, P=0.4915, R=0.5918, F1=0.5370
2025-05-07 11:58:08,585 - INFO - [omi-5.txt] mode=strict_deviation, all=None, threshold=7.0, P=0.4828, R=0.5714, F1=0.5234
2025-05-07 11:58:08,637 - INFO - [omi-6] Starting grid search...
2025-05-07 11:58:11,982 - INFO - [omi-6.txt] mode=strict_deviation, all=None, threshold=0.0, P=0.2606, R=0.9773, F1=0.4115
2025-05-07 11:58:11,983 - INFO - [omi-6.txt] mode=strict_deviation, all=None, threshold=0.5, P=0.2614, R=0.9091, F1=0.4061
2025-05-07 11:58:12,085 - INFO - [omi-6.txt] mode=strict_deviation, all=None, threshold=1.0, P=0.2667, R=0.8182, F1=0.4022
2025-05-07 11:58:12,085 - INFO - [omi-6.txt] mode=strict_deviation, all=None, threshold=1.5, P=0.2845, R=0.7500, F1=0.4125
2025-05-07 11:58:12,086 - INFO - [omi-6.txt] mode=strict_deviation, all=None, threshold=2.0, P=0.2963, R=0.7273, F1=0.4211
2025-05-07 11:58:12,086 - INFO - [omi-6.txt] mode=strict_deviation, all=None, threshold=2.5, P=0.3229, R=0.7045, F1=0.4429
2025-05-07 11:58:12,113 - INFO - [omi-6.txt] mode=strict_deviation, all=None, threshold=3.0, P=0.3529, R=0.6818, F1=0.4651
2025-05-07 11:58:12,330 - INFO - [omi-6.txt] mode=strict_deviation, all=None, threshold=3.5, P=0.3718, R=0.6591, F1=0.4754
2025-05-07 11:58:12,331 - INFO - [omi-6.txt] mode=strict_deviation, all=None, threshold=4.0, P=0.3733, R=0.6364, F1=0.4706
2025-05-07 11:58:12,331 - INFO - [omi-6.txt] mode=strict_deviation, all=None, threshold=4.5, P=0.3768, R=0.5909, F1=0.4602
2025-05-07 11:58:12,331 - INFO - [omi-6.txt] mode=strict_deviation, all=None, threshold=5.0, P=0.4098, R=0.5682, F1=0.4762
2025-05-07 11:58:12,331 - INFO - [omi-6.txt] mode=strict_deviation, all=None, threshold=5.5, P=0.3898, R=0.5227, F1=0.4466
2025-05-07 11:58:12,331 - INFO - [omi-6.txt] mode=strict_deviation, all=None, threshold=6.0, P=0.4182, R=0.5227, F1=0.4646
2025-05-07 11:58:12,331 - INFO - [omi-6.txt] mode=strict_deviation, all=None, threshold=6.5, P=0.4400, R=0.5000, F1=0.4681
2025-05-07 11:58:12,331 - INFO - [omi-6.txt] mode=strict_deviation, all=None, threshold=7.0, P=0.4468, R=0.4773, F1=0.4615
2025-05-07 11:58:12,384 - INFO - [omi-7] Starting grid search...
2025-05-07 11:58:15,504 - INFO - [omi-7.txt] mode=strict_deviation, all=None, threshold=0.0, P=0.9048, R=0.9744, F1=0.9383
2025-05-07 11:58:15,570 - INFO - [omi-7.txt] mode=strict_deviation, all=None, threshold=0.5, P=0.8788, R=0.7436, F1=0.8056
2025-05-07 11:58:15,571 - INFO - [omi-7.txt] mode=strict_deviation, all=None, threshold=1.0, P=0.8750, R=0.7179, F1=0.7887
2025-05-07 11:58:15,642 - INFO - [omi-7.txt] mode=strict_deviation, all=None, threshold=1.5, P=0.8710, R=0.6923, F1=0.7714
2025-05-07 11:58:15,722 - INFO - [omi-7.txt] mode=strict_deviation, all=None, threshold=2.0, P=0.8710, R=0.6923, F1=0.7714
2025-05-07 11:58:15,722 - INFO - [omi-7.txt] mode=strict_deviation, all=None, threshold=2.5, P=0.8710, R=0.6923, F1=0.7714
2025-05-07 11:58:15,722 - INFO - [omi-7.txt] mode=strict_deviation, all=None, threshold=3.0, P=0.8710, R=0.6923, F1=0.7714
2025-05-07 11:58:15,722 - INFO - [omi-7.txt] mode=strict_deviation, all=None, threshold=3.5, P=0.8710, R=0.6923, F1=0.7714
2025-05-07 11:58:15,722 - INFO - [omi-7.txt] mode=strict_deviation, all=None, threshold=4.0, P=0.8710, R=0.6923, F1=0.7714
2025-05-07 11:58:15,723 - INFO - [omi-7.txt] mode=strict_deviation, all=None, threshold=4.5, P=0.9000, R=0.6923, F1=0.7826
2025-05-07 11:58:15,723 - INFO - [omi-7.txt] mode=strict_deviation, all=None, threshold=5.0, P=0.8966, R=0.6667, F1=0.7647
2025-05-07 11:58:15,723 - INFO - [omi-7.txt] mode=strict_deviation, all=None, threshold=5.5, P=0.8800, R=0.5641, F1=0.6875
2025-05-07 11:58:15,723 - INFO - [omi-7.txt] mode=strict_deviation, all=None, threshold=6.0, P=0.8636, R=0.4872, F1=0.6230
2025-05-07 11:58:15,723 - INFO - [omi-7.txt] mode=strict_deviation, all=None, threshold=6.5, P=0.8500, R=0.4359, F1=0.5763
2025-05-07 11:58:15,723 - INFO - [omi-7.txt] mode=strict_deviation, all=None, threshold=7.0, P=0.8500, R=0.4359, F1=0.5763
2025-05-07 11:58:15,769 - INFO - [omi-9] Starting grid search...
2025-05-07 11:58:19,272 - INFO - [omi-9.txt] mode=strict_deviation, all=None, threshold=0.0, P=0.4962, R=0.9155, F1=0.6436
2025-05-07 11:58:19,273 - INFO - [omi-9.txt] mode=strict_deviation, all=None, threshold=0.5, P=0.4962, R=0.9155, F1=0.6436
2025-05-07 11:58:19,273 - INFO - [omi-9.txt] mode=strict_deviation, all=None, threshold=1.0, P=0.4844, R=0.8732, F1=0.6231
2025-05-07 11:58:19,273 - INFO - [omi-9.txt] mode=strict_deviation, all=None, threshold=1.5, P=0.4841, R=0.8592, F1=0.6193
2025-05-07 11:58:19,273 - INFO - [omi-9.txt] mode=strict_deviation, all=None, threshold=2.0, P=0.4841, R=0.8592, F1=0.6193
2025-05-07 11:58:19,273 - INFO - [omi-9.txt] mode=strict_deviation, all=None, threshold=2.5, P=0.4793, R=0.8169, F1=0.6042
2025-05-07 11:58:19,274 - INFO - [omi-9.txt] mode=strict_deviation, all=None, threshold=3.0, P=0.4701, R=0.7746, F1=0.5851
2025-05-07 11:58:19,274 - INFO - [omi-9.txt] mode=strict_deviation, all=None, threshold=3.5, P=0.4783, R=0.7746, F1=0.5914
2025-05-07 11:58:19,274 - INFO - [omi-9.txt] mode=strict_deviation, all=None, threshold=4.0, P=0.4737, R=0.7606, F1=0.5838
2025-05-07 11:58:19,274 - INFO - [omi-9.txt] mode=strict_deviation, all=None, threshold=4.5, P=0.4643, R=0.7324, F1=0.5683
2025-05-07 11:58:19,274 - INFO - [omi-9.txt] mode=strict_deviation, all=None, threshold=5.0, P=0.4643, R=0.7324, F1=0.5683
2025-05-07 11:58:19,274 - INFO - [omi-9.txt] mode=strict_deviation, all=None, threshold=5.5, P=0.4643, R=0.7324, F1=0.5683
2025-05-07 11:58:19,274 - INFO - [omi-9.txt] mode=strict_deviation, all=None, threshold=6.0, P=0.4636, R=0.7183, F1=0.5635
2025-05-07 11:58:19,274 - INFO - [omi-9.txt] mode=strict_deviation, all=None, threshold=6.5, P=0.4636, R=0.7183, F1=0.5635
2025-05-07 11:58:19,274 - INFO - [omi-9.txt] mode=strict_deviation, all=None, threshold=7.0, P=0.4587, R=0.7042, F1=0.5556
2025-05-07 11:58:19,320 - INFO - [omi-8] Starting grid search...
2025-05-07 11:58:22,444 - INFO - [omi-8.txt] mode=strict_deviation, all=None, threshold=0.0, P=0.3580, R=0.9355, F1=0.5179
2025-05-07 11:58:22,632 - INFO - [omi-8.txt] mode=strict_deviation, all=None, threshold=0.5, P=0.3919, R=0.9355, F1=0.5524
2025-05-07 11:58:22,632 - INFO - [omi-8.txt] mode=strict_deviation, all=None, threshold=1.0, P=0.3913, R=0.8710, F1=0.5400
2025-05-07 11:58:22,633 - INFO - [omi-8.txt] mode=strict_deviation, all=None, threshold=1.5, P=0.4219, R=0.8710, F1=0.5684
2025-05-07 11:58:22,633 - INFO - [omi-8.txt] mode=strict_deviation, all=None, threshold=2.0, P=0.4500, R=0.8710, F1=0.5934
2025-05-07 11:58:22,633 - INFO - [omi-8.txt] mode=strict_deviation, all=None, threshold=2.5, P=0.4483, R=0.8387, F1=0.5843
2025-05-07 11:58:22,633 - INFO - [omi-8.txt] mode=strict_deviation, all=None, threshold=3.0, P=0.4727, R=0.8387, F1=0.6047
2025-05-07 11:58:22,633 - INFO - [omi-8.txt] mode=strict_deviation, all=None, threshold=3.5, P=0.4906, R=0.8387, F1=0.6190
2025-05-07 11:58:22,633 - INFO - [omi-8.txt] mode=strict_deviation, all=None, threshold=4.0, P=0.5000, R=0.8387, F1=0.6265
2025-05-07 11:58:22,633 - INFO - [omi-8.txt] mode=strict_deviation, all=None, threshold=4.5, P=0.5000, R=0.8387, F1=0.6265
2025-05-07 11:58:22,633 - INFO - [omi-8.txt] mode=strict_deviation, all=None, threshold=5.0, P=0.5098, R=0.8387, F1=0.6341
2025-05-07 11:58:22,633 - INFO - [omi-8.txt] mode=strict_deviation, all=None, threshold=5.5, P=0.5098, R=0.8387, F1=0.6341
2025-05-07 11:58:22,634 - INFO - [omi-8.txt] mode=strict_deviation, all=None, threshold=6.0, P=0.5098, R=0.8387, F1=0.6341
2025-05-07 11:58:22,890 - INFO - [omi-8.txt] mode=strict_deviation, all=None, threshold=6.5, P=0.5098, R=0.8387, F1=0.6341
2025-05-07 11:58:22,891 - INFO - [omi-8.txt] mode=strict_deviation, all=None, threshold=7.0, P=0.5098, R=0.8387, F1=0.6341
2025-05-07 11:58:22,941 - INFO - [omi-2] Starting grid search...
2025-05-07 11:58:26,154 - INFO - [omi-2.txt] mode=strict_deviation, all=None, threshold=0.0, P=0.4559, R=1.0000, F1=0.6263
2025-05-07 11:58:26,173 - INFO - [omi-2.txt] mode=strict_deviation, all=None, threshold=0.5, P=0.5345, R=1.0000, F1=0.6966
2025-05-07 11:58:26,174 - INFO - [omi-2.txt] mode=strict_deviation, all=None, threshold=1.0, P=0.5918, R=0.9355, F1=0.7250
2025-05-07 11:58:26,415 - INFO - [omi-2.txt] mode=strict_deviation, all=None, threshold=1.5, P=0.6042, R=0.9355, F1=0.7342
2025-05-07 11:58:26,416 - INFO - [omi-2.txt] mode=strict_deviation, all=None, threshold=2.0, P=0.6286, R=0.7097, F1=0.6667
2025-05-07 11:58:26,416 - INFO - [omi-2.txt] mode=strict_deviation, all=None, threshold=2.5, P=0.6129, R=0.6129, F1=0.6129
2025-05-07 11:58:26,416 - INFO - [omi-2.txt] mode=strict_deviation, all=None, threshold=3.0, P=0.6923, R=0.5806, F1=0.6316
2025-05-07 11:58:26,416 - INFO - [omi-2.txt] mode=strict_deviation, all=None, threshold=3.5, P=0.8182, R=0.5806, F1=0.6792
2025-05-07 11:58:26,521 - INFO - [omi-2.txt] mode=strict_deviation, all=None, threshold=4.0, P=0.8182, R=0.5806, F1=0.6792
2025-05-07 11:58:26,522 - INFO - [omi-2.txt] mode=strict_deviation, all=None, threshold=4.5, P=0.8571, R=0.5806, F1=0.6923
2025-05-07 11:58:26,522 - INFO - [omi-2.txt] mode=strict_deviation, all=None, threshold=5.0, P=0.8571, R=0.5806, F1=0.6923
2025-05-07 11:58:26,522 - INFO - [omi-2.txt] mode=strict_deviation, all=None, threshold=5.5, P=0.8947, R=0.5484, F1=0.6800
2025-05-07 11:58:26,522 - INFO - [omi-2.txt] mode=strict_deviation, all=None, threshold=6.0, P=0.8947, R=0.5484, F1=0.6800
2025-05-07 11:58:26,522 - INFO - [omi-2.txt] mode=strict_deviation, all=None, threshold=6.5, P=0.8947, R=0.5484, F1=0.6800
2025-05-07 11:58:26,523 - INFO - [omi-2.txt] mode=strict_deviation, all=None, threshold=7.0, P=0.8947, R=0.5484, F1=0.6800
2025-05-07 11:58:26,575 - INFO - [omi-11] Starting grid search...
2025-05-07 11:58:30,104 - INFO - [omi-11.txt] mode=strict_deviation, all=None, threshold=0.0, P=0.3434, R=0.9828, F1=0.5089
2025-05-07 11:58:30,106 - INFO - [omi-11.txt] mode=strict_deviation, all=None, threshold=0.5, P=0.3631, R=0.9828, F1=0.5302
2025-05-07 11:58:30,106 - INFO - [omi-11.txt] mode=strict_deviation, all=None, threshold=1.0, P=0.3684, R=0.9655, F1=0.5333
2025-05-07 11:58:30,106 - INFO - [omi-11.txt] mode=strict_deviation, all=None, threshold=1.5, P=0.3758, R=0.9655, F1=0.5411
2025-05-07 11:58:30,106 - INFO - [omi-11.txt] mode=strict_deviation, all=None, threshold=2.0, P=0.3889, R=0.9655, F1=0.5545
2025-05-07 11:58:30,106 - INFO - [omi-11.txt] mode=strict_deviation, all=None, threshold=2.5, P=0.4000, R=0.9655, F1=0.5657
2025-05-07 11:58:30,106 - INFO - [omi-11.txt] mode=strict_deviation, all=None, threshold=3.0, P=0.4058, R=0.9655, F1=0.5714
2025-05-07 11:58:30,106 - INFO - [omi-11.txt] mode=strict_deviation, all=None, threshold=3.5, P=0.4088, R=0.9655, F1=0.5744
2025-05-07 11:58:30,106 - INFO - [omi-11.txt] mode=strict_deviation, all=None, threshold=4.0, P=0.4148, R=0.9655, F1=0.5803
2025-05-07 11:58:30,107 - INFO - [omi-11.txt] mode=strict_deviation, all=None, threshold=4.5, P=0.4122, R=0.9310, F1=0.5714
2025-05-07 11:58:30,358 - INFO - [omi-11.txt] mode=strict_deviation, all=None, threshold=5.0, P=0.4141, R=0.9138, F1=0.5699
2025-05-07 11:58:30,359 - INFO - [omi-11.txt] mode=strict_deviation, all=None, threshold=5.5, P=0.4080, R=0.8793, F1=0.5574
2025-05-07 11:58:30,359 - INFO - [omi-11.txt] mode=strict_deviation, all=None, threshold=6.0, P=0.4083, R=0.8448, F1=0.5506
2025-05-07 11:58:30,359 - INFO - [omi-11.txt] mode=strict_deviation, all=None, threshold=6.5, P=0.4153, R=0.8448, F1=0.5568
2025-05-07 11:58:30,359 - INFO - [omi-11.txt] mode=strict_deviation, all=None, threshold=7.0, P=0.4174, R=0.8276, F1=0.5549
2025-05-07 11:58:30,412 - INFO - [omi-10] Starting grid search...
2025-05-07 11:58:33,980 - INFO - [omi-10.txt] mode=strict_deviation, all=None, threshold=0.0, P=0.4688, R=0.9836, F1=0.6349
2025-05-07 11:58:33,981 - INFO - [omi-10.txt] mode=strict_deviation, all=None, threshold=0.5, P=0.4917, R=0.9672, F1=0.6519
2025-05-07 11:58:33,981 - INFO - [omi-10.txt] mode=strict_deviation, all=None, threshold=1.0, P=0.4958, R=0.9672, F1=0.6556
2025-05-07 11:58:33,981 - INFO - [omi-10.txt] mode=strict_deviation, all=None, threshold=1.5, P=0.5000, R=0.9672, F1=0.6592
2025-05-07 11:58:33,981 - INFO - [omi-10.txt] mode=strict_deviation, all=None, threshold=2.0, P=0.5000, R=0.9672, F1=0.6592
2025-05-07 11:58:33,981 - INFO - [omi-10.txt] mode=strict_deviation, all=None, threshold=2.5, P=0.5043, R=0.9672, F1=0.6629
2025-05-07 11:58:33,982 - INFO - [omi-10.txt] mode=strict_deviation, all=None, threshold=3.0, P=0.5086, R=0.9672, F1=0.6667
2025-05-07 11:58:33,982 - INFO - [omi-10.txt] mode=strict_deviation, all=None, threshold=3.5, P=0.5086, R=0.9672, F1=0.6667
2025-05-07 11:58:33,982 - INFO - [omi-10.txt] mode=strict_deviation, all=None, threshold=4.0, P=0.5086, R=0.9672, F1=0.6667
2025-05-07 11:58:33,982 - INFO - [omi-10.txt] mode=strict_deviation, all=None, threshold=4.5, P=0.5086, R=0.9672, F1=0.6667
2025-05-07 11:58:33,982 - INFO - [omi-10.txt] mode=strict_deviation, all=None, threshold=5.0, P=0.5130, R=0.9672, F1=0.6705
2025-05-07 11:58:33,982 - INFO - [omi-10.txt] mode=strict_deviation, all=None, threshold=5.5, P=0.5130, R=0.9672, F1=0.6705
2025-05-07 11:58:33,982 - INFO - [omi-10.txt] mode=strict_deviation, all=None, threshold=6.0, P=0.5175, R=0.9672, F1=0.6743
2025-05-07 11:58:33,982 - INFO - [omi-10.txt] mode=strict_deviation, all=None, threshold=6.5, P=0.5133, R=0.9508, F1=0.6667
2025-05-07 11:58:33,982 - INFO - [omi-10.txt] mode=strict_deviation, all=None, threshold=7.0, P=0.5225, R=0.9508, F1=0.6744
2025-05-07 11:58:34,031 - INFO - [omi-4] Starting grid search...
2025-05-07 11:58:37,415 - INFO - [omi-4.txt] mode=strict_deviation, all=None, threshold=0.0, P=0.8250, R=0.9851, F1=0.8980
2025-05-07 11:58:37,416 - INFO - [omi-4.txt] mode=strict_deviation, all=None, threshold=0.5, P=0.7963, R=0.6418, F1=0.7107
2025-05-07 11:58:37,416 - INFO - [omi-4.txt] mode=strict_deviation, all=None, threshold=1.0, P=0.7925, R=0.6269, F1=0.7000
2025-05-07 11:58:37,416 - INFO - [omi-4.txt] mode=strict_deviation, all=None, threshold=1.5, P=0.7674, R=0.4925, F1=0.6000
2025-05-07 11:58:37,416 - INFO - [omi-4.txt] mode=strict_deviation, all=None, threshold=2.0, P=0.7895, R=0.4478, F1=0.5714
2025-05-07 11:58:37,416 - INFO - [omi-4.txt] mode=strict_deviation, all=None, threshold=2.5, P=0.7895, R=0.4478, F1=0.5714
2025-05-07 11:58:37,423 - INFO - [omi-4.txt] mode=strict_deviation, all=None, threshold=3.0, P=0.7838, R=0.4328, F1=0.5577
2025-05-07 11:58:37,430 - INFO - [omi-4.txt] mode=strict_deviation, all=None, threshold=3.5, P=0.8000, R=0.4179, F1=0.5490
2025-05-07 11:58:37,430 - INFO - [omi-4.txt] mode=strict_deviation, all=None, threshold=4.0, P=0.8000, R=0.4179, F1=0.5490
2025-05-07 11:58:37,431 - INFO - [omi-4.txt] mode=strict_deviation, all=None, threshold=4.5, P=0.8235, R=0.4179, F1=0.5545
2025-05-07 11:58:37,438 - INFO - [omi-4.txt] mode=strict_deviation, all=None, threshold=5.0, P=0.8235, R=0.4179, F1=0.5545
2025-05-07 11:58:37,450 - INFO - [omi-4.txt] mode=strict_deviation, all=None, threshold=5.5, P=0.8125, R=0.3881, F1=0.5253
2025-05-07 11:58:37,450 - INFO - [omi-4.txt] mode=strict_deviation, all=None, threshold=6.0, P=0.8125, R=0.3881, F1=0.5253
2025-05-07 11:58:37,484 - INFO - [omi-4.txt] mode=strict_deviation, all=None, threshold=6.5, P=0.8125, R=0.3881, F1=0.5253
2025-05-07 11:58:37,484 - INFO - [omi-4.txt] mode=strict_deviation, all=None, threshold=7.0, P=0.8125, R=0.3881, F1=0.5253
2025-05-07 11:58:37,531 - INFO - [omi-3] Starting grid search...
2025-05-07 11:58:40,802 - INFO - [omi-3.txt] mode=strict_deviation, all=None, threshold=0.0, P=0.8025, R=0.8333, F1=0.8176
2025-05-07 11:58:40,803 - INFO - [omi-3.txt] mode=strict_deviation, all=None, threshold=0.5, P=0.7586, R=0.5641, F1=0.6471
2025-05-07 11:58:40,813 - INFO - [omi-3.txt] mode=strict_deviation, all=None, threshold=1.0, P=0.8039, R=0.5256, F1=0.6357
2025-05-07 11:58:40,871 - INFO - [omi-3.txt] mode=strict_deviation, all=None, threshold=1.5, P=0.8039, R=0.5256, F1=0.6357
2025-05-07 11:58:40,872 - INFO - [omi-3.txt] mode=strict_deviation, all=None, threshold=2.0, P=0.8163, R=0.5128, F1=0.6299
2025-05-07 11:58:40,872 - INFO - [omi-3.txt] mode=strict_deviation, all=None, threshold=2.5, P=0.8163, R=0.5128, F1=0.6299
2025-05-07 11:58:41,186 - INFO - [omi-3.txt] mode=strict_deviation, all=None, threshold=3.0, P=0.8125, R=0.5000, F1=0.6190
2025-05-07 11:58:41,187 - INFO - [omi-3.txt] mode=strict_deviation, all=None, threshold=3.5, P=0.8182, R=0.4615, F1=0.5902
2025-05-07 11:58:41,187 - INFO - [omi-3.txt] mode=strict_deviation, all=None, threshold=4.0, P=0.8095, R=0.4359, F1=0.5667
2025-05-07 11:58:41,187 - INFO - [omi-3.txt] mode=strict_deviation, all=None, threshold=4.5, P=0.7778, R=0.3590, F1=0.4912
2025-05-07 11:58:41,187 - INFO - [omi-3.txt] mode=strict_deviation, all=None, threshold=5.0, P=0.7647, R=0.3333, F1=0.4643
2025-05-07 11:58:41,188 - INFO - [omi-3.txt] mode=strict_deviation, all=None, threshold=5.5, P=0.7576, R=0.3205, F1=0.4505
2025-05-07 11:58:41,188 - INFO - [omi-3.txt] mode=strict_deviation, all=None, threshold=6.0, P=0.7576, R=0.3205, F1=0.4505
2025-05-07 11:58:41,188 - INFO - [omi-3.txt] mode=strict_deviation, all=None, threshold=6.5, P=0.7500, R=0.3077, F1=0.4364
2025-05-07 11:58:41,188 - INFO - [omi-3.txt] mode=strict_deviation, all=None, threshold=7.0, P=0.7241, R=0.2692, F1=0.3925
2025-05-07 11:58:41,233 - INFO - 
==================================================
2025-05-07 11:58:41,234 - INFO - 开始汇总结果...
2025-05-07 11:58:41,242 - INFO - 
===== Best Results per Dataset =====
   dataset  precision   recall  f1_score  ips_score
 omi-1.txt   0.739496 0.988764  0.846154   0.999093
omi-10.txt   0.522523 0.950820  0.674419   0.969672
omi-11.txt   0.414815 0.965517  0.580311   0.860000
omi-12.txt   0.649123 0.925000  0.762887   0.921256
 omi-2.txt   0.604167 0.935484  0.734177   0.904683
 omi-3.txt   0.802469 0.833333  0.817610   0.972603
 omi-4.txt   0.825000 0.985075  0.897959   0.976821
 omi-5.txt   0.475728 1.000000  0.644737   1.000000
 omi-6.txt   0.409836 0.568182  0.476190   0.600000
 omi-7.txt   0.904762 0.974359  0.938272   0.972279
 omi-8.txt   0.509804 0.838710  0.634146   0.872340
 omi-9.txt   0.496183 0.915493  0.643564   0.878567
2025-05-07 11:58:41,242 - INFO - 
===== Overall Metrics =====
Precision: 0.5908  Recall: 0.9149  F1: 0.7179  IPS: 0.9116
TP: 602  FP: 417  FN: 56
2025-05-07 11:58:41,242 - INFO - 
【原始汇总指标】
2025-05-07 11:58:41,242 - INFO - 精确率(Precision): 0.5908
2025-05-07 11:58:41,242 - INFO - 召回率(Recall):    0.9149
2025-05-07 11:58:41,242 - INFO - F1值:             0.7179
2025-05-07 11:58:41,242 - INFO - 
==================================================
2025-05-07 11:58:41,242 - INFO - 开始生成可视化结果...
2025-05-07 11:58:41,242 - INFO - 
==================================================
2025-05-07 11:58:41,242 - INFO - 开始数据集可视化: omi-1
2025-05-07 11:58:41,243 - INFO - 使用参数: 评分模式=strict_deviation, all=None, 阈值=0.0
2025-05-07 11:58:41,243 - INFO - ==================================================

2025-05-07 11:58:41,243 - INFO - 正在加载数据集 omi-1 的数据
2025-05-07 11:58:41,244 - INFO - 数据加载成功。训练集形状: (8640, 19), 测试集形状: (4320, 19)
2025-05-07 11:58:41,244 - INFO - 正在计算边缘统计量...
2025-05-07 11:58:43,750 - INFO - 已计算 170 条边的统计量
2025-05-07 11:58:43,750 - INFO - 为每个节点使用所有邻居
2025-05-07 11:58:43,750 - INFO - 可视化结果将保存到: ./visual/omi/neighbor_all/strict_deviation/omi-1
2025-05-07 11:58:43,751 - INFO - 在数据集中发现 7 个异常时间段
2025-05-07 11:58:43,751 - INFO - 
正在处理时间段 1/7: 760-765
2025-05-07 11:58:43,751 - INFO - 该时间段的真实异常节点: {4, 5, 7, 8, 9, 10, 11, 12, 13, 14, 15, 16, 17, 18, 19}
2025-05-07 11:58:43,751 - INFO - 正在计算异常分数...
2025-05-07 11:58:43,753 - INFO - 检测到的异常节点: {1, 4, 7, 8, 9, 10, 11, 12, 13, 14, 15, 16, 17, 18, 19}
2025-05-07 11:58:43,753 - INFO - 正在为时间段 760-765 生成可视化
2025-05-07 11:58:43,753 - INFO - 正在为时间段 760-765 生成异常图可视化
2025-05-07 11:58:43,753 - DEBUG - 创建包含 19 个节点的图结构
2025-05-07 11:58:43,754 - DEBUG - 边统计: 正常边 218 条, 异常边 22 条
2025-05-07 11:58:43,879 - DEBUG - 正在保存可视化结果到 ./visual/omi/neighbor_all/strict_deviation/omi-1/seg_0_760_765.png
2025-05-07 11:58:44,092 - INFO - 成功保存时间段 760-765 的可视化结果
2025-05-07 11:58:44,093 - INFO - 
正在处理时间段 2/7: 1064-1298
2025-05-07 11:58:44,093 - INFO - 该时间段的真实异常节点: {6, 7, 9, 10, 11, 12, 13, 14, 15, 16, 17, 18, 19}
2025-05-07 11:58:44,093 - INFO - 正在计算异常分数...
2025-05-07 11:58:44,223 - INFO - 检测到的异常节点: {1, 3, 4, 5, 6, 7, 8, 9, 10, 11, 12, 13, 14, 15, 16, 17, 18, 19}
2025-05-07 11:58:44,224 - INFO - 正在为时间段 1064-1298 生成可视化
2025-05-07 11:58:44,224 - INFO - 正在为时间段 1064-1298 生成异常图可视化
2025-05-07 11:58:44,224 - DEBUG - 创建包含 19 个节点的图结构
2025-05-07 11:58:44,225 - DEBUG - 边统计: 正常边 284 条, 异常边 22 条
2025-05-07 11:58:44,275 - DEBUG - 正在保存可视化结果到 ./visual/omi/neighbor_all/strict_deviation/omi-1/seg_1_1064_1298.png
2025-05-07 11:58:44,507 - INFO - 成功保存时间段 1064-1298 的可视化结果
2025-05-07 11:58:44,507 - INFO - 
正在处理时间段 3/7: 2758-2772
2025-05-07 11:58:44,507 - INFO - 该时间段的真实异常节点: {5, 6, 7, 8, 9, 10, 11, 12, 13, 14, 15, 16, 17, 18, 19}
2025-05-07 11:58:44,507 - INFO - 正在计算异常分数...
2025-05-07 11:58:44,516 - INFO - 检测到的异常节点: {1, 4, 5, 6, 7, 8, 9, 10, 11, 12, 13, 14, 15, 16, 17, 18, 19}
2025-05-07 11:58:44,516 - INFO - 正在为时间段 2758-2772 生成可视化
2025-05-07 11:58:44,516 - INFO - 正在为时间段 2758-2772 生成异常图可视化
2025-05-07 11:58:44,516 - DEBUG - 创建包含 19 个节点的图结构
2025-05-07 11:58:44,517 - DEBUG - 边统计: 正常边 218 条, 异常边 54 条
2025-05-07 11:58:44,570 - DEBUG - 正在保存可视化结果到 ./visual/omi/neighbor_all/strict_deviation/omi-1/seg_2_2758_2772.png
2025-05-07 11:58:44,779 - INFO - 成功保存时间段 2758-2772 的可视化结果
2025-05-07 11:58:44,779 - INFO - 
正在处理时间段 4/7: 2874-2885
2025-05-07 11:58:44,779 - INFO - 该时间段的真实异常节点: {7, 9, 10, 11, 12, 13, 14, 15, 16, 17, 18}
2025-05-07 11:58:44,779 - INFO - 正在计算异常分数...
2025-05-07 11:58:44,786 - INFO - 检测到的异常节点: {1, 4, 5, 6, 7, 8, 9, 10, 11, 12, 13, 14, 15, 16, 17, 18, 19}
2025-05-07 11:58:44,786 - INFO - 正在为时间段 2874-2885 生成可视化
2025-05-07 11:58:44,786 - INFO - 正在为时间段 2874-2885 生成异常图可视化
2025-05-07 11:58:44,786 - DEBUG - 创建包含 19 个节点的图结构
2025-05-07 11:58:44,787 - DEBUG - 边统计: 正常边 250 条, 异常边 22 条
2025-05-07 11:58:44,841 - DEBUG - 正在保存可视化结果到 ./visual/omi/neighbor_all/strict_deviation/omi-1/seg_3_2874_2885.png
2025-05-07 11:58:45,048 - INFO - 成功保存时间段 2874-2885 的可视化结果
2025-05-07 11:58:45,049 - INFO - 
正在处理时间段 5/7: 3012-3025
2025-05-07 11:58:45,049 - INFO - 该时间段的真实异常节点: {7, 10, 11, 12, 13, 14, 15, 16, 17, 18, 19}
2025-05-07 11:58:45,049 - INFO - 正在计算异常分数...
2025-05-07 11:58:45,056 - INFO - 检测到的异常节点: {1, 4, 5, 6, 7, 8, 9, 10, 11, 12, 13, 14, 15, 16, 17, 18, 19}
2025-05-07 11:58:45,057 - INFO - 正在为时间段 3012-3025 生成可视化
2025-05-07 11:58:45,057 - INFO - 正在为时间段 3012-3025 生成异常图可视化
2025-05-07 11:58:45,057 - DEBUG - 创建包含 19 个节点的图结构
2025-05-07 11:58:45,058 - DEBUG - 边统计: 正常边 232 条, 异常边 40 条
2025-05-07 11:58:45,119 - DEBUG - 正在保存可视化结果到 ./visual/omi/neighbor_all/strict_deviation/omi-1/seg_4_3012_3025.png
2025-05-07 11:58:45,330 - INFO - 成功保存时间段 3012-3025 的可视化结果
2025-05-07 11:58:45,331 - INFO - 
正在处理时间段 6/7: 3160-3305
2025-05-07 11:58:45,331 - INFO - 该时间段的真实异常节点: {8, 9, 10, 11, 12, 13, 14, 15, 16, 17, 18, 19}
2025-05-07 11:58:45,331 - INFO - 正在计算异常分数...
2025-05-07 11:58:45,413 - INFO - 检测到的异常节点: {1, 3, 4, 5, 6, 7, 8, 9, 10, 11, 12, 13, 14, 15, 16, 17, 18, 19}
2025-05-07 11:58:45,413 - INFO - 正在为时间段 3160-3305 生成可视化
2025-05-07 11:58:45,413 - INFO - 正在为时间段 3160-3305 生成异常图可视化
2025-05-07 11:58:45,413 - DEBUG - 创建包含 19 个节点的图结构
2025-05-07 11:58:45,414 - DEBUG - 边统计: 正常边 304 条, 异常边 2 条
2025-05-07 11:58:45,467 - DEBUG - 正在保存可视化结果到 ./visual/omi/neighbor_all/strict_deviation/omi-1/seg_5_3160_3305.png
2025-05-07 11:58:45,697 - INFO - 成功保存时间段 3160-3305 的可视化结果
2025-05-07 11:58:45,697 - INFO - 
正在处理时间段 7/7: 3626-3638
2025-05-07 11:58:45,698 - INFO - 该时间段的真实异常节点: {7, 9, 10, 11, 12, 13, 14, 15, 16, 17, 18, 19}
2025-05-07 11:58:45,698 - INFO - 正在计算异常分数...
2025-05-07 11:58:45,705 - INFO - 检测到的异常节点: {1, 4, 5, 6, 7, 8, 9, 10, 11, 12, 13, 14, 15, 16, 17, 18, 19}
2025-05-07 11:58:45,705 - INFO - 正在为时间段 3626-3638 生成可视化
2025-05-07 11:58:45,705 - INFO - 正在为时间段 3626-3638 生成异常图可视化
2025-05-07 11:58:45,705 - DEBUG - 创建包含 19 个节点的图结构
2025-05-07 11:58:45,707 - DEBUG - 边统计: 正常边 234 条, 异常边 38 条
2025-05-07 11:58:45,856 - DEBUG - 正在保存可视化结果到 ./visual/omi/neighbor_all/strict_deviation/omi-1/seg_6_3626_3638.png
2025-05-07 11:58:46,066 - INFO - 成功保存时间段 3626-3638 的可视化结果
2025-05-07 11:58:46,067 - INFO - 正在从 ./visual/omi/neighbor_all/strict_deviation/omi-1 中的图像创建GIF
2025-05-07 11:58:46,728 - INFO - GIF已保存到 ./visual/omi/neighbor_all/strict_deviation/omi-1/omi-1.gif
2025-05-07 11:58:46,728 - INFO - 
==================================================
2025-05-07 11:58:46,729 - INFO - 开始数据集可视化: omi-10
2025-05-07 11:58:46,729 - INFO - 使用参数: 评分模式=strict_deviation, all=None, 阈值=7.0
2025-05-07 11:58:46,729 - INFO - ==================================================

2025-05-07 11:58:46,729 - INFO - 正在加载数据集 omi-10 的数据
2025-05-07 11:58:46,730 - INFO - 数据加载成功。训练集形状: (8640, 19), 测试集形状: (4320, 19)
2025-05-07 11:58:46,730 - INFO - 正在计算边缘统计量...
2025-05-07 11:58:49,342 - INFO - 已计算 136 条边的统计量
2025-05-07 11:58:49,343 - INFO - 为每个节点使用所有邻居
2025-05-07 11:58:49,343 - INFO - 可视化结果将保存到: ./visual/omi/neighbor_all/strict_deviation/omi-10
2025-05-07 11:58:49,344 - INFO - 在数据集中发现 8 个异常时间段
2025-05-07 11:58:49,344 - INFO - 
正在处理时间段 1/8: 740-780
2025-05-07 11:58:49,344 - INFO - 该时间段的真实异常节点: {2, 5, 6, 7, 8, 9, 10, 11, 12, 13, 14, 15, 16, 17, 18, 19}
2025-05-07 11:58:49,344 - INFO - 正在计算异常分数...
2025-05-07 11:58:49,370 - INFO - 检测到的异常节点: {1, 4, 5, 6, 7, 8, 9, 10, 11, 12, 13, 14, 15, 16, 17, 18, 19}
2025-05-07 11:58:49,370 - INFO - 正在为时间段 740-780 生成可视化
2025-05-07 11:58:49,370 - INFO - 正在为时间段 740-780 生成异常图可视化
2025-05-07 11:58:49,370 - DEBUG - 创建包含 19 个节点的图结构
2025-05-07 11:58:49,371 - DEBUG - 边统计: 正常边 166 条, 异常边 106 条
2025-05-07 11:58:49,429 - DEBUG - 正在保存可视化结果到 ./visual/omi/neighbor_all/strict_deviation/omi-10/seg_0_740_780.png
2025-05-07 11:58:49,636 - INFO - 成功保存时间段 740-780 的可视化结果
2025-05-07 11:58:49,636 - INFO - 
正在处理时间段 2/8: 1345-1406
2025-05-07 11:58:49,636 - INFO - 该时间段的真实异常节点: {7, 9, 10, 11, 12, 13, 14, 15, 16, 17, 18}
2025-05-07 11:58:49,636 - INFO - 正在计算异常分数...
2025-05-07 11:58:49,680 - INFO - 检测到的异常节点: {1, 4, 5, 6, 7, 9, 10, 11, 12, 13, 14, 15, 16, 17, 18, 19}
2025-05-07 11:58:49,680 - INFO - 正在为时间段 1345-1406 生成可视化
2025-05-07 11:58:49,680 - INFO - 正在为时间段 1345-1406 生成异常图可视化
2025-05-07 11:58:49,680 - DEBUG - 创建包含 19 个节点的图结构
2025-05-07 11:58:49,681 - DEBUG - 边统计: 正常边 268 条, 异常边 4 条
2025-05-07 11:58:49,735 - DEBUG - 正在保存可视化结果到 ./visual/omi/neighbor_all/strict_deviation/omi-10/seg_1_1345_1406.png
2025-05-07 11:58:49,938 - INFO - 成功保存时间段 1345-1406 的可视化结果
2025-05-07 11:58:49,938 - INFO - 
正在处理时间段 3/8: 2224-2272
2025-05-07 11:58:49,938 - INFO - 该时间段的真实异常节点: {4, 5, 6, 7, 9, 10, 11, 12, 13, 14, 15, 16, 17, 18, 19}
2025-05-07 11:58:49,938 - INFO - 正在计算异常分数...
2025-05-07 11:58:49,973 - INFO - 检测到的异常节点: {1, 4, 5, 6, 7, 8, 9, 10, 11, 12, 13, 14, 15, 16, 17, 18, 19}
2025-05-07 11:58:49,973 - INFO - 正在为时间段 2224-2272 生成可视化
2025-05-07 11:58:49,973 - INFO - 正在为时间段 2224-2272 生成异常图可视化
2025-05-07 11:58:49,973 - DEBUG - 创建包含 19 个节点的图结构
2025-05-07 11:58:49,974 - DEBUG - 边统计: 正常边 264 条, 异常边 8 条
2025-05-07 11:58:50,028 - DEBUG - 正在保存可视化结果到 ./visual/omi/neighbor_all/strict_deviation/omi-10/seg_2_2224_2272.png
2025-05-07 11:58:50,230 - INFO - 成功保存时间段 2224-2272 的可视化结果
2025-05-07 11:58:50,230 - INFO - 
正在处理时间段 4/8: 2514-2592
2025-05-07 11:58:50,230 - INFO - 该时间段的真实异常节点: {16, 4}
2025-05-07 11:58:50,230 - INFO - 正在计算异常分数...
2025-05-07 11:58:50,285 - INFO - 检测到的异常节点: {1, 4, 5, 6, 7, 9, 10, 11, 12, 13, 14, 15, 16, 17, 18, 19}
2025-05-07 11:58:50,285 - INFO - 正在为时间段 2514-2592 生成可视化
2025-05-07 11:58:50,285 - INFO - 正在为时间段 2514-2592 生成异常图可视化
2025-05-07 11:58:50,285 - DEBUG - 创建包含 19 个节点的图结构
2025-05-07 11:58:50,286 - DEBUG - 边统计: 正常边 272 条, 异常边 0 条
2025-05-07 11:58:50,340 - DEBUG - 正在保存可视化结果到 ./visual/omi/neighbor_all/strict_deviation/omi-10/seg_3_2514_2592.png
2025-05-07 11:58:50,546 - INFO - 成功保存时间段 2514-2592 的可视化结果
2025-05-07 11:58:50,546 - INFO - 
正在处理时间段 5/8: 2733-2778
2025-05-07 11:58:50,546 - INFO - 该时间段的真实异常节点: {11, 14, 15}
2025-05-07 11:58:50,546 - INFO - 正在计算异常分数...
2025-05-07 11:58:50,577 - INFO - 检测到的异常节点: {1, 4, 5, 7, 10, 11, 12, 13, 14, 15, 16, 18, 19}
2025-05-07 11:58:50,578 - INFO - 正在为时间段 2733-2778 生成可视化
2025-05-07 11:58:50,578 - INFO - 正在为时间段 2733-2778 生成异常图可视化
2025-05-07 11:58:50,578 - DEBUG - 创建包含 19 个节点的图结构
2025-05-07 11:58:50,579 - DEBUG - 边统计: 正常边 238 条, 异常边 2 条
2025-05-07 11:58:50,635 - DEBUG - 正在保存可视化结果到 ./visual/omi/neighbor_all/strict_deviation/omi-10/seg_4_2733_2778.png
2025-05-07 11:58:50,839 - INFO - 成功保存时间段 2733-2778 的可视化结果
2025-05-07 11:58:50,839 - INFO - 
正在处理时间段 6/8: 3401-3405
2025-05-07 11:58:50,839 - INFO - 该时间段的真实异常节点: {1}
2025-05-07 11:58:50,839 - INFO - 正在计算异常分数...
2025-05-07 11:58:50,840 - INFO - 检测到的异常节点: set()
2025-05-07 11:58:50,840 - INFO - 正在为时间段 3401-3405 生成可视化
2025-05-07 11:58:50,840 - INFO - 正在为时间段 3401-3405 生成异常图可视化
2025-05-07 11:58:50,840 - DEBUG - 创建包含 19 个节点的图结构
2025-05-07 11:58:50,841 - DEBUG - 边统计: 正常边 252 条, 异常边 20 条
2025-05-07 11:58:50,897 - DEBUG - 正在保存可视化结果到 ./visual/omi/neighbor_all/strict_deviation/omi-10/seg_5_3401_3405.png
2025-05-07 11:58:51,101 - INFO - 成功保存时间段 3401-3405 的可视化结果
2025-05-07 11:58:51,101 - INFO - 
正在处理时间段 7/8: 3414-3459
2025-05-07 11:58:51,101 - INFO - 该时间段的真实异常节点: {8}
2025-05-07 11:58:51,101 - INFO - 正在计算异常分数...
2025-05-07 11:58:51,132 - INFO - 检测到的异常节点: {1, 4, 5, 7, 8, 9, 10, 11, 12, 13, 14, 15, 16, 17, 18, 19}
2025-05-07 11:58:51,132 - INFO - 正在为时间段 3414-3459 生成可视化
2025-05-07 11:58:51,132 - INFO - 正在为时间段 3414-3459 生成异常图可视化
2025-05-07 11:58:51,133 - DEBUG - 创建包含 19 个节点的图结构
2025-05-07 11:58:51,134 - DEBUG - 边统计: 正常边 234 条, 异常边 38 条
2025-05-07 11:58:51,188 - DEBUG - 正在保存可视化结果到 ./visual/omi/neighbor_all/strict_deviation/omi-10/seg_6_3414_3459.png
2025-05-07 11:58:51,391 - INFO - 成功保存时间段 3414-3459 的可视化结果
2025-05-07 11:58:51,391 - INFO - 
正在处理时间段 8/8: 3700-3744
2025-05-07 11:58:51,392 - INFO - 该时间段的真实异常节点: {7, 8, 9, 10, 11, 12, 13, 14, 15, 16, 17, 18}
2025-05-07 11:58:51,392 - INFO - 正在计算异常分数...
2025-05-07 11:58:51,423 - INFO - 检测到的异常节点: {1, 4, 5, 6, 7, 8, 9, 10, 11, 12, 13, 14, 15, 16, 18, 19}
2025-05-07 11:58:51,423 - INFO - 正在为时间段 3700-3744 生成可视化
2025-05-07 11:58:51,423 - INFO - 正在为时间段 3700-3744 生成异常图可视化
2025-05-07 11:58:51,423 - DEBUG - 创建包含 19 个节点的图结构
2025-05-07 11:58:51,424 - DEBUG - 边统计: 正常边 228 条, 异常边 44 条
2025-05-07 11:58:51,478 - DEBUG - 正在保存可视化结果到 ./visual/omi/neighbor_all/strict_deviation/omi-10/seg_7_3700_3744.png
2025-05-07 11:58:51,685 - INFO - 成功保存时间段 3700-3744 的可视化结果
2025-05-07 11:58:51,686 - INFO - 正在从 ./visual/omi/neighbor_all/strict_deviation/omi-10 中的图像创建GIF
2025-05-07 11:58:52,360 - INFO - GIF已保存到 ./visual/omi/neighbor_all/strict_deviation/omi-10/omi-10.gif
2025-05-07 11:58:52,361 - INFO - 
==================================================
2025-05-07 11:58:52,361 - INFO - 开始数据集可视化: omi-11
2025-05-07 11:58:52,361 - INFO - 使用参数: 评分模式=strict_deviation, all=None, 阈值=4.0
2025-05-07 11:58:52,361 - INFO - ==================================================

2025-05-07 11:58:52,361 - INFO - 正在加载数据集 omi-11 的数据
2025-05-07 11:58:52,362 - INFO - 数据加载成功。训练集形状: (8640, 19), 测试集形状: (4320, 19)
2025-05-07 11:58:52,362 - INFO - 正在计算边缘统计量...
2025-05-07 11:58:54,997 - INFO - 已计算 153 条边的统计量
2025-05-07 11:58:54,997 - INFO - 为每个节点使用所有邻居
2025-05-07 11:58:54,997 - INFO - 可视化结果将保存到: ./visual/omi/neighbor_all/strict_deviation/omi-11
2025-05-07 11:58:54,998 - INFO - 在数据集中发现 9 个异常时间段
2025-05-07 11:58:54,998 - INFO - 
正在处理时间段 1/9: 738-755
2025-05-07 11:58:54,998 - INFO - 该时间段的真实异常节点: {2}
2025-05-07 11:58:54,998 - INFO - 正在计算异常分数...
2025-05-07 11:58:55,008 - INFO - 检测到的异常节点: {5, 7, 8, 10, 11, 12, 13, 14, 15, 16, 18}
2025-05-07 11:58:55,008 - INFO - 正在为时间段 738-755 生成可视化
2025-05-07 11:58:55,008 - INFO - 正在为时间段 738-755 生成异常图可视化
2025-05-07 11:58:55,008 - DEBUG - 创建包含 19 个节点的图结构
2025-05-07 11:58:55,009 - DEBUG - 边统计: 正常边 240 条, 异常边 0 条
2025-05-07 11:58:55,065 - DEBUG - 正在保存可视化结果到 ./visual/omi/neighbor_all/strict_deviation/omi-11/seg_0_738_755.png
2025-05-07 11:58:55,268 - INFO - 成功保存时间段 738-755 的可视化结果
2025-05-07 11:58:55,269 - INFO - 
正在处理时间段 2/9: 757-815
2025-05-07 11:58:55,269 - INFO - 该时间段的真实异常节点: set()
2025-05-07 11:58:55,269 - INFO - 正在计算异常分数...
2025-05-07 11:58:55,311 - INFO - 检测到的异常节点: {1, 4, 5, 6, 7, 8, 9, 10, 11, 12, 13, 14, 15, 16, 17, 18, 19}
2025-05-07 11:58:55,311 - INFO - 正在为时间段 757-815 生成可视化
2025-05-07 11:58:55,311 - INFO - 正在为时间段 757-815 生成异常图可视化
2025-05-07 11:58:55,311 - DEBUG - 创建包含 19 个节点的图结构
2025-05-07 11:58:55,312 - DEBUG - 边统计: 正常边 248 条, 异常边 24 条
2025-05-07 11:58:55,365 - DEBUG - 正在保存可视化结果到 ./visual/omi/neighbor_all/strict_deviation/omi-11/seg_1_757_815.png
2025-05-07 11:58:55,570 - INFO - 成功保存时间段 757-815 的可视化结果
2025-05-07 11:58:55,570 - INFO - 
正在处理时间段 3/9: 1366-1375
2025-05-07 11:58:55,570 - INFO - 该时间段的真实异常节点: {4, 5, 8, 17, 19}
2025-05-07 11:58:55,570 - INFO - 正在计算异常分数...
2025-05-07 11:58:55,575 - INFO - 检测到的异常节点: {4, 5, 6, 7, 8, 9, 10, 11, 12, 13, 14, 15, 16, 17, 18, 19}
2025-05-07 11:58:55,575 - INFO - 正在为时间段 1366-1375 生成可视化
2025-05-07 11:58:55,575 - INFO - 正在为时间段 1366-1375 生成异常图可视化
2025-05-07 11:58:55,575 - DEBUG - 创建包含 19 个节点的图结构
2025-05-07 11:58:55,576 - DEBUG - 边统计: 正常边 210 条, 异常边 62 条
2025-05-07 11:58:55,630 - DEBUG - 正在保存可视化结果到 ./visual/omi/neighbor_all/strict_deviation/omi-11/seg_2_1366_1375.png
2025-05-07 11:58:55,834 - INFO - 成功保存时间段 1366-1375 的可视化结果
2025-05-07 11:58:55,834 - INFO - 
正在处理时间段 4/9: 2301-2314
2025-05-07 11:58:55,834 - INFO - 该时间段的真实异常节点: {17, 19, 4, 5}
2025-05-07 11:58:55,835 - INFO - 正在计算异常分数...
2025-05-07 11:58:55,843 - INFO - 检测到的异常节点: {1, 4, 5, 7, 10, 11, 12, 13, 14, 15, 16, 17, 18, 19}
2025-05-07 11:58:55,843 - INFO - 正在为时间段 2301-2314 生成可视化
2025-05-07 11:58:55,843 - INFO - 正在为时间段 2301-2314 生成异常图可视化
2025-05-07 11:58:55,843 - DEBUG - 创建包含 19 个节点的图结构
2025-05-07 11:58:55,844 - DEBUG - 边统计: 正常边 232 条, 异常边 40 条
2025-05-07 11:58:55,974 - DEBUG - 正在保存可视化结果到 ./visual/omi/neighbor_all/strict_deviation/omi-11/seg_3_2301_2314.png
2025-05-07 11:58:56,181 - INFO - 成功保存时间段 2301-2314 的可视化结果
2025-05-07 11:58:56,181 - INFO - 
正在处理时间段 5/9: 2365-2381
2025-05-07 11:58:56,181 - INFO - 该时间段的真实异常节点: {19}
2025-05-07 11:58:56,181 - INFO - 正在计算异常分数...
2025-05-07 11:58:56,190 - INFO - 检测到的异常节点: set()
2025-05-07 11:58:56,190 - INFO - 正在为时间段 2365-2381 生成可视化
2025-05-07 11:58:56,191 - INFO - 正在为时间段 2365-2381 生成异常图可视化
2025-05-07 11:58:56,191 - DEBUG - 创建包含 19 个节点的图结构
2025-05-07 11:58:56,192 - DEBUG - 边统计: 正常边 168 条, 异常边 42 条
2025-05-07 11:58:56,246 - DEBUG - 正在保存可视化结果到 ./visual/omi/neighbor_all/strict_deviation/omi-11/seg_4_2365_2381.png
2025-05-07 11:58:56,448 - INFO - 成功保存时间段 2365-2381 的可视化结果
2025-05-07 11:58:56,448 - INFO - 
正在处理时间段 6/9: 2464-2485
2025-05-07 11:58:56,448 - INFO - 该时间段的真实异常节点: {17, 19, 4, 5}
2025-05-07 11:58:56,448 - INFO - 正在计算异常分数...
2025-05-07 11:58:56,463 - INFO - 检测到的异常节点: {1, 4, 5, 7, 8, 9, 10, 11, 12, 13, 14, 15, 16, 17, 18, 19}
2025-05-07 11:58:56,463 - INFO - 正在为时间段 2464-2485 生成可视化
2025-05-07 11:58:56,463 - INFO - 正在为时间段 2464-2485 生成异常图可视化
2025-05-07 11:58:56,463 - DEBUG - 创建包含 19 个节点的图结构
2025-05-07 11:58:56,464 - DEBUG - 边统计: 正常边 236 条, 异常边 36 条
2025-05-07 11:58:56,518 - DEBUG - 正在保存可视化结果到 ./visual/omi/neighbor_all/strict_deviation/omi-11/seg_5_2464_2485.png
2025-05-07 11:58:56,721 - INFO - 成功保存时间段 2464-2485 的可视化结果
2025-05-07 11:58:56,721 - INFO - 
正在处理时间段 7/9: 2588-2610
2025-05-07 11:58:56,721 - INFO - 该时间段的真实异常节点: {17, 19, 4, 5}
2025-05-07 11:58:56,721 - INFO - 正在计算异常分数...
2025-05-07 11:58:56,735 - INFO - 检测到的异常节点: {1, 4, 5, 7, 8, 10, 11, 12, 13, 14, 15, 16, 17, 18, 19}
2025-05-07 11:58:56,735 - INFO - 正在为时间段 2588-2610 生成可视化
2025-05-07 11:58:56,735 - INFO - 正在为时间段 2588-2610 生成异常图可视化
2025-05-07 11:58:56,736 - DEBUG - 创建包含 19 个节点的图结构
2025-05-07 11:58:56,737 - DEBUG - 边统计: 正常边 216 条, 异常边 56 条
2025-05-07 11:58:56,790 - DEBUG - 正在保存可视化结果到 ./visual/omi/neighbor_all/strict_deviation/omi-11/seg_6_2588_2610.png
2025-05-07 11:58:56,994 - INFO - 成功保存时间段 2588-2610 的可视化结果
2025-05-07 11:58:56,994 - INFO - 
正在处理时间段 8/9: 2650-2675
2025-05-07 11:58:56,994 - INFO - 该时间段的真实异常节点: {19}
2025-05-07 11:58:56,994 - INFO - 正在计算异常分数...
2025-05-07 11:58:57,011 - INFO - 检测到的异常节点: {7, 8, 10, 11, 12, 13, 14, 15, 16, 17, 18, 19}
2025-05-07 11:58:57,011 - INFO - 正在为时间段 2650-2675 生成可视化
2025-05-07 11:58:57,011 - INFO - 正在为时间段 2650-2675 生成异常图可视化
2025-05-07 11:58:57,011 - DEBUG - 创建包含 19 个节点的图结构
2025-05-07 11:58:57,012 - DEBUG - 边统计: 正常边 192 条, 异常边 48 条
2025-05-07 11:58:57,069 - DEBUG - 正在保存可视化结果到 ./visual/omi/neighbor_all/strict_deviation/omi-11/seg_7_2650_2675.png
2025-05-07 11:58:57,270 - INFO - 成功保存时间段 2650-2675 的可视化结果
2025-05-07 11:58:57,270 - INFO - 
正在处理时间段 9/9: 3012-3072
2025-05-07 11:58:57,270 - INFO - 该时间段的真实异常节点: {1, 4, 5, 8, 17, 19}
2025-05-07 11:58:57,270 - INFO - 正在计算异常分数...
2025-05-07 11:58:57,315 - INFO - 检测到的异常节点: {1, 4, 5, 6, 7, 8, 9, 10, 11, 12, 13, 14, 15, 16, 17, 18, 19}
2025-05-07 11:58:57,315 - INFO - 正在为时间段 3012-3072 生成可视化
2025-05-07 11:58:57,315 - INFO - 正在为时间段 3012-3072 生成异常图可视化
2025-05-07 11:58:57,315 - DEBUG - 创建包含 19 个节点的图结构
2025-05-07 11:58:57,316 - DEBUG - 边统计: 正常边 272 条, 异常边 0 条
2025-05-07 11:58:57,370 - DEBUG - 正在保存可视化结果到 ./visual/omi/neighbor_all/strict_deviation/omi-11/seg_8_3012_3072.png
2025-05-07 11:58:57,573 - INFO - 成功保存时间段 3012-3072 的可视化结果
2025-05-07 11:58:57,573 - INFO - 正在从 ./visual/omi/neighbor_all/strict_deviation/omi-11 中的图像创建GIF
2025-05-07 11:58:58,310 - INFO - GIF已保存到 ./visual/omi/neighbor_all/strict_deviation/omi-11/omi-11.gif
2025-05-07 11:58:58,311 - INFO - 
==================================================
2025-05-07 11:58:58,311 - INFO - 开始数据集可视化: omi-12
2025-05-07 11:58:58,311 - INFO - 使用参数: 评分模式=strict_deviation, all=None, 阈值=1.0
2025-05-07 11:58:58,311 - INFO - ==================================================

2025-05-07 11:58:58,311 - INFO - 正在加载数据集 omi-12 的数据
2025-05-07 11:58:58,311 - INFO - 数据加载成功。训练集形状: (7291, 19), 测试集形状: (4320, 19)
2025-05-07 11:58:58,312 - INFO - 正在计算边缘统计量...
2025-05-07 11:59:00,298 - INFO - 已计算 133 条边的统计量
2025-05-07 11:59:00,298 - INFO - 为每个节点使用所有邻居
2025-05-07 11:59:00,299 - INFO - 可视化结果将保存到: ./visual/omi/neighbor_all/strict_deviation/omi-12
2025-05-07 11:59:00,299 - INFO - 在数据集中发现 5 个异常时间段
2025-05-07 11:59:00,299 - INFO - 
正在处理时间段 1/5: 740-813
2025-05-07 11:59:00,300 - INFO - 该时间段的真实异常节点: {1, 2, 6, 7, 8, 9, 10, 11, 12, 13, 14, 15, 16, 17, 18, 19}
2025-05-07 11:59:00,300 - INFO - 正在计算异常分数...
2025-05-07 11:59:00,348 - INFO - 检测到的异常节点: {1, 6, 7, 8, 9, 10, 11, 12, 13, 14, 15, 16, 17, 18, 19}
2025-05-07 11:59:00,348 - INFO - 正在为时间段 740-813 生成可视化
2025-05-07 11:59:00,348 - INFO - 正在为时间段 740-813 生成异常图可视化
2025-05-07 11:59:00,349 - DEBUG - 创建包含 19 个节点的图结构
2025-05-07 11:59:00,349 - DEBUG - 边统计: 正常边 140 条, 异常边 70 条
2025-05-07 11:59:00,408 - DEBUG - 正在保存可视化结果到 ./visual/omi/neighbor_all/strict_deviation/omi-12/seg_0_740_813.png
2025-05-07 11:59:00,613 - INFO - 成功保存时间段 740-813 的可视化结果
2025-05-07 11:59:00,613 - INFO - 
正在处理时间段 2/5: 2486-2493
2025-05-07 11:59:00,613 - INFO - 该时间段的真实异常节点: {4, 5}
2025-05-07 11:59:00,613 - INFO - 正在计算异常分数...
2025-05-07 11:59:00,616 - INFO - 检测到的异常节点: {1, 4, 5, 7, 8, 9, 10, 14, 16, 17, 18}
2025-05-07 11:59:00,616 - INFO - 正在为时间段 2486-2493 生成可视化
2025-05-07 11:59:00,616 - INFO - 正在为时间段 2486-2493 生成异常图可视化
2025-05-07 11:59:00,616 - DEBUG - 创建包含 19 个节点的图结构
2025-05-07 11:59:00,617 - DEBUG - 边统计: 正常边 170 条, 异常边 36 条
2025-05-07 11:59:00,673 - DEBUG - 正在保存可视化结果到 ./visual/omi/neighbor_all/strict_deviation/omi-12/seg_1_2486_2493.png
2025-05-07 11:59:00,873 - INFO - 成功保存时间段 2486-2493 的可视化结果
2025-05-07 11:59:00,873 - INFO - 
正在处理时间段 3/5: 2515-2525
2025-05-07 11:59:00,873 - INFO - 该时间段的真实异常节点: {1, 4, 5, 7, 8, 9, 17, 18}
2025-05-07 11:59:00,873 - INFO - 正在计算异常分数...
2025-05-07 11:59:00,879 - INFO - 检测到的异常节点: {1, 4, 5, 6, 7, 8, 9, 10, 11, 12, 13, 14, 15, 16, 17, 18, 19}
2025-05-07 11:59:00,879 - INFO - 正在为时间段 2515-2525 生成可视化
2025-05-07 11:59:00,879 - INFO - 正在为时间段 2515-2525 生成异常图可视化
2025-05-07 11:59:00,879 - DEBUG - 创建包含 19 个节点的图结构
2025-05-07 11:59:00,880 - DEBUG - 边统计: 正常边 190 条, 异常边 76 条
2025-05-07 11:59:00,934 - DEBUG - 正在保存可视化结果到 ./visual/omi/neighbor_all/strict_deviation/omi-12/seg_2_2515_2525.png
2025-05-07 11:59:01,141 - INFO - 成功保存时间段 2515-2525 的可视化结果
2025-05-07 11:59:01,141 - INFO - 
正在处理时间段 4/5: 2721-2723
2025-05-07 11:59:01,141 - INFO - 该时间段的真实异常节点: {4}
2025-05-07 11:59:01,141 - INFO - 正在计算异常分数...
2025-05-07 11:59:01,141 - INFO - 检测到的异常节点: set()
2025-05-07 11:59:01,141 - INFO - 正在为时间段 2721-2723 生成可视化
2025-05-07 11:59:01,141 - INFO - 正在为时间段 2721-2723 生成异常图可视化
2025-05-07 11:59:01,141 - DEBUG - 创建包含 19 个节点的图结构
2025-05-07 11:59:01,142 - DEBUG - 边统计: 正常边 40 条, 异常边 48 条
2025-05-07 11:59:01,197 - DEBUG - 正在保存可视化结果到 ./visual/omi/neighbor_all/strict_deviation/omi-12/seg_3_2721_2723.png
2025-05-07 11:59:01,397 - INFO - 成功保存时间段 2721-2723 的可视化结果
2025-05-07 11:59:01,397 - INFO - 
正在处理时间段 5/5: 3500-3535
2025-05-07 11:59:01,397 - INFO - 该时间段的真实异常节点: {5, 6, 7, 8, 11, 12, 13, 14, 15, 16, 17, 18, 19}
2025-05-07 11:59:01,397 - INFO - 正在计算异常分数...
2025-05-07 11:59:01,418 - INFO - 检测到的异常节点: {6, 7, 8, 9, 10, 11, 12, 13, 14, 15, 16, 17, 18, 19}
2025-05-07 11:59:01,418 - INFO - 正在为时间段 3500-3535 生成可视化
2025-05-07 11:59:01,418 - INFO - 正在为时间段 3500-3535 生成异常图可视化
2025-05-07 11:59:01,418 - DEBUG - 创建包含 19 个节点的图结构
2025-05-07 11:59:01,419 - DEBUG - 边统计: 正常边 172 条, 异常边 38 条
2025-05-07 11:59:01,473 - DEBUG - 正在保存可视化结果到 ./visual/omi/neighbor_all/strict_deviation/omi-12/seg_4_3500_3535.png
2025-05-07 11:59:01,678 - INFO - 成功保存时间段 3500-3535 的可视化结果
2025-05-07 11:59:01,678 - INFO - 正在从 ./visual/omi/neighbor_all/strict_deviation/omi-12 中的图像创建GIF
2025-05-07 11:59:02,184 - INFO - GIF已保存到 ./visual/omi/neighbor_all/strict_deviation/omi-12/omi-12.gif
2025-05-07 11:59:02,185 - INFO - 
==================================================
2025-05-07 11:59:02,185 - INFO - 开始数据集可视化: omi-2
2025-05-07 11:59:02,185 - INFO - 使用参数: 评分模式=strict_deviation, all=None, 阈值=1.5
2025-05-07 11:59:02,185 - INFO - ==================================================

2025-05-07 11:59:02,185 - INFO - 正在加载数据集 omi-2 的数据
2025-05-07 11:59:02,185 - INFO - 数据加载成功。训练集形状: (8640, 19), 测试集形状: (4320, 19)
2025-05-07 11:59:02,186 - INFO - 正在计算边缘统计量...
2025-05-07 11:59:04,779 - INFO - 已计算 153 条边的统计量
2025-05-07 11:59:04,779 - INFO - 为每个节点使用所有邻居
2025-05-07 11:59:04,779 - INFO - 可视化结果将保存到: ./visual/omi/neighbor_all/strict_deviation/omi-2
2025-05-07 11:59:04,780 - INFO - 在数据集中发现 4 个异常时间段
2025-05-07 11:59:04,780 - INFO - 
正在处理时间段 1/4: 486-498
2025-05-07 11:59:04,780 - INFO - 该时间段的真实异常节点: {1, 4, 5}
2025-05-07 11:59:04,780 - INFO - 正在计算异常分数...
2025-05-07 11:59:04,787 - INFO - 检测到的异常节点: {1, 5, 6, 7, 8, 10, 11, 12, 13, 14, 15, 16, 17, 18}
2025-05-07 11:59:04,787 - INFO - 正在为时间段 486-498 生成可视化
2025-05-07 11:59:04,787 - INFO - 正在为时间段 486-498 生成异常图可视化
2025-05-07 11:59:04,787 - DEBUG - 创建包含 19 个节点的图结构
2025-05-07 11:59:04,788 - DEBUG - 边统计: 正常边 272 条, 异常边 0 条
2025-05-07 11:59:04,843 - DEBUG - 正在保存可视化结果到 ./visual/omi/neighbor_all/strict_deviation/omi-2/seg_0_486_498.png
2025-05-07 11:59:05,118 - INFO - 成功保存时间段 486-498 的可视化结果
2025-05-07 11:59:05,119 - INFO - 
正在处理时间段 2/4: 740-753
2025-05-07 11:59:05,119 - INFO - 该时间段的真实异常节点: {2}
2025-05-07 11:59:05,119 - INFO - 正在计算异常分数...
2025-05-07 11:59:05,126 - INFO - 检测到的异常节点: {2, 5, 6, 9, 19}
2025-05-07 11:59:05,127 - INFO - 正在为时间段 740-753 生成可视化
2025-05-07 11:59:05,127 - INFO - 正在为时间段 740-753 生成异常图可视化
2025-05-07 11:59:05,127 - DEBUG - 创建包含 19 个节点的图结构
2025-05-07 11:59:05,128 - DEBUG - 边统计: 正常边 268 条, 异常边 4 条
2025-05-07 11:59:05,180 - DEBUG - 正在保存可视化结果到 ./visual/omi/neighbor_all/strict_deviation/omi-2/seg_1_740_753.png
2025-05-07 11:59:05,381 - INFO - 成功保存时间段 740-753 的可视化结果
2025-05-07 11:59:05,381 - INFO - 
正在处理时间段 3/4: 766-783
2025-05-07 11:59:05,381 - INFO - 该时间段的真实异常节点: {1, 5, 6, 7, 8, 9, 10, 11, 12, 13, 14, 15, 16, 17, 18, 19}
2025-05-07 11:59:05,381 - INFO - 正在计算异常分数...
2025-05-07 11:59:05,391 - INFO - 检测到的异常节点: {1, 5, 6, 7, 8, 9, 10, 11, 12, 13, 14, 15, 16, 17, 18, 19}
2025-05-07 11:59:05,391 - INFO - 正在为时间段 766-783 生成可视化
2025-05-07 11:59:05,391 - INFO - 正在为时间段 766-783 生成异常图可视化
2025-05-07 11:59:05,392 - DEBUG - 创建包含 19 个节点的图结构
2025-05-07 11:59:05,393 - DEBUG - 边统计: 正常边 222 条, 异常边 50 条
2025-05-07 11:59:05,446 - DEBUG - 正在保存可视化结果到 ./visual/omi/neighbor_all/strict_deviation/omi-2/seg_2_766_783.png
2025-05-07 11:59:05,649 - INFO - 成功保存时间段 766-783 的可视化结果
2025-05-07 11:59:05,649 - INFO - 
正在处理时间段 4/4: 1436-1445
2025-05-07 11:59:05,649 - INFO - 该时间段的真实异常节点: {7, 9, 10, 11, 12, 13, 14, 15, 16, 17, 18}
2025-05-07 11:59:05,649 - INFO - 正在计算异常分数...
2025-05-07 11:59:05,654 - INFO - 检测到的异常节点: {1, 4, 6, 7, 9, 10, 11, 12, 13, 14, 15, 16, 18}
2025-05-07 11:59:05,654 - INFO - 正在为时间段 1436-1445 生成可视化
2025-05-07 11:59:05,654 - INFO - 正在为时间段 1436-1445 生成异常图可视化
2025-05-07 11:59:05,654 - DEBUG - 创建包含 19 个节点的图结构
2025-05-07 11:59:05,655 - DEBUG - 边统计: 正常边 270 条, 异常边 2 条
2025-05-07 11:59:05,709 - DEBUG - 正在保存可视化结果到 ./visual/omi/neighbor_all/strict_deviation/omi-2/seg_3_1436_1445.png
2025-05-07 11:59:05,916 - INFO - 成功保存时间段 1436-1445 的可视化结果
2025-05-07 11:59:05,916 - INFO - 正在从 ./visual/omi/neighbor_all/strict_deviation/omi-2 中的图像创建GIF
2025-05-07 11:59:06,354 - INFO - GIF已保存到 ./visual/omi/neighbor_all/strict_deviation/omi-2/omi-2.gif
2025-05-07 11:59:06,355 - INFO - 
==================================================
2025-05-07 11:59:06,355 - INFO - 开始数据集可视化: omi-3
2025-05-07 11:59:06,355 - INFO - 使用参数: 评分模式=strict_deviation, all=None, 阈值=0.0
2025-05-07 11:59:06,355 - INFO - ==================================================

2025-05-07 11:59:06,355 - INFO - 正在加载数据集 omi-3 的数据
2025-05-07 11:59:06,356 - INFO - 数据加载成功。训练集形状: (8640, 19), 测试集形状: (4320, 19)
2025-05-07 11:59:06,356 - INFO - 正在计算边缘统计量...
2025-05-07 11:59:08,925 - INFO - 已计算 136 条边的统计量
2025-05-07 11:59:08,926 - INFO - 为每个节点使用所有邻居
2025-05-07 11:59:08,926 - INFO - 可视化结果将保存到: ./visual/omi/neighbor_all/strict_deviation/omi-3
2025-05-07 11:59:08,927 - INFO - 在数据集中发现 6 个异常时间段
2025-05-07 11:59:08,927 - INFO - 
正在处理时间段 1/6: 760-820
2025-05-07 11:59:08,927 - INFO - 该时间段的真实异常节点: {1, 4, 6, 7, 8, 9, 10, 11, 12, 13, 14, 15, 16, 17, 18, 19}
2025-05-07 11:59:08,927 - INFO - 正在计算异常分数...
2025-05-07 11:59:08,968 - INFO - 检测到的异常节点: {1, 4, 5, 6, 7, 8, 9, 10, 11, 12, 13, 14, 15, 16, 17, 18, 19}
2025-05-07 11:59:08,968 - INFO - 正在为时间段 760-820 生成可视化
2025-05-07 11:59:08,968 - INFO - 正在为时间段 760-820 生成异常图可视化
2025-05-07 11:59:08,968 - DEBUG - 创建包含 19 个节点的图结构
2025-05-07 11:59:08,969 - DEBUG - 边统计: 正常边 248 条, 异常边 24 条
2025-05-07 11:59:09,025 - DEBUG - 正在保存可视化结果到 ./visual/omi/neighbor_all/strict_deviation/omi-3/seg_0_760_820.png
2025-05-07 11:59:09,231 - INFO - 成功保存时间段 760-820 的可视化结果
2025-05-07 11:59:09,231 - INFO - 
正在处理时间段 2/6: 842-860
2025-05-07 11:59:09,231 - INFO - 该时间段的真实异常节点: {7, 8, 9, 10, 11, 12, 13, 14, 15, 16, 17, 18, 19}
2025-05-07 11:59:09,232 - INFO - 正在计算异常分数...
2025-05-07 11:59:09,243 - INFO - 检测到的异常节点: {4, 5, 6, 7, 8, 9, 10, 11, 12, 13, 14, 15, 16, 17, 18, 19}
2025-05-07 11:59:09,243 - INFO - 正在为时间段 842-860 生成可视化
2025-05-07 11:59:09,243 - INFO - 正在为时间段 842-860 生成异常图可视化
2025-05-07 11:59:09,244 - DEBUG - 创建包含 19 个节点的图结构
2025-05-07 11:59:09,244 - DEBUG - 边统计: 正常边 224 条, 异常边 16 条
2025-05-07 11:59:09,300 - DEBUG - 正在保存可视化结果到 ./visual/omi/neighbor_all/strict_deviation/omi-3/seg_1_842_860.png
2025-05-07 11:59:09,498 - INFO - 成功保存时间段 842-860 的可视化结果
2025-05-07 11:59:09,498 - INFO - 
正在处理时间段 3/6: 1080-1120
2025-05-07 11:59:09,498 - INFO - 该时间段的真实异常节点: {7, 9, 10, 11, 12, 13, 14, 15, 16, 17, 18}
2025-05-07 11:59:09,498 - INFO - 正在计算异常分数...
2025-05-07 11:59:09,526 - INFO - 检测到的异常节点: {1, 4, 5, 6, 7, 8, 9, 10, 11, 12, 13, 14, 15, 16, 17, 18, 19}
2025-05-07 11:59:09,526 - INFO - 正在为时间段 1080-1120 生成可视化
2025-05-07 11:59:09,526 - INFO - 正在为时间段 1080-1120 生成异常图可视化
2025-05-07 11:59:09,526 - DEBUG - 创建包含 19 个节点的图结构
2025-05-07 11:59:09,527 - DEBUG - 边统计: 正常边 272 条, 异常边 0 条
2025-05-07 11:59:09,591 - DEBUG - 正在保存可视化结果到 ./visual/omi/neighbor_all/strict_deviation/omi-3/seg_2_1080_1120.png
2025-05-07 11:59:09,827 - INFO - 成功保存时间段 1080-1120 的可视化结果
2025-05-07 11:59:09,827 - INFO - 
正在处理时间段 4/6: 2188-2201
2025-05-07 11:59:09,827 - INFO - 该时间段的真实异常节点: {7, 9, 10, 11, 12, 13, 14, 15, 16, 17, 18, 19}
2025-05-07 11:59:09,827 - INFO - 正在计算异常分数...
2025-05-07 11:59:09,835 - INFO - 检测到的异常节点: {1, 4, 6, 7, 8, 9, 10, 11, 12, 13, 14, 15, 16, 17, 18, 19}
2025-05-07 11:59:09,835 - INFO - 正在为时间段 2188-2201 生成可视化
2025-05-07 11:59:09,835 - INFO - 正在为时间段 2188-2201 生成异常图可视化
2025-05-07 11:59:09,835 - DEBUG - 创建包含 19 个节点的图结构
2025-05-07 11:59:09,836 - DEBUG - 边统计: 正常边 258 条, 异常边 14 条
2025-05-07 11:59:09,891 - DEBUG - 正在保存可视化结果到 ./visual/omi/neighbor_all/strict_deviation/omi-3/seg_3_2188_2201.png
2025-05-07 11:59:10,091 - INFO - 成功保存时间段 2188-2201 的可视化结果
2025-05-07 11:59:10,091 - INFO - 
正在处理时间段 5/6: 2497-2500
2025-05-07 11:59:10,091 - INFO - 该时间段的真实异常节点: {6, 7, 9, 10, 11, 12, 13, 14, 15, 16, 17, 18, 19}
2025-05-07 11:59:10,091 - INFO - 正在计算异常分数...
2025-05-07 11:59:10,091 - INFO - 检测到的异常节点: set()
2025-05-07 11:59:10,091 - INFO - 正在为时间段 2497-2500 生成可视化
2025-05-07 11:59:10,091 - INFO - 正在为时间段 2497-2500 生成异常图可视化
2025-05-07 11:59:10,092 - DEBUG - 创建包含 19 个节点的图结构
2025-05-07 11:59:10,092 - DEBUG - 边统计: 正常边 208 条, 异常边 2 条
2025-05-07 11:59:10,147 - DEBUG - 正在保存可视化结果到 ./visual/omi/neighbor_all/strict_deviation/omi-3/seg_4_2497_2500.png
2025-05-07 11:59:10,346 - INFO - 成功保存时间段 2497-2500 的可视化结果
2025-05-07 11:59:10,346 - INFO - 
正在处理时间段 6/6: 3428-3434
2025-05-07 11:59:10,346 - INFO - 该时间段的真实异常节点: {7, 8, 9, 10, 11, 12, 13, 14, 15, 16, 17, 18, 19}
2025-05-07 11:59:10,346 - INFO - 正在计算异常分数...
2025-05-07 11:59:10,349 - INFO - 检测到的异常节点: {1, 4, 7, 8, 9, 10, 11, 12, 13, 14, 15, 16, 17, 18, 19}
2025-05-07 11:59:10,349 - INFO - 正在为时间段 3428-3434 生成可视化
2025-05-07 11:59:10,349 - INFO - 正在为时间段 3428-3434 生成异常图可视化
2025-05-07 11:59:10,349 - DEBUG - 创建包含 19 个节点的图结构
2025-05-07 11:59:10,350 - DEBUG - 边统计: 正常边 270 条, 异常边 2 条
2025-05-07 11:59:10,403 - DEBUG - 正在保存可视化结果到 ./visual/omi/neighbor_all/strict_deviation/omi-3/seg_5_3428_3434.png
2025-05-07 11:59:10,603 - INFO - 成功保存时间段 3428-3434 的可视化结果
2025-05-07 11:59:10,603 - INFO - 正在从 ./visual/omi/neighbor_all/strict_deviation/omi-3 中的图像创建GIF
2025-05-07 11:59:11,172 - INFO - GIF已保存到 ./visual/omi/neighbor_all/strict_deviation/omi-3/omi-3.gif
2025-05-07 11:59:11,173 - INFO - 
==================================================
2025-05-07 11:59:11,173 - INFO - 开始数据集可视化: omi-4
2025-05-07 11:59:11,173 - INFO - 使用参数: 评分模式=strict_deviation, all=None, 阈值=0.0
2025-05-07 11:59:11,173 - INFO - ==================================================

2025-05-07 11:59:11,173 - INFO - 正在加载数据集 omi-4 的数据
2025-05-07 11:59:11,174 - INFO - 数据加载成功。训练集形状: (8640, 19), 测试集形状: (4320, 19)
2025-05-07 11:59:11,174 - INFO - 正在计算边缘统计量...
2025-05-07 11:59:13,951 - INFO - 已计算 136 条边的统计量
2025-05-07 11:59:13,951 - INFO - 为每个节点使用所有邻居
2025-05-07 11:59:13,952 - INFO - 可视化结果将保存到: ./visual/omi/neighbor_all/strict_deviation/omi-4
2025-05-07 11:59:13,952 - INFO - 在数据集中发现 5 个异常时间段
2025-05-07 11:59:13,953 - INFO - 
正在处理时间段 1/5: 727-782
2025-05-07 11:59:13,953 - INFO - 该时间段的真实异常节点: {1, 2, 6, 7, 8, 9, 10, 11, 12, 13, 14, 15, 16, 17, 18, 19}
2025-05-07 11:59:13,953 - INFO - 正在计算异常分数...
2025-05-07 11:59:13,990 - INFO - 检测到的异常节点: {1, 4, 5, 6, 7, 8, 9, 10, 11, 12, 13, 14, 15, 16, 17, 18, 19}
2025-05-07 11:59:13,990 - INFO - 正在为时间段 727-782 生成可视化
2025-05-07 11:59:13,990 - INFO - 正在为时间段 727-782 生成异常图可视化
2025-05-07 11:59:13,990 - DEBUG - 创建包含 19 个节点的图结构
2025-05-07 11:59:13,991 - DEBUG - 边统计: 正常边 240 条, 异常边 32 条
2025-05-07 11:59:14,049 - DEBUG - 正在保存可视化结果到 ./visual/omi/neighbor_all/strict_deviation/omi-4/seg_0_727_782.png
2025-05-07 11:59:14,251 - INFO - 成功保存时间段 727-782 的可视化结果
2025-05-07 11:59:14,251 - INFO - 
正在处理时间段 2/5: 843-857
2025-05-07 11:59:14,251 - INFO - 该时间段的真实异常节点: {6, 7, 8, 9, 10, 11, 12, 13, 14, 15, 16, 17, 18, 19}
2025-05-07 11:59:14,251 - INFO - 正在计算异常分数...
2025-05-07 11:59:14,260 - INFO - 检测到的异常节点: {4, 5, 6, 7, 8, 9, 10, 11, 12, 13, 14, 15, 16, 17, 18, 19}
2025-05-07 11:59:14,260 - INFO - 正在为时间段 843-857 生成可视化
2025-05-07 11:59:14,260 - INFO - 正在为时间段 843-857 生成异常图可视化
2025-05-07 11:59:14,260 - DEBUG - 创建包含 19 个节点的图结构
2025-05-07 11:59:14,261 - DEBUG - 边统计: 正常边 236 条, 异常边 4 条
2025-05-07 11:59:14,316 - DEBUG - 正在保存可视化结果到 ./visual/omi/neighbor_all/strict_deviation/omi-4/seg_1_843_857.png
2025-05-07 11:59:14,513 - INFO - 成功保存时间段 843-857 的可视化结果
2025-05-07 11:59:14,513 - INFO - 
正在处理时间段 3/5: 2178-2238
2025-05-07 11:59:14,513 - INFO - 该时间段的真实异常节点: {8, 9, 10, 11, 12, 13, 14, 15, 16, 17, 18, 19}
2025-05-07 11:59:14,513 - INFO - 正在计算异常分数...
2025-05-07 11:59:14,553 - INFO - 检测到的异常节点: {1, 4, 5, 6, 7, 8, 9, 10, 11, 12, 13, 14, 15, 16, 17, 18, 19}
2025-05-07 11:59:14,553 - INFO - 正在为时间段 2178-2238 生成可视化
2025-05-07 11:59:14,553 - INFO - 正在为时间段 2178-2238 生成异常图可视化
2025-05-07 11:59:14,553 - DEBUG - 创建包含 19 个节点的图结构
2025-05-07 11:59:14,554 - DEBUG - 边统计: 正常边 272 条, 异常边 0 条
2025-05-07 11:59:14,708 - DEBUG - 正在保存可视化结果到 ./visual/omi/neighbor_all/strict_deviation/omi-4/seg_2_2178_2238.png
2025-05-07 11:59:14,910 - INFO - 成功保存时间段 2178-2238 的可视化结果
2025-05-07 11:59:14,910 - INFO - 
正在处理时间段 4/5: 2494-2501
2025-05-07 11:59:14,910 - INFO - 该时间段的真实异常节点: {7, 9, 10, 11, 12, 13, 14, 15, 16, 17, 18, 19}
2025-05-07 11:59:14,910 - INFO - 正在计算异常分数...
2025-05-07 11:59:14,913 - INFO - 检测到的异常节点: {6, 7, 9, 10, 11, 12, 13, 14, 15, 16, 17, 18, 19}
2025-05-07 11:59:14,914 - INFO - 正在为时间段 2494-2501 生成可视化
2025-05-07 11:59:14,914 - INFO - 正在为时间段 2494-2501 生成异常图可视化
2025-05-07 11:59:14,914 - DEBUG - 创建包含 19 个节点的图结构
2025-05-07 11:59:14,915 - DEBUG - 边统计: 正常边 218 条, 异常边 22 条
2025-05-07 11:59:14,969 - DEBUG - 正在保存可视化结果到 ./visual/omi/neighbor_all/strict_deviation/omi-4/seg_3_2494_2501.png
2025-05-07 11:59:15,169 - INFO - 成功保存时间段 2494-2501 的可视化结果
2025-05-07 11:59:15,169 - INFO - 
正在处理时间段 5/5: 3425-3435
2025-05-07 11:59:15,169 - INFO - 该时间段的真实异常节点: {7, 8, 9, 10, 11, 12, 13, 14, 15, 16, 17, 18, 19}
2025-05-07 11:59:15,169 - INFO - 正在计算异常分数...
2025-05-07 11:59:15,175 - INFO - 检测到的异常节点: {1, 4, 5, 6, 7, 8, 9, 10, 11, 12, 13, 14, 15, 16, 17, 18, 19}
2025-05-07 11:59:15,175 - INFO - 正在为时间段 3425-3435 生成可视化
2025-05-07 11:59:15,175 - INFO - 正在为时间段 3425-3435 生成异常图可视化
2025-05-07 11:59:15,175 - DEBUG - 创建包含 19 个节点的图结构
2025-05-07 11:59:15,176 - DEBUG - 边统计: 正常边 252 条, 异常边 20 条
2025-05-07 11:59:15,230 - DEBUG - 正在保存可视化结果到 ./visual/omi/neighbor_all/strict_deviation/omi-4/seg_4_3425_3435.png
2025-05-07 11:59:15,431 - INFO - 成功保存时间段 3425-3435 的可视化结果
2025-05-07 11:59:15,431 - INFO - 正在从 ./visual/omi/neighbor_all/strict_deviation/omi-4 中的图像创建GIF
2025-05-07 11:59:15,933 - INFO - GIF已保存到 ./visual/omi/neighbor_all/strict_deviation/omi-4/omi-4.gif
2025-05-07 11:59:15,934 - INFO - 
==================================================
2025-05-07 11:59:15,934 - INFO - 开始数据集可视化: omi-5
2025-05-07 11:59:15,934 - INFO - 使用参数: 评分模式=strict_deviation, all=None, 阈值=0.0
2025-05-07 11:59:15,934 - INFO - ==================================================

2025-05-07 11:59:15,934 - INFO - 正在加载数据集 omi-5 的数据
2025-05-07 11:59:15,935 - INFO - 数据加载成功。训练集形状: (8640, 19), 测试集形状: (4320, 19)
2025-05-07 11:59:15,935 - INFO - 正在计算边缘统计量...
2025-05-07 11:59:18,791 - INFO - 已计算 153 条边的统计量
2025-05-07 11:59:18,791 - INFO - 为每个节点使用所有邻居
2025-05-07 11:59:18,792 - INFO - 可视化结果将保存到: ./visual/omi/neighbor_all/strict_deviation/omi-5
2025-05-07 11:59:18,792 - INFO - 在数据集中发现 6 个异常时间段
2025-05-07 11:59:18,792 - INFO - 
正在处理时间段 1/6: 765-781
2025-05-07 11:59:18,793 - INFO - 该时间段的真实异常节点: {6, 7, 8, 9, 10, 11, 12, 13, 14, 15, 16, 17, 18, 19}
2025-05-07 11:59:18,793 - INFO - 正在计算异常分数...
2025-05-07 11:59:18,803 - INFO - 检测到的异常节点: {1, 2, 5, 6, 7, 8, 9, 10, 11, 12, 13, 14, 15, 16, 17, 18, 19}
2025-05-07 11:59:18,803 - INFO - 正在为时间段 765-781 生成可视化
2025-05-07 11:59:18,803 - INFO - 正在为时间段 765-781 生成异常图可视化
2025-05-07 11:59:18,803 - DEBUG - 创建包含 19 个节点的图结构
2025-05-07 11:59:18,804 - DEBUG - 边统计: 正常边 214 条, 异常边 92 条
2025-05-07 11:59:18,909 - DEBUG - 正在保存可视化结果到 ./visual/omi/neighbor_all/strict_deviation/omi-5/seg_0_765_781.png
2025-05-07 11:59:19,178 - INFO - 成功保存时间段 765-781 的可视化结果
2025-05-07 11:59:19,179 - INFO - 
正在处理时间段 2/6: 1589-1617
2025-05-07 11:59:19,179 - INFO - 该时间段的真实异常节点: {17, 2, 4}
2025-05-07 11:59:19,179 - INFO - 正在计算异常分数...
2025-05-07 11:59:19,200 - INFO - 检测到的异常节点: {1, 2, 4, 5, 6, 7, 8, 9, 10, 11, 12, 13, 14, 15, 16, 17, 18, 19}
2025-05-07 11:59:19,200 - INFO - 正在为时间段 1589-1617 生成可视化
2025-05-07 11:59:19,200 - INFO - 正在为时间段 1589-1617 生成异常图可视化
2025-05-07 11:59:19,200 - DEBUG - 创建包含 19 个节点的图结构
2025-05-07 11:59:19,201 - DEBUG - 边统计: 正常边 270 条, 异常边 36 条
2025-05-07 11:59:19,255 - DEBUG - 正在保存可视化结果到 ./visual/omi/neighbor_all/strict_deviation/omi-5/seg_1_1589_1617.png
2025-05-07 11:59:19,468 - INFO - 成功保存时间段 1589-1617 的可视化结果
2025-05-07 11:59:19,469 - INFO - 
正在处理时间段 3/6: 2440-2446
2025-05-07 11:59:19,469 - INFO - 该时间段的真实异常节点: {8, 11, 12, 13, 14, 15, 16, 17, 18, 19}
2025-05-07 11:59:19,469 - INFO - 正在计算异常分数...
2025-05-07 11:59:19,471 - INFO - 检测到的异常节点: {1, 4, 5, 6, 7, 8, 9, 10, 11, 12, 13, 14, 15, 16, 17, 18, 19}
2025-05-07 11:59:19,472 - INFO - 正在为时间段 2440-2446 生成可视化
2025-05-07 11:59:19,472 - INFO - 正在为时间段 2440-2446 生成异常图可视化
2025-05-07 11:59:19,472 - DEBUG - 创建包含 19 个节点的图结构
2025-05-07 11:59:19,473 - DEBUG - 边统计: 正常边 246 条, 异常边 60 条
2025-05-07 11:59:19,526 - DEBUG - 正在保存可视化结果到 ./visual/omi/neighbor_all/strict_deviation/omi-5/seg_2_2440_2446.png
2025-05-07 11:59:19,748 - INFO - 成功保存时间段 2440-2446 的可视化结果
2025-05-07 11:59:19,748 - INFO - 
正在处理时间段 4/6: 3356-3363
2025-05-07 11:59:19,748 - INFO - 该时间段的真实异常节点: {17, 5, 6}
2025-05-07 11:59:19,748 - INFO - 正在计算异常分数...
2025-05-07 11:59:19,752 - INFO - 检测到的异常节点: {1, 4, 5, 6, 7, 8, 9, 10, 11, 12, 13, 14, 15, 16, 17, 18, 19}
2025-05-07 11:59:19,752 - INFO - 正在为时间段 3356-3363 生成可视化
2025-05-07 11:59:19,752 - INFO - 正在为时间段 3356-3363 生成异常图可视化
2025-05-07 11:59:19,752 - DEBUG - 创建包含 19 个节点的图结构
2025-05-07 11:59:19,754 - DEBUG - 边统计: 正常边 260 条, 异常边 46 条
2025-05-07 11:59:19,807 - DEBUG - 正在保存可视化结果到 ./visual/omi/neighbor_all/strict_deviation/omi-5/seg_3_3356_3363.png
2025-05-07 11:59:20,019 - INFO - 成功保存时间段 3356-3363 的可视化结果
2025-05-07 11:59:20,020 - INFO - 
正在处理时间段 5/6: 3416-3423
2025-05-07 11:59:20,020 - INFO - 该时间段的真实异常节点: {4, 5, 7, 9, 10, 11, 12, 13, 14, 15, 16, 17, 18, 19}
2025-05-07 11:59:20,020 - INFO - 正在计算异常分数...
2025-05-07 11:59:20,023 - INFO - 检测到的异常节点: {1, 4, 5, 6, 7, 8, 9, 10, 11, 12, 13, 14, 15, 16, 17, 18, 19}
2025-05-07 11:59:20,023 - INFO - 正在为时间段 3416-3423 生成可视化
2025-05-07 11:59:20,023 - INFO - 正在为时间段 3416-3423 生成异常图可视化
2025-05-07 11:59:20,023 - DEBUG - 创建包含 19 个节点的图结构
2025-05-07 11:59:20,025 - DEBUG - 边统计: 正常边 294 条, 异常边 12 条
2025-05-07 11:59:20,077 - DEBUG - 正在保存可视化结果到 ./visual/omi/neighbor_all/strict_deviation/omi-5/seg_4_3416_3423.png
2025-05-07 11:59:20,285 - INFO - 成功保存时间段 3416-3423 的可视化结果
2025-05-07 11:59:20,285 - INFO - 
正在处理时间段 6/6: 3590-3594
2025-05-07 11:59:20,285 - INFO - 该时间段的真实异常节点: {1, 8, 17, 18, 19}
2025-05-07 11:59:20,285 - INFO - 正在计算异常分数...
2025-05-07 11:59:20,286 - INFO - 检测到的异常节点: {1, 4, 5, 6, 7, 8, 9, 10, 11, 12, 13, 14, 15, 16, 17, 18, 19}
2025-05-07 11:59:20,286 - INFO - 正在为时间段 3590-3594 生成可视化
2025-05-07 11:59:20,286 - INFO - 正在为时间段 3590-3594 生成异常图可视化
2025-05-07 11:59:20,286 - DEBUG - 创建包含 19 个节点的图结构
2025-05-07 11:59:20,287 - DEBUG - 边统计: 正常边 232 条, 异常边 74 条
2025-05-07 11:59:20,338 - DEBUG - 正在保存可视化结果到 ./visual/omi/neighbor_all/strict_deviation/omi-5/seg_5_3590_3594.png
2025-05-07 11:59:20,550 - INFO - 成功保存时间段 3590-3594 的可视化结果
2025-05-07 11:59:20,550 - INFO - 正在从 ./visual/omi/neighbor_all/strict_deviation/omi-5 中的图像创建GIF
2025-05-07 11:59:21,121 - INFO - GIF已保存到 ./visual/omi/neighbor_all/strict_deviation/omi-5/omi-5.gif
2025-05-07 11:59:21,121 - INFO - 
==================================================
2025-05-07 11:59:21,121 - INFO - 开始数据集可视化: omi-6
2025-05-07 11:59:21,121 - INFO - 使用参数: 评分模式=strict_deviation, all=None, 阈值=5.0
2025-05-07 11:59:21,121 - INFO - ==================================================

2025-05-07 11:59:21,121 - INFO - 正在加载数据集 omi-6 的数据
2025-05-07 11:59:21,122 - INFO - 数据加载成功。训练集形状: (8640, 19), 测试集形状: (4320, 19)
2025-05-07 11:59:21,122 - INFO - 正在计算边缘统计量...
2025-05-07 11:59:23,787 - INFO - 已计算 153 条边的统计量
2025-05-07 11:59:23,787 - INFO - 为每个节点使用所有邻居
2025-05-07 11:59:23,787 - INFO - 可视化结果将保存到: ./visual/omi/neighbor_all/strict_deviation/omi-6
2025-05-07 11:59:23,788 - INFO - 在数据集中发现 10 个异常时间段
2025-05-07 11:59:23,788 - INFO - 
正在处理时间段 1/10: 357-392
2025-05-07 11:59:23,788 - INFO - 该时间段的真实异常节点: {19, 4}
2025-05-07 11:59:23,788 - INFO - 正在计算异常分数...
2025-05-07 11:59:23,811 - INFO - 检测到的异常节点: {4, 5, 8, 9, 16, 17, 18}
2025-05-07 11:59:23,811 - INFO - 正在为时间段 357-392 生成可视化
2025-05-07 11:59:23,811 - INFO - 正在为时间段 357-392 生成异常图可视化
2025-05-07 11:59:23,811 - DEBUG - 创建包含 19 个节点的图结构
2025-05-07 11:59:23,812 - DEBUG - 边统计: 正常边 254 条, 异常边 18 条
2025-05-07 11:59:23,866 - DEBUG - 正在保存可视化结果到 ./visual/omi/neighbor_all/strict_deviation/omi-6/seg_0_357_392.png
2025-05-07 11:59:24,071 - INFO - 成功保存时间段 357-392 的可视化结果
2025-05-07 11:59:24,071 - INFO - 
正在处理时间段 2/10: 750-788
2025-05-07 11:59:24,071 - INFO - 该时间段的真实异常节点: {2, 6, 7, 8, 9, 10, 11, 12, 13, 14, 15, 16, 17, 18, 19}
2025-05-07 11:59:24,071 - INFO - 正在计算异常分数...
2025-05-07 11:59:24,099 - INFO - 检测到的异常节点: {1, 5, 6, 7, 8, 9, 10, 11, 12, 13, 14, 15, 16, 17, 18, 19}
2025-05-07 11:59:24,099 - INFO - 正在为时间段 750-788 生成可视化
2025-05-07 11:59:24,099 - INFO - 正在为时间段 750-788 生成异常图可视化
2025-05-07 11:59:24,099 - DEBUG - 创建包含 19 个节点的图结构
2025-05-07 11:59:24,100 - DEBUG - 边统计: 正常边 184 条, 异常边 88 条
2025-05-07 11:59:24,156 - DEBUG - 正在保存可视化结果到 ./visual/omi/neighbor_all/strict_deviation/omi-6/seg_1_750_788.png
2025-05-07 11:59:24,397 - INFO - 成功保存时间段 750-788 的可视化结果
2025-05-07 11:59:24,397 - INFO - 
正在处理时间段 3/10: 1278-1293
2025-05-07 11:59:24,397 - INFO - 该时间段的真实异常节点: {4, 5, 6, 8, 17}
2025-05-07 11:59:24,397 - INFO - 正在计算异常分数...
2025-05-07 11:59:24,406 - INFO - 检测到的异常节点: {5, 6}
2025-05-07 11:59:24,407 - INFO - 正在为时间段 1278-1293 生成可视化
2025-05-07 11:59:24,407 - INFO - 正在为时间段 1278-1293 生成异常图可视化
2025-05-07 11:59:24,407 - DEBUG - 创建包含 19 个节点的图结构
2025-05-07 11:59:24,408 - DEBUG - 边统计: 正常边 270 条, 异常边 2 条
2025-05-07 11:59:24,463 - DEBUG - 正在保存可视化结果到 ./visual/omi/neighbor_all/strict_deviation/omi-6/seg_2_1278_1293.png
2025-05-07 11:59:24,663 - INFO - 成功保存时间段 1278-1293 的可视化结果
2025-05-07 11:59:24,663 - INFO - 
正在处理时间段 4/10: 1590-1615
2025-05-07 11:59:24,663 - INFO - 该时间段的真实异常节点: {1, 18, 9}
2025-05-07 11:59:24,663 - INFO - 正在计算异常分数...
2025-05-07 11:59:24,680 - INFO - 检测到的异常节点: {1, 5, 8, 9, 12, 13, 14, 15, 16, 17}
2025-05-07 11:59:24,680 - INFO - 正在为时间段 1590-1615 生成可视化
2025-05-07 11:59:24,680 - INFO - 正在为时间段 1590-1615 生成异常图可视化
2025-05-07 11:59:24,680 - DEBUG - 创建包含 19 个节点的图结构
2025-05-07 11:59:24,681 - DEBUG - 边统计: 正常边 272 条, 异常边 0 条
2025-05-07 11:59:24,840 - DEBUG - 正在保存可视化结果到 ./visual/omi/neighbor_all/strict_deviation/omi-6/seg_3_1590_1615.png
2025-05-07 11:59:25,044 - INFO - 成功保存时间段 1590-1615 的可视化结果
2025-05-07 11:59:25,044 - INFO - 
正在处理时间段 5/10: 2592-2604
2025-05-07 11:59:25,044 - INFO - 该时间段的真实异常节点: {9, 4, 6}
2025-05-07 11:59:25,044 - INFO - 正在计算异常分数...
2025-05-07 11:59:25,051 - INFO - 检测到的异常节点: {6, 10, 11, 13, 14, 15, 16}
2025-05-07 11:59:25,051 - INFO - 正在为时间段 2592-2604 生成可视化
2025-05-07 11:59:25,051 - INFO - 正在为时间段 2592-2604 生成异常图可视化
2025-05-07 11:59:25,051 - DEBUG - 创建包含 19 个节点的图结构
2025-05-07 11:59:25,052 - DEBUG - 边统计: 正常边 236 条, 异常边 4 条
2025-05-07 11:59:25,107 - DEBUG - 正在保存可视化结果到 ./visual/omi/neighbor_all/strict_deviation/omi-6/seg_4_2592_2604.png
2025-05-07 11:59:25,303 - INFO - 成功保存时间段 2592-2604 的可视化结果
2025-05-07 11:59:25,304 - INFO - 
正在处理时间段 6/10: 2734-2765
2025-05-07 11:59:25,304 - INFO - 该时间段的真实异常节点: {8, 19, 4, 6}
2025-05-07 11:59:25,304 - INFO - 正在计算异常分数...
2025-05-07 11:59:25,325 - INFO - 检测到的异常节点: {4, 5, 6, 7, 8, 9, 10, 11, 12, 13, 14, 15, 16, 17, 18, 19}
2025-05-07 11:59:25,325 - INFO - 正在为时间段 2734-2765 生成可视化
2025-05-07 11:59:25,325 - INFO - 正在为时间段 2734-2765 生成异常图可视化
2025-05-07 11:59:25,325 - DEBUG - 创建包含 19 个节点的图结构
2025-05-07 11:59:25,326 - DEBUG - 边统计: 正常边 270 条, 异常边 2 条
2025-05-07 11:59:25,379 - DEBUG - 正在保存可视化结果到 ./visual/omi/neighbor_all/strict_deviation/omi-6/seg_5_2734_2765.png
2025-05-07 11:59:25,578 - INFO - 成功保存时间段 2734-2765 的可视化结果
2025-05-07 11:59:25,578 - INFO - 
正在处理时间段 7/10: 3066-3072
2025-05-07 11:59:25,578 - INFO - 该时间段的真实异常节点: {19, 4, 6}
2025-05-07 11:59:25,578 - INFO - 正在计算异常分数...
2025-05-07 11:59:25,581 - INFO - 检测到的异常节点: set()
2025-05-07 11:59:25,581 - INFO - 正在为时间段 3066-3072 生成可视化
2025-05-07 11:59:25,581 - INFO - 正在为时间段 3066-3072 生成异常图可视化
2025-05-07 11:59:25,581 - DEBUG - 创建包含 19 个节点的图结构
2025-05-07 11:59:25,582 - DEBUG - 边统计: 正常边 230 条, 异常边 42 条
2025-05-07 11:59:25,635 - DEBUG - 正在保存可视化结果到 ./visual/omi/neighbor_all/strict_deviation/omi-6/seg_6_3066_3072.png
2025-05-07 11:59:25,835 - INFO - 成功保存时间段 3066-3072 的可视化结果
2025-05-07 11:59:25,835 - INFO - 
正在处理时间段 8/10: 3596-3605
2025-05-07 11:59:25,835 - INFO - 该时间段的真实异常节点: {19, 4, 5, 6}
2025-05-07 11:59:25,835 - INFO - 正在计算异常分数...
2025-05-07 11:59:25,840 - INFO - 检测到的异常节点: {9, 17}
2025-05-07 11:59:25,840 - INFO - 正在为时间段 3596-3605 生成可视化
2025-05-07 11:59:25,840 - INFO - 正在为时间段 3596-3605 生成异常图可视化
2025-05-07 11:59:25,840 - DEBUG - 创建包含 19 个节点的图结构
2025-05-07 11:59:25,841 - DEBUG - 边统计: 正常边 272 条, 异常边 0 条
2025-05-07 11:59:25,894 - DEBUG - 正在保存可视化结果到 ./visual/omi/neighbor_all/strict_deviation/omi-6/seg_7_3596_3605.png
2025-05-07 11:59:26,092 - INFO - 成功保存时间段 3596-3605 的可视化结果
2025-05-07 11:59:26,093 - INFO - 
正在处理时间段 9/10: 3610-3622
2025-05-07 11:59:26,093 - INFO - 该时间段的真实异常节点: {1, 4, 5}
2025-05-07 11:59:26,093 - INFO - 正在计算异常分数...
2025-05-07 11:59:26,100 - INFO - 检测到的异常节点: {1}
2025-05-07 11:59:26,100 - INFO - 正在为时间段 3610-3622 生成可视化
2025-05-07 11:59:26,100 - INFO - 正在为时间段 3610-3622 生成异常图可视化
2025-05-07 11:59:26,100 - DEBUG - 创建包含 19 个节点的图结构
2025-05-07 11:59:26,101 - DEBUG - 边统计: 正常边 272 条, 异常边 0 条
2025-05-07 11:59:26,155 - DEBUG - 正在保存可视化结果到 ./visual/omi/neighbor_all/strict_deviation/omi-6/seg_8_3610_3622.png
2025-05-07 11:59:26,355 - INFO - 成功保存时间段 3610-3622 的可视化结果
2025-05-07 11:59:26,355 - INFO - 
正在处理时间段 10/10: 4159-4164
2025-05-07 11:59:26,355 - INFO - 该时间段的真实异常节点: {4, 5}
2025-05-07 11:59:26,355 - INFO - 正在计算异常分数...
2025-05-07 11:59:26,357 - INFO - 检测到的异常节点: set()
2025-05-07 11:59:26,357 - INFO - 正在为时间段 4159-4164 生成可视化
2025-05-07 11:59:26,357 - INFO - 正在为时间段 4159-4164 生成异常图可视化
2025-05-07 11:59:26,357 - DEBUG - 创建包含 19 个节点的图结构
2025-05-07 11:59:26,358 - DEBUG - 边统计: 正常边 248 条, 异常边 24 条
2025-05-07 11:59:26,412 - DEBUG - 正在保存可视化结果到 ./visual/omi/neighbor_all/strict_deviation/omi-6/seg_9_4159_4164.png
2025-05-07 11:59:26,612 - INFO - 成功保存时间段 4159-4164 的可视化结果
2025-05-07 11:59:26,613 - INFO - 正在从 ./visual/omi/neighbor_all/strict_deviation/omi-6 中的图像创建GIF
2025-05-07 11:59:27,412 - INFO - GIF已保存到 ./visual/omi/neighbor_all/strict_deviation/omi-6/omi-6.gif
2025-05-07 11:59:27,413 - INFO - 
==================================================
2025-05-07 11:59:27,413 - INFO - 开始数据集可视化: omi-7
2025-05-07 11:59:27,413 - INFO - 使用参数: 评分模式=strict_deviation, all=None, 阈值=0.0
2025-05-07 11:59:27,413 - INFO - ==================================================

2025-05-07 11:59:27,413 - INFO - 正在加载数据集 omi-7 的数据
2025-05-07 11:59:27,414 - INFO - 数据加载成功。训练集形状: (8640, 19), 测试集形状: (4320, 19)
2025-05-07 11:59:27,414 - INFO - 正在计算边缘统计量...
2025-05-07 11:59:29,968 - INFO - 已计算 136 条边的统计量
2025-05-07 11:59:29,968 - INFO - 为每个节点使用所有邻居
2025-05-07 11:59:29,968 - INFO - 可视化结果将保存到: ./visual/omi/neighbor_all/strict_deviation/omi-7
2025-05-07 11:59:29,969 - INFO - 在数据集中发现 3 个异常时间段
2025-05-07 11:59:29,969 - INFO - 
正在处理时间段 1/3: 738-778
2025-05-07 11:59:29,969 - INFO - 该时间段的真实异常节点: {1, 2, 4, 6, 7, 8, 9, 10, 11, 12, 13, 14, 15, 16, 17, 18, 19}
2025-05-07 11:59:29,969 - INFO - 正在计算异常分数...
2025-05-07 11:59:29,995 - INFO - 检测到的异常节点: {1, 4, 5, 6, 7, 8, 9, 10, 11, 12, 13, 14, 15, 16, 17, 18, 19}
2025-05-07 11:59:29,996 - INFO - 正在为时间段 738-778 生成可视化
2025-05-07 11:59:29,996 - INFO - 正在为时间段 738-778 生成异常图可视化
2025-05-07 11:59:29,996 - DEBUG - 创建包含 19 个节点的图结构
2025-05-07 11:59:29,997 - DEBUG - 边统计: 正常边 166 条, 异常边 106 条
2025-05-07 11:59:30,054 - DEBUG - 正在保存可视化结果到 ./visual/omi/neighbor_all/strict_deviation/omi-7/seg_0_738_778.png
2025-05-07 11:59:30,261 - INFO - 成功保存时间段 738-778 的可视化结果
2025-05-07 11:59:30,261 - INFO - 
正在处理时间段 2/3: 1625-1660
2025-05-07 11:59:30,261 - INFO - 该时间段的真实异常节点: {7, 10, 11, 12, 13, 14, 15, 16, 17, 18, 19}
2025-05-07 11:59:30,261 - INFO - 正在计算异常分数...
2025-05-07 11:59:30,284 - INFO - 检测到的异常节点: {5, 7, 8, 9, 10, 11, 12, 13, 14, 15, 16, 17, 18, 19}
2025-05-07 11:59:30,284 - INFO - 正在为时间段 1625-1660 生成可视化
2025-05-07 11:59:30,284 - INFO - 正在为时间段 1625-1660 生成异常图可视化
2025-05-07 11:59:30,285 - DEBUG - 创建包含 19 个节点的图结构
2025-05-07 11:59:30,285 - DEBUG - 边统计: 正常边 130 条, 异常边 52 条
2025-05-07 11:59:30,337 - DEBUG - 正在保存可视化结果到 ./visual/omi/neighbor_all/strict_deviation/omi-7/seg_1_1625_1660.png
2025-05-07 11:59:30,538 - INFO - 成功保存时间段 1625-1660 的可视化结果
2025-05-07 11:59:30,538 - INFO - 
正在处理时间段 3/3: 3311-3320
2025-05-07 11:59:30,538 - INFO - 该时间段的真实异常节点: {7, 10, 11, 12, 13, 14, 15, 16, 17, 18, 19}
2025-05-07 11:59:30,538 - INFO - 正在计算异常分数...
2025-05-07 11:59:30,543 - INFO - 检测到的异常节点: {7, 10, 11, 12, 13, 14, 15, 16, 17, 18, 19}
2025-05-07 11:59:30,543 - INFO - 正在为时间段 3311-3320 生成可视化
2025-05-07 11:59:30,543 - INFO - 正在为时间段 3311-3320 生成异常图可视化
2025-05-07 11:59:30,543 - DEBUG - 创建包含 19 个节点的图结构
2025-05-07 11:59:30,544 - DEBUG - 边统计: 正常边 188 条, 异常边 22 条
2025-05-07 11:59:30,596 - DEBUG - 正在保存可视化结果到 ./visual/omi/neighbor_all/strict_deviation/omi-7/seg_2_3311_3320.png
2025-05-07 11:59:30,800 - INFO - 成功保存时间段 3311-3320 的可视化结果
2025-05-07 11:59:30,801 - INFO - 正在从 ./visual/omi/neighbor_all/strict_deviation/omi-7 中的图像创建GIF
2025-05-07 11:59:31,188 - INFO - GIF已保存到 ./visual/omi/neighbor_all/strict_deviation/omi-7/omi-7.gif
2025-05-07 11:59:31,189 - INFO - 
==================================================
2025-05-07 11:59:31,189 - INFO - 开始数据集可视化: omi-8
2025-05-07 11:59:31,189 - INFO - 使用参数: 评分模式=strict_deviation, all=None, 阈值=6.5
2025-05-07 11:59:31,189 - INFO - ==================================================

2025-05-07 11:59:31,189 - INFO - 正在加载数据集 omi-8 的数据
2025-05-07 11:59:31,190 - INFO - 数据加载成功。训练集形状: (8640, 19), 测试集形状: (4320, 19)
2025-05-07 11:59:31,190 - INFO - 正在计算边缘统计量...
2025-05-07 11:59:33,782 - INFO - 已计算 136 条边的统计量
2025-05-07 11:59:33,782 - INFO - 为每个节点使用所有邻居
2025-05-07 11:59:33,782 - INFO - 可视化结果将保存到: ./visual/omi/neighbor_all/strict_deviation/omi-8
2025-05-07 11:59:33,783 - INFO - 在数据集中发现 5 个异常时间段
2025-05-07 11:59:33,783 - INFO - 
正在处理时间段 1/5: 740-753
2025-05-07 11:59:33,783 - INFO - 该时间段的真实异常节点: {2, 4}
2025-05-07 11:59:33,783 - INFO - 正在计算异常分数...
2025-05-07 11:59:33,791 - INFO - 检测到的异常节点: {4, 14}
2025-05-07 11:59:33,791 - INFO - 正在为时间段 740-753 生成可视化
2025-05-07 11:59:33,791 - INFO - 正在为时间段 740-753 生成异常图可视化
2025-05-07 11:59:33,791 - DEBUG - 创建包含 19 个节点的图结构
2025-05-07 11:59:33,792 - DEBUG - 边统计: 正常边 238 条, 异常边 2 条
2025-05-07 11:59:33,848 - DEBUG - 正在保存可视化结果到 ./visual/omi/neighbor_all/strict_deviation/omi-8/seg_0_740_753.png
2025-05-07 11:59:34,061 - INFO - 成功保存时间段 740-753 的可视化结果
2025-05-07 11:59:34,061 - INFO - 
正在处理时间段 2/5: 764-780
2025-05-07 11:59:34,061 - INFO - 该时间段的真实异常节点: {6, 7, 8, 9, 10, 11, 12, 13, 14, 15, 16, 17, 18, 19}
2025-05-07 11:59:34,061 - INFO - 正在计算异常分数...
2025-05-07 11:59:34,071 - INFO - 检测到的异常节点: {1, 6, 7, 8, 9, 10, 11, 12, 13, 14, 15, 16, 17, 18, 19}
2025-05-07 11:59:34,071 - INFO - 正在为时间段 764-780 生成可视化
2025-05-07 11:59:34,071 - INFO - 正在为时间段 764-780 生成异常图可视化
2025-05-07 11:59:34,071 - DEBUG - 创建包含 19 个节点的图结构
2025-05-07 11:59:34,072 - DEBUG - 边统计: 正常边 146 条, 异常边 64 条
2025-05-07 11:59:34,127 - DEBUG - 正在保存可视化结果到 ./visual/omi/neighbor_all/strict_deviation/omi-8/seg_1_764_780.png
2025-05-07 11:59:34,330 - INFO - 成功保存时间段 764-780 的可视化结果
2025-05-07 11:59:34,330 - INFO - 
正在处理时间段 3/5: 2319-2325
2025-05-07 11:59:34,330 - INFO - 该时间段的真实异常节点: {4, 5, 6}
2025-05-07 11:59:34,330 - INFO - 正在计算异常分数...
2025-05-07 11:59:34,333 - INFO - 检测到的异常节点: set()
2025-05-07 11:59:34,333 - INFO - 正在为时间段 2319-2325 生成可视化
2025-05-07 11:59:34,333 - INFO - 正在为时间段 2319-2325 生成异常图可视化
2025-05-07 11:59:34,333 - DEBUG - 创建包含 19 个节点的图结构
2025-05-07 11:59:34,334 - DEBUG - 边统计: 正常边 228 条, 异常边 44 条
2025-05-07 11:59:34,469 - DEBUG - 正在保存可视化结果到 ./visual/omi/neighbor_all/strict_deviation/omi-8/seg_2_2319_2325.png
2025-05-07 11:59:34,683 - INFO - 成功保存时间段 2319-2325 的可视化结果
2025-05-07 11:59:34,683 - INFO - 
正在处理时间段 4/5: 2586-2675
2025-05-07 11:59:34,683 - INFO - 该时间段的真实异常节点: {5, 6, 8, 17, 18, 19}
2025-05-07 11:59:34,683 - INFO - 正在计算异常分数...
2025-05-07 11:59:34,747 - INFO - 检测到的异常节点: {1, 4, 5, 6, 7, 8, 9, 10, 11, 12, 13, 14, 15, 16, 17, 18, 19}
2025-05-07 11:59:34,747 - INFO - 正在为时间段 2586-2675 生成可视化
2025-05-07 11:59:34,747 - INFO - 正在为时间段 2586-2675 生成异常图可视化
2025-05-07 11:59:34,747 - DEBUG - 创建包含 19 个节点的图结构
2025-05-07 11:59:34,748 - DEBUG - 边统计: 正常边 260 条, 异常边 12 条
2025-05-07 11:59:34,802 - DEBUG - 正在保存可视化结果到 ./visual/omi/neighbor_all/strict_deviation/omi-8/seg_3_2586_2675.png
2025-05-07 11:59:35,001 - INFO - 成功保存时间段 2586-2675 的可视化结果
2025-05-07 11:59:35,002 - INFO - 
正在处理时间段 5/5: 2897-2956
2025-05-07 11:59:35,002 - INFO - 该时间段的真实异常节点: {2, 6, 8, 17, 18, 19}
2025-05-07 11:59:35,002 - INFO - 正在计算异常分数...
2025-05-07 11:59:35,042 - INFO - 检测到的异常节点: {1, 4, 5, 6, 7, 8, 9, 10, 11, 12, 13, 14, 15, 16, 17, 18, 19}
2025-05-07 11:59:35,043 - INFO - 正在为时间段 2897-2956 生成可视化
2025-05-07 11:59:35,043 - INFO - 正在为时间段 2897-2956 生成异常图可视化
2025-05-07 11:59:35,043 - DEBUG - 创建包含 19 个节点的图结构
2025-05-07 11:59:35,044 - DEBUG - 边统计: 正常边 230 条, 异常边 42 条
2025-05-07 11:59:35,097 - DEBUG - 正在保存可视化结果到 ./visual/omi/neighbor_all/strict_deviation/omi-8/seg_4_2897_2956.png
2025-05-07 11:59:35,298 - INFO - 成功保存时间段 2897-2956 的可视化结果
2025-05-07 11:59:35,298 - INFO - 正在从 ./visual/omi/neighbor_all/strict_deviation/omi-8 中的图像创建GIF
2025-05-07 11:59:35,807 - INFO - GIF已保存到 ./visual/omi/neighbor_all/strict_deviation/omi-8/omi-8.gif
2025-05-07 11:59:35,807 - INFO - 
==================================================
2025-05-07 11:59:35,807 - INFO - 开始数据集可视化: omi-9
2025-05-07 11:59:35,807 - INFO - 使用参数: 评分模式=strict_deviation, all=None, 阈值=0.5
2025-05-07 11:59:35,807 - INFO - ==================================================

2025-05-07 11:59:35,807 - INFO - 正在加载数据集 omi-9 的数据
2025-05-07 11:59:35,808 - INFO - 数据加载成功。训练集形状: (8640, 19), 测试集形状: (4320, 19)
2025-05-07 11:59:35,808 - INFO - 正在计算边缘统计量...
2025-05-07 11:59:38,210 - INFO - 已计算 136 条边的统计量
2025-05-07 11:59:38,210 - INFO - 为每个节点使用所有邻居
2025-05-07 11:59:38,210 - INFO - 可视化结果将保存到: ./visual/omi/neighbor_all/strict_deviation/omi-9
2025-05-07 11:59:38,211 - INFO - 在数据集中发现 8 个异常时间段
2025-05-07 11:59:38,211 - INFO - 
正在处理时间段 1/8: 738-756
2025-05-07 11:59:38,211 - INFO - 该时间段的真实异常节点: {2, 9, 10, 11, 12, 13, 14, 15, 16, 17, 18, 19}
2025-05-07 11:59:38,211 - INFO - 正在计算异常分数...
2025-05-07 11:59:38,221 - INFO - 检测到的异常节点: {1, 7, 8, 9, 10, 11, 12, 13, 14, 15, 16, 17, 18, 19}
2025-05-07 11:59:38,221 - INFO - 正在为时间段 738-756 生成可视化
2025-05-07 11:59:38,221 - INFO - 正在为时间段 738-756 生成异常图可视化
2025-05-07 11:59:38,221 - DEBUG - 创建包含 19 个节点的图结构
2025-05-07 11:59:38,222 - DEBUG - 边统计: 正常边 158 条, 异常边 24 条
2025-05-07 11:59:38,279 - DEBUG - 正在保存可视化结果到 ./visual/omi/neighbor_all/strict_deviation/omi-9/seg_0_738_756.png
2025-05-07 11:59:38,491 - INFO - 成功保存时间段 738-756 的可视化结果
2025-05-07 11:59:38,491 - INFO - 
正在处理时间段 2/8: 763-780
2025-05-07 11:59:38,492 - INFO - 该时间段的真实异常节点: {1, 6, 7, 8, 9, 10, 11, 12, 13, 14, 15, 16, 17, 18, 19}
2025-05-07 11:59:38,492 - INFO - 正在计算异常分数...
2025-05-07 11:59:38,503 - INFO - 检测到的异常节点: {1, 6, 7, 8, 9, 10, 11, 12, 13, 14, 15, 16, 17, 18, 19}
2025-05-07 11:59:38,503 - INFO - 正在为时间段 763-780 生成可视化
2025-05-07 11:59:38,503 - INFO - 正在为时间段 763-780 生成异常图可视化
2025-05-07 11:59:38,504 - DEBUG - 创建包含 19 个节点的图结构
2025-05-07 11:59:38,505 - DEBUG - 边统计: 正常边 118 条, 异常边 92 条
2025-05-07 11:59:38,571 - DEBUG - 正在保存可视化结果到 ./visual/omi/neighbor_all/strict_deviation/omi-9/seg_1_763_780.png
2025-05-07 11:59:38,780 - INFO - 成功保存时间段 763-780 的可视化结果
2025-05-07 11:59:38,780 - INFO - 
正在处理时间段 3/8: 2514-2524
2025-05-07 11:59:38,780 - INFO - 该时间段的真实异常节点: {1, 4, 5, 7, 8, 9, 17, 18}
2025-05-07 11:59:38,780 - INFO - 正在计算异常分数...
2025-05-07 11:59:38,786 - INFO - 检测到的异常节点: {1, 4, 5, 6, 7, 8, 9, 10, 11, 12, 13, 14, 15, 16, 17, 18, 19}
2025-05-07 11:59:38,786 - INFO - 正在为时间段 2514-2524 生成可视化
2025-05-07 11:59:38,786 - INFO - 正在为时间段 2514-2524 生成异常图可视化
2025-05-07 11:59:38,786 - DEBUG - 创建包含 19 个节点的图结构
2025-05-07 11:59:38,787 - DEBUG - 边统计: 正常边 210 条, 异常边 62 条
2025-05-07 11:59:38,840 - DEBUG - 正在保存可视化结果到 ./visual/omi/neighbor_all/strict_deviation/omi-9/seg_2_2514_2524.png
2025-05-07 11:59:39,043 - INFO - 成功保存时间段 2514-2524 的可视化结果
2025-05-07 11:59:39,043 - INFO - 
正在处理时间段 4/8: 2603-2668
2025-05-07 11:59:39,043 - INFO - 该时间段的真实异常节点: {1, 2, 5, 6, 8, 17, 18, 19}
2025-05-07 11:59:39,043 - INFO - 正在计算异常分数...
2025-05-07 11:59:39,087 - INFO - 检测到的异常节点: {1, 4, 5, 6, 7, 8, 9, 10, 11, 12, 13, 14, 15, 16, 17, 18, 19}
2025-05-07 11:59:39,087 - INFO - 正在为时间段 2603-2668 生成可视化
2025-05-07 11:59:39,087 - INFO - 正在为时间段 2603-2668 生成异常图可视化
2025-05-07 11:59:39,087 - DEBUG - 创建包含 19 个节点的图结构
2025-05-07 11:59:39,088 - DEBUG - 边统计: 正常边 212 条, 异常边 60 条
2025-05-07 11:59:39,142 - DEBUG - 正在保存可视化结果到 ./visual/omi/neighbor_all/strict_deviation/omi-9/seg_3_2603_2668.png
2025-05-07 11:59:39,344 - INFO - 成功保存时间段 2603-2668 的可视化结果
2025-05-07 11:59:39,344 - INFO - 
正在处理时间段 5/8: 2918-2958
2025-05-07 11:59:39,344 - INFO - 该时间段的真实异常节点: {1, 2, 5, 6, 8, 17, 18, 19}
2025-05-07 11:59:39,344 - INFO - 正在计算异常分数...
2025-05-07 11:59:39,370 - INFO - 检测到的异常节点: {1, 4, 5, 6, 7, 8, 9, 10, 11, 12, 13, 14, 15, 16, 17, 18, 19}
2025-05-07 11:59:39,370 - INFO - 正在为时间段 2918-2958 生成可视化
2025-05-07 11:59:39,370 - INFO - 正在为时间段 2918-2958 生成异常图可视化
2025-05-07 11:59:39,370 - DEBUG - 创建包含 19 个节点的图结构
2025-05-07 11:59:39,371 - DEBUG - 边统计: 正常边 200 条, 异常边 72 条
2025-05-07 11:59:39,424 - DEBUG - 正在保存可视化结果到 ./visual/omi/neighbor_all/strict_deviation/omi-9/seg_4_2918_2958.png
2025-05-07 11:59:39,626 - INFO - 成功保存时间段 2918-2958 的可视化结果
2025-05-07 11:59:39,626 - INFO - 
正在处理时间段 6/8: 3170-3245
2025-05-07 11:59:39,626 - INFO - 该时间段的真实异常节点: {1, 2, 6, 8, 17, 18, 19}
2025-05-07 11:59:39,626 - INFO - 正在计算异常分数...
2025-05-07 11:59:39,673 - INFO - 检测到的异常节点: {1, 4, 5, 6, 7, 8, 9, 10, 11, 12, 13, 14, 15, 16, 17, 18, 19}
2025-05-07 11:59:39,673 - INFO - 正在为时间段 3170-3245 生成可视化
2025-05-07 11:59:39,673 - INFO - 正在为时间段 3170-3245 生成异常图可视化
2025-05-07 11:59:39,673 - DEBUG - 创建包含 19 个节点的图结构
2025-05-07 11:59:39,674 - DEBUG - 边统计: 正常边 226 条, 异常边 46 条
2025-05-07 11:59:39,727 - DEBUG - 正在保存可视化结果到 ./visual/omi/neighbor_all/strict_deviation/omi-9/seg_5_3170_3245.png
2025-05-07 11:59:39,928 - INFO - 成功保存时间段 3170-3245 的可视化结果
2025-05-07 11:59:39,928 - INFO - 
正在处理时间段 7/8: 3508-3528
2025-05-07 11:59:39,928 - INFO - 该时间段的真实异常节点: {8, 2, 19, 6}
2025-05-07 11:59:39,928 - INFO - 正在计算异常分数...
2025-05-07 11:59:39,940 - INFO - 检测到的异常节点: {1, 4, 5, 6, 7, 8, 9, 10, 11, 12, 13, 14, 15, 16, 17, 18, 19}
2025-05-07 11:59:39,940 - INFO - 正在为时间段 3508-3528 生成可视化
2025-05-07 11:59:39,940 - INFO - 正在为时间段 3508-3528 生成异常图可视化
2025-05-07 11:59:39,940 - DEBUG - 创建包含 19 个节点的图结构
2025-05-07 11:59:39,941 - DEBUG - 边统计: 正常边 208 条, 异常边 64 条
2025-05-07 11:59:39,993 - DEBUG - 正在保存可视化结果到 ./visual/omi/neighbor_all/strict_deviation/omi-9/seg_6_3508_3528.png
2025-05-07 11:59:40,195 - INFO - 成功保存时间段 3508-3528 的可视化结果
2025-05-07 11:59:40,195 - INFO - 
正在处理时间段 8/8: 4064-4108
2025-05-07 11:59:40,195 - INFO - 该时间段的真实异常节点: {1, 2, 6, 7, 8, 9, 17, 18, 19}
2025-05-07 11:59:40,195 - INFO - 正在计算异常分数...
2025-05-07 11:59:40,223 - INFO - 检测到的异常节点: {1, 4, 5, 6, 7, 8, 9, 10, 11, 12, 13, 14, 15, 16, 17, 18, 19}
2025-05-07 11:59:40,223 - INFO - 正在为时间段 4064-4108 生成可视化
2025-05-07 11:59:40,223 - INFO - 正在为时间段 4064-4108 生成异常图可视化
2025-05-07 11:59:40,223 - DEBUG - 创建包含 19 个节点的图结构
2025-05-07 11:59:40,224 - DEBUG - 边统计: 正常边 190 条, 异常边 82 条
2025-05-07 11:59:40,277 - DEBUG - 正在保存可视化结果到 ./visual/omi/neighbor_all/strict_deviation/omi-9/seg_7_4064_4108.png
2025-05-07 11:59:40,481 - INFO - 成功保存时间段 4064-4108 的可视化结果
2025-05-07 11:59:40,481 - INFO - 正在从 ./visual/omi/neighbor_all/strict_deviation/omi-9 中的图像创建GIF
2025-05-07 11:59:41,162 - INFO - GIF已保存到 ./visual/omi/neighbor_all/strict_deviation/omi-9/omi-9.gif
2025-05-07 11:59:41,163 - INFO - 可视化结果生成完成！
2025-05-07 11:59:41,163 - INFO - 
==================================================
2025-05-07 11:59:41,163 - INFO - 程序运行总耗时: 0:01:42.735545 

