2025-04-16 23:10:25,838 - INFO - 
 Starting experiment with config: ExperimentConfig(dataset='omi', window_size=5, score_thresholds=array([0. , 0.5, 1. , 1.5, 2. , 2.5, 3. , 3.5, 4. , 4.5, 5. , 5.5, 6. ,
       6.5, 7. ]), topk_range=range(1, 10), corr_threshold_range=array([0. , 0. , 0.1, 0.2, 0.2, 0.2, 0.3, 0.4, 0.4, 0.4, 0.5, 0.6, 0.6,
       0.6]), neighbor_selection='all', score_modes=['strict_deviation'], data_dir='./data/processed', label_dir='./data/interpretation_label', log_dir='./log/omi/neighbor_all', visual_dir='./visual/omi/neighbor_all', num_workers=36, gif_duration=500)
2025-04-16 23:10:25,838 - INFO - 当前评分模式: ['strict_deviation']
2025-04-16 23:10:25,838 - INFO - 
==================================================
2025-04-16 23:10:25,838 - INFO - 开始执行网格搜索...
2025-04-16 23:10:25,839 - INFO - [omi-12] Starting grid search...
2025-04-16 23:10:28,744 - INFO - [omi-12.txt] mode=strict_deviation, all=None, threshold=0.0, P=0.6129, R=0.9500, F1=0.7451
2025-04-16 23:10:28,745 - INFO - [omi-12.txt] mode=strict_deviation, all=None, threshold=0.5, P=0.6129, R=0.9500, F1=0.7451
2025-04-16 23:10:28,745 - INFO - [omi-12.txt] mode=strict_deviation, all=None, threshold=1.0, P=0.6129, R=0.9500, F1=0.7451
2025-04-16 23:10:28,745 - INFO - [omi-12.txt] mode=strict_deviation, all=None, threshold=1.5, P=0.6230, R=0.9500, F1=0.7525
2025-04-16 23:10:28,753 - INFO - [omi-12.txt] mode=strict_deviation, all=None, threshold=2.0, P=0.6230, R=0.9500, F1=0.7525
2025-04-16 23:10:28,753 - INFO - [omi-12.txt] mode=strict_deviation, all=None, threshold=2.5, P=0.6230, R=0.9500, F1=0.7525
2025-04-16 23:10:28,753 - INFO - [omi-12.txt] mode=strict_deviation, all=None, threshold=3.0, P=0.6230, R=0.9500, F1=0.7525
2025-04-16 23:10:28,753 - INFO - [omi-12.txt] mode=strict_deviation, all=None, threshold=3.5, P=0.6167, R=0.9250, F1=0.7400
2025-04-16 23:10:28,753 - INFO - [omi-12.txt] mode=strict_deviation, all=None, threshold=4.0, P=0.6271, R=0.9250, F1=0.7475
2025-04-16 23:10:28,753 - INFO - [omi-12.txt] mode=strict_deviation, all=None, threshold=4.5, P=0.6491, R=0.9250, F1=0.7629
2025-04-16 23:10:28,754 - INFO - [omi-12.txt] mode=strict_deviation, all=None, threshold=5.0, P=0.6491, R=0.9250, F1=0.7629
2025-04-16 23:10:28,754 - INFO - [omi-12.txt] mode=strict_deviation, all=None, threshold=5.5, P=0.6491, R=0.9250, F1=0.7629
2025-04-16 23:10:28,754 - INFO - [omi-12.txt] mode=strict_deviation, all=None, threshold=6.0, P=0.6491, R=0.9250, F1=0.7629
2025-04-16 23:10:29,094 - INFO - [omi-12.txt] mode=strict_deviation, all=None, threshold=6.5, P=0.6491, R=0.9250, F1=0.7629
2025-04-16 23:10:29,094 - INFO - [omi-12.txt] mode=strict_deviation, all=None, threshold=7.0, P=0.6491, R=0.9250, F1=0.7629
2025-04-16 23:10:29,142 - INFO - [omi-1] Starting grid search...
2025-04-16 23:10:32,818 - INFO - [omi-1.txt] mode=strict_deviation, all=None, threshold=0.0, P=0.7395, R=0.9888, F1=0.8462
2025-04-16 23:10:32,824 - INFO - [omi-1.txt] mode=strict_deviation, all=None, threshold=0.5, P=0.7395, R=0.9888, F1=0.8462
2025-04-16 23:10:32,824 - INFO - [omi-1.txt] mode=strict_deviation, all=None, threshold=1.0, P=0.7395, R=0.9888, F1=0.8462
2025-04-16 23:10:32,829 - INFO - [omi-1.txt] mode=strict_deviation, all=None, threshold=1.5, P=0.7395, R=0.9888, F1=0.8462
2025-04-16 23:10:32,830 - INFO - [omi-1.txt] mode=strict_deviation, all=None, threshold=2.0, P=0.7395, R=0.9888, F1=0.8462
2025-04-16 23:10:32,830 - INFO - [omi-1.txt] mode=strict_deviation, all=None, threshold=2.5, P=0.7373, R=0.9775, F1=0.8406
2025-04-16 23:10:32,830 - INFO - [omi-1.txt] mode=strict_deviation, all=None, threshold=3.0, P=0.7373, R=0.9775, F1=0.8406
2025-04-16 23:10:32,861 - INFO - [omi-1.txt] mode=strict_deviation, all=None, threshold=3.5, P=0.7328, R=0.9551, F1=0.8293
2025-04-16 23:10:32,861 - INFO - [omi-1.txt] mode=strict_deviation, all=None, threshold=4.0, P=0.7328, R=0.9551, F1=0.8293
2025-04-16 23:10:32,861 - INFO - [omi-1.txt] mode=strict_deviation, all=None, threshold=4.5, P=0.7328, R=0.9551, F1=0.8293
2025-04-16 23:10:32,861 - INFO - [omi-1.txt] mode=strict_deviation, all=None, threshold=5.0, P=0.7328, R=0.9551, F1=0.8293
2025-04-16 23:10:32,861 - INFO - [omi-1.txt] mode=strict_deviation, all=None, threshold=5.5, P=0.7328, R=0.9551, F1=0.8293
2025-04-16 23:10:32,903 - INFO - [omi-1.txt] mode=strict_deviation, all=None, threshold=6.0, P=0.7232, R=0.9101, F1=0.8060
2025-04-16 23:10:32,903 - INFO - [omi-1.txt] mode=strict_deviation, all=None, threshold=6.5, P=0.7156, R=0.8764, F1=0.7879
2025-04-16 23:10:32,903 - INFO - [omi-1.txt] mode=strict_deviation, all=None, threshold=7.0, P=0.7130, R=0.8652, F1=0.7817
2025-04-16 23:10:32,947 - INFO - [omi-5] Starting grid search...
2025-04-16 23:10:36,834 - INFO - [omi-5.txt] mode=strict_deviation, all=None, threshold=0.0, P=0.4757, R=1.0000, F1=0.6447
2025-04-16 23:10:36,837 - INFO - [omi-5.txt] mode=strict_deviation, all=None, threshold=0.5, P=0.4757, R=1.0000, F1=0.6447
2025-04-16 23:10:36,841 - INFO - [omi-5.txt] mode=strict_deviation, all=None, threshold=1.0, P=0.4757, R=1.0000, F1=0.6447
2025-04-16 23:10:36,879 - INFO - [omi-5.txt] mode=strict_deviation, all=None, threshold=1.5, P=0.4757, R=1.0000, F1=0.6447
2025-04-16 23:10:36,880 - INFO - [omi-5.txt] mode=strict_deviation, all=None, threshold=2.0, P=0.4706, R=0.9796, F1=0.6358
2025-04-16 23:10:36,880 - INFO - [omi-5.txt] mode=strict_deviation, all=None, threshold=2.5, P=0.4706, R=0.9796, F1=0.6358
2025-04-16 23:10:36,880 - INFO - [omi-5.txt] mode=strict_deviation, all=None, threshold=3.0, P=0.4706, R=0.9796, F1=0.6358
2025-04-16 23:10:36,880 - INFO - [omi-5.txt] mode=strict_deviation, all=None, threshold=3.5, P=0.4653, R=0.9592, F1=0.6267
2025-04-16 23:10:36,880 - INFO - [omi-5.txt] mode=strict_deviation, all=None, threshold=4.0, P=0.4653, R=0.9592, F1=0.6267
2025-04-16 23:10:37,259 - INFO - [omi-5.txt] mode=strict_deviation, all=None, threshold=4.5, P=0.4653, R=0.9592, F1=0.6267
2025-04-16 23:10:37,260 - INFO - [omi-5.txt] mode=strict_deviation, all=None, threshold=5.0, P=0.4600, R=0.9388, F1=0.6174
2025-04-16 23:10:37,260 - INFO - [omi-5.txt] mode=strict_deviation, all=None, threshold=5.5, P=0.4592, R=0.9184, F1=0.6122
2025-04-16 23:10:37,260 - INFO - [omi-5.txt] mode=strict_deviation, all=None, threshold=6.0, P=0.4536, R=0.8980, F1=0.6027
2025-04-16 23:10:37,260 - INFO - [omi-5.txt] mode=strict_deviation, all=None, threshold=6.5, P=0.4632, R=0.8980, F1=0.6111
2025-04-16 23:10:37,260 - INFO - [omi-5.txt] mode=strict_deviation, all=None, threshold=7.0, P=0.4719, R=0.8571, F1=0.6087
2025-04-16 23:10:37,306 - INFO - [omi-6] Starting grid search...
2025-04-16 23:10:41,088 - INFO - [omi-6.txt] mode=strict_deviation, all=None, threshold=0.0, P=0.2606, R=0.9773, F1=0.4115
2025-04-16 23:10:41,089 - INFO - [omi-6.txt] mode=strict_deviation, all=None, threshold=0.5, P=0.2606, R=0.9773, F1=0.4115
2025-04-16 23:10:41,145 - INFO - [omi-6.txt] mode=strict_deviation, all=None, threshold=1.0, P=0.2606, R=0.9773, F1=0.4115
2025-04-16 23:10:41,145 - INFO - [omi-6.txt] mode=strict_deviation, all=None, threshold=1.5, P=0.2606, R=0.9773, F1=0.4115
2025-04-16 23:10:41,145 - INFO - [omi-6.txt] mode=strict_deviation, all=None, threshold=2.0, P=0.2606, R=0.9773, F1=0.4115
2025-04-16 23:10:41,145 - INFO - [omi-6.txt] mode=strict_deviation, all=None, threshold=2.5, P=0.2606, R=0.9773, F1=0.4115
2025-04-16 23:10:41,145 - INFO - [omi-6.txt] mode=strict_deviation, all=None, threshold=3.0, P=0.2606, R=0.9773, F1=0.4115
2025-04-16 23:10:41,201 - INFO - [omi-6.txt] mode=strict_deviation, all=None, threshold=3.5, P=0.2622, R=0.9773, F1=0.4135
2025-04-16 23:10:41,203 - INFO - [omi-6.txt] mode=strict_deviation, all=None, threshold=4.0, P=0.2638, R=0.9773, F1=0.4155
2025-04-16 23:10:41,582 - INFO - [omi-6.txt] mode=strict_deviation, all=None, threshold=4.5, P=0.2638, R=0.9773, F1=0.4155
2025-04-16 23:10:41,582 - INFO - [omi-6.txt] mode=strict_deviation, all=None, threshold=5.0, P=0.2638, R=0.9773, F1=0.4155
2025-04-16 23:10:41,582 - INFO - [omi-6.txt] mode=strict_deviation, all=None, threshold=5.5, P=0.2638, R=0.9773, F1=0.4155
2025-04-16 23:10:41,583 - INFO - [omi-6.txt] mode=strict_deviation, all=None, threshold=6.0, P=0.2638, R=0.9773, F1=0.4155
2025-04-16 23:10:41,583 - INFO - [omi-6.txt] mode=strict_deviation, all=None, threshold=6.5, P=0.2638, R=0.9773, F1=0.4155
2025-04-16 23:10:41,583 - INFO - [omi-6.txt] mode=strict_deviation, all=None, threshold=7.0, P=0.2609, R=0.9545, F1=0.4098
2025-04-16 23:10:41,634 - INFO - [omi-7] Starting grid search...
2025-04-16 23:10:45,205 - INFO - [omi-7.txt] mode=strict_deviation, all=None, threshold=0.0, P=0.9048, R=0.9744, F1=0.9383
2025-04-16 23:10:45,207 - INFO - [omi-7.txt] mode=strict_deviation, all=None, threshold=0.5, P=0.9048, R=0.9744, F1=0.9383
2025-04-16 23:10:45,220 - INFO - [omi-7.txt] mode=strict_deviation, all=None, threshold=1.0, P=0.9048, R=0.9744, F1=0.9383
2025-04-16 23:10:45,220 - INFO - [omi-7.txt] mode=strict_deviation, all=None, threshold=1.5, P=0.9048, R=0.9744, F1=0.9383
2025-04-16 23:10:45,356 - INFO - [omi-7.txt] mode=strict_deviation, all=None, threshold=2.0, P=0.9048, R=0.9744, F1=0.9383
2025-04-16 23:10:45,651 - INFO - [omi-7.txt] mode=strict_deviation, all=None, threshold=2.5, P=0.9048, R=0.9744, F1=0.9383
2025-04-16 23:10:45,651 - INFO - [omi-7.txt] mode=strict_deviation, all=None, threshold=3.0, P=0.9048, R=0.9744, F1=0.9383
2025-04-16 23:10:45,652 - INFO - [omi-7.txt] mode=strict_deviation, all=None, threshold=3.5, P=0.9048, R=0.9744, F1=0.9383
2025-04-16 23:10:45,652 - INFO - [omi-7.txt] mode=strict_deviation, all=None, threshold=4.0, P=0.9048, R=0.9744, F1=0.9383
2025-04-16 23:10:45,652 - INFO - [omi-7.txt] mode=strict_deviation, all=None, threshold=4.5, P=0.9048, R=0.9744, F1=0.9383
2025-04-16 23:10:45,652 - INFO - [omi-7.txt] mode=strict_deviation, all=None, threshold=5.0, P=0.9048, R=0.9744, F1=0.9383
2025-04-16 23:10:45,653 - INFO - [omi-7.txt] mode=strict_deviation, all=None, threshold=5.5, P=0.9048, R=0.9744, F1=0.9383
2025-04-16 23:10:45,653 - INFO - [omi-7.txt] mode=strict_deviation, all=None, threshold=6.0, P=0.9048, R=0.9744, F1=0.9383
2025-04-16 23:10:45,653 - INFO - [omi-7.txt] mode=strict_deviation, all=None, threshold=6.5, P=0.9048, R=0.9744, F1=0.9383
2025-04-16 23:10:45,653 - INFO - [omi-7.txt] mode=strict_deviation, all=None, threshold=7.0, P=0.9048, R=0.9744, F1=0.9383
2025-04-16 23:10:45,699 - INFO - [omi-9] Starting grid search...
2025-04-16 23:10:49,275 - INFO - [omi-9.txt] mode=strict_deviation, all=None, threshold=0.0, P=0.4962, R=0.9155, F1=0.6436
2025-04-16 23:10:49,332 - INFO - [omi-9.txt] mode=strict_deviation, all=None, threshold=0.5, P=0.4962, R=0.9155, F1=0.6436
2025-04-16 23:10:49,739 - INFO - [omi-9.txt] mode=strict_deviation, all=None, threshold=1.0, P=0.4962, R=0.9155, F1=0.6436
2025-04-16 23:10:49,740 - INFO - [omi-9.txt] mode=strict_deviation, all=None, threshold=1.5, P=0.4962, R=0.9155, F1=0.6436
2025-04-16 23:10:49,740 - INFO - [omi-9.txt] mode=strict_deviation, all=None, threshold=2.0, P=0.4962, R=0.9155, F1=0.6436
2025-04-16 23:10:49,740 - INFO - [omi-9.txt] mode=strict_deviation, all=None, threshold=2.5, P=0.4962, R=0.9155, F1=0.6436
2025-04-16 23:10:49,740 - INFO - [omi-9.txt] mode=strict_deviation, all=None, threshold=3.0, P=0.4962, R=0.9155, F1=0.6436
2025-04-16 23:10:49,740 - INFO - [omi-9.txt] mode=strict_deviation, all=None, threshold=3.5, P=0.4962, R=0.9155, F1=0.6436
2025-04-16 23:10:49,740 - INFO - [omi-9.txt] mode=strict_deviation, all=None, threshold=4.0, P=0.4962, R=0.9155, F1=0.6436
2025-04-16 23:10:49,741 - INFO - [omi-9.txt] mode=strict_deviation, all=None, threshold=4.5, P=0.4962, R=0.9155, F1=0.6436
2025-04-16 23:10:49,741 - INFO - [omi-9.txt] mode=strict_deviation, all=None, threshold=5.0, P=0.4962, R=0.9155, F1=0.6436
2025-04-16 23:10:49,741 - INFO - [omi-9.txt] mode=strict_deviation, all=None, threshold=5.5, P=0.4962, R=0.9155, F1=0.6436
2025-04-16 23:10:49,741 - INFO - [omi-9.txt] mode=strict_deviation, all=None, threshold=6.0, P=0.4962, R=0.9155, F1=0.6436
2025-04-16 23:10:49,741 - INFO - [omi-9.txt] mode=strict_deviation, all=None, threshold=6.5, P=0.4962, R=0.9155, F1=0.6436
2025-04-16 23:10:49,741 - INFO - [omi-9.txt] mode=strict_deviation, all=None, threshold=7.0, P=0.4962, R=0.9155, F1=0.6436
2025-04-16 23:10:49,788 - INFO - [omi-8] Starting grid search...
2025-04-16 23:10:53,483 - INFO - [omi-8.txt] mode=strict_deviation, all=None, threshold=0.0, P=0.3580, R=0.9355, F1=0.5179
2025-04-16 23:10:53,484 - INFO - [omi-8.txt] mode=strict_deviation, all=None, threshold=0.5, P=0.3580, R=0.9355, F1=0.5179
2025-04-16 23:10:53,484 - INFO - [omi-8.txt] mode=strict_deviation, all=None, threshold=1.0, P=0.3580, R=0.9355, F1=0.5179
2025-04-16 23:10:53,484 - INFO - [omi-8.txt] mode=strict_deviation, all=None, threshold=1.5, P=0.3580, R=0.9355, F1=0.5179
2025-04-16 23:10:53,485 - INFO - [omi-8.txt] mode=strict_deviation, all=None, threshold=2.0, P=0.3580, R=0.9355, F1=0.5179
2025-04-16 23:10:53,485 - INFO - [omi-8.txt] mode=strict_deviation, all=None, threshold=2.5, P=0.3580, R=0.9355, F1=0.5179
2025-04-16 23:10:53,485 - INFO - [omi-8.txt] mode=strict_deviation, all=None, threshold=3.0, P=0.3580, R=0.9355, F1=0.5179
2025-04-16 23:10:53,485 - INFO - [omi-8.txt] mode=strict_deviation, all=None, threshold=3.5, P=0.3580, R=0.9355, F1=0.5179
2025-04-16 23:10:53,485 - INFO - [omi-8.txt] mode=strict_deviation, all=None, threshold=4.0, P=0.3580, R=0.9355, F1=0.5179
2025-04-16 23:10:53,485 - INFO - [omi-8.txt] mode=strict_deviation, all=None, threshold=4.5, P=0.3580, R=0.9355, F1=0.5179
2025-04-16 23:10:53,485 - INFO - [omi-8.txt] mode=strict_deviation, all=None, threshold=5.0, P=0.3580, R=0.9355, F1=0.5179
2025-04-16 23:10:53,485 - INFO - [omi-8.txt] mode=strict_deviation, all=None, threshold=5.5, P=0.3580, R=0.9355, F1=0.5179
2025-04-16 23:10:53,485 - INFO - [omi-8.txt] mode=strict_deviation, all=None, threshold=6.0, P=0.3580, R=0.9355, F1=0.5179
2025-04-16 23:10:53,485 - INFO - [omi-8.txt] mode=strict_deviation, all=None, threshold=6.5, P=0.3580, R=0.9355, F1=0.5179
2025-04-16 23:10:53,486 - INFO - [omi-8.txt] mode=strict_deviation, all=None, threshold=7.0, P=0.3580, R=0.9355, F1=0.5179
2025-04-16 23:10:53,532 - INFO - [omi-2] Starting grid search...
2025-04-16 23:10:57,304 - INFO - [omi-2.txt] mode=strict_deviation, all=None, threshold=0.0, P=0.4559, R=1.0000, F1=0.6263
2025-04-16 23:10:57,305 - INFO - [omi-2.txt] mode=strict_deviation, all=None, threshold=0.5, P=0.4559, R=1.0000, F1=0.6263
2025-04-16 23:10:57,315 - INFO - [omi-2.txt] mode=strict_deviation, all=None, threshold=1.0, P=0.4559, R=1.0000, F1=0.6263
2025-04-16 23:10:57,332 - INFO - [omi-2.txt] mode=strict_deviation, all=None, threshold=1.5, P=0.4559, R=1.0000, F1=0.6263
2025-04-16 23:10:57,333 - INFO - [omi-2.txt] mode=strict_deviation, all=None, threshold=2.0, P=0.4559, R=1.0000, F1=0.6263
2025-04-16 23:10:57,333 - INFO - [omi-2.txt] mode=strict_deviation, all=None, threshold=2.5, P=0.4559, R=1.0000, F1=0.6263
2025-04-16 23:10:57,333 - INFO - [omi-2.txt] mode=strict_deviation, all=None, threshold=3.0, P=0.4559, R=1.0000, F1=0.6263
2025-04-16 23:10:57,333 - INFO - [omi-2.txt] mode=strict_deviation, all=None, threshold=3.5, P=0.4559, R=1.0000, F1=0.6263
2025-04-16 23:10:57,333 - INFO - [omi-2.txt] mode=strict_deviation, all=None, threshold=4.0, P=0.4559, R=1.0000, F1=0.6263
2025-04-16 23:10:57,428 - INFO - [omi-2.txt] mode=strict_deviation, all=None, threshold=4.5, P=0.4559, R=1.0000, F1=0.6263
2025-04-16 23:10:57,428 - INFO - [omi-2.txt] mode=strict_deviation, all=None, threshold=5.0, P=0.4559, R=1.0000, F1=0.6263
2025-04-16 23:10:57,429 - INFO - [omi-2.txt] mode=strict_deviation, all=None, threshold=5.5, P=0.4559, R=1.0000, F1=0.6263
2025-04-16 23:10:57,462 - INFO - [omi-2.txt] mode=strict_deviation, all=None, threshold=6.0, P=0.4559, R=1.0000, F1=0.6263
2025-04-16 23:10:57,490 - INFO - [omi-2.txt] mode=strict_deviation, all=None, threshold=6.5, P=0.4559, R=1.0000, F1=0.6263
2025-04-16 23:10:57,490 - INFO - [omi-2.txt] mode=strict_deviation, all=None, threshold=7.0, P=0.4697, R=1.0000, F1=0.6392
2025-04-16 23:10:57,539 - INFO - [omi-11] Starting grid search...
2025-04-16 23:11:01,498 - INFO - [omi-11.txt] mode=strict_deviation, all=None, threshold=0.0, P=0.3434, R=0.9828, F1=0.5089
2025-04-16 23:11:01,504 - INFO - [omi-11.txt] mode=strict_deviation, all=None, threshold=0.5, P=0.3434, R=0.9828, F1=0.5089
2025-04-16 23:11:01,504 - INFO - [omi-11.txt] mode=strict_deviation, all=None, threshold=1.0, P=0.3434, R=0.9828, F1=0.5089
2025-04-16 23:11:01,506 - INFO - [omi-11.txt] mode=strict_deviation, all=None, threshold=1.5, P=0.3434, R=0.9828, F1=0.5089
2025-04-16 23:11:01,512 - INFO - [omi-11.txt] mode=strict_deviation, all=None, threshold=2.0, P=0.3434, R=0.9828, F1=0.5089
2025-04-16 23:11:01,512 - INFO - [omi-11.txt] mode=strict_deviation, all=None, threshold=2.5, P=0.3434, R=0.9828, F1=0.5089
2025-04-16 23:11:01,514 - INFO - [omi-11.txt] mode=strict_deviation, all=None, threshold=3.0, P=0.3434, R=0.9828, F1=0.5089
2025-04-16 23:11:01,514 - INFO - [omi-11.txt] mode=strict_deviation, all=None, threshold=3.5, P=0.3434, R=0.9828, F1=0.5089
2025-04-16 23:11:01,528 - INFO - [omi-11.txt] mode=strict_deviation, all=None, threshold=4.0, P=0.3434, R=0.9828, F1=0.5089
2025-04-16 23:11:01,542 - INFO - [omi-11.txt] mode=strict_deviation, all=None, threshold=4.5, P=0.3434, R=0.9828, F1=0.5089
2025-04-16 23:11:01,543 - INFO - [omi-11.txt] mode=strict_deviation, all=None, threshold=5.0, P=0.3434, R=0.9828, F1=0.5089
2025-04-16 23:11:01,543 - INFO - [omi-11.txt] mode=strict_deviation, all=None, threshold=5.5, P=0.3434, R=0.9828, F1=0.5089
2025-04-16 23:11:01,545 - INFO - [omi-11.txt] mode=strict_deviation, all=None, threshold=6.0, P=0.3434, R=0.9828, F1=0.5089
2025-04-16 23:11:01,555 - INFO - [omi-11.txt] mode=strict_deviation, all=None, threshold=6.5, P=0.3434, R=0.9828, F1=0.5089
2025-04-16 23:11:01,568 - INFO - [omi-11.txt] mode=strict_deviation, all=None, threshold=7.0, P=0.3434, R=0.9828, F1=0.5089
2025-04-16 23:11:01,614 - INFO - [omi-10] Starting grid search...
2025-04-16 23:11:05,516 - INFO - [omi-10.txt] mode=strict_deviation, all=None, threshold=0.0, P=0.4688, R=0.9836, F1=0.6349
2025-04-16 23:11:05,558 - INFO - [omi-10.txt] mode=strict_deviation, all=None, threshold=0.5, P=0.4688, R=0.9836, F1=0.6349
2025-04-16 23:11:05,567 - INFO - [omi-10.txt] mode=strict_deviation, all=None, threshold=1.0, P=0.4688, R=0.9836, F1=0.6349
2025-04-16 23:11:05,568 - INFO - [omi-10.txt] mode=strict_deviation, all=None, threshold=1.5, P=0.4688, R=0.9836, F1=0.6349
2025-04-16 23:11:05,593 - INFO - [omi-10.txt] mode=strict_deviation, all=None, threshold=2.0, P=0.4688, R=0.9836, F1=0.6349
2025-04-16 23:11:05,594 - INFO - [omi-10.txt] mode=strict_deviation, all=None, threshold=2.5, P=0.4688, R=0.9836, F1=0.6349
2025-04-16 23:11:05,594 - INFO - [omi-10.txt] mode=strict_deviation, all=None, threshold=3.0, P=0.4683, R=0.9672, F1=0.6310
2025-04-16 23:11:05,594 - INFO - [omi-10.txt] mode=strict_deviation, all=None, threshold=3.5, P=0.4758, R=0.9672, F1=0.6378
2025-04-16 23:11:05,700 - INFO - [omi-10.txt] mode=strict_deviation, all=None, threshold=4.0, P=0.4836, R=0.9672, F1=0.6448
2025-04-16 23:11:05,701 - INFO - [omi-10.txt] mode=strict_deviation, all=None, threshold=4.5, P=0.4836, R=0.9672, F1=0.6448
2025-04-16 23:11:05,701 - INFO - [omi-10.txt] mode=strict_deviation, all=None, threshold=5.0, P=0.4836, R=0.9672, F1=0.6448
2025-04-16 23:11:05,701 - INFO - [omi-10.txt] mode=strict_deviation, all=None, threshold=5.5, P=0.4836, R=0.9672, F1=0.6448
2025-04-16 23:11:05,701 - INFO - [omi-10.txt] mode=strict_deviation, all=None, threshold=6.0, P=0.4836, R=0.9672, F1=0.6448
2025-04-16 23:11:05,701 - INFO - [omi-10.txt] mode=strict_deviation, all=None, threshold=6.5, P=0.4836, R=0.9672, F1=0.6448
2025-04-16 23:11:05,702 - INFO - [omi-10.txt] mode=strict_deviation, all=None, threshold=7.0, P=0.4836, R=0.9672, F1=0.6448
2025-04-16 23:11:05,747 - INFO - [omi-4] Starting grid search...
2025-04-16 23:11:09,556 - INFO - [omi-4.txt] mode=strict_deviation, all=None, threshold=0.0, P=0.8250, R=0.9851, F1=0.8980
2025-04-16 23:11:09,577 - INFO - [omi-4.txt] mode=strict_deviation, all=None, threshold=0.5, P=0.8250, R=0.9851, F1=0.8980
2025-04-16 23:11:09,578 - INFO - [omi-4.txt] mode=strict_deviation, all=None, threshold=1.0, P=0.8250, R=0.9851, F1=0.8980
2025-04-16 23:11:09,603 - INFO - [omi-4.txt] mode=strict_deviation, all=None, threshold=1.5, P=0.8250, R=0.9851, F1=0.8980
2025-04-16 23:11:09,603 - INFO - [omi-4.txt] mode=strict_deviation, all=None, threshold=2.0, P=0.8250, R=0.9851, F1=0.8980
2025-04-16 23:11:09,603 - INFO - [omi-4.txt] mode=strict_deviation, all=None, threshold=2.5, P=0.8250, R=0.9851, F1=0.8980
2025-04-16 23:11:09,604 - INFO - [omi-4.txt] mode=strict_deviation, all=None, threshold=3.0, P=0.8250, R=0.9851, F1=0.8980
2025-04-16 23:11:09,761 - INFO - [omi-4.txt] mode=strict_deviation, all=None, threshold=3.5, P=0.8462, R=0.9851, F1=0.9103
2025-04-16 23:11:09,762 - INFO - [omi-4.txt] mode=strict_deviation, all=None, threshold=4.0, P=0.8462, R=0.9851, F1=0.9103
2025-04-16 23:11:09,763 - INFO - [omi-4.txt] mode=strict_deviation, all=None, threshold=4.5, P=0.8462, R=0.9851, F1=0.9103
2025-04-16 23:11:09,763 - INFO - [omi-4.txt] mode=strict_deviation, all=None, threshold=5.0, P=0.8462, R=0.9851, F1=0.9103
2025-04-16 23:11:09,763 - INFO - [omi-4.txt] mode=strict_deviation, all=None, threshold=5.5, P=0.8462, R=0.9851, F1=0.9103
2025-04-16 23:11:09,763 - INFO - [omi-4.txt] mode=strict_deviation, all=None, threshold=6.0, P=0.8462, R=0.9851, F1=0.9103
2025-04-16 23:11:09,764 - INFO - [omi-4.txt] mode=strict_deviation, all=None, threshold=6.5, P=0.8462, R=0.9851, F1=0.9103
2025-04-16 23:11:09,764 - INFO - [omi-4.txt] mode=strict_deviation, all=None, threshold=7.0, P=0.8442, R=0.9701, F1=0.9028
2025-04-16 23:11:09,809 - INFO - [omi-3] Starting grid search...
2025-04-16 23:11:13,517 - INFO - [omi-3.txt] mode=strict_deviation, all=None, threshold=0.0, P=0.8025, R=0.8333, F1=0.8176
2025-04-16 23:11:13,581 - INFO - [omi-3.txt] mode=strict_deviation, all=None, threshold=0.5, P=0.8025, R=0.8333, F1=0.8176
2025-04-16 23:11:13,581 - INFO - [omi-3.txt] mode=strict_deviation, all=None, threshold=1.0, P=0.8025, R=0.8333, F1=0.8176
2025-04-16 23:11:13,581 - INFO - [omi-3.txt] mode=strict_deviation, all=None, threshold=1.5, P=0.8025, R=0.8333, F1=0.8176
2025-04-16 23:11:13,581 - INFO - [omi-3.txt] mode=strict_deviation, all=None, threshold=2.0, P=0.8025, R=0.8333, F1=0.8176
2025-04-16 23:11:13,581 - INFO - [omi-3.txt] mode=strict_deviation, all=None, threshold=2.5, P=0.8025, R=0.8333, F1=0.8176
2025-04-16 23:11:13,581 - INFO - [omi-3.txt] mode=strict_deviation, all=None, threshold=3.0, P=0.8025, R=0.8333, F1=0.8176
2025-04-16 23:11:13,581 - INFO - [omi-3.txt] mode=strict_deviation, all=None, threshold=3.5, P=0.8228, R=0.8333, F1=0.8280
2025-04-16 23:11:13,630 - INFO - [omi-3.txt] mode=strict_deviation, all=None, threshold=4.0, P=0.8228, R=0.8333, F1=0.8280
2025-04-16 23:11:13,630 - INFO - [omi-3.txt] mode=strict_deviation, all=None, threshold=4.5, P=0.8228, R=0.8333, F1=0.8280
2025-04-16 23:11:13,631 - INFO - [omi-3.txt] mode=strict_deviation, all=None, threshold=5.0, P=0.8228, R=0.8333, F1=0.8280
2025-04-16 23:11:13,631 - INFO - [omi-3.txt] mode=strict_deviation, all=None, threshold=5.5, P=0.8228, R=0.8333, F1=0.8280
2025-04-16 23:11:13,631 - INFO - [omi-3.txt] mode=strict_deviation, all=None, threshold=6.0, P=0.8228, R=0.8333, F1=0.8280
2025-04-16 23:11:13,631 - INFO - [omi-3.txt] mode=strict_deviation, all=None, threshold=6.5, P=0.8205, R=0.8205, F1=0.8205
2025-04-16 23:11:13,849 - INFO - [omi-3.txt] mode=strict_deviation, all=None, threshold=7.0, P=0.8205, R=0.8205, F1=0.8205
2025-04-16 23:11:13,893 - INFO - 
==================================================
2025-04-16 23:11:13,893 - INFO - 开始汇总结果...
2025-04-16 23:11:13,901 - INFO - 
===== Best Results per Dataset =====
   dataset       score_mode neighbor_param  score_threshold neighbor_selection  precision   recall  f1_score
 omi-1.txt strict_deviation           None              0.0                all   0.739496 0.988764  0.846154
omi-10.txt strict_deviation           None              6.0                all   0.483607 0.967213  0.644809
omi-11.txt strict_deviation           None              3.0                all   0.343373 0.982759  0.508929
omi-12.txt strict_deviation           None              5.5                all   0.649123 0.925000  0.762887
 omi-2.txt strict_deviation           None              7.0                all   0.469697 1.000000  0.639175
 omi-3.txt strict_deviation           None              5.5                all   0.822785 0.833333  0.828025
 omi-4.txt strict_deviation           None              6.0                all   0.846154 0.985075  0.910345
 omi-5.txt strict_deviation           None              0.5                all   0.475728 1.000000  0.644737
 omi-6.txt strict_deviation           None              5.0                all   0.263804 0.977273  0.415459
 omi-7.txt strict_deviation           None              2.0                all   0.904762 0.974359  0.938272
 omi-8.txt strict_deviation           None              5.5                all   0.358025 0.935484  0.517857
 omi-9.txt strict_deviation           None              6.5                all   0.496183 0.915493  0.643564
2025-04-16 23:11:13,901 - INFO - 
===== Overall Metrics =====
Precision: 0.4957  Recall: 0.9547  F1: 0.6525
2025-04-16 23:11:13,901 - INFO - 
【原始汇总指标】
2025-04-16 23:11:13,901 - INFO - 精确率(Precision): 0.4957
2025-04-16 23:11:13,901 - INFO - 召回率(Recall):    0.9547
2025-04-16 23:11:13,901 - INFO - F1值:             0.6525
2025-04-16 23:11:13,901 - INFO - 
==================================================
2025-04-16 23:11:13,901 - INFO - 开始生成可视化结果...
2025-04-16 23:11:13,901 - INFO - 
==================================================
2025-04-16 23:11:13,901 - INFO - 开始数据集可视化: omi-1
2025-04-16 23:11:13,901 - INFO - 使用参数: 评分模式=strict_deviation, all=None, 阈值=0.0
2025-04-16 23:11:13,901 - INFO - ==================================================

2025-04-16 23:11:13,901 - INFO - 正在加载数据集 omi-1 的数据
2025-04-16 23:11:13,902 - INFO - 数据加载成功。训练集形状: (8640, 19), 测试集形状: (4320, 19)
2025-04-16 23:11:13,903 - INFO - 正在计算边缘统计量...
2025-04-16 23:11:17,097 - INFO - 已计算 170 条边的统计量
2025-04-16 23:11:17,097 - INFO - 为每个节点使用所有邻居
2025-04-16 23:11:17,097 - INFO - 可视化结果将保存到: ./visual/omi/neighbor_all/strict_deviation/omi-1
2025-04-16 23:11:17,098 - INFO - 在数据集中发现 7 个异常时间段
2025-04-16 23:11:17,098 - INFO - 
正在处理时间段 1/7: 760-765
2025-04-16 23:11:17,098 - INFO - 该时间段的真实异常节点: {4, 5, 7, 8, 9, 10, 11, 12, 13, 14, 15, 16, 17, 18, 19}
2025-04-16 23:11:17,098 - INFO - 正在计算异常分数...
2025-04-16 23:11:17,100 - INFO - 检测到的异常节点: {1, 4, 7, 8, 9, 10, 11, 12, 13, 14, 15, 16, 17, 18, 19}
2025-04-16 23:11:17,101 - INFO - 正在为时间段 760-765 生成可视化
2025-04-16 23:11:17,101 - INFO - 正在为时间段 760-765 生成异常图可视化
2025-04-16 23:11:17,101 - DEBUG - 创建包含 19 个节点的图结构
2025-04-16 23:11:17,102 - DEBUG - 边统计: 正常边 218 条, 异常边 22 条
2025-04-16 23:11:17,168 - DEBUG - 正在保存可视化结果到 ./visual/omi/neighbor_all/strict_deviation/omi-1/seg_0_760_765.png
2025-04-16 23:11:17,392 - INFO - 成功保存时间段 760-765 的可视化结果
2025-04-16 23:11:17,393 - INFO - 
正在处理时间段 2/7: 1064-1298
2025-04-16 23:11:17,393 - INFO - 该时间段的真实异常节点: {6, 7, 9, 10, 11, 12, 13, 14, 15, 16, 17, 18, 19}
2025-04-16 23:11:17,393 - INFO - 正在计算异常分数...
2025-04-16 23:11:17,572 - INFO - 检测到的异常节点: {1, 3, 4, 5, 6, 7, 8, 9, 10, 11, 12, 13, 14, 15, 16, 17, 18, 19}
2025-04-16 23:11:17,573 - INFO - 正在为时间段 1064-1298 生成可视化
2025-04-16 23:11:17,573 - INFO - 正在为时间段 1064-1298 生成异常图可视化
2025-04-16 23:11:17,573 - DEBUG - 创建包含 19 个节点的图结构
2025-04-16 23:11:17,574 - DEBUG - 边统计: 正常边 284 条, 异常边 22 条
2025-04-16 23:11:17,631 - DEBUG - 正在保存可视化结果到 ./visual/omi/neighbor_all/strict_deviation/omi-1/seg_1_1064_1298.png
2025-04-16 23:11:17,884 - INFO - 成功保存时间段 1064-1298 的可视化结果
2025-04-16 23:11:17,884 - INFO - 
正在处理时间段 3/7: 2758-2772
2025-04-16 23:11:17,884 - INFO - 该时间段的真实异常节点: {5, 6, 7, 8, 9, 10, 11, 12, 13, 14, 15, 16, 17, 18, 19}
2025-04-16 23:11:17,884 - INFO - 正在计算异常分数...
2025-04-16 23:11:17,896 - INFO - 检测到的异常节点: {1, 4, 5, 6, 7, 8, 9, 10, 11, 12, 13, 14, 15, 16, 17, 18, 19}
2025-04-16 23:11:17,896 - INFO - 正在为时间段 2758-2772 生成可视化
2025-04-16 23:11:17,896 - INFO - 正在为时间段 2758-2772 生成异常图可视化
2025-04-16 23:11:17,896 - DEBUG - 创建包含 19 个节点的图结构
2025-04-16 23:11:17,897 - DEBUG - 边统计: 正常边 218 条, 异常边 54 条
2025-04-16 23:11:18,047 - DEBUG - 正在保存可视化结果到 ./visual/omi/neighbor_all/strict_deviation/omi-1/seg_2_2758_2772.png
2025-04-16 23:11:18,272 - INFO - 成功保存时间段 2758-2772 的可视化结果
2025-04-16 23:11:18,272 - INFO - 
正在处理时间段 4/7: 2874-2885
2025-04-16 23:11:18,273 - INFO - 该时间段的真实异常节点: {7, 9, 10, 11, 12, 13, 14, 15, 16, 17, 18}
2025-04-16 23:11:18,273 - INFO - 正在计算异常分数...
2025-04-16 23:11:18,281 - INFO - 检测到的异常节点: {1, 4, 5, 6, 7, 8, 9, 10, 11, 12, 13, 14, 15, 16, 17, 18, 19}
2025-04-16 23:11:18,281 - INFO - 正在为时间段 2874-2885 生成可视化
2025-04-16 23:11:18,281 - INFO - 正在为时间段 2874-2885 生成异常图可视化
2025-04-16 23:11:18,281 - DEBUG - 创建包含 19 个节点的图结构
2025-04-16 23:11:18,283 - DEBUG - 边统计: 正常边 250 条, 异常边 22 条
2025-04-16 23:11:18,342 - DEBUG - 正在保存可视化结果到 ./visual/omi/neighbor_all/strict_deviation/omi-1/seg_3_2874_2885.png
2025-04-16 23:11:18,564 - INFO - 成功保存时间段 2874-2885 的可视化结果
2025-04-16 23:11:18,564 - INFO - 
正在处理时间段 5/7: 3012-3025
2025-04-16 23:11:18,564 - INFO - 该时间段的真实异常节点: {7, 10, 11, 12, 13, 14, 15, 16, 17, 18, 19}
2025-04-16 23:11:18,564 - INFO - 正在计算异常分数...
2025-04-16 23:11:18,574 - INFO - 检测到的异常节点: {1, 4, 5, 6, 7, 8, 9, 10, 11, 12, 13, 14, 15, 16, 17, 18, 19}
2025-04-16 23:11:18,575 - INFO - 正在为时间段 3012-3025 生成可视化
2025-04-16 23:11:18,575 - INFO - 正在为时间段 3012-3025 生成异常图可视化
2025-04-16 23:11:18,575 - DEBUG - 创建包含 19 个节点的图结构
2025-04-16 23:11:18,576 - DEBUG - 边统计: 正常边 232 条, 异常边 40 条
2025-04-16 23:11:18,636 - DEBUG - 正在保存可视化结果到 ./visual/omi/neighbor_all/strict_deviation/omi-1/seg_4_3012_3025.png
2025-04-16 23:11:18,860 - INFO - 成功保存时间段 3012-3025 的可视化结果
2025-04-16 23:11:18,860 - INFO - 
正在处理时间段 6/7: 3160-3305
2025-04-16 23:11:18,861 - INFO - 该时间段的真实异常节点: {8, 9, 10, 11, 12, 13, 14, 15, 16, 17, 18, 19}
2025-04-16 23:11:18,861 - INFO - 正在计算异常分数...
2025-04-16 23:11:18,972 - INFO - 检测到的异常节点: {1, 3, 4, 5, 6, 7, 8, 9, 10, 11, 12, 13, 14, 15, 16, 17, 18, 19}
2025-04-16 23:11:18,972 - INFO - 正在为时间段 3160-3305 生成可视化
2025-04-16 23:11:18,972 - INFO - 正在为时间段 3160-3305 生成异常图可视化
2025-04-16 23:11:18,972 - DEBUG - 创建包含 19 个节点的图结构
2025-04-16 23:11:18,974 - DEBUG - 边统计: 正常边 304 条, 异常边 2 条
2025-04-16 23:11:19,031 - DEBUG - 正在保存可视化结果到 ./visual/omi/neighbor_all/strict_deviation/omi-1/seg_5_3160_3305.png
2025-04-16 23:11:19,284 - INFO - 成功保存时间段 3160-3305 的可视化结果
2025-04-16 23:11:19,284 - INFO - 
正在处理时间段 7/7: 3626-3638
2025-04-16 23:11:19,284 - INFO - 该时间段的真实异常节点: {7, 9, 10, 11, 12, 13, 14, 15, 16, 17, 18, 19}
2025-04-16 23:11:19,284 - INFO - 正在计算异常分数...
2025-04-16 23:11:19,294 - INFO - 检测到的异常节点: {1, 4, 5, 6, 7, 8, 9, 10, 11, 12, 13, 14, 15, 16, 17, 18, 19}
2025-04-16 23:11:19,294 - INFO - 正在为时间段 3626-3638 生成可视化
2025-04-16 23:11:19,294 - INFO - 正在为时间段 3626-3638 生成异常图可视化
2025-04-16 23:11:19,294 - DEBUG - 创建包含 19 个节点的图结构
2025-04-16 23:11:19,296 - DEBUG - 边统计: 正常边 234 条, 异常边 38 条
2025-04-16 23:11:19,356 - DEBUG - 正在保存可视化结果到 ./visual/omi/neighbor_all/strict_deviation/omi-1/seg_6_3626_3638.png
2025-04-16 23:11:19,581 - INFO - 成功保存时间段 3626-3638 的可视化结果
2025-04-16 23:11:19,581 - INFO - 正在从 ./visual/omi/neighbor_all/strict_deviation/omi-1 中的图像创建GIF
2025-04-16 23:11:20,068 - INFO - GIF已保存到 ./visual/omi/neighbor_all/strict_deviation/omi-1/omi-1.gif
2025-04-16 23:11:20,069 - INFO - 
==================================================
2025-04-16 23:11:20,069 - INFO - 开始数据集可视化: omi-10
2025-04-16 23:11:20,069 - INFO - 使用参数: 评分模式=strict_deviation, all=None, 阈值=6.0
2025-04-16 23:11:20,069 - INFO - ==================================================

2025-04-16 23:11:20,069 - INFO - 正在加载数据集 omi-10 的数据
2025-04-16 23:11:20,070 - INFO - 数据加载成功。训练集形状: (8640, 19), 测试集形状: (4320, 19)
2025-04-16 23:11:20,070 - INFO - 正在计算边缘统计量...
2025-04-16 23:11:23,660 - INFO - 已计算 136 条边的统计量
2025-04-16 23:11:23,660 - INFO - 为每个节点使用所有邻居
2025-04-16 23:11:23,660 - INFO - 可视化结果将保存到: ./visual/omi/neighbor_all/strict_deviation/omi-10
2025-04-16 23:11:23,661 - INFO - 在数据集中发现 8 个异常时间段
2025-04-16 23:11:23,661 - INFO - 
正在处理时间段 1/8: 740-780
2025-04-16 23:11:23,661 - INFO - 该时间段的真实异常节点: {2, 5, 6, 7, 8, 9, 10, 11, 12, 13, 14, 15, 16, 17, 18, 19}
2025-04-16 23:11:23,661 - INFO - 正在计算异常分数...
2025-04-16 23:11:23,699 - INFO - 检测到的异常节点: {1, 4, 5, 6, 7, 8, 9, 10, 11, 12, 13, 14, 15, 16, 17, 18, 19}
2025-04-16 23:11:23,699 - INFO - 正在为时间段 740-780 生成可视化
2025-04-16 23:11:23,699 - INFO - 正在为时间段 740-780 生成异常图可视化
2025-04-16 23:11:23,699 - DEBUG - 创建包含 19 个节点的图结构
2025-04-16 23:11:23,701 - DEBUG - 边统计: 正常边 166 条, 异常边 106 条
2025-04-16 23:11:23,761 - DEBUG - 正在保存可视化结果到 ./visual/omi/neighbor_all/strict_deviation/omi-10/seg_0_740_780.png
2025-04-16 23:11:23,988 - INFO - 成功保存时间段 740-780 的可视化结果
2025-04-16 23:11:23,988 - INFO - 
正在处理时间段 2/8: 1345-1406
2025-04-16 23:11:23,988 - INFO - 该时间段的真实异常节点: {7, 9, 10, 11, 12, 13, 14, 15, 16, 17, 18}
2025-04-16 23:11:23,988 - INFO - 正在计算异常分数...
2025-04-16 23:11:24,047 - INFO - 检测到的异常节点: {1, 4, 5, 6, 7, 8, 9, 10, 11, 12, 13, 14, 15, 16, 17, 18, 19}
2025-04-16 23:11:24,047 - INFO - 正在为时间段 1345-1406 生成可视化
2025-04-16 23:11:24,047 - INFO - 正在为时间段 1345-1406 生成异常图可视化
2025-04-16 23:11:24,047 - DEBUG - 创建包含 19 个节点的图结构
2025-04-16 23:11:24,049 - DEBUG - 边统计: 正常边 268 条, 异常边 4 条
2025-04-16 23:11:24,109 - DEBUG - 正在保存可视化结果到 ./visual/omi/neighbor_all/strict_deviation/omi-10/seg_1_1345_1406.png
2025-04-16 23:11:24,334 - INFO - 成功保存时间段 1345-1406 的可视化结果
2025-04-16 23:11:24,334 - INFO - 
正在处理时间段 3/8: 2224-2272
2025-04-16 23:11:24,334 - INFO - 该时间段的真实异常节点: {4, 5, 6, 7, 9, 10, 11, 12, 13, 14, 15, 16, 17, 18, 19}
2025-04-16 23:11:24,334 - INFO - 正在计算异常分数...
2025-04-16 23:11:24,381 - INFO - 检测到的异常节点: {1, 4, 5, 6, 7, 8, 9, 10, 11, 12, 13, 14, 15, 16, 17, 18, 19}
2025-04-16 23:11:24,381 - INFO - 正在为时间段 2224-2272 生成可视化
2025-04-16 23:11:24,381 - INFO - 正在为时间段 2224-2272 生成异常图可视化
2025-04-16 23:11:24,381 - DEBUG - 创建包含 19 个节点的图结构
2025-04-16 23:11:24,382 - DEBUG - 边统计: 正常边 264 条, 异常边 8 条
2025-04-16 23:11:24,442 - DEBUG - 正在保存可视化结果到 ./visual/omi/neighbor_all/strict_deviation/omi-10/seg_2_2224_2272.png
2025-04-16 23:11:24,667 - INFO - 成功保存时间段 2224-2272 的可视化结果
2025-04-16 23:11:24,667 - INFO - 
正在处理时间段 4/8: 2514-2592
2025-04-16 23:11:24,668 - INFO - 该时间段的真实异常节点: {16, 4}
2025-04-16 23:11:24,668 - INFO - 正在计算异常分数...
2025-04-16 23:11:24,743 - INFO - 检测到的异常节点: {1, 4, 5, 6, 7, 8, 9, 10, 11, 12, 13, 14, 15, 16, 17, 18, 19}
2025-04-16 23:11:24,743 - INFO - 正在为时间段 2514-2592 生成可视化
2025-04-16 23:11:24,743 - INFO - 正在为时间段 2514-2592 生成异常图可视化
2025-04-16 23:11:24,743 - DEBUG - 创建包含 19 个节点的图结构
2025-04-16 23:11:24,744 - DEBUG - 边统计: 正常边 272 条, 异常边 0 条
2025-04-16 23:11:24,804 - DEBUG - 正在保存可视化结果到 ./visual/omi/neighbor_all/strict_deviation/omi-10/seg_3_2514_2592.png
2025-04-16 23:11:25,029 - INFO - 成功保存时间段 2514-2592 的可视化结果
2025-04-16 23:11:25,029 - INFO - 
正在处理时间段 5/8: 2733-2778
2025-04-16 23:11:25,029 - INFO - 该时间段的真实异常节点: {11, 14, 15}
2025-04-16 23:11:25,029 - INFO - 正在计算异常分数...
2025-04-16 23:11:25,071 - INFO - 检测到的异常节点: {1, 4, 5, 7, 8, 9, 10, 11, 12, 13, 14, 15, 16, 17, 18, 19}
2025-04-16 23:11:25,072 - INFO - 正在为时间段 2733-2778 生成可视化
2025-04-16 23:11:25,072 - INFO - 正在为时间段 2733-2778 生成异常图可视化
2025-04-16 23:11:25,072 - DEBUG - 创建包含 19 个节点的图结构
2025-04-16 23:11:25,073 - DEBUG - 边统计: 正常边 238 条, 异常边 2 条
2025-04-16 23:11:25,134 - DEBUG - 正在保存可视化结果到 ./visual/omi/neighbor_all/strict_deviation/omi-10/seg_4_2733_2778.png
2025-04-16 23:11:25,357 - INFO - 成功保存时间段 2733-2778 的可视化结果
2025-04-16 23:11:25,357 - INFO - 
正在处理时间段 6/8: 3401-3405
2025-04-16 23:11:25,357 - INFO - 该时间段的真实异常节点: {1}
2025-04-16 23:11:25,357 - INFO - 正在计算异常分数...
2025-04-16 23:11:25,359 - INFO - 检测到的异常节点: {16, 4, 5, 6}
2025-04-16 23:11:25,359 - INFO - 正在为时间段 3401-3405 生成可视化
2025-04-16 23:11:25,359 - INFO - 正在为时间段 3401-3405 生成异常图可视化
2025-04-16 23:11:25,359 - DEBUG - 创建包含 19 个节点的图结构
2025-04-16 23:11:25,360 - DEBUG - 边统计: 正常边 252 条, 异常边 20 条
2025-04-16 23:11:25,419 - DEBUG - 正在保存可视化结果到 ./visual/omi/neighbor_all/strict_deviation/omi-10/seg_5_3401_3405.png
2025-04-16 23:11:25,645 - INFO - 成功保存时间段 3401-3405 的可视化结果
2025-04-16 23:11:25,645 - INFO - 
正在处理时间段 7/8: 3414-3459
2025-04-16 23:11:25,645 - INFO - 该时间段的真实异常节点: {8}
2025-04-16 23:11:25,645 - INFO - 正在计算异常分数...
2025-04-16 23:11:25,688 - INFO - 检测到的异常节点: {1, 4, 5, 6, 7, 8, 9, 10, 11, 12, 13, 14, 15, 16, 17, 18, 19}
2025-04-16 23:11:25,688 - INFO - 正在为时间段 3414-3459 生成可视化
2025-04-16 23:11:25,688 - INFO - 正在为时间段 3414-3459 生成异常图可视化
2025-04-16 23:11:25,688 - DEBUG - 创建包含 19 个节点的图结构
2025-04-16 23:11:25,689 - DEBUG - 边统计: 正常边 234 条, 异常边 38 条
2025-04-16 23:11:25,827 - DEBUG - 正在保存可视化结果到 ./visual/omi/neighbor_all/strict_deviation/omi-10/seg_6_3414_3459.png
2025-04-16 23:11:26,055 - INFO - 成功保存时间段 3414-3459 的可视化结果
2025-04-16 23:11:26,055 - INFO - 
正在处理时间段 8/8: 3700-3744
2025-04-16 23:11:26,055 - INFO - 该时间段的真实异常节点: {7, 8, 9, 10, 11, 12, 13, 14, 15, 16, 17, 18}
2025-04-16 23:11:26,055 - INFO - 正在计算异常分数...
2025-04-16 23:11:26,095 - INFO - 检测到的异常节点: {1, 4, 5, 6, 7, 8, 9, 10, 11, 12, 13, 14, 15, 16, 17, 18, 19}
2025-04-16 23:11:26,095 - INFO - 正在为时间段 3700-3744 生成可视化
2025-04-16 23:11:26,095 - INFO - 正在为时间段 3700-3744 生成异常图可视化
2025-04-16 23:11:26,096 - DEBUG - 创建包含 19 个节点的图结构
2025-04-16 23:11:26,097 - DEBUG - 边统计: 正常边 228 条, 异常边 44 条
2025-04-16 23:11:26,156 - DEBUG - 正在保存可视化结果到 ./visual/omi/neighbor_all/strict_deviation/omi-10/seg_7_3700_3744.png
2025-04-16 23:11:26,383 - INFO - 成功保存时间段 3700-3744 的可视化结果
2025-04-16 23:11:26,383 - INFO - 正在从 ./visual/omi/neighbor_all/strict_deviation/omi-10 中的图像创建GIF
2025-04-16 23:11:26,942 - INFO - GIF已保存到 ./visual/omi/neighbor_all/strict_deviation/omi-10/omi-10.gif
2025-04-16 23:11:26,944 - INFO - 
==================================================
2025-04-16 23:11:26,944 - INFO - 开始数据集可视化: omi-11
2025-04-16 23:11:26,944 - INFO - 使用参数: 评分模式=strict_deviation, all=None, 阈值=3.0
2025-04-16 23:11:26,944 - INFO - ==================================================

2025-04-16 23:11:26,944 - INFO - 正在加载数据集 omi-11 的数据
2025-04-16 23:11:26,946 - INFO - 数据加载成功。训练集形状: (8640, 19), 测试集形状: (4320, 19)
2025-04-16 23:11:26,946 - INFO - 正在计算边缘统计量...
2025-04-16 23:11:30,550 - INFO - 已计算 153 条边的统计量
2025-04-16 23:11:30,550 - INFO - 为每个节点使用所有邻居
2025-04-16 23:11:30,550 - INFO - 可视化结果将保存到: ./visual/omi/neighbor_all/strict_deviation/omi-11
2025-04-16 23:11:30,551 - INFO - 在数据集中发现 9 个异常时间段
2025-04-16 23:11:30,551 - INFO - 
正在处理时间段 1/9: 738-755
2025-04-16 23:11:30,551 - INFO - 该时间段的真实异常节点: {2}
2025-04-16 23:11:30,551 - INFO - 正在计算异常分数...
2025-04-16 23:11:30,564 - INFO - 检测到的异常节点: {4, 5, 6, 7, 8, 9, 10, 11, 12, 13, 14, 15, 16, 17, 18, 19}
2025-04-16 23:11:30,565 - INFO - 正在为时间段 738-755 生成可视化
2025-04-16 23:11:30,565 - INFO - 正在为时间段 738-755 生成异常图可视化
2025-04-16 23:11:30,565 - DEBUG - 创建包含 19 个节点的图结构
2025-04-16 23:11:30,566 - DEBUG - 边统计: 正常边 240 条, 异常边 0 条
2025-04-16 23:11:30,634 - DEBUG - 正在保存可视化结果到 ./visual/omi/neighbor_all/strict_deviation/omi-11/seg_0_738_755.png
2025-04-16 23:11:30,861 - INFO - 成功保存时间段 738-755 的可视化结果
2025-04-16 23:11:30,861 - INFO - 
正在处理时间段 2/9: 757-815
2025-04-16 23:11:30,861 - INFO - 该时间段的真实异常节点: set()
2025-04-16 23:11:30,861 - INFO - 正在计算异常分数...
2025-04-16 23:11:30,917 - INFO - 检测到的异常节点: {1, 4, 5, 6, 7, 8, 9, 10, 11, 12, 13, 14, 15, 16, 17, 18, 19}
2025-04-16 23:11:30,917 - INFO - 正在为时间段 757-815 生成可视化
2025-04-16 23:11:30,917 - INFO - 正在为时间段 757-815 生成异常图可视化
2025-04-16 23:11:30,917 - DEBUG - 创建包含 19 个节点的图结构
2025-04-16 23:11:30,918 - DEBUG - 边统计: 正常边 248 条, 异常边 24 条
2025-04-16 23:11:30,979 - DEBUG - 正在保存可视化结果到 ./visual/omi/neighbor_all/strict_deviation/omi-11/seg_1_757_815.png
2025-04-16 23:11:31,204 - INFO - 成功保存时间段 757-815 的可视化结果
2025-04-16 23:11:31,204 - INFO - 
正在处理时间段 3/9: 1366-1375
2025-04-16 23:11:31,204 - INFO - 该时间段的真实异常节点: {4, 5, 8, 17, 19}
2025-04-16 23:11:31,204 - INFO - 正在计算异常分数...
2025-04-16 23:11:31,211 - INFO - 检测到的异常节点: {1, 4, 5, 6, 7, 8, 9, 10, 11, 12, 13, 14, 15, 16, 17, 18, 19}
2025-04-16 23:11:31,211 - INFO - 正在为时间段 1366-1375 生成可视化
2025-04-16 23:11:31,211 - INFO - 正在为时间段 1366-1375 生成异常图可视化
2025-04-16 23:11:31,211 - DEBUG - 创建包含 19 个节点的图结构
2025-04-16 23:11:31,213 - DEBUG - 边统计: 正常边 210 条, 异常边 62 条
2025-04-16 23:11:31,273 - DEBUG - 正在保存可视化结果到 ./visual/omi/neighbor_all/strict_deviation/omi-11/seg_2_1366_1375.png
2025-04-16 23:11:31,500 - INFO - 成功保存时间段 1366-1375 的可视化结果
2025-04-16 23:11:31,500 - INFO - 
正在处理时间段 4/9: 2301-2314
2025-04-16 23:11:31,500 - INFO - 该时间段的真实异常节点: {17, 19, 4, 5}
2025-04-16 23:11:31,500 - INFO - 正在计算异常分数...
2025-04-16 23:11:31,511 - INFO - 检测到的异常节点: {1, 4, 5, 6, 7, 8, 9, 10, 11, 12, 13, 14, 15, 16, 17, 18, 19}
2025-04-16 23:11:31,512 - INFO - 正在为时间段 2301-2314 生成可视化
2025-04-16 23:11:31,512 - INFO - 正在为时间段 2301-2314 生成异常图可视化
2025-04-16 23:11:31,512 - DEBUG - 创建包含 19 个节点的图结构
2025-04-16 23:11:31,513 - DEBUG - 边统计: 正常边 232 条, 异常边 40 条
2025-04-16 23:11:31,573 - DEBUG - 正在保存可视化结果到 ./visual/omi/neighbor_all/strict_deviation/omi-11/seg_3_2301_2314.png
2025-04-16 23:11:31,800 - INFO - 成功保存时间段 2301-2314 的可视化结果
2025-04-16 23:11:31,800 - INFO - 
正在处理时间段 5/9: 2365-2381
2025-04-16 23:11:31,800 - INFO - 该时间段的真实异常节点: {19}
2025-04-16 23:11:31,800 - INFO - 正在计算异常分数...
2025-04-16 23:11:31,813 - INFO - 检测到的异常节点: {4, 6, 7, 8, 9, 10, 11, 12, 13, 14, 15, 16, 17, 18, 19}
2025-04-16 23:11:31,813 - INFO - 正在为时间段 2365-2381 生成可视化
2025-04-16 23:11:31,813 - INFO - 正在为时间段 2365-2381 生成异常图可视化
2025-04-16 23:11:31,813 - DEBUG - 创建包含 19 个节点的图结构
2025-04-16 23:11:31,814 - DEBUG - 边统计: 正常边 168 条, 异常边 42 条
2025-04-16 23:11:31,875 - DEBUG - 正在保存可视化结果到 ./visual/omi/neighbor_all/strict_deviation/omi-11/seg_4_2365_2381.png
2025-04-16 23:11:32,102 - INFO - 成功保存时间段 2365-2381 的可视化结果
2025-04-16 23:11:32,102 - INFO - 
正在处理时间段 6/9: 2464-2485
2025-04-16 23:11:32,102 - INFO - 该时间段的真实异常节点: {17, 19, 4, 5}
2025-04-16 23:11:32,102 - INFO - 正在计算异常分数...
2025-04-16 23:11:32,122 - INFO - 检测到的异常节点: {1, 4, 5, 6, 7, 8, 9, 10, 11, 12, 13, 14, 15, 16, 17, 18, 19}
2025-04-16 23:11:32,122 - INFO - 正在为时间段 2464-2485 生成可视化
2025-04-16 23:11:32,122 - INFO - 正在为时间段 2464-2485 生成异常图可视化
2025-04-16 23:11:32,122 - DEBUG - 创建包含 19 个节点的图结构
2025-04-16 23:11:32,123 - DEBUG - 边统计: 正常边 236 条, 异常边 36 条
2025-04-16 23:11:32,182 - DEBUG - 正在保存可视化结果到 ./visual/omi/neighbor_all/strict_deviation/omi-11/seg_5_2464_2485.png
2025-04-16 23:11:32,411 - INFO - 成功保存时间段 2464-2485 的可视化结果
2025-04-16 23:11:32,411 - INFO - 
正在处理时间段 7/9: 2588-2610
2025-04-16 23:11:32,411 - INFO - 该时间段的真实异常节点: {17, 19, 4, 5}
2025-04-16 23:11:32,411 - INFO - 正在计算异常分数...
2025-04-16 23:11:32,430 - INFO - 检测到的异常节点: {1, 4, 5, 6, 7, 8, 9, 10, 11, 12, 13, 14, 15, 16, 17, 18, 19}
2025-04-16 23:11:32,430 - INFO - 正在为时间段 2588-2610 生成可视化
2025-04-16 23:11:32,431 - INFO - 正在为时间段 2588-2610 生成异常图可视化
2025-04-16 23:11:32,431 - DEBUG - 创建包含 19 个节点的图结构
2025-04-16 23:11:32,432 - DEBUG - 边统计: 正常边 216 条, 异常边 56 条
2025-04-16 23:11:32,491 - DEBUG - 正在保存可视化结果到 ./visual/omi/neighbor_all/strict_deviation/omi-11/seg_6_2588_2610.png
2025-04-16 23:11:32,720 - INFO - 成功保存时间段 2588-2610 的可视化结果
2025-04-16 23:11:32,720 - INFO - 
正在处理时间段 8/9: 2650-2675
2025-04-16 23:11:32,720 - INFO - 该时间段的真实异常节点: {19}
2025-04-16 23:11:32,720 - INFO - 正在计算异常分数...
2025-04-16 23:11:32,742 - INFO - 检测到的异常节点: {4, 5, 6, 7, 8, 9, 10, 11, 12, 13, 14, 15, 16, 17, 18, 19}
2025-04-16 23:11:32,742 - INFO - 正在为时间段 2650-2675 生成可视化
2025-04-16 23:11:32,742 - INFO - 正在为时间段 2650-2675 生成异常图可视化
2025-04-16 23:11:32,742 - DEBUG - 创建包含 19 个节点的图结构
2025-04-16 23:11:32,743 - DEBUG - 边统计: 正常边 192 条, 异常边 48 条
2025-04-16 23:11:32,805 - DEBUG - 正在保存可视化结果到 ./visual/omi/neighbor_all/strict_deviation/omi-11/seg_7_2650_2675.png
2025-04-16 23:11:33,026 - INFO - 成功保存时间段 2650-2675 的可视化结果
2025-04-16 23:11:33,027 - INFO - 
正在处理时间段 9/9: 3012-3072
2025-04-16 23:11:33,027 - INFO - 该时间段的真实异常节点: {1, 4, 5, 8, 17, 19}
2025-04-16 23:11:33,027 - INFO - 正在计算异常分数...
2025-04-16 23:11:33,086 - INFO - 检测到的异常节点: {1, 4, 5, 6, 7, 8, 9, 10, 11, 12, 13, 14, 15, 16, 17, 18, 19}
2025-04-16 23:11:33,086 - INFO - 正在为时间段 3012-3072 生成可视化
2025-04-16 23:11:33,086 - INFO - 正在为时间段 3012-3072 生成异常图可视化
2025-04-16 23:11:33,087 - DEBUG - 创建包含 19 个节点的图结构
2025-04-16 23:11:33,088 - DEBUG - 边统计: 正常边 272 条, 异常边 0 条
2025-04-16 23:11:33,148 - DEBUG - 正在保存可视化结果到 ./visual/omi/neighbor_all/strict_deviation/omi-11/seg_8_3012_3072.png
2025-04-16 23:11:33,374 - INFO - 成功保存时间段 3012-3072 的可视化结果
2025-04-16 23:11:33,374 - INFO - 正在从 ./visual/omi/neighbor_all/strict_deviation/omi-11 中的图像创建GIF
2025-04-16 23:11:33,980 - INFO - GIF已保存到 ./visual/omi/neighbor_all/strict_deviation/omi-11/omi-11.gif
2025-04-16 23:11:33,981 - INFO - 
==================================================
2025-04-16 23:11:33,981 - INFO - 开始数据集可视化: omi-12
2025-04-16 23:11:33,981 - INFO - 使用参数: 评分模式=strict_deviation, all=None, 阈值=5.5
2025-04-16 23:11:33,981 - INFO - ==================================================

2025-04-16 23:11:33,981 - INFO - 正在加载数据集 omi-12 的数据
2025-04-16 23:11:33,982 - INFO - 数据加载成功。训练集形状: (7291, 19), 测试集形状: (4320, 19)
2025-04-16 23:11:33,982 - INFO - 正在计算边缘统计量...
2025-04-16 23:11:36,699 - INFO - 已计算 133 条边的统计量
2025-04-16 23:11:36,699 - INFO - 为每个节点使用所有邻居
2025-04-16 23:11:36,699 - INFO - 可视化结果将保存到: ./visual/omi/neighbor_all/strict_deviation/omi-12
2025-04-16 23:11:36,700 - INFO - 在数据集中发现 5 个异常时间段
2025-04-16 23:11:36,700 - INFO - 
正在处理时间段 1/5: 740-813
2025-04-16 23:11:36,700 - INFO - 该时间段的真实异常节点: {1, 2, 6, 7, 8, 9, 10, 11, 12, 13, 14, 15, 16, 17, 18, 19}
2025-04-16 23:11:36,700 - INFO - 正在计算异常分数...
2025-04-16 23:11:36,761 - INFO - 检测到的异常节点: {1, 6, 7, 8, 9, 10, 11, 12, 13, 14, 15, 16, 17, 18, 19}
2025-04-16 23:11:36,762 - INFO - 正在为时间段 740-813 生成可视化
2025-04-16 23:11:36,762 - INFO - 正在为时间段 740-813 生成异常图可视化
2025-04-16 23:11:36,762 - DEBUG - 创建包含 19 个节点的图结构
2025-04-16 23:11:36,763 - DEBUG - 边统计: 正常边 140 条, 异常边 70 条
2025-04-16 23:11:36,824 - DEBUG - 正在保存可视化结果到 ./visual/omi/neighbor_all/strict_deviation/omi-12/seg_0_740_813.png
2025-04-16 23:11:37,041 - INFO - 成功保存时间段 740-813 的可视化结果
2025-04-16 23:11:37,041 - INFO - 
正在处理时间段 2/5: 2486-2493
2025-04-16 23:11:37,041 - INFO - 该时间段的真实异常节点: {4, 5}
2025-04-16 23:11:37,041 - INFO - 正在计算异常分数...
2025-04-16 23:11:37,045 - INFO - 检测到的异常节点: {1, 4, 5, 7, 8, 9, 10, 14, 16, 17, 18}
2025-04-16 23:11:37,045 - INFO - 正在为时间段 2486-2493 生成可视化
2025-04-16 23:11:37,045 - INFO - 正在为时间段 2486-2493 生成异常图可视化
2025-04-16 23:11:37,046 - DEBUG - 创建包含 19 个节点的图结构
2025-04-16 23:11:37,047 - DEBUG - 边统计: 正常边 170 条, 异常边 36 条
2025-04-16 23:11:37,198 - DEBUG - 正在保存可视化结果到 ./visual/omi/neighbor_all/strict_deviation/omi-12/seg_1_2486_2493.png
2025-04-16 23:11:37,418 - INFO - 成功保存时间段 2486-2493 的可视化结果
2025-04-16 23:11:37,418 - INFO - 
正在处理时间段 3/5: 2515-2525
2025-04-16 23:11:37,418 - INFO - 该时间段的真实异常节点: {1, 4, 5, 7, 8, 9, 17, 18}
2025-04-16 23:11:37,419 - INFO - 正在计算异常分数...
2025-04-16 23:11:37,426 - INFO - 检测到的异常节点: {1, 4, 5, 6, 7, 8, 9, 10, 11, 12, 13, 14, 15, 16, 17, 18, 19}
2025-04-16 23:11:37,426 - INFO - 正在为时间段 2515-2525 生成可视化
2025-04-16 23:11:37,426 - INFO - 正在为时间段 2515-2525 生成异常图可视化
2025-04-16 23:11:37,426 - DEBUG - 创建包含 19 个节点的图结构
2025-04-16 23:11:37,427 - DEBUG - 边统计: 正常边 190 条, 异常边 76 条
2025-04-16 23:11:37,485 - DEBUG - 正在保存可视化结果到 ./visual/omi/neighbor_all/strict_deviation/omi-12/seg_2_2515_2525.png
2025-04-16 23:11:37,706 - INFO - 成功保存时间段 2515-2525 的可视化结果
2025-04-16 23:11:37,706 - INFO - 
正在处理时间段 4/5: 2721-2723
2025-04-16 23:11:37,706 - INFO - 该时间段的真实异常节点: {4}
2025-04-16 23:11:37,706 - INFO - 正在计算异常分数...
2025-04-16 23:11:37,706 - INFO - 检测到的异常节点: set()
2025-04-16 23:11:37,706 - INFO - 正在为时间段 2721-2723 生成可视化
2025-04-16 23:11:37,706 - INFO - 正在为时间段 2721-2723 生成异常图可视化
2025-04-16 23:11:37,707 - DEBUG - 创建包含 19 个节点的图结构
2025-04-16 23:11:37,707 - DEBUG - 边统计: 正常边 40 条, 异常边 48 条
2025-04-16 23:11:37,766 - DEBUG - 正在保存可视化结果到 ./visual/omi/neighbor_all/strict_deviation/omi-12/seg_3_2721_2723.png
2025-04-16 23:11:37,980 - INFO - 成功保存时间段 2721-2723 的可视化结果
2025-04-16 23:11:37,980 - INFO - 
正在处理时间段 5/5: 3500-3535
2025-04-16 23:11:37,980 - INFO - 该时间段的真实异常节点: {5, 6, 7, 8, 11, 12, 13, 14, 15, 16, 17, 18, 19}
2025-04-16 23:11:37,980 - INFO - 正在计算异常分数...
2025-04-16 23:11:38,006 - INFO - 检测到的异常节点: {6, 7, 8, 9, 10, 11, 12, 13, 14, 15, 16, 17, 18, 19}
2025-04-16 23:11:38,006 - INFO - 正在为时间段 3500-3535 生成可视化
2025-04-16 23:11:38,006 - INFO - 正在为时间段 3500-3535 生成异常图可视化
2025-04-16 23:11:38,006 - DEBUG - 创建包含 19 个节点的图结构
2025-04-16 23:11:38,007 - DEBUG - 边统计: 正常边 172 条, 异常边 38 条
2025-04-16 23:11:38,065 - DEBUG - 正在保存可视化结果到 ./visual/omi/neighbor_all/strict_deviation/omi-12/seg_4_3500_3535.png
2025-04-16 23:11:38,283 - INFO - 成功保存时间段 3500-3535 的可视化结果
2025-04-16 23:11:38,283 - INFO - 正在从 ./visual/omi/neighbor_all/strict_deviation/omi-12 中的图像创建GIF
2025-04-16 23:11:38,619 - INFO - GIF已保存到 ./visual/omi/neighbor_all/strict_deviation/omi-12/omi-12.gif
2025-04-16 23:11:38,619 - INFO - 
==================================================
2025-04-16 23:11:38,619 - INFO - 开始数据集可视化: omi-2
2025-04-16 23:11:38,619 - INFO - 使用参数: 评分模式=strict_deviation, all=None, 阈值=7.0
2025-04-16 23:11:38,620 - INFO - ==================================================

2025-04-16 23:11:38,620 - INFO - 正在加载数据集 omi-2 的数据
2025-04-16 23:11:38,620 - INFO - 数据加载成功。训练集形状: (8640, 19), 测试集形状: (4320, 19)
2025-04-16 23:11:38,620 - INFO - 正在计算边缘统计量...
2025-04-16 23:11:41,856 - INFO - 已计算 153 条边的统计量
2025-04-16 23:11:41,856 - INFO - 为每个节点使用所有邻居
2025-04-16 23:11:41,856 - INFO - 可视化结果将保存到: ./visual/omi/neighbor_all/strict_deviation/omi-2
2025-04-16 23:11:41,857 - INFO - 在数据集中发现 4 个异常时间段
2025-04-16 23:11:41,857 - INFO - 
正在处理时间段 1/4: 486-498
2025-04-16 23:11:41,857 - INFO - 该时间段的真实异常节点: {1, 4, 5}
2025-04-16 23:11:41,857 - INFO - 正在计算异常分数...
2025-04-16 23:11:41,866 - INFO - 检测到的异常节点: {1, 4, 5, 6, 7, 8, 9, 10, 11, 12, 13, 14, 15, 16, 17, 18, 19}
2025-04-16 23:11:41,866 - INFO - 正在为时间段 486-498 生成可视化
2025-04-16 23:11:41,866 - INFO - 正在为时间段 486-498 生成异常图可视化
2025-04-16 23:11:41,866 - DEBUG - 创建包含 19 个节点的图结构
2025-04-16 23:11:41,867 - DEBUG - 边统计: 正常边 272 条, 异常边 0 条
2025-04-16 23:11:41,924 - DEBUG - 正在保存可视化结果到 ./visual/omi/neighbor_all/strict_deviation/omi-2/seg_0_486_498.png
2025-04-16 23:11:42,128 - INFO - 成功保存时间段 486-498 的可视化结果
2025-04-16 23:11:42,128 - INFO - 
正在处理时间段 2/4: 740-753
2025-04-16 23:11:42,128 - INFO - 该时间段的真实异常节点: {2}
2025-04-16 23:11:42,128 - INFO - 正在计算异常分数...
2025-04-16 23:11:42,138 - INFO - 检测到的异常节点: {2, 4, 5, 6, 7, 8, 9, 10, 11, 12, 13, 14, 15, 16, 17, 19}
2025-04-16 23:11:42,138 - INFO - 正在为时间段 740-753 生成可视化
2025-04-16 23:11:42,138 - INFO - 正在为时间段 740-753 生成异常图可视化
2025-04-16 23:11:42,138 - DEBUG - 创建包含 19 个节点的图结构
2025-04-16 23:11:42,139 - DEBUG - 边统计: 正常边 268 条, 异常边 4 条
2025-04-16 23:11:42,191 - DEBUG - 正在保存可视化结果到 ./visual/omi/neighbor_all/strict_deviation/omi-2/seg_1_740_753.png
2025-04-16 23:11:42,393 - INFO - 成功保存时间段 740-753 的可视化结果
2025-04-16 23:11:42,393 - INFO - 
正在处理时间段 3/4: 766-783
2025-04-16 23:11:42,393 - INFO - 该时间段的真实异常节点: {1, 5, 6, 7, 8, 9, 10, 11, 12, 13, 14, 15, 16, 17, 18, 19}
2025-04-16 23:11:42,393 - INFO - 正在计算异常分数...
2025-04-16 23:11:42,405 - INFO - 检测到的异常节点: {1, 5, 6, 7, 8, 9, 10, 11, 12, 13, 14, 15, 16, 17, 18, 19}
2025-04-16 23:11:42,405 - INFO - 正在为时间段 766-783 生成可视化
2025-04-16 23:11:42,405 - INFO - 正在为时间段 766-783 生成异常图可视化
2025-04-16 23:11:42,405 - DEBUG - 创建包含 19 个节点的图结构
2025-04-16 23:11:42,407 - DEBUG - 边统计: 正常边 222 条, 异常边 50 条
2025-04-16 23:11:42,460 - DEBUG - 正在保存可视化结果到 ./visual/omi/neighbor_all/strict_deviation/omi-2/seg_2_766_783.png
2025-04-16 23:11:42,664 - INFO - 成功保存时间段 766-783 的可视化结果
2025-04-16 23:11:42,664 - INFO - 
正在处理时间段 4/4: 1436-1445
2025-04-16 23:11:42,664 - INFO - 该时间段的真实异常节点: {7, 9, 10, 11, 12, 13, 14, 15, 16, 17, 18}
2025-04-16 23:11:42,664 - INFO - 正在计算异常分数...
2025-04-16 23:11:42,670 - INFO - 检测到的异常节点: {1, 4, 5, 6, 7, 8, 9, 10, 11, 12, 13, 14, 15, 16, 17, 18, 19}
2025-04-16 23:11:42,670 - INFO - 正在为时间段 1436-1445 生成可视化
2025-04-16 23:11:42,670 - INFO - 正在为时间段 1436-1445 生成异常图可视化
2025-04-16 23:11:42,670 - DEBUG - 创建包含 19 个节点的图结构
2025-04-16 23:11:42,671 - DEBUG - 边统计: 正常边 270 条, 异常边 2 条
2025-04-16 23:11:42,725 - DEBUG - 正在保存可视化结果到 ./visual/omi/neighbor_all/strict_deviation/omi-2/seg_3_1436_1445.png
2025-04-16 23:11:42,928 - INFO - 成功保存时间段 1436-1445 的可视化结果
2025-04-16 23:11:42,928 - INFO - 正在从 ./visual/omi/neighbor_all/strict_deviation/omi-2 中的图像创建GIF
2025-04-16 23:11:43,182 - INFO - GIF已保存到 ./visual/omi/neighbor_all/strict_deviation/omi-2/omi-2.gif
2025-04-16 23:11:43,183 - INFO - 
==================================================
2025-04-16 23:11:43,183 - INFO - 开始数据集可视化: omi-3
2025-04-16 23:11:43,183 - INFO - 使用参数: 评分模式=strict_deviation, all=None, 阈值=5.5
2025-04-16 23:11:43,183 - INFO - ==================================================

2025-04-16 23:11:43,183 - INFO - 正在加载数据集 omi-3 的数据
2025-04-16 23:11:43,184 - INFO - 数据加载成功。训练集形状: (8640, 19), 测试集形状: (4320, 19)
2025-04-16 23:11:43,184 - INFO - 正在计算边缘统计量...
2025-04-16 23:11:46,254 - INFO - 已计算 136 条边的统计量
2025-04-16 23:11:46,255 - INFO - 为每个节点使用所有邻居
2025-04-16 23:11:46,255 - INFO - 可视化结果将保存到: ./visual/omi/neighbor_all/strict_deviation/omi-3
2025-04-16 23:11:46,256 - INFO - 在数据集中发现 6 个异常时间段
2025-04-16 23:11:46,256 - INFO - 
正在处理时间段 1/6: 760-820
2025-04-16 23:11:46,256 - INFO - 该时间段的真实异常节点: {1, 4, 6, 7, 8, 9, 10, 11, 12, 13, 14, 15, 16, 17, 18, 19}
2025-04-16 23:11:46,256 - INFO - 正在计算异常分数...
2025-04-16 23:11:46,309 - INFO - 检测到的异常节点: {1, 4, 5, 6, 7, 8, 9, 10, 11, 12, 13, 14, 15, 16, 17, 18, 19}
2025-04-16 23:11:46,309 - INFO - 正在为时间段 760-820 生成可视化
2025-04-16 23:11:46,309 - INFO - 正在为时间段 760-820 生成异常图可视化
2025-04-16 23:11:46,309 - DEBUG - 创建包含 19 个节点的图结构
2025-04-16 23:11:46,311 - DEBUG - 边统计: 正常边 248 条, 异常边 24 条
2025-04-16 23:11:46,372 - DEBUG - 正在保存可视化结果到 ./visual/omi/neighbor_all/strict_deviation/omi-3/seg_0_760_820.png
2025-04-16 23:11:46,577 - INFO - 成功保存时间段 760-820 的可视化结果
2025-04-16 23:11:46,577 - INFO - 
正在处理时间段 2/6: 842-860
2025-04-16 23:11:46,577 - INFO - 该时间段的真实异常节点: {7, 8, 9, 10, 11, 12, 13, 14, 15, 16, 17, 18, 19}
2025-04-16 23:11:46,577 - INFO - 正在计算异常分数...
2025-04-16 23:11:46,591 - INFO - 检测到的异常节点: {4, 5, 6, 7, 8, 9, 10, 11, 12, 13, 14, 15, 16, 17, 18, 19}
2025-04-16 23:11:46,591 - INFO - 正在为时间段 842-860 生成可视化
2025-04-16 23:11:46,591 - INFO - 正在为时间段 842-860 生成异常图可视化
2025-04-16 23:11:46,591 - DEBUG - 创建包含 19 个节点的图结构
2025-04-16 23:11:46,592 - DEBUG - 边统计: 正常边 224 条, 异常边 16 条
2025-04-16 23:11:46,648 - DEBUG - 正在保存可视化结果到 ./visual/omi/neighbor_all/strict_deviation/omi-3/seg_1_842_860.png
2025-04-16 23:11:46,847 - INFO - 成功保存时间段 842-860 的可视化结果
2025-04-16 23:11:46,847 - INFO - 
正在处理时间段 3/6: 1080-1120
2025-04-16 23:11:46,848 - INFO - 该时间段的真实异常节点: {7, 9, 10, 11, 12, 13, 14, 15, 16, 17, 18}
2025-04-16 23:11:46,848 - INFO - 正在计算异常分数...
2025-04-16 23:11:46,881 - INFO - 检测到的异常节点: {1, 4, 5, 6, 7, 8, 9, 10, 11, 12, 13, 14, 15, 16, 17, 18, 19}
2025-04-16 23:11:46,881 - INFO - 正在为时间段 1080-1120 生成可视化
2025-04-16 23:11:46,881 - INFO - 正在为时间段 1080-1120 生成异常图可视化
2025-04-16 23:11:46,882 - DEBUG - 创建包含 19 个节点的图结构
2025-04-16 23:11:46,883 - DEBUG - 边统计: 正常边 272 条, 异常边 0 条
2025-04-16 23:11:46,936 - DEBUG - 正在保存可视化结果到 ./visual/omi/neighbor_all/strict_deviation/omi-3/seg_2_1080_1120.png
2025-04-16 23:11:47,140 - INFO - 成功保存时间段 1080-1120 的可视化结果
2025-04-16 23:11:47,140 - INFO - 
正在处理时间段 4/6: 2188-2201
2025-04-16 23:11:47,140 - INFO - 该时间段的真实异常节点: {7, 9, 10, 11, 12, 13, 14, 15, 16, 17, 18, 19}
2025-04-16 23:11:47,140 - INFO - 正在计算异常分数...
2025-04-16 23:11:47,150 - INFO - 检测到的异常节点: {6, 7, 8, 9, 10, 11, 12, 13, 14, 15, 16, 17, 18, 19}
2025-04-16 23:11:47,150 - INFO - 正在为时间段 2188-2201 生成可视化
2025-04-16 23:11:47,150 - INFO - 正在为时间段 2188-2201 生成异常图可视化
2025-04-16 23:11:47,150 - DEBUG - 创建包含 19 个节点的图结构
2025-04-16 23:11:47,151 - DEBUG - 边统计: 正常边 258 条, 异常边 14 条
2025-04-16 23:11:47,203 - DEBUG - 正在保存可视化结果到 ./visual/omi/neighbor_all/strict_deviation/omi-3/seg_3_2188_2201.png
2025-04-16 23:11:47,406 - INFO - 成功保存时间段 2188-2201 的可视化结果
2025-04-16 23:11:47,406 - INFO - 
正在处理时间段 5/6: 2497-2500
2025-04-16 23:11:47,406 - INFO - 该时间段的真实异常节点: {6, 7, 9, 10, 11, 12, 13, 14, 15, 16, 17, 18, 19}
2025-04-16 23:11:47,406 - INFO - 正在计算异常分数...
2025-04-16 23:11:47,406 - INFO - 检测到的异常节点: set()
2025-04-16 23:11:47,406 - INFO - 正在为时间段 2497-2500 生成可视化
2025-04-16 23:11:47,407 - INFO - 正在为时间段 2497-2500 生成异常图可视化
2025-04-16 23:11:47,407 - DEBUG - 创建包含 19 个节点的图结构
2025-04-16 23:11:47,408 - DEBUG - 边统计: 正常边 208 条, 异常边 2 条
2025-04-16 23:11:47,551 - DEBUG - 正在保存可视化结果到 ./visual/omi/neighbor_all/strict_deviation/omi-3/seg_4_2497_2500.png
2025-04-16 23:11:47,755 - INFO - 成功保存时间段 2497-2500 的可视化结果
2025-04-16 23:11:47,756 - INFO - 
正在处理时间段 6/6: 3428-3434
2025-04-16 23:11:47,756 - INFO - 该时间段的真实异常节点: {7, 8, 9, 10, 11, 12, 13, 14, 15, 16, 17, 18, 19}
2025-04-16 23:11:47,756 - INFO - 正在计算异常分数...
2025-04-16 23:11:47,759 - INFO - 检测到的异常节点: {1, 4, 7, 8, 9, 10, 11, 12, 13, 14, 15, 16, 17, 18, 19}
2025-04-16 23:11:47,759 - INFO - 正在为时间段 3428-3434 生成可视化
2025-04-16 23:11:47,759 - INFO - 正在为时间段 3428-3434 生成异常图可视化
2025-04-16 23:11:47,759 - DEBUG - 创建包含 19 个节点的图结构
2025-04-16 23:11:47,760 - DEBUG - 边统计: 正常边 270 条, 异常边 2 条
2025-04-16 23:11:47,813 - DEBUG - 正在保存可视化结果到 ./visual/omi/neighbor_all/strict_deviation/omi-3/seg_5_3428_3434.png
2025-04-16 23:11:48,015 - INFO - 成功保存时间段 3428-3434 的可视化结果
2025-04-16 23:11:48,016 - INFO - 正在从 ./visual/omi/neighbor_all/strict_deviation/omi-3 中的图像创建GIF
2025-04-16 23:11:48,387 - INFO - GIF已保存到 ./visual/omi/neighbor_all/strict_deviation/omi-3/omi-3.gif
2025-04-16 23:11:48,388 - INFO - 
==================================================
2025-04-16 23:11:48,388 - INFO - 开始数据集可视化: omi-4
2025-04-16 23:11:48,388 - INFO - 使用参数: 评分模式=strict_deviation, all=None, 阈值=6.0
2025-04-16 23:11:48,388 - INFO - ==================================================

2025-04-16 23:11:48,388 - INFO - 正在加载数据集 omi-4 的数据
2025-04-16 23:11:48,389 - INFO - 数据加载成功。训练集形状: (8640, 19), 测试集形状: (4320, 19)
2025-04-16 23:11:48,389 - INFO - 正在计算边缘统计量...
2025-04-16 23:11:51,416 - INFO - 已计算 136 条边的统计量
2025-04-16 23:11:51,416 - INFO - 为每个节点使用所有邻居
2025-04-16 23:11:51,416 - INFO - 可视化结果将保存到: ./visual/omi/neighbor_all/strict_deviation/omi-4
2025-04-16 23:11:51,417 - INFO - 在数据集中发现 5 个异常时间段
2025-04-16 23:11:51,417 - INFO - 
正在处理时间段 1/5: 727-782
2025-04-16 23:11:51,417 - INFO - 该时间段的真实异常节点: {1, 2, 6, 7, 8, 9, 10, 11, 12, 13, 14, 15, 16, 17, 18, 19}
2025-04-16 23:11:51,417 - INFO - 正在计算异常分数...
2025-04-16 23:11:51,463 - INFO - 检测到的异常节点: {1, 4, 5, 6, 7, 8, 9, 10, 11, 12, 13, 14, 15, 16, 17, 18, 19}
2025-04-16 23:11:51,463 - INFO - 正在为时间段 727-782 生成可视化
2025-04-16 23:11:51,463 - INFO - 正在为时间段 727-782 生成异常图可视化
2025-04-16 23:11:51,463 - DEBUG - 创建包含 19 个节点的图结构
2025-04-16 23:11:51,464 - DEBUG - 边统计: 正常边 240 条, 异常边 32 条
2025-04-16 23:11:51,519 - DEBUG - 正在保存可视化结果到 ./visual/omi/neighbor_all/strict_deviation/omi-4/seg_0_727_782.png
2025-04-16 23:11:51,724 - INFO - 成功保存时间段 727-782 的可视化结果
2025-04-16 23:11:51,725 - INFO - 
正在处理时间段 2/5: 843-857
2025-04-16 23:11:51,725 - INFO - 该时间段的真实异常节点: {6, 7, 8, 9, 10, 11, 12, 13, 14, 15, 16, 17, 18, 19}
2025-04-16 23:11:51,725 - INFO - 正在计算异常分数...
2025-04-16 23:11:51,735 - INFO - 检测到的异常节点: {4, 5, 6, 7, 8, 9, 10, 11, 12, 13, 14, 15, 16, 17, 18, 19}
2025-04-16 23:11:51,735 - INFO - 正在为时间段 843-857 生成可视化
2025-04-16 23:11:51,735 - INFO - 正在为时间段 843-857 生成异常图可视化
2025-04-16 23:11:51,735 - DEBUG - 创建包含 19 个节点的图结构
2025-04-16 23:11:51,736 - DEBUG - 边统计: 正常边 236 条, 异常边 4 条
2025-04-16 23:11:51,791 - DEBUG - 正在保存可视化结果到 ./visual/omi/neighbor_all/strict_deviation/omi-4/seg_1_843_857.png
2025-04-16 23:11:51,990 - INFO - 成功保存时间段 843-857 的可视化结果
2025-04-16 23:11:51,990 - INFO - 
正在处理时间段 3/5: 2178-2238
2025-04-16 23:11:51,990 - INFO - 该时间段的真实异常节点: {8, 9, 10, 11, 12, 13, 14, 15, 16, 17, 18, 19}
2025-04-16 23:11:51,990 - INFO - 正在计算异常分数...
2025-04-16 23:11:52,040 - INFO - 检测到的异常节点: {1, 4, 5, 6, 7, 8, 9, 10, 11, 12, 13, 14, 15, 16, 17, 18, 19}
2025-04-16 23:11:52,040 - INFO - 正在为时间段 2178-2238 生成可视化
2025-04-16 23:11:52,040 - INFO - 正在为时间段 2178-2238 生成异常图可视化
2025-04-16 23:11:52,040 - DEBUG - 创建包含 19 个节点的图结构
2025-04-16 23:11:52,041 - DEBUG - 边统计: 正常边 272 条, 异常边 0 条
2025-04-16 23:11:52,094 - DEBUG - 正在保存可视化结果到 ./visual/omi/neighbor_all/strict_deviation/omi-4/seg_2_2178_2238.png
2025-04-16 23:11:52,295 - INFO - 成功保存时间段 2178-2238 的可视化结果
2025-04-16 23:11:52,295 - INFO - 
正在处理时间段 4/5: 2494-2501
2025-04-16 23:11:52,295 - INFO - 该时间段的真实异常节点: {7, 9, 10, 11, 12, 13, 14, 15, 16, 17, 18, 19}
2025-04-16 23:11:52,295 - INFO - 正在计算异常分数...
2025-04-16 23:11:52,299 - INFO - 检测到的异常节点: {6, 7, 9, 10, 11, 12, 13, 14, 15, 16, 17, 18, 19}
2025-04-16 23:11:52,299 - INFO - 正在为时间段 2494-2501 生成可视化
2025-04-16 23:11:52,299 - INFO - 正在为时间段 2494-2501 生成异常图可视化
2025-04-16 23:11:52,299 - DEBUG - 创建包含 19 个节点的图结构
2025-04-16 23:11:52,300 - DEBUG - 边统计: 正常边 218 条, 异常边 22 条
2025-04-16 23:11:52,355 - DEBUG - 正在保存可视化结果到 ./visual/omi/neighbor_all/strict_deviation/omi-4/seg_3_2494_2501.png
2025-04-16 23:11:52,555 - INFO - 成功保存时间段 2494-2501 的可视化结果
2025-04-16 23:11:52,555 - INFO - 
正在处理时间段 5/5: 3425-3435
2025-04-16 23:11:52,555 - INFO - 该时间段的真实异常节点: {7, 8, 9, 10, 11, 12, 13, 14, 15, 16, 17, 18, 19}
2025-04-16 23:11:52,555 - INFO - 正在计算异常分数...
2025-04-16 23:11:52,562 - INFO - 检测到的异常节点: {5, 6, 7, 8, 9, 10, 11, 12, 13, 14, 15, 16, 17, 18, 19}
2025-04-16 23:11:52,562 - INFO - 正在为时间段 3425-3435 生成可视化
2025-04-16 23:11:52,562 - INFO - 正在为时间段 3425-3435 生成异常图可视化
2025-04-16 23:11:52,562 - DEBUG - 创建包含 19 个节点的图结构
2025-04-16 23:11:52,563 - DEBUG - 边统计: 正常边 252 条, 异常边 20 条
2025-04-16 23:11:52,616 - DEBUG - 正在保存可视化结果到 ./visual/omi/neighbor_all/strict_deviation/omi-4/seg_4_3425_3435.png
2025-04-16 23:11:52,820 - INFO - 成功保存时间段 3425-3435 的可视化结果
2025-04-16 23:11:52,820 - INFO - 正在从 ./visual/omi/neighbor_all/strict_deviation/omi-4 中的图像创建GIF
2025-04-16 23:11:53,133 - INFO - GIF已保存到 ./visual/omi/neighbor_all/strict_deviation/omi-4/omi-4.gif
2025-04-16 23:11:53,133 - INFO - 
==================================================
2025-04-16 23:11:53,133 - INFO - 开始数据集可视化: omi-5
2025-04-16 23:11:53,133 - INFO - 使用参数: 评分模式=strict_deviation, all=None, 阈值=0.5
2025-04-16 23:11:53,133 - INFO - ==================================================

2025-04-16 23:11:53,133 - INFO - 正在加载数据集 omi-5 的数据
2025-04-16 23:11:53,134 - INFO - 数据加载成功。训练集形状: (8640, 19), 测试集形状: (4320, 19)
2025-04-16 23:11:53,134 - INFO - 正在计算边缘统计量...
2025-04-16 23:11:56,375 - INFO - 已计算 153 条边的统计量
2025-04-16 23:11:56,375 - INFO - 为每个节点使用所有邻居
2025-04-16 23:11:56,375 - INFO - 可视化结果将保存到: ./visual/omi/neighbor_all/strict_deviation/omi-5
2025-04-16 23:11:56,376 - INFO - 在数据集中发现 6 个异常时间段
2025-04-16 23:11:56,376 - INFO - 
正在处理时间段 1/6: 765-781
2025-04-16 23:11:56,376 - INFO - 该时间段的真实异常节点: {6, 7, 8, 9, 10, 11, 12, 13, 14, 15, 16, 17, 18, 19}
2025-04-16 23:11:56,376 - INFO - 正在计算异常分数...
2025-04-16 23:11:56,388 - INFO - 检测到的异常节点: {1, 2, 5, 6, 7, 8, 9, 10, 11, 12, 13, 14, 15, 16, 17, 18, 19}
2025-04-16 23:11:56,388 - INFO - 正在为时间段 765-781 生成可视化
2025-04-16 23:11:56,388 - INFO - 正在为时间段 765-781 生成异常图可视化
2025-04-16 23:11:56,388 - DEBUG - 创建包含 19 个节点的图结构
2025-04-16 23:11:56,389 - DEBUG - 边统计: 正常边 214 条, 异常边 92 条
2025-04-16 23:11:56,444 - DEBUG - 正在保存可视化结果到 ./visual/omi/neighbor_all/strict_deviation/omi-5/seg_0_765_781.png
2025-04-16 23:11:56,657 - INFO - 成功保存时间段 765-781 的可视化结果
2025-04-16 23:11:56,657 - INFO - 
正在处理时间段 2/6: 1589-1617
2025-04-16 23:11:56,657 - INFO - 该时间段的真实异常节点: {17, 2, 4}
2025-04-16 23:11:56,657 - INFO - 正在计算异常分数...
2025-04-16 23:11:56,682 - INFO - 检测到的异常节点: {1, 2, 4, 5, 6, 7, 8, 9, 10, 11, 12, 13, 14, 15, 16, 17, 18, 19}
2025-04-16 23:11:56,682 - INFO - 正在为时间段 1589-1617 生成可视化
2025-04-16 23:11:56,682 - INFO - 正在为时间段 1589-1617 生成异常图可视化
2025-04-16 23:11:56,682 - DEBUG - 创建包含 19 个节点的图结构
2025-04-16 23:11:56,684 - DEBUG - 边统计: 正常边 270 条, 异常边 36 条
2025-04-16 23:11:56,736 - DEBUG - 正在保存可视化结果到 ./visual/omi/neighbor_all/strict_deviation/omi-5/seg_1_1589_1617.png
2025-04-16 23:11:56,949 - INFO - 成功保存时间段 1589-1617 的可视化结果
2025-04-16 23:11:56,949 - INFO - 
正在处理时间段 3/6: 2440-2446
2025-04-16 23:11:56,950 - INFO - 该时间段的真实异常节点: {8, 11, 12, 13, 14, 15, 16, 17, 18, 19}
2025-04-16 23:11:56,950 - INFO - 正在计算异常分数...
2025-04-16 23:11:56,953 - INFO - 检测到的异常节点: {1, 4, 5, 6, 7, 8, 9, 10, 11, 12, 13, 14, 15, 16, 17, 18, 19}
2025-04-16 23:11:56,953 - INFO - 正在为时间段 2440-2446 生成可视化
2025-04-16 23:11:56,953 - INFO - 正在为时间段 2440-2446 生成异常图可视化
2025-04-16 23:11:56,953 - DEBUG - 创建包含 19 个节点的图结构
2025-04-16 23:11:56,954 - DEBUG - 边统计: 正常边 246 条, 异常边 60 条
2025-04-16 23:11:57,006 - DEBUG - 正在保存可视化结果到 ./visual/omi/neighbor_all/strict_deviation/omi-5/seg_2_2440_2446.png
2025-04-16 23:11:57,220 - INFO - 成功保存时间段 2440-2446 的可视化结果
2025-04-16 23:11:57,220 - INFO - 
正在处理时间段 4/6: 3356-3363
2025-04-16 23:11:57,220 - INFO - 该时间段的真实异常节点: {17, 5, 6}
2025-04-16 23:11:57,220 - INFO - 正在计算异常分数...
2025-04-16 23:11:57,224 - INFO - 检测到的异常节点: {1, 4, 5, 6, 7, 8, 9, 10, 11, 12, 13, 14, 15, 16, 17, 18, 19}
2025-04-16 23:11:57,224 - INFO - 正在为时间段 3356-3363 生成可视化
2025-04-16 23:11:57,224 - INFO - 正在为时间段 3356-3363 生成异常图可视化
2025-04-16 23:11:57,224 - DEBUG - 创建包含 19 个节点的图结构
2025-04-16 23:11:57,226 - DEBUG - 边统计: 正常边 260 条, 异常边 46 条
2025-04-16 23:11:57,277 - DEBUG - 正在保存可视化结果到 ./visual/omi/neighbor_all/strict_deviation/omi-5/seg_3_3356_3363.png
2025-04-16 23:11:57,491 - INFO - 成功保存时间段 3356-3363 的可视化结果
2025-04-16 23:11:57,491 - INFO - 
正在处理时间段 5/6: 3416-3423
2025-04-16 23:11:57,491 - INFO - 该时间段的真实异常节点: {4, 5, 7, 9, 10, 11, 12, 13, 14, 15, 16, 17, 18, 19}
2025-04-16 23:11:57,491 - INFO - 正在计算异常分数...
2025-04-16 23:11:57,495 - INFO - 检测到的异常节点: {1, 4, 5, 6, 7, 8, 9, 10, 11, 12, 13, 14, 15, 16, 17, 18, 19}
2025-04-16 23:11:57,495 - INFO - 正在为时间段 3416-3423 生成可视化
2025-04-16 23:11:57,495 - INFO - 正在为时间段 3416-3423 生成异常图可视化
2025-04-16 23:11:57,496 - DEBUG - 创建包含 19 个节点的图结构
2025-04-16 23:11:57,497 - DEBUG - 边统计: 正常边 294 条, 异常边 12 条
2025-04-16 23:11:57,620 - DEBUG - 正在保存可视化结果到 ./visual/omi/neighbor_all/strict_deviation/omi-5/seg_4_3416_3423.png
2025-04-16 23:11:57,834 - INFO - 成功保存时间段 3416-3423 的可视化结果
2025-04-16 23:11:57,834 - INFO - 
正在处理时间段 6/6: 3590-3594
2025-04-16 23:11:57,834 - INFO - 该时间段的真实异常节点: {1, 8, 17, 18, 19}
2025-04-16 23:11:57,834 - INFO - 正在计算异常分数...
2025-04-16 23:11:57,835 - INFO - 检测到的异常节点: {1, 4, 5, 6, 7, 8, 9, 10, 11, 12, 13, 14, 15, 16, 17, 18, 19}
2025-04-16 23:11:57,835 - INFO - 正在为时间段 3590-3594 生成可视化
2025-04-16 23:11:57,835 - INFO - 正在为时间段 3590-3594 生成异常图可视化
2025-04-16 23:11:57,835 - DEBUG - 创建包含 19 个节点的图结构
2025-04-16 23:11:57,836 - DEBUG - 边统计: 正常边 232 条, 异常边 74 条
2025-04-16 23:11:57,889 - DEBUG - 正在保存可视化结果到 ./visual/omi/neighbor_all/strict_deviation/omi-5/seg_5_3590_3594.png
2025-04-16 23:11:58,106 - INFO - 成功保存时间段 3590-3594 的可视化结果
2025-04-16 23:11:58,106 - INFO - 正在从 ./visual/omi/neighbor_all/strict_deviation/omi-5 中的图像创建GIF
2025-04-16 23:11:58,479 - INFO - GIF已保存到 ./visual/omi/neighbor_all/strict_deviation/omi-5/omi-5.gif
2025-04-16 23:11:58,479 - INFO - 
==================================================
2025-04-16 23:11:58,479 - INFO - 开始数据集可视化: omi-6
2025-04-16 23:11:58,479 - INFO - 使用参数: 评分模式=strict_deviation, all=None, 阈值=5.0
2025-04-16 23:11:58,479 - INFO - ==================================================

2025-04-16 23:11:58,480 - INFO - 正在加载数据集 omi-6 的数据
2025-04-16 23:11:58,480 - INFO - 数据加载成功。训练集形状: (8640, 19), 测试集形状: (4320, 19)
2025-04-16 23:11:58,480 - INFO - 正在计算边缘统计量...
2025-04-16 23:12:01,537 - INFO - 已计算 153 条边的统计量
2025-04-16 23:12:01,537 - INFO - 为每个节点使用所有邻居
2025-04-16 23:12:01,537 - INFO - 可视化结果将保存到: ./visual/omi/neighbor_all/strict_deviation/omi-6
2025-04-16 23:12:01,538 - INFO - 在数据集中发现 10 个异常时间段
2025-04-16 23:12:01,538 - INFO - 
正在处理时间段 1/10: 357-392
2025-04-16 23:12:01,538 - INFO - 该时间段的真实异常节点: {19, 4}
2025-04-16 23:12:01,538 - INFO - 正在计算异常分数...
2025-04-16 23:12:01,567 - INFO - 检测到的异常节点: {1, 4, 5, 6, 7, 8, 9, 10, 11, 12, 13, 14, 15, 16, 17, 18, 19}
2025-04-16 23:12:01,567 - INFO - 正在为时间段 357-392 生成可视化
2025-04-16 23:12:01,567 - INFO - 正在为时间段 357-392 生成异常图可视化
2025-04-16 23:12:01,567 - DEBUG - 创建包含 19 个节点的图结构
2025-04-16 23:12:01,568 - DEBUG - 边统计: 正常边 254 条, 异常边 18 条
2025-04-16 23:12:01,624 - DEBUG - 正在保存可视化结果到 ./visual/omi/neighbor_all/strict_deviation/omi-6/seg_0_357_392.png
2025-04-16 23:12:01,829 - INFO - 成功保存时间段 357-392 的可视化结果
2025-04-16 23:12:01,829 - INFO - 
正在处理时间段 2/10: 750-788
2025-04-16 23:12:01,829 - INFO - 该时间段的真实异常节点: {2, 6, 7, 8, 9, 10, 11, 12, 13, 14, 15, 16, 17, 18, 19}
2025-04-16 23:12:01,829 - INFO - 正在计算异常分数...
2025-04-16 23:12:01,861 - INFO - 检测到的异常节点: {1, 4, 5, 6, 7, 8, 9, 10, 11, 12, 13, 14, 15, 16, 17, 18, 19}
2025-04-16 23:12:01,861 - INFO - 正在为时间段 750-788 生成可视化
2025-04-16 23:12:01,861 - INFO - 正在为时间段 750-788 生成异常图可视化
2025-04-16 23:12:01,861 - DEBUG - 创建包含 19 个节点的图结构
2025-04-16 23:12:01,862 - DEBUG - 边统计: 正常边 184 条, 异常边 88 条
2025-04-16 23:12:01,916 - DEBUG - 正在保存可视化结果到 ./visual/omi/neighbor_all/strict_deviation/omi-6/seg_1_750_788.png
2025-04-16 23:12:02,119 - INFO - 成功保存时间段 750-788 的可视化结果
2025-04-16 23:12:02,119 - INFO - 
正在处理时间段 3/10: 1278-1293
2025-04-16 23:12:02,120 - INFO - 该时间段的真实异常节点: {4, 5, 6, 8, 17}
2025-04-16 23:12:02,120 - INFO - 正在计算异常分数...
2025-04-16 23:12:02,131 - INFO - 检测到的异常节点: {1, 4, 5, 6, 7, 8, 9, 10, 11, 12, 13, 14, 15, 16, 17, 18, 19}
2025-04-16 23:12:02,131 - INFO - 正在为时间段 1278-1293 生成可视化
2025-04-16 23:12:02,131 - INFO - 正在为时间段 1278-1293 生成异常图可视化
2025-04-16 23:12:02,131 - DEBUG - 创建包含 19 个节点的图结构
2025-04-16 23:12:02,132 - DEBUG - 边统计: 正常边 270 条, 异常边 2 条
2025-04-16 23:12:02,185 - DEBUG - 正在保存可视化结果到 ./visual/omi/neighbor_all/strict_deviation/omi-6/seg_2_1278_1293.png
2025-04-16 23:12:02,388 - INFO - 成功保存时间段 1278-1293 的可视化结果
2025-04-16 23:12:02,388 - INFO - 
正在处理时间段 4/10: 1590-1615
2025-04-16 23:12:02,388 - INFO - 该时间段的真实异常节点: {1, 18, 9}
2025-04-16 23:12:02,388 - INFO - 正在计算异常分数...
2025-04-16 23:12:02,409 - INFO - 检测到的异常节点: {1, 4, 5, 6, 7, 8, 9, 10, 11, 12, 13, 14, 15, 16, 17, 18, 19}
2025-04-16 23:12:02,409 - INFO - 正在为时间段 1590-1615 生成可视化
2025-04-16 23:12:02,409 - INFO - 正在为时间段 1590-1615 生成异常图可视化
2025-04-16 23:12:02,409 - DEBUG - 创建包含 19 个节点的图结构
2025-04-16 23:12:02,410 - DEBUG - 边统计: 正常边 272 条, 异常边 0 条
2025-04-16 23:12:02,463 - DEBUG - 正在保存可视化结果到 ./visual/omi/neighbor_all/strict_deviation/omi-6/seg_3_1590_1615.png
2025-04-16 23:12:02,668 - INFO - 成功保存时间段 1590-1615 的可视化结果
2025-04-16 23:12:02,668 - INFO - 
正在处理时间段 5/10: 2592-2604
2025-04-16 23:12:02,668 - INFO - 该时间段的真实异常节点: {9, 4, 6}
2025-04-16 23:12:02,669 - INFO - 正在计算异常分数...
2025-04-16 23:12:02,677 - INFO - 检测到的异常节点: {4, 5, 6, 7, 8, 9, 10, 11, 12, 13, 14, 15, 16, 17, 18, 19}
2025-04-16 23:12:02,678 - INFO - 正在为时间段 2592-2604 生成可视化
2025-04-16 23:12:02,678 - INFO - 正在为时间段 2592-2604 生成异常图可视化
2025-04-16 23:12:02,678 - DEBUG - 创建包含 19 个节点的图结构
2025-04-16 23:12:02,679 - DEBUG - 边统计: 正常边 236 条, 异常边 4 条
2025-04-16 23:12:02,733 - DEBUG - 正在保存可视化结果到 ./visual/omi/neighbor_all/strict_deviation/omi-6/seg_4_2592_2604.png
2025-04-16 23:12:02,933 - INFO - 成功保存时间段 2592-2604 的可视化结果
2025-04-16 23:12:02,933 - INFO - 
正在处理时间段 6/10: 2734-2765
2025-04-16 23:12:02,933 - INFO - 该时间段的真实异常节点: {8, 19, 4, 6}
2025-04-16 23:12:02,933 - INFO - 正在计算异常分数...
2025-04-16 23:12:02,960 - INFO - 检测到的异常节点: {1, 4, 5, 6, 7, 8, 9, 10, 11, 12, 13, 14, 15, 16, 17, 18, 19}
2025-04-16 23:12:02,960 - INFO - 正在为时间段 2734-2765 生成可视化
2025-04-16 23:12:02,960 - INFO - 正在为时间段 2734-2765 生成异常图可视化
2025-04-16 23:12:02,960 - DEBUG - 创建包含 19 个节点的图结构
2025-04-16 23:12:02,962 - DEBUG - 边统计: 正常边 270 条, 异常边 2 条
2025-04-16 23:12:03,014 - DEBUG - 正在保存可视化结果到 ./visual/omi/neighbor_all/strict_deviation/omi-6/seg_5_2734_2765.png
2025-04-16 23:12:03,221 - INFO - 成功保存时间段 2734-2765 的可视化结果
2025-04-16 23:12:03,221 - INFO - 
正在处理时间段 7/10: 3066-3072
2025-04-16 23:12:03,222 - INFO - 该时间段的真实异常节点: {19, 4, 6}
2025-04-16 23:12:03,222 - INFO - 正在计算异常分数...
2025-04-16 23:12:03,225 - INFO - 检测到的异常节点: {4, 5, 6, 7, 8, 10, 11, 12, 13, 14, 15, 16, 17, 18, 19}
2025-04-16 23:12:03,225 - INFO - 正在为时间段 3066-3072 生成可视化
2025-04-16 23:12:03,225 - INFO - 正在为时间段 3066-3072 生成异常图可视化
2025-04-16 23:12:03,225 - DEBUG - 创建包含 19 个节点的图结构
2025-04-16 23:12:03,226 - DEBUG - 边统计: 正常边 230 条, 异常边 42 条
2025-04-16 23:12:03,279 - DEBUG - 正在保存可视化结果到 ./visual/omi/neighbor_all/strict_deviation/omi-6/seg_6_3066_3072.png
2025-04-16 23:12:03,483 - INFO - 成功保存时间段 3066-3072 的可视化结果
2025-04-16 23:12:03,483 - INFO - 
正在处理时间段 8/10: 3596-3605
2025-04-16 23:12:03,483 - INFO - 该时间段的真实异常节点: {19, 4, 5, 6}
2025-04-16 23:12:03,483 - INFO - 正在计算异常分数...
2025-04-16 23:12:03,489 - INFO - 检测到的异常节点: {1, 4, 5, 6, 7, 8, 9, 10, 11, 12, 13, 14, 15, 16, 17, 18, 19}
2025-04-16 23:12:03,489 - INFO - 正在为时间段 3596-3605 生成可视化
2025-04-16 23:12:03,489 - INFO - 正在为时间段 3596-3605 生成异常图可视化
2025-04-16 23:12:03,489 - DEBUG - 创建包含 19 个节点的图结构
2025-04-16 23:12:03,490 - DEBUG - 边统计: 正常边 272 条, 异常边 0 条
2025-04-16 23:12:03,544 - DEBUG - 正在保存可视化结果到 ./visual/omi/neighbor_all/strict_deviation/omi-6/seg_7_3596_3605.png
2025-04-16 23:12:03,745 - INFO - 成功保存时间段 3596-3605 的可视化结果
2025-04-16 23:12:03,745 - INFO - 
正在处理时间段 9/10: 3610-3622
2025-04-16 23:12:03,745 - INFO - 该时间段的真实异常节点: {1, 4, 5}
2025-04-16 23:12:03,745 - INFO - 正在计算异常分数...
2025-04-16 23:12:03,754 - INFO - 检测到的异常节点: {1, 4, 5, 6, 7, 8, 9, 10, 11, 12, 13, 14, 15, 16, 17, 18, 19}
2025-04-16 23:12:03,754 - INFO - 正在为时间段 3610-3622 生成可视化
2025-04-16 23:12:03,754 - INFO - 正在为时间段 3610-3622 生成异常图可视化
2025-04-16 23:12:03,754 - DEBUG - 创建包含 19 个节点的图结构
2025-04-16 23:12:03,755 - DEBUG - 边统计: 正常边 272 条, 异常边 0 条
2025-04-16 23:12:03,808 - DEBUG - 正在保存可视化结果到 ./visual/omi/neighbor_all/strict_deviation/omi-6/seg_8_3610_3622.png
2025-04-16 23:12:04,010 - INFO - 成功保存时间段 3610-3622 的可视化结果
2025-04-16 23:12:04,010 - INFO - 
正在处理时间段 10/10: 4159-4164
2025-04-16 23:12:04,010 - INFO - 该时间段的真实异常节点: {4, 5}
2025-04-16 23:12:04,010 - INFO - 正在计算异常分数...
2025-04-16 23:12:04,012 - INFO - 检测到的异常节点: {4, 5, 6, 7, 8, 9, 10, 11, 13, 14, 15, 17, 18}
2025-04-16 23:12:04,012 - INFO - 正在为时间段 4159-4164 生成可视化
2025-04-16 23:12:04,012 - INFO - 正在为时间段 4159-4164 生成异常图可视化
2025-04-16 23:12:04,012 - DEBUG - 创建包含 19 个节点的图结构
2025-04-16 23:12:04,013 - DEBUG - 边统计: 正常边 248 条, 异常边 24 条
2025-04-16 23:12:04,067 - DEBUG - 正在保存可视化结果到 ./visual/omi/neighbor_all/strict_deviation/omi-6/seg_9_4159_4164.png
2025-04-16 23:12:04,270 - INFO - 成功保存时间段 4159-4164 的可视化结果
2025-04-16 23:12:04,270 - INFO - 正在从 ./visual/omi/neighbor_all/strict_deviation/omi-6 中的图像创建GIF
2025-04-16 23:12:04,874 - INFO - GIF已保存到 ./visual/omi/neighbor_all/strict_deviation/omi-6/omi-6.gif
2025-04-16 23:12:04,874 - INFO - 
==================================================
2025-04-16 23:12:04,874 - INFO - 开始数据集可视化: omi-7
2025-04-16 23:12:04,874 - INFO - 使用参数: 评分模式=strict_deviation, all=None, 阈值=2.0
2025-04-16 23:12:04,874 - INFO - ==================================================

2025-04-16 23:12:04,874 - INFO - 正在加载数据集 omi-7 的数据
2025-04-16 23:12:04,875 - INFO - 数据加载成功。训练集形状: (8640, 19), 测试集形状: (4320, 19)
2025-04-16 23:12:04,875 - INFO - 正在计算边缘统计量...
2025-04-16 23:12:07,778 - INFO - 已计算 136 条边的统计量
2025-04-16 23:12:07,778 - INFO - 为每个节点使用所有邻居
2025-04-16 23:12:07,778 - INFO - 可视化结果将保存到: ./visual/omi/neighbor_all/strict_deviation/omi-7
2025-04-16 23:12:07,779 - INFO - 在数据集中发现 3 个异常时间段
2025-04-16 23:12:07,779 - INFO - 
正在处理时间段 1/3: 738-778
2025-04-16 23:12:07,779 - INFO - 该时间段的真实异常节点: {1, 2, 4, 6, 7, 8, 9, 10, 11, 12, 13, 14, 15, 16, 17, 18, 19}
2025-04-16 23:12:07,779 - INFO - 正在计算异常分数...
2025-04-16 23:12:07,811 - INFO - 检测到的异常节点: {1, 4, 5, 6, 7, 8, 9, 10, 11, 12, 13, 14, 15, 16, 17, 18, 19}
2025-04-16 23:12:07,811 - INFO - 正在为时间段 738-778 生成可视化
2025-04-16 23:12:07,811 - INFO - 正在为时间段 738-778 生成异常图可视化
2025-04-16 23:12:07,812 - DEBUG - 创建包含 19 个节点的图结构
2025-04-16 23:12:07,813 - DEBUG - 边统计: 正常边 166 条, 异常边 106 条
2025-04-16 23:12:07,968 - DEBUG - 正在保存可视化结果到 ./visual/omi/neighbor_all/strict_deviation/omi-7/seg_0_738_778.png
2025-04-16 23:12:08,176 - INFO - 成功保存时间段 738-778 的可视化结果
2025-04-16 23:12:08,176 - INFO - 
正在处理时间段 2/3: 1625-1660
2025-04-16 23:12:08,176 - INFO - 该时间段的真实异常节点: {7, 10, 11, 12, 13, 14, 15, 16, 17, 18, 19}
2025-04-16 23:12:08,176 - INFO - 正在计算异常分数...
2025-04-16 23:12:08,204 - INFO - 检测到的异常节点: {5, 7, 8, 9, 10, 11, 12, 13, 14, 15, 16, 17, 18, 19}
2025-04-16 23:12:08,204 - INFO - 正在为时间段 1625-1660 生成可视化
2025-04-16 23:12:08,204 - INFO - 正在为时间段 1625-1660 生成异常图可视化
2025-04-16 23:12:08,204 - DEBUG - 创建包含 19 个节点的图结构
2025-04-16 23:12:08,205 - DEBUG - 边统计: 正常边 130 条, 异常边 52 条
2025-04-16 23:12:08,258 - DEBUG - 正在保存可视化结果到 ./visual/omi/neighbor_all/strict_deviation/omi-7/seg_1_1625_1660.png
2025-04-16 23:12:08,459 - INFO - 成功保存时间段 1625-1660 的可视化结果
2025-04-16 23:12:08,459 - INFO - 
正在处理时间段 3/3: 3311-3320
2025-04-16 23:12:08,459 - INFO - 该时间段的真实异常节点: {7, 10, 11, 12, 13, 14, 15, 16, 17, 18, 19}
2025-04-16 23:12:08,459 - INFO - 正在计算异常分数...
2025-04-16 23:12:08,465 - INFO - 检测到的异常节点: {7, 10, 11, 12, 13, 14, 15, 16, 17, 18, 19}
2025-04-16 23:12:08,465 - INFO - 正在为时间段 3311-3320 生成可视化
2025-04-16 23:12:08,465 - INFO - 正在为时间段 3311-3320 生成异常图可视化
2025-04-16 23:12:08,465 - DEBUG - 创建包含 19 个节点的图结构
2025-04-16 23:12:08,466 - DEBUG - 边统计: 正常边 188 条, 异常边 22 条
2025-04-16 23:12:08,519 - DEBUG - 正在保存可视化结果到 ./visual/omi/neighbor_all/strict_deviation/omi-7/seg_2_3311_3320.png
2025-04-16 23:12:08,722 - INFO - 成功保存时间段 3311-3320 的可视化结果
2025-04-16 23:12:08,722 - INFO - 正在从 ./visual/omi/neighbor_all/strict_deviation/omi-7 中的图像创建GIF
2025-04-16 23:12:08,912 - INFO - GIF已保存到 ./visual/omi/neighbor_all/strict_deviation/omi-7/omi-7.gif
2025-04-16 23:12:08,913 - INFO - 
==================================================
2025-04-16 23:12:08,913 - INFO - 开始数据集可视化: omi-8
2025-04-16 23:12:08,913 - INFO - 使用参数: 评分模式=strict_deviation, all=None, 阈值=5.5
2025-04-16 23:12:08,913 - INFO - ==================================================

2025-04-16 23:12:08,913 - INFO - 正在加载数据集 omi-8 的数据
2025-04-16 23:12:08,914 - INFO - 数据加载成功。训练集形状: (8640, 19), 测试集形状: (4320, 19)
2025-04-16 23:12:08,914 - INFO - 正在计算边缘统计量...
2025-04-16 23:12:11,757 - INFO - 已计算 136 条边的统计量
2025-04-16 23:12:11,757 - INFO - 为每个节点使用所有邻居
2025-04-16 23:12:11,757 - INFO - 可视化结果将保存到: ./visual/omi/neighbor_all/strict_deviation/omi-8
2025-04-16 23:12:11,758 - INFO - 在数据集中发现 5 个异常时间段
2025-04-16 23:12:11,758 - INFO - 
正在处理时间段 1/5: 740-753
2025-04-16 23:12:11,758 - INFO - 该时间段的真实异常节点: {2, 4}
2025-04-16 23:12:11,758 - INFO - 正在计算异常分数...
2025-04-16 23:12:11,767 - INFO - 检测到的异常节点: {1, 4, 6, 7, 8, 9, 10, 11, 12, 13, 14, 15, 16, 17, 18, 19}
2025-04-16 23:12:11,767 - INFO - 正在为时间段 740-753 生成可视化
2025-04-16 23:12:11,767 - INFO - 正在为时间段 740-753 生成异常图可视化
2025-04-16 23:12:11,767 - DEBUG - 创建包含 19 个节点的图结构
2025-04-16 23:12:11,768 - DEBUG - 边统计: 正常边 238 条, 异常边 2 条
2025-04-16 23:12:11,824 - DEBUG - 正在保存可视化结果到 ./visual/omi/neighbor_all/strict_deviation/omi-8/seg_0_740_753.png
2025-04-16 23:12:12,029 - INFO - 成功保存时间段 740-753 的可视化结果
2025-04-16 23:12:12,029 - INFO - 
正在处理时间段 2/5: 764-780
2025-04-16 23:12:12,029 - INFO - 该时间段的真实异常节点: {6, 7, 8, 9, 10, 11, 12, 13, 14, 15, 16, 17, 18, 19}
2025-04-16 23:12:12,029 - INFO - 正在计算异常分数...
2025-04-16 23:12:12,040 - INFO - 检测到的异常节点: {1, 6, 7, 8, 9, 10, 11, 12, 13, 14, 15, 16, 17, 18, 19}
2025-04-16 23:12:12,040 - INFO - 正在为时间段 764-780 生成可视化
2025-04-16 23:12:12,040 - INFO - 正在为时间段 764-780 生成异常图可视化
2025-04-16 23:12:12,040 - DEBUG - 创建包含 19 个节点的图结构
2025-04-16 23:12:12,041 - DEBUG - 边统计: 正常边 146 条, 异常边 64 条
2025-04-16 23:12:12,096 - DEBUG - 正在保存可视化结果到 ./visual/omi/neighbor_all/strict_deviation/omi-8/seg_1_764_780.png
2025-04-16 23:12:12,298 - INFO - 成功保存时间段 764-780 的可视化结果
2025-04-16 23:12:12,298 - INFO - 
正在处理时间段 3/5: 2319-2325
2025-04-16 23:12:12,299 - INFO - 该时间段的真实异常节点: {4, 5, 6}
2025-04-16 23:12:12,299 - INFO - 正在计算异常分数...
2025-04-16 23:12:12,301 - INFO - 检测到的异常节点: {4, 5, 6, 7, 8, 9, 10, 11, 12, 13, 14, 15, 16, 17, 18, 19}
2025-04-16 23:12:12,302 - INFO - 正在为时间段 2319-2325 生成可视化
2025-04-16 23:12:12,302 - INFO - 正在为时间段 2319-2325 生成异常图可视化
2025-04-16 23:12:12,302 - DEBUG - 创建包含 19 个节点的图结构
2025-04-16 23:12:12,303 - DEBUG - 边统计: 正常边 228 条, 异常边 44 条
2025-04-16 23:12:12,356 - DEBUG - 正在保存可视化结果到 ./visual/omi/neighbor_all/strict_deviation/omi-8/seg_2_2319_2325.png
2025-04-16 23:12:12,560 - INFO - 成功保存时间段 2319-2325 的可视化结果
2025-04-16 23:12:12,560 - INFO - 
正在处理时间段 4/5: 2586-2675
2025-04-16 23:12:12,560 - INFO - 该时间段的真实异常节点: {5, 6, 8, 17, 18, 19}
2025-04-16 23:12:12,560 - INFO - 正在计算异常分数...
2025-04-16 23:12:12,639 - INFO - 检测到的异常节点: {1, 4, 5, 6, 7, 8, 9, 10, 11, 12, 13, 14, 15, 16, 17, 18, 19}
2025-04-16 23:12:12,639 - INFO - 正在为时间段 2586-2675 生成可视化
2025-04-16 23:12:12,639 - INFO - 正在为时间段 2586-2675 生成异常图可视化
2025-04-16 23:12:12,640 - DEBUG - 创建包含 19 个节点的图结构
2025-04-16 23:12:12,641 - DEBUG - 边统计: 正常边 260 条, 异常边 12 条
2025-04-16 23:12:12,694 - DEBUG - 正在保存可视化结果到 ./visual/omi/neighbor_all/strict_deviation/omi-8/seg_3_2586_2675.png
2025-04-16 23:12:12,899 - INFO - 成功保存时间段 2586-2675 的可视化结果
2025-04-16 23:12:12,899 - INFO - 
正在处理时间段 5/5: 2897-2956
2025-04-16 23:12:12,899 - INFO - 该时间段的真实异常节点: {2, 6, 8, 17, 18, 19}
2025-04-16 23:12:12,899 - INFO - 正在计算异常分数...
2025-04-16 23:12:12,950 - INFO - 检测到的异常节点: {1, 4, 5, 6, 7, 8, 9, 10, 11, 12, 13, 14, 15, 16, 17, 18, 19}
2025-04-16 23:12:12,950 - INFO - 正在为时间段 2897-2956 生成可视化
2025-04-16 23:12:12,951 - INFO - 正在为时间段 2897-2956 生成异常图可视化
2025-04-16 23:12:12,951 - DEBUG - 创建包含 19 个节点的图结构
2025-04-16 23:12:12,952 - DEBUG - 边统计: 正常边 230 条, 异常边 42 条
2025-04-16 23:12:13,005 - DEBUG - 正在保存可视化结果到 ./visual/omi/neighbor_all/strict_deviation/omi-8/seg_4_2897_2956.png
2025-04-16 23:12:13,210 - INFO - 成功保存时间段 2897-2956 的可视化结果
2025-04-16 23:12:13,210 - INFO - 正在从 ./visual/omi/neighbor_all/strict_deviation/omi-8 中的图像创建GIF
2025-04-16 23:12:13,521 - INFO - GIF已保存到 ./visual/omi/neighbor_all/strict_deviation/omi-8/omi-8.gif
2025-04-16 23:12:13,521 - INFO - 
==================================================
2025-04-16 23:12:13,521 - INFO - 开始数据集可视化: omi-9
2025-04-16 23:12:13,521 - INFO - 使用参数: 评分模式=strict_deviation, all=None, 阈值=6.5
2025-04-16 23:12:13,521 - INFO - ==================================================

2025-04-16 23:12:13,521 - INFO - 正在加载数据集 omi-9 的数据
2025-04-16 23:12:13,522 - INFO - 数据加载成功。训练集形状: (8640, 19), 测试集形状: (4320, 19)
2025-04-16 23:12:13,522 - INFO - 正在计算边缘统计量...
2025-04-16 23:12:16,309 - INFO - 已计算 136 条边的统计量
2025-04-16 23:12:16,309 - INFO - 为每个节点使用所有邻居
2025-04-16 23:12:16,309 - INFO - 可视化结果将保存到: ./visual/omi/neighbor_all/strict_deviation/omi-9
2025-04-16 23:12:16,310 - INFO - 在数据集中发现 8 个异常时间段
2025-04-16 23:12:16,310 - INFO - 
正在处理时间段 1/8: 738-756
2025-04-16 23:12:16,310 - INFO - 该时间段的真实异常节点: {2, 9, 10, 11, 12, 13, 14, 15, 16, 17, 18, 19}
2025-04-16 23:12:16,310 - INFO - 正在计算异常分数...
2025-04-16 23:12:16,322 - INFO - 检测到的异常节点: {1, 7, 8, 9, 10, 11, 12, 13, 14, 15, 16, 17, 18, 19}
2025-04-16 23:12:16,323 - INFO - 正在为时间段 738-756 生成可视化
2025-04-16 23:12:16,323 - INFO - 正在为时间段 738-756 生成异常图可视化
2025-04-16 23:12:16,323 - DEBUG - 创建包含 19 个节点的图结构
2025-04-16 23:12:16,324 - DEBUG - 边统计: 正常边 158 条, 异常边 24 条
2025-04-16 23:12:16,379 - DEBUG - 正在保存可视化结果到 ./visual/omi/neighbor_all/strict_deviation/omi-9/seg_0_738_756.png
2025-04-16 23:12:16,581 - INFO - 成功保存时间段 738-756 的可视化结果
2025-04-16 23:12:16,581 - INFO - 
正在处理时间段 2/8: 763-780
2025-04-16 23:12:16,581 - INFO - 该时间段的真实异常节点: {1, 6, 7, 8, 9, 10, 11, 12, 13, 14, 15, 16, 17, 18, 19}
2025-04-16 23:12:16,581 - INFO - 正在计算异常分数...
2025-04-16 23:12:16,593 - INFO - 检测到的异常节点: {1, 6, 7, 8, 9, 10, 11, 12, 13, 14, 15, 16, 17, 18, 19}
2025-04-16 23:12:16,593 - INFO - 正在为时间段 763-780 生成可视化
2025-04-16 23:12:16,593 - INFO - 正在为时间段 763-780 生成异常图可视化
2025-04-16 23:12:16,593 - DEBUG - 创建包含 19 个节点的图结构
2025-04-16 23:12:16,594 - DEBUG - 边统计: 正常边 118 条, 异常边 92 条
2025-04-16 23:12:16,648 - DEBUG - 正在保存可视化结果到 ./visual/omi/neighbor_all/strict_deviation/omi-9/seg_1_763_780.png
2025-04-16 23:12:16,852 - INFO - 成功保存时间段 763-780 的可视化结果
2025-04-16 23:12:16,852 - INFO - 
正在处理时间段 3/8: 2514-2524
2025-04-16 23:12:16,852 - INFO - 该时间段的真实异常节点: {1, 4, 5, 7, 8, 9, 17, 18}
2025-04-16 23:12:16,852 - INFO - 正在计算异常分数...
2025-04-16 23:12:16,859 - INFO - 检测到的异常节点: {1, 4, 5, 6, 7, 8, 9, 10, 11, 12, 13, 14, 15, 16, 17, 18, 19}
2025-04-16 23:12:16,859 - INFO - 正在为时间段 2514-2524 生成可视化
2025-04-16 23:12:16,859 - INFO - 正在为时间段 2514-2524 生成异常图可视化
2025-04-16 23:12:16,859 - DEBUG - 创建包含 19 个节点的图结构
2025-04-16 23:12:16,860 - DEBUG - 边统计: 正常边 210 条, 异常边 62 条
2025-04-16 23:12:16,913 - DEBUG - 正在保存可视化结果到 ./visual/omi/neighbor_all/strict_deviation/omi-9/seg_2_2514_2524.png
2025-04-16 23:12:17,116 - INFO - 成功保存时间段 2514-2524 的可视化结果
2025-04-16 23:12:17,116 - INFO - 
正在处理时间段 4/8: 2603-2668
2025-04-16 23:12:17,116 - INFO - 该时间段的真实异常节点: {1, 2, 5, 6, 8, 17, 18, 19}
2025-04-16 23:12:17,116 - INFO - 正在计算异常分数...
2025-04-16 23:12:17,172 - INFO - 检测到的异常节点: {1, 4, 5, 6, 7, 8, 9, 10, 11, 12, 13, 14, 15, 16, 17, 18, 19}
2025-04-16 23:12:17,172 - INFO - 正在为时间段 2603-2668 生成可视化
2025-04-16 23:12:17,172 - INFO - 正在为时间段 2603-2668 生成异常图可视化
2025-04-16 23:12:17,172 - DEBUG - 创建包含 19 个节点的图结构
2025-04-16 23:12:17,173 - DEBUG - 边统计: 正常边 212 条, 异常边 60 条
2025-04-16 23:12:17,226 - DEBUG - 正在保存可视化结果到 ./visual/omi/neighbor_all/strict_deviation/omi-9/seg_3_2603_2668.png
2025-04-16 23:12:17,429 - INFO - 成功保存时间段 2603-2668 的可视化结果
2025-04-16 23:12:17,429 - INFO - 
正在处理时间段 5/8: 2918-2958
2025-04-16 23:12:17,429 - INFO - 该时间段的真实异常节点: {1, 2, 5, 6, 8, 17, 18, 19}
2025-04-16 23:12:17,429 - INFO - 正在计算异常分数...
2025-04-16 23:12:17,460 - INFO - 检测到的异常节点: {1, 4, 5, 6, 7, 8, 9, 10, 11, 12, 13, 14, 15, 16, 17, 18, 19}
2025-04-16 23:12:17,460 - INFO - 正在为时间段 2918-2958 生成可视化
2025-04-16 23:12:17,460 - INFO - 正在为时间段 2918-2958 生成异常图可视化
2025-04-16 23:12:17,460 - DEBUG - 创建包含 19 个节点的图结构
2025-04-16 23:12:17,461 - DEBUG - 边统计: 正常边 200 条, 异常边 72 条
2025-04-16 23:12:17,585 - DEBUG - 正在保存可视化结果到 ./visual/omi/neighbor_all/strict_deviation/omi-9/seg_4_2918_2958.png
2025-04-16 23:12:17,792 - INFO - 成功保存时间段 2918-2958 的可视化结果
2025-04-16 23:12:17,792 - INFO - 
正在处理时间段 6/8: 3170-3245
2025-04-16 23:12:17,792 - INFO - 该时间段的真实异常节点: {1, 2, 6, 8, 17, 18, 19}
2025-04-16 23:12:17,792 - INFO - 正在计算异常分数...
2025-04-16 23:12:17,849 - INFO - 检测到的异常节点: {1, 4, 5, 6, 7, 8, 9, 10, 11, 12, 13, 14, 15, 16, 17, 18, 19}
2025-04-16 23:12:17,849 - INFO - 正在为时间段 3170-3245 生成可视化
2025-04-16 23:12:17,849 - INFO - 正在为时间段 3170-3245 生成异常图可视化
2025-04-16 23:12:17,849 - DEBUG - 创建包含 19 个节点的图结构
2025-04-16 23:12:17,850 - DEBUG - 边统计: 正常边 226 条, 异常边 46 条
2025-04-16 23:12:17,904 - DEBUG - 正在保存可视化结果到 ./visual/omi/neighbor_all/strict_deviation/omi-9/seg_5_3170_3245.png
2025-04-16 23:12:18,107 - INFO - 成功保存时间段 3170-3245 的可视化结果
2025-04-16 23:12:18,107 - INFO - 
正在处理时间段 7/8: 3508-3528
2025-04-16 23:12:18,107 - INFO - 该时间段的真实异常节点: {8, 2, 19, 6}
2025-04-16 23:12:18,107 - INFO - 正在计算异常分数...
2025-04-16 23:12:18,122 - INFO - 检测到的异常节点: {1, 4, 5, 6, 7, 8, 9, 10, 11, 12, 13, 14, 15, 16, 17, 18, 19}
2025-04-16 23:12:18,122 - INFO - 正在为时间段 3508-3528 生成可视化
2025-04-16 23:12:18,122 - INFO - 正在为时间段 3508-3528 生成异常图可视化
2025-04-16 23:12:18,123 - DEBUG - 创建包含 19 个节点的图结构
2025-04-16 23:12:18,124 - DEBUG - 边统计: 正常边 208 条, 异常边 64 条
2025-04-16 23:12:18,179 - DEBUG - 正在保存可视化结果到 ./visual/omi/neighbor_all/strict_deviation/omi-9/seg_6_3508_3528.png
2025-04-16 23:12:18,383 - INFO - 成功保存时间段 3508-3528 的可视化结果
2025-04-16 23:12:18,383 - INFO - 
正在处理时间段 8/8: 4064-4108
2025-04-16 23:12:18,383 - INFO - 该时间段的真实异常节点: {1, 2, 6, 7, 8, 9, 17, 18, 19}
2025-04-16 23:12:18,383 - INFO - 正在计算异常分数...
2025-04-16 23:12:18,417 - INFO - 检测到的异常节点: {1, 4, 5, 6, 7, 8, 9, 10, 11, 12, 13, 14, 15, 16, 17, 18, 19}
2025-04-16 23:12:18,417 - INFO - 正在为时间段 4064-4108 生成可视化
2025-04-16 23:12:18,417 - INFO - 正在为时间段 4064-4108 生成异常图可视化
2025-04-16 23:12:18,417 - DEBUG - 创建包含 19 个节点的图结构
2025-04-16 23:12:18,418 - DEBUG - 边统计: 正常边 190 条, 异常边 82 条
2025-04-16 23:12:18,471 - DEBUG - 正在保存可视化结果到 ./visual/omi/neighbor_all/strict_deviation/omi-9/seg_7_4064_4108.png
2025-04-16 23:12:18,675 - INFO - 成功保存时间段 4064-4108 的可视化结果
2025-04-16 23:12:18,675 - INFO - 正在从 ./visual/omi/neighbor_all/strict_deviation/omi-9 中的图像创建GIF
2025-04-16 23:12:19,165 - INFO - GIF已保存到 ./visual/omi/neighbor_all/strict_deviation/omi-9/omi-9.gif
2025-04-16 23:12:19,165 - INFO - 可视化结果生成完成！
2025-04-16 23:12:19,165 - INFO - 
==================================================
2025-04-16 23:12:19,165 - INFO - 程序运行总耗时: 0:01:53.327258 

