2025-04-15 23:28:03,236 - INFO - 
 Starting experiment with config: ExperimentConfig(dataset='omi', window_size=5, score_thresholds=array([1. , 1.5, 2. , 2.5, 3. , 3.5, 4. , 4.5, 5. , 5.5, 6. , 6.5, 7. ]), topk_range=range(1, 10), score_modes=['strict_deviation'], use_topk=False, data_dir='./data/processed', label_dir='./data/interpretation_label', log_dir='./log/use_topkFalse', visual_dir='./visual/use_topkFalse', num_workers=4, gif_duration=500)
2025-04-15 23:28:03,236 - INFO - pearson correlation 取绝对值
2025-04-15 23:28:03,236 - INFO - 当前评分模式: ['strict_deviation']
2025-04-15 23:28:03,236 - INFO - 
==================================================
2025-04-15 23:28:03,236 - INFO - 开始执行网格搜索...
2025-04-15 23:28:03,240 - INFO - [omi-1] Starting grid search...
2025-04-15 23:28:06,575 - INFO - [omi-1.txt] mode=strict_deviation, top_k=None, threshold=1.0, use_topk=False, P=0.7417, R=1.0000, F1=0.8517
2025-04-15 23:28:06,575 - INFO - [omi-1.txt] mode=strict_deviation, top_k=None, threshold=1.5, use_topk=False, P=0.7417, R=1.0000, F1=0.8517
2025-04-15 23:28:06,576 - INFO - [omi-1.txt] mode=strict_deviation, top_k=None, threshold=2.0, use_topk=False, P=0.7417, R=1.0000, F1=0.8517
2025-04-15 23:28:06,598 - INFO - [omi-1.txt] mode=strict_deviation, top_k=None, threshold=2.5, use_topk=False, P=0.7417, R=1.0000, F1=0.8517
2025-04-15 23:28:08,628 - INFO - [omi-1.txt] mode=strict_deviation, top_k=None, threshold=3.0, use_topk=False, P=0.7417, R=1.0000, F1=0.8517
2025-04-15 23:28:08,702 - INFO - [omi-1.txt] mode=strict_deviation, top_k=None, threshold=3.5, use_topk=False, P=0.7417, R=1.0000, F1=0.8517
2025-04-15 23:28:08,736 - INFO - [omi-1.txt] mode=strict_deviation, top_k=None, threshold=4.0, use_topk=False, P=0.7417, R=1.0000, F1=0.8517
2025-04-15 23:28:08,771 - INFO - [omi-1.txt] mode=strict_deviation, top_k=None, threshold=4.5, use_topk=False, P=0.7417, R=1.0000, F1=0.8517
2025-04-15 23:28:10,744 - INFO - [omi-1.txt] mode=strict_deviation, top_k=None, threshold=5.0, use_topk=False, P=0.7417, R=1.0000, F1=0.8517
2025-04-15 23:28:10,813 - INFO - [omi-1.txt] mode=strict_deviation, top_k=None, threshold=5.5, use_topk=False, P=0.7417, R=1.0000, F1=0.8517
2025-04-15 23:28:10,837 - INFO - [omi-1.txt] mode=strict_deviation, top_k=None, threshold=6.0, use_topk=False, P=0.7417, R=1.0000, F1=0.8517
2025-04-15 23:28:10,966 - INFO - [omi-1.txt] mode=strict_deviation, top_k=None, threshold=6.5, use_topk=False, P=0.7417, R=1.0000, F1=0.8517
2025-04-15 23:28:12,755 - INFO - [omi-1.txt] mode=strict_deviation, top_k=None, threshold=7.0, use_topk=False, P=0.7417, R=1.0000, F1=0.8517
2025-04-15 23:28:12,774 - INFO - [omi-10] Starting grid search...
2025-04-15 23:28:16,197 - INFO - [omi-10.txt] mode=strict_deviation, top_k=None, threshold=1.0, use_topk=False, P=0.4444, R=0.9836, F1=0.6122
2025-04-15 23:28:16,233 - INFO - [omi-10.txt] mode=strict_deviation, top_k=None, threshold=1.5, use_topk=False, P=0.4444, R=0.9836, F1=0.6122
2025-04-15 23:28:16,246 - INFO - [omi-10.txt] mode=strict_deviation, top_k=None, threshold=2.0, use_topk=False, P=0.4444, R=0.9836, F1=0.6122
2025-04-15 23:28:16,330 - INFO - [omi-10.txt] mode=strict_deviation, top_k=None, threshold=2.5, use_topk=False, P=0.4444, R=0.9836, F1=0.6122
2025-04-15 23:28:18,414 - INFO - [omi-10.txt] mode=strict_deviation, top_k=None, threshold=3.0, use_topk=False, P=0.4444, R=0.9836, F1=0.6122
2025-04-15 23:28:18,512 - INFO - [omi-10.txt] mode=strict_deviation, top_k=None, threshold=3.5, use_topk=False, P=0.4444, R=0.9836, F1=0.6122
2025-04-15 23:28:18,525 - INFO - [omi-10.txt] mode=strict_deviation, top_k=None, threshold=4.0, use_topk=False, P=0.4444, R=0.9836, F1=0.6122
2025-04-15 23:28:18,566 - INFO - [omi-10.txt] mode=strict_deviation, top_k=None, threshold=4.5, use_topk=False, P=0.4444, R=0.9836, F1=0.6122
2025-04-15 23:28:20,633 - INFO - [omi-10.txt] mode=strict_deviation, top_k=None, threshold=5.0, use_topk=False, P=0.4444, R=0.9836, F1=0.6122
2025-04-15 23:28:20,707 - INFO - [omi-10.txt] mode=strict_deviation, top_k=None, threshold=5.5, use_topk=False, P=0.4444, R=0.9836, F1=0.6122
2025-04-15 23:28:20,715 - INFO - [omi-10.txt] mode=strict_deviation, top_k=None, threshold=6.0, use_topk=False, P=0.4444, R=0.9836, F1=0.6122
2025-04-15 23:28:20,766 - INFO - [omi-10.txt] mode=strict_deviation, top_k=None, threshold=6.5, use_topk=False, P=0.4444, R=0.9836, F1=0.6122
2025-04-15 23:28:22,713 - INFO - [omi-10.txt] mode=strict_deviation, top_k=None, threshold=7.0, use_topk=False, P=0.4444, R=0.9836, F1=0.6122
2025-04-15 23:28:22,729 - INFO - [omi-11] Starting grid search...
2025-04-15 23:28:26,067 - INFO - [omi-11.txt] mode=strict_deviation, top_k=None, threshold=1.0, use_topk=False, P=0.3434, R=0.9828, F1=0.5089
2025-04-15 23:28:26,068 - INFO - [omi-11.txt] mode=strict_deviation, top_k=None, threshold=1.5, use_topk=False, P=0.3434, R=0.9828, F1=0.5089
2025-04-15 23:28:26,068 - INFO - [omi-11.txt] mode=strict_deviation, top_k=None, threshold=2.0, use_topk=False, P=0.3434, R=0.9828, F1=0.5089
2025-04-15 23:28:26,068 - INFO - [omi-11.txt] mode=strict_deviation, top_k=None, threshold=2.5, use_topk=False, P=0.3434, R=0.9828, F1=0.5089
2025-04-15 23:28:28,289 - INFO - [omi-11.txt] mode=strict_deviation, top_k=None, threshold=3.0, use_topk=False, P=0.3434, R=0.9828, F1=0.5089
2025-04-15 23:28:28,307 - INFO - [omi-11.txt] mode=strict_deviation, top_k=None, threshold=3.5, use_topk=False, P=0.3434, R=0.9828, F1=0.5089
2025-04-15 23:28:28,318 - INFO - [omi-11.txt] mode=strict_deviation, top_k=None, threshold=4.0, use_topk=False, P=0.3434, R=0.9828, F1=0.5089
2025-04-15 23:28:28,318 - INFO - [omi-11.txt] mode=strict_deviation, top_k=None, threshold=4.5, use_topk=False, P=0.3434, R=0.9828, F1=0.5089
2025-04-15 23:28:30,434 - INFO - [omi-11.txt] mode=strict_deviation, top_k=None, threshold=5.0, use_topk=False, P=0.3434, R=0.9828, F1=0.5089
2025-04-15 23:28:30,459 - INFO - [omi-11.txt] mode=strict_deviation, top_k=None, threshold=5.5, use_topk=False, P=0.3434, R=0.9828, F1=0.5089
2025-04-15 23:28:30,460 - INFO - [omi-11.txt] mode=strict_deviation, top_k=None, threshold=6.0, use_topk=False, P=0.3434, R=0.9828, F1=0.5089
2025-04-15 23:28:30,460 - INFO - [omi-11.txt] mode=strict_deviation, top_k=None, threshold=6.5, use_topk=False, P=0.3434, R=0.9828, F1=0.5089
2025-04-15 23:28:32,390 - INFO - [omi-11.txt] mode=strict_deviation, top_k=None, threshold=7.0, use_topk=False, P=0.3434, R=0.9828, F1=0.5089
2025-04-15 23:28:32,409 - INFO - [omi-12] Starting grid search...
2025-04-15 23:28:35,097 - INFO - [omi-12.txt] mode=strict_deviation, top_k=None, threshold=1.0, use_topk=False, P=0.6129, R=0.9500, F1=0.7451
2025-04-15 23:28:35,162 - INFO - [omi-12.txt] mode=strict_deviation, top_k=None, threshold=1.5, use_topk=False, P=0.6129, R=0.9500, F1=0.7451
2025-04-15 23:28:35,190 - INFO - [omi-12.txt] mode=strict_deviation, top_k=None, threshold=2.0, use_topk=False, P=0.6129, R=0.9500, F1=0.7451
2025-04-15 23:28:35,242 - INFO - [omi-12.txt] mode=strict_deviation, top_k=None, threshold=2.5, use_topk=False, P=0.6129, R=0.9500, F1=0.7451
2025-04-15 23:28:36,820 - INFO - [omi-12.txt] mode=strict_deviation, top_k=None, threshold=3.0, use_topk=False, P=0.6129, R=0.9500, F1=0.7451
2025-04-15 23:28:36,820 - INFO - [omi-12.txt] mode=strict_deviation, top_k=None, threshold=3.5, use_topk=False, P=0.6129, R=0.9500, F1=0.7451
2025-04-15 23:28:36,855 - INFO - [omi-12.txt] mode=strict_deviation, top_k=None, threshold=4.0, use_topk=False, P=0.6129, R=0.9500, F1=0.7451
2025-04-15 23:28:36,926 - INFO - [omi-12.txt] mode=strict_deviation, top_k=None, threshold=4.5, use_topk=False, P=0.6129, R=0.9500, F1=0.7451
2025-04-15 23:28:38,501 - INFO - [omi-12.txt] mode=strict_deviation, top_k=None, threshold=5.0, use_topk=False, P=0.6129, R=0.9500, F1=0.7451
2025-04-15 23:28:38,534 - INFO - [omi-12.txt] mode=strict_deviation, top_k=None, threshold=5.5, use_topk=False, P=0.6129, R=0.9500, F1=0.7451
2025-04-15 23:28:38,534 - INFO - [omi-12.txt] mode=strict_deviation, top_k=None, threshold=6.0, use_topk=False, P=0.6129, R=0.9500, F1=0.7451
2025-04-15 23:28:38,565 - INFO - [omi-12.txt] mode=strict_deviation, top_k=None, threshold=6.5, use_topk=False, P=0.6129, R=0.9500, F1=0.7451
2025-04-15 23:28:39,954 - INFO - [omi-12.txt] mode=strict_deviation, top_k=None, threshold=7.0, use_topk=False, P=0.6129, R=0.9500, F1=0.7451
2025-04-15 23:28:39,972 - INFO - [omi-2] Starting grid search...
2025-04-15 23:28:43,197 - INFO - [omi-2.txt] mode=strict_deviation, top_k=None, threshold=1.0, use_topk=False, P=0.4559, R=1.0000, F1=0.6263
2025-04-15 23:28:43,197 - INFO - [omi-2.txt] mode=strict_deviation, top_k=None, threshold=1.5, use_topk=False, P=0.4559, R=1.0000, F1=0.6263
2025-04-15 23:28:43,205 - INFO - [omi-2.txt] mode=strict_deviation, top_k=None, threshold=2.0, use_topk=False, P=0.4559, R=1.0000, F1=0.6263
2025-04-15 23:28:43,205 - INFO - [omi-2.txt] mode=strict_deviation, top_k=None, threshold=2.5, use_topk=False, P=0.4559, R=1.0000, F1=0.6263
2025-04-15 23:28:45,112 - INFO - [omi-2.txt] mode=strict_deviation, top_k=None, threshold=3.0, use_topk=False, P=0.4559, R=1.0000, F1=0.6263
2025-04-15 23:28:45,301 - INFO - [omi-2.txt] mode=strict_deviation, top_k=None, threshold=3.5, use_topk=False, P=0.4559, R=1.0000, F1=0.6263
2025-04-15 23:28:45,324 - INFO - [omi-2.txt] mode=strict_deviation, top_k=None, threshold=4.0, use_topk=False, P=0.4559, R=1.0000, F1=0.6263
2025-04-15 23:28:45,326 - INFO - [omi-2.txt] mode=strict_deviation, top_k=None, threshold=4.5, use_topk=False, P=0.4559, R=1.0000, F1=0.6263
2025-04-15 23:28:47,159 - INFO - [omi-2.txt] mode=strict_deviation, top_k=None, threshold=5.0, use_topk=False, P=0.4559, R=1.0000, F1=0.6263
2025-04-15 23:28:47,269 - INFO - [omi-2.txt] mode=strict_deviation, top_k=None, threshold=5.5, use_topk=False, P=0.4559, R=1.0000, F1=0.6263
2025-04-15 23:28:47,357 - INFO - [omi-2.txt] mode=strict_deviation, top_k=None, threshold=6.0, use_topk=False, P=0.4559, R=1.0000, F1=0.6263
2025-04-15 23:28:47,389 - INFO - [omi-2.txt] mode=strict_deviation, top_k=None, threshold=6.5, use_topk=False, P=0.4559, R=1.0000, F1=0.6263
2025-04-15 23:28:49,035 - INFO - [omi-2.txt] mode=strict_deviation, top_k=None, threshold=7.0, use_topk=False, P=0.4559, R=1.0000, F1=0.6263
2025-04-15 23:28:49,052 - INFO - [omi-3] Starting grid search...
2025-04-15 23:28:52,265 - INFO - [omi-3.txt] mode=strict_deviation, top_k=None, threshold=1.0, use_topk=False, P=0.7738, R=0.8333, F1=0.8025
2025-04-15 23:28:52,266 - INFO - [omi-3.txt] mode=strict_deviation, top_k=None, threshold=1.5, use_topk=False, P=0.7738, R=0.8333, F1=0.8025
2025-04-15 23:28:52,385 - INFO - [omi-3.txt] mode=strict_deviation, top_k=None, threshold=2.0, use_topk=False, P=0.7738, R=0.8333, F1=0.8025
2025-04-15 23:28:52,386 - INFO - [omi-3.txt] mode=strict_deviation, top_k=None, threshold=2.5, use_topk=False, P=0.7738, R=0.8333, F1=0.8025
2025-04-15 23:28:54,312 - INFO - [omi-3.txt] mode=strict_deviation, top_k=None, threshold=3.0, use_topk=False, P=0.7738, R=0.8333, F1=0.8025
2025-04-15 23:28:54,380 - INFO - [omi-3.txt] mode=strict_deviation, top_k=None, threshold=3.5, use_topk=False, P=0.7738, R=0.8333, F1=0.8025
2025-04-15 23:28:54,410 - INFO - [omi-3.txt] mode=strict_deviation, top_k=None, threshold=4.0, use_topk=False, P=0.7738, R=0.8333, F1=0.8025
2025-04-15 23:28:54,494 - INFO - [omi-3.txt] mode=strict_deviation, top_k=None, threshold=4.5, use_topk=False, P=0.7738, R=0.8333, F1=0.8025
2025-04-15 23:28:56,360 - INFO - [omi-3.txt] mode=strict_deviation, top_k=None, threshold=5.0, use_topk=False, P=0.7738, R=0.8333, F1=0.8025
2025-04-15 23:28:56,467 - INFO - [omi-3.txt] mode=strict_deviation, top_k=None, threshold=5.5, use_topk=False, P=0.7738, R=0.8333, F1=0.8025
2025-04-15 23:28:56,549 - INFO - [omi-3.txt] mode=strict_deviation, top_k=None, threshold=6.0, use_topk=False, P=0.7738, R=0.8333, F1=0.8025
2025-04-15 23:28:56,649 - INFO - [omi-3.txt] mode=strict_deviation, top_k=None, threshold=6.5, use_topk=False, P=0.7738, R=0.8333, F1=0.8025
2025-04-15 23:28:58,279 - INFO - [omi-3.txt] mode=strict_deviation, top_k=None, threshold=7.0, use_topk=False, P=0.7738, R=0.8333, F1=0.8025
2025-04-15 23:28:58,294 - INFO - [omi-4] Starting grid search...
2025-04-15 23:29:01,540 - INFO - [omi-4.txt] mode=strict_deviation, top_k=None, threshold=1.0, use_topk=False, P=0.7952, R=0.9851, F1=0.8800
2025-04-15 23:29:01,612 - INFO - [omi-4.txt] mode=strict_deviation, top_k=None, threshold=1.5, use_topk=False, P=0.7952, R=0.9851, F1=0.8800
2025-04-15 23:29:01,612 - INFO - [omi-4.txt] mode=strict_deviation, top_k=None, threshold=2.0, use_topk=False, P=0.7952, R=0.9851, F1=0.8800
2025-04-15 23:29:01,612 - INFO - [omi-4.txt] mode=strict_deviation, top_k=None, threshold=2.5, use_topk=False, P=0.7952, R=0.9851, F1=0.8800
2025-04-15 23:29:03,681 - INFO - [omi-4.txt] mode=strict_deviation, top_k=None, threshold=3.0, use_topk=False, P=0.7952, R=0.9851, F1=0.8800
2025-04-15 23:29:03,683 - INFO - [omi-4.txt] mode=strict_deviation, top_k=None, threshold=3.5, use_topk=False, P=0.7952, R=0.9851, F1=0.8800
2025-04-15 23:29:03,724 - INFO - [omi-4.txt] mode=strict_deviation, top_k=None, threshold=4.0, use_topk=False, P=0.7952, R=0.9851, F1=0.8800
2025-04-15 23:29:03,753 - INFO - [omi-4.txt] mode=strict_deviation, top_k=None, threshold=4.5, use_topk=False, P=0.7952, R=0.9851, F1=0.8800
2025-04-15 23:29:05,767 - INFO - [omi-4.txt] mode=strict_deviation, top_k=None, threshold=5.0, use_topk=False, P=0.7952, R=0.9851, F1=0.8800
2025-04-15 23:29:05,833 - INFO - [omi-4.txt] mode=strict_deviation, top_k=None, threshold=5.5, use_topk=False, P=0.7952, R=0.9851, F1=0.8800
2025-04-15 23:29:05,864 - INFO - [omi-4.txt] mode=strict_deviation, top_k=None, threshold=6.0, use_topk=False, P=0.7952, R=0.9851, F1=0.8800
2025-04-15 23:29:05,864 - INFO - [omi-4.txt] mode=strict_deviation, top_k=None, threshold=6.5, use_topk=False, P=0.7952, R=0.9851, F1=0.8800
2025-04-15 23:29:07,713 - INFO - [omi-4.txt] mode=strict_deviation, top_k=None, threshold=7.0, use_topk=False, P=0.7952, R=0.9851, F1=0.8800
2025-04-15 23:29:07,730 - INFO - [omi-5] Starting grid search...
2025-04-15 23:29:10,940 - INFO - [omi-5.txt] mode=strict_deviation, top_k=None, threshold=1.0, use_topk=False, P=0.4537, R=1.0000, F1=0.6242
2025-04-15 23:29:11,019 - INFO - [omi-5.txt] mode=strict_deviation, top_k=None, threshold=1.5, use_topk=False, P=0.4537, R=1.0000, F1=0.6242
2025-04-15 23:29:11,085 - INFO - [omi-5.txt] mode=strict_deviation, top_k=None, threshold=2.0, use_topk=False, P=0.4537, R=1.0000, F1=0.6242
2025-04-15 23:29:11,085 - INFO - [omi-5.txt] mode=strict_deviation, top_k=None, threshold=2.5, use_topk=False, P=0.4537, R=1.0000, F1=0.6242
2025-04-15 23:29:13,142 - INFO - [omi-5.txt] mode=strict_deviation, top_k=None, threshold=3.0, use_topk=False, P=0.4537, R=1.0000, F1=0.6242
2025-04-15 23:29:13,143 - INFO - [omi-5.txt] mode=strict_deviation, top_k=None, threshold=3.5, use_topk=False, P=0.4537, R=1.0000, F1=0.6242
2025-04-15 23:29:13,147 - INFO - [omi-5.txt] mode=strict_deviation, top_k=None, threshold=4.0, use_topk=False, P=0.4537, R=1.0000, F1=0.6242
2025-04-15 23:29:13,262 - INFO - [omi-5.txt] mode=strict_deviation, top_k=None, threshold=4.5, use_topk=False, P=0.4537, R=1.0000, F1=0.6242
2025-04-15 23:29:15,281 - INFO - [omi-5.txt] mode=strict_deviation, top_k=None, threshold=5.0, use_topk=False, P=0.4537, R=1.0000, F1=0.6242
2025-04-15 23:29:15,281 - INFO - [omi-5.txt] mode=strict_deviation, top_k=None, threshold=5.5, use_topk=False, P=0.4537, R=1.0000, F1=0.6242
2025-04-15 23:29:15,298 - INFO - [omi-5.txt] mode=strict_deviation, top_k=None, threshold=6.0, use_topk=False, P=0.4537, R=1.0000, F1=0.6242
2025-04-15 23:29:15,433 - INFO - [omi-5.txt] mode=strict_deviation, top_k=None, threshold=6.5, use_topk=False, P=0.4537, R=1.0000, F1=0.6242
2025-04-15 23:29:17,234 - INFO - [omi-5.txt] mode=strict_deviation, top_k=None, threshold=7.0, use_topk=False, P=0.4537, R=1.0000, F1=0.6242
2025-04-15 23:29:17,251 - INFO - [omi-6] Starting grid search...
2025-04-15 23:29:20,447 - INFO - [omi-6.txt] mode=strict_deviation, top_k=None, threshold=1.0, use_topk=False, P=0.2544, R=0.9773, F1=0.4038
2025-04-15 23:29:20,524 - INFO - [omi-6.txt] mode=strict_deviation, top_k=None, threshold=1.5, use_topk=False, P=0.2544, R=0.9773, F1=0.4038
2025-04-15 23:29:20,524 - INFO - [omi-6.txt] mode=strict_deviation, top_k=None, threshold=2.0, use_topk=False, P=0.2544, R=0.9773, F1=0.4038
2025-04-15 23:29:20,585 - INFO - [omi-6.txt] mode=strict_deviation, top_k=None, threshold=2.5, use_topk=False, P=0.2544, R=0.9773, F1=0.4038
2025-04-15 23:29:22,539 - INFO - [omi-6.txt] mode=strict_deviation, top_k=None, threshold=3.0, use_topk=False, P=0.2544, R=0.9773, F1=0.4038
2025-04-15 23:29:22,647 - INFO - [omi-6.txt] mode=strict_deviation, top_k=None, threshold=3.5, use_topk=False, P=0.2544, R=0.9773, F1=0.4038
2025-04-15 23:29:22,648 - INFO - [omi-6.txt] mode=strict_deviation, top_k=None, threshold=4.0, use_topk=False, P=0.2544, R=0.9773, F1=0.4038
2025-04-15 23:29:22,725 - INFO - [omi-6.txt] mode=strict_deviation, top_k=None, threshold=4.5, use_topk=False, P=0.2544, R=0.9773, F1=0.4038
2025-04-15 23:29:24,665 - INFO - [omi-6.txt] mode=strict_deviation, top_k=None, threshold=5.0, use_topk=False, P=0.2544, R=0.9773, F1=0.4038
2025-04-15 23:29:24,778 - INFO - [omi-6.txt] mode=strict_deviation, top_k=None, threshold=5.5, use_topk=False, P=0.2544, R=0.9773, F1=0.4038
2025-04-15 23:29:24,782 - INFO - [omi-6.txt] mode=strict_deviation, top_k=None, threshold=6.0, use_topk=False, P=0.2544, R=0.9773, F1=0.4038
2025-04-15 23:29:24,862 - INFO - [omi-6.txt] mode=strict_deviation, top_k=None, threshold=6.5, use_topk=False, P=0.2544, R=0.9773, F1=0.4038
2025-04-15 23:29:26,630 - INFO - [omi-6.txt] mode=strict_deviation, top_k=None, threshold=7.0, use_topk=False, P=0.2544, R=0.9773, F1=0.4038
2025-04-15 23:29:26,648 - INFO - [omi-7] Starting grid search...
2025-04-15 23:29:29,647 - INFO - [omi-7.txt] mode=strict_deviation, top_k=None, threshold=1.0, use_topk=False, P=0.8261, R=0.9744, F1=0.8941
2025-04-15 23:29:29,694 - INFO - [omi-7.txt] mode=strict_deviation, top_k=None, threshold=1.5, use_topk=False, P=0.8261, R=0.9744, F1=0.8941
2025-04-15 23:29:29,705 - INFO - [omi-7.txt] mode=strict_deviation, top_k=None, threshold=2.0, use_topk=False, P=0.8261, R=0.9744, F1=0.8941
2025-04-15 23:29:29,831 - INFO - [omi-7.txt] mode=strict_deviation, top_k=None, threshold=2.5, use_topk=False, P=0.8261, R=0.9744, F1=0.8941
2025-04-15 23:29:31,671 - INFO - [omi-7.txt] mode=strict_deviation, top_k=None, threshold=3.0, use_topk=False, P=0.8261, R=0.9744, F1=0.8941
2025-04-15 23:29:31,709 - INFO - [omi-7.txt] mode=strict_deviation, top_k=None, threshold=3.5, use_topk=False, P=0.8261, R=0.9744, F1=0.8941
2025-04-15 23:29:31,745 - INFO - [omi-7.txt] mode=strict_deviation, top_k=None, threshold=4.0, use_topk=False, P=0.8261, R=0.9744, F1=0.8941
2025-04-15 23:29:31,810 - INFO - [omi-7.txt] mode=strict_deviation, top_k=None, threshold=4.5, use_topk=False, P=0.8261, R=0.9744, F1=0.8941
2025-04-15 23:29:33,579 - INFO - [omi-7.txt] mode=strict_deviation, top_k=None, threshold=5.0, use_topk=False, P=0.8261, R=0.9744, F1=0.8941
2025-04-15 23:29:33,692 - INFO - [omi-7.txt] mode=strict_deviation, top_k=None, threshold=5.5, use_topk=False, P=0.8261, R=0.9744, F1=0.8941
2025-04-15 23:29:33,692 - INFO - [omi-7.txt] mode=strict_deviation, top_k=None, threshold=6.0, use_topk=False, P=0.8261, R=0.9744, F1=0.8941
2025-04-15 23:29:33,778 - INFO - [omi-7.txt] mode=strict_deviation, top_k=None, threshold=6.5, use_topk=False, P=0.8261, R=0.9744, F1=0.8941
2025-04-15 23:29:35,375 - INFO - [omi-7.txt] mode=strict_deviation, top_k=None, threshold=7.0, use_topk=False, P=0.8444, R=0.9744, F1=0.9048
2025-04-15 23:29:35,391 - INFO - [omi-8] Starting grid search...
2025-04-15 23:29:38,437 - INFO - [omi-8.txt] mode=strict_deviation, top_k=None, threshold=1.0, use_topk=False, P=0.3537, R=0.9355, F1=0.5133
2025-04-15 23:29:38,471 - INFO - [omi-8.txt] mode=strict_deviation, top_k=None, threshold=1.5, use_topk=False, P=0.3537, R=0.9355, F1=0.5133
2025-04-15 23:29:38,534 - INFO - [omi-8.txt] mode=strict_deviation, top_k=None, threshold=2.0, use_topk=False, P=0.3537, R=0.9355, F1=0.5133
2025-04-15 23:29:38,537 - INFO - [omi-8.txt] mode=strict_deviation, top_k=None, threshold=2.5, use_topk=False, P=0.3537, R=0.9355, F1=0.5133
2025-04-15 23:29:40,414 - INFO - [omi-8.txt] mode=strict_deviation, top_k=None, threshold=3.0, use_topk=False, P=0.3537, R=0.9355, F1=0.5133
2025-04-15 23:29:40,523 - INFO - [omi-8.txt] mode=strict_deviation, top_k=None, threshold=3.5, use_topk=False, P=0.3537, R=0.9355, F1=0.5133
2025-04-15 23:29:40,562 - INFO - [omi-8.txt] mode=strict_deviation, top_k=None, threshold=4.0, use_topk=False, P=0.3537, R=0.9355, F1=0.5133
2025-04-15 23:29:40,562 - INFO - [omi-8.txt] mode=strict_deviation, top_k=None, threshold=4.5, use_topk=False, P=0.3537, R=0.9355, F1=0.5133
2025-04-15 23:29:42,412 - INFO - [omi-8.txt] mode=strict_deviation, top_k=None, threshold=5.0, use_topk=False, P=0.3537, R=0.9355, F1=0.5133
2025-04-15 23:29:42,506 - INFO - [omi-8.txt] mode=strict_deviation, top_k=None, threshold=5.5, use_topk=False, P=0.3537, R=0.9355, F1=0.5133
2025-04-15 23:29:42,543 - INFO - [omi-8.txt] mode=strict_deviation, top_k=None, threshold=6.0, use_topk=False, P=0.3537, R=0.9355, F1=0.5133
2025-04-15 23:29:42,653 - INFO - [omi-8.txt] mode=strict_deviation, top_k=None, threshold=6.5, use_topk=False, P=0.3537, R=0.9355, F1=0.5133
2025-04-15 23:29:44,244 - INFO - [omi-8.txt] mode=strict_deviation, top_k=None, threshold=7.0, use_topk=False, P=0.3537, R=0.9355, F1=0.5133
2025-04-15 23:29:44,263 - INFO - [omi-9] Starting grid search...
2025-04-15 23:29:47,496 - INFO - [omi-9.txt] mode=strict_deviation, top_k=None, threshold=1.0, use_topk=False, P=0.4962, R=0.9155, F1=0.6436
2025-04-15 23:29:47,497 - INFO - [omi-9.txt] mode=strict_deviation, top_k=None, threshold=1.5, use_topk=False, P=0.4962, R=0.9155, F1=0.6436
2025-04-15 23:29:47,507 - INFO - [omi-9.txt] mode=strict_deviation, top_k=None, threshold=2.0, use_topk=False, P=0.4962, R=0.9155, F1=0.6436
2025-04-15 23:29:47,507 - INFO - [omi-9.txt] mode=strict_deviation, top_k=None, threshold=2.5, use_topk=False, P=0.4962, R=0.9155, F1=0.6436
2025-04-15 23:29:49,347 - INFO - [omi-9.txt] mode=strict_deviation, top_k=None, threshold=3.0, use_topk=False, P=0.4962, R=0.9155, F1=0.6436
2025-04-15 23:29:49,478 - INFO - [omi-9.txt] mode=strict_deviation, top_k=None, threshold=3.5, use_topk=False, P=0.4962, R=0.9155, F1=0.6436
2025-04-15 23:29:49,478 - INFO - [omi-9.txt] mode=strict_deviation, top_k=None, threshold=4.0, use_topk=False, P=0.4962, R=0.9155, F1=0.6436
2025-04-15 23:29:49,516 - INFO - [omi-9.txt] mode=strict_deviation, top_k=None, threshold=4.5, use_topk=False, P=0.4962, R=0.9155, F1=0.6436
2025-04-15 23:29:51,387 - INFO - [omi-9.txt] mode=strict_deviation, top_k=None, threshold=5.0, use_topk=False, P=0.4962, R=0.9155, F1=0.6436
2025-04-15 23:29:51,416 - INFO - [omi-9.txt] mode=strict_deviation, top_k=None, threshold=5.5, use_topk=False, P=0.4962, R=0.9155, F1=0.6436
2025-04-15 23:29:51,537 - INFO - [omi-9.txt] mode=strict_deviation, top_k=None, threshold=6.0, use_topk=False, P=0.4962, R=0.9155, F1=0.6436
2025-04-15 23:29:51,568 - INFO - [omi-9.txt] mode=strict_deviation, top_k=None, threshold=6.5, use_topk=False, P=0.4962, R=0.9155, F1=0.6436
2025-04-15 23:29:53,216 - INFO - [omi-9.txt] mode=strict_deviation, top_k=None, threshold=7.0, use_topk=False, P=0.4962, R=0.9155, F1=0.6436
2025-04-15 23:29:53,236 - INFO - 
==================================================
2025-04-15 23:29:53,236 - INFO - 开始汇总结果...
2025-04-15 23:29:53,242 - INFO - 
===== Best Results per Dataset =====
   dataset       score_mode top_k  score_threshold  use_topk  precision   recall  f1_score
 omi-1.txt strict_deviation  None              1.5     False   0.741667 1.000000  0.851675
omi-10.txt strict_deviation  None              4.0     False   0.444444 0.983607  0.612245
omi-11.txt strict_deviation  None              1.5     False   0.343373 0.982759  0.508929
omi-12.txt strict_deviation  None              7.0     False   0.612903 0.950000  0.745098
 omi-2.txt strict_deviation  None              6.0     False   0.455882 1.000000  0.626263
 omi-3.txt strict_deviation  None              2.5     False   0.773810 0.833333  0.802469
 omi-4.txt strict_deviation  None              4.5     False   0.795181 0.985075  0.880000
 omi-5.txt strict_deviation  None              4.5     False   0.453704 1.000000  0.624204
 omi-6.txt strict_deviation  None              6.5     False   0.254438 0.977273  0.403756
 omi-7.txt strict_deviation  None              7.0     False   0.844444 0.974359  0.904762
 omi-8.txt strict_deviation  None              4.0     False   0.353659 0.935484  0.513274
 omi-9.txt strict_deviation  None              4.0     False   0.496183 0.915493  0.643564
2025-04-15 23:29:53,242 - INFO - 
===== Overall Metrics =====
Precision: 0.4792  Recall: 0.9585  F1: 0.6390
2025-04-15 23:29:53,242 - INFO - 
【原始汇总指标】
2025-04-15 23:29:53,242 - INFO - 精确率(Precision): 0.4792
2025-04-15 23:29:53,242 - INFO - 召回率(Recall):    0.9585
2025-04-15 23:29:53,242 - INFO - F1值:             0.6390
2025-04-15 23:29:53,242 - INFO - 
==================================================
2025-04-15 23:29:53,242 - INFO - 开始生成可视化结果...
2025-04-15 23:29:53,242 - INFO - 
==================================================
2025-04-15 23:29:53,242 - INFO - 开始数据集可视化: omi-1
2025-04-15 23:29:53,242 - INFO - 使用参数: 评分模式=strict_deviation, top_k=None, 阈值=1.5
2025-04-15 23:29:53,242 - INFO - ==================================================

2025-04-15 23:29:53,243 - INFO - 正在加载数据集 omi-1 的数据
2025-04-15 23:29:53,243 - INFO - 数据加载成功。训练集形状: (8640, 19), 测试集形状: (4320, 19)
2025-04-15 23:29:53,243 - INFO - 正在计算边缘统计量...
2025-04-15 23:29:55,095 - INFO - 已计算 170 条边的统计量
2025-04-15 23:29:55,096 - INFO - 为每个节点使用所有邻居
2025-04-15 23:29:55,098 - INFO - 可视化结果将保存到: ./visual/use_topkFalse\omi\strict_deviation\omi-1
2025-04-15 23:29:55,099 - INFO - 在数据集中发现 7 个异常时间段
2025-04-15 23:29:55,099 - INFO - 
正在处理时间段 1/7: 760-765
2025-04-15 23:29:55,099 - INFO - 该时间段的真实异常节点: {4, 5, 7, 8, 9, 10, 11, 12, 13, 14, 15, 16, 17, 18, 19}
2025-04-15 23:29:55,099 - INFO - 正在计算异常分数...
2025-04-15 23:29:55,102 - INFO - 检测到的异常节点: {1, 4, 5, 7, 8, 9, 10, 11, 12, 13, 14, 15, 16, 17, 18, 19}
2025-04-15 23:29:55,102 - INFO - 正在为时间段 760-765 生成可视化
2025-04-15 23:29:55,102 - INFO - 正在为时间段 760-765 生成异常图可视化
2025-04-15 23:29:55,102 - DEBUG - 创建包含 19 个节点的图结构
2025-04-15 23:29:55,103 - DEBUG - 边统计: 正常边 118 条, 异常边 122 条
2025-04-15 23:29:55,103 - INFO - 时间段 760-765 的节点检测统计: 真阳性=15, 假阳性=1, 假阴性=0, 正常节点=3
2025-04-15 23:29:55,190 - DEBUG - 正在保存可视化结果到 ./visual/use_topkFalse\omi\strict_deviation\omi-1\seg_0_760_765.png
2025-04-15 23:29:55,279 - INFO - 成功保存时间段 760-765 的可视化结果
2025-04-15 23:29:55,279 - INFO - 
正在处理时间段 2/7: 1064-1298
2025-04-15 23:29:55,279 - INFO - 该时间段的真实异常节点: {6, 7, 9, 10, 11, 12, 13, 14, 15, 16, 17, 18, 19}
2025-04-15 23:29:55,279 - INFO - 正在计算异常分数...
2025-04-15 23:29:55,407 - INFO - 检测到的异常节点: {1, 3, 4, 5, 6, 7, 8, 9, 10, 11, 12, 13, 14, 15, 16, 17, 18, 19}
2025-04-15 23:29:55,407 - INFO - 正在为时间段 1064-1298 生成可视化
2025-04-15 23:29:55,407 - INFO - 正在为时间段 1064-1298 生成异常图可视化
2025-04-15 23:29:55,407 - DEBUG - 创建包含 19 个节点的图结构
2025-04-15 23:29:55,408 - DEBUG - 边统计: 正常边 194 条, 异常边 112 条
2025-04-15 23:29:55,408 - INFO - 时间段 1064-1298 的节点检测统计: 真阳性=13, 假阳性=5, 假阴性=0, 正常节点=1
2025-04-15 23:29:55,507 - DEBUG - 正在保存可视化结果到 ./visual/use_topkFalse\omi\strict_deviation\omi-1\seg_1_1064_1298.png
2025-04-15 23:29:55,606 - INFO - 成功保存时间段 1064-1298 的可视化结果
2025-04-15 23:29:55,606 - INFO - 
正在处理时间段 3/7: 2758-2772
2025-04-15 23:29:55,606 - INFO - 该时间段的真实异常节点: {5, 6, 7, 8, 9, 10, 11, 12, 13, 14, 15, 16, 17, 18, 19}
2025-04-15 23:29:55,606 - INFO - 正在计算异常分数...
2025-04-15 23:29:55,618 - INFO - 检测到的异常节点: {1, 4, 5, 6, 7, 8, 9, 10, 11, 12, 13, 14, 15, 16, 17, 18, 19}
2025-04-15 23:29:55,618 - INFO - 正在为时间段 2758-2772 生成可视化
2025-04-15 23:29:55,618 - INFO - 正在为时间段 2758-2772 生成异常图可视化
2025-04-15 23:29:55,618 - DEBUG - 创建包含 19 个节点的图结构
2025-04-15 23:29:55,619 - DEBUG - 边统计: 正常边 176 条, 异常边 96 条
2025-04-15 23:29:55,619 - INFO - 时间段 2758-2772 的节点检测统计: 真阳性=15, 假阳性=2, 假阴性=0, 正常节点=2
2025-04-15 23:29:55,701 - DEBUG - 正在保存可视化结果到 ./visual/use_topkFalse\omi\strict_deviation\omi-1\seg_2_2758_2772.png
2025-04-15 23:29:55,782 - INFO - 成功保存时间段 2758-2772 的可视化结果
2025-04-15 23:29:55,783 - INFO - 
正在处理时间段 4/7: 2874-2885
2025-04-15 23:29:55,783 - INFO - 该时间段的真实异常节点: {7, 9, 10, 11, 12, 13, 14, 15, 16, 17, 18}
2025-04-15 23:29:55,783 - INFO - 正在计算异常分数...
2025-04-15 23:29:55,789 - INFO - 检测到的异常节点: {1, 4, 5, 6, 7, 8, 9, 10, 11, 12, 13, 14, 15, 16, 17, 18, 19}
2025-04-15 23:29:55,789 - INFO - 正在为时间段 2874-2885 生成可视化
2025-04-15 23:29:55,789 - INFO - 正在为时间段 2874-2885 生成异常图可视化
2025-04-15 23:29:55,789 - DEBUG - 创建包含 19 个节点的图结构
2025-04-15 23:29:55,790 - DEBUG - 边统计: 正常边 190 条, 异常边 82 条
2025-04-15 23:29:55,790 - INFO - 时间段 2874-2885 的节点检测统计: 真阳性=11, 假阳性=6, 假阴性=0, 正常节点=2
2025-04-15 23:29:55,871 - DEBUG - 正在保存可视化结果到 ./visual/use_topkFalse\omi\strict_deviation\omi-1\seg_3_2874_2885.png
2025-04-15 23:29:55,947 - INFO - 成功保存时间段 2874-2885 的可视化结果
2025-04-15 23:29:55,948 - INFO - 
正在处理时间段 5/7: 3012-3025
2025-04-15 23:29:55,948 - INFO - 该时间段的真实异常节点: {7, 10, 11, 12, 13, 14, 15, 16, 17, 18, 19}
2025-04-15 23:29:55,948 - INFO - 正在计算异常分数...
2025-04-15 23:29:55,955 - INFO - 检测到的异常节点: {1, 4, 5, 6, 7, 8, 9, 10, 11, 12, 13, 14, 15, 16, 17, 18, 19}
2025-04-15 23:29:55,955 - INFO - 正在为时间段 3012-3025 生成可视化
2025-04-15 23:29:55,955 - INFO - 正在为时间段 3012-3025 生成异常图可视化
2025-04-15 23:29:55,955 - DEBUG - 创建包含 19 个节点的图结构
2025-04-15 23:29:55,956 - DEBUG - 边统计: 正常边 164 条, 异常边 108 条
2025-04-15 23:29:55,956 - INFO - 时间段 3012-3025 的节点检测统计: 真阳性=11, 假阳性=6, 假阴性=0, 正常节点=2
2025-04-15 23:29:56,039 - DEBUG - 正在保存可视化结果到 ./visual/use_topkFalse\omi\strict_deviation\omi-1\seg_4_3012_3025.png
2025-04-15 23:29:56,118 - INFO - 成功保存时间段 3012-3025 的可视化结果
2025-04-15 23:29:56,118 - INFO - 
正在处理时间段 6/7: 3160-3305
2025-04-15 23:29:56,118 - INFO - 该时间段的真实异常节点: {8, 9, 10, 11, 12, 13, 14, 15, 16, 17, 18, 19}
2025-04-15 23:29:56,118 - INFO - 正在计算异常分数...
2025-04-15 23:29:56,189 - INFO - 检测到的异常节点: {1, 3, 4, 5, 6, 7, 8, 9, 10, 11, 12, 13, 14, 15, 16, 17, 18, 19}
2025-04-15 23:29:56,190 - INFO - 正在为时间段 3160-3305 生成可视化
2025-04-15 23:29:56,190 - INFO - 正在为时间段 3160-3305 生成异常图可视化
2025-04-15 23:29:56,190 - DEBUG - 创建包含 19 个节点的图结构
2025-04-15 23:29:56,191 - DEBUG - 边统计: 正常边 194 条, 异常边 112 条
2025-04-15 23:29:56,191 - INFO - 时间段 3160-3305 的节点检测统计: 真阳性=12, 假阳性=6, 假阴性=0, 正常节点=1
2025-04-15 23:29:56,297 - DEBUG - 正在保存可视化结果到 ./visual/use_topkFalse\omi\strict_deviation\omi-1\seg_5_3160_3305.png
2025-04-15 23:29:56,408 - INFO - 成功保存时间段 3160-3305 的可视化结果
2025-04-15 23:29:56,409 - INFO - 
正在处理时间段 7/7: 3626-3638
2025-04-15 23:29:56,409 - INFO - 该时间段的真实异常节点: {7, 9, 10, 11, 12, 13, 14, 15, 16, 17, 18, 19}
2025-04-15 23:29:56,409 - INFO - 正在计算异常分数...
2025-04-15 23:29:56,420 - INFO - 检测到的异常节点: {1, 4, 5, 6, 7, 8, 9, 10, 11, 12, 13, 14, 15, 16, 17, 18, 19}
2025-04-15 23:29:56,420 - INFO - 正在为时间段 3626-3638 生成可视化
2025-04-15 23:29:56,420 - INFO - 正在为时间段 3626-3638 生成异常图可视化
2025-04-15 23:29:56,420 - DEBUG - 创建包含 19 个节点的图结构
2025-04-15 23:29:56,421 - DEBUG - 边统计: 正常边 190 条, 异常边 82 条
2025-04-15 23:29:56,421 - INFO - 时间段 3626-3638 的节点检测统计: 真阳性=12, 假阳性=5, 假阴性=0, 正常节点=2
2025-04-15 23:29:56,505 - DEBUG - 正在保存可视化结果到 ./visual/use_topkFalse\omi\strict_deviation\omi-1\seg_6_3626_3638.png
2025-04-15 23:29:56,585 - INFO - 成功保存时间段 3626-3638 的可视化结果
2025-04-15 23:29:56,585 - INFO - 正在从 ./visual/use_topkFalse\omi\strict_deviation\omi-1 中的图像创建GIF
2025-04-15 23:29:56,783 - INFO - GIF已保存到 ./visual/use_topkFalse\omi\strict_deviation\omi-1\omi-1.gif
2025-04-15 23:29:56,783 - INFO - 
==================================================
2025-04-15 23:29:56,783 - INFO - 开始数据集可视化: omi-10
2025-04-15 23:29:56,783 - INFO - 使用参数: 评分模式=strict_deviation, top_k=None, 阈值=4.0
2025-04-15 23:29:56,783 - INFO - ==================================================

2025-04-15 23:29:56,784 - INFO - 正在加载数据集 omi-10 的数据
2025-04-15 23:29:56,785 - INFO - 数据加载成功。训练集形状: (8640, 19), 测试集形状: (4320, 19)
2025-04-15 23:29:56,785 - INFO - 正在计算边缘统计量...
2025-04-15 23:29:58,699 - INFO - 已计算 136 条边的统计量
2025-04-15 23:29:58,699 - INFO - 为每个节点使用所有邻居
2025-04-15 23:29:58,699 - INFO - 可视化结果将保存到: ./visual/use_topkFalse\omi\strict_deviation\omi-10
2025-04-15 23:29:58,700 - INFO - 在数据集中发现 8 个异常时间段
2025-04-15 23:29:58,700 - INFO - 
正在处理时间段 1/8: 740-780
2025-04-15 23:29:58,700 - INFO - 该时间段的真实异常节点: {2, 5, 6, 7, 8, 9, 10, 11, 12, 13, 14, 15, 16, 17, 18, 19}
2025-04-15 23:29:58,700 - INFO - 正在计算异常分数...
2025-04-15 23:29:58,726 - INFO - 检测到的异常节点: {1, 4, 5, 6, 7, 8, 9, 10, 11, 12, 13, 14, 15, 16, 17, 18, 19}
2025-04-15 23:29:58,726 - INFO - 正在为时间段 740-780 生成可视化
2025-04-15 23:29:58,726 - INFO - 正在为时间段 740-780 生成异常图可视化
2025-04-15 23:29:58,726 - DEBUG - 创建包含 19 个节点的图结构
2025-04-15 23:29:58,727 - DEBUG - 边统计: 正常边 206 条, 异常边 66 条
2025-04-15 23:29:58,727 - INFO - 时间段 740-780 的节点检测统计: 真阳性=15, 假阳性=2, 假阴性=1, 正常节点=1
2025-04-15 23:29:58,873 - DEBUG - 正在保存可视化结果到 ./visual/use_topkFalse\omi\strict_deviation\omi-10\seg_0_740_780.png
2025-04-15 23:29:58,949 - INFO - 成功保存时间段 740-780 的可视化结果
2025-04-15 23:29:58,949 - INFO - 
正在处理时间段 2/8: 1345-1406
2025-04-15 23:29:58,949 - INFO - 该时间段的真实异常节点: {7, 9, 10, 11, 12, 13, 14, 15, 16, 17, 18}
2025-04-15 23:29:58,949 - INFO - 正在计算异常分数...
2025-04-15 23:29:58,987 - INFO - 检测到的异常节点: {1, 4, 5, 6, 7, 8, 9, 10, 11, 12, 13, 14, 15, 16, 17, 18, 19}
2025-04-15 23:29:58,987 - INFO - 正在为时间段 1345-1406 生成可视化
2025-04-15 23:29:58,988 - INFO - 正在为时间段 1345-1406 生成异常图可视化
2025-04-15 23:29:58,988 - DEBUG - 创建包含 19 个节点的图结构
2025-04-15 23:29:58,988 - DEBUG - 边统计: 正常边 210 条, 异常边 62 条
2025-04-15 23:29:58,988 - INFO - 时间段 1345-1406 的节点检测统计: 真阳性=11, 假阳性=6, 假阴性=0, 正常节点=2
2025-04-15 23:29:59,075 - DEBUG - 正在保存可视化结果到 ./visual/use_topkFalse\omi\strict_deviation\omi-10\seg_1_1345_1406.png
2025-04-15 23:29:59,161 - INFO - 成功保存时间段 1345-1406 的可视化结果
2025-04-15 23:29:59,161 - INFO - 
正在处理时间段 3/8: 2224-2272
2025-04-15 23:29:59,162 - INFO - 该时间段的真实异常节点: {4, 5, 6, 7, 9, 10, 11, 12, 13, 14, 15, 16, 17, 18, 19}
2025-04-15 23:29:59,162 - INFO - 正在计算异常分数...
2025-04-15 23:29:59,192 - INFO - 检测到的异常节点: {1, 4, 5, 6, 7, 8, 9, 10, 11, 12, 13, 14, 15, 16, 17, 18, 19}
2025-04-15 23:29:59,192 - INFO - 正在为时间段 2224-2272 生成可视化
2025-04-15 23:29:59,192 - INFO - 正在为时间段 2224-2272 生成异常图可视化
2025-04-15 23:29:59,192 - DEBUG - 创建包含 19 个节点的图结构
2025-04-15 23:29:59,193 - DEBUG - 边统计: 正常边 208 条, 异常边 64 条
2025-04-15 23:29:59,193 - INFO - 时间段 2224-2272 的节点检测统计: 真阳性=15, 假阳性=2, 假阴性=0, 正常节点=2
2025-04-15 23:29:59,271 - DEBUG - 正在保存可视化结果到 ./visual/use_topkFalse\omi\strict_deviation\omi-10\seg_2_2224_2272.png
2025-04-15 23:29:59,350 - INFO - 成功保存时间段 2224-2272 的可视化结果
2025-04-15 23:29:59,350 - INFO - 
正在处理时间段 4/8: 2514-2592
2025-04-15 23:29:59,350 - INFO - 该时间段的真实异常节点: {16, 4}
2025-04-15 23:29:59,350 - INFO - 正在计算异常分数...
2025-04-15 23:29:59,402 - INFO - 检测到的异常节点: {1, 4, 5, 6, 7, 8, 9, 10, 11, 12, 13, 14, 15, 16, 17, 18, 19}
2025-04-15 23:29:59,402 - INFO - 正在为时间段 2514-2592 生成可视化
2025-04-15 23:29:59,402 - INFO - 正在为时间段 2514-2592 生成异常图可视化
2025-04-15 23:29:59,402 - DEBUG - 创建包含 19 个节点的图结构
2025-04-15 23:29:59,403 - DEBUG - 边统计: 正常边 180 条, 异常边 92 条
2025-04-15 23:29:59,403 - INFO - 时间段 2514-2592 的节点检测统计: 真阳性=2, 假阳性=15, 假阴性=0, 正常节点=2
2025-04-15 23:29:59,483 - DEBUG - 正在保存可视化结果到 ./visual/use_topkFalse\omi\strict_deviation\omi-10\seg_3_2514_2592.png
2025-04-15 23:29:59,566 - INFO - 成功保存时间段 2514-2592 的可视化结果
2025-04-15 23:29:59,566 - INFO - 
正在处理时间段 5/8: 2733-2778
2025-04-15 23:29:59,567 - INFO - 该时间段的真实异常节点: {11, 14, 15}
2025-04-15 23:29:59,567 - INFO - 正在计算异常分数...
2025-04-15 23:29:59,593 - INFO - 检测到的异常节点: {1, 4, 5, 7, 8, 9, 10, 11, 12, 13, 14, 15, 16, 17, 18, 19}
2025-04-15 23:29:59,593 - INFO - 正在为时间段 2733-2778 生成可视化
2025-04-15 23:29:59,594 - INFO - 正在为时间段 2733-2778 生成异常图可视化
2025-04-15 23:29:59,594 - DEBUG - 创建包含 19 个节点的图结构
2025-04-15 23:29:59,594 - DEBUG - 边统计: 正常边 178 条, 异常边 62 条
2025-04-15 23:29:59,594 - INFO - 时间段 2733-2778 的节点检测统计: 真阳性=3, 假阳性=13, 假阴性=0, 正常节点=3
2025-04-15 23:29:59,681 - DEBUG - 正在保存可视化结果到 ./visual/use_topkFalse\omi\strict_deviation\omi-10\seg_4_2733_2778.png
2025-04-15 23:29:59,759 - INFO - 成功保存时间段 2733-2778 的可视化结果
2025-04-15 23:29:59,759 - INFO - 
正在处理时间段 6/8: 3401-3405
2025-04-15 23:29:59,759 - INFO - 该时间段的真实异常节点: {1}
2025-04-15 23:29:59,760 - INFO - 正在计算异常分数...
2025-04-15 23:29:59,760 - INFO - 检测到的异常节点: {1, 4, 5, 6, 7, 8, 9, 10, 11, 12, 13, 14, 15, 16, 17, 18, 19}
2025-04-15 23:29:59,761 - INFO - 正在为时间段 3401-3405 生成可视化
2025-04-15 23:29:59,761 - INFO - 正在为时间段 3401-3405 生成异常图可视化
2025-04-15 23:29:59,761 - DEBUG - 创建包含 19 个节点的图结构
2025-04-15 23:29:59,761 - DEBUG - 边统计: 正常边 138 条, 异常边 134 条
2025-04-15 23:29:59,761 - INFO - 时间段 3401-3405 的节点检测统计: 真阳性=1, 假阳性=16, 假阴性=0, 正常节点=2
2025-04-15 23:29:59,846 - DEBUG - 正在保存可视化结果到 ./visual/use_topkFalse\omi\strict_deviation\omi-10\seg_5_3401_3405.png
2025-04-15 23:29:59,919 - INFO - 成功保存时间段 3401-3405 的可视化结果
2025-04-15 23:29:59,919 - INFO - 
正在处理时间段 7/8: 3414-3459
2025-04-15 23:29:59,920 - INFO - 该时间段的真实异常节点: {8}
2025-04-15 23:29:59,920 - INFO - 正在计算异常分数...
2025-04-15 23:29:59,947 - INFO - 检测到的异常节点: {1, 4, 5, 6, 7, 8, 9, 10, 11, 12, 13, 14, 15, 16, 17, 18, 19}
2025-04-15 23:29:59,947 - INFO - 正在为时间段 3414-3459 生成可视化
2025-04-15 23:29:59,947 - INFO - 正在为时间段 3414-3459 生成异常图可视化
2025-04-15 23:29:59,947 - DEBUG - 创建包含 19 个节点的图结构
2025-04-15 23:29:59,948 - DEBUG - 边统计: 正常边 148 条, 异常边 124 条
2025-04-15 23:29:59,948 - INFO - 时间段 3414-3459 的节点检测统计: 真阳性=1, 假阳性=16, 假阴性=0, 正常节点=2
2025-04-15 23:30:00,039 - DEBUG - 正在保存可视化结果到 ./visual/use_topkFalse\omi\strict_deviation\omi-10\seg_6_3414_3459.png
2025-04-15 23:30:00,116 - INFO - 成功保存时间段 3414-3459 的可视化结果
2025-04-15 23:30:00,116 - INFO - 
正在处理时间段 8/8: 3700-3744
2025-04-15 23:30:00,117 - INFO - 该时间段的真实异常节点: {7, 8, 9, 10, 11, 12, 13, 14, 15, 16, 17, 18}
2025-04-15 23:30:00,117 - INFO - 正在计算异常分数...
2025-04-15 23:30:00,146 - INFO - 检测到的异常节点: {1, 4, 5, 6, 7, 8, 9, 10, 11, 12, 13, 14, 15, 16, 17, 18, 19}
2025-04-15 23:30:00,146 - INFO - 正在为时间段 3700-3744 生成可视化
2025-04-15 23:30:00,146 - INFO - 正在为时间段 3700-3744 生成异常图可视化
2025-04-15 23:30:00,146 - DEBUG - 创建包含 19 个节点的图结构
2025-04-15 23:30:00,147 - DEBUG - 边统计: 正常边 152 条, 异常边 120 条
2025-04-15 23:30:00,147 - INFO - 时间段 3700-3744 的节点检测统计: 真阳性=12, 假阳性=5, 假阴性=0, 正常节点=2
2025-04-15 23:30:00,231 - DEBUG - 正在保存可视化结果到 ./visual/use_topkFalse\omi\strict_deviation\omi-10\seg_7_3700_3744.png
2025-04-15 23:30:00,311 - INFO - 成功保存时间段 3700-3744 的可视化结果
2025-04-15 23:30:00,311 - INFO - 正在从 ./visual/use_topkFalse\omi\strict_deviation\omi-10 中的图像创建GIF
2025-04-15 23:30:00,534 - INFO - GIF已保存到 ./visual/use_topkFalse\omi\strict_deviation\omi-10\omi-10.gif
2025-04-15 23:30:00,535 - INFO - 
==================================================
2025-04-15 23:30:00,535 - INFO - 开始数据集可视化: omi-11
2025-04-15 23:30:00,535 - INFO - 使用参数: 评分模式=strict_deviation, top_k=None, 阈值=1.5
2025-04-15 23:30:00,535 - INFO - ==================================================

2025-04-15 23:30:00,535 - INFO - 正在加载数据集 omi-11 的数据
2025-04-15 23:30:00,536 - INFO - 数据加载成功。训练集形状: (8640, 19), 测试集形状: (4320, 19)
2025-04-15 23:30:00,536 - INFO - 正在计算边缘统计量...
2025-04-15 23:30:02,546 - INFO - 已计算 153 条边的统计量
2025-04-15 23:30:02,546 - INFO - 为每个节点使用所有邻居
2025-04-15 23:30:02,547 - INFO - 可视化结果将保存到: ./visual/use_topkFalse\omi\strict_deviation\omi-11
2025-04-15 23:30:02,547 - INFO - 在数据集中发现 9 个异常时间段
2025-04-15 23:30:02,548 - INFO - 
正在处理时间段 1/9: 738-755
2025-04-15 23:30:02,548 - INFO - 该时间段的真实异常节点: {2}
2025-04-15 23:30:02,548 - INFO - 正在计算异常分数...
2025-04-15 23:30:02,556 - INFO - 检测到的异常节点: {4, 5, 6, 7, 8, 9, 10, 11, 12, 13, 14, 15, 16, 17, 18, 19}
2025-04-15 23:30:02,556 - INFO - 正在为时间段 738-755 生成可视化
2025-04-15 23:30:02,556 - INFO - 正在为时间段 738-755 生成异常图可视化
2025-04-15 23:30:02,556 - DEBUG - 创建包含 19 个节点的图结构
2025-04-15 23:30:02,557 - DEBUG - 边统计: 正常边 170 条, 异常边 70 条
2025-04-15 23:30:02,557 - INFO - 时间段 738-755 的节点检测统计: 真阳性=0, 假阳性=16, 假阴性=1, 正常节点=2
2025-04-15 23:30:02,640 - DEBUG - 正在保存可视化结果到 ./visual/use_topkFalse\omi\strict_deviation\omi-11\seg_0_738_755.png
2025-04-15 23:30:02,729 - INFO - 成功保存时间段 738-755 的可视化结果
2025-04-15 23:30:02,731 - INFO - 
正在处理时间段 2/9: 757-815
2025-04-15 23:30:02,731 - INFO - 该时间段的真实异常节点: set()
2025-04-15 23:30:02,731 - INFO - 正在计算异常分数...
2025-04-15 23:30:02,766 - INFO - 检测到的异常节点: {1, 4, 5, 6, 7, 8, 9, 10, 11, 12, 13, 14, 15, 16, 17, 18, 19}
2025-04-15 23:30:02,766 - INFO - 正在为时间段 757-815 生成可视化
2025-04-15 23:30:02,767 - INFO - 正在为时间段 757-815 生成异常图可视化
2025-04-15 23:30:02,767 - DEBUG - 创建包含 19 个节点的图结构
2025-04-15 23:30:02,767 - DEBUG - 边统计: 正常边 266 条, 异常边 6 条
2025-04-15 23:30:02,767 - INFO - 时间段 757-815 的节点检测统计: 真阳性=0, 假阳性=17, 假阴性=0, 正常节点=2
2025-04-15 23:30:02,856 - DEBUG - 正在保存可视化结果到 ./visual/use_topkFalse\omi\strict_deviation\omi-11\seg_1_757_815.png
2025-04-15 23:30:02,943 - INFO - 成功保存时间段 757-815 的可视化结果
2025-04-15 23:30:02,944 - INFO - 
正在处理时间段 3/9: 1366-1375
2025-04-15 23:30:02,944 - INFO - 该时间段的真实异常节点: {4, 5, 8, 17, 19}
2025-04-15 23:30:02,944 - INFO - 正在计算异常分数...
2025-04-15 23:30:02,948 - INFO - 检测到的异常节点: {1, 4, 5, 6, 7, 8, 9, 10, 11, 12, 13, 14, 15, 16, 17, 18, 19}
2025-04-15 23:30:02,948 - INFO - 正在为时间段 1366-1375 生成可视化
2025-04-15 23:30:02,948 - INFO - 正在为时间段 1366-1375 生成异常图可视化
2025-04-15 23:30:02,948 - DEBUG - 创建包含 19 个节点的图结构
2025-04-15 23:30:02,949 - DEBUG - 边统计: 正常边 102 条, 异常边 170 条
2025-04-15 23:30:02,949 - INFO - 时间段 1366-1375 的节点检测统计: 真阳性=5, 假阳性=12, 假阴性=0, 正常节点=2
2025-04-15 23:30:03,031 - DEBUG - 正在保存可视化结果到 ./visual/use_topkFalse\omi\strict_deviation\omi-11\seg_2_1366_1375.png
2025-04-15 23:30:03,111 - INFO - 成功保存时间段 1366-1375 的可视化结果
2025-04-15 23:30:03,111 - INFO - 
正在处理时间段 4/9: 2301-2314
2025-04-15 23:30:03,112 - INFO - 该时间段的真实异常节点: {17, 19, 4, 5}
2025-04-15 23:30:03,112 - INFO - 正在计算异常分数...
2025-04-15 23:30:03,120 - INFO - 检测到的异常节点: {1, 4, 5, 6, 7, 8, 9, 10, 11, 12, 13, 14, 15, 16, 17, 18, 19}
2025-04-15 23:30:03,120 - INFO - 正在为时间段 2301-2314 生成可视化
2025-04-15 23:30:03,120 - INFO - 正在为时间段 2301-2314 生成异常图可视化
2025-04-15 23:30:03,120 - DEBUG - 创建包含 19 个节点的图结构
2025-04-15 23:30:03,120 - DEBUG - 边统计: 正常边 144 条, 异常边 128 条
2025-04-15 23:30:03,120 - INFO - 时间段 2301-2314 的节点检测统计: 真阳性=4, 假阳性=13, 假阴性=0, 正常节点=2
2025-04-15 23:30:03,203 - DEBUG - 正在保存可视化结果到 ./visual/use_topkFalse\omi\strict_deviation\omi-11\seg_3_2301_2314.png
2025-04-15 23:30:03,287 - INFO - 成功保存时间段 2301-2314 的可视化结果
2025-04-15 23:30:03,287 - INFO - 
正在处理时间段 5/9: 2365-2381
2025-04-15 23:30:03,287 - INFO - 该时间段的真实异常节点: {19}
2025-04-15 23:30:03,287 - INFO - 正在计算异常分数...
2025-04-15 23:30:03,294 - INFO - 检测到的异常节点: {4, 6, 7, 8, 9, 10, 11, 12, 13, 14, 15, 16, 17, 18, 19}
2025-04-15 23:30:03,294 - INFO - 正在为时间段 2365-2381 生成可视化
2025-04-15 23:30:03,294 - INFO - 正在为时间段 2365-2381 生成异常图可视化
2025-04-15 23:30:03,294 - DEBUG - 创建包含 19 个节点的图结构
2025-04-15 23:30:03,295 - DEBUG - 边统计: 正常边 146 条, 异常边 64 条
2025-04-15 23:30:03,295 - INFO - 时间段 2365-2381 的节点检测统计: 真阳性=1, 假阳性=14, 假阴性=0, 正常节点=4
2025-04-15 23:30:03,439 - DEBUG - 正在保存可视化结果到 ./visual/use_topkFalse\omi\strict_deviation\omi-11\seg_4_2365_2381.png
2025-04-15 23:30:03,523 - INFO - 成功保存时间段 2365-2381 的可视化结果
2025-04-15 23:30:03,523 - INFO - 
正在处理时间段 6/9: 2464-2485
2025-04-15 23:30:03,523 - INFO - 该时间段的真实异常节点: {17, 19, 4, 5}
2025-04-15 23:30:03,524 - INFO - 正在计算异常分数...
2025-04-15 23:30:03,537 - INFO - 检测到的异常节点: {1, 4, 5, 6, 7, 8, 9, 10, 11, 12, 13, 14, 15, 16, 17, 18, 19}
2025-04-15 23:30:03,537 - INFO - 正在为时间段 2464-2485 生成可视化
2025-04-15 23:30:03,537 - INFO - 正在为时间段 2464-2485 生成异常图可视化
2025-04-15 23:30:03,537 - DEBUG - 创建包含 19 个节点的图结构
2025-04-15 23:30:03,538 - DEBUG - 边统计: 正常边 136 条, 异常边 136 条
2025-04-15 23:30:03,538 - INFO - 时间段 2464-2485 的节点检测统计: 真阳性=4, 假阳性=13, 假阴性=0, 正常节点=2
2025-04-15 23:30:03,623 - DEBUG - 正在保存可视化结果到 ./visual/use_topkFalse\omi\strict_deviation\omi-11\seg_5_2464_2485.png
2025-04-15 23:30:03,704 - INFO - 成功保存时间段 2464-2485 的可视化结果
2025-04-15 23:30:03,704 - INFO - 
正在处理时间段 7/9: 2588-2610
2025-04-15 23:30:03,704 - INFO - 该时间段的真实异常节点: {17, 19, 4, 5}
2025-04-15 23:30:03,704 - INFO - 正在计算异常分数...
2025-04-15 23:30:03,716 - INFO - 检测到的异常节点: {1, 4, 5, 6, 7, 8, 9, 10, 11, 12, 13, 14, 15, 16, 17, 18, 19}
2025-04-15 23:30:03,716 - INFO - 正在为时间段 2588-2610 生成可视化
2025-04-15 23:30:03,716 - INFO - 正在为时间段 2588-2610 生成异常图可视化
2025-04-15 23:30:03,717 - DEBUG - 创建包含 19 个节点的图结构
2025-04-15 23:30:03,717 - DEBUG - 边统计: 正常边 142 条, 异常边 130 条
2025-04-15 23:30:03,717 - INFO - 时间段 2588-2610 的节点检测统计: 真阳性=4, 假阳性=13, 假阴性=0, 正常节点=2
2025-04-15 23:30:03,802 - DEBUG - 正在保存可视化结果到 ./visual/use_topkFalse\omi\strict_deviation\omi-11\seg_6_2588_2610.png
2025-04-15 23:30:03,884 - INFO - 成功保存时间段 2588-2610 的可视化结果
2025-04-15 23:30:03,884 - INFO - 
正在处理时间段 8/9: 2650-2675
2025-04-15 23:30:03,884 - INFO - 该时间段的真实异常节点: {19}
2025-04-15 23:30:03,884 - INFO - 正在计算异常分数...
2025-04-15 23:30:03,899 - INFO - 检测到的异常节点: {4, 5, 6, 7, 8, 9, 10, 11, 12, 13, 14, 15, 16, 17, 18, 19}
2025-04-15 23:30:03,899 - INFO - 正在为时间段 2650-2675 生成可视化
2025-04-15 23:30:03,899 - INFO - 正在为时间段 2650-2675 生成异常图可视化
2025-04-15 23:30:03,899 - DEBUG - 创建包含 19 个节点的图结构
2025-04-15 23:30:03,900 - DEBUG - 边统计: 正常边 136 条, 异常边 104 条
2025-04-15 23:30:03,900 - INFO - 时间段 2650-2675 的节点检测统计: 真阳性=1, 假阳性=15, 假阴性=0, 正常节点=3
2025-04-15 23:30:03,978 - DEBUG - 正在保存可视化结果到 ./visual/use_topkFalse\omi\strict_deviation\omi-11\seg_7_2650_2675.png
2025-04-15 23:30:04,058 - INFO - 成功保存时间段 2650-2675 的可视化结果
2025-04-15 23:30:04,058 - INFO - 
正在处理时间段 9/9: 3012-3072
2025-04-15 23:30:04,058 - INFO - 该时间段的真实异常节点: {1, 4, 5, 8, 17, 19}
2025-04-15 23:30:04,058 - INFO - 正在计算异常分数...
2025-04-15 23:30:04,098 - INFO - 检测到的异常节点: {1, 4, 5, 6, 7, 8, 9, 10, 11, 12, 13, 14, 15, 16, 17, 18, 19}
2025-04-15 23:30:04,099 - INFO - 正在为时间段 3012-3072 生成可视化
2025-04-15 23:30:04,099 - INFO - 正在为时间段 3012-3072 生成异常图可视化
2025-04-15 23:30:04,099 - DEBUG - 创建包含 19 个节点的图结构
2025-04-15 23:30:04,099 - DEBUG - 边统计: 正常边 192 条, 异常边 80 条
2025-04-15 23:30:04,099 - INFO - 时间段 3012-3072 的节点检测统计: 真阳性=6, 假阳性=11, 假阴性=0, 正常节点=2
2025-04-15 23:30:04,176 - DEBUG - 正在保存可视化结果到 ./visual/use_topkFalse\omi\strict_deviation\omi-11\seg_8_3012_3072.png
2025-04-15 23:30:04,254 - INFO - 成功保存时间段 3012-3072 的可视化结果
2025-04-15 23:30:04,254 - INFO - 正在从 ./visual/use_topkFalse\omi\strict_deviation\omi-11 中的图像创建GIF
2025-04-15 23:30:04,503 - INFO - GIF已保存到 ./visual/use_topkFalse\omi\strict_deviation\omi-11\omi-11.gif
2025-04-15 23:30:04,504 - INFO - 
==================================================
2025-04-15 23:30:04,504 - INFO - 开始数据集可视化: omi-12
2025-04-15 23:30:04,504 - INFO - 使用参数: 评分模式=strict_deviation, top_k=None, 阈值=7.0
2025-04-15 23:30:04,504 - INFO - ==================================================

2025-04-15 23:30:04,504 - INFO - 正在加载数据集 omi-12 的数据
2025-04-15 23:30:04,505 - INFO - 数据加载成功。训练集形状: (7291, 19), 测试集形状: (4320, 19)
2025-04-15 23:30:04,505 - INFO - 正在计算边缘统计量...
2025-04-15 23:30:06,001 - INFO - 已计算 133 条边的统计量
2025-04-15 23:30:06,001 - INFO - 为每个节点使用所有邻居
2025-04-15 23:30:06,002 - INFO - 可视化结果将保存到: ./visual/use_topkFalse\omi\strict_deviation\omi-12
2025-04-15 23:30:06,002 - INFO - 在数据集中发现 5 个异常时间段
2025-04-15 23:30:06,002 - INFO - 
正在处理时间段 1/5: 740-813
2025-04-15 23:30:06,002 - INFO - 该时间段的真实异常节点: {1, 2, 6, 7, 8, 9, 10, 11, 12, 13, 14, 15, 16, 17, 18, 19}
2025-04-15 23:30:06,002 - INFO - 正在计算异常分数...
2025-04-15 23:30:06,039 - INFO - 检测到的异常节点: {1, 6, 7, 8, 9, 10, 11, 12, 13, 14, 15, 16, 17, 18, 19}
2025-04-15 23:30:06,039 - INFO - 正在为时间段 740-813 生成可视化
2025-04-15 23:30:06,039 - INFO - 正在为时间段 740-813 生成异常图可视化
2025-04-15 23:30:06,039 - DEBUG - 创建包含 19 个节点的图结构
2025-04-15 23:30:06,040 - DEBUG - 边统计: 正常边 168 条, 异常边 42 条
2025-04-15 23:30:06,040 - INFO - 时间段 740-813 的节点检测统计: 真阳性=15, 假阳性=0, 假阴性=1, 正常节点=3
2025-04-15 23:30:06,124 - DEBUG - 正在保存可视化结果到 ./visual/use_topkFalse\omi\strict_deviation\omi-12\seg_0_740_813.png
2025-04-15 23:30:06,212 - INFO - 成功保存时间段 740-813 的可视化结果
2025-04-15 23:30:06,212 - INFO - 
正在处理时间段 2/5: 2486-2493
2025-04-15 23:30:06,212 - INFO - 该时间段的真实异常节点: {4, 5}
2025-04-15 23:30:06,212 - INFO - 正在计算异常分数...
2025-04-15 23:30:06,215 - INFO - 检测到的异常节点: {1, 4, 5, 7, 8, 9, 10, 12, 13, 14, 15, 16, 17, 18, 19}
2025-04-15 23:30:06,215 - INFO - 正在为时间段 2486-2493 生成可视化
2025-04-15 23:30:06,215 - INFO - 正在为时间段 2486-2493 生成异常图可视化
2025-04-15 23:30:06,215 - DEBUG - 创建包含 19 个节点的图结构
2025-04-15 23:30:06,215 - DEBUG - 边统计: 正常边 110 条, 异常边 96 条
2025-04-15 23:30:06,216 - INFO - 时间段 2486-2493 的节点检测统计: 真阳性=2, 假阳性=13, 假阴性=0, 正常节点=4
2025-04-15 23:30:06,297 - DEBUG - 正在保存可视化结果到 ./visual/use_topkFalse\omi\strict_deviation\omi-12\seg_1_2486_2493.png
2025-04-15 23:30:06,378 - INFO - 成功保存时间段 2486-2493 的可视化结果
2025-04-15 23:30:06,379 - INFO - 
正在处理时间段 3/5: 2515-2525
2025-04-15 23:30:06,379 - INFO - 该时间段的真实异常节点: {1, 4, 5, 7, 8, 9, 17, 18}
2025-04-15 23:30:06,379 - INFO - 正在计算异常分数...
2025-04-15 23:30:06,384 - INFO - 检测到的异常节点: {1, 4, 5, 6, 7, 8, 9, 10, 11, 12, 13, 14, 15, 16, 17, 18, 19}
2025-04-15 23:30:06,384 - INFO - 正在为时间段 2515-2525 生成可视化
2025-04-15 23:30:06,384 - INFO - 正在为时间段 2515-2525 生成异常图可视化
2025-04-15 23:30:06,384 - DEBUG - 创建包含 19 个节点的图结构
2025-04-15 23:30:06,385 - DEBUG - 边统计: 正常边 126 条, 异常边 140 条
2025-04-15 23:30:06,385 - INFO - 时间段 2515-2525 的节点检测统计: 真阳性=8, 假阳性=9, 假阴性=0, 正常节点=2
2025-04-15 23:30:06,465 - DEBUG - 正在保存可视化结果到 ./visual/use_topkFalse\omi\strict_deviation\omi-12\seg_2_2515_2525.png
2025-04-15 23:30:06,542 - INFO - 成功保存时间段 2515-2525 的可视化结果
2025-04-15 23:30:06,542 - INFO - 
正在处理时间段 4/5: 2721-2723
2025-04-15 23:30:06,542 - INFO - 该时间段的真实异常节点: {4}
2025-04-15 23:30:06,542 - INFO - 正在计算异常分数...
2025-04-15 23:30:06,542 - INFO - 检测到的异常节点: set()
2025-04-15 23:30:06,542 - INFO - 正在为时间段 2721-2723 生成可视化
2025-04-15 23:30:06,542 - INFO - 正在为时间段 2721-2723 生成异常图可视化
2025-04-15 23:30:06,543 - DEBUG - 创建包含 19 个节点的图结构
2025-04-15 23:30:06,543 - DEBUG - 边统计: 正常边 32 条, 异常边 56 条
2025-04-15 23:30:06,543 - INFO - 时间段 2721-2723 的节点检测统计: 真阳性=0, 假阳性=0, 假阴性=1, 正常节点=18
2025-04-15 23:30:06,624 - DEBUG - 正在保存可视化结果到 ./visual/use_topkFalse\omi\strict_deviation\omi-12\seg_3_2721_2723.png
2025-04-15 23:30:06,704 - INFO - 成功保存时间段 2721-2723 的可视化结果
2025-04-15 23:30:06,704 - INFO - 
正在处理时间段 5/5: 3500-3535
2025-04-15 23:30:06,704 - INFO - 该时间段的真实异常节点: {5, 6, 7, 8, 11, 12, 13, 14, 15, 16, 17, 18, 19}
2025-04-15 23:30:06,704 - INFO - 正在计算异常分数...
2025-04-15 23:30:06,719 - INFO - 检测到的异常节点: {5, 6, 7, 8, 9, 10, 11, 12, 13, 14, 15, 16, 17, 18, 19}
2025-04-15 23:30:06,721 - INFO - 正在为时间段 3500-3535 生成可视化
2025-04-15 23:30:06,721 - INFO - 正在为时间段 3500-3535 生成异常图可视化
2025-04-15 23:30:06,721 - DEBUG - 创建包含 19 个节点的图结构
2025-04-15 23:30:06,722 - DEBUG - 边统计: 正常边 122 条, 异常边 88 条
2025-04-15 23:30:06,722 - INFO - 时间段 3500-3535 的节点检测统计: 真阳性=13, 假阳性=2, 假阴性=0, 正常节点=4
2025-04-15 23:30:06,802 - DEBUG - 正在保存可视化结果到 ./visual/use_topkFalse\omi\strict_deviation\omi-12\seg_4_3500_3535.png
2025-04-15 23:30:06,885 - INFO - 成功保存时间段 3500-3535 的可视化结果
2025-04-15 23:30:06,885 - INFO - 正在从 ./visual/use_topkFalse\omi\strict_deviation\omi-12 中的图像创建GIF
2025-04-15 23:30:07,016 - INFO - GIF已保存到 ./visual/use_topkFalse\omi\strict_deviation\omi-12\omi-12.gif
2025-04-15 23:30:07,016 - INFO - 
==================================================
2025-04-15 23:30:07,016 - INFO - 开始数据集可视化: omi-2
2025-04-15 23:30:07,016 - INFO - 使用参数: 评分模式=strict_deviation, top_k=None, 阈值=6.0
2025-04-15 23:30:07,016 - INFO - ==================================================

2025-04-15 23:30:07,016 - INFO - 正在加载数据集 omi-2 的数据
2025-04-15 23:30:07,017 - INFO - 数据加载成功。训练集形状: (8640, 19), 测试集形状: (4320, 19)
2025-04-15 23:30:07,017 - INFO - 正在计算边缘统计量...
2025-04-15 23:30:08,890 - INFO - 已计算 153 条边的统计量
2025-04-15 23:30:08,890 - INFO - 为每个节点使用所有邻居
2025-04-15 23:30:08,890 - INFO - 可视化结果将保存到: ./visual/use_topkFalse\omi\strict_deviation\omi-2
2025-04-15 23:30:08,891 - INFO - 在数据集中发现 4 个异常时间段
2025-04-15 23:30:08,891 - INFO - 
正在处理时间段 1/4: 486-498
2025-04-15 23:30:08,892 - INFO - 该时间段的真实异常节点: {1, 4, 5}
2025-04-15 23:30:08,892 - INFO - 正在计算异常分数...
2025-04-15 23:30:08,898 - INFO - 检测到的异常节点: {1, 4, 5, 6, 7, 8, 9, 10, 11, 12, 13, 14, 15, 16, 17, 18, 19}
2025-04-15 23:30:08,898 - INFO - 正在为时间段 486-498 生成可视化
2025-04-15 23:30:08,898 - INFO - 正在为时间段 486-498 生成异常图可视化
2025-04-15 23:30:08,898 - DEBUG - 创建包含 19 个节点的图结构
2025-04-15 23:30:08,899 - DEBUG - 边统计: 正常边 168 条, 异常边 104 条
2025-04-15 23:30:08,899 - INFO - 时间段 486-498 的节点检测统计: 真阳性=3, 假阳性=14, 假阴性=0, 正常节点=2
2025-04-15 23:30:08,976 - DEBUG - 正在保存可视化结果到 ./visual/use_topkFalse\omi\strict_deviation\omi-2\seg_0_486_498.png
2025-04-15 23:30:09,058 - INFO - 成功保存时间段 486-498 的可视化结果
2025-04-15 23:30:09,058 - INFO - 
正在处理时间段 2/4: 740-753
2025-04-15 23:30:09,058 - INFO - 该时间段的真实异常节点: {2}
2025-04-15 23:30:09,058 - INFO - 正在计算异常分数...
2025-04-15 23:30:09,064 - INFO - 检测到的异常节点: {2, 4, 5, 6, 7, 8, 9, 10, 11, 12, 13, 14, 15, 16, 17, 18, 19}
2025-04-15 23:30:09,064 - INFO - 正在为时间段 740-753 生成可视化
2025-04-15 23:30:09,064 - INFO - 正在为时间段 740-753 生成异常图可视化
2025-04-15 23:30:09,065 - DEBUG - 创建包含 19 个节点的图结构
2025-04-15 23:30:09,065 - DEBUG - 边统计: 正常边 184 条, 异常边 88 条
2025-04-15 23:30:09,065 - INFO - 时间段 740-753 的节点检测统计: 真阳性=1, 假阳性=16, 假阴性=0, 正常节点=2
2025-04-15 23:30:09,154 - DEBUG - 正在保存可视化结果到 ./visual/use_topkFalse\omi\strict_deviation\omi-2\seg_1_740_753.png
2025-04-15 23:30:09,227 - INFO - 成功保存时间段 740-753 的可视化结果
2025-04-15 23:30:09,227 - INFO - 
正在处理时间段 3/4: 766-783
2025-04-15 23:30:09,228 - INFO - 该时间段的真实异常节点: {1, 5, 6, 7, 8, 9, 10, 11, 12, 13, 14, 15, 16, 17, 18, 19}
2025-04-15 23:30:09,228 - INFO - 正在计算异常分数...
2025-04-15 23:30:09,236 - INFO - 检测到的异常节点: {1, 4, 5, 6, 7, 8, 9, 10, 11, 12, 13, 14, 15, 16, 17, 18, 19}
2025-04-15 23:30:09,237 - INFO - 正在为时间段 766-783 生成可视化
2025-04-15 23:30:09,237 - INFO - 正在为时间段 766-783 生成异常图可视化
2025-04-15 23:30:09,237 - DEBUG - 创建包含 19 个节点的图结构
2025-04-15 23:30:09,237 - DEBUG - 边统计: 正常边 242 条, 异常边 30 条
2025-04-15 23:30:09,237 - INFO - 时间段 766-783 的节点检测统计: 真阳性=16, 假阳性=1, 假阴性=0, 正常节点=2
2025-04-15 23:30:09,371 - DEBUG - 正在保存可视化结果到 ./visual/use_topkFalse\omi\strict_deviation\omi-2\seg_2_766_783.png
2025-04-15 23:30:09,454 - INFO - 成功保存时间段 766-783 的可视化结果
2025-04-15 23:30:09,454 - INFO - 
正在处理时间段 4/4: 1436-1445
2025-04-15 23:30:09,454 - INFO - 该时间段的真实异常节点: {7, 9, 10, 11, 12, 13, 14, 15, 16, 17, 18}
2025-04-15 23:30:09,454 - INFO - 正在计算异常分数...
2025-04-15 23:30:09,459 - INFO - 检测到的异常节点: {1, 4, 5, 6, 7, 8, 9, 10, 11, 12, 13, 14, 15, 16, 17, 18, 19}
2025-04-15 23:30:09,459 - INFO - 正在为时间段 1436-1445 生成可视化
2025-04-15 23:30:09,460 - INFO - 正在为时间段 1436-1445 生成异常图可视化
2025-04-15 23:30:09,460 - DEBUG - 创建包含 19 个节点的图结构
2025-04-15 23:30:09,460 - DEBUG - 边统计: 正常边 124 条, 异常边 148 条
2025-04-15 23:30:09,460 - INFO - 时间段 1436-1445 的节点检测统计: 真阳性=11, 假阳性=6, 假阴性=0, 正常节点=2
2025-04-15 23:30:09,542 - DEBUG - 正在保存可视化结果到 ./visual/use_topkFalse\omi\strict_deviation\omi-2\seg_3_1436_1445.png
2025-04-15 23:30:09,622 - INFO - 成功保存时间段 1436-1445 的可视化结果
2025-04-15 23:30:09,622 - INFO - 正在从 ./visual/use_topkFalse\omi\strict_deviation\omi-2 中的图像创建GIF
2025-04-15 23:30:09,733 - INFO - GIF已保存到 ./visual/use_topkFalse\omi\strict_deviation\omi-2\omi-2.gif
2025-04-15 23:30:09,733 - INFO - 
==================================================
2025-04-15 23:30:09,733 - INFO - 开始数据集可视化: omi-3
2025-04-15 23:30:09,733 - INFO - 使用参数: 评分模式=strict_deviation, top_k=None, 阈值=2.5
2025-04-15 23:30:09,733 - INFO - ==================================================

2025-04-15 23:30:09,734 - INFO - 正在加载数据集 omi-3 的数据
2025-04-15 23:30:09,735 - INFO - 数据加载成功。训练集形状: (8640, 19), 测试集形状: (4320, 19)
2025-04-15 23:30:09,735 - INFO - 正在计算边缘统计量...
2025-04-15 23:30:11,604 - INFO - 已计算 136 条边的统计量
2025-04-15 23:30:11,606 - INFO - 为每个节点使用所有邻居
2025-04-15 23:30:11,606 - INFO - 可视化结果将保存到: ./visual/use_topkFalse\omi\strict_deviation\omi-3
2025-04-15 23:30:11,607 - INFO - 在数据集中发现 6 个异常时间段
2025-04-15 23:30:11,607 - INFO - 
正在处理时间段 1/6: 760-820
2025-04-15 23:30:11,607 - INFO - 该时间段的真实异常节点: {1, 4, 6, 7, 8, 9, 10, 11, 12, 13, 14, 15, 16, 17, 18, 19}
2025-04-15 23:30:11,607 - INFO - 正在计算异常分数...
2025-04-15 23:30:11,643 - INFO - 检测到的异常节点: {1, 4, 5, 6, 7, 8, 9, 10, 11, 12, 13, 14, 15, 16, 17, 18, 19}
2025-04-15 23:30:11,643 - INFO - 正在为时间段 760-820 生成可视化
2025-04-15 23:30:11,643 - INFO - 正在为时间段 760-820 生成异常图可视化
2025-04-15 23:30:11,643 - DEBUG - 创建包含 19 个节点的图结构
2025-04-15 23:30:11,644 - DEBUG - 边统计: 正常边 192 条, 异常边 80 条
2025-04-15 23:30:11,644 - INFO - 时间段 760-820 的节点检测统计: 真阳性=16, 假阳性=1, 假阴性=0, 正常节点=2
2025-04-15 23:30:11,727 - DEBUG - 正在保存可视化结果到 ./visual/use_topkFalse\omi\strict_deviation\omi-3\seg_0_760_820.png
2025-04-15 23:30:11,812 - INFO - 成功保存时间段 760-820 的可视化结果
2025-04-15 23:30:11,812 - INFO - 
正在处理时间段 2/6: 842-860
2025-04-15 23:30:11,813 - INFO - 该时间段的真实异常节点: {7, 8, 9, 10, 11, 12, 13, 14, 15, 16, 17, 18, 19}
2025-04-15 23:30:11,813 - INFO - 正在计算异常分数...
2025-04-15 23:30:11,823 - INFO - 检测到的异常节点: {4, 5, 6, 7, 8, 9, 10, 11, 12, 13, 14, 15, 16, 17, 18, 19}
2025-04-15 23:30:11,823 - INFO - 正在为时间段 842-860 生成可视化
2025-04-15 23:30:11,823 - INFO - 正在为时间段 842-860 生成异常图可视化
2025-04-15 23:30:11,823 - DEBUG - 创建包含 19 个节点的图结构
2025-04-15 23:30:11,824 - DEBUG - 边统计: 正常边 194 条, 异常边 46 条
2025-04-15 23:30:11,824 - INFO - 时间段 842-860 的节点检测统计: 真阳性=13, 假阳性=3, 假阴性=0, 正常节点=3
2025-04-15 23:30:11,907 - DEBUG - 正在保存可视化结果到 ./visual/use_topkFalse\omi\strict_deviation\omi-3\seg_1_842_860.png
2025-04-15 23:30:12,002 - INFO - 成功保存时间段 842-860 的可视化结果
2025-04-15 23:30:12,002 - INFO - 
正在处理时间段 3/6: 1080-1120
2025-04-15 23:30:12,002 - INFO - 该时间段的真实异常节点: {7, 9, 10, 11, 12, 13, 14, 15, 16, 17, 18}
2025-04-15 23:30:12,002 - INFO - 正在计算异常分数...
2025-04-15 23:30:12,026 - INFO - 检测到的异常节点: {1, 4, 5, 6, 7, 8, 9, 10, 11, 12, 13, 14, 15, 16, 17, 18, 19}
2025-04-15 23:30:12,026 - INFO - 正在为时间段 1080-1120 生成可视化
2025-04-15 23:30:12,026 - INFO - 正在为时间段 1080-1120 生成异常图可视化
2025-04-15 23:30:12,026 - DEBUG - 创建包含 19 个节点的图结构
2025-04-15 23:30:12,027 - DEBUG - 边统计: 正常边 202 条, 异常边 70 条
2025-04-15 23:30:12,027 - INFO - 时间段 1080-1120 的节点检测统计: 真阳性=11, 假阳性=6, 假阴性=0, 正常节点=2
2025-04-15 23:30:12,129 - DEBUG - 正在保存可视化结果到 ./visual/use_topkFalse\omi\strict_deviation\omi-3\seg_2_1080_1120.png
2025-04-15 23:30:12,212 - INFO - 成功保存时间段 1080-1120 的可视化结果
2025-04-15 23:30:12,213 - INFO - 
正在处理时间段 4/6: 2188-2201
2025-04-15 23:30:12,213 - INFO - 该时间段的真实异常节点: {7, 9, 10, 11, 12, 13, 14, 15, 16, 17, 18, 19}
2025-04-15 23:30:12,213 - INFO - 正在计算异常分数...
2025-04-15 23:30:12,219 - INFO - 检测到的异常节点: {1, 4, 5, 6, 7, 8, 9, 10, 11, 12, 13, 14, 15, 16, 17, 18, 19}
2025-04-15 23:30:12,219 - INFO - 正在为时间段 2188-2201 生成可视化
2025-04-15 23:30:12,219 - INFO - 正在为时间段 2188-2201 生成异常图可视化
2025-04-15 23:30:12,220 - DEBUG - 创建包含 19 个节点的图结构
2025-04-15 23:30:12,220 - DEBUG - 边统计: 正常边 196 条, 异常边 76 条
2025-04-15 23:30:12,220 - INFO - 时间段 2188-2201 的节点检测统计: 真阳性=12, 假阳性=5, 假阴性=0, 正常节点=2
2025-04-15 23:30:12,301 - DEBUG - 正在保存可视化结果到 ./visual/use_topkFalse\omi\strict_deviation\omi-3\seg_3_2188_2201.png
2025-04-15 23:30:12,379 - INFO - 成功保存时间段 2188-2201 的可视化结果
2025-04-15 23:30:12,379 - INFO - 
正在处理时间段 5/6: 2497-2500
2025-04-15 23:30:12,379 - INFO - 该时间段的真实异常节点: {6, 7, 9, 10, 11, 12, 13, 14, 15, 16, 17, 18, 19}
2025-04-15 23:30:12,379 - INFO - 正在计算异常分数...
2025-04-15 23:30:12,379 - INFO - 检测到的异常节点: set()
2025-04-15 23:30:12,379 - INFO - 正在为时间段 2497-2500 生成可视化
2025-04-15 23:30:12,379 - INFO - 正在为时间段 2497-2500 生成异常图可视化
2025-04-15 23:30:12,379 - DEBUG - 创建包含 19 个节点的图结构
2025-04-15 23:30:12,380 - DEBUG - 边统计: 正常边 178 条, 异常边 32 条
2025-04-15 23:30:12,380 - INFO - 时间段 2497-2500 的节点检测统计: 真阳性=0, 假阳性=0, 假阴性=13, 正常节点=6
2025-04-15 23:30:12,463 - DEBUG - 正在保存可视化结果到 ./visual/use_topkFalse\omi\strict_deviation\omi-3\seg_4_2497_2500.png
2025-04-15 23:30:12,547 - INFO - 成功保存时间段 2497-2500 的可视化结果
2025-04-15 23:30:12,547 - INFO - 
正在处理时间段 6/6: 3428-3434
2025-04-15 23:30:12,548 - INFO - 该时间段的真实异常节点: {7, 8, 9, 10, 11, 12, 13, 14, 15, 16, 17, 18, 19}
2025-04-15 23:30:12,548 - INFO - 正在计算异常分数...
2025-04-15 23:30:12,550 - INFO - 检测到的异常节点: {1, 4, 5, 6, 7, 8, 9, 10, 11, 12, 13, 14, 15, 16, 17, 18, 19}
2025-04-15 23:30:12,550 - INFO - 正在为时间段 3428-3434 生成可视化
2025-04-15 23:30:12,550 - INFO - 正在为时间段 3428-3434 生成异常图可视化
2025-04-15 23:30:12,550 - DEBUG - 创建包含 19 个节点的图结构
2025-04-15 23:30:12,551 - DEBUG - 边统计: 正常边 230 条, 异常边 42 条
2025-04-15 23:30:12,551 - INFO - 时间段 3428-3434 的节点检测统计: 真阳性=13, 假阳性=4, 假阴性=0, 正常节点=2
2025-04-15 23:30:12,632 - DEBUG - 正在保存可视化结果到 ./visual/use_topkFalse\omi\strict_deviation\omi-3\seg_5_3428_3434.png
2025-04-15 23:30:12,714 - INFO - 成功保存时间段 3428-3434 的可视化结果
2025-04-15 23:30:12,714 - INFO - 正在从 ./visual/use_topkFalse\omi\strict_deviation\omi-3 中的图像创建GIF
2025-04-15 23:30:12,874 - INFO - GIF已保存到 ./visual/use_topkFalse\omi\strict_deviation\omi-3\omi-3.gif
2025-04-15 23:30:12,874 - INFO - 
==================================================
2025-04-15 23:30:12,874 - INFO - 开始数据集可视化: omi-4
2025-04-15 23:30:12,874 - INFO - 使用参数: 评分模式=strict_deviation, top_k=None, 阈值=4.5
2025-04-15 23:30:12,874 - INFO - ==================================================

2025-04-15 23:30:12,874 - INFO - 正在加载数据集 omi-4 的数据
2025-04-15 23:30:12,875 - INFO - 数据加载成功。训练集形状: (8640, 19), 测试集形状: (4320, 19)
2025-04-15 23:30:12,875 - INFO - 正在计算边缘统计量...
2025-04-15 23:30:14,762 - INFO - 已计算 136 条边的统计量
2025-04-15 23:30:14,762 - INFO - 为每个节点使用所有邻居
2025-04-15 23:30:14,764 - INFO - 可视化结果将保存到: ./visual/use_topkFalse\omi\strict_deviation\omi-4
2025-04-15 23:30:14,767 - INFO - 在数据集中发现 5 个异常时间段
2025-04-15 23:30:14,767 - INFO - 
正在处理时间段 1/5: 727-782
2025-04-15 23:30:14,769 - INFO - 该时间段的真实异常节点: {1, 2, 6, 7, 8, 9, 10, 11, 12, 13, 14, 15, 16, 17, 18, 19}
2025-04-15 23:30:14,769 - INFO - 正在计算异常分数...
2025-04-15 23:30:14,802 - INFO - 检测到的异常节点: {1, 4, 5, 6, 7, 8, 9, 10, 11, 12, 13, 14, 15, 16, 17, 18, 19}
2025-04-15 23:30:14,802 - INFO - 正在为时间段 727-782 生成可视化
2025-04-15 23:30:14,802 - INFO - 正在为时间段 727-782 生成异常图可视化
2025-04-15 23:30:14,802 - DEBUG - 创建包含 19 个节点的图结构
2025-04-15 23:30:14,803 - DEBUG - 边统计: 正常边 236 条, 异常边 36 条
2025-04-15 23:30:14,803 - INFO - 时间段 727-782 的节点检测统计: 真阳性=15, 假阳性=2, 假阴性=1, 正常节点=1
2025-04-15 23:30:14,886 - DEBUG - 正在保存可视化结果到 ./visual/use_topkFalse\omi\strict_deviation\omi-4\seg_0_727_782.png
2025-04-15 23:30:14,962 - INFO - 成功保存时间段 727-782 的可视化结果
2025-04-15 23:30:14,963 - INFO - 
正在处理时间段 2/5: 843-857
2025-04-15 23:30:14,963 - INFO - 该时间段的真实异常节点: {6, 7, 8, 9, 10, 11, 12, 13, 14, 15, 16, 17, 18, 19}
2025-04-15 23:30:14,963 - INFO - 正在计算异常分数...
2025-04-15 23:30:14,971 - INFO - 检测到的异常节点: {4, 5, 6, 7, 8, 9, 10, 11, 12, 13, 14, 15, 16, 17, 18, 19}
2025-04-15 23:30:14,971 - INFO - 正在为时间段 843-857 生成可视化
2025-04-15 23:30:14,971 - INFO - 正在为时间段 843-857 生成异常图可视化
2025-04-15 23:30:14,971 - DEBUG - 创建包含 19 个节点的图结构
2025-04-15 23:30:14,971 - DEBUG - 边统计: 正常边 166 条, 异常边 74 条
2025-04-15 23:30:14,971 - INFO - 时间段 843-857 的节点检测统计: 真阳性=14, 假阳性=2, 假阴性=0, 正常节点=3
2025-04-15 23:30:15,050 - DEBUG - 正在保存可视化结果到 ./visual/use_topkFalse\omi\strict_deviation\omi-4\seg_1_843_857.png
2025-04-15 23:30:15,138 - INFO - 成功保存时间段 843-857 的可视化结果
2025-04-15 23:30:15,138 - INFO - 
正在处理时间段 3/5: 2178-2238
2025-04-15 23:30:15,139 - INFO - 该时间段的真实异常节点: {8, 9, 10, 11, 12, 13, 14, 15, 16, 17, 18, 19}
2025-04-15 23:30:15,139 - INFO - 正在计算异常分数...
2025-04-15 23:30:15,173 - INFO - 检测到的异常节点: {1, 4, 5, 6, 7, 8, 9, 10, 11, 12, 13, 14, 15, 16, 17, 18, 19}
2025-04-15 23:30:15,173 - INFO - 正在为时间段 2178-2238 生成可视化
2025-04-15 23:30:15,173 - INFO - 正在为时间段 2178-2238 生成异常图可视化
2025-04-15 23:30:15,173 - DEBUG - 创建包含 19 个节点的图结构
2025-04-15 23:30:15,174 - DEBUG - 边统计: 正常边 188 条, 异常边 84 条
2025-04-15 23:30:15,174 - INFO - 时间段 2178-2238 的节点检测统计: 真阳性=12, 假阳性=5, 假阴性=0, 正常节点=2
2025-04-15 23:30:15,254 - DEBUG - 正在保存可视化结果到 ./visual/use_topkFalse\omi\strict_deviation\omi-4\seg_2_2178_2238.png
2025-04-15 23:30:15,339 - INFO - 成功保存时间段 2178-2238 的可视化结果
2025-04-15 23:30:15,339 - INFO - 
正在处理时间段 4/5: 2494-2501
2025-04-15 23:30:15,339 - INFO - 该时间段的真实异常节点: {7, 9, 10, 11, 12, 13, 14, 15, 16, 17, 18, 19}
2025-04-15 23:30:15,339 - INFO - 正在计算异常分数...
2025-04-15 23:30:15,341 - INFO - 检测到的异常节点: {4, 5, 6, 7, 8, 9, 10, 11, 12, 13, 14, 15, 16, 17, 18, 19}
2025-04-15 23:30:15,341 - INFO - 正在为时间段 2494-2501 生成可视化
2025-04-15 23:30:15,341 - INFO - 正在为时间段 2494-2501 生成异常图可视化
2025-04-15 23:30:15,342 - DEBUG - 创建包含 19 个节点的图结构
2025-04-15 23:30:15,342 - DEBUG - 边统计: 正常边 170 条, 异常边 70 条
2025-04-15 23:30:15,342 - INFO - 时间段 2494-2501 的节点检测统计: 真阳性=12, 假阳性=4, 假阴性=0, 正常节点=3
2025-04-15 23:30:15,423 - DEBUG - 正在保存可视化结果到 ./visual/use_topkFalse\omi\strict_deviation\omi-4\seg_3_2494_2501.png
2025-04-15 23:30:15,498 - INFO - 成功保存时间段 2494-2501 的可视化结果
2025-04-15 23:30:15,499 - INFO - 
正在处理时间段 5/5: 3425-3435
2025-04-15 23:30:15,499 - INFO - 该时间段的真实异常节点: {7, 8, 9, 10, 11, 12, 13, 14, 15, 16, 17, 18, 19}
2025-04-15 23:30:15,499 - INFO - 正在计算异常分数...
2025-04-15 23:30:15,504 - INFO - 检测到的异常节点: {1, 4, 5, 6, 7, 8, 9, 10, 11, 12, 13, 14, 15, 16, 17, 18, 19}
2025-04-15 23:30:15,504 - INFO - 正在为时间段 3425-3435 生成可视化
2025-04-15 23:30:15,504 - INFO - 正在为时间段 3425-3435 生成异常图可视化
2025-04-15 23:30:15,504 - DEBUG - 创建包含 19 个节点的图结构
2025-04-15 23:30:15,505 - DEBUG - 边统计: 正常边 130 条, 异常边 142 条
2025-04-15 23:30:15,505 - INFO - 时间段 3425-3435 的节点检测统计: 真阳性=13, 假阳性=4, 假阴性=0, 正常节点=2
2025-04-15 23:30:15,642 - DEBUG - 正在保存可视化结果到 ./visual/use_topkFalse\omi\strict_deviation\omi-4\seg_4_3425_3435.png
2025-04-15 23:30:15,720 - INFO - 成功保存时间段 3425-3435 的可视化结果
2025-04-15 23:30:15,720 - INFO - 正在从 ./visual/use_topkFalse\omi\strict_deviation\omi-4 中的图像创建GIF
2025-04-15 23:30:15,853 - INFO - GIF已保存到 ./visual/use_topkFalse\omi\strict_deviation\omi-4\omi-4.gif
2025-04-15 23:30:15,853 - INFO - 
==================================================
2025-04-15 23:30:15,853 - INFO - 开始数据集可视化: omi-5
2025-04-15 23:30:15,853 - INFO - 使用参数: 评分模式=strict_deviation, top_k=None, 阈值=4.5
2025-04-15 23:30:15,853 - INFO - ==================================================

2025-04-15 23:30:15,853 - INFO - 正在加载数据集 omi-5 的数据
2025-04-15 23:30:15,854 - INFO - 数据加载成功。训练集形状: (8640, 19), 测试集形状: (4320, 19)
2025-04-15 23:30:15,855 - INFO - 正在计算边缘统计量...
2025-04-15 23:30:17,895 - INFO - 已计算 153 条边的统计量
2025-04-15 23:30:17,895 - INFO - 为每个节点使用所有邻居
2025-04-15 23:30:17,895 - INFO - 可视化结果将保存到: ./visual/use_topkFalse\omi\strict_deviation\omi-5
2025-04-15 23:30:17,895 - INFO - 在数据集中发现 6 个异常时间段
2025-04-15 23:30:17,895 - INFO - 
正在处理时间段 1/6: 765-781
2025-04-15 23:30:17,895 - INFO - 该时间段的真实异常节点: {6, 7, 8, 9, 10, 11, 12, 13, 14, 15, 16, 17, 18, 19}
2025-04-15 23:30:17,895 - INFO - 正在计算异常分数...
2025-04-15 23:30:17,903 - INFO - 检测到的异常节点: {1, 2, 4, 5, 6, 7, 8, 9, 10, 11, 12, 13, 14, 15, 16, 17, 18, 19}
2025-04-15 23:30:17,904 - INFO - 正在为时间段 765-781 生成可视化
2025-04-15 23:30:17,904 - INFO - 正在为时间段 765-781 生成异常图可视化
2025-04-15 23:30:17,904 - DEBUG - 创建包含 19 个节点的图结构
2025-04-15 23:30:17,904 - DEBUG - 边统计: 正常边 220 条, 异常边 86 条
2025-04-15 23:30:17,904 - INFO - 时间段 765-781 的节点检测统计: 真阳性=14, 假阳性=4, 假阴性=0, 正常节点=1
2025-04-15 23:30:17,986 - DEBUG - 正在保存可视化结果到 ./visual/use_topkFalse\omi\strict_deviation\omi-5\seg_0_765_781.png
2025-04-15 23:30:18,066 - INFO - 成功保存时间段 765-781 的可视化结果
2025-04-15 23:30:18,066 - INFO - 
正在处理时间段 2/6: 1589-1617
2025-04-15 23:30:18,066 - INFO - 该时间段的真实异常节点: {17, 2, 4}
2025-04-15 23:30:18,066 - INFO - 正在计算异常分数...
2025-04-15 23:30:18,085 - INFO - 检测到的异常节点: {1, 2, 4, 5, 6, 7, 8, 9, 10, 11, 12, 13, 14, 15, 16, 17, 18, 19}
2025-04-15 23:30:18,085 - INFO - 正在为时间段 1589-1617 生成可视化
2025-04-15 23:30:18,085 - INFO - 正在为时间段 1589-1617 生成异常图可视化
2025-04-15 23:30:18,085 - DEBUG - 创建包含 19 个节点的图结构
2025-04-15 23:30:18,086 - DEBUG - 边统计: 正常边 166 条, 异常边 140 条
2025-04-15 23:30:18,086 - INFO - 时间段 1589-1617 的节点检测统计: 真阳性=3, 假阳性=15, 假阴性=0, 正常节点=1
2025-04-15 23:30:18,166 - DEBUG - 正在保存可视化结果到 ./visual/use_topkFalse\omi\strict_deviation\omi-5\seg_1_1589_1617.png
2025-04-15 23:30:18,244 - INFO - 成功保存时间段 1589-1617 的可视化结果
2025-04-15 23:30:18,246 - INFO - 
正在处理时间段 3/6: 2440-2446
2025-04-15 23:30:18,246 - INFO - 该时间段的真实异常节点: {8, 11, 12, 13, 14, 15, 16, 17, 18, 19}
2025-04-15 23:30:18,246 - INFO - 正在计算异常分数...
2025-04-15 23:30:18,248 - INFO - 检测到的异常节点: {1, 2, 4, 5, 6, 7, 8, 9, 10, 11, 12, 13, 14, 15, 16, 17, 18, 19}
2025-04-15 23:30:18,248 - INFO - 正在为时间段 2440-2446 生成可视化
2025-04-15 23:30:18,248 - INFO - 正在为时间段 2440-2446 生成异常图可视化
2025-04-15 23:30:18,248 - DEBUG - 创建包含 19 个节点的图结构
2025-04-15 23:30:18,249 - DEBUG - 边统计: 正常边 146 条, 异常边 160 条
2025-04-15 23:30:18,249 - INFO - 时间段 2440-2446 的节点检测统计: 真阳性=10, 假阳性=8, 假阴性=0, 正常节点=1
2025-04-15 23:30:18,326 - DEBUG - 正在保存可视化结果到 ./visual/use_topkFalse\omi\strict_deviation\omi-5\seg_2_2440_2446.png
2025-04-15 23:30:18,404 - INFO - 成功保存时间段 2440-2446 的可视化结果
2025-04-15 23:30:18,405 - INFO - 
正在处理时间段 4/6: 3356-3363
2025-04-15 23:30:18,405 - INFO - 该时间段的真实异常节点: {17, 5, 6}
2025-04-15 23:30:18,405 - INFO - 正在计算异常分数...
2025-04-15 23:30:18,408 - INFO - 检测到的异常节点: {1, 2, 4, 5, 6, 7, 8, 9, 10, 11, 12, 13, 14, 15, 16, 17, 18, 19}
2025-04-15 23:30:18,408 - INFO - 正在为时间段 3356-3363 生成可视化
2025-04-15 23:30:18,408 - INFO - 正在为时间段 3356-3363 生成异常图可视化
2025-04-15 23:30:18,408 - DEBUG - 创建包含 19 个节点的图结构
2025-04-15 23:30:18,409 - DEBUG - 边统计: 正常边 164 条, 异常边 142 条
2025-04-15 23:30:18,409 - INFO - 时间段 3356-3363 的节点检测统计: 真阳性=3, 假阳性=15, 假阴性=0, 正常节点=1
2025-04-15 23:30:18,493 - DEBUG - 正在保存可视化结果到 ./visual/use_topkFalse\omi\strict_deviation\omi-5\seg_3_3356_3363.png
2025-04-15 23:30:18,580 - INFO - 成功保存时间段 3356-3363 的可视化结果
2025-04-15 23:30:18,580 - INFO - 
正在处理时间段 5/6: 3416-3423
2025-04-15 23:30:18,580 - INFO - 该时间段的真实异常节点: {4, 5, 7, 9, 10, 11, 12, 13, 14, 15, 16, 17, 18, 19}
2025-04-15 23:30:18,580 - INFO - 正在计算异常分数...
2025-04-15 23:30:18,584 - INFO - 检测到的异常节点: {1, 2, 4, 5, 6, 7, 8, 9, 10, 11, 12, 13, 14, 15, 16, 17, 18, 19}
2025-04-15 23:30:18,584 - INFO - 正在为时间段 3416-3423 生成可视化
2025-04-15 23:30:18,584 - INFO - 正在为时间段 3416-3423 生成异常图可视化
2025-04-15 23:30:18,584 - DEBUG - 创建包含 19 个节点的图结构
2025-04-15 23:30:18,585 - DEBUG - 边统计: 正常边 220 条, 异常边 86 条
2025-04-15 23:30:18,585 - INFO - 时间段 3416-3423 的节点检测统计: 真阳性=14, 假阳性=4, 假阴性=0, 正常节点=1
2025-04-15 23:30:18,675 - DEBUG - 正在保存可视化结果到 ./visual/use_topkFalse\omi\strict_deviation\omi-5\seg_4_3416_3423.png
2025-04-15 23:30:18,755 - INFO - 成功保存时间段 3416-3423 的可视化结果
2025-04-15 23:30:18,755 - INFO - 
正在处理时间段 6/6: 3590-3594
2025-04-15 23:30:18,755 - INFO - 该时间段的真实异常节点: {1, 8, 17, 18, 19}
2025-04-15 23:30:18,755 - INFO - 正在计算异常分数...
2025-04-15 23:30:18,756 - INFO - 检测到的异常节点: {1, 2, 4, 5, 6, 7, 8, 9, 10, 11, 12, 13, 14, 15, 16, 17, 18, 19}
2025-04-15 23:30:18,756 - INFO - 正在为时间段 3590-3594 生成可视化
2025-04-15 23:30:18,757 - INFO - 正在为时间段 3590-3594 生成异常图可视化
2025-04-15 23:30:18,757 - DEBUG - 创建包含 19 个节点的图结构
2025-04-15 23:30:18,757 - DEBUG - 边统计: 正常边 162 条, 异常边 144 条
2025-04-15 23:30:18,758 - INFO - 时间段 3590-3594 的节点检测统计: 真阳性=5, 假阳性=13, 假阴性=0, 正常节点=1
2025-04-15 23:30:18,839 - DEBUG - 正在保存可视化结果到 ./visual/use_topkFalse\omi\strict_deviation\omi-5\seg_5_3590_3594.png
2025-04-15 23:30:18,916 - INFO - 成功保存时间段 3590-3594 的可视化结果
2025-04-15 23:30:18,916 - INFO - 正在从 ./visual/use_topkFalse\omi\strict_deviation\omi-5 中的图像创建GIF
2025-04-15 23:30:19,083 - INFO - GIF已保存到 ./visual/use_topkFalse\omi\strict_deviation\omi-5\omi-5.gif
2025-04-15 23:30:19,084 - INFO - 
==================================================
2025-04-15 23:30:19,084 - INFO - 开始数据集可视化: omi-6
2025-04-15 23:30:19,084 - INFO - 使用参数: 评分模式=strict_deviation, top_k=None, 阈值=6.5
2025-04-15 23:30:19,084 - INFO - ==================================================

2025-04-15 23:30:19,084 - INFO - 正在加载数据集 omi-6 的数据
2025-04-15 23:30:19,085 - INFO - 数据加载成功。训练集形状: (8640, 19), 测试集形状: (4320, 19)
2025-04-15 23:30:19,085 - INFO - 正在计算边缘统计量...
2025-04-15 23:30:21,059 - INFO - 已计算 153 条边的统计量
2025-04-15 23:30:21,059 - INFO - 为每个节点使用所有邻居
2025-04-15 23:30:21,060 - INFO - 可视化结果将保存到: ./visual/use_topkFalse\omi\strict_deviation\omi-6
2025-04-15 23:30:21,060 - INFO - 在数据集中发现 10 个异常时间段
2025-04-15 23:30:21,060 - INFO - 
正在处理时间段 1/10: 357-392
2025-04-15 23:30:21,061 - INFO - 该时间段的真实异常节点: {19, 4}
2025-04-15 23:30:21,061 - INFO - 正在计算异常分数...
2025-04-15 23:30:21,082 - INFO - 检测到的异常节点: {1, 4, 5, 6, 7, 8, 9, 10, 11, 12, 13, 14, 15, 16, 17, 18, 19}
2025-04-15 23:30:21,082 - INFO - 正在为时间段 357-392 生成可视化
2025-04-15 23:30:21,082 - INFO - 正在为时间段 357-392 生成异常图可视化
2025-04-15 23:30:21,082 - DEBUG - 创建包含 19 个节点的图结构
2025-04-15 23:30:21,083 - DEBUG - 边统计: 正常边 188 条, 异常边 84 条
2025-04-15 23:30:21,083 - INFO - 时间段 357-392 的节点检测统计: 真阳性=2, 假阳性=15, 假阴性=0, 正常节点=2
2025-04-15 23:30:21,176 - DEBUG - 正在保存可视化结果到 ./visual/use_topkFalse\omi\strict_deviation\omi-6\seg_0_357_392.png
2025-04-15 23:30:21,259 - INFO - 成功保存时间段 357-392 的可视化结果
2025-04-15 23:30:21,260 - INFO - 
正在处理时间段 2/10: 750-788
2025-04-15 23:30:21,260 - INFO - 该时间段的真实异常节点: {2, 6, 7, 8, 9, 10, 11, 12, 13, 14, 15, 16, 17, 18, 19}
2025-04-15 23:30:21,260 - INFO - 正在计算异常分数...
2025-04-15 23:30:21,282 - INFO - 检测到的异常节点: {1, 4, 5, 6, 7, 8, 9, 10, 11, 12, 13, 14, 15, 16, 17, 18, 19}
2025-04-15 23:30:21,282 - INFO - 正在为时间段 750-788 生成可视化
2025-04-15 23:30:21,282 - INFO - 正在为时间段 750-788 生成异常图可视化
2025-04-15 23:30:21,282 - DEBUG - 创建包含 19 个节点的图结构
2025-04-15 23:30:21,283 - DEBUG - 边统计: 正常边 230 条, 异常边 42 条
2025-04-15 23:30:21,283 - INFO - 时间段 750-788 的节点检测统计: 真阳性=14, 假阳性=3, 假阴性=1, 正常节点=1
2025-04-15 23:30:21,366 - DEBUG - 正在保存可视化结果到 ./visual/use_topkFalse\omi\strict_deviation\omi-6\seg_1_750_788.png
2025-04-15 23:30:21,440 - INFO - 成功保存时间段 750-788 的可视化结果
2025-04-15 23:30:21,440 - INFO - 
正在处理时间段 3/10: 1278-1293
2025-04-15 23:30:21,440 - INFO - 该时间段的真实异常节点: {4, 5, 6, 8, 17}
2025-04-15 23:30:21,440 - INFO - 正在计算异常分数...
2025-04-15 23:30:21,449 - INFO - 检测到的异常节点: {1, 4, 5, 6, 7, 8, 9, 10, 11, 12, 13, 14, 15, 16, 17, 18, 19}
2025-04-15 23:30:21,449 - INFO - 正在为时间段 1278-1293 生成可视化
2025-04-15 23:30:21,449 - INFO - 正在为时间段 1278-1293 生成异常图可视化
2025-04-15 23:30:21,449 - DEBUG - 创建包含 19 个节点的图结构
2025-04-15 23:30:21,450 - DEBUG - 边统计: 正常边 178 条, 异常边 94 条
2025-04-15 23:30:21,450 - INFO - 时间段 1278-1293 的节点检测统计: 真阳性=5, 假阳性=12, 假阴性=0, 正常节点=2
2025-04-15 23:30:21,531 - DEBUG - 正在保存可视化结果到 ./visual/use_topkFalse\omi\strict_deviation\omi-6\seg_2_1278_1293.png
2025-04-15 23:30:21,610 - INFO - 成功保存时间段 1278-1293 的可视化结果
2025-04-15 23:30:21,610 - INFO - 
正在处理时间段 4/10: 1590-1615
2025-04-15 23:30:21,610 - INFO - 该时间段的真实异常节点: {1, 18, 9}
2025-04-15 23:30:21,610 - INFO - 正在计算异常分数...
2025-04-15 23:30:21,625 - INFO - 检测到的异常节点: {1, 4, 5, 6, 7, 8, 9, 10, 11, 12, 13, 14, 15, 16, 17, 18, 19}
2025-04-15 23:30:21,625 - INFO - 正在为时间段 1590-1615 生成可视化
2025-04-15 23:30:21,625 - INFO - 正在为时间段 1590-1615 生成异常图可视化
2025-04-15 23:30:21,625 - DEBUG - 创建包含 19 个节点的图结构
2025-04-15 23:30:21,626 - DEBUG - 边统计: 正常边 202 条, 异常边 70 条
2025-04-15 23:30:21,626 - INFO - 时间段 1590-1615 的节点检测统计: 真阳性=3, 假阳性=14, 假阴性=0, 正常节点=2
2025-04-15 23:30:21,714 - DEBUG - 正在保存可视化结果到 ./visual/use_topkFalse\omi\strict_deviation\omi-6\seg_3_1590_1615.png
2025-04-15 23:30:21,799 - INFO - 成功保存时间段 1590-1615 的可视化结果
2025-04-15 23:30:21,799 - INFO - 
正在处理时间段 5/10: 2592-2604
2025-04-15 23:30:21,799 - INFO - 该时间段的真实异常节点: {9, 4, 6}
2025-04-15 23:30:21,799 - INFO - 正在计算异常分数...
2025-04-15 23:30:21,805 - INFO - 检测到的异常节点: {4, 5, 6, 7, 8, 9, 10, 11, 12, 13, 14, 15, 16, 17, 18, 19}
2025-04-15 23:30:21,805 - INFO - 正在为时间段 2592-2604 生成可视化
2025-04-15 23:30:21,805 - INFO - 正在为时间段 2592-2604 生成异常图可视化
2025-04-15 23:30:21,805 - DEBUG - 创建包含 19 个节点的图结构
2025-04-15 23:30:21,806 - DEBUG - 边统计: 正常边 162 条, 异常边 78 条
2025-04-15 23:30:21,806 - INFO - 时间段 2592-2604 的节点检测统计: 真阳性=3, 假阳性=13, 假阴性=0, 正常节点=3
2025-04-15 23:30:21,891 - DEBUG - 正在保存可视化结果到 ./visual/use_topkFalse\omi\strict_deviation\omi-6\seg_4_2592_2604.png
2025-04-15 23:30:21,968 - INFO - 成功保存时间段 2592-2604 的可视化结果
2025-04-15 23:30:21,968 - INFO - 
正在处理时间段 6/10: 2734-2765
2025-04-15 23:30:21,968 - INFO - 该时间段的真实异常节点: {8, 19, 4, 6}
2025-04-15 23:30:21,970 - INFO - 正在计算异常分数...
2025-04-15 23:30:21,989 - INFO - 检测到的异常节点: {1, 4, 5, 6, 7, 8, 9, 10, 11, 12, 13, 14, 15, 16, 17, 18, 19}
2025-04-15 23:30:21,991 - INFO - 正在为时间段 2734-2765 生成可视化
2025-04-15 23:30:21,991 - INFO - 正在为时间段 2734-2765 生成异常图可视化
2025-04-15 23:30:21,991 - DEBUG - 创建包含 19 个节点的图结构
2025-04-15 23:30:21,992 - DEBUG - 边统计: 正常边 158 条, 异常边 114 条
2025-04-15 23:30:21,992 - INFO - 时间段 2734-2765 的节点检测统计: 真阳性=4, 假阳性=13, 假阴性=0, 正常节点=2
2025-04-15 23:30:22,072 - DEBUG - 正在保存可视化结果到 ./visual/use_topkFalse\omi\strict_deviation\omi-6\seg_5_2734_2765.png
2025-04-15 23:30:22,213 - INFO - 成功保存时间段 2734-2765 的可视化结果
2025-04-15 23:30:22,213 - INFO - 
正在处理时间段 7/10: 3066-3072
2025-04-15 23:30:22,213 - INFO - 该时间段的真实异常节点: {19, 4, 6}
2025-04-15 23:30:22,213 - INFO - 正在计算异常分数...
2025-04-15 23:30:22,216 - INFO - 检测到的异常节点: {1, 4, 5, 6, 7, 8, 9, 10, 11, 12, 13, 14, 15, 16, 17, 18, 19}
2025-04-15 23:30:22,216 - INFO - 正在为时间段 3066-3072 生成可视化
2025-04-15 23:30:22,216 - INFO - 正在为时间段 3066-3072 生成异常图可视化
2025-04-15 23:30:22,216 - DEBUG - 创建包含 19 个节点的图结构
2025-04-15 23:30:22,217 - DEBUG - 边统计: 正常边 138 条, 异常边 134 条
2025-04-15 23:30:22,217 - INFO - 时间段 3066-3072 的节点检测统计: 真阳性=3, 假阳性=14, 假阴性=0, 正常节点=2
2025-04-15 23:30:22,296 - DEBUG - 正在保存可视化结果到 ./visual/use_topkFalse\omi\strict_deviation\omi-6\seg_6_3066_3072.png
2025-04-15 23:30:22,372 - INFO - 成功保存时间段 3066-3072 的可视化结果
2025-04-15 23:30:22,372 - INFO - 
正在处理时间段 8/10: 3596-3605
2025-04-15 23:30:22,372 - INFO - 该时间段的真实异常节点: {19, 4, 5, 6}
2025-04-15 23:30:22,372 - INFO - 正在计算异常分数...
2025-04-15 23:30:22,376 - INFO - 检测到的异常节点: {1, 4, 5, 6, 7, 8, 9, 10, 11, 12, 13, 14, 15, 16, 17, 18, 19}
2025-04-15 23:30:22,376 - INFO - 正在为时间段 3596-3605 生成可视化
2025-04-15 23:30:22,376 - INFO - 正在为时间段 3596-3605 生成异常图可视化
2025-04-15 23:30:22,376 - DEBUG - 创建包含 19 个节点的图结构
2025-04-15 23:30:22,377 - DEBUG - 边统计: 正常边 140 条, 异常边 132 条
2025-04-15 23:30:22,377 - INFO - 时间段 3596-3605 的节点检测统计: 真阳性=4, 假阳性=13, 假阴性=0, 正常节点=2
2025-04-15 23:30:22,461 - DEBUG - 正在保存可视化结果到 ./visual/use_topkFalse\omi\strict_deviation\omi-6\seg_7_3596_3605.png
2025-04-15 23:30:22,543 - INFO - 成功保存时间段 3596-3605 的可视化结果
2025-04-15 23:30:22,543 - INFO - 
正在处理时间段 9/10: 3610-3622
2025-04-15 23:30:22,544 - INFO - 该时间段的真实异常节点: {1, 4, 5}
2025-04-15 23:30:22,544 - INFO - 正在计算异常分数...
2025-04-15 23:30:22,551 - INFO - 检测到的异常节点: {1, 4, 5, 6, 7, 8, 9, 10, 11, 12, 13, 14, 15, 16, 17, 18, 19}
2025-04-15 23:30:22,551 - INFO - 正在为时间段 3610-3622 生成可视化
2025-04-15 23:30:22,551 - INFO - 正在为时间段 3610-3622 生成异常图可视化
2025-04-15 23:30:22,551 - DEBUG - 创建包含 19 个节点的图结构
2025-04-15 23:30:22,552 - DEBUG - 边统计: 正常边 218 条, 异常边 54 条
2025-04-15 23:30:22,552 - INFO - 时间段 3610-3622 的节点检测统计: 真阳性=3, 假阳性=14, 假阴性=0, 正常节点=2
2025-04-15 23:30:22,633 - DEBUG - 正在保存可视化结果到 ./visual/use_topkFalse\omi\strict_deviation\omi-6\seg_8_3610_3622.png
2025-04-15 23:30:22,716 - INFO - 成功保存时间段 3610-3622 的可视化结果
2025-04-15 23:30:22,716 - INFO - 
正在处理时间段 10/10: 4159-4164
2025-04-15 23:30:22,716 - INFO - 该时间段的真实异常节点: {4, 5}
2025-04-15 23:30:22,716 - INFO - 正在计算异常分数...
2025-04-15 23:30:22,717 - INFO - 检测到的异常节点: {1, 4, 5, 6, 7, 8, 9, 10, 11, 12, 13, 14, 15, 16, 17, 18, 19}
2025-04-15 23:30:22,717 - INFO - 正在为时间段 4159-4164 生成可视化
2025-04-15 23:30:22,717 - INFO - 正在为时间段 4159-4164 生成异常图可视化
2025-04-15 23:30:22,717 - DEBUG - 创建包含 19 个节点的图结构
2025-04-15 23:30:22,718 - DEBUG - 边统计: 正常边 142 条, 异常边 130 条
2025-04-15 23:30:22,718 - INFO - 时间段 4159-4164 的节点检测统计: 真阳性=2, 假阳性=15, 假阴性=0, 正常节点=2
2025-04-15 23:30:22,800 - DEBUG - 正在保存可视化结果到 ./visual/use_topkFalse\omi\strict_deviation\omi-6\seg_9_4159_4164.png
2025-04-15 23:30:22,880 - INFO - 成功保存时间段 4159-4164 的可视化结果
2025-04-15 23:30:22,880 - INFO - 正在从 ./visual/use_topkFalse\omi\strict_deviation\omi-6 中的图像创建GIF
2025-04-15 23:30:23,166 - INFO - GIF已保存到 ./visual/use_topkFalse\omi\strict_deviation\omi-6\omi-6.gif
2025-04-15 23:30:23,166 - INFO - 
==================================================
2025-04-15 23:30:23,166 - INFO - 开始数据集可视化: omi-7
2025-04-15 23:30:23,166 - INFO - 使用参数: 评分模式=strict_deviation, top_k=None, 阈值=7.0
2025-04-15 23:30:23,166 - INFO - ==================================================

2025-04-15 23:30:23,166 - INFO - 正在加载数据集 omi-7 的数据
2025-04-15 23:30:23,167 - INFO - 数据加载成功。训练集形状: (8640, 19), 测试集形状: (4320, 19)
2025-04-15 23:30:23,167 - INFO - 正在计算边缘统计量...
2025-04-15 23:30:25,020 - INFO - 已计算 136 条边的统计量
2025-04-15 23:30:25,020 - INFO - 为每个节点使用所有邻居
2025-04-15 23:30:25,021 - INFO - 可视化结果将保存到: ./visual/use_topkFalse\omi\strict_deviation\omi-7
2025-04-15 23:30:25,021 - INFO - 在数据集中发现 3 个异常时间段
2025-04-15 23:30:25,021 - INFO - 
正在处理时间段 1/3: 738-778
2025-04-15 23:30:25,021 - INFO - 该时间段的真实异常节点: {1, 2, 4, 6, 7, 8, 9, 10, 11, 12, 13, 14, 15, 16, 17, 18, 19}
2025-04-15 23:30:25,021 - INFO - 正在计算异常分数...
2025-04-15 23:30:25,043 - INFO - 检测到的异常节点: {1, 4, 5, 6, 7, 8, 9, 10, 11, 12, 13, 14, 15, 16, 17, 18, 19}
2025-04-15 23:30:25,043 - INFO - 正在为时间段 738-778 生成可视化
2025-04-15 23:30:25,043 - INFO - 正在为时间段 738-778 生成异常图可视化
2025-04-15 23:30:25,043 - DEBUG - 创建包含 19 个节点的图结构
2025-04-15 23:30:25,044 - DEBUG - 边统计: 正常边 204 条, 异常边 68 条
2025-04-15 23:30:25,044 - INFO - 时间段 738-778 的节点检测统计: 真阳性=16, 假阳性=1, 假阴性=1, 正常节点=1
2025-04-15 23:30:25,124 - DEBUG - 正在保存可视化结果到 ./visual/use_topkFalse\omi\strict_deviation\omi-7\seg_0_738_778.png
2025-04-15 23:30:25,205 - INFO - 成功保存时间段 738-778 的可视化结果
2025-04-15 23:30:25,205 - INFO - 
正在处理时间段 2/3: 1625-1660
2025-04-15 23:30:25,206 - INFO - 该时间段的真实异常节点: {7, 10, 11, 12, 13, 14, 15, 16, 17, 18, 19}
2025-04-15 23:30:25,206 - INFO - 正在计算异常分数...
2025-04-15 23:30:25,224 - INFO - 检测到的异常节点: {5, 7, 8, 9, 10, 11, 12, 13, 14, 15, 16, 17, 18, 19}
2025-04-15 23:30:25,225 - INFO - 正在为时间段 1625-1660 生成可视化
2025-04-15 23:30:25,225 - INFO - 正在为时间段 1625-1660 生成异常图可视化
2025-04-15 23:30:25,225 - DEBUG - 创建包含 19 个节点的图结构
2025-04-15 23:30:25,225 - DEBUG - 边统计: 正常边 130 条, 异常边 52 条
2025-04-15 23:30:25,225 - INFO - 时间段 1625-1660 的节点检测统计: 真阳性=11, 假阳性=3, 假阴性=0, 正常节点=5
2025-04-15 23:30:25,307 - DEBUG - 正在保存可视化结果到 ./visual/use_topkFalse\omi\strict_deviation\omi-7\seg_1_1625_1660.png
2025-04-15 23:30:25,391 - INFO - 成功保存时间段 1625-1660 的可视化结果
2025-04-15 23:30:25,391 - INFO - 
正在处理时间段 3/3: 3311-3320
2025-04-15 23:30:25,392 - INFO - 该时间段的真实异常节点: {7, 10, 11, 12, 13, 14, 15, 16, 17, 18, 19}
2025-04-15 23:30:25,392 - INFO - 正在计算异常分数...
2025-04-15 23:30:25,396 - INFO - 检测到的异常节点: {5, 7, 8, 9, 10, 11, 12, 13, 14, 15, 16, 17, 18, 19}
2025-04-15 23:30:25,396 - INFO - 正在为时间段 3311-3320 生成可视化
2025-04-15 23:30:25,396 - INFO - 正在为时间段 3311-3320 生成异常图可视化
2025-04-15 23:30:25,396 - DEBUG - 创建包含 19 个节点的图结构
2025-04-15 23:30:25,397 - DEBUG - 边统计: 正常边 164 条, 异常边 46 条
2025-04-15 23:30:25,397 - INFO - 时间段 3311-3320 的节点检测统计: 真阳性=11, 假阳性=3, 假阴性=0, 正常节点=5
2025-04-15 23:30:25,483 - DEBUG - 正在保存可视化结果到 ./visual/use_topkFalse\omi\strict_deviation\omi-7\seg_2_3311_3320.png
2025-04-15 23:30:25,568 - INFO - 成功保存时间段 3311-3320 的可视化结果
2025-04-15 23:30:25,568 - INFO - 正在从 ./visual/use_topkFalse\omi\strict_deviation\omi-7 中的图像创建GIF
2025-04-15 23:30:25,640 - INFO - GIF已保存到 ./visual/use_topkFalse\omi\strict_deviation\omi-7\omi-7.gif
2025-04-15 23:30:25,641 - INFO - 
==================================================
2025-04-15 23:30:25,641 - INFO - 开始数据集可视化: omi-8
2025-04-15 23:30:25,641 - INFO - 使用参数: 评分模式=strict_deviation, top_k=None, 阈值=4.0
2025-04-15 23:30:25,641 - INFO - ==================================================

2025-04-15 23:30:25,641 - INFO - 正在加载数据集 omi-8 的数据
2025-04-15 23:30:25,642 - INFO - 数据加载成功。训练集形状: (8640, 19), 测试集形状: (4320, 19)
2025-04-15 23:30:25,642 - INFO - 正在计算边缘统计量...
2025-04-15 23:30:27,478 - INFO - 已计算 136 条边的统计量
2025-04-15 23:30:27,478 - INFO - 为每个节点使用所有邻居
2025-04-15 23:30:27,479 - INFO - 可视化结果将保存到: ./visual/use_topkFalse\omi\strict_deviation\omi-8
2025-04-15 23:30:27,479 - INFO - 在数据集中发现 5 个异常时间段
2025-04-15 23:30:27,479 - INFO - 
正在处理时间段 1/5: 740-753
2025-04-15 23:30:27,479 - INFO - 该时间段的真实异常节点: {2, 4}
2025-04-15 23:30:27,479 - INFO - 正在计算异常分数...
2025-04-15 23:30:27,486 - INFO - 检测到的异常节点: {1, 4, 6, 7, 8, 9, 10, 11, 12, 13, 14, 15, 16, 17, 18, 19}
2025-04-15 23:30:27,486 - INFO - 正在为时间段 740-753 生成可视化
2025-04-15 23:30:27,486 - INFO - 正在为时间段 740-753 生成异常图可视化
2025-04-15 23:30:27,486 - DEBUG - 创建包含 19 个节点的图结构
2025-04-15 23:30:27,487 - DEBUG - 边统计: 正常边 178 条, 异常边 62 条
2025-04-15 23:30:27,487 - INFO - 时间段 740-753 的节点检测统计: 真阳性=1, 假阳性=15, 假阴性=1, 正常节点=2
2025-04-15 23:30:27,580 - DEBUG - 正在保存可视化结果到 ./visual/use_topkFalse\omi\strict_deviation\omi-8\seg_0_740_753.png
2025-04-15 23:30:27,656 - INFO - 成功保存时间段 740-753 的可视化结果
2025-04-15 23:30:27,656 - INFO - 
正在处理时间段 2/5: 764-780
2025-04-15 23:30:27,656 - INFO - 该时间段的真实异常节点: {6, 7, 8, 9, 10, 11, 12, 13, 14, 15, 16, 17, 18, 19}
2025-04-15 23:30:27,656 - INFO - 正在计算异常分数...
2025-04-15 23:30:27,664 - INFO - 检测到的异常节点: {1, 6, 7, 8, 9, 10, 11, 12, 13, 14, 15, 16, 17, 18, 19}
2025-04-15 23:30:27,664 - INFO - 正在为时间段 764-780 生成可视化
2025-04-15 23:30:27,664 - INFO - 正在为时间段 764-780 生成异常图可视化
2025-04-15 23:30:27,665 - DEBUG - 创建包含 19 个节点的图结构
2025-04-15 23:30:27,665 - DEBUG - 边统计: 正常边 172 条, 异常边 38 条
2025-04-15 23:30:27,665 - INFO - 时间段 764-780 的节点检测统计: 真阳性=14, 假阳性=1, 假阴性=0, 正常节点=4
2025-04-15 23:30:27,745 - DEBUG - 正在保存可视化结果到 ./visual/use_topkFalse\omi\strict_deviation\omi-8\seg_1_764_780.png
2025-04-15 23:30:27,828 - INFO - 成功保存时间段 764-780 的可视化结果
2025-04-15 23:30:27,828 - INFO - 
正在处理时间段 3/5: 2319-2325
2025-04-15 23:30:27,829 - INFO - 该时间段的真实异常节点: {4, 5, 6}
2025-04-15 23:30:27,829 - INFO - 正在计算异常分数...
2025-04-15 23:30:27,831 - INFO - 检测到的异常节点: {1, 4, 5, 6, 7, 8, 9, 10, 11, 12, 13, 14, 15, 16, 17, 18, 19}
2025-04-15 23:30:27,831 - INFO - 正在为时间段 2319-2325 生成可视化
2025-04-15 23:30:27,831 - INFO - 正在为时间段 2319-2325 生成异常图可视化
2025-04-15 23:30:27,831 - DEBUG - 创建包含 19 个节点的图结构
2025-04-15 23:30:27,832 - DEBUG - 边统计: 正常边 134 条, 异常边 138 条
2025-04-15 23:30:27,832 - INFO - 时间段 2319-2325 的节点检测统计: 真阳性=3, 假阳性=14, 假阴性=0, 正常节点=2
2025-04-15 23:30:27,915 - DEBUG - 正在保存可视化结果到 ./visual/use_topkFalse\omi\strict_deviation\omi-8\seg_2_2319_2325.png
2025-04-15 23:30:27,990 - INFO - 成功保存时间段 2319-2325 的可视化结果
2025-04-15 23:30:27,990 - INFO - 
正在处理时间段 4/5: 2586-2675
2025-04-15 23:30:27,991 - INFO - 该时间段的真实异常节点: {5, 6, 8, 17, 18, 19}
2025-04-15 23:30:27,991 - INFO - 正在计算异常分数...
2025-04-15 23:30:28,051 - INFO - 检测到的异常节点: {1, 4, 5, 6, 7, 8, 9, 10, 11, 12, 13, 14, 15, 16, 17, 18, 19}
2025-04-15 23:30:28,051 - INFO - 正在为时间段 2586-2675 生成可视化
2025-04-15 23:30:28,051 - INFO - 正在为时间段 2586-2675 生成异常图可视化
2025-04-15 23:30:28,051 - DEBUG - 创建包含 19 个节点的图结构
2025-04-15 23:30:28,052 - DEBUG - 边统计: 正常边 146 条, 异常边 126 条
2025-04-15 23:30:28,052 - INFO - 时间段 2586-2675 的节点检测统计: 真阳性=6, 假阳性=11, 假阴性=0, 正常节点=2
2025-04-15 23:30:28,133 - DEBUG - 正在保存可视化结果到 ./visual/use_topkFalse\omi\strict_deviation\omi-8\seg_3_2586_2675.png
2025-04-15 23:30:28,219 - INFO - 成功保存时间段 2586-2675 的可视化结果
2025-04-15 23:30:28,219 - INFO - 
正在处理时间段 5/5: 2897-2956
2025-04-15 23:30:28,219 - INFO - 该时间段的真实异常节点: {2, 6, 8, 17, 18, 19}
2025-04-15 23:30:28,219 - INFO - 正在计算异常分数...
2025-04-15 23:30:28,255 - INFO - 检测到的异常节点: {1, 4, 5, 6, 7, 8, 9, 10, 11, 12, 13, 14, 15, 16, 17, 18, 19}
2025-04-15 23:30:28,255 - INFO - 正在为时间段 2897-2956 生成可视化
2025-04-15 23:30:28,255 - INFO - 正在为时间段 2897-2956 生成异常图可视化
2025-04-15 23:30:28,255 - DEBUG - 创建包含 19 个节点的图结构
2025-04-15 23:30:28,256 - DEBUG - 边统计: 正常边 136 条, 异常边 136 条
2025-04-15 23:30:28,256 - INFO - 时间段 2897-2956 的节点检测统计: 真阳性=5, 假阳性=12, 假阴性=1, 正常节点=1
2025-04-15 23:30:28,336 - DEBUG - 正在保存可视化结果到 ./visual/use_topkFalse\omi\strict_deviation\omi-8\seg_4_2897_2956.png
2025-04-15 23:30:28,419 - INFO - 成功保存时间段 2897-2956 的可视化结果
2025-04-15 23:30:28,419 - INFO - 正在从 ./visual/use_topkFalse\omi\strict_deviation\omi-8 中的图像创建GIF
2025-04-15 23:30:28,559 - INFO - GIF已保存到 ./visual/use_topkFalse\omi\strict_deviation\omi-8\omi-8.gif
2025-04-15 23:30:28,560 - INFO - 
==================================================
2025-04-15 23:30:28,560 - INFO - 开始数据集可视化: omi-9
2025-04-15 23:30:28,560 - INFO - 使用参数: 评分模式=strict_deviation, top_k=None, 阈值=4.0
2025-04-15 23:30:28,560 - INFO - ==================================================

2025-04-15 23:30:28,560 - INFO - 正在加载数据集 omi-9 的数据
2025-04-15 23:30:28,561 - INFO - 数据加载成功。训练集形状: (8640, 19), 测试集形状: (4320, 19)
2025-04-15 23:30:28,561 - INFO - 正在计算边缘统计量...
2025-04-15 23:30:30,347 - INFO - 已计算 136 条边的统计量
2025-04-15 23:30:30,347 - INFO - 为每个节点使用所有邻居
2025-04-15 23:30:30,348 - INFO - 可视化结果将保存到: ./visual/use_topkFalse\omi\strict_deviation\omi-9
2025-04-15 23:30:30,348 - INFO - 在数据集中发现 8 个异常时间段
2025-04-15 23:30:30,348 - INFO - 
正在处理时间段 1/8: 738-756
2025-04-15 23:30:30,348 - INFO - 该时间段的真实异常节点: {2, 9, 10, 11, 12, 13, 14, 15, 16, 17, 18, 19}
2025-04-15 23:30:30,348 - INFO - 正在计算异常分数...
2025-04-15 23:30:30,356 - INFO - 检测到的异常节点: {1, 7, 8, 9, 10, 11, 12, 13, 14, 15, 16, 17, 18, 19}
2025-04-15 23:30:30,357 - INFO - 正在为时间段 738-756 生成可视化
2025-04-15 23:30:30,357 - INFO - 正在为时间段 738-756 生成异常图可视化
2025-04-15 23:30:30,357 - DEBUG - 创建包含 19 个节点的图结构
2025-04-15 23:30:30,357 - DEBUG - 边统计: 正常边 112 条, 异常边 70 条
2025-04-15 23:30:30,357 - INFO - 时间段 738-756 的节点检测统计: 真阳性=11, 假阳性=3, 假阴性=1, 正常节点=4
2025-04-15 23:30:30,504 - DEBUG - 正在保存可视化结果到 ./visual/use_topkFalse\omi\strict_deviation\omi-9\seg_0_738_756.png
2025-04-15 23:30:30,585 - INFO - 成功保存时间段 738-756 的可视化结果
2025-04-15 23:30:30,585 - INFO - 
正在处理时间段 2/8: 763-780
2025-04-15 23:30:30,586 - INFO - 该时间段的真实异常节点: {1, 6, 7, 8, 9, 10, 11, 12, 13, 14, 15, 16, 17, 18, 19}
2025-04-15 23:30:30,586 - INFO - 正在计算异常分数...
2025-04-15 23:30:30,592 - INFO - 检测到的异常节点: {1, 6, 7, 8, 9, 10, 11, 12, 13, 14, 15, 16, 17, 18, 19}
2025-04-15 23:30:30,592 - INFO - 正在为时间段 763-780 生成可视化
2025-04-15 23:30:30,592 - INFO - 正在为时间段 763-780 生成异常图可视化
2025-04-15 23:30:30,594 - DEBUG - 创建包含 19 个节点的图结构
2025-04-15 23:30:30,594 - DEBUG - 边统计: 正常边 142 条, 异常边 68 条
2025-04-15 23:30:30,594 - INFO - 时间段 763-780 的节点检测统计: 真阳性=15, 假阳性=0, 假阴性=0, 正常节点=4
2025-04-15 23:30:30,675 - DEBUG - 正在保存可视化结果到 ./visual/use_topkFalse\omi\strict_deviation\omi-9\seg_1_763_780.png
2025-04-15 23:30:30,764 - INFO - 成功保存时间段 763-780 的可视化结果
2025-04-15 23:30:30,764 - INFO - 
正在处理时间段 3/8: 2514-2524
2025-04-15 23:30:30,765 - INFO - 该时间段的真实异常节点: {1, 4, 5, 7, 8, 9, 17, 18}
2025-04-15 23:30:30,765 - INFO - 正在计算异常分数...
2025-04-15 23:30:30,770 - INFO - 检测到的异常节点: {1, 4, 5, 6, 7, 8, 9, 10, 11, 12, 13, 14, 15, 16, 17, 18, 19}
2025-04-15 23:30:30,770 - INFO - 正在为时间段 2514-2524 生成可视化
2025-04-15 23:30:30,770 - INFO - 正在为时间段 2514-2524 生成异常图可视化
2025-04-15 23:30:30,770 - DEBUG - 创建包含 19 个节点的图结构
2025-04-15 23:30:30,771 - DEBUG - 边统计: 正常边 162 条, 异常边 110 条
2025-04-15 23:30:30,771 - INFO - 时间段 2514-2524 的节点检测统计: 真阳性=8, 假阳性=9, 假阴性=0, 正常节点=2
2025-04-15 23:30:30,851 - DEBUG - 正在保存可视化结果到 ./visual/use_topkFalse\omi\strict_deviation\omi-9\seg_2_2514_2524.png
2025-04-15 23:30:30,930 - INFO - 成功保存时间段 2514-2524 的可视化结果
2025-04-15 23:30:30,930 - INFO - 
正在处理时间段 4/8: 2603-2668
2025-04-15 23:30:30,930 - INFO - 该时间段的真实异常节点: {1, 2, 5, 6, 8, 17, 18, 19}
2025-04-15 23:30:30,930 - INFO - 正在计算异常分数...
2025-04-15 23:30:30,967 - INFO - 检测到的异常节点: {1, 4, 5, 6, 7, 8, 9, 10, 11, 12, 13, 14, 15, 16, 17, 18, 19}
2025-04-15 23:30:30,967 - INFO - 正在为时间段 2603-2668 生成可视化
2025-04-15 23:30:30,967 - INFO - 正在为时间段 2603-2668 生成异常图可视化
2025-04-15 23:30:30,968 - DEBUG - 创建包含 19 个节点的图结构
2025-04-15 23:30:30,968 - DEBUG - 边统计: 正常边 106 条, 异常边 166 条
2025-04-15 23:30:30,968 - INFO - 时间段 2603-2668 的节点检测统计: 真阳性=7, 假阳性=10, 假阴性=1, 正常节点=1
2025-04-15 23:30:31,049 - DEBUG - 正在保存可视化结果到 ./visual/use_topkFalse\omi\strict_deviation\omi-9\seg_3_2603_2668.png
2025-04-15 23:30:31,124 - INFO - 成功保存时间段 2603-2668 的可视化结果
2025-04-15 23:30:31,124 - INFO - 
正在处理时间段 5/8: 2918-2958
2025-04-15 23:30:31,124 - INFO - 该时间段的真实异常节点: {1, 2, 5, 6, 8, 17, 18, 19}
2025-04-15 23:30:31,124 - INFO - 正在计算异常分数...
2025-04-15 23:30:31,145 - INFO - 检测到的异常节点: {1, 4, 5, 6, 7, 8, 9, 10, 11, 12, 13, 14, 15, 16, 17, 18, 19}
2025-04-15 23:30:31,145 - INFO - 正在为时间段 2918-2958 生成可视化
2025-04-15 23:30:31,145 - INFO - 正在为时间段 2918-2958 生成异常图可视化
2025-04-15 23:30:31,146 - DEBUG - 创建包含 19 个节点的图结构
2025-04-15 23:30:31,146 - DEBUG - 边统计: 正常边 124 条, 异常边 148 条
2025-04-15 23:30:31,146 - INFO - 时间段 2918-2958 的节点检测统计: 真阳性=7, 假阳性=10, 假阴性=1, 正常节点=1
2025-04-15 23:30:31,234 - DEBUG - 正在保存可视化结果到 ./visual/use_topkFalse\omi\strict_deviation\omi-9\seg_4_2918_2958.png
2025-04-15 23:30:31,318 - INFO - 成功保存时间段 2918-2958 的可视化结果
2025-04-15 23:30:31,318 - INFO - 
正在处理时间段 6/8: 3170-3245
2025-04-15 23:30:31,318 - INFO - 该时间段的真实异常节点: {1, 2, 6, 8, 17, 18, 19}
2025-04-15 23:30:31,318 - INFO - 正在计算异常分数...
2025-04-15 23:30:31,358 - INFO - 检测到的异常节点: {1, 4, 5, 6, 7, 8, 9, 10, 11, 12, 13, 14, 15, 16, 17, 18, 19}
2025-04-15 23:30:31,358 - INFO - 正在为时间段 3170-3245 生成可视化
2025-04-15 23:30:31,358 - INFO - 正在为时间段 3170-3245 生成异常图可视化
2025-04-15 23:30:31,358 - DEBUG - 创建包含 19 个节点的图结构
2025-04-15 23:30:31,359 - DEBUG - 边统计: 正常边 154 条, 异常边 118 条
2025-04-15 23:30:31,359 - INFO - 时间段 3170-3245 的节点检测统计: 真阳性=6, 假阳性=11, 假阴性=1, 正常节点=1
2025-04-15 23:30:31,439 - DEBUG - 正在保存可视化结果到 ./visual/use_topkFalse\omi\strict_deviation\omi-9\seg_5_3170_3245.png
2025-04-15 23:30:31,521 - INFO - 成功保存时间段 3170-3245 的可视化结果
2025-04-15 23:30:31,521 - INFO - 
正在处理时间段 7/8: 3508-3528
2025-04-15 23:30:31,521 - INFO - 该时间段的真实异常节点: {8, 2, 19, 6}
2025-04-15 23:30:31,521 - INFO - 正在计算异常分数...
2025-04-15 23:30:31,531 - INFO - 检测到的异常节点: {1, 4, 5, 6, 7, 8, 9, 10, 11, 12, 13, 14, 15, 16, 17, 18, 19}
2025-04-15 23:30:31,532 - INFO - 正在为时间段 3508-3528 生成可视化
2025-04-15 23:30:31,532 - INFO - 正在为时间段 3508-3528 生成异常图可视化
2025-04-15 23:30:31,532 - DEBUG - 创建包含 19 个节点的图结构
2025-04-15 23:30:31,532 - DEBUG - 边统计: 正常边 160 条, 异常边 112 条
2025-04-15 23:30:31,532 - INFO - 时间段 3508-3528 的节点检测统计: 真阳性=3, 假阳性=14, 假阴性=1, 正常节点=1
2025-04-15 23:30:31,615 - DEBUG - 正在保存可视化结果到 ./visual/use_topkFalse\omi\strict_deviation\omi-9\seg_6_3508_3528.png
2025-04-15 23:30:31,691 - INFO - 成功保存时间段 3508-3528 的可视化结果
2025-04-15 23:30:31,691 - INFO - 
正在处理时间段 8/8: 4064-4108
2025-04-15 23:30:31,692 - INFO - 该时间段的真实异常节点: {1, 2, 6, 7, 8, 9, 17, 18, 19}
2025-04-15 23:30:31,692 - INFO - 正在计算异常分数...
2025-04-15 23:30:31,718 - INFO - 检测到的异常节点: {1, 4, 5, 6, 7, 8, 9, 10, 11, 12, 13, 14, 15, 16, 17, 18, 19}
2025-04-15 23:30:31,718 - INFO - 正在为时间段 4064-4108 生成可视化
2025-04-15 23:30:31,719 - INFO - 正在为时间段 4064-4108 生成异常图可视化
2025-04-15 23:30:31,719 - DEBUG - 创建包含 19 个节点的图结构
2025-04-15 23:30:31,719 - DEBUG - 边统计: 正常边 108 条, 异常边 164 条
2025-04-15 23:30:31,719 - INFO - 时间段 4064-4108 的节点检测统计: 真阳性=8, 假阳性=9, 假阴性=1, 正常节点=1
2025-04-15 23:30:31,805 - DEBUG - 正在保存可视化结果到 ./visual/use_topkFalse\omi\strict_deviation\omi-9\seg_7_4064_4108.png
2025-04-15 23:30:31,882 - INFO - 成功保存时间段 4064-4108 的可视化结果
2025-04-15 23:30:31,882 - INFO - 正在从 ./visual/use_topkFalse\omi\strict_deviation\omi-9 中的图像创建GIF
2025-04-15 23:30:32,109 - INFO - GIF已保存到 ./visual/use_topkFalse\omi\strict_deviation\omi-9\omi-9.gif
2025-04-15 23:30:32,109 - INFO - 可视化结果生成完成！
2025-04-15 23:30:32,109 - INFO - 
==================================================
2025-04-15 23:30:32,109 - INFO - 程序运行总耗时: 0:02:28.873839
