2025-04-17 17:54:10,672 - INFO - 
 Starting experiment with config: ExperimentConfig(dataset='els', window_size=5, score_thresholds=array([0. , 0.1, 0.2, 0.3, 0.4, 0.5, 0.6, 0.7, 0.8, 0.9, 1. , 1.1, 1.2,
       1.3, 1.4, 1.5, 1.6, 1.7, 1.8, 1.9, 2. , 2.1, 2.2, 2.3, 2.4, 2.5,
       2.6, 2.7, 2.8, 2.9, 3. , 3.1, 3.2, 3.3, 3.4, 3.5, 3.6, 3.7, 3.8,
       3.9, 4. , 4.1, 4.2, 4.3, 4.4, 4.5, 4.6, 4.7, 4.8, 4.9, 5. , 5.1,
       5.2, 5.3, 5.4, 5.5, 5.6, 5.7, 5.8, 5.9, 6. , 6.1, 6.2, 6.3, 6.4,
       6.5, 6.6, 6.7, 6.8, 6.9, 7. ]), topk_range=range(0, 10), corr_threshold_range=array([0. , 0. , 0.1, 0.2, 0.2, 0.2, 0.3, 0.4, 0.4, 0.4, 0.5, 0.6, 0.6,
       0.6]), neighbor_selection='all', score_modes=['deviation'], data_dir='./data/processed', label_dir='./data/interpretation_label', log_dir='./log/els/neighbor_all', visual_dir='./visual/els/neighbor_all', num_workers=36, gif_duration=500)
2025-04-17 17:54:10,672 - INFO - 当前评分模式: ['deviation']
2025-04-17 17:54:10,672 - INFO - 
==================================================
2025-04-17 17:54:10,672 - INFO - 开始执行网格搜索...
2025-04-17 17:54:10,676 - INFO - [els-1] Starting grid search...
2025-04-17 17:54:11,416 - INFO - [els-1.txt] mode=deviation, all=None, threshold=0.0, P=0.2652, R=0.4958, F1=0.3455
2025-04-17 17:54:11,600 - INFO - [els-1.txt] mode=deviation, all=None, threshold=0.1, P=0.2652, R=0.4958, F1=0.3455
2025-04-17 17:54:11,748 - INFO - [els-1.txt] mode=deviation, all=None, threshold=0.2, P=0.2652, R=0.4958, F1=0.3455
2025-04-17 17:54:11,764 - INFO - [els-1.txt] mode=deviation, all=None, threshold=0.3, P=0.2652, R=0.4958, F1=0.3455
2025-04-17 17:54:11,805 - INFO - [els-1.txt] mode=deviation, all=None, threshold=0.4, P=0.2652, R=0.4958, F1=0.3455
2025-04-17 17:54:11,805 - INFO - [els-1.txt] mode=deviation, all=None, threshold=0.5, P=0.2652, R=0.4958, F1=0.3455
2025-04-17 17:54:11,805 - INFO - [els-1.txt] mode=deviation, all=None, threshold=0.6, P=0.2652, R=0.4958, F1=0.3455
2025-04-17 17:54:11,843 - INFO - [els-1.txt] mode=deviation, all=None, threshold=0.7, P=0.2652, R=0.4958, F1=0.3455
2025-04-17 17:54:11,844 - INFO - [els-1.txt] mode=deviation, all=None, threshold=0.8, P=0.2652, R=0.4958, F1=0.3455
2025-04-17 17:54:11,844 - INFO - [els-1.txt] mode=deviation, all=None, threshold=0.9, P=0.2652, R=0.4958, F1=0.3455
2025-04-17 17:54:11,844 - INFO - [els-1.txt] mode=deviation, all=None, threshold=1.0, P=0.2652, R=0.4958, F1=0.3455
2025-04-17 17:54:11,862 - INFO - [els-1.txt] mode=deviation, all=None, threshold=1.1, P=0.2652, R=0.4958, F1=0.3455
2025-04-17 17:54:11,919 - INFO - [els-1.txt] mode=deviation, all=None, threshold=1.2, P=0.2652, R=0.4958, F1=0.3455
2025-04-17 17:54:11,919 - INFO - [els-1.txt] mode=deviation, all=None, threshold=1.3, P=0.2652, R=0.4958, F1=0.3455
2025-04-17 17:54:11,919 - INFO - [els-1.txt] mode=deviation, all=None, threshold=1.4, P=0.2652, R=0.4958, F1=0.3455
2025-04-17 17:54:11,919 - INFO - [els-1.txt] mode=deviation, all=None, threshold=1.5, P=0.2652, R=0.4958, F1=0.3455
2025-04-17 17:54:11,919 - INFO - [els-1.txt] mode=deviation, all=None, threshold=1.6, P=0.2652, R=0.4958, F1=0.3455
2025-04-17 17:54:11,919 - INFO - [els-1.txt] mode=deviation, all=None, threshold=1.7, P=0.2652, R=0.4958, F1=0.3455
2025-04-17 17:54:11,920 - INFO - [els-1.txt] mode=deviation, all=None, threshold=1.8, P=0.2652, R=0.4958, F1=0.3455
2025-04-17 17:54:11,920 - INFO - [els-1.txt] mode=deviation, all=None, threshold=1.9, P=0.2652, R=0.4958, F1=0.3455
2025-04-17 17:54:11,920 - INFO - [els-1.txt] mode=deviation, all=None, threshold=2.0, P=0.2652, R=0.4958, F1=0.3455
2025-04-17 17:54:11,921 - INFO - [els-1.txt] mode=deviation, all=None, threshold=2.1, P=0.2652, R=0.4958, F1=0.3455
2025-04-17 17:54:12,045 - INFO - [els-1.txt] mode=deviation, all=None, threshold=2.2, P=0.2652, R=0.4958, F1=0.3455
2025-04-17 17:54:12,061 - INFO - [els-1.txt] mode=deviation, all=None, threshold=2.3, P=0.2652, R=0.4958, F1=0.3455
2025-04-17 17:54:12,073 - INFO - [els-1.txt] mode=deviation, all=None, threshold=2.4, P=0.2652, R=0.4958, F1=0.3455
2025-04-17 17:54:12,073 - INFO - [els-1.txt] mode=deviation, all=None, threshold=2.5, P=0.2652, R=0.4958, F1=0.3455
2025-04-17 17:54:12,073 - INFO - [els-1.txt] mode=deviation, all=None, threshold=2.6, P=0.2652, R=0.4958, F1=0.3455
2025-04-17 17:54:12,093 - INFO - [els-1.txt] mode=deviation, all=None, threshold=2.7, P=0.2652, R=0.4958, F1=0.3455
2025-04-17 17:54:12,099 - INFO - [els-1.txt] mode=deviation, all=None, threshold=2.8, P=0.2652, R=0.4958, F1=0.3455
2025-04-17 17:54:12,099 - INFO - [els-1.txt] mode=deviation, all=None, threshold=2.9, P=0.2652, R=0.4958, F1=0.3455
2025-04-17 17:54:12,099 - INFO - [els-1.txt] mode=deviation, all=None, threshold=3.0, P=0.2652, R=0.4958, F1=0.3455
2025-04-17 17:54:12,109 - INFO - [els-1.txt] mode=deviation, all=None, threshold=3.1, P=0.2652, R=0.4958, F1=0.3455
2025-04-17 17:54:12,111 - INFO - [els-1.txt] mode=deviation, all=None, threshold=3.2, P=0.2652, R=0.4958, F1=0.3455
2025-04-17 17:54:12,115 - INFO - [els-1.txt] mode=deviation, all=None, threshold=3.3, P=0.2652, R=0.4958, F1=0.3455
2025-04-17 17:54:12,121 - INFO - [els-1.txt] mode=deviation, all=None, threshold=3.4, P=0.2652, R=0.4958, F1=0.3455
2025-04-17 17:54:12,128 - INFO - [els-1.txt] mode=deviation, all=None, threshold=3.5, P=0.2652, R=0.4958, F1=0.3455
2025-04-17 17:54:12,128 - INFO - [els-1.txt] mode=deviation, all=None, threshold=3.6, P=0.2652, R=0.4958, F1=0.3455
2025-04-17 17:54:12,128 - INFO - [els-1.txt] mode=deviation, all=None, threshold=3.7, P=0.2652, R=0.4958, F1=0.3455
2025-04-17 17:54:12,128 - INFO - [els-1.txt] mode=deviation, all=None, threshold=3.8, P=0.2652, R=0.4958, F1=0.3455
2025-04-17 17:54:12,161 - INFO - [els-1.txt] mode=deviation, all=None, threshold=3.9, P=0.2652, R=0.4958, F1=0.3455
2025-04-17 17:54:12,161 - INFO - [els-1.txt] mode=deviation, all=None, threshold=4.0, P=0.2652, R=0.4958, F1=0.3455
2025-04-17 17:54:12,161 - INFO - [els-1.txt] mode=deviation, all=None, threshold=4.1, P=0.2652, R=0.4958, F1=0.3455
2025-04-17 17:54:12,162 - INFO - [els-1.txt] mode=deviation, all=None, threshold=4.2, P=0.2652, R=0.4958, F1=0.3455
2025-04-17 17:54:12,162 - INFO - [els-1.txt] mode=deviation, all=None, threshold=4.3, P=0.2652, R=0.4958, F1=0.3455
2025-04-17 17:54:12,162 - INFO - [els-1.txt] mode=deviation, all=None, threshold=4.4, P=0.2652, R=0.4958, F1=0.3455
2025-04-17 17:54:12,162 - INFO - [els-1.txt] mode=deviation, all=None, threshold=4.5, P=0.2652, R=0.4958, F1=0.3455
2025-04-17 17:54:12,162 - INFO - [els-1.txt] mode=deviation, all=None, threshold=4.6, P=0.2652, R=0.4958, F1=0.3455
2025-04-17 17:54:12,198 - INFO - [els-1.txt] mode=deviation, all=None, threshold=4.7, P=0.2652, R=0.4958, F1=0.3455
2025-04-17 17:54:12,237 - INFO - [els-1.txt] mode=deviation, all=None, threshold=4.8, P=0.2652, R=0.4958, F1=0.3455
2025-04-17 17:54:12,260 - INFO - [els-1.txt] mode=deviation, all=None, threshold=4.9, P=0.2652, R=0.4958, F1=0.3455
2025-04-17 17:54:12,459 - INFO - [els-1.txt] mode=deviation, all=None, threshold=5.0, P=0.2652, R=0.4958, F1=0.3455
2025-04-17 17:54:12,462 - INFO - [els-1.txt] mode=deviation, all=None, threshold=5.1, P=0.2652, R=0.4958, F1=0.3455
2025-04-17 17:54:12,462 - INFO - [els-1.txt] mode=deviation, all=None, threshold=5.2, P=0.2652, R=0.4958, F1=0.3455
2025-04-17 17:54:12,483 - INFO - [els-1.txt] mode=deviation, all=None, threshold=5.3, P=0.2652, R=0.4958, F1=0.3455
2025-04-17 17:54:12,483 - INFO - [els-1.txt] mode=deviation, all=None, threshold=5.4, P=0.2652, R=0.4958, F1=0.3455
2025-04-17 17:54:12,494 - INFO - [els-1.txt] mode=deviation, all=None, threshold=5.5, P=0.2652, R=0.4958, F1=0.3455
2025-04-17 17:54:12,500 - INFO - [els-1.txt] mode=deviation, all=None, threshold=5.6, P=0.2652, R=0.4958, F1=0.3455
2025-04-17 17:54:12,580 - INFO - [els-1.txt] mode=deviation, all=None, threshold=5.7, P=0.2652, R=0.4958, F1=0.3455
2025-04-17 17:54:12,581 - INFO - [els-1.txt] mode=deviation, all=None, threshold=5.8, P=0.2652, R=0.4958, F1=0.3455
2025-04-17 17:54:12,581 - INFO - [els-1.txt] mode=deviation, all=None, threshold=5.9, P=0.2652, R=0.4958, F1=0.3455
2025-04-17 17:54:12,614 - INFO - [els-1.txt] mode=deviation, all=None, threshold=6.0, P=0.2652, R=0.4958, F1=0.3455
2025-04-17 17:54:12,614 - INFO - [els-1.txt] mode=deviation, all=None, threshold=6.1, P=0.2652, R=0.4958, F1=0.3455
2025-04-17 17:54:12,614 - INFO - [els-1.txt] mode=deviation, all=None, threshold=6.2, P=0.2652, R=0.4958, F1=0.3455
2025-04-17 17:54:12,614 - INFO - [els-1.txt] mode=deviation, all=None, threshold=6.3, P=0.2652, R=0.4958, F1=0.3455
2025-04-17 17:54:12,621 - INFO - [els-1.txt] mode=deviation, all=None, threshold=6.4, P=0.2652, R=0.4958, F1=0.3455
2025-04-17 17:54:12,621 - INFO - [els-1.txt] mode=deviation, all=None, threshold=6.5, P=0.2652, R=0.4958, F1=0.3455
2025-04-17 17:54:12,725 - INFO - [els-1.txt] mode=deviation, all=None, threshold=6.6, P=0.2652, R=0.4958, F1=0.3455
2025-04-17 17:54:12,725 - INFO - [els-1.txt] mode=deviation, all=None, threshold=6.7, P=0.2652, R=0.4958, F1=0.3455
2025-04-17 17:54:12,725 - INFO - [els-1.txt] mode=deviation, all=None, threshold=6.8, P=0.2652, R=0.4958, F1=0.3455
2025-04-17 17:54:12,725 - INFO - [els-1.txt] mode=deviation, all=None, threshold=6.9, P=0.2652, R=0.4958, F1=0.3455
2025-04-17 17:54:12,726 - INFO - [els-1.txt] mode=deviation, all=None, threshold=7.0, P=0.2652, R=0.4958, F1=0.3455
2025-04-17 17:54:12,777 - INFO - 
==================================================
2025-04-17 17:54:12,777 - INFO - 开始汇总结果...
2025-04-17 17:54:12,785 - INFO - 
===== Best Results per Dataset =====
  dataset score_mode neighbor_param  score_threshold neighbor_selection  precision   recall  f1_score
els-1.txt  deviation           None              0.0                all   0.265169 0.495798  0.345534
2025-04-17 17:54:12,785 - INFO - 
===== Overall Metrics =====
Precision: 0.2653  Recall: 0.4950  F1: 0.3454
2025-04-17 17:54:12,785 - INFO - 
【原始汇总指标】
2025-04-17 17:54:12,785 - INFO - 精确率(Precision): 0.2653
2025-04-17 17:54:12,785 - INFO - 召回率(Recall):    0.4950
2025-04-17 17:54:12,785 - INFO - F1值:             0.3454
2025-04-17 17:54:12,785 - INFO - 
==================================================
2025-04-17 17:54:12,785 - INFO - 开始生成可视化结果...
2025-04-17 17:54:12,785 - INFO - 
==================================================
2025-04-17 17:54:12,785 - INFO - 开始数据集可视化: els-1
2025-04-17 17:54:12,785 - INFO - 使用参数: 评分模式=deviation, all=None, 阈值=0.0
2025-04-17 17:54:12,785 - INFO - ==================================================

2025-04-17 17:54:12,785 - INFO - 正在加载数据集 els-1 的数据
2025-04-17 17:54:12,788 - INFO - 数据加载成功。训练集形状: (993, 16), 测试集形状: (8928, 16)
2025-04-17 17:54:12,788 - INFO - 正在计算边缘统计量...
2025-04-17 17:54:13,053 - INFO - 已计算 105 条边的统计量
2025-04-17 17:54:13,053 - INFO - 为每个节点使用所有邻居
2025-04-17 17:54:13,053 - INFO - 可视化结果将保存到: ./visual/els/neighbor_all/deviation/els-1
2025-04-17 17:54:13,073 - INFO - 在数据集中发现 77 个异常时间段
2025-04-17 17:54:13,073 - INFO - 
正在处理时间段 1/77: 433-437
2025-04-17 17:54:13,073 - INFO - 该时间段的真实异常节点: {12}
2025-04-17 17:54:13,073 - INFO - 正在计算异常分数...
2025-04-17 17:54:13,074 - INFO - 检测到的异常节点: {1, 2, 3, 4, 5, 6, 7, 8, 9, 10, 11, 12, 13, 14, 15}
2025-04-17 17:54:13,074 - INFO - 正在为时间段 433-437 生成可视化
2025-04-17 17:54:13,075 - INFO - 正在为时间段 433-437 生成异常图可视化
2025-04-17 17:54:13,076 - DEBUG - 边统计: 正常边 174 条, 异常边 36 条
2025-04-17 17:54:13,139 - DEBUG - 正在保存可视化结果到 ./visual/els/neighbor_all/deviation/els-1/seg_0_433_437.png
2025-04-17 17:54:13,509 - INFO - 成功保存时间段 433-437 的可视化结果
2025-04-17 17:54:13,510 - INFO - 
正在处理时间段 2/77: 738-738
2025-04-17 17:54:13,510 - INFO - 该时间段的真实异常节点: {6, 7, 8, 9, 10, 11, 12}
2025-04-17 17:54:13,510 - INFO - 正在计算异常分数...
2025-04-17 17:54:13,510 - INFO - 检测到的异常节点: set()
2025-04-17 17:54:13,510 - INFO - 正在为时间段 738-738 生成可视化
2025-04-17 17:54:13,510 - INFO - 正在为时间段 738-738 生成异常图可视化
2025-04-17 17:54:13,510 - INFO - 单个点位异常段 738-738，扩展为 734-738 (window_size=5)
2025-04-17 17:54:13,512 - DEBUG - 边统计: 正常边 130 条, 异常边 80 条
2025-04-17 17:54:14,001 - DEBUG - 正在保存可视化结果到 ./visual/els/neighbor_all/deviation/els-1/seg_1_738_738.png
2025-04-17 17:54:14,348 - INFO - 成功保存时间段 738-738 的可视化结果
2025-04-17 17:54:14,349 - INFO - 
正在处理时间段 3/77: 762-762
2025-04-17 17:54:14,349 - INFO - 该时间段的真实异常节点: {12}
2025-04-17 17:54:14,349 - INFO - 正在计算异常分数...
2025-04-17 17:54:14,349 - INFO - 检测到的异常节点: set()
2025-04-17 17:54:14,349 - INFO - 正在为时间段 762-762 生成可视化
2025-04-17 17:54:14,349 - INFO - 正在为时间段 762-762 生成异常图可视化
2025-04-17 17:54:14,349 - INFO - 单个点位异常段 762-762，扩展为 758-762 (window_size=5)
2025-04-17 17:54:14,350 - DEBUG - 边统计: 正常边 170 条, 异常边 12 条
2025-04-17 17:54:14,401 - DEBUG - 正在保存可视化结果到 ./visual/els/neighbor_all/deviation/els-1/seg_2_762_762.png
2025-04-17 17:54:14,703 - INFO - 成功保存时间段 762-762 的可视化结果
2025-04-17 17:54:14,703 - INFO - 
正在处理时间段 4/77: 1065-1070
2025-04-17 17:54:14,703 - INFO - 该时间段的真实异常节点: {6, 7, 8, 9, 11}
2025-04-17 17:54:14,703 - INFO - 正在计算异常分数...
2025-04-17 17:54:14,705 - INFO - 检测到的异常节点: {1, 2, 3, 4, 5, 6, 7, 8, 9, 10, 11, 12, 13, 14, 15}
2025-04-17 17:54:14,705 - INFO - 正在为时间段 1065-1070 生成可视化
2025-04-17 17:54:14,705 - INFO - 正在为时间段 1065-1070 生成异常图可视化
2025-04-17 17:54:14,706 - DEBUG - 边统计: 正常边 200 条, 异常边 10 条
2025-04-17 17:54:14,758 - DEBUG - 正在保存可视化结果到 ./visual/els/neighbor_all/deviation/els-1/seg_3_1065_1070.png
2025-04-17 17:54:15,100 - INFO - 成功保存时间段 1065-1070 的可视化结果
2025-04-17 17:54:15,101 - INFO - 
正在处理时间段 5/77: 1348-1351
2025-04-17 17:54:15,101 - INFO - 该时间段的真实异常节点: {8, 9, 6, 7}
2025-04-17 17:54:15,101 - INFO - 正在计算异常分数...
2025-04-17 17:54:15,101 - INFO - 检测到的异常节点: set()
2025-04-17 17:54:15,101 - INFO - 正在为时间段 1348-1351 生成可视化
2025-04-17 17:54:15,101 - INFO - 正在为时间段 1348-1351 生成异常图可视化
2025-04-17 17:54:15,102 - DEBUG - 边统计: 正常边 172 条, 异常边 38 条
2025-04-17 17:54:15,151 - DEBUG - 正在保存可视化结果到 ./visual/els/neighbor_all/deviation/els-1/seg_4_1348_1351.png
2025-04-17 17:54:15,493 - INFO - 成功保存时间段 1348-1351 的可视化结果
2025-04-17 17:54:15,493 - INFO - 
正在处理时间段 6/77: 1366-1368
2025-04-17 17:54:15,493 - INFO - 该时间段的真实异常节点: {8, 9, 6, 7}
2025-04-17 17:54:15,493 - INFO - 正在计算异常分数...
2025-04-17 17:54:15,493 - INFO - 检测到的异常节点: set()
2025-04-17 17:54:15,493 - INFO - 正在为时间段 1366-1368 生成可视化
2025-04-17 17:54:15,493 - INFO - 正在为时间段 1366-1368 生成异常图可视化
2025-04-17 17:54:15,494 - DEBUG - 边统计: 正常边 112 条, 异常边 70 条
2025-04-17 17:54:15,545 - DEBUG - 正在保存可视化结果到 ./visual/els/neighbor_all/deviation/els-1/seg_5_1366_1368.png
2025-04-17 17:54:15,843 - INFO - 成功保存时间段 1366-1368 的可视化结果
2025-04-17 17:54:15,843 - INFO - 
正在处理时间段 7/77: 1591-1602
2025-04-17 17:54:15,843 - INFO - 该时间段的真实异常节点: {12}
2025-04-17 17:54:15,843 - INFO - 正在计算异常分数...
2025-04-17 17:54:15,850 - INFO - 检测到的异常节点: {1, 2, 3, 4, 5, 6, 7, 8, 9, 10, 11, 12, 13, 14}
2025-04-17 17:54:15,850 - INFO - 正在为时间段 1591-1602 生成可视化
2025-04-17 17:54:15,850 - INFO - 正在为时间段 1591-1602 生成异常图可视化
2025-04-17 17:54:15,851 - DEBUG - 边统计: 正常边 178 条, 异常边 4 条
2025-04-17 17:54:15,902 - DEBUG - 正在保存可视化结果到 ./visual/els/neighbor_all/deviation/els-1/seg_6_1591_1602.png
2025-04-17 17:54:16,206 - INFO - 成功保存时间段 1591-1602 的可视化结果
2025-04-17 17:54:16,206 - INFO - 
正在处理时间段 8/77: 1634-1638
2025-04-17 17:54:16,206 - INFO - 该时间段的真实异常节点: {8, 9, 6, 7}
2025-04-17 17:54:16,206 - INFO - 正在计算异常分数...
2025-04-17 17:54:16,208 - INFO - 检测到的异常节点: {1, 2, 3, 4, 5, 6, 7, 8, 9, 10, 11, 12, 13, 14, 15}
2025-04-17 17:54:16,208 - INFO - 正在为时间段 1634-1638 生成可视化
2025-04-17 17:54:16,208 - INFO - 正在为时间段 1634-1638 生成异常图可视化
2025-04-17 17:54:16,209 - DEBUG - 边统计: 正常边 192 条, 异常边 18 条
2025-04-17 17:54:16,258 - DEBUG - 正在保存可视化结果到 ./visual/els/neighbor_all/deviation/els-1/seg_7_1634_1638.png
2025-04-17 17:54:16,623 - INFO - 成功保存时间段 1634-1638 的可视化结果
2025-04-17 17:54:16,623 - INFO - 
正在处理时间段 9/77: 1864-1868
2025-04-17 17:54:16,623 - INFO - 该时间段的真实异常节点: {6, 7, 8, 9, 10, 11}
2025-04-17 17:54:16,623 - INFO - 正在计算异常分数...
2025-04-17 17:54:16,625 - INFO - 检测到的异常节点: {1, 2, 3, 4, 5, 6, 7, 8, 9, 10, 11, 12, 13, 14, 15}
2025-04-17 17:54:16,625 - INFO - 正在为时间段 1864-1868 生成可视化
2025-04-17 17:54:16,625 - INFO - 正在为时间段 1864-1868 生成异常图可视化
2025-04-17 17:54:16,626 - DEBUG - 边统计: 正常边 150 条, 异常边 60 条
2025-04-17 17:54:16,689 - DEBUG - 正在保存可视化结果到 ./visual/els/neighbor_all/deviation/els-1/seg_8_1864_1868.png
2025-04-17 17:54:17,043 - INFO - 成功保存时间段 1864-1868 的可视化结果
2025-04-17 17:54:17,043 - INFO - 
正在处理时间段 10/77: 1882-1882
2025-04-17 17:54:17,043 - INFO - 该时间段的真实异常节点: {12}
2025-04-17 17:54:17,044 - INFO - 正在计算异常分数...
2025-04-17 17:54:17,044 - INFO - 检测到的异常节点: set()
2025-04-17 17:54:17,044 - INFO - 正在为时间段 1882-1882 生成可视化
2025-04-17 17:54:17,044 - INFO - 正在为时间段 1882-1882 生成异常图可视化
2025-04-17 17:54:17,044 - INFO - 单个点位异常段 1882-1882，扩展为 1878-1882 (window_size=5)
2025-04-17 17:54:17,045 - DEBUG - 边统计: 正常边 140 条, 异常边 42 条
2025-04-17 17:54:17,097 - DEBUG - 正在保存可视化结果到 ./visual/els/neighbor_all/deviation/els-1/seg_9_1882_1882.png
2025-04-17 17:54:17,402 - INFO - 成功保存时间段 1882-1882 的可视化结果
2025-04-17 17:54:17,402 - INFO - 
正在处理时间段 11/77: 2415-2418
2025-04-17 17:54:17,402 - INFO - 该时间段的真实异常节点: {6, 7, 8, 9, 11, 12}
2025-04-17 17:54:17,402 - INFO - 正在计算异常分数...
2025-04-17 17:54:17,402 - INFO - 检测到的异常节点: set()
2025-04-17 17:54:17,402 - INFO - 正在为时间段 2415-2418 生成可视化
2025-04-17 17:54:17,402 - INFO - 正在为时间段 2415-2418 生成异常图可视化
2025-04-17 17:54:17,404 - DEBUG - 边统计: 正常边 152 条, 异常边 58 条
2025-04-17 17:54:17,455 - DEBUG - 正在保存可视化结果到 ./visual/els/neighbor_all/deviation/els-1/seg_10_2415_2418.png
2025-04-17 17:54:17,793 - INFO - 成功保存时间段 2415-2418 的可视化结果
2025-04-17 17:54:17,793 - INFO - 
正在处理时间段 12/77: 2461-2461
2025-04-17 17:54:17,793 - INFO - 该时间段的真实异常节点: {12}
2025-04-17 17:54:17,793 - INFO - 正在计算异常分数...
2025-04-17 17:54:17,793 - INFO - 检测到的异常节点: set()
2025-04-17 17:54:17,793 - INFO - 正在为时间段 2461-2461 生成可视化
2025-04-17 17:54:17,793 - INFO - 正在为时间段 2461-2461 生成异常图可视化
2025-04-17 17:54:17,793 - INFO - 单个点位异常段 2461-2461，扩展为 2457-2461 (window_size=5)
2025-04-17 17:54:17,794 - DEBUG - 边统计: 正常边 194 条, 异常边 16 条
2025-04-17 17:54:17,845 - DEBUG - 正在保存可视化结果到 ./visual/els/neighbor_all/deviation/els-1/seg_11_2461_2461.png
2025-04-17 17:54:18,180 - INFO - 成功保存时间段 2461-2461 的可视化结果
2025-04-17 17:54:18,181 - INFO - 
正在处理时间段 13/77: 2506-2506
2025-04-17 17:54:18,181 - INFO - 该时间段的真实异常节点: {6, 7, 8, 9, 10, 11}
2025-04-17 17:54:18,181 - INFO - 正在计算异常分数...
2025-04-17 17:54:18,181 - INFO - 检测到的异常节点: set()
2025-04-17 17:54:18,181 - INFO - 正在为时间段 2506-2506 生成可视化
2025-04-17 17:54:18,181 - INFO - 正在为时间段 2506-2506 生成异常图可视化
2025-04-17 17:54:18,181 - INFO - 单个点位异常段 2506-2506，扩展为 2502-2506 (window_size=5)
2025-04-17 17:54:18,182 - DEBUG - 边统计: 正常边 202 条, 异常边 8 条
2025-04-17 17:54:18,231 - DEBUG - 正在保存可视化结果到 ./visual/els/neighbor_all/deviation/els-1/seg_12_2506_2506.png
2025-04-17 17:54:18,559 - INFO - 成功保存时间段 2506-2506 的可视化结果
2025-04-17 17:54:18,559 - INFO - 
正在处理时间段 14/77: 2515-2515
2025-04-17 17:54:18,559 - INFO - 该时间段的真实异常节点: {6, 7, 8, 9, 10, 11}
2025-04-17 17:54:18,559 - INFO - 正在计算异常分数...
2025-04-17 17:54:18,559 - INFO - 检测到的异常节点: set()
2025-04-17 17:54:18,559 - INFO - 正在为时间段 2515-2515 生成可视化
2025-04-17 17:54:18,559 - INFO - 正在为时间段 2515-2515 生成异常图可视化
2025-04-17 17:54:18,559 - INFO - 单个点位异常段 2515-2515，扩展为 2511-2515 (window_size=5)
2025-04-17 17:54:18,560 - DEBUG - 边统计: 正常边 166 条, 异常边 44 条
2025-04-17 17:54:18,608 - DEBUG - 正在保存可视化结果到 ./visual/els/neighbor_all/deviation/els-1/seg_13_2515_2515.png
2025-04-17 17:54:18,938 - INFO - 成功保存时间段 2515-2515 的可视化结果
2025-04-17 17:54:18,938 - INFO - 
正在处理时间段 15/77: 2520-2520
2025-04-17 17:54:18,938 - INFO - 该时间段的真实异常节点: {6, 7, 8, 9, 10, 11}
2025-04-17 17:54:18,938 - INFO - 正在计算异常分数...
2025-04-17 17:54:18,938 - INFO - 检测到的异常节点: set()
2025-04-17 17:54:18,938 - INFO - 正在为时间段 2520-2520 生成可视化
2025-04-17 17:54:18,938 - INFO - 正在为时间段 2520-2520 生成异常图可视化
2025-04-17 17:54:18,938 - INFO - 单个点位异常段 2520-2520，扩展为 2516-2520 (window_size=5)
2025-04-17 17:54:18,939 - DEBUG - 边统计: 正常边 178 条, 异常边 32 条
2025-04-17 17:54:19,086 - DEBUG - 正在保存可视化结果到 ./visual/els/neighbor_all/deviation/els-1/seg_14_2520_2520.png
2025-04-17 17:54:19,419 - INFO - 成功保存时间段 2520-2520 的可视化结果
2025-04-17 17:54:19,419 - INFO - 
正在处理时间段 16/77: 2796-2808
2025-04-17 17:54:19,419 - INFO - 该时间段的真实异常节点: {6, 7, 8, 9, 10, 11}
2025-04-17 17:54:19,420 - INFO - 正在计算异常分数...
2025-04-17 17:54:19,428 - INFO - 检测到的异常节点: {1, 2, 3, 4, 5, 6, 7, 8, 9, 10, 11, 12, 13, 14, 15}
2025-04-17 17:54:19,428 - INFO - 正在为时间段 2796-2808 生成可视化
2025-04-17 17:54:19,428 - INFO - 正在为时间段 2796-2808 生成异常图可视化
2025-04-17 17:54:19,429 - DEBUG - 边统计: 正常边 198 条, 异常边 12 条
2025-04-17 17:54:19,478 - DEBUG - 正在保存可视化结果到 ./visual/els/neighbor_all/deviation/els-1/seg_15_2796_2808.png
2025-04-17 17:54:19,801 - INFO - 成功保存时间段 2796-2808 的可视化结果
2025-04-17 17:54:19,801 - INFO - 
正在处理时间段 17/77: 3276-3277
2025-04-17 17:54:19,801 - INFO - 该时间段的真实异常节点: {12}
2025-04-17 17:54:19,801 - INFO - 正在计算异常分数...
2025-04-17 17:54:19,801 - INFO - 检测到的异常节点: set()
2025-04-17 17:54:19,802 - INFO - 正在为时间段 3276-3277 生成可视化
2025-04-17 17:54:19,802 - INFO - 正在为时间段 3276-3277 生成异常图可视化
2025-04-17 17:54:19,803 - DEBUG - 边统计: 正常边 0 条, 异常边 182 条
2025-04-17 17:54:19,852 - DEBUG - 正在保存可视化结果到 ./visual/els/neighbor_all/deviation/els-1/seg_16_3276_3277.png
2025-04-17 17:54:20,140 - INFO - 成功保存时间段 3276-3277 的可视化结果
2025-04-17 17:54:20,140 - INFO - 
正在处理时间段 18/77: 3321-3322
2025-04-17 17:54:20,140 - INFO - 该时间段的真实异常节点: {12}
2025-04-17 17:54:20,140 - INFO - 正在计算异常分数...
2025-04-17 17:54:20,140 - INFO - 检测到的异常节点: set()
2025-04-17 17:54:20,140 - INFO - 正在为时间段 3321-3322 生成可视化
2025-04-17 17:54:20,140 - INFO - 正在为时间段 3321-3322 生成异常图可视化
2025-04-17 17:54:20,141 - DEBUG - 边统计: 正常边 0 条, 异常边 182 条
2025-04-17 17:54:20,190 - DEBUG - 正在保存可视化结果到 ./visual/els/neighbor_all/deviation/els-1/seg_17_3321_3322.png
2025-04-17 17:54:20,478 - INFO - 成功保存时间段 3321-3322 的可视化结果
2025-04-17 17:54:20,479 - INFO - 
正在处理时间段 19/77: 3339-3345
2025-04-17 17:54:20,479 - INFO - 该时间段的真实异常节点: {6, 7, 8, 9, 11, 12}
2025-04-17 17:54:20,479 - INFO - 正在计算异常分数...
2025-04-17 17:54:20,482 - INFO - 检测到的异常节点: {1, 2, 3, 4, 5, 6, 7, 8, 9, 10, 11, 12, 13, 14, 15}
2025-04-17 17:54:20,482 - INFO - 正在为时间段 3339-3345 生成可视化
2025-04-17 17:54:20,482 - INFO - 正在为时间段 3339-3345 生成异常图可视化
2025-04-17 17:54:20,483 - DEBUG - 边统计: 正常边 202 条, 异常边 8 条
2025-04-17 17:54:20,532 - DEBUG - 正在保存可视化结果到 ./visual/els/neighbor_all/deviation/els-1/seg_18_3339_3345.png
2025-04-17 17:54:20,864 - INFO - 成功保存时间段 3339-3345 的可视化结果
2025-04-17 17:54:20,864 - INFO - 
正在处理时间段 20/77: 3360-3362
2025-04-17 17:54:20,864 - INFO - 该时间段的真实异常节点: {6, 7, 8, 9, 11}
2025-04-17 17:54:20,864 - INFO - 正在计算异常分数...
2025-04-17 17:54:20,864 - INFO - 检测到的异常节点: set()
2025-04-17 17:54:20,864 - INFO - 正在为时间段 3360-3362 生成可视化
2025-04-17 17:54:20,864 - INFO - 正在为时间段 3360-3362 生成异常图可视化
2025-04-17 17:54:20,865 - DEBUG - 边统计: 正常边 60 条, 异常边 122 条
2025-04-17 17:54:20,915 - DEBUG - 正在保存可视化结果到 ./visual/els/neighbor_all/deviation/els-1/seg_19_3360_3362.png
2025-04-17 17:54:21,211 - INFO - 成功保存时间段 3360-3362 的可视化结果
2025-04-17 17:54:21,211 - INFO - 
正在处理时间段 21/77: 3378-3378
2025-04-17 17:54:21,211 - INFO - 该时间段的真实异常节点: {6, 7, 8, 9, 11}
2025-04-17 17:54:21,211 - INFO - 正在计算异常分数...
2025-04-17 17:54:21,212 - INFO - 检测到的异常节点: set()
2025-04-17 17:54:21,212 - INFO - 正在为时间段 3378-3378 生成可视化
2025-04-17 17:54:21,212 - INFO - 正在为时间段 3378-3378 生成异常图可视化
2025-04-17 17:54:21,212 - INFO - 单个点位异常段 3378-3378，扩展为 3374-3378 (window_size=5)
2025-04-17 17:54:21,213 - DEBUG - 边统计: 正常边 174 条, 异常边 36 条
2025-04-17 17:54:21,262 - DEBUG - 正在保存可视化结果到 ./visual/els/neighbor_all/deviation/els-1/seg_20_3378_3378.png
2025-04-17 17:54:21,592 - INFO - 成功保存时间段 3378-3378 的可视化结果
2025-04-17 17:54:21,592 - INFO - 
正在处理时间段 22/77: 3564-3564
2025-04-17 17:54:21,592 - INFO - 该时间段的真实异常节点: {12}
2025-04-17 17:54:21,592 - INFO - 正在计算异常分数...
2025-04-17 17:54:21,592 - INFO - 检测到的异常节点: set()
2025-04-17 17:54:21,592 - INFO - 正在为时间段 3564-3564 生成可视化
2025-04-17 17:54:21,592 - INFO - 正在为时间段 3564-3564 生成异常图可视化
2025-04-17 17:54:21,592 - INFO - 单个点位异常段 3564-3564，扩展为 3560-3564 (window_size=5)
2025-04-17 17:54:21,593 - DEBUG - 边统计: 正常边 170 条, 异常边 12 条
2025-04-17 17:54:21,643 - DEBUG - 正在保存可视化结果到 ./visual/els/neighbor_all/deviation/els-1/seg_21_3564_3564.png
2025-04-17 17:54:21,935 - INFO - 成功保存时间段 3564-3564 的可视化结果
2025-04-17 17:54:21,935 - INFO - 
正在处理时间段 23/77: 3583-3584
2025-04-17 17:54:21,935 - INFO - 该时间段的真实异常节点: {12}
2025-04-17 17:54:21,935 - INFO - 正在计算异常分数...
2025-04-17 17:54:21,935 - INFO - 检测到的异常节点: set()
2025-04-17 17:54:21,935 - INFO - 正在为时间段 3583-3584 生成可视化
2025-04-17 17:54:21,935 - INFO - 正在为时间段 3583-3584 生成异常图可视化
2025-04-17 17:54:21,936 - DEBUG - 边统计: 正常边 0 条, 异常边 182 条
2025-04-17 17:54:21,985 - DEBUG - 正在保存可视化结果到 ./visual/els/neighbor_all/deviation/els-1/seg_22_3583_3584.png
2025-04-17 17:54:22,279 - INFO - 成功保存时间段 3583-3584 的可视化结果
2025-04-17 17:54:22,280 - INFO - 
正在处理时间段 24/77: 3592-3592
2025-04-17 17:54:22,280 - INFO - 该时间段的真实异常节点: {12}
2025-04-17 17:54:22,280 - INFO - 正在计算异常分数...
2025-04-17 17:54:22,280 - INFO - 检测到的异常节点: set()
2025-04-17 17:54:22,280 - INFO - 正在为时间段 3592-3592 生成可视化
2025-04-17 17:54:22,280 - INFO - 正在为时间段 3592-3592 生成异常图可视化
2025-04-17 17:54:22,280 - INFO - 单个点位异常段 3592-3592，扩展为 3588-3592 (window_size=5)
2025-04-17 17:54:22,281 - DEBUG - 边统计: 正常边 144 条, 异常边 38 条
2025-04-17 17:54:22,332 - DEBUG - 正在保存可视化结果到 ./visual/els/neighbor_all/deviation/els-1/seg_23_3592_3592.png
2025-04-17 17:54:22,621 - INFO - 成功保存时间段 3592-3592 的可视化结果
2025-04-17 17:54:22,621 - INFO - 
正在处理时间段 25/77: 3611-3611
2025-04-17 17:54:22,621 - INFO - 该时间段的真实异常节点: {12}
2025-04-17 17:54:22,621 - INFO - 正在计算异常分数...
2025-04-17 17:54:22,621 - INFO - 检测到的异常节点: set()
2025-04-17 17:54:22,621 - INFO - 正在为时间段 3611-3611 生成可视化
2025-04-17 17:54:22,621 - INFO - 正在为时间段 3611-3611 生成异常图可视化
2025-04-17 17:54:22,621 - INFO - 单个点位异常段 3611-3611，扩展为 3607-3611 (window_size=5)
2025-04-17 17:54:22,622 - DEBUG - 边统计: 正常边 194 条, 异常边 16 条
2025-04-17 17:54:22,671 - DEBUG - 正在保存可视化结果到 ./visual/els/neighbor_all/deviation/els-1/seg_24_3611_3611.png
2025-04-17 17:54:22,997 - INFO - 成功保存时间段 3611-3611 的可视化结果
2025-04-17 17:54:22,998 - INFO - 
正在处理时间段 26/77: 3646-3646
2025-04-17 17:54:22,998 - INFO - 该时间段的真实异常节点: {12}
2025-04-17 17:54:22,998 - INFO - 正在计算异常分数...
2025-04-17 17:54:22,998 - INFO - 检测到的异常节点: set()
2025-04-17 17:54:22,998 - INFO - 正在为时间段 3646-3646 生成可视化
2025-04-17 17:54:22,998 - INFO - 正在为时间段 3646-3646 生成异常图可视化
2025-04-17 17:54:22,998 - INFO - 单个点位异常段 3646-3646，扩展为 3642-3646 (window_size=5)
2025-04-17 17:54:22,999 - DEBUG - 边统计: 正常边 130 条, 异常边 52 条
2025-04-17 17:54:23,049 - DEBUG - 正在保存可视化结果到 ./visual/els/neighbor_all/deviation/els-1/seg_25_3646_3646.png
2025-04-17 17:54:23,361 - INFO - 成功保存时间段 3646-3646 的可视化结果
2025-04-17 17:54:23,361 - INFO - 
正在处理时间段 27/77: 3653-3657
2025-04-17 17:54:23,362 - INFO - 该时间段的真实异常节点: {6, 7, 8, 9, 11}
2025-04-17 17:54:23,362 - INFO - 正在计算异常分数...
2025-04-17 17:54:23,364 - INFO - 检测到的异常节点: {1, 2, 3, 4, 5, 6, 7, 8, 9, 10, 11, 12, 13, 14, 15}
2025-04-17 17:54:23,364 - INFO - 正在为时间段 3653-3657 生成可视化
2025-04-17 17:54:23,364 - INFO - 正在为时间段 3653-3657 生成异常图可视化
2025-04-17 17:54:23,365 - DEBUG - 边统计: 正常边 160 条, 异常边 50 条
2025-04-17 17:54:23,521 - DEBUG - 正在保存可视化结果到 ./visual/els/neighbor_all/deviation/els-1/seg_26_3653_3657.png
2025-04-17 17:54:23,860 - INFO - 成功保存时间段 3653-3657 的可视化结果
2025-04-17 17:54:23,860 - INFO - 
正在处理时间段 28/77: 3896-3898
2025-04-17 17:54:23,860 - INFO - 该时间段的真实异常节点: {12}
2025-04-17 17:54:23,860 - INFO - 正在计算异常分数...
2025-04-17 17:54:23,861 - INFO - 检测到的异常节点: set()
2025-04-17 17:54:23,861 - INFO - 正在为时间段 3896-3898 生成可视化
2025-04-17 17:54:23,861 - INFO - 正在为时间段 3896-3898 生成异常图可视化
2025-04-17 17:54:23,862 - DEBUG - 边统计: 正常边 96 条, 异常边 86 条
2025-04-17 17:54:23,911 - DEBUG - 正在保存可视化结果到 ./visual/els/neighbor_all/deviation/els-1/seg_27_3896_3898.png
2025-04-17 17:54:24,204 - INFO - 成功保存时间段 3896-3898 的可视化结果
2025-04-17 17:54:24,204 - INFO - 
正在处理时间段 29/77: 4224-4239
2025-04-17 17:54:24,204 - INFO - 该时间段的真实异常节点: {6, 7, 8, 9, 10, 11}
2025-04-17 17:54:24,204 - INFO - 正在计算异常分数...
2025-04-17 17:54:24,215 - INFO - 检测到的异常节点: {1, 2, 3, 4, 5, 6, 7, 8, 9, 10, 11, 12, 13, 14, 15}
2025-04-17 17:54:24,215 - INFO - 正在为时间段 4224-4239 生成可视化
2025-04-17 17:54:24,215 - INFO - 正在为时间段 4224-4239 生成异常图可视化
2025-04-17 17:54:24,216 - DEBUG - 边统计: 正常边 210 条, 异常边 0 条
2025-04-17 17:54:24,265 - DEBUG - 正在保存可视化结果到 ./visual/els/neighbor_all/deviation/els-1/seg_28_4224_4239.png
2025-04-17 17:54:24,591 - INFO - 成功保存时间段 4224-4239 的可视化结果
2025-04-17 17:54:24,591 - INFO - 
正在处理时间段 30/77: 4451-4454
2025-04-17 17:54:24,591 - INFO - 该时间段的真实异常节点: {12}
2025-04-17 17:54:24,591 - INFO - 正在计算异常分数...
2025-04-17 17:54:24,592 - INFO - 检测到的异常节点: set()
2025-04-17 17:54:24,592 - INFO - 正在为时间段 4451-4454 生成可视化
2025-04-17 17:54:24,592 - INFO - 正在为时间段 4451-4454 生成异常图可视化
2025-04-17 17:54:24,593 - DEBUG - 边统计: 正常边 164 条, 异常边 18 条
2025-04-17 17:54:24,641 - DEBUG - 正在保存可视化结果到 ./visual/els/neighbor_all/deviation/els-1/seg_29_4451_4454.png
2025-04-17 17:54:24,926 - INFO - 成功保存时间段 4451-4454 的可视化结果
2025-04-17 17:54:24,927 - INFO - 
正在处理时间段 31/77: 4474-4474
2025-04-17 17:54:24,927 - INFO - 该时间段的真实异常节点: {12}
2025-04-17 17:54:24,927 - INFO - 正在计算异常分数...
2025-04-17 17:54:24,927 - INFO - 检测到的异常节点: set()
2025-04-17 17:54:24,927 - INFO - 正在为时间段 4474-4474 生成可视化
2025-04-17 17:54:24,927 - INFO - 正在为时间段 4474-4474 生成异常图可视化
2025-04-17 17:54:24,927 - INFO - 单个点位异常段 4474-4474，扩展为 4470-4474 (window_size=5)
2025-04-17 17:54:24,928 - DEBUG - 边统计: 正常边 194 条, 异常边 16 条
2025-04-17 17:54:24,976 - DEBUG - 正在保存可视化结果到 ./visual/els/neighbor_all/deviation/els-1/seg_30_4474_4474.png
2025-04-17 17:54:25,303 - INFO - 成功保存时间段 4474-4474 的可视化结果
2025-04-17 17:54:25,304 - INFO - 
正在处理时间段 32/77: 4533-4537
2025-04-17 17:54:25,304 - INFO - 该时间段的真实异常节点: {6, 7, 8, 9, 11}
2025-04-17 17:54:25,304 - INFO - 正在计算异常分数...
2025-04-17 17:54:25,305 - INFO - 检测到的异常节点: {1, 2, 3, 4, 5, 6, 7, 8, 9, 10, 11, 12, 13, 14, 15}
2025-04-17 17:54:25,305 - INFO - 正在为时间段 4533-4537 生成可视化
2025-04-17 17:54:25,305 - INFO - 正在为时间段 4533-4537 生成异常图可视化
2025-04-17 17:54:25,306 - DEBUG - 边统计: 正常边 194 条, 异常边 16 条
2025-04-17 17:54:25,354 - DEBUG - 正在保存可视化结果到 ./visual/els/neighbor_all/deviation/els-1/seg_31_4533_4537.png
2025-04-17 17:54:25,685 - INFO - 成功保存时间段 4533-4537 的可视化结果
2025-04-17 17:54:25,685 - INFO - 
正在处理时间段 33/77: 4778-4796
2025-04-17 17:54:25,685 - INFO - 该时间段的真实异常节点: {6, 7, 8, 9, 10, 11}
2025-04-17 17:54:25,685 - INFO - 正在计算异常分数...
2025-04-17 17:54:25,699 - INFO - 检测到的异常节点: {1, 2, 3, 4, 5, 6, 7, 8, 9, 10, 11, 12, 13, 14, 15}
2025-04-17 17:54:25,699 - INFO - 正在为时间段 4778-4796 生成可视化
2025-04-17 17:54:25,699 - INFO - 正在为时间段 4778-4796 生成异常图可视化
2025-04-17 17:54:25,700 - DEBUG - 边统计: 正常边 204 条, 异常边 6 条
2025-04-17 17:54:25,750 - DEBUG - 正在保存可视化结果到 ./visual/els/neighbor_all/deviation/els-1/seg_32_4778_4796.png
2025-04-17 17:54:26,082 - INFO - 成功保存时间段 4778-4796 的可视化结果
2025-04-17 17:54:26,082 - INFO - 
正在处理时间段 34/77: 5077-5081
2025-04-17 17:54:26,082 - INFO - 该时间段的真实异常节点: {6, 7, 8, 9, 10, 11}
2025-04-17 17:54:26,082 - INFO - 正在计算异常分数...
2025-04-17 17:54:26,083 - INFO - 检测到的异常节点: {1, 2, 3, 4, 5, 6, 7, 8, 9, 10, 11, 12, 13, 14, 15}
2025-04-17 17:54:26,083 - INFO - 正在为时间段 5077-5081 生成可视化
2025-04-17 17:54:26,084 - INFO - 正在为时间段 5077-5081 生成异常图可视化
2025-04-17 17:54:26,084 - DEBUG - 边统计: 正常边 202 条, 异常边 8 条
2025-04-17 17:54:26,134 - DEBUG - 正在保存可视化结果到 ./visual/els/neighbor_all/deviation/els-1/seg_33_5077_5081.png
2025-04-17 17:54:26,463 - INFO - 成功保存时间段 5077-5081 的可视化结果
2025-04-17 17:54:26,463 - INFO - 
正在处理时间段 35/77: 5287-5289
2025-04-17 17:54:26,463 - INFO - 该时间段的真实异常节点: {6, 7, 8, 9, 11, 12}
2025-04-17 17:54:26,463 - INFO - 正在计算异常分数...
2025-04-17 17:54:26,463 - INFO - 检测到的异常节点: set()
2025-04-17 17:54:26,463 - INFO - 正在为时间段 5287-5289 生成可视化
2025-04-17 17:54:26,463 - INFO - 正在为时间段 5287-5289 生成异常图可视化
2025-04-17 17:54:26,464 - DEBUG - 边统计: 正常边 92 条, 异常边 90 条
2025-04-17 17:54:26,513 - DEBUG - 正在保存可视化结果到 ./visual/els/neighbor_all/deviation/els-1/seg_34_5287_5289.png
2025-04-17 17:54:26,807 - INFO - 成功保存时间段 5287-5289 的可视化结果
2025-04-17 17:54:26,807 - INFO - 
正在处理时间段 36/77: 5291-5291
2025-04-17 17:54:26,807 - INFO - 该时间段的真实异常节点: {9, 11, 12}
2025-04-17 17:54:26,807 - INFO - 正在计算异常分数...
2025-04-17 17:54:26,807 - INFO - 检测到的异常节点: set()
2025-04-17 17:54:26,807 - INFO - 正在为时间段 5291-5291 生成可视化
2025-04-17 17:54:26,807 - INFO - 正在为时间段 5291-5291 生成异常图可视化
2025-04-17 17:54:26,807 - INFO - 单个点位异常段 5291-5291，扩展为 5287-5291 (window_size=5)
2025-04-17 17:54:26,808 - DEBUG - 边统计: 正常边 168 条, 异常边 14 条
2025-04-17 17:54:26,859 - DEBUG - 正在保存可视化结果到 ./visual/els/neighbor_all/deviation/els-1/seg_35_5291_5291.png
2025-04-17 17:54:27,151 - INFO - 成功保存时间段 5291-5291 的可视化结果
2025-04-17 17:54:27,151 - INFO - 
正在处理时间段 37/77: 5337-5337
2025-04-17 17:54:27,151 - INFO - 该时间段的真实异常节点: {12}
2025-04-17 17:54:27,151 - INFO - 正在计算异常分数...
2025-04-17 17:54:27,151 - INFO - 检测到的异常节点: set()
2025-04-17 17:54:27,151 - INFO - 正在为时间段 5337-5337 生成可视化
2025-04-17 17:54:27,151 - INFO - 正在为时间段 5337-5337 生成异常图可视化
2025-04-17 17:54:27,151 - INFO - 单个点位异常段 5337-5337，扩展为 5333-5337 (window_size=5)
2025-04-17 17:54:27,152 - DEBUG - 边统计: 正常边 160 条, 异常边 22 条
2025-04-17 17:54:27,202 - DEBUG - 正在保存可视化结果到 ./visual/els/neighbor_all/deviation/els-1/seg_36_5337_5337.png
2025-04-17 17:54:27,492 - INFO - 成功保存时间段 5337-5337 的可视化结果
2025-04-17 17:54:27,492 - INFO - 
正在处理时间段 38/77: 5576-5576
2025-04-17 17:54:27,492 - INFO - 该时间段的真实异常节点: {12}
2025-04-17 17:54:27,492 - INFO - 正在计算异常分数...
2025-04-17 17:54:27,492 - INFO - 检测到的异常节点: set()
2025-04-17 17:54:27,492 - INFO - 正在为时间段 5576-5576 生成可视化
2025-04-17 17:54:27,492 - INFO - 正在为时间段 5576-5576 生成异常图可视化
2025-04-17 17:54:27,492 - INFO - 单个点位异常段 5576-5576，扩展为 5572-5576 (window_size=5)
2025-04-17 17:54:27,493 - DEBUG - 边统计: 正常边 168 条, 异常边 14 条
2025-04-17 17:54:27,543 - DEBUG - 正在保存可视化结果到 ./visual/els/neighbor_all/deviation/els-1/seg_37_5576_5576.png
2025-04-17 17:54:27,835 - INFO - 成功保存时间段 5576-5576 的可视化结果
2025-04-17 17:54:27,835 - INFO - 
正在处理时间段 39/77: 5582-5582
2025-04-17 17:54:27,835 - INFO - 该时间段的真实异常节点: {12}
2025-04-17 17:54:27,835 - INFO - 正在计算异常分数...
2025-04-17 17:54:27,835 - INFO - 检测到的异常节点: set()
2025-04-17 17:54:27,835 - INFO - 正在为时间段 5582-5582 生成可视化
2025-04-17 17:54:27,835 - INFO - 正在为时间段 5582-5582 生成异常图可视化
2025-04-17 17:54:27,835 - INFO - 单个点位异常段 5582-5582，扩展为 5578-5582 (window_size=5)
2025-04-17 17:54:27,836 - DEBUG - 边统计: 正常边 168 条, 异常边 42 条
2025-04-17 17:54:27,885 - DEBUG - 正在保存可视化结果到 ./visual/els/neighbor_all/deviation/els-1/seg_38_5582_5582.png
2025-04-17 17:54:28,216 - INFO - 成功保存时间段 5582-5582 的可视化结果
2025-04-17 17:54:28,216 - INFO - 
正在处理时间段 40/77: 5591-5591
2025-04-17 17:54:28,216 - INFO - 该时间段的真实异常节点: {12}
2025-04-17 17:54:28,216 - INFO - 正在计算异常分数...
2025-04-17 17:54:28,216 - INFO - 检测到的异常节点: set()
2025-04-17 17:54:28,216 - INFO - 正在为时间段 5591-5591 生成可视化
2025-04-17 17:54:28,216 - INFO - 正在为时间段 5591-5591 生成异常图可视化
2025-04-17 17:54:28,216 - INFO - 单个点位异常段 5591-5591，扩展为 5587-5591 (window_size=5)
2025-04-17 17:54:28,217 - DEBUG - 边统计: 正常边 166 条, 异常边 16 条
2025-04-17 17:54:28,338 - DEBUG - 正在保存可视化结果到 ./visual/els/neighbor_all/deviation/els-1/seg_39_5591_5591.png
2025-04-17 17:54:28,625 - INFO - 成功保存时间段 5591-5591 的可视化结果
2025-04-17 17:54:28,626 - INFO - 
正在处理时间段 41/77: 5606-5606
2025-04-17 17:54:28,626 - INFO - 该时间段的真实异常节点: {12}
2025-04-17 17:54:28,626 - INFO - 正在计算异常分数...
2025-04-17 17:54:28,626 - INFO - 检测到的异常节点: set()
2025-04-17 17:54:28,626 - INFO - 正在为时间段 5606-5606 生成可视化
2025-04-17 17:54:28,626 - INFO - 正在为时间段 5606-5606 生成异常图可视化
2025-04-17 17:54:28,626 - INFO - 单个点位异常段 5606-5606，扩展为 5602-5606 (window_size=5)
2025-04-17 17:54:28,627 - DEBUG - 边统计: 正常边 186 条, 异常边 24 条
2025-04-17 17:54:28,675 - DEBUG - 正在保存可视化结果到 ./visual/els/neighbor_all/deviation/els-1/seg_40_5606_5606.png
2025-04-17 17:54:29,010 - INFO - 成功保存时间段 5606-5606 的可视化结果
2025-04-17 17:54:29,010 - INFO - 
正在处理时间段 42/77: 5621-5621
2025-04-17 17:54:29,011 - INFO - 该时间段的真实异常节点: {12}
2025-04-17 17:54:29,011 - INFO - 正在计算异常分数...
2025-04-17 17:54:29,011 - INFO - 检测到的异常节点: set()
2025-04-17 17:54:29,011 - INFO - 正在为时间段 5621-5621 生成可视化
2025-04-17 17:54:29,011 - INFO - 正在为时间段 5621-5621 生成异常图可视化
2025-04-17 17:54:29,011 - INFO - 单个点位异常段 5621-5621，扩展为 5617-5621 (window_size=5)
2025-04-17 17:54:29,012 - DEBUG - 边统计: 正常边 128 条, 异常边 54 条
2025-04-17 17:54:29,062 - DEBUG - 正在保存可视化结果到 ./visual/els/neighbor_all/deviation/els-1/seg_41_5621_5621.png
2025-04-17 17:54:29,357 - INFO - 成功保存时间段 5621-5621 的可视化结果
2025-04-17 17:54:29,358 - INFO - 
正在处理时间段 43/77: 5627-5627
2025-04-17 17:54:29,358 - INFO - 该时间段的真实异常节点: {12}
2025-04-17 17:54:29,358 - INFO - 正在计算异常分数...
2025-04-17 17:54:29,358 - INFO - 检测到的异常节点: set()
2025-04-17 17:54:29,358 - INFO - 正在为时间段 5627-5627 生成可视化
2025-04-17 17:54:29,358 - INFO - 正在为时间段 5627-5627 生成异常图可视化
2025-04-17 17:54:29,358 - INFO - 单个点位异常段 5627-5627，扩展为 5623-5627 (window_size=5)
2025-04-17 17:54:29,359 - DEBUG - 边统计: 正常边 190 条, 异常边 20 条
2025-04-17 17:54:29,408 - DEBUG - 正在保存可视化结果到 ./visual/els/neighbor_all/deviation/els-1/seg_42_5627_5627.png
2025-04-17 17:54:29,736 - INFO - 成功保存时间段 5627-5627 的可视化结果
2025-04-17 17:54:29,736 - INFO - 
正在处理时间段 44/77: 5963-5981
2025-04-17 17:54:29,736 - INFO - 该时间段的真实异常节点: {6, 7, 8, 9, 11}
2025-04-17 17:54:29,736 - INFO - 正在计算异常分数...
2025-04-17 17:54:29,751 - INFO - 检测到的异常节点: {1, 2, 3, 4, 5, 6, 7, 8, 9, 10, 11, 12, 13, 14, 15}
2025-04-17 17:54:29,751 - INFO - 正在为时间段 5963-5981 生成可视化
2025-04-17 17:54:29,751 - INFO - 正在为时间段 5963-5981 生成异常图可视化
2025-04-17 17:54:29,752 - DEBUG - 边统计: 正常边 210 条, 异常边 0 条
2025-04-17 17:54:29,802 - DEBUG - 正在保存可视化结果到 ./visual/els/neighbor_all/deviation/els-1/seg_43_5963_5981.png
2025-04-17 17:54:30,133 - INFO - 成功保存时间段 5963-5981 的可视化结果
2025-04-17 17:54:30,133 - INFO - 
正在处理时间段 45/77: 6157-6161
2025-04-17 17:54:30,133 - INFO - 该时间段的真实异常节点: {12}
2025-04-17 17:54:30,133 - INFO - 正在计算异常分数...
2025-04-17 17:54:30,134 - INFO - 检测到的异常节点: {1, 2, 3, 4, 5, 6, 7, 8, 9, 10, 11, 12, 13, 14}
2025-04-17 17:54:30,135 - INFO - 正在为时间段 6157-6161 生成可视化
2025-04-17 17:54:30,135 - INFO - 正在为时间段 6157-6161 生成异常图可视化
2025-04-17 17:54:30,135 - DEBUG - 边统计: 正常边 152 条, 异常边 30 条
2025-04-17 17:54:30,184 - DEBUG - 正在保存可视化结果到 ./visual/els/neighbor_all/deviation/els-1/seg_44_6157_6161.png
2025-04-17 17:54:30,471 - INFO - 成功保存时间段 6157-6161 的可视化结果
2025-04-17 17:54:30,471 - INFO - 
正在处理时间段 46/77: 6197-6200
2025-04-17 17:54:30,472 - INFO - 该时间段的真实异常节点: {12}
2025-04-17 17:54:30,472 - INFO - 正在计算异常分数...
2025-04-17 17:54:30,472 - INFO - 检测到的异常节点: set()
2025-04-17 17:54:30,472 - INFO - 正在为时间段 6197-6200 生成可视化
2025-04-17 17:54:30,472 - INFO - 正在为时间段 6197-6200 生成异常图可视化
2025-04-17 17:54:30,473 - DEBUG - 边统计: 正常边 148 条, 异常边 34 条
2025-04-17 17:54:30,521 - DEBUG - 正在保存可视化结果到 ./visual/els/neighbor_all/deviation/els-1/seg_45_6197_6200.png
2025-04-17 17:54:30,808 - INFO - 成功保存时间段 6197-6200 的可视化结果
2025-04-17 17:54:30,808 - INFO - 
正在处理时间段 47/77: 6233-6254
2025-04-17 17:54:30,809 - INFO - 该时间段的真实异常节点: {6, 7, 8, 9, 11, 12}
2025-04-17 17:54:30,809 - INFO - 正在计算异常分数...
2025-04-17 17:54:30,825 - INFO - 检测到的异常节点: {1, 2, 3, 4, 5, 6, 7, 8, 9, 10, 11, 12, 13, 14, 15}
2025-04-17 17:54:30,825 - INFO - 正在为时间段 6233-6254 生成可视化
2025-04-17 17:54:30,825 - INFO - 正在为时间段 6233-6254 生成异常图可视化
2025-04-17 17:54:30,826 - DEBUG - 边统计: 正常边 200 条, 异常边 10 条
2025-04-17 17:54:30,875 - DEBUG - 正在保存可视化结果到 ./visual/els/neighbor_all/deviation/els-1/seg_46_6233_6254.png
2025-04-17 17:54:31,202 - INFO - 成功保存时间段 6233-6254 的可视化结果
2025-04-17 17:54:31,203 - INFO - 
正在处理时间段 48/77: 6440-6449
2025-04-17 17:54:31,203 - INFO - 该时间段的真实异常节点: {9, 10, 12}
2025-04-17 17:54:31,203 - INFO - 正在计算异常分数...
2025-04-17 17:54:31,208 - INFO - 检测到的异常节点: {1, 2, 3, 4, 5, 6, 7, 8, 9, 10, 11, 12, 13, 14, 15}
2025-04-17 17:54:31,208 - INFO - 正在为时间段 6440-6449 生成可视化
2025-04-17 17:54:31,209 - INFO - 正在为时间段 6440-6449 生成异常图可视化
2025-04-17 17:54:31,209 - DEBUG - 边统计: 正常边 208 条, 异常边 2 条
2025-04-17 17:54:31,258 - DEBUG - 正在保存可视化结果到 ./visual/els/neighbor_all/deviation/els-1/seg_47_6440_6449.png
2025-04-17 17:54:31,580 - INFO - 成功保存时间段 6440-6449 的可视化结果
2025-04-17 17:54:31,580 - INFO - 
正在处理时间段 49/77: 6457-6457
2025-04-17 17:54:31,580 - INFO - 该时间段的真实异常节点: {12}
2025-04-17 17:54:31,580 - INFO - 正在计算异常分数...
2025-04-17 17:54:31,580 - INFO - 检测到的异常节点: set()
2025-04-17 17:54:31,580 - INFO - 正在为时间段 6457-6457 生成可视化
2025-04-17 17:54:31,580 - INFO - 正在为时间段 6457-6457 生成异常图可视化
2025-04-17 17:54:31,580 - INFO - 单个点位异常段 6457-6457，扩展为 6453-6457 (window_size=5)
2025-04-17 17:54:31,581 - DEBUG - 边统计: 正常边 194 条, 异常边 16 条
2025-04-17 17:54:31,630 - DEBUG - 正在保存可视化结果到 ./visual/els/neighbor_all/deviation/els-1/seg_48_6457_6457.png
2025-04-17 17:54:31,970 - INFO - 成功保存时间段 6457-6457 的可视化结果
2025-04-17 17:54:31,970 - INFO - 
正在处理时间段 50/77: 6471-6491
2025-04-17 17:54:31,970 - INFO - 该时间段的真实异常节点: {12}
2025-04-17 17:54:31,970 - INFO - 正在计算异常分数...
2025-04-17 17:54:31,985 - INFO - 检测到的异常节点: {1, 2, 3, 4, 5, 6, 7, 8, 9, 10, 11, 12, 13, 14, 15}
2025-04-17 17:54:31,985 - INFO - 正在为时间段 6471-6491 生成可视化
2025-04-17 17:54:31,985 - INFO - 正在为时间段 6471-6491 生成异常图可视化
2025-04-17 17:54:31,986 - DEBUG - 边统计: 正常边 210 条, 异常边 0 条
2025-04-17 17:54:32,036 - DEBUG - 正在保存可视化结果到 ./visual/els/neighbor_all/deviation/els-1/seg_49_6471_6491.png
2025-04-17 17:54:32,368 - INFO - 成功保存时间段 6471-6491 的可视化结果
2025-04-17 17:54:32,368 - INFO - 
正在处理时间段 51/77: 6500-6500
2025-04-17 17:54:32,368 - INFO - 该时间段的真实异常节点: {12}
2025-04-17 17:54:32,369 - INFO - 正在计算异常分数...
2025-04-17 17:54:32,369 - INFO - 检测到的异常节点: set()
2025-04-17 17:54:32,369 - INFO - 正在为时间段 6500-6500 生成可视化
2025-04-17 17:54:32,369 - INFO - 正在为时间段 6500-6500 生成异常图可视化
2025-04-17 17:54:32,369 - INFO - 单个点位异常段 6500-6500，扩展为 6496-6500 (window_size=5)
2025-04-17 17:54:32,370 - DEBUG - 边统计: 正常边 168 条, 异常边 14 条
2025-04-17 17:54:32,420 - DEBUG - 正在保存可视化结果到 ./visual/els/neighbor_all/deviation/els-1/seg_50_6500_6500.png
2025-04-17 17:54:32,712 - INFO - 成功保存时间段 6500-6500 的可视化结果
2025-04-17 17:54:32,712 - INFO - 
正在处理时间段 52/77: 6513-6515
2025-04-17 17:54:32,712 - INFO - 该时间段的真实异常节点: {6, 7, 8, 9, 11}
2025-04-17 17:54:32,712 - INFO - 正在计算异常分数...
2025-04-17 17:54:32,712 - INFO - 检测到的异常节点: set()
2025-04-17 17:54:32,712 - INFO - 正在为时间段 6513-6515 生成可视化
2025-04-17 17:54:32,712 - INFO - 正在为时间段 6513-6515 生成异常图可视化
2025-04-17 17:54:32,714 - DEBUG - 边统计: 正常边 92 条, 异常边 118 条
2025-04-17 17:54:32,771 - DEBUG - 正在保存可视化结果到 ./visual/els/neighbor_all/deviation/els-1/seg_51_6513_6515.png
2025-04-17 17:54:33,124 - INFO - 成功保存时间段 6513-6515 的可视化结果
2025-04-17 17:54:33,124 - INFO - 
正在处理时间段 53/77: 6531-6545
2025-04-17 17:54:33,124 - INFO - 该时间段的真实异常节点: {12}
2025-04-17 17:54:33,124 - INFO - 正在计算异常分数...
2025-04-17 17:54:33,134 - INFO - 检测到的异常节点: {1, 2, 3, 4, 5, 6, 7, 8, 9, 10, 11, 12, 13, 14}
2025-04-17 17:54:33,134 - INFO - 正在为时间段 6531-6545 生成可视化
2025-04-17 17:54:33,134 - INFO - 正在为时间段 6531-6545 生成异常图可视化
2025-04-17 17:54:33,135 - DEBUG - 边统计: 正常边 182 条, 异常边 0 条
2025-04-17 17:54:33,260 - DEBUG - 正在保存可视化结果到 ./visual/els/neighbor_all/deviation/els-1/seg_52_6531_6545.png
2025-04-17 17:54:33,549 - INFO - 成功保存时间段 6531-6545 的可视化结果
2025-04-17 17:54:33,549 - INFO - 
正在处理时间段 54/77: 6549-6563
2025-04-17 17:54:33,549 - INFO - 该时间段的真实异常节点: {6, 7, 8, 9, 11}
2025-04-17 17:54:33,549 - INFO - 正在计算异常分数...
2025-04-17 17:54:33,560 - INFO - 检测到的异常节点: {1, 2, 3, 4, 5, 6, 7, 8, 9, 10, 11, 12, 13, 14, 15}
2025-04-17 17:54:33,560 - INFO - 正在为时间段 6549-6563 生成可视化
2025-04-17 17:54:33,560 - INFO - 正在为时间段 6549-6563 生成异常图可视化
2025-04-17 17:54:33,561 - DEBUG - 边统计: 正常边 196 条, 异常边 14 条
2025-04-17 17:54:33,609 - DEBUG - 正在保存可视化结果到 ./visual/els/neighbor_all/deviation/els-1/seg_53_6549_6563.png
2025-04-17 17:54:33,967 - INFO - 成功保存时间段 6549-6563 的可视化结果
2025-04-17 17:54:33,967 - INFO - 
正在处理时间段 55/77: 6726-6730
2025-04-17 17:54:33,968 - INFO - 该时间段的真实异常节点: {12}
2025-04-17 17:54:33,968 - INFO - 正在计算异常分数...
2025-04-17 17:54:33,969 - INFO - 检测到的异常节点: {1, 2, 3, 4, 5, 6, 7, 8, 9, 10, 11, 12, 13, 14}
2025-04-17 17:54:33,969 - INFO - 正在为时间段 6726-6730 生成可视化
2025-04-17 17:54:33,970 - INFO - 正在为时间段 6726-6730 生成异常图可视化
2025-04-17 17:54:33,970 - DEBUG - 边统计: 正常边 152 条, 异常边 30 条
2025-04-17 17:54:34,026 - DEBUG - 正在保存可视化结果到 ./visual/els/neighbor_all/deviation/els-1/seg_54_6726_6730.png
2025-04-17 17:54:34,329 - INFO - 成功保存时间段 6726-6730 的可视化结果
2025-04-17 17:54:34,329 - INFO - 
正在处理时间段 56/77: 6824-6825
2025-04-17 17:54:34,329 - INFO - 该时间段的真实异常节点: {6, 7, 8, 9, 11}
2025-04-17 17:54:34,329 - INFO - 正在计算异常分数...
2025-04-17 17:54:34,330 - INFO - 检测到的异常节点: set()
2025-04-17 17:54:34,330 - INFO - 正在为时间段 6824-6825 生成可视化
2025-04-17 17:54:34,330 - INFO - 正在为时间段 6824-6825 生成异常图可视化
2025-04-17 17:54:34,330 - DEBUG - 边统计: 正常边 0 条, 异常边 156 条
2025-04-17 17:54:34,383 - DEBUG - 正在保存可视化结果到 ./visual/els/neighbor_all/deviation/els-1/seg_55_6824_6825.png
2025-04-17 17:54:34,679 - INFO - 成功保存时间段 6824-6825 的可视化结果
2025-04-17 17:54:34,679 - INFO - 
正在处理时间段 57/77: 7302-7302
2025-04-17 17:54:34,679 - INFO - 该时间段的真实异常节点: {12}
2025-04-17 17:54:34,679 - INFO - 正在计算异常分数...
2025-04-17 17:54:34,679 - INFO - 检测到的异常节点: set()
2025-04-17 17:54:34,679 - INFO - 正在为时间段 7302-7302 生成可视化
2025-04-17 17:54:34,679 - INFO - 正在为时间段 7302-7302 生成异常图可视化
2025-04-17 17:54:34,679 - INFO - 单个点位异常段 7302-7302，扩展为 7298-7302 (window_size=5)
2025-04-17 17:54:34,680 - DEBUG - 边统计: 正常边 186 条, 异常边 24 条
2025-04-17 17:54:34,730 - DEBUG - 正在保存可视化结果到 ./visual/els/neighbor_all/deviation/els-1/seg_56_7302_7302.png
2025-04-17 17:54:35,066 - INFO - 成功保存时间段 7302-7302 的可视化结果
2025-04-17 17:54:35,066 - INFO - 
正在处理时间段 58/77: 7337-7337
2025-04-17 17:54:35,066 - INFO - 该时间段的真实异常节点: {12}
2025-04-17 17:54:35,067 - INFO - 正在计算异常分数...
2025-04-17 17:54:35,067 - INFO - 检测到的异常节点: set()
2025-04-17 17:54:35,067 - INFO - 正在为时间段 7337-7337 生成可视化
2025-04-17 17:54:35,067 - INFO - 正在为时间段 7337-7337 生成异常图可视化
2025-04-17 17:54:35,067 - INFO - 单个点位异常段 7337-7337，扩展为 7333-7337 (window_size=5)
2025-04-17 17:54:35,068 - DEBUG - 边统计: 正常边 182 条, 异常边 28 条
2025-04-17 17:54:35,118 - DEBUG - 正在保存可视化结果到 ./visual/els/neighbor_all/deviation/els-1/seg_57_7337_7337.png
2025-04-17 17:54:35,470 - INFO - 成功保存时间段 7337-7337 的可视化结果
2025-04-17 17:54:35,470 - INFO - 
正在处理时间段 59/77: 7384-7414
2025-04-17 17:54:35,470 - INFO - 该时间段的真实异常节点: {6, 7, 8, 9, 10, 11}
2025-04-17 17:54:35,470 - INFO - 正在计算异常分数...
2025-04-17 17:54:35,495 - INFO - 检测到的异常节点: {1, 2, 3, 4, 5, 6, 7, 8, 9, 10, 11, 12, 13, 14, 15}
2025-04-17 17:54:35,496 - INFO - 正在为时间段 7384-7414 生成可视化
2025-04-17 17:54:35,496 - INFO - 正在为时间段 7384-7414 生成异常图可视化
2025-04-17 17:54:35,497 - DEBUG - 边统计: 正常边 204 条, 异常边 6 条
2025-04-17 17:54:35,547 - DEBUG - 正在保存可视化结果到 ./visual/els/neighbor_all/deviation/els-1/seg_58_7384_7414.png
2025-04-17 17:54:35,883 - INFO - 成功保存时间段 7384-7414 的可视化结果
2025-04-17 17:54:35,883 - INFO - 
正在处理时间段 60/77: 7591-7592
2025-04-17 17:54:35,883 - INFO - 该时间段的真实异常节点: {6, 7, 8, 9, 11, 12}
2025-04-17 17:54:35,883 - INFO - 正在计算异常分数...
2025-04-17 17:54:35,883 - INFO - 检测到的异常节点: set()
2025-04-17 17:54:35,883 - INFO - 正在为时间段 7591-7592 生成可视化
2025-04-17 17:54:35,883 - INFO - 正在为时间段 7591-7592 生成异常图可视化
2025-04-17 17:54:35,884 - DEBUG - 边统计: 正常边 0 条, 异常边 156 条
2025-04-17 17:54:35,945 - DEBUG - 正在保存可视化结果到 ./visual/els/neighbor_all/deviation/els-1/seg_59_7591_7592.png
2025-04-17 17:54:36,246 - INFO - 成功保存时间段 7591-7592 的可视化结果
2025-04-17 17:54:36,246 - INFO - 
正在处理时间段 61/77: 7596-7598
2025-04-17 17:54:36,247 - INFO - 该时间段的真实异常节点: {6, 7, 8, 9, 12}
2025-04-17 17:54:36,247 - INFO - 正在计算异常分数...
2025-04-17 17:54:36,247 - INFO - 检测到的异常节点: set()
2025-04-17 17:54:36,247 - INFO - 正在为时间段 7596-7598 生成可视化
2025-04-17 17:54:36,247 - INFO - 正在为时间段 7596-7598 生成异常图可视化
2025-04-17 17:54:36,248 - DEBUG - 边统计: 正常边 110 条, 异常边 72 条
2025-04-17 17:54:36,297 - DEBUG - 正在保存可视化结果到 ./visual/els/neighbor_all/deviation/els-1/seg_60_7596_7598.png
2025-04-17 17:54:36,596 - INFO - 成功保存时间段 7596-7598 的可视化结果
2025-04-17 17:54:36,596 - INFO - 
正在处理时间段 62/77: 7640-7640
2025-04-17 17:54:36,596 - INFO - 该时间段的真实异常节点: {12}
2025-04-17 17:54:36,596 - INFO - 正在计算异常分数...
2025-04-17 17:54:36,596 - INFO - 检测到的异常节点: set()
2025-04-17 17:54:36,596 - INFO - 正在为时间段 7640-7640 生成可视化
2025-04-17 17:54:36,596 - INFO - 正在为时间段 7640-7640 生成异常图可视化
2025-04-17 17:54:36,596 - INFO - 单个点位异常段 7640-7640，扩展为 7636-7640 (window_size=5)
2025-04-17 17:54:36,598 - DEBUG - 边统计: 正常边 172 条, 异常边 38 条
2025-04-17 17:54:36,648 - DEBUG - 正在保存可视化结果到 ./visual/els/neighbor_all/deviation/els-1/seg_61_7640_7640.png
2025-04-17 17:54:36,979 - INFO - 成功保存时间段 7640-7640 的可视化结果
2025-04-17 17:54:36,979 - INFO - 
正在处理时间段 63/77: 7691-7691
2025-04-17 17:54:36,980 - INFO - 该时间段的真实异常节点: {6, 7, 8, 9, 11}
2025-04-17 17:54:36,980 - INFO - 正在计算异常分数...
2025-04-17 17:54:36,980 - INFO - 检测到的异常节点: set()
2025-04-17 17:54:36,980 - INFO - 正在为时间段 7691-7691 生成可视化
2025-04-17 17:54:36,980 - INFO - 正在为时间段 7691-7691 生成异常图可视化
2025-04-17 17:54:36,980 - INFO - 单个点位异常段 7691-7691，扩展为 7687-7691 (window_size=5)
2025-04-17 17:54:36,981 - DEBUG - 边统计: 正常边 146 条, 异常边 36 条
2025-04-17 17:54:37,030 - DEBUG - 正在保存可视化结果到 ./visual/els/neighbor_all/deviation/els-1/seg_62_7691_7691.png
2025-04-17 17:54:37,319 - INFO - 成功保存时间段 7691-7691 的可视化结果
2025-04-17 17:54:37,319 - INFO - 
正在处理时间段 64/77: 7700-7707
2025-04-17 17:54:37,320 - INFO - 该时间段的真实异常节点: {6, 7, 8, 9, 11}
2025-04-17 17:54:37,320 - INFO - 正在计算异常分数...
2025-04-17 17:54:37,324 - INFO - 检测到的异常节点: {1, 2, 3, 4, 5, 6, 7, 8, 9, 10, 11, 12, 13, 14, 15}
2025-04-17 17:54:37,324 - INFO - 正在为时间段 7700-7707 生成可视化
2025-04-17 17:54:37,324 - INFO - 正在为时间段 7700-7707 生成异常图可视化
2025-04-17 17:54:37,325 - DEBUG - 边统计: 正常边 200 条, 异常边 10 条
2025-04-17 17:54:37,373 - DEBUG - 正在保存可视化结果到 ./visual/els/neighbor_all/deviation/els-1/seg_63_7700_7707.png
2025-04-17 17:54:37,703 - INFO - 成功保存时间段 7700-7707 的可视化结果
2025-04-17 17:54:37,703 - INFO - 
正在处理时间段 65/77: 7885-7886
2025-04-17 17:54:37,703 - INFO - 该时间段的真实异常节点: {12}
2025-04-17 17:54:37,703 - INFO - 正在计算异常分数...
2025-04-17 17:54:37,703 - INFO - 检测到的异常节点: set()
2025-04-17 17:54:37,703 - INFO - 正在为时间段 7885-7886 生成可视化
2025-04-17 17:54:37,703 - INFO - 正在为时间段 7885-7886 生成异常图可视化
2025-04-17 17:54:37,704 - DEBUG - 边统计: 正常边 0 条, 异常边 156 条
2025-04-17 17:54:37,847 - DEBUG - 正在保存可视化结果到 ./visual/els/neighbor_all/deviation/els-1/seg_64_7885_7886.png
2025-04-17 17:54:38,135 - INFO - 成功保存时间段 7885-7886 的可视化结果
2025-04-17 17:54:38,135 - INFO - 
正在处理时间段 66/77: 7963-7963
2025-04-17 17:54:38,135 - INFO - 该时间段的真实异常节点: {6, 7, 8, 9, 12}
2025-04-17 17:54:38,135 - INFO - 正在计算异常分数...
2025-04-17 17:54:38,135 - INFO - 检测到的异常节点: set()
2025-04-17 17:54:38,135 - INFO - 正在为时间段 7963-7963 生成可视化
2025-04-17 17:54:38,135 - INFO - 正在为时间段 7963-7963 生成异常图可视化
2025-04-17 17:54:38,135 - INFO - 单个点位异常段 7963-7963，扩展为 7959-7963 (window_size=5)
2025-04-17 17:54:38,136 - DEBUG - 边统计: 正常边 196 条, 异常边 14 条
2025-04-17 17:54:38,184 - DEBUG - 正在保存可视化结果到 ./visual/els/neighbor_all/deviation/els-1/seg_65_7963_7963.png
2025-04-17 17:54:38,510 - INFO - 成功保存时间段 7963-7963 的可视化结果
2025-04-17 17:54:38,510 - INFO - 
正在处理时间段 67/77: 7991-7995
2025-04-17 17:54:38,510 - INFO - 该时间段的真实异常节点: {6, 7, 8, 9, 11}
2025-04-17 17:54:38,510 - INFO - 正在计算异常分数...
2025-04-17 17:54:38,512 - INFO - 检测到的异常节点: {1, 2, 3, 4, 5, 6, 7, 8, 9, 10, 11, 12, 13, 14, 15}
2025-04-17 17:54:38,512 - INFO - 正在为时间段 7991-7995 生成可视化
2025-04-17 17:54:38,512 - INFO - 正在为时间段 7991-7995 生成异常图可视化
2025-04-17 17:54:38,513 - DEBUG - 边统计: 正常边 180 条, 异常边 30 条
2025-04-17 17:54:38,560 - DEBUG - 正在保存可视化结果到 ./visual/els/neighbor_all/deviation/els-1/seg_66_7991_7995.png
2025-04-17 17:54:38,889 - INFO - 成功保存时间段 7991-7995 的可视化结果
2025-04-17 17:54:38,889 - INFO - 
正在处理时间段 68/77: 8214-8216
2025-04-17 17:54:38,889 - INFO - 该时间段的真实异常节点: {9, 12}
2025-04-17 17:54:38,889 - INFO - 正在计算异常分数...
2025-04-17 17:54:38,889 - INFO - 检测到的异常节点: set()
2025-04-17 17:54:38,890 - INFO - 正在为时间段 8214-8216 生成可视化
2025-04-17 17:54:38,890 - INFO - 正在为时间段 8214-8216 生成异常图可视化
2025-04-17 17:54:38,890 - DEBUG - 边统计: 正常边 118 条, 异常边 64 条
2025-04-17 17:54:38,939 - DEBUG - 正在保存可视化结果到 ./visual/els/neighbor_all/deviation/els-1/seg_67_8214_8216.png
2025-04-17 17:54:39,228 - INFO - 成功保存时间段 8214-8216 的可视化结果
2025-04-17 17:54:39,228 - INFO - 
正在处理时间段 69/77: 8280-8291
2025-04-17 17:54:39,229 - INFO - 该时间段的真实异常节点: {6, 7, 8, 9, 11}
2025-04-17 17:54:39,229 - INFO - 正在计算异常分数...
2025-04-17 17:54:39,236 - INFO - 检测到的异常节点: {1, 2, 3, 4, 5, 6, 7, 8, 9, 10, 11, 12, 13, 14, 15}
2025-04-17 17:54:39,236 - INFO - 正在为时间段 8280-8291 生成可视化
2025-04-17 17:54:39,236 - INFO - 正在为时间段 8280-8291 生成异常图可视化
2025-04-17 17:54:39,237 - DEBUG - 边统计: 正常边 204 条, 异常边 6 条
2025-04-17 17:54:39,284 - DEBUG - 正在保存可视化结果到 ./visual/els/neighbor_all/deviation/els-1/seg_68_8280_8291.png
2025-04-17 17:54:39,606 - INFO - 成功保存时间段 8280-8291 的可视化结果
2025-04-17 17:54:39,606 - INFO - 
正在处理时间段 70/77: 8432-8451
2025-04-17 17:54:39,606 - INFO - 该时间段的真实异常节点: {8, 11, 6, 7}
2025-04-17 17:54:39,606 - INFO - 正在计算异常分数...
2025-04-17 17:54:39,621 - INFO - 检测到的异常节点: {1, 2, 3, 4, 5, 6, 7, 8, 9, 10, 11, 12, 13, 14, 15}
2025-04-17 17:54:39,621 - INFO - 正在为时间段 8432-8451 生成可视化
2025-04-17 17:54:39,621 - INFO - 正在为时间段 8432-8451 生成异常图可视化
2025-04-17 17:54:39,622 - DEBUG - 边统计: 正常边 210 条, 异常边 0 条
2025-04-17 17:54:39,671 - DEBUG - 正在保存可视化结果到 ./visual/els/neighbor_all/deviation/els-1/seg_69_8432_8451.png
2025-04-17 17:54:39,996 - INFO - 成功保存时间段 8432-8451 的可视化结果
2025-04-17 17:54:39,996 - INFO - 
正在处理时间段 71/77: 8459-8461
2025-04-17 17:54:39,996 - INFO - 该时间段的真实异常节点: {12}
2025-04-17 17:54:39,996 - INFO - 正在计算异常分数...
2025-04-17 17:54:39,996 - INFO - 检测到的异常节点: set()
2025-04-17 17:54:39,996 - INFO - 正在为时间段 8459-8461 生成可视化
2025-04-17 17:54:39,996 - INFO - 正在为时间段 8459-8461 生成异常图可视化
2025-04-17 17:54:39,997 - DEBUG - 边统计: 正常边 136 条, 异常边 46 条
2025-04-17 17:54:40,047 - DEBUG - 正在保存可视化结果到 ./visual/els/neighbor_all/deviation/els-1/seg_70_8459_8461.png
2025-04-17 17:54:40,336 - INFO - 成功保存时间段 8459-8461 的可视化结果
2025-04-17 17:54:40,336 - INFO - 
正在处理时间段 72/77: 8504-8508
2025-04-17 17:54:40,336 - INFO - 该时间段的真实异常节点: {12}
2025-04-17 17:54:40,336 - INFO - 正在计算异常分数...
2025-04-17 17:54:40,338 - INFO - 检测到的异常节点: {1, 2, 3, 4, 5, 6, 7, 8, 9, 10, 11, 12, 13, 14, 15}
2025-04-17 17:54:40,338 - INFO - 正在为时间段 8504-8508 生成可视化
2025-04-17 17:54:40,338 - INFO - 正在为时间段 8504-8508 生成异常图可视化
2025-04-17 17:54:40,339 - DEBUG - 边统计: 正常边 182 条, 异常边 28 条
2025-04-17 17:54:40,387 - DEBUG - 正在保存可视化结果到 ./visual/els/neighbor_all/deviation/els-1/seg_71_8504_8508.png
2025-04-17 17:54:40,717 - INFO - 成功保存时间段 8504-8508 的可视化结果
2025-04-17 17:54:40,717 - INFO - 
正在处理时间段 73/77: 8542-8553
2025-04-17 17:54:40,717 - INFO - 该时间段的真实异常节点: {12}
2025-04-17 17:54:40,717 - INFO - 正在计算异常分数...
2025-04-17 17:54:40,724 - INFO - 检测到的异常节点: {1, 2, 3, 4, 5, 6, 7, 8, 9, 10, 11, 12, 13, 14}
2025-04-17 17:54:40,725 - INFO - 正在为时间段 8542-8553 生成可视化
2025-04-17 17:54:40,725 - INFO - 正在为时间段 8542-8553 生成异常图可视化
2025-04-17 17:54:40,725 - DEBUG - 边统计: 正常边 180 条, 异常边 2 条
2025-04-17 17:54:40,776 - DEBUG - 正在保存可视化结果到 ./visual/els/neighbor_all/deviation/els-1/seg_72_8542_8553.png
2025-04-17 17:54:41,068 - INFO - 成功保存时间段 8542-8553 的可视化结果
2025-04-17 17:54:41,068 - INFO - 
正在处理时间段 74/77: 8564-8571
2025-04-17 17:54:41,068 - INFO - 该时间段的真实异常节点: {6, 7, 8, 9, 12}
2025-04-17 17:54:41,068 - INFO - 正在计算异常分数...
2025-04-17 17:54:41,072 - INFO - 检测到的异常节点: {1, 2, 3, 4, 5, 6, 7, 8, 9, 10, 11, 12, 13, 14, 15}
2025-04-17 17:54:41,072 - INFO - 正在为时间段 8564-8571 生成可视化
2025-04-17 17:54:41,072 - INFO - 正在为时间段 8564-8571 生成异常图可视化
2025-04-17 17:54:41,073 - DEBUG - 边统计: 正常边 194 条, 异常边 16 条
2025-04-17 17:54:41,123 - DEBUG - 正在保存可视化结果到 ./visual/els/neighbor_all/deviation/els-1/seg_73_8564_8571.png
2025-04-17 17:54:41,456 - INFO - 成功保存时间段 8564-8571 的可视化结果
2025-04-17 17:54:41,456 - INFO - 
正在处理时间段 75/77: 8724-8737
2025-04-17 17:54:41,456 - INFO - 该时间段的真实异常节点: {12}
2025-04-17 17:54:41,456 - INFO - 正在计算异常分数...
2025-04-17 17:54:41,465 - INFO - 检测到的异常节点: {1, 2, 3, 4, 5, 6, 7, 8, 9, 10, 11, 12, 13, 14, 15}
2025-04-17 17:54:41,465 - INFO - 正在为时间段 8724-8737 生成可视化
2025-04-17 17:54:41,465 - INFO - 正在为时间段 8724-8737 生成异常图可视化
2025-04-17 17:54:41,466 - DEBUG - 边统计: 正常边 210 条, 异常边 0 条
2025-04-17 17:54:41,516 - DEBUG - 正在保存可视化结果到 ./visual/els/neighbor_all/deviation/els-1/seg_74_8724_8737.png
2025-04-17 17:54:41,842 - INFO - 成功保存时间段 8724-8737 的可视化结果
2025-04-17 17:54:41,842 - INFO - 
正在处理时间段 76/77: 8815-8821
2025-04-17 17:54:41,842 - INFO - 该时间段的真实异常节点: {6, 7, 8, 9, 11}
2025-04-17 17:54:41,842 - INFO - 正在计算异常分数...
2025-04-17 17:54:41,845 - INFO - 检测到的异常节点: {1, 2, 3, 4, 5, 6, 7, 8, 9, 10, 11, 12, 13, 14, 15}
2025-04-17 17:54:41,845 - INFO - 正在为时间段 8815-8821 生成可视化
2025-04-17 17:54:41,845 - INFO - 正在为时间段 8815-8821 生成异常图可视化
2025-04-17 17:54:41,846 - DEBUG - 边统计: 正常边 208 条, 异常边 2 条
2025-04-17 17:54:41,895 - DEBUG - 正在保存可视化结果到 ./visual/els/neighbor_all/deviation/els-1/seg_75_8815_8821.png
2025-04-17 17:54:42,220 - INFO - 成功保存时间段 8815-8821 的可视化结果
2025-04-17 17:54:42,220 - INFO - 
正在处理时间段 77/77: 8859-8860
2025-04-17 17:54:42,220 - INFO - 该时间段的真实异常节点: {12}
2025-04-17 17:54:42,220 - INFO - 正在计算异常分数...
2025-04-17 17:54:42,220 - INFO - 检测到的异常节点: set()
2025-04-17 17:54:42,220 - INFO - 正在为时间段 8859-8860 生成可视化
2025-04-17 17:54:42,220 - INFO - 正在为时间段 8859-8860 生成异常图可视化
2025-04-17 17:54:42,221 - DEBUG - 边统计: 正常边 0 条, 异常边 182 条
2025-04-17 17:54:42,270 - DEBUG - 正在保存可视化结果到 ./visual/els/neighbor_all/deviation/els-1/seg_76_8859_8860.png
2025-04-17 17:54:42,556 - INFO - 成功保存时间段 8859-8860 的可视化结果
2025-04-17 17:54:42,556 - INFO - 正在生成所有异常段的综合可视化图像: ./visual/els/neighbor_all/deviation/els-1/all_segments.png
2025-04-17 17:54:42,556 - INFO - 生成全屏优化的可视化图表
2025-04-17 17:54:43,210 - INFO - 单个点位异常段 738-738，扩展为 734-738 (window_size=5)
2025-04-17 17:54:43,223 - INFO - 单个点位异常段 762-762，扩展为 758-762 (window_size=5)
2025-04-17 17:54:43,304 - INFO - 单个点位异常段 1882-1882，扩展为 1878-1882 (window_size=5)
2025-04-17 17:54:43,327 - INFO - 单个点位异常段 2461-2461，扩展为 2457-2461 (window_size=5)
2025-04-17 17:54:43,340 - INFO - 单个点位异常段 2506-2506，扩展为 2502-2506 (window_size=5)
2025-04-17 17:54:43,351 - INFO - 单个点位异常段 2515-2515，扩展为 2511-2515 (window_size=5)
2025-04-17 17:54:43,363 - INFO - 单个点位异常段 2520-2520，扩展为 2516-2520 (window_size=5)
2025-04-17 17:54:43,433 - INFO - 单个点位异常段 3378-3378，扩展为 3374-3378 (window_size=5)
2025-04-17 17:54:43,444 - INFO - 单个点位异常段 3564-3564，扩展为 3560-3564 (window_size=5)
2025-04-17 17:54:43,468 - INFO - 单个点位异常段 3592-3592，扩展为 3588-3592 (window_size=5)
2025-04-17 17:54:43,480 - INFO - 单个点位异常段 3611-3611，扩展为 3607-3611 (window_size=5)
2025-04-17 17:54:43,491 - INFO - 单个点位异常段 3646-3646，扩展为 3642-3646 (window_size=5)
2025-04-17 17:54:43,626 - INFO - 单个点位异常段 4474-4474，扩展为 4470-4474 (window_size=5)
2025-04-17 17:54:43,686 - INFO - 单个点位异常段 5291-5291，扩展为 5287-5291 (window_size=5)
2025-04-17 17:54:43,697 - INFO - 单个点位异常段 5337-5337，扩展为 5333-5337 (window_size=5)
2025-04-17 17:54:43,709 - INFO - 单个点位异常段 5576-5576，扩展为 5572-5576 (window_size=5)
2025-04-17 17:54:43,721 - INFO - 单个点位异常段 5582-5582，扩展为 5578-5582 (window_size=5)
2025-04-17 17:54:43,733 - INFO - 单个点位异常段 5591-5591，扩展为 5587-5591 (window_size=5)
2025-04-17 17:54:43,744 - INFO - 单个点位异常段 5606-5606，扩展为 5602-5606 (window_size=5)
2025-04-17 17:54:43,756 - INFO - 单个点位异常段 5621-5621，扩展为 5617-5621 (window_size=5)
2025-04-17 17:54:43,768 - INFO - 单个点位异常段 5627-5627，扩展为 5623-5627 (window_size=5)
2025-04-17 17:54:43,838 - INFO - 单个点位异常段 6457-6457，扩展为 6453-6457 (window_size=5)
2025-04-17 17:54:43,862 - INFO - 单个点位异常段 6500-6500，扩展为 6496-6500 (window_size=5)
2025-04-17 17:54:43,931 - INFO - 单个点位异常段 7302-7302，扩展为 7298-7302 (window_size=5)
2025-04-17 17:54:43,944 - INFO - 单个点位异常段 7337-7337，扩展为 7333-7337 (window_size=5)
2025-04-17 17:54:43,990 - INFO - 单个点位异常段 7640-7640，扩展为 7636-7640 (window_size=5)
2025-04-17 17:54:44,003 - INFO - 单个点位异常段 7691-7691，扩展为 7687-7691 (window_size=5)
2025-04-17 17:54:44,037 - INFO - 单个点位异常段 7963-7963，扩展为 7959-7963 (window_size=5)
2025-04-17 17:54:49,196 - INFO - 已生成全屏优化的可视化图表: ./visual/els/neighbor_all/deviation/els-1/all_segments.png
2025-04-17 17:54:49,196 - INFO - 正在从 ./visual/els/neighbor_all/deviation/els-1 中的图像创建GIF
2025-04-17 17:55:04,317 - INFO - GIF已保存到 ./visual/els/neighbor_all/deviation/els-1/els-1.gif
2025-04-17 17:55:04,318 - INFO - 可视化结果生成完成！
2025-04-17 17:55:04,318 - INFO - 
==================================================
2025-04-17 17:55:04,318 - INFO - 程序运行总耗时: 0:00:53.646013 

