2025-04-17 08:22:48,860 - INFO - 
 Starting experiment with config: ExperimentConfig(dataset='omi', window_size=5, score_thresholds=array([0. , 0.5, 1. , 1.5, 2. , 2.5, 3. , 3.5, 4. , 4.5, 5. , 5.5, 6. ,
       6.5, 7. ]), topk_range=range(1, 10), corr_threshold_range=array([0. , 0. , 0.1, 0.2, 0.2, 0.2, 0.3, 0.4, 0.4, 0.4, 0.5, 0.6, 0.6,
       0.6]), neighbor_selection='topk', score_modes=['range_ratio'], data_dir='./data/processed', label_dir='./data/interpretation_label', log_dir='./log/omi/neighbor_topk', visual_dir='./visual/omi/neighbor_topk', num_workers=36, gif_duration=500)
2025-04-17 08:22:48,860 - INFO - 当前评分模式: ['range_ratio']
2025-04-17 08:22:48,860 - INFO - 
==================================================
2025-04-17 08:22:48,860 - INFO - 开始执行网格搜索...
2025-04-17 08:22:48,861 - INFO - [omi-12] Starting grid search...
2025-04-17 08:22:51,815 - INFO - [omi-12.txt] mode=range_ratio, topk=1, threshold=0.0, P=0.6750, R=0.6750, F1=0.6750
2025-04-17 08:22:51,816 - INFO - [omi-12.txt] mode=range_ratio, topk=1, threshold=0.5, P=0.7105, R=0.6750, F1=0.6923
2025-04-17 08:22:51,895 - INFO - [omi-12.txt] mode=range_ratio, topk=1, threshold=1.0, P=0.7222, R=0.6500, F1=0.6842
2025-04-17 08:22:51,895 - INFO - [omi-12.txt] mode=range_ratio, topk=1, threshold=1.5, P=0.7143, R=0.6250, F1=0.6667
2025-04-17 08:22:53,645 - INFO - [omi-12.txt] mode=range_ratio, topk=1, threshold=2.0, P=0.7097, R=0.5500, F1=0.6197
2025-04-17 08:22:53,992 - INFO - [omi-12.txt] mode=range_ratio, topk=1, threshold=2.5, P=0.6897, R=0.5000, F1=0.5797
2025-04-17 08:22:54,024 - INFO - [omi-12.txt] mode=range_ratio, topk=1, threshold=3.0, P=0.8636, R=0.4750, F1=0.6129
2025-04-17 08:22:54,024 - INFO - [omi-12.txt] mode=range_ratio, topk=1, threshold=3.5, P=0.8571, R=0.4500, F1=0.5902
2025-04-17 08:22:54,024 - INFO - [omi-12.txt] mode=range_ratio, topk=1, threshold=4.0, P=0.8571, R=0.4500, F1=0.5902
2025-04-17 08:22:54,036 - INFO - [omi-12.txt] mode=range_ratio, topk=1, threshold=4.5, P=0.9444, R=0.4250, F1=0.5862
2025-04-17 08:22:54,062 - INFO - [omi-12.txt] mode=range_ratio, topk=1, threshold=5.0, P=0.9444, R=0.4250, F1=0.5862
2025-04-17 08:22:54,062 - INFO - [omi-12.txt] mode=range_ratio, topk=1, threshold=5.5, P=0.9444, R=0.4250, F1=0.5862
2025-04-17 08:22:54,062 - INFO - [omi-12.txt] mode=range_ratio, topk=1, threshold=6.0, P=0.9412, R=0.4000, F1=0.5614
2025-04-17 08:22:54,066 - INFO - [omi-12.txt] mode=range_ratio, topk=1, threshold=6.5, P=0.9412, R=0.4000, F1=0.5614
2025-04-17 08:22:54,095 - INFO - [omi-12.txt] mode=range_ratio, topk=1, threshold=7.0, P=0.9375, R=0.3750, F1=0.5357
2025-04-17 08:22:54,096 - INFO - [omi-12.txt] mode=range_ratio, topk=2, threshold=0.0, P=0.6383, R=0.7500, F1=0.6897
2025-04-17 08:22:54,097 - INFO - [omi-12.txt] mode=range_ratio, topk=2, threshold=0.5, P=0.6818, R=0.7500, F1=0.7143
2025-04-17 08:22:54,097 - INFO - [omi-12.txt] mode=range_ratio, topk=2, threshold=1.0, P=0.6905, R=0.7250, F1=0.7073
2025-04-17 08:22:54,097 - INFO - [omi-12.txt] mode=range_ratio, topk=2, threshold=1.5, P=0.6750, R=0.6750, F1=0.6750
2025-04-17 08:22:54,097 - INFO - [omi-12.txt] mode=range_ratio, topk=2, threshold=2.0, P=0.6842, R=0.6500, F1=0.6667
2025-04-17 08:22:54,097 - INFO - [omi-12.txt] mode=range_ratio, topk=2, threshold=2.5, P=0.6944, R=0.6250, F1=0.6579
2025-04-17 08:22:54,097 - INFO - [omi-12.txt] mode=range_ratio, topk=2, threshold=3.0, P=0.7812, R=0.6250, F1=0.6944
2025-04-17 08:22:54,181 - INFO - [omi-12.txt] mode=range_ratio, topk=2, threshold=3.5, P=0.8065, R=0.6250, F1=0.7042
2025-04-17 08:22:54,182 - INFO - [omi-12.txt] mode=range_ratio, topk=2, threshold=4.0, P=0.8276, R=0.6000, F1=0.6957
2025-04-17 08:22:54,182 - INFO - [omi-12.txt] mode=range_ratio, topk=2, threshold=4.5, P=0.8214, R=0.5750, F1=0.6765
2025-04-17 08:22:54,182 - INFO - [omi-12.txt] mode=range_ratio, topk=2, threshold=5.0, P=0.8214, R=0.5750, F1=0.6765
2025-04-17 08:22:54,191 - INFO - [omi-12.txt] mode=range_ratio, topk=2, threshold=5.5, P=0.8519, R=0.5750, F1=0.6866
2025-04-17 08:22:54,192 - INFO - [omi-12.txt] mode=range_ratio, topk=2, threshold=6.0, P=0.8750, R=0.5250, F1=0.6563
2025-04-17 08:22:54,193 - INFO - [omi-12.txt] mode=range_ratio, topk=2, threshold=6.5, P=0.8696, R=0.5000, F1=0.6349
2025-04-17 08:22:54,212 - INFO - [omi-12.txt] mode=range_ratio, topk=2, threshold=7.0, P=0.8696, R=0.5000, F1=0.6349
2025-04-17 08:22:54,213 - INFO - [omi-12.txt] mode=range_ratio, topk=3, threshold=0.0, P=0.5926, R=0.8000, F1=0.6809
2025-04-17 08:22:54,251 - INFO - [omi-12.txt] mode=range_ratio, topk=3, threshold=0.5, P=0.6400, R=0.8000, F1=0.7111
2025-04-17 08:22:54,251 - INFO - [omi-12.txt] mode=range_ratio, topk=3, threshold=1.0, P=0.6522, R=0.7500, F1=0.6977
2025-04-17 08:22:54,270 - INFO - [omi-12.txt] mode=range_ratio, topk=3, threshold=1.5, P=0.6444, R=0.7250, F1=0.6824
2025-04-17 08:22:54,270 - INFO - [omi-12.txt] mode=range_ratio, topk=3, threshold=2.0, P=0.6744, R=0.7250, F1=0.6988
2025-04-17 08:22:54,270 - INFO - [omi-12.txt] mode=range_ratio, topk=3, threshold=2.5, P=0.7073, R=0.7250, F1=0.7160
2025-04-17 08:22:54,270 - INFO - [omi-12.txt] mode=range_ratio, topk=3, threshold=3.0, P=0.7368, R=0.7000, F1=0.7179
2025-04-17 08:22:54,270 - INFO - [omi-12.txt] mode=range_ratio, topk=3, threshold=3.5, P=0.7297, R=0.6750, F1=0.7013
2025-04-17 08:22:54,573 - INFO - [omi-12.txt] mode=range_ratio, topk=3, threshold=4.0, P=0.7500, R=0.6750, F1=0.7105
2025-04-17 08:22:54,574 - INFO - [omi-12.txt] mode=range_ratio, topk=3, threshold=4.5, P=0.7647, R=0.6500, F1=0.7027
2025-04-17 08:22:54,593 - INFO - [omi-12.txt] mode=range_ratio, topk=3, threshold=5.0, P=0.7879, R=0.6500, F1=0.7123
2025-04-17 08:22:54,663 - INFO - [omi-12.txt] mode=range_ratio, topk=3, threshold=5.5, P=0.8387, R=0.6500, F1=0.7324
2025-04-17 08:22:54,663 - INFO - [omi-12.txt] mode=range_ratio, topk=3, threshold=6.0, P=0.8333, R=0.6250, F1=0.7143
2025-04-17 08:22:54,664 - INFO - [omi-12.txt] mode=range_ratio, topk=3, threshold=6.5, P=0.8276, R=0.6000, F1=0.6957
2025-04-17 08:22:54,669 - INFO - [omi-12.txt] mode=range_ratio, topk=3, threshold=7.0, P=0.8571, R=0.6000, F1=0.7059
2025-04-17 08:22:54,935 - INFO - [omi-12.txt] mode=range_ratio, topk=4, threshold=0.0, P=0.5818, R=0.8000, F1=0.6737
2025-04-17 08:22:54,936 - INFO - [omi-12.txt] mode=range_ratio, topk=4, threshold=0.5, P=0.6154, R=0.8000, F1=0.6957
2025-04-17 08:22:54,936 - INFO - [omi-12.txt] mode=range_ratio, topk=4, threshold=1.0, P=0.6275, R=0.8000, F1=0.7033
2025-04-17 08:22:55,047 - INFO - [omi-12.txt] mode=range_ratio, topk=4, threshold=1.5, P=0.6200, R=0.7750, F1=0.6889
2025-04-17 08:22:55,140 - INFO - [omi-12.txt] mode=range_ratio, topk=4, threshold=2.0, P=0.6327, R=0.7750, F1=0.6966
2025-04-17 08:22:55,425 - INFO - [omi-12.txt] mode=range_ratio, topk=4, threshold=2.5, P=0.6889, R=0.7750, F1=0.7294
2025-04-17 08:22:55,785 - INFO - [omi-12.txt] mode=range_ratio, topk=4, threshold=3.0, P=0.7045, R=0.7750, F1=0.7381
2025-04-17 08:22:56,526 - INFO - [omi-12.txt] mode=range_ratio, topk=4, threshold=3.5, P=0.6977, R=0.7500, F1=0.7229
2025-04-17 08:22:56,758 - INFO - [omi-12.txt] mode=range_ratio, topk=4, threshold=4.0, P=0.7143, R=0.7500, F1=0.7317
2025-04-17 08:22:59,042 - INFO - [omi-12.txt] mode=range_ratio, topk=4, threshold=4.5, P=0.7500, R=0.7500, F1=0.7500
2025-04-17 08:22:59,078 - INFO - [omi-12.txt] mode=range_ratio, topk=4, threshold=5.0, P=0.7500, R=0.7500, F1=0.7500
2025-04-17 08:22:59,089 - INFO - [omi-12.txt] mode=range_ratio, topk=4, threshold=5.5, P=0.8108, R=0.7500, F1=0.7792
2025-04-17 08:22:59,089 - INFO - [omi-12.txt] mode=range_ratio, topk=4, threshold=6.0, P=0.8056, R=0.7250, F1=0.7632
2025-04-17 08:22:59,104 - INFO - [omi-12.txt] mode=range_ratio, topk=4, threshold=6.5, P=0.8000, R=0.7000, F1=0.7467
2025-04-17 08:22:59,105 - INFO - [omi-12.txt] mode=range_ratio, topk=4, threshold=7.0, P=0.7941, R=0.6750, F1=0.7297
2025-04-17 08:22:59,110 - INFO - [omi-12.txt] mode=range_ratio, topk=5, threshold=0.0, P=0.6034, R=0.8750, F1=0.7143
2025-04-17 08:22:59,139 - INFO - [omi-12.txt] mode=range_ratio, topk=5, threshold=0.5, P=0.6250, R=0.8750, F1=0.7292
2025-04-17 08:22:59,171 - INFO - [omi-12.txt] mode=range_ratio, topk=5, threshold=1.0, P=0.6481, R=0.8750, F1=0.7447
2025-04-17 08:22:59,249 - INFO - [omi-12.txt] mode=range_ratio, topk=5, threshold=1.5, P=0.6415, R=0.8500, F1=0.7312
2025-04-17 08:22:59,259 - INFO - [omi-12.txt] mode=range_ratio, topk=5, threshold=2.0, P=0.6415, R=0.8500, F1=0.7312
2025-04-17 08:22:59,259 - INFO - [omi-12.txt] mode=range_ratio, topk=5, threshold=2.5, P=0.6600, R=0.8250, F1=0.7333
2025-04-17 08:22:59,279 - INFO - [omi-12.txt] mode=range_ratio, topk=5, threshold=3.0, P=0.6809, R=0.8000, F1=0.7356
2025-04-17 08:22:59,280 - INFO - [omi-12.txt] mode=range_ratio, topk=5, threshold=3.5, P=0.6739, R=0.7750, F1=0.7209
2025-04-17 08:22:59,281 - INFO - [omi-12.txt] mode=range_ratio, topk=5, threshold=4.0, P=0.7209, R=0.7750, F1=0.7470
2025-04-17 08:22:59,281 - INFO - [omi-12.txt] mode=range_ratio, topk=5, threshold=4.5, P=0.7381, R=0.7750, F1=0.7561
2025-04-17 08:22:59,291 - INFO - [omi-12.txt] mode=range_ratio, topk=5, threshold=5.0, P=0.7381, R=0.7750, F1=0.7561
2025-04-17 08:22:59,324 - INFO - [omi-12.txt] mode=range_ratio, topk=5, threshold=5.5, P=0.7561, R=0.7750, F1=0.7654
2025-04-17 08:22:59,324 - INFO - [omi-12.txt] mode=range_ratio, topk=5, threshold=6.0, P=0.7632, R=0.7250, F1=0.7436
2025-04-17 08:22:59,365 - INFO - [omi-12.txt] mode=range_ratio, topk=5, threshold=6.5, P=0.7632, R=0.7250, F1=0.7436
2025-04-17 08:22:59,365 - INFO - [omi-12.txt] mode=range_ratio, topk=5, threshold=7.0, P=0.7568, R=0.7000, F1=0.7273
2025-04-17 08:22:59,365 - INFO - [omi-12.txt] mode=range_ratio, topk=6, threshold=0.0, P=0.6102, R=0.9000, F1=0.7273
2025-04-17 08:22:59,605 - INFO - [omi-12.txt] mode=range_ratio, topk=6, threshold=0.5, P=0.6207, R=0.9000, F1=0.7347
2025-04-17 08:22:59,606 - INFO - [omi-12.txt] mode=range_ratio, topk=6, threshold=1.0, P=0.6545, R=0.9000, F1=0.7579
2025-04-17 08:22:59,606 - INFO - [omi-12.txt] mode=range_ratio, topk=6, threshold=1.5, P=0.6481, R=0.8750, F1=0.7447
2025-04-17 08:22:59,606 - INFO - [omi-12.txt] mode=range_ratio, topk=6, threshold=2.0, P=0.6481, R=0.8750, F1=0.7447
2025-04-17 08:22:59,606 - INFO - [omi-12.txt] mode=range_ratio, topk=6, threshold=2.5, P=0.6415, R=0.8500, F1=0.7312
2025-04-17 08:22:59,606 - INFO - [omi-12.txt] mode=range_ratio, topk=6, threshold=3.0, P=0.6415, R=0.8500, F1=0.7312
2025-04-17 08:22:59,606 - INFO - [omi-12.txt] mode=range_ratio, topk=6, threshold=3.5, P=0.6415, R=0.8500, F1=0.7312
2025-04-17 08:22:59,974 - INFO - [omi-12.txt] mode=range_ratio, topk=6, threshold=4.0, P=0.6667, R=0.8500, F1=0.7473
2025-04-17 08:22:59,974 - INFO - [omi-12.txt] mode=range_ratio, topk=6, threshold=4.5, P=0.6800, R=0.8500, F1=0.7556
2025-04-17 08:22:59,974 - INFO - [omi-12.txt] mode=range_ratio, topk=6, threshold=5.0, P=0.6667, R=0.8000, F1=0.7273
2025-04-17 08:22:59,974 - INFO - [omi-12.txt] mode=range_ratio, topk=6, threshold=5.5, P=0.6957, R=0.8000, F1=0.7442
2025-04-17 08:22:59,974 - INFO - [omi-12.txt] mode=range_ratio, topk=6, threshold=6.0, P=0.6977, R=0.7500, F1=0.7229
2025-04-17 08:22:59,975 - INFO - [omi-12.txt] mode=range_ratio, topk=6, threshold=6.5, P=0.6977, R=0.7500, F1=0.7229
2025-04-17 08:22:59,975 - INFO - [omi-12.txt] mode=range_ratio, topk=6, threshold=7.0, P=0.6977, R=0.7500, F1=0.7229
2025-04-17 08:22:59,975 - INFO - [omi-12.txt] mode=range_ratio, topk=7, threshold=0.0, P=0.6066, R=0.9250, F1=0.7327
2025-04-17 08:23:00,532 - INFO - [omi-12.txt] mode=range_ratio, topk=7, threshold=0.5, P=0.6271, R=0.9250, F1=0.7475
2025-04-17 08:23:00,534 - INFO - [omi-12.txt] mode=range_ratio, topk=7, threshold=1.0, P=0.6271, R=0.9250, F1=0.7475
2025-04-17 08:23:00,534 - INFO - [omi-12.txt] mode=range_ratio, topk=7, threshold=1.5, P=0.6545, R=0.9000, F1=0.7579
2025-04-17 08:23:00,534 - INFO - [omi-12.txt] mode=range_ratio, topk=7, threshold=2.0, P=0.6545, R=0.9000, F1=0.7579
2025-04-17 08:23:01,195 - INFO - [omi-12.txt] mode=range_ratio, topk=7, threshold=2.5, P=0.6481, R=0.8750, F1=0.7447
2025-04-17 08:23:01,196 - INFO - [omi-12.txt] mode=range_ratio, topk=7, threshold=3.0, P=0.6481, R=0.8750, F1=0.7447
2025-04-17 08:23:01,196 - INFO - [omi-12.txt] mode=range_ratio, topk=7, threshold=3.5, P=0.6481, R=0.8750, F1=0.7447
2025-04-17 08:23:01,196 - INFO - [omi-12.txt] mode=range_ratio, topk=7, threshold=4.0, P=0.6481, R=0.8750, F1=0.7447
2025-04-17 08:23:01,196 - INFO - [omi-12.txt] mode=range_ratio, topk=7, threshold=4.5, P=0.6731, R=0.8750, F1=0.7609
2025-04-17 08:23:01,667 - INFO - [omi-12.txt] mode=range_ratio, topk=7, threshold=5.0, P=0.6600, R=0.8250, F1=0.7333
2025-04-17 08:23:01,668 - INFO - [omi-12.txt] mode=range_ratio, topk=7, threshold=5.5, P=0.6875, R=0.8250, F1=0.7500
2025-04-17 08:23:02,001 - INFO - [omi-12.txt] mode=range_ratio, topk=7, threshold=6.0, P=0.6809, R=0.8000, F1=0.7356
2025-04-17 08:23:03,543 - INFO - [omi-12.txt] mode=range_ratio, topk=7, threshold=6.5, P=0.6809, R=0.8000, F1=0.7356
2025-04-17 08:23:03,913 - INFO - [omi-12.txt] mode=range_ratio, topk=7, threshold=7.0, P=0.6809, R=0.8000, F1=0.7356
2025-04-17 08:23:03,914 - INFO - [omi-12.txt] mode=range_ratio, topk=8, threshold=0.0, P=0.6066, R=0.9250, F1=0.7327
2025-04-17 08:23:03,914 - INFO - [omi-12.txt] mode=range_ratio, topk=8, threshold=0.5, P=0.6167, R=0.9250, F1=0.7400
2025-04-17 08:23:03,969 - INFO - [omi-12.txt] mode=range_ratio, topk=8, threshold=1.0, P=0.6271, R=0.9250, F1=0.7475
2025-04-17 08:23:03,969 - INFO - [omi-12.txt] mode=range_ratio, topk=8, threshold=1.5, P=0.6607, R=0.9250, F1=0.7708
2025-04-17 08:23:03,969 - INFO - [omi-12.txt] mode=range_ratio, topk=8, threshold=2.0, P=0.6607, R=0.9250, F1=0.7708
2025-04-17 08:23:03,969 - INFO - [omi-12.txt] mode=range_ratio, topk=8, threshold=2.5, P=0.6545, R=0.9000, F1=0.7579
2025-04-17 08:23:03,969 - INFO - [omi-12.txt] mode=range_ratio, topk=8, threshold=3.0, P=0.6545, R=0.9000, F1=0.7579
2025-04-17 08:23:03,993 - INFO - [omi-12.txt] mode=range_ratio, topk=8, threshold=3.5, P=0.6545, R=0.9000, F1=0.7579
2025-04-17 08:23:03,994 - INFO - [omi-12.txt] mode=range_ratio, topk=8, threshold=4.0, P=0.6545, R=0.9000, F1=0.7579
2025-04-17 08:23:04,018 - INFO - [omi-12.txt] mode=range_ratio, topk=8, threshold=4.5, P=0.6545, R=0.9000, F1=0.7579
2025-04-17 08:23:04,018 - INFO - [omi-12.txt] mode=range_ratio, topk=8, threshold=5.0, P=0.6481, R=0.8750, F1=0.7447
2025-04-17 08:23:04,040 - INFO - [omi-12.txt] mode=range_ratio, topk=8, threshold=5.5, P=0.6604, R=0.8750, F1=0.7527
2025-04-17 08:23:04,040 - INFO - [omi-12.txt] mode=range_ratio, topk=8, threshold=6.0, P=0.6800, R=0.8500, F1=0.7556
2025-04-17 08:23:04,040 - INFO - [omi-12.txt] mode=range_ratio, topk=8, threshold=6.5, P=0.6800, R=0.8500, F1=0.7556
2025-04-17 08:23:04,040 - INFO - [omi-12.txt] mode=range_ratio, topk=8, threshold=7.0, P=0.6800, R=0.8500, F1=0.7556
2025-04-17 08:23:04,041 - INFO - [omi-12.txt] mode=range_ratio, topk=9, threshold=0.0, P=0.6066, R=0.9250, F1=0.7327
2025-04-17 08:23:04,084 - INFO - [omi-12.txt] mode=range_ratio, topk=9, threshold=0.5, P=0.6066, R=0.9250, F1=0.7327
2025-04-17 08:23:04,084 - INFO - [omi-12.txt] mode=range_ratio, topk=9, threshold=1.0, P=0.6167, R=0.9250, F1=0.7400
2025-04-17 08:23:04,084 - INFO - [omi-12.txt] mode=range_ratio, topk=9, threshold=1.5, P=0.6607, R=0.9250, F1=0.7708
2025-04-17 08:23:04,084 - INFO - [omi-12.txt] mode=range_ratio, topk=9, threshold=2.0, P=0.6607, R=0.9250, F1=0.7708
2025-04-17 08:23:04,084 - INFO - [omi-12.txt] mode=range_ratio, topk=9, threshold=2.5, P=0.6545, R=0.9000, F1=0.7579
2025-04-17 08:23:04,430 - INFO - [omi-12.txt] mode=range_ratio, topk=9, threshold=3.0, P=0.6545, R=0.9000, F1=0.7579
2025-04-17 08:23:04,431 - INFO - [omi-12.txt] mode=range_ratio, topk=9, threshold=3.5, P=0.6545, R=0.9000, F1=0.7579
2025-04-17 08:23:04,431 - INFO - [omi-12.txt] mode=range_ratio, topk=9, threshold=4.0, P=0.6545, R=0.9000, F1=0.7579
2025-04-17 08:23:04,431 - INFO - [omi-12.txt] mode=range_ratio, topk=9, threshold=4.5, P=0.6545, R=0.9000, F1=0.7579
2025-04-17 08:23:04,431 - INFO - [omi-12.txt] mode=range_ratio, topk=9, threshold=5.0, P=0.6545, R=0.9000, F1=0.7579
2025-04-17 08:23:04,431 - INFO - [omi-12.txt] mode=range_ratio, topk=9, threshold=5.5, P=0.6667, R=0.9000, F1=0.7660
2025-04-17 08:23:04,431 - INFO - [omi-12.txt] mode=range_ratio, topk=9, threshold=6.0, P=0.6863, R=0.8750, F1=0.7692
2025-04-17 08:23:04,432 - INFO - [omi-12.txt] mode=range_ratio, topk=9, threshold=6.5, P=0.6863, R=0.8750, F1=0.7692
2025-04-17 08:23:04,432 - INFO - [omi-12.txt] mode=range_ratio, topk=9, threshold=7.0, P=0.6863, R=0.8750, F1=0.7692
2025-04-17 08:23:04,492 - INFO - [omi-1] Starting grid search...
2025-04-17 08:23:10,921 - INFO - [omi-1.txt] mode=range_ratio, topk=1, threshold=0.0, P=0.6849, R=0.5618, F1=0.6173
2025-04-17 08:23:10,937 - INFO - [omi-1.txt] mode=range_ratio, topk=1, threshold=0.5, P=0.6818, R=0.5056, F1=0.5806
2025-04-17 08:23:10,938 - INFO - [omi-1.txt] mode=range_ratio, topk=1, threshold=1.0, P=0.6833, R=0.4607, F1=0.5503
2025-04-17 08:23:10,938 - INFO - [omi-1.txt] mode=range_ratio, topk=1, threshold=1.5, P=0.6727, R=0.4157, F1=0.5139
2025-04-17 08:23:10,966 - INFO - [omi-1.txt] mode=range_ratio, topk=1, threshold=2.0, P=0.6596, R=0.3483, F1=0.4559
2025-04-17 08:23:10,966 - INFO - [omi-1.txt] mode=range_ratio, topk=1, threshold=2.5, P=0.6923, R=0.3034, F1=0.4219
2025-04-17 08:23:10,966 - INFO - [omi-1.txt] mode=range_ratio, topk=1, threshold=3.0, P=0.7143, R=0.2809, F1=0.4032
2025-04-17 08:23:10,978 - INFO - [omi-1.txt] mode=range_ratio, topk=1, threshold=3.5, P=0.7188, R=0.2584, F1=0.3802
2025-04-17 08:23:10,979 - INFO - [omi-1.txt] mode=range_ratio, topk=1, threshold=4.0, P=0.7241, R=0.2360, F1=0.3559
2025-04-17 08:23:10,980 - INFO - [omi-1.txt] mode=range_ratio, topk=1, threshold=4.5, P=0.7308, R=0.2135, F1=0.3304
2025-04-17 08:23:10,980 - INFO - [omi-1.txt] mode=range_ratio, topk=1, threshold=5.0, P=0.7200, R=0.2022, F1=0.3158
2025-04-17 08:23:10,980 - INFO - [omi-1.txt] mode=range_ratio, topk=1, threshold=5.5, P=0.7391, R=0.1910, F1=0.3036
2025-04-17 08:23:10,980 - INFO - [omi-1.txt] mode=range_ratio, topk=1, threshold=6.0, P=0.8095, R=0.1910, F1=0.3091
2025-04-17 08:23:10,980 - INFO - [omi-1.txt] mode=range_ratio, topk=1, threshold=6.5, P=0.8000, R=0.1798, F1=0.2936
2025-04-17 08:23:10,980 - INFO - [omi-1.txt] mode=range_ratio, topk=1, threshold=7.0, P=0.8000, R=0.1798, F1=0.2936
2025-04-17 08:23:10,980 - INFO - [omi-1.txt] mode=range_ratio, topk=2, threshold=0.0, P=0.7126, R=0.6966, F1=0.7045
2025-04-17 08:23:11,052 - INFO - [omi-1.txt] mode=range_ratio, topk=2, threshold=0.5, P=0.7108, R=0.6629, F1=0.6860
2025-04-17 08:23:11,054 - INFO - [omi-1.txt] mode=range_ratio, topk=2, threshold=1.0, P=0.7105, R=0.6067, F1=0.6545
2025-04-17 08:23:11,127 - INFO - [omi-1.txt] mode=range_ratio, topk=2, threshold=1.5, P=0.7183, R=0.5730, F1=0.6375
2025-04-17 08:23:11,127 - INFO - [omi-1.txt] mode=range_ratio, topk=2, threshold=2.0, P=0.6970, R=0.5169, F1=0.5935
2025-04-17 08:23:11,137 - INFO - [omi-1.txt] mode=range_ratio, topk=2, threshold=2.5, P=0.7119, R=0.4719, F1=0.5676
2025-04-17 08:23:11,146 - INFO - [omi-1.txt] mode=range_ratio, topk=2, threshold=3.0, P=0.7273, R=0.4494, F1=0.5556
2025-04-17 08:23:11,146 - INFO - [omi-1.txt] mode=range_ratio, topk=2, threshold=3.5, P=0.7200, R=0.4045, F1=0.5180
2025-04-17 08:23:11,146 - INFO - [omi-1.txt] mode=range_ratio, topk=2, threshold=4.0, P=0.7045, R=0.3483, F1=0.4662
2025-04-17 08:23:11,147 - INFO - [omi-1.txt] mode=range_ratio, topk=2, threshold=4.5, P=0.6905, R=0.3258, F1=0.4427
2025-04-17 08:23:11,147 - INFO - [omi-1.txt] mode=range_ratio, topk=2, threshold=5.0, P=0.7297, R=0.3034, F1=0.4286
2025-04-17 08:23:11,147 - INFO - [omi-1.txt] mode=range_ratio, topk=2, threshold=5.5, P=0.7647, R=0.2921, F1=0.4228
2025-04-17 08:23:11,148 - INFO - [omi-1.txt] mode=range_ratio, topk=2, threshold=6.0, P=0.7647, R=0.2921, F1=0.4228
2025-04-17 08:23:11,148 - INFO - [omi-1.txt] mode=range_ratio, topk=2, threshold=6.5, P=0.7419, R=0.2584, F1=0.3833
2025-04-17 08:23:11,150 - INFO - [omi-1.txt] mode=range_ratio, topk=2, threshold=7.0, P=0.7333, R=0.2472, F1=0.3697
2025-04-17 08:23:11,150 - INFO - [omi-1.txt] mode=range_ratio, topk=3, threshold=0.0, P=0.7396, R=0.7978, F1=0.7676
2025-04-17 08:23:11,150 - INFO - [omi-1.txt] mode=range_ratio, topk=3, threshold=0.5, P=0.7340, R=0.7753, F1=0.7541
2025-04-17 08:23:11,150 - INFO - [omi-1.txt] mode=range_ratio, topk=3, threshold=1.0, P=0.7143, R=0.6742, F1=0.6936
2025-04-17 08:23:11,151 - INFO - [omi-1.txt] mode=range_ratio, topk=3, threshold=1.5, P=0.7284, R=0.6629, F1=0.6941
2025-04-17 08:23:11,236 - INFO - [omi-1.txt] mode=range_ratio, topk=3, threshold=2.0, P=0.7273, R=0.6292, F1=0.6747
2025-04-17 08:23:11,268 - INFO - [omi-1.txt] mode=range_ratio, topk=3, threshold=2.5, P=0.7324, R=0.5843, F1=0.6500
2025-04-17 08:23:13,995 - INFO - [omi-1.txt] mode=range_ratio, topk=3, threshold=3.0, P=0.7353, R=0.5618, F1=0.6369
2025-04-17 08:23:13,996 - INFO - [omi-1.txt] mode=range_ratio, topk=3, threshold=3.5, P=0.7385, R=0.5393, F1=0.6234
2025-04-17 08:23:13,996 - INFO - [omi-1.txt] mode=range_ratio, topk=3, threshold=4.0, P=0.7258, R=0.5056, F1=0.5960
2025-04-17 08:23:13,996 - INFO - [omi-1.txt] mode=range_ratio, topk=3, threshold=4.5, P=0.7222, R=0.4382, F1=0.5455
2025-04-17 08:23:13,996 - INFO - [omi-1.txt] mode=range_ratio, topk=3, threshold=5.0, P=0.7500, R=0.4045, F1=0.5255
2025-04-17 08:23:13,996 - INFO - [omi-1.txt] mode=range_ratio, topk=3, threshold=5.5, P=0.7391, R=0.3820, F1=0.5037
2025-04-17 08:23:13,996 - INFO - [omi-1.txt] mode=range_ratio, topk=3, threshold=6.0, P=0.7333, R=0.3708, F1=0.4925
2025-04-17 08:23:13,997 - INFO - [omi-1.txt] mode=range_ratio, topk=3, threshold=6.5, P=0.7143, R=0.3371, F1=0.4580
2025-04-17 08:23:13,997 - INFO - [omi-1.txt] mode=range_ratio, topk=3, threshold=7.0, P=0.7073, R=0.3258, F1=0.4462
2025-04-17 08:23:13,997 - INFO - [omi-1.txt] mode=range_ratio, topk=4, threshold=0.0, P=0.7400, R=0.8315, F1=0.7831
2025-04-17 08:23:15,587 - INFO - [omi-1.txt] mode=range_ratio, topk=4, threshold=0.5, P=0.7347, R=0.8090, F1=0.7701
2025-04-17 08:23:15,587 - INFO - [omi-1.txt] mode=range_ratio, topk=4, threshold=1.0, P=0.7273, R=0.7191, F1=0.7232
2025-04-17 08:23:16,129 - INFO - [omi-1.txt] mode=range_ratio, topk=4, threshold=1.5, P=0.7176, R=0.6854, F1=0.7011
2025-04-17 08:23:16,557 - INFO - [omi-1.txt] mode=range_ratio, topk=4, threshold=2.0, P=0.7317, R=0.6742, F1=0.7018
2025-04-17 08:23:16,692 - INFO - [omi-1.txt] mode=range_ratio, topk=4, threshold=2.5, P=0.7342, R=0.6517, F1=0.6905
2025-04-17 08:23:16,693 - INFO - [omi-1.txt] mode=range_ratio, topk=4, threshold=3.0, P=0.7237, R=0.6180, F1=0.6667
2025-04-17 08:23:16,693 - INFO - [omi-1.txt] mode=range_ratio, topk=4, threshold=3.5, P=0.7432, R=0.6180, F1=0.6748
2025-04-17 08:23:17,248 - INFO - [omi-1.txt] mode=range_ratio, topk=4, threshold=4.0, P=0.7313, R=0.5506, F1=0.6282
2025-04-17 08:23:17,300 - INFO - [omi-1.txt] mode=range_ratio, topk=4, threshold=4.5, P=0.7143, R=0.5056, F1=0.5921
2025-04-17 08:23:17,300 - INFO - [omi-1.txt] mode=range_ratio, topk=4, threshold=5.0, P=0.7193, R=0.4607, F1=0.5616
2025-04-17 08:23:17,300 - INFO - [omi-1.txt] mode=range_ratio, topk=4, threshold=5.5, P=0.7273, R=0.4494, F1=0.5556
2025-04-17 08:23:17,310 - INFO - [omi-1.txt] mode=range_ratio, topk=4, threshold=6.0, P=0.7407, R=0.4494, F1=0.5594
2025-04-17 08:23:17,375 - INFO - [omi-1.txt] mode=range_ratio, topk=4, threshold=6.5, P=0.7451, R=0.4270, F1=0.5429
2025-04-17 08:23:17,376 - INFO - [omi-1.txt] mode=range_ratio, topk=4, threshold=7.0, P=0.7447, R=0.3933, F1=0.5147
2025-04-17 08:23:17,412 - INFO - [omi-1.txt] mode=range_ratio, topk=5, threshold=0.0, P=0.7477, R=0.8989, F1=0.8163
2025-04-17 08:23:17,460 - INFO - [omi-1.txt] mode=range_ratio, topk=5, threshold=0.5, P=0.7429, R=0.8764, F1=0.8041
2025-04-17 08:23:17,460 - INFO - [omi-1.txt] mode=range_ratio, topk=5, threshold=1.0, P=0.7423, R=0.8090, F1=0.7742
2025-04-17 08:23:17,461 - INFO - [omi-1.txt] mode=range_ratio, topk=5, threshold=1.5, P=0.7312, R=0.7640, F1=0.7473
2025-04-17 08:23:17,503 - INFO - [omi-1.txt] mode=range_ratio, topk=5, threshold=2.0, P=0.7391, R=0.7640, F1=0.7514
2025-04-17 08:23:17,543 - INFO - [omi-1.txt] mode=range_ratio, topk=5, threshold=2.5, P=0.7558, R=0.7303, F1=0.7429
2025-04-17 08:23:17,576 - INFO - [omi-1.txt] mode=range_ratio, topk=5, threshold=3.0, P=0.7470, R=0.6966, F1=0.7209
2025-04-17 08:23:17,577 - INFO - [omi-1.txt] mode=range_ratio, topk=5, threshold=3.5, P=0.7375, R=0.6629, F1=0.6982
2025-04-17 08:23:17,577 - INFO - [omi-1.txt] mode=range_ratio, topk=5, threshold=4.0, P=0.7333, R=0.6180, F1=0.6707
2025-04-17 08:23:17,577 - INFO - [omi-1.txt] mode=range_ratio, topk=5, threshold=4.5, P=0.7361, R=0.5955, F1=0.6584
2025-04-17 08:23:17,577 - INFO - [omi-1.txt] mode=range_ratio, topk=5, threshold=5.0, P=0.7164, R=0.5393, F1=0.6154
2025-04-17 08:23:17,677 - INFO - [omi-1.txt] mode=range_ratio, topk=5, threshold=5.5, P=0.7167, R=0.4831, F1=0.5772
2025-04-17 08:23:17,678 - INFO - [omi-1.txt] mode=range_ratio, topk=5, threshold=6.0, P=0.7241, R=0.4719, F1=0.5714
2025-04-17 08:23:17,679 - INFO - [omi-1.txt] mode=range_ratio, topk=5, threshold=6.5, P=0.7193, R=0.4607, F1=0.5616
2025-04-17 08:23:17,679 - INFO - [omi-1.txt] mode=range_ratio, topk=5, threshold=7.0, P=0.7222, R=0.4382, F1=0.5455
2025-04-17 08:23:17,679 - INFO - [omi-1.txt] mode=range_ratio, topk=6, threshold=0.0, P=0.7523, R=0.9213, F1=0.8283
2025-04-17 08:23:17,679 - INFO - [omi-1.txt] mode=range_ratio, topk=6, threshold=0.5, P=0.7477, R=0.8989, F1=0.8163
2025-04-17 08:23:18,158 - INFO - [omi-1.txt] mode=range_ratio, topk=6, threshold=1.0, P=0.7449, R=0.8202, F1=0.7807
2025-04-17 08:23:18,800 - INFO - [omi-1.txt] mode=range_ratio, topk=6, threshold=1.5, P=0.7368, R=0.7865, F1=0.7609
2025-04-17 08:23:19,044 - INFO - [omi-1.txt] mode=range_ratio, topk=6, threshold=2.0, P=0.7447, R=0.7865, F1=0.7650
2025-04-17 08:23:19,044 - INFO - [omi-1.txt] mode=range_ratio, topk=6, threshold=2.5, P=0.7473, R=0.7640, F1=0.7556
2025-04-17 08:23:20,047 - INFO - [omi-1.txt] mode=range_ratio, topk=6, threshold=3.0, P=0.7586, R=0.7416, F1=0.7500
2025-04-17 08:23:20,047 - INFO - [omi-1.txt] mode=range_ratio, topk=6, threshold=3.5, P=0.7529, R=0.7191, F1=0.7356
2025-04-17 08:23:20,832 - INFO - [omi-1.txt] mode=range_ratio, topk=6, threshold=4.0, P=0.7375, R=0.6629, F1=0.6982
2025-04-17 08:23:20,833 - INFO - [omi-1.txt] mode=range_ratio, topk=6, threshold=4.5, P=0.7342, R=0.6517, F1=0.6905
2025-04-17 08:23:20,833 - INFO - [omi-1.txt] mode=range_ratio, topk=6, threshold=5.0, P=0.7403, R=0.6404, F1=0.6867
2025-04-17 08:23:20,833 - INFO - [omi-1.txt] mode=range_ratio, topk=6, threshold=5.5, P=0.7273, R=0.5393, F1=0.6194
2025-04-17 08:23:21,119 - INFO - [omi-1.txt] mode=range_ratio, topk=6, threshold=6.0, P=0.7188, R=0.5169, F1=0.6013
2025-04-17 08:23:21,121 - INFO - [omi-1.txt] mode=range_ratio, topk=6, threshold=6.5, P=0.7258, R=0.5056, F1=0.5960
2025-04-17 08:23:21,121 - INFO - [omi-1.txt] mode=range_ratio, topk=6, threshold=7.0, P=0.7333, R=0.4944, F1=0.5906
2025-04-17 08:23:21,121 - INFO - [omi-1.txt] mode=range_ratio, topk=7, threshold=0.0, P=0.7545, R=0.9326, F1=0.8342
2025-04-17 08:23:21,122 - INFO - [omi-1.txt] mode=range_ratio, topk=7, threshold=0.5, P=0.7523, R=0.9213, F1=0.8283
2025-04-17 08:23:21,122 - INFO - [omi-1.txt] mode=range_ratio, topk=7, threshold=1.0, P=0.7426, R=0.8427, F1=0.7895
2025-04-17 08:23:21,785 - INFO - [omi-1.txt] mode=range_ratio, topk=7, threshold=1.5, P=0.7396, R=0.7978, F1=0.7676
2025-04-17 08:23:22,777 - INFO - [omi-1.txt] mode=range_ratio, topk=7, threshold=2.0, P=0.7396, R=0.7978, F1=0.7676
2025-04-17 08:23:22,778 - INFO - [omi-1.txt] mode=range_ratio, topk=7, threshold=2.5, P=0.7419, R=0.7753, F1=0.7582
2025-04-17 08:23:23,004 - INFO - [omi-1.txt] mode=range_ratio, topk=7, threshold=3.0, P=0.7391, R=0.7640, F1=0.7514
2025-04-17 08:23:23,101 - INFO - [omi-1.txt] mode=range_ratio, topk=7, threshold=3.5, P=0.7528, R=0.7528, F1=0.7528
2025-04-17 08:23:23,102 - INFO - [omi-1.txt] mode=range_ratio, topk=7, threshold=4.0, P=0.7586, R=0.7416, F1=0.7500
2025-04-17 08:23:23,102 - INFO - [omi-1.txt] mode=range_ratio, topk=7, threshold=4.5, P=0.7529, R=0.7191, F1=0.7356
2025-04-17 08:23:23,102 - INFO - [omi-1.txt] mode=range_ratio, topk=7, threshold=5.0, P=0.7500, R=0.7079, F1=0.7283
2025-04-17 08:23:23,713 - INFO - [omi-1.txt] mode=range_ratio, topk=7, threshold=5.5, P=0.7467, R=0.6292, F1=0.6829
2025-04-17 08:23:23,713 - INFO - [omi-1.txt] mode=range_ratio, topk=7, threshold=6.0, P=0.7429, R=0.5843, F1=0.6541
2025-04-17 08:23:23,713 - INFO - [omi-1.txt] mode=range_ratio, topk=7, threshold=6.5, P=0.7391, R=0.5730, F1=0.6456
2025-04-17 08:23:23,714 - INFO - [omi-1.txt] mode=range_ratio, topk=7, threshold=7.0, P=0.7353, R=0.5618, F1=0.6369
2025-04-17 08:23:23,714 - INFO - [omi-1.txt] mode=range_ratio, topk=8, threshold=0.0, P=0.7522, R=0.9551, F1=0.8416
2025-04-17 08:23:23,714 - INFO - [omi-1.txt] mode=range_ratio, topk=8, threshold=0.5, P=0.7500, R=0.9438, F1=0.8358
2025-04-17 08:23:23,714 - INFO - [omi-1.txt] mode=range_ratio, topk=8, threshold=1.0, P=0.7636, R=0.9438, F1=0.8442
2025-04-17 08:23:23,868 - INFO - [omi-1.txt] mode=range_ratio, topk=8, threshold=1.5, P=0.7476, R=0.8652, F1=0.8021
2025-04-17 08:23:23,869 - INFO - [omi-1.txt] mode=range_ratio, topk=8, threshold=2.0, P=0.7500, R=0.8427, F1=0.7937
2025-04-17 08:23:23,869 - INFO - [omi-1.txt] mode=range_ratio, topk=8, threshold=2.5, P=0.7526, R=0.8202, F1=0.7849
2025-04-17 08:23:23,869 - INFO - [omi-1.txt] mode=range_ratio, topk=8, threshold=3.0, P=0.7526, R=0.8202, F1=0.7849
2025-04-17 08:23:23,869 - INFO - [omi-1.txt] mode=range_ratio, topk=8, threshold=3.5, P=0.7500, R=0.8090, F1=0.7784
2025-04-17 08:23:23,869 - INFO - [omi-1.txt] mode=range_ratio, topk=8, threshold=4.0, P=0.7717, R=0.7978, F1=0.7845
2025-04-17 08:23:23,869 - INFO - [omi-1.txt] mode=range_ratio, topk=8, threshold=4.5, P=0.7717, R=0.7978, F1=0.7845
2025-04-17 08:23:23,958 - INFO - [omi-1.txt] mode=range_ratio, topk=8, threshold=5.0, P=0.7717, R=0.7978, F1=0.7845
2025-04-17 08:23:24,261 - INFO - [omi-1.txt] mode=range_ratio, topk=8, threshold=5.5, P=0.7647, R=0.7303, F1=0.7471
2025-04-17 08:23:24,262 - INFO - [omi-1.txt] mode=range_ratio, topk=8, threshold=6.0, P=0.7561, R=0.6966, F1=0.7251
2025-04-17 08:23:24,262 - INFO - [omi-1.txt] mode=range_ratio, topk=8, threshold=6.5, P=0.7532, R=0.6517, F1=0.6988
2025-04-17 08:23:24,262 - INFO - [omi-1.txt] mode=range_ratio, topk=8, threshold=7.0, P=0.7532, R=0.6517, F1=0.6988
2025-04-17 08:23:24,262 - INFO - [omi-1.txt] mode=range_ratio, topk=9, threshold=0.0, P=0.7522, R=0.9551, F1=0.8416
2025-04-17 08:23:24,262 - INFO - [omi-1.txt] mode=range_ratio, topk=9, threshold=0.5, P=0.7500, R=0.9438, F1=0.8358
2025-04-17 08:23:24,262 - INFO - [omi-1.txt] mode=range_ratio, topk=9, threshold=1.0, P=0.7568, R=0.9438, F1=0.8400
2025-04-17 08:23:24,263 - INFO - [omi-1.txt] mode=range_ratio, topk=9, threshold=1.5, P=0.7524, R=0.8876, F1=0.8144
2025-04-17 08:23:24,263 - INFO - [omi-1.txt] mode=range_ratio, topk=9, threshold=2.0, P=0.7476, R=0.8652, F1=0.8021
2025-04-17 08:23:25,007 - INFO - [omi-1.txt] mode=range_ratio, topk=9, threshold=2.5, P=0.7624, R=0.8652, F1=0.8105
2025-04-17 08:23:25,007 - INFO - [omi-1.txt] mode=range_ratio, topk=9, threshold=3.0, P=0.7600, R=0.8539, F1=0.8042
2025-04-17 08:23:25,008 - INFO - [omi-1.txt] mode=range_ratio, topk=9, threshold=3.5, P=0.7600, R=0.8539, F1=0.8042
2025-04-17 08:23:25,008 - INFO - [omi-1.txt] mode=range_ratio, topk=9, threshold=4.0, P=0.7653, R=0.8427, F1=0.8021
2025-04-17 08:23:25,008 - INFO - [omi-1.txt] mode=range_ratio, topk=9, threshold=4.5, P=0.7812, R=0.8427, F1=0.8108
2025-04-17 08:23:25,517 - INFO - [omi-1.txt] mode=range_ratio, topk=9, threshold=5.0, P=0.7812, R=0.8427, F1=0.8108
2025-04-17 08:23:25,567 - INFO - [omi-1.txt] mode=range_ratio, topk=9, threshold=5.5, P=0.7802, R=0.7978, F1=0.7889
2025-04-17 08:23:25,567 - INFO - [omi-1.txt] mode=range_ratio, topk=9, threshold=6.0, P=0.7727, R=0.7640, F1=0.7684
2025-04-17 08:23:25,568 - INFO - [omi-1.txt] mode=range_ratio, topk=9, threshold=6.5, P=0.7674, R=0.7416, F1=0.7543
2025-04-17 08:23:25,909 - INFO - [omi-1.txt] mode=range_ratio, topk=9, threshold=7.0, P=0.7647, R=0.7303, F1=0.7471
2025-04-17 08:23:25,976 - INFO - [omi-5] Starting grid search...
2025-04-17 08:23:32,895 - INFO - [omi-5.txt] mode=range_ratio, topk=1, threshold=0.0, P=0.4865, R=0.7347, F1=0.5854
2025-04-17 08:23:32,898 - INFO - [omi-5.txt] mode=range_ratio, topk=1, threshold=0.5, P=0.4861, R=0.7143, F1=0.5785
2025-04-17 08:23:32,898 - INFO - [omi-5.txt] mode=range_ratio, topk=1, threshold=1.0, P=0.4833, R=0.5918, F1=0.5321
2025-04-17 08:23:32,899 - INFO - [omi-5.txt] mode=range_ratio, topk=1, threshold=1.5, P=0.5192, R=0.5510, F1=0.5347
2025-04-17 08:23:32,899 - INFO - [omi-5.txt] mode=range_ratio, topk=1, threshold=2.0, P=0.5000, R=0.5102, F1=0.5051
2025-04-17 08:23:32,899 - INFO - [omi-5.txt] mode=range_ratio, topk=1, threshold=2.5, P=0.5217, R=0.4898, F1=0.5053
2025-04-17 08:23:32,899 - INFO - [omi-5.txt] mode=range_ratio, topk=1, threshold=3.0, P=0.5349, R=0.4694, F1=0.5000
2025-04-17 08:23:32,911 - INFO - [omi-5.txt] mode=range_ratio, topk=1, threshold=3.5, P=0.5385, R=0.4286, F1=0.4773
2025-04-17 08:23:32,911 - INFO - [omi-5.txt] mode=range_ratio, topk=1, threshold=4.0, P=0.5385, R=0.4286, F1=0.4773
2025-04-17 08:23:32,911 - INFO - [omi-5.txt] mode=range_ratio, topk=1, threshold=4.5, P=0.5263, R=0.4082, F1=0.4598
2025-04-17 08:23:32,929 - INFO - [omi-5.txt] mode=range_ratio, topk=1, threshold=5.0, P=0.5294, R=0.3673, F1=0.4337
2025-04-17 08:23:32,941 - INFO - [omi-5.txt] mode=range_ratio, topk=1, threshold=5.5, P=0.5294, R=0.3673, F1=0.4337
2025-04-17 08:23:32,942 - INFO - [omi-5.txt] mode=range_ratio, topk=1, threshold=6.0, P=0.5000, R=0.3265, F1=0.3951
2025-04-17 08:23:32,942 - INFO - [omi-5.txt] mode=range_ratio, topk=1, threshold=6.5, P=0.5333, R=0.3265, F1=0.4051
2025-04-17 08:23:32,942 - INFO - [omi-5.txt] mode=range_ratio, topk=1, threshold=7.0, P=0.5333, R=0.3265, F1=0.4051
2025-04-17 08:23:32,952 - INFO - [omi-5.txt] mode=range_ratio, topk=2, threshold=0.0, P=0.4750, R=0.7755, F1=0.5891
2025-04-17 08:23:32,962 - INFO - [omi-5.txt] mode=range_ratio, topk=2, threshold=0.5, P=0.4744, R=0.7551, F1=0.5827
2025-04-17 08:23:32,962 - INFO - [omi-5.txt] mode=range_ratio, topk=2, threshold=1.0, P=0.4493, R=0.6327, F1=0.5254
2025-04-17 08:23:32,999 - INFO - [omi-5.txt] mode=range_ratio, topk=2, threshold=1.5, P=0.5000, R=0.5918, F1=0.5421
2025-04-17 08:23:33,001 - INFO - [omi-5.txt] mode=range_ratio, topk=2, threshold=2.0, P=0.5000, R=0.5510, F1=0.5243
2025-04-17 08:23:33,001 - INFO - [omi-5.txt] mode=range_ratio, topk=2, threshold=2.5, P=0.5094, R=0.5510, F1=0.5294
2025-04-17 08:23:33,009 - INFO - [omi-5.txt] mode=range_ratio, topk=2, threshold=3.0, P=0.4902, R=0.5102, F1=0.5000
2025-04-17 08:23:33,009 - INFO - [omi-5.txt] mode=range_ratio, topk=2, threshold=3.5, P=0.5208, R=0.5102, F1=0.5155
2025-04-17 08:23:33,009 - INFO - [omi-5.txt] mode=range_ratio, topk=2, threshold=4.0, P=0.5319, R=0.5102, F1=0.5208
2025-04-17 08:23:33,009 - INFO - [omi-5.txt] mode=range_ratio, topk=2, threshold=4.5, P=0.5227, R=0.4694, F1=0.4946
2025-04-17 08:23:33,010 - INFO - [omi-5.txt] mode=range_ratio, topk=2, threshold=5.0, P=0.5227, R=0.4694, F1=0.4946
2025-04-17 08:23:33,010 - INFO - [omi-5.txt] mode=range_ratio, topk=2, threshold=5.5, P=0.5238, R=0.4490, F1=0.4835
2025-04-17 08:23:33,010 - INFO - [omi-5.txt] mode=range_ratio, topk=2, threshold=6.0, P=0.5366, R=0.4490, F1=0.4889
2025-04-17 08:23:33,011 - INFO - [omi-5.txt] mode=range_ratio, topk=2, threshold=6.5, P=0.5128, R=0.4082, F1=0.4545
2025-04-17 08:23:33,011 - INFO - [omi-5.txt] mode=range_ratio, topk=2, threshold=7.0, P=0.5263, R=0.4082, F1=0.4598
2025-04-17 08:23:33,011 - INFO - [omi-5.txt] mode=range_ratio, topk=3, threshold=0.0, P=0.4831, R=0.8776, F1=0.6232
2025-04-17 08:23:33,055 - INFO - [omi-5.txt] mode=range_ratio, topk=3, threshold=0.5, P=0.4881, R=0.8367, F1=0.6165
2025-04-17 08:23:33,073 - INFO - [omi-5.txt] mode=range_ratio, topk=3, threshold=1.0, P=0.4595, R=0.6939, F1=0.5528
2025-04-17 08:23:33,086 - INFO - [omi-5.txt] mode=range_ratio, topk=3, threshold=1.5, P=0.5079, R=0.6531, F1=0.5714
2025-04-17 08:23:33,086 - INFO - [omi-5.txt] mode=range_ratio, topk=3, threshold=2.0, P=0.5172, R=0.6122, F1=0.5607
2025-04-17 08:23:33,086 - INFO - [omi-5.txt] mode=range_ratio, topk=3, threshold=2.5, P=0.5263, R=0.6122, F1=0.5660
2025-04-17 08:23:33,694 - INFO - [omi-5.txt] mode=range_ratio, topk=3, threshold=3.0, P=0.5263, R=0.6122, F1=0.5660
2025-04-17 08:23:33,787 - INFO - [omi-5.txt] mode=range_ratio, topk=3, threshold=3.5, P=0.5273, R=0.5918, F1=0.5577
2025-04-17 08:23:33,787 - INFO - [omi-5.txt] mode=range_ratio, topk=3, threshold=4.0, P=0.5192, R=0.5510, F1=0.5347
2025-04-17 08:23:33,788 - INFO - [omi-5.txt] mode=range_ratio, topk=3, threshold=4.5, P=0.5098, R=0.5306, F1=0.5200
2025-04-17 08:23:33,814 - INFO - [omi-5.txt] mode=range_ratio, topk=3, threshold=5.0, P=0.4898, R=0.4898, F1=0.4898
2025-04-17 08:23:36,569 - INFO - [omi-5.txt] mode=range_ratio, topk=3, threshold=5.5, P=0.4681, R=0.4490, F1=0.4583
2025-04-17 08:23:36,569 - INFO - [omi-5.txt] mode=range_ratio, topk=3, threshold=6.0, P=0.4783, R=0.4490, F1=0.4632
2025-04-17 08:23:36,569 - INFO - [omi-5.txt] mode=range_ratio, topk=3, threshold=6.5, P=0.5116, R=0.4490, F1=0.4783
2025-04-17 08:23:36,569 - INFO - [omi-5.txt] mode=range_ratio, topk=3, threshold=7.0, P=0.5116, R=0.4490, F1=0.4783
2025-04-17 08:23:36,570 - INFO - [omi-5.txt] mode=range_ratio, topk=4, threshold=0.0, P=0.4835, R=0.8980, F1=0.6286
2025-04-17 08:23:36,571 - INFO - [omi-5.txt] mode=range_ratio, topk=4, threshold=0.5, P=0.4828, R=0.8571, F1=0.6176
2025-04-17 08:23:36,571 - INFO - [omi-5.txt] mode=range_ratio, topk=4, threshold=1.0, P=0.4684, R=0.7551, F1=0.5781
2025-04-17 08:23:39,366 - INFO - [omi-5.txt] mode=range_ratio, topk=4, threshold=1.5, P=0.4928, R=0.6939, F1=0.5763
2025-04-17 08:23:39,436 - INFO - [omi-5.txt] mode=range_ratio, topk=4, threshold=2.0, P=0.4921, R=0.6327, F1=0.5536
2025-04-17 08:23:39,436 - INFO - [omi-5.txt] mode=range_ratio, topk=4, threshold=2.5, P=0.5000, R=0.6122, F1=0.5505
2025-04-17 08:23:39,436 - INFO - [omi-5.txt] mode=range_ratio, topk=4, threshold=3.0, P=0.5172, R=0.6122, F1=0.5607
2025-04-17 08:23:39,487 - INFO - [omi-5.txt] mode=range_ratio, topk=4, threshold=3.5, P=0.5263, R=0.6122, F1=0.5660
2025-04-17 08:23:39,571 - INFO - [omi-5.txt] mode=range_ratio, topk=4, threshold=4.0, P=0.5094, R=0.5510, F1=0.5294
2025-04-17 08:23:39,571 - INFO - [omi-5.txt] mode=range_ratio, topk=4, threshold=4.5, P=0.5094, R=0.5510, F1=0.5294
2025-04-17 08:23:39,630 - INFO - [omi-5.txt] mode=range_ratio, topk=4, threshold=5.0, P=0.5000, R=0.5102, F1=0.5051
2025-04-17 08:23:39,630 - INFO - [omi-5.txt] mode=range_ratio, topk=4, threshold=5.5, P=0.4898, R=0.4898, F1=0.4898
2025-04-17 08:23:39,630 - INFO - [omi-5.txt] mode=range_ratio, topk=4, threshold=6.0, P=0.5000, R=0.4898, F1=0.4948
2025-04-17 08:23:39,639 - INFO - [omi-5.txt] mode=range_ratio, topk=4, threshold=6.5, P=0.5000, R=0.4694, F1=0.4842
2025-04-17 08:23:39,656 - INFO - [omi-5.txt] mode=range_ratio, topk=4, threshold=7.0, P=0.5000, R=0.4694, F1=0.4842
2025-04-17 08:23:39,725 - INFO - [omi-5.txt] mode=range_ratio, topk=5, threshold=0.0, P=0.4731, R=0.8980, F1=0.6197
2025-04-17 08:23:39,725 - INFO - [omi-5.txt] mode=range_ratio, topk=5, threshold=0.5, P=0.4778, R=0.8776, F1=0.6187
2025-04-17 08:23:39,725 - INFO - [omi-5.txt] mode=range_ratio, topk=5, threshold=1.0, P=0.4625, R=0.7551, F1=0.5736
2025-04-17 08:23:39,725 - INFO - [omi-5.txt] mode=range_ratio, topk=5, threshold=1.5, P=0.4722, R=0.6939, F1=0.5620
2025-04-17 08:23:39,726 - INFO - [omi-5.txt] mode=range_ratio, topk=5, threshold=2.0, P=0.4627, R=0.6327, F1=0.5345
2025-04-17 08:23:39,726 - INFO - [omi-5.txt] mode=range_ratio, topk=5, threshold=2.5, P=0.4769, R=0.6327, F1=0.5439
2025-04-17 08:23:39,726 - INFO - [omi-5.txt] mode=range_ratio, topk=5, threshold=3.0, P=0.5000, R=0.6327, F1=0.5586
2025-04-17 08:23:39,726 - INFO - [omi-5.txt] mode=range_ratio, topk=5, threshold=3.5, P=0.5167, R=0.6327, F1=0.5688
2025-04-17 08:23:39,731 - INFO - [omi-5.txt] mode=range_ratio, topk=5, threshold=4.0, P=0.5172, R=0.6122, F1=0.5607
2025-04-17 08:23:39,740 - INFO - [omi-5.txt] mode=range_ratio, topk=5, threshold=4.5, P=0.5088, R=0.5918, F1=0.5472
2025-04-17 08:23:39,740 - INFO - [omi-5.txt] mode=range_ratio, topk=5, threshold=5.0, P=0.5000, R=0.5306, F1=0.5149
2025-04-17 08:23:39,740 - INFO - [omi-5.txt] mode=range_ratio, topk=5, threshold=5.5, P=0.5000, R=0.5306, F1=0.5149
2025-04-17 08:23:39,740 - INFO - [omi-5.txt] mode=range_ratio, topk=5, threshold=6.0, P=0.5000, R=0.4898, F1=0.4948
2025-04-17 08:23:39,740 - INFO - [omi-5.txt] mode=range_ratio, topk=5, threshold=6.5, P=0.5000, R=0.4898, F1=0.4948
2025-04-17 08:23:39,740 - INFO - [omi-5.txt] mode=range_ratio, topk=5, threshold=7.0, P=0.5000, R=0.4898, F1=0.4948
2025-04-17 08:23:40,209 - INFO - [omi-5.txt] mode=range_ratio, topk=6, threshold=0.0, P=0.4792, R=0.9388, F1=0.6345
2025-04-17 08:23:40,210 - INFO - [omi-5.txt] mode=range_ratio, topk=6, threshold=0.5, P=0.4787, R=0.9184, F1=0.6294
2025-04-17 08:23:40,211 - INFO - [omi-5.txt] mode=range_ratio, topk=6, threshold=1.0, P=0.4691, R=0.7755, F1=0.5846
2025-04-17 08:23:40,211 - INFO - [omi-5.txt] mode=range_ratio, topk=6, threshold=1.5, P=0.4667, R=0.7143, F1=0.5645
2025-04-17 08:23:40,211 - INFO - [omi-5.txt] mode=range_ratio, topk=6, threshold=2.0, P=0.4521, R=0.6735, F1=0.5410
2025-04-17 08:23:40,211 - INFO - [omi-5.txt] mode=range_ratio, topk=6, threshold=2.5, P=0.4714, R=0.6735, F1=0.5546
2025-04-17 08:23:40,211 - INFO - [omi-5.txt] mode=range_ratio, topk=6, threshold=3.0, P=0.4923, R=0.6531, F1=0.5614
2025-04-17 08:23:43,161 - INFO - [omi-5.txt] mode=range_ratio, topk=6, threshold=3.5, P=0.5000, R=0.6531, F1=0.5664
2025-04-17 08:23:43,162 - INFO - [omi-5.txt] mode=range_ratio, topk=6, threshold=4.0, P=0.5161, R=0.6531, F1=0.5766
2025-04-17 08:23:43,163 - INFO - [omi-5.txt] mode=range_ratio, topk=6, threshold=4.5, P=0.5082, R=0.6327, F1=0.5636
2025-04-17 08:23:43,163 - INFO - [omi-5.txt] mode=range_ratio, topk=6, threshold=5.0, P=0.4912, R=0.5714, F1=0.5283
2025-04-17 08:23:43,163 - INFO - [omi-5.txt] mode=range_ratio, topk=6, threshold=5.5, P=0.4909, R=0.5510, F1=0.5192
2025-04-17 08:23:43,163 - INFO - [omi-5.txt] mode=range_ratio, topk=6, threshold=6.0, P=0.5000, R=0.5306, F1=0.5149
2025-04-17 08:23:43,163 - INFO - [omi-5.txt] mode=range_ratio, topk=6, threshold=6.5, P=0.4902, R=0.5102, F1=0.5000
2025-04-17 08:23:43,163 - INFO - [omi-5.txt] mode=range_ratio, topk=6, threshold=7.0, P=0.5000, R=0.5102, F1=0.5051
2025-04-17 08:23:43,163 - INFO - [omi-5.txt] mode=range_ratio, topk=7, threshold=0.0, P=0.4845, R=0.9592, F1=0.6438
2025-04-17 08:23:43,163 - INFO - [omi-5.txt] mode=range_ratio, topk=7, threshold=0.5, P=0.4792, R=0.9388, F1=0.6345
2025-04-17 08:23:43,163 - INFO - [omi-5.txt] mode=range_ratio, topk=7, threshold=1.0, P=0.4767, R=0.8367, F1=0.6074
2025-04-17 08:23:43,163 - INFO - [omi-5.txt] mode=range_ratio, topk=7, threshold=1.5, P=0.4634, R=0.7755, F1=0.5802
2025-04-17 08:23:43,163 - INFO - [omi-5.txt] mode=range_ratio, topk=7, threshold=2.0, P=0.4459, R=0.6735, F1=0.5366
2025-04-17 08:23:44,708 - INFO - [omi-5.txt] mode=range_ratio, topk=7, threshold=2.5, P=0.4521, R=0.6735, F1=0.5410
2025-04-17 08:23:44,708 - INFO - [omi-5.txt] mode=range_ratio, topk=7, threshold=3.0, P=0.4848, R=0.6531, F1=0.5565
2025-04-17 08:23:44,709 - INFO - [omi-5.txt] mode=range_ratio, topk=7, threshold=3.5, P=0.4923, R=0.6531, F1=0.5614
2025-04-17 08:23:45,989 - INFO - [omi-5.txt] mode=range_ratio, topk=7, threshold=4.0, P=0.5079, R=0.6531, F1=0.5714
2025-04-17 08:23:45,990 - INFO - [omi-5.txt] mode=range_ratio, topk=7, threshold=4.5, P=0.5161, R=0.6531, F1=0.5766
2025-04-17 08:23:45,990 - INFO - [omi-5.txt] mode=range_ratio, topk=7, threshold=5.0, P=0.5082, R=0.6327, F1=0.5636
2025-04-17 08:23:45,990 - INFO - [omi-5.txt] mode=range_ratio, topk=7, threshold=5.5, P=0.5254, R=0.6327, F1=0.5741
2025-04-17 08:23:45,990 - INFO - [omi-5.txt] mode=range_ratio, topk=7, threshold=6.0, P=0.5172, R=0.6122, F1=0.5607
2025-04-17 08:23:45,990 - INFO - [omi-5.txt] mode=range_ratio, topk=7, threshold=6.5, P=0.5179, R=0.5918, F1=0.5524
2025-04-17 08:23:46,007 - INFO - [omi-5.txt] mode=range_ratio, topk=7, threshold=7.0, P=0.5179, R=0.5918, F1=0.5524
2025-04-17 08:23:46,007 - INFO - [omi-5.txt] mode=range_ratio, topk=8, threshold=0.0, P=0.4796, R=0.9592, F1=0.6395
2025-04-17 08:23:46,007 - INFO - [omi-5.txt] mode=range_ratio, topk=8, threshold=0.5, P=0.4742, R=0.9388, F1=0.6301
2025-04-17 08:23:46,026 - INFO - [omi-5.txt] mode=range_ratio, topk=8, threshold=1.0, P=0.4725, R=0.8776, F1=0.6143
2025-04-17 08:23:46,051 - INFO - [omi-5.txt] mode=range_ratio, topk=8, threshold=1.5, P=0.4578, R=0.7755, F1=0.5758
2025-04-17 08:23:46,051 - INFO - [omi-5.txt] mode=range_ratio, topk=8, threshold=2.0, P=0.4342, R=0.6735, F1=0.5280
2025-04-17 08:23:46,067 - INFO - [omi-5.txt] mode=range_ratio, topk=8, threshold=2.5, P=0.4459, R=0.6735, F1=0.5366
2025-04-17 08:23:46,091 - INFO - [omi-5.txt] mode=range_ratio, topk=8, threshold=3.0, P=0.4776, R=0.6531, F1=0.5517
2025-04-17 08:23:46,092 - INFO - [omi-5.txt] mode=range_ratio, topk=8, threshold=3.5, P=0.4848, R=0.6531, F1=0.5565
2025-04-17 08:23:46,092 - INFO - [omi-5.txt] mode=range_ratio, topk=8, threshold=4.0, P=0.4923, R=0.6531, F1=0.5614
2025-04-17 08:23:46,096 - INFO - [omi-5.txt] mode=range_ratio, topk=8, threshold=4.5, P=0.5079, R=0.6531, F1=0.5714
2025-04-17 08:23:46,096 - INFO - [omi-5.txt] mode=range_ratio, topk=8, threshold=5.0, P=0.5082, R=0.6327, F1=0.5636
2025-04-17 08:23:46,216 - INFO - [omi-5.txt] mode=range_ratio, topk=8, threshold=5.5, P=0.5254, R=0.6327, F1=0.5741
2025-04-17 08:23:46,385 - INFO - [omi-5.txt] mode=range_ratio, topk=8, threshold=6.0, P=0.5172, R=0.6122, F1=0.5607
2025-04-17 08:23:46,385 - INFO - [omi-5.txt] mode=range_ratio, topk=8, threshold=6.5, P=0.5172, R=0.6122, F1=0.5607
2025-04-17 08:23:46,385 - INFO - [omi-5.txt] mode=range_ratio, topk=8, threshold=7.0, P=0.5172, R=0.6122, F1=0.5607
2025-04-17 08:23:46,385 - INFO - [omi-5.txt] mode=range_ratio, topk=9, threshold=0.0, P=0.4796, R=0.9592, F1=0.6395
2025-04-17 08:23:46,385 - INFO - [omi-5.txt] mode=range_ratio, topk=9, threshold=0.5, P=0.4742, R=0.9388, F1=0.6301
2025-04-17 08:23:46,385 - INFO - [omi-5.txt] mode=range_ratio, topk=9, threshold=1.0, P=0.4731, R=0.8980, F1=0.6197
2025-04-17 08:23:46,385 - INFO - [omi-5.txt] mode=range_ratio, topk=9, threshold=1.5, P=0.4706, R=0.8163, F1=0.5970
2025-04-17 08:23:46,385 - INFO - [omi-5.txt] mode=range_ratio, topk=9, threshold=2.0, P=0.4430, R=0.7143, F1=0.5469
2025-04-17 08:23:46,386 - INFO - [omi-5.txt] mode=range_ratio, topk=9, threshold=2.5, P=0.4474, R=0.6939, F1=0.5440
2025-04-17 08:23:46,386 - INFO - [omi-5.txt] mode=range_ratio, topk=9, threshold=3.0, P=0.4783, R=0.6735, F1=0.5593
2025-04-17 08:23:46,386 - INFO - [omi-5.txt] mode=range_ratio, topk=9, threshold=3.5, P=0.4853, R=0.6735, F1=0.5641
2025-04-17 08:23:46,386 - INFO - [omi-5.txt] mode=range_ratio, topk=9, threshold=4.0, P=0.4925, R=0.6735, F1=0.5690
2025-04-17 08:23:47,244 - INFO - [omi-5.txt] mode=range_ratio, topk=9, threshold=4.5, P=0.5077, R=0.6735, F1=0.5789
2025-04-17 08:23:47,245 - INFO - [omi-5.txt] mode=range_ratio, topk=9, threshold=5.0, P=0.4921, R=0.6327, F1=0.5536
2025-04-17 08:23:47,245 - INFO - [omi-5.txt] mode=range_ratio, topk=9, threshold=5.5, P=0.4921, R=0.6327, F1=0.5536
2025-04-17 08:23:47,300 - INFO - [omi-5.txt] mode=range_ratio, topk=9, threshold=6.0, P=0.4918, R=0.6122, F1=0.5455
2025-04-17 08:23:47,300 - INFO - [omi-5.txt] mode=range_ratio, topk=9, threshold=6.5, P=0.5000, R=0.6122, F1=0.5505
2025-04-17 08:23:47,487 - INFO - [omi-5.txt] mode=range_ratio, topk=9, threshold=7.0, P=0.5000, R=0.6122, F1=0.5505
2025-04-17 08:23:47,554 - INFO - [omi-6] Starting grid search...
2025-04-17 08:23:54,115 - INFO - [omi-6.txt] mode=range_ratio, topk=1, threshold=0.0, P=0.2883, R=0.7273, F1=0.4129
2025-04-17 08:23:54,151 - INFO - [omi-6.txt] mode=range_ratio, topk=1, threshold=0.5, P=0.2936, R=0.7273, F1=0.4183
2025-04-17 08:23:54,852 - INFO - [omi-6.txt] mode=range_ratio, topk=1, threshold=1.0, P=0.3093, R=0.6818, F1=0.4255
2025-04-17 08:23:54,852 - INFO - [omi-6.txt] mode=range_ratio, topk=1, threshold=1.5, P=0.3176, R=0.6136, F1=0.4186
2025-04-17 08:23:54,853 - INFO - [omi-6.txt] mode=range_ratio, topk=1, threshold=2.0, P=0.3506, R=0.6136, F1=0.4463
2025-04-17 08:23:54,853 - INFO - [omi-6.txt] mode=range_ratio, topk=1, threshold=2.5, P=0.3662, R=0.5909, F1=0.4522
2025-04-17 08:23:54,853 - INFO - [omi-6.txt] mode=range_ratio, topk=1, threshold=3.0, P=0.4068, R=0.5455, F1=0.4660
2025-04-17 08:23:54,853 - INFO - [omi-6.txt] mode=range_ratio, topk=1, threshold=3.5, P=0.4200, R=0.4773, F1=0.4468
2025-04-17 08:23:54,853 - INFO - [omi-6.txt] mode=range_ratio, topk=1, threshold=4.0, P=0.4348, R=0.4545, F1=0.4444
2025-04-17 08:23:54,853 - INFO - [omi-6.txt] mode=range_ratio, topk=1, threshold=4.5, P=0.4186, R=0.4091, F1=0.4138
2025-04-17 08:23:54,853 - INFO - [omi-6.txt] mode=range_ratio, topk=1, threshold=5.0, P=0.4186, R=0.4091, F1=0.4138
2025-04-17 08:23:54,853 - INFO - [omi-6.txt] mode=range_ratio, topk=1, threshold=5.5, P=0.4474, R=0.3864, F1=0.4146
2025-04-17 08:23:54,853 - INFO - [omi-6.txt] mode=range_ratio, topk=1, threshold=6.0, P=0.4857, R=0.3864, F1=0.4304
2025-04-17 08:23:54,853 - INFO - [omi-6.txt] mode=range_ratio, topk=1, threshold=6.5, P=0.4706, R=0.3636, F1=0.4103
2025-04-17 08:23:54,853 - INFO - [omi-6.txt] mode=range_ratio, topk=1, threshold=7.0, P=0.4828, R=0.3182, F1=0.3836
2025-04-17 08:23:54,854 - INFO - [omi-6.txt] mode=range_ratio, topk=2, threshold=0.0, P=0.2880, R=0.8182, F1=0.4260
2025-04-17 08:23:54,854 - INFO - [omi-6.txt] mode=range_ratio, topk=2, threshold=0.5, P=0.2951, R=0.8182, F1=0.4337
2025-04-17 08:23:54,854 - INFO - [omi-6.txt] mode=range_ratio, topk=2, threshold=1.0, P=0.3063, R=0.7727, F1=0.4387
2025-04-17 08:23:54,854 - INFO - [omi-6.txt] mode=range_ratio, topk=2, threshold=1.5, P=0.2941, R=0.6818, F1=0.4110
2025-04-17 08:23:54,854 - INFO - [omi-6.txt] mode=range_ratio, topk=2, threshold=2.0, P=0.3118, R=0.6591, F1=0.4234
2025-04-17 08:23:54,854 - INFO - [omi-6.txt] mode=range_ratio, topk=2, threshold=2.5, P=0.3133, R=0.5909, F1=0.4094
2025-04-17 08:23:54,854 - INFO - [omi-6.txt] mode=range_ratio, topk=2, threshold=3.0, P=0.3333, R=0.5909, F1=0.4262
2025-04-17 08:23:54,854 - INFO - [omi-6.txt] mode=range_ratio, topk=2, threshold=3.5, P=0.3562, R=0.5909, F1=0.4444
2025-04-17 08:23:54,854 - INFO - [omi-6.txt] mode=range_ratio, topk=2, threshold=4.0, P=0.3731, R=0.5682, F1=0.4505
2025-04-17 08:23:54,854 - INFO - [omi-6.txt] mode=range_ratio, topk=2, threshold=4.5, P=0.3710, R=0.5227, F1=0.4340
2025-04-17 08:23:54,854 - INFO - [omi-6.txt] mode=range_ratio, topk=2, threshold=5.0, P=0.3621, R=0.4773, F1=0.4118
2025-04-17 08:23:54,854 - INFO - [omi-6.txt] mode=range_ratio, topk=2, threshold=5.5, P=0.3846, R=0.4545, F1=0.4167
2025-04-17 08:23:54,854 - INFO - [omi-6.txt] mode=range_ratio, topk=2, threshold=6.0, P=0.4130, R=0.4318, F1=0.4222
2025-04-17 08:23:54,854 - INFO - [omi-6.txt] mode=range_ratio, topk=2, threshold=6.5, P=0.4091, R=0.4091, F1=0.4091
2025-04-17 08:23:54,854 - INFO - [omi-6.txt] mode=range_ratio, topk=2, threshold=7.0, P=0.4286, R=0.4091, F1=0.4186
2025-04-17 08:23:54,854 - INFO - [omi-6.txt] mode=range_ratio, topk=3, threshold=0.0, P=0.2701, R=0.8409, F1=0.4088
2025-04-17 08:23:54,854 - INFO - [omi-6.txt] mode=range_ratio, topk=3, threshold=0.5, P=0.2727, R=0.8182, F1=0.4091
2025-04-17 08:23:54,854 - INFO - [omi-6.txt] mode=range_ratio, topk=3, threshold=1.0, P=0.2941, R=0.7955, F1=0.4294
2025-04-17 08:23:54,854 - INFO - [omi-6.txt] mode=range_ratio, topk=3, threshold=1.5, P=0.2883, R=0.7273, F1=0.4129
2025-04-17 08:23:54,855 - INFO - [omi-6.txt] mode=range_ratio, topk=3, threshold=2.0, P=0.2952, R=0.7045, F1=0.4161
2025-04-17 08:23:54,855 - INFO - [omi-6.txt] mode=range_ratio, topk=3, threshold=2.5, P=0.3061, R=0.6818, F1=0.4225
2025-04-17 08:23:54,937 - INFO - [omi-6.txt] mode=range_ratio, topk=3, threshold=3.0, P=0.3152, R=0.6591, F1=0.4265
2025-04-17 08:23:54,981 - INFO - [omi-6.txt] mode=range_ratio, topk=3, threshold=3.5, P=0.3333, R=0.6364, F1=0.4375
2025-04-17 08:23:54,982 - INFO - [omi-6.txt] mode=range_ratio, topk=3, threshold=4.0, P=0.3457, R=0.6364, F1=0.4480
2025-04-17 08:23:55,022 - INFO - [omi-6.txt] mode=range_ratio, topk=3, threshold=4.5, P=0.3375, R=0.6136, F1=0.4355
2025-04-17 08:23:55,024 - INFO - [omi-6.txt] mode=range_ratio, topk=3, threshold=5.0, P=0.3333, R=0.5455, F1=0.4138
2025-04-17 08:23:55,059 - INFO - [omi-6.txt] mode=range_ratio, topk=3, threshold=5.5, P=0.3582, R=0.5455, F1=0.4324
2025-04-17 08:23:55,076 - INFO - [omi-6.txt] mode=range_ratio, topk=3, threshold=6.0, P=0.3729, R=0.5000, F1=0.4272
2025-04-17 08:23:55,077 - INFO - [omi-6.txt] mode=range_ratio, topk=3, threshold=6.5, P=0.3750, R=0.4773, F1=0.4200
2025-04-17 08:23:55,077 - INFO - [omi-6.txt] mode=range_ratio, topk=3, threshold=7.0, P=0.3704, R=0.4545, F1=0.4082
2025-04-17 08:23:55,143 - INFO - [omi-6.txt] mode=range_ratio, topk=4, threshold=0.0, P=0.2621, R=0.8636, F1=0.4021
2025-04-17 08:23:55,408 - INFO - [omi-6.txt] mode=range_ratio, topk=4, threshold=0.5, P=0.2643, R=0.8409, F1=0.4022
2025-04-17 08:23:58,931 - INFO - [omi-6.txt] mode=range_ratio, topk=4, threshold=1.0, P=0.2857, R=0.8182, F1=0.4235
2025-04-17 08:23:58,931 - INFO - [omi-6.txt] mode=range_ratio, topk=4, threshold=1.5, P=0.2712, R=0.7273, F1=0.3951
2025-04-17 08:24:00,586 - INFO - [omi-6.txt] mode=range_ratio, topk=4, threshold=2.0, P=0.2807, R=0.7273, F1=0.4051
2025-04-17 08:24:00,587 - INFO - [omi-6.txt] mode=range_ratio, topk=4, threshold=2.5, P=0.2830, R=0.6818, F1=0.4000
2025-04-17 08:24:00,597 - INFO - [omi-6.txt] mode=range_ratio, topk=4, threshold=3.0, P=0.2970, R=0.6818, F1=0.4138
2025-04-17 08:24:00,621 - INFO - [omi-6.txt] mode=range_ratio, topk=4, threshold=3.5, P=0.3085, R=0.6591, F1=0.4203
2025-04-17 08:24:00,664 - INFO - [omi-6.txt] mode=range_ratio, topk=4, threshold=4.0, P=0.3187, R=0.6591, F1=0.4296
2025-04-17 08:24:00,664 - INFO - [omi-6.txt] mode=range_ratio, topk=4, threshold=4.5, P=0.3222, R=0.6591, F1=0.4328
2025-04-17 08:24:00,664 - INFO - [omi-6.txt] mode=range_ratio, topk=4, threshold=5.0, P=0.3295, R=0.6591, F1=0.4394
2025-04-17 08:24:00,664 - INFO - [omi-6.txt] mode=range_ratio, topk=4, threshold=5.5, P=0.3457, R=0.6364, F1=0.4480
2025-04-17 08:24:00,716 - INFO - [omi-6.txt] mode=range_ratio, topk=4, threshold=6.0, P=0.3553, R=0.6136, F1=0.4500
2025-04-17 08:24:00,739 - INFO - [omi-6.txt] mode=range_ratio, topk=4, threshold=6.5, P=0.3562, R=0.5909, F1=0.4444
2025-04-17 08:24:00,741 - INFO - [omi-6.txt] mode=range_ratio, topk=4, threshold=7.0, P=0.3472, R=0.5682, F1=0.4310
2025-04-17 08:24:00,769 - INFO - [omi-6.txt] mode=range_ratio, topk=5, threshold=0.0, P=0.2632, R=0.9091, F1=0.4082
2025-04-17 08:24:00,820 - INFO - [omi-6.txt] mode=range_ratio, topk=5, threshold=0.5, P=0.2685, R=0.9091, F1=0.4145
2025-04-17 08:24:00,820 - INFO - [omi-6.txt] mode=range_ratio, topk=5, threshold=1.0, P=0.2868, R=0.8864, F1=0.4333
2025-04-17 08:24:00,820 - INFO - [omi-6.txt] mode=range_ratio, topk=5, threshold=1.5, P=0.2656, R=0.7727, F1=0.3953
2025-04-17 08:24:00,820 - INFO - [omi-6.txt] mode=range_ratio, topk=5, threshold=2.0, P=0.2727, R=0.7500, F1=0.4000
2025-04-17 08:24:00,859 - INFO - [omi-6.txt] mode=range_ratio, topk=5, threshold=2.5, P=0.2783, R=0.7273, F1=0.4025
2025-04-17 08:24:00,860 - INFO - [omi-6.txt] mode=range_ratio, topk=5, threshold=3.0, P=0.2793, R=0.7045, F1=0.4000
2025-04-17 08:24:00,867 - INFO - [omi-6.txt] mode=range_ratio, topk=5, threshold=3.5, P=0.2952, R=0.7045, F1=0.4161
2025-04-17 08:24:00,867 - INFO - [omi-6.txt] mode=range_ratio, topk=5, threshold=4.0, P=0.3093, R=0.6818, F1=0.4255
2025-04-17 08:24:00,906 - INFO - [omi-6.txt] mode=range_ratio, topk=5, threshold=4.5, P=0.3191, R=0.6818, F1=0.4348
2025-04-17 08:24:00,911 - INFO - [omi-6.txt] mode=range_ratio, topk=5, threshold=5.0, P=0.3226, R=0.6818, F1=0.4380
2025-04-17 08:24:01,362 - INFO - [omi-6.txt] mode=range_ratio, topk=5, threshold=5.5, P=0.3297, R=0.6818, F1=0.4444
2025-04-17 08:24:01,362 - INFO - [omi-6.txt] mode=range_ratio, topk=5, threshold=6.0, P=0.3295, R=0.6591, F1=0.4394
2025-04-17 08:24:01,363 - INFO - [omi-6.txt] mode=range_ratio, topk=5, threshold=6.5, P=0.3412, R=0.6591, F1=0.4496
2025-04-17 08:24:01,363 - INFO - [omi-6.txt] mode=range_ratio, topk=5, threshold=7.0, P=0.3333, R=0.6136, F1=0.4320
2025-04-17 08:24:01,363 - INFO - [omi-6.txt] mode=range_ratio, topk=6, threshold=0.0, P=0.2645, R=0.9318, F1=0.4121
2025-04-17 08:24:01,364 - INFO - [omi-6.txt] mode=range_ratio, topk=6, threshold=0.5, P=0.2662, R=0.9318, F1=0.4141
2025-04-17 08:24:01,364 - INFO - [omi-6.txt] mode=range_ratio, topk=6, threshold=1.0, P=0.2837, R=0.9091, F1=0.4324
2025-04-17 08:24:01,364 - INFO - [omi-6.txt] mode=range_ratio, topk=6, threshold=1.5, P=0.2672, R=0.7955, F1=0.4000
2025-04-17 08:24:01,364 - INFO - [omi-6.txt] mode=range_ratio, topk=6, threshold=2.0, P=0.2640, R=0.7500, F1=0.3905
2025-04-17 08:24:01,364 - INFO - [omi-6.txt] mode=range_ratio, topk=6, threshold=2.5, P=0.2689, R=0.7273, F1=0.3926
2025-04-17 08:24:01,364 - INFO - [omi-6.txt] mode=range_ratio, topk=6, threshold=3.0, P=0.2759, R=0.7273, F1=0.4000
2025-04-17 08:24:01,364 - INFO - [omi-6.txt] mode=range_ratio, topk=6, threshold=3.5, P=0.2783, R=0.7273, F1=0.4025
2025-04-17 08:24:01,436 - INFO - [omi-6.txt] mode=range_ratio, topk=6, threshold=4.0, P=0.3077, R=0.7273, F1=0.4324
2025-04-17 08:24:04,461 - INFO - [omi-6.txt] mode=range_ratio, topk=6, threshold=4.5, P=0.2941, R=0.6818, F1=0.4110
2025-04-17 08:24:04,461 - INFO - [omi-6.txt] mode=range_ratio, topk=6, threshold=5.0, P=0.3061, R=0.6818, F1=0.4225
2025-04-17 08:24:04,462 - INFO - [omi-6.txt] mode=range_ratio, topk=6, threshold=5.5, P=0.3191, R=0.6818, F1=0.4348
2025-04-17 08:24:04,462 - INFO - [omi-6.txt] mode=range_ratio, topk=6, threshold=6.0, P=0.3261, R=0.6818, F1=0.4412
2025-04-17 08:24:04,462 - INFO - [omi-6.txt] mode=range_ratio, topk=6, threshold=6.5, P=0.3261, R=0.6818, F1=0.4412
2025-04-17 08:24:04,462 - INFO - [omi-6.txt] mode=range_ratio, topk=6, threshold=7.0, P=0.3111, R=0.6364, F1=0.4179
2025-04-17 08:24:04,462 - INFO - [omi-6.txt] mode=range_ratio, topk=7, threshold=0.0, P=0.2595, R=0.9318, F1=0.4059
2025-04-17 08:24:04,462 - INFO - [omi-6.txt] mode=range_ratio, topk=7, threshold=0.5, P=0.2611, R=0.9318, F1=0.4080
2025-04-17 08:24:04,462 - INFO - [omi-6.txt] mode=range_ratio, topk=7, threshold=1.0, P=0.2740, R=0.9091, F1=0.4211
2025-04-17 08:24:04,462 - INFO - [omi-6.txt] mode=range_ratio, topk=7, threshold=1.5, P=0.2701, R=0.8409, F1=0.4088
2025-04-17 08:24:04,462 - INFO - [omi-6.txt] mode=range_ratio, topk=7, threshold=2.0, P=0.2595, R=0.7727, F1=0.3886
2025-04-17 08:24:05,439 - INFO - [omi-6.txt] mode=range_ratio, topk=7, threshold=2.5, P=0.2619, R=0.7500, F1=0.3882
2025-04-17 08:24:05,440 - INFO - [omi-6.txt] mode=range_ratio, topk=7, threshold=3.0, P=0.2705, R=0.7500, F1=0.3976
2025-04-17 08:24:05,440 - INFO - [omi-6.txt] mode=range_ratio, topk=7, threshold=3.5, P=0.2750, R=0.7500, F1=0.4024
2025-04-17 08:24:05,440 - INFO - [omi-6.txt] mode=range_ratio, topk=7, threshold=4.0, P=0.2807, R=0.7273, F1=0.4051
2025-04-17 08:24:06,597 - INFO - [omi-6.txt] mode=range_ratio, topk=7, threshold=4.5, P=0.2936, R=0.7273, F1=0.4183
2025-04-17 08:24:06,598 - INFO - [omi-6.txt] mode=range_ratio, topk=7, threshold=5.0, P=0.3048, R=0.7273, F1=0.4295
2025-04-17 08:24:06,598 - INFO - [omi-6.txt] mode=range_ratio, topk=7, threshold=5.5, P=0.3107, R=0.7273, F1=0.4354
2025-04-17 08:24:06,598 - INFO - [omi-6.txt] mode=range_ratio, topk=7, threshold=6.0, P=0.3000, R=0.6818, F1=0.4167
2025-04-17 08:24:06,987 - INFO - [omi-6.txt] mode=range_ratio, topk=7, threshold=6.5, P=0.3093, R=0.6818, F1=0.4255
2025-04-17 08:24:06,988 - INFO - [omi-6.txt] mode=range_ratio, topk=7, threshold=7.0, P=0.3118, R=0.6591, F1=0.4234
2025-04-17 08:24:06,988 - INFO - [omi-6.txt] mode=range_ratio, topk=8, threshold=0.0, P=0.2562, R=0.9318, F1=0.4020
2025-04-17 08:24:06,988 - INFO - [omi-6.txt] mode=range_ratio, topk=8, threshold=0.5, P=0.2562, R=0.9318, F1=0.4020
2025-04-17 08:24:07,057 - INFO - [omi-6.txt] mode=range_ratio, topk=8, threshold=1.0, P=0.2667, R=0.9091, F1=0.4124
2025-04-17 08:24:07,128 - INFO - [omi-6.txt] mode=range_ratio, topk=8, threshold=1.5, P=0.2657, R=0.8636, F1=0.4064
2025-04-17 08:24:07,129 - INFO - [omi-6.txt] mode=range_ratio, topk=8, threshold=2.0, P=0.2590, R=0.8182, F1=0.3934
2025-04-17 08:24:07,129 - INFO - [omi-6.txt] mode=range_ratio, topk=8, threshold=2.5, P=0.2632, R=0.7955, F1=0.3955
2025-04-17 08:24:07,129 - INFO - [omi-6.txt] mode=range_ratio, topk=8, threshold=3.0, P=0.2558, R=0.7500, F1=0.3815
2025-04-17 08:24:07,129 - INFO - [omi-6.txt] mode=range_ratio, topk=8, threshold=3.5, P=0.2598, R=0.7500, F1=0.3860
2025-04-17 08:24:07,142 - INFO - [omi-6.txt] mode=range_ratio, topk=8, threshold=4.0, P=0.2797, R=0.7500, F1=0.4074
2025-04-17 08:24:07,142 - INFO - [omi-6.txt] mode=range_ratio, topk=8, threshold=4.5, P=0.2895, R=0.7500, F1=0.4177
2025-04-17 08:24:07,165 - INFO - [omi-6.txt] mode=range_ratio, topk=8, threshold=5.0, P=0.3028, R=0.7500, F1=0.4314
2025-04-17 08:24:07,165 - INFO - [omi-6.txt] mode=range_ratio, topk=8, threshold=5.5, P=0.3113, R=0.7500, F1=0.4400
2025-04-17 08:24:07,198 - INFO - [omi-6.txt] mode=range_ratio, topk=8, threshold=6.0, P=0.3077, R=0.7273, F1=0.4324
2025-04-17 08:24:07,198 - INFO - [omi-6.txt] mode=range_ratio, topk=8, threshold=6.5, P=0.3163, R=0.7045, F1=0.4366
2025-04-17 08:24:07,198 - INFO - [omi-6.txt] mode=range_ratio, topk=8, threshold=7.0, P=0.3125, R=0.6818, F1=0.4286
2025-04-17 08:24:07,198 - INFO - [omi-6.txt] mode=range_ratio, topk=9, threshold=0.0, P=0.2609, R=0.9545, F1=0.4098
2025-04-17 08:24:07,198 - INFO - [omi-6.txt] mode=range_ratio, topk=9, threshold=0.5, P=0.2609, R=0.9545, F1=0.4098
2025-04-17 08:24:07,198 - INFO - [omi-6.txt] mode=range_ratio, topk=9, threshold=1.0, P=0.2581, R=0.9091, F1=0.4020
2025-04-17 08:24:07,198 - INFO - [omi-6.txt] mode=range_ratio, topk=9, threshold=1.5, P=0.2635, R=0.8864, F1=0.4062
2025-04-17 08:24:07,198 - INFO - [omi-6.txt] mode=range_ratio, topk=9, threshold=2.0, P=0.2569, R=0.8409, F1=0.3936
2025-04-17 08:24:07,199 - INFO - [omi-6.txt] mode=range_ratio, topk=9, threshold=2.5, P=0.2643, R=0.8409, F1=0.4022
2025-04-17 08:24:07,199 - INFO - [omi-6.txt] mode=range_ratio, topk=9, threshold=3.0, P=0.2555, R=0.7955, F1=0.3867
2025-04-17 08:24:07,199 - INFO - [omi-6.txt] mode=range_ratio, topk=9, threshold=3.5, P=0.2612, R=0.7955, F1=0.3933
2025-04-17 08:24:07,199 - INFO - [omi-6.txt] mode=range_ratio, topk=9, threshold=4.0, P=0.2652, R=0.7955, F1=0.3977
2025-04-17 08:24:07,199 - INFO - [omi-6.txt] mode=range_ratio, topk=9, threshold=4.5, P=0.2846, R=0.7955, F1=0.4192
2025-04-17 08:24:07,199 - INFO - [omi-6.txt] mode=range_ratio, topk=9, threshold=5.0, P=0.3043, R=0.7955, F1=0.4403
2025-04-17 08:24:08,318 - INFO - [omi-6.txt] mode=range_ratio, topk=9, threshold=5.5, P=0.3091, R=0.7727, F1=0.4416
2025-04-17 08:24:08,319 - INFO - [omi-6.txt] mode=range_ratio, topk=9, threshold=6.0, P=0.3178, R=0.7727, F1=0.4503
2025-04-17 08:24:08,753 - INFO - [omi-6.txt] mode=range_ratio, topk=9, threshold=6.5, P=0.3107, R=0.7273, F1=0.4354
2025-04-17 08:24:08,753 - INFO - [omi-6.txt] mode=range_ratio, topk=9, threshold=7.0, P=0.3131, R=0.7045, F1=0.4336
2025-04-17 08:24:08,819 - INFO - [omi-7] Starting grid search...
2025-04-17 08:24:14,318 - INFO - [omi-7.txt] mode=range_ratio, topk=1, threshold=0.0, P=0.9118, R=0.7949, F1=0.8493
2025-04-17 08:24:15,112 - INFO - [omi-7.txt] mode=range_ratio, topk=1, threshold=0.5, P=0.9118, R=0.7949, F1=0.8493
2025-04-17 08:24:15,114 - INFO - [omi-7.txt] mode=range_ratio, topk=1, threshold=1.0, P=0.9118, R=0.7949, F1=0.8493
2025-04-17 08:24:15,126 - INFO - [omi-7.txt] mode=range_ratio, topk=1, threshold=1.5, P=0.9091, R=0.7692, F1=0.8333
2025-04-17 08:24:15,126 - INFO - [omi-7.txt] mode=range_ratio, topk=1, threshold=2.0, P=0.9375, R=0.7692, F1=0.8451
2025-04-17 08:24:15,165 - INFO - [omi-7.txt] mode=range_ratio, topk=1, threshold=2.5, P=0.9310, R=0.6923, F1=0.7941
2025-04-17 08:24:15,165 - INFO - [omi-7.txt] mode=range_ratio, topk=1, threshold=3.0, P=0.9310, R=0.6923, F1=0.7941
2025-04-17 08:24:15,165 - INFO - [omi-7.txt] mode=range_ratio, topk=1, threshold=3.5, P=0.9600, R=0.6154, F1=0.7500
2025-04-17 08:24:15,182 - INFO - [omi-7.txt] mode=range_ratio, topk=1, threshold=4.0, P=0.9583, R=0.5897, F1=0.7302
2025-04-17 08:24:15,189 - INFO - [omi-7.txt] mode=range_ratio, topk=1, threshold=4.5, P=0.9565, R=0.5641, F1=0.7097
2025-04-17 08:24:15,190 - INFO - [omi-7.txt] mode=range_ratio, topk=1, threshold=5.0, P=0.9565, R=0.5641, F1=0.7097
2025-04-17 08:24:15,190 - INFO - [omi-7.txt] mode=range_ratio, topk=1, threshold=5.5, P=0.9565, R=0.5641, F1=0.7097
2025-04-17 08:24:15,190 - INFO - [omi-7.txt] mode=range_ratio, topk=1, threshold=6.0, P=0.9565, R=0.5641, F1=0.7097
2025-04-17 08:24:15,190 - INFO - [omi-7.txt] mode=range_ratio, topk=1, threshold=6.5, P=0.9524, R=0.5128, F1=0.6667
2025-04-17 08:24:15,204 - INFO - [omi-7.txt] mode=range_ratio, topk=1, threshold=7.0, P=0.9524, R=0.5128, F1=0.6667
2025-04-17 08:24:15,212 - INFO - [omi-7.txt] mode=range_ratio, topk=2, threshold=0.0, P=0.9143, R=0.8205, F1=0.8649
2025-04-17 08:24:15,213 - INFO - [omi-7.txt] mode=range_ratio, topk=2, threshold=0.5, P=0.9143, R=0.8205, F1=0.8649
2025-04-17 08:24:15,274 - INFO - [omi-7.txt] mode=range_ratio, topk=2, threshold=1.0, P=0.9143, R=0.8205, F1=0.8649
2025-04-17 08:24:15,274 - INFO - [omi-7.txt] mode=range_ratio, topk=2, threshold=1.5, P=0.9143, R=0.8205, F1=0.8649
2025-04-17 08:24:15,274 - INFO - [omi-7.txt] mode=range_ratio, topk=2, threshold=2.0, P=0.9412, R=0.8205, F1=0.8767
2025-04-17 08:24:15,274 - INFO - [omi-7.txt] mode=range_ratio, topk=2, threshold=2.5, P=0.9355, R=0.7436, F1=0.8286
2025-04-17 08:24:15,274 - INFO - [omi-7.txt] mode=range_ratio, topk=2, threshold=3.0, P=0.9333, R=0.7179, F1=0.8116
2025-04-17 08:24:15,274 - INFO - [omi-7.txt] mode=range_ratio, topk=2, threshold=3.5, P=0.9333, R=0.7179, F1=0.8116
2025-04-17 08:24:15,274 - INFO - [omi-7.txt] mode=range_ratio, topk=2, threshold=4.0, P=0.9286, R=0.6667, F1=0.7761
2025-04-17 08:24:15,284 - INFO - [omi-7.txt] mode=range_ratio, topk=2, threshold=4.5, P=0.9630, R=0.6667, F1=0.7879
2025-04-17 08:24:15,284 - INFO - [omi-7.txt] mode=range_ratio, topk=2, threshold=5.0, P=0.9630, R=0.6667, F1=0.7879
2025-04-17 08:24:15,285 - INFO - [omi-7.txt] mode=range_ratio, topk=2, threshold=5.5, P=0.9630, R=0.6667, F1=0.7879
2025-04-17 08:24:15,285 - INFO - [omi-7.txt] mode=range_ratio, topk=2, threshold=6.0, P=0.9630, R=0.6667, F1=0.7879
2025-04-17 08:24:15,285 - INFO - [omi-7.txt] mode=range_ratio, topk=2, threshold=6.5, P=0.9583, R=0.5897, F1=0.7302
2025-04-17 08:24:15,285 - INFO - [omi-7.txt] mode=range_ratio, topk=2, threshold=7.0, P=0.9583, R=0.5897, F1=0.7302
2025-04-17 08:24:15,285 - INFO - [omi-7.txt] mode=range_ratio, topk=3, threshold=0.0, P=0.8947, R=0.8718, F1=0.8831
2025-04-17 08:24:15,313 - INFO - [omi-7.txt] mode=range_ratio, topk=3, threshold=0.5, P=0.8947, R=0.8718, F1=0.8831
2025-04-17 08:24:15,314 - INFO - [omi-7.txt] mode=range_ratio, topk=3, threshold=1.0, P=0.8947, R=0.8718, F1=0.8831
2025-04-17 08:24:15,314 - INFO - [omi-7.txt] mode=range_ratio, topk=3, threshold=1.5, P=0.8947, R=0.8718, F1=0.8831
2025-04-17 08:24:15,315 - INFO - [omi-7.txt] mode=range_ratio, topk=3, threshold=2.0, P=0.8947, R=0.8718, F1=0.8831
2025-04-17 08:24:15,315 - INFO - [omi-7.txt] mode=range_ratio, topk=3, threshold=2.5, P=0.9143, R=0.8205, F1=0.8649
2025-04-17 08:24:16,772 - INFO - [omi-7.txt] mode=range_ratio, topk=3, threshold=3.0, P=0.9118, R=0.7949, F1=0.8493
2025-04-17 08:24:16,773 - INFO - [omi-7.txt] mode=range_ratio, topk=3, threshold=3.5, P=0.9118, R=0.7949, F1=0.8493
2025-04-17 08:24:16,773 - INFO - [omi-7.txt] mode=range_ratio, topk=3, threshold=4.0, P=0.9118, R=0.7949, F1=0.8493
2025-04-17 08:24:18,689 - INFO - [omi-7.txt] mode=range_ratio, topk=3, threshold=4.5, P=0.9091, R=0.7692, F1=0.8333
2025-04-17 08:24:18,689 - INFO - [omi-7.txt] mode=range_ratio, topk=3, threshold=5.0, P=0.9091, R=0.7692, F1=0.8333
2025-04-17 08:24:18,689 - INFO - [omi-7.txt] mode=range_ratio, topk=3, threshold=5.5, P=0.9355, R=0.7436, F1=0.8286
2025-04-17 08:24:18,689 - INFO - [omi-7.txt] mode=range_ratio, topk=3, threshold=6.0, P=0.9355, R=0.7436, F1=0.8286
2025-04-17 08:24:18,690 - INFO - [omi-7.txt] mode=range_ratio, topk=3, threshold=6.5, P=0.9643, R=0.6923, F1=0.8060
2025-04-17 08:24:18,690 - INFO - [omi-7.txt] mode=range_ratio, topk=3, threshold=7.0, P=0.9643, R=0.6923, F1=0.8060
2025-04-17 08:24:18,985 - INFO - [omi-7.txt] mode=range_ratio, topk=4, threshold=0.0, P=0.9000, R=0.9231, F1=0.9114
2025-04-17 08:24:18,985 - INFO - [omi-7.txt] mode=range_ratio, topk=4, threshold=0.5, P=0.9000, R=0.9231, F1=0.9114
2025-04-17 08:24:18,986 - INFO - [omi-7.txt] mode=range_ratio, topk=4, threshold=1.0, P=0.9000, R=0.9231, F1=0.9114
2025-04-17 08:24:20,402 - INFO - [omi-7.txt] mode=range_ratio, topk=4, threshold=1.5, P=0.9000, R=0.9231, F1=0.9114
2025-04-17 08:24:20,565 - INFO - [omi-7.txt] mode=range_ratio, topk=4, threshold=2.0, P=0.9000, R=0.9231, F1=0.9114
2025-04-17 08:24:21,222 - INFO - [omi-7.txt] mode=range_ratio, topk=4, threshold=2.5, P=0.8947, R=0.8718, F1=0.8831
2025-04-17 08:24:21,222 - INFO - [omi-7.txt] mode=range_ratio, topk=4, threshold=3.0, P=0.8947, R=0.8718, F1=0.8831
2025-04-17 08:24:21,238 - INFO - [omi-7.txt] mode=range_ratio, topk=4, threshold=3.5, P=0.8947, R=0.8718, F1=0.8831
2025-04-17 08:24:21,238 - INFO - [omi-7.txt] mode=range_ratio, topk=4, threshold=4.0, P=0.8947, R=0.8718, F1=0.8831
2025-04-17 08:24:21,254 - INFO - [omi-7.txt] mode=range_ratio, topk=4, threshold=4.5, P=0.8919, R=0.8462, F1=0.8684
2025-04-17 08:24:21,255 - INFO - [omi-7.txt] mode=range_ratio, topk=4, threshold=5.0, P=0.8919, R=0.8462, F1=0.8684
2025-04-17 08:24:21,256 - INFO - [omi-7.txt] mode=range_ratio, topk=4, threshold=5.5, P=0.8889, R=0.8205, F1=0.8533
2025-04-17 08:24:21,344 - INFO - [omi-7.txt] mode=range_ratio, topk=4, threshold=6.0, P=0.9143, R=0.8205, F1=0.8649
2025-04-17 08:24:21,345 - INFO - [omi-7.txt] mode=range_ratio, topk=4, threshold=6.5, P=0.9091, R=0.7692, F1=0.8333
2025-04-17 08:24:21,345 - INFO - [omi-7.txt] mode=range_ratio, topk=4, threshold=7.0, P=0.9062, R=0.7436, F1=0.8169
2025-04-17 08:24:21,362 - INFO - [omi-7.txt] mode=range_ratio, topk=5, threshold=0.0, P=0.9000, R=0.9231, F1=0.9114
2025-04-17 08:24:21,363 - INFO - [omi-7.txt] mode=range_ratio, topk=5, threshold=0.5, P=0.9000, R=0.9231, F1=0.9114
2025-04-17 08:24:21,388 - INFO - [omi-7.txt] mode=range_ratio, topk=5, threshold=1.0, P=0.9000, R=0.9231, F1=0.9114
2025-04-17 08:24:21,388 - INFO - [omi-7.txt] mode=range_ratio, topk=5, threshold=1.5, P=0.9000, R=0.9231, F1=0.9114
2025-04-17 08:24:21,388 - INFO - [omi-7.txt] mode=range_ratio, topk=5, threshold=2.0, P=0.9000, R=0.9231, F1=0.9114
2025-04-17 08:24:21,388 - INFO - [omi-7.txt] mode=range_ratio, topk=5, threshold=2.5, P=0.8974, R=0.8974, F1=0.8974
2025-04-17 08:24:21,440 - INFO - [omi-7.txt] mode=range_ratio, topk=5, threshold=3.0, P=0.8974, R=0.8974, F1=0.8974
2025-04-17 08:24:21,440 - INFO - [omi-7.txt] mode=range_ratio, topk=5, threshold=3.5, P=0.8974, R=0.8974, F1=0.8974
2025-04-17 08:24:21,440 - INFO - [omi-7.txt] mode=range_ratio, topk=5, threshold=4.0, P=0.8974, R=0.8974, F1=0.8974
2025-04-17 08:24:21,441 - INFO - [omi-7.txt] mode=range_ratio, topk=5, threshold=4.5, P=0.8974, R=0.8974, F1=0.8974
2025-04-17 08:24:21,451 - INFO - [omi-7.txt] mode=range_ratio, topk=5, threshold=5.0, P=0.8947, R=0.8718, F1=0.8831
2025-04-17 08:24:21,467 - INFO - [omi-7.txt] mode=range_ratio, topk=5, threshold=5.5, P=0.8947, R=0.8718, F1=0.8831
2025-04-17 08:24:21,468 - INFO - [omi-7.txt] mode=range_ratio, topk=5, threshold=6.0, P=0.8919, R=0.8462, F1=0.8684
2025-04-17 08:24:21,468 - INFO - [omi-7.txt] mode=range_ratio, topk=5, threshold=6.5, P=0.8889, R=0.8205, F1=0.8533
2025-04-17 08:24:21,468 - INFO - [omi-7.txt] mode=range_ratio, topk=5, threshold=7.0, P=0.8889, R=0.8205, F1=0.8533
2025-04-17 08:24:21,623 - INFO - 
==================================================
2025-04-17 08:24:21,623 - INFO - 程序运行总耗时: 0:01:32.763058 

