2025-04-15 21:30:30,253 - INFO - 
 Starting experiment with config: ExperimentConfig(dataset='omi', window_size=5, score_thresholds=array([1. , 1.5, 2. , 2.5, 3. , 3.5, 4. , 4.5, 5. , 5.5, 6. , 6.5, 7. ]), topk_range=range(1, 10), score_modes=['range_ratio'], use_topk=False, data_dir='./data/processed', label_dir='./data/interpretation_label', log_dir='./log/use_topkFalse', visual_dir='./visual/use_topkFalse', num_workers=4, gif_duration=500)
2025-04-15 21:30:30,254 - INFO - 当前评分模式: ['range_ratio']
2025-04-15 21:30:30,254 - INFO - 
==================================================
2025-04-15 21:30:30,254 - INFO - 开始执行网格搜索...
2025-04-15 21:30:30,256 - INFO - [omi-1] Starting grid search...
2025-04-15 21:30:33,520 - INFO - [omi-1.txt] mode=range_ratio, top_k=None, threshold=1.0, use_topk=False, P=0.7373, R=0.9775, F1=0.8406
2025-04-15 21:30:33,603 - INFO - [omi-1.txt] mode=range_ratio, top_k=None, threshold=1.5, use_topk=False, P=0.7207, R=0.8989, F1=0.8000
2025-04-15 21:30:33,603 - INFO - [omi-1.txt] mode=range_ratio, top_k=None, threshold=2.0, use_topk=False, P=0.7130, R=0.8652, F1=0.7817
2025-04-15 21:30:33,621 - INFO - [omi-1.txt] mode=range_ratio, top_k=None, threshold=2.5, use_topk=False, P=0.7130, R=0.8652, F1=0.7817
2025-04-15 21:30:35,708 - INFO - [omi-1.txt] mode=range_ratio, top_k=None, threshold=3.0, use_topk=False, P=0.7130, R=0.8652, F1=0.7817
2025-04-15 21:30:35,762 - INFO - [omi-1.txt] mode=range_ratio, top_k=None, threshold=3.5, use_topk=False, P=0.7196, R=0.8652, F1=0.7857
2025-04-15 21:30:35,829 - INFO - [omi-1.txt] mode=range_ratio, top_k=None, threshold=4.0, use_topk=False, P=0.7196, R=0.8652, F1=0.7857
2025-04-15 21:30:35,830 - INFO - [omi-1.txt] mode=range_ratio, top_k=None, threshold=4.5, use_topk=False, P=0.7196, R=0.8652, F1=0.7857
2025-04-15 21:30:37,923 - INFO - [omi-1.txt] mode=range_ratio, top_k=None, threshold=5.0, use_topk=False, P=0.7264, R=0.8652, F1=0.7897
2025-04-15 21:30:37,943 - INFO - [omi-1.txt] mode=range_ratio, top_k=None, threshold=5.5, use_topk=False, P=0.7264, R=0.8652, F1=0.7897
2025-04-15 21:30:37,983 - INFO - [omi-1.txt] mode=range_ratio, top_k=None, threshold=6.0, use_topk=False, P=0.7264, R=0.8652, F1=0.7897
2025-04-15 21:30:38,021 - INFO - [omi-1.txt] mode=range_ratio, top_k=None, threshold=6.5, use_topk=False, P=0.7264, R=0.8652, F1=0.7897
2025-04-15 21:30:39,827 - INFO - [omi-1.txt] mode=range_ratio, top_k=None, threshold=7.0, use_topk=False, P=0.7238, R=0.8539, F1=0.7835
2025-04-15 21:30:39,841 - INFO - [omi-10] Starting grid search...
2025-04-15 21:30:43,265 - INFO - [omi-10.txt] mode=range_ratio, top_k=None, threshold=1.0, use_topk=False, P=0.4688, R=0.9836, F1=0.6349
2025-04-15 21:30:43,317 - INFO - [omi-10.txt] mode=range_ratio, top_k=None, threshold=1.5, use_topk=False, P=0.4836, R=0.9672, F1=0.6448
2025-04-15 21:30:43,317 - INFO - [omi-10.txt] mode=range_ratio, top_k=None, threshold=2.0, use_topk=False, P=0.4836, R=0.9672, F1=0.6448
2025-04-15 21:30:43,319 - INFO - [omi-10.txt] mode=range_ratio, top_k=None, threshold=2.5, use_topk=False, P=0.4917, R=0.9672, F1=0.6519
2025-04-15 21:30:45,577 - INFO - [omi-10.txt] mode=range_ratio, top_k=None, threshold=3.0, use_topk=False, P=0.4917, R=0.9672, F1=0.6519
2025-04-15 21:30:45,578 - INFO - [omi-10.txt] mode=range_ratio, top_k=None, threshold=3.5, use_topk=False, P=0.4958, R=0.9672, F1=0.6556
2025-04-15 21:30:45,585 - INFO - [omi-10.txt] mode=range_ratio, top_k=None, threshold=4.0, use_topk=False, P=0.4958, R=0.9672, F1=0.6556
2025-04-15 21:30:45,585 - INFO - [omi-10.txt] mode=range_ratio, top_k=None, threshold=4.5, use_topk=False, P=0.4958, R=0.9672, F1=0.6556
2025-04-15 21:30:47,789 - INFO - [omi-10.txt] mode=range_ratio, top_k=None, threshold=5.0, use_topk=False, P=0.4958, R=0.9672, F1=0.6556
2025-04-15 21:30:47,877 - INFO - [omi-10.txt] mode=range_ratio, top_k=None, threshold=5.5, use_topk=False, P=0.4958, R=0.9672, F1=0.6556
2025-04-15 21:30:47,877 - INFO - [omi-10.txt] mode=range_ratio, top_k=None, threshold=6.0, use_topk=False, P=0.4958, R=0.9672, F1=0.6556
2025-04-15 21:30:47,877 - INFO - [omi-10.txt] mode=range_ratio, top_k=None, threshold=6.5, use_topk=False, P=0.4958, R=0.9672, F1=0.6556
2025-04-15 21:30:49,816 - INFO - [omi-10.txt] mode=range_ratio, top_k=None, threshold=7.0, use_topk=False, P=0.4958, R=0.9672, F1=0.6556
2025-04-15 21:30:49,834 - INFO - [omi-11] Starting grid search...
2025-04-15 21:30:53,070 - INFO - [omi-11.txt] mode=range_ratio, top_k=None, threshold=1.0, use_topk=False, P=0.3434, R=0.9828, F1=0.5089
2025-04-15 21:30:53,131 - INFO - [omi-11.txt] mode=range_ratio, top_k=None, threshold=1.5, use_topk=False, P=0.3434, R=0.9828, F1=0.5089
2025-04-15 21:30:53,235 - INFO - [omi-11.txt] mode=range_ratio, top_k=None, threshold=2.0, use_topk=False, P=0.3434, R=0.9828, F1=0.5089
2025-04-15 21:30:53,236 - INFO - [omi-11.txt] mode=range_ratio, top_k=None, threshold=2.5, use_topk=False, P=0.3434, R=0.9828, F1=0.5089
2025-04-15 21:30:55,275 - INFO - [omi-11.txt] mode=range_ratio, top_k=None, threshold=3.0, use_topk=False, P=0.3434, R=0.9828, F1=0.5089
2025-04-15 21:30:55,384 - INFO - [omi-11.txt] mode=range_ratio, top_k=None, threshold=3.5, use_topk=False, P=0.3434, R=0.9828, F1=0.5089
2025-04-15 21:30:55,407 - INFO - [omi-11.txt] mode=range_ratio, top_k=None, threshold=4.0, use_topk=False, P=0.3434, R=0.9828, F1=0.5089
2025-04-15 21:30:55,407 - INFO - [omi-11.txt] mode=range_ratio, top_k=None, threshold=4.5, use_topk=False, P=0.3434, R=0.9828, F1=0.5089
2025-04-15 21:30:57,496 - INFO - [omi-11.txt] mode=range_ratio, top_k=None, threshold=5.0, use_topk=False, P=0.3434, R=0.9828, F1=0.5089
2025-04-15 21:30:57,606 - INFO - [omi-11.txt] mode=range_ratio, top_k=None, threshold=5.5, use_topk=False, P=0.3434, R=0.9828, F1=0.5089
2025-04-15 21:30:57,607 - INFO - [omi-11.txt] mode=range_ratio, top_k=None, threshold=6.0, use_topk=False, P=0.3455, R=0.9828, F1=0.5112
2025-04-15 21:30:57,620 - INFO - [omi-11.txt] mode=range_ratio, top_k=None, threshold=6.5, use_topk=False, P=0.3497, R=0.9828, F1=0.5158
2025-04-15 21:30:59,394 - INFO - [omi-11.txt] mode=range_ratio, top_k=None, threshold=7.0, use_topk=False, P=0.3497, R=0.9828, F1=0.5158
2025-04-15 21:30:59,410 - INFO - [omi-12] Starting grid search...
2025-04-15 21:31:02,241 - INFO - [omi-12.txt] mode=range_ratio, top_k=None, threshold=1.0, use_topk=False, P=0.6129, R=0.9500, F1=0.7451
2025-04-15 21:31:02,248 - INFO - [omi-12.txt] mode=range_ratio, top_k=None, threshold=1.5, use_topk=False, P=0.6491, R=0.9250, F1=0.7629
2025-04-15 21:31:02,336 - INFO - [omi-12.txt] mode=range_ratio, top_k=None, threshold=2.0, use_topk=False, P=0.6491, R=0.9250, F1=0.7629
2025-04-15 21:31:02,336 - INFO - [omi-12.txt] mode=range_ratio, top_k=None, threshold=2.5, use_topk=False, P=0.6491, R=0.9250, F1=0.7629
2025-04-15 21:31:03,877 - INFO - [omi-12.txt] mode=range_ratio, top_k=None, threshold=3.0, use_topk=False, P=0.6491, R=0.9250, F1=0.7629
2025-04-15 21:31:03,937 - INFO - [omi-12.txt] mode=range_ratio, top_k=None, threshold=3.5, use_topk=False, P=0.6491, R=0.9250, F1=0.7629
2025-04-15 21:31:03,988 - INFO - [omi-12.txt] mode=range_ratio, top_k=None, threshold=4.0, use_topk=False, P=0.6491, R=0.9250, F1=0.7629
2025-04-15 21:31:04,020 - INFO - [omi-12.txt] mode=range_ratio, top_k=None, threshold=4.5, use_topk=False, P=0.6491, R=0.9250, F1=0.7629
2025-04-15 21:31:05,577 - INFO - [omi-12.txt] mode=range_ratio, top_k=None, threshold=5.0, use_topk=False, P=0.6491, R=0.9250, F1=0.7629
2025-04-15 21:31:05,622 - INFO - [omi-12.txt] mode=range_ratio, top_k=None, threshold=5.5, use_topk=False, P=0.6491, R=0.9250, F1=0.7629
2025-04-15 21:31:05,663 - INFO - [omi-12.txt] mode=range_ratio, top_k=None, threshold=6.0, use_topk=False, P=0.6491, R=0.9250, F1=0.7629
2025-04-15 21:31:05,714 - INFO - [omi-12.txt] mode=range_ratio, top_k=None, threshold=6.5, use_topk=False, P=0.6491, R=0.9250, F1=0.7629
2025-04-15 21:31:07,034 - INFO - [omi-12.txt] mode=range_ratio, top_k=None, threshold=7.0, use_topk=False, P=0.6607, R=0.9250, F1=0.7708
2025-04-15 21:31:07,049 - INFO - [omi-2] Starting grid search...
2025-04-15 21:31:10,209 - INFO - [omi-2.txt] mode=range_ratio, top_k=None, threshold=1.0, use_topk=False, P=0.4559, R=1.0000, F1=0.6263
2025-04-15 21:31:10,225 - INFO - [omi-2.txt] mode=range_ratio, top_k=None, threshold=1.5, use_topk=False, P=0.4559, R=1.0000, F1=0.6263
2025-04-15 21:31:10,330 - INFO - [omi-2.txt] mode=range_ratio, top_k=None, threshold=2.0, use_topk=False, P=0.4559, R=1.0000, F1=0.6263
2025-04-15 21:31:10,330 - INFO - [omi-2.txt] mode=range_ratio, top_k=None, threshold=2.5, use_topk=False, P=0.4769, R=1.0000, F1=0.6458
2025-04-15 21:31:12,318 - INFO - [omi-2.txt] mode=range_ratio, top_k=None, threshold=3.0, use_topk=False, P=0.4844, R=1.0000, F1=0.6526
2025-04-15 21:31:12,319 - INFO - [omi-2.txt] mode=range_ratio, top_k=None, threshold=3.5, use_topk=False, P=0.5167, R=1.0000, F1=0.6813
2025-04-15 21:31:12,401 - INFO - [omi-2.txt] mode=range_ratio, top_k=None, threshold=4.0, use_topk=False, P=0.5345, R=1.0000, F1=0.6966
2025-04-15 21:31:12,401 - INFO - [omi-2.txt] mode=range_ratio, top_k=None, threshold=4.5, use_topk=False, P=0.5636, R=1.0000, F1=0.7209
2025-04-15 21:31:14,307 - INFO - [omi-2.txt] mode=range_ratio, top_k=None, threshold=5.0, use_topk=False, P=0.5636, R=1.0000, F1=0.7209
2025-04-15 21:31:14,390 - INFO - [omi-2.txt] mode=range_ratio, top_k=None, threshold=5.5, use_topk=False, P=0.5741, R=1.0000, F1=0.7294
2025-04-15 21:31:14,391 - INFO - [omi-2.txt] mode=range_ratio, top_k=None, threshold=6.0, use_topk=False, P=0.5769, R=0.9677, F1=0.7229
2025-04-15 21:31:14,406 - INFO - [omi-2.txt] mode=range_ratio, top_k=None, threshold=6.5, use_topk=False, P=0.6122, R=0.9677, F1=0.7500
2025-04-15 21:31:16,155 - INFO - [omi-2.txt] mode=range_ratio, top_k=None, threshold=7.0, use_topk=False, P=0.6122, R=0.9677, F1=0.7500
2025-04-15 21:31:16,169 - INFO - [omi-3] Starting grid search...
2025-04-15 21:31:19,432 - INFO - [omi-3.txt] mode=range_ratio, top_k=None, threshold=1.0, use_topk=False, P=0.8025, R=0.8333, F1=0.8176
2025-04-15 21:31:19,465 - INFO - [omi-3.txt] mode=range_ratio, top_k=None, threshold=1.5, use_topk=False, P=0.8228, R=0.8333, F1=0.8280
2025-04-15 21:31:19,511 - INFO - [omi-3.txt] mode=range_ratio, top_k=None, threshold=2.0, use_topk=False, P=0.8228, R=0.8333, F1=0.8280
2025-04-15 21:31:19,512 - INFO - [omi-3.txt] mode=range_ratio, top_k=None, threshold=2.5, use_topk=False, P=0.8442, R=0.8333, F1=0.8387
2025-04-15 21:31:21,678 - INFO - [omi-3.txt] mode=range_ratio, top_k=None, threshold=3.0, use_topk=False, P=0.8421, R=0.8205, F1=0.8312
2025-04-15 21:31:21,680 - INFO - [omi-3.txt] mode=range_ratio, top_k=None, threshold=3.5, use_topk=False, P=0.8421, R=0.8205, F1=0.8312
2025-04-15 21:31:21,684 - INFO - [omi-3.txt] mode=range_ratio, top_k=None, threshold=4.0, use_topk=False, P=0.8286, R=0.7436, F1=0.7838
2025-04-15 21:31:21,760 - INFO - [omi-3.txt] mode=range_ratio, top_k=None, threshold=4.5, use_topk=False, P=0.8261, R=0.7308, F1=0.7755
2025-04-15 21:31:23,785 - INFO - [omi-3.txt] mode=range_ratio, top_k=None, threshold=5.0, use_topk=False, P=0.8235, R=0.7179, F1=0.7671
2025-04-15 21:31:23,804 - INFO - [omi-3.txt] mode=range_ratio, top_k=None, threshold=5.5, use_topk=False, P=0.8182, R=0.6923, F1=0.7500
2025-04-15 21:31:23,856 - INFO - [omi-3.txt] mode=range_ratio, top_k=None, threshold=6.0, use_topk=False, P=0.8182, R=0.6923, F1=0.7500
2025-04-15 21:31:23,856 - INFO - [omi-3.txt] mode=range_ratio, top_k=None, threshold=6.5, use_topk=False, P=0.8182, R=0.6923, F1=0.7500
2025-04-15 21:31:25,610 - INFO - [omi-3.txt] mode=range_ratio, top_k=None, threshold=7.0, use_topk=False, P=0.8182, R=0.6923, F1=0.7500
2025-04-15 21:31:25,625 - INFO - [omi-4] Starting grid search...
2025-04-15 21:31:28,922 - INFO - [omi-4.txt] mode=range_ratio, top_k=None, threshold=1.0, use_topk=False, P=0.8250, R=0.9851, F1=0.8980
2025-04-15 21:31:28,981 - INFO - [omi-4.txt] mode=range_ratio, top_k=None, threshold=1.5, use_topk=False, P=0.8462, R=0.9851, F1=0.9103
2025-04-15 21:31:28,982 - INFO - [omi-4.txt] mode=range_ratio, top_k=None, threshold=2.0, use_topk=False, P=0.8462, R=0.9851, F1=0.9103
2025-04-15 21:31:28,982 - INFO - [omi-4.txt] mode=range_ratio, top_k=None, threshold=2.5, use_topk=False, P=0.8442, R=0.9701, F1=0.9028
2025-04-15 21:31:30,980 - INFO - [omi-4.txt] mode=range_ratio, top_k=None, threshold=3.0, use_topk=False, P=0.8442, R=0.9701, F1=0.9028
2025-04-15 21:31:31,018 - INFO - [omi-4.txt] mode=range_ratio, top_k=None, threshold=3.5, use_topk=False, P=0.8442, R=0.9701, F1=0.9028
2025-04-15 21:31:31,028 - INFO - [omi-4.txt] mode=range_ratio, top_k=None, threshold=4.0, use_topk=False, P=0.8553, R=0.9701, F1=0.9091
2025-04-15 21:31:31,050 - INFO - [omi-4.txt] mode=range_ratio, top_k=None, threshold=4.5, use_topk=False, P=0.8533, R=0.9552, F1=0.9014
2025-04-15 21:31:32,997 - INFO - [omi-4.txt] mode=range_ratio, top_k=None, threshold=5.0, use_topk=False, P=0.8533, R=0.9552, F1=0.9014
2025-04-15 21:31:33,053 - INFO - [omi-4.txt] mode=range_ratio, top_k=None, threshold=5.5, use_topk=False, P=0.8514, R=0.9403, F1=0.8936
2025-04-15 21:31:33,053 - INFO - [omi-4.txt] mode=range_ratio, top_k=None, threshold=6.0, use_topk=False, P=0.8514, R=0.9403, F1=0.8936
2025-04-15 21:31:33,053 - INFO - [omi-4.txt] mode=range_ratio, top_k=None, threshold=6.5, use_topk=False, P=0.8514, R=0.9403, F1=0.8936
2025-04-15 21:31:34,825 - INFO - [omi-4.txt] mode=range_ratio, top_k=None, threshold=7.0, use_topk=False, P=0.8493, R=0.9254, F1=0.8857
2025-04-15 21:31:34,841 - INFO - [omi-5] Starting grid search...
2025-04-15 21:31:38,125 - INFO - [omi-5.txt] mode=range_ratio, top_k=None, threshold=1.0, use_topk=False, P=0.4706, R=0.9796, F1=0.6358
2025-04-15 21:31:38,126 - INFO - [omi-5.txt] mode=range_ratio, top_k=None, threshold=1.5, use_topk=False, P=0.4700, R=0.9592, F1=0.6309
2025-04-15 21:31:38,126 - INFO - [omi-5.txt] mode=range_ratio, top_k=None, threshold=2.0, use_topk=False, P=0.4583, R=0.8980, F1=0.6069
2025-04-15 21:31:38,211 - INFO - [omi-5.txt] mode=range_ratio, top_k=None, threshold=2.5, use_topk=False, P=0.4681, R=0.8980, F1=0.6154
2025-04-15 21:31:40,138 - INFO - [omi-5.txt] mode=range_ratio, top_k=None, threshold=3.0, use_topk=False, P=0.4674, R=0.8776, F1=0.6099
2025-04-15 21:31:40,218 - INFO - [omi-5.txt] mode=range_ratio, top_k=None, threshold=3.5, use_topk=False, P=0.4767, R=0.8367, F1=0.6074
2025-04-15 21:31:40,239 - INFO - [omi-5.txt] mode=range_ratio, top_k=None, threshold=4.0, use_topk=False, P=0.4691, R=0.7755, F1=0.5846
2025-04-15 21:31:40,266 - INFO - [omi-5.txt] mode=range_ratio, top_k=None, threshold=4.5, use_topk=False, P=0.4872, R=0.7755, F1=0.5984
2025-04-15 21:31:42,306 - INFO - [omi-5.txt] mode=range_ratio, top_k=None, threshold=5.0, use_topk=False, P=0.4935, R=0.7755, F1=0.6032
2025-04-15 21:31:42,393 - INFO - [omi-5.txt] mode=range_ratio, top_k=None, threshold=5.5, use_topk=False, P=0.4933, R=0.7551, F1=0.5968
2025-04-15 21:31:42,398 - INFO - [omi-5.txt] mode=range_ratio, top_k=None, threshold=6.0, use_topk=False, P=0.4933, R=0.7551, F1=0.5968
2025-04-15 21:31:42,424 - INFO - [omi-5.txt] mode=range_ratio, top_k=None, threshold=6.5, use_topk=False, P=0.5000, R=0.7347, F1=0.5950
2025-04-15 21:31:44,282 - INFO - [omi-5.txt] mode=range_ratio, top_k=None, threshold=7.0, use_topk=False, P=0.4857, R=0.6939, F1=0.5714
2025-04-15 21:31:44,296 - INFO - [omi-6] Starting grid search...
2025-04-15 21:31:47,621 - INFO - [omi-6.txt] mode=range_ratio, top_k=None, threshold=1.0, use_topk=False, P=0.2622, R=0.9773, F1=0.4135
2025-04-15 21:31:47,658 - INFO - [omi-6.txt] mode=range_ratio, top_k=None, threshold=1.5, use_topk=False, P=0.2638, R=0.9773, F1=0.4155
2025-04-15 21:31:47,693 - INFO - [omi-6.txt] mode=range_ratio, top_k=None, threshold=2.0, use_topk=False, P=0.2704, R=0.9773, F1=0.4236
2025-04-15 21:31:47,693 - INFO - [omi-6.txt] mode=range_ratio, top_k=None, threshold=2.5, use_topk=False, P=0.2614, R=0.9091, F1=0.4061
2025-04-15 21:31:49,739 - INFO - [omi-6.txt] mode=range_ratio, top_k=None, threshold=3.0, use_topk=False, P=0.2632, R=0.9091, F1=0.4082
2025-04-15 21:31:49,750 - INFO - [omi-6.txt] mode=range_ratio, top_k=None, threshold=3.5, use_topk=False, P=0.2600, R=0.8864, F1=0.4021
2025-04-15 21:31:49,770 - INFO - [omi-6.txt] mode=range_ratio, top_k=None, threshold=4.0, use_topk=False, P=0.2600, R=0.8864, F1=0.4021
2025-04-15 21:31:49,770 - INFO - [omi-6.txt] mode=range_ratio, top_k=None, threshold=4.5, use_topk=False, P=0.2550, R=0.8636, F1=0.3938
2025-04-15 21:31:51,908 - INFO - [omi-6.txt] mode=range_ratio, top_k=None, threshold=5.0, use_topk=False, P=0.2568, R=0.8636, F1=0.3958
2025-04-15 21:31:51,940 - INFO - [omi-6.txt] mode=range_ratio, top_k=None, threshold=5.5, use_topk=False, P=0.2603, R=0.8636, F1=0.4000
2025-04-15 21:31:51,940 - INFO - [omi-6.txt] mode=range_ratio, top_k=None, threshold=6.0, use_topk=False, P=0.2621, R=0.8636, F1=0.4021
2025-04-15 21:31:51,940 - INFO - [omi-6.txt] mode=range_ratio, top_k=None, threshold=6.5, use_topk=False, P=0.2587, R=0.8409, F1=0.3957
2025-04-15 21:31:53,747 - INFO - [omi-6.txt] mode=range_ratio, top_k=None, threshold=7.0, use_topk=False, P=0.2535, R=0.8182, F1=0.3871
2025-04-15 21:31:53,761 - INFO - [omi-7] Starting grid search...
2025-04-15 21:31:56,890 - INFO - [omi-7.txt] mode=range_ratio, top_k=None, threshold=1.0, use_topk=False, P=0.9048, R=0.9744, F1=0.9383
2025-04-15 21:31:56,930 - INFO - [omi-7.txt] mode=range_ratio, top_k=None, threshold=1.5, use_topk=False, P=0.9048, R=0.9744, F1=0.9383
2025-04-15 21:31:56,951 - INFO - [omi-7.txt] mode=range_ratio, top_k=None, threshold=2.0, use_topk=False, P=0.9048, R=0.9744, F1=0.9383
2025-04-15 21:31:57,035 - INFO - [omi-7.txt] mode=range_ratio, top_k=None, threshold=2.5, use_topk=False, P=0.9048, R=0.9744, F1=0.9383
2025-04-15 21:31:58,919 - INFO - [omi-7.txt] mode=range_ratio, top_k=None, threshold=3.0, use_topk=False, P=0.9048, R=0.9744, F1=0.9383
2025-04-15 21:31:58,933 - INFO - [omi-7.txt] mode=range_ratio, top_k=None, threshold=3.5, use_topk=False, P=0.9048, R=0.9744, F1=0.9383
2025-04-15 21:31:58,939 - INFO - [omi-7.txt] mode=range_ratio, top_k=None, threshold=4.0, use_topk=False, P=0.9048, R=0.9744, F1=0.9383
2025-04-15 21:31:59,069 - INFO - [omi-7.txt] mode=range_ratio, top_k=None, threshold=4.5, use_topk=False, P=0.9048, R=0.9744, F1=0.9383
2025-04-15 21:32:00,924 - INFO - [omi-7.txt] mode=range_ratio, top_k=None, threshold=5.0, use_topk=False, P=0.9048, R=0.9744, F1=0.9383
2025-04-15 21:32:00,965 - INFO - [omi-7.txt] mode=range_ratio, top_k=None, threshold=5.5, use_topk=False, P=0.9048, R=0.9744, F1=0.9383
2025-04-15 21:32:01,059 - INFO - [omi-7.txt] mode=range_ratio, top_k=None, threshold=6.0, use_topk=False, P=0.9048, R=0.9744, F1=0.9383
2025-04-15 21:32:01,157 - INFO - [omi-7.txt] mode=range_ratio, top_k=None, threshold=6.5, use_topk=False, P=0.9048, R=0.9744, F1=0.9383
2025-04-15 21:32:02,716 - INFO - [omi-7.txt] mode=range_ratio, top_k=None, threshold=7.0, use_topk=False, P=0.9048, R=0.9744, F1=0.9383
2025-04-15 21:32:02,731 - INFO - [omi-8] Starting grid search...
2025-04-15 21:32:06,036 - INFO - [omi-8.txt] mode=range_ratio, top_k=None, threshold=1.0, use_topk=False, P=0.3580, R=0.9355, F1=0.5179
2025-04-15 21:32:06,043 - INFO - [omi-8.txt] mode=range_ratio, top_k=None, threshold=1.5, use_topk=False, P=0.3580, R=0.9355, F1=0.5179
2025-04-15 21:32:06,043 - INFO - [omi-8.txt] mode=range_ratio, top_k=None, threshold=2.0, use_topk=False, P=0.3580, R=0.9355, F1=0.5179
2025-04-15 21:32:06,074 - INFO - [omi-8.txt] mode=range_ratio, top_k=None, threshold=2.5, use_topk=False, P=0.3580, R=0.9355, F1=0.5179
2025-04-15 21:32:07,885 - INFO - [omi-8.txt] mode=range_ratio, top_k=None, threshold=3.0, use_topk=False, P=0.3580, R=0.9355, F1=0.5179
2025-04-15 21:32:07,955 - INFO - [omi-8.txt] mode=range_ratio, top_k=None, threshold=3.5, use_topk=False, P=0.3500, R=0.9032, F1=0.5045
2025-04-15 21:32:08,013 - INFO - [omi-8.txt] mode=range_ratio, top_k=None, threshold=4.0, use_topk=False, P=0.3500, R=0.9032, F1=0.5045
2025-04-15 21:32:08,014 - INFO - [omi-8.txt] mode=range_ratio, top_k=None, threshold=4.5, use_topk=False, P=0.3500, R=0.9032, F1=0.5045
2025-04-15 21:32:09,917 - INFO - [omi-8.txt] mode=range_ratio, top_k=None, threshold=5.0, use_topk=False, P=0.3590, R=0.9032, F1=0.5138
2025-04-15 21:32:09,971 - INFO - [omi-8.txt] mode=range_ratio, top_k=None, threshold=5.5, use_topk=False, P=0.3636, R=0.9032, F1=0.5185
2025-04-15 21:32:10,077 - INFO - [omi-8.txt] mode=range_ratio, top_k=None, threshold=6.0, use_topk=False, P=0.3684, R=0.9032, F1=0.5234
2025-04-15 21:32:10,104 - INFO - [omi-8.txt] mode=range_ratio, top_k=None, threshold=6.5, use_topk=False, P=0.3889, R=0.9032, F1=0.5437
2025-04-15 21:32:11,663 - INFO - [omi-8.txt] mode=range_ratio, top_k=None, threshold=7.0, use_topk=False, P=0.3889, R=0.9032, F1=0.5437
2025-04-15 21:32:11,679 - INFO - [omi-9] Starting grid search...
2025-04-15 21:32:14,761 - INFO - [omi-9.txt] mode=range_ratio, top_k=None, threshold=1.0, use_topk=False, P=0.4962, R=0.9155, F1=0.6436
2025-04-15 21:32:14,815 - INFO - [omi-9.txt] mode=range_ratio, top_k=None, threshold=1.5, use_topk=False, P=0.4962, R=0.9155, F1=0.6436
2025-04-15 21:32:14,849 - INFO - [omi-9.txt] mode=range_ratio, top_k=None, threshold=2.0, use_topk=False, P=0.4962, R=0.9155, F1=0.6436
2025-04-15 21:32:14,850 - INFO - [omi-9.txt] mode=range_ratio, top_k=None, threshold=2.5, use_topk=False, P=0.4962, R=0.9155, F1=0.6436
2025-04-15 21:32:16,737 - INFO - [omi-9.txt] mode=range_ratio, top_k=None, threshold=3.0, use_topk=False, P=0.4962, R=0.9155, F1=0.6436
2025-04-15 21:32:16,784 - INFO - [omi-9.txt] mode=range_ratio, top_k=None, threshold=3.5, use_topk=False, P=0.4962, R=0.9155, F1=0.6436
2025-04-15 21:32:16,802 - INFO - [omi-9.txt] mode=range_ratio, top_k=None, threshold=4.0, use_topk=False, P=0.4962, R=0.9155, F1=0.6436
2025-04-15 21:32:16,857 - INFO - [omi-9.txt] mode=range_ratio, top_k=None, threshold=4.5, use_topk=False, P=0.4962, R=0.9155, F1=0.6436
2025-04-15 21:32:18,614 - INFO - [omi-9.txt] mode=range_ratio, top_k=None, threshold=5.0, use_topk=False, P=0.4962, R=0.9155, F1=0.6436
2025-04-15 21:32:18,689 - INFO - [omi-9.txt] mode=range_ratio, top_k=None, threshold=5.5, use_topk=False, P=0.4962, R=0.9155, F1=0.6436
2025-04-15 21:32:18,707 - INFO - [omi-9.txt] mode=range_ratio, top_k=None, threshold=6.0, use_topk=False, P=0.4962, R=0.9155, F1=0.6436
2025-04-15 21:32:18,804 - INFO - [omi-9.txt] mode=range_ratio, top_k=None, threshold=6.5, use_topk=False, P=0.4962, R=0.9155, F1=0.6436
2025-04-15 21:32:20,435 - INFO - [omi-9.txt] mode=range_ratio, top_k=None, threshold=7.0, use_topk=False, P=0.4962, R=0.9155, F1=0.6436
2025-04-15 21:32:20,454 - INFO - 
==================================================
2025-04-15 21:32:20,454 - INFO - 开始汇总结果...
2025-04-15 21:32:20,459 - INFO - 
===== Best Results per Dataset =====
   dataset  score_mode top_k  score_threshold  use_topk  precision   recall  f1_score
 omi-1.txt range_ratio  None              1.0     False   0.737288 0.977528  0.840580
omi-10.txt range_ratio  None              7.0     False   0.495798 0.967213  0.655556
omi-11.txt range_ratio  None              7.0     False   0.349693 0.982759  0.515837
omi-12.txt range_ratio  None              7.0     False   0.660714 0.925000  0.770833
 omi-2.txt range_ratio  None              6.5     False   0.612245 0.967742  0.750000
 omi-3.txt range_ratio  None              2.5     False   0.844156 0.833333  0.838710
 omi-4.txt range_ratio  None              2.0     False   0.846154 0.985075  0.910345
 omi-5.txt range_ratio  None              1.0     False   0.470588 0.979592  0.635762
 omi-6.txt range_ratio  None              2.0     False   0.270440 0.977273  0.423645
 omi-7.txt range_ratio  None              1.5     False   0.904762 0.974359  0.938272
 omi-8.txt range_ratio  None              6.5     False   0.388889 0.903226  0.543689
 omi-9.txt range_ratio  None              4.0     False   0.496183 0.915493  0.643564
2025-04-15 21:32:20,459 - INFO - 
===== Overall Metrics =====
Precision: 0.5159  Recall: 0.9471  F1: 0.6680
2025-04-15 21:32:20,459 - INFO - 
【原始汇总指标】
2025-04-15 21:32:20,459 - INFO - 精确率(Precision): 0.5159
2025-04-15 21:32:20,459 - INFO - 召回率(Recall):    0.9471
2025-04-15 21:32:20,459 - INFO - F1值:             0.6680
2025-04-15 21:32:20,459 - INFO - 
==================================================
2025-04-15 21:32:20,459 - INFO - 开始生成可视化结果...
2025-04-15 21:32:20,461 - INFO - 
==================================================
2025-04-15 21:32:20,461 - INFO - 开始数据集可视化: omi-1
2025-04-15 21:32:20,461 - INFO - 使用参数: 评分模式=range_ratio, top_k=None, 阈值=1.0
2025-04-15 21:32:20,461 - INFO - ==================================================

2025-04-15 21:32:20,461 - INFO - 正在加载数据集 omi-1 的数据
2025-04-15 21:32:20,462 - INFO - 数据加载成功。训练集形状: (8640, 19), 测试集形状: (4320, 19)
2025-04-15 21:32:20,462 - INFO - 正在计算边缘统计量...
2025-04-15 21:32:22,321 - INFO - 已计算 170 条边的统计量
2025-04-15 21:32:22,321 - INFO - 为每个节点使用所有邻居
2025-04-15 21:32:22,322 - INFO - 可视化结果将保存到: ./visual/use_topkFalse\omi\range_ratio\omi-1
2025-04-15 21:32:22,322 - INFO - 在数据集中发现 7 个异常时间段
2025-04-15 21:32:22,322 - INFO - 
正在处理时间段 1/7: 760-765
2025-04-15 21:32:22,322 - INFO - 该时间段的真实异常节点: {4, 5, 7, 8, 9, 10, 11, 12, 13, 14, 15, 16, 17, 18, 19}
2025-04-15 21:32:22,322 - INFO - 正在计算异常分数...
2025-04-15 21:32:22,323 - INFO - 检测到的异常节点: {1, 4, 7, 8, 9, 10, 11, 12, 13, 14, 15, 16, 18, 19}
2025-04-15 21:32:22,323 - INFO - 正在为时间段 760-765 生成可视化
2025-04-15 21:32:22,323 - INFO - 正在为时间段 760-765 生成异常图可视化
2025-04-15 21:32:22,323 - DEBUG - 创建包含 19 个节点的图结构
2025-04-15 21:32:22,324 - DEBUG - 边统计: 正常边 218 条, 异常边 22 条
2025-04-15 21:32:22,324 - INFO - 时间段 760-765 的节点检测统计: 真阳性=13, 假阳性=1, 假阴性=2, 正常节点=3
2025-04-15 21:32:22,405 - DEBUG - 正在保存可视化结果到 ./visual/use_topkFalse\omi\range_ratio\omi-1\seg_0_760_765.png
2025-04-15 21:32:22,486 - INFO - 成功保存时间段 760-765 的可视化结果
2025-04-15 21:32:22,486 - INFO - 
正在处理时间段 2/7: 1064-1298
2025-04-15 21:32:22,486 - INFO - 该时间段的真实异常节点: {6, 7, 9, 10, 11, 12, 13, 14, 15, 16, 17, 18, 19}
2025-04-15 21:32:22,486 - INFO - 正在计算异常分数...
2025-04-15 21:32:22,588 - INFO - 检测到的异常节点: {1, 3, 4, 5, 6, 7, 8, 9, 10, 11, 12, 13, 14, 15, 16, 17, 18, 19}
2025-04-15 21:32:22,588 - INFO - 正在为时间段 1064-1298 生成可视化
2025-04-15 21:32:22,588 - INFO - 正在为时间段 1064-1298 生成异常图可视化
2025-04-15 21:32:22,588 - DEBUG - 创建包含 19 个节点的图结构
2025-04-15 21:32:22,589 - DEBUG - 边统计: 正常边 284 条, 异常边 22 条
2025-04-15 21:32:22,589 - INFO - 时间段 1064-1298 的节点检测统计: 真阳性=13, 假阳性=5, 假阴性=0, 正常节点=1
2025-04-15 21:32:22,684 - DEBUG - 正在保存可视化结果到 ./visual/use_topkFalse\omi\range_ratio\omi-1\seg_1_1064_1298.png
2025-04-15 21:32:22,794 - INFO - 成功保存时间段 1064-1298 的可视化结果
2025-04-15 21:32:22,794 - INFO - 
正在处理时间段 3/7: 2758-2772
2025-04-15 21:32:22,794 - INFO - 该时间段的真实异常节点: {5, 6, 7, 8, 9, 10, 11, 12, 13, 14, 15, 16, 17, 18, 19}
2025-04-15 21:32:22,794 - INFO - 正在计算异常分数...
2025-04-15 21:32:22,801 - INFO - 检测到的异常节点: {1, 4, 5, 6, 7, 8, 9, 10, 11, 12, 13, 14, 15, 16, 17, 18, 19}
2025-04-15 21:32:22,801 - INFO - 正在为时间段 2758-2772 生成可视化
2025-04-15 21:32:22,801 - INFO - 正在为时间段 2758-2772 生成异常图可视化
2025-04-15 21:32:22,801 - DEBUG - 创建包含 19 个节点的图结构
2025-04-15 21:32:22,802 - DEBUG - 边统计: 正常边 218 条, 异常边 54 条
2025-04-15 21:32:22,802 - INFO - 时间段 2758-2772 的节点检测统计: 真阳性=15, 假阳性=2, 假阴性=0, 正常节点=2
2025-04-15 21:32:22,880 - DEBUG - 正在保存可视化结果到 ./visual/use_topkFalse\omi\range_ratio\omi-1\seg_2_2758_2772.png
2025-04-15 21:32:22,967 - INFO - 成功保存时间段 2758-2772 的可视化结果
2025-04-15 21:32:22,968 - INFO - 
正在处理时间段 4/7: 2874-2885
2025-04-15 21:32:22,968 - INFO - 该时间段的真实异常节点: {7, 9, 10, 11, 12, 13, 14, 15, 16, 17, 18}
2025-04-15 21:32:22,968 - INFO - 正在计算异常分数...
2025-04-15 21:32:22,973 - INFO - 检测到的异常节点: {1, 4, 5, 6, 7, 8, 9, 10, 11, 12, 13, 14, 15, 16, 17, 18, 19}
2025-04-15 21:32:22,973 - INFO - 正在为时间段 2874-2885 生成可视化
2025-04-15 21:32:22,973 - INFO - 正在为时间段 2874-2885 生成异常图可视化
2025-04-15 21:32:22,973 - DEBUG - 创建包含 19 个节点的图结构
2025-04-15 21:32:22,974 - DEBUG - 边统计: 正常边 250 条, 异常边 22 条
2025-04-15 21:32:22,974 - INFO - 时间段 2874-2885 的节点检测统计: 真阳性=11, 假阳性=6, 假阴性=0, 正常节点=2
2025-04-15 21:32:23,059 - DEBUG - 正在保存可视化结果到 ./visual/use_topkFalse\omi\range_ratio\omi-1\seg_3_2874_2885.png
2025-04-15 21:32:23,138 - INFO - 成功保存时间段 2874-2885 的可视化结果
2025-04-15 21:32:23,138 - INFO - 
正在处理时间段 5/7: 3012-3025
2025-04-15 21:32:23,138 - INFO - 该时间段的真实异常节点: {7, 10, 11, 12, 13, 14, 15, 16, 17, 18, 19}
2025-04-15 21:32:23,138 - INFO - 正在计算异常分数...
2025-04-15 21:32:23,144 - INFO - 检测到的异常节点: {1, 4, 5, 6, 7, 8, 9, 10, 11, 12, 13, 14, 15, 16, 17, 18, 19}
2025-04-15 21:32:23,144 - INFO - 正在为时间段 3012-3025 生成可视化
2025-04-15 21:32:23,144 - INFO - 正在为时间段 3012-3025 生成异常图可视化
2025-04-15 21:32:23,144 - DEBUG - 创建包含 19 个节点的图结构
2025-04-15 21:32:23,145 - DEBUG - 边统计: 正常边 232 条, 异常边 40 条
2025-04-15 21:32:23,145 - INFO - 时间段 3012-3025 的节点检测统计: 真阳性=11, 假阳性=6, 假阴性=0, 正常节点=2
2025-04-15 21:32:23,231 - DEBUG - 正在保存可视化结果到 ./visual/use_topkFalse\omi\range_ratio\omi-1\seg_4_3012_3025.png
2025-04-15 21:32:23,307 - INFO - 成功保存时间段 3012-3025 的可视化结果
2025-04-15 21:32:23,307 - INFO - 
正在处理时间段 6/7: 3160-3305
2025-04-15 21:32:23,307 - INFO - 该时间段的真实异常节点: {8, 9, 10, 11, 12, 13, 14, 15, 16, 17, 18, 19}
2025-04-15 21:32:23,307 - INFO - 正在计算异常分数...
2025-04-15 21:32:23,372 - INFO - 检测到的异常节点: {1, 3, 4, 5, 6, 7, 8, 9, 10, 11, 12, 13, 14, 15, 16, 17, 18, 19}
2025-04-15 21:32:23,372 - INFO - 正在为时间段 3160-3305 生成可视化
2025-04-15 21:32:23,372 - INFO - 正在为时间段 3160-3305 生成异常图可视化
2025-04-15 21:32:23,372 - DEBUG - 创建包含 19 个节点的图结构
2025-04-15 21:32:23,373 - DEBUG - 边统计: 正常边 304 条, 异常边 2 条
2025-04-15 21:32:23,373 - INFO - 时间段 3160-3305 的节点检测统计: 真阳性=12, 假阳性=6, 假阴性=0, 正常节点=1
2025-04-15 21:32:23,454 - DEBUG - 正在保存可视化结果到 ./visual/use_topkFalse\omi\range_ratio\omi-1\seg_5_3160_3305.png
2025-04-15 21:32:23,539 - INFO - 成功保存时间段 3160-3305 的可视化结果
2025-04-15 21:32:23,539 - INFO - 
正在处理时间段 7/7: 3626-3638
2025-04-15 21:32:23,539 - INFO - 该时间段的真实异常节点: {7, 9, 10, 11, 12, 13, 14, 15, 16, 17, 18, 19}
2025-04-15 21:32:23,539 - INFO - 正在计算异常分数...
2025-04-15 21:32:23,545 - INFO - 检测到的异常节点: {1, 4, 5, 6, 7, 8, 9, 10, 11, 12, 13, 14, 15, 16, 17, 18, 19}
2025-04-15 21:32:23,545 - INFO - 正在为时间段 3626-3638 生成可视化
2025-04-15 21:32:23,545 - INFO - 正在为时间段 3626-3638 生成异常图可视化
2025-04-15 21:32:23,545 - DEBUG - 创建包含 19 个节点的图结构
2025-04-15 21:32:23,547 - DEBUG - 边统计: 正常边 234 条, 异常边 38 条
2025-04-15 21:32:23,547 - INFO - 时间段 3626-3638 的节点检测统计: 真阳性=12, 假阳性=5, 假阴性=0, 正常节点=2
2025-04-15 21:32:23,633 - DEBUG - 正在保存可视化结果到 ./visual/use_topkFalse\omi\range_ratio\omi-1\seg_6_3626_3638.png
2025-04-15 21:32:23,708 - INFO - 成功保存时间段 3626-3638 的可视化结果
2025-04-15 21:32:23,709 - INFO - 正在从 ./visual/use_topkFalse\omi\range_ratio\omi-1 中的图像创建GIF
2025-04-15 21:32:23,913 - INFO - GIF已保存到 ./visual/use_topkFalse\omi\range_ratio\omi-1\omi-1.gif
2025-04-15 21:32:23,913 - INFO - 
==================================================
2025-04-15 21:32:23,913 - INFO - 开始数据集可视化: omi-10
2025-04-15 21:32:23,913 - INFO - 使用参数: 评分模式=range_ratio, top_k=None, 阈值=7.0
2025-04-15 21:32:23,913 - INFO - ==================================================

2025-04-15 21:32:23,914 - INFO - 正在加载数据集 omi-10 的数据
2025-04-15 21:32:23,915 - INFO - 数据加载成功。训练集形状: (8640, 19), 测试集形状: (4320, 19)
2025-04-15 21:32:23,915 - INFO - 正在计算边缘统计量...
2025-04-15 21:32:25,755 - INFO - 已计算 136 条边的统计量
2025-04-15 21:32:25,755 - INFO - 为每个节点使用所有邻居
2025-04-15 21:32:25,756 - INFO - 可视化结果将保存到: ./visual/use_topkFalse\omi\range_ratio\omi-10
2025-04-15 21:32:25,756 - INFO - 在数据集中发现 8 个异常时间段
2025-04-15 21:32:25,756 - INFO - 
正在处理时间段 1/8: 740-780
2025-04-15 21:32:25,756 - INFO - 该时间段的真实异常节点: {2, 5, 6, 7, 8, 9, 10, 11, 12, 13, 14, 15, 16, 17, 18, 19}
2025-04-15 21:32:25,756 - INFO - 正在计算异常分数...
2025-04-15 21:32:25,777 - INFO - 检测到的异常节点: {1, 4, 5, 6, 7, 8, 9, 10, 11, 12, 13, 14, 15, 16, 17, 18, 19}
2025-04-15 21:32:25,777 - INFO - 正在为时间段 740-780 生成可视化
2025-04-15 21:32:25,778 - INFO - 正在为时间段 740-780 生成异常图可视化
2025-04-15 21:32:25,778 - DEBUG - 创建包含 19 个节点的图结构
2025-04-15 21:32:25,778 - DEBUG - 边统计: 正常边 166 条, 异常边 106 条
2025-04-15 21:32:25,779 - INFO - 时间段 740-780 的节点检测统计: 真阳性=15, 假阳性=2, 假阴性=1, 正常节点=1
2025-04-15 21:32:25,865 - DEBUG - 正在保存可视化结果到 ./visual/use_topkFalse\omi\range_ratio\omi-10\seg_0_740_780.png
2025-04-15 21:32:25,956 - INFO - 成功保存时间段 740-780 的可视化结果
2025-04-15 21:32:25,956 - INFO - 
正在处理时间段 2/8: 1345-1406
2025-04-15 21:32:25,956 - INFO - 该时间段的真实异常节点: {7, 9, 10, 11, 12, 13, 14, 15, 16, 17, 18}
2025-04-15 21:32:25,956 - INFO - 正在计算异常分数...
2025-04-15 21:32:25,989 - INFO - 检测到的异常节点: {1, 4, 5, 6, 7, 8, 9, 10, 11, 12, 13, 14, 15, 16, 17, 18, 19}
2025-04-15 21:32:25,989 - INFO - 正在为时间段 1345-1406 生成可视化
2025-04-15 21:32:25,989 - INFO - 正在为时间段 1345-1406 生成异常图可视化
2025-04-15 21:32:25,990 - DEBUG - 创建包含 19 个节点的图结构
2025-04-15 21:32:25,990 - DEBUG - 边统计: 正常边 268 条, 异常边 4 条
2025-04-15 21:32:25,990 - INFO - 时间段 1345-1406 的节点检测统计: 真阳性=11, 假阳性=6, 假阴性=0, 正常节点=2
2025-04-15 21:32:26,069 - DEBUG - 正在保存可视化结果到 ./visual/use_topkFalse\omi\range_ratio\omi-10\seg_1_1345_1406.png
2025-04-15 21:32:26,156 - INFO - 成功保存时间段 1345-1406 的可视化结果
2025-04-15 21:32:26,157 - INFO - 
正在处理时间段 3/8: 2224-2272
2025-04-15 21:32:26,157 - INFO - 该时间段的真实异常节点: {4, 5, 6, 7, 9, 10, 11, 12, 13, 14, 15, 16, 17, 18, 19}
2025-04-15 21:32:26,157 - INFO - 正在计算异常分数...
2025-04-15 21:32:26,184 - INFO - 检测到的异常节点: {1, 4, 5, 6, 7, 8, 9, 10, 11, 12, 13, 14, 15, 16, 17, 18, 19}
2025-04-15 21:32:26,184 - INFO - 正在为时间段 2224-2272 生成可视化
2025-04-15 21:32:26,184 - INFO - 正在为时间段 2224-2272 生成异常图可视化
2025-04-15 21:32:26,185 - DEBUG - 创建包含 19 个节点的图结构
2025-04-15 21:32:26,186 - DEBUG - 边统计: 正常边 264 条, 异常边 8 条
2025-04-15 21:32:26,186 - INFO - 时间段 2224-2272 的节点检测统计: 真阳性=15, 假阳性=2, 假阴性=0, 正常节点=2
2025-04-15 21:32:26,264 - DEBUG - 正在保存可视化结果到 ./visual/use_topkFalse\omi\range_ratio\omi-10\seg_2_2224_2272.png
2025-04-15 21:32:26,345 - INFO - 成功保存时间段 2224-2272 的可视化结果
2025-04-15 21:32:26,345 - INFO - 
正在处理时间段 4/8: 2514-2592
2025-04-15 21:32:26,346 - INFO - 该时间段的真实异常节点: {16, 4}
2025-04-15 21:32:26,346 - INFO - 正在计算异常分数...
2025-04-15 21:32:26,386 - INFO - 检测到的异常节点: {1, 4, 5, 6, 7, 8, 9, 10, 11, 12, 13, 14, 15, 16, 17, 18, 19}
2025-04-15 21:32:26,386 - INFO - 正在为时间段 2514-2592 生成可视化
2025-04-15 21:32:26,386 - INFO - 正在为时间段 2514-2592 生成异常图可视化
2025-04-15 21:32:26,386 - DEBUG - 创建包含 19 个节点的图结构
2025-04-15 21:32:26,387 - DEBUG - 边统计: 正常边 272 条, 异常边 0 条
2025-04-15 21:32:26,387 - INFO - 时间段 2514-2592 的节点检测统计: 真阳性=2, 假阳性=15, 假阴性=0, 正常节点=2
2025-04-15 21:32:26,472 - DEBUG - 正在保存可视化结果到 ./visual/use_topkFalse\omi\range_ratio\omi-10\seg_3_2514_2592.png
2025-04-15 21:32:26,551 - INFO - 成功保存时间段 2514-2592 的可视化结果
2025-04-15 21:32:26,551 - INFO - 
正在处理时间段 5/8: 2733-2778
2025-04-15 21:32:26,551 - INFO - 该时间段的真实异常节点: {11, 14, 15}
2025-04-15 21:32:26,551 - INFO - 正在计算异常分数...
2025-04-15 21:32:26,576 - INFO - 检测到的异常节点: {1, 4, 5, 7, 8, 9, 10, 11, 12, 13, 14, 15, 16, 17, 18, 19}
2025-04-15 21:32:26,576 - INFO - 正在为时间段 2733-2778 生成可视化
2025-04-15 21:32:26,576 - INFO - 正在为时间段 2733-2778 生成异常图可视化
2025-04-15 21:32:26,576 - DEBUG - 创建包含 19 个节点的图结构
2025-04-15 21:32:26,577 - DEBUG - 边统计: 正常边 238 条, 异常边 2 条
2025-04-15 21:32:26,577 - INFO - 时间段 2733-2778 的节点检测统计: 真阳性=3, 假阳性=13, 假阴性=0, 正常节点=3
2025-04-15 21:32:26,662 - DEBUG - 正在保存可视化结果到 ./visual/use_topkFalse\omi\range_ratio\omi-10\seg_4_2733_2778.png
2025-04-15 21:32:26,804 - INFO - 成功保存时间段 2733-2778 的可视化结果
2025-04-15 21:32:26,804 - INFO - 
正在处理时间段 6/8: 3401-3405
2025-04-15 21:32:26,804 - INFO - 该时间段的真实异常节点: {1}
2025-04-15 21:32:26,804 - INFO - 正在计算异常分数...
2025-04-15 21:32:26,805 - INFO - 检测到的异常节点: {5}
2025-04-15 21:32:26,805 - INFO - 正在为时间段 3401-3405 生成可视化
2025-04-15 21:32:26,805 - INFO - 正在为时间段 3401-3405 生成异常图可视化
2025-04-15 21:32:26,805 - DEBUG - 创建包含 19 个节点的图结构
2025-04-15 21:32:26,806 - DEBUG - 边统计: 正常边 252 条, 异常边 20 条
2025-04-15 21:32:26,806 - INFO - 时间段 3401-3405 的节点检测统计: 真阳性=0, 假阳性=1, 假阴性=1, 正常节点=17
2025-04-15 21:32:26,898 - DEBUG - 正在保存可视化结果到 ./visual/use_topkFalse\omi\range_ratio\omi-10\seg_5_3401_3405.png
2025-04-15 21:32:26,976 - INFO - 成功保存时间段 3401-3405 的可视化结果
2025-04-15 21:32:26,976 - INFO - 
正在处理时间段 7/8: 3414-3459
2025-04-15 21:32:26,976 - INFO - 该时间段的真实异常节点: {8}
2025-04-15 21:32:26,977 - INFO - 正在计算异常分数...
2025-04-15 21:32:26,999 - INFO - 检测到的异常节点: {1, 4, 5, 6, 7, 8, 9, 10, 11, 12, 13, 14, 15, 16, 17, 18, 19}
2025-04-15 21:32:26,999 - INFO - 正在为时间段 3414-3459 生成可视化
2025-04-15 21:32:26,999 - INFO - 正在为时间段 3414-3459 生成异常图可视化
2025-04-15 21:32:26,999 - DEBUG - 创建包含 19 个节点的图结构
2025-04-15 21:32:27,000 - DEBUG - 边统计: 正常边 234 条, 异常边 38 条
2025-04-15 21:32:27,000 - INFO - 时间段 3414-3459 的节点检测统计: 真阳性=1, 假阳性=16, 假阴性=0, 正常节点=2
2025-04-15 21:32:27,078 - DEBUG - 正在保存可视化结果到 ./visual/use_topkFalse\omi\range_ratio\omi-10\seg_6_3414_3459.png
2025-04-15 21:32:27,154 - INFO - 成功保存时间段 3414-3459 的可视化结果
2025-04-15 21:32:27,155 - INFO - 
正在处理时间段 8/8: 3700-3744
2025-04-15 21:32:27,155 - INFO - 该时间段的真实异常节点: {7, 8, 9, 10, 11, 12, 13, 14, 15, 16, 17, 18}
2025-04-15 21:32:27,155 - INFO - 正在计算异常分数...
2025-04-15 21:32:27,178 - INFO - 检测到的异常节点: {1, 4, 5, 6, 7, 8, 9, 10, 11, 12, 13, 14, 15, 16, 17, 18, 19}
2025-04-15 21:32:27,178 - INFO - 正在为时间段 3700-3744 生成可视化
2025-04-15 21:32:27,178 - INFO - 正在为时间段 3700-3744 生成异常图可视化
2025-04-15 21:32:27,178 - DEBUG - 创建包含 19 个节点的图结构
2025-04-15 21:32:27,178 - DEBUG - 边统计: 正常边 228 条, 异常边 44 条
2025-04-15 21:32:27,178 - INFO - 时间段 3700-3744 的节点检测统计: 真阳性=12, 假阳性=5, 假阴性=0, 正常节点=2
2025-04-15 21:32:27,259 - DEBUG - 正在保存可视化结果到 ./visual/use_topkFalse\omi\range_ratio\omi-10\seg_7_3700_3744.png
2025-04-15 21:32:27,342 - INFO - 成功保存时间段 3700-3744 的可视化结果
2025-04-15 21:32:27,342 - INFO - 正在从 ./visual/use_topkFalse\omi\range_ratio\omi-10 中的图像创建GIF
2025-04-15 21:32:27,552 - INFO - GIF已保存到 ./visual/use_topkFalse\omi\range_ratio\omi-10\omi-10.gif
2025-04-15 21:32:27,553 - INFO - 
==================================================
2025-04-15 21:32:27,553 - INFO - 开始数据集可视化: omi-11
2025-04-15 21:32:27,553 - INFO - 使用参数: 评分模式=range_ratio, top_k=None, 阈值=7.0
2025-04-15 21:32:27,553 - INFO - ==================================================

2025-04-15 21:32:27,553 - INFO - 正在加载数据集 omi-11 的数据
2025-04-15 21:32:27,555 - INFO - 数据加载成功。训练集形状: (8640, 19), 测试集形状: (4320, 19)
2025-04-15 21:32:27,555 - INFO - 正在计算边缘统计量...
2025-04-15 21:32:29,398 - INFO - 已计算 153 条边的统计量
2025-04-15 21:32:29,398 - INFO - 为每个节点使用所有邻居
2025-04-15 21:32:29,399 - INFO - 可视化结果将保存到: ./visual/use_topkFalse\omi\range_ratio\omi-11
2025-04-15 21:32:29,399 - INFO - 在数据集中发现 9 个异常时间段
2025-04-15 21:32:29,399 - INFO - 
正在处理时间段 1/9: 738-755
2025-04-15 21:32:29,400 - INFO - 该时间段的真实异常节点: {2}
2025-04-15 21:32:29,400 - INFO - 正在计算异常分数...
2025-04-15 21:32:29,406 - INFO - 检测到的异常节点: {4, 5, 6, 7, 8, 10, 11, 12, 13, 14, 15, 16, 17, 18, 19}
2025-04-15 21:32:29,407 - INFO - 正在为时间段 738-755 生成可视化
2025-04-15 21:32:29,407 - INFO - 正在为时间段 738-755 生成异常图可视化
2025-04-15 21:32:29,407 - DEBUG - 创建包含 19 个节点的图结构
2025-04-15 21:32:29,407 - DEBUG - 边统计: 正常边 240 条, 异常边 0 条
2025-04-15 21:32:29,407 - INFO - 时间段 738-755 的节点检测统计: 真阳性=0, 假阳性=15, 假阴性=1, 正常节点=3
2025-04-15 21:32:29,488 - DEBUG - 正在保存可视化结果到 ./visual/use_topkFalse\omi\range_ratio\omi-11\seg_0_738_755.png
2025-04-15 21:32:29,570 - INFO - 成功保存时间段 738-755 的可视化结果
2025-04-15 21:32:29,570 - INFO - 
正在处理时间段 2/9: 757-815
2025-04-15 21:32:29,572 - INFO - 该时间段的真实异常节点: set()
2025-04-15 21:32:29,572 - INFO - 正在计算异常分数...
2025-04-15 21:32:29,603 - INFO - 检测到的异常节点: {1, 4, 5, 6, 7, 8, 9, 10, 11, 12, 13, 14, 15, 16, 17, 18, 19}
2025-04-15 21:32:29,603 - INFO - 正在为时间段 757-815 生成可视化
2025-04-15 21:32:29,603 - INFO - 正在为时间段 757-815 生成异常图可视化
2025-04-15 21:32:29,603 - DEBUG - 创建包含 19 个节点的图结构
2025-04-15 21:32:29,604 - DEBUG - 边统计: 正常边 248 条, 异常边 24 条
2025-04-15 21:32:29,604 - INFO - 时间段 757-815 的节点检测统计: 真阳性=0, 假阳性=17, 假阴性=0, 正常节点=2
2025-04-15 21:32:29,688 - DEBUG - 正在保存可视化结果到 ./visual/use_topkFalse\omi\range_ratio\omi-11\seg_1_757_815.png
2025-04-15 21:32:29,764 - INFO - 成功保存时间段 757-815 的可视化结果
2025-04-15 21:32:29,764 - INFO - 
正在处理时间段 3/9: 1366-1375
2025-04-15 21:32:29,764 - INFO - 该时间段的真实异常节点: {4, 5, 8, 17, 19}
2025-04-15 21:32:29,764 - INFO - 正在计算异常分数...
2025-04-15 21:32:29,769 - INFO - 检测到的异常节点: {1, 4, 5, 6, 7, 8, 9, 10, 11, 12, 13, 14, 15, 16, 17, 18, 19}
2025-04-15 21:32:29,769 - INFO - 正在为时间段 1366-1375 生成可视化
2025-04-15 21:32:29,769 - INFO - 正在为时间段 1366-1375 生成异常图可视化
2025-04-15 21:32:29,769 - DEBUG - 创建包含 19 个节点的图结构
2025-04-15 21:32:29,770 - DEBUG - 边统计: 正常边 210 条, 异常边 62 条
2025-04-15 21:32:29,770 - INFO - 时间段 1366-1375 的节点检测统计: 真阳性=5, 假阳性=12, 假阴性=0, 正常节点=2
2025-04-15 21:32:29,852 - DEBUG - 正在保存可视化结果到 ./visual/use_topkFalse\omi\range_ratio\omi-11\seg_2_1366_1375.png
2025-04-15 21:32:29,927 - INFO - 成功保存时间段 1366-1375 的可视化结果
2025-04-15 21:32:29,927 - INFO - 
正在处理时间段 4/9: 2301-2314
2025-04-15 21:32:29,927 - INFO - 该时间段的真实异常节点: {17, 19, 4, 5}
2025-04-15 21:32:29,927 - INFO - 正在计算异常分数...
2025-04-15 21:32:29,933 - INFO - 检测到的异常节点: {1, 4, 5, 6, 7, 8, 9, 10, 11, 12, 13, 14, 15, 16, 17, 18, 19}
2025-04-15 21:32:29,934 - INFO - 正在为时间段 2301-2314 生成可视化
2025-04-15 21:32:29,934 - INFO - 正在为时间段 2301-2314 生成异常图可视化
2025-04-15 21:32:29,934 - DEBUG - 创建包含 19 个节点的图结构
2025-04-15 21:32:29,935 - DEBUG - 边统计: 正常边 232 条, 异常边 40 条
2025-04-15 21:32:29,935 - INFO - 时间段 2301-2314 的节点检测统计: 真阳性=4, 假阳性=13, 假阴性=0, 正常节点=2
2025-04-15 21:32:30,010 - DEBUG - 正在保存可视化结果到 ./visual/use_topkFalse\omi\range_ratio\omi-11\seg_3_2301_2314.png
2025-04-15 21:32:30,087 - INFO - 成功保存时间段 2301-2314 的可视化结果
2025-04-15 21:32:30,088 - INFO - 
正在处理时间段 5/9: 2365-2381
2025-04-15 21:32:30,088 - INFO - 该时间段的真实异常节点: {19}
2025-04-15 21:32:30,088 - INFO - 正在计算异常分数...
2025-04-15 21:32:30,094 - INFO - 检测到的异常节点: {4, 6, 7, 8, 9, 11, 12, 13, 14, 15, 17, 18, 19}
2025-04-15 21:32:30,095 - INFO - 正在为时间段 2365-2381 生成可视化
2025-04-15 21:32:30,095 - INFO - 正在为时间段 2365-2381 生成异常图可视化
2025-04-15 21:32:30,095 - DEBUG - 创建包含 19 个节点的图结构
2025-04-15 21:32:30,095 - DEBUG - 边统计: 正常边 168 条, 异常边 42 条
2025-04-15 21:32:30,095 - INFO - 时间段 2365-2381 的节点检测统计: 真阳性=1, 假阳性=12, 假阴性=0, 正常节点=6
2025-04-15 21:32:30,174 - DEBUG - 正在保存可视化结果到 ./visual/use_topkFalse\omi\range_ratio\omi-11\seg_4_2365_2381.png
2025-04-15 21:32:30,255 - INFO - 成功保存时间段 2365-2381 的可视化结果
2025-04-15 21:32:30,255 - INFO - 
正在处理时间段 6/9: 2464-2485
2025-04-15 21:32:30,255 - INFO - 该时间段的真实异常节点: {17, 19, 4, 5}
2025-04-15 21:32:30,255 - INFO - 正在计算异常分数...
2025-04-15 21:32:30,266 - INFO - 检测到的异常节点: {1, 4, 5, 6, 7, 8, 9, 10, 11, 12, 13, 14, 15, 16, 17, 18, 19}
2025-04-15 21:32:30,267 - INFO - 正在为时间段 2464-2485 生成可视化
2025-04-15 21:32:30,267 - INFO - 正在为时间段 2464-2485 生成异常图可视化
2025-04-15 21:32:30,267 - DEBUG - 创建包含 19 个节点的图结构
2025-04-15 21:32:30,267 - DEBUG - 边统计: 正常边 236 条, 异常边 36 条
2025-04-15 21:32:30,268 - INFO - 时间段 2464-2485 的节点检测统计: 真阳性=4, 假阳性=13, 假阴性=0, 正常节点=2
2025-04-15 21:32:30,345 - DEBUG - 正在保存可视化结果到 ./visual/use_topkFalse\omi\range_ratio\omi-11\seg_5_2464_2485.png
2025-04-15 21:32:30,422 - INFO - 成功保存时间段 2464-2485 的可视化结果
2025-04-15 21:32:30,423 - INFO - 
正在处理时间段 7/9: 2588-2610
2025-04-15 21:32:30,423 - INFO - 该时间段的真实异常节点: {17, 19, 4, 5}
2025-04-15 21:32:30,423 - INFO - 正在计算异常分数...
2025-04-15 21:32:30,434 - INFO - 检测到的异常节点: {1, 4, 5, 6, 7, 8, 9, 10, 11, 12, 13, 14, 15, 16, 17, 18, 19}
2025-04-15 21:32:30,434 - INFO - 正在为时间段 2588-2610 生成可视化
2025-04-15 21:32:30,434 - INFO - 正在为时间段 2588-2610 生成异常图可视化
2025-04-15 21:32:30,434 - DEBUG - 创建包含 19 个节点的图结构
2025-04-15 21:32:30,434 - DEBUG - 边统计: 正常边 216 条, 异常边 56 条
2025-04-15 21:32:30,435 - INFO - 时间段 2588-2610 的节点检测统计: 真阳性=4, 假阳性=13, 假阴性=0, 正常节点=2
2025-04-15 21:32:30,512 - DEBUG - 正在保存可视化结果到 ./visual/use_topkFalse\omi\range_ratio\omi-11\seg_6_2588_2610.png
2025-04-15 21:32:30,593 - INFO - 成功保存时间段 2588-2610 的可视化结果
2025-04-15 21:32:30,593 - INFO - 
正在处理时间段 8/9: 2650-2675
2025-04-15 21:32:30,593 - INFO - 该时间段的真实异常节点: {19}
2025-04-15 21:32:30,593 - INFO - 正在计算异常分数...
2025-04-15 21:32:30,606 - INFO - 检测到的异常节点: {4, 5, 6, 7, 8, 9, 10, 11, 12, 13, 14, 15, 16, 17, 18, 19}
2025-04-15 21:32:30,606 - INFO - 正在为时间段 2650-2675 生成可视化
2025-04-15 21:32:30,606 - INFO - 正在为时间段 2650-2675 生成异常图可视化
2025-04-15 21:32:30,606 - DEBUG - 创建包含 19 个节点的图结构
2025-04-15 21:32:30,608 - DEBUG - 边统计: 正常边 192 条, 异常边 48 条
2025-04-15 21:32:30,608 - INFO - 时间段 2650-2675 的节点检测统计: 真阳性=1, 假阳性=15, 假阴性=0, 正常节点=3
2025-04-15 21:32:30,692 - DEBUG - 正在保存可视化结果到 ./visual/use_topkFalse\omi\range_ratio\omi-11\seg_7_2650_2675.png
2025-04-15 21:32:30,778 - INFO - 成功保存时间段 2650-2675 的可视化结果
2025-04-15 21:32:30,778 - INFO - 
正在处理时间段 9/9: 3012-3072
2025-04-15 21:32:30,778 - INFO - 该时间段的真实异常节点: {1, 4, 5, 8, 17, 19}
2025-04-15 21:32:30,778 - INFO - 正在计算异常分数...
2025-04-15 21:32:30,812 - INFO - 检测到的异常节点: {1, 4, 5, 6, 7, 8, 9, 10, 11, 12, 13, 14, 15, 16, 17, 18, 19}
2025-04-15 21:32:30,812 - INFO - 正在为时间段 3012-3072 生成可视化
2025-04-15 21:32:30,812 - INFO - 正在为时间段 3012-3072 生成异常图可视化
2025-04-15 21:32:30,812 - DEBUG - 创建包含 19 个节点的图结构
2025-04-15 21:32:30,814 - DEBUG - 边统计: 正常边 272 条, 异常边 0 条
2025-04-15 21:32:30,814 - INFO - 时间段 3012-3072 的节点检测统计: 真阳性=6, 假阳性=11, 假阴性=0, 正常节点=2
2025-04-15 21:32:30,892 - DEBUG - 正在保存可视化结果到 ./visual/use_topkFalse\omi\range_ratio\omi-11\seg_8_3012_3072.png
2025-04-15 21:32:31,024 - INFO - 成功保存时间段 3012-3072 的可视化结果
2025-04-15 21:32:31,024 - INFO - 正在从 ./visual/use_topkFalse\omi\range_ratio\omi-11 中的图像创建GIF
2025-04-15 21:32:31,263 - INFO - GIF已保存到 ./visual/use_topkFalse\omi\range_ratio\omi-11\omi-11.gif
2025-04-15 21:32:31,263 - INFO - 
==================================================
2025-04-15 21:32:31,263 - INFO - 开始数据集可视化: omi-12
2025-04-15 21:32:31,263 - INFO - 使用参数: 评分模式=range_ratio, top_k=None, 阈值=7.0
2025-04-15 21:32:31,263 - INFO - ==================================================

2025-04-15 21:32:31,264 - INFO - 正在加载数据集 omi-12 的数据
2025-04-15 21:32:31,265 - INFO - 数据加载成功。训练集形状: (7291, 19), 测试集形状: (4320, 19)
2025-04-15 21:32:31,265 - INFO - 正在计算边缘统计量...
2025-04-15 21:32:32,668 - INFO - 已计算 133 条边的统计量
2025-04-15 21:32:32,668 - INFO - 为每个节点使用所有邻居
2025-04-15 21:32:32,669 - INFO - 可视化结果将保存到: ./visual/use_topkFalse\omi\range_ratio\omi-12
2025-04-15 21:32:32,669 - INFO - 在数据集中发现 5 个异常时间段
2025-04-15 21:32:32,670 - INFO - 
正在处理时间段 1/5: 740-813
2025-04-15 21:32:32,670 - INFO - 该时间段的真实异常节点: {1, 2, 6, 7, 8, 9, 10, 11, 12, 13, 14, 15, 16, 17, 18, 19}
2025-04-15 21:32:32,670 - INFO - 正在计算异常分数...
2025-04-15 21:32:32,703 - INFO - 检测到的异常节点: {1, 6, 7, 8, 9, 10, 11, 12, 13, 14, 15, 16, 17, 18, 19}
2025-04-15 21:32:32,703 - INFO - 正在为时间段 740-813 生成可视化
2025-04-15 21:32:32,703 - INFO - 正在为时间段 740-813 生成异常图可视化
2025-04-15 21:32:32,703 - DEBUG - 创建包含 19 个节点的图结构
2025-04-15 21:32:32,704 - DEBUG - 边统计: 正常边 140 条, 异常边 70 条
2025-04-15 21:32:32,704 - INFO - 时间段 740-813 的节点检测统计: 真阳性=15, 假阳性=0, 假阴性=1, 正常节点=3
2025-04-15 21:32:32,790 - DEBUG - 正在保存可视化结果到 ./visual/use_topkFalse\omi\range_ratio\omi-12\seg_0_740_813.png
2025-04-15 21:32:32,871 - INFO - 成功保存时间段 740-813 的可视化结果
2025-04-15 21:32:32,872 - INFO - 
正在处理时间段 2/5: 2486-2493
2025-04-15 21:32:32,872 - INFO - 该时间段的真实异常节点: {4, 5}
2025-04-15 21:32:32,872 - INFO - 正在计算异常分数...
2025-04-15 21:32:32,874 - INFO - 检测到的异常节点: {1, 4, 5, 7, 8, 9, 10, 14, 16, 17, 18}
2025-04-15 21:32:32,874 - INFO - 正在为时间段 2486-2493 生成可视化
2025-04-15 21:32:32,874 - INFO - 正在为时间段 2486-2493 生成异常图可视化
2025-04-15 21:32:32,874 - DEBUG - 创建包含 19 个节点的图结构
2025-04-15 21:32:32,875 - DEBUG - 边统计: 正常边 170 条, 异常边 36 条
2025-04-15 21:32:32,875 - INFO - 时间段 2486-2493 的节点检测统计: 真阳性=2, 假阳性=9, 假阴性=0, 正常节点=8
2025-04-15 21:32:32,953 - DEBUG - 正在保存可视化结果到 ./visual/use_topkFalse\omi\range_ratio\omi-12\seg_1_2486_2493.png
2025-04-15 21:32:33,029 - INFO - 成功保存时间段 2486-2493 的可视化结果
2025-04-15 21:32:33,029 - INFO - 
正在处理时间段 3/5: 2515-2525
2025-04-15 21:32:33,029 - INFO - 该时间段的真实异常节点: {1, 4, 5, 7, 8, 9, 17, 18}
2025-04-15 21:32:33,029 - INFO - 正在计算异常分数...
2025-04-15 21:32:33,033 - INFO - 检测到的异常节点: {1, 4, 5, 6, 7, 8, 9, 10, 12, 13, 14, 15, 16, 17, 18, 19}
2025-04-15 21:32:33,033 - INFO - 正在为时间段 2515-2525 生成可视化
2025-04-15 21:32:33,034 - INFO - 正在为时间段 2515-2525 生成异常图可视化
2025-04-15 21:32:33,034 - DEBUG - 创建包含 19 个节点的图结构
2025-04-15 21:32:33,034 - DEBUG - 边统计: 正常边 190 条, 异常边 76 条
2025-04-15 21:32:33,034 - INFO - 时间段 2515-2525 的节点检测统计: 真阳性=8, 假阳性=8, 假阴性=0, 正常节点=3
2025-04-15 21:32:33,110 - DEBUG - 正在保存可视化结果到 ./visual/use_topkFalse\omi\range_ratio\omi-12\seg_2_2515_2525.png
2025-04-15 21:32:33,187 - INFO - 成功保存时间段 2515-2525 的可视化结果
2025-04-15 21:32:33,187 - INFO - 
正在处理时间段 4/5: 2721-2723
2025-04-15 21:32:33,187 - INFO - 该时间段的真实异常节点: {4}
2025-04-15 21:32:33,187 - INFO - 正在计算异常分数...
2025-04-15 21:32:33,187 - INFO - 检测到的异常节点: set()
2025-04-15 21:32:33,187 - INFO - 正在为时间段 2721-2723 生成可视化
2025-04-15 21:32:33,187 - INFO - 正在为时间段 2721-2723 生成异常图可视化
2025-04-15 21:32:33,188 - DEBUG - 创建包含 19 个节点的图结构
2025-04-15 21:32:33,188 - DEBUG - 边统计: 正常边 40 条, 异常边 48 条
2025-04-15 21:32:33,188 - INFO - 时间段 2721-2723 的节点检测统计: 真阳性=0, 假阳性=0, 假阴性=1, 正常节点=18
2025-04-15 21:32:33,275 - DEBUG - 正在保存可视化结果到 ./visual/use_topkFalse\omi\range_ratio\omi-12\seg_3_2721_2723.png
2025-04-15 21:32:33,354 - INFO - 成功保存时间段 2721-2723 的可视化结果
2025-04-15 21:32:33,354 - INFO - 
正在处理时间段 5/5: 3500-3535
2025-04-15 21:32:33,354 - INFO - 该时间段的真实异常节点: {5, 6, 7, 8, 11, 12, 13, 14, 15, 16, 17, 18, 19}
2025-04-15 21:32:33,354 - INFO - 正在计算异常分数...
2025-04-15 21:32:33,371 - INFO - 检测到的异常节点: {6, 7, 8, 9, 10, 11, 12, 13, 14, 15, 16, 17, 18, 19}
2025-04-15 21:32:33,371 - INFO - 正在为时间段 3500-3535 生成可视化
2025-04-15 21:32:33,371 - INFO - 正在为时间段 3500-3535 生成异常图可视化
2025-04-15 21:32:33,371 - DEBUG - 创建包含 19 个节点的图结构
2025-04-15 21:32:33,371 - DEBUG - 边统计: 正常边 172 条, 异常边 38 条
2025-04-15 21:32:33,371 - INFO - 时间段 3500-3535 的节点检测统计: 真阳性=12, 假阳性=2, 假阴性=1, 正常节点=4
2025-04-15 21:32:33,449 - DEBUG - 正在保存可视化结果到 ./visual/use_topkFalse\omi\range_ratio\omi-12\seg_4_3500_3535.png
2025-04-15 21:32:33,528 - INFO - 成功保存时间段 3500-3535 的可视化结果
2025-04-15 21:32:33,528 - INFO - 正在从 ./visual/use_topkFalse\omi\range_ratio\omi-12 中的图像创建GIF
2025-04-15 21:32:33,665 - INFO - GIF已保存到 ./visual/use_topkFalse\omi\range_ratio\omi-12\omi-12.gif
2025-04-15 21:32:33,665 - INFO - 
==================================================
2025-04-15 21:32:33,665 - INFO - 开始数据集可视化: omi-2
2025-04-15 21:32:33,665 - INFO - 使用参数: 评分模式=range_ratio, top_k=None, 阈值=6.5
2025-04-15 21:32:33,665 - INFO - ==================================================

2025-04-15 21:32:33,665 - INFO - 正在加载数据集 omi-2 的数据
2025-04-15 21:32:33,666 - INFO - 数据加载成功。训练集形状: (8640, 19), 测试集形状: (4320, 19)
2025-04-15 21:32:33,666 - INFO - 正在计算边缘统计量...
2025-04-15 21:32:35,486 - INFO - 已计算 153 条边的统计量
2025-04-15 21:32:35,487 - INFO - 为每个节点使用所有邻居
2025-04-15 21:32:35,487 - INFO - 可视化结果将保存到: ./visual/use_topkFalse\omi\range_ratio\omi-2
2025-04-15 21:32:35,487 - INFO - 在数据集中发现 4 个异常时间段
2025-04-15 21:32:35,487 - INFO - 
正在处理时间段 1/4: 486-498
2025-04-15 21:32:35,487 - INFO - 该时间段的真实异常节点: {1, 4, 5}
2025-04-15 21:32:35,487 - INFO - 正在计算异常分数...
2025-04-15 21:32:35,494 - INFO - 检测到的异常节点: {1, 4, 5, 6, 7, 8, 10, 11, 12, 13, 14, 15, 16, 18, 19}
2025-04-15 21:32:35,494 - INFO - 正在为时间段 486-498 生成可视化
2025-04-15 21:32:35,494 - INFO - 正在为时间段 486-498 生成异常图可视化
2025-04-15 21:32:35,494 - DEBUG - 创建包含 19 个节点的图结构
2025-04-15 21:32:35,495 - DEBUG - 边统计: 正常边 272 条, 异常边 0 条
2025-04-15 21:32:35,495 - INFO - 时间段 486-498 的节点检测统计: 真阳性=3, 假阳性=12, 假阴性=0, 正常节点=4
2025-04-15 21:32:35,578 - DEBUG - 正在保存可视化结果到 ./visual/use_topkFalse\omi\range_ratio\omi-2\seg_0_486_498.png
2025-04-15 21:32:35,653 - INFO - 成功保存时间段 486-498 的可视化结果
2025-04-15 21:32:35,653 - INFO - 
正在处理时间段 2/4: 740-753
2025-04-15 21:32:35,654 - INFO - 该时间段的真实异常节点: {2}
2025-04-15 21:32:35,654 - INFO - 正在计算异常分数...
2025-04-15 21:32:35,659 - INFO - 检测到的异常节点: {9, 2, 5, 6}
2025-04-15 21:32:35,659 - INFO - 正在为时间段 740-753 生成可视化
2025-04-15 21:32:35,659 - INFO - 正在为时间段 740-753 生成异常图可视化
2025-04-15 21:32:35,660 - DEBUG - 创建包含 19 个节点的图结构
2025-04-15 21:32:35,660 - DEBUG - 边统计: 正常边 268 条, 异常边 4 条
2025-04-15 21:32:35,660 - INFO - 时间段 740-753 的节点检测统计: 真阳性=1, 假阳性=3, 假阴性=0, 正常节点=15
2025-04-15 21:32:35,747 - DEBUG - 正在保存可视化结果到 ./visual/use_topkFalse\omi\range_ratio\omi-2\seg_1_740_753.png
2025-04-15 21:32:35,828 - INFO - 成功保存时间段 740-753 的可视化结果
2025-04-15 21:32:35,828 - INFO - 
正在处理时间段 3/4: 766-783
2025-04-15 21:32:35,829 - INFO - 该时间段的真实异常节点: {1, 5, 6, 7, 8, 9, 10, 11, 12, 13, 14, 15, 16, 17, 18, 19}
2025-04-15 21:32:35,829 - INFO - 正在计算异常分数...
2025-04-15 21:32:35,836 - INFO - 检测到的异常节点: {1, 5, 6, 7, 8, 9, 10, 11, 12, 13, 14, 15, 16, 17, 18, 19}
2025-04-15 21:32:35,836 - INFO - 正在为时间段 766-783 生成可视化
2025-04-15 21:32:35,836 - INFO - 正在为时间段 766-783 生成异常图可视化
2025-04-15 21:32:35,836 - DEBUG - 创建包含 19 个节点的图结构
2025-04-15 21:32:35,837 - DEBUG - 边统计: 正常边 222 条, 异常边 50 条
2025-04-15 21:32:35,837 - INFO - 时间段 766-783 的节点检测统计: 真阳性=16, 假阳性=0, 假阴性=0, 正常节点=3
2025-04-15 21:32:35,918 - DEBUG - 正在保存可视化结果到 ./visual/use_topkFalse\omi\range_ratio\omi-2\seg_2_766_783.png
2025-04-15 21:32:35,998 - INFO - 成功保存时间段 766-783 的可视化结果
2025-04-15 21:32:35,998 - INFO - 
正在处理时间段 4/4: 1436-1445
2025-04-15 21:32:35,998 - INFO - 该时间段的真实异常节点: {7, 9, 10, 11, 12, 13, 14, 15, 16, 17, 18}
2025-04-15 21:32:35,998 - INFO - 正在计算异常分数...
2025-04-15 21:32:36,001 - INFO - 检测到的异常节点: {1, 4, 5, 6, 7, 9, 10, 11, 12, 13, 14, 15, 16, 18}
2025-04-15 21:32:36,002 - INFO - 正在为时间段 1436-1445 生成可视化
2025-04-15 21:32:36,002 - INFO - 正在为时间段 1436-1445 生成异常图可视化
2025-04-15 21:32:36,002 - DEBUG - 创建包含 19 个节点的图结构
2025-04-15 21:32:36,002 - DEBUG - 边统计: 正常边 270 条, 异常边 2 条
2025-04-15 21:32:36,002 - INFO - 时间段 1436-1445 的节点检测统计: 真阳性=10, 假阳性=4, 假阴性=1, 正常节点=4
2025-04-15 21:32:36,082 - DEBUG - 正在保存可视化结果到 ./visual/use_topkFalse\omi\range_ratio\omi-2\seg_3_1436_1445.png
2025-04-15 21:32:36,160 - INFO - 成功保存时间段 1436-1445 的可视化结果
2025-04-15 21:32:36,160 - INFO - 正在从 ./visual/use_topkFalse\omi\range_ratio\omi-2 中的图像创建GIF
2025-04-15 21:32:36,273 - INFO - GIF已保存到 ./visual/use_topkFalse\omi\range_ratio\omi-2\omi-2.gif
2025-04-15 21:32:36,273 - INFO - 
==================================================
2025-04-15 21:32:36,273 - INFO - 开始数据集可视化: omi-3
2025-04-15 21:32:36,273 - INFO - 使用参数: 评分模式=range_ratio, top_k=None, 阈值=2.5
2025-04-15 21:32:36,273 - INFO - ==================================================

2025-04-15 21:32:36,273 - INFO - 正在加载数据集 omi-3 的数据
2025-04-15 21:32:36,274 - INFO - 数据加载成功。训练集形状: (8640, 19), 测试集形状: (4320, 19)
2025-04-15 21:32:36,274 - INFO - 正在计算边缘统计量...
2025-04-15 21:32:38,080 - INFO - 已计算 136 条边的统计量
2025-04-15 21:32:38,080 - INFO - 为每个节点使用所有邻居
2025-04-15 21:32:38,081 - INFO - 可视化结果将保存到: ./visual/use_topkFalse\omi\range_ratio\omi-3
2025-04-15 21:32:38,081 - INFO - 在数据集中发现 6 个异常时间段
2025-04-15 21:32:38,082 - INFO - 
正在处理时间段 1/6: 760-820
2025-04-15 21:32:38,082 - INFO - 该时间段的真实异常节点: {1, 4, 6, 7, 8, 9, 10, 11, 12, 13, 14, 15, 16, 17, 18, 19}
2025-04-15 21:32:38,082 - INFO - 正在计算异常分数...
2025-04-15 21:32:38,112 - INFO - 检测到的异常节点: {1, 4, 5, 6, 7, 8, 9, 10, 11, 12, 13, 14, 15, 16, 17, 18, 19}
2025-04-15 21:32:38,112 - INFO - 正在为时间段 760-820 生成可视化
2025-04-15 21:32:38,112 - INFO - 正在为时间段 760-820 生成异常图可视化
2025-04-15 21:32:38,113 - DEBUG - 创建包含 19 个节点的图结构
2025-04-15 21:32:38,113 - DEBUG - 边统计: 正常边 248 条, 异常边 24 条
2025-04-15 21:32:38,113 - INFO - 时间段 760-820 的节点检测统计: 真阳性=16, 假阳性=1, 假阴性=0, 正常节点=2
2025-04-15 21:32:38,193 - DEBUG - 正在保存可视化结果到 ./visual/use_topkFalse\omi\range_ratio\omi-3\seg_0_760_820.png
2025-04-15 21:32:38,278 - INFO - 成功保存时间段 760-820 的可视化结果
2025-04-15 21:32:38,280 - INFO - 
正在处理时间段 2/6: 842-860
2025-04-15 21:32:38,280 - INFO - 该时间段的真实异常节点: {7, 8, 9, 10, 11, 12, 13, 14, 15, 16, 17, 18, 19}
2025-04-15 21:32:38,280 - INFO - 正在计算异常分数...
2025-04-15 21:32:38,288 - INFO - 检测到的异常节点: {4, 5, 6, 7, 8, 9, 10, 11, 12, 13, 14, 15, 16, 17, 18, 19}
2025-04-15 21:32:38,288 - INFO - 正在为时间段 842-860 生成可视化
2025-04-15 21:32:38,288 - INFO - 正在为时间段 842-860 生成异常图可视化
2025-04-15 21:32:38,288 - DEBUG - 创建包含 19 个节点的图结构
2025-04-15 21:32:38,289 - DEBUG - 边统计: 正常边 224 条, 异常边 16 条
2025-04-15 21:32:38,289 - INFO - 时间段 842-860 的节点检测统计: 真阳性=13, 假阳性=3, 假阴性=0, 正常节点=3
2025-04-15 21:32:38,365 - DEBUG - 正在保存可视化结果到 ./visual/use_topkFalse\omi\range_ratio\omi-3\seg_1_842_860.png
2025-04-15 21:32:38,439 - INFO - 成功保存时间段 842-860 的可视化结果
2025-04-15 21:32:38,439 - INFO - 
正在处理时间段 3/6: 1080-1120
2025-04-15 21:32:38,440 - INFO - 该时间段的真实异常节点: {7, 9, 10, 11, 12, 13, 14, 15, 16, 17, 18}
2025-04-15 21:32:38,440 - INFO - 正在计算异常分数...
2025-04-15 21:32:38,466 - INFO - 检测到的异常节点: {1, 4, 5, 6, 7, 8, 9, 10, 11, 12, 13, 14, 15, 16, 17, 18, 19}
2025-04-15 21:32:38,466 - INFO - 正在为时间段 1080-1120 生成可视化
2025-04-15 21:32:38,466 - INFO - 正在为时间段 1080-1120 生成异常图可视化
2025-04-15 21:32:38,466 - DEBUG - 创建包含 19 个节点的图结构
2025-04-15 21:32:38,467 - DEBUG - 边统计: 正常边 272 条, 异常边 0 条
2025-04-15 21:32:38,467 - INFO - 时间段 1080-1120 的节点检测统计: 真阳性=11, 假阳性=6, 假阴性=0, 正常节点=2
2025-04-15 21:32:38,546 - DEBUG - 正在保存可视化结果到 ./visual/use_topkFalse\omi\range_ratio\omi-3\seg_2_1080_1120.png
2025-04-15 21:32:38,619 - INFO - 成功保存时间段 1080-1120 的可视化结果
2025-04-15 21:32:38,619 - INFO - 
正在处理时间段 4/6: 2188-2201
2025-04-15 21:32:38,619 - INFO - 该时间段的真实异常节点: {7, 9, 10, 11, 12, 13, 14, 15, 16, 17, 18, 19}
2025-04-15 21:32:38,619 - INFO - 正在计算异常分数...
2025-04-15 21:32:38,626 - INFO - 检测到的异常节点: {6, 7, 8, 9, 10, 11, 12, 13, 14, 15, 16, 17, 18, 19}
2025-04-15 21:32:38,626 - INFO - 正在为时间段 2188-2201 生成可视化
2025-04-15 21:32:38,626 - INFO - 正在为时间段 2188-2201 生成异常图可视化
2025-04-15 21:32:38,626 - DEBUG - 创建包含 19 个节点的图结构
2025-04-15 21:32:38,627 - DEBUG - 边统计: 正常边 258 条, 异常边 14 条
2025-04-15 21:32:38,627 - INFO - 时间段 2188-2201 的节点检测统计: 真阳性=12, 假阳性=2, 假阴性=0, 正常节点=5
2025-04-15 21:32:38,759 - DEBUG - 正在保存可视化结果到 ./visual/use_topkFalse\omi\range_ratio\omi-3\seg_3_2188_2201.png
2025-04-15 21:32:38,837 - INFO - 成功保存时间段 2188-2201 的可视化结果
2025-04-15 21:32:38,837 - INFO - 
正在处理时间段 5/6: 2497-2500
2025-04-15 21:32:38,837 - INFO - 该时间段的真实异常节点: {6, 7, 9, 10, 11, 12, 13, 14, 15, 16, 17, 18, 19}
2025-04-15 21:32:38,837 - INFO - 正在计算异常分数...
2025-04-15 21:32:38,837 - INFO - 检测到的异常节点: set()
2025-04-15 21:32:38,837 - INFO - 正在为时间段 2497-2500 生成可视化
2025-04-15 21:32:38,837 - INFO - 正在为时间段 2497-2500 生成异常图可视化
2025-04-15 21:32:38,837 - DEBUG - 创建包含 19 个节点的图结构
2025-04-15 21:32:38,838 - DEBUG - 边统计: 正常边 208 条, 异常边 2 条
2025-04-15 21:32:38,838 - INFO - 时间段 2497-2500 的节点检测统计: 真阳性=0, 假阳性=0, 假阴性=13, 正常节点=6
2025-04-15 21:32:38,920 - DEBUG - 正在保存可视化结果到 ./visual/use_topkFalse\omi\range_ratio\omi-3\seg_4_2497_2500.png
2025-04-15 21:32:38,999 - INFO - 成功保存时间段 2497-2500 的可视化结果
2025-04-15 21:32:38,999 - INFO - 
正在处理时间段 6/6: 3428-3434
2025-04-15 21:32:38,999 - INFO - 该时间段的真实异常节点: {7, 8, 9, 10, 11, 12, 13, 14, 15, 16, 17, 18, 19}
2025-04-15 21:32:38,999 - INFO - 正在计算异常分数...
2025-04-15 21:32:39,001 - INFO - 检测到的异常节点: {7, 8, 9, 10, 11, 12, 13, 14, 15, 16, 17, 18, 19}
2025-04-15 21:32:39,001 - INFO - 正在为时间段 3428-3434 生成可视化
2025-04-15 21:32:39,001 - INFO - 正在为时间段 3428-3434 生成异常图可视化
2025-04-15 21:32:39,002 - DEBUG - 创建包含 19 个节点的图结构
2025-04-15 21:32:39,002 - DEBUG - 边统计: 正常边 270 条, 异常边 2 条
2025-04-15 21:32:39,002 - INFO - 时间段 3428-3434 的节点检测统计: 真阳性=13, 假阳性=0, 假阴性=0, 正常节点=6
2025-04-15 21:32:39,081 - DEBUG - 正在保存可视化结果到 ./visual/use_topkFalse\omi\range_ratio\omi-3\seg_5_3428_3434.png
2025-04-15 21:32:39,162 - INFO - 成功保存时间段 3428-3434 的可视化结果
2025-04-15 21:32:39,162 - INFO - 正在从 ./visual/use_topkFalse\omi\range_ratio\omi-3 中的图像创建GIF
2025-04-15 21:32:39,331 - INFO - GIF已保存到 ./visual/use_topkFalse\omi\range_ratio\omi-3\omi-3.gif
2025-04-15 21:32:39,331 - INFO - 
==================================================
2025-04-15 21:32:39,331 - INFO - 开始数据集可视化: omi-4
2025-04-15 21:32:39,331 - INFO - 使用参数: 评分模式=range_ratio, top_k=None, 阈值=2.0
2025-04-15 21:32:39,331 - INFO - ==================================================

2025-04-15 21:32:39,331 - INFO - 正在加载数据集 omi-4 的数据
2025-04-15 21:32:39,332 - INFO - 数据加载成功。训练集形状: (8640, 19), 测试集形状: (4320, 19)
2025-04-15 21:32:39,332 - INFO - 正在计算边缘统计量...
2025-04-15 21:32:41,151 - INFO - 已计算 136 条边的统计量
2025-04-15 21:32:41,151 - INFO - 为每个节点使用所有邻居
2025-04-15 21:32:41,151 - INFO - 可视化结果将保存到: ./visual/use_topkFalse\omi\range_ratio\omi-4
2025-04-15 21:32:41,152 - INFO - 在数据集中发现 5 个异常时间段
2025-04-15 21:32:41,152 - INFO - 
正在处理时间段 1/5: 727-782
2025-04-15 21:32:41,152 - INFO - 该时间段的真实异常节点: {1, 2, 6, 7, 8, 9, 10, 11, 12, 13, 14, 15, 16, 17, 18, 19}
2025-04-15 21:32:41,152 - INFO - 正在计算异常分数...
2025-04-15 21:32:41,180 - INFO - 检测到的异常节点: {1, 4, 5, 6, 7, 8, 9, 10, 11, 12, 13, 14, 15, 16, 17, 18, 19}
2025-04-15 21:32:41,180 - INFO - 正在为时间段 727-782 生成可视化
2025-04-15 21:32:41,180 - INFO - 正在为时间段 727-782 生成异常图可视化
2025-04-15 21:32:41,180 - DEBUG - 创建包含 19 个节点的图结构
2025-04-15 21:32:41,181 - DEBUG - 边统计: 正常边 240 条, 异常边 32 条
2025-04-15 21:32:41,181 - INFO - 时间段 727-782 的节点检测统计: 真阳性=15, 假阳性=2, 假阴性=1, 正常节点=1
2025-04-15 21:32:41,263 - DEBUG - 正在保存可视化结果到 ./visual/use_topkFalse\omi\range_ratio\omi-4\seg_0_727_782.png
2025-04-15 21:32:41,349 - INFO - 成功保存时间段 727-782 的可视化结果
2025-04-15 21:32:41,349 - INFO - 
正在处理时间段 2/5: 843-857
2025-04-15 21:32:41,349 - INFO - 该时间段的真实异常节点: {6, 7, 8, 9, 10, 11, 12, 13, 14, 15, 16, 17, 18, 19}
2025-04-15 21:32:41,349 - INFO - 正在计算异常分数...
2025-04-15 21:32:41,356 - INFO - 检测到的异常节点: {4, 5, 6, 7, 8, 9, 10, 11, 12, 13, 14, 15, 16, 17, 18, 19}
2025-04-15 21:32:41,356 - INFO - 正在为时间段 843-857 生成可视化
2025-04-15 21:32:41,356 - INFO - 正在为时间段 843-857 生成异常图可视化
2025-04-15 21:32:41,356 - DEBUG - 创建包含 19 个节点的图结构
2025-04-15 21:32:41,357 - DEBUG - 边统计: 正常边 236 条, 异常边 4 条
2025-04-15 21:32:41,357 - INFO - 时间段 843-857 的节点检测统计: 真阳性=14, 假阳性=2, 假阴性=0, 正常节点=3
2025-04-15 21:32:41,437 - DEBUG - 正在保存可视化结果到 ./visual/use_topkFalse\omi\range_ratio\omi-4\seg_1_843_857.png
2025-04-15 21:32:41,516 - INFO - 成功保存时间段 843-857 的可视化结果
2025-04-15 21:32:41,516 - INFO - 
正在处理时间段 3/5: 2178-2238
2025-04-15 21:32:41,516 - INFO - 该时间段的真实异常节点: {8, 9, 10, 11, 12, 13, 14, 15, 16, 17, 18, 19}
2025-04-15 21:32:41,516 - INFO - 正在计算异常分数...
2025-04-15 21:32:41,547 - INFO - 检测到的异常节点: {1, 4, 5, 6, 7, 8, 9, 10, 11, 12, 13, 14, 15, 16, 17, 18, 19}
2025-04-15 21:32:41,547 - INFO - 正在为时间段 2178-2238 生成可视化
2025-04-15 21:32:41,547 - INFO - 正在为时间段 2178-2238 生成异常图可视化
2025-04-15 21:32:41,547 - DEBUG - 创建包含 19 个节点的图结构
2025-04-15 21:32:41,548 - DEBUG - 边统计: 正常边 272 条, 异常边 0 条
2025-04-15 21:32:41,548 - INFO - 时间段 2178-2238 的节点检测统计: 真阳性=12, 假阳性=5, 假阴性=0, 正常节点=2
2025-04-15 21:32:41,626 - DEBUG - 正在保存可视化结果到 ./visual/use_topkFalse\omi\range_ratio\omi-4\seg_2_2178_2238.png
2025-04-15 21:32:41,705 - INFO - 成功保存时间段 2178-2238 的可视化结果
2025-04-15 21:32:41,705 - INFO - 
正在处理时间段 4/5: 2494-2501
2025-04-15 21:32:41,705 - INFO - 该时间段的真实异常节点: {7, 9, 10, 11, 12, 13, 14, 15, 16, 17, 18, 19}
2025-04-15 21:32:41,705 - INFO - 正在计算异常分数...
2025-04-15 21:32:41,708 - INFO - 检测到的异常节点: {6, 7, 9, 10, 11, 12, 13, 14, 15, 16, 17, 18, 19}
2025-04-15 21:32:41,708 - INFO - 正在为时间段 2494-2501 生成可视化
2025-04-15 21:32:41,708 - INFO - 正在为时间段 2494-2501 生成异常图可视化
2025-04-15 21:32:41,708 - DEBUG - 创建包含 19 个节点的图结构
2025-04-15 21:32:41,709 - DEBUG - 边统计: 正常边 218 条, 异常边 22 条
2025-04-15 21:32:41,709 - INFO - 时间段 2494-2501 的节点检测统计: 真阳性=12, 假阳性=1, 假阴性=0, 正常节点=6
2025-04-15 21:32:41,790 - DEBUG - 正在保存可视化结果到 ./visual/use_topkFalse\omi\range_ratio\omi-4\seg_3_2494_2501.png
2025-04-15 21:32:41,865 - INFO - 成功保存时间段 2494-2501 的可视化结果
2025-04-15 21:32:41,865 - INFO - 
正在处理时间段 5/5: 3425-3435
2025-04-15 21:32:41,865 - INFO - 该时间段的真实异常节点: {7, 8, 9, 10, 11, 12, 13, 14, 15, 16, 17, 18, 19}
2025-04-15 21:32:41,866 - INFO - 正在计算异常分数...
2025-04-15 21:32:41,870 - INFO - 检测到的异常节点: {5, 6, 7, 8, 9, 10, 11, 12, 13, 14, 15, 16, 17, 18, 19}
2025-04-15 21:32:41,870 - INFO - 正在为时间段 3425-3435 生成可视化
2025-04-15 21:32:41,870 - INFO - 正在为时间段 3425-3435 生成异常图可视化
2025-04-15 21:32:41,870 - DEBUG - 创建包含 19 个节点的图结构
2025-04-15 21:32:41,871 - DEBUG - 边统计: 正常边 252 条, 异常边 20 条
2025-04-15 21:32:41,871 - INFO - 时间段 3425-3435 的节点检测统计: 真阳性=13, 假阳性=2, 假阴性=0, 正常节点=4
2025-04-15 21:32:41,949 - DEBUG - 正在保存可视化结果到 ./visual/use_topkFalse\omi\range_ratio\omi-4\seg_4_3425_3435.png
2025-04-15 21:32:42,033 - INFO - 成功保存时间段 3425-3435 的可视化结果
2025-04-15 21:32:42,033 - INFO - 正在从 ./visual/use_topkFalse\omi\range_ratio\omi-4 中的图像创建GIF
2025-04-15 21:32:42,165 - INFO - GIF已保存到 ./visual/use_topkFalse\omi\range_ratio\omi-4\omi-4.gif
2025-04-15 21:32:42,165 - INFO - 
==================================================
2025-04-15 21:32:42,165 - INFO - 开始数据集可视化: omi-5
2025-04-15 21:32:42,165 - INFO - 使用参数: 评分模式=range_ratio, top_k=None, 阈值=1.0
2025-04-15 21:32:42,165 - INFO - ==================================================

2025-04-15 21:32:42,166 - INFO - 正在加载数据集 omi-5 的数据
2025-04-15 21:32:42,167 - INFO - 数据加载成功。训练集形状: (8640, 19), 测试集形状: (4320, 19)
2025-04-15 21:32:42,167 - INFO - 正在计算边缘统计量...
2025-04-15 21:32:44,080 - INFO - 已计算 153 条边的统计量
2025-04-15 21:32:44,080 - INFO - 为每个节点使用所有邻居
2025-04-15 21:32:44,084 - INFO - 可视化结果将保存到: ./visual/use_topkFalse\omi\range_ratio\omi-5
2025-04-15 21:32:44,085 - INFO - 在数据集中发现 6 个异常时间段
2025-04-15 21:32:44,085 - INFO - 
正在处理时间段 1/6: 765-781
2025-04-15 21:32:44,085 - INFO - 该时间段的真实异常节点: {6, 7, 8, 9, 10, 11, 12, 13, 14, 15, 16, 17, 18, 19}
2025-04-15 21:32:44,085 - INFO - 正在计算异常分数...
2025-04-15 21:32:44,092 - INFO - 检测到的异常节点: {1, 2, 5, 6, 7, 8, 9, 10, 11, 12, 13, 14, 15, 16, 17, 18, 19}
2025-04-15 21:32:44,092 - INFO - 正在为时间段 765-781 生成可视化
2025-04-15 21:32:44,092 - INFO - 正在为时间段 765-781 生成异常图可视化
2025-04-15 21:32:44,093 - DEBUG - 创建包含 19 个节点的图结构
2025-04-15 21:32:44,094 - DEBUG - 边统计: 正常边 214 条, 异常边 92 条
2025-04-15 21:32:44,094 - INFO - 时间段 765-781 的节点检测统计: 真阳性=14, 假阳性=3, 假阴性=0, 正常节点=2
2025-04-15 21:32:44,172 - DEBUG - 正在保存可视化结果到 ./visual/use_topkFalse\omi\range_ratio\omi-5\seg_0_765_781.png
2025-04-15 21:32:44,255 - INFO - 成功保存时间段 765-781 的可视化结果
2025-04-15 21:32:44,255 - INFO - 
正在处理时间段 2/6: 1589-1617
2025-04-15 21:32:44,255 - INFO - 该时间段的真实异常节点: {17, 2, 4}
2025-04-15 21:32:44,255 - INFO - 正在计算异常分数...
2025-04-15 21:32:44,272 - INFO - 检测到的异常节点: {1, 2, 4, 5, 6, 7, 8, 9, 10, 11, 12, 13, 14, 15, 16, 17, 18, 19}
2025-04-15 21:32:44,272 - INFO - 正在为时间段 1589-1617 生成可视化
2025-04-15 21:32:44,272 - INFO - 正在为时间段 1589-1617 生成异常图可视化
2025-04-15 21:32:44,272 - DEBUG - 创建包含 19 个节点的图结构
2025-04-15 21:32:44,273 - DEBUG - 边统计: 正常边 270 条, 异常边 36 条
2025-04-15 21:32:44,273 - INFO - 时间段 1589-1617 的节点检测统计: 真阳性=3, 假阳性=15, 假阴性=0, 正常节点=1
2025-04-15 21:32:44,355 - DEBUG - 正在保存可视化结果到 ./visual/use_topkFalse\omi\range_ratio\omi-5\seg_1_1589_1617.png
2025-04-15 21:32:44,435 - INFO - 成功保存时间段 1589-1617 的可视化结果
2025-04-15 21:32:44,435 - INFO - 
正在处理时间段 3/6: 2440-2446
2025-04-15 21:32:44,435 - INFO - 该时间段的真实异常节点: {8, 11, 12, 13, 14, 15, 16, 17, 18, 19}
2025-04-15 21:32:44,435 - INFO - 正在计算异常分数...
2025-04-15 21:32:44,438 - INFO - 检测到的异常节点: {1, 4, 5, 6, 7, 8, 9, 10, 11, 12, 13, 14, 15, 16, 17, 18, 19}
2025-04-15 21:32:44,438 - INFO - 正在为时间段 2440-2446 生成可视化
2025-04-15 21:32:44,438 - INFO - 正在为时间段 2440-2446 生成异常图可视化
2025-04-15 21:32:44,438 - DEBUG - 创建包含 19 个节点的图结构
2025-04-15 21:32:44,438 - DEBUG - 边统计: 正常边 246 条, 异常边 60 条
2025-04-15 21:32:44,438 - INFO - 时间段 2440-2446 的节点检测统计: 真阳性=10, 假阳性=7, 假阴性=0, 正常节点=2
2025-04-15 21:32:44,515 - DEBUG - 正在保存可视化结果到 ./visual/use_topkFalse\omi\range_ratio\omi-5\seg_2_2440_2446.png
2025-04-15 21:32:44,604 - INFO - 成功保存时间段 2440-2446 的可视化结果
2025-04-15 21:32:44,604 - INFO - 
正在处理时间段 4/6: 3356-3363
2025-04-15 21:32:44,604 - INFO - 该时间段的真实异常节点: {17, 5, 6}
2025-04-15 21:32:44,604 - INFO - 正在计算异常分数...
2025-04-15 21:32:44,607 - INFO - 检测到的异常节点: {1, 4, 5, 6, 7, 8, 9, 10, 11, 12, 13, 14, 15, 16, 17, 18, 19}
2025-04-15 21:32:44,607 - INFO - 正在为时间段 3356-3363 生成可视化
2025-04-15 21:32:44,607 - INFO - 正在为时间段 3356-3363 生成异常图可视化
2025-04-15 21:32:44,607 - DEBUG - 创建包含 19 个节点的图结构
2025-04-15 21:32:44,607 - DEBUG - 边统计: 正常边 260 条, 异常边 46 条
2025-04-15 21:32:44,607 - INFO - 时间段 3356-3363 的节点检测统计: 真阳性=3, 假阳性=14, 假阴性=0, 正常节点=2
2025-04-15 21:32:44,683 - DEBUG - 正在保存可视化结果到 ./visual/use_topkFalse\omi\range_ratio\omi-5\seg_3_3356_3363.png
2025-04-15 21:32:44,762 - INFO - 成功保存时间段 3356-3363 的可视化结果
2025-04-15 21:32:44,762 - INFO - 
正在处理时间段 5/6: 3416-3423
2025-04-15 21:32:44,762 - INFO - 该时间段的真实异常节点: {4, 5, 7, 9, 10, 11, 12, 13, 14, 15, 16, 17, 18, 19}
2025-04-15 21:32:44,762 - INFO - 正在计算异常分数...
2025-04-15 21:32:44,766 - INFO - 检测到的异常节点: {1, 4, 5, 6, 7, 8, 9, 11, 12, 13, 14, 15, 16, 17, 18, 19}
2025-04-15 21:32:44,766 - INFO - 正在为时间段 3416-3423 生成可视化
2025-04-15 21:32:44,766 - INFO - 正在为时间段 3416-3423 生成异常图可视化
2025-04-15 21:32:44,766 - DEBUG - 创建包含 19 个节点的图结构
2025-04-15 21:32:44,767 - DEBUG - 边统计: 正常边 294 条, 异常边 12 条
2025-04-15 21:32:44,767 - INFO - 时间段 3416-3423 的节点检测统计: 真阳性=13, 假阳性=3, 假阴性=1, 正常节点=2
2025-04-15 21:32:44,905 - DEBUG - 正在保存可视化结果到 ./visual/use_topkFalse\omi\range_ratio\omi-5\seg_4_3416_3423.png
2025-04-15 21:32:44,989 - INFO - 成功保存时间段 3416-3423 的可视化结果
2025-04-15 21:32:44,989 - INFO - 
正在处理时间段 6/6: 3590-3594
2025-04-15 21:32:44,989 - INFO - 该时间段的真实异常节点: {1, 8, 17, 18, 19}
2025-04-15 21:32:44,989 - INFO - 正在计算异常分数...
2025-04-15 21:32:44,990 - INFO - 检测到的异常节点: {1, 4, 5, 6, 7, 8, 9, 10, 11, 12, 13, 14, 15, 16, 17, 18, 19}
2025-04-15 21:32:44,990 - INFO - 正在为时间段 3590-3594 生成可视化
2025-04-15 21:32:44,990 - INFO - 正在为时间段 3590-3594 生成异常图可视化
2025-04-15 21:32:44,990 - DEBUG - 创建包含 19 个节点的图结构
2025-04-15 21:32:44,991 - DEBUG - 边统计: 正常边 232 条, 异常边 74 条
2025-04-15 21:32:44,991 - INFO - 时间段 3590-3594 的节点检测统计: 真阳性=5, 假阳性=12, 假阴性=0, 正常节点=2
2025-04-15 21:32:45,069 - DEBUG - 正在保存可视化结果到 ./visual/use_topkFalse\omi\range_ratio\omi-5\seg_5_3590_3594.png
2025-04-15 21:32:45,147 - INFO - 成功保存时间段 3590-3594 的可视化结果
2025-04-15 21:32:45,147 - INFO - 正在从 ./visual/use_topkFalse\omi\range_ratio\omi-5 中的图像创建GIF
2025-04-15 21:32:45,310 - INFO - GIF已保存到 ./visual/use_topkFalse\omi\range_ratio\omi-5\omi-5.gif
2025-04-15 21:32:45,310 - INFO - 
==================================================
2025-04-15 21:32:45,310 - INFO - 开始数据集可视化: omi-6
2025-04-15 21:32:45,310 - INFO - 使用参数: 评分模式=range_ratio, top_k=None, 阈值=2.0
2025-04-15 21:32:45,310 - INFO - ==================================================

2025-04-15 21:32:45,310 - INFO - 正在加载数据集 omi-6 的数据
2025-04-15 21:32:45,311 - INFO - 数据加载成功。训练集形状: (8640, 19), 测试集形状: (4320, 19)
2025-04-15 21:32:45,311 - INFO - 正在计算边缘统计量...
2025-04-15 21:32:47,143 - INFO - 已计算 153 条边的统计量
2025-04-15 21:32:47,143 - INFO - 为每个节点使用所有邻居
2025-04-15 21:32:47,144 - INFO - 可视化结果将保存到: ./visual/use_topkFalse\omi\range_ratio\omi-6
2025-04-15 21:32:47,144 - INFO - 在数据集中发现 10 个异常时间段
2025-04-15 21:32:47,144 - INFO - 
正在处理时间段 1/10: 357-392
2025-04-15 21:32:47,144 - INFO - 该时间段的真实异常节点: {19, 4}
2025-04-15 21:32:47,144 - INFO - 正在计算异常分数...
2025-04-15 21:32:47,162 - INFO - 检测到的异常节点: {1, 4, 5, 6, 7, 8, 9, 10, 11, 12, 13, 14, 15, 16, 17, 18, 19}
2025-04-15 21:32:47,162 - INFO - 正在为时间段 357-392 生成可视化
2025-04-15 21:32:47,162 - INFO - 正在为时间段 357-392 生成异常图可视化
2025-04-15 21:32:47,162 - DEBUG - 创建包含 19 个节点的图结构
2025-04-15 21:32:47,163 - DEBUG - 边统计: 正常边 254 条, 异常边 18 条
2025-04-15 21:32:47,163 - INFO - 时间段 357-392 的节点检测统计: 真阳性=2, 假阳性=15, 假阴性=0, 正常节点=2
2025-04-15 21:32:47,246 - DEBUG - 正在保存可视化结果到 ./visual/use_topkFalse\omi\range_ratio\omi-6\seg_0_357_392.png
2025-04-15 21:32:47,325 - INFO - 成功保存时间段 357-392 的可视化结果
2025-04-15 21:32:47,325 - INFO - 
正在处理时间段 2/10: 750-788
2025-04-15 21:32:47,325 - INFO - 该时间段的真实异常节点: {2, 6, 7, 8, 9, 10, 11, 12, 13, 14, 15, 16, 17, 18, 19}
2025-04-15 21:32:47,326 - INFO - 正在计算异常分数...
2025-04-15 21:32:47,346 - INFO - 检测到的异常节点: {1, 4, 5, 6, 7, 8, 9, 10, 11, 12, 13, 14, 15, 16, 17, 18, 19}
2025-04-15 21:32:47,346 - INFO - 正在为时间段 750-788 生成可视化
2025-04-15 21:32:47,346 - INFO - 正在为时间段 750-788 生成异常图可视化
2025-04-15 21:32:47,346 - DEBUG - 创建包含 19 个节点的图结构
2025-04-15 21:32:47,347 - DEBUG - 边统计: 正常边 184 条, 异常边 88 条
2025-04-15 21:32:47,347 - INFO - 时间段 750-788 的节点检测统计: 真阳性=14, 假阳性=3, 假阴性=1, 正常节点=1
2025-04-15 21:32:47,422 - DEBUG - 正在保存可视化结果到 ./visual/use_topkFalse\omi\range_ratio\omi-6\seg_1_750_788.png
2025-04-15 21:32:47,497 - INFO - 成功保存时间段 750-788 的可视化结果
2025-04-15 21:32:47,497 - INFO - 
正在处理时间段 3/10: 1278-1293
2025-04-15 21:32:47,498 - INFO - 该时间段的真实异常节点: {4, 5, 6, 8, 17}
2025-04-15 21:32:47,498 - INFO - 正在计算异常分数...
2025-04-15 21:32:47,505 - INFO - 检测到的异常节点: {1, 4, 5, 6, 7, 8, 9, 10, 11, 12, 13, 14, 15, 16, 17, 18, 19}
2025-04-15 21:32:47,505 - INFO - 正在为时间段 1278-1293 生成可视化
2025-04-15 21:32:47,505 - INFO - 正在为时间段 1278-1293 生成异常图可视化
2025-04-15 21:32:47,505 - DEBUG - 创建包含 19 个节点的图结构
2025-04-15 21:32:47,505 - DEBUG - 边统计: 正常边 270 条, 异常边 2 条
2025-04-15 21:32:47,505 - INFO - 时间段 1278-1293 的节点检测统计: 真阳性=5, 假阳性=12, 假阴性=0, 正常节点=2
2025-04-15 21:32:47,578 - DEBUG - 正在保存可视化结果到 ./visual/use_topkFalse\omi\range_ratio\omi-6\seg_2_1278_1293.png
2025-04-15 21:32:47,659 - INFO - 成功保存时间段 1278-1293 的可视化结果
2025-04-15 21:32:47,659 - INFO - 
正在处理时间段 4/10: 1590-1615
2025-04-15 21:32:47,659 - INFO - 该时间段的真实异常节点: {1, 18, 9}
2025-04-15 21:32:47,659 - INFO - 正在计算异常分数...
2025-04-15 21:32:47,673 - INFO - 检测到的异常节点: {1, 4, 5, 6, 7, 8, 9, 10, 11, 12, 13, 14, 15, 16, 17, 18, 19}
2025-04-15 21:32:47,673 - INFO - 正在为时间段 1590-1615 生成可视化
2025-04-15 21:32:47,673 - INFO - 正在为时间段 1590-1615 生成异常图可视化
2025-04-15 21:32:47,673 - DEBUG - 创建包含 19 个节点的图结构
2025-04-15 21:32:47,673 - DEBUG - 边统计: 正常边 272 条, 异常边 0 条
2025-04-15 21:32:47,673 - INFO - 时间段 1590-1615 的节点检测统计: 真阳性=3, 假阳性=14, 假阴性=0, 正常节点=2
2025-04-15 21:32:47,752 - DEBUG - 正在保存可视化结果到 ./visual/use_topkFalse\omi\range_ratio\omi-6\seg_3_1590_1615.png
2025-04-15 21:32:47,829 - INFO - 成功保存时间段 1590-1615 的可视化结果
2025-04-15 21:32:47,829 - INFO - 
正在处理时间段 5/10: 2592-2604
2025-04-15 21:32:47,829 - INFO - 该时间段的真实异常节点: {9, 4, 6}
2025-04-15 21:32:47,830 - INFO - 正在计算异常分数...
2025-04-15 21:32:47,835 - INFO - 检测到的异常节点: {4, 5, 6, 7, 8, 9, 10, 11, 12, 13, 14, 15, 16, 17, 18, 19}
2025-04-15 21:32:47,835 - INFO - 正在为时间段 2592-2604 生成可视化
2025-04-15 21:32:47,835 - INFO - 正在为时间段 2592-2604 生成异常图可视化
2025-04-15 21:32:47,835 - DEBUG - 创建包含 19 个节点的图结构
2025-04-15 21:32:47,836 - DEBUG - 边统计: 正常边 236 条, 异常边 4 条
2025-04-15 21:32:47,836 - INFO - 时间段 2592-2604 的节点检测统计: 真阳性=3, 假阳性=13, 假阴性=0, 正常节点=3
2025-04-15 21:32:47,914 - DEBUG - 正在保存可视化结果到 ./visual/use_topkFalse\omi\range_ratio\omi-6\seg_4_2592_2604.png
2025-04-15 21:32:47,993 - INFO - 成功保存时间段 2592-2604 的可视化结果
2025-04-15 21:32:47,993 - INFO - 
正在处理时间段 6/10: 2734-2765
2025-04-15 21:32:47,994 - INFO - 该时间段的真实异常节点: {8, 19, 4, 6}
2025-04-15 21:32:47,994 - INFO - 正在计算异常分数...
2025-04-15 21:32:48,011 - INFO - 检测到的异常节点: {1, 4, 5, 6, 7, 8, 9, 10, 11, 12, 13, 14, 15, 16, 17, 18, 19}
2025-04-15 21:32:48,011 - INFO - 正在为时间段 2734-2765 生成可视化
2025-04-15 21:32:48,012 - INFO - 正在为时间段 2734-2765 生成异常图可视化
2025-04-15 21:32:48,012 - DEBUG - 创建包含 19 个节点的图结构
2025-04-15 21:32:48,012 - DEBUG - 边统计: 正常边 270 条, 异常边 2 条
2025-04-15 21:32:48,012 - INFO - 时间段 2734-2765 的节点检测统计: 真阳性=4, 假阳性=13, 假阴性=0, 正常节点=2
2025-04-15 21:32:48,092 - DEBUG - 正在保存可视化结果到 ./visual/use_topkFalse\omi\range_ratio\omi-6\seg_5_2734_2765.png
2025-04-15 21:32:48,170 - INFO - 成功保存时间段 2734-2765 的可视化结果
2025-04-15 21:32:48,170 - INFO - 
正在处理时间段 7/10: 3066-3072
2025-04-15 21:32:48,170 - INFO - 该时间段的真实异常节点: {19, 4, 6}
2025-04-15 21:32:48,170 - INFO - 正在计算异常分数...
2025-04-15 21:32:48,173 - INFO - 检测到的异常节点: {4, 5, 6, 7, 8, 10, 11, 12, 13, 14, 15, 16, 17, 18, 19}
2025-04-15 21:32:48,173 - INFO - 正在为时间段 3066-3072 生成可视化
2025-04-15 21:32:48,173 - INFO - 正在为时间段 3066-3072 生成异常图可视化
2025-04-15 21:32:48,173 - DEBUG - 创建包含 19 个节点的图结构
2025-04-15 21:32:48,174 - DEBUG - 边统计: 正常边 230 条, 异常边 42 条
2025-04-15 21:32:48,174 - INFO - 时间段 3066-3072 的节点检测统计: 真阳性=3, 假阳性=12, 假阴性=0, 正常节点=4
2025-04-15 21:32:48,254 - DEBUG - 正在保存可视化结果到 ./visual/use_topkFalse\omi\range_ratio\omi-6\seg_6_3066_3072.png
2025-04-15 21:32:48,337 - INFO - 成功保存时间段 3066-3072 的可视化结果
2025-04-15 21:32:48,337 - INFO - 
正在处理时间段 8/10: 3596-3605
2025-04-15 21:32:48,338 - INFO - 该时间段的真实异常节点: {19, 4, 5, 6}
2025-04-15 21:32:48,338 - INFO - 正在计算异常分数...
2025-04-15 21:32:48,341 - INFO - 检测到的异常节点: {1, 4, 5, 6, 7, 8, 9, 10, 11, 12, 13, 14, 15, 16, 17, 18, 19}
2025-04-15 21:32:48,341 - INFO - 正在为时间段 3596-3605 生成可视化
2025-04-15 21:32:48,341 - INFO - 正在为时间段 3596-3605 生成异常图可视化
2025-04-15 21:32:48,341 - DEBUG - 创建包含 19 个节点的图结构
2025-04-15 21:32:48,342 - DEBUG - 边统计: 正常边 272 条, 异常边 0 条
2025-04-15 21:32:48,342 - INFO - 时间段 3596-3605 的节点检测统计: 真阳性=4, 假阳性=13, 假阴性=0, 正常节点=2
2025-04-15 21:32:48,418 - DEBUG - 正在保存可视化结果到 ./visual/use_topkFalse\omi\range_ratio\omi-6\seg_7_3596_3605.png
2025-04-15 21:32:48,500 - INFO - 成功保存时间段 3596-3605 的可视化结果
2025-04-15 21:32:48,500 - INFO - 
正在处理时间段 9/10: 3610-3622
2025-04-15 21:32:48,500 - INFO - 该时间段的真实异常节点: {1, 4, 5}
2025-04-15 21:32:48,500 - INFO - 正在计算异常分数...
2025-04-15 21:32:48,505 - INFO - 检测到的异常节点: {1, 4, 5, 6, 7, 8, 9, 10, 11, 12, 13, 14, 15, 16, 17, 18, 19}
2025-04-15 21:32:48,505 - INFO - 正在为时间段 3610-3622 生成可视化
2025-04-15 21:32:48,505 - INFO - 正在为时间段 3610-3622 生成异常图可视化
2025-04-15 21:32:48,505 - DEBUG - 创建包含 19 个节点的图结构
2025-04-15 21:32:48,506 - DEBUG - 边统计: 正常边 272 条, 异常边 0 条
2025-04-15 21:32:48,506 - INFO - 时间段 3610-3622 的节点检测统计: 真阳性=3, 假阳性=14, 假阴性=0, 正常节点=2
2025-04-15 21:32:48,585 - DEBUG - 正在保存可视化结果到 ./visual/use_topkFalse\omi\range_ratio\omi-6\seg_8_3610_3622.png
2025-04-15 21:32:48,663 - INFO - 成功保存时间段 3610-3622 的可视化结果
2025-04-15 21:32:48,664 - INFO - 
正在处理时间段 10/10: 4159-4164
2025-04-15 21:32:48,664 - INFO - 该时间段的真实异常节点: {4, 5}
2025-04-15 21:32:48,664 - INFO - 正在计算异常分数...
2025-04-15 21:32:48,665 - INFO - 检测到的异常节点: {4, 5, 6, 7, 8, 9, 10, 17, 18}
2025-04-15 21:32:48,665 - INFO - 正在为时间段 4159-4164 生成可视化
2025-04-15 21:32:48,665 - INFO - 正在为时间段 4159-4164 生成异常图可视化
2025-04-15 21:32:48,665 - DEBUG - 创建包含 19 个节点的图结构
2025-04-15 21:32:48,666 - DEBUG - 边统计: 正常边 248 条, 异常边 24 条
2025-04-15 21:32:48,666 - INFO - 时间段 4159-4164 的节点检测统计: 真阳性=2, 假阳性=7, 假阴性=0, 正常节点=10
2025-04-15 21:32:48,750 - DEBUG - 正在保存可视化结果到 ./visual/use_topkFalse\omi\range_ratio\omi-6\seg_9_4159_4164.png
2025-04-15 21:32:48,826 - INFO - 成功保存时间段 4159-4164 的可视化结果
2025-04-15 21:32:48,826 - INFO - 正在从 ./visual/use_topkFalse\omi\range_ratio\omi-6 中的图像创建GIF
2025-04-15 21:32:49,109 - INFO - GIF已保存到 ./visual/use_topkFalse\omi\range_ratio\omi-6\omi-6.gif
2025-04-15 21:32:49,109 - INFO - 
==================================================
2025-04-15 21:32:49,109 - INFO - 开始数据集可视化: omi-7
2025-04-15 21:32:49,109 - INFO - 使用参数: 评分模式=range_ratio, top_k=None, 阈值=1.5
2025-04-15 21:32:49,109 - INFO - ==================================================

2025-04-15 21:32:49,110 - INFO - 正在加载数据集 omi-7 的数据
2025-04-15 21:32:49,111 - INFO - 数据加载成功。训练集形状: (8640, 19), 测试集形状: (4320, 19)
2025-04-15 21:32:49,111 - INFO - 正在计算边缘统计量...
2025-04-15 21:32:50,854 - INFO - 已计算 136 条边的统计量
2025-04-15 21:32:50,854 - INFO - 为每个节点使用所有邻居
2025-04-15 21:32:50,855 - INFO - 可视化结果将保存到: ./visual/use_topkFalse\omi\range_ratio\omi-7
2025-04-15 21:32:50,855 - INFO - 在数据集中发现 3 个异常时间段
2025-04-15 21:32:50,855 - INFO - 
正在处理时间段 1/3: 738-778
2025-04-15 21:32:50,855 - INFO - 该时间段的真实异常节点: {1, 2, 4, 6, 7, 8, 9, 10, 11, 12, 13, 14, 15, 16, 17, 18, 19}
2025-04-15 21:32:50,855 - INFO - 正在计算异常分数...
2025-04-15 21:32:50,874 - INFO - 检测到的异常节点: {1, 4, 5, 6, 7, 8, 9, 10, 11, 12, 13, 14, 15, 16, 17, 18, 19}
2025-04-15 21:32:50,874 - INFO - 正在为时间段 738-778 生成可视化
2025-04-15 21:32:50,874 - INFO - 正在为时间段 738-778 生成异常图可视化
2025-04-15 21:32:50,875 - DEBUG - 创建包含 19 个节点的图结构
2025-04-15 21:32:50,876 - DEBUG - 边统计: 正常边 166 条, 异常边 106 条
2025-04-15 21:32:50,876 - INFO - 时间段 738-778 的节点检测统计: 真阳性=16, 假阳性=1, 假阴性=1, 正常节点=1
2025-04-15 21:32:51,018 - DEBUG - 正在保存可视化结果到 ./visual/use_topkFalse\omi\range_ratio\omi-7\seg_0_738_778.png
2025-04-15 21:32:51,097 - INFO - 成功保存时间段 738-778 的可视化结果
2025-04-15 21:32:51,097 - INFO - 
正在处理时间段 2/3: 1625-1660
2025-04-15 21:32:51,098 - INFO - 该时间段的真实异常节点: {7, 10, 11, 12, 13, 14, 15, 16, 17, 18, 19}
2025-04-15 21:32:51,098 - INFO - 正在计算异常分数...
2025-04-15 21:32:51,118 - INFO - 检测到的异常节点: {5, 7, 8, 9, 10, 11, 12, 13, 14, 15, 16, 17, 18, 19}
2025-04-15 21:32:51,118 - INFO - 正在为时间段 1625-1660 生成可视化
2025-04-15 21:32:51,118 - INFO - 正在为时间段 1625-1660 生成异常图可视化
2025-04-15 21:32:51,118 - DEBUG - 创建包含 19 个节点的图结构
2025-04-15 21:32:51,119 - DEBUG - 边统计: 正常边 130 条, 异常边 52 条
2025-04-15 21:32:51,119 - INFO - 时间段 1625-1660 的节点检测统计: 真阳性=11, 假阳性=3, 假阴性=0, 正常节点=5
2025-04-15 21:32:51,201 - DEBUG - 正在保存可视化结果到 ./visual/use_topkFalse\omi\range_ratio\omi-7\seg_1_1625_1660.png
2025-04-15 21:32:51,278 - INFO - 成功保存时间段 1625-1660 的可视化结果
2025-04-15 21:32:51,278 - INFO - 
正在处理时间段 3/3: 3311-3320
2025-04-15 21:32:51,278 - INFO - 该时间段的真实异常节点: {7, 10, 11, 12, 13, 14, 15, 16, 17, 18, 19}
2025-04-15 21:32:51,278 - INFO - 正在计算异常分数...
2025-04-15 21:32:51,282 - INFO - 检测到的异常节点: {7, 10, 11, 12, 13, 14, 15, 16, 17, 18, 19}
2025-04-15 21:32:51,282 - INFO - 正在为时间段 3311-3320 生成可视化
2025-04-15 21:32:51,282 - INFO - 正在为时间段 3311-3320 生成异常图可视化
2025-04-15 21:32:51,282 - DEBUG - 创建包含 19 个节点的图结构
2025-04-15 21:32:51,283 - DEBUG - 边统计: 正常边 188 条, 异常边 22 条
2025-04-15 21:32:51,283 - INFO - 时间段 3311-3320 的节点检测统计: 真阳性=11, 假阳性=0, 假阴性=0, 正常节点=8
2025-04-15 21:32:51,365 - DEBUG - 正在保存可视化结果到 ./visual/use_topkFalse\omi\range_ratio\omi-7\seg_2_3311_3320.png
2025-04-15 21:32:51,447 - INFO - 成功保存时间段 3311-3320 的可视化结果
2025-04-15 21:32:51,447 - INFO - 正在从 ./visual/use_topkFalse\omi\range_ratio\omi-7 中的图像创建GIF
2025-04-15 21:32:51,528 - INFO - GIF已保存到 ./visual/use_topkFalse\omi\range_ratio\omi-7\omi-7.gif
2025-04-15 21:32:51,528 - INFO - 
==================================================
2025-04-15 21:32:51,528 - INFO - 开始数据集可视化: omi-8
2025-04-15 21:32:51,528 - INFO - 使用参数: 评分模式=range_ratio, top_k=None, 阈值=6.5
2025-04-15 21:32:51,528 - INFO - ==================================================

2025-04-15 21:32:51,528 - INFO - 正在加载数据集 omi-8 的数据
2025-04-15 21:32:51,529 - INFO - 数据加载成功。训练集形状: (8640, 19), 测试集形状: (4320, 19)
2025-04-15 21:32:51,529 - INFO - 正在计算边缘统计量...
2025-04-15 21:32:53,231 - INFO - 已计算 136 条边的统计量
2025-04-15 21:32:53,231 - INFO - 为每个节点使用所有邻居
2025-04-15 21:32:53,232 - INFO - 可视化结果将保存到: ./visual/use_topkFalse\omi\range_ratio\omi-8
2025-04-15 21:32:53,232 - INFO - 在数据集中发现 5 个异常时间段
2025-04-15 21:32:53,233 - INFO - 
正在处理时间段 1/5: 740-753
2025-04-15 21:32:53,233 - INFO - 该时间段的真实异常节点: {2, 4}
2025-04-15 21:32:53,233 - INFO - 正在计算异常分数...
2025-04-15 21:32:53,238 - INFO - 检测到的异常节点: {1, 4, 7, 8, 9, 10, 11, 12, 13, 14, 15, 16, 18}
2025-04-15 21:32:53,238 - INFO - 正在为时间段 740-753 生成可视化
2025-04-15 21:32:53,238 - INFO - 正在为时间段 740-753 生成异常图可视化
2025-04-15 21:32:53,238 - DEBUG - 创建包含 19 个节点的图结构
2025-04-15 21:32:53,239 - DEBUG - 边统计: 正常边 238 条, 异常边 2 条
2025-04-15 21:32:53,239 - INFO - 时间段 740-753 的节点检测统计: 真阳性=1, 假阳性=12, 假阴性=1, 正常节点=5
2025-04-15 21:32:53,316 - DEBUG - 正在保存可视化结果到 ./visual/use_topkFalse\omi\range_ratio\omi-8\seg_0_740_753.png
2025-04-15 21:32:53,397 - INFO - 成功保存时间段 740-753 的可视化结果
2025-04-15 21:32:53,397 - INFO - 
正在处理时间段 2/5: 764-780
2025-04-15 21:32:53,397 - INFO - 该时间段的真实异常节点: {6, 7, 8, 9, 10, 11, 12, 13, 14, 15, 16, 17, 18, 19}
2025-04-15 21:32:53,397 - INFO - 正在计算异常分数...
2025-04-15 21:32:53,405 - INFO - 检测到的异常节点: {1, 6, 7, 8, 9, 10, 11, 12, 13, 14, 15, 16, 17, 18, 19}
2025-04-15 21:32:53,405 - INFO - 正在为时间段 764-780 生成可视化
2025-04-15 21:32:53,405 - INFO - 正在为时间段 764-780 生成异常图可视化
2025-04-15 21:32:53,405 - DEBUG - 创建包含 19 个节点的图结构
2025-04-15 21:32:53,406 - DEBUG - 边统计: 正常边 146 条, 异常边 64 条
2025-04-15 21:32:53,406 - INFO - 时间段 764-780 的节点检测统计: 真阳性=14, 假阳性=1, 假阴性=0, 正常节点=4
2025-04-15 21:32:53,483 - DEBUG - 正在保存可视化结果到 ./visual/use_topkFalse\omi\range_ratio\omi-8\seg_1_764_780.png
2025-04-15 21:32:53,561 - INFO - 成功保存时间段 764-780 的可视化结果
2025-04-15 21:32:53,562 - INFO - 
正在处理时间段 3/5: 2319-2325
2025-04-15 21:32:53,562 - INFO - 该时间段的真实异常节点: {4, 5, 6}
2025-04-15 21:32:53,562 - INFO - 正在计算异常分数...
2025-04-15 21:32:53,564 - INFO - 检测到的异常节点: {4, 5, 7, 8, 9, 10, 11, 12, 16, 19}
2025-04-15 21:32:53,564 - INFO - 正在为时间段 2319-2325 生成可视化
2025-04-15 21:32:53,564 - INFO - 正在为时间段 2319-2325 生成异常图可视化
2025-04-15 21:32:53,564 - DEBUG - 创建包含 19 个节点的图结构
2025-04-15 21:32:53,565 - DEBUG - 边统计: 正常边 228 条, 异常边 44 条
2025-04-15 21:32:53,565 - INFO - 时间段 2319-2325 的节点检测统计: 真阳性=2, 假阳性=8, 假阴性=1, 正常节点=8
2025-04-15 21:32:53,645 - DEBUG - 正在保存可视化结果到 ./visual/use_topkFalse\omi\range_ratio\omi-8\seg_2_2319_2325.png
2025-04-15 21:32:53,722 - INFO - 成功保存时间段 2319-2325 的可视化结果
2025-04-15 21:32:53,722 - INFO - 
正在处理时间段 4/5: 2586-2675
2025-04-15 21:32:53,723 - INFO - 该时间段的真实异常节点: {5, 6, 8, 17, 18, 19}
2025-04-15 21:32:53,723 - INFO - 正在计算异常分数...
2025-04-15 21:32:53,772 - INFO - 检测到的异常节点: {1, 4, 5, 6, 7, 8, 9, 10, 11, 12, 13, 14, 15, 16, 17, 18, 19}
2025-04-15 21:32:53,772 - INFO - 正在为时间段 2586-2675 生成可视化
2025-04-15 21:32:53,772 - INFO - 正在为时间段 2586-2675 生成异常图可视化
2025-04-15 21:32:53,772 - DEBUG - 创建包含 19 个节点的图结构
2025-04-15 21:32:53,772 - DEBUG - 边统计: 正常边 260 条, 异常边 12 条
2025-04-15 21:32:53,772 - INFO - 时间段 2586-2675 的节点检测统计: 真阳性=6, 假阳性=11, 假阴性=0, 正常节点=2
2025-04-15 21:32:53,856 - DEBUG - 正在保存可视化结果到 ./visual/use_topkFalse\omi\range_ratio\omi-8\seg_3_2586_2675.png
2025-04-15 21:32:53,934 - INFO - 成功保存时间段 2586-2675 的可视化结果
2025-04-15 21:32:53,934 - INFO - 
正在处理时间段 5/5: 2897-2956
2025-04-15 21:32:53,934 - INFO - 该时间段的真实异常节点: {2, 6, 8, 17, 18, 19}
2025-04-15 21:32:53,934 - INFO - 正在计算异常分数...
2025-04-15 21:32:53,965 - INFO - 检测到的异常节点: {1, 4, 5, 6, 7, 8, 9, 10, 11, 12, 13, 14, 15, 16, 17, 18, 19}
2025-04-15 21:32:53,965 - INFO - 正在为时间段 2897-2956 生成可视化
2025-04-15 21:32:53,965 - INFO - 正在为时间段 2897-2956 生成异常图可视化
2025-04-15 21:32:53,965 - DEBUG - 创建包含 19 个节点的图结构
2025-04-15 21:32:53,966 - DEBUG - 边统计: 正常边 230 条, 异常边 42 条
2025-04-15 21:32:53,966 - INFO - 时间段 2897-2956 的节点检测统计: 真阳性=5, 假阳性=12, 假阴性=1, 正常节点=1
2025-04-15 21:32:54,044 - DEBUG - 正在保存可视化结果到 ./visual/use_topkFalse\omi\range_ratio\omi-8\seg_4_2897_2956.png
2025-04-15 21:32:54,126 - INFO - 成功保存时间段 2897-2956 的可视化结果
2025-04-15 21:32:54,126 - INFO - 正在从 ./visual/use_topkFalse\omi\range_ratio\omi-8 中的图像创建GIF
2025-04-15 21:32:54,255 - INFO - GIF已保存到 ./visual/use_topkFalse\omi\range_ratio\omi-8\omi-8.gif
2025-04-15 21:32:54,255 - INFO - 
==================================================
2025-04-15 21:32:54,255 - INFO - 开始数据集可视化: omi-9
2025-04-15 21:32:54,255 - INFO - 使用参数: 评分模式=range_ratio, top_k=None, 阈值=4.0
2025-04-15 21:32:54,255 - INFO - ==================================================

2025-04-15 21:32:54,255 - INFO - 正在加载数据集 omi-9 的数据
2025-04-15 21:32:54,256 - INFO - 数据加载成功。训练集形状: (8640, 19), 测试集形状: (4320, 19)
2025-04-15 21:32:54,256 - INFO - 正在计算边缘统计量...
2025-04-15 21:32:55,920 - INFO - 已计算 136 条边的统计量
2025-04-15 21:32:55,920 - INFO - 为每个节点使用所有邻居
2025-04-15 21:32:55,921 - INFO - 可视化结果将保存到: ./visual/use_topkFalse\omi\range_ratio\omi-9
2025-04-15 21:32:55,922 - INFO - 在数据集中发现 8 个异常时间段
2025-04-15 21:32:55,922 - INFO - 
正在处理时间段 1/8: 738-756
2025-04-15 21:32:55,922 - INFO - 该时间段的真实异常节点: {2, 9, 10, 11, 12, 13, 14, 15, 16, 17, 18, 19}
2025-04-15 21:32:55,922 - INFO - 正在计算异常分数...
2025-04-15 21:32:55,930 - INFO - 检测到的异常节点: {1, 7, 8, 9, 10, 11, 12, 13, 14, 15, 16, 17, 18, 19}
2025-04-15 21:32:55,930 - INFO - 正在为时间段 738-756 生成可视化
2025-04-15 21:32:55,930 - INFO - 正在为时间段 738-756 生成异常图可视化
2025-04-15 21:32:55,930 - DEBUG - 创建包含 19 个节点的图结构
2025-04-15 21:32:55,930 - DEBUG - 边统计: 正常边 158 条, 异常边 24 条
2025-04-15 21:32:55,930 - INFO - 时间段 738-756 的节点检测统计: 真阳性=11, 假阳性=3, 假阴性=1, 正常节点=4
2025-04-15 21:32:56,009 - DEBUG - 正在保存可视化结果到 ./visual/use_topkFalse\omi\range_ratio\omi-9\seg_0_738_756.png
2025-04-15 21:32:56,086 - INFO - 成功保存时间段 738-756 的可视化结果
2025-04-15 21:32:56,086 - INFO - 
正在处理时间段 2/8: 763-780
2025-04-15 21:32:56,086 - INFO - 该时间段的真实异常节点: {1, 6, 7, 8, 9, 10, 11, 12, 13, 14, 15, 16, 17, 18, 19}
2025-04-15 21:32:56,086 - INFO - 正在计算异常分数...
2025-04-15 21:32:56,094 - INFO - 检测到的异常节点: {1, 6, 7, 8, 9, 10, 11, 12, 13, 14, 15, 16, 17, 18, 19}
2025-04-15 21:32:56,094 - INFO - 正在为时间段 763-780 生成可视化
2025-04-15 21:32:56,094 - INFO - 正在为时间段 763-780 生成异常图可视化
2025-04-15 21:32:56,094 - DEBUG - 创建包含 19 个节点的图结构
2025-04-15 21:32:56,095 - DEBUG - 边统计: 正常边 118 条, 异常边 92 条
2025-04-15 21:32:56,095 - INFO - 时间段 763-780 的节点检测统计: 真阳性=15, 假阳性=0, 假阴性=0, 正常节点=4
2025-04-15 21:32:56,171 - DEBUG - 正在保存可视化结果到 ./visual/use_topkFalse\omi\range_ratio\omi-9\seg_1_763_780.png
2025-04-15 21:32:56,252 - INFO - 成功保存时间段 763-780 的可视化结果
2025-04-15 21:32:56,252 - INFO - 
正在处理时间段 3/8: 2514-2524
2025-04-15 21:32:56,252 - INFO - 该时间段的真实异常节点: {1, 4, 5, 7, 8, 9, 17, 18}
2025-04-15 21:32:56,252 - INFO - 正在计算异常分数...
2025-04-15 21:32:56,257 - INFO - 检测到的异常节点: {1, 4, 5, 6, 7, 8, 9, 10, 11, 12, 13, 14, 15, 16, 17, 18, 19}
2025-04-15 21:32:56,257 - INFO - 正在为时间段 2514-2524 生成可视化
2025-04-15 21:32:56,257 - INFO - 正在为时间段 2514-2524 生成异常图可视化
2025-04-15 21:32:56,257 - DEBUG - 创建包含 19 个节点的图结构
2025-04-15 21:32:56,258 - DEBUG - 边统计: 正常边 210 条, 异常边 62 条
2025-04-15 21:32:56,258 - INFO - 时间段 2514-2524 的节点检测统计: 真阳性=8, 假阳性=9, 假阴性=0, 正常节点=2
2025-04-15 21:32:56,334 - DEBUG - 正在保存可视化结果到 ./visual/use_topkFalse\omi\range_ratio\omi-9\seg_2_2514_2524.png
2025-04-15 21:32:56,410 - INFO - 成功保存时间段 2514-2524 的可视化结果
2025-04-15 21:32:56,410 - INFO - 
正在处理时间段 4/8: 2603-2668
2025-04-15 21:32:56,410 - INFO - 该时间段的真实异常节点: {1, 2, 5, 6, 8, 17, 18, 19}
2025-04-15 21:32:56,410 - INFO - 正在计算异常分数...
2025-04-15 21:32:56,443 - INFO - 检测到的异常节点: {1, 4, 5, 6, 7, 8, 9, 10, 11, 12, 13, 14, 15, 16, 17, 18, 19}
2025-04-15 21:32:56,443 - INFO - 正在为时间段 2603-2668 生成可视化
2025-04-15 21:32:56,443 - INFO - 正在为时间段 2603-2668 生成异常图可视化
2025-04-15 21:32:56,443 - DEBUG - 创建包含 19 个节点的图结构
2025-04-15 21:32:56,444 - DEBUG - 边统计: 正常边 212 条, 异常边 60 条
2025-04-15 21:32:56,444 - INFO - 时间段 2603-2668 的节点检测统计: 真阳性=7, 假阳性=10, 假阴性=1, 正常节点=1
2025-04-15 21:32:56,532 - DEBUG - 正在保存可视化结果到 ./visual/use_topkFalse\omi\range_ratio\omi-9\seg_3_2603_2668.png
2025-04-15 21:32:56,611 - INFO - 成功保存时间段 2603-2668 的可视化结果
2025-04-15 21:32:56,612 - INFO - 
正在处理时间段 5/8: 2918-2958
2025-04-15 21:32:56,612 - INFO - 该时间段的真实异常节点: {1, 2, 5, 6, 8, 17, 18, 19}
2025-04-15 21:32:56,612 - INFO - 正在计算异常分数...
2025-04-15 21:32:56,634 - INFO - 检测到的异常节点: {1, 4, 5, 6, 7, 8, 9, 10, 11, 12, 13, 14, 15, 16, 17, 18, 19}
2025-04-15 21:32:56,635 - INFO - 正在为时间段 2918-2958 生成可视化
2025-04-15 21:32:56,635 - INFO - 正在为时间段 2918-2958 生成异常图可视化
2025-04-15 21:32:56,635 - DEBUG - 创建包含 19 个节点的图结构
2025-04-15 21:32:56,635 - DEBUG - 边统计: 正常边 200 条, 异常边 72 条
2025-04-15 21:32:56,635 - INFO - 时间段 2918-2958 的节点检测统计: 真阳性=7, 假阳性=10, 假阴性=1, 正常节点=1
2025-04-15 21:32:56,714 - DEBUG - 正在保存可视化结果到 ./visual/use_topkFalse\omi\range_ratio\omi-9\seg_4_2918_2958.png
2025-04-15 21:32:56,874 - INFO - 成功保存时间段 2918-2958 的可视化结果
2025-04-15 21:32:56,874 - INFO - 
正在处理时间段 6/8: 3170-3245
2025-04-15 21:32:56,874 - INFO - 该时间段的真实异常节点: {1, 2, 6, 8, 17, 18, 19}
2025-04-15 21:32:56,874 - INFO - 正在计算异常分数...
2025-04-15 21:32:56,913 - INFO - 检测到的异常节点: {1, 4, 5, 6, 7, 8, 9, 10, 11, 12, 13, 14, 15, 16, 17, 18, 19}
2025-04-15 21:32:56,913 - INFO - 正在为时间段 3170-3245 生成可视化
2025-04-15 21:32:56,913 - INFO - 正在为时间段 3170-3245 生成异常图可视化
2025-04-15 21:32:56,914 - DEBUG - 创建包含 19 个节点的图结构
2025-04-15 21:32:56,914 - DEBUG - 边统计: 正常边 226 条, 异常边 46 条
2025-04-15 21:32:56,914 - INFO - 时间段 3170-3245 的节点检测统计: 真阳性=6, 假阳性=11, 假阴性=1, 正常节点=1
2025-04-15 21:32:56,999 - DEBUG - 正在保存可视化结果到 ./visual/use_topkFalse\omi\range_ratio\omi-9\seg_5_3170_3245.png
2025-04-15 21:32:57,098 - INFO - 成功保存时间段 3170-3245 的可视化结果
2025-04-15 21:32:57,098 - INFO - 
正在处理时间段 7/8: 3508-3528
2025-04-15 21:32:57,099 - INFO - 该时间段的真实异常节点: {8, 2, 19, 6}
2025-04-15 21:32:57,099 - INFO - 正在计算异常分数...
2025-04-15 21:32:57,110 - INFO - 检测到的异常节点: {1, 4, 5, 6, 7, 8, 9, 10, 11, 12, 13, 14, 15, 16, 17, 18, 19}
2025-04-15 21:32:57,110 - INFO - 正在为时间段 3508-3528 生成可视化
2025-04-15 21:32:57,110 - INFO - 正在为时间段 3508-3528 生成异常图可视化
2025-04-15 21:32:57,110 - DEBUG - 创建包含 19 个节点的图结构
2025-04-15 21:32:57,111 - DEBUG - 边统计: 正常边 208 条, 异常边 64 条
2025-04-15 21:32:57,111 - INFO - 时间段 3508-3528 的节点检测统计: 真阳性=3, 假阳性=14, 假阴性=1, 正常节点=1
2025-04-15 21:32:57,194 - DEBUG - 正在保存可视化结果到 ./visual/use_topkFalse\omi\range_ratio\omi-9\seg_6_3508_3528.png
2025-04-15 21:32:57,272 - INFO - 成功保存时间段 3508-3528 的可视化结果
2025-04-15 21:32:57,274 - INFO - 
正在处理时间段 8/8: 4064-4108
2025-04-15 21:32:57,274 - INFO - 该时间段的真实异常节点: {1, 2, 6, 7, 8, 9, 17, 18, 19}
2025-04-15 21:32:57,274 - INFO - 正在计算异常分数...
2025-04-15 21:32:57,295 - INFO - 检测到的异常节点: {1, 4, 5, 6, 7, 8, 9, 10, 11, 12, 13, 14, 15, 16, 17, 18, 19}
2025-04-15 21:32:57,296 - INFO - 正在为时间段 4064-4108 生成可视化
2025-04-15 21:32:57,296 - INFO - 正在为时间段 4064-4108 生成异常图可视化
2025-04-15 21:32:57,296 - DEBUG - 创建包含 19 个节点的图结构
2025-04-15 21:32:57,296 - DEBUG - 边统计: 正常边 190 条, 异常边 82 条
2025-04-15 21:32:57,296 - INFO - 时间段 4064-4108 的节点检测统计: 真阳性=8, 假阳性=9, 假阴性=1, 正常节点=1
2025-04-15 21:32:57,377 - DEBUG - 正在保存可视化结果到 ./visual/use_topkFalse\omi\range_ratio\omi-9\seg_7_4064_4108.png
2025-04-15 21:32:57,453 - INFO - 成功保存时间段 4064-4108 的可视化结果
2025-04-15 21:32:57,453 - INFO - 正在从 ./visual/use_topkFalse\omi\range_ratio\omi-9 中的图像创建GIF
2025-04-15 21:32:57,677 - INFO - GIF已保存到 ./visual/use_topkFalse\omi\range_ratio\omi-9\omi-9.gif
2025-04-15 21:32:57,677 - INFO - 可视化结果生成完成！
2025-04-15 21:32:57,677 - INFO - 
==================================================
2025-04-15 21:32:57,677 - INFO - 程序运行总耗时: 0:02:27.424151
