2025-04-15 23:38:00,947 - INFO - 
 Starting experiment with config: ExperimentConfig(dataset='omi', window_size=5, score_thresholds=array([1. , 1.5, 2. , 2.5, 3. , 3.5, 4. , 4.5, 5. , 5.5, 6. , 6.5, 7. ]), topk_range=range(1, 10), score_modes=['value_times_range'], use_topk=False, data_dir='./data/processed', label_dir='./data/interpretation_label', log_dir='./log/use_topkFalse', visual_dir='./visual/use_topkFalse', num_workers=4, gif_duration=500)
2025-04-15 23:38:00,947 - INFO - pearson correlation 取绝对值
2025-04-15 23:38:00,947 - INFO - 当前评分模式: ['value_times_range']
2025-04-15 23:38:00,947 - INFO - 
==================================================
2025-04-15 23:38:00,947 - INFO - 开始执行网格搜索...
2025-04-15 23:38:00,949 - INFO - [omi-1] Starting grid search...
2025-04-15 23:38:04,306 - INFO - [omi-1.txt] mode=value_times_range, top_k=None, threshold=1.0, use_topk=False, P=0.7417, R=1.0000, F1=0.8517
2025-04-15 23:38:04,328 - INFO - [omi-1.txt] mode=value_times_range, top_k=None, threshold=1.5, use_topk=False, P=0.7417, R=1.0000, F1=0.8517
2025-04-15 23:38:04,343 - INFO - [omi-1.txt] mode=value_times_range, top_k=None, threshold=2.0, use_topk=False, P=0.7417, R=1.0000, F1=0.8517
2025-04-15 23:38:04,344 - INFO - [omi-1.txt] mode=value_times_range, top_k=None, threshold=2.5, use_topk=False, P=0.7417, R=1.0000, F1=0.8517
2025-04-15 23:38:06,480 - INFO - [omi-1.txt] mode=value_times_range, top_k=None, threshold=3.0, use_topk=False, P=0.7417, R=1.0000, F1=0.8517
2025-04-15 23:38:06,508 - INFO - [omi-1.txt] mode=value_times_range, top_k=None, threshold=3.5, use_topk=False, P=0.7417, R=1.0000, F1=0.8517
2025-04-15 23:38:06,515 - INFO - [omi-1.txt] mode=value_times_range, top_k=None, threshold=4.0, use_topk=False, P=0.7417, R=1.0000, F1=0.8517
2025-04-15 23:38:06,527 - INFO - [omi-1.txt] mode=value_times_range, top_k=None, threshold=4.5, use_topk=False, P=0.7417, R=1.0000, F1=0.8517
2025-04-15 23:38:08,665 - INFO - [omi-1.txt] mode=value_times_range, top_k=None, threshold=5.0, use_topk=False, P=0.7417, R=1.0000, F1=0.8517
2025-04-15 23:38:08,672 - INFO - [omi-1.txt] mode=value_times_range, top_k=None, threshold=5.5, use_topk=False, P=0.7417, R=1.0000, F1=0.8517
2025-04-15 23:38:08,705 - INFO - [omi-1.txt] mode=value_times_range, top_k=None, threshold=6.0, use_topk=False, P=0.7417, R=1.0000, F1=0.8517
2025-04-15 23:38:08,743 - INFO - [omi-1.txt] mode=value_times_range, top_k=None, threshold=6.5, use_topk=False, P=0.7417, R=1.0000, F1=0.8517
2025-04-15 23:38:10,622 - INFO - [omi-1.txt] mode=value_times_range, top_k=None, threshold=7.0, use_topk=False, P=0.7417, R=1.0000, F1=0.8517
2025-04-15 23:38:10,640 - INFO - [omi-10] Starting grid search...
2025-04-15 23:38:14,040 - INFO - [omi-10.txt] mode=value_times_range, top_k=None, threshold=1.0, use_topk=False, P=0.4444, R=0.9836, F1=0.6122
2025-04-15 23:38:14,062 - INFO - [omi-10.txt] mode=value_times_range, top_k=None, threshold=1.5, use_topk=False, P=0.4444, R=0.9836, F1=0.6122
2025-04-15 23:38:14,062 - INFO - [omi-10.txt] mode=value_times_range, top_k=None, threshold=2.0, use_topk=False, P=0.4444, R=0.9836, F1=0.6122
2025-04-15 23:38:14,066 - INFO - [omi-10.txt] mode=value_times_range, top_k=None, threshold=2.5, use_topk=False, P=0.4444, R=0.9836, F1=0.6122
2025-04-15 23:38:16,294 - INFO - [omi-10.txt] mode=value_times_range, top_k=None, threshold=3.0, use_topk=False, P=0.4444, R=0.9836, F1=0.6122
2025-04-15 23:38:16,340 - INFO - [omi-10.txt] mode=value_times_range, top_k=None, threshold=3.5, use_topk=False, P=0.4444, R=0.9836, F1=0.6122
2025-04-15 23:38:16,340 - INFO - [omi-10.txt] mode=value_times_range, top_k=None, threshold=4.0, use_topk=False, P=0.4444, R=0.9836, F1=0.6122
2025-04-15 23:38:16,390 - INFO - [omi-10.txt] mode=value_times_range, top_k=None, threshold=4.5, use_topk=False, P=0.4478, R=0.9836, F1=0.6154
2025-04-15 23:38:18,497 - INFO - [omi-10.txt] mode=value_times_range, top_k=None, threshold=5.0, use_topk=False, P=0.4615, R=0.9836, F1=0.6283
2025-04-15 23:38:18,509 - INFO - [omi-10.txt] mode=value_times_range, top_k=None, threshold=5.5, use_topk=False, P=0.4646, R=0.9672, F1=0.6277
2025-04-15 23:38:18,585 - INFO - [omi-10.txt] mode=value_times_range, top_k=None, threshold=6.0, use_topk=False, P=0.4720, R=0.9672, F1=0.6344
2025-04-15 23:38:18,588 - INFO - [omi-10.txt] mode=value_times_range, top_k=None, threshold=6.5, use_topk=False, P=0.4758, R=0.9672, F1=0.6378
2025-04-15 23:38:20,610 - INFO - [omi-10.txt] mode=value_times_range, top_k=None, threshold=7.0, use_topk=False, P=0.4797, R=0.9672, F1=0.6413
2025-04-15 23:38:20,628 - INFO - [omi-11] Starting grid search...
2025-04-15 23:38:23,877 - INFO - [omi-11.txt] mode=value_times_range, top_k=None, threshold=1.0, use_topk=False, P=0.3434, R=0.9828, F1=0.5089
2025-04-15 23:38:23,882 - INFO - [omi-11.txt] mode=value_times_range, top_k=None, threshold=1.5, use_topk=False, P=0.3434, R=0.9828, F1=0.5089
2025-04-15 23:38:23,945 - INFO - [omi-11.txt] mode=value_times_range, top_k=None, threshold=2.0, use_topk=False, P=0.3434, R=0.9828, F1=0.5089
2025-04-15 23:38:23,980 - INFO - [omi-11.txt] mode=value_times_range, top_k=None, threshold=2.5, use_topk=False, P=0.3434, R=0.9828, F1=0.5089
2025-04-15 23:38:26,033 - INFO - [omi-11.txt] mode=value_times_range, top_k=None, threshold=3.0, use_topk=False, P=0.3434, R=0.9828, F1=0.5089
2025-04-15 23:38:26,033 - INFO - [omi-11.txt] mode=value_times_range, top_k=None, threshold=3.5, use_topk=False, P=0.3434, R=0.9828, F1=0.5089
2025-04-15 23:38:26,152 - INFO - [omi-11.txt] mode=value_times_range, top_k=None, threshold=4.0, use_topk=False, P=0.3434, R=0.9828, F1=0.5089
2025-04-15 23:38:26,204 - INFO - [omi-11.txt] mode=value_times_range, top_k=None, threshold=4.5, use_topk=False, P=0.3434, R=0.9828, F1=0.5089
2025-04-15 23:38:28,058 - INFO - [omi-11.txt] mode=value_times_range, top_k=None, threshold=5.0, use_topk=False, P=0.3434, R=0.9828, F1=0.5089
2025-04-15 23:38:28,171 - INFO - [omi-11.txt] mode=value_times_range, top_k=None, threshold=5.5, use_topk=False, P=0.3434, R=0.9828, F1=0.5089
2025-04-15 23:38:28,228 - INFO - [omi-11.txt] mode=value_times_range, top_k=None, threshold=6.0, use_topk=False, P=0.3434, R=0.9828, F1=0.5089
2025-04-15 23:38:28,314 - INFO - [omi-11.txt] mode=value_times_range, top_k=None, threshold=6.5, use_topk=False, P=0.3434, R=0.9828, F1=0.5089
2025-04-15 23:38:30,052 - INFO - [omi-11.txt] mode=value_times_range, top_k=None, threshold=7.0, use_topk=False, P=0.3434, R=0.9828, F1=0.5089
2025-04-15 23:38:30,067 - INFO - [omi-12] Starting grid search...
2025-04-15 23:38:32,836 - INFO - [omi-12.txt] mode=value_times_range, top_k=None, threshold=1.0, use_topk=False, P=0.6129, R=0.9500, F1=0.7451
2025-04-15 23:38:32,836 - INFO - [omi-12.txt] mode=value_times_range, top_k=None, threshold=1.5, use_topk=False, P=0.6129, R=0.9500, F1=0.7451
2025-04-15 23:38:32,885 - INFO - [omi-12.txt] mode=value_times_range, top_k=None, threshold=2.0, use_topk=False, P=0.6230, R=0.9500, F1=0.7525
2025-04-15 23:38:32,924 - INFO - [omi-12.txt] mode=value_times_range, top_k=None, threshold=2.5, use_topk=False, P=0.6230, R=0.9500, F1=0.7525
2025-04-15 23:38:34,460 - INFO - [omi-12.txt] mode=value_times_range, top_k=None, threshold=3.0, use_topk=False, P=0.6552, R=0.9500, F1=0.7755
2025-04-15 23:38:34,467 - INFO - [omi-12.txt] mode=value_times_range, top_k=None, threshold=3.5, use_topk=False, P=0.6552, R=0.9500, F1=0.7755
2025-04-15 23:38:34,562 - INFO - [omi-12.txt] mode=value_times_range, top_k=None, threshold=4.0, use_topk=False, P=0.6552, R=0.9500, F1=0.7755
2025-04-15 23:38:34,564 - INFO - [omi-12.txt] mode=value_times_range, top_k=None, threshold=4.5, use_topk=False, P=0.6552, R=0.9500, F1=0.7755
2025-04-15 23:38:36,117 - INFO - [omi-12.txt] mode=value_times_range, top_k=None, threshold=5.0, use_topk=False, P=0.6552, R=0.9500, F1=0.7755
2025-04-15 23:38:36,117 - INFO - [omi-12.txt] mode=value_times_range, top_k=None, threshold=5.5, use_topk=False, P=0.6552, R=0.9500, F1=0.7755
2025-04-15 23:38:36,253 - INFO - [omi-12.txt] mode=value_times_range, top_k=None, threshold=6.0, use_topk=False, P=0.6552, R=0.9500, F1=0.7755
2025-04-15 23:38:36,253 - INFO - [omi-12.txt] mode=value_times_range, top_k=None, threshold=6.5, use_topk=False, P=0.6552, R=0.9500, F1=0.7755
2025-04-15 23:38:37,566 - INFO - [omi-12.txt] mode=value_times_range, top_k=None, threshold=7.0, use_topk=False, P=0.6552, R=0.9500, F1=0.7755
2025-04-15 23:38:37,582 - INFO - [omi-2] Starting grid search...
2025-04-15 23:38:40,722 - INFO - [omi-2.txt] mode=value_times_range, top_k=None, threshold=1.0, use_topk=False, P=0.4559, R=1.0000, F1=0.6263
2025-04-15 23:38:40,766 - INFO - [omi-2.txt] mode=value_times_range, top_k=None, threshold=1.5, use_topk=False, P=0.4559, R=1.0000, F1=0.6263
2025-04-15 23:38:40,828 - INFO - [omi-2.txt] mode=value_times_range, top_k=None, threshold=2.0, use_topk=False, P=0.4559, R=1.0000, F1=0.6263
2025-04-15 23:38:40,829 - INFO - [omi-2.txt] mode=value_times_range, top_k=None, threshold=2.5, use_topk=False, P=0.4559, R=1.0000, F1=0.6263
2025-04-15 23:38:42,764 - INFO - [omi-2.txt] mode=value_times_range, top_k=None, threshold=3.0, use_topk=False, P=0.4559, R=1.0000, F1=0.6263
2025-04-15 23:38:42,765 - INFO - [omi-2.txt] mode=value_times_range, top_k=None, threshold=3.5, use_topk=False, P=0.4559, R=1.0000, F1=0.6263
2025-04-15 23:38:42,812 - INFO - [omi-2.txt] mode=value_times_range, top_k=None, threshold=4.0, use_topk=False, P=0.4559, R=1.0000, F1=0.6263
2025-04-15 23:38:42,832 - INFO - [omi-2.txt] mode=value_times_range, top_k=None, threshold=4.5, use_topk=False, P=0.4559, R=1.0000, F1=0.6263
2025-04-15 23:38:44,705 - INFO - [omi-2.txt] mode=value_times_range, top_k=None, threshold=5.0, use_topk=False, P=0.4559, R=1.0000, F1=0.6263
2025-04-15 23:38:44,793 - INFO - [omi-2.txt] mode=value_times_range, top_k=None, threshold=5.5, use_topk=False, P=0.4559, R=1.0000, F1=0.6263
2025-04-15 23:38:44,869 - INFO - [omi-2.txt] mode=value_times_range, top_k=None, threshold=6.0, use_topk=False, P=0.4559, R=1.0000, F1=0.6263
2025-04-15 23:38:44,869 - INFO - [omi-2.txt] mode=value_times_range, top_k=None, threshold=6.5, use_topk=False, P=0.4559, R=1.0000, F1=0.6263
2025-04-15 23:38:46,557 - INFO - [omi-2.txt] mode=value_times_range, top_k=None, threshold=7.0, use_topk=False, P=0.4559, R=1.0000, F1=0.6263
2025-04-15 23:38:46,577 - INFO - [omi-3] Starting grid search...
2025-04-15 23:38:49,852 - INFO - [omi-3.txt] mode=value_times_range, top_k=None, threshold=1.0, use_topk=False, P=0.7738, R=0.8333, F1=0.8025
2025-04-15 23:38:49,854 - INFO - [omi-3.txt] mode=value_times_range, top_k=None, threshold=1.5, use_topk=False, P=0.7738, R=0.8333, F1=0.8025
2025-04-15 23:38:49,854 - INFO - [omi-3.txt] mode=value_times_range, top_k=None, threshold=2.0, use_topk=False, P=0.7738, R=0.8333, F1=0.8025
2025-04-15 23:38:49,854 - INFO - [omi-3.txt] mode=value_times_range, top_k=None, threshold=2.5, use_topk=False, P=0.7738, R=0.8333, F1=0.8025
2025-04-15 23:38:51,862 - INFO - [omi-3.txt] mode=value_times_range, top_k=None, threshold=3.0, use_topk=False, P=0.7738, R=0.8333, F1=0.8025
2025-04-15 23:38:51,919 - INFO - [omi-3.txt] mode=value_times_range, top_k=None, threshold=3.5, use_topk=False, P=0.7738, R=0.8333, F1=0.8025
2025-04-15 23:38:52,002 - INFO - [omi-3.txt] mode=value_times_range, top_k=None, threshold=4.0, use_topk=False, P=0.7831, R=0.8333, F1=0.8075
2025-04-15 23:38:52,003 - INFO - [omi-3.txt] mode=value_times_range, top_k=None, threshold=4.5, use_topk=False, P=0.7831, R=0.8333, F1=0.8075
2025-04-15 23:38:53,931 - INFO - [omi-3.txt] mode=value_times_range, top_k=None, threshold=5.0, use_topk=False, P=0.7901, R=0.8205, F1=0.8050
2025-04-15 23:38:54,037 - INFO - [omi-3.txt] mode=value_times_range, top_k=None, threshold=5.5, use_topk=False, P=0.7901, R=0.8205, F1=0.8050
2025-04-15 23:38:54,037 - INFO - [omi-3.txt] mode=value_times_range, top_k=None, threshold=6.0, use_topk=False, P=0.7901, R=0.8205, F1=0.8050
2025-04-15 23:38:54,081 - INFO - [omi-3.txt] mode=value_times_range, top_k=None, threshold=6.5, use_topk=False, P=0.7901, R=0.8205, F1=0.8050
2025-04-15 23:38:55,868 - INFO - [omi-3.txt] mode=value_times_range, top_k=None, threshold=7.0, use_topk=False, P=0.8000, R=0.8205, F1=0.8101
2025-04-15 23:38:55,883 - INFO - [omi-4] Starting grid search...
2025-04-15 23:38:59,150 - INFO - [omi-4.txt] mode=value_times_range, top_k=None, threshold=1.0, use_topk=False, P=0.7952, R=0.9851, F1=0.8800
2025-04-15 23:38:59,152 - INFO - [omi-4.txt] mode=value_times_range, top_k=None, threshold=1.5, use_topk=False, P=0.7952, R=0.9851, F1=0.8800
2025-04-15 23:38:59,161 - INFO - [omi-4.txt] mode=value_times_range, top_k=None, threshold=2.0, use_topk=False, P=0.7952, R=0.9851, F1=0.8800
2025-04-15 23:38:59,190 - INFO - [omi-4.txt] mode=value_times_range, top_k=None, threshold=2.5, use_topk=False, P=0.8049, R=0.9851, F1=0.8859
2025-04-15 23:39:01,217 - INFO - [omi-4.txt] mode=value_times_range, top_k=None, threshold=3.0, use_topk=False, P=0.8049, R=0.9851, F1=0.8859
2025-04-15 23:39:01,218 - INFO - [omi-4.txt] mode=value_times_range, top_k=None, threshold=3.5, use_topk=False, P=0.8049, R=0.9851, F1=0.8859
2025-04-15 23:39:01,294 - INFO - [omi-4.txt] mode=value_times_range, top_k=None, threshold=4.0, use_topk=False, P=0.8049, R=0.9851, F1=0.8859
2025-04-15 23:39:01,295 - INFO - [omi-4.txt] mode=value_times_range, top_k=None, threshold=4.5, use_topk=False, P=0.8049, R=0.9851, F1=0.8859
2025-04-15 23:39:03,250 - INFO - [omi-4.txt] mode=value_times_range, top_k=None, threshold=5.0, use_topk=False, P=0.8049, R=0.9851, F1=0.8859
2025-04-15 23:39:03,360 - INFO - [omi-4.txt] mode=value_times_range, top_k=None, threshold=5.5, use_topk=False, P=0.8049, R=0.9851, F1=0.8859
2025-04-15 23:39:03,360 - INFO - [omi-4.txt] mode=value_times_range, top_k=None, threshold=6.0, use_topk=False, P=0.8049, R=0.9851, F1=0.8859
2025-04-15 23:39:03,448 - INFO - [omi-4.txt] mode=value_times_range, top_k=None, threshold=6.5, use_topk=False, P=0.8148, R=0.9851, F1=0.8919
2025-04-15 23:39:05,174 - INFO - [omi-4.txt] mode=value_times_range, top_k=None, threshold=7.0, use_topk=False, P=0.8148, R=0.9851, F1=0.8919
2025-04-15 23:39:05,189 - INFO - [omi-5] Starting grid search...
2025-04-15 23:39:08,503 - INFO - [omi-5.txt] mode=value_times_range, top_k=None, threshold=1.0, use_topk=False, P=0.4537, R=1.0000, F1=0.6242
2025-04-15 23:39:08,557 - INFO - [omi-5.txt] mode=value_times_range, top_k=None, threshold=1.5, use_topk=False, P=0.4579, R=1.0000, F1=0.6282
2025-04-15 23:39:08,599 - INFO - [omi-5.txt] mode=value_times_range, top_k=None, threshold=2.0, use_topk=False, P=0.4579, R=1.0000, F1=0.6282
2025-04-15 23:39:08,599 - INFO - [omi-5.txt] mode=value_times_range, top_k=None, threshold=2.5, use_topk=False, P=0.4579, R=1.0000, F1=0.6282
2025-04-15 23:39:10,677 - INFO - [omi-5.txt] mode=value_times_range, top_k=None, threshold=3.0, use_topk=False, P=0.4571, R=0.9796, F1=0.6234
2025-04-15 23:39:10,710 - INFO - [omi-5.txt] mode=value_times_range, top_k=None, threshold=3.5, use_topk=False, P=0.4571, R=0.9796, F1=0.6234
2025-04-15 23:39:10,723 - INFO - [omi-5.txt] mode=value_times_range, top_k=None, threshold=4.0, use_topk=False, P=0.4571, R=0.9796, F1=0.6234
2025-04-15 23:39:10,730 - INFO - [omi-5.txt] mode=value_times_range, top_k=None, threshold=4.5, use_topk=False, P=0.4571, R=0.9796, F1=0.6234
2025-04-15 23:39:12,892 - INFO - [omi-5.txt] mode=value_times_range, top_k=None, threshold=5.0, use_topk=False, P=0.4706, R=0.9796, F1=0.6358
2025-04-15 23:39:12,912 - INFO - [omi-5.txt] mode=value_times_range, top_k=None, threshold=5.5, use_topk=False, P=0.4845, R=0.9592, F1=0.6438
2025-04-15 23:39:12,926 - INFO - [omi-5.txt] mode=value_times_range, top_k=None, threshold=6.0, use_topk=False, P=0.4842, R=0.9388, F1=0.6389
2025-04-15 23:39:12,945 - INFO - [omi-5.txt] mode=value_times_range, top_k=None, threshold=6.5, use_topk=False, P=0.4842, R=0.9388, F1=0.6389
2025-04-15 23:39:14,902 - INFO - [omi-5.txt] mode=value_times_range, top_k=None, threshold=7.0, use_topk=False, P=0.4787, R=0.9184, F1=0.6294
2025-04-15 23:39:14,917 - INFO - [omi-6] Starting grid search...
2025-04-15 23:39:18,235 - INFO - [omi-6.txt] mode=value_times_range, top_k=None, threshold=1.0, use_topk=False, P=0.2544, R=0.9773, F1=0.4038
2025-04-15 23:39:18,235 - INFO - [omi-6.txt] mode=value_times_range, top_k=None, threshold=1.5, use_topk=False, P=0.2544, R=0.9773, F1=0.4038
2025-04-15 23:39:18,236 - INFO - [omi-6.txt] mode=value_times_range, top_k=None, threshold=2.0, use_topk=False, P=0.2544, R=0.9773, F1=0.4038
2025-04-15 23:39:18,252 - INFO - [omi-6.txt] mode=value_times_range, top_k=None, threshold=2.5, use_topk=False, P=0.2544, R=0.9773, F1=0.4038
2025-04-15 23:39:20,221 - INFO - [omi-6.txt] mode=value_times_range, top_k=None, threshold=3.0, use_topk=False, P=0.2544, R=0.9773, F1=0.4038
2025-04-15 23:39:20,361 - INFO - [omi-6.txt] mode=value_times_range, top_k=None, threshold=3.5, use_topk=False, P=0.2544, R=0.9773, F1=0.4038
2025-04-15 23:39:20,362 - INFO - [omi-6.txt] mode=value_times_range, top_k=None, threshold=4.0, use_topk=False, P=0.2560, R=0.9773, F1=0.4057
2025-04-15 23:39:20,362 - INFO - [omi-6.txt] mode=value_times_range, top_k=None, threshold=4.5, use_topk=False, P=0.2590, R=0.9773, F1=0.4095
2025-04-15 23:39:22,326 - INFO - [omi-6.txt] mode=value_times_range, top_k=None, threshold=5.0, use_topk=False, P=0.2590, R=0.9773, F1=0.4095
2025-04-15 23:39:22,455 - INFO - [omi-6.txt] mode=value_times_range, top_k=None, threshold=5.5, use_topk=False, P=0.2590, R=0.9773, F1=0.4095
2025-04-15 23:39:22,549 - INFO - [omi-6.txt] mode=value_times_range, top_k=None, threshold=6.0, use_topk=False, P=0.2606, R=0.9773, F1=0.4115
2025-04-15 23:39:22,549 - INFO - [omi-6.txt] mode=value_times_range, top_k=None, threshold=6.5, use_topk=False, P=0.2654, R=0.9773, F1=0.4175
2025-04-15 23:39:24,286 - INFO - [omi-6.txt] mode=value_times_range, top_k=None, threshold=7.0, use_topk=False, P=0.2654, R=0.9773, F1=0.4175
2025-04-15 23:39:24,306 - INFO - [omi-7] Starting grid search...
2025-04-15 23:39:27,389 - INFO - [omi-7.txt] mode=value_times_range, top_k=None, threshold=1.0, use_topk=False, P=0.8261, R=0.9744, F1=0.8941
2025-04-15 23:39:27,487 - INFO - [omi-7.txt] mode=value_times_range, top_k=None, threshold=1.5, use_topk=False, P=0.8444, R=0.9744, F1=0.9048
2025-04-15 23:39:27,487 - INFO - [omi-7.txt] mode=value_times_range, top_k=None, threshold=2.0, use_topk=False, P=0.8444, R=0.9744, F1=0.9048
2025-04-15 23:39:27,487 - INFO - [omi-7.txt] mode=value_times_range, top_k=None, threshold=2.5, use_topk=False, P=0.8444, R=0.9744, F1=0.9048
2025-04-15 23:39:29,305 - INFO - [omi-7.txt] mode=value_times_range, top_k=None, threshold=3.0, use_topk=False, P=0.8444, R=0.9744, F1=0.9048
2025-04-15 23:39:29,389 - INFO - [omi-7.txt] mode=value_times_range, top_k=None, threshold=3.5, use_topk=False, P=0.8444, R=0.9744, F1=0.9048
2025-04-15 23:39:29,420 - INFO - [omi-7.txt] mode=value_times_range, top_k=None, threshold=4.0, use_topk=False, P=0.8444, R=0.9744, F1=0.9048
2025-04-15 23:39:29,476 - INFO - [omi-7.txt] mode=value_times_range, top_k=None, threshold=4.5, use_topk=False, P=0.8444, R=0.9744, F1=0.9048
2025-04-15 23:39:31,292 - INFO - [omi-7.txt] mode=value_times_range, top_k=None, threshold=5.0, use_topk=False, P=0.8444, R=0.9744, F1=0.9048
2025-04-15 23:39:31,353 - INFO - [omi-7.txt] mode=value_times_range, top_k=None, threshold=5.5, use_topk=False, P=0.8444, R=0.9744, F1=0.9048
2025-04-15 23:39:31,385 - INFO - [omi-7.txt] mode=value_times_range, top_k=None, threshold=6.0, use_topk=False, P=0.8444, R=0.9744, F1=0.9048
2025-04-15 23:39:31,440 - INFO - [omi-7.txt] mode=value_times_range, top_k=None, threshold=6.5, use_topk=False, P=0.8444, R=0.9744, F1=0.9048
2025-04-15 23:39:33,086 - INFO - [omi-7.txt] mode=value_times_range, top_k=None, threshold=7.0, use_topk=False, P=0.8444, R=0.9744, F1=0.9048
2025-04-15 23:39:33,106 - INFO - [omi-8] Starting grid search...
2025-04-15 23:39:36,197 - INFO - [omi-8.txt] mode=value_times_range, top_k=None, threshold=1.0, use_topk=False, P=0.3537, R=0.9355, F1=0.5133
2025-04-15 23:39:36,228 - INFO - [omi-8.txt] mode=value_times_range, top_k=None, threshold=1.5, use_topk=False, P=0.3537, R=0.9355, F1=0.5133
2025-04-15 23:39:36,316 - INFO - [omi-8.txt] mode=value_times_range, top_k=None, threshold=2.0, use_topk=False, P=0.3537, R=0.9355, F1=0.5133
2025-04-15 23:39:36,325 - INFO - [omi-8.txt] mode=value_times_range, top_k=None, threshold=2.5, use_topk=False, P=0.3537, R=0.9355, F1=0.5133
2025-04-15 23:39:38,358 - INFO - [omi-8.txt] mode=value_times_range, top_k=None, threshold=3.0, use_topk=False, P=0.3537, R=0.9355, F1=0.5133
2025-04-15 23:39:38,359 - INFO - [omi-8.txt] mode=value_times_range, top_k=None, threshold=3.5, use_topk=False, P=0.3537, R=0.9355, F1=0.5133
2025-04-15 23:39:38,423 - INFO - [omi-8.txt] mode=value_times_range, top_k=None, threshold=4.0, use_topk=False, P=0.3537, R=0.9355, F1=0.5133
2025-04-15 23:39:38,424 - INFO - [omi-8.txt] mode=value_times_range, top_k=None, threshold=4.5, use_topk=False, P=0.3580, R=0.9355, F1=0.5179
2025-04-15 23:39:40,240 - INFO - [omi-8.txt] mode=value_times_range, top_k=None, threshold=5.0, use_topk=False, P=0.3580, R=0.9355, F1=0.5179
2025-04-15 23:39:40,276 - INFO - [omi-8.txt] mode=value_times_range, top_k=None, threshold=5.5, use_topk=False, P=0.3580, R=0.9355, F1=0.5179
2025-04-15 23:39:40,394 - INFO - [omi-8.txt] mode=value_times_range, top_k=None, threshold=6.0, use_topk=False, P=0.3580, R=0.9355, F1=0.5179
2025-04-15 23:39:40,446 - INFO - [omi-8.txt] mode=value_times_range, top_k=None, threshold=6.5, use_topk=False, P=0.3580, R=0.9355, F1=0.5179
2025-04-15 23:39:42,063 - INFO - [omi-8.txt] mode=value_times_range, top_k=None, threshold=7.0, use_topk=False, P=0.3580, R=0.9355, F1=0.5179
2025-04-15 23:39:42,081 - INFO - [omi-9] Starting grid search...
2025-04-15 23:39:45,221 - INFO - [omi-9.txt] mode=value_times_range, top_k=None, threshold=1.0, use_topk=False, P=0.4962, R=0.9155, F1=0.6436
2025-04-15 23:39:45,269 - INFO - [omi-9.txt] mode=value_times_range, top_k=None, threshold=1.5, use_topk=False, P=0.4962, R=0.9155, F1=0.6436
2025-04-15 23:39:45,269 - INFO - [omi-9.txt] mode=value_times_range, top_k=None, threshold=2.0, use_topk=False, P=0.4962, R=0.9155, F1=0.6436
2025-04-15 23:39:45,271 - INFO - [omi-9.txt] mode=value_times_range, top_k=None, threshold=2.5, use_topk=False, P=0.4962, R=0.9155, F1=0.6436
2025-04-15 23:39:47,238 - INFO - [omi-9.txt] mode=value_times_range, top_k=None, threshold=3.0, use_topk=False, P=0.4962, R=0.9155, F1=0.6436
2025-04-15 23:39:47,289 - INFO - [omi-9.txt] mode=value_times_range, top_k=None, threshold=3.5, use_topk=False, P=0.4962, R=0.9155, F1=0.6436
2025-04-15 23:39:47,289 - INFO - [omi-9.txt] mode=value_times_range, top_k=None, threshold=4.0, use_topk=False, P=0.4962, R=0.9155, F1=0.6436
2025-04-15 23:39:47,414 - INFO - [omi-9.txt] mode=value_times_range, top_k=None, threshold=4.5, use_topk=False, P=0.4962, R=0.9155, F1=0.6436
2025-04-15 23:39:49,267 - INFO - [omi-9.txt] mode=value_times_range, top_k=None, threshold=5.0, use_topk=False, P=0.4962, R=0.9155, F1=0.6436
2025-04-15 23:39:49,327 - INFO - [omi-9.txt] mode=value_times_range, top_k=None, threshold=5.5, use_topk=False, P=0.4962, R=0.9155, F1=0.6436
2025-04-15 23:39:49,338 - INFO - [omi-9.txt] mode=value_times_range, top_k=None, threshold=6.0, use_topk=False, P=0.4962, R=0.9155, F1=0.6436
2025-04-15 23:39:49,439 - INFO - [omi-9.txt] mode=value_times_range, top_k=None, threshold=6.5, use_topk=False, P=0.4962, R=0.9155, F1=0.6436
2025-04-15 23:39:51,093 - INFO - [omi-9.txt] mode=value_times_range, top_k=None, threshold=7.0, use_topk=False, P=0.4962, R=0.9155, F1=0.6436
2025-04-15 23:39:51,113 - INFO - 
==================================================
2025-04-15 23:39:51,113 - INFO - 开始汇总结果...
2025-04-15 23:39:51,121 - INFO - 
===== Best Results per Dataset =====
   dataset        score_mode top_k  score_threshold  use_topk  precision   recall  f1_score
 omi-1.txt value_times_range  None              1.5     False   0.741667 1.000000  0.851675
omi-10.txt value_times_range  None              7.0     False   0.479675 0.967213  0.641304
omi-11.txt value_times_range  None              4.5     False   0.343373 0.982759  0.508929
omi-12.txt value_times_range  None              7.0     False   0.655172 0.950000  0.775510
 omi-2.txt value_times_range  None              5.5     False   0.455882 1.000000  0.626263
 omi-3.txt value_times_range  None              7.0     False   0.800000 0.820513  0.810127
 omi-4.txt value_times_range  None              6.5     False   0.814815 0.985075  0.891892
 omi-5.txt value_times_range  None              5.5     False   0.484536 0.959184  0.643836
 omi-6.txt value_times_range  None              7.0     False   0.265432 0.977273  0.417476
 omi-7.txt value_times_range  None              1.5     False   0.844444 0.974359  0.904762
 omi-8.txt value_times_range  None              5.0     False   0.358025 0.935484  0.517857
 omi-9.txt value_times_range  None              7.0     False   0.496183 0.915493  0.643564
2025-04-15 23:39:51,121 - INFO - 
===== Overall Metrics =====
Precision: 0.4926  Recall: 0.9531  F1: 0.6495
2025-04-15 23:39:51,121 - INFO - 
【原始汇总指标】
2025-04-15 23:39:51,121 - INFO - 精确率(Precision): 0.4926
2025-04-15 23:39:51,121 - INFO - 召回率(Recall):    0.9531
2025-04-15 23:39:51,121 - INFO - F1值:             0.6495
2025-04-15 23:39:51,121 - INFO - 
==================================================
2025-04-15 23:39:51,121 - INFO - 开始生成可视化结果...
2025-04-15 23:39:51,121 - INFO - 
==================================================
2025-04-15 23:39:51,121 - INFO - 开始数据集可视化: omi-1
2025-04-15 23:39:51,121 - INFO - 使用参数: 评分模式=value_times_range, top_k=None, 阈值=1.5
2025-04-15 23:39:51,122 - INFO - ==================================================

2025-04-15 23:39:51,122 - INFO - 正在加载数据集 omi-1 的数据
2025-04-15 23:39:51,122 - INFO - 数据加载成功。训练集形状: (8640, 19), 测试集形状: (4320, 19)
2025-04-15 23:39:51,122 - INFO - 正在计算边缘统计量...
2025-04-15 23:39:53,028 - INFO - 已计算 170 条边的统计量
2025-04-15 23:39:53,028 - INFO - 为每个节点使用所有邻居
2025-04-15 23:39:53,029 - INFO - 可视化结果将保存到: ./visual/use_topkFalse\omi\value_times_range\omi-1
2025-04-15 23:39:53,030 - INFO - 在数据集中发现 7 个异常时间段
2025-04-15 23:39:53,030 - INFO - 
正在处理时间段 1/7: 760-765
2025-04-15 23:39:53,030 - INFO - 该时间段的真实异常节点: {4, 5, 7, 8, 9, 10, 11, 12, 13, 14, 15, 16, 17, 18, 19}
2025-04-15 23:39:53,030 - INFO - 正在计算异常分数...
2025-04-15 23:39:53,032 - INFO - 检测到的异常节点: {1, 4, 5, 7, 8, 9, 10, 11, 12, 13, 14, 15, 16, 17, 18, 19}
2025-04-15 23:39:53,032 - INFO - 正在为时间段 760-765 生成可视化
2025-04-15 23:39:53,032 - INFO - 正在为时间段 760-765 生成异常图可视化
2025-04-15 23:39:53,033 - DEBUG - 创建包含 19 个节点的图结构
2025-04-15 23:39:53,033 - DEBUG - 边统计: 正常边 118 条, 异常边 122 条
2025-04-15 23:39:53,033 - INFO - 时间段 760-765 的节点检测统计: 真阳性=15, 假阳性=1, 假阴性=0, 正常节点=3
2025-04-15 23:39:53,118 - DEBUG - 正在保存可视化结果到 ./visual/use_topkFalse\omi\value_times_range\omi-1\seg_0_760_765.png
2025-04-15 23:39:53,207 - INFO - 成功保存时间段 760-765 的可视化结果
2025-04-15 23:39:53,209 - INFO - 
正在处理时间段 2/7: 1064-1298
2025-04-15 23:39:53,209 - INFO - 该时间段的真实异常节点: {6, 7, 9, 10, 11, 12, 13, 14, 15, 16, 17, 18, 19}
2025-04-15 23:39:53,209 - INFO - 正在计算异常分数...
2025-04-15 23:39:53,320 - INFO - 检测到的异常节点: {1, 3, 4, 5, 6, 7, 8, 9, 10, 11, 12, 13, 14, 15, 16, 17, 18, 19}
2025-04-15 23:39:53,320 - INFO - 正在为时间段 1064-1298 生成可视化
2025-04-15 23:39:53,320 - INFO - 正在为时间段 1064-1298 生成异常图可视化
2025-04-15 23:39:53,320 - DEBUG - 创建包含 19 个节点的图结构
2025-04-15 23:39:53,322 - DEBUG - 边统计: 正常边 194 条, 异常边 112 条
2025-04-15 23:39:53,322 - INFO - 时间段 1064-1298 的节点检测统计: 真阳性=13, 假阳性=5, 假阴性=0, 正常节点=1
2025-04-15 23:39:53,415 - DEBUG - 正在保存可视化结果到 ./visual/use_topkFalse\omi\value_times_range\omi-1\seg_1_1064_1298.png
2025-04-15 23:39:53,516 - INFO - 成功保存时间段 1064-1298 的可视化结果
2025-04-15 23:39:53,516 - INFO - 
正在处理时间段 3/7: 2758-2772
2025-04-15 23:39:53,517 - INFO - 该时间段的真实异常节点: {5, 6, 7, 8, 9, 10, 11, 12, 13, 14, 15, 16, 17, 18, 19}
2025-04-15 23:39:53,517 - INFO - 正在计算异常分数...
2025-04-15 23:39:53,525 - INFO - 检测到的异常节点: {1, 4, 5, 6, 7, 8, 9, 10, 11, 12, 13, 14, 15, 16, 17, 18, 19}
2025-04-15 23:39:53,525 - INFO - 正在为时间段 2758-2772 生成可视化
2025-04-15 23:39:53,525 - INFO - 正在为时间段 2758-2772 生成异常图可视化
2025-04-15 23:39:53,525 - DEBUG - 创建包含 19 个节点的图结构
2025-04-15 23:39:53,525 - DEBUG - 边统计: 正常边 176 条, 异常边 96 条
2025-04-15 23:39:53,526 - INFO - 时间段 2758-2772 的节点检测统计: 真阳性=15, 假阳性=2, 假阴性=0, 正常节点=2
2025-04-15 23:39:53,609 - DEBUG - 正在保存可视化结果到 ./visual/use_topkFalse\omi\value_times_range\omi-1\seg_2_2758_2772.png
2025-04-15 23:39:53,688 - INFO - 成功保存时间段 2758-2772 的可视化结果
2025-04-15 23:39:53,688 - INFO - 
正在处理时间段 4/7: 2874-2885
2025-04-15 23:39:53,688 - INFO - 该时间段的真实异常节点: {7, 9, 10, 11, 12, 13, 14, 15, 16, 17, 18}
2025-04-15 23:39:53,688 - INFO - 正在计算异常分数...
2025-04-15 23:39:53,693 - INFO - 检测到的异常节点: {1, 4, 5, 6, 7, 8, 9, 10, 11, 12, 13, 14, 15, 16, 17, 18, 19}
2025-04-15 23:39:53,693 - INFO - 正在为时间段 2874-2885 生成可视化
2025-04-15 23:39:53,693 - INFO - 正在为时间段 2874-2885 生成异常图可视化
2025-04-15 23:39:53,693 - DEBUG - 创建包含 19 个节点的图结构
2025-04-15 23:39:53,695 - DEBUG - 边统计: 正常边 190 条, 异常边 82 条
2025-04-15 23:39:53,695 - INFO - 时间段 2874-2885 的节点检测统计: 真阳性=11, 假阳性=6, 假阴性=0, 正常节点=2
2025-04-15 23:39:53,775 - DEBUG - 正在保存可视化结果到 ./visual/use_topkFalse\omi\value_times_range\omi-1\seg_3_2874_2885.png
2025-04-15 23:39:53,849 - INFO - 成功保存时间段 2874-2885 的可视化结果
2025-04-15 23:39:53,849 - INFO - 
正在处理时间段 5/7: 3012-3025
2025-04-15 23:39:53,850 - INFO - 该时间段的真实异常节点: {7, 10, 11, 12, 13, 14, 15, 16, 17, 18, 19}
2025-04-15 23:39:53,850 - INFO - 正在计算异常分数...
2025-04-15 23:39:53,855 - INFO - 检测到的异常节点: {1, 4, 5, 6, 7, 8, 9, 10, 11, 12, 13, 14, 15, 16, 17, 18, 19}
2025-04-15 23:39:53,855 - INFO - 正在为时间段 3012-3025 生成可视化
2025-04-15 23:39:53,855 - INFO - 正在为时间段 3012-3025 生成异常图可视化
2025-04-15 23:39:53,855 - DEBUG - 创建包含 19 个节点的图结构
2025-04-15 23:39:53,856 - DEBUG - 边统计: 正常边 164 条, 异常边 108 条
2025-04-15 23:39:53,856 - INFO - 时间段 3012-3025 的节点检测统计: 真阳性=11, 假阳性=6, 假阴性=0, 正常节点=2
2025-04-15 23:39:53,935 - DEBUG - 正在保存可视化结果到 ./visual/use_topkFalse\omi\value_times_range\omi-1\seg_4_3012_3025.png
2025-04-15 23:39:54,012 - INFO - 成功保存时间段 3012-3025 的可视化结果
2025-04-15 23:39:54,012 - INFO - 
正在处理时间段 6/7: 3160-3305
2025-04-15 23:39:54,012 - INFO - 该时间段的真实异常节点: {8, 9, 10, 11, 12, 13, 14, 15, 16, 17, 18, 19}
2025-04-15 23:39:54,012 - INFO - 正在计算异常分数...
2025-04-15 23:39:54,081 - INFO - 检测到的异常节点: {1, 3, 4, 5, 6, 7, 8, 9, 10, 11, 12, 13, 14, 15, 16, 17, 18, 19}
2025-04-15 23:39:54,081 - INFO - 正在为时间段 3160-3305 生成可视化
2025-04-15 23:39:54,081 - INFO - 正在为时间段 3160-3305 生成异常图可视化
2025-04-15 23:39:54,081 - DEBUG - 创建包含 19 个节点的图结构
2025-04-15 23:39:54,082 - DEBUG - 边统计: 正常边 194 条, 异常边 112 条
2025-04-15 23:39:54,082 - INFO - 时间段 3160-3305 的节点检测统计: 真阳性=12, 假阳性=6, 假阴性=0, 正常节点=1
2025-04-15 23:39:54,170 - DEBUG - 正在保存可视化结果到 ./visual/use_topkFalse\omi\value_times_range\omi-1\seg_5_3160_3305.png
2025-04-15 23:39:54,256 - INFO - 成功保存时间段 3160-3305 的可视化结果
2025-04-15 23:39:54,257 - INFO - 
正在处理时间段 7/7: 3626-3638
2025-04-15 23:39:54,257 - INFO - 该时间段的真实异常节点: {7, 9, 10, 11, 12, 13, 14, 15, 16, 17, 18, 19}
2025-04-15 23:39:54,257 - INFO - 正在计算异常分数...
2025-04-15 23:39:54,264 - INFO - 检测到的异常节点: {1, 4, 5, 6, 7, 8, 9, 10, 11, 12, 13, 14, 15, 16, 17, 18, 19}
2025-04-15 23:39:54,264 - INFO - 正在为时间段 3626-3638 生成可视化
2025-04-15 23:39:54,264 - INFO - 正在为时间段 3626-3638 生成异常图可视化
2025-04-15 23:39:54,264 - DEBUG - 创建包含 19 个节点的图结构
2025-04-15 23:39:54,265 - DEBUG - 边统计: 正常边 190 条, 异常边 82 条
2025-04-15 23:39:54,265 - INFO - 时间段 3626-3638 的节点检测统计: 真阳性=12, 假阳性=5, 假阴性=0, 正常节点=2
2025-04-15 23:39:54,346 - DEBUG - 正在保存可视化结果到 ./visual/use_topkFalse\omi\value_times_range\omi-1\seg_6_3626_3638.png
2025-04-15 23:39:54,426 - INFO - 成功保存时间段 3626-3638 的可视化结果
2025-04-15 23:39:54,426 - INFO - 正在从 ./visual/use_topkFalse\omi\value_times_range\omi-1 中的图像创建GIF
2025-04-15 23:39:54,632 - INFO - GIF已保存到 ./visual/use_topkFalse\omi\value_times_range\omi-1\omi-1.gif
2025-04-15 23:39:54,632 - INFO - 
==================================================
2025-04-15 23:39:54,633 - INFO - 开始数据集可视化: omi-10
2025-04-15 23:39:54,633 - INFO - 使用参数: 评分模式=value_times_range, top_k=None, 阈值=7.0
2025-04-15 23:39:54,633 - INFO - ==================================================

2025-04-15 23:39:54,633 - INFO - 正在加载数据集 omi-10 的数据
2025-04-15 23:39:54,634 - INFO - 数据加载成功。训练集形状: (8640, 19), 测试集形状: (4320, 19)
2025-04-15 23:39:54,634 - INFO - 正在计算边缘统计量...
2025-04-15 23:39:56,602 - INFO - 已计算 136 条边的统计量
2025-04-15 23:39:56,602 - INFO - 为每个节点使用所有邻居
2025-04-15 23:39:56,603 - INFO - 可视化结果将保存到: ./visual/use_topkFalse\omi\value_times_range\omi-10
2025-04-15 23:39:56,603 - INFO - 在数据集中发现 8 个异常时间段
2025-04-15 23:39:56,603 - INFO - 
正在处理时间段 1/8: 740-780
2025-04-15 23:39:56,604 - INFO - 该时间段的真实异常节点: {2, 5, 6, 7, 8, 9, 10, 11, 12, 13, 14, 15, 16, 17, 18, 19}
2025-04-15 23:39:56,604 - INFO - 正在计算异常分数...
2025-04-15 23:39:56,627 - INFO - 检测到的异常节点: {1, 4, 5, 6, 7, 8, 9, 10, 11, 12, 13, 14, 15, 16, 17, 18, 19}
2025-04-15 23:39:56,627 - INFO - 正在为时间段 740-780 生成可视化
2025-04-15 23:39:56,627 - INFO - 正在为时间段 740-780 生成异常图可视化
2025-04-15 23:39:56,627 - DEBUG - 创建包含 19 个节点的图结构
2025-04-15 23:39:56,628 - DEBUG - 边统计: 正常边 206 条, 异常边 66 条
2025-04-15 23:39:56,628 - INFO - 时间段 740-780 的节点检测统计: 真阳性=15, 假阳性=2, 假阴性=1, 正常节点=1
2025-04-15 23:39:56,710 - DEBUG - 正在保存可视化结果到 ./visual/use_topkFalse\omi\value_times_range\omi-10\seg_0_740_780.png
2025-04-15 23:39:56,854 - INFO - 成功保存时间段 740-780 的可视化结果
2025-04-15 23:39:56,854 - INFO - 
正在处理时间段 2/8: 1345-1406
2025-04-15 23:39:56,854 - INFO - 该时间段的真实异常节点: {7, 9, 10, 11, 12, 13, 14, 15, 16, 17, 18}
2025-04-15 23:39:56,854 - INFO - 正在计算异常分数...
2025-04-15 23:39:56,892 - INFO - 检测到的异常节点: {1, 4, 5, 6, 7, 8, 9, 10, 11, 12, 13, 14, 15, 16, 17, 18, 19}
2025-04-15 23:39:56,892 - INFO - 正在为时间段 1345-1406 生成可视化
2025-04-15 23:39:56,892 - INFO - 正在为时间段 1345-1406 生成异常图可视化
2025-04-15 23:39:56,892 - DEBUG - 创建包含 19 个节点的图结构
2025-04-15 23:39:56,892 - DEBUG - 边统计: 正常边 210 条, 异常边 62 条
2025-04-15 23:39:56,892 - INFO - 时间段 1345-1406 的节点检测统计: 真阳性=11, 假阳性=6, 假阴性=0, 正常节点=2
2025-04-15 23:39:56,974 - DEBUG - 正在保存可视化结果到 ./visual/use_topkFalse\omi\value_times_range\omi-10\seg_1_1345_1406.png
2025-04-15 23:39:57,054 - INFO - 成功保存时间段 1345-1406 的可视化结果
2025-04-15 23:39:57,055 - INFO - 
正在处理时间段 3/8: 2224-2272
2025-04-15 23:39:57,055 - INFO - 该时间段的真实异常节点: {4, 5, 6, 7, 9, 10, 11, 12, 13, 14, 15, 16, 17, 18, 19}
2025-04-15 23:39:57,055 - INFO - 正在计算异常分数...
2025-04-15 23:39:57,084 - INFO - 检测到的异常节点: {1, 4, 5, 6, 7, 8, 9, 10, 11, 12, 13, 14, 15, 16, 17, 18, 19}
2025-04-15 23:39:57,084 - INFO - 正在为时间段 2224-2272 生成可视化
2025-04-15 23:39:57,085 - INFO - 正在为时间段 2224-2272 生成异常图可视化
2025-04-15 23:39:57,085 - DEBUG - 创建包含 19 个节点的图结构
2025-04-15 23:39:57,085 - DEBUG - 边统计: 正常边 208 条, 异常边 64 条
2025-04-15 23:39:57,085 - INFO - 时间段 2224-2272 的节点检测统计: 真阳性=15, 假阳性=2, 假阴性=0, 正常节点=2
2025-04-15 23:39:57,167 - DEBUG - 正在保存可视化结果到 ./visual/use_topkFalse\omi\value_times_range\omi-10\seg_2_2224_2272.png
2025-04-15 23:39:57,244 - INFO - 成功保存时间段 2224-2272 的可视化结果
2025-04-15 23:39:57,244 - INFO - 
正在处理时间段 4/8: 2514-2592
2025-04-15 23:39:57,245 - INFO - 该时间段的真实异常节点: {16, 4}
2025-04-15 23:39:57,245 - INFO - 正在计算异常分数...
2025-04-15 23:39:57,292 - INFO - 检测到的异常节点: {1, 4, 5, 6, 7, 8, 9, 10, 11, 12, 13, 14, 15, 16, 17, 18, 19}
2025-04-15 23:39:57,292 - INFO - 正在为时间段 2514-2592 生成可视化
2025-04-15 23:39:57,292 - INFO - 正在为时间段 2514-2592 生成异常图可视化
2025-04-15 23:39:57,292 - DEBUG - 创建包含 19 个节点的图结构
2025-04-15 23:39:57,292 - DEBUG - 边统计: 正常边 180 条, 异常边 92 条
2025-04-15 23:39:57,292 - INFO - 时间段 2514-2592 的节点检测统计: 真阳性=2, 假阳性=15, 假阴性=0, 正常节点=2
2025-04-15 23:39:57,373 - DEBUG - 正在保存可视化结果到 ./visual/use_topkFalse\omi\value_times_range\omi-10\seg_3_2514_2592.png
2025-04-15 23:39:57,451 - INFO - 成功保存时间段 2514-2592 的可视化结果
2025-04-15 23:39:57,451 - INFO - 
正在处理时间段 5/8: 2733-2778
2025-04-15 23:39:57,451 - INFO - 该时间段的真实异常节点: {11, 14, 15}
2025-04-15 23:39:57,451 - INFO - 正在计算异常分数...
2025-04-15 23:39:57,485 - INFO - 检测到的异常节点: {1, 4, 5, 7, 8, 9, 10, 11, 12, 13, 14, 15, 16, 17, 18, 19}
2025-04-15 23:39:57,485 - INFO - 正在为时间段 2733-2778 生成可视化
2025-04-15 23:39:57,485 - INFO - 正在为时间段 2733-2778 生成异常图可视化
2025-04-15 23:39:57,485 - DEBUG - 创建包含 19 个节点的图结构
2025-04-15 23:39:57,486 - DEBUG - 边统计: 正常边 178 条, 异常边 62 条
2025-04-15 23:39:57,486 - INFO - 时间段 2733-2778 的节点检测统计: 真阳性=3, 假阳性=13, 假阴性=0, 正常节点=3
2025-04-15 23:39:57,573 - DEBUG - 正在保存可视化结果到 ./visual/use_topkFalse\omi\value_times_range\omi-10\seg_4_2733_2778.png
2025-04-15 23:39:57,650 - INFO - 成功保存时间段 2733-2778 的可视化结果
2025-04-15 23:39:57,650 - INFO - 
正在处理时间段 6/8: 3401-3405
2025-04-15 23:39:57,650 - INFO - 该时间段的真实异常节点: {1}
2025-04-15 23:39:57,650 - INFO - 正在计算异常分数...
2025-04-15 23:39:57,652 - INFO - 检测到的异常节点: {4, 5, 7, 8, 9}
2025-04-15 23:39:57,652 - INFO - 正在为时间段 3401-3405 生成可视化
2025-04-15 23:39:57,652 - INFO - 正在为时间段 3401-3405 生成异常图可视化
2025-04-15 23:39:57,652 - DEBUG - 创建包含 19 个节点的图结构
2025-04-15 23:39:57,653 - DEBUG - 边统计: 正常边 138 条, 异常边 134 条
2025-04-15 23:39:57,653 - INFO - 时间段 3401-3405 的节点检测统计: 真阳性=0, 假阳性=5, 假阴性=1, 正常节点=13
2025-04-15 23:39:57,733 - DEBUG - 正在保存可视化结果到 ./visual/use_topkFalse\omi\value_times_range\omi-10\seg_5_3401_3405.png
2025-04-15 23:39:57,818 - INFO - 成功保存时间段 3401-3405 的可视化结果
2025-04-15 23:39:57,818 - INFO - 
正在处理时间段 7/8: 3414-3459
2025-04-15 23:39:57,818 - INFO - 该时间段的真实异常节点: {8}
2025-04-15 23:39:57,819 - INFO - 正在计算异常分数...
2025-04-15 23:39:57,844 - INFO - 检测到的异常节点: {1, 4, 5, 6, 7, 8, 9, 10, 11, 12, 13, 14, 15, 16, 17, 18, 19}
2025-04-15 23:39:57,844 - INFO - 正在为时间段 3414-3459 生成可视化
2025-04-15 23:39:57,844 - INFO - 正在为时间段 3414-3459 生成异常图可视化
2025-04-15 23:39:57,844 - DEBUG - 创建包含 19 个节点的图结构
2025-04-15 23:39:57,845 - DEBUG - 边统计: 正常边 148 条, 异常边 124 条
2025-04-15 23:39:57,845 - INFO - 时间段 3414-3459 的节点检测统计: 真阳性=1, 假阳性=16, 假阴性=0, 正常节点=2
2025-04-15 23:39:57,933 - DEBUG - 正在保存可视化结果到 ./visual/use_topkFalse\omi\value_times_range\omi-10\seg_6_3414_3459.png
2025-04-15 23:39:58,010 - INFO - 成功保存时间段 3414-3459 的可视化结果
2025-04-15 23:39:58,010 - INFO - 
正在处理时间段 8/8: 3700-3744
2025-04-15 23:39:58,011 - INFO - 该时间段的真实异常节点: {7, 8, 9, 10, 11, 12, 13, 14, 15, 16, 17, 18}
2025-04-15 23:39:58,011 - INFO - 正在计算异常分数...
2025-04-15 23:39:58,037 - INFO - 检测到的异常节点: {1, 4, 5, 6, 7, 8, 9, 10, 11, 12, 13, 14, 15, 16, 17, 18, 19}
2025-04-15 23:39:58,037 - INFO - 正在为时间段 3700-3744 生成可视化
2025-04-15 23:39:58,037 - INFO - 正在为时间段 3700-3744 生成异常图可视化
2025-04-15 23:39:58,038 - DEBUG - 创建包含 19 个节点的图结构
2025-04-15 23:39:58,038 - DEBUG - 边统计: 正常边 152 条, 异常边 120 条
2025-04-15 23:39:58,038 - INFO - 时间段 3700-3744 的节点检测统计: 真阳性=12, 假阳性=5, 假阴性=0, 正常节点=2
2025-04-15 23:39:58,119 - DEBUG - 正在保存可视化结果到 ./visual/use_topkFalse\omi\value_times_range\omi-10\seg_7_3700_3744.png
2025-04-15 23:39:58,193 - INFO - 成功保存时间段 3700-3744 的可视化结果
2025-04-15 23:39:58,193 - INFO - 正在从 ./visual/use_topkFalse\omi\value_times_range\omi-10 中的图像创建GIF
2025-04-15 23:39:58,416 - INFO - GIF已保存到 ./visual/use_topkFalse\omi\value_times_range\omi-10\omi-10.gif
2025-04-15 23:39:58,416 - INFO - 
==================================================
2025-04-15 23:39:58,416 - INFO - 开始数据集可视化: omi-11
2025-04-15 23:39:58,416 - INFO - 使用参数: 评分模式=value_times_range, top_k=None, 阈值=4.5
2025-04-15 23:39:58,416 - INFO - ==================================================

2025-04-15 23:39:58,417 - INFO - 正在加载数据集 omi-11 的数据
2025-04-15 23:39:58,418 - INFO - 数据加载成功。训练集形状: (8640, 19), 测试集形状: (4320, 19)
2025-04-15 23:39:58,418 - INFO - 正在计算边缘统计量...
2025-04-15 23:40:00,378 - INFO - 已计算 153 条边的统计量
2025-04-15 23:40:00,379 - INFO - 为每个节点使用所有邻居
2025-04-15 23:40:00,379 - INFO - 可视化结果将保存到: ./visual/use_topkFalse\omi\value_times_range\omi-11
2025-04-15 23:40:00,380 - INFO - 在数据集中发现 9 个异常时间段
2025-04-15 23:40:00,380 - INFO - 
正在处理时间段 1/9: 738-755
2025-04-15 23:40:00,380 - INFO - 该时间段的真实异常节点: {2}
2025-04-15 23:40:00,380 - INFO - 正在计算异常分数...
2025-04-15 23:40:00,388 - INFO - 检测到的异常节点: {4, 5, 6, 7, 8, 9, 10, 11, 12, 13, 14, 15, 16, 17, 18, 19}
2025-04-15 23:40:00,388 - INFO - 正在为时间段 738-755 生成可视化
2025-04-15 23:40:00,388 - INFO - 正在为时间段 738-755 生成异常图可视化
2025-04-15 23:40:00,388 - DEBUG - 创建包含 19 个节点的图结构
2025-04-15 23:40:00,389 - DEBUG - 边统计: 正常边 170 条, 异常边 70 条
2025-04-15 23:40:00,389 - INFO - 时间段 738-755 的节点检测统计: 真阳性=0, 假阳性=16, 假阴性=1, 正常节点=2
2025-04-15 23:40:00,475 - DEBUG - 正在保存可视化结果到 ./visual/use_topkFalse\omi\value_times_range\omi-11\seg_0_738_755.png
2025-04-15 23:40:00,558 - INFO - 成功保存时间段 738-755 的可视化结果
2025-04-15 23:40:00,558 - INFO - 
正在处理时间段 2/9: 757-815
2025-04-15 23:40:00,558 - INFO - 该时间段的真实异常节点: set()
2025-04-15 23:40:00,559 - INFO - 正在计算异常分数...
2025-04-15 23:40:00,593 - INFO - 检测到的异常节点: {1, 4, 5, 6, 7, 8, 9, 10, 11, 12, 13, 14, 15, 16, 17, 18, 19}
2025-04-15 23:40:00,593 - INFO - 正在为时间段 757-815 生成可视化
2025-04-15 23:40:00,593 - INFO - 正在为时间段 757-815 生成异常图可视化
2025-04-15 23:40:00,594 - DEBUG - 创建包含 19 个节点的图结构
2025-04-15 23:40:00,594 - DEBUG - 边统计: 正常边 266 条, 异常边 6 条
2025-04-15 23:40:00,594 - INFO - 时间段 757-815 的节点检测统计: 真阳性=0, 假阳性=17, 假阴性=0, 正常节点=2
2025-04-15 23:40:00,675 - DEBUG - 正在保存可视化结果到 ./visual/use_topkFalse\omi\value_times_range\omi-11\seg_1_757_815.png
2025-04-15 23:40:00,755 - INFO - 成功保存时间段 757-815 的可视化结果
2025-04-15 23:40:00,755 - INFO - 
正在处理时间段 3/9: 1366-1375
2025-04-15 23:40:00,755 - INFO - 该时间段的真实异常节点: {4, 5, 8, 17, 19}
2025-04-15 23:40:00,755 - INFO - 正在计算异常分数...
2025-04-15 23:40:00,760 - INFO - 检测到的异常节点: {1, 4, 5, 6, 7, 8, 9, 10, 11, 12, 13, 14, 15, 16, 17, 18, 19}
2025-04-15 23:40:00,760 - INFO - 正在为时间段 1366-1375 生成可视化
2025-04-15 23:40:00,760 - INFO - 正在为时间段 1366-1375 生成异常图可视化
2025-04-15 23:40:00,760 - DEBUG - 创建包含 19 个节点的图结构
2025-04-15 23:40:00,760 - DEBUG - 边统计: 正常边 102 条, 异常边 170 条
2025-04-15 23:40:00,760 - INFO - 时间段 1366-1375 的节点检测统计: 真阳性=5, 假阳性=12, 假阴性=0, 正常节点=2
2025-04-15 23:40:00,843 - DEBUG - 正在保存可视化结果到 ./visual/use_topkFalse\omi\value_times_range\omi-11\seg_2_1366_1375.png
2025-04-15 23:40:00,926 - INFO - 成功保存时间段 1366-1375 的可视化结果
2025-04-15 23:40:00,926 - INFO - 
正在处理时间段 4/9: 2301-2314
2025-04-15 23:40:00,926 - INFO - 该时间段的真实异常节点: {17, 19, 4, 5}
2025-04-15 23:40:00,926 - INFO - 正在计算异常分数...
2025-04-15 23:40:00,934 - INFO - 检测到的异常节点: {1, 4, 5, 6, 7, 8, 9, 10, 11, 12, 13, 14, 15, 16, 17, 18, 19}
2025-04-15 23:40:00,934 - INFO - 正在为时间段 2301-2314 生成可视化
2025-04-15 23:40:00,934 - INFO - 正在为时间段 2301-2314 生成异常图可视化
2025-04-15 23:40:00,934 - DEBUG - 创建包含 19 个节点的图结构
2025-04-15 23:40:00,934 - DEBUG - 边统计: 正常边 144 条, 异常边 128 条
2025-04-15 23:40:00,934 - INFO - 时间段 2301-2314 的节点检测统计: 真阳性=4, 假阳性=13, 假阴性=0, 正常节点=2
2025-04-15 23:40:01,018 - DEBUG - 正在保存可视化结果到 ./visual/use_topkFalse\omi\value_times_range\omi-11\seg_3_2301_2314.png
2025-04-15 23:40:01,099 - INFO - 成功保存时间段 2301-2314 的可视化结果
2025-04-15 23:40:01,099 - INFO - 
正在处理时间段 5/9: 2365-2381
2025-04-15 23:40:01,100 - INFO - 该时间段的真实异常节点: {19}
2025-04-15 23:40:01,100 - INFO - 正在计算异常分数...
2025-04-15 23:40:01,108 - INFO - 检测到的异常节点: {4, 6, 7, 8, 9, 10, 11, 12, 13, 14, 15, 16, 17, 18, 19}
2025-04-15 23:40:01,108 - INFO - 正在为时间段 2365-2381 生成可视化
2025-04-15 23:40:01,108 - INFO - 正在为时间段 2365-2381 生成异常图可视化
2025-04-15 23:40:01,108 - DEBUG - 创建包含 19 个节点的图结构
2025-04-15 23:40:01,109 - DEBUG - 边统计: 正常边 146 条, 异常边 64 条
2025-04-15 23:40:01,109 - INFO - 时间段 2365-2381 的节点检测统计: 真阳性=1, 假阳性=14, 假阴性=0, 正常节点=4
2025-04-15 23:40:01,191 - DEBUG - 正在保存可视化结果到 ./visual/use_topkFalse\omi\value_times_range\omi-11\seg_4_2365_2381.png
2025-04-15 23:40:01,273 - INFO - 成功保存时间段 2365-2381 的可视化结果
2025-04-15 23:40:01,273 - INFO - 
正在处理时间段 6/9: 2464-2485
2025-04-15 23:40:01,275 - INFO - 该时间段的真实异常节点: {17, 19, 4, 5}
2025-04-15 23:40:01,275 - INFO - 正在计算异常分数...
2025-04-15 23:40:01,286 - INFO - 检测到的异常节点: {1, 4, 5, 6, 7, 8, 9, 10, 11, 12, 13, 14, 15, 16, 17, 18, 19}
2025-04-15 23:40:01,286 - INFO - 正在为时间段 2464-2485 生成可视化
2025-04-15 23:40:01,286 - INFO - 正在为时间段 2464-2485 生成异常图可视化
2025-04-15 23:40:01,287 - DEBUG - 创建包含 19 个节点的图结构
2025-04-15 23:40:01,287 - DEBUG - 边统计: 正常边 136 条, 异常边 136 条
2025-04-15 23:40:01,287 - INFO - 时间段 2464-2485 的节点检测统计: 真阳性=4, 假阳性=13, 假阴性=0, 正常节点=2
2025-04-15 23:40:01,428 - DEBUG - 正在保存可视化结果到 ./visual/use_topkFalse\omi\value_times_range\omi-11\seg_5_2464_2485.png
2025-04-15 23:40:01,515 - INFO - 成功保存时间段 2464-2485 的可视化结果
2025-04-15 23:40:01,515 - INFO - 
正在处理时间段 7/9: 2588-2610
2025-04-15 23:40:01,515 - INFO - 该时间段的真实异常节点: {17, 19, 4, 5}
2025-04-15 23:40:01,515 - INFO - 正在计算异常分数...
2025-04-15 23:40:01,527 - INFO - 检测到的异常节点: {1, 4, 5, 6, 7, 8, 9, 10, 11, 12, 13, 14, 15, 16, 17, 18, 19}
2025-04-15 23:40:01,527 - INFO - 正在为时间段 2588-2610 生成可视化
2025-04-15 23:40:01,527 - INFO - 正在为时间段 2588-2610 生成异常图可视化
2025-04-15 23:40:01,527 - DEBUG - 创建包含 19 个节点的图结构
2025-04-15 23:40:01,528 - DEBUG - 边统计: 正常边 142 条, 异常边 130 条
2025-04-15 23:40:01,528 - INFO - 时间段 2588-2610 的节点检测统计: 真阳性=4, 假阳性=13, 假阴性=0, 正常节点=2
2025-04-15 23:40:01,610 - DEBUG - 正在保存可视化结果到 ./visual/use_topkFalse\omi\value_times_range\omi-11\seg_6_2588_2610.png
2025-04-15 23:40:01,692 - INFO - 成功保存时间段 2588-2610 的可视化结果
2025-04-15 23:40:01,692 - INFO - 
正在处理时间段 8/9: 2650-2675
2025-04-15 23:40:01,692 - INFO - 该时间段的真实异常节点: {19}
2025-04-15 23:40:01,692 - INFO - 正在计算异常分数...
2025-04-15 23:40:01,706 - INFO - 检测到的异常节点: {4, 5, 6, 7, 8, 9, 10, 11, 12, 13, 14, 15, 16, 17, 18, 19}
2025-04-15 23:40:01,706 - INFO - 正在为时间段 2650-2675 生成可视化
2025-04-15 23:40:01,706 - INFO - 正在为时间段 2650-2675 生成异常图可视化
2025-04-15 23:40:01,706 - DEBUG - 创建包含 19 个节点的图结构
2025-04-15 23:40:01,707 - DEBUG - 边统计: 正常边 136 条, 异常边 104 条
2025-04-15 23:40:01,707 - INFO - 时间段 2650-2675 的节点检测统计: 真阳性=1, 假阳性=15, 假阴性=0, 正常节点=3
2025-04-15 23:40:01,794 - DEBUG - 正在保存可视化结果到 ./visual/use_topkFalse\omi\value_times_range\omi-11\seg_7_2650_2675.png
2025-04-15 23:40:01,881 - INFO - 成功保存时间段 2650-2675 的可视化结果
2025-04-15 23:40:01,881 - INFO - 
正在处理时间段 9/9: 3012-3072
2025-04-15 23:40:01,881 - INFO - 该时间段的真实异常节点: {1, 4, 5, 8, 17, 19}
2025-04-15 23:40:01,881 - INFO - 正在计算异常分数...
2025-04-15 23:40:01,923 - INFO - 检测到的异常节点: {1, 4, 5, 6, 7, 8, 9, 10, 11, 12, 13, 14, 15, 16, 17, 18, 19}
2025-04-15 23:40:01,923 - INFO - 正在为时间段 3012-3072 生成可视化
2025-04-15 23:40:01,923 - INFO - 正在为时间段 3012-3072 生成异常图可视化
2025-04-15 23:40:01,923 - DEBUG - 创建包含 19 个节点的图结构
2025-04-15 23:40:01,924 - DEBUG - 边统计: 正常边 192 条, 异常边 80 条
2025-04-15 23:40:01,924 - INFO - 时间段 3012-3072 的节点检测统计: 真阳性=6, 假阳性=11, 假阴性=0, 正常节点=2
2025-04-15 23:40:02,009 - DEBUG - 正在保存可视化结果到 ./visual/use_topkFalse\omi\value_times_range\omi-11\seg_8_3012_3072.png
2025-04-15 23:40:02,094 - INFO - 成功保存时间段 3012-3072 的可视化结果
2025-04-15 23:40:02,094 - INFO - 正在从 ./visual/use_topkFalse\omi\value_times_range\omi-11 中的图像创建GIF
2025-04-15 23:40:02,352 - INFO - GIF已保存到 ./visual/use_topkFalse\omi\value_times_range\omi-11\omi-11.gif
2025-04-15 23:40:02,353 - INFO - 
==================================================
2025-04-15 23:40:02,353 - INFO - 开始数据集可视化: omi-12
2025-04-15 23:40:02,353 - INFO - 使用参数: 评分模式=value_times_range, top_k=None, 阈值=7.0
2025-04-15 23:40:02,353 - INFO - ==================================================

2025-04-15 23:40:02,353 - INFO - 正在加载数据集 omi-12 的数据
2025-04-15 23:40:02,355 - INFO - 数据加载成功。训练集形状: (7291, 19), 测试集形状: (4320, 19)
2025-04-15 23:40:02,355 - INFO - 正在计算边缘统计量...
2025-04-15 23:40:03,906 - INFO - 已计算 133 条边的统计量
2025-04-15 23:40:03,906 - INFO - 为每个节点使用所有邻居
2025-04-15 23:40:03,906 - INFO - 可视化结果将保存到: ./visual/use_topkFalse\omi\value_times_range\omi-12
2025-04-15 23:40:03,907 - INFO - 在数据集中发现 5 个异常时间段
2025-04-15 23:40:03,907 - INFO - 
正在处理时间段 1/5: 740-813
2025-04-15 23:40:03,907 - INFO - 该时间段的真实异常节点: {1, 2, 6, 7, 8, 9, 10, 11, 12, 13, 14, 15, 16, 17, 18, 19}
2025-04-15 23:40:03,907 - INFO - 正在计算异常分数...
2025-04-15 23:40:03,945 - INFO - 检测到的异常节点: {1, 6, 7, 8, 9, 10, 11, 12, 13, 14, 15, 16, 17, 18, 19}
2025-04-15 23:40:03,945 - INFO - 正在为时间段 740-813 生成可视化
2025-04-15 23:40:03,945 - INFO - 正在为时间段 740-813 生成异常图可视化
2025-04-15 23:40:03,945 - DEBUG - 创建包含 19 个节点的图结构
2025-04-15 23:40:03,946 - DEBUG - 边统计: 正常边 168 条, 异常边 42 条
2025-04-15 23:40:03,946 - INFO - 时间段 740-813 的节点检测统计: 真阳性=15, 假阳性=0, 假阴性=1, 正常节点=3
2025-04-15 23:40:04,026 - DEBUG - 正在保存可视化结果到 ./visual/use_topkFalse\omi\value_times_range\omi-12\seg_0_740_813.png
2025-04-15 23:40:04,107 - INFO - 成功保存时间段 740-813 的可视化结果
2025-04-15 23:40:04,108 - INFO - 
正在处理时间段 2/5: 2486-2493
2025-04-15 23:40:04,108 - INFO - 该时间段的真实异常节点: {4, 5}
2025-04-15 23:40:04,108 - INFO - 正在计算异常分数...
2025-04-15 23:40:04,110 - INFO - 检测到的异常节点: {1, 4, 5, 7, 8, 9, 10, 14, 16, 17, 18}
2025-04-15 23:40:04,110 - INFO - 正在为时间段 2486-2493 生成可视化
2025-04-15 23:40:04,110 - INFO - 正在为时间段 2486-2493 生成异常图可视化
2025-04-15 23:40:04,111 - DEBUG - 创建包含 19 个节点的图结构
2025-04-15 23:40:04,113 - DEBUG - 边统计: 正常边 110 条, 异常边 96 条
2025-04-15 23:40:04,113 - INFO - 时间段 2486-2493 的节点检测统计: 真阳性=2, 假阳性=9, 假阴性=0, 正常节点=8
2025-04-15 23:40:04,197 - DEBUG - 正在保存可视化结果到 ./visual/use_topkFalse\omi\value_times_range\omi-12\seg_1_2486_2493.png
2025-04-15 23:40:04,271 - INFO - 成功保存时间段 2486-2493 的可视化结果
2025-04-15 23:40:04,271 - INFO - 
正在处理时间段 3/5: 2515-2525
2025-04-15 23:40:04,271 - INFO - 该时间段的真实异常节点: {1, 4, 5, 7, 8, 9, 17, 18}
2025-04-15 23:40:04,271 - INFO - 正在计算异常分数...
2025-04-15 23:40:04,277 - INFO - 检测到的异常节点: {1, 4, 5, 6, 7, 8, 9, 10, 11, 12, 13, 14, 15, 16, 17, 18, 19}
2025-04-15 23:40:04,277 - INFO - 正在为时间段 2515-2525 生成可视化
2025-04-15 23:40:04,277 - INFO - 正在为时间段 2515-2525 生成异常图可视化
2025-04-15 23:40:04,277 - DEBUG - 创建包含 19 个节点的图结构
2025-04-15 23:40:04,278 - DEBUG - 边统计: 正常边 126 条, 异常边 140 条
2025-04-15 23:40:04,278 - INFO - 时间段 2515-2525 的节点检测统计: 真阳性=8, 假阳性=9, 假阴性=0, 正常节点=2
2025-04-15 23:40:04,356 - DEBUG - 正在保存可视化结果到 ./visual/use_topkFalse\omi\value_times_range\omi-12\seg_2_2515_2525.png
2025-04-15 23:40:04,435 - INFO - 成功保存时间段 2515-2525 的可视化结果
2025-04-15 23:40:04,435 - INFO - 
正在处理时间段 4/5: 2721-2723
2025-04-15 23:40:04,435 - INFO - 该时间段的真实异常节点: {4}
2025-04-15 23:40:04,435 - INFO - 正在计算异常分数...
2025-04-15 23:40:04,435 - INFO - 检测到的异常节点: set()
2025-04-15 23:40:04,435 - INFO - 正在为时间段 2721-2723 生成可视化
2025-04-15 23:40:04,435 - INFO - 正在为时间段 2721-2723 生成异常图可视化
2025-04-15 23:40:04,435 - DEBUG - 创建包含 19 个节点的图结构
2025-04-15 23:40:04,436 - DEBUG - 边统计: 正常边 32 条, 异常边 56 条
2025-04-15 23:40:04,436 - INFO - 时间段 2721-2723 的节点检测统计: 真阳性=0, 假阳性=0, 假阴性=1, 正常节点=18
2025-04-15 23:40:04,514 - DEBUG - 正在保存可视化结果到 ./visual/use_topkFalse\omi\value_times_range\omi-12\seg_3_2721_2723.png
2025-04-15 23:40:04,599 - INFO - 成功保存时间段 2721-2723 的可视化结果
2025-04-15 23:40:04,599 - INFO - 
正在处理时间段 5/5: 3500-3535
2025-04-15 23:40:04,601 - INFO - 该时间段的真实异常节点: {5, 6, 7, 8, 11, 12, 13, 14, 15, 16, 17, 18, 19}
2025-04-15 23:40:04,601 - INFO - 正在计算异常分数...
2025-04-15 23:40:04,617 - INFO - 检测到的异常节点: {5, 6, 7, 8, 9, 10, 11, 12, 13, 14, 15, 16, 17, 18, 19}
2025-04-15 23:40:04,617 - INFO - 正在为时间段 3500-3535 生成可视化
2025-04-15 23:40:04,617 - INFO - 正在为时间段 3500-3535 生成异常图可视化
2025-04-15 23:40:04,617 - DEBUG - 创建包含 19 个节点的图结构
2025-04-15 23:40:04,618 - DEBUG - 边统计: 正常边 122 条, 异常边 88 条
2025-04-15 23:40:04,618 - INFO - 时间段 3500-3535 的节点检测统计: 真阳性=13, 假阳性=2, 假阴性=0, 正常节点=4
2025-04-15 23:40:04,697 - DEBUG - 正在保存可视化结果到 ./visual/use_topkFalse\omi\value_times_range\omi-12\seg_4_3500_3535.png
2025-04-15 23:40:04,772 - INFO - 成功保存时间段 3500-3535 的可视化结果
2025-04-15 23:40:04,772 - INFO - 正在从 ./visual/use_topkFalse\omi\value_times_range\omi-12 中的图像创建GIF
2025-04-15 23:40:04,903 - INFO - GIF已保存到 ./visual/use_topkFalse\omi\value_times_range\omi-12\omi-12.gif
2025-04-15 23:40:04,903 - INFO - 
==================================================
2025-04-15 23:40:04,903 - INFO - 开始数据集可视化: omi-2
2025-04-15 23:40:04,903 - INFO - 使用参数: 评分模式=value_times_range, top_k=None, 阈值=5.5
2025-04-15 23:40:04,903 - INFO - ==================================================

2025-04-15 23:40:04,904 - INFO - 正在加载数据集 omi-2 的数据
2025-04-15 23:40:04,904 - INFO - 数据加载成功。训练集形状: (8640, 19), 测试集形状: (4320, 19)
2025-04-15 23:40:04,904 - INFO - 正在计算边缘统计量...
2025-04-15 23:40:06,820 - INFO - 已计算 153 条边的统计量
2025-04-15 23:40:06,820 - INFO - 为每个节点使用所有邻居
2025-04-15 23:40:06,820 - INFO - 可视化结果将保存到: ./visual/use_topkFalse\omi\value_times_range\omi-2
2025-04-15 23:40:06,821 - INFO - 在数据集中发现 4 个异常时间段
2025-04-15 23:40:06,821 - INFO - 
正在处理时间段 1/4: 486-498
2025-04-15 23:40:06,821 - INFO - 该时间段的真实异常节点: {1, 4, 5}
2025-04-15 23:40:06,821 - INFO - 正在计算异常分数...
2025-04-15 23:40:06,830 - INFO - 检测到的异常节点: {1, 4, 5, 6, 7, 8, 9, 10, 11, 12, 13, 14, 15, 16, 17, 18, 19}
2025-04-15 23:40:06,830 - INFO - 正在为时间段 486-498 生成可视化
2025-04-15 23:40:06,830 - INFO - 正在为时间段 486-498 生成异常图可视化
2025-04-15 23:40:06,831 - DEBUG - 创建包含 19 个节点的图结构
2025-04-15 23:40:06,831 - DEBUG - 边统计: 正常边 168 条, 异常边 104 条
2025-04-15 23:40:06,831 - INFO - 时间段 486-498 的节点检测统计: 真阳性=3, 假阳性=14, 假阴性=0, 正常节点=2
2025-04-15 23:40:06,913 - DEBUG - 正在保存可视化结果到 ./visual/use_topkFalse\omi\value_times_range\omi-2\seg_0_486_498.png
2025-04-15 23:40:06,990 - INFO - 成功保存时间段 486-498 的可视化结果
2025-04-15 23:40:06,990 - INFO - 
正在处理时间段 2/4: 740-753
2025-04-15 23:40:06,990 - INFO - 该时间段的真实异常节点: {2}
2025-04-15 23:40:06,990 - INFO - 正在计算异常分数...
2025-04-15 23:40:06,997 - INFO - 检测到的异常节点: {2, 4, 5, 6, 7, 8, 9, 10, 11, 12, 13, 14, 15, 16, 17, 18, 19}
2025-04-15 23:40:06,997 - INFO - 正在为时间段 740-753 生成可视化
2025-04-15 23:40:06,997 - INFO - 正在为时间段 740-753 生成异常图可视化
2025-04-15 23:40:06,997 - DEBUG - 创建包含 19 个节点的图结构
2025-04-15 23:40:06,998 - DEBUG - 边统计: 正常边 184 条, 异常边 88 条
2025-04-15 23:40:06,998 - INFO - 时间段 740-753 的节点检测统计: 真阳性=1, 假阳性=16, 假阴性=0, 正常节点=2
2025-04-15 23:40:07,083 - DEBUG - 正在保存可视化结果到 ./visual/use_topkFalse\omi\value_times_range\omi-2\seg_1_740_753.png
2025-04-15 23:40:07,168 - INFO - 成功保存时间段 740-753 的可视化结果
2025-04-15 23:40:07,169 - INFO - 
正在处理时间段 3/4: 766-783
2025-04-15 23:40:07,169 - INFO - 该时间段的真实异常节点: {1, 5, 6, 7, 8, 9, 10, 11, 12, 13, 14, 15, 16, 17, 18, 19}
2025-04-15 23:40:07,169 - INFO - 正在计算异常分数...
2025-04-15 23:40:07,176 - INFO - 检测到的异常节点: {1, 4, 5, 6, 7, 8, 9, 10, 11, 12, 13, 14, 15, 16, 17, 18, 19}
2025-04-15 23:40:07,176 - INFO - 正在为时间段 766-783 生成可视化
2025-04-15 23:40:07,176 - INFO - 正在为时间段 766-783 生成异常图可视化
2025-04-15 23:40:07,176 - DEBUG - 创建包含 19 个节点的图结构
2025-04-15 23:40:07,177 - DEBUG - 边统计: 正常边 242 条, 异常边 30 条
2025-04-15 23:40:07,177 - INFO - 时间段 766-783 的节点检测统计: 真阳性=16, 假阳性=1, 假阴性=0, 正常节点=2
2025-04-15 23:40:07,255 - DEBUG - 正在保存可视化结果到 ./visual/use_topkFalse\omi\value_times_range\omi-2\seg_2_766_783.png
2025-04-15 23:40:07,331 - INFO - 成功保存时间段 766-783 的可视化结果
2025-04-15 23:40:07,331 - INFO - 
正在处理时间段 4/4: 1436-1445
2025-04-15 23:40:07,331 - INFO - 该时间段的真实异常节点: {7, 9, 10, 11, 12, 13, 14, 15, 16, 17, 18}
2025-04-15 23:40:07,331 - INFO - 正在计算异常分数...
2025-04-15 23:40:07,336 - INFO - 检测到的异常节点: {1, 4, 5, 6, 7, 8, 9, 10, 11, 12, 13, 14, 15, 16, 17, 18, 19}
2025-04-15 23:40:07,336 - INFO - 正在为时间段 1436-1445 生成可视化
2025-04-15 23:40:07,336 - INFO - 正在为时间段 1436-1445 生成异常图可视化
2025-04-15 23:40:07,336 - DEBUG - 创建包含 19 个节点的图结构
2025-04-15 23:40:07,337 - DEBUG - 边统计: 正常边 124 条, 异常边 148 条
2025-04-15 23:40:07,337 - INFO - 时间段 1436-1445 的节点检测统计: 真阳性=11, 假阳性=6, 假阴性=0, 正常节点=2
2025-04-15 23:40:07,472 - DEBUG - 正在保存可视化结果到 ./visual/use_topkFalse\omi\value_times_range\omi-2\seg_3_1436_1445.png
2025-04-15 23:40:07,555 - INFO - 成功保存时间段 1436-1445 的可视化结果
2025-04-15 23:40:07,555 - INFO - 正在从 ./visual/use_topkFalse\omi\value_times_range\omi-2 中的图像创建GIF
2025-04-15 23:40:07,655 - INFO - GIF已保存到 ./visual/use_topkFalse\omi\value_times_range\omi-2\omi-2.gif
2025-04-15 23:40:07,655 - INFO - 
==================================================
2025-04-15 23:40:07,655 - INFO - 开始数据集可视化: omi-3
2025-04-15 23:40:07,656 - INFO - 使用参数: 评分模式=value_times_range, top_k=None, 阈值=7.0
2025-04-15 23:40:07,656 - INFO - ==================================================

2025-04-15 23:40:07,656 - INFO - 正在加载数据集 omi-3 的数据
2025-04-15 23:40:07,657 - INFO - 数据加载成功。训练集形状: (8640, 19), 测试集形状: (4320, 19)
2025-04-15 23:40:07,657 - INFO - 正在计算边缘统计量...
2025-04-15 23:40:09,558 - INFO - 已计算 136 条边的统计量
2025-04-15 23:40:09,559 - INFO - 为每个节点使用所有邻居
2025-04-15 23:40:09,559 - INFO - 可视化结果将保存到: ./visual/use_topkFalse\omi\value_times_range\omi-3
2025-04-15 23:40:09,559 - INFO - 在数据集中发现 6 个异常时间段
2025-04-15 23:40:09,560 - INFO - 
正在处理时间段 1/6: 760-820
2025-04-15 23:40:09,560 - INFO - 该时间段的真实异常节点: {1, 4, 6, 7, 8, 9, 10, 11, 12, 13, 14, 15, 16, 17, 18, 19}
2025-04-15 23:40:09,560 - INFO - 正在计算异常分数...
2025-04-15 23:40:09,594 - INFO - 检测到的异常节点: {1, 4, 5, 6, 7, 8, 9, 10, 11, 12, 13, 14, 15, 16, 17, 18, 19}
2025-04-15 23:40:09,594 - INFO - 正在为时间段 760-820 生成可视化
2025-04-15 23:40:09,594 - INFO - 正在为时间段 760-820 生成异常图可视化
2025-04-15 23:40:09,594 - DEBUG - 创建包含 19 个节点的图结构
2025-04-15 23:40:09,594 - DEBUG - 边统计: 正常边 192 条, 异常边 80 条
2025-04-15 23:40:09,594 - INFO - 时间段 760-820 的节点检测统计: 真阳性=16, 假阳性=1, 假阴性=0, 正常节点=2
2025-04-15 23:40:09,675 - DEBUG - 正在保存可视化结果到 ./visual/use_topkFalse\omi\value_times_range\omi-3\seg_0_760_820.png
2025-04-15 23:40:09,753 - INFO - 成功保存时间段 760-820 的可视化结果
2025-04-15 23:40:09,753 - INFO - 
正在处理时间段 2/6: 842-860
2025-04-15 23:40:09,753 - INFO - 该时间段的真实异常节点: {7, 8, 9, 10, 11, 12, 13, 14, 15, 16, 17, 18, 19}
2025-04-15 23:40:09,753 - INFO - 正在计算异常分数...
2025-04-15 23:40:09,762 - INFO - 检测到的异常节点: {4, 5, 6, 7, 8, 9, 10, 11, 12, 13, 14, 15, 16, 17, 18, 19}
2025-04-15 23:40:09,762 - INFO - 正在为时间段 842-860 生成可视化
2025-04-15 23:40:09,762 - INFO - 正在为时间段 842-860 生成异常图可视化
2025-04-15 23:40:09,762 - DEBUG - 创建包含 19 个节点的图结构
2025-04-15 23:40:09,763 - DEBUG - 边统计: 正常边 194 条, 异常边 46 条
2025-04-15 23:40:09,763 - INFO - 时间段 842-860 的节点检测统计: 真阳性=13, 假阳性=3, 假阴性=0, 正常节点=3
2025-04-15 23:40:09,843 - DEBUG - 正在保存可视化结果到 ./visual/use_topkFalse\omi\value_times_range\omi-3\seg_1_842_860.png
2025-04-15 23:40:09,926 - INFO - 成功保存时间段 842-860 的可视化结果
2025-04-15 23:40:09,926 - INFO - 
正在处理时间段 3/6: 1080-1120
2025-04-15 23:40:09,926 - INFO - 该时间段的真实异常节点: {7, 9, 10, 11, 12, 13, 14, 15, 16, 17, 18}
2025-04-15 23:40:09,926 - INFO - 正在计算异常分数...
2025-04-15 23:40:09,951 - INFO - 检测到的异常节点: {1, 4, 5, 6, 7, 8, 9, 10, 11, 12, 13, 14, 15, 16, 17, 18, 19}
2025-04-15 23:40:09,951 - INFO - 正在为时间段 1080-1120 生成可视化
2025-04-15 23:40:09,951 - INFO - 正在为时间段 1080-1120 生成异常图可视化
2025-04-15 23:40:09,951 - DEBUG - 创建包含 19 个节点的图结构
2025-04-15 23:40:09,952 - DEBUG - 边统计: 正常边 202 条, 异常边 70 条
2025-04-15 23:40:09,952 - INFO - 时间段 1080-1120 的节点检测统计: 真阳性=11, 假阳性=6, 假阴性=0, 正常节点=2
2025-04-15 23:40:10,037 - DEBUG - 正在保存可视化结果到 ./visual/use_topkFalse\omi\value_times_range\omi-3\seg_2_1080_1120.png
2025-04-15 23:40:10,114 - INFO - 成功保存时间段 1080-1120 的可视化结果
2025-04-15 23:40:10,114 - INFO - 
正在处理时间段 4/6: 2188-2201
2025-04-15 23:40:10,114 - INFO - 该时间段的真实异常节点: {7, 9, 10, 11, 12, 13, 14, 15, 16, 17, 18, 19}
2025-04-15 23:40:10,114 - INFO - 正在计算异常分数...
2025-04-15 23:40:10,122 - INFO - 检测到的异常节点: {1, 4, 6, 7, 8, 9, 10, 11, 12, 13, 14, 15, 16, 17, 18, 19}
2025-04-15 23:40:10,122 - INFO - 正在为时间段 2188-2201 生成可视化
2025-04-15 23:40:10,122 - INFO - 正在为时间段 2188-2201 生成异常图可视化
2025-04-15 23:40:10,122 - DEBUG - 创建包含 19 个节点的图结构
2025-04-15 23:40:10,123 - DEBUG - 边统计: 正常边 196 条, 异常边 76 条
2025-04-15 23:40:10,123 - INFO - 时间段 2188-2201 的节点检测统计: 真阳性=12, 假阳性=4, 假阴性=0, 正常节点=3
2025-04-15 23:40:10,209 - DEBUG - 正在保存可视化结果到 ./visual/use_topkFalse\omi\value_times_range\omi-3\seg_3_2188_2201.png
2025-04-15 23:40:10,295 - INFO - 成功保存时间段 2188-2201 的可视化结果
2025-04-15 23:40:10,296 - INFO - 
正在处理时间段 5/6: 2497-2500
2025-04-15 23:40:10,296 - INFO - 该时间段的真实异常节点: {6, 7, 9, 10, 11, 12, 13, 14, 15, 16, 17, 18, 19}
2025-04-15 23:40:10,296 - INFO - 正在计算异常分数...
2025-04-15 23:40:10,296 - INFO - 检测到的异常节点: set()
2025-04-15 23:40:10,296 - INFO - 正在为时间段 2497-2500 生成可视化
2025-04-15 23:40:10,296 - INFO - 正在为时间段 2497-2500 生成异常图可视化
2025-04-15 23:40:10,296 - DEBUG - 创建包含 19 个节点的图结构
2025-04-15 23:40:10,297 - DEBUG - 边统计: 正常边 178 条, 异常边 32 条
2025-04-15 23:40:10,297 - INFO - 时间段 2497-2500 的节点检测统计: 真阳性=0, 假阳性=0, 假阴性=13, 正常节点=6
2025-04-15 23:40:10,379 - DEBUG - 正在保存可视化结果到 ./visual/use_topkFalse\omi\value_times_range\omi-3\seg_4_2497_2500.png
2025-04-15 23:40:10,468 - INFO - 成功保存时间段 2497-2500 的可视化结果
2025-04-15 23:40:10,468 - INFO - 
正在处理时间段 6/6: 3428-3434
2025-04-15 23:40:10,469 - INFO - 该时间段的真实异常节点: {7, 8, 9, 10, 11, 12, 13, 14, 15, 16, 17, 18, 19}
2025-04-15 23:40:10,469 - INFO - 正在计算异常分数...
2025-04-15 23:40:10,472 - INFO - 检测到的异常节点: {1, 4, 7, 8, 9, 10, 11, 12, 13, 14, 15, 16, 18, 19}
2025-04-15 23:40:10,472 - INFO - 正在为时间段 3428-3434 生成可视化
2025-04-15 23:40:10,472 - INFO - 正在为时间段 3428-3434 生成异常图可视化
2025-04-15 23:40:10,472 - DEBUG - 创建包含 19 个节点的图结构
2025-04-15 23:40:10,473 - DEBUG - 边统计: 正常边 230 条, 异常边 42 条
2025-04-15 23:40:10,473 - INFO - 时间段 3428-3434 的节点检测统计: 真阳性=12, 假阳性=2, 假阴性=1, 正常节点=4
2025-04-15 23:40:10,559 - DEBUG - 正在保存可视化结果到 ./visual/use_topkFalse\omi\value_times_range\omi-3\seg_5_3428_3434.png
2025-04-15 23:40:10,637 - INFO - 成功保存时间段 3428-3434 的可视化结果
2025-04-15 23:40:10,637 - INFO - 正在从 ./visual/use_topkFalse\omi\value_times_range\omi-3 中的图像创建GIF
2025-04-15 23:40:10,797 - INFO - GIF已保存到 ./visual/use_topkFalse\omi\value_times_range\omi-3\omi-3.gif
2025-04-15 23:40:10,798 - INFO - 
==================================================
2025-04-15 23:40:10,798 - INFO - 开始数据集可视化: omi-4
2025-04-15 23:40:10,798 - INFO - 使用参数: 评分模式=value_times_range, top_k=None, 阈值=6.5
2025-04-15 23:40:10,798 - INFO - ==================================================

2025-04-15 23:40:10,798 - INFO - 正在加载数据集 omi-4 的数据
2025-04-15 23:40:10,800 - INFO - 数据加载成功。训练集形状: (8640, 19), 测试集形状: (4320, 19)
2025-04-15 23:40:10,800 - INFO - 正在计算边缘统计量...
2025-04-15 23:40:12,738 - INFO - 已计算 136 条边的统计量
2025-04-15 23:40:12,739 - INFO - 为每个节点使用所有邻居
2025-04-15 23:40:12,744 - INFO - 可视化结果将保存到: ./visual/use_topkFalse\omi\value_times_range\omi-4
2025-04-15 23:40:12,745 - INFO - 在数据集中发现 5 个异常时间段
2025-04-15 23:40:12,745 - INFO - 
正在处理时间段 1/5: 727-782
2025-04-15 23:40:12,745 - INFO - 该时间段的真实异常节点: {1, 2, 6, 7, 8, 9, 10, 11, 12, 13, 14, 15, 16, 17, 18, 19}
2025-04-15 23:40:12,745 - INFO - 正在计算异常分数...
2025-04-15 23:40:12,778 - INFO - 检测到的异常节点: {1, 4, 5, 6, 7, 8, 9, 10, 11, 12, 13, 14, 15, 16, 17, 18, 19}
2025-04-15 23:40:12,779 - INFO - 正在为时间段 727-782 生成可视化
2025-04-15 23:40:12,779 - INFO - 正在为时间段 727-782 生成异常图可视化
2025-04-15 23:40:12,779 - DEBUG - 创建包含 19 个节点的图结构
2025-04-15 23:40:12,779 - DEBUG - 边统计: 正常边 236 条, 异常边 36 条
2025-04-15 23:40:12,779 - INFO - 时间段 727-782 的节点检测统计: 真阳性=15, 假阳性=2, 假阴性=1, 正常节点=1
2025-04-15 23:40:12,859 - DEBUG - 正在保存可视化结果到 ./visual/use_topkFalse\omi\value_times_range\omi-4\seg_0_727_782.png
2025-04-15 23:40:12,941 - INFO - 成功保存时间段 727-782 的可视化结果
2025-04-15 23:40:12,941 - INFO - 
正在处理时间段 2/5: 843-857
2025-04-15 23:40:12,941 - INFO - 该时间段的真实异常节点: {6, 7, 8, 9, 10, 11, 12, 13, 14, 15, 16, 17, 18, 19}
2025-04-15 23:40:12,941 - INFO - 正在计算异常分数...
2025-04-15 23:40:12,949 - INFO - 检测到的异常节点: {4, 5, 6, 7, 8, 9, 10, 11, 12, 13, 14, 15, 16, 17, 18, 19}
2025-04-15 23:40:12,949 - INFO - 正在为时间段 843-857 生成可视化
2025-04-15 23:40:12,949 - INFO - 正在为时间段 843-857 生成异常图可视化
2025-04-15 23:40:12,949 - DEBUG - 创建包含 19 个节点的图结构
2025-04-15 23:40:12,949 - DEBUG - 边统计: 正常边 166 条, 异常边 74 条
2025-04-15 23:40:12,950 - INFO - 时间段 843-857 的节点检测统计: 真阳性=14, 假阳性=2, 假阴性=0, 正常节点=3
2025-04-15 23:40:13,027 - DEBUG - 正在保存可视化结果到 ./visual/use_topkFalse\omi\value_times_range\omi-4\seg_1_843_857.png
2025-04-15 23:40:13,105 - INFO - 成功保存时间段 843-857 的可视化结果
2025-04-15 23:40:13,106 - INFO - 
正在处理时间段 3/5: 2178-2238
2025-04-15 23:40:13,106 - INFO - 该时间段的真实异常节点: {8, 9, 10, 11, 12, 13, 14, 15, 16, 17, 18, 19}
2025-04-15 23:40:13,106 - INFO - 正在计算异常分数...
2025-04-15 23:40:13,139 - INFO - 检测到的异常节点: {1, 4, 5, 6, 7, 8, 9, 10, 11, 12, 13, 14, 15, 16, 17, 18, 19}
2025-04-15 23:40:13,139 - INFO - 正在为时间段 2178-2238 生成可视化
2025-04-15 23:40:13,139 - INFO - 正在为时间段 2178-2238 生成异常图可视化
2025-04-15 23:40:13,139 - DEBUG - 创建包含 19 个节点的图结构
2025-04-15 23:40:13,140 - DEBUG - 边统计: 正常边 188 条, 异常边 84 条
2025-04-15 23:40:13,140 - INFO - 时间段 2178-2238 的节点检测统计: 真阳性=12, 假阳性=5, 假阴性=0, 正常节点=2
2025-04-15 23:40:13,226 - DEBUG - 正在保存可视化结果到 ./visual/use_topkFalse\omi\value_times_range\omi-4\seg_2_2178_2238.png
2025-04-15 23:40:13,313 - INFO - 成功保存时间段 2178-2238 的可视化结果
2025-04-15 23:40:13,313 - INFO - 
正在处理时间段 4/5: 2494-2501
2025-04-15 23:40:13,314 - INFO - 该时间段的真实异常节点: {7, 9, 10, 11, 12, 13, 14, 15, 16, 17, 18, 19}
2025-04-15 23:40:13,314 - INFO - 正在计算异常分数...
2025-04-15 23:40:13,316 - INFO - 检测到的异常节点: {5, 6, 7, 9, 10, 11, 12, 13, 14, 15, 16, 17, 18, 19}
2025-04-15 23:40:13,316 - INFO - 正在为时间段 2494-2501 生成可视化
2025-04-15 23:40:13,316 - INFO - 正在为时间段 2494-2501 生成异常图可视化
2025-04-15 23:40:13,316 - DEBUG - 创建包含 19 个节点的图结构
2025-04-15 23:40:13,317 - DEBUG - 边统计: 正常边 170 条, 异常边 70 条
2025-04-15 23:40:13,317 - INFO - 时间段 2494-2501 的节点检测统计: 真阳性=12, 假阳性=2, 假阴性=0, 正常节点=5
2025-04-15 23:40:13,398 - DEBUG - 正在保存可视化结果到 ./visual/use_topkFalse\omi\value_times_range\omi-4\seg_3_2494_2501.png
2025-04-15 23:40:13,478 - INFO - 成功保存时间段 2494-2501 的可视化结果
2025-04-15 23:40:13,478 - INFO - 
正在处理时间段 5/5: 3425-3435
2025-04-15 23:40:13,478 - INFO - 该时间段的真实异常节点: {7, 8, 9, 10, 11, 12, 13, 14, 15, 16, 17, 18, 19}
2025-04-15 23:40:13,478 - INFO - 正在计算异常分数...
2025-04-15 23:40:13,483 - INFO - 检测到的异常节点: {1, 4, 5, 6, 7, 8, 9, 10, 11, 12, 13, 14, 15, 16, 17, 18, 19}
2025-04-15 23:40:13,483 - INFO - 正在为时间段 3425-3435 生成可视化
2025-04-15 23:40:13,483 - INFO - 正在为时间段 3425-3435 生成异常图可视化
2025-04-15 23:40:13,484 - DEBUG - 创建包含 19 个节点的图结构
2025-04-15 23:40:13,484 - DEBUG - 边统计: 正常边 130 条, 异常边 142 条
2025-04-15 23:40:13,484 - INFO - 时间段 3425-3435 的节点检测统计: 真阳性=13, 假阳性=4, 假阴性=0, 正常节点=2
2025-04-15 23:40:13,567 - DEBUG - 正在保存可视化结果到 ./visual/use_topkFalse\omi\value_times_range\omi-4\seg_4_3425_3435.png
2025-04-15 23:40:13,647 - INFO - 成功保存时间段 3425-3435 的可视化结果
2025-04-15 23:40:13,647 - INFO - 正在从 ./visual/use_topkFalse\omi\value_times_range\omi-4 中的图像创建GIF
2025-04-15 23:40:13,785 - INFO - GIF已保存到 ./visual/use_topkFalse\omi\value_times_range\omi-4\omi-4.gif
2025-04-15 23:40:13,786 - INFO - 
==================================================
2025-04-15 23:40:13,786 - INFO - 开始数据集可视化: omi-5
2025-04-15 23:40:13,786 - INFO - 使用参数: 评分模式=value_times_range, top_k=None, 阈值=5.5
2025-04-15 23:40:13,786 - INFO - ==================================================

2025-04-15 23:40:13,786 - INFO - 正在加载数据集 omi-5 的数据
2025-04-15 23:40:13,787 - INFO - 数据加载成功。训练集形状: (8640, 19), 测试集形状: (4320, 19)
2025-04-15 23:40:13,787 - INFO - 正在计算边缘统计量...
2025-04-15 23:40:15,838 - INFO - 已计算 153 条边的统计量
2025-04-15 23:40:15,838 - INFO - 为每个节点使用所有邻居
2025-04-15 23:40:15,839 - INFO - 可视化结果将保存到: ./visual/use_topkFalse\omi\value_times_range\omi-5
2025-04-15 23:40:15,840 - INFO - 在数据集中发现 6 个异常时间段
2025-04-15 23:40:15,840 - INFO - 
正在处理时间段 1/6: 765-781
2025-04-15 23:40:15,840 - INFO - 该时间段的真实异常节点: {6, 7, 8, 9, 10, 11, 12, 13, 14, 15, 16, 17, 18, 19}
2025-04-15 23:40:15,840 - INFO - 正在计算异常分数...
2025-04-15 23:40:15,848 - INFO - 检测到的异常节点: {1, 2, 4, 5, 6, 7, 8, 9, 10, 11, 12, 13, 14, 15, 16, 17, 18, 19}
2025-04-15 23:40:15,848 - INFO - 正在为时间段 765-781 生成可视化
2025-04-15 23:40:15,848 - INFO - 正在为时间段 765-781 生成异常图可视化
2025-04-15 23:40:15,848 - DEBUG - 创建包含 19 个节点的图结构
2025-04-15 23:40:15,849 - DEBUG - 边统计: 正常边 220 条, 异常边 86 条
2025-04-15 23:40:15,849 - INFO - 时间段 765-781 的节点检测统计: 真阳性=14, 假阳性=4, 假阴性=0, 正常节点=1
2025-04-15 23:40:15,982 - DEBUG - 正在保存可视化结果到 ./visual/use_topkFalse\omi\value_times_range\omi-5\seg_0_765_781.png
2025-04-15 23:40:16,060 - INFO - 成功保存时间段 765-781 的可视化结果
2025-04-15 23:40:16,060 - INFO - 
正在处理时间段 2/6: 1589-1617
2025-04-15 23:40:16,060 - INFO - 该时间段的真实异常节点: {17, 2, 4}
2025-04-15 23:40:16,060 - INFO - 正在计算异常分数...
2025-04-15 23:40:16,080 - INFO - 检测到的异常节点: {1, 2, 4, 5, 6, 7, 8, 9, 10, 11, 12, 13, 14, 15, 16, 17, 18, 19}
2025-04-15 23:40:16,080 - INFO - 正在为时间段 1589-1617 生成可视化
2025-04-15 23:40:16,080 - INFO - 正在为时间段 1589-1617 生成异常图可视化
2025-04-15 23:40:16,080 - DEBUG - 创建包含 19 个节点的图结构
2025-04-15 23:40:16,080 - DEBUG - 边统计: 正常边 166 条, 异常边 140 条
2025-04-15 23:40:16,080 - INFO - 时间段 1589-1617 的节点检测统计: 真阳性=3, 假阳性=15, 假阴性=0, 正常节点=1
2025-04-15 23:40:16,161 - DEBUG - 正在保存可视化结果到 ./visual/use_topkFalse\omi\value_times_range\omi-5\seg_1_1589_1617.png
2025-04-15 23:40:16,237 - INFO - 成功保存时间段 1589-1617 的可视化结果
2025-04-15 23:40:16,238 - INFO - 
正在处理时间段 3/6: 2440-2446
2025-04-15 23:40:16,238 - INFO - 该时间段的真实异常节点: {8, 11, 12, 13, 14, 15, 16, 17, 18, 19}
2025-04-15 23:40:16,238 - INFO - 正在计算异常分数...
2025-04-15 23:40:16,240 - INFO - 检测到的异常节点: {1, 4, 5, 6, 7, 8, 9, 10, 11, 12, 13, 14, 15, 16, 17, 18, 19}
2025-04-15 23:40:16,240 - INFO - 正在为时间段 2440-2446 生成可视化
2025-04-15 23:40:16,241 - INFO - 正在为时间段 2440-2446 生成异常图可视化
2025-04-15 23:40:16,241 - DEBUG - 创建包含 19 个节点的图结构
2025-04-15 23:40:16,242 - DEBUG - 边统计: 正常边 146 条, 异常边 160 条
2025-04-15 23:40:16,242 - INFO - 时间段 2440-2446 的节点检测统计: 真阳性=10, 假阳性=7, 假阴性=0, 正常节点=2
2025-04-15 23:40:16,322 - DEBUG - 正在保存可视化结果到 ./visual/use_topkFalse\omi\value_times_range\omi-5\seg_2_2440_2446.png
2025-04-15 23:40:16,398 - INFO - 成功保存时间段 2440-2446 的可视化结果
2025-04-15 23:40:16,400 - INFO - 
正在处理时间段 4/6: 3356-3363
2025-04-15 23:40:16,400 - INFO - 该时间段的真实异常节点: {17, 5, 6}
2025-04-15 23:40:16,400 - INFO - 正在计算异常分数...
2025-04-15 23:40:16,403 - INFO - 检测到的异常节点: {1, 2, 4, 5, 6, 7, 8, 9, 10, 11, 12, 13, 14, 15, 16, 17, 18, 19}
2025-04-15 23:40:16,403 - INFO - 正在为时间段 3356-3363 生成可视化
2025-04-15 23:40:16,403 - INFO - 正在为时间段 3356-3363 生成异常图可视化
2025-04-15 23:40:16,403 - DEBUG - 创建包含 19 个节点的图结构
2025-04-15 23:40:16,404 - DEBUG - 边统计: 正常边 164 条, 异常边 142 条
2025-04-15 23:40:16,404 - INFO - 时间段 3356-3363 的节点检测统计: 真阳性=3, 假阳性=15, 假阴性=0, 正常节点=1
2025-04-15 23:40:16,482 - DEBUG - 正在保存可视化结果到 ./visual/use_topkFalse\omi\value_times_range\omi-5\seg_3_3356_3363.png
2025-04-15 23:40:16,556 - INFO - 成功保存时间段 3356-3363 的可视化结果
2025-04-15 23:40:16,556 - INFO - 
正在处理时间段 5/6: 3416-3423
2025-04-15 23:40:16,556 - INFO - 该时间段的真实异常节点: {4, 5, 7, 9, 10, 11, 12, 13, 14, 15, 16, 17, 18, 19}
2025-04-15 23:40:16,556 - INFO - 正在计算异常分数...
2025-04-15 23:40:16,559 - INFO - 检测到的异常节点: {1, 2, 4, 5, 6, 7, 8, 9, 10, 11, 12, 13, 14, 15, 16, 17, 18, 19}
2025-04-15 23:40:16,559 - INFO - 正在为时间段 3416-3423 生成可视化
2025-04-15 23:40:16,559 - INFO - 正在为时间段 3416-3423 生成异常图可视化
2025-04-15 23:40:16,559 - DEBUG - 创建包含 19 个节点的图结构
2025-04-15 23:40:16,560 - DEBUG - 边统计: 正常边 220 条, 异常边 86 条
2025-04-15 23:40:16,560 - INFO - 时间段 3416-3423 的节点检测统计: 真阳性=14, 假阳性=4, 假阴性=0, 正常节点=1
2025-04-15 23:40:16,642 - DEBUG - 正在保存可视化结果到 ./visual/use_topkFalse\omi\value_times_range\omi-5\seg_4_3416_3423.png
2025-04-15 23:40:16,729 - INFO - 成功保存时间段 3416-3423 的可视化结果
2025-04-15 23:40:16,729 - INFO - 
正在处理时间段 6/6: 3590-3594
2025-04-15 23:40:16,729 - INFO - 该时间段的真实异常节点: {1, 8, 17, 18, 19}
2025-04-15 23:40:16,729 - INFO - 正在计算异常分数...
2025-04-15 23:40:16,730 - INFO - 检测到的异常节点: {4, 6, 7, 8, 9, 16, 17, 18}
2025-04-15 23:40:16,730 - INFO - 正在为时间段 3590-3594 生成可视化
2025-04-15 23:40:16,730 - INFO - 正在为时间段 3590-3594 生成异常图可视化
2025-04-15 23:40:16,730 - DEBUG - 创建包含 19 个节点的图结构
2025-04-15 23:40:16,732 - DEBUG - 边统计: 正常边 162 条, 异常边 144 条
2025-04-15 23:40:16,732 - INFO - 时间段 3590-3594 的节点检测统计: 真阳性=3, 假阳性=5, 假阴性=2, 正常节点=9
2025-04-15 23:40:16,813 - DEBUG - 正在保存可视化结果到 ./visual/use_topkFalse\omi\value_times_range\omi-5\seg_5_3590_3594.png
2025-04-15 23:40:16,895 - INFO - 成功保存时间段 3590-3594 的可视化结果
2025-04-15 23:40:16,895 - INFO - 正在从 ./visual/use_topkFalse\omi\value_times_range\omi-5 中的图像创建GIF
2025-04-15 23:40:17,060 - INFO - GIF已保存到 ./visual/use_topkFalse\omi\value_times_range\omi-5\omi-5.gif
2025-04-15 23:40:17,060 - INFO - 
==================================================
2025-04-15 23:40:17,060 - INFO - 开始数据集可视化: omi-6
2025-04-15 23:40:17,060 - INFO - 使用参数: 评分模式=value_times_range, top_k=None, 阈值=7.0
2025-04-15 23:40:17,060 - INFO - ==================================================

2025-04-15 23:40:17,061 - INFO - 正在加载数据集 omi-6 的数据
2025-04-15 23:40:17,061 - INFO - 数据加载成功。训练集形状: (8640, 19), 测试集形状: (4320, 19)
2025-04-15 23:40:17,061 - INFO - 正在计算边缘统计量...
2025-04-15 23:40:18,997 - INFO - 已计算 153 条边的统计量
2025-04-15 23:40:18,997 - INFO - 为每个节点使用所有邻居
2025-04-15 23:40:18,998 - INFO - 可视化结果将保存到: ./visual/use_topkFalse\omi\value_times_range\omi-6
2025-04-15 23:40:18,998 - INFO - 在数据集中发现 10 个异常时间段
2025-04-15 23:40:18,998 - INFO - 
正在处理时间段 1/10: 357-392
2025-04-15 23:40:18,998 - INFO - 该时间段的真实异常节点: {19, 4}
2025-04-15 23:40:18,999 - INFO - 正在计算异常分数...
2025-04-15 23:40:19,020 - INFO - 检测到的异常节点: {1, 4, 5, 6, 7, 8, 9, 10, 11, 12, 13, 14, 15, 16, 17, 18, 19}
2025-04-15 23:40:19,020 - INFO - 正在为时间段 357-392 生成可视化
2025-04-15 23:40:19,020 - INFO - 正在为时间段 357-392 生成异常图可视化
2025-04-15 23:40:19,020 - DEBUG - 创建包含 19 个节点的图结构
2025-04-15 23:40:19,022 - DEBUG - 边统计: 正常边 188 条, 异常边 84 条
2025-04-15 23:40:19,023 - INFO - 时间段 357-392 的节点检测统计: 真阳性=2, 假阳性=15, 假阴性=0, 正常节点=2
2025-04-15 23:40:19,109 - DEBUG - 正在保存可视化结果到 ./visual/use_topkFalse\omi\value_times_range\omi-6\seg_0_357_392.png
2025-04-15 23:40:19,199 - INFO - 成功保存时间段 357-392 的可视化结果
2025-04-15 23:40:19,199 - INFO - 
正在处理时间段 2/10: 750-788
2025-04-15 23:40:19,200 - INFO - 该时间段的真实异常节点: {2, 6, 7, 8, 9, 10, 11, 12, 13, 14, 15, 16, 17, 18, 19}
2025-04-15 23:40:19,200 - INFO - 正在计算异常分数...
2025-04-15 23:40:19,221 - INFO - 检测到的异常节点: {1, 4, 5, 6, 7, 8, 9, 10, 11, 12, 13, 14, 15, 16, 17, 18, 19}
2025-04-15 23:40:19,221 - INFO - 正在为时间段 750-788 生成可视化
2025-04-15 23:40:19,221 - INFO - 正在为时间段 750-788 生成异常图可视化
2025-04-15 23:40:19,222 - DEBUG - 创建包含 19 个节点的图结构
2025-04-15 23:40:19,223 - DEBUG - 边统计: 正常边 230 条, 异常边 42 条
2025-04-15 23:40:19,223 - INFO - 时间段 750-788 的节点检测统计: 真阳性=14, 假阳性=3, 假阴性=1, 正常节点=1
2025-04-15 23:40:19,307 - DEBUG - 正在保存可视化结果到 ./visual/use_topkFalse\omi\value_times_range\omi-6\seg_1_750_788.png
2025-04-15 23:40:19,395 - INFO - 成功保存时间段 750-788 的可视化结果
2025-04-15 23:40:19,396 - INFO - 
正在处理时间段 3/10: 1278-1293
2025-04-15 23:40:19,396 - INFO - 该时间段的真实异常节点: {4, 5, 6, 8, 17}
2025-04-15 23:40:19,396 - INFO - 正在计算异常分数...
2025-04-15 23:40:19,404 - INFO - 检测到的异常节点: {1, 4, 5, 6, 7, 8, 9, 10, 11, 12, 13, 14, 15, 16, 17, 18, 19}
2025-04-15 23:40:19,405 - INFO - 正在为时间段 1278-1293 生成可视化
2025-04-15 23:40:19,405 - INFO - 正在为时间段 1278-1293 生成异常图可视化
2025-04-15 23:40:19,405 - DEBUG - 创建包含 19 个节点的图结构
2025-04-15 23:40:19,405 - DEBUG - 边统计: 正常边 178 条, 异常边 94 条
2025-04-15 23:40:19,405 - INFO - 时间段 1278-1293 的节点检测统计: 真阳性=5, 假阳性=12, 假阴性=0, 正常节点=2
2025-04-15 23:40:19,490 - DEBUG - 正在保存可视化结果到 ./visual/use_topkFalse\omi\value_times_range\omi-6\seg_2_1278_1293.png
2025-04-15 23:40:19,574 - INFO - 成功保存时间段 1278-1293 的可视化结果
2025-04-15 23:40:19,574 - INFO - 
正在处理时间段 4/10: 1590-1615
2025-04-15 23:40:19,574 - INFO - 该时间段的真实异常节点: {1, 18, 9}
2025-04-15 23:40:19,574 - INFO - 正在计算异常分数...
2025-04-15 23:40:19,590 - INFO - 检测到的异常节点: {1, 4, 5, 6, 7, 8, 9, 10, 11, 12, 13, 14, 15, 16, 17, 18, 19}
2025-04-15 23:40:19,590 - INFO - 正在为时间段 1590-1615 生成可视化
2025-04-15 23:40:19,590 - INFO - 正在为时间段 1590-1615 生成异常图可视化
2025-04-15 23:40:19,590 - DEBUG - 创建包含 19 个节点的图结构
2025-04-15 23:40:19,592 - DEBUG - 边统计: 正常边 202 条, 异常边 70 条
2025-04-15 23:40:19,592 - INFO - 时间段 1590-1615 的节点检测统计: 真阳性=3, 假阳性=14, 假阴性=0, 正常节点=2
2025-04-15 23:40:19,667 - DEBUG - 正在保存可视化结果到 ./visual/use_topkFalse\omi\value_times_range\omi-6\seg_3_1590_1615.png
2025-04-15 23:40:19,752 - INFO - 成功保存时间段 1590-1615 的可视化结果
2025-04-15 23:40:19,752 - INFO - 
正在处理时间段 5/10: 2592-2604
2025-04-15 23:40:19,752 - INFO - 该时间段的真实异常节点: {9, 4, 6}
2025-04-15 23:40:19,752 - INFO - 正在计算异常分数...
2025-04-15 23:40:19,758 - INFO - 检测到的异常节点: {4, 5, 6, 7, 8, 9, 10, 11, 12, 13, 14, 15, 16, 17, 18, 19}
2025-04-15 23:40:19,758 - INFO - 正在为时间段 2592-2604 生成可视化
2025-04-15 23:40:19,758 - INFO - 正在为时间段 2592-2604 生成异常图可视化
2025-04-15 23:40:19,758 - DEBUG - 创建包含 19 个节点的图结构
2025-04-15 23:40:19,758 - DEBUG - 边统计: 正常边 162 条, 异常边 78 条
2025-04-15 23:40:19,758 - INFO - 时间段 2592-2604 的节点检测统计: 真阳性=3, 假阳性=13, 假阴性=0, 正常节点=3
2025-04-15 23:40:19,845 - DEBUG - 正在保存可视化结果到 ./visual/use_topkFalse\omi\value_times_range\omi-6\seg_4_2592_2604.png
2025-04-15 23:40:19,925 - INFO - 成功保存时间段 2592-2604 的可视化结果
2025-04-15 23:40:19,925 - INFO - 
正在处理时间段 6/10: 2734-2765
2025-04-15 23:40:19,926 - INFO - 该时间段的真实异常节点: {8, 19, 4, 6}
2025-04-15 23:40:19,926 - INFO - 正在计算异常分数...
2025-04-15 23:40:19,945 - INFO - 检测到的异常节点: {1, 4, 5, 6, 7, 8, 9, 10, 11, 12, 13, 14, 15, 16, 17, 18, 19}
2025-04-15 23:40:19,945 - INFO - 正在为时间段 2734-2765 生成可视化
2025-04-15 23:40:19,945 - INFO - 正在为时间段 2734-2765 生成异常图可视化
2025-04-15 23:40:19,945 - DEBUG - 创建包含 19 个节点的图结构
2025-04-15 23:40:19,946 - DEBUG - 边统计: 正常边 158 条, 异常边 114 条
2025-04-15 23:40:19,946 - INFO - 时间段 2734-2765 的节点检测统计: 真阳性=4, 假阳性=13, 假阴性=0, 正常节点=2
2025-04-15 23:40:20,026 - DEBUG - 正在保存可视化结果到 ./visual/use_topkFalse\omi\value_times_range\omi-6\seg_5_2734_2765.png
2025-04-15 23:40:20,101 - INFO - 成功保存时间段 2734-2765 的可视化结果
2025-04-15 23:40:20,101 - INFO - 
正在处理时间段 7/10: 3066-3072
2025-04-15 23:40:20,101 - INFO - 该时间段的真实异常节点: {19, 4, 6}
2025-04-15 23:40:20,101 - INFO - 正在计算异常分数...
2025-04-15 23:40:20,104 - INFO - 检测到的异常节点: {1, 4, 5, 6, 7, 8, 9, 10, 11, 12, 13, 14, 15, 16, 17, 18, 19}
2025-04-15 23:40:20,104 - INFO - 正在为时间段 3066-3072 生成可视化
2025-04-15 23:40:20,104 - INFO - 正在为时间段 3066-3072 生成异常图可视化
2025-04-15 23:40:20,104 - DEBUG - 创建包含 19 个节点的图结构
2025-04-15 23:40:20,105 - DEBUG - 边统计: 正常边 138 条, 异常边 134 条
2025-04-15 23:40:20,105 - INFO - 时间段 3066-3072 的节点检测统计: 真阳性=3, 假阳性=14, 假阴性=0, 正常节点=2
2025-04-15 23:40:20,186 - DEBUG - 正在保存可视化结果到 ./visual/use_topkFalse\omi\value_times_range\omi-6\seg_6_3066_3072.png
2025-04-15 23:40:20,328 - INFO - 成功保存时间段 3066-3072 的可视化结果
2025-04-15 23:40:20,328 - INFO - 
正在处理时间段 8/10: 3596-3605
2025-04-15 23:40:20,328 - INFO - 该时间段的真实异常节点: {19, 4, 5, 6}
2025-04-15 23:40:20,328 - INFO - 正在计算异常分数...
2025-04-15 23:40:20,333 - INFO - 检测到的异常节点: {1, 4, 5, 6, 7, 8, 9, 10, 11, 12, 13, 14, 15, 16, 17, 18, 19}
2025-04-15 23:40:20,333 - INFO - 正在为时间段 3596-3605 生成可视化
2025-04-15 23:40:20,333 - INFO - 正在为时间段 3596-3605 生成异常图可视化
2025-04-15 23:40:20,333 - DEBUG - 创建包含 19 个节点的图结构
2025-04-15 23:40:20,334 - DEBUG - 边统计: 正常边 140 条, 异常边 132 条
2025-04-15 23:40:20,334 - INFO - 时间段 3596-3605 的节点检测统计: 真阳性=4, 假阳性=13, 假阴性=0, 正常节点=2
2025-04-15 23:40:20,417 - DEBUG - 正在保存可视化结果到 ./visual/use_topkFalse\omi\value_times_range\omi-6\seg_7_3596_3605.png
2025-04-15 23:40:20,499 - INFO - 成功保存时间段 3596-3605 的可视化结果
2025-04-15 23:40:20,500 - INFO - 
正在处理时间段 9/10: 3610-3622
2025-04-15 23:40:20,500 - INFO - 该时间段的真实异常节点: {1, 4, 5}
2025-04-15 23:40:20,500 - INFO - 正在计算异常分数...
2025-04-15 23:40:20,505 - INFO - 检测到的异常节点: {1, 4, 5, 6, 7, 8, 9, 10, 11, 12, 13, 14, 15, 16, 17, 18, 19}
2025-04-15 23:40:20,505 - INFO - 正在为时间段 3610-3622 生成可视化
2025-04-15 23:40:20,506 - INFO - 正在为时间段 3610-3622 生成异常图可视化
2025-04-15 23:40:20,506 - DEBUG - 创建包含 19 个节点的图结构
2025-04-15 23:40:20,506 - DEBUG - 边统计: 正常边 218 条, 异常边 54 条
2025-04-15 23:40:20,506 - INFO - 时间段 3610-3622 的节点检测统计: 真阳性=3, 假阳性=14, 假阴性=0, 正常节点=2
2025-04-15 23:40:20,593 - DEBUG - 正在保存可视化结果到 ./visual/use_topkFalse\omi\value_times_range\omi-6\seg_8_3610_3622.png
2025-04-15 23:40:20,672 - INFO - 成功保存时间段 3610-3622 的可视化结果
2025-04-15 23:40:20,672 - INFO - 
正在处理时间段 10/10: 4159-4164
2025-04-15 23:40:20,672 - INFO - 该时间段的真实异常节点: {4, 5}
2025-04-15 23:40:20,672 - INFO - 正在计算异常分数...
2025-04-15 23:40:20,674 - INFO - 检测到的异常节点: {1, 4, 5, 6, 7, 8, 9, 10, 17, 18}
2025-04-15 23:40:20,674 - INFO - 正在为时间段 4159-4164 生成可视化
2025-04-15 23:40:20,674 - INFO - 正在为时间段 4159-4164 生成异常图可视化
2025-04-15 23:40:20,674 - DEBUG - 创建包含 19 个节点的图结构
2025-04-15 23:40:20,675 - DEBUG - 边统计: 正常边 142 条, 异常边 130 条
2025-04-15 23:40:20,675 - INFO - 时间段 4159-4164 的节点检测统计: 真阳性=2, 假阳性=8, 假阴性=0, 正常节点=9
2025-04-15 23:40:20,757 - DEBUG - 正在保存可视化结果到 ./visual/use_topkFalse\omi\value_times_range\omi-6\seg_9_4159_4164.png
2025-04-15 23:40:20,838 - INFO - 成功保存时间段 4159-4164 的可视化结果
2025-04-15 23:40:20,838 - INFO - 正在从 ./visual/use_topkFalse\omi\value_times_range\omi-6 中的图像创建GIF
2025-04-15 23:40:21,124 - INFO - GIF已保存到 ./visual/use_topkFalse\omi\value_times_range\omi-6\omi-6.gif
2025-04-15 23:40:21,124 - INFO - 
==================================================
2025-04-15 23:40:21,124 - INFO - 开始数据集可视化: omi-7
2025-04-15 23:40:21,124 - INFO - 使用参数: 评分模式=value_times_range, top_k=None, 阈值=1.5
2025-04-15 23:40:21,124 - INFO - ==================================================

2025-04-15 23:40:21,125 - INFO - 正在加载数据集 omi-7 的数据
2025-04-15 23:40:21,126 - INFO - 数据加载成功。训练集形状: (8640, 19), 测试集形状: (4320, 19)
2025-04-15 23:40:21,126 - INFO - 正在计算边缘统计量...
2025-04-15 23:40:22,962 - INFO - 已计算 136 条边的统计量
2025-04-15 23:40:22,962 - INFO - 为每个节点使用所有邻居
2025-04-15 23:40:22,962 - INFO - 可视化结果将保存到: ./visual/use_topkFalse\omi\value_times_range\omi-7
2025-04-15 23:40:22,963 - INFO - 在数据集中发现 3 个异常时间段
2025-04-15 23:40:22,963 - INFO - 
正在处理时间段 1/3: 738-778
2025-04-15 23:40:22,963 - INFO - 该时间段的真实异常节点: {1, 2, 4, 6, 7, 8, 9, 10, 11, 12, 13, 14, 15, 16, 17, 18, 19}
2025-04-15 23:40:22,963 - INFO - 正在计算异常分数...
2025-04-15 23:40:22,984 - INFO - 检测到的异常节点: {1, 4, 5, 6, 7, 8, 9, 10, 11, 12, 13, 14, 15, 16, 17, 18, 19}
2025-04-15 23:40:22,984 - INFO - 正在为时间段 738-778 生成可视化
2025-04-15 23:40:22,984 - INFO - 正在为时间段 738-778 生成异常图可视化
2025-04-15 23:40:22,984 - DEBUG - 创建包含 19 个节点的图结构
2025-04-15 23:40:22,985 - DEBUG - 边统计: 正常边 204 条, 异常边 68 条
2025-04-15 23:40:22,985 - INFO - 时间段 738-778 的节点检测统计: 真阳性=16, 假阳性=1, 假阴性=1, 正常节点=1
2025-04-15 23:40:23,066 - DEBUG - 正在保存可视化结果到 ./visual/use_topkFalse\omi\value_times_range\omi-7\seg_0_738_778.png
2025-04-15 23:40:23,150 - INFO - 成功保存时间段 738-778 的可视化结果
2025-04-15 23:40:23,150 - INFO - 
正在处理时间段 2/3: 1625-1660
2025-04-15 23:40:23,150 - INFO - 该时间段的真实异常节点: {7, 10, 11, 12, 13, 14, 15, 16, 17, 18, 19}
2025-04-15 23:40:23,150 - INFO - 正在计算异常分数...
2025-04-15 23:40:23,170 - INFO - 检测到的异常节点: {5, 7, 8, 9, 10, 11, 12, 13, 14, 15, 16, 17, 18, 19}
2025-04-15 23:40:23,170 - INFO - 正在为时间段 1625-1660 生成可视化
2025-04-15 23:40:23,170 - INFO - 正在为时间段 1625-1660 生成异常图可视化
2025-04-15 23:40:23,170 - DEBUG - 创建包含 19 个节点的图结构
2025-04-15 23:40:23,170 - DEBUG - 边统计: 正常边 130 条, 异常边 52 条
2025-04-15 23:40:23,170 - INFO - 时间段 1625-1660 的节点检测统计: 真阳性=11, 假阳性=3, 假阴性=0, 正常节点=5
2025-04-15 23:40:23,249 - DEBUG - 正在保存可视化结果到 ./visual/use_topkFalse\omi\value_times_range\omi-7\seg_1_1625_1660.png
2025-04-15 23:40:23,324 - INFO - 成功保存时间段 1625-1660 的可视化结果
2025-04-15 23:40:23,324 - INFO - 
正在处理时间段 3/3: 3311-3320
2025-04-15 23:40:23,324 - INFO - 该时间段的真实异常节点: {7, 10, 11, 12, 13, 14, 15, 16, 17, 18, 19}
2025-04-15 23:40:23,324 - INFO - 正在计算异常分数...
2025-04-15 23:40:23,327 - INFO - 检测到的异常节点: {5, 7, 8, 9, 10, 11, 12, 13, 14, 15, 16, 17, 18, 19}
2025-04-15 23:40:23,327 - INFO - 正在为时间段 3311-3320 生成可视化
2025-04-15 23:40:23,327 - INFO - 正在为时间段 3311-3320 生成异常图可视化
2025-04-15 23:40:23,328 - DEBUG - 创建包含 19 个节点的图结构
2025-04-15 23:40:23,328 - DEBUG - 边统计: 正常边 164 条, 异常边 46 条
2025-04-15 23:40:23,328 - INFO - 时间段 3311-3320 的节点检测统计: 真阳性=11, 假阳性=3, 假阴性=0, 正常节点=5
2025-04-15 23:40:23,410 - DEBUG - 正在保存可视化结果到 ./visual/use_topkFalse\omi\value_times_range\omi-7\seg_2_3311_3320.png
2025-04-15 23:40:23,494 - INFO - 成功保存时间段 3311-3320 的可视化结果
2025-04-15 23:40:23,494 - INFO - 正在从 ./visual/use_topkFalse\omi\value_times_range\omi-7 中的图像创建GIF
2025-04-15 23:40:23,567 - INFO - GIF已保存到 ./visual/use_topkFalse\omi\value_times_range\omi-7\omi-7.gif
2025-04-15 23:40:23,567 - INFO - 
==================================================
2025-04-15 23:40:23,567 - INFO - 开始数据集可视化: omi-8
2025-04-15 23:40:23,568 - INFO - 使用参数: 评分模式=value_times_range, top_k=None, 阈值=5.0
2025-04-15 23:40:23,568 - INFO - ==================================================

2025-04-15 23:40:23,568 - INFO - 正在加载数据集 omi-8 的数据
2025-04-15 23:40:23,569 - INFO - 数据加载成功。训练集形状: (8640, 19), 测试集形状: (4320, 19)
2025-04-15 23:40:23,569 - INFO - 正在计算边缘统计量...
2025-04-15 23:40:25,386 - INFO - 已计算 136 条边的统计量
2025-04-15 23:40:25,386 - INFO - 为每个节点使用所有邻居
2025-04-15 23:40:25,387 - INFO - 可视化结果将保存到: ./visual/use_topkFalse\omi\value_times_range\omi-8
2025-04-15 23:40:25,387 - INFO - 在数据集中发现 5 个异常时间段
2025-04-15 23:40:25,387 - INFO - 
正在处理时间段 1/5: 740-753
2025-04-15 23:40:25,387 - INFO - 该时间段的真实异常节点: {2, 4}
2025-04-15 23:40:25,388 - INFO - 正在计算异常分数...
2025-04-15 23:40:25,393 - INFO - 检测到的异常节点: {1, 4, 6, 7, 8, 9, 10, 11, 12, 13, 14, 15, 16, 17, 18, 19}
2025-04-15 23:40:25,393 - INFO - 正在为时间段 740-753 生成可视化
2025-04-15 23:40:25,393 - INFO - 正在为时间段 740-753 生成异常图可视化
2025-04-15 23:40:25,393 - DEBUG - 创建包含 19 个节点的图结构
2025-04-15 23:40:25,394 - DEBUG - 边统计: 正常边 178 条, 异常边 62 条
2025-04-15 23:40:25,394 - INFO - 时间段 740-753 的节点检测统计: 真阳性=1, 假阳性=15, 假阴性=1, 正常节点=2
2025-04-15 23:40:25,482 - DEBUG - 正在保存可视化结果到 ./visual/use_topkFalse\omi\value_times_range\omi-8\seg_0_740_753.png
2025-04-15 23:40:25,564 - INFO - 成功保存时间段 740-753 的可视化结果
2025-04-15 23:40:25,564 - INFO - 
正在处理时间段 2/5: 764-780
2025-04-15 23:40:25,564 - INFO - 该时间段的真实异常节点: {6, 7, 8, 9, 10, 11, 12, 13, 14, 15, 16, 17, 18, 19}
2025-04-15 23:40:25,564 - INFO - 正在计算异常分数...
2025-04-15 23:40:25,570 - INFO - 检测到的异常节点: {1, 6, 7, 8, 9, 10, 11, 12, 13, 14, 15, 16, 17, 18, 19}
2025-04-15 23:40:25,570 - INFO - 正在为时间段 764-780 生成可视化
2025-04-15 23:40:25,570 - INFO - 正在为时间段 764-780 生成异常图可视化
2025-04-15 23:40:25,570 - DEBUG - 创建包含 19 个节点的图结构
2025-04-15 23:40:25,572 - DEBUG - 边统计: 正常边 172 条, 异常边 38 条
2025-04-15 23:40:25,572 - INFO - 时间段 764-780 的节点检测统计: 真阳性=14, 假阳性=1, 假阴性=0, 正常节点=4
2025-04-15 23:40:25,655 - DEBUG - 正在保存可视化结果到 ./visual/use_topkFalse\omi\value_times_range\omi-8\seg_1_764_780.png
2025-04-15 23:40:25,738 - INFO - 成功保存时间段 764-780 的可视化结果
2025-04-15 23:40:25,738 - INFO - 
正在处理时间段 3/5: 2319-2325
2025-04-15 23:40:25,738 - INFO - 该时间段的真实异常节点: {4, 5, 6}
2025-04-15 23:40:25,738 - INFO - 正在计算异常分数...
2025-04-15 23:40:25,740 - INFO - 检测到的异常节点: {4, 5, 6, 7, 8, 9, 10, 11, 12, 13, 14, 15, 16, 17, 18, 19}
2025-04-15 23:40:25,740 - INFO - 正在为时间段 2319-2325 生成可视化
2025-04-15 23:40:25,740 - INFO - 正在为时间段 2319-2325 生成异常图可视化
2025-04-15 23:40:25,740 - DEBUG - 创建包含 19 个节点的图结构
2025-04-15 23:40:25,741 - DEBUG - 边统计: 正常边 134 条, 异常边 138 条
2025-04-15 23:40:25,741 - INFO - 时间段 2319-2325 的节点检测统计: 真阳性=3, 假阳性=13, 假阴性=0, 正常节点=3
2025-04-15 23:40:25,822 - DEBUG - 正在保存可视化结果到 ./visual/use_topkFalse\omi\value_times_range\omi-8\seg_2_2319_2325.png
2025-04-15 23:40:25,907 - INFO - 成功保存时间段 2319-2325 的可视化结果
2025-04-15 23:40:25,907 - INFO - 
正在处理时间段 4/5: 2586-2675
2025-04-15 23:40:25,907 - INFO - 该时间段的真实异常节点: {5, 6, 8, 17, 18, 19}
2025-04-15 23:40:25,907 - INFO - 正在计算异常分数...
2025-04-15 23:40:25,960 - INFO - 检测到的异常节点: {1, 4, 5, 6, 7, 8, 9, 10, 11, 12, 13, 14, 15, 16, 17, 18, 19}
2025-04-15 23:40:25,961 - INFO - 正在为时间段 2586-2675 生成可视化
2025-04-15 23:40:25,961 - INFO - 正在为时间段 2586-2675 生成异常图可视化
2025-04-15 23:40:25,961 - DEBUG - 创建包含 19 个节点的图结构
2025-04-15 23:40:25,961 - DEBUG - 边统计: 正常边 146 条, 异常边 126 条
2025-04-15 23:40:25,961 - INFO - 时间段 2586-2675 的节点检测统计: 真阳性=6, 假阳性=11, 假阴性=0, 正常节点=2
2025-04-15 23:40:26,040 - DEBUG - 正在保存可视化结果到 ./visual/use_topkFalse\omi\value_times_range\omi-8\seg_3_2586_2675.png
2025-04-15 23:40:26,115 - INFO - 成功保存时间段 2586-2675 的可视化结果
2025-04-15 23:40:26,115 - INFO - 
正在处理时间段 5/5: 2897-2956
2025-04-15 23:40:26,116 - INFO - 该时间段的真实异常节点: {2, 6, 8, 17, 18, 19}
2025-04-15 23:40:26,116 - INFO - 正在计算异常分数...
2025-04-15 23:40:26,149 - INFO - 检测到的异常节点: {1, 4, 5, 6, 7, 8, 9, 10, 11, 12, 13, 14, 15, 16, 17, 18, 19}
2025-04-15 23:40:26,149 - INFO - 正在为时间段 2897-2956 生成可视化
2025-04-15 23:40:26,149 - INFO - 正在为时间段 2897-2956 生成异常图可视化
2025-04-15 23:40:26,149 - DEBUG - 创建包含 19 个节点的图结构
2025-04-15 23:40:26,150 - DEBUG - 边统计: 正常边 136 条, 异常边 136 条
2025-04-15 23:40:26,150 - INFO - 时间段 2897-2956 的节点检测统计: 真阳性=5, 假阳性=12, 假阴性=1, 正常节点=1
2025-04-15 23:40:26,237 - DEBUG - 正在保存可视化结果到 ./visual/use_topkFalse\omi\value_times_range\omi-8\seg_4_2897_2956.png
2025-04-15 23:40:26,326 - INFO - 成功保存时间段 2897-2956 的可视化结果
2025-04-15 23:40:26,326 - INFO - 正在从 ./visual/use_topkFalse\omi\value_times_range\omi-8 中的图像创建GIF
2025-04-15 23:40:26,469 - INFO - GIF已保存到 ./visual/use_topkFalse\omi\value_times_range\omi-8\omi-8.gif
2025-04-15 23:40:26,470 - INFO - 
==================================================
2025-04-15 23:40:26,470 - INFO - 开始数据集可视化: omi-9
2025-04-15 23:40:26,470 - INFO - 使用参数: 评分模式=value_times_range, top_k=None, 阈值=7.0
2025-04-15 23:40:26,470 - INFO - ==================================================

2025-04-15 23:40:26,470 - INFO - 正在加载数据集 omi-9 的数据
2025-04-15 23:40:26,471 - INFO - 数据加载成功。训练集形状: (8640, 19), 测试集形状: (4320, 19)
2025-04-15 23:40:26,471 - INFO - 正在计算边缘统计量...
2025-04-15 23:40:28,240 - INFO - 已计算 136 条边的统计量
2025-04-15 23:40:28,240 - INFO - 为每个节点使用所有邻居
2025-04-15 23:40:28,240 - INFO - 可视化结果将保存到: ./visual/use_topkFalse\omi\value_times_range\omi-9
2025-04-15 23:40:28,240 - INFO - 在数据集中发现 8 个异常时间段
2025-04-15 23:40:28,240 - INFO - 
正在处理时间段 1/8: 738-756
2025-04-15 23:40:28,242 - INFO - 该时间段的真实异常节点: {2, 9, 10, 11, 12, 13, 14, 15, 16, 17, 18, 19}
2025-04-15 23:40:28,242 - INFO - 正在计算异常分数...
2025-04-15 23:40:28,249 - INFO - 检测到的异常节点: {1, 7, 8, 9, 10, 11, 12, 13, 14, 15, 16, 17, 18, 19}
2025-04-15 23:40:28,249 - INFO - 正在为时间段 738-756 生成可视化
2025-04-15 23:40:28,249 - INFO - 正在为时间段 738-756 生成异常图可视化
2025-04-15 23:40:28,249 - DEBUG - 创建包含 19 个节点的图结构
2025-04-15 23:40:28,250 - DEBUG - 边统计: 正常边 112 条, 异常边 70 条
2025-04-15 23:40:28,250 - INFO - 时间段 738-756 的节点检测统计: 真阳性=11, 假阳性=3, 假阴性=1, 正常节点=4
2025-04-15 23:40:28,329 - DEBUG - 正在保存可视化结果到 ./visual/use_topkFalse\omi\value_times_range\omi-9\seg_0_738_756.png
2025-04-15 23:40:28,464 - INFO - 成功保存时间段 738-756 的可视化结果
2025-04-15 23:40:28,464 - INFO - 
正在处理时间段 2/8: 763-780
2025-04-15 23:40:28,465 - INFO - 该时间段的真实异常节点: {1, 6, 7, 8, 9, 10, 11, 12, 13, 14, 15, 16, 17, 18, 19}
2025-04-15 23:40:28,465 - INFO - 正在计算异常分数...
2025-04-15 23:40:28,473 - INFO - 检测到的异常节点: {1, 6, 7, 8, 9, 10, 11, 12, 13, 14, 15, 16, 17, 18, 19}
2025-04-15 23:40:28,473 - INFO - 正在为时间段 763-780 生成可视化
2025-04-15 23:40:28,473 - INFO - 正在为时间段 763-780 生成异常图可视化
2025-04-15 23:40:28,474 - DEBUG - 创建包含 19 个节点的图结构
2025-04-15 23:40:28,474 - DEBUG - 边统计: 正常边 142 条, 异常边 68 条
2025-04-15 23:40:28,474 - INFO - 时间段 763-780 的节点检测统计: 真阳性=15, 假阳性=0, 假阴性=0, 正常节点=4
2025-04-15 23:40:28,552 - DEBUG - 正在保存可视化结果到 ./visual/use_topkFalse\omi\value_times_range\omi-9\seg_1_763_780.png
2025-04-15 23:40:28,628 - INFO - 成功保存时间段 763-780 的可视化结果
2025-04-15 23:40:28,629 - INFO - 
正在处理时间段 3/8: 2514-2524
2025-04-15 23:40:28,629 - INFO - 该时间段的真实异常节点: {1, 4, 5, 7, 8, 9, 17, 18}
2025-04-15 23:40:28,629 - INFO - 正在计算异常分数...
2025-04-15 23:40:28,633 - INFO - 检测到的异常节点: {1, 4, 5, 6, 7, 8, 9, 10, 11, 12, 13, 14, 15, 16, 17, 18, 19}
2025-04-15 23:40:28,633 - INFO - 正在为时间段 2514-2524 生成可视化
2025-04-15 23:40:28,633 - INFO - 正在为时间段 2514-2524 生成异常图可视化
2025-04-15 23:40:28,634 - DEBUG - 创建包含 19 个节点的图结构
2025-04-15 23:40:28,634 - DEBUG - 边统计: 正常边 162 条, 异常边 110 条
2025-04-15 23:40:28,634 - INFO - 时间段 2514-2524 的节点检测统计: 真阳性=8, 假阳性=9, 假阴性=0, 正常节点=2
2025-04-15 23:40:28,714 - DEBUG - 正在保存可视化结果到 ./visual/use_topkFalse\omi\value_times_range\omi-9\seg_2_2514_2524.png
2025-04-15 23:40:28,793 - INFO - 成功保存时间段 2514-2524 的可视化结果
2025-04-15 23:40:28,793 - INFO - 
正在处理时间段 4/8: 2603-2668
2025-04-15 23:40:28,793 - INFO - 该时间段的真实异常节点: {1, 2, 5, 6, 8, 17, 18, 19}
2025-04-15 23:40:28,794 - INFO - 正在计算异常分数...
2025-04-15 23:40:28,836 - INFO - 检测到的异常节点: {1, 4, 5, 6, 7, 8, 9, 10, 11, 12, 13, 14, 15, 16, 17, 18, 19}
2025-04-15 23:40:28,836 - INFO - 正在为时间段 2603-2668 生成可视化
2025-04-15 23:40:28,836 - INFO - 正在为时间段 2603-2668 生成异常图可视化
2025-04-15 23:40:28,836 - DEBUG - 创建包含 19 个节点的图结构
2025-04-15 23:40:28,836 - DEBUG - 边统计: 正常边 106 条, 异常边 166 条
2025-04-15 23:40:28,837 - INFO - 时间段 2603-2668 的节点检测统计: 真阳性=7, 假阳性=10, 假阴性=1, 正常节点=1
2025-04-15 23:40:28,920 - DEBUG - 正在保存可视化结果到 ./visual/use_topkFalse\omi\value_times_range\omi-9\seg_3_2603_2668.png
2025-04-15 23:40:28,993 - INFO - 成功保存时间段 2603-2668 的可视化结果
2025-04-15 23:40:28,993 - INFO - 
正在处理时间段 5/8: 2918-2958
2025-04-15 23:40:28,993 - INFO - 该时间段的真实异常节点: {1, 2, 5, 6, 8, 17, 18, 19}
2025-04-15 23:40:28,993 - INFO - 正在计算异常分数...
2025-04-15 23:40:29,015 - INFO - 检测到的异常节点: {1, 4, 5, 6, 7, 8, 9, 10, 11, 12, 13, 14, 15, 16, 17, 18, 19}
2025-04-15 23:40:29,015 - INFO - 正在为时间段 2918-2958 生成可视化
2025-04-15 23:40:29,015 - INFO - 正在为时间段 2918-2958 生成异常图可视化
2025-04-15 23:40:29,015 - DEBUG - 创建包含 19 个节点的图结构
2025-04-15 23:40:29,016 - DEBUG - 边统计: 正常边 124 条, 异常边 148 条
2025-04-15 23:40:29,016 - INFO - 时间段 2918-2958 的节点检测统计: 真阳性=7, 假阳性=10, 假阴性=1, 正常节点=1
2025-04-15 23:40:29,100 - DEBUG - 正在保存可视化结果到 ./visual/use_topkFalse\omi\value_times_range\omi-9\seg_4_2918_2958.png
2025-04-15 23:40:29,178 - INFO - 成功保存时间段 2918-2958 的可视化结果
2025-04-15 23:40:29,178 - INFO - 
正在处理时间段 6/8: 3170-3245
2025-04-15 23:40:29,178 - INFO - 该时间段的真实异常节点: {1, 2, 6, 8, 17, 18, 19}
2025-04-15 23:40:29,180 - INFO - 正在计算异常分数...
2025-04-15 23:40:29,217 - INFO - 检测到的异常节点: {1, 4, 5, 6, 7, 8, 9, 10, 11, 12, 13, 14, 15, 16, 17, 18, 19}
2025-04-15 23:40:29,217 - INFO - 正在为时间段 3170-3245 生成可视化
2025-04-15 23:40:29,217 - INFO - 正在为时间段 3170-3245 生成异常图可视化
2025-04-15 23:40:29,217 - DEBUG - 创建包含 19 个节点的图结构
2025-04-15 23:40:29,218 - DEBUG - 边统计: 正常边 154 条, 异常边 118 条
2025-04-15 23:40:29,218 - INFO - 时间段 3170-3245 的节点检测统计: 真阳性=6, 假阳性=11, 假阴性=1, 正常节点=1
2025-04-15 23:40:29,299 - DEBUG - 正在保存可视化结果到 ./visual/use_topkFalse\omi\value_times_range\omi-9\seg_5_3170_3245.png
2025-04-15 23:40:29,381 - INFO - 成功保存时间段 3170-3245 的可视化结果
2025-04-15 23:40:29,381 - INFO - 
正在处理时间段 7/8: 3508-3528
2025-04-15 23:40:29,381 - INFO - 该时间段的真实异常节点: {8, 2, 19, 6}
2025-04-15 23:40:29,381 - INFO - 正在计算异常分数...
2025-04-15 23:40:29,392 - INFO - 检测到的异常节点: {1, 4, 5, 6, 7, 8, 9, 10, 11, 12, 13, 14, 15, 16, 17, 18, 19}
2025-04-15 23:40:29,392 - INFO - 正在为时间段 3508-3528 生成可视化
2025-04-15 23:40:29,392 - INFO - 正在为时间段 3508-3528 生成异常图可视化
2025-04-15 23:40:29,392 - DEBUG - 创建包含 19 个节点的图结构
2025-04-15 23:40:29,392 - DEBUG - 边统计: 正常边 160 条, 异常边 112 条
2025-04-15 23:40:29,392 - INFO - 时间段 3508-3528 的节点检测统计: 真阳性=3, 假阳性=14, 假阴性=1, 正常节点=1
2025-04-15 23:40:29,479 - DEBUG - 正在保存可视化结果到 ./visual/use_topkFalse\omi\value_times_range\omi-9\seg_6_3508_3528.png
2025-04-15 23:40:29,559 - INFO - 成功保存时间段 3508-3528 的可视化结果
2025-04-15 23:40:29,559 - INFO - 
正在处理时间段 8/8: 4064-4108
2025-04-15 23:40:29,559 - INFO - 该时间段的真实异常节点: {1, 2, 6, 7, 8, 9, 17, 18, 19}
2025-04-15 23:40:29,560 - INFO - 正在计算异常分数...
2025-04-15 23:40:29,584 - INFO - 检测到的异常节点: {1, 4, 5, 6, 7, 8, 9, 10, 11, 12, 13, 14, 15, 16, 17, 18, 19}
2025-04-15 23:40:29,584 - INFO - 正在为时间段 4064-4108 生成可视化
2025-04-15 23:40:29,584 - INFO - 正在为时间段 4064-4108 生成异常图可视化
2025-04-15 23:40:29,584 - DEBUG - 创建包含 19 个节点的图结构
2025-04-15 23:40:29,584 - DEBUG - 边统计: 正常边 108 条, 异常边 164 条
2025-04-15 23:40:29,585 - INFO - 时间段 4064-4108 的节点检测统计: 真阳性=8, 假阳性=9, 假阴性=1, 正常节点=1
2025-04-15 23:40:29,669 - DEBUG - 正在保存可视化结果到 ./visual/use_topkFalse\omi\value_times_range\omi-9\seg_7_4064_4108.png
2025-04-15 23:40:29,752 - INFO - 成功保存时间段 4064-4108 的可视化结果
2025-04-15 23:40:29,752 - INFO - 正在从 ./visual/use_topkFalse\omi\value_times_range\omi-9 中的图像创建GIF
2025-04-15 23:40:29,979 - INFO - GIF已保存到 ./visual/use_topkFalse\omi\value_times_range\omi-9\omi-9.gif
2025-04-15 23:40:29,979 - INFO - 可视化结果生成完成！
2025-04-15 23:40:29,979 - INFO - 
==================================================
2025-04-15 23:40:29,979 - INFO - 程序运行总耗时: 0:02:29.031315
