2025-04-17 17:53:16,349 - INFO - 
 Starting experiment with config: ExperimentConfig(dataset='els', window_size=5, score_thresholds=array([0. , 0.1, 0.2, 0.3, 0.4, 0.5, 0.6, 0.7, 0.8, 0.9, 1. , 1.1, 1.2,
       1.3, 1.4, 1.5, 1.6, 1.7, 1.8, 1.9, 2. , 2.1, 2.2, 2.3, 2.4, 2.5,
       2.6, 2.7, 2.8, 2.9, 3. , 3.1, 3.2, 3.3, 3.4, 3.5, 3.6, 3.7, 3.8,
       3.9, 4. , 4.1, 4.2, 4.3, 4.4, 4.5, 4.6, 4.7, 4.8, 4.9, 5. , 5.1,
       5.2, 5.3, 5.4, 5.5, 5.6, 5.7, 5.8, 5.9, 6. , 6.1, 6.2, 6.3, 6.4,
       6.5, 6.6, 6.7, 6.8, 6.9, 7. ]), topk_range=range(0, 10), corr_threshold_range=array([0. , 0. , 0.1, 0.2, 0.2, 0.2, 0.3, 0.4, 0.4, 0.4, 0.5, 0.6, 0.6,
       0.6]), neighbor_selection='all', score_modes=['strict_deviation'], data_dir='./data/processed', label_dir='./data/interpretation_label', log_dir='./log/els/neighbor_all', visual_dir='./visual/els/neighbor_all', num_workers=36, gif_duration=500)
2025-04-17 17:53:16,349 - INFO - 当前评分模式: ['strict_deviation']
2025-04-17 17:53:16,349 - INFO - 
==================================================
2025-04-17 17:53:16,349 - INFO - 开始执行网格搜索...
2025-04-17 17:53:16,353 - INFO - [els-1] Starting grid search...
2025-04-17 17:53:17,204 - INFO - [els-1.txt] mode=strict_deviation, all=None, threshold=0.0, P=0.2701, R=0.4370, F1=0.3339
2025-04-17 17:53:17,338 - INFO - [els-1.txt] mode=strict_deviation, all=None, threshold=0.1, P=0.2701, R=0.4370, F1=0.3339
2025-04-17 17:53:17,339 - INFO - [els-1.txt] mode=strict_deviation, all=None, threshold=0.2, P=0.2701, R=0.4370, F1=0.3339
2025-04-17 17:53:17,339 - INFO - [els-1.txt] mode=strict_deviation, all=None, threshold=0.3, P=0.2701, R=0.4370, F1=0.3339
2025-04-17 17:53:17,339 - INFO - [els-1.txt] mode=strict_deviation, all=None, threshold=0.4, P=0.2701, R=0.4370, F1=0.3339
2025-04-17 17:53:17,362 - INFO - [els-1.txt] mode=strict_deviation, all=None, threshold=0.5, P=0.2701, R=0.4370, F1=0.3339
2025-04-17 17:53:17,363 - INFO - [els-1.txt] mode=strict_deviation, all=None, threshold=0.6, P=0.2701, R=0.4370, F1=0.3339
2025-04-17 17:53:17,363 - INFO - [els-1.txt] mode=strict_deviation, all=None, threshold=0.7, P=0.2701, R=0.4370, F1=0.3339
2025-04-17 17:53:17,406 - INFO - [els-1.txt] mode=strict_deviation, all=None, threshold=0.8, P=0.2701, R=0.4370, F1=0.3339
2025-04-17 17:53:17,407 - INFO - [els-1.txt] mode=strict_deviation, all=None, threshold=0.9, P=0.2701, R=0.4370, F1=0.3339
2025-04-17 17:53:17,426 - INFO - [els-1.txt] mode=strict_deviation, all=None, threshold=1.0, P=0.2701, R=0.4370, F1=0.3339
2025-04-17 17:53:17,426 - INFO - [els-1.txt] mode=strict_deviation, all=None, threshold=1.1, P=0.2701, R=0.4370, F1=0.3339
2025-04-17 17:53:17,427 - INFO - [els-1.txt] mode=strict_deviation, all=None, threshold=1.2, P=0.2701, R=0.4370, F1=0.3339
2025-04-17 17:53:17,433 - INFO - [els-1.txt] mode=strict_deviation, all=None, threshold=1.3, P=0.2701, R=0.4370, F1=0.3339
2025-04-17 17:53:17,433 - INFO - [els-1.txt] mode=strict_deviation, all=None, threshold=1.4, P=0.2701, R=0.4370, F1=0.3339
2025-04-17 17:53:17,538 - INFO - [els-1.txt] mode=strict_deviation, all=None, threshold=1.5, P=0.2696, R=0.4328, F1=0.3323
2025-04-17 17:53:17,539 - INFO - [els-1.txt] mode=strict_deviation, all=None, threshold=1.6, P=0.2696, R=0.4328, F1=0.3323
2025-04-17 17:53:17,539 - INFO - [els-1.txt] mode=strict_deviation, all=None, threshold=1.7, P=0.2696, R=0.4328, F1=0.3323
2025-04-17 17:53:17,539 - INFO - [els-1.txt] mode=strict_deviation, all=None, threshold=1.8, P=0.2696, R=0.4328, F1=0.3323
2025-04-17 17:53:17,539 - INFO - [els-1.txt] mode=strict_deviation, all=None, threshold=1.9, P=0.2696, R=0.4328, F1=0.3323
2025-04-17 17:53:17,539 - INFO - [els-1.txt] mode=strict_deviation, all=None, threshold=2.0, P=0.2696, R=0.4328, F1=0.3323
2025-04-17 17:53:17,540 - INFO - [els-1.txt] mode=strict_deviation, all=None, threshold=2.1, P=0.2696, R=0.4328, F1=0.3323
2025-04-17 17:53:17,540 - INFO - [els-1.txt] mode=strict_deviation, all=None, threshold=2.2, P=0.2696, R=0.4328, F1=0.3323
2025-04-17 17:53:17,596 - INFO - [els-1.txt] mode=strict_deviation, all=None, threshold=2.3, P=0.2696, R=0.4328, F1=0.3323
2025-04-17 17:53:17,599 - INFO - [els-1.txt] mode=strict_deviation, all=None, threshold=2.4, P=0.2696, R=0.4328, F1=0.3323
2025-04-17 17:53:17,604 - INFO - [els-1.txt] mode=strict_deviation, all=None, threshold=2.5, P=0.2696, R=0.4328, F1=0.3323
2025-04-17 17:53:17,604 - INFO - [els-1.txt] mode=strict_deviation, all=None, threshold=2.6, P=0.2696, R=0.4328, F1=0.3323
2025-04-17 17:53:17,618 - INFO - [els-1.txt] mode=strict_deviation, all=None, threshold=2.7, P=0.2696, R=0.4328, F1=0.3323
2025-04-17 17:53:17,618 - INFO - [els-1.txt] mode=strict_deviation, all=None, threshold=2.8, P=0.2696, R=0.4328, F1=0.3323
2025-04-17 17:53:17,630 - INFO - [els-1.txt] mode=strict_deviation, all=None, threshold=2.9, P=0.2696, R=0.4328, F1=0.3323
2025-04-17 17:53:17,632 - INFO - [els-1.txt] mode=strict_deviation, all=None, threshold=3.0, P=0.2696, R=0.4328, F1=0.3323
2025-04-17 17:53:17,632 - INFO - [els-1.txt] mode=strict_deviation, all=None, threshold=3.1, P=0.2696, R=0.4328, F1=0.3323
2025-04-17 17:53:17,638 - INFO - [els-1.txt] mode=strict_deviation, all=None, threshold=3.2, P=0.2696, R=0.4328, F1=0.3323
2025-04-17 17:53:17,640 - INFO - [els-1.txt] mode=strict_deviation, all=None, threshold=3.3, P=0.2691, R=0.4286, F1=0.3306
2025-04-17 17:53:17,640 - INFO - [els-1.txt] mode=strict_deviation, all=None, threshold=3.4, P=0.2708, R=0.4244, F1=0.3306
2025-04-17 17:53:17,651 - INFO - [els-1.txt] mode=strict_deviation, all=None, threshold=3.5, P=0.2715, R=0.4244, F1=0.3311
2025-04-17 17:53:17,651 - INFO - [els-1.txt] mode=strict_deviation, all=None, threshold=3.6, P=0.2752, R=0.4244, F1=0.3339
2025-04-17 17:53:17,651 - INFO - [els-1.txt] mode=strict_deviation, all=None, threshold=3.7, P=0.2775, R=0.4244, F1=0.3355
2025-04-17 17:53:17,707 - INFO - [els-1.txt] mode=strict_deviation, all=None, threshold=3.8, P=0.2793, R=0.4202, F1=0.3356
2025-04-17 17:53:17,707 - INFO - [els-1.txt] mode=strict_deviation, all=None, threshold=3.9, P=0.2793, R=0.4202, F1=0.3356
2025-04-17 17:53:17,707 - INFO - [els-1.txt] mode=strict_deviation, all=None, threshold=4.0, P=0.2793, R=0.4202, F1=0.3356
2025-04-17 17:53:17,707 - INFO - [els-1.txt] mode=strict_deviation, all=None, threshold=4.1, P=0.2793, R=0.4202, F1=0.3356
2025-04-17 17:53:17,707 - INFO - [els-1.txt] mode=strict_deviation, all=None, threshold=4.2, P=0.2793, R=0.4202, F1=0.3356
2025-04-17 17:53:17,707 - INFO - [els-1.txt] mode=strict_deviation, all=None, threshold=4.3, P=0.2793, R=0.4202, F1=0.3356
2025-04-17 17:53:17,707 - INFO - [els-1.txt] mode=strict_deviation, all=None, threshold=4.4, P=0.2793, R=0.4202, F1=0.3356
2025-04-17 17:53:17,708 - INFO - [els-1.txt] mode=strict_deviation, all=None, threshold=4.5, P=0.2793, R=0.4202, F1=0.3356
2025-04-17 17:53:17,708 - INFO - [els-1.txt] mode=strict_deviation, all=None, threshold=4.6, P=0.2793, R=0.4202, F1=0.3356
2025-04-17 17:53:17,708 - INFO - [els-1.txt] mode=strict_deviation, all=None, threshold=4.7, P=0.2793, R=0.4202, F1=0.3356
2025-04-17 17:53:17,748 - INFO - [els-1.txt] mode=strict_deviation, all=None, threshold=4.8, P=0.2801, R=0.4202, F1=0.3361
2025-04-17 17:53:17,932 - INFO - [els-1.txt] mode=strict_deviation, all=None, threshold=4.9, P=0.2801, R=0.4202, F1=0.3361
2025-04-17 17:53:17,938 - INFO - [els-1.txt] mode=strict_deviation, all=None, threshold=5.0, P=0.2801, R=0.4202, F1=0.3361
2025-04-17 17:53:17,938 - INFO - [els-1.txt] mode=strict_deviation, all=None, threshold=5.1, P=0.2801, R=0.4202, F1=0.3361
2025-04-17 17:53:17,956 - INFO - [els-1.txt] mode=strict_deviation, all=None, threshold=5.2, P=0.2801, R=0.4202, F1=0.3361
2025-04-17 17:53:18,037 - INFO - [els-1.txt] mode=strict_deviation, all=None, threshold=5.3, P=0.2825, R=0.4202, F1=0.3378
2025-04-17 17:53:18,037 - INFO - [els-1.txt] mode=strict_deviation, all=None, threshold=5.4, P=0.2825, R=0.4202, F1=0.3378
2025-04-17 17:53:18,037 - INFO - [els-1.txt] mode=strict_deviation, all=None, threshold=5.5, P=0.2825, R=0.4202, F1=0.3378
2025-04-17 17:53:18,037 - INFO - [els-1.txt] mode=strict_deviation, all=None, threshold=5.6, P=0.2825, R=0.4202, F1=0.3378
2025-04-17 17:53:18,107 - INFO - [els-1.txt] mode=strict_deviation, all=None, threshold=5.7, P=0.2833, R=0.4202, F1=0.3384
2025-04-17 17:53:18,107 - INFO - [els-1.txt] mode=strict_deviation, all=None, threshold=5.8, P=0.2849, R=0.4202, F1=0.3396
2025-04-17 17:53:18,107 - INFO - [els-1.txt] mode=strict_deviation, all=None, threshold=5.9, P=0.2829, R=0.4160, F1=0.3367
2025-04-17 17:53:18,108 - INFO - [els-1.txt] mode=strict_deviation, all=None, threshold=6.0, P=0.2829, R=0.4160, F1=0.3367
2025-04-17 17:53:18,108 - INFO - [els-1.txt] mode=strict_deviation, all=None, threshold=6.1, P=0.2829, R=0.4160, F1=0.3367
2025-04-17 17:53:18,108 - INFO - [els-1.txt] mode=strict_deviation, all=None, threshold=6.2, P=0.2787, R=0.4076, F1=0.3311
2025-04-17 17:53:18,108 - INFO - [els-1.txt] mode=strict_deviation, all=None, threshold=6.3, P=0.2795, R=0.4076, F1=0.3316
2025-04-17 17:53:18,108 - INFO - [els-1.txt] mode=strict_deviation, all=None, threshold=6.4, P=0.2795, R=0.4076, F1=0.3316
2025-04-17 17:53:18,108 - INFO - [els-1.txt] mode=strict_deviation, all=None, threshold=6.5, P=0.2812, R=0.4076, F1=0.3328
2025-04-17 17:53:18,108 - INFO - [els-1.txt] mode=strict_deviation, all=None, threshold=6.6, P=0.2828, R=0.4076, F1=0.3339
2025-04-17 17:53:18,131 - INFO - [els-1.txt] mode=strict_deviation, all=None, threshold=6.7, P=0.2832, R=0.4034, F1=0.3328
2025-04-17 17:53:18,131 - INFO - [els-1.txt] mode=strict_deviation, all=None, threshold=6.8, P=0.2879, R=0.3992, F1=0.3345
2025-04-17 17:53:18,131 - INFO - [els-1.txt] mode=strict_deviation, all=None, threshold=6.9, P=0.2892, R=0.3950, F1=0.3339
2025-04-17 17:53:18,190 - INFO - [els-1.txt] mode=strict_deviation, all=None, threshold=7.0, P=0.2892, R=0.3950, F1=0.3339
2025-04-17 17:53:18,241 - INFO - 
==================================================
2025-04-17 17:53:18,241 - INFO - 开始汇总结果...
2025-04-17 17:53:18,248 - INFO - 
===== Best Results per Dataset =====
  dataset       score_mode neighbor_param  score_threshold neighbor_selection  precision   recall  f1_score
els-1.txt strict_deviation           None              5.8                all     0.2849 0.420168  0.339559
2025-04-17 17:53:18,248 - INFO - 
===== Overall Metrics =====
Precision: 0.2849  Recall: 0.4202  F1: 0.3396
2025-04-17 17:53:18,248 - INFO - 
【原始汇总指标】
2025-04-17 17:53:18,249 - INFO - 精确率(Precision): 0.2849
2025-04-17 17:53:18,249 - INFO - 召回率(Recall):    0.4202
2025-04-17 17:53:18,249 - INFO - F1值:             0.3396
2025-04-17 17:53:18,249 - INFO - 
==================================================
2025-04-17 17:53:18,249 - INFO - 开始生成可视化结果...
2025-04-17 17:53:18,249 - INFO - 
==================================================
2025-04-17 17:53:18,249 - INFO - 开始数据集可视化: els-1
2025-04-17 17:53:18,249 - INFO - 使用参数: 评分模式=strict_deviation, all=None, 阈值=5.800000000000001
2025-04-17 17:53:18,249 - INFO - ==================================================

2025-04-17 17:53:18,249 - INFO - 正在加载数据集 els-1 的数据
2025-04-17 17:53:18,252 - INFO - 数据加载成功。训练集形状: (993, 16), 测试集形状: (8928, 16)
2025-04-17 17:53:18,252 - INFO - 正在计算边缘统计量...
2025-04-17 17:53:18,517 - INFO - 已计算 105 条边的统计量
2025-04-17 17:53:18,517 - INFO - 为每个节点使用所有邻居
2025-04-17 17:53:18,517 - INFO - 可视化结果将保存到: ./visual/els/neighbor_all/strict_deviation/els-1
2025-04-17 17:53:18,537 - INFO - 在数据集中发现 77 个异常时间段
2025-04-17 17:53:18,537 - INFO - 
正在处理时间段 1/77: 433-437
2025-04-17 17:53:18,537 - INFO - 该时间段的真实异常节点: {12}
2025-04-17 17:53:18,537 - INFO - 正在计算异常分数...
2025-04-17 17:53:18,538 - INFO - 检测到的异常节点: {1, 2, 3, 4, 6, 7, 8, 9, 10, 12, 13, 14, 15}
2025-04-17 17:53:18,538 - INFO - 正在为时间段 433-437 生成可视化
2025-04-17 17:53:18,538 - INFO - 正在为时间段 433-437 生成异常图可视化
2025-04-17 17:53:18,539 - DEBUG - 边统计: 正常边 174 条, 异常边 36 条
2025-04-17 17:53:18,595 - DEBUG - 正在保存可视化结果到 ./visual/els/neighbor_all/strict_deviation/els-1/seg_0_433_437.png
2025-04-17 17:53:18,942 - INFO - 成功保存时间段 433-437 的可视化结果
2025-04-17 17:53:18,942 - INFO - 
正在处理时间段 2/77: 738-738
2025-04-17 17:53:18,942 - INFO - 该时间段的真实异常节点: {6, 7, 8, 9, 10, 11, 12}
2025-04-17 17:53:18,942 - INFO - 正在计算异常分数...
2025-04-17 17:53:18,942 - INFO - 检测到的异常节点: set()
2025-04-17 17:53:18,942 - INFO - 正在为时间段 738-738 生成可视化
2025-04-17 17:53:18,942 - INFO - 正在为时间段 738-738 生成异常图可视化
2025-04-17 17:53:18,942 - INFO - 单个点位异常段 738-738，扩展为 734-738 (window_size=5)
2025-04-17 17:53:18,943 - DEBUG - 边统计: 正常边 130 条, 异常边 80 条
2025-04-17 17:53:18,993 - DEBUG - 正在保存可视化结果到 ./visual/els/neighbor_all/strict_deviation/els-1/seg_1_738_738.png
2025-04-17 17:53:19,323 - INFO - 成功保存时间段 738-738 的可视化结果
2025-04-17 17:53:19,323 - INFO - 
正在处理时间段 3/77: 762-762
2025-04-17 17:53:19,323 - INFO - 该时间段的真实异常节点: {12}
2025-04-17 17:53:19,323 - INFO - 正在计算异常分数...
2025-04-17 17:53:19,324 - INFO - 检测到的异常节点: set()
2025-04-17 17:53:19,324 - INFO - 正在为时间段 762-762 生成可视化
2025-04-17 17:53:19,324 - INFO - 正在为时间段 762-762 生成异常图可视化
2025-04-17 17:53:19,324 - INFO - 单个点位异常段 762-762，扩展为 758-762 (window_size=5)
2025-04-17 17:53:19,324 - DEBUG - 边统计: 正常边 170 条, 异常边 12 条
2025-04-17 17:53:19,715 - DEBUG - 正在保存可视化结果到 ./visual/els/neighbor_all/strict_deviation/els-1/seg_2_762_762.png
2025-04-17 17:53:20,000 - INFO - 成功保存时间段 762-762 的可视化结果
2025-04-17 17:53:20,000 - INFO - 
正在处理时间段 4/77: 1065-1070
2025-04-17 17:53:20,000 - INFO - 该时间段的真实异常节点: {6, 7, 8, 9, 11}
2025-04-17 17:53:20,000 - INFO - 正在计算异常分数...
2025-04-17 17:53:20,002 - INFO - 检测到的异常节点: {1, 3, 4, 6, 7, 8, 9, 10, 13, 14, 15}
2025-04-17 17:53:20,002 - INFO - 正在为时间段 1065-1070 生成可视化
2025-04-17 17:53:20,002 - INFO - 正在为时间段 1065-1070 生成异常图可视化
2025-04-17 17:53:20,003 - DEBUG - 边统计: 正常边 200 条, 异常边 10 条
2025-04-17 17:53:20,051 - DEBUG - 正在保存可视化结果到 ./visual/els/neighbor_all/strict_deviation/els-1/seg_3_1065_1070.png
2025-04-17 17:53:20,374 - INFO - 成功保存时间段 1065-1070 的可视化结果
2025-04-17 17:53:20,374 - INFO - 
正在处理时间段 5/77: 1348-1351
2025-04-17 17:53:20,374 - INFO - 该时间段的真实异常节点: {8, 9, 6, 7}
2025-04-17 17:53:20,374 - INFO - 正在计算异常分数...
2025-04-17 17:53:20,374 - INFO - 检测到的异常节点: set()
2025-04-17 17:53:20,375 - INFO - 正在为时间段 1348-1351 生成可视化
2025-04-17 17:53:20,375 - INFO - 正在为时间段 1348-1351 生成异常图可视化
2025-04-17 17:53:20,375 - DEBUG - 边统计: 正常边 172 条, 异常边 38 条
2025-04-17 17:53:20,424 - DEBUG - 正在保存可视化结果到 ./visual/els/neighbor_all/strict_deviation/els-1/seg_4_1348_1351.png
2025-04-17 17:53:20,746 - INFO - 成功保存时间段 1348-1351 的可视化结果
2025-04-17 17:53:20,747 - INFO - 
正在处理时间段 6/77: 1366-1368
2025-04-17 17:53:20,747 - INFO - 该时间段的真实异常节点: {8, 9, 6, 7}
2025-04-17 17:53:20,747 - INFO - 正在计算异常分数...
2025-04-17 17:53:20,747 - INFO - 检测到的异常节点: set()
2025-04-17 17:53:20,747 - INFO - 正在为时间段 1366-1368 生成可视化
2025-04-17 17:53:20,747 - INFO - 正在为时间段 1366-1368 生成异常图可视化
2025-04-17 17:53:20,748 - DEBUG - 边统计: 正常边 112 条, 异常边 70 条
2025-04-17 17:53:20,796 - DEBUG - 正在保存可视化结果到 ./visual/els/neighbor_all/strict_deviation/els-1/seg_5_1366_1368.png
2025-04-17 17:53:21,085 - INFO - 成功保存时间段 1366-1368 的可视化结果
2025-04-17 17:53:21,085 - INFO - 
正在处理时间段 7/77: 1591-1602
2025-04-17 17:53:21,085 - INFO - 该时间段的真实异常节点: {12}
2025-04-17 17:53:21,085 - INFO - 正在计算异常分数...
2025-04-17 17:53:21,090 - INFO - 检测到的异常节点: {1, 2, 3, 4, 5, 6, 7, 8, 9, 10, 11, 12, 13, 14}
2025-04-17 17:53:21,090 - INFO - 正在为时间段 1591-1602 生成可视化
2025-04-17 17:53:21,090 - INFO - 正在为时间段 1591-1602 生成异常图可视化
2025-04-17 17:53:21,091 - DEBUG - 边统计: 正常边 178 条, 异常边 4 条
2025-04-17 17:53:21,140 - DEBUG - 正在保存可视化结果到 ./visual/els/neighbor_all/strict_deviation/els-1/seg_6_1591_1602.png
2025-04-17 17:53:21,423 - INFO - 成功保存时间段 1591-1602 的可视化结果
2025-04-17 17:53:21,423 - INFO - 
正在处理时间段 8/77: 1634-1638
2025-04-17 17:53:21,423 - INFO - 该时间段的真实异常节点: {8, 9, 6, 7}
2025-04-17 17:53:21,423 - INFO - 正在计算异常分数...
2025-04-17 17:53:21,424 - INFO - 检测到的异常节点: {8, 9, 11, 7}
2025-04-17 17:53:21,424 - INFO - 正在为时间段 1634-1638 生成可视化
2025-04-17 17:53:21,424 - INFO - 正在为时间段 1634-1638 生成异常图可视化
2025-04-17 17:53:21,425 - DEBUG - 边统计: 正常边 192 条, 异常边 18 条
2025-04-17 17:53:21,474 - DEBUG - 正在保存可视化结果到 ./visual/els/neighbor_all/strict_deviation/els-1/seg_7_1634_1638.png
2025-04-17 17:53:21,795 - INFO - 成功保存时间段 1634-1638 的可视化结果
2025-04-17 17:53:21,795 - INFO - 
正在处理时间段 9/77: 1864-1868
2025-04-17 17:53:21,796 - INFO - 该时间段的真实异常节点: {6, 7, 8, 9, 10, 11}
2025-04-17 17:53:21,796 - INFO - 正在计算异常分数...
2025-04-17 17:53:21,796 - INFO - 检测到的异常节点: {2, 4, 5, 6, 7, 8, 9, 10, 12}
2025-04-17 17:53:21,797 - INFO - 正在为时间段 1864-1868 生成可视化
2025-04-17 17:53:21,797 - INFO - 正在为时间段 1864-1868 生成异常图可视化
2025-04-17 17:53:21,798 - DEBUG - 边统计: 正常边 150 条, 异常边 60 条
2025-04-17 17:53:21,846 - DEBUG - 正在保存可视化结果到 ./visual/els/neighbor_all/strict_deviation/els-1/seg_8_1864_1868.png
2025-04-17 17:53:22,180 - INFO - 成功保存时间段 1864-1868 的可视化结果
2025-04-17 17:53:22,180 - INFO - 
正在处理时间段 10/77: 1882-1882
2025-04-17 17:53:22,180 - INFO - 该时间段的真实异常节点: {12}
2025-04-17 17:53:22,180 - INFO - 正在计算异常分数...
2025-04-17 17:53:22,180 - INFO - 检测到的异常节点: set()
2025-04-17 17:53:22,180 - INFO - 正在为时间段 1882-1882 生成可视化
2025-04-17 17:53:22,180 - INFO - 正在为时间段 1882-1882 生成异常图可视化
2025-04-17 17:53:22,180 - INFO - 单个点位异常段 1882-1882，扩展为 1878-1882 (window_size=5)
2025-04-17 17:53:22,181 - DEBUG - 边统计: 正常边 140 条, 异常边 42 条
2025-04-17 17:53:22,234 - DEBUG - 正在保存可视化结果到 ./visual/els/neighbor_all/strict_deviation/els-1/seg_9_1882_1882.png
2025-04-17 17:53:22,519 - INFO - 成功保存时间段 1882-1882 的可视化结果
2025-04-17 17:53:22,519 - INFO - 
正在处理时间段 11/77: 2415-2418
2025-04-17 17:53:22,519 - INFO - 该时间段的真实异常节点: {6, 7, 8, 9, 11, 12}
2025-04-17 17:53:22,519 - INFO - 正在计算异常分数...
2025-04-17 17:53:22,520 - INFO - 检测到的异常节点: set()
2025-04-17 17:53:22,520 - INFO - 正在为时间段 2415-2418 生成可视化
2025-04-17 17:53:22,520 - INFO - 正在为时间段 2415-2418 生成异常图可视化
2025-04-17 17:53:22,521 - DEBUG - 边统计: 正常边 152 条, 异常边 58 条
2025-04-17 17:53:22,570 - DEBUG - 正在保存可视化结果到 ./visual/els/neighbor_all/strict_deviation/els-1/seg_10_2415_2418.png
2025-04-17 17:53:22,898 - INFO - 成功保存时间段 2415-2418 的可视化结果
2025-04-17 17:53:22,898 - INFO - 
正在处理时间段 12/77: 2461-2461
2025-04-17 17:53:22,898 - INFO - 该时间段的真实异常节点: {12}
2025-04-17 17:53:22,898 - INFO - 正在计算异常分数...
2025-04-17 17:53:22,898 - INFO - 检测到的异常节点: set()
2025-04-17 17:53:22,898 - INFO - 正在为时间段 2461-2461 生成可视化
2025-04-17 17:53:22,898 - INFO - 正在为时间段 2461-2461 生成异常图可视化
2025-04-17 17:53:22,898 - INFO - 单个点位异常段 2461-2461，扩展为 2457-2461 (window_size=5)
2025-04-17 17:53:22,899 - DEBUG - 边统计: 正常边 194 条, 异常边 16 条
2025-04-17 17:53:22,950 - DEBUG - 正在保存可视化结果到 ./visual/els/neighbor_all/strict_deviation/els-1/seg_11_2461_2461.png
2025-04-17 17:53:23,275 - INFO - 成功保存时间段 2461-2461 的可视化结果
2025-04-17 17:53:23,275 - INFO - 
正在处理时间段 13/77: 2506-2506
2025-04-17 17:53:23,275 - INFO - 该时间段的真实异常节点: {6, 7, 8, 9, 10, 11}
2025-04-17 17:53:23,275 - INFO - 正在计算异常分数...
2025-04-17 17:53:23,275 - INFO - 检测到的异常节点: set()
2025-04-17 17:53:23,275 - INFO - 正在为时间段 2506-2506 生成可视化
2025-04-17 17:53:23,275 - INFO - 正在为时间段 2506-2506 生成异常图可视化
2025-04-17 17:53:23,275 - INFO - 单个点位异常段 2506-2506，扩展为 2502-2506 (window_size=5)
2025-04-17 17:53:23,276 - DEBUG - 边统计: 正常边 202 条, 异常边 8 条
2025-04-17 17:53:23,328 - DEBUG - 正在保存可视化结果到 ./visual/els/neighbor_all/strict_deviation/els-1/seg_12_2506_2506.png
2025-04-17 17:53:23,651 - INFO - 成功保存时间段 2506-2506 的可视化结果
2025-04-17 17:53:23,651 - INFO - 
正在处理时间段 14/77: 2515-2515
2025-04-17 17:53:23,652 - INFO - 该时间段的真实异常节点: {6, 7, 8, 9, 10, 11}
2025-04-17 17:53:23,652 - INFO - 正在计算异常分数...
2025-04-17 17:53:23,652 - INFO - 检测到的异常节点: set()
2025-04-17 17:53:23,652 - INFO - 正在为时间段 2515-2515 生成可视化
2025-04-17 17:53:23,652 - INFO - 正在为时间段 2515-2515 生成异常图可视化
2025-04-17 17:53:23,652 - INFO - 单个点位异常段 2515-2515，扩展为 2511-2515 (window_size=5)
2025-04-17 17:53:23,653 - DEBUG - 边统计: 正常边 166 条, 异常边 44 条
2025-04-17 17:53:23,703 - DEBUG - 正在保存可视化结果到 ./visual/els/neighbor_all/strict_deviation/els-1/seg_13_2515_2515.png
2025-04-17 17:53:24,045 - INFO - 成功保存时间段 2515-2515 的可视化结果
2025-04-17 17:53:24,045 - INFO - 
正在处理时间段 15/77: 2520-2520
2025-04-17 17:53:24,045 - INFO - 该时间段的真实异常节点: {6, 7, 8, 9, 10, 11}
2025-04-17 17:53:24,045 - INFO - 正在计算异常分数...
2025-04-17 17:53:24,045 - INFO - 检测到的异常节点: set()
2025-04-17 17:53:24,045 - INFO - 正在为时间段 2520-2520 生成可视化
2025-04-17 17:53:24,045 - INFO - 正在为时间段 2520-2520 生成异常图可视化
2025-04-17 17:53:24,045 - INFO - 单个点位异常段 2520-2520，扩展为 2516-2520 (window_size=5)
2025-04-17 17:53:24,046 - DEBUG - 边统计: 正常边 178 条, 异常边 32 条
2025-04-17 17:53:24,096 - DEBUG - 正在保存可视化结果到 ./visual/els/neighbor_all/strict_deviation/els-1/seg_14_2520_2520.png
2025-04-17 17:53:24,437 - INFO - 成功保存时间段 2520-2520 的可视化结果
2025-04-17 17:53:24,438 - INFO - 
正在处理时间段 16/77: 2796-2808
2025-04-17 17:53:24,438 - INFO - 该时间段的真实异常节点: {6, 7, 8, 9, 10, 11}
2025-04-17 17:53:24,438 - INFO - 正在计算异常分数...
2025-04-17 17:53:24,444 - INFO - 检测到的异常节点: {1, 2, 3, 4, 5, 6, 7, 8, 9, 10, 11, 12, 13, 14, 15}
2025-04-17 17:53:24,445 - INFO - 正在为时间段 2796-2808 生成可视化
2025-04-17 17:53:24,445 - INFO - 正在为时间段 2796-2808 生成异常图可视化
2025-04-17 17:53:24,446 - DEBUG - 边统计: 正常边 198 条, 异常边 12 条
2025-04-17 17:53:24,567 - DEBUG - 正在保存可视化结果到 ./visual/els/neighbor_all/strict_deviation/els-1/seg_15_2796_2808.png
2025-04-17 17:53:24,893 - INFO - 成功保存时间段 2796-2808 的可视化结果
2025-04-17 17:53:24,893 - INFO - 
正在处理时间段 17/77: 3276-3277
2025-04-17 17:53:24,894 - INFO - 该时间段的真实异常节点: {12}
2025-04-17 17:53:24,894 - INFO - 正在计算异常分数...
2025-04-17 17:53:24,894 - INFO - 检测到的异常节点: set()
2025-04-17 17:53:24,894 - INFO - 正在为时间段 3276-3277 生成可视化
2025-04-17 17:53:24,894 - INFO - 正在为时间段 3276-3277 生成异常图可视化
2025-04-17 17:53:24,895 - DEBUG - 边统计: 正常边 0 条, 异常边 182 条
2025-04-17 17:53:24,945 - DEBUG - 正在保存可视化结果到 ./visual/els/neighbor_all/strict_deviation/els-1/seg_16_3276_3277.png
2025-04-17 17:53:25,231 - INFO - 成功保存时间段 3276-3277 的可视化结果
2025-04-17 17:53:25,231 - INFO - 
正在处理时间段 18/77: 3321-3322
2025-04-17 17:53:25,231 - INFO - 该时间段的真实异常节点: {12}
2025-04-17 17:53:25,231 - INFO - 正在计算异常分数...
2025-04-17 17:53:25,232 - INFO - 检测到的异常节点: set()
2025-04-17 17:53:25,232 - INFO - 正在为时间段 3321-3322 生成可视化
2025-04-17 17:53:25,232 - INFO - 正在为时间段 3321-3322 生成异常图可视化
2025-04-17 17:53:25,232 - DEBUG - 边统计: 正常边 0 条, 异常边 182 条
2025-04-17 17:53:25,285 - DEBUG - 正在保存可视化结果到 ./visual/els/neighbor_all/strict_deviation/els-1/seg_17_3321_3322.png
2025-04-17 17:53:25,582 - INFO - 成功保存时间段 3321-3322 的可视化结果
2025-04-17 17:53:25,582 - INFO - 
正在处理时间段 19/77: 3339-3345
2025-04-17 17:53:25,583 - INFO - 该时间段的真实异常节点: {6, 7, 8, 9, 11, 12}
2025-04-17 17:53:25,583 - INFO - 正在计算异常分数...
2025-04-17 17:53:25,585 - INFO - 检测到的异常节点: {1, 2, 5, 7, 8, 9, 10, 11, 12, 13, 15}
2025-04-17 17:53:25,585 - INFO - 正在为时间段 3339-3345 生成可视化
2025-04-17 17:53:25,585 - INFO - 正在为时间段 3339-3345 生成异常图可视化
2025-04-17 17:53:25,586 - DEBUG - 边统计: 正常边 202 条, 异常边 8 条
2025-04-17 17:53:25,637 - DEBUG - 正在保存可视化结果到 ./visual/els/neighbor_all/strict_deviation/els-1/seg_18_3339_3345.png
2025-04-17 17:53:25,969 - INFO - 成功保存时间段 3339-3345 的可视化结果
2025-04-17 17:53:25,970 - INFO - 
正在处理时间段 20/77: 3360-3362
2025-04-17 17:53:25,970 - INFO - 该时间段的真实异常节点: {6, 7, 8, 9, 11}
2025-04-17 17:53:25,970 - INFO - 正在计算异常分数...
2025-04-17 17:53:25,970 - INFO - 检测到的异常节点: set()
2025-04-17 17:53:25,970 - INFO - 正在为时间段 3360-3362 生成可视化
2025-04-17 17:53:25,970 - INFO - 正在为时间段 3360-3362 生成异常图可视化
2025-04-17 17:53:25,971 - DEBUG - 边统计: 正常边 60 条, 异常边 122 条
2025-04-17 17:53:26,021 - DEBUG - 正在保存可视化结果到 ./visual/els/neighbor_all/strict_deviation/els-1/seg_19_3360_3362.png
2025-04-17 17:53:26,321 - INFO - 成功保存时间段 3360-3362 的可视化结果
2025-04-17 17:53:26,322 - INFO - 
正在处理时间段 21/77: 3378-3378
2025-04-17 17:53:26,322 - INFO - 该时间段的真实异常节点: {6, 7, 8, 9, 11}
2025-04-17 17:53:26,322 - INFO - 正在计算异常分数...
2025-04-17 17:53:26,322 - INFO - 检测到的异常节点: set()
2025-04-17 17:53:26,322 - INFO - 正在为时间段 3378-3378 生成可视化
2025-04-17 17:53:26,322 - INFO - 正在为时间段 3378-3378 生成异常图可视化
2025-04-17 17:53:26,322 - INFO - 单个点位异常段 3378-3378，扩展为 3374-3378 (window_size=5)
2025-04-17 17:53:26,323 - DEBUG - 边统计: 正常边 174 条, 异常边 36 条
2025-04-17 17:53:26,372 - DEBUG - 正在保存可视化结果到 ./visual/els/neighbor_all/strict_deviation/els-1/seg_20_3378_3378.png
2025-04-17 17:53:26,701 - INFO - 成功保存时间段 3378-3378 的可视化结果
2025-04-17 17:53:26,701 - INFO - 
正在处理时间段 22/77: 3564-3564
2025-04-17 17:53:26,701 - INFO - 该时间段的真实异常节点: {12}
2025-04-17 17:53:26,701 - INFO - 正在计算异常分数...
2025-04-17 17:53:26,701 - INFO - 检测到的异常节点: set()
2025-04-17 17:53:26,701 - INFO - 正在为时间段 3564-3564 生成可视化
2025-04-17 17:53:26,701 - INFO - 正在为时间段 3564-3564 生成异常图可视化
2025-04-17 17:53:26,701 - INFO - 单个点位异常段 3564-3564，扩展为 3560-3564 (window_size=5)
2025-04-17 17:53:26,702 - DEBUG - 边统计: 正常边 170 条, 异常边 12 条
2025-04-17 17:53:26,753 - DEBUG - 正在保存可视化结果到 ./visual/els/neighbor_all/strict_deviation/els-1/seg_21_3564_3564.png
2025-04-17 17:53:27,073 - INFO - 成功保存时间段 3564-3564 的可视化结果
2025-04-17 17:53:27,074 - INFO - 
正在处理时间段 23/77: 3583-3584
2025-04-17 17:53:27,074 - INFO - 该时间段的真实异常节点: {12}
2025-04-17 17:53:27,074 - INFO - 正在计算异常分数...
2025-04-17 17:53:27,074 - INFO - 检测到的异常节点: set()
2025-04-17 17:53:27,074 - INFO - 正在为时间段 3583-3584 生成可视化
2025-04-17 17:53:27,074 - INFO - 正在为时间段 3583-3584 生成异常图可视化
2025-04-17 17:53:27,076 - DEBUG - 边统计: 正常边 0 条, 异常边 182 条
2025-04-17 17:53:27,132 - DEBUG - 正在保存可视化结果到 ./visual/els/neighbor_all/strict_deviation/els-1/seg_22_3583_3584.png
2025-04-17 17:53:27,430 - INFO - 成功保存时间段 3583-3584 的可视化结果
2025-04-17 17:53:27,430 - INFO - 
正在处理时间段 24/77: 3592-3592
2025-04-17 17:53:27,431 - INFO - 该时间段的真实异常节点: {12}
2025-04-17 17:53:27,431 - INFO - 正在计算异常分数...
2025-04-17 17:53:27,431 - INFO - 检测到的异常节点: set()
2025-04-17 17:53:27,431 - INFO - 正在为时间段 3592-3592 生成可视化
2025-04-17 17:53:27,431 - INFO - 正在为时间段 3592-3592 生成异常图可视化
2025-04-17 17:53:27,431 - INFO - 单个点位异常段 3592-3592，扩展为 3588-3592 (window_size=5)
2025-04-17 17:53:27,432 - DEBUG - 边统计: 正常边 144 条, 异常边 38 条
2025-04-17 17:53:27,482 - DEBUG - 正在保存可视化结果到 ./visual/els/neighbor_all/strict_deviation/els-1/seg_23_3592_3592.png
2025-04-17 17:53:27,783 - INFO - 成功保存时间段 3592-3592 的可视化结果
2025-04-17 17:53:27,783 - INFO - 
正在处理时间段 25/77: 3611-3611
2025-04-17 17:53:27,784 - INFO - 该时间段的真实异常节点: {12}
2025-04-17 17:53:27,784 - INFO - 正在计算异常分数...
2025-04-17 17:53:27,784 - INFO - 检测到的异常节点: set()
2025-04-17 17:53:27,784 - INFO - 正在为时间段 3611-3611 生成可视化
2025-04-17 17:53:27,784 - INFO - 正在为时间段 3611-3611 生成异常图可视化
2025-04-17 17:53:27,784 - INFO - 单个点位异常段 3611-3611，扩展为 3607-3611 (window_size=5)
2025-04-17 17:53:27,785 - DEBUG - 边统计: 正常边 194 条, 异常边 16 条
2025-04-17 17:53:27,836 - DEBUG - 正在保存可视化结果到 ./visual/els/neighbor_all/strict_deviation/els-1/seg_24_3611_3611.png
2025-04-17 17:53:28,169 - INFO - 成功保存时间段 3611-3611 的可视化结果
2025-04-17 17:53:28,170 - INFO - 
正在处理时间段 26/77: 3646-3646
2025-04-17 17:53:28,170 - INFO - 该时间段的真实异常节点: {12}
2025-04-17 17:53:28,170 - INFO - 正在计算异常分数...
2025-04-17 17:53:28,170 - INFO - 检测到的异常节点: set()
2025-04-17 17:53:28,170 - INFO - 正在为时间段 3646-3646 生成可视化
2025-04-17 17:53:28,170 - INFO - 正在为时间段 3646-3646 生成异常图可视化
2025-04-17 17:53:28,170 - INFO - 单个点位异常段 3646-3646，扩展为 3642-3646 (window_size=5)
2025-04-17 17:53:28,171 - DEBUG - 边统计: 正常边 130 条, 异常边 52 条
2025-04-17 17:53:28,222 - DEBUG - 正在保存可视化结果到 ./visual/els/neighbor_all/strict_deviation/els-1/seg_25_3646_3646.png
2025-04-17 17:53:28,520 - INFO - 成功保存时间段 3646-3646 的可视化结果
2025-04-17 17:53:28,520 - INFO - 
正在处理时间段 27/77: 3653-3657
2025-04-17 17:53:28,521 - INFO - 该时间段的真实异常节点: {6, 7, 8, 9, 11}
2025-04-17 17:53:28,521 - INFO - 正在计算异常分数...
2025-04-17 17:53:28,522 - INFO - 检测到的异常节点: {3, 5, 7, 8, 9, 10, 11, 12, 13}
2025-04-17 17:53:28,522 - INFO - 正在为时间段 3653-3657 生成可视化
2025-04-17 17:53:28,522 - INFO - 正在为时间段 3653-3657 生成异常图可视化
2025-04-17 17:53:28,523 - DEBUG - 边统计: 正常边 160 条, 异常边 50 条
2025-04-17 17:53:28,572 - DEBUG - 正在保存可视化结果到 ./visual/els/neighbor_all/strict_deviation/els-1/seg_26_3653_3657.png
2025-04-17 17:53:28,908 - INFO - 成功保存时间段 3653-3657 的可视化结果
2025-04-17 17:53:28,909 - INFO - 
正在处理时间段 28/77: 3896-3898
2025-04-17 17:53:28,909 - INFO - 该时间段的真实异常节点: {12}
2025-04-17 17:53:28,909 - INFO - 正在计算异常分数...
2025-04-17 17:53:28,909 - INFO - 检测到的异常节点: set()
2025-04-17 17:53:28,909 - INFO - 正在为时间段 3896-3898 生成可视化
2025-04-17 17:53:28,909 - INFO - 正在为时间段 3896-3898 生成异常图可视化
2025-04-17 17:53:28,910 - DEBUG - 边统计: 正常边 96 条, 异常边 86 条
2025-04-17 17:53:29,037 - DEBUG - 正在保存可视化结果到 ./visual/els/neighbor_all/strict_deviation/els-1/seg_27_3896_3898.png
2025-04-17 17:53:29,336 - INFO - 成功保存时间段 3896-3898 的可视化结果
2025-04-17 17:53:29,336 - INFO - 
正在处理时间段 29/77: 4224-4239
2025-04-17 17:53:29,336 - INFO - 该时间段的真实异常节点: {6, 7, 8, 9, 10, 11}
2025-04-17 17:53:29,336 - INFO - 正在计算异常分数...
2025-04-17 17:53:29,344 - INFO - 检测到的异常节点: {1, 2, 3, 4, 5, 6, 7, 8, 9, 10, 11, 12, 13, 14, 15}
2025-04-17 17:53:29,344 - INFO - 正在为时间段 4224-4239 生成可视化
2025-04-17 17:53:29,344 - INFO - 正在为时间段 4224-4239 生成异常图可视化
2025-04-17 17:53:29,345 - DEBUG - 边统计: 正常边 210 条, 异常边 0 条
2025-04-17 17:53:29,394 - DEBUG - 正在保存可视化结果到 ./visual/els/neighbor_all/strict_deviation/els-1/seg_28_4224_4239.png
2025-04-17 17:53:29,726 - INFO - 成功保存时间段 4224-4239 的可视化结果
2025-04-17 17:53:29,726 - INFO - 
正在处理时间段 30/77: 4451-4454
2025-04-17 17:53:29,727 - INFO - 该时间段的真实异常节点: {12}
2025-04-17 17:53:29,727 - INFO - 正在计算异常分数...
2025-04-17 17:53:29,727 - INFO - 检测到的异常节点: set()
2025-04-17 17:53:29,727 - INFO - 正在为时间段 4451-4454 生成可视化
2025-04-17 17:53:29,727 - INFO - 正在为时间段 4451-4454 生成异常图可视化
2025-04-17 17:53:29,728 - DEBUG - 边统计: 正常边 164 条, 异常边 18 条
2025-04-17 17:53:29,777 - DEBUG - 正在保存可视化结果到 ./visual/els/neighbor_all/strict_deviation/els-1/seg_29_4451_4454.png
2025-04-17 17:53:30,073 - INFO - 成功保存时间段 4451-4454 的可视化结果
2025-04-17 17:53:30,073 - INFO - 
正在处理时间段 31/77: 4474-4474
2025-04-17 17:53:30,073 - INFO - 该时间段的真实异常节点: {12}
2025-04-17 17:53:30,073 - INFO - 正在计算异常分数...
2025-04-17 17:53:30,073 - INFO - 检测到的异常节点: set()
2025-04-17 17:53:30,073 - INFO - 正在为时间段 4474-4474 生成可视化
2025-04-17 17:53:30,073 - INFO - 正在为时间段 4474-4474 生成异常图可视化
2025-04-17 17:53:30,073 - INFO - 单个点位异常段 4474-4474，扩展为 4470-4474 (window_size=5)
2025-04-17 17:53:30,075 - DEBUG - 边统计: 正常边 194 条, 异常边 16 条
2025-04-17 17:53:30,123 - DEBUG - 正在保存可视化结果到 ./visual/els/neighbor_all/strict_deviation/els-1/seg_30_4474_4474.png
2025-04-17 17:53:30,459 - INFO - 成功保存时间段 4474-4474 的可视化结果
2025-04-17 17:53:30,459 - INFO - 
正在处理时间段 32/77: 4533-4537
2025-04-17 17:53:30,459 - INFO - 该时间段的真实异常节点: {6, 7, 8, 9, 11}
2025-04-17 17:53:30,459 - INFO - 正在计算异常分数...
2025-04-17 17:53:30,460 - INFO - 检测到的异常节点: {3, 7, 9, 11, 15}
2025-04-17 17:53:30,460 - INFO - 正在为时间段 4533-4537 生成可视化
2025-04-17 17:53:30,460 - INFO - 正在为时间段 4533-4537 生成异常图可视化
2025-04-17 17:53:30,461 - DEBUG - 边统计: 正常边 194 条, 异常边 16 条
2025-04-17 17:53:30,511 - DEBUG - 正在保存可视化结果到 ./visual/els/neighbor_all/strict_deviation/els-1/seg_31_4533_4537.png
2025-04-17 17:53:30,851 - INFO - 成功保存时间段 4533-4537 的可视化结果
2025-04-17 17:53:30,851 - INFO - 
正在处理时间段 33/77: 4778-4796
2025-04-17 17:53:30,851 - INFO - 该时间段的真实异常节点: {6, 7, 8, 9, 10, 11}
2025-04-17 17:53:30,851 - INFO - 正在计算异常分数...
2025-04-17 17:53:30,865 - INFO - 检测到的异常节点: {1, 2, 3, 4, 5, 6, 7, 8, 9, 10, 11, 12, 13, 14, 15}
2025-04-17 17:53:30,865 - INFO - 正在为时间段 4778-4796 生成可视化
2025-04-17 17:53:30,865 - INFO - 正在为时间段 4778-4796 生成异常图可视化
2025-04-17 17:53:30,868 - DEBUG - 边统计: 正常边 204 条, 异常边 6 条
2025-04-17 17:53:30,923 - DEBUG - 正在保存可视化结果到 ./visual/els/neighbor_all/strict_deviation/els-1/seg_32_4778_4796.png
2025-04-17 17:53:31,258 - INFO - 成功保存时间段 4778-4796 的可视化结果
2025-04-17 17:53:31,258 - INFO - 
正在处理时间段 34/77: 5077-5081
2025-04-17 17:53:31,258 - INFO - 该时间段的真实异常节点: {6, 7, 8, 9, 10, 11}
2025-04-17 17:53:31,258 - INFO - 正在计算异常分数...
2025-04-17 17:53:31,259 - INFO - 检测到的异常节点: {9, 6}
2025-04-17 17:53:31,259 - INFO - 正在为时间段 5077-5081 生成可视化
2025-04-17 17:53:31,259 - INFO - 正在为时间段 5077-5081 生成异常图可视化
2025-04-17 17:53:31,260 - DEBUG - 边统计: 正常边 202 条, 异常边 8 条
2025-04-17 17:53:31,310 - DEBUG - 正在保存可视化结果到 ./visual/els/neighbor_all/strict_deviation/els-1/seg_33_5077_5081.png
2025-04-17 17:53:31,643 - INFO - 成功保存时间段 5077-5081 的可视化结果
2025-04-17 17:53:31,643 - INFO - 
正在处理时间段 35/77: 5287-5289
2025-04-17 17:53:31,643 - INFO - 该时间段的真实异常节点: {6, 7, 8, 9, 11, 12}
2025-04-17 17:53:31,643 - INFO - 正在计算异常分数...
2025-04-17 17:53:31,643 - INFO - 检测到的异常节点: set()
2025-04-17 17:53:31,644 - INFO - 正在为时间段 5287-5289 生成可视化
2025-04-17 17:53:31,644 - INFO - 正在为时间段 5287-5289 生成异常图可视化
2025-04-17 17:53:31,645 - DEBUG - 边统计: 正常边 92 条, 异常边 90 条
2025-04-17 17:53:31,695 - DEBUG - 正在保存可视化结果到 ./visual/els/neighbor_all/strict_deviation/els-1/seg_34_5287_5289.png
2025-04-17 17:53:31,991 - INFO - 成功保存时间段 5287-5289 的可视化结果
2025-04-17 17:53:31,991 - INFO - 
正在处理时间段 36/77: 5291-5291
2025-04-17 17:53:31,991 - INFO - 该时间段的真实异常节点: {9, 11, 12}
2025-04-17 17:53:31,991 - INFO - 正在计算异常分数...
2025-04-17 17:53:31,991 - INFO - 检测到的异常节点: set()
2025-04-17 17:53:31,991 - INFO - 正在为时间段 5291-5291 生成可视化
2025-04-17 17:53:31,991 - INFO - 正在为时间段 5291-5291 生成异常图可视化
2025-04-17 17:53:31,991 - INFO - 单个点位异常段 5291-5291，扩展为 5287-5291 (window_size=5)
2025-04-17 17:53:31,992 - DEBUG - 边统计: 正常边 168 条, 异常边 14 条
2025-04-17 17:53:32,043 - DEBUG - 正在保存可视化结果到 ./visual/els/neighbor_all/strict_deviation/els-1/seg_35_5291_5291.png
2025-04-17 17:53:32,336 - INFO - 成功保存时间段 5291-5291 的可视化结果
2025-04-17 17:53:32,336 - INFO - 
正在处理时间段 37/77: 5337-5337
2025-04-17 17:53:32,337 - INFO - 该时间段的真实异常节点: {12}
2025-04-17 17:53:32,337 - INFO - 正在计算异常分数...
2025-04-17 17:53:32,337 - INFO - 检测到的异常节点: set()
2025-04-17 17:53:32,337 - INFO - 正在为时间段 5337-5337 生成可视化
2025-04-17 17:53:32,337 - INFO - 正在为时间段 5337-5337 生成异常图可视化
2025-04-17 17:53:32,337 - INFO - 单个点位异常段 5337-5337，扩展为 5333-5337 (window_size=5)
2025-04-17 17:53:32,338 - DEBUG - 边统计: 正常边 160 条, 异常边 22 条
2025-04-17 17:53:32,388 - DEBUG - 正在保存可视化结果到 ./visual/els/neighbor_all/strict_deviation/els-1/seg_36_5337_5337.png
2025-04-17 17:53:32,681 - INFO - 成功保存时间段 5337-5337 的可视化结果
2025-04-17 17:53:32,681 - INFO - 
正在处理时间段 38/77: 5576-5576
2025-04-17 17:53:32,681 - INFO - 该时间段的真实异常节点: {12}
2025-04-17 17:53:32,681 - INFO - 正在计算异常分数...
2025-04-17 17:53:32,681 - INFO - 检测到的异常节点: set()
2025-04-17 17:53:32,681 - INFO - 正在为时间段 5576-5576 生成可视化
2025-04-17 17:53:32,681 - INFO - 正在为时间段 5576-5576 生成异常图可视化
2025-04-17 17:53:32,681 - INFO - 单个点位异常段 5576-5576，扩展为 5572-5576 (window_size=5)
2025-04-17 17:53:32,682 - DEBUG - 边统计: 正常边 168 条, 异常边 14 条
2025-04-17 17:53:32,731 - DEBUG - 正在保存可视化结果到 ./visual/els/neighbor_all/strict_deviation/els-1/seg_37_5576_5576.png
2025-04-17 17:53:33,023 - INFO - 成功保存时间段 5576-5576 的可视化结果
2025-04-17 17:53:33,023 - INFO - 
正在处理时间段 39/77: 5582-5582
2025-04-17 17:53:33,024 - INFO - 该时间段的真实异常节点: {12}
2025-04-17 17:53:33,024 - INFO - 正在计算异常分数...
2025-04-17 17:53:33,024 - INFO - 检测到的异常节点: set()
2025-04-17 17:53:33,024 - INFO - 正在为时间段 5582-5582 生成可视化
2025-04-17 17:53:33,024 - INFO - 正在为时间段 5582-5582 生成异常图可视化
2025-04-17 17:53:33,024 - INFO - 单个点位异常段 5582-5582，扩展为 5578-5582 (window_size=5)
2025-04-17 17:53:33,025 - DEBUG - 边统计: 正常边 168 条, 异常边 42 条
2025-04-17 17:53:33,075 - DEBUG - 正在保存可视化结果到 ./visual/els/neighbor_all/strict_deviation/els-1/seg_38_5582_5582.png
2025-04-17 17:53:33,412 - INFO - 成功保存时间段 5582-5582 的可视化结果
2025-04-17 17:53:33,412 - INFO - 
正在处理时间段 40/77: 5591-5591
2025-04-17 17:53:33,412 - INFO - 该时间段的真实异常节点: {12}
2025-04-17 17:53:33,412 - INFO - 正在计算异常分数...
2025-04-17 17:53:33,413 - INFO - 检测到的异常节点: set()
2025-04-17 17:53:33,413 - INFO - 正在为时间段 5591-5591 生成可视化
2025-04-17 17:53:33,413 - INFO - 正在为时间段 5591-5591 生成异常图可视化
2025-04-17 17:53:33,413 - INFO - 单个点位异常段 5591-5591，扩展为 5587-5591 (window_size=5)
2025-04-17 17:53:33,414 - DEBUG - 边统计: 正常边 166 条, 异常边 16 条
2025-04-17 17:53:33,464 - DEBUG - 正在保存可视化结果到 ./visual/els/neighbor_all/strict_deviation/els-1/seg_39_5591_5591.png
2025-04-17 17:53:33,756 - INFO - 成功保存时间段 5591-5591 的可视化结果
2025-04-17 17:53:33,756 - INFO - 
正在处理时间段 41/77: 5606-5606
2025-04-17 17:53:33,756 - INFO - 该时间段的真实异常节点: {12}
2025-04-17 17:53:33,756 - INFO - 正在计算异常分数...
2025-04-17 17:53:33,757 - INFO - 检测到的异常节点: set()
2025-04-17 17:53:33,757 - INFO - 正在为时间段 5606-5606 生成可视化
2025-04-17 17:53:33,757 - INFO - 正在为时间段 5606-5606 生成异常图可视化
2025-04-17 17:53:33,757 - INFO - 单个点位异常段 5606-5606，扩展为 5602-5606 (window_size=5)
2025-04-17 17:53:33,758 - DEBUG - 边统计: 正常边 186 条, 异常边 24 条
2025-04-17 17:53:33,880 - DEBUG - 正在保存可视化结果到 ./visual/els/neighbor_all/strict_deviation/els-1/seg_40_5606_5606.png
2025-04-17 17:53:34,214 - INFO - 成功保存时间段 5606-5606 的可视化结果
2025-04-17 17:53:34,215 - INFO - 
正在处理时间段 42/77: 5621-5621
2025-04-17 17:53:34,215 - INFO - 该时间段的真实异常节点: {12}
2025-04-17 17:53:34,215 - INFO - 正在计算异常分数...
2025-04-17 17:53:34,215 - INFO - 检测到的异常节点: set()
2025-04-17 17:53:34,215 - INFO - 正在为时间段 5621-5621 生成可视化
2025-04-17 17:53:34,215 - INFO - 正在为时间段 5621-5621 生成异常图可视化
2025-04-17 17:53:34,215 - INFO - 单个点位异常段 5621-5621，扩展为 5617-5621 (window_size=5)
2025-04-17 17:53:34,216 - DEBUG - 边统计: 正常边 128 条, 异常边 54 条
2025-04-17 17:53:34,266 - DEBUG - 正在保存可视化结果到 ./visual/els/neighbor_all/strict_deviation/els-1/seg_41_5621_5621.png
2025-04-17 17:53:34,562 - INFO - 成功保存时间段 5621-5621 的可视化结果
2025-04-17 17:53:34,562 - INFO - 
正在处理时间段 43/77: 5627-5627
2025-04-17 17:53:34,562 - INFO - 该时间段的真实异常节点: {12}
2025-04-17 17:53:34,562 - INFO - 正在计算异常分数...
2025-04-17 17:53:34,562 - INFO - 检测到的异常节点: set()
2025-04-17 17:53:34,562 - INFO - 正在为时间段 5627-5627 生成可视化
2025-04-17 17:53:34,562 - INFO - 正在为时间段 5627-5627 生成异常图可视化
2025-04-17 17:53:34,562 - INFO - 单个点位异常段 5627-5627，扩展为 5623-5627 (window_size=5)
2025-04-17 17:53:34,563 - DEBUG - 边统计: 正常边 190 条, 异常边 20 条
2025-04-17 17:53:34,612 - DEBUG - 正在保存可视化结果到 ./visual/els/neighbor_all/strict_deviation/els-1/seg_42_5627_5627.png
2025-04-17 17:53:34,954 - INFO - 成功保存时间段 5627-5627 的可视化结果
2025-04-17 17:53:34,955 - INFO - 
正在处理时间段 44/77: 5963-5981
2025-04-17 17:53:34,955 - INFO - 该时间段的真实异常节点: {6, 7, 8, 9, 11}
2025-04-17 17:53:34,955 - INFO - 正在计算异常分数...
2025-04-17 17:53:34,964 - INFO - 检测到的异常节点: {1, 2, 3, 4, 5, 6, 7, 8, 9, 10, 11, 12, 13, 14, 15}
2025-04-17 17:53:34,964 - INFO - 正在为时间段 5963-5981 生成可视化
2025-04-17 17:53:34,964 - INFO - 正在为时间段 5963-5981 生成异常图可视化
2025-04-17 17:53:34,965 - DEBUG - 边统计: 正常边 210 条, 异常边 0 条
2025-04-17 17:53:35,015 - DEBUG - 正在保存可视化结果到 ./visual/els/neighbor_all/strict_deviation/els-1/seg_43_5963_5981.png
2025-04-17 17:53:35,347 - INFO - 成功保存时间段 5963-5981 的可视化结果
2025-04-17 17:53:35,347 - INFO - 
正在处理时间段 45/77: 6157-6161
2025-04-17 17:53:35,347 - INFO - 该时间段的真实异常节点: {12}
2025-04-17 17:53:35,347 - INFO - 正在计算异常分数...
2025-04-17 17:53:35,348 - INFO - 检测到的异常节点: {1, 3, 4, 6, 7, 9, 10, 13, 14}
2025-04-17 17:53:35,348 - INFO - 正在为时间段 6157-6161 生成可视化
2025-04-17 17:53:35,348 - INFO - 正在为时间段 6157-6161 生成异常图可视化
2025-04-17 17:53:35,349 - DEBUG - 边统计: 正常边 152 条, 异常边 30 条
2025-04-17 17:53:35,400 - DEBUG - 正在保存可视化结果到 ./visual/els/neighbor_all/strict_deviation/els-1/seg_44_6157_6161.png
2025-04-17 17:53:35,713 - INFO - 成功保存时间段 6157-6161 的可视化结果
2025-04-17 17:53:35,714 - INFO - 
正在处理时间段 46/77: 6197-6200
2025-04-17 17:53:35,714 - INFO - 该时间段的真实异常节点: {12}
2025-04-17 17:53:35,714 - INFO - 正在计算异常分数...
2025-04-17 17:53:35,714 - INFO - 检测到的异常节点: set()
2025-04-17 17:53:35,714 - INFO - 正在为时间段 6197-6200 生成可视化
2025-04-17 17:53:35,714 - INFO - 正在为时间段 6197-6200 生成异常图可视化
2025-04-17 17:53:35,716 - DEBUG - 边统计: 正常边 148 条, 异常边 34 条
2025-04-17 17:53:35,768 - DEBUG - 正在保存可视化结果到 ./visual/els/neighbor_all/strict_deviation/els-1/seg_45_6197_6200.png
2025-04-17 17:53:36,066 - INFO - 成功保存时间段 6197-6200 的可视化结果
2025-04-17 17:53:36,066 - INFO - 
正在处理时间段 47/77: 6233-6254
2025-04-17 17:53:36,066 - INFO - 该时间段的真实异常节点: {6, 7, 8, 9, 11, 12}
2025-04-17 17:53:36,066 - INFO - 正在计算异常分数...
2025-04-17 17:53:36,078 - INFO - 检测到的异常节点: {1, 2, 3, 4, 5, 6, 7, 8, 9, 10, 11, 12, 13, 14, 15}
2025-04-17 17:53:36,078 - INFO - 正在为时间段 6233-6254 生成可视化
2025-04-17 17:53:36,078 - INFO - 正在为时间段 6233-6254 生成异常图可视化
2025-04-17 17:53:36,079 - DEBUG - 边统计: 正常边 200 条, 异常边 10 条
2025-04-17 17:53:36,129 - DEBUG - 正在保存可视化结果到 ./visual/els/neighbor_all/strict_deviation/els-1/seg_46_6233_6254.png
2025-04-17 17:53:36,462 - INFO - 成功保存时间段 6233-6254 的可视化结果
2025-04-17 17:53:36,462 - INFO - 
正在处理时间段 48/77: 6440-6449
2025-04-17 17:53:36,462 - INFO - 该时间段的真实异常节点: {9, 10, 12}
2025-04-17 17:53:36,462 - INFO - 正在计算异常分数...
2025-04-17 17:53:36,466 - INFO - 检测到的异常节点: {1, 2, 3, 4, 5, 6, 7, 8, 9, 10, 11, 12, 13, 14, 15}
2025-04-17 17:53:36,466 - INFO - 正在为时间段 6440-6449 生成可视化
2025-04-17 17:53:36,466 - INFO - 正在为时间段 6440-6449 生成异常图可视化
2025-04-17 17:53:36,467 - DEBUG - 边统计: 正常边 208 条, 异常边 2 条
2025-04-17 17:53:36,517 - DEBUG - 正在保存可视化结果到 ./visual/els/neighbor_all/strict_deviation/els-1/seg_47_6440_6449.png
2025-04-17 17:53:36,853 - INFO - 成功保存时间段 6440-6449 的可视化结果
2025-04-17 17:53:36,853 - INFO - 
正在处理时间段 49/77: 6457-6457
2025-04-17 17:53:36,853 - INFO - 该时间段的真实异常节点: {12}
2025-04-17 17:53:36,853 - INFO - 正在计算异常分数...
2025-04-17 17:53:36,853 - INFO - 检测到的异常节点: set()
2025-04-17 17:53:36,853 - INFO - 正在为时间段 6457-6457 生成可视化
2025-04-17 17:53:36,853 - INFO - 正在为时间段 6457-6457 生成异常图可视化
2025-04-17 17:53:36,853 - INFO - 单个点位异常段 6457-6457，扩展为 6453-6457 (window_size=5)
2025-04-17 17:53:36,855 - DEBUG - 边统计: 正常边 194 条, 异常边 16 条
2025-04-17 17:53:36,905 - DEBUG - 正在保存可视化结果到 ./visual/els/neighbor_all/strict_deviation/els-1/seg_48_6457_6457.png
2025-04-17 17:53:37,238 - INFO - 成功保存时间段 6457-6457 的可视化结果
2025-04-17 17:53:37,239 - INFO - 
正在处理时间段 50/77: 6471-6491
2025-04-17 17:53:37,239 - INFO - 该时间段的真实异常节点: {12}
2025-04-17 17:53:37,239 - INFO - 正在计算异常分数...
2025-04-17 17:53:37,249 - INFO - 检测到的异常节点: {1, 2, 3, 4, 5, 6, 7, 8, 9, 10, 11, 12, 13, 14, 15}
2025-04-17 17:53:37,249 - INFO - 正在为时间段 6471-6491 生成可视化
2025-04-17 17:53:37,249 - INFO - 正在为时间段 6471-6491 生成异常图可视化
2025-04-17 17:53:37,250 - DEBUG - 边统计: 正常边 210 条, 异常边 0 条
2025-04-17 17:53:37,300 - DEBUG - 正在保存可视化结果到 ./visual/els/neighbor_all/strict_deviation/els-1/seg_49_6471_6491.png
2025-04-17 17:53:37,633 - INFO - 成功保存时间段 6471-6491 的可视化结果
2025-04-17 17:53:37,633 - INFO - 
正在处理时间段 51/77: 6500-6500
2025-04-17 17:53:37,633 - INFO - 该时间段的真实异常节点: {12}
2025-04-17 17:53:37,633 - INFO - 正在计算异常分数...
2025-04-17 17:53:37,633 - INFO - 检测到的异常节点: set()
2025-04-17 17:53:37,633 - INFO - 正在为时间段 6500-6500 生成可视化
2025-04-17 17:53:37,633 - INFO - 正在为时间段 6500-6500 生成异常图可视化
2025-04-17 17:53:37,633 - INFO - 单个点位异常段 6500-6500，扩展为 6496-6500 (window_size=5)
2025-04-17 17:53:37,634 - DEBUG - 边统计: 正常边 168 条, 异常边 14 条
2025-04-17 17:53:37,685 - DEBUG - 正在保存可视化结果到 ./visual/els/neighbor_all/strict_deviation/els-1/seg_50_6500_6500.png
2025-04-17 17:53:37,978 - INFO - 成功保存时间段 6500-6500 的可视化结果
2025-04-17 17:53:37,978 - INFO - 
正在处理时间段 52/77: 6513-6515
2025-04-17 17:53:37,978 - INFO - 该时间段的真实异常节点: {6, 7, 8, 9, 11}
2025-04-17 17:53:37,978 - INFO - 正在计算异常分数...
2025-04-17 17:53:37,978 - INFO - 检测到的异常节点: set()
2025-04-17 17:53:37,978 - INFO - 正在为时间段 6513-6515 生成可视化
2025-04-17 17:53:37,978 - INFO - 正在为时间段 6513-6515 生成异常图可视化
2025-04-17 17:53:37,979 - DEBUG - 边统计: 正常边 92 条, 异常边 118 条
2025-04-17 17:53:38,029 - DEBUG - 正在保存可视化结果到 ./visual/els/neighbor_all/strict_deviation/els-1/seg_51_6513_6515.png
2025-04-17 17:53:38,371 - INFO - 成功保存时间段 6513-6515 的可视化结果
2025-04-17 17:53:38,371 - INFO - 
正在处理时间段 53/77: 6531-6545
2025-04-17 17:53:38,371 - INFO - 该时间段的真实异常节点: {12}
2025-04-17 17:53:38,371 - INFO - 正在计算异常分数...
2025-04-17 17:53:38,378 - INFO - 检测到的异常节点: {1, 2, 3, 4, 5, 6, 7, 8, 9, 10, 11, 12, 13, 14}
2025-04-17 17:53:38,378 - INFO - 正在为时间段 6531-6545 生成可视化
2025-04-17 17:53:38,378 - INFO - 正在为时间段 6531-6545 生成异常图可视化
2025-04-17 17:53:38,379 - DEBUG - 边统计: 正常边 182 条, 异常边 0 条
2025-04-17 17:53:38,428 - DEBUG - 正在保存可视化结果到 ./visual/els/neighbor_all/strict_deviation/els-1/seg_52_6531_6545.png
2025-04-17 17:53:38,721 - INFO - 成功保存时间段 6531-6545 的可视化结果
2025-04-17 17:53:38,722 - INFO - 
正在处理时间段 54/77: 6549-6563
2025-04-17 17:53:38,722 - INFO - 该时间段的真实异常节点: {6, 7, 8, 9, 11}
2025-04-17 17:53:38,722 - INFO - 正在计算异常分数...
2025-04-17 17:53:38,729 - INFO - 检测到的异常节点: {1, 2, 3, 4, 5, 6, 7, 8, 9, 10, 11, 12, 13, 14, 15}
2025-04-17 17:53:38,729 - INFO - 正在为时间段 6549-6563 生成可视化
2025-04-17 17:53:38,729 - INFO - 正在为时间段 6549-6563 生成异常图可视化
2025-04-17 17:53:38,730 - DEBUG - 边统计: 正常边 196 条, 异常边 14 条
2025-04-17 17:53:38,874 - DEBUG - 正在保存可视化结果到 ./visual/els/neighbor_all/strict_deviation/els-1/seg_53_6549_6563.png
2025-04-17 17:53:39,207 - INFO - 成功保存时间段 6549-6563 的可视化结果
2025-04-17 17:53:39,207 - INFO - 
正在处理时间段 55/77: 6726-6730
2025-04-17 17:53:39,207 - INFO - 该时间段的真实异常节点: {12}
2025-04-17 17:53:39,207 - INFO - 正在计算异常分数...
2025-04-17 17:53:39,208 - INFO - 检测到的异常节点: {3, 4, 5, 6, 9, 14}
2025-04-17 17:53:39,208 - INFO - 正在为时间段 6726-6730 生成可视化
2025-04-17 17:53:39,208 - INFO - 正在为时间段 6726-6730 生成异常图可视化
2025-04-17 17:53:39,209 - DEBUG - 边统计: 正常边 152 条, 异常边 30 条
2025-04-17 17:53:39,259 - DEBUG - 正在保存可视化结果到 ./visual/els/neighbor_all/strict_deviation/els-1/seg_54_6726_6730.png
2025-04-17 17:53:39,552 - INFO - 成功保存时间段 6726-6730 的可视化结果
2025-04-17 17:53:39,552 - INFO - 
正在处理时间段 56/77: 6824-6825
2025-04-17 17:53:39,553 - INFO - 该时间段的真实异常节点: {6, 7, 8, 9, 11}
2025-04-17 17:53:39,553 - INFO - 正在计算异常分数...
2025-04-17 17:53:39,553 - INFO - 检测到的异常节点: set()
2025-04-17 17:53:39,553 - INFO - 正在为时间段 6824-6825 生成可视化
2025-04-17 17:53:39,553 - INFO - 正在为时间段 6824-6825 生成异常图可视化
2025-04-17 17:53:39,554 - DEBUG - 边统计: 正常边 0 条, 异常边 156 条
2025-04-17 17:53:39,607 - DEBUG - 正在保存可视化结果到 ./visual/els/neighbor_all/strict_deviation/els-1/seg_55_6824_6825.png
2025-04-17 17:53:39,897 - INFO - 成功保存时间段 6824-6825 的可视化结果
2025-04-17 17:53:39,897 - INFO - 
正在处理时间段 57/77: 7302-7302
2025-04-17 17:53:39,898 - INFO - 该时间段的真实异常节点: {12}
2025-04-17 17:53:39,898 - INFO - 正在计算异常分数...
2025-04-17 17:53:39,898 - INFO - 检测到的异常节点: set()
2025-04-17 17:53:39,898 - INFO - 正在为时间段 7302-7302 生成可视化
2025-04-17 17:53:39,898 - INFO - 正在为时间段 7302-7302 生成异常图可视化
2025-04-17 17:53:39,898 - INFO - 单个点位异常段 7302-7302，扩展为 7298-7302 (window_size=5)
2025-04-17 17:53:39,899 - DEBUG - 边统计: 正常边 186 条, 异常边 24 条
2025-04-17 17:53:39,948 - DEBUG - 正在保存可视化结果到 ./visual/els/neighbor_all/strict_deviation/els-1/seg_56_7302_7302.png
2025-04-17 17:53:40,283 - INFO - 成功保存时间段 7302-7302 的可视化结果
2025-04-17 17:53:40,283 - INFO - 
正在处理时间段 58/77: 7337-7337
2025-04-17 17:53:40,283 - INFO - 该时间段的真实异常节点: {12}
2025-04-17 17:53:40,283 - INFO - 正在计算异常分数...
2025-04-17 17:53:40,283 - INFO - 检测到的异常节点: set()
2025-04-17 17:53:40,283 - INFO - 正在为时间段 7337-7337 生成可视化
2025-04-17 17:53:40,283 - INFO - 正在为时间段 7337-7337 生成异常图可视化
2025-04-17 17:53:40,283 - INFO - 单个点位异常段 7337-7337，扩展为 7333-7337 (window_size=5)
2025-04-17 17:53:40,284 - DEBUG - 边统计: 正常边 182 条, 异常边 28 条
2025-04-17 17:53:40,334 - DEBUG - 正在保存可视化结果到 ./visual/els/neighbor_all/strict_deviation/els-1/seg_57_7337_7337.png
2025-04-17 17:53:40,667 - INFO - 成功保存时间段 7337-7337 的可视化结果
2025-04-17 17:53:40,667 - INFO - 
正在处理时间段 59/77: 7384-7414
2025-04-17 17:53:40,667 - INFO - 该时间段的真实异常节点: {6, 7, 8, 9, 10, 11}
2025-04-17 17:53:40,668 - INFO - 正在计算异常分数...
2025-04-17 17:53:40,685 - INFO - 检测到的异常节点: {1, 2, 3, 4, 5, 6, 7, 8, 9, 10, 11, 12, 13, 14, 15}
2025-04-17 17:53:40,685 - INFO - 正在为时间段 7384-7414 生成可视化
2025-04-17 17:53:40,685 - INFO - 正在为时间段 7384-7414 生成异常图可视化
2025-04-17 17:53:40,686 - DEBUG - 边统计: 正常边 204 条, 异常边 6 条
2025-04-17 17:53:40,735 - DEBUG - 正在保存可视化结果到 ./visual/els/neighbor_all/strict_deviation/els-1/seg_58_7384_7414.png
2025-04-17 17:53:41,066 - INFO - 成功保存时间段 7384-7414 的可视化结果
2025-04-17 17:53:41,066 - INFO - 
正在处理时间段 60/77: 7591-7592
2025-04-17 17:53:41,067 - INFO - 该时间段的真实异常节点: {6, 7, 8, 9, 11, 12}
2025-04-17 17:53:41,067 - INFO - 正在计算异常分数...
2025-04-17 17:53:41,067 - INFO - 检测到的异常节点: set()
2025-04-17 17:53:41,067 - INFO - 正在为时间段 7591-7592 生成可视化
2025-04-17 17:53:41,067 - INFO - 正在为时间段 7591-7592 生成异常图可视化
2025-04-17 17:53:41,068 - DEBUG - 边统计: 正常边 0 条, 异常边 156 条
2025-04-17 17:53:41,120 - DEBUG - 正在保存可视化结果到 ./visual/els/neighbor_all/strict_deviation/els-1/seg_59_7591_7592.png
2025-04-17 17:53:41,409 - INFO - 成功保存时间段 7591-7592 的可视化结果
2025-04-17 17:53:41,409 - INFO - 
正在处理时间段 61/77: 7596-7598
2025-04-17 17:53:41,410 - INFO - 该时间段的真实异常节点: {6, 7, 8, 9, 12}
2025-04-17 17:53:41,410 - INFO - 正在计算异常分数...
2025-04-17 17:53:41,410 - INFO - 检测到的异常节点: set()
2025-04-17 17:53:41,410 - INFO - 正在为时间段 7596-7598 生成可视化
2025-04-17 17:53:41,410 - INFO - 正在为时间段 7596-7598 生成异常图可视化
2025-04-17 17:53:41,411 - DEBUG - 边统计: 正常边 110 条, 异常边 72 条
2025-04-17 17:53:41,460 - DEBUG - 正在保存可视化结果到 ./visual/els/neighbor_all/strict_deviation/els-1/seg_60_7596_7598.png
2025-04-17 17:53:41,757 - INFO - 成功保存时间段 7596-7598 的可视化结果
2025-04-17 17:53:41,757 - INFO - 
正在处理时间段 62/77: 7640-7640
2025-04-17 17:53:41,757 - INFO - 该时间段的真实异常节点: {12}
2025-04-17 17:53:41,757 - INFO - 正在计算异常分数...
2025-04-17 17:53:41,757 - INFO - 检测到的异常节点: set()
2025-04-17 17:53:41,757 - INFO - 正在为时间段 7640-7640 生成可视化
2025-04-17 17:53:41,757 - INFO - 正在为时间段 7640-7640 生成异常图可视化
2025-04-17 17:53:41,757 - INFO - 单个点位异常段 7640-7640，扩展为 7636-7640 (window_size=5)
2025-04-17 17:53:41,758 - DEBUG - 边统计: 正常边 172 条, 异常边 38 条
2025-04-17 17:53:41,807 - DEBUG - 正在保存可视化结果到 ./visual/els/neighbor_all/strict_deviation/els-1/seg_61_7640_7640.png
2025-04-17 17:53:42,146 - INFO - 成功保存时间段 7640-7640 的可视化结果
2025-04-17 17:53:42,146 - INFO - 
正在处理时间段 63/77: 7691-7691
2025-04-17 17:53:42,147 - INFO - 该时间段的真实异常节点: {6, 7, 8, 9, 11}
2025-04-17 17:53:42,147 - INFO - 正在计算异常分数...
2025-04-17 17:53:42,147 - INFO - 检测到的异常节点: set()
2025-04-17 17:53:42,147 - INFO - 正在为时间段 7691-7691 生成可视化
2025-04-17 17:53:42,147 - INFO - 正在为时间段 7691-7691 生成异常图可视化
2025-04-17 17:53:42,147 - INFO - 单个点位异常段 7691-7691，扩展为 7687-7691 (window_size=5)
2025-04-17 17:53:42,148 - DEBUG - 边统计: 正常边 146 条, 异常边 36 条
2025-04-17 17:53:42,200 - DEBUG - 正在保存可视化结果到 ./visual/els/neighbor_all/strict_deviation/els-1/seg_62_7691_7691.png
2025-04-17 17:53:42,510 - INFO - 成功保存时间段 7691-7691 的可视化结果
2025-04-17 17:53:42,510 - INFO - 
正在处理时间段 64/77: 7700-7707
2025-04-17 17:53:42,510 - INFO - 该时间段的真实异常节点: {6, 7, 8, 9, 11}
2025-04-17 17:53:42,510 - INFO - 正在计算异常分数...
2025-04-17 17:53:42,513 - INFO - 检测到的异常节点: {1, 2, 3, 4, 5, 6, 7, 8, 9, 10, 11, 12, 13, 15}
2025-04-17 17:53:42,513 - INFO - 正在为时间段 7700-7707 生成可视化
2025-04-17 17:53:42,513 - INFO - 正在为时间段 7700-7707 生成异常图可视化
2025-04-17 17:53:42,514 - DEBUG - 边统计: 正常边 200 条, 异常边 10 条
2025-04-17 17:53:42,564 - DEBUG - 正在保存可视化结果到 ./visual/els/neighbor_all/strict_deviation/els-1/seg_63_7700_7707.png
2025-04-17 17:53:42,912 - INFO - 成功保存时间段 7700-7707 的可视化结果
2025-04-17 17:53:42,912 - INFO - 
正在处理时间段 65/77: 7885-7886
2025-04-17 17:53:42,912 - INFO - 该时间段的真实异常节点: {12}
2025-04-17 17:53:42,912 - INFO - 正在计算异常分数...
2025-04-17 17:53:42,912 - INFO - 检测到的异常节点: set()
2025-04-17 17:53:42,912 - INFO - 正在为时间段 7885-7886 生成可视化
2025-04-17 17:53:42,912 - INFO - 正在为时间段 7885-7886 生成异常图可视化
2025-04-17 17:53:42,913 - DEBUG - 边统计: 正常边 0 条, 异常边 156 条
2025-04-17 17:53:42,967 - DEBUG - 正在保存可视化结果到 ./visual/els/neighbor_all/strict_deviation/els-1/seg_64_7885_7886.png
2025-04-17 17:53:43,268 - INFO - 成功保存时间段 7885-7886 的可视化结果
2025-04-17 17:53:43,268 - INFO - 
正在处理时间段 66/77: 7963-7963
2025-04-17 17:53:43,268 - INFO - 该时间段的真实异常节点: {6, 7, 8, 9, 12}
2025-04-17 17:53:43,268 - INFO - 正在计算异常分数...
2025-04-17 17:53:43,268 - INFO - 检测到的异常节点: set()
2025-04-17 17:53:43,268 - INFO - 正在为时间段 7963-7963 生成可视化
2025-04-17 17:53:43,268 - INFO - 正在为时间段 7963-7963 生成异常图可视化
2025-04-17 17:53:43,268 - INFO - 单个点位异常段 7963-7963，扩展为 7959-7963 (window_size=5)
2025-04-17 17:53:43,269 - DEBUG - 边统计: 正常边 196 条, 异常边 14 条
2025-04-17 17:53:43,398 - DEBUG - 正在保存可视化结果到 ./visual/els/neighbor_all/strict_deviation/els-1/seg_65_7963_7963.png
2025-04-17 17:53:43,733 - INFO - 成功保存时间段 7963-7963 的可视化结果
2025-04-17 17:53:43,733 - INFO - 
正在处理时间段 67/77: 7991-7995
2025-04-17 17:53:43,733 - INFO - 该时间段的真实异常节点: {6, 7, 8, 9, 11}
2025-04-17 17:53:43,733 - INFO - 正在计算异常分数...
2025-04-17 17:53:43,734 - INFO - 检测到的异常节点: {4, 7, 8, 9, 10, 15}
2025-04-17 17:53:43,734 - INFO - 正在为时间段 7991-7995 生成可视化
2025-04-17 17:53:43,734 - INFO - 正在为时间段 7991-7995 生成异常图可视化
2025-04-17 17:53:43,735 - DEBUG - 边统计: 正常边 180 条, 异常边 30 条
2025-04-17 17:53:43,784 - DEBUG - 正在保存可视化结果到 ./visual/els/neighbor_all/strict_deviation/els-1/seg_66_7991_7995.png
2025-04-17 17:53:44,117 - INFO - 成功保存时间段 7991-7995 的可视化结果
2025-04-17 17:53:44,117 - INFO - 
正在处理时间段 68/77: 8214-8216
2025-04-17 17:53:44,118 - INFO - 该时间段的真实异常节点: {9, 12}
2025-04-17 17:53:44,118 - INFO - 正在计算异常分数...
2025-04-17 17:53:44,118 - INFO - 检测到的异常节点: set()
2025-04-17 17:53:44,118 - INFO - 正在为时间段 8214-8216 生成可视化
2025-04-17 17:53:44,118 - INFO - 正在为时间段 8214-8216 生成异常图可视化
2025-04-17 17:53:44,119 - DEBUG - 边统计: 正常边 118 条, 异常边 64 条
2025-04-17 17:53:44,169 - DEBUG - 正在保存可视化结果到 ./visual/els/neighbor_all/strict_deviation/els-1/seg_67_8214_8216.png
2025-04-17 17:53:44,463 - INFO - 成功保存时间段 8214-8216 的可视化结果
2025-04-17 17:53:44,463 - INFO - 
正在处理时间段 69/77: 8280-8291
2025-04-17 17:53:44,463 - INFO - 该时间段的真实异常节点: {6, 7, 8, 9, 11}
2025-04-17 17:53:44,463 - INFO - 正在计算异常分数...
2025-04-17 17:53:44,468 - INFO - 检测到的异常节点: {1, 2, 3, 4, 5, 6, 7, 8, 9, 10, 11, 12, 13, 14, 15}
2025-04-17 17:53:44,468 - INFO - 正在为时间段 8280-8291 生成可视化
2025-04-17 17:53:44,468 - INFO - 正在为时间段 8280-8291 生成异常图可视化
2025-04-17 17:53:44,469 - DEBUG - 边统计: 正常边 204 条, 异常边 6 条
2025-04-17 17:53:44,517 - DEBUG - 正在保存可视化结果到 ./visual/els/neighbor_all/strict_deviation/els-1/seg_68_8280_8291.png
2025-04-17 17:53:44,848 - INFO - 成功保存时间段 8280-8291 的可视化结果
2025-04-17 17:53:44,848 - INFO - 
正在处理时间段 70/77: 8432-8451
2025-04-17 17:53:44,848 - INFO - 该时间段的真实异常节点: {8, 11, 6, 7}
2025-04-17 17:53:44,848 - INFO - 正在计算异常分数...
2025-04-17 17:53:44,859 - INFO - 检测到的异常节点: {1, 2, 3, 4, 5, 6, 7, 8, 9, 10, 11, 12, 13, 14, 15}
2025-04-17 17:53:44,859 - INFO - 正在为时间段 8432-8451 生成可视化
2025-04-17 17:53:44,859 - INFO - 正在为时间段 8432-8451 生成异常图可视化
2025-04-17 17:53:44,860 - DEBUG - 边统计: 正常边 210 条, 异常边 0 条
2025-04-17 17:53:44,908 - DEBUG - 正在保存可视化结果到 ./visual/els/neighbor_all/strict_deviation/els-1/seg_69_8432_8451.png
2025-04-17 17:53:45,239 - INFO - 成功保存时间段 8432-8451 的可视化结果
2025-04-17 17:53:45,240 - INFO - 
正在处理时间段 71/77: 8459-8461
2025-04-17 17:53:45,240 - INFO - 该时间段的真实异常节点: {12}
2025-04-17 17:53:45,240 - INFO - 正在计算异常分数...
2025-04-17 17:53:45,240 - INFO - 检测到的异常节点: set()
2025-04-17 17:53:45,240 - INFO - 正在为时间段 8459-8461 生成可视化
2025-04-17 17:53:45,240 - INFO - 正在为时间段 8459-8461 生成异常图可视化
2025-04-17 17:53:45,241 - DEBUG - 边统计: 正常边 136 条, 异常边 46 条
2025-04-17 17:53:45,291 - DEBUG - 正在保存可视化结果到 ./visual/els/neighbor_all/strict_deviation/els-1/seg_70_8459_8461.png
2025-04-17 17:53:45,586 - INFO - 成功保存时间段 8459-8461 的可视化结果
2025-04-17 17:53:45,586 - INFO - 
正在处理时间段 72/77: 8504-8508
2025-04-17 17:53:45,586 - INFO - 该时间段的真实异常节点: {12}
2025-04-17 17:53:45,586 - INFO - 正在计算异常分数...
2025-04-17 17:53:45,587 - INFO - 检测到的异常节点: {2, 4, 5, 8, 9, 10, 11, 13}
2025-04-17 17:53:45,587 - INFO - 正在为时间段 8504-8508 生成可视化
2025-04-17 17:53:45,587 - INFO - 正在为时间段 8504-8508 生成异常图可视化
2025-04-17 17:53:45,588 - DEBUG - 边统计: 正常边 182 条, 异常边 28 条
2025-04-17 17:53:45,638 - DEBUG - 正在保存可视化结果到 ./visual/els/neighbor_all/strict_deviation/els-1/seg_71_8504_8508.png
2025-04-17 17:53:45,971 - INFO - 成功保存时间段 8504-8508 的可视化结果
2025-04-17 17:53:45,971 - INFO - 
正在处理时间段 73/77: 8542-8553
2025-04-17 17:53:45,971 - INFO - 该时间段的真实异常节点: {12}
2025-04-17 17:53:45,971 - INFO - 正在计算异常分数...
2025-04-17 17:53:45,976 - INFO - 检测到的异常节点: {1, 2, 3, 4, 5, 6, 7, 8, 9, 10, 11, 12, 13, 14}
2025-04-17 17:53:45,976 - INFO - 正在为时间段 8542-8553 生成可视化
2025-04-17 17:53:45,977 - INFO - 正在为时间段 8542-8553 生成异常图可视化
2025-04-17 17:53:45,977 - DEBUG - 边统计: 正常边 180 条, 异常边 2 条
2025-04-17 17:53:46,027 - DEBUG - 正在保存可视化结果到 ./visual/els/neighbor_all/strict_deviation/els-1/seg_72_8542_8553.png
2025-04-17 17:53:46,318 - INFO - 成功保存时间段 8542-8553 的可视化结果
2025-04-17 17:53:46,319 - INFO - 
正在处理时间段 74/77: 8564-8571
2025-04-17 17:53:46,319 - INFO - 该时间段的真实异常节点: {6, 7, 8, 9, 12}
2025-04-17 17:53:46,319 - INFO - 正在计算异常分数...
2025-04-17 17:53:46,322 - INFO - 检测到的异常节点: {3, 5, 7, 8, 9, 10, 11, 12, 13, 14, 15}
2025-04-17 17:53:46,322 - INFO - 正在为时间段 8564-8571 生成可视化
2025-04-17 17:53:46,322 - INFO - 正在为时间段 8564-8571 生成异常图可视化
2025-04-17 17:53:46,323 - DEBUG - 边统计: 正常边 194 条, 异常边 16 条
2025-04-17 17:53:46,372 - DEBUG - 正在保存可视化结果到 ./visual/els/neighbor_all/strict_deviation/els-1/seg_73_8564_8571.png
2025-04-17 17:53:46,704 - INFO - 成功保存时间段 8564-8571 的可视化结果
2025-04-17 17:53:46,704 - INFO - 
正在处理时间段 75/77: 8724-8737
2025-04-17 17:53:46,704 - INFO - 该时间段的真实异常节点: {12}
2025-04-17 17:53:46,704 - INFO - 正在计算异常分数...
2025-04-17 17:53:46,710 - INFO - 检测到的异常节点: {1, 2, 3, 4, 6, 7, 8, 9, 10, 11, 12, 13, 14}
2025-04-17 17:53:46,710 - INFO - 正在为时间段 8724-8737 生成可视化
2025-04-17 17:53:46,710 - INFO - 正在为时间段 8724-8737 生成异常图可视化
2025-04-17 17:53:46,711 - DEBUG - 边统计: 正常边 210 条, 异常边 0 条
2025-04-17 17:53:46,761 - DEBUG - 正在保存可视化结果到 ./visual/els/neighbor_all/strict_deviation/els-1/seg_74_8724_8737.png
2025-04-17 17:53:47,090 - INFO - 成功保存时间段 8724-8737 的可视化结果
2025-04-17 17:53:47,090 - INFO - 
正在处理时间段 76/77: 8815-8821
2025-04-17 17:53:47,090 - INFO - 该时间段的真实异常节点: {6, 7, 8, 9, 11}
2025-04-17 17:53:47,090 - INFO - 正在计算异常分数...
2025-04-17 17:53:47,092 - INFO - 检测到的异常节点: {1, 2, 3, 5, 7, 8, 9, 10, 11, 12, 13, 14, 15}
2025-04-17 17:53:47,092 - INFO - 正在为时间段 8815-8821 生成可视化
2025-04-17 17:53:47,092 - INFO - 正在为时间段 8815-8821 生成异常图可视化
2025-04-17 17:53:47,093 - DEBUG - 边统计: 正常边 208 条, 异常边 2 条
2025-04-17 17:53:47,143 - DEBUG - 正在保存可视化结果到 ./visual/els/neighbor_all/strict_deviation/els-1/seg_75_8815_8821.png
2025-04-17 17:53:47,474 - INFO - 成功保存时间段 8815-8821 的可视化结果
2025-04-17 17:53:47,474 - INFO - 
正在处理时间段 77/77: 8859-8860
2025-04-17 17:53:47,474 - INFO - 该时间段的真实异常节点: {12}
2025-04-17 17:53:47,474 - INFO - 正在计算异常分数...
2025-04-17 17:53:47,474 - INFO - 检测到的异常节点: set()
2025-04-17 17:53:47,474 - INFO - 正在为时间段 8859-8860 生成可视化
2025-04-17 17:53:47,474 - INFO - 正在为时间段 8859-8860 生成异常图可视化
2025-04-17 17:53:47,475 - DEBUG - 边统计: 正常边 0 条, 异常边 182 条
2025-04-17 17:53:47,524 - DEBUG - 正在保存可视化结果到 ./visual/els/neighbor_all/strict_deviation/els-1/seg_76_8859_8860.png
2025-04-17 17:53:47,810 - INFO - 成功保存时间段 8859-8860 的可视化结果
2025-04-17 17:53:47,811 - INFO - 正在生成所有异常段的综合可视化图像: ./visual/els/neighbor_all/strict_deviation/els-1/all_segments.png
2025-04-17 17:53:47,811 - INFO - 生成全屏优化的可视化图表
2025-04-17 17:53:48,451 - INFO - 单个点位异常段 738-738，扩展为 734-738 (window_size=5)
2025-04-17 17:53:48,463 - INFO - 单个点位异常段 762-762，扩展为 758-762 (window_size=5)
2025-04-17 17:53:48,544 - INFO - 单个点位异常段 1882-1882，扩展为 1878-1882 (window_size=5)
2025-04-17 17:53:48,567 - INFO - 单个点位异常段 2461-2461，扩展为 2457-2461 (window_size=5)
2025-04-17 17:53:48,579 - INFO - 单个点位异常段 2506-2506，扩展为 2502-2506 (window_size=5)
2025-04-17 17:53:48,591 - INFO - 单个点位异常段 2515-2515，扩展为 2511-2515 (window_size=5)
2025-04-17 17:53:48,603 - INFO - 单个点位异常段 2520-2520，扩展为 2516-2520 (window_size=5)
2025-04-17 17:53:48,672 - INFO - 单个点位异常段 3378-3378，扩展为 3374-3378 (window_size=5)
2025-04-17 17:53:48,684 - INFO - 单个点位异常段 3564-3564，扩展为 3560-3564 (window_size=5)
2025-04-17 17:53:48,706 - INFO - 单个点位异常段 3592-3592，扩展为 3588-3592 (window_size=5)
2025-04-17 17:53:48,718 - INFO - 单个点位异常段 3611-3611，扩展为 3607-3611 (window_size=5)
2025-04-17 17:53:48,729 - INFO - 单个点位异常段 3646-3646，扩展为 3642-3646 (window_size=5)
2025-04-17 17:53:48,787 - INFO - 单个点位异常段 4474-4474，扩展为 4470-4474 (window_size=5)
2025-04-17 17:53:48,924 - INFO - 单个点位异常段 5291-5291，扩展为 5287-5291 (window_size=5)
2025-04-17 17:53:48,936 - INFO - 单个点位异常段 5337-5337，扩展为 5333-5337 (window_size=5)
2025-04-17 17:53:48,948 - INFO - 单个点位异常段 5576-5576，扩展为 5572-5576 (window_size=5)
2025-04-17 17:53:48,959 - INFO - 单个点位异常段 5582-5582，扩展为 5578-5582 (window_size=5)
2025-04-17 17:53:48,971 - INFO - 单个点位异常段 5591-5591，扩展为 5587-5591 (window_size=5)
2025-04-17 17:53:48,983 - INFO - 单个点位异常段 5606-5606，扩展为 5602-5606 (window_size=5)
2025-04-17 17:53:48,995 - INFO - 单个点位异常段 5621-5621，扩展为 5617-5621 (window_size=5)
2025-04-17 17:53:49,006 - INFO - 单个点位异常段 5627-5627，扩展为 5623-5627 (window_size=5)
2025-04-17 17:53:49,075 - INFO - 单个点位异常段 6457-6457，扩展为 6453-6457 (window_size=5)
2025-04-17 17:53:49,099 - INFO - 单个点位异常段 6500-6500，扩展为 6496-6500 (window_size=5)
2025-04-17 17:53:49,168 - INFO - 单个点位异常段 7302-7302，扩展为 7298-7302 (window_size=5)
2025-04-17 17:53:49,180 - INFO - 单个点位异常段 7337-7337，扩展为 7333-7337 (window_size=5)
2025-04-17 17:53:49,226 - INFO - 单个点位异常段 7640-7640，扩展为 7636-7640 (window_size=5)
2025-04-17 17:53:49,238 - INFO - 单个点位异常段 7691-7691，扩展为 7687-7691 (window_size=5)
2025-04-17 17:53:49,272 - INFO - 单个点位异常段 7963-7963，扩展为 7959-7963 (window_size=5)
2025-04-17 17:53:54,697 - INFO - 已生成全屏优化的可视化图表: ./visual/els/neighbor_all/strict_deviation/els-1/all_segments.png
2025-04-17 17:53:54,698 - INFO - 正在从 ./visual/els/neighbor_all/strict_deviation/els-1 中的图像创建GIF
2025-04-17 17:54:10,666 - INFO - GIF已保存到 ./visual/els/neighbor_all/strict_deviation/els-1/els-1.gif
2025-04-17 17:54:10,668 - INFO - 可视化结果生成完成！
2025-04-17 17:54:10,668 - INFO - 
==================================================
2025-04-17 17:54:10,669 - INFO - 程序运行总耗时: 0:00:54.319540 

