2025-04-16 23:14:07,942 - INFO - 
 Starting experiment with config: ExperimentConfig(dataset='omi', window_size=5, score_thresholds=array([0. , 0.5, 1. , 1.5, 2. , 2.5, 3. , 3.5, 4. , 4.5, 5. , 5.5, 6. ,
       6.5, 7. ]), topk_range=range(1, 10), corr_threshold_range=array([0. , 0. , 0.1, 0.2, 0.2, 0.2, 0.3, 0.4, 0.4, 0.4, 0.5, 0.6, 0.6,
       0.6]), neighbor_selection='all', score_modes=['mean_ratio'], data_dir='./data/processed', label_dir='./data/interpretation_label', log_dir='./log/omi/neighbor_all', visual_dir='./visual/omi/neighbor_all', num_workers=36, gif_duration=500)
2025-04-16 23:14:07,942 - INFO - 当前评分模式: ['mean_ratio']
2025-04-16 23:14:07,942 - INFO - 
==================================================
2025-04-16 23:14:07,942 - INFO - 开始执行网格搜索...
2025-04-16 23:14:07,943 - INFO - [omi-12] Starting grid search...
2025-04-16 23:14:10,781 - INFO - [omi-12.txt] mode=mean_ratio, all=None, threshold=0.0, P=0.6129, R=0.9500, F1=0.7451
2025-04-16 23:14:10,787 - INFO - [omi-12.txt] mode=mean_ratio, all=None, threshold=0.5, P=0.6129, R=0.9500, F1=0.7451
2025-04-16 23:14:10,788 - INFO - [omi-12.txt] mode=mean_ratio, all=None, threshold=1.0, P=0.6230, R=0.9500, F1=0.7525
2025-04-16 23:14:10,788 - INFO - [omi-12.txt] mode=mean_ratio, all=None, threshold=1.5, P=0.6230, R=0.9500, F1=0.7525
2025-04-16 23:14:10,791 - INFO - [omi-12.txt] mode=mean_ratio, all=None, threshold=2.0, P=0.6333, R=0.9500, F1=0.7600
2025-04-16 23:14:10,800 - INFO - [omi-12.txt] mode=mean_ratio, all=None, threshold=2.5, P=0.6333, R=0.9500, F1=0.7600
2025-04-16 23:14:10,801 - INFO - [omi-12.txt] mode=mean_ratio, all=None, threshold=3.0, P=0.6333, R=0.9500, F1=0.7600
2025-04-16 23:14:10,828 - INFO - [omi-12.txt] mode=mean_ratio, all=None, threshold=3.5, P=0.6552, R=0.9500, F1=0.7755
2025-04-16 23:14:10,828 - INFO - [omi-12.txt] mode=mean_ratio, all=None, threshold=4.0, P=0.6552, R=0.9500, F1=0.7755
2025-04-16 23:14:10,828 - INFO - [omi-12.txt] mode=mean_ratio, all=None, threshold=4.5, P=0.6552, R=0.9500, F1=0.7755
2025-04-16 23:14:10,839 - INFO - [omi-12.txt] mode=mean_ratio, all=None, threshold=5.0, P=0.6552, R=0.9500, F1=0.7755
2025-04-16 23:14:10,840 - INFO - [omi-12.txt] mode=mean_ratio, all=None, threshold=5.5, P=0.6552, R=0.9500, F1=0.7755
2025-04-16 23:14:10,840 - INFO - [omi-12.txt] mode=mean_ratio, all=None, threshold=6.0, P=0.6552, R=0.9500, F1=0.7755
2025-04-16 23:14:10,840 - INFO - [omi-12.txt] mode=mean_ratio, all=None, threshold=6.5, P=0.6552, R=0.9500, F1=0.7755
2025-04-16 23:14:10,840 - INFO - [omi-12.txt] mode=mean_ratio, all=None, threshold=7.0, P=0.6552, R=0.9500, F1=0.7755
2025-04-16 23:14:10,881 - INFO - [omi-1] Starting grid search...
2025-04-16 23:14:14,720 - INFO - [omi-1.txt] mode=mean_ratio, all=None, threshold=0.0, P=0.7395, R=0.9888, F1=0.8462
2025-04-16 23:14:14,737 - INFO - [omi-1.txt] mode=mean_ratio, all=None, threshold=0.5, P=0.7373, R=0.9775, F1=0.8406
2025-04-16 23:14:14,737 - INFO - [omi-1.txt] mode=mean_ratio, all=None, threshold=1.0, P=0.7373, R=0.9775, F1=0.8406
2025-04-16 23:14:14,737 - INFO - [omi-1.txt] mode=mean_ratio, all=None, threshold=1.5, P=0.7373, R=0.9775, F1=0.8406
2025-04-16 23:14:14,779 - INFO - [omi-1.txt] mode=mean_ratio, all=None, threshold=2.0, P=0.7373, R=0.9775, F1=0.8406
2025-04-16 23:14:14,779 - INFO - [omi-1.txt] mode=mean_ratio, all=None, threshold=2.5, P=0.7373, R=0.9775, F1=0.8406
2025-04-16 23:14:14,857 - INFO - [omi-1.txt] mode=mean_ratio, all=None, threshold=3.0, P=0.7281, R=0.9326, F1=0.8177
2025-04-16 23:14:14,858 - INFO - [omi-1.txt] mode=mean_ratio, all=None, threshold=3.5, P=0.7207, R=0.8989, F1=0.8000
2025-04-16 23:14:14,858 - INFO - [omi-1.txt] mode=mean_ratio, all=None, threshold=4.0, P=0.7207, R=0.8989, F1=0.8000
2025-04-16 23:14:14,858 - INFO - [omi-1.txt] mode=mean_ratio, all=None, threshold=4.5, P=0.7207, R=0.8989, F1=0.8000
2025-04-16 23:14:14,858 - INFO - [omi-1.txt] mode=mean_ratio, all=None, threshold=5.0, P=0.7207, R=0.8989, F1=0.8000
2025-04-16 23:14:14,858 - INFO - [omi-1.txt] mode=mean_ratio, all=None, threshold=5.5, P=0.7207, R=0.8989, F1=0.8000
2025-04-16 23:14:14,858 - INFO - [omi-1.txt] mode=mean_ratio, all=None, threshold=6.0, P=0.7207, R=0.8989, F1=0.8000
2025-04-16 23:14:14,858 - INFO - [omi-1.txt] mode=mean_ratio, all=None, threshold=6.5, P=0.7207, R=0.8989, F1=0.8000
2025-04-16 23:14:14,859 - INFO - [omi-1.txt] mode=mean_ratio, all=None, threshold=7.0, P=0.7207, R=0.8989, F1=0.8000
2025-04-16 23:14:14,906 - INFO - [omi-5] Starting grid search...
2025-04-16 23:14:18,921 - INFO - [omi-5.txt] mode=mean_ratio, all=None, threshold=0.0, P=0.4757, R=1.0000, F1=0.6447
2025-04-16 23:14:18,922 - INFO - [omi-5.txt] mode=mean_ratio, all=None, threshold=0.5, P=0.4706, R=0.9796, F1=0.6358
2025-04-16 23:14:18,922 - INFO - [omi-5.txt] mode=mean_ratio, all=None, threshold=1.0, P=0.4706, R=0.9796, F1=0.6358
2025-04-16 23:14:18,942 - INFO - [omi-5.txt] mode=mean_ratio, all=None, threshold=1.5, P=0.4706, R=0.9796, F1=0.6358
2025-04-16 23:14:18,943 - INFO - [omi-5.txt] mode=mean_ratio, all=None, threshold=2.0, P=0.4706, R=0.9796, F1=0.6358
2025-04-16 23:14:18,943 - INFO - [omi-5.txt] mode=mean_ratio, all=None, threshold=2.5, P=0.4706, R=0.9796, F1=0.6358
2025-04-16 23:14:18,943 - INFO - [omi-5.txt] mode=mean_ratio, all=None, threshold=3.0, P=0.4706, R=0.9796, F1=0.6358
2025-04-16 23:14:18,994 - INFO - [omi-5.txt] mode=mean_ratio, all=None, threshold=3.5, P=0.4653, R=0.9592, F1=0.6267
2025-04-16 23:14:18,994 - INFO - [omi-5.txt] mode=mean_ratio, all=None, threshold=4.0, P=0.4653, R=0.9592, F1=0.6267
2025-04-16 23:14:18,994 - INFO - [omi-5.txt] mode=mean_ratio, all=None, threshold=4.5, P=0.4700, R=0.9592, F1=0.6309
2025-04-16 23:14:18,994 - INFO - [omi-5.txt] mode=mean_ratio, all=None, threshold=5.0, P=0.4646, R=0.9388, F1=0.6216
2025-04-16 23:14:18,994 - INFO - [omi-5.txt] mode=mean_ratio, all=None, threshold=5.5, P=0.4639, R=0.9184, F1=0.6164
2025-04-16 23:14:18,994 - INFO - [omi-5.txt] mode=mean_ratio, all=None, threshold=6.0, P=0.4583, R=0.8980, F1=0.6069
2025-04-16 23:14:19,025 - INFO - [omi-5.txt] mode=mean_ratio, all=None, threshold=6.5, P=0.4583, R=0.8980, F1=0.6069
2025-04-16 23:14:19,026 - INFO - [omi-5.txt] mode=mean_ratio, all=None, threshold=7.0, P=0.4583, R=0.8980, F1=0.6069
2025-04-16 23:14:19,080 - INFO - [omi-6] Starting grid search...
2025-04-16 23:14:22,954 - INFO - [omi-6.txt] mode=mean_ratio, all=None, threshold=0.0, P=0.2606, R=0.9773, F1=0.4115
2025-04-16 23:14:22,991 - INFO - [omi-6.txt] mode=mean_ratio, all=None, threshold=0.5, P=0.2606, R=0.9773, F1=0.4115
2025-04-16 23:14:22,994 - INFO - [omi-6.txt] mode=mean_ratio, all=None, threshold=1.0, P=0.2606, R=0.9773, F1=0.4115
2025-04-16 23:14:22,994 - INFO - [omi-6.txt] mode=mean_ratio, all=None, threshold=1.5, P=0.2606, R=0.9773, F1=0.4115
2025-04-16 23:14:22,994 - INFO - [omi-6.txt] mode=mean_ratio, all=None, threshold=2.0, P=0.2606, R=0.9773, F1=0.4115
2025-04-16 23:14:22,994 - INFO - [omi-6.txt] mode=mean_ratio, all=None, threshold=2.5, P=0.2606, R=0.9773, F1=0.4115
2025-04-16 23:14:23,181 - INFO - [omi-6.txt] mode=mean_ratio, all=None, threshold=3.0, P=0.2606, R=0.9773, F1=0.4115
2025-04-16 23:14:23,182 - INFO - [omi-6.txt] mode=mean_ratio, all=None, threshold=3.5, P=0.2606, R=0.9773, F1=0.4115
2025-04-16 23:14:23,182 - INFO - [omi-6.txt] mode=mean_ratio, all=None, threshold=4.0, P=0.2606, R=0.9773, F1=0.4115
2025-04-16 23:14:23,182 - INFO - [omi-6.txt] mode=mean_ratio, all=None, threshold=4.5, P=0.2606, R=0.9773, F1=0.4115
2025-04-16 23:14:23,182 - INFO - [omi-6.txt] mode=mean_ratio, all=None, threshold=5.0, P=0.2606, R=0.9773, F1=0.4115
2025-04-16 23:14:23,182 - INFO - [omi-6.txt] mode=mean_ratio, all=None, threshold=5.5, P=0.2606, R=0.9773, F1=0.4115
2025-04-16 23:14:23,182 - INFO - [omi-6.txt] mode=mean_ratio, all=None, threshold=6.0, P=0.2606, R=0.9773, F1=0.4115
2025-04-16 23:14:23,183 - INFO - [omi-6.txt] mode=mean_ratio, all=None, threshold=6.5, P=0.2606, R=0.9773, F1=0.4115
2025-04-16 23:14:23,183 - INFO - [omi-6.txt] mode=mean_ratio, all=None, threshold=7.0, P=0.2606, R=0.9773, F1=0.4115
2025-04-16 23:14:23,231 - INFO - [omi-7] Starting grid search...
2025-04-16 23:14:26,812 - INFO - [omi-7.txt] mode=mean_ratio, all=None, threshold=0.0, P=0.9048, R=0.9744, F1=0.9383
2025-04-16 23:14:26,825 - INFO - [omi-7.txt] mode=mean_ratio, all=None, threshold=0.5, P=0.9048, R=0.9744, F1=0.9383
2025-04-16 23:14:26,827 - INFO - [omi-7.txt] mode=mean_ratio, all=None, threshold=1.0, P=0.9048, R=0.9744, F1=0.9383
2025-04-16 23:14:26,842 - INFO - [omi-7.txt] mode=mean_ratio, all=None, threshold=1.5, P=0.9048, R=0.9744, F1=0.9383
2025-04-16 23:14:26,842 - INFO - [omi-7.txt] mode=mean_ratio, all=None, threshold=2.0, P=0.9048, R=0.9744, F1=0.9383
2025-04-16 23:14:26,852 - INFO - [omi-7.txt] mode=mean_ratio, all=None, threshold=2.5, P=0.9048, R=0.9744, F1=0.9383
2025-04-16 23:14:26,852 - INFO - [omi-7.txt] mode=mean_ratio, all=None, threshold=3.0, P=0.9048, R=0.9744, F1=0.9383
2025-04-16 23:14:26,860 - INFO - [omi-7.txt] mode=mean_ratio, all=None, threshold=3.5, P=0.9048, R=0.9744, F1=0.9383
2025-04-16 23:14:26,860 - INFO - [omi-7.txt] mode=mean_ratio, all=None, threshold=4.0, P=0.9048, R=0.9744, F1=0.9383
2025-04-16 23:14:26,861 - INFO - [omi-7.txt] mode=mean_ratio, all=None, threshold=4.5, P=0.9048, R=0.9744, F1=0.9383
2025-04-16 23:14:26,933 - INFO - [omi-7.txt] mode=mean_ratio, all=None, threshold=5.0, P=0.9048, R=0.9744, F1=0.9383
2025-04-16 23:14:26,975 - INFO - [omi-7.txt] mode=mean_ratio, all=None, threshold=5.5, P=0.9048, R=0.9744, F1=0.9383
2025-04-16 23:14:26,975 - INFO - [omi-7.txt] mode=mean_ratio, all=None, threshold=6.0, P=0.9048, R=0.9744, F1=0.9383
2025-04-16 23:14:26,975 - INFO - [omi-7.txt] mode=mean_ratio, all=None, threshold=6.5, P=0.9048, R=0.9744, F1=0.9383
2025-04-16 23:14:26,975 - INFO - [omi-7.txt] mode=mean_ratio, all=None, threshold=7.0, P=0.9048, R=0.9744, F1=0.9383
2025-04-16 23:14:27,018 - INFO - [omi-9] Starting grid search...
2025-04-16 23:14:30,631 - INFO - [omi-9.txt] mode=mean_ratio, all=None, threshold=0.0, P=0.4962, R=0.9155, F1=0.6436
2025-04-16 23:14:30,633 - INFO - [omi-9.txt] mode=mean_ratio, all=None, threshold=0.5, P=0.4962, R=0.9155, F1=0.6436
2025-04-16 23:14:30,633 - INFO - [omi-9.txt] mode=mean_ratio, all=None, threshold=1.0, P=0.4962, R=0.9155, F1=0.6436
2025-04-16 23:14:30,633 - INFO - [omi-9.txt] mode=mean_ratio, all=None, threshold=1.5, P=0.4962, R=0.9155, F1=0.6436
2025-04-16 23:14:30,661 - INFO - [omi-9.txt] mode=mean_ratio, all=None, threshold=2.0, P=0.4962, R=0.9155, F1=0.6436
2025-04-16 23:14:30,661 - INFO - [omi-9.txt] mode=mean_ratio, all=None, threshold=2.5, P=0.4962, R=0.9155, F1=0.6436
2025-04-16 23:14:30,665 - INFO - [omi-9.txt] mode=mean_ratio, all=None, threshold=3.0, P=0.4962, R=0.9155, F1=0.6436
2025-04-16 23:14:30,665 - INFO - [omi-9.txt] mode=mean_ratio, all=None, threshold=3.5, P=0.4962, R=0.9155, F1=0.6436
2025-04-16 23:14:30,665 - INFO - [omi-9.txt] mode=mean_ratio, all=None, threshold=4.0, P=0.4962, R=0.9155, F1=0.6436
2025-04-16 23:14:30,665 - INFO - [omi-9.txt] mode=mean_ratio, all=None, threshold=4.5, P=0.4962, R=0.9155, F1=0.6436
2025-04-16 23:14:30,676 - INFO - [omi-9.txt] mode=mean_ratio, all=None, threshold=5.0, P=0.4962, R=0.9155, F1=0.6436
2025-04-16 23:14:30,676 - INFO - [omi-9.txt] mode=mean_ratio, all=None, threshold=5.5, P=0.4962, R=0.9155, F1=0.6436
2025-04-16 23:14:30,730 - INFO - [omi-9.txt] mode=mean_ratio, all=None, threshold=6.0, P=0.4962, R=0.9155, F1=0.6436
2025-04-16 23:14:30,730 - INFO - [omi-9.txt] mode=mean_ratio, all=None, threshold=6.5, P=0.4962, R=0.9155, F1=0.6436
2025-04-16 23:14:30,730 - INFO - [omi-9.txt] mode=mean_ratio, all=None, threshold=7.0, P=0.4962, R=0.9155, F1=0.6436
2025-04-16 23:14:30,775 - INFO - [omi-8] Starting grid search...
2025-04-16 23:14:34,314 - INFO - [omi-8.txt] mode=mean_ratio, all=None, threshold=0.0, P=0.3580, R=0.9355, F1=0.5179
2025-04-16 23:14:34,387 - INFO - [omi-8.txt] mode=mean_ratio, all=None, threshold=0.5, P=0.3580, R=0.9355, F1=0.5179
2025-04-16 23:14:34,387 - INFO - [omi-8.txt] mode=mean_ratio, all=None, threshold=1.0, P=0.3580, R=0.9355, F1=0.5179
2025-04-16 23:14:34,395 - INFO - [omi-8.txt] mode=mean_ratio, all=None, threshold=1.5, P=0.3580, R=0.9355, F1=0.5179
2025-04-16 23:14:34,404 - INFO - [omi-8.txt] mode=mean_ratio, all=None, threshold=2.0, P=0.3580, R=0.9355, F1=0.5179
2025-04-16 23:14:34,404 - INFO - [omi-8.txt] mode=mean_ratio, all=None, threshold=2.5, P=0.3580, R=0.9355, F1=0.5179
2025-04-16 23:14:34,618 - INFO - [omi-8.txt] mode=mean_ratio, all=None, threshold=3.0, P=0.3580, R=0.9355, F1=0.5179
2025-04-16 23:14:34,618 - INFO - [omi-8.txt] mode=mean_ratio, all=None, threshold=3.5, P=0.3580, R=0.9355, F1=0.5179
2025-04-16 23:14:34,619 - INFO - [omi-8.txt] mode=mean_ratio, all=None, threshold=4.0, P=0.3580, R=0.9355, F1=0.5179
2025-04-16 23:14:34,619 - INFO - [omi-8.txt] mode=mean_ratio, all=None, threshold=4.5, P=0.3580, R=0.9355, F1=0.5179
2025-04-16 23:14:34,619 - INFO - [omi-8.txt] mode=mean_ratio, all=None, threshold=5.0, P=0.3580, R=0.9355, F1=0.5179
2025-04-16 23:14:34,619 - INFO - [omi-8.txt] mode=mean_ratio, all=None, threshold=5.5, P=0.3580, R=0.9355, F1=0.5179
2025-04-16 23:14:34,619 - INFO - [omi-8.txt] mode=mean_ratio, all=None, threshold=6.0, P=0.3580, R=0.9355, F1=0.5179
2025-04-16 23:14:34,619 - INFO - [omi-8.txt] mode=mean_ratio, all=None, threshold=6.5, P=0.3580, R=0.9355, F1=0.5179
2025-04-16 23:14:34,619 - INFO - [omi-8.txt] mode=mean_ratio, all=None, threshold=7.0, P=0.3580, R=0.9355, F1=0.5179
2025-04-16 23:14:34,664 - INFO - [omi-2] Starting grid search...
2025-04-16 23:14:38,297 - INFO - [omi-2.txt] mode=mean_ratio, all=None, threshold=0.0, P=0.4559, R=1.0000, F1=0.6263
2025-04-16 23:14:38,299 - INFO - [omi-2.txt] mode=mean_ratio, all=None, threshold=0.5, P=0.4559, R=1.0000, F1=0.6263
2025-04-16 23:14:38,301 - INFO - [omi-2.txt] mode=mean_ratio, all=None, threshold=1.0, P=0.4559, R=1.0000, F1=0.6263
2025-04-16 23:14:38,301 - INFO - [omi-2.txt] mode=mean_ratio, all=None, threshold=1.5, P=0.4559, R=1.0000, F1=0.6263
2025-04-16 23:14:38,312 - INFO - [omi-2.txt] mode=mean_ratio, all=None, threshold=2.0, P=0.4559, R=1.0000, F1=0.6263
2025-04-16 23:14:38,584 - INFO - [omi-2.txt] mode=mean_ratio, all=None, threshold=2.5, P=0.4559, R=1.0000, F1=0.6263
2025-04-16 23:14:38,584 - INFO - [omi-2.txt] mode=mean_ratio, all=None, threshold=3.0, P=0.4559, R=1.0000, F1=0.6263
2025-04-16 23:14:38,585 - INFO - [omi-2.txt] mode=mean_ratio, all=None, threshold=3.5, P=0.4559, R=1.0000, F1=0.6263
2025-04-16 23:14:38,585 - INFO - [omi-2.txt] mode=mean_ratio, all=None, threshold=4.0, P=0.4559, R=1.0000, F1=0.6263
2025-04-16 23:14:38,585 - INFO - [omi-2.txt] mode=mean_ratio, all=None, threshold=4.5, P=0.4559, R=1.0000, F1=0.6263
2025-04-16 23:14:38,585 - INFO - [omi-2.txt] mode=mean_ratio, all=None, threshold=5.0, P=0.4559, R=1.0000, F1=0.6263
2025-04-16 23:14:38,585 - INFO - [omi-2.txt] mode=mean_ratio, all=None, threshold=5.5, P=0.4559, R=1.0000, F1=0.6263
2025-04-16 23:14:38,585 - INFO - [omi-2.txt] mode=mean_ratio, all=None, threshold=6.0, P=0.4559, R=1.0000, F1=0.6263
2025-04-16 23:14:38,585 - INFO - [omi-2.txt] mode=mean_ratio, all=None, threshold=6.5, P=0.4559, R=1.0000, F1=0.6263
2025-04-16 23:14:38,586 - INFO - [omi-2.txt] mode=mean_ratio, all=None, threshold=7.0, P=0.4559, R=1.0000, F1=0.6263
2025-04-16 23:14:38,630 - INFO - [omi-11] Starting grid search...
2025-04-16 23:14:42,562 - INFO - [omi-11.txt] mode=mean_ratio, all=None, threshold=0.0, P=0.3434, R=0.9828, F1=0.5089
2025-04-16 23:14:42,564 - INFO - [omi-11.txt] mode=mean_ratio, all=None, threshold=0.5, P=0.3434, R=0.9828, F1=0.5089
2025-04-16 23:14:42,564 - INFO - [omi-11.txt] mode=mean_ratio, all=None, threshold=1.0, P=0.3434, R=0.9828, F1=0.5089
2025-04-16 23:14:42,728 - INFO - [omi-11.txt] mode=mean_ratio, all=None, threshold=1.5, P=0.3434, R=0.9828, F1=0.5089
2025-04-16 23:14:42,729 - INFO - [omi-11.txt] mode=mean_ratio, all=None, threshold=2.0, P=0.3434, R=0.9828, F1=0.5089
2025-04-16 23:14:42,729 - INFO - [omi-11.txt] mode=mean_ratio, all=None, threshold=2.5, P=0.3434, R=0.9828, F1=0.5089
2025-04-16 23:14:42,729 - INFO - [omi-11.txt] mode=mean_ratio, all=None, threshold=3.0, P=0.3434, R=0.9828, F1=0.5089
2025-04-16 23:14:42,729 - INFO - [omi-11.txt] mode=mean_ratio, all=None, threshold=3.5, P=0.3434, R=0.9828, F1=0.5089
2025-04-16 23:14:42,729 - INFO - [omi-11.txt] mode=mean_ratio, all=None, threshold=4.0, P=0.3434, R=0.9828, F1=0.5089
2025-04-16 23:14:42,729 - INFO - [omi-11.txt] mode=mean_ratio, all=None, threshold=4.5, P=0.3434, R=0.9828, F1=0.5089
2025-04-16 23:14:42,729 - INFO - [omi-11.txt] mode=mean_ratio, all=None, threshold=5.0, P=0.3434, R=0.9828, F1=0.5089
2025-04-16 23:14:42,730 - INFO - [omi-11.txt] mode=mean_ratio, all=None, threshold=5.5, P=0.3434, R=0.9828, F1=0.5089
2025-04-16 23:14:42,730 - INFO - [omi-11.txt] mode=mean_ratio, all=None, threshold=6.0, P=0.3434, R=0.9828, F1=0.5089
2025-04-16 23:14:42,736 - INFO - [omi-11.txt] mode=mean_ratio, all=None, threshold=6.5, P=0.3434, R=0.9828, F1=0.5089
2025-04-16 23:14:42,736 - INFO - [omi-11.txt] mode=mean_ratio, all=None, threshold=7.0, P=0.3434, R=0.9828, F1=0.5089
2025-04-16 23:14:42,781 - INFO - [omi-10] Starting grid search...
2025-04-16 23:14:46,537 - INFO - [omi-10.txt] mode=mean_ratio, all=None, threshold=0.0, P=0.4688, R=0.9836, F1=0.6349
2025-04-16 23:14:46,538 - INFO - [omi-10.txt] mode=mean_ratio, all=None, threshold=0.5, P=0.4688, R=0.9836, F1=0.6349
2025-04-16 23:14:46,539 - INFO - [omi-10.txt] mode=mean_ratio, all=None, threshold=1.0, P=0.4688, R=0.9836, F1=0.6349
2025-04-16 23:14:46,703 - INFO - [omi-10.txt] mode=mean_ratio, all=None, threshold=1.5, P=0.4688, R=0.9836, F1=0.6349
2025-04-16 23:14:46,834 - INFO - [omi-10.txt] mode=mean_ratio, all=None, threshold=2.0, P=0.4688, R=0.9836, F1=0.6349
2025-04-16 23:14:46,834 - INFO - [omi-10.txt] mode=mean_ratio, all=None, threshold=2.5, P=0.4688, R=0.9836, F1=0.6349
2025-04-16 23:14:46,892 - INFO - [omi-10.txt] mode=mean_ratio, all=None, threshold=3.0, P=0.4688, R=0.9836, F1=0.6349
2025-04-16 23:14:46,892 - INFO - [omi-10.txt] mode=mean_ratio, all=None, threshold=3.5, P=0.4688, R=0.9836, F1=0.6349
2025-04-16 23:14:47,285 - INFO - [omi-10.txt] mode=mean_ratio, all=None, threshold=4.0, P=0.4688, R=0.9836, F1=0.6349
2025-04-16 23:14:47,286 - INFO - [omi-10.txt] mode=mean_ratio, all=None, threshold=4.5, P=0.4688, R=0.9836, F1=0.6349
2025-04-16 23:14:47,286 - INFO - [omi-10.txt] mode=mean_ratio, all=None, threshold=5.0, P=0.4688, R=0.9836, F1=0.6349
2025-04-16 23:14:47,286 - INFO - [omi-10.txt] mode=mean_ratio, all=None, threshold=5.5, P=0.4688, R=0.9836, F1=0.6349
2025-04-16 23:14:47,287 - INFO - [omi-10.txt] mode=mean_ratio, all=None, threshold=6.0, P=0.4688, R=0.9836, F1=0.6349
2025-04-16 23:14:47,287 - INFO - [omi-10.txt] mode=mean_ratio, all=None, threshold=6.5, P=0.4688, R=0.9836, F1=0.6349
2025-04-16 23:14:47,287 - INFO - [omi-10.txt] mode=mean_ratio, all=None, threshold=7.0, P=0.4688, R=0.9836, F1=0.6349
2025-04-16 23:14:47,336 - INFO - [omi-4] Starting grid search...
2025-04-16 23:14:51,016 - INFO - [omi-4.txt] mode=mean_ratio, all=None, threshold=0.0, P=0.8250, R=0.9851, F1=0.8980
2025-04-16 23:14:51,016 - INFO - [omi-4.txt] mode=mean_ratio, all=None, threshold=0.5, P=0.8250, R=0.9851, F1=0.8980
2025-04-16 23:14:51,016 - INFO - [omi-4.txt] mode=mean_ratio, all=None, threshold=1.0, P=0.8250, R=0.9851, F1=0.8980
2025-04-16 23:14:51,033 - INFO - [omi-4.txt] mode=mean_ratio, all=None, threshold=1.5, P=0.8250, R=0.9851, F1=0.8980
2025-04-16 23:14:51,131 - INFO - [omi-4.txt] mode=mean_ratio, all=None, threshold=2.0, P=0.8250, R=0.9851, F1=0.8980
2025-04-16 23:14:51,322 - INFO - [omi-4.txt] mode=mean_ratio, all=None, threshold=2.5, P=0.8250, R=0.9851, F1=0.8980
2025-04-16 23:14:51,322 - INFO - [omi-4.txt] mode=mean_ratio, all=None, threshold=3.0, P=0.8250, R=0.9851, F1=0.8980
2025-04-16 23:14:51,378 - INFO - [omi-4.txt] mode=mean_ratio, all=None, threshold=3.5, P=0.8250, R=0.9851, F1=0.8980
2025-04-16 23:14:51,379 - INFO - [omi-4.txt] mode=mean_ratio, all=None, threshold=4.0, P=0.8250, R=0.9851, F1=0.8980
2025-04-16 23:14:51,379 - INFO - [omi-4.txt] mode=mean_ratio, all=None, threshold=4.5, P=0.8250, R=0.9851, F1=0.8980
2025-04-16 23:14:51,379 - INFO - [omi-4.txt] mode=mean_ratio, all=None, threshold=5.0, P=0.8250, R=0.9851, F1=0.8980
2025-04-16 23:14:51,380 - INFO - [omi-4.txt] mode=mean_ratio, all=None, threshold=5.5, P=0.8250, R=0.9851, F1=0.8980
2025-04-16 23:14:51,380 - INFO - [omi-4.txt] mode=mean_ratio, all=None, threshold=6.0, P=0.8250, R=0.9851, F1=0.8980
2025-04-16 23:14:51,380 - INFO - [omi-4.txt] mode=mean_ratio, all=None, threshold=6.5, P=0.8250, R=0.9851, F1=0.8980
2025-04-16 23:14:51,380 - INFO - [omi-4.txt] mode=mean_ratio, all=None, threshold=7.0, P=0.8250, R=0.9851, F1=0.8980
2025-04-16 23:14:51,432 - INFO - [omi-3] Starting grid search...
2025-04-16 23:14:55,154 - INFO - [omi-3.txt] mode=mean_ratio, all=None, threshold=0.0, P=0.8025, R=0.8333, F1=0.8176
2025-04-16 23:14:55,207 - INFO - [omi-3.txt] mode=mean_ratio, all=None, threshold=0.5, P=0.8025, R=0.8333, F1=0.8176
2025-04-16 23:14:55,207 - INFO - [omi-3.txt] mode=mean_ratio, all=None, threshold=1.0, P=0.8025, R=0.8333, F1=0.8176
2025-04-16 23:14:55,207 - INFO - [omi-3.txt] mode=mean_ratio, all=None, threshold=1.5, P=0.8025, R=0.8333, F1=0.8176
2025-04-16 23:14:55,207 - INFO - [omi-3.txt] mode=mean_ratio, all=None, threshold=2.0, P=0.8025, R=0.8333, F1=0.8176
2025-04-16 23:14:55,207 - INFO - [omi-3.txt] mode=mean_ratio, all=None, threshold=2.5, P=0.8025, R=0.8333, F1=0.8176
2025-04-16 23:14:55,258 - INFO - [omi-3.txt] mode=mean_ratio, all=None, threshold=3.0, P=0.8025, R=0.8333, F1=0.8176
2025-04-16 23:14:55,259 - INFO - [omi-3.txt] mode=mean_ratio, all=None, threshold=3.5, P=0.8025, R=0.8333, F1=0.8176
2025-04-16 23:14:55,259 - INFO - [omi-3.txt] mode=mean_ratio, all=None, threshold=4.0, P=0.8025, R=0.8333, F1=0.8176
2025-04-16 23:14:55,749 - INFO - [omi-3.txt] mode=mean_ratio, all=None, threshold=4.5, P=0.8025, R=0.8333, F1=0.8176
2025-04-16 23:14:55,749 - INFO - [omi-3.txt] mode=mean_ratio, all=None, threshold=5.0, P=0.8025, R=0.8333, F1=0.8176
2025-04-16 23:14:55,750 - INFO - [omi-3.txt] mode=mean_ratio, all=None, threshold=5.5, P=0.8025, R=0.8333, F1=0.8176
2025-04-16 23:14:55,751 - INFO - [omi-3.txt] mode=mean_ratio, all=None, threshold=6.0, P=0.8025, R=0.8333, F1=0.8176
2025-04-16 23:14:55,751 - INFO - [omi-3.txt] mode=mean_ratio, all=None, threshold=6.5, P=0.8025, R=0.8333, F1=0.8176
2025-04-16 23:14:55,751 - INFO - [omi-3.txt] mode=mean_ratio, all=None, threshold=7.0, P=0.8025, R=0.8333, F1=0.8176
2025-04-16 23:14:55,800 - INFO - 
==================================================
2025-04-16 23:14:55,800 - INFO - 开始汇总结果...
2025-04-16 23:14:55,810 - INFO - 
===== Best Results per Dataset =====
   dataset score_mode neighbor_param  score_threshold neighbor_selection  precision   recall  f1_score
 omi-1.txt mean_ratio           None              0.0                all   0.739496 0.988764  0.846154
omi-10.txt mean_ratio           None              3.0                all   0.468750 0.983607  0.634921
omi-11.txt mean_ratio           None              3.0                all   0.343373 0.982759  0.508929
omi-12.txt mean_ratio           None              5.5                all   0.655172 0.950000  0.775510
 omi-2.txt mean_ratio           None              4.5                all   0.455882 1.000000  0.626263
 omi-3.txt mean_ratio           None              0.0                all   0.802469 0.833333  0.817610
 omi-4.txt mean_ratio           None              3.0                all   0.825000 0.985075  0.897959
 omi-5.txt mean_ratio           None              0.0                all   0.475728 1.000000  0.644737
 omi-6.txt mean_ratio           None              3.0                all   0.260606 0.977273  0.411483
 omi-7.txt mean_ratio           None              2.0                all   0.904762 0.974359  0.938272
 omi-8.txt mean_ratio           None              5.5                all   0.358025 0.935484  0.517857
 omi-9.txt mean_ratio           None              6.0                all   0.496183 0.915493  0.643564
2025-04-16 23:14:55,810 - INFO - 
===== Overall Metrics =====
Precision: 0.4912  Recall: 0.9577  F1: 0.6494
2025-04-16 23:14:55,811 - INFO - 
【原始汇总指标】
2025-04-16 23:14:55,811 - INFO - 精确率(Precision): 0.4912
2025-04-16 23:14:55,811 - INFO - 召回率(Recall):    0.9577
2025-04-16 23:14:55,811 - INFO - F1值:             0.6494
2025-04-16 23:14:55,811 - INFO - 
==================================================
2025-04-16 23:14:55,811 - INFO - 开始生成可视化结果...
2025-04-16 23:14:55,811 - INFO - 
==================================================
2025-04-16 23:14:55,811 - INFO - 开始数据集可视化: omi-1
2025-04-16 23:14:55,811 - INFO - 使用参数: 评分模式=mean_ratio, all=None, 阈值=0.0
2025-04-16 23:14:55,811 - INFO - ==================================================

2025-04-16 23:14:55,811 - INFO - 正在加载数据集 omi-1 的数据
2025-04-16 23:14:55,812 - INFO - 数据加载成功。训练集形状: (8640, 19), 测试集形状: (4320, 19)
2025-04-16 23:14:55,812 - INFO - 正在计算边缘统计量...
2025-04-16 23:14:58,875 - INFO - 已计算 170 条边的统计量
2025-04-16 23:14:58,875 - INFO - 为每个节点使用所有邻居
2025-04-16 23:14:58,875 - INFO - 可视化结果将保存到: ./visual/omi/neighbor_all/mean_ratio/omi-1
2025-04-16 23:14:58,876 - INFO - 在数据集中发现 7 个异常时间段
2025-04-16 23:14:58,876 - INFO - 
正在处理时间段 1/7: 760-765
2025-04-16 23:14:58,876 - INFO - 该时间段的真实异常节点: {4, 5, 7, 8, 9, 10, 11, 12, 13, 14, 15, 16, 17, 18, 19}
2025-04-16 23:14:58,876 - INFO - 正在计算异常分数...
2025-04-16 23:14:58,879 - INFO - 检测到的异常节点: {1, 4, 7, 8, 9, 10, 11, 12, 13, 14, 15, 16, 17, 18, 19}
2025-04-16 23:14:58,879 - INFO - 正在为时间段 760-765 生成可视化
2025-04-16 23:14:58,879 - INFO - 正在为时间段 760-765 生成异常图可视化
2025-04-16 23:14:58,879 - DEBUG - 创建包含 19 个节点的图结构
2025-04-16 23:14:58,880 - DEBUG - 边统计: 正常边 218 条, 异常边 22 条
2025-04-16 23:14:58,943 - DEBUG - 正在保存可视化结果到 ./visual/omi/neighbor_all/mean_ratio/omi-1/seg_0_760_765.png
2025-04-16 23:14:59,160 - INFO - 成功保存时间段 760-765 的可视化结果
2025-04-16 23:14:59,161 - INFO - 
正在处理时间段 2/7: 1064-1298
2025-04-16 23:14:59,161 - INFO - 该时间段的真实异常节点: {6, 7, 9, 10, 11, 12, 13, 14, 15, 16, 17, 18, 19}
2025-04-16 23:14:59,161 - INFO - 正在计算异常分数...
2025-04-16 23:14:59,312 - INFO - 检测到的异常节点: {1, 3, 4, 5, 6, 7, 8, 9, 10, 11, 12, 13, 14, 15, 16, 17, 18, 19}
2025-04-16 23:14:59,312 - INFO - 正在为时间段 1064-1298 生成可视化
2025-04-16 23:14:59,312 - INFO - 正在为时间段 1064-1298 生成异常图可视化
2025-04-16 23:14:59,313 - DEBUG - 创建包含 19 个节点的图结构
2025-04-16 23:14:59,314 - DEBUG - 边统计: 正常边 284 条, 异常边 22 条
2025-04-16 23:14:59,458 - DEBUG - 正在保存可视化结果到 ./visual/omi/neighbor_all/mean_ratio/omi-1/seg_1_1064_1298.png
2025-04-16 23:14:59,707 - INFO - 成功保存时间段 1064-1298 的可视化结果
2025-04-16 23:14:59,707 - INFO - 
正在处理时间段 3/7: 2758-2772
2025-04-16 23:14:59,707 - INFO - 该时间段的真实异常节点: {5, 6, 7, 8, 9, 10, 11, 12, 13, 14, 15, 16, 17, 18, 19}
2025-04-16 23:14:59,707 - INFO - 正在计算异常分数...
2025-04-16 23:14:59,717 - INFO - 检测到的异常节点: {1, 4, 5, 6, 7, 8, 9, 10, 11, 12, 13, 14, 15, 16, 17, 18, 19}
2025-04-16 23:14:59,717 - INFO - 正在为时间段 2758-2772 生成可视化
2025-04-16 23:14:59,717 - INFO - 正在为时间段 2758-2772 生成异常图可视化
2025-04-16 23:14:59,717 - DEBUG - 创建包含 19 个节点的图结构
2025-04-16 23:14:59,718 - DEBUG - 边统计: 正常边 218 条, 异常边 54 条
2025-04-16 23:14:59,776 - DEBUG - 正在保存可视化结果到 ./visual/omi/neighbor_all/mean_ratio/omi-1/seg_2_2758_2772.png
2025-04-16 23:14:59,992 - INFO - 成功保存时间段 2758-2772 的可视化结果
2025-04-16 23:14:59,992 - INFO - 
正在处理时间段 4/7: 2874-2885
2025-04-16 23:14:59,992 - INFO - 该时间段的真实异常节点: {7, 9, 10, 11, 12, 13, 14, 15, 16, 17, 18}
2025-04-16 23:14:59,992 - INFO - 正在计算异常分数...
2025-04-16 23:14:59,999 - INFO - 检测到的异常节点: {1, 4, 5, 6, 7, 8, 9, 10, 11, 12, 13, 14, 15, 16, 17, 18, 19}
2025-04-16 23:14:59,999 - INFO - 正在为时间段 2874-2885 生成可视化
2025-04-16 23:15:00,000 - INFO - 正在为时间段 2874-2885 生成异常图可视化
2025-04-16 23:15:00,000 - DEBUG - 创建包含 19 个节点的图结构
2025-04-16 23:15:00,001 - DEBUG - 边统计: 正常边 250 条, 异常边 22 条
2025-04-16 23:15:00,058 - DEBUG - 正在保存可视化结果到 ./visual/omi/neighbor_all/mean_ratio/omi-1/seg_3_2874_2885.png
2025-04-16 23:15:00,274 - INFO - 成功保存时间段 2874-2885 的可视化结果
2025-04-16 23:15:00,274 - INFO - 
正在处理时间段 5/7: 3012-3025
2025-04-16 23:15:00,275 - INFO - 该时间段的真实异常节点: {7, 10, 11, 12, 13, 14, 15, 16, 17, 18, 19}
2025-04-16 23:15:00,275 - INFO - 正在计算异常分数...
2025-04-16 23:15:00,283 - INFO - 检测到的异常节点: {1, 4, 5, 6, 7, 8, 9, 10, 11, 12, 13, 14, 15, 16, 17, 18, 19}
2025-04-16 23:15:00,283 - INFO - 正在为时间段 3012-3025 生成可视化
2025-04-16 23:15:00,283 - INFO - 正在为时间段 3012-3025 生成异常图可视化
2025-04-16 23:15:00,283 - DEBUG - 创建包含 19 个节点的图结构
2025-04-16 23:15:00,284 - DEBUG - 边统计: 正常边 232 条, 异常边 40 条
2025-04-16 23:15:00,342 - DEBUG - 正在保存可视化结果到 ./visual/omi/neighbor_all/mean_ratio/omi-1/seg_4_3012_3025.png
2025-04-16 23:15:00,559 - INFO - 成功保存时间段 3012-3025 的可视化结果
2025-04-16 23:15:00,559 - INFO - 
正在处理时间段 6/7: 3160-3305
2025-04-16 23:15:00,559 - INFO - 该时间段的真实异常节点: {8, 9, 10, 11, 12, 13, 14, 15, 16, 17, 18, 19}
2025-04-16 23:15:00,559 - INFO - 正在计算异常分数...
2025-04-16 23:15:00,652 - INFO - 检测到的异常节点: {1, 3, 4, 5, 6, 7, 8, 9, 10, 11, 12, 13, 14, 15, 16, 17, 18, 19}
2025-04-16 23:15:00,652 - INFO - 正在为时间段 3160-3305 生成可视化
2025-04-16 23:15:00,652 - INFO - 正在为时间段 3160-3305 生成异常图可视化
2025-04-16 23:15:00,652 - DEBUG - 创建包含 19 个节点的图结构
2025-04-16 23:15:00,653 - DEBUG - 边统计: 正常边 304 条, 异常边 2 条
2025-04-16 23:15:00,707 - DEBUG - 正在保存可视化结果到 ./visual/omi/neighbor_all/mean_ratio/omi-1/seg_5_3160_3305.png
2025-04-16 23:15:00,951 - INFO - 成功保存时间段 3160-3305 的可视化结果
2025-04-16 23:15:00,951 - INFO - 
正在处理时间段 7/7: 3626-3638
2025-04-16 23:15:00,951 - INFO - 该时间段的真实异常节点: {7, 9, 10, 11, 12, 13, 14, 15, 16, 17, 18, 19}
2025-04-16 23:15:00,952 - INFO - 正在计算异常分数...
2025-04-16 23:15:00,960 - INFO - 检测到的异常节点: {1, 4, 5, 6, 7, 8, 9, 10, 11, 12, 13, 14, 15, 16, 17, 18, 19}
2025-04-16 23:15:00,960 - INFO - 正在为时间段 3626-3638 生成可视化
2025-04-16 23:15:00,960 - INFO - 正在为时间段 3626-3638 生成异常图可视化
2025-04-16 23:15:00,960 - DEBUG - 创建包含 19 个节点的图结构
2025-04-16 23:15:00,961 - DEBUG - 边统计: 正常边 234 条, 异常边 38 条
2025-04-16 23:15:01,019 - DEBUG - 正在保存可视化结果到 ./visual/omi/neighbor_all/mean_ratio/omi-1/seg_6_3626_3638.png
2025-04-16 23:15:01,235 - INFO - 成功保存时间段 3626-3638 的可视化结果
2025-04-16 23:15:01,235 - INFO - 正在从 ./visual/omi/neighbor_all/mean_ratio/omi-1 中的图像创建GIF
2025-04-16 23:15:01,723 - INFO - GIF已保存到 ./visual/omi/neighbor_all/mean_ratio/omi-1/omi-1.gif
2025-04-16 23:15:01,723 - INFO - 
==================================================
2025-04-16 23:15:01,723 - INFO - 开始数据集可视化: omi-10
2025-04-16 23:15:01,723 - INFO - 使用参数: 评分模式=mean_ratio, all=None, 阈值=3.0
2025-04-16 23:15:01,723 - INFO - ==================================================

2025-04-16 23:15:01,723 - INFO - 正在加载数据集 omi-10 的数据
2025-04-16 23:15:01,724 - INFO - 数据加载成功。训练集形状: (8640, 19), 测试集形状: (4320, 19)
2025-04-16 23:15:01,724 - INFO - 正在计算边缘统计量...
2025-04-16 23:15:04,896 - INFO - 已计算 136 条边的统计量
2025-04-16 23:15:04,896 - INFO - 为每个节点使用所有邻居
2025-04-16 23:15:04,896 - INFO - 可视化结果将保存到: ./visual/omi/neighbor_all/mean_ratio/omi-10
2025-04-16 23:15:04,897 - INFO - 在数据集中发现 8 个异常时间段
2025-04-16 23:15:04,897 - INFO - 
正在处理时间段 1/8: 740-780
2025-04-16 23:15:04,897 - INFO - 该时间段的真实异常节点: {2, 5, 6, 7, 8, 9, 10, 11, 12, 13, 14, 15, 16, 17, 18, 19}
2025-04-16 23:15:04,898 - INFO - 正在计算异常分数...
2025-04-16 23:15:04,929 - INFO - 检测到的异常节点: {1, 4, 5, 6, 7, 8, 9, 10, 11, 12, 13, 14, 15, 16, 17, 18, 19}
2025-04-16 23:15:04,929 - INFO - 正在为时间段 740-780 生成可视化
2025-04-16 23:15:04,929 - INFO - 正在为时间段 740-780 生成异常图可视化
2025-04-16 23:15:04,929 - DEBUG - 创建包含 19 个节点的图结构
2025-04-16 23:15:04,930 - DEBUG - 边统计: 正常边 166 条, 异常边 106 条
2025-04-16 23:15:04,989 - DEBUG - 正在保存可视化结果到 ./visual/omi/neighbor_all/mean_ratio/omi-10/seg_0_740_780.png
2025-04-16 23:15:05,206 - INFO - 成功保存时间段 740-780 的可视化结果
2025-04-16 23:15:05,206 - INFO - 
正在处理时间段 2/8: 1345-1406
2025-04-16 23:15:05,207 - INFO - 该时间段的真实异常节点: {7, 9, 10, 11, 12, 13, 14, 15, 16, 17, 18}
2025-04-16 23:15:05,207 - INFO - 正在计算异常分数...
2025-04-16 23:15:05,255 - INFO - 检测到的异常节点: {1, 4, 5, 6, 7, 8, 9, 10, 11, 12, 13, 14, 15, 16, 17, 18, 19}
2025-04-16 23:15:05,255 - INFO - 正在为时间段 1345-1406 生成可视化
2025-04-16 23:15:05,255 - INFO - 正在为时间段 1345-1406 生成异常图可视化
2025-04-16 23:15:05,255 - DEBUG - 创建包含 19 个节点的图结构
2025-04-16 23:15:05,256 - DEBUG - 边统计: 正常边 268 条, 异常边 4 条
2025-04-16 23:15:05,314 - DEBUG - 正在保存可视化结果到 ./visual/omi/neighbor_all/mean_ratio/omi-10/seg_1_1345_1406.png
2025-04-16 23:15:05,530 - INFO - 成功保存时间段 1345-1406 的可视化结果
2025-04-16 23:15:05,530 - INFO - 
正在处理时间段 3/8: 2224-2272
2025-04-16 23:15:05,531 - INFO - 该时间段的真实异常节点: {4, 5, 6, 7, 9, 10, 11, 12, 13, 14, 15, 16, 17, 18, 19}
2025-04-16 23:15:05,531 - INFO - 正在计算异常分数...
2025-04-16 23:15:05,568 - INFO - 检测到的异常节点: {1, 4, 5, 6, 7, 8, 9, 10, 11, 12, 13, 14, 15, 16, 17, 18, 19}
2025-04-16 23:15:05,568 - INFO - 正在为时间段 2224-2272 生成可视化
2025-04-16 23:15:05,568 - INFO - 正在为时间段 2224-2272 生成异常图可视化
2025-04-16 23:15:05,568 - DEBUG - 创建包含 19 个节点的图结构
2025-04-16 23:15:05,569 - DEBUG - 边统计: 正常边 264 条, 异常边 8 条
2025-04-16 23:15:05,627 - DEBUG - 正在保存可视化结果到 ./visual/omi/neighbor_all/mean_ratio/omi-10/seg_2_2224_2272.png
2025-04-16 23:15:05,843 - INFO - 成功保存时间段 2224-2272 的可视化结果
2025-04-16 23:15:05,843 - INFO - 
正在处理时间段 4/8: 2514-2592
2025-04-16 23:15:05,843 - INFO - 该时间段的真实异常节点: {16, 4}
2025-04-16 23:15:05,843 - INFO - 正在计算异常分数...
2025-04-16 23:15:05,904 - INFO - 检测到的异常节点: {1, 4, 5, 6, 7, 8, 9, 10, 11, 12, 13, 14, 15, 16, 17, 18, 19}
2025-04-16 23:15:05,904 - INFO - 正在为时间段 2514-2592 生成可视化
2025-04-16 23:15:05,905 - INFO - 正在为时间段 2514-2592 生成异常图可视化
2025-04-16 23:15:05,905 - DEBUG - 创建包含 19 个节点的图结构
2025-04-16 23:15:05,906 - DEBUG - 边统计: 正常边 272 条, 异常边 0 条
2025-04-16 23:15:05,963 - DEBUG - 正在保存可视化结果到 ./visual/omi/neighbor_all/mean_ratio/omi-10/seg_3_2514_2592.png
2025-04-16 23:15:06,180 - INFO - 成功保存时间段 2514-2592 的可视化结果
2025-04-16 23:15:06,180 - INFO - 
正在处理时间段 5/8: 2733-2778
2025-04-16 23:15:06,180 - INFO - 该时间段的真实异常节点: {11, 14, 15}
2025-04-16 23:15:06,180 - INFO - 正在计算异常分数...
2025-04-16 23:15:06,214 - INFO - 检测到的异常节点: {1, 4, 5, 7, 8, 9, 10, 11, 12, 13, 14, 15, 16, 17, 18, 19}
2025-04-16 23:15:06,214 - INFO - 正在为时间段 2733-2778 生成可视化
2025-04-16 23:15:06,214 - INFO - 正在为时间段 2733-2778 生成异常图可视化
2025-04-16 23:15:06,215 - DEBUG - 创建包含 19 个节点的图结构
2025-04-16 23:15:06,216 - DEBUG - 边统计: 正常边 238 条, 异常边 2 条
2025-04-16 23:15:06,275 - DEBUG - 正在保存可视化结果到 ./visual/omi/neighbor_all/mean_ratio/omi-10/seg_4_2733_2778.png
2025-04-16 23:15:06,490 - INFO - 成功保存时间段 2733-2778 的可视化结果
2025-04-16 23:15:06,490 - INFO - 
正在处理时间段 6/8: 3401-3405
2025-04-16 23:15:06,491 - INFO - 该时间段的真实异常节点: {1}
2025-04-16 23:15:06,491 - INFO - 正在计算异常分数...
2025-04-16 23:15:06,492 - INFO - 检测到的异常节点: {1, 4, 5, 6, 7, 10, 11, 16, 18, 19}
2025-04-16 23:15:06,492 - INFO - 正在为时间段 3401-3405 生成可视化
2025-04-16 23:15:06,492 - INFO - 正在为时间段 3401-3405 生成异常图可视化
2025-04-16 23:15:06,492 - DEBUG - 创建包含 19 个节点的图结构
2025-04-16 23:15:06,493 - DEBUG - 边统计: 正常边 252 条, 异常边 20 条
2025-04-16 23:15:06,550 - DEBUG - 正在保存可视化结果到 ./visual/omi/neighbor_all/mean_ratio/omi-10/seg_5_3401_3405.png
2025-04-16 23:15:06,766 - INFO - 成功保存时间段 3401-3405 的可视化结果
2025-04-16 23:15:06,766 - INFO - 
正在处理时间段 7/8: 3414-3459
2025-04-16 23:15:06,766 - INFO - 该时间段的真实异常节点: {8}
2025-04-16 23:15:06,766 - INFO - 正在计算异常分数...
2025-04-16 23:15:06,801 - INFO - 检测到的异常节点: {1, 4, 5, 6, 7, 8, 9, 10, 11, 12, 13, 14, 15, 16, 17, 18, 19}
2025-04-16 23:15:06,801 - INFO - 正在为时间段 3414-3459 生成可视化
2025-04-16 23:15:06,801 - INFO - 正在为时间段 3414-3459 生成异常图可视化
2025-04-16 23:15:06,801 - DEBUG - 创建包含 19 个节点的图结构
2025-04-16 23:15:06,802 - DEBUG - 边统计: 正常边 234 条, 异常边 38 条
2025-04-16 23:15:06,935 - DEBUG - 正在保存可视化结果到 ./visual/omi/neighbor_all/mean_ratio/omi-10/seg_6_3414_3459.png
2025-04-16 23:15:07,153 - INFO - 成功保存时间段 3414-3459 的可视化结果
2025-04-16 23:15:07,153 - INFO - 
正在处理时间段 8/8: 3700-3744
2025-04-16 23:15:07,154 - INFO - 该时间段的真实异常节点: {7, 8, 9, 10, 11, 12, 13, 14, 15, 16, 17, 18}
2025-04-16 23:15:07,154 - INFO - 正在计算异常分数...
2025-04-16 23:15:07,187 - INFO - 检测到的异常节点: {1, 4, 5, 6, 7, 8, 9, 10, 11, 12, 13, 14, 15, 16, 17, 18, 19}
2025-04-16 23:15:07,187 - INFO - 正在为时间段 3700-3744 生成可视化
2025-04-16 23:15:07,187 - INFO - 正在为时间段 3700-3744 生成异常图可视化
2025-04-16 23:15:07,187 - DEBUG - 创建包含 19 个节点的图结构
2025-04-16 23:15:07,188 - DEBUG - 边统计: 正常边 228 条, 异常边 44 条
2025-04-16 23:15:07,244 - DEBUG - 正在保存可视化结果到 ./visual/omi/neighbor_all/mean_ratio/omi-10/seg_7_3700_3744.png
2025-04-16 23:15:07,458 - INFO - 成功保存时间段 3700-3744 的可视化结果
2025-04-16 23:15:07,458 - INFO - 正在从 ./visual/omi/neighbor_all/mean_ratio/omi-10 中的图像创建GIF
2025-04-16 23:15:07,990 - INFO - GIF已保存到 ./visual/omi/neighbor_all/mean_ratio/omi-10/omi-10.gif
2025-04-16 23:15:07,990 - INFO - 
==================================================
2025-04-16 23:15:07,991 - INFO - 开始数据集可视化: omi-11
2025-04-16 23:15:07,991 - INFO - 使用参数: 评分模式=mean_ratio, all=None, 阈值=3.0
2025-04-16 23:15:07,991 - INFO - ==================================================

2025-04-16 23:15:07,991 - INFO - 正在加载数据集 omi-11 的数据
2025-04-16 23:15:07,991 - INFO - 数据加载成功。训练集形状: (8640, 19), 测试集形状: (4320, 19)
2025-04-16 23:15:07,992 - INFO - 正在计算边缘统计量...
2025-04-16 23:15:11,138 - INFO - 已计算 153 条边的统计量
2025-04-16 23:15:11,138 - INFO - 为每个节点使用所有邻居
2025-04-16 23:15:11,138 - INFO - 可视化结果将保存到: ./visual/omi/neighbor_all/mean_ratio/omi-11
2025-04-16 23:15:11,139 - INFO - 在数据集中发现 9 个异常时间段
2025-04-16 23:15:11,139 - INFO - 
正在处理时间段 1/9: 738-755
2025-04-16 23:15:11,139 - INFO - 该时间段的真实异常节点: {2}
2025-04-16 23:15:11,139 - INFO - 正在计算异常分数...
2025-04-16 23:15:11,150 - INFO - 检测到的异常节点: {4, 5, 6, 7, 8, 9, 10, 11, 12, 13, 14, 15, 16, 17, 18, 19}
2025-04-16 23:15:11,150 - INFO - 正在为时间段 738-755 生成可视化
2025-04-16 23:15:11,150 - INFO - 正在为时间段 738-755 生成异常图可视化
2025-04-16 23:15:11,151 - DEBUG - 创建包含 19 个节点的图结构
2025-04-16 23:15:11,152 - DEBUG - 边统计: 正常边 240 条, 异常边 0 条
2025-04-16 23:15:11,211 - DEBUG - 正在保存可视化结果到 ./visual/omi/neighbor_all/mean_ratio/omi-11/seg_0_738_755.png
2025-04-16 23:15:11,424 - INFO - 成功保存时间段 738-755 的可视化结果
2025-04-16 23:15:11,424 - INFO - 
正在处理时间段 2/9: 757-815
2025-04-16 23:15:11,425 - INFO - 该时间段的真实异常节点: set()
2025-04-16 23:15:11,425 - INFO - 正在计算异常分数...
2025-04-16 23:15:11,471 - INFO - 检测到的异常节点: {1, 4, 5, 6, 7, 8, 9, 10, 11, 12, 13, 14, 15, 16, 17, 18, 19}
2025-04-16 23:15:11,471 - INFO - 正在为时间段 757-815 生成可视化
2025-04-16 23:15:11,471 - INFO - 正在为时间段 757-815 生成异常图可视化
2025-04-16 23:15:11,471 - DEBUG - 创建包含 19 个节点的图结构
2025-04-16 23:15:11,472 - DEBUG - 边统计: 正常边 248 条, 异常边 24 条
2025-04-16 23:15:11,529 - DEBUG - 正在保存可视化结果到 ./visual/omi/neighbor_all/mean_ratio/omi-11/seg_1_757_815.png
2025-04-16 23:15:11,744 - INFO - 成功保存时间段 757-815 的可视化结果
2025-04-16 23:15:11,744 - INFO - 
正在处理时间段 3/9: 1366-1375
2025-04-16 23:15:11,745 - INFO - 该时间段的真实异常节点: {4, 5, 8, 17, 19}
2025-04-16 23:15:11,745 - INFO - 正在计算异常分数...
2025-04-16 23:15:11,750 - INFO - 检测到的异常节点: {1, 4, 5, 6, 7, 8, 9, 10, 11, 12, 13, 14, 15, 16, 17, 18, 19}
2025-04-16 23:15:11,751 - INFO - 正在为时间段 1366-1375 生成可视化
2025-04-16 23:15:11,751 - INFO - 正在为时间段 1366-1375 生成异常图可视化
2025-04-16 23:15:11,751 - DEBUG - 创建包含 19 个节点的图结构
2025-04-16 23:15:11,752 - DEBUG - 边统计: 正常边 210 条, 异常边 62 条
2025-04-16 23:15:11,809 - DEBUG - 正在保存可视化结果到 ./visual/omi/neighbor_all/mean_ratio/omi-11/seg_2_1366_1375.png
2025-04-16 23:15:12,024 - INFO - 成功保存时间段 1366-1375 的可视化结果
2025-04-16 23:15:12,025 - INFO - 
正在处理时间段 4/9: 2301-2314
2025-04-16 23:15:12,025 - INFO - 该时间段的真实异常节点: {17, 19, 4, 5}
2025-04-16 23:15:12,025 - INFO - 正在计算异常分数...
2025-04-16 23:15:12,034 - INFO - 检测到的异常节点: {1, 4, 5, 6, 7, 8, 9, 10, 11, 12, 13, 14, 15, 16, 17, 18, 19}
2025-04-16 23:15:12,034 - INFO - 正在为时间段 2301-2314 生成可视化
2025-04-16 23:15:12,034 - INFO - 正在为时间段 2301-2314 生成异常图可视化
2025-04-16 23:15:12,034 - DEBUG - 创建包含 19 个节点的图结构
2025-04-16 23:15:12,035 - DEBUG - 边统计: 正常边 232 条, 异常边 40 条
2025-04-16 23:15:12,092 - DEBUG - 正在保存可视化结果到 ./visual/omi/neighbor_all/mean_ratio/omi-11/seg_3_2301_2314.png
2025-04-16 23:15:12,309 - INFO - 成功保存时间段 2301-2314 的可视化结果
2025-04-16 23:15:12,309 - INFO - 
正在处理时间段 5/9: 2365-2381
2025-04-16 23:15:12,310 - INFO - 该时间段的真实异常节点: {19}
2025-04-16 23:15:12,310 - INFO - 正在计算异常分数...
2025-04-16 23:15:12,320 - INFO - 检测到的异常节点: {4, 6, 7, 8, 9, 10, 11, 12, 13, 14, 15, 16, 17, 18, 19}
2025-04-16 23:15:12,320 - INFO - 正在为时间段 2365-2381 生成可视化
2025-04-16 23:15:12,320 - INFO - 正在为时间段 2365-2381 生成异常图可视化
2025-04-16 23:15:12,320 - DEBUG - 创建包含 19 个节点的图结构
2025-04-16 23:15:12,321 - DEBUG - 边统计: 正常边 168 条, 异常边 42 条
2025-04-16 23:15:12,379 - DEBUG - 正在保存可视化结果到 ./visual/omi/neighbor_all/mean_ratio/omi-11/seg_4_2365_2381.png
2025-04-16 23:15:12,595 - INFO - 成功保存时间段 2365-2381 的可视化结果
2025-04-16 23:15:12,595 - INFO - 
正在处理时间段 6/9: 2464-2485
2025-04-16 23:15:12,595 - INFO - 该时间段的真实异常节点: {17, 19, 4, 5}
2025-04-16 23:15:12,595 - INFO - 正在计算异常分数...
2025-04-16 23:15:12,611 - INFO - 检测到的异常节点: {1, 4, 5, 6, 7, 8, 9, 10, 11, 12, 13, 14, 15, 16, 17, 18, 19}
2025-04-16 23:15:12,611 - INFO - 正在为时间段 2464-2485 生成可视化
2025-04-16 23:15:12,611 - INFO - 正在为时间段 2464-2485 生成异常图可视化
2025-04-16 23:15:12,611 - DEBUG - 创建包含 19 个节点的图结构
2025-04-16 23:15:12,612 - DEBUG - 边统计: 正常边 236 条, 异常边 36 条
2025-04-16 23:15:12,668 - DEBUG - 正在保存可视化结果到 ./visual/omi/neighbor_all/mean_ratio/omi-11/seg_5_2464_2485.png
2025-04-16 23:15:12,885 - INFO - 成功保存时间段 2464-2485 的可视化结果
2025-04-16 23:15:12,885 - INFO - 
正在处理时间段 7/9: 2588-2610
2025-04-16 23:15:12,885 - INFO - 该时间段的真实异常节点: {17, 19, 4, 5}
2025-04-16 23:15:12,885 - INFO - 正在计算异常分数...
2025-04-16 23:15:12,900 - INFO - 检测到的异常节点: {1, 4, 5, 6, 7, 8, 9, 10, 11, 12, 13, 14, 15, 16, 17, 18, 19}
2025-04-16 23:15:12,900 - INFO - 正在为时间段 2588-2610 生成可视化
2025-04-16 23:15:12,900 - INFO - 正在为时间段 2588-2610 生成异常图可视化
2025-04-16 23:15:12,901 - DEBUG - 创建包含 19 个节点的图结构
2025-04-16 23:15:12,902 - DEBUG - 边统计: 正常边 216 条, 异常边 56 条
2025-04-16 23:15:12,958 - DEBUG - 正在保存可视化结果到 ./visual/omi/neighbor_all/mean_ratio/omi-11/seg_6_2588_2610.png
2025-04-16 23:15:13,175 - INFO - 成功保存时间段 2588-2610 的可视化结果
2025-04-16 23:15:13,175 - INFO - 
正在处理时间段 8/9: 2650-2675
2025-04-16 23:15:13,175 - INFO - 该时间段的真实异常节点: {19}
2025-04-16 23:15:13,175 - INFO - 正在计算异常分数...
2025-04-16 23:15:13,193 - INFO - 检测到的异常节点: {4, 5, 6, 7, 8, 9, 10, 11, 12, 13, 14, 15, 16, 17, 18, 19}
2025-04-16 23:15:13,193 - INFO - 正在为时间段 2650-2675 生成可视化
2025-04-16 23:15:13,193 - INFO - 正在为时间段 2650-2675 生成异常图可视化
2025-04-16 23:15:13,193 - DEBUG - 创建包含 19 个节点的图结构
2025-04-16 23:15:13,194 - DEBUG - 边统计: 正常边 192 条, 异常边 48 条
2025-04-16 23:15:13,254 - DEBUG - 正在保存可视化结果到 ./visual/omi/neighbor_all/mean_ratio/omi-11/seg_7_2650_2675.png
2025-04-16 23:15:13,462 - INFO - 成功保存时间段 2650-2675 的可视化结果
2025-04-16 23:15:13,463 - INFO - 
正在处理时间段 9/9: 3012-3072
2025-04-16 23:15:13,463 - INFO - 该时间段的真实异常节点: {1, 4, 5, 8, 17, 19}
2025-04-16 23:15:13,463 - INFO - 正在计算异常分数...
2025-04-16 23:15:13,511 - INFO - 检测到的异常节点: {1, 4, 5, 6, 7, 8, 9, 10, 11, 12, 13, 14, 15, 16, 17, 18, 19}
2025-04-16 23:15:13,511 - INFO - 正在为时间段 3012-3072 生成可视化
2025-04-16 23:15:13,511 - INFO - 正在为时间段 3012-3072 生成异常图可视化
2025-04-16 23:15:13,511 - DEBUG - 创建包含 19 个节点的图结构
2025-04-16 23:15:13,512 - DEBUG - 边统计: 正常边 272 条, 异常边 0 条
2025-04-16 23:15:13,568 - DEBUG - 正在保存可视化结果到 ./visual/omi/neighbor_all/mean_ratio/omi-11/seg_8_3012_3072.png
2025-04-16 23:15:13,777 - INFO - 成功保存时间段 3012-3072 的可视化结果
2025-04-16 23:15:13,777 - INFO - 正在从 ./visual/omi/neighbor_all/mean_ratio/omi-11 中的图像创建GIF
2025-04-16 23:15:14,364 - INFO - GIF已保存到 ./visual/omi/neighbor_all/mean_ratio/omi-11/omi-11.gif
2025-04-16 23:15:14,364 - INFO - 
==================================================
2025-04-16 23:15:14,364 - INFO - 开始数据集可视化: omi-12
2025-04-16 23:15:14,364 - INFO - 使用参数: 评分模式=mean_ratio, all=None, 阈值=5.5
2025-04-16 23:15:14,364 - INFO - ==================================================

2025-04-16 23:15:14,364 - INFO - 正在加载数据集 omi-12 的数据
2025-04-16 23:15:14,365 - INFO - 数据加载成功。训练集形状: (7291, 19), 测试集形状: (4320, 19)
2025-04-16 23:15:14,365 - INFO - 正在计算边缘统计量...
2025-04-16 23:15:16,616 - INFO - 已计算 133 条边的统计量
2025-04-16 23:15:16,616 - INFO - 为每个节点使用所有邻居
2025-04-16 23:15:16,617 - INFO - 可视化结果将保存到: ./visual/omi/neighbor_all/mean_ratio/omi-12
2025-04-16 23:15:16,618 - INFO - 在数据集中发现 5 个异常时间段
2025-04-16 23:15:16,618 - INFO - 
正在处理时间段 1/5: 740-813
2025-04-16 23:15:16,618 - INFO - 该时间段的真实异常节点: {1, 2, 6, 7, 8, 9, 10, 11, 12, 13, 14, 15, 16, 17, 18, 19}
2025-04-16 23:15:16,618 - INFO - 正在计算异常分数...
2025-04-16 23:15:16,669 - INFO - 检测到的异常节点: {1, 6, 7, 8, 9, 10, 11, 12, 13, 14, 15, 16, 17, 18, 19}
2025-04-16 23:15:16,669 - INFO - 正在为时间段 740-813 生成可视化
2025-04-16 23:15:16,670 - INFO - 正在为时间段 740-813 生成异常图可视化
2025-04-16 23:15:16,670 - DEBUG - 创建包含 19 个节点的图结构
2025-04-16 23:15:16,671 - DEBUG - 边统计: 正常边 140 条, 异常边 70 条
2025-04-16 23:15:16,736 - DEBUG - 正在保存可视化结果到 ./visual/omi/neighbor_all/mean_ratio/omi-12/seg_0_740_813.png
2025-04-16 23:15:16,947 - INFO - 成功保存时间段 740-813 的可视化结果
2025-04-16 23:15:16,947 - INFO - 
正在处理时间段 2/5: 2486-2493
2025-04-16 23:15:16,947 - INFO - 该时间段的真实异常节点: {4, 5}
2025-04-16 23:15:16,947 - INFO - 正在计算异常分数...
2025-04-16 23:15:16,950 - INFO - 检测到的异常节点: {1, 4, 5, 7, 8, 9, 10, 14, 16, 17, 18}
2025-04-16 23:15:16,950 - INFO - 正在为时间段 2486-2493 生成可视化
2025-04-16 23:15:16,950 - INFO - 正在为时间段 2486-2493 生成异常图可视化
2025-04-16 23:15:16,951 - DEBUG - 创建包含 19 个节点的图结构
2025-04-16 23:15:16,951 - DEBUG - 边统计: 正常边 170 条, 异常边 36 条
2025-04-16 23:15:17,104 - DEBUG - 正在保存可视化结果到 ./visual/omi/neighbor_all/mean_ratio/omi-12/seg_1_2486_2493.png
2025-04-16 23:15:17,313 - INFO - 成功保存时间段 2486-2493 的可视化结果
2025-04-16 23:15:17,314 - INFO - 
正在处理时间段 3/5: 2515-2525
2025-04-16 23:15:17,314 - INFO - 该时间段的真实异常节点: {1, 4, 5, 7, 8, 9, 17, 18}
2025-04-16 23:15:17,314 - INFO - 正在计算异常分数...
2025-04-16 23:15:17,320 - INFO - 检测到的异常节点: {1, 4, 5, 6, 7, 8, 9, 10, 11, 12, 13, 14, 15, 16, 17, 18, 19}
2025-04-16 23:15:17,320 - INFO - 正在为时间段 2515-2525 生成可视化
2025-04-16 23:15:17,320 - INFO - 正在为时间段 2515-2525 生成异常图可视化
2025-04-16 23:15:17,320 - DEBUG - 创建包含 19 个节点的图结构
2025-04-16 23:15:17,321 - DEBUG - 边统计: 正常边 190 条, 异常边 76 条
2025-04-16 23:15:17,377 - DEBUG - 正在保存可视化结果到 ./visual/omi/neighbor_all/mean_ratio/omi-12/seg_2_2515_2525.png
2025-04-16 23:15:17,589 - INFO - 成功保存时间段 2515-2525 的可视化结果
2025-04-16 23:15:17,590 - INFO - 
正在处理时间段 4/5: 2721-2723
2025-04-16 23:15:17,590 - INFO - 该时间段的真实异常节点: {4}
2025-04-16 23:15:17,590 - INFO - 正在计算异常分数...
2025-04-16 23:15:17,590 - INFO - 检测到的异常节点: set()
2025-04-16 23:15:17,590 - INFO - 正在为时间段 2721-2723 生成可视化
2025-04-16 23:15:17,590 - INFO - 正在为时间段 2721-2723 生成异常图可视化
2025-04-16 23:15:17,590 - DEBUG - 创建包含 19 个节点的图结构
2025-04-16 23:15:17,591 - DEBUG - 边统计: 正常边 40 条, 异常边 48 条
2025-04-16 23:15:17,647 - DEBUG - 正在保存可视化结果到 ./visual/omi/neighbor_all/mean_ratio/omi-12/seg_3_2721_2723.png
2025-04-16 23:15:17,852 - INFO - 成功保存时间段 2721-2723 的可视化结果
2025-04-16 23:15:17,852 - INFO - 
正在处理时间段 5/5: 3500-3535
2025-04-16 23:15:17,852 - INFO - 该时间段的真实异常节点: {5, 6, 7, 8, 11, 12, 13, 14, 15, 16, 17, 18, 19}
2025-04-16 23:15:17,852 - INFO - 正在计算异常分数...
2025-04-16 23:15:17,872 - INFO - 检测到的异常节点: {5, 6, 7, 8, 9, 10, 11, 12, 13, 14, 15, 16, 17, 18, 19}
2025-04-16 23:15:17,872 - INFO - 正在为时间段 3500-3535 生成可视化
2025-04-16 23:15:17,873 - INFO - 正在为时间段 3500-3535 生成异常图可视化
2025-04-16 23:15:17,873 - DEBUG - 创建包含 19 个节点的图结构
2025-04-16 23:15:17,874 - DEBUG - 边统计: 正常边 172 条, 异常边 38 条
2025-04-16 23:15:17,929 - DEBUG - 正在保存可视化结果到 ./visual/omi/neighbor_all/mean_ratio/omi-12/seg_4_3500_3535.png
2025-04-16 23:15:18,139 - INFO - 成功保存时间段 3500-3535 的可视化结果
2025-04-16 23:15:18,139 - INFO - 正在从 ./visual/omi/neighbor_all/mean_ratio/omi-12 中的图像创建GIF
2025-04-16 23:15:18,475 - INFO - GIF已保存到 ./visual/omi/neighbor_all/mean_ratio/omi-12/omi-12.gif
2025-04-16 23:15:18,476 - INFO - 
==================================================
2025-04-16 23:15:18,476 - INFO - 开始数据集可视化: omi-2
2025-04-16 23:15:18,476 - INFO - 使用参数: 评分模式=mean_ratio, all=None, 阈值=4.5
2025-04-16 23:15:18,476 - INFO - ==================================================

2025-04-16 23:15:18,476 - INFO - 正在加载数据集 omi-2 的数据
2025-04-16 23:15:18,477 - INFO - 数据加载成功。训练集形状: (8640, 19), 测试集形状: (4320, 19)
2025-04-16 23:15:18,477 - INFO - 正在计算边缘统计量...
2025-04-16 23:15:21,415 - INFO - 已计算 153 条边的统计量
2025-04-16 23:15:21,416 - INFO - 为每个节点使用所有邻居
2025-04-16 23:15:21,416 - INFO - 可视化结果将保存到: ./visual/omi/neighbor_all/mean_ratio/omi-2
2025-04-16 23:15:21,416 - INFO - 在数据集中发现 4 个异常时间段
2025-04-16 23:15:21,417 - INFO - 
正在处理时间段 1/4: 486-498
2025-04-16 23:15:21,417 - INFO - 该时间段的真实异常节点: {1, 4, 5}
2025-04-16 23:15:21,417 - INFO - 正在计算异常分数...
2025-04-16 23:15:21,424 - INFO - 检测到的异常节点: {1, 4, 5, 6, 7, 8, 9, 10, 11, 12, 13, 14, 15, 16, 17, 18, 19}
2025-04-16 23:15:21,424 - INFO - 正在为时间段 486-498 生成可视化
2025-04-16 23:15:21,424 - INFO - 正在为时间段 486-498 生成异常图可视化
2025-04-16 23:15:21,425 - DEBUG - 创建包含 19 个节点的图结构
2025-04-16 23:15:21,426 - DEBUG - 边统计: 正常边 272 条, 异常边 0 条
2025-04-16 23:15:21,482 - DEBUG - 正在保存可视化结果到 ./visual/omi/neighbor_all/mean_ratio/omi-2/seg_0_486_498.png
2025-04-16 23:15:21,690 - INFO - 成功保存时间段 486-498 的可视化结果
2025-04-16 23:15:21,690 - INFO - 
正在处理时间段 2/4: 740-753
2025-04-16 23:15:21,690 - INFO - 该时间段的真实异常节点: {2}
2025-04-16 23:15:21,690 - INFO - 正在计算异常分数...
2025-04-16 23:15:21,698 - INFO - 检测到的异常节点: {2, 4, 5, 6, 7, 8, 9, 10, 11, 12, 13, 14, 15, 16, 17, 18, 19}
2025-04-16 23:15:21,698 - INFO - 正在为时间段 740-753 生成可视化
2025-04-16 23:15:21,699 - INFO - 正在为时间段 740-753 生成异常图可视化
2025-04-16 23:15:21,699 - DEBUG - 创建包含 19 个节点的图结构
2025-04-16 23:15:21,700 - DEBUG - 边统计: 正常边 268 条, 异常边 4 条
2025-04-16 23:15:21,754 - DEBUG - 正在保存可视化结果到 ./visual/omi/neighbor_all/mean_ratio/omi-2/seg_1_740_753.png
2025-04-16 23:15:21,961 - INFO - 成功保存时间段 740-753 的可视化结果
2025-04-16 23:15:21,961 - INFO - 
正在处理时间段 3/4: 766-783
2025-04-16 23:15:21,961 - INFO - 该时间段的真实异常节点: {1, 5, 6, 7, 8, 9, 10, 11, 12, 13, 14, 15, 16, 17, 18, 19}
2025-04-16 23:15:21,961 - INFO - 正在计算异常分数...
2025-04-16 23:15:21,972 - INFO - 检测到的异常节点: {1, 4, 5, 6, 7, 8, 9, 10, 11, 12, 13, 14, 15, 16, 17, 18, 19}
2025-04-16 23:15:21,972 - INFO - 正在为时间段 766-783 生成可视化
2025-04-16 23:15:21,972 - INFO - 正在为时间段 766-783 生成异常图可视化
2025-04-16 23:15:21,973 - DEBUG - 创建包含 19 个节点的图结构
2025-04-16 23:15:21,974 - DEBUG - 边统计: 正常边 222 条, 异常边 50 条
2025-04-16 23:15:22,028 - DEBUG - 正在保存可视化结果到 ./visual/omi/neighbor_all/mean_ratio/omi-2/seg_2_766_783.png
2025-04-16 23:15:22,239 - INFO - 成功保存时间段 766-783 的可视化结果
2025-04-16 23:15:22,239 - INFO - 
正在处理时间段 4/4: 1436-1445
2025-04-16 23:15:22,239 - INFO - 该时间段的真实异常节点: {7, 9, 10, 11, 12, 13, 14, 15, 16, 17, 18}
2025-04-16 23:15:22,239 - INFO - 正在计算异常分数...
2025-04-16 23:15:22,244 - INFO - 检测到的异常节点: {1, 4, 5, 6, 7, 8, 9, 10, 11, 12, 13, 14, 15, 16, 17, 18, 19}
2025-04-16 23:15:22,244 - INFO - 正在为时间段 1436-1445 生成可视化
2025-04-16 23:15:22,244 - INFO - 正在为时间段 1436-1445 生成异常图可视化
2025-04-16 23:15:22,245 - DEBUG - 创建包含 19 个节点的图结构
2025-04-16 23:15:22,246 - DEBUG - 边统计: 正常边 270 条, 异常边 2 条
2025-04-16 23:15:22,300 - DEBUG - 正在保存可视化结果到 ./visual/omi/neighbor_all/mean_ratio/omi-2/seg_3_1436_1445.png
2025-04-16 23:15:22,510 - INFO - 成功保存时间段 1436-1445 的可视化结果
2025-04-16 23:15:22,510 - INFO - 正在从 ./visual/omi/neighbor_all/mean_ratio/omi-2 中的图像创建GIF
2025-04-16 23:15:22,781 - INFO - GIF已保存到 ./visual/omi/neighbor_all/mean_ratio/omi-2/omi-2.gif
2025-04-16 23:15:22,782 - INFO - 
==================================================
2025-04-16 23:15:22,782 - INFO - 开始数据集可视化: omi-3
2025-04-16 23:15:22,782 - INFO - 使用参数: 评分模式=mean_ratio, all=None, 阈值=0.0
2025-04-16 23:15:22,782 - INFO - ==================================================

2025-04-16 23:15:22,782 - INFO - 正在加载数据集 omi-3 的数据
2025-04-16 23:15:22,783 - INFO - 数据加载成功。训练集形状: (8640, 19), 测试集形状: (4320, 19)
2025-04-16 23:15:22,783 - INFO - 正在计算边缘统计量...
2025-04-16 23:15:25,470 - INFO - 已计算 136 条边的统计量
2025-04-16 23:15:25,470 - INFO - 为每个节点使用所有邻居
2025-04-16 23:15:25,470 - INFO - 可视化结果将保存到: ./visual/omi/neighbor_all/mean_ratio/omi-3
2025-04-16 23:15:25,471 - INFO - 在数据集中发现 6 个异常时间段
2025-04-16 23:15:25,471 - INFO - 
正在处理时间段 1/6: 760-820
2025-04-16 23:15:25,471 - INFO - 该时间段的真实异常节点: {1, 4, 6, 7, 8, 9, 10, 11, 12, 13, 14, 15, 16, 17, 18, 19}
2025-04-16 23:15:25,471 - INFO - 正在计算异常分数...
2025-04-16 23:15:25,514 - INFO - 检测到的异常节点: {1, 4, 5, 6, 7, 8, 9, 10, 11, 12, 13, 14, 15, 16, 17, 18, 19}
2025-04-16 23:15:25,514 - INFO - 正在为时间段 760-820 生成可视化
2025-04-16 23:15:25,514 - INFO - 正在为时间段 760-820 生成异常图可视化
2025-04-16 23:15:25,514 - DEBUG - 创建包含 19 个节点的图结构
2025-04-16 23:15:25,515 - DEBUG - 边统计: 正常边 248 条, 异常边 24 条
2025-04-16 23:15:25,569 - DEBUG - 正在保存可视化结果到 ./visual/omi/neighbor_all/mean_ratio/omi-3/seg_0_760_820.png
2025-04-16 23:15:25,764 - INFO - 成功保存时间段 760-820 的可视化结果
2025-04-16 23:15:25,764 - INFO - 
正在处理时间段 2/6: 842-860
2025-04-16 23:15:25,765 - INFO - 该时间段的真实异常节点: {7, 8, 9, 10, 11, 12, 13, 14, 15, 16, 17, 18, 19}
2025-04-16 23:15:25,765 - INFO - 正在计算异常分数...
2025-04-16 23:15:25,777 - INFO - 检测到的异常节点: {4, 5, 6, 7, 8, 9, 10, 11, 12, 13, 14, 15, 16, 17, 18, 19}
2025-04-16 23:15:25,777 - INFO - 正在为时间段 842-860 生成可视化
2025-04-16 23:15:25,777 - INFO - 正在为时间段 842-860 生成异常图可视化
2025-04-16 23:15:25,777 - DEBUG - 创建包含 19 个节点的图结构
2025-04-16 23:15:25,778 - DEBUG - 边统计: 正常边 224 条, 异常边 16 条
2025-04-16 23:15:25,831 - DEBUG - 正在保存可视化结果到 ./visual/omi/neighbor_all/mean_ratio/omi-3/seg_1_842_860.png
2025-04-16 23:15:26,022 - INFO - 成功保存时间段 842-860 的可视化结果
2025-04-16 23:15:26,022 - INFO - 
正在处理时间段 3/6: 1080-1120
2025-04-16 23:15:26,022 - INFO - 该时间段的真实异常节点: {7, 9, 10, 11, 12, 13, 14, 15, 16, 17, 18}
2025-04-16 23:15:26,022 - INFO - 正在计算异常分数...
2025-04-16 23:15:26,050 - INFO - 检测到的异常节点: {1, 4, 5, 6, 7, 8, 9, 10, 11, 12, 13, 14, 15, 16, 17, 18, 19}
2025-04-16 23:15:26,050 - INFO - 正在为时间段 1080-1120 生成可视化
2025-04-16 23:15:26,050 - INFO - 正在为时间段 1080-1120 生成异常图可视化
2025-04-16 23:15:26,050 - DEBUG - 创建包含 19 个节点的图结构
2025-04-16 23:15:26,051 - DEBUG - 边统计: 正常边 272 条, 异常边 0 条
2025-04-16 23:15:26,102 - DEBUG - 正在保存可视化结果到 ./visual/omi/neighbor_all/mean_ratio/omi-3/seg_2_1080_1120.png
2025-04-16 23:15:26,297 - INFO - 成功保存时间段 1080-1120 的可视化结果
2025-04-16 23:15:26,297 - INFO - 
正在处理时间段 4/6: 2188-2201
2025-04-16 23:15:26,297 - INFO - 该时间段的真实异常节点: {7, 9, 10, 11, 12, 13, 14, 15, 16, 17, 18, 19}
2025-04-16 23:15:26,297 - INFO - 正在计算异常分数...
2025-04-16 23:15:26,305 - INFO - 检测到的异常节点: {1, 4, 6, 7, 8, 9, 10, 11, 12, 13, 14, 15, 16, 17, 18, 19}
2025-04-16 23:15:26,305 - INFO - 正在为时间段 2188-2201 生成可视化
2025-04-16 23:15:26,305 - INFO - 正在为时间段 2188-2201 生成异常图可视化
2025-04-16 23:15:26,305 - DEBUG - 创建包含 19 个节点的图结构
2025-04-16 23:15:26,306 - DEBUG - 边统计: 正常边 258 条, 异常边 14 条
2025-04-16 23:15:26,356 - DEBUG - 正在保存可视化结果到 ./visual/omi/neighbor_all/mean_ratio/omi-3/seg_3_2188_2201.png
2025-04-16 23:15:26,553 - INFO - 成功保存时间段 2188-2201 的可视化结果
2025-04-16 23:15:26,553 - INFO - 
正在处理时间段 5/6: 2497-2500
2025-04-16 23:15:26,553 - INFO - 该时间段的真实异常节点: {6, 7, 9, 10, 11, 12, 13, 14, 15, 16, 17, 18, 19}
2025-04-16 23:15:26,553 - INFO - 正在计算异常分数...
2025-04-16 23:15:26,553 - INFO - 检测到的异常节点: set()
2025-04-16 23:15:26,553 - INFO - 正在为时间段 2497-2500 生成可视化
2025-04-16 23:15:26,553 - INFO - 正在为时间段 2497-2500 生成异常图可视化
2025-04-16 23:15:26,553 - DEBUG - 创建包含 19 个节点的图结构
2025-04-16 23:15:26,554 - DEBUG - 边统计: 正常边 208 条, 异常边 2 条
2025-04-16 23:15:26,676 - DEBUG - 正在保存可视化结果到 ./visual/omi/neighbor_all/mean_ratio/omi-3/seg_4_2497_2500.png
2025-04-16 23:15:26,873 - INFO - 成功保存时间段 2497-2500 的可视化结果
2025-04-16 23:15:26,873 - INFO - 
正在处理时间段 6/6: 3428-3434
2025-04-16 23:15:26,874 - INFO - 该时间段的真实异常节点: {7, 8, 9, 10, 11, 12, 13, 14, 15, 16, 17, 18, 19}
2025-04-16 23:15:26,874 - INFO - 正在计算异常分数...
2025-04-16 23:15:26,876 - INFO - 检测到的异常节点: {1, 4, 7, 8, 9, 10, 11, 12, 13, 14, 15, 16, 17, 18, 19}
2025-04-16 23:15:26,876 - INFO - 正在为时间段 3428-3434 生成可视化
2025-04-16 23:15:26,876 - INFO - 正在为时间段 3428-3434 生成异常图可视化
2025-04-16 23:15:26,876 - DEBUG - 创建包含 19 个节点的图结构
2025-04-16 23:15:26,877 - DEBUG - 边统计: 正常边 270 条, 异常边 2 条
2025-04-16 23:15:26,928 - DEBUG - 正在保存可视化结果到 ./visual/omi/neighbor_all/mean_ratio/omi-3/seg_5_3428_3434.png
2025-04-16 23:15:27,124 - INFO - 成功保存时间段 3428-3434 的可视化结果
2025-04-16 23:15:27,124 - INFO - 正在从 ./visual/omi/neighbor_all/mean_ratio/omi-3 中的图像创建GIF
2025-04-16 23:15:27,496 - INFO - GIF已保存到 ./visual/omi/neighbor_all/mean_ratio/omi-3/omi-3.gif
2025-04-16 23:15:27,496 - INFO - 
==================================================
2025-04-16 23:15:27,496 - INFO - 开始数据集可视化: omi-4
2025-04-16 23:15:27,496 - INFO - 使用参数: 评分模式=mean_ratio, all=None, 阈值=3.0
2025-04-16 23:15:27,496 - INFO - ==================================================

2025-04-16 23:15:27,497 - INFO - 正在加载数据集 omi-4 的数据
2025-04-16 23:15:27,497 - INFO - 数据加载成功。训练集形状: (8640, 19), 测试集形状: (4320, 19)
2025-04-16 23:15:27,497 - INFO - 正在计算边缘统计量...
2025-04-16 23:15:30,172 - INFO - 已计算 136 条边的统计量
2025-04-16 23:15:30,172 - INFO - 为每个节点使用所有邻居
2025-04-16 23:15:30,172 - INFO - 可视化结果将保存到: ./visual/omi/neighbor_all/mean_ratio/omi-4
2025-04-16 23:15:30,173 - INFO - 在数据集中发现 5 个异常时间段
2025-04-16 23:15:30,173 - INFO - 
正在处理时间段 1/5: 727-782
2025-04-16 23:15:30,173 - INFO - 该时间段的真实异常节点: {1, 2, 6, 7, 8, 9, 10, 11, 12, 13, 14, 15, 16, 17, 18, 19}
2025-04-16 23:15:30,173 - INFO - 正在计算异常分数...
2025-04-16 23:15:30,212 - INFO - 检测到的异常节点: {1, 4, 5, 6, 7, 8, 9, 10, 11, 12, 13, 14, 15, 16, 17, 18, 19}
2025-04-16 23:15:30,212 - INFO - 正在为时间段 727-782 生成可视化
2025-04-16 23:15:30,212 - INFO - 正在为时间段 727-782 生成异常图可视化
2025-04-16 23:15:30,212 - DEBUG - 创建包含 19 个节点的图结构
2025-04-16 23:15:30,213 - DEBUG - 边统计: 正常边 240 条, 异常边 32 条
2025-04-16 23:15:30,266 - DEBUG - 正在保存可视化结果到 ./visual/omi/neighbor_all/mean_ratio/omi-4/seg_0_727_782.png
2025-04-16 23:15:30,463 - INFO - 成功保存时间段 727-782 的可视化结果
2025-04-16 23:15:30,463 - INFO - 
正在处理时间段 2/5: 843-857
2025-04-16 23:15:30,463 - INFO - 该时间段的真实异常节点: {6, 7, 8, 9, 10, 11, 12, 13, 14, 15, 16, 17, 18, 19}
2025-04-16 23:15:30,464 - INFO - 正在计算异常分数...
2025-04-16 23:15:30,472 - INFO - 检测到的异常节点: {4, 5, 6, 7, 8, 9, 10, 11, 12, 13, 14, 15, 16, 17, 18, 19}
2025-04-16 23:15:30,472 - INFO - 正在为时间段 843-857 生成可视化
2025-04-16 23:15:30,472 - INFO - 正在为时间段 843-857 生成异常图可视化
2025-04-16 23:15:30,472 - DEBUG - 创建包含 19 个节点的图结构
2025-04-16 23:15:30,473 - DEBUG - 边统计: 正常边 236 条, 异常边 4 条
2025-04-16 23:15:30,526 - DEBUG - 正在保存可视化结果到 ./visual/omi/neighbor_all/mean_ratio/omi-4/seg_1_843_857.png
2025-04-16 23:15:30,717 - INFO - 成功保存时间段 843-857 的可视化结果
2025-04-16 23:15:30,717 - INFO - 
正在处理时间段 3/5: 2178-2238
2025-04-16 23:15:30,717 - INFO - 该时间段的真实异常节点: {8, 9, 10, 11, 12, 13, 14, 15, 16, 17, 18, 19}
2025-04-16 23:15:30,717 - INFO - 正在计算异常分数...
2025-04-16 23:15:30,758 - INFO - 检测到的异常节点: {1, 4, 5, 6, 7, 8, 9, 10, 11, 12, 13, 14, 15, 16, 17, 18, 19}
2025-04-16 23:15:30,758 - INFO - 正在为时间段 2178-2238 生成可视化
2025-04-16 23:15:30,758 - INFO - 正在为时间段 2178-2238 生成异常图可视化
2025-04-16 23:15:30,758 - DEBUG - 创建包含 19 个节点的图结构
2025-04-16 23:15:30,759 - DEBUG - 边统计: 正常边 272 条, 异常边 0 条
2025-04-16 23:15:30,810 - DEBUG - 正在保存可视化结果到 ./visual/omi/neighbor_all/mean_ratio/omi-4/seg_2_2178_2238.png
2025-04-16 23:15:31,004 - INFO - 成功保存时间段 2178-2238 的可视化结果
2025-04-16 23:15:31,004 - INFO - 
正在处理时间段 4/5: 2494-2501
2025-04-16 23:15:31,004 - INFO - 该时间段的真实异常节点: {7, 9, 10, 11, 12, 13, 14, 15, 16, 17, 18, 19}
2025-04-16 23:15:31,005 - INFO - 正在计算异常分数...
2025-04-16 23:15:31,008 - INFO - 检测到的异常节点: {6, 7, 9, 10, 11, 12, 13, 14, 15, 16, 17, 18, 19}
2025-04-16 23:15:31,008 - INFO - 正在为时间段 2494-2501 生成可视化
2025-04-16 23:15:31,008 - INFO - 正在为时间段 2494-2501 生成异常图可视化
2025-04-16 23:15:31,008 - DEBUG - 创建包含 19 个节点的图结构
2025-04-16 23:15:31,009 - DEBUG - 边统计: 正常边 218 条, 异常边 22 条
2025-04-16 23:15:31,062 - DEBUG - 正在保存可视化结果到 ./visual/omi/neighbor_all/mean_ratio/omi-4/seg_3_2494_2501.png
2025-04-16 23:15:31,256 - INFO - 成功保存时间段 2494-2501 的可视化结果
2025-04-16 23:15:31,257 - INFO - 
正在处理时间段 5/5: 3425-3435
2025-04-16 23:15:31,257 - INFO - 该时间段的真实异常节点: {7, 8, 9, 10, 11, 12, 13, 14, 15, 16, 17, 18, 19}
2025-04-16 23:15:31,257 - INFO - 正在计算异常分数...
2025-04-16 23:15:31,262 - INFO - 检测到的异常节点: {1, 4, 5, 6, 7, 8, 9, 10, 11, 12, 13, 14, 15, 16, 17, 18, 19}
2025-04-16 23:15:31,263 - INFO - 正在为时间段 3425-3435 生成可视化
2025-04-16 23:15:31,263 - INFO - 正在为时间段 3425-3435 生成异常图可视化
2025-04-16 23:15:31,263 - DEBUG - 创建包含 19 个节点的图结构
2025-04-16 23:15:31,264 - DEBUG - 边统计: 正常边 252 条, 异常边 20 条
2025-04-16 23:15:31,314 - DEBUG - 正在保存可视化结果到 ./visual/omi/neighbor_all/mean_ratio/omi-4/seg_4_3425_3435.png
2025-04-16 23:15:31,510 - INFO - 成功保存时间段 3425-3435 的可视化结果
2025-04-16 23:15:31,510 - INFO - 正在从 ./visual/omi/neighbor_all/mean_ratio/omi-4 中的图像创建GIF
2025-04-16 23:15:31,819 - INFO - GIF已保存到 ./visual/omi/neighbor_all/mean_ratio/omi-4/omi-4.gif
2025-04-16 23:15:31,819 - INFO - 
==================================================
2025-04-16 23:15:31,820 - INFO - 开始数据集可视化: omi-5
2025-04-16 23:15:31,820 - INFO - 使用参数: 评分模式=mean_ratio, all=None, 阈值=0.0
2025-04-16 23:15:31,820 - INFO - ==================================================

2025-04-16 23:15:31,820 - INFO - 正在加载数据集 omi-5 的数据
2025-04-16 23:15:31,820 - INFO - 数据加载成功。训练集形状: (8640, 19), 测试集形状: (4320, 19)
2025-04-16 23:15:31,821 - INFO - 正在计算边缘统计量...
2025-04-16 23:15:34,691 - INFO - 已计算 153 条边的统计量
2025-04-16 23:15:34,691 - INFO - 为每个节点使用所有邻居
2025-04-16 23:15:34,691 - INFO - 可视化结果将保存到: ./visual/omi/neighbor_all/mean_ratio/omi-5
2025-04-16 23:15:34,692 - INFO - 在数据集中发现 6 个异常时间段
2025-04-16 23:15:34,692 - INFO - 
正在处理时间段 1/6: 765-781
2025-04-16 23:15:34,692 - INFO - 该时间段的真实异常节点: {6, 7, 8, 9, 10, 11, 12, 13, 14, 15, 16, 17, 18, 19}
2025-04-16 23:15:34,692 - INFO - 正在计算异常分数...
2025-04-16 23:15:34,702 - INFO - 检测到的异常节点: {1, 2, 5, 6, 7, 8, 9, 10, 11, 12, 13, 14, 15, 16, 17, 18, 19}
2025-04-16 23:15:34,702 - INFO - 正在为时间段 765-781 生成可视化
2025-04-16 23:15:34,702 - INFO - 正在为时间段 765-781 生成异常图可视化
2025-04-16 23:15:34,703 - DEBUG - 创建包含 19 个节点的图结构
2025-04-16 23:15:34,704 - DEBUG - 边统计: 正常边 214 条, 异常边 92 条
2025-04-16 23:15:34,756 - DEBUG - 正在保存可视化结果到 ./visual/omi/neighbor_all/mean_ratio/omi-5/seg_0_765_781.png
2025-04-16 23:15:34,962 - INFO - 成功保存时间段 765-781 的可视化结果
2025-04-16 23:15:34,962 - INFO - 
正在处理时间段 2/6: 1589-1617
2025-04-16 23:15:34,962 - INFO - 该时间段的真实异常节点: {17, 2, 4}
2025-04-16 23:15:34,962 - INFO - 正在计算异常分数...
2025-04-16 23:15:34,983 - INFO - 检测到的异常节点: {1, 2, 4, 5, 6, 7, 8, 9, 10, 11, 12, 13, 14, 15, 16, 17, 18, 19}
2025-04-16 23:15:34,983 - INFO - 正在为时间段 1589-1617 生成可视化
2025-04-16 23:15:34,983 - INFO - 正在为时间段 1589-1617 生成异常图可视化
2025-04-16 23:15:34,983 - DEBUG - 创建包含 19 个节点的图结构
2025-04-16 23:15:34,984 - DEBUG - 边统计: 正常边 270 条, 异常边 36 条
2025-04-16 23:15:35,034 - DEBUG - 正在保存可视化结果到 ./visual/omi/neighbor_all/mean_ratio/omi-5/seg_1_1589_1617.png
2025-04-16 23:15:35,242 - INFO - 成功保存时间段 1589-1617 的可视化结果
2025-04-16 23:15:35,242 - INFO - 
正在处理时间段 3/6: 2440-2446
2025-04-16 23:15:35,242 - INFO - 该时间段的真实异常节点: {8, 11, 12, 13, 14, 15, 16, 17, 18, 19}
2025-04-16 23:15:35,242 - INFO - 正在计算异常分数...
2025-04-16 23:15:35,245 - INFO - 检测到的异常节点: {1, 4, 5, 6, 7, 8, 9, 10, 11, 12, 13, 14, 15, 16, 17, 18, 19}
2025-04-16 23:15:35,245 - INFO - 正在为时间段 2440-2446 生成可视化
2025-04-16 23:15:35,245 - INFO - 正在为时间段 2440-2446 生成异常图可视化
2025-04-16 23:15:35,245 - DEBUG - 创建包含 19 个节点的图结构
2025-04-16 23:15:35,246 - DEBUG - 边统计: 正常边 246 条, 异常边 60 条
2025-04-16 23:15:35,296 - DEBUG - 正在保存可视化结果到 ./visual/omi/neighbor_all/mean_ratio/omi-5/seg_2_2440_2446.png
2025-04-16 23:15:35,503 - INFO - 成功保存时间段 2440-2446 的可视化结果
2025-04-16 23:15:35,503 - INFO - 
正在处理时间段 4/6: 3356-3363
2025-04-16 23:15:35,503 - INFO - 该时间段的真实异常节点: {17, 5, 6}
2025-04-16 23:15:35,503 - INFO - 正在计算异常分数...
2025-04-16 23:15:35,507 - INFO - 检测到的异常节点: {1, 4, 5, 6, 7, 8, 9, 10, 11, 12, 13, 14, 15, 16, 17, 18, 19}
2025-04-16 23:15:35,507 - INFO - 正在为时间段 3356-3363 生成可视化
2025-04-16 23:15:35,507 - INFO - 正在为时间段 3356-3363 生成异常图可视化
2025-04-16 23:15:35,507 - DEBUG - 创建包含 19 个节点的图结构
2025-04-16 23:15:35,508 - DEBUG - 边统计: 正常边 260 条, 异常边 46 条
2025-04-16 23:15:35,559 - DEBUG - 正在保存可视化结果到 ./visual/omi/neighbor_all/mean_ratio/omi-5/seg_3_3356_3363.png
2025-04-16 23:15:35,764 - INFO - 成功保存时间段 3356-3363 的可视化结果
2025-04-16 23:15:35,764 - INFO - 
正在处理时间段 5/6: 3416-3423
2025-04-16 23:15:35,764 - INFO - 该时间段的真实异常节点: {4, 5, 7, 9, 10, 11, 12, 13, 14, 15, 16, 17, 18, 19}
2025-04-16 23:15:35,764 - INFO - 正在计算异常分数...
2025-04-16 23:15:35,767 - INFO - 检测到的异常节点: {1, 4, 5, 6, 7, 8, 9, 10, 11, 12, 13, 14, 15, 16, 17, 18, 19}
2025-04-16 23:15:35,767 - INFO - 正在为时间段 3416-3423 生成可视化
2025-04-16 23:15:35,768 - INFO - 正在为时间段 3416-3423 生成异常图可视化
2025-04-16 23:15:35,768 - DEBUG - 创建包含 19 个节点的图结构
2025-04-16 23:15:35,769 - DEBUG - 边统计: 正常边 294 条, 异常边 12 条
2025-04-16 23:15:35,887 - DEBUG - 正在保存可视化结果到 ./visual/omi/neighbor_all/mean_ratio/omi-5/seg_4_3416_3423.png
2025-04-16 23:15:36,092 - INFO - 成功保存时间段 3416-3423 的可视化结果
2025-04-16 23:15:36,092 - INFO - 
正在处理时间段 6/6: 3590-3594
2025-04-16 23:15:36,092 - INFO - 该时间段的真实异常节点: {1, 8, 17, 18, 19}
2025-04-16 23:15:36,092 - INFO - 正在计算异常分数...
2025-04-16 23:15:36,093 - INFO - 检测到的异常节点: {1, 4, 5, 6, 7, 8, 9, 10, 11, 12, 13, 14, 15, 16, 17, 18, 19}
2025-04-16 23:15:36,093 - INFO - 正在为时间段 3590-3594 生成可视化
2025-04-16 23:15:36,093 - INFO - 正在为时间段 3590-3594 生成异常图可视化
2025-04-16 23:15:36,094 - DEBUG - 创建包含 19 个节点的图结构
2025-04-16 23:15:36,095 - DEBUG - 边统计: 正常边 232 条, 异常边 74 条
2025-04-16 23:15:36,145 - DEBUG - 正在保存可视化结果到 ./visual/omi/neighbor_all/mean_ratio/omi-5/seg_5_3590_3594.png
2025-04-16 23:15:36,351 - INFO - 成功保存时间段 3590-3594 的可视化结果
2025-04-16 23:15:36,351 - INFO - 正在从 ./visual/omi/neighbor_all/mean_ratio/omi-5 中的图像创建GIF
2025-04-16 23:15:36,726 - INFO - GIF已保存到 ./visual/omi/neighbor_all/mean_ratio/omi-5/omi-5.gif
2025-04-16 23:15:36,726 - INFO - 
==================================================
2025-04-16 23:15:36,726 - INFO - 开始数据集可视化: omi-6
2025-04-16 23:15:36,726 - INFO - 使用参数: 评分模式=mean_ratio, all=None, 阈值=3.0
2025-04-16 23:15:36,726 - INFO - ==================================================

2025-04-16 23:15:36,727 - INFO - 正在加载数据集 omi-6 的数据
2025-04-16 23:15:36,727 - INFO - 数据加载成功。训练集形状: (8640, 19), 测试集形状: (4320, 19)
2025-04-16 23:15:36,727 - INFO - 正在计算边缘统计量...
2025-04-16 23:15:39,421 - INFO - 已计算 153 条边的统计量
2025-04-16 23:15:39,421 - INFO - 为每个节点使用所有邻居
2025-04-16 23:15:39,421 - INFO - 可视化结果将保存到: ./visual/omi/neighbor_all/mean_ratio/omi-6
2025-04-16 23:15:39,422 - INFO - 在数据集中发现 10 个异常时间段
2025-04-16 23:15:39,422 - INFO - 
正在处理时间段 1/10: 357-392
2025-04-16 23:15:39,422 - INFO - 该时间段的真实异常节点: {19, 4}
2025-04-16 23:15:39,422 - INFO - 正在计算异常分数...
2025-04-16 23:15:39,446 - INFO - 检测到的异常节点: {1, 4, 5, 6, 7, 8, 9, 10, 11, 12, 13, 14, 15, 16, 17, 18, 19}
2025-04-16 23:15:39,446 - INFO - 正在为时间段 357-392 生成可视化
2025-04-16 23:15:39,446 - INFO - 正在为时间段 357-392 生成异常图可视化
2025-04-16 23:15:39,446 - DEBUG - 创建包含 19 个节点的图结构
2025-04-16 23:15:39,447 - DEBUG - 边统计: 正常边 254 条, 异常边 18 条
2025-04-16 23:15:39,500 - DEBUG - 正在保存可视化结果到 ./visual/omi/neighbor_all/mean_ratio/omi-6/seg_0_357_392.png
2025-04-16 23:15:39,698 - INFO - 成功保存时间段 357-392 的可视化结果
2025-04-16 23:15:39,698 - INFO - 
正在处理时间段 2/10: 750-788
2025-04-16 23:15:39,698 - INFO - 该时间段的真实异常节点: {2, 6, 7, 8, 9, 10, 11, 12, 13, 14, 15, 16, 17, 18, 19}
2025-04-16 23:15:39,698 - INFO - 正在计算异常分数...
2025-04-16 23:15:39,725 - INFO - 检测到的异常节点: {1, 4, 5, 6, 7, 8, 9, 10, 11, 12, 13, 14, 15, 16, 17, 18, 19}
2025-04-16 23:15:39,725 - INFO - 正在为时间段 750-788 生成可视化
2025-04-16 23:15:39,725 - INFO - 正在为时间段 750-788 生成异常图可视化
2025-04-16 23:15:39,725 - DEBUG - 创建包含 19 个节点的图结构
2025-04-16 23:15:39,726 - DEBUG - 边统计: 正常边 184 条, 异常边 88 条
2025-04-16 23:15:39,777 - DEBUG - 正在保存可视化结果到 ./visual/omi/neighbor_all/mean_ratio/omi-6/seg_1_750_788.png
2025-04-16 23:15:39,974 - INFO - 成功保存时间段 750-788 的可视化结果
2025-04-16 23:15:39,974 - INFO - 
正在处理时间段 3/10: 1278-1293
2025-04-16 23:15:39,974 - INFO - 该时间段的真实异常节点: {4, 5, 6, 8, 17}
2025-04-16 23:15:39,974 - INFO - 正在计算异常分数...
2025-04-16 23:15:39,983 - INFO - 检测到的异常节点: {1, 4, 5, 6, 7, 8, 9, 10, 11, 12, 13, 14, 15, 16, 17, 18, 19}
2025-04-16 23:15:39,983 - INFO - 正在为时间段 1278-1293 生成可视化
2025-04-16 23:15:39,983 - INFO - 正在为时间段 1278-1293 生成异常图可视化
2025-04-16 23:15:39,984 - DEBUG - 创建包含 19 个节点的图结构
2025-04-16 23:15:39,985 - DEBUG - 边统计: 正常边 270 条, 异常边 2 条
2025-04-16 23:15:40,035 - DEBUG - 正在保存可视化结果到 ./visual/omi/neighbor_all/mean_ratio/omi-6/seg_2_1278_1293.png
2025-04-16 23:15:40,230 - INFO - 成功保存时间段 1278-1293 的可视化结果
2025-04-16 23:15:40,230 - INFO - 
正在处理时间段 4/10: 1590-1615
2025-04-16 23:15:40,230 - INFO - 该时间段的真实异常节点: {1, 18, 9}
2025-04-16 23:15:40,230 - INFO - 正在计算异常分数...
2025-04-16 23:15:40,247 - INFO - 检测到的异常节点: {1, 4, 5, 6, 7, 8, 9, 10, 11, 12, 13, 14, 15, 16, 17, 18, 19}
2025-04-16 23:15:40,247 - INFO - 正在为时间段 1590-1615 生成可视化
2025-04-16 23:15:40,247 - INFO - 正在为时间段 1590-1615 生成异常图可视化
2025-04-16 23:15:40,247 - DEBUG - 创建包含 19 个节点的图结构
2025-04-16 23:15:40,248 - DEBUG - 边统计: 正常边 272 条, 异常边 0 条
2025-04-16 23:15:40,298 - DEBUG - 正在保存可视化结果到 ./visual/omi/neighbor_all/mean_ratio/omi-6/seg_3_1590_1615.png
2025-04-16 23:15:40,493 - INFO - 成功保存时间段 1590-1615 的可视化结果
2025-04-16 23:15:40,493 - INFO - 
正在处理时间段 5/10: 2592-2604
2025-04-16 23:15:40,493 - INFO - 该时间段的真实异常节点: {9, 4, 6}
2025-04-16 23:15:40,493 - INFO - 正在计算异常分数...
2025-04-16 23:15:40,500 - INFO - 检测到的异常节点: {4, 5, 6, 7, 8, 9, 10, 11, 12, 13, 14, 15, 16, 17, 18, 19}
2025-04-16 23:15:40,500 - INFO - 正在为时间段 2592-2604 生成可视化
2025-04-16 23:15:40,500 - INFO - 正在为时间段 2592-2604 生成异常图可视化
2025-04-16 23:15:40,501 - DEBUG - 创建包含 19 个节点的图结构
2025-04-16 23:15:40,502 - DEBUG - 边统计: 正常边 236 条, 异常边 4 条
2025-04-16 23:15:40,554 - DEBUG - 正在保存可视化结果到 ./visual/omi/neighbor_all/mean_ratio/omi-6/seg_4_2592_2604.png
2025-04-16 23:15:40,745 - INFO - 成功保存时间段 2592-2604 的可视化结果
2025-04-16 23:15:40,745 - INFO - 
正在处理时间段 6/10: 2734-2765
2025-04-16 23:15:40,745 - INFO - 该时间段的真实异常节点: {8, 19, 4, 6}
2025-04-16 23:15:40,745 - INFO - 正在计算异常分数...
2025-04-16 23:15:40,768 - INFO - 检测到的异常节点: {1, 4, 5, 6, 7, 8, 9, 10, 11, 12, 13, 14, 15, 16, 17, 18, 19}
2025-04-16 23:15:40,768 - INFO - 正在为时间段 2734-2765 生成可视化
2025-04-16 23:15:40,768 - INFO - 正在为时间段 2734-2765 生成异常图可视化
2025-04-16 23:15:40,768 - DEBUG - 创建包含 19 个节点的图结构
2025-04-16 23:15:40,769 - DEBUG - 边统计: 正常边 270 条, 异常边 2 条
2025-04-16 23:15:40,819 - DEBUG - 正在保存可视化结果到 ./visual/omi/neighbor_all/mean_ratio/omi-6/seg_5_2734_2765.png
2025-04-16 23:15:41,014 - INFO - 成功保存时间段 2734-2765 的可视化结果
2025-04-16 23:15:41,014 - INFO - 
正在处理时间段 7/10: 3066-3072
2025-04-16 23:15:41,015 - INFO - 该时间段的真实异常节点: {19, 4, 6}
2025-04-16 23:15:41,015 - INFO - 正在计算异常分数...
2025-04-16 23:15:41,017 - INFO - 检测到的异常节点: {1, 4, 5, 6, 7, 8, 10, 11, 12, 13, 14, 15, 16, 17, 18, 19}
2025-04-16 23:15:41,017 - INFO - 正在为时间段 3066-3072 生成可视化
2025-04-16 23:15:41,017 - INFO - 正在为时间段 3066-3072 生成异常图可视化
2025-04-16 23:15:41,018 - DEBUG - 创建包含 19 个节点的图结构
2025-04-16 23:15:41,019 - DEBUG - 边统计: 正常边 230 条, 异常边 42 条
2025-04-16 23:15:41,068 - DEBUG - 正在保存可视化结果到 ./visual/omi/neighbor_all/mean_ratio/omi-6/seg_6_3066_3072.png
2025-04-16 23:15:41,264 - INFO - 成功保存时间段 3066-3072 的可视化结果
2025-04-16 23:15:41,264 - INFO - 
正在处理时间段 8/10: 3596-3605
2025-04-16 23:15:41,264 - INFO - 该时间段的真实异常节点: {19, 4, 5, 6}
2025-04-16 23:15:41,264 - INFO - 正在计算异常分数...
2025-04-16 23:15:41,269 - INFO - 检测到的异常节点: {1, 4, 5, 6, 7, 8, 9, 10, 11, 12, 13, 14, 15, 16, 17, 18, 19}
2025-04-16 23:15:41,269 - INFO - 正在为时间段 3596-3605 生成可视化
2025-04-16 23:15:41,269 - INFO - 正在为时间段 3596-3605 生成异常图可视化
2025-04-16 23:15:41,269 - DEBUG - 创建包含 19 个节点的图结构
2025-04-16 23:15:41,270 - DEBUG - 边统计: 正常边 272 条, 异常边 0 条
2025-04-16 23:15:41,321 - DEBUG - 正在保存可视化结果到 ./visual/omi/neighbor_all/mean_ratio/omi-6/seg_7_3596_3605.png
2025-04-16 23:15:41,515 - INFO - 成功保存时间段 3596-3605 的可视化结果
2025-04-16 23:15:41,515 - INFO - 
正在处理时间段 9/10: 3610-3622
2025-04-16 23:15:41,515 - INFO - 该时间段的真实异常节点: {1, 4, 5}
2025-04-16 23:15:41,515 - INFO - 正在计算异常分数...
2025-04-16 23:15:41,522 - INFO - 检测到的异常节点: {1, 4, 5, 6, 7, 8, 9, 10, 11, 12, 13, 14, 15, 16, 17, 18, 19}
2025-04-16 23:15:41,522 - INFO - 正在为时间段 3610-3622 生成可视化
2025-04-16 23:15:41,522 - INFO - 正在为时间段 3610-3622 生成异常图可视化
2025-04-16 23:15:41,522 - DEBUG - 创建包含 19 个节点的图结构
2025-04-16 23:15:41,523 - DEBUG - 边统计: 正常边 272 条, 异常边 0 条
2025-04-16 23:15:41,574 - DEBUG - 正在保存可视化结果到 ./visual/omi/neighbor_all/mean_ratio/omi-6/seg_8_3610_3622.png
2025-04-16 23:15:41,768 - INFO - 成功保存时间段 3610-3622 的可视化结果
2025-04-16 23:15:41,768 - INFO - 
正在处理时间段 10/10: 4159-4164
2025-04-16 23:15:41,768 - INFO - 该时间段的真实异常节点: {4, 5}
2025-04-16 23:15:41,768 - INFO - 正在计算异常分数...
2025-04-16 23:15:41,770 - INFO - 检测到的异常节点: {1, 4, 5, 6, 7, 8, 9, 10, 11, 13, 14, 15, 17, 18}
2025-04-16 23:15:41,770 - INFO - 正在为时间段 4159-4164 生成可视化
2025-04-16 23:15:41,770 - INFO - 正在为时间段 4159-4164 生成异常图可视化
2025-04-16 23:15:41,770 - DEBUG - 创建包含 19 个节点的图结构
2025-04-16 23:15:41,771 - DEBUG - 边统计: 正常边 248 条, 异常边 24 条
2025-04-16 23:15:41,821 - DEBUG - 正在保存可视化结果到 ./visual/omi/neighbor_all/mean_ratio/omi-6/seg_9_4159_4164.png
2025-04-16 23:15:42,016 - INFO - 成功保存时间段 4159-4164 的可视化结果
2025-04-16 23:15:42,016 - INFO - 正在从 ./visual/omi/neighbor_all/mean_ratio/omi-6 中的图像创建GIF
2025-04-16 23:15:42,623 - INFO - GIF已保存到 ./visual/omi/neighbor_all/mean_ratio/omi-6/omi-6.gif
2025-04-16 23:15:42,623 - INFO - 
==================================================
2025-04-16 23:15:42,623 - INFO - 开始数据集可视化: omi-7
2025-04-16 23:15:42,623 - INFO - 使用参数: 评分模式=mean_ratio, all=None, 阈值=2.0
2025-04-16 23:15:42,623 - INFO - ==================================================

2025-04-16 23:15:42,623 - INFO - 正在加载数据集 omi-7 的数据
2025-04-16 23:15:42,624 - INFO - 数据加载成功。训练集形状: (8640, 19), 测试集形状: (4320, 19)
2025-04-16 23:15:42,624 - INFO - 正在计算边缘统计量...
2025-04-16 23:15:45,168 - INFO - 已计算 136 条边的统计量
2025-04-16 23:15:45,168 - INFO - 为每个节点使用所有邻居
2025-04-16 23:15:45,168 - INFO - 可视化结果将保存到: ./visual/omi/neighbor_all/mean_ratio/omi-7
2025-04-16 23:15:45,169 - INFO - 在数据集中发现 3 个异常时间段
2025-04-16 23:15:45,169 - INFO - 
正在处理时间段 1/3: 738-778
2025-04-16 23:15:45,169 - INFO - 该时间段的真实异常节点: {1, 2, 4, 6, 7, 8, 9, 10, 11, 12, 13, 14, 15, 16, 17, 18, 19}
2025-04-16 23:15:45,169 - INFO - 正在计算异常分数...
2025-04-16 23:15:45,196 - INFO - 检测到的异常节点: {1, 4, 5, 6, 7, 8, 9, 10, 11, 12, 13, 14, 15, 16, 17, 18, 19}
2025-04-16 23:15:45,196 - INFO - 正在为时间段 738-778 生成可视化
2025-04-16 23:15:45,196 - INFO - 正在为时间段 738-778 生成异常图可视化
2025-04-16 23:15:45,196 - DEBUG - 创建包含 19 个节点的图结构
2025-04-16 23:15:45,197 - DEBUG - 边统计: 正常边 166 条, 异常边 106 条
2025-04-16 23:15:45,320 - DEBUG - 正在保存可视化结果到 ./visual/omi/neighbor_all/mean_ratio/omi-7/seg_0_738_778.png
2025-04-16 23:15:45,519 - INFO - 成功保存时间段 738-778 的可视化结果
2025-04-16 23:15:45,519 - INFO - 
正在处理时间段 2/3: 1625-1660
2025-04-16 23:15:45,519 - INFO - 该时间段的真实异常节点: {7, 10, 11, 12, 13, 14, 15, 16, 17, 18, 19}
2025-04-16 23:15:45,519 - INFO - 正在计算异常分数...
2025-04-16 23:15:45,542 - INFO - 检测到的异常节点: {5, 7, 8, 9, 10, 11, 12, 13, 14, 15, 16, 17, 18, 19}
2025-04-16 23:15:45,542 - INFO - 正在为时间段 1625-1660 生成可视化
2025-04-16 23:15:45,542 - INFO - 正在为时间段 1625-1660 生成异常图可视化
2025-04-16 23:15:45,542 - DEBUG - 创建包含 19 个节点的图结构
2025-04-16 23:15:45,543 - DEBUG - 边统计: 正常边 130 条, 异常边 52 条
2025-04-16 23:15:45,593 - DEBUG - 正在保存可视化结果到 ./visual/omi/neighbor_all/mean_ratio/omi-7/seg_1_1625_1660.png
2025-04-16 23:15:45,787 - INFO - 成功保存时间段 1625-1660 的可视化结果
2025-04-16 23:15:45,787 - INFO - 
正在处理时间段 3/3: 3311-3320
2025-04-16 23:15:45,787 - INFO - 该时间段的真实异常节点: {7, 10, 11, 12, 13, 14, 15, 16, 17, 18, 19}
2025-04-16 23:15:45,787 - INFO - 正在计算异常分数...
2025-04-16 23:15:45,791 - INFO - 检测到的异常节点: {7, 10, 11, 12, 13, 14, 15, 16, 17, 18, 19}
2025-04-16 23:15:45,791 - INFO - 正在为时间段 3311-3320 生成可视化
2025-04-16 23:15:45,791 - INFO - 正在为时间段 3311-3320 生成异常图可视化
2025-04-16 23:15:45,792 - DEBUG - 创建包含 19 个节点的图结构
2025-04-16 23:15:45,792 - DEBUG - 边统计: 正常边 188 条, 异常边 22 条
2025-04-16 23:15:45,842 - DEBUG - 正在保存可视化结果到 ./visual/omi/neighbor_all/mean_ratio/omi-7/seg_2_3311_3320.png
2025-04-16 23:15:46,037 - INFO - 成功保存时间段 3311-3320 的可视化结果
2025-04-16 23:15:46,037 - INFO - 正在从 ./visual/omi/neighbor_all/mean_ratio/omi-7 中的图像创建GIF
2025-04-16 23:15:46,230 - INFO - GIF已保存到 ./visual/omi/neighbor_all/mean_ratio/omi-7/omi-7.gif
2025-04-16 23:15:46,231 - INFO - 
==================================================
2025-04-16 23:15:46,231 - INFO - 开始数据集可视化: omi-8
2025-04-16 23:15:46,231 - INFO - 使用参数: 评分模式=mean_ratio, all=None, 阈值=5.5
2025-04-16 23:15:46,231 - INFO - ==================================================

2025-04-16 23:15:46,231 - INFO - 正在加载数据集 omi-8 的数据
2025-04-16 23:15:46,232 - INFO - 数据加载成功。训练集形状: (8640, 19), 测试集形状: (4320, 19)
2025-04-16 23:15:46,232 - INFO - 正在计算边缘统计量...
2025-04-16 23:15:48,698 - INFO - 已计算 136 条边的统计量
2025-04-16 23:15:48,698 - INFO - 为每个节点使用所有邻居
2025-04-16 23:15:48,699 - INFO - 可视化结果将保存到: ./visual/omi/neighbor_all/mean_ratio/omi-8
2025-04-16 23:15:48,699 - INFO - 在数据集中发现 5 个异常时间段
2025-04-16 23:15:48,699 - INFO - 
正在处理时间段 1/5: 740-753
2025-04-16 23:15:48,700 - INFO - 该时间段的真实异常节点: {2, 4}
2025-04-16 23:15:48,700 - INFO - 正在计算异常分数...
2025-04-16 23:15:48,707 - INFO - 检测到的异常节点: {1, 4, 6, 7, 8, 9, 10, 11, 12, 13, 14, 15, 16, 17, 18, 19}
2025-04-16 23:15:48,707 - INFO - 正在为时间段 740-753 生成可视化
2025-04-16 23:15:48,707 - INFO - 正在为时间段 740-753 生成异常图可视化
2025-04-16 23:15:48,707 - DEBUG - 创建包含 19 个节点的图结构
2025-04-16 23:15:48,708 - DEBUG - 边统计: 正常边 238 条, 异常边 2 条
2025-04-16 23:15:48,763 - DEBUG - 正在保存可视化结果到 ./visual/omi/neighbor_all/mean_ratio/omi-8/seg_0_740_753.png
2025-04-16 23:15:48,959 - INFO - 成功保存时间段 740-753 的可视化结果
2025-04-16 23:15:48,959 - INFO - 
正在处理时间段 2/5: 764-780
2025-04-16 23:15:48,959 - INFO - 该时间段的真实异常节点: {6, 7, 8, 9, 10, 11, 12, 13, 14, 15, 16, 17, 18, 19}
2025-04-16 23:15:48,959 - INFO - 正在计算异常分数...
2025-04-16 23:15:48,968 - INFO - 检测到的异常节点: {1, 6, 7, 8, 9, 10, 11, 12, 13, 14, 15, 16, 17, 18, 19}
2025-04-16 23:15:48,968 - INFO - 正在为时间段 764-780 生成可视化
2025-04-16 23:15:48,968 - INFO - 正在为时间段 764-780 生成异常图可视化
2025-04-16 23:15:48,969 - DEBUG - 创建包含 19 个节点的图结构
2025-04-16 23:15:48,969 - DEBUG - 边统计: 正常边 146 条, 异常边 64 条
2025-04-16 23:15:49,021 - DEBUG - 正在保存可视化结果到 ./visual/omi/neighbor_all/mean_ratio/omi-8/seg_1_764_780.png
2025-04-16 23:15:49,214 - INFO - 成功保存时间段 764-780 的可视化结果
2025-04-16 23:15:49,214 - INFO - 
正在处理时间段 3/5: 2319-2325
2025-04-16 23:15:49,214 - INFO - 该时间段的真实异常节点: {4, 5, 6}
2025-04-16 23:15:49,214 - INFO - 正在计算异常分数...
2025-04-16 23:15:49,217 - INFO - 检测到的异常节点: {4, 5, 6, 7, 8, 9, 10, 11, 12, 13, 14, 15, 16, 17, 18, 19}
2025-04-16 23:15:49,217 - INFO - 正在为时间段 2319-2325 生成可视化
2025-04-16 23:15:49,217 - INFO - 正在为时间段 2319-2325 生成异常图可视化
2025-04-16 23:15:49,217 - DEBUG - 创建包含 19 个节点的图结构
2025-04-16 23:15:49,218 - DEBUG - 边统计: 正常边 228 条, 异常边 44 条
2025-04-16 23:15:49,269 - DEBUG - 正在保存可视化结果到 ./visual/omi/neighbor_all/mean_ratio/omi-8/seg_2_2319_2325.png
2025-04-16 23:15:49,464 - INFO - 成功保存时间段 2319-2325 的可视化结果
2025-04-16 23:15:49,464 - INFO - 
正在处理时间段 4/5: 2586-2675
2025-04-16 23:15:49,465 - INFO - 该时间段的真实异常节点: {5, 6, 8, 17, 18, 19}
2025-04-16 23:15:49,465 - INFO - 正在计算异常分数...
2025-04-16 23:15:49,530 - INFO - 检测到的异常节点: {1, 4, 5, 6, 7, 8, 9, 10, 11, 12, 13, 14, 15, 16, 17, 18, 19}
2025-04-16 23:15:49,530 - INFO - 正在为时间段 2586-2675 生成可视化
2025-04-16 23:15:49,530 - INFO - 正在为时间段 2586-2675 生成异常图可视化
2025-04-16 23:15:49,530 - DEBUG - 创建包含 19 个节点的图结构
2025-04-16 23:15:49,531 - DEBUG - 边统计: 正常边 260 条, 异常边 12 条
2025-04-16 23:15:49,582 - DEBUG - 正在保存可视化结果到 ./visual/omi/neighbor_all/mean_ratio/omi-8/seg_3_2586_2675.png
2025-04-16 23:15:49,777 - INFO - 成功保存时间段 2586-2675 的可视化结果
2025-04-16 23:15:49,777 - INFO - 
正在处理时间段 5/5: 2897-2956
2025-04-16 23:15:49,777 - INFO - 该时间段的真实异常节点: {2, 6, 8, 17, 18, 19}
2025-04-16 23:15:49,777 - INFO - 正在计算异常分数...
2025-04-16 23:15:49,819 - INFO - 检测到的异常节点: {1, 4, 5, 6, 7, 8, 9, 10, 11, 12, 13, 14, 15, 16, 17, 18, 19}
2025-04-16 23:15:49,819 - INFO - 正在为时间段 2897-2956 生成可视化
2025-04-16 23:15:49,819 - INFO - 正在为时间段 2897-2956 生成异常图可视化
2025-04-16 23:15:49,819 - DEBUG - 创建包含 19 个节点的图结构
2025-04-16 23:15:49,820 - DEBUG - 边统计: 正常边 230 条, 异常边 42 条
2025-04-16 23:15:49,871 - DEBUG - 正在保存可视化结果到 ./visual/omi/neighbor_all/mean_ratio/omi-8/seg_4_2897_2956.png
2025-04-16 23:15:50,065 - INFO - 成功保存时间段 2897-2956 的可视化结果
2025-04-16 23:15:50,066 - INFO - 正在从 ./visual/omi/neighbor_all/mean_ratio/omi-8 中的图像创建GIF
2025-04-16 23:15:50,380 - INFO - GIF已保存到 ./visual/omi/neighbor_all/mean_ratio/omi-8/omi-8.gif
2025-04-16 23:15:50,380 - INFO - 
==================================================
2025-04-16 23:15:50,380 - INFO - 开始数据集可视化: omi-9
2025-04-16 23:15:50,380 - INFO - 使用参数: 评分模式=mean_ratio, all=None, 阈值=6.0
2025-04-16 23:15:50,380 - INFO - ==================================================

2025-04-16 23:15:50,380 - INFO - 正在加载数据集 omi-9 的数据
2025-04-16 23:15:50,381 - INFO - 数据加载成功。训练集形状: (8640, 19), 测试集形状: (4320, 19)
2025-04-16 23:15:50,381 - INFO - 正在计算边缘统计量...
2025-04-16 23:15:52,814 - INFO - 已计算 136 条边的统计量
2025-04-16 23:15:52,814 - INFO - 为每个节点使用所有邻居
2025-04-16 23:15:52,814 - INFO - 可视化结果将保存到: ./visual/omi/neighbor_all/mean_ratio/omi-9
2025-04-16 23:15:52,815 - INFO - 在数据集中发现 8 个异常时间段
2025-04-16 23:15:52,815 - INFO - 
正在处理时间段 1/8: 738-756
2025-04-16 23:15:52,815 - INFO - 该时间段的真实异常节点: {2, 9, 10, 11, 12, 13, 14, 15, 16, 17, 18, 19}
2025-04-16 23:15:52,815 - INFO - 正在计算异常分数...
2025-04-16 23:15:52,825 - INFO - 检测到的异常节点: {1, 7, 8, 9, 10, 11, 12, 13, 14, 15, 16, 17, 18, 19}
2025-04-16 23:15:52,825 - INFO - 正在为时间段 738-756 生成可视化
2025-04-16 23:15:52,825 - INFO - 正在为时间段 738-756 生成异常图可视化
2025-04-16 23:15:52,825 - DEBUG - 创建包含 19 个节点的图结构
2025-04-16 23:15:52,826 - DEBUG - 边统计: 正常边 158 条, 异常边 24 条
2025-04-16 23:15:52,879 - DEBUG - 正在保存可视化结果到 ./visual/omi/neighbor_all/mean_ratio/omi-9/seg_0_738_756.png
2025-04-16 23:15:53,073 - INFO - 成功保存时间段 738-756 的可视化结果
2025-04-16 23:15:53,073 - INFO - 
正在处理时间段 2/8: 763-780
2025-04-16 23:15:53,073 - INFO - 该时间段的真实异常节点: {1, 6, 7, 8, 9, 10, 11, 12, 13, 14, 15, 16, 17, 18, 19}
2025-04-16 23:15:53,073 - INFO - 正在计算异常分数...
2025-04-16 23:15:53,083 - INFO - 检测到的异常节点: {1, 6, 7, 8, 9, 10, 11, 12, 13, 14, 15, 16, 17, 18, 19}
2025-04-16 23:15:53,083 - INFO - 正在为时间段 763-780 生成可视化
2025-04-16 23:15:53,084 - INFO - 正在为时间段 763-780 生成异常图可视化
2025-04-16 23:15:53,084 - DEBUG - 创建包含 19 个节点的图结构
2025-04-16 23:15:53,085 - DEBUG - 边统计: 正常边 118 条, 异常边 92 条
2025-04-16 23:15:53,137 - DEBUG - 正在保存可视化结果到 ./visual/omi/neighbor_all/mean_ratio/omi-9/seg_1_763_780.png
2025-04-16 23:15:53,333 - INFO - 成功保存时间段 763-780 的可视化结果
2025-04-16 23:15:53,333 - INFO - 
正在处理时间段 3/8: 2514-2524
2025-04-16 23:15:53,333 - INFO - 该时间段的真实异常节点: {1, 4, 5, 7, 8, 9, 17, 18}
2025-04-16 23:15:53,333 - INFO - 正在计算异常分数...
2025-04-16 23:15:53,339 - INFO - 检测到的异常节点: {1, 4, 5, 6, 7, 8, 9, 10, 11, 12, 13, 14, 15, 16, 17, 18, 19}
2025-04-16 23:15:53,339 - INFO - 正在为时间段 2514-2524 生成可视化
2025-04-16 23:15:53,339 - INFO - 正在为时间段 2514-2524 生成异常图可视化
2025-04-16 23:15:53,339 - DEBUG - 创建包含 19 个节点的图结构
2025-04-16 23:15:53,340 - DEBUG - 边统计: 正常边 210 条, 异常边 62 条
2025-04-16 23:15:53,391 - DEBUG - 正在保存可视化结果到 ./visual/omi/neighbor_all/mean_ratio/omi-9/seg_2_2514_2524.png
2025-04-16 23:15:53,588 - INFO - 成功保存时间段 2514-2524 的可视化结果
2025-04-16 23:15:53,588 - INFO - 
正在处理时间段 4/8: 2603-2668
2025-04-16 23:15:53,588 - INFO - 该时间段的真实异常节点: {1, 2, 5, 6, 8, 17, 18, 19}
2025-04-16 23:15:53,588 - INFO - 正在计算异常分数...
2025-04-16 23:15:53,633 - INFO - 检测到的异常节点: {1, 4, 5, 6, 7, 8, 9, 10, 11, 12, 13, 14, 15, 16, 17, 18, 19}
2025-04-16 23:15:53,633 - INFO - 正在为时间段 2603-2668 生成可视化
2025-04-16 23:15:53,633 - INFO - 正在为时间段 2603-2668 生成异常图可视化
2025-04-16 23:15:53,633 - DEBUG - 创建包含 19 个节点的图结构
2025-04-16 23:15:53,634 - DEBUG - 边统计: 正常边 212 条, 异常边 60 条
2025-04-16 23:15:53,684 - DEBUG - 正在保存可视化结果到 ./visual/omi/neighbor_all/mean_ratio/omi-9/seg_3_2603_2668.png
2025-04-16 23:15:53,880 - INFO - 成功保存时间段 2603-2668 的可视化结果
2025-04-16 23:15:53,880 - INFO - 
正在处理时间段 5/8: 2918-2958
2025-04-16 23:15:53,881 - INFO - 该时间段的真实异常节点: {1, 2, 5, 6, 8, 17, 18, 19}
2025-04-16 23:15:53,881 - INFO - 正在计算异常分数...
2025-04-16 23:15:53,906 - INFO - 检测到的异常节点: {1, 4, 5, 6, 7, 8, 9, 10, 11, 12, 13, 14, 15, 16, 17, 18, 19}
2025-04-16 23:15:53,906 - INFO - 正在为时间段 2918-2958 生成可视化
2025-04-16 23:15:53,906 - INFO - 正在为时间段 2918-2958 生成异常图可视化
2025-04-16 23:15:53,907 - DEBUG - 创建包含 19 个节点的图结构
2025-04-16 23:15:53,908 - DEBUG - 边统计: 正常边 200 条, 异常边 72 条
2025-04-16 23:15:54,028 - DEBUG - 正在保存可视化结果到 ./visual/omi/neighbor_all/mean_ratio/omi-9/seg_4_2918_2958.png
2025-04-16 23:15:54,227 - INFO - 成功保存时间段 2918-2958 的可视化结果
2025-04-16 23:15:54,227 - INFO - 
正在处理时间段 6/8: 3170-3245
2025-04-16 23:15:54,227 - INFO - 该时间段的真实异常节点: {1, 2, 6, 8, 17, 18, 19}
2025-04-16 23:15:54,227 - INFO - 正在计算异常分数...
2025-04-16 23:15:54,274 - INFO - 检测到的异常节点: {1, 4, 5, 6, 7, 8, 9, 10, 11, 12, 13, 14, 15, 16, 17, 18, 19}
2025-04-16 23:15:54,274 - INFO - 正在为时间段 3170-3245 生成可视化
2025-04-16 23:15:54,274 - INFO - 正在为时间段 3170-3245 生成异常图可视化
2025-04-16 23:15:54,274 - DEBUG - 创建包含 19 个节点的图结构
2025-04-16 23:15:54,275 - DEBUG - 边统计: 正常边 226 条, 异常边 46 条
2025-04-16 23:15:54,326 - DEBUG - 正在保存可视化结果到 ./visual/omi/neighbor_all/mean_ratio/omi-9/seg_5_3170_3245.png
2025-04-16 23:15:54,521 - INFO - 成功保存时间段 3170-3245 的可视化结果
2025-04-16 23:15:54,521 - INFO - 
正在处理时间段 7/8: 3508-3528
2025-04-16 23:15:54,521 - INFO - 该时间段的真实异常节点: {8, 2, 19, 6}
2025-04-16 23:15:54,521 - INFO - 正在计算异常分数...
2025-04-16 23:15:54,534 - INFO - 检测到的异常节点: {1, 4, 5, 6, 7, 8, 9, 10, 11, 12, 13, 14, 15, 16, 17, 18, 19}
2025-04-16 23:15:54,534 - INFO - 正在为时间段 3508-3528 生成可视化
2025-04-16 23:15:54,534 - INFO - 正在为时间段 3508-3528 生成异常图可视化
2025-04-16 23:15:54,534 - DEBUG - 创建包含 19 个节点的图结构
2025-04-16 23:15:54,535 - DEBUG - 边统计: 正常边 208 条, 异常边 64 条
2025-04-16 23:15:54,586 - DEBUG - 正在保存可视化结果到 ./visual/omi/neighbor_all/mean_ratio/omi-9/seg_6_3508_3528.png
2025-04-16 23:15:54,781 - INFO - 成功保存时间段 3508-3528 的可视化结果
2025-04-16 23:15:54,781 - INFO - 
正在处理时间段 8/8: 4064-4108
2025-04-16 23:15:54,781 - INFO - 该时间段的真实异常节点: {1, 2, 6, 7, 8, 9, 17, 18, 19}
2025-04-16 23:15:54,781 - INFO - 正在计算异常分数...
2025-04-16 23:15:54,809 - INFO - 检测到的异常节点: {1, 4, 5, 6, 7, 8, 9, 10, 11, 12, 13, 14, 15, 16, 17, 18, 19}
2025-04-16 23:15:54,809 - INFO - 正在为时间段 4064-4108 生成可视化
2025-04-16 23:15:54,809 - INFO - 正在为时间段 4064-4108 生成异常图可视化
2025-04-16 23:15:54,809 - DEBUG - 创建包含 19 个节点的图结构
2025-04-16 23:15:54,810 - DEBUG - 边统计: 正常边 190 条, 异常边 82 条
2025-04-16 23:15:54,861 - DEBUG - 正在保存可视化结果到 ./visual/omi/neighbor_all/mean_ratio/omi-9/seg_7_4064_4108.png
2025-04-16 23:15:55,056 - INFO - 成功保存时间段 4064-4108 的可视化结果
2025-04-16 23:15:55,056 - INFO - 正在从 ./visual/omi/neighbor_all/mean_ratio/omi-9 中的图像创建GIF
2025-04-16 23:15:55,546 - INFO - GIF已保存到 ./visual/omi/neighbor_all/mean_ratio/omi-9/omi-9.gif
2025-04-16 23:15:55,546 - INFO - 可视化结果生成完成！
2025-04-16 23:15:55,546 - INFO - 
==================================================
2025-04-16 23:15:55,546 - INFO - 程序运行总耗时: 0:01:47.604467 

