2025-04-18 14:06:44,323 - INFO - 
 Starting experiment with config: ExperimentConfig(dataset='omi', window_size=5, score_thresholds=array([0. , 0.5, 1. , 1.5, 2. , 2.5, 3. , 3.5, 4. , 4.5, 5. , 5.5, 6. ,
       6.5, 7. ]), topk_range=range(1, 10), corr_threshold_range=array([0. , 0. , 0.1, 0.2, 0.2, 0.2, 0.3, 0.4, 0.4, 0.4, 0.5, 0.6, 0.6,
       0.6]), neighbor_selection='all', score_modes=['mean_ratio'], data_dir='./data/processed', label_dir='./data/interpretation_label', log_dir='./log/omi/neighbor_all', visual_dir='./visual/omi/neighbor_all', num_workers=36, gif_duration=500)
2025-04-18 14:06:44,323 - INFO - 当前评分模式: ['mean_ratio']
2025-04-18 14:06:44,323 - INFO - 
==================================================
2025-04-18 14:06:44,323 - INFO - 开始执行网格搜索...
2025-04-18 14:06:44,324 - INFO - [omi-12] Starting grid search...
2025-04-18 14:06:47,091 - INFO - [omi-12.txt] mode=mean_ratio, all=None, threshold=0.0, P=0.6129, R=0.9500, F1=0.7451
2025-04-18 14:06:47,093 - INFO - [omi-12.txt] mode=mean_ratio, all=None, threshold=0.5, P=0.6129, R=0.9500, F1=0.7451
2025-04-18 14:06:47,093 - INFO - [omi-12.txt] mode=mean_ratio, all=None, threshold=1.0, P=0.6230, R=0.9500, F1=0.7525
2025-04-18 14:06:47,093 - INFO - [omi-12.txt] mode=mean_ratio, all=None, threshold=1.5, P=0.6230, R=0.9500, F1=0.7525
2025-04-18 14:06:47,093 - INFO - [omi-12.txt] mode=mean_ratio, all=None, threshold=2.0, P=0.6333, R=0.9500, F1=0.7600
2025-04-18 14:06:47,093 - INFO - [omi-12.txt] mode=mean_ratio, all=None, threshold=2.5, P=0.6333, R=0.9500, F1=0.7600
2025-04-18 14:06:47,093 - INFO - [omi-12.txt] mode=mean_ratio, all=None, threshold=3.0, P=0.6333, R=0.9500, F1=0.7600
2025-04-18 14:06:47,094 - INFO - [omi-12.txt] mode=mean_ratio, all=None, threshold=3.5, P=0.6552, R=0.9500, F1=0.7755
2025-04-18 14:06:47,094 - INFO - [omi-12.txt] mode=mean_ratio, all=None, threshold=4.0, P=0.6552, R=0.9500, F1=0.7755
2025-04-18 14:06:47,094 - INFO - [omi-12.txt] mode=mean_ratio, all=None, threshold=4.5, P=0.6552, R=0.9500, F1=0.7755
2025-04-18 14:06:47,094 - INFO - [omi-12.txt] mode=mean_ratio, all=None, threshold=5.0, P=0.6552, R=0.9500, F1=0.7755
2025-04-18 14:06:47,094 - INFO - [omi-12.txt] mode=mean_ratio, all=None, threshold=5.5, P=0.6552, R=0.9500, F1=0.7755
2025-04-18 14:06:47,094 - INFO - [omi-12.txt] mode=mean_ratio, all=None, threshold=6.0, P=0.6552, R=0.9500, F1=0.7755
2025-04-18 14:06:47,094 - INFO - [omi-12.txt] mode=mean_ratio, all=None, threshold=6.5, P=0.6552, R=0.9500, F1=0.7755
2025-04-18 14:06:47,094 - INFO - [omi-12.txt] mode=mean_ratio, all=None, threshold=7.0, P=0.6552, R=0.9500, F1=0.7755
2025-04-18 14:06:47,140 - INFO - [omi-1] Starting grid search...
2025-04-18 14:06:50,566 - INFO - [omi-1.txt] mode=mean_ratio, all=None, threshold=0.0, P=0.7395, R=0.9888, F1=0.8462
2025-04-18 14:06:50,642 - INFO - [omi-1.txt] mode=mean_ratio, all=None, threshold=0.5, P=0.7373, R=0.9775, F1=0.8406
2025-04-18 14:06:50,642 - INFO - [omi-1.txt] mode=mean_ratio, all=None, threshold=1.0, P=0.7373, R=0.9775, F1=0.8406
2025-04-18 14:06:50,804 - INFO - [omi-1.txt] mode=mean_ratio, all=None, threshold=1.5, P=0.7373, R=0.9775, F1=0.8406
2025-04-18 14:06:50,805 - INFO - [omi-1.txt] mode=mean_ratio, all=None, threshold=2.0, P=0.7373, R=0.9775, F1=0.8406
2025-04-18 14:06:50,805 - INFO - [omi-1.txt] mode=mean_ratio, all=None, threshold=2.5, P=0.7373, R=0.9775, F1=0.8406
2025-04-18 14:06:50,805 - INFO - [omi-1.txt] mode=mean_ratio, all=None, threshold=3.0, P=0.7281, R=0.9326, F1=0.8177
2025-04-18 14:06:50,805 - INFO - [omi-1.txt] mode=mean_ratio, all=None, threshold=3.5, P=0.7207, R=0.8989, F1=0.8000
2025-04-18 14:06:50,805 - INFO - [omi-1.txt] mode=mean_ratio, all=None, threshold=4.0, P=0.7207, R=0.8989, F1=0.8000
2025-04-18 14:06:50,805 - INFO - [omi-1.txt] mode=mean_ratio, all=None, threshold=4.5, P=0.7207, R=0.8989, F1=0.8000
2025-04-18 14:06:50,806 - INFO - [omi-1.txt] mode=mean_ratio, all=None, threshold=5.0, P=0.7207, R=0.8989, F1=0.8000
2025-04-18 14:06:50,806 - INFO - [omi-1.txt] mode=mean_ratio, all=None, threshold=5.5, P=0.7207, R=0.8989, F1=0.8000
2025-04-18 14:06:50,806 - INFO - [omi-1.txt] mode=mean_ratio, all=None, threshold=6.0, P=0.7207, R=0.8989, F1=0.8000
2025-04-18 14:06:50,806 - INFO - [omi-1.txt] mode=mean_ratio, all=None, threshold=6.5, P=0.7207, R=0.8989, F1=0.8000
2025-04-18 14:06:50,806 - INFO - [omi-1.txt] mode=mean_ratio, all=None, threshold=7.0, P=0.7207, R=0.8989, F1=0.8000
2025-04-18 14:06:50,856 - INFO - [omi-5] Starting grid search...
2025-04-18 14:06:54,455 - INFO - [omi-5.txt] mode=mean_ratio, all=None, threshold=0.0, P=0.4757, R=1.0000, F1=0.6447
2025-04-18 14:06:54,531 - INFO - [omi-5.txt] mode=mean_ratio, all=None, threshold=0.5, P=0.4706, R=0.9796, F1=0.6358
2025-04-18 14:06:54,532 - INFO - [omi-5.txt] mode=mean_ratio, all=None, threshold=1.0, P=0.4706, R=0.9796, F1=0.6358
2025-04-18 14:06:54,532 - INFO - [omi-5.txt] mode=mean_ratio, all=None, threshold=1.5, P=0.4706, R=0.9796, F1=0.6358
2025-04-18 14:06:54,532 - INFO - [omi-5.txt] mode=mean_ratio, all=None, threshold=2.0, P=0.4706, R=0.9796, F1=0.6358
2025-04-18 14:06:54,532 - INFO - [omi-5.txt] mode=mean_ratio, all=None, threshold=2.5, P=0.4706, R=0.9796, F1=0.6358
2025-04-18 14:06:54,532 - INFO - [omi-5.txt] mode=mean_ratio, all=None, threshold=3.0, P=0.4706, R=0.9796, F1=0.6358
2025-04-18 14:06:54,532 - INFO - [omi-5.txt] mode=mean_ratio, all=None, threshold=3.5, P=0.4653, R=0.9592, F1=0.6267
2025-04-18 14:06:54,532 - INFO - [omi-5.txt] mode=mean_ratio, all=None, threshold=4.0, P=0.4653, R=0.9592, F1=0.6267
2025-04-18 14:06:54,532 - INFO - [omi-5.txt] mode=mean_ratio, all=None, threshold=4.5, P=0.4700, R=0.9592, F1=0.6309
2025-04-18 14:06:54,533 - INFO - [omi-5.txt] mode=mean_ratio, all=None, threshold=5.0, P=0.4646, R=0.9388, F1=0.6216
2025-04-18 14:06:54,533 - INFO - [omi-5.txt] mode=mean_ratio, all=None, threshold=5.5, P=0.4639, R=0.9184, F1=0.6164
2025-04-18 14:06:54,533 - INFO - [omi-5.txt] mode=mean_ratio, all=None, threshold=6.0, P=0.4583, R=0.8980, F1=0.6069
2025-04-18 14:06:54,533 - INFO - [omi-5.txt] mode=mean_ratio, all=None, threshold=6.5, P=0.4583, R=0.8980, F1=0.6069
2025-04-18 14:06:54,566 - INFO - [omi-5.txt] mode=mean_ratio, all=None, threshold=7.0, P=0.4583, R=0.8980, F1=0.6069
2025-04-18 14:06:54,610 - INFO - [omi-6] Starting grid search...
2025-04-18 14:06:58,584 - INFO - [omi-6.txt] mode=mean_ratio, all=None, threshold=0.0, P=0.2606, R=0.9773, F1=0.4115
2025-04-18 14:06:58,586 - INFO - [omi-6.txt] mode=mean_ratio, all=None, threshold=0.5, P=0.2606, R=0.9773, F1=0.4115
2025-04-18 14:06:58,586 - INFO - [omi-6.txt] mode=mean_ratio, all=None, threshold=1.0, P=0.2606, R=0.9773, F1=0.4115
2025-04-18 14:06:58,586 - INFO - [omi-6.txt] mode=mean_ratio, all=None, threshold=1.5, P=0.2606, R=0.9773, F1=0.4115
2025-04-18 14:06:58,586 - INFO - [omi-6.txt] mode=mean_ratio, all=None, threshold=2.0, P=0.2606, R=0.9773, F1=0.4115
2025-04-18 14:06:58,586 - INFO - [omi-6.txt] mode=mean_ratio, all=None, threshold=2.5, P=0.2606, R=0.9773, F1=0.4115
2025-04-18 14:06:58,624 - INFO - [omi-6.txt] mode=mean_ratio, all=None, threshold=3.0, P=0.2606, R=0.9773, F1=0.4115
2025-04-18 14:06:58,635 - INFO - [omi-6.txt] mode=mean_ratio, all=None, threshold=3.5, P=0.2606, R=0.9773, F1=0.4115
2025-04-18 14:06:58,635 - INFO - [omi-6.txt] mode=mean_ratio, all=None, threshold=4.0, P=0.2606, R=0.9773, F1=0.4115
2025-04-18 14:06:58,635 - INFO - [omi-6.txt] mode=mean_ratio, all=None, threshold=4.5, P=0.2606, R=0.9773, F1=0.4115
2025-04-18 14:06:58,642 - INFO - [omi-6.txt] mode=mean_ratio, all=None, threshold=5.0, P=0.2606, R=0.9773, F1=0.4115
2025-04-18 14:06:58,642 - INFO - [omi-6.txt] mode=mean_ratio, all=None, threshold=5.5, P=0.2606, R=0.9773, F1=0.4115
2025-04-18 14:06:58,642 - INFO - [omi-6.txt] mode=mean_ratio, all=None, threshold=6.0, P=0.2606, R=0.9773, F1=0.4115
2025-04-18 14:06:58,648 - INFO - [omi-6.txt] mode=mean_ratio, all=None, threshold=6.5, P=0.2606, R=0.9773, F1=0.4115
2025-04-18 14:06:58,684 - INFO - [omi-6.txt] mode=mean_ratio, all=None, threshold=7.0, P=0.2606, R=0.9773, F1=0.4115
2025-04-18 14:06:58,736 - INFO - [omi-7] Starting grid search...
2025-04-18 14:07:02,625 - INFO - [omi-7.txt] mode=mean_ratio, all=None, threshold=0.0, P=0.9048, R=0.9744, F1=0.9383
2025-04-18 14:07:02,656 - INFO - [omi-7.txt] mode=mean_ratio, all=None, threshold=0.5, P=0.9048, R=0.9744, F1=0.9383
2025-04-18 14:07:02,705 - INFO - [omi-7.txt] mode=mean_ratio, all=None, threshold=1.0, P=0.9048, R=0.9744, F1=0.9383
2025-04-18 14:07:02,706 - INFO - [omi-7.txt] mode=mean_ratio, all=None, threshold=1.5, P=0.9048, R=0.9744, F1=0.9383
2025-04-18 14:07:02,706 - INFO - [omi-7.txt] mode=mean_ratio, all=None, threshold=2.0, P=0.9048, R=0.9744, F1=0.9383
2025-04-18 14:07:02,706 - INFO - [omi-7.txt] mode=mean_ratio, all=None, threshold=2.5, P=0.9048, R=0.9744, F1=0.9383
2025-04-18 14:07:02,706 - INFO - [omi-7.txt] mode=mean_ratio, all=None, threshold=3.0, P=0.9048, R=0.9744, F1=0.9383
2025-04-18 14:07:02,706 - INFO - [omi-7.txt] mode=mean_ratio, all=None, threshold=3.5, P=0.9048, R=0.9744, F1=0.9383
2025-04-18 14:07:02,706 - INFO - [omi-7.txt] mode=mean_ratio, all=None, threshold=4.0, P=0.9048, R=0.9744, F1=0.9383
2025-04-18 14:07:02,706 - INFO - [omi-7.txt] mode=mean_ratio, all=None, threshold=4.5, P=0.9048, R=0.9744, F1=0.9383
2025-04-18 14:07:02,706 - INFO - [omi-7.txt] mode=mean_ratio, all=None, threshold=5.0, P=0.9048, R=0.9744, F1=0.9383
2025-04-18 14:07:02,706 - INFO - [omi-7.txt] mode=mean_ratio, all=None, threshold=5.5, P=0.9048, R=0.9744, F1=0.9383
2025-04-18 14:07:02,807 - INFO - [omi-7.txt] mode=mean_ratio, all=None, threshold=6.0, P=0.9048, R=0.9744, F1=0.9383
2025-04-18 14:07:02,808 - INFO - [omi-7.txt] mode=mean_ratio, all=None, threshold=6.5, P=0.9048, R=0.9744, F1=0.9383
2025-04-18 14:07:02,808 - INFO - [omi-7.txt] mode=mean_ratio, all=None, threshold=7.0, P=0.9048, R=0.9744, F1=0.9383
2025-04-18 14:07:02,855 - INFO - [omi-9] Starting grid search...
2025-04-18 14:07:06,551 - INFO - [omi-9.txt] mode=mean_ratio, all=None, threshold=0.0, P=0.4962, R=0.9155, F1=0.6436
2025-04-18 14:07:06,559 - INFO - [omi-9.txt] mode=mean_ratio, all=None, threshold=0.5, P=0.4962, R=0.9155, F1=0.6436
2025-04-18 14:07:06,560 - INFO - [omi-9.txt] mode=mean_ratio, all=None, threshold=1.0, P=0.4962, R=0.9155, F1=0.6436
2025-04-18 14:07:06,560 - INFO - [omi-9.txt] mode=mean_ratio, all=None, threshold=1.5, P=0.4962, R=0.9155, F1=0.6436
2025-04-18 14:07:06,560 - INFO - [omi-9.txt] mode=mean_ratio, all=None, threshold=2.0, P=0.4962, R=0.9155, F1=0.6436
2025-04-18 14:07:06,560 - INFO - [omi-9.txt] mode=mean_ratio, all=None, threshold=2.5, P=0.4962, R=0.9155, F1=0.6436
2025-04-18 14:07:06,560 - INFO - [omi-9.txt] mode=mean_ratio, all=None, threshold=3.0, P=0.4962, R=0.9155, F1=0.6436
2025-04-18 14:07:06,560 - INFO - [omi-9.txt] mode=mean_ratio, all=None, threshold=3.5, P=0.4962, R=0.9155, F1=0.6436
2025-04-18 14:07:06,762 - INFO - [omi-9.txt] mode=mean_ratio, all=None, threshold=4.0, P=0.4962, R=0.9155, F1=0.6436
2025-04-18 14:07:06,762 - INFO - [omi-9.txt] mode=mean_ratio, all=None, threshold=4.5, P=0.4962, R=0.9155, F1=0.6436
2025-04-18 14:07:06,763 - INFO - [omi-9.txt] mode=mean_ratio, all=None, threshold=5.0, P=0.4962, R=0.9155, F1=0.6436
2025-04-18 14:07:06,763 - INFO - [omi-9.txt] mode=mean_ratio, all=None, threshold=5.5, P=0.4962, R=0.9155, F1=0.6436
2025-04-18 14:07:06,790 - INFO - [omi-9.txt] mode=mean_ratio, all=None, threshold=6.0, P=0.4962, R=0.9155, F1=0.6436
2025-04-18 14:07:06,790 - INFO - [omi-9.txt] mode=mean_ratio, all=None, threshold=6.5, P=0.4962, R=0.9155, F1=0.6436
2025-04-18 14:07:06,790 - INFO - [omi-9.txt] mode=mean_ratio, all=None, threshold=7.0, P=0.4962, R=0.9155, F1=0.6436
2025-04-18 14:07:06,839 - INFO - [omi-8] Starting grid search...
2025-04-18 14:07:10,452 - INFO - [omi-8.txt] mode=mean_ratio, all=None, threshold=0.0, P=0.3580, R=0.9355, F1=0.5179
2025-04-18 14:07:10,453 - INFO - [omi-8.txt] mode=mean_ratio, all=None, threshold=0.5, P=0.3580, R=0.9355, F1=0.5179
2025-04-18 14:07:10,520 - INFO - [omi-8.txt] mode=mean_ratio, all=None, threshold=1.0, P=0.3580, R=0.9355, F1=0.5179
2025-04-18 14:07:10,520 - INFO - [omi-8.txt] mode=mean_ratio, all=None, threshold=1.5, P=0.3580, R=0.9355, F1=0.5179
2025-04-18 14:07:10,520 - INFO - [omi-8.txt] mode=mean_ratio, all=None, threshold=2.0, P=0.3580, R=0.9355, F1=0.5179
2025-04-18 14:07:10,520 - INFO - [omi-8.txt] mode=mean_ratio, all=None, threshold=2.5, P=0.3580, R=0.9355, F1=0.5179
2025-04-18 14:07:10,588 - INFO - [omi-8.txt] mode=mean_ratio, all=None, threshold=3.0, P=0.3580, R=0.9355, F1=0.5179
2025-04-18 14:07:10,589 - INFO - [omi-8.txt] mode=mean_ratio, all=None, threshold=3.5, P=0.3580, R=0.9355, F1=0.5179
2025-04-18 14:07:10,589 - INFO - [omi-8.txt] mode=mean_ratio, all=None, threshold=4.0, P=0.3580, R=0.9355, F1=0.5179
2025-04-18 14:07:10,589 - INFO - [omi-8.txt] mode=mean_ratio, all=None, threshold=4.5, P=0.3580, R=0.9355, F1=0.5179
2025-04-18 14:07:10,589 - INFO - [omi-8.txt] mode=mean_ratio, all=None, threshold=5.0, P=0.3580, R=0.9355, F1=0.5179
2025-04-18 14:07:10,589 - INFO - [omi-8.txt] mode=mean_ratio, all=None, threshold=5.5, P=0.3580, R=0.9355, F1=0.5179
2025-04-18 14:07:10,589 - INFO - [omi-8.txt] mode=mean_ratio, all=None, threshold=6.0, P=0.3580, R=0.9355, F1=0.5179
2025-04-18 14:07:10,590 - INFO - [omi-8.txt] mode=mean_ratio, all=None, threshold=6.5, P=0.3580, R=0.9355, F1=0.5179
2025-04-18 14:07:10,590 - INFO - [omi-8.txt] mode=mean_ratio, all=None, threshold=7.0, P=0.3580, R=0.9355, F1=0.5179
2025-04-18 14:07:10,636 - INFO - [omi-2] Starting grid search...
2025-04-18 14:07:14,256 - INFO - [omi-2.txt] mode=mean_ratio, all=None, threshold=0.0, P=0.4559, R=1.0000, F1=0.6263
2025-04-18 14:07:14,295 - INFO - [omi-2.txt] mode=mean_ratio, all=None, threshold=0.5, P=0.4559, R=1.0000, F1=0.6263
2025-04-18 14:07:14,295 - INFO - [omi-2.txt] mode=mean_ratio, all=None, threshold=1.0, P=0.4559, R=1.0000, F1=0.6263
2025-04-18 14:07:14,295 - INFO - [omi-2.txt] mode=mean_ratio, all=None, threshold=1.5, P=0.4559, R=1.0000, F1=0.6263
2025-04-18 14:07:14,295 - INFO - [omi-2.txt] mode=mean_ratio, all=None, threshold=2.0, P=0.4559, R=1.0000, F1=0.6263
2025-04-18 14:07:14,295 - INFO - [omi-2.txt] mode=mean_ratio, all=None, threshold=2.5, P=0.4559, R=1.0000, F1=0.6263
2025-04-18 14:07:14,454 - INFO - [omi-2.txt] mode=mean_ratio, all=None, threshold=3.0, P=0.4559, R=1.0000, F1=0.6263
2025-04-18 14:07:14,455 - INFO - [omi-2.txt] mode=mean_ratio, all=None, threshold=3.5, P=0.4559, R=1.0000, F1=0.6263
2025-04-18 14:07:14,455 - INFO - [omi-2.txt] mode=mean_ratio, all=None, threshold=4.0, P=0.4559, R=1.0000, F1=0.6263
2025-04-18 14:07:14,455 - INFO - [omi-2.txt] mode=mean_ratio, all=None, threshold=4.5, P=0.4559, R=1.0000, F1=0.6263
2025-04-18 14:07:14,455 - INFO - [omi-2.txt] mode=mean_ratio, all=None, threshold=5.0, P=0.4559, R=1.0000, F1=0.6263
2025-04-18 14:07:14,456 - INFO - [omi-2.txt] mode=mean_ratio, all=None, threshold=5.5, P=0.4559, R=1.0000, F1=0.6263
2025-04-18 14:07:14,456 - INFO - [omi-2.txt] mode=mean_ratio, all=None, threshold=6.0, P=0.4559, R=1.0000, F1=0.6263
2025-04-18 14:07:14,481 - INFO - [omi-2.txt] mode=mean_ratio, all=None, threshold=6.5, P=0.4559, R=1.0000, F1=0.6263
2025-04-18 14:07:14,481 - INFO - [omi-2.txt] mode=mean_ratio, all=None, threshold=7.0, P=0.4559, R=1.0000, F1=0.6263
2025-04-18 14:07:14,531 - INFO - [omi-11] Starting grid search...
2025-04-18 14:07:18,476 - INFO - [omi-11.txt] mode=mean_ratio, all=None, threshold=0.0, P=0.3434, R=0.9828, F1=0.5089
2025-04-18 14:07:18,478 - INFO - [omi-11.txt] mode=mean_ratio, all=None, threshold=0.5, P=0.3434, R=0.9828, F1=0.5089
2025-04-18 14:07:18,502 - INFO - [omi-11.txt] mode=mean_ratio, all=None, threshold=1.0, P=0.3434, R=0.9828, F1=0.5089
2025-04-18 14:07:18,503 - INFO - [omi-11.txt] mode=mean_ratio, all=None, threshold=1.5, P=0.3434, R=0.9828, F1=0.5089
2025-04-18 14:07:18,503 - INFO - [omi-11.txt] mode=mean_ratio, all=None, threshold=2.0, P=0.3434, R=0.9828, F1=0.5089
2025-04-18 14:07:18,503 - INFO - [omi-11.txt] mode=mean_ratio, all=None, threshold=2.5, P=0.3434, R=0.9828, F1=0.5089
2025-04-18 14:07:18,503 - INFO - [omi-11.txt] mode=mean_ratio, all=None, threshold=3.0, P=0.3434, R=0.9828, F1=0.5089
2025-04-18 14:07:18,503 - INFO - [omi-11.txt] mode=mean_ratio, all=None, threshold=3.5, P=0.3434, R=0.9828, F1=0.5089
2025-04-18 14:07:18,503 - INFO - [omi-11.txt] mode=mean_ratio, all=None, threshold=4.0, P=0.3434, R=0.9828, F1=0.5089
2025-04-18 14:07:18,503 - INFO - [omi-11.txt] mode=mean_ratio, all=None, threshold=4.5, P=0.3434, R=0.9828, F1=0.5089
2025-04-18 14:07:18,503 - INFO - [omi-11.txt] mode=mean_ratio, all=None, threshold=5.0, P=0.3434, R=0.9828, F1=0.5089
2025-04-18 14:07:18,503 - INFO - [omi-11.txt] mode=mean_ratio, all=None, threshold=5.5, P=0.3434, R=0.9828, F1=0.5089
2025-04-18 14:07:18,503 - INFO - [omi-11.txt] mode=mean_ratio, all=None, threshold=6.0, P=0.3434, R=0.9828, F1=0.5089
2025-04-18 14:07:18,504 - INFO - [omi-11.txt] mode=mean_ratio, all=None, threshold=6.5, P=0.3434, R=0.9828, F1=0.5089
2025-04-18 14:07:18,504 - INFO - [omi-11.txt] mode=mean_ratio, all=None, threshold=7.0, P=0.3434, R=0.9828, F1=0.5089
2025-04-18 14:07:18,551 - INFO - [omi-10] Starting grid search...
2025-04-18 14:07:22,676 - INFO - [omi-10.txt] mode=mean_ratio, all=None, threshold=0.0, P=0.4688, R=0.9836, F1=0.6349
2025-04-18 14:07:22,677 - INFO - [omi-10.txt] mode=mean_ratio, all=None, threshold=0.5, P=0.4688, R=0.9836, F1=0.6349
2025-04-18 14:07:22,677 - INFO - [omi-10.txt] mode=mean_ratio, all=None, threshold=1.0, P=0.4688, R=0.9836, F1=0.6349
2025-04-18 14:07:22,677 - INFO - [omi-10.txt] mode=mean_ratio, all=None, threshold=1.5, P=0.4688, R=0.9836, F1=0.6349
2025-04-18 14:07:22,677 - INFO - [omi-10.txt] mode=mean_ratio, all=None, threshold=2.0, P=0.4688, R=0.9836, F1=0.6349
2025-04-18 14:07:22,677 - INFO - [omi-10.txt] mode=mean_ratio, all=None, threshold=2.5, P=0.4688, R=0.9836, F1=0.6349
2025-04-18 14:07:22,677 - INFO - [omi-10.txt] mode=mean_ratio, all=None, threshold=3.0, P=0.4688, R=0.9836, F1=0.6349
2025-04-18 14:07:22,677 - INFO - [omi-10.txt] mode=mean_ratio, all=None, threshold=3.5, P=0.4688, R=0.9836, F1=0.6349
2025-04-18 14:07:22,677 - INFO - [omi-10.txt] mode=mean_ratio, all=None, threshold=4.0, P=0.4688, R=0.9836, F1=0.6349
2025-04-18 14:07:22,677 - INFO - [omi-10.txt] mode=mean_ratio, all=None, threshold=4.5, P=0.4688, R=0.9836, F1=0.6349
2025-04-18 14:07:22,710 - INFO - [omi-10.txt] mode=mean_ratio, all=None, threshold=5.0, P=0.4688, R=0.9836, F1=0.6349
2025-04-18 14:07:22,710 - INFO - [omi-10.txt] mode=mean_ratio, all=None, threshold=5.5, P=0.4688, R=0.9836, F1=0.6349
2025-04-18 14:07:22,710 - INFO - [omi-10.txt] mode=mean_ratio, all=None, threshold=6.0, P=0.4688, R=0.9836, F1=0.6349
2025-04-18 14:07:22,710 - INFO - [omi-10.txt] mode=mean_ratio, all=None, threshold=6.5, P=0.4688, R=0.9836, F1=0.6349
2025-04-18 14:07:22,710 - INFO - [omi-10.txt] mode=mean_ratio, all=None, threshold=7.0, P=0.4688, R=0.9836, F1=0.6349
2025-04-18 14:07:22,760 - INFO - [omi-4] Starting grid search...
2025-04-18 14:07:26,467 - INFO - [omi-4.txt] mode=mean_ratio, all=None, threshold=0.0, P=0.8250, R=0.9851, F1=0.8980
2025-04-18 14:07:26,467 - INFO - [omi-4.txt] mode=mean_ratio, all=None, threshold=0.5, P=0.8250, R=0.9851, F1=0.8980
2025-04-18 14:07:26,467 - INFO - [omi-4.txt] mode=mean_ratio, all=None, threshold=1.0, P=0.8250, R=0.9851, F1=0.8980
2025-04-18 14:07:26,468 - INFO - [omi-4.txt] mode=mean_ratio, all=None, threshold=1.5, P=0.8250, R=0.9851, F1=0.8980
2025-04-18 14:07:26,503 - INFO - [omi-4.txt] mode=mean_ratio, all=None, threshold=2.0, P=0.8250, R=0.9851, F1=0.8980
2025-04-18 14:07:26,517 - INFO - [omi-4.txt] mode=mean_ratio, all=None, threshold=2.5, P=0.8250, R=0.9851, F1=0.8980
2025-04-18 14:07:26,555 - INFO - [omi-4.txt] mode=mean_ratio, all=None, threshold=3.0, P=0.8250, R=0.9851, F1=0.8980
2025-04-18 14:07:26,555 - INFO - [omi-4.txt] mode=mean_ratio, all=None, threshold=3.5, P=0.8250, R=0.9851, F1=0.8980
2025-04-18 14:07:26,633 - INFO - [omi-4.txt] mode=mean_ratio, all=None, threshold=4.0, P=0.8250, R=0.9851, F1=0.8980
2025-04-18 14:07:26,691 - INFO - [omi-4.txt] mode=mean_ratio, all=None, threshold=4.5, P=0.8250, R=0.9851, F1=0.8980
2025-04-18 14:07:26,691 - INFO - [omi-4.txt] mode=mean_ratio, all=None, threshold=5.0, P=0.8250, R=0.9851, F1=0.8980
2025-04-18 14:07:26,691 - INFO - [omi-4.txt] mode=mean_ratio, all=None, threshold=5.5, P=0.8250, R=0.9851, F1=0.8980
2025-04-18 14:07:26,691 - INFO - [omi-4.txt] mode=mean_ratio, all=None, threshold=6.0, P=0.8250, R=0.9851, F1=0.8980
2025-04-18 14:07:26,692 - INFO - [omi-4.txt] mode=mean_ratio, all=None, threshold=6.5, P=0.8250, R=0.9851, F1=0.8980
2025-04-18 14:07:26,692 - INFO - [omi-4.txt] mode=mean_ratio, all=None, threshold=7.0, P=0.8250, R=0.9851, F1=0.8980
2025-04-18 14:07:26,742 - INFO - [omi-3] Starting grid search...
2025-04-18 14:07:30,517 - INFO - [omi-3.txt] mode=mean_ratio, all=None, threshold=0.0, P=0.8025, R=0.8333, F1=0.8176
2025-04-18 14:07:30,576 - INFO - [omi-3.txt] mode=mean_ratio, all=None, threshold=0.5, P=0.8025, R=0.8333, F1=0.8176
2025-04-18 14:07:30,576 - INFO - [omi-3.txt] mode=mean_ratio, all=None, threshold=1.0, P=0.8025, R=0.8333, F1=0.8176
2025-04-18 14:07:30,576 - INFO - [omi-3.txt] mode=mean_ratio, all=None, threshold=1.5, P=0.8025, R=0.8333, F1=0.8176
2025-04-18 14:07:30,577 - INFO - [omi-3.txt] mode=mean_ratio, all=None, threshold=2.0, P=0.8025, R=0.8333, F1=0.8176
2025-04-18 14:07:30,577 - INFO - [omi-3.txt] mode=mean_ratio, all=None, threshold=2.5, P=0.8025, R=0.8333, F1=0.8176
2025-04-18 14:07:30,577 - INFO - [omi-3.txt] mode=mean_ratio, all=None, threshold=3.0, P=0.8025, R=0.8333, F1=0.8176
2025-04-18 14:07:30,607 - INFO - [omi-3.txt] mode=mean_ratio, all=None, threshold=3.5, P=0.8025, R=0.8333, F1=0.8176
2025-04-18 14:07:30,607 - INFO - [omi-3.txt] mode=mean_ratio, all=None, threshold=4.0, P=0.8025, R=0.8333, F1=0.8176
2025-04-18 14:07:30,607 - INFO - [omi-3.txt] mode=mean_ratio, all=None, threshold=4.5, P=0.8025, R=0.8333, F1=0.8176
2025-04-18 14:07:30,607 - INFO - [omi-3.txt] mode=mean_ratio, all=None, threshold=5.0, P=0.8025, R=0.8333, F1=0.8176
2025-04-18 14:07:30,608 - INFO - [omi-3.txt] mode=mean_ratio, all=None, threshold=5.5, P=0.8025, R=0.8333, F1=0.8176
2025-04-18 14:07:30,624 - INFO - [omi-3.txt] mode=mean_ratio, all=None, threshold=6.0, P=0.8025, R=0.8333, F1=0.8176
2025-04-18 14:07:30,624 - INFO - [omi-3.txt] mode=mean_ratio, all=None, threshold=6.5, P=0.8025, R=0.8333, F1=0.8176
2025-04-18 14:07:30,625 - INFO - [omi-3.txt] mode=mean_ratio, all=None, threshold=7.0, P=0.8025, R=0.8333, F1=0.8176
2025-04-18 14:07:30,675 - INFO - 
==================================================
2025-04-18 14:07:30,675 - INFO - 开始汇总结果...
2025-04-18 14:07:30,683 - INFO - 
===== Best Results per Dataset =====
   dataset score_mode neighbor_param  score_threshold neighbor_selection  precision   recall  f1_score
 omi-1.txt mean_ratio           None              0.0                all   0.739496 0.988764  0.846154
omi-10.txt mean_ratio           None              6.0                all   0.468750 0.983607  0.634921
omi-11.txt mean_ratio           None              6.0                all   0.343373 0.982759  0.508929
omi-12.txt mean_ratio           None              7.0                all   0.655172 0.950000  0.775510
 omi-2.txt mean_ratio           None              3.0                all   0.455882 1.000000  0.626263
 omi-3.txt mean_ratio           None              6.5                all   0.802469 0.833333  0.817610
 omi-4.txt mean_ratio           None              4.5                all   0.825000 0.985075  0.897959
 omi-5.txt mean_ratio           None              0.0                all   0.475728 1.000000  0.644737
 omi-6.txt mean_ratio           None              7.0                all   0.260606 0.977273  0.411483
 omi-7.txt mean_ratio           None              2.5                all   0.904762 0.974359  0.938272
 omi-8.txt mean_ratio           None              6.0                all   0.358025 0.935484  0.517857
 omi-9.txt mean_ratio           None              0.0                all   0.496183 0.915493  0.643564
2025-04-18 14:07:30,683 - INFO - 
===== Overall Metrics =====
Precision: 0.4912  Recall: 0.9577  F1: 0.6494
2025-04-18 14:07:30,683 - INFO - 
【原始汇总指标】
2025-04-18 14:07:30,683 - INFO - 精确率(Precision): 0.4912
2025-04-18 14:07:30,683 - INFO - 召回率(Recall):    0.9577
2025-04-18 14:07:30,683 - INFO - F1值:             0.6494
2025-04-18 14:07:30,683 - INFO - 
==================================================
2025-04-18 14:07:30,683 - INFO - 开始生成可视化结果...
2025-04-18 14:07:30,683 - INFO - 
==================================================
2025-04-18 14:07:30,683 - INFO - 开始数据集可视化: omi-1
2025-04-18 14:07:30,683 - INFO - 使用参数: 评分模式=mean_ratio, all=None, 阈值=0.0
2025-04-18 14:07:30,683 - INFO - ==================================================

2025-04-18 14:07:30,683 - INFO - 正在加载数据集 omi-1 的数据
2025-04-18 14:07:30,685 - INFO - 数据加载成功。训练集形状: (8640, 19), 测试集形状: (4320, 19)
2025-04-18 14:07:30,685 - INFO - 正在计算边缘统计量...
2025-04-18 14:07:33,794 - INFO - 已计算 170 条边的统计量
2025-04-18 14:07:33,795 - INFO - 为每个节点使用所有邻居
2025-04-18 14:07:33,795 - INFO - 可视化结果将保存到: ./visual/omi/neighbor_all/mean_ratio/omi-1
2025-04-18 14:07:33,796 - INFO - 在数据集中发现 7 个异常时间段
2025-04-18 14:07:33,796 - INFO - 
正在处理时间段 1/7: 760-765
2025-04-18 14:07:33,796 - INFO - 该时间段的真实异常节点: {4, 5, 7, 8, 9, 10, 11, 12, 13, 14, 15, 16, 17, 18, 19}
2025-04-18 14:07:33,796 - INFO - 正在计算异常分数...
2025-04-18 14:07:33,798 - INFO - 检测到的异常节点: {1, 4, 7, 8, 9, 10, 11, 12, 13, 14, 15, 16, 17, 18, 19}
2025-04-18 14:07:33,798 - INFO - 正在为时间段 760-765 生成可视化
2025-04-18 14:07:33,798 - INFO - 正在为时间段 760-765 生成异常图可视化
2025-04-18 14:07:33,798 - DEBUG - 创建包含 19 个节点的图结构
2025-04-18 14:07:33,800 - DEBUG - 边统计: 正常边 218 条, 异常边 22 条
2025-04-18 14:07:34,041 - DEBUG - 正在保存可视化结果到 ./visual/omi/neighbor_all/mean_ratio/omi-1/seg_0_760_765.png
2025-04-18 14:07:34,258 - INFO - 成功保存时间段 760-765 的可视化结果
2025-04-18 14:07:34,258 - INFO - 
正在处理时间段 2/7: 1064-1298
2025-04-18 14:07:34,258 - INFO - 该时间段的真实异常节点: {6, 7, 9, 10, 11, 12, 13, 14, 15, 16, 17, 18, 19}
2025-04-18 14:07:34,258 - INFO - 正在计算异常分数...
2025-04-18 14:07:34,401 - INFO - 检测到的异常节点: {1, 3, 4, 5, 6, 7, 8, 9, 10, 11, 12, 13, 14, 15, 16, 17, 18, 19}
2025-04-18 14:07:34,401 - INFO - 正在为时间段 1064-1298 生成可视化
2025-04-18 14:07:34,401 - INFO - 正在为时间段 1064-1298 生成异常图可视化
2025-04-18 14:07:34,401 - DEBUG - 创建包含 19 个节点的图结构
2025-04-18 14:07:34,402 - DEBUG - 边统计: 正常边 284 条, 异常边 22 条
2025-04-18 14:07:34,457 - DEBUG - 正在保存可视化结果到 ./visual/omi/neighbor_all/mean_ratio/omi-1/seg_1_1064_1298.png
2025-04-18 14:07:34,699 - INFO - 成功保存时间段 1064-1298 的可视化结果
2025-04-18 14:07:34,699 - INFO - 
正在处理时间段 3/7: 2758-2772
2025-04-18 14:07:34,699 - INFO - 该时间段的真实异常节点: {5, 6, 7, 8, 9, 10, 11, 12, 13, 14, 15, 16, 17, 18, 19}
2025-04-18 14:07:34,699 - INFO - 正在计算异常分数...
2025-04-18 14:07:34,708 - INFO - 检测到的异常节点: {1, 4, 5, 6, 7, 8, 9, 10, 11, 12, 13, 14, 15, 16, 17, 18, 19}
2025-04-18 14:07:34,708 - INFO - 正在为时间段 2758-2772 生成可视化
2025-04-18 14:07:34,708 - INFO - 正在为时间段 2758-2772 生成异常图可视化
2025-04-18 14:07:34,708 - DEBUG - 创建包含 19 个节点的图结构
2025-04-18 14:07:34,709 - DEBUG - 边统计: 正常边 218 条, 异常边 54 条
2025-04-18 14:07:34,767 - DEBUG - 正在保存可视化结果到 ./visual/omi/neighbor_all/mean_ratio/omi-1/seg_2_2758_2772.png
2025-04-18 14:07:34,979 - INFO - 成功保存时间段 2758-2772 的可视化结果
2025-04-18 14:07:34,980 - INFO - 
正在处理时间段 4/7: 2874-2885
2025-04-18 14:07:34,980 - INFO - 该时间段的真实异常节点: {7, 9, 10, 11, 12, 13, 14, 15, 16, 17, 18}
2025-04-18 14:07:34,980 - INFO - 正在计算异常分数...
2025-04-18 14:07:34,986 - INFO - 检测到的异常节点: {1, 4, 5, 6, 7, 8, 9, 10, 11, 12, 13, 14, 15, 16, 17, 18, 19}
2025-04-18 14:07:34,987 - INFO - 正在为时间段 2874-2885 生成可视化
2025-04-18 14:07:34,987 - INFO - 正在为时间段 2874-2885 生成异常图可视化
2025-04-18 14:07:34,987 - DEBUG - 创建包含 19 个节点的图结构
2025-04-18 14:07:34,988 - DEBUG - 边统计: 正常边 250 条, 异常边 22 条
2025-04-18 14:07:35,044 - DEBUG - 正在保存可视化结果到 ./visual/omi/neighbor_all/mean_ratio/omi-1/seg_3_2874_2885.png
2025-04-18 14:07:35,256 - INFO - 成功保存时间段 2874-2885 的可视化结果
2025-04-18 14:07:35,256 - INFO - 
正在处理时间段 5/7: 3012-3025
2025-04-18 14:07:35,256 - INFO - 该时间段的真实异常节点: {7, 10, 11, 12, 13, 14, 15, 16, 17, 18, 19}
2025-04-18 14:07:35,256 - INFO - 正在计算异常分数...
2025-04-18 14:07:35,264 - INFO - 检测到的异常节点: {1, 4, 5, 6, 7, 8, 9, 10, 11, 12, 13, 14, 15, 16, 17, 18, 19}
2025-04-18 14:07:35,264 - INFO - 正在为时间段 3012-3025 生成可视化
2025-04-18 14:07:35,264 - INFO - 正在为时间段 3012-3025 生成异常图可视化
2025-04-18 14:07:35,264 - DEBUG - 创建包含 19 个节点的图结构
2025-04-18 14:07:35,265 - DEBUG - 边统计: 正常边 232 条, 异常边 40 条
2025-04-18 14:07:35,329 - DEBUG - 正在保存可视化结果到 ./visual/omi/neighbor_all/mean_ratio/omi-1/seg_4_3012_3025.png
2025-04-18 14:07:35,552 - INFO - 成功保存时间段 3012-3025 的可视化结果
2025-04-18 14:07:35,552 - INFO - 
正在处理时间段 6/7: 3160-3305
2025-04-18 14:07:35,552 - INFO - 该时间段的真实异常节点: {8, 9, 10, 11, 12, 13, 14, 15, 16, 17, 18, 19}
2025-04-18 14:07:35,552 - INFO - 正在计算异常分数...
2025-04-18 14:07:35,640 - INFO - 检测到的异常节点: {1, 3, 4, 5, 6, 7, 8, 9, 10, 11, 12, 13, 14, 15, 16, 17, 18, 19}
2025-04-18 14:07:35,640 - INFO - 正在为时间段 3160-3305 生成可视化
2025-04-18 14:07:35,640 - INFO - 正在为时间段 3160-3305 生成异常图可视化
2025-04-18 14:07:35,641 - DEBUG - 创建包含 19 个节点的图结构
2025-04-18 14:07:35,642 - DEBUG - 边统计: 正常边 304 条, 异常边 2 条
2025-04-18 14:07:35,697 - DEBUG - 正在保存可视化结果到 ./visual/omi/neighbor_all/mean_ratio/omi-1/seg_5_3160_3305.png
2025-04-18 14:07:35,942 - INFO - 成功保存时间段 3160-3305 的可视化结果
2025-04-18 14:07:35,942 - INFO - 
正在处理时间段 7/7: 3626-3638
2025-04-18 14:07:35,942 - INFO - 该时间段的真实异常节点: {7, 9, 10, 11, 12, 13, 14, 15, 16, 17, 18, 19}
2025-04-18 14:07:35,942 - INFO - 正在计算异常分数...
2025-04-18 14:07:35,950 - INFO - 检测到的异常节点: {1, 4, 5, 6, 7, 8, 9, 10, 11, 12, 13, 14, 15, 16, 17, 18, 19}
2025-04-18 14:07:35,950 - INFO - 正在为时间段 3626-3638 生成可视化
2025-04-18 14:07:35,950 - INFO - 正在为时间段 3626-3638 生成异常图可视化
2025-04-18 14:07:35,951 - DEBUG - 创建包含 19 个节点的图结构
2025-04-18 14:07:35,952 - DEBUG - 边统计: 正常边 234 条, 异常边 38 条
2025-04-18 14:07:36,008 - DEBUG - 正在保存可视化结果到 ./visual/omi/neighbor_all/mean_ratio/omi-1/seg_6_3626_3638.png
2025-04-18 14:07:36,224 - INFO - 成功保存时间段 3626-3638 的可视化结果
2025-04-18 14:07:36,225 - INFO - 正在从 ./visual/omi/neighbor_all/mean_ratio/omi-1 中的图像创建GIF
2025-04-18 14:07:36,681 - INFO - GIF已保存到 ./visual/omi/neighbor_all/mean_ratio/omi-1/omi-1.gif
2025-04-18 14:07:36,682 - INFO - 
==================================================
2025-04-18 14:07:36,682 - INFO - 开始数据集可视化: omi-10
2025-04-18 14:07:36,682 - INFO - 使用参数: 评分模式=mean_ratio, all=None, 阈值=6.0
2025-04-18 14:07:36,682 - INFO - ==================================================

2025-04-18 14:07:36,682 - INFO - 正在加载数据集 omi-10 的数据
2025-04-18 14:07:36,683 - INFO - 数据加载成功。训练集形状: (8640, 19), 测试集形状: (4320, 19)
2025-04-18 14:07:36,683 - INFO - 正在计算边缘统计量...
2025-04-18 14:07:39,658 - INFO - 已计算 136 条边的统计量
2025-04-18 14:07:39,658 - INFO - 为每个节点使用所有邻居
2025-04-18 14:07:39,658 - INFO - 可视化结果将保存到: ./visual/omi/neighbor_all/mean_ratio/omi-10
2025-04-18 14:07:39,659 - INFO - 在数据集中发现 8 个异常时间段
2025-04-18 14:07:39,659 - INFO - 
正在处理时间段 1/8: 740-780
2025-04-18 14:07:39,659 - INFO - 该时间段的真实异常节点: {2, 5, 6, 7, 8, 9, 10, 11, 12, 13, 14, 15, 16, 17, 18, 19}
2025-04-18 14:07:39,659 - INFO - 正在计算异常分数...
2025-04-18 14:07:39,689 - INFO - 检测到的异常节点: {1, 4, 5, 6, 7, 8, 9, 10, 11, 12, 13, 14, 15, 16, 17, 18, 19}
2025-04-18 14:07:39,689 - INFO - 正在为时间段 740-780 生成可视化
2025-04-18 14:07:39,689 - INFO - 正在为时间段 740-780 生成异常图可视化
2025-04-18 14:07:39,690 - DEBUG - 创建包含 19 个节点的图结构
2025-04-18 14:07:39,691 - DEBUG - 边统计: 正常边 166 条, 异常边 106 条
2025-04-18 14:07:39,750 - DEBUG - 正在保存可视化结果到 ./visual/omi/neighbor_all/mean_ratio/omi-10/seg_0_740_780.png
2025-04-18 14:07:39,967 - INFO - 成功保存时间段 740-780 的可视化结果
2025-04-18 14:07:39,967 - INFO - 
正在处理时间段 2/8: 1345-1406
2025-04-18 14:07:39,967 - INFO - 该时间段的真实异常节点: {7, 9, 10, 11, 12, 13, 14, 15, 16, 17, 18}
2025-04-18 14:07:39,967 - INFO - 正在计算异常分数...
2025-04-18 14:07:40,014 - INFO - 检测到的异常节点: {1, 4, 5, 6, 7, 8, 9, 10, 11, 12, 13, 14, 15, 16, 17, 18, 19}
2025-04-18 14:07:40,014 - INFO - 正在为时间段 1345-1406 生成可视化
2025-04-18 14:07:40,014 - INFO - 正在为时间段 1345-1406 生成异常图可视化
2025-04-18 14:07:40,015 - DEBUG - 创建包含 19 个节点的图结构
2025-04-18 14:07:40,015 - DEBUG - 边统计: 正常边 268 条, 异常边 4 条
2025-04-18 14:07:40,073 - DEBUG - 正在保存可视化结果到 ./visual/omi/neighbor_all/mean_ratio/omi-10/seg_1_1345_1406.png
2025-04-18 14:07:40,289 - INFO - 成功保存时间段 1345-1406 的可视化结果
2025-04-18 14:07:40,289 - INFO - 
正在处理时间段 3/8: 2224-2272
2025-04-18 14:07:40,289 - INFO - 该时间段的真实异常节点: {4, 5, 6, 7, 9, 10, 11, 12, 13, 14, 15, 16, 17, 18, 19}
2025-04-18 14:07:40,289 - INFO - 正在计算异常分数...
2025-04-18 14:07:40,326 - INFO - 检测到的异常节点: {1, 4, 5, 6, 7, 8, 9, 10, 11, 12, 13, 14, 15, 16, 17, 18, 19}
2025-04-18 14:07:40,326 - INFO - 正在为时间段 2224-2272 生成可视化
2025-04-18 14:07:40,326 - INFO - 正在为时间段 2224-2272 生成异常图可视化
2025-04-18 14:07:40,326 - DEBUG - 创建包含 19 个节点的图结构
2025-04-18 14:07:40,327 - DEBUG - 边统计: 正常边 264 条, 异常边 8 条
2025-04-18 14:07:40,385 - DEBUG - 正在保存可视化结果到 ./visual/omi/neighbor_all/mean_ratio/omi-10/seg_2_2224_2272.png
2025-04-18 14:07:40,601 - INFO - 成功保存时间段 2224-2272 的可视化结果
2025-04-18 14:07:40,601 - INFO - 
正在处理时间段 4/8: 2514-2592
2025-04-18 14:07:40,601 - INFO - 该时间段的真实异常节点: {16, 4}
2025-04-18 14:07:40,601 - INFO - 正在计算异常分数...
2025-04-18 14:07:40,659 - INFO - 检测到的异常节点: {1, 4, 5, 6, 7, 8, 9, 10, 11, 12, 13, 14, 15, 16, 17, 18, 19}
2025-04-18 14:07:40,659 - INFO - 正在为时间段 2514-2592 生成可视化
2025-04-18 14:07:40,659 - INFO - 正在为时间段 2514-2592 生成异常图可视化
2025-04-18 14:07:40,659 - DEBUG - 创建包含 19 个节点的图结构
2025-04-18 14:07:40,660 - DEBUG - 边统计: 正常边 272 条, 异常边 0 条
2025-04-18 14:07:40,718 - DEBUG - 正在保存可视化结果到 ./visual/omi/neighbor_all/mean_ratio/omi-10/seg_3_2514_2592.png
2025-04-18 14:07:40,934 - INFO - 成功保存时间段 2514-2592 的可视化结果
2025-04-18 14:07:40,934 - INFO - 
正在处理时间段 5/8: 2733-2778
2025-04-18 14:07:40,934 - INFO - 该时间段的真实异常节点: {11, 14, 15}
2025-04-18 14:07:40,934 - INFO - 正在计算异常分数...
2025-04-18 14:07:40,967 - INFO - 检测到的异常节点: {1, 4, 5, 7, 8, 9, 10, 11, 12, 13, 14, 15, 16, 17, 18, 19}
2025-04-18 14:07:40,967 - INFO - 正在为时间段 2733-2778 生成可视化
2025-04-18 14:07:40,967 - INFO - 正在为时间段 2733-2778 生成异常图可视化
2025-04-18 14:07:40,967 - DEBUG - 创建包含 19 个节点的图结构
2025-04-18 14:07:40,968 - DEBUG - 边统计: 正常边 238 条, 异常边 2 条
2025-04-18 14:07:41,028 - DEBUG - 正在保存可视化结果到 ./visual/omi/neighbor_all/mean_ratio/omi-10/seg_4_2733_2778.png
2025-04-18 14:07:41,241 - INFO - 成功保存时间段 2733-2778 的可视化结果
2025-04-18 14:07:41,241 - INFO - 
正在处理时间段 6/8: 3401-3405
2025-04-18 14:07:41,241 - INFO - 该时间段的真实异常节点: {1}
2025-04-18 14:07:41,241 - INFO - 正在计算异常分数...
2025-04-18 14:07:41,242 - INFO - 检测到的异常节点: {1, 4, 5, 6, 7, 10, 11, 16, 18, 19}
2025-04-18 14:07:41,243 - INFO - 正在为时间段 3401-3405 生成可视化
2025-04-18 14:07:41,243 - INFO - 正在为时间段 3401-3405 生成异常图可视化
2025-04-18 14:07:41,243 - DEBUG - 创建包含 19 个节点的图结构
2025-04-18 14:07:41,244 - DEBUG - 边统计: 正常边 252 条, 异常边 20 条
2025-04-18 14:07:41,394 - DEBUG - 正在保存可视化结果到 ./visual/omi/neighbor_all/mean_ratio/omi-10/seg_5_3401_3405.png
2025-04-18 14:07:41,611 - INFO - 成功保存时间段 3401-3405 的可视化结果
2025-04-18 14:07:41,611 - INFO - 
正在处理时间段 7/8: 3414-3459
2025-04-18 14:07:41,611 - INFO - 该时间段的真实异常节点: {8}
2025-04-18 14:07:41,611 - INFO - 正在计算异常分数...
2025-04-18 14:07:41,644 - INFO - 检测到的异常节点: {1, 4, 5, 6, 7, 8, 9, 10, 11, 12, 13, 14, 15, 16, 17, 18, 19}
2025-04-18 14:07:41,644 - INFO - 正在为时间段 3414-3459 生成可视化
2025-04-18 14:07:41,644 - INFO - 正在为时间段 3414-3459 生成异常图可视化
2025-04-18 14:07:41,644 - DEBUG - 创建包含 19 个节点的图结构
2025-04-18 14:07:41,645 - DEBUG - 边统计: 正常边 234 条, 异常边 38 条
2025-04-18 14:07:41,704 - DEBUG - 正在保存可视化结果到 ./visual/omi/neighbor_all/mean_ratio/omi-10/seg_6_3414_3459.png
2025-04-18 14:07:41,921 - INFO - 成功保存时间段 3414-3459 的可视化结果
2025-04-18 14:07:41,921 - INFO - 
正在处理时间段 8/8: 3700-3744
2025-04-18 14:07:41,922 - INFO - 该时间段的真实异常节点: {7, 8, 9, 10, 11, 12, 13, 14, 15, 16, 17, 18}
2025-04-18 14:07:41,922 - INFO - 正在计算异常分数...
2025-04-18 14:07:41,955 - INFO - 检测到的异常节点: {1, 4, 5, 6, 7, 8, 9, 10, 11, 12, 13, 14, 15, 16, 17, 18, 19}
2025-04-18 14:07:41,955 - INFO - 正在为时间段 3700-3744 生成可视化
2025-04-18 14:07:41,955 - INFO - 正在为时间段 3700-3744 生成异常图可视化
2025-04-18 14:07:41,955 - DEBUG - 创建包含 19 个节点的图结构
2025-04-18 14:07:41,956 - DEBUG - 边统计: 正常边 228 条, 异常边 44 条
2025-04-18 14:07:42,013 - DEBUG - 正在保存可视化结果到 ./visual/omi/neighbor_all/mean_ratio/omi-10/seg_7_3700_3744.png
2025-04-18 14:07:42,231 - INFO - 成功保存时间段 3700-3744 的可视化结果
2025-04-18 14:07:42,231 - INFO - 正在从 ./visual/omi/neighbor_all/mean_ratio/omi-10 中的图像创建GIF
2025-04-18 14:07:42,732 - INFO - GIF已保存到 ./visual/omi/neighbor_all/mean_ratio/omi-10/omi-10.gif
2025-04-18 14:07:42,733 - INFO - 
==================================================
2025-04-18 14:07:42,733 - INFO - 开始数据集可视化: omi-11
2025-04-18 14:07:42,733 - INFO - 使用参数: 评分模式=mean_ratio, all=None, 阈值=6.0
2025-04-18 14:07:42,733 - INFO - ==================================================

2025-04-18 14:07:42,733 - INFO - 正在加载数据集 omi-11 的数据
2025-04-18 14:07:42,734 - INFO - 数据加载成功。训练集形状: (8640, 19), 测试集形状: (4320, 19)
2025-04-18 14:07:42,734 - INFO - 正在计算边缘统计量...
2025-04-18 14:07:45,883 - INFO - 已计算 153 条边的统计量
2025-04-18 14:07:45,883 - INFO - 为每个节点使用所有邻居
2025-04-18 14:07:45,883 - INFO - 可视化结果将保存到: ./visual/omi/neighbor_all/mean_ratio/omi-11
2025-04-18 14:07:45,884 - INFO - 在数据集中发现 9 个异常时间段
2025-04-18 14:07:45,884 - INFO - 
正在处理时间段 1/9: 738-755
2025-04-18 14:07:45,884 - INFO - 该时间段的真实异常节点: {2}
2025-04-18 14:07:45,884 - INFO - 正在计算异常分数...
2025-04-18 14:07:45,895 - INFO - 检测到的异常节点: {4, 5, 6, 7, 8, 9, 10, 11, 12, 13, 14, 15, 16, 17, 18, 19}
2025-04-18 14:07:45,895 - INFO - 正在为时间段 738-755 生成可视化
2025-04-18 14:07:45,895 - INFO - 正在为时间段 738-755 生成异常图可视化
2025-04-18 14:07:45,896 - DEBUG - 创建包含 19 个节点的图结构
2025-04-18 14:07:45,897 - DEBUG - 边统计: 正常边 240 条, 异常边 0 条
2025-04-18 14:07:45,961 - DEBUG - 正在保存可视化结果到 ./visual/omi/neighbor_all/mean_ratio/omi-11/seg_0_738_755.png
2025-04-18 14:07:46,183 - INFO - 成功保存时间段 738-755 的可视化结果
2025-04-18 14:07:46,183 - INFO - 
正在处理时间段 2/9: 757-815
2025-04-18 14:07:46,183 - INFO - 该时间段的真实异常节点: set()
2025-04-18 14:07:46,183 - INFO - 正在计算异常分数...
2025-04-18 14:07:46,228 - INFO - 检测到的异常节点: {1, 4, 5, 6, 7, 8, 9, 10, 11, 12, 13, 14, 15, 16, 17, 18, 19}
2025-04-18 14:07:46,229 - INFO - 正在为时间段 757-815 生成可视化
2025-04-18 14:07:46,229 - INFO - 正在为时间段 757-815 生成异常图可视化
2025-04-18 14:07:46,229 - DEBUG - 创建包含 19 个节点的图结构
2025-04-18 14:07:46,230 - DEBUG - 边统计: 正常边 248 条, 异常边 24 条
2025-04-18 14:07:46,290 - DEBUG - 正在保存可视化结果到 ./visual/omi/neighbor_all/mean_ratio/omi-11/seg_1_757_815.png
2025-04-18 14:07:46,514 - INFO - 成功保存时间段 757-815 的可视化结果
2025-04-18 14:07:46,514 - INFO - 
正在处理时间段 3/9: 1366-1375
2025-04-18 14:07:46,514 - INFO - 该时间段的真实异常节点: {4, 5, 8, 17, 19}
2025-04-18 14:07:46,515 - INFO - 正在计算异常分数...
2025-04-18 14:07:46,520 - INFO - 检测到的异常节点: {1, 4, 5, 6, 7, 8, 9, 10, 11, 12, 13, 14, 15, 16, 17, 18, 19}
2025-04-18 14:07:46,520 - INFO - 正在为时间段 1366-1375 生成可视化
2025-04-18 14:07:46,521 - INFO - 正在为时间段 1366-1375 生成异常图可视化
2025-04-18 14:07:46,521 - DEBUG - 创建包含 19 个节点的图结构
2025-04-18 14:07:46,522 - DEBUG - 边统计: 正常边 210 条, 异常边 62 条
2025-04-18 14:07:46,584 - DEBUG - 正在保存可视化结果到 ./visual/omi/neighbor_all/mean_ratio/omi-11/seg_2_1366_1375.png
2025-04-18 14:07:46,814 - INFO - 成功保存时间段 1366-1375 的可视化结果
2025-04-18 14:07:46,814 - INFO - 
正在处理时间段 4/9: 2301-2314
2025-04-18 14:07:46,815 - INFO - 该时间段的真实异常节点: {17, 19, 4, 5}
2025-04-18 14:07:46,815 - INFO - 正在计算异常分数...
2025-04-18 14:07:46,826 - INFO - 检测到的异常节点: {1, 4, 5, 6, 7, 8, 9, 10, 11, 12, 13, 14, 15, 16, 17, 18, 19}
2025-04-18 14:07:46,826 - INFO - 正在为时间段 2301-2314 生成可视化
2025-04-18 14:07:46,826 - INFO - 正在为时间段 2301-2314 生成异常图可视化
2025-04-18 14:07:46,826 - DEBUG - 创建包含 19 个节点的图结构
2025-04-18 14:07:46,828 - DEBUG - 边统计: 正常边 232 条, 异常边 40 条
2025-04-18 14:07:46,889 - DEBUG - 正在保存可视化结果到 ./visual/omi/neighbor_all/mean_ratio/omi-11/seg_3_2301_2314.png
2025-04-18 14:07:47,121 - INFO - 成功保存时间段 2301-2314 的可视化结果
2025-04-18 14:07:47,121 - INFO - 
正在处理时间段 5/9: 2365-2381
2025-04-18 14:07:47,121 - INFO - 该时间段的真实异常节点: {19}
2025-04-18 14:07:47,121 - INFO - 正在计算异常分数...
2025-04-18 14:07:47,132 - INFO - 检测到的异常节点: {4, 6, 7, 8, 9, 10, 11, 12, 13, 14, 15, 16, 17, 18, 19}
2025-04-18 14:07:47,132 - INFO - 正在为时间段 2365-2381 生成可视化
2025-04-18 14:07:47,132 - INFO - 正在为时间段 2365-2381 生成异常图可视化
2025-04-18 14:07:47,132 - DEBUG - 创建包含 19 个节点的图结构
2025-04-18 14:07:47,133 - DEBUG - 边统计: 正常边 168 条, 异常边 42 条
2025-04-18 14:07:47,204 - DEBUG - 正在保存可视化结果到 ./visual/omi/neighbor_all/mean_ratio/omi-11/seg_4_2365_2381.png
2025-04-18 14:07:47,448 - INFO - 成功保存时间段 2365-2381 的可视化结果
2025-04-18 14:07:47,448 - INFO - 
正在处理时间段 6/9: 2464-2485
2025-04-18 14:07:47,448 - INFO - 该时间段的真实异常节点: {17, 19, 4, 5}
2025-04-18 14:07:47,448 - INFO - 正在计算异常分数...
2025-04-18 14:07:47,464 - INFO - 检测到的异常节点: {1, 4, 5, 6, 7, 8, 9, 10, 11, 12, 13, 14, 15, 16, 17, 18, 19}
2025-04-18 14:07:47,464 - INFO - 正在为时间段 2464-2485 生成可视化
2025-04-18 14:07:47,464 - INFO - 正在为时间段 2464-2485 生成异常图可视化
2025-04-18 14:07:47,465 - DEBUG - 创建包含 19 个节点的图结构
2025-04-18 14:07:47,466 - DEBUG - 边统计: 正常边 236 条, 异常边 36 条
2025-04-18 14:07:47,533 - DEBUG - 正在保存可视化结果到 ./visual/omi/neighbor_all/mean_ratio/omi-11/seg_5_2464_2485.png
2025-04-18 14:07:47,775 - INFO - 成功保存时间段 2464-2485 的可视化结果
2025-04-18 14:07:47,775 - INFO - 
正在处理时间段 7/9: 2588-2610
2025-04-18 14:07:47,775 - INFO - 该时间段的真实异常节点: {17, 19, 4, 5}
2025-04-18 14:07:47,775 - INFO - 正在计算异常分数...
2025-04-18 14:07:47,791 - INFO - 检测到的异常节点: {1, 4, 5, 6, 7, 8, 9, 10, 11, 12, 13, 14, 15, 16, 17, 18, 19}
2025-04-18 14:07:47,791 - INFO - 正在为时间段 2588-2610 生成可视化
2025-04-18 14:07:47,791 - INFO - 正在为时间段 2588-2610 生成异常图可视化
2025-04-18 14:07:47,791 - DEBUG - 创建包含 19 个节点的图结构
2025-04-18 14:07:47,792 - DEBUG - 边统计: 正常边 216 条, 异常边 56 条
2025-04-18 14:07:47,854 - DEBUG - 正在保存可视化结果到 ./visual/omi/neighbor_all/mean_ratio/omi-11/seg_6_2588_2610.png
2025-04-18 14:07:48,096 - INFO - 成功保存时间段 2588-2610 的可视化结果
2025-04-18 14:07:48,097 - INFO - 
正在处理时间段 8/9: 2650-2675
2025-04-18 14:07:48,097 - INFO - 该时间段的真实异常节点: {19}
2025-04-18 14:07:48,097 - INFO - 正在计算异常分数...
2025-04-18 14:07:48,116 - INFO - 检测到的异常节点: {4, 5, 6, 7, 8, 9, 10, 11, 12, 13, 14, 15, 16, 17, 18, 19}
2025-04-18 14:07:48,116 - INFO - 正在为时间段 2650-2675 生成可视化
2025-04-18 14:07:48,116 - INFO - 正在为时间段 2650-2675 生成异常图可视化
2025-04-18 14:07:48,117 - DEBUG - 创建包含 19 个节点的图结构
2025-04-18 14:07:48,118 - DEBUG - 边统计: 正常边 192 条, 异常边 48 条
2025-04-18 14:07:48,191 - DEBUG - 正在保存可视化结果到 ./visual/omi/neighbor_all/mean_ratio/omi-11/seg_7_2650_2675.png
2025-04-18 14:07:48,423 - INFO - 成功保存时间段 2650-2675 的可视化结果
2025-04-18 14:07:48,423 - INFO - 
正在处理时间段 9/9: 3012-3072
2025-04-18 14:07:48,423 - INFO - 该时间段的真实异常节点: {1, 4, 5, 8, 17, 19}
2025-04-18 14:07:48,423 - INFO - 正在计算异常分数...
2025-04-18 14:07:48,479 - INFO - 检测到的异常节点: {1, 4, 5, 6, 7, 8, 9, 10, 11, 12, 13, 14, 15, 16, 17, 18, 19}
2025-04-18 14:07:48,480 - INFO - 正在为时间段 3012-3072 生成可视化
2025-04-18 14:07:48,480 - INFO - 正在为时间段 3012-3072 生成异常图可视化
2025-04-18 14:07:48,480 - DEBUG - 创建包含 19 个节点的图结构
2025-04-18 14:07:48,481 - DEBUG - 边统计: 正常边 272 条, 异常边 0 条
2025-04-18 14:07:48,545 - DEBUG - 正在保存可视化结果到 ./visual/omi/neighbor_all/mean_ratio/omi-11/seg_8_3012_3072.png
2025-04-18 14:07:48,780 - INFO - 成功保存时间段 3012-3072 的可视化结果
2025-04-18 14:07:48,780 - INFO - 正在从 ./visual/omi/neighbor_all/mean_ratio/omi-11 中的图像创建GIF
2025-04-18 14:07:49,358 - INFO - GIF已保存到 ./visual/omi/neighbor_all/mean_ratio/omi-11/omi-11.gif
2025-04-18 14:07:49,359 - INFO - 
==================================================
2025-04-18 14:07:49,359 - INFO - 开始数据集可视化: omi-12
2025-04-18 14:07:49,359 - INFO - 使用参数: 评分模式=mean_ratio, all=None, 阈值=7.0
2025-04-18 14:07:49,359 - INFO - ==================================================

2025-04-18 14:07:49,359 - INFO - 正在加载数据集 omi-12 的数据
2025-04-18 14:07:49,360 - INFO - 数据加载成功。训练集形状: (7291, 19), 测试集形状: (4320, 19)
2025-04-18 14:07:49,360 - INFO - 正在计算边缘统计量...
2025-04-18 14:07:51,648 - INFO - 已计算 133 条边的统计量
2025-04-18 14:07:51,648 - INFO - 为每个节点使用所有邻居
2025-04-18 14:07:51,648 - INFO - 可视化结果将保存到: ./visual/omi/neighbor_all/mean_ratio/omi-12
2025-04-18 14:07:51,649 - INFO - 在数据集中发现 5 个异常时间段
2025-04-18 14:07:51,649 - INFO - 
正在处理时间段 1/5: 740-813
2025-04-18 14:07:51,649 - INFO - 该时间段的真实异常节点: {1, 2, 6, 7, 8, 9, 10, 11, 12, 13, 14, 15, 16, 17, 18, 19}
2025-04-18 14:07:51,649 - INFO - 正在计算异常分数...
2025-04-18 14:07:51,700 - INFO - 检测到的异常节点: {1, 6, 7, 8, 9, 10, 11, 12, 13, 14, 15, 16, 17, 18, 19}
2025-04-18 14:07:51,700 - INFO - 正在为时间段 740-813 生成可视化
2025-04-18 14:07:51,700 - INFO - 正在为时间段 740-813 生成异常图可视化
2025-04-18 14:07:51,700 - DEBUG - 创建包含 19 个节点的图结构
2025-04-18 14:07:51,701 - DEBUG - 边统计: 正常边 140 条, 异常边 70 条
2025-04-18 14:07:51,851 - DEBUG - 正在保存可视化结果到 ./visual/omi/neighbor_all/mean_ratio/omi-12/seg_0_740_813.png
2025-04-18 14:07:52,074 - INFO - 成功保存时间段 740-813 的可视化结果
2025-04-18 14:07:52,074 - INFO - 
正在处理时间段 2/5: 2486-2493
2025-04-18 14:07:52,074 - INFO - 该时间段的真实异常节点: {4, 5}
2025-04-18 14:07:52,074 - INFO - 正在计算异常分数...
2025-04-18 14:07:52,078 - INFO - 检测到的异常节点: {1, 4, 5, 7, 8, 9, 10, 14, 16, 17, 18}
2025-04-18 14:07:52,078 - INFO - 正在为时间段 2486-2493 生成可视化
2025-04-18 14:07:52,078 - INFO - 正在为时间段 2486-2493 生成异常图可视化
2025-04-18 14:07:52,078 - DEBUG - 创建包含 19 个节点的图结构
2025-04-18 14:07:52,079 - DEBUG - 边统计: 正常边 170 条, 异常边 36 条
2025-04-18 14:07:52,141 - DEBUG - 正在保存可视化结果到 ./visual/omi/neighbor_all/mean_ratio/omi-12/seg_1_2486_2493.png
2025-04-18 14:07:52,356 - INFO - 成功保存时间段 2486-2493 的可视化结果
2025-04-18 14:07:52,356 - INFO - 
正在处理时间段 3/5: 2515-2525
2025-04-18 14:07:52,356 - INFO - 该时间段的真实异常节点: {1, 4, 5, 7, 8, 9, 17, 18}
2025-04-18 14:07:52,356 - INFO - 正在计算异常分数...
2025-04-18 14:07:52,363 - INFO - 检测到的异常节点: {1, 4, 5, 6, 7, 8, 9, 10, 11, 12, 13, 14, 15, 16, 17, 18, 19}
2025-04-18 14:07:52,363 - INFO - 正在为时间段 2515-2525 生成可视化
2025-04-18 14:07:52,363 - INFO - 正在为时间段 2515-2525 生成异常图可视化
2025-04-18 14:07:52,363 - DEBUG - 创建包含 19 个节点的图结构
2025-04-18 14:07:52,364 - DEBUG - 边统计: 正常边 190 条, 异常边 76 条
2025-04-18 14:07:52,422 - DEBUG - 正在保存可视化结果到 ./visual/omi/neighbor_all/mean_ratio/omi-12/seg_2_2515_2525.png
2025-04-18 14:07:52,643 - INFO - 成功保存时间段 2515-2525 的可视化结果
2025-04-18 14:07:52,643 - INFO - 
正在处理时间段 4/5: 2721-2723
2025-04-18 14:07:52,643 - INFO - 该时间段的真实异常节点: {4}
2025-04-18 14:07:52,643 - INFO - 正在计算异常分数...
2025-04-18 14:07:52,643 - INFO - 检测到的异常节点: set()
2025-04-18 14:07:52,643 - INFO - 正在为时间段 2721-2723 生成可视化
2025-04-18 14:07:52,643 - INFO - 正在为时间段 2721-2723 生成异常图可视化
2025-04-18 14:07:52,643 - DEBUG - 创建包含 19 个节点的图结构
2025-04-18 14:07:52,644 - DEBUG - 边统计: 正常边 40 条, 异常边 48 条
2025-04-18 14:07:52,703 - DEBUG - 正在保存可视化结果到 ./visual/omi/neighbor_all/mean_ratio/omi-12/seg_3_2721_2723.png
2025-04-18 14:07:52,915 - INFO - 成功保存时间段 2721-2723 的可视化结果
2025-04-18 14:07:52,915 - INFO - 
正在处理时间段 5/5: 3500-3535
2025-04-18 14:07:52,915 - INFO - 该时间段的真实异常节点: {5, 6, 7, 8, 11, 12, 13, 14, 15, 16, 17, 18, 19}
2025-04-18 14:07:52,915 - INFO - 正在计算异常分数...
2025-04-18 14:07:52,936 - INFO - 检测到的异常节点: {5, 6, 7, 8, 9, 10, 11, 12, 13, 14, 15, 16, 17, 18, 19}
2025-04-18 14:07:52,936 - INFO - 正在为时间段 3500-3535 生成可视化
2025-04-18 14:07:52,936 - INFO - 正在为时间段 3500-3535 生成异常图可视化
2025-04-18 14:07:52,936 - DEBUG - 创建包含 19 个节点的图结构
2025-04-18 14:07:52,937 - DEBUG - 边统计: 正常边 172 条, 异常边 38 条
2025-04-18 14:07:52,995 - DEBUG - 正在保存可视化结果到 ./visual/omi/neighbor_all/mean_ratio/omi-12/seg_4_3500_3535.png
2025-04-18 14:07:53,217 - INFO - 成功保存时间段 3500-3535 的可视化结果
2025-04-18 14:07:53,217 - INFO - 正在从 ./visual/omi/neighbor_all/mean_ratio/omi-12 中的图像创建GIF
2025-04-18 14:07:53,536 - INFO - GIF已保存到 ./visual/omi/neighbor_all/mean_ratio/omi-12/omi-12.gif
2025-04-18 14:07:53,537 - INFO - 
==================================================
2025-04-18 14:07:53,537 - INFO - 开始数据集可视化: omi-2
2025-04-18 14:07:53,537 - INFO - 使用参数: 评分模式=mean_ratio, all=None, 阈值=3.0
2025-04-18 14:07:53,537 - INFO - ==================================================

2025-04-18 14:07:53,537 - INFO - 正在加载数据集 omi-2 的数据
2025-04-18 14:07:53,538 - INFO - 数据加载成功。训练集形状: (8640, 19), 测试集形状: (4320, 19)
2025-04-18 14:07:53,538 - INFO - 正在计算边缘统计量...
2025-04-18 14:07:56,769 - INFO - 已计算 153 条边的统计量
2025-04-18 14:07:56,769 - INFO - 为每个节点使用所有邻居
2025-04-18 14:07:56,769 - INFO - 可视化结果将保存到: ./visual/omi/neighbor_all/mean_ratio/omi-2
2025-04-18 14:07:56,770 - INFO - 在数据集中发现 4 个异常时间段
2025-04-18 14:07:56,770 - INFO - 
正在处理时间段 1/4: 486-498
2025-04-18 14:07:56,770 - INFO - 该时间段的真实异常节点: {1, 4, 5}
2025-04-18 14:07:56,770 - INFO - 正在计算异常分数...
2025-04-18 14:07:56,778 - INFO - 检测到的异常节点: {1, 4, 5, 6, 7, 8, 9, 10, 11, 12, 13, 14, 15, 16, 17, 18, 19}
2025-04-18 14:07:56,778 - INFO - 正在为时间段 486-498 生成可视化
2025-04-18 14:07:56,778 - INFO - 正在为时间段 486-498 生成异常图可视化
2025-04-18 14:07:56,778 - DEBUG - 创建包含 19 个节点的图结构
2025-04-18 14:07:56,780 - DEBUG - 边统计: 正常边 272 条, 异常边 0 条
2025-04-18 14:07:56,843 - DEBUG - 正在保存可视化结果到 ./visual/omi/neighbor_all/mean_ratio/omi-2/seg_0_486_498.png
2025-04-18 14:07:57,086 - INFO - 成功保存时间段 486-498 的可视化结果
2025-04-18 14:07:57,086 - INFO - 
正在处理时间段 2/4: 740-753
2025-04-18 14:07:57,087 - INFO - 该时间段的真实异常节点: {2}
2025-04-18 14:07:57,087 - INFO - 正在计算异常分数...
2025-04-18 14:07:57,096 - INFO - 检测到的异常节点: {2, 4, 5, 6, 7, 8, 9, 10, 11, 12, 13, 14, 15, 16, 17, 18, 19}
2025-04-18 14:07:57,096 - INFO - 正在为时间段 740-753 生成可视化
2025-04-18 14:07:57,096 - INFO - 正在为时间段 740-753 生成异常图可视化
2025-04-18 14:07:57,096 - DEBUG - 创建包含 19 个节点的图结构
2025-04-18 14:07:57,097 - DEBUG - 边统计: 正常边 268 条, 异常边 4 条
2025-04-18 14:07:57,160 - DEBUG - 正在保存可视化结果到 ./visual/omi/neighbor_all/mean_ratio/omi-2/seg_1_740_753.png
2025-04-18 14:07:57,403 - INFO - 成功保存时间段 740-753 的可视化结果
2025-04-18 14:07:57,403 - INFO - 
正在处理时间段 3/4: 766-783
2025-04-18 14:07:57,403 - INFO - 该时间段的真实异常节点: {1, 5, 6, 7, 8, 9, 10, 11, 12, 13, 14, 15, 16, 17, 18, 19}
2025-04-18 14:07:57,403 - INFO - 正在计算异常分数...
2025-04-18 14:07:57,415 - INFO - 检测到的异常节点: {1, 4, 5, 6, 7, 8, 9, 10, 11, 12, 13, 14, 15, 16, 17, 18, 19}
2025-04-18 14:07:57,415 - INFO - 正在为时间段 766-783 生成可视化
2025-04-18 14:07:57,415 - INFO - 正在为时间段 766-783 生成异常图可视化
2025-04-18 14:07:57,415 - DEBUG - 创建包含 19 个节点的图结构
2025-04-18 14:07:57,416 - DEBUG - 边统计: 正常边 222 条, 异常边 50 条
2025-04-18 14:07:57,478 - DEBUG - 正在保存可视化结果到 ./visual/omi/neighbor_all/mean_ratio/omi-2/seg_2_766_783.png
2025-04-18 14:07:57,711 - INFO - 成功保存时间段 766-783 的可视化结果
2025-04-18 14:07:57,711 - INFO - 
正在处理时间段 4/4: 1436-1445
2025-04-18 14:07:57,711 - INFO - 该时间段的真实异常节点: {7, 9, 10, 11, 12, 13, 14, 15, 16, 17, 18}
2025-04-18 14:07:57,711 - INFO - 正在计算异常分数...
2025-04-18 14:07:57,716 - INFO - 检测到的异常节点: {1, 4, 5, 6, 7, 8, 9, 10, 11, 12, 13, 14, 15, 16, 17, 18, 19}
2025-04-18 14:07:57,716 - INFO - 正在为时间段 1436-1445 生成可视化
2025-04-18 14:07:57,716 - INFO - 正在为时间段 1436-1445 生成异常图可视化
2025-04-18 14:07:57,716 - DEBUG - 创建包含 19 个节点的图结构
2025-04-18 14:07:57,718 - DEBUG - 边统计: 正常边 270 条, 异常边 2 条
2025-04-18 14:07:57,776 - DEBUG - 正在保存可视化结果到 ./visual/omi/neighbor_all/mean_ratio/omi-2/seg_3_1436_1445.png
2025-04-18 14:07:57,992 - INFO - 成功保存时间段 1436-1445 的可视化结果
2025-04-18 14:07:57,992 - INFO - 正在从 ./visual/omi/neighbor_all/mean_ratio/omi-2 中的图像创建GIF
2025-04-18 14:07:58,255 - INFO - GIF已保存到 ./visual/omi/neighbor_all/mean_ratio/omi-2/omi-2.gif
2025-04-18 14:07:58,255 - INFO - 
==================================================
2025-04-18 14:07:58,255 - INFO - 开始数据集可视化: omi-3
2025-04-18 14:07:58,255 - INFO - 使用参数: 评分模式=mean_ratio, all=None, 阈值=6.5
2025-04-18 14:07:58,255 - INFO - ==================================================

2025-04-18 14:07:58,255 - INFO - 正在加载数据集 omi-3 的数据
2025-04-18 14:07:58,256 - INFO - 数据加载成功。训练集形状: (8640, 19), 测试集形状: (4320, 19)
2025-04-18 14:07:58,256 - INFO - 正在计算边缘统计量...
2025-04-18 14:08:01,340 - INFO - 已计算 136 条边的统计量
2025-04-18 14:08:01,340 - INFO - 为每个节点使用所有邻居
2025-04-18 14:08:01,341 - INFO - 可视化结果将保存到: ./visual/omi/neighbor_all/mean_ratio/omi-3
2025-04-18 14:08:01,341 - INFO - 在数据集中发现 6 个异常时间段
2025-04-18 14:08:01,341 - INFO - 
正在处理时间段 1/6: 760-820
2025-04-18 14:08:01,342 - INFO - 该时间段的真实异常节点: {1, 4, 6, 7, 8, 9, 10, 11, 12, 13, 14, 15, 16, 17, 18, 19}
2025-04-18 14:08:01,342 - INFO - 正在计算异常分数...
2025-04-18 14:08:01,385 - INFO - 检测到的异常节点: {1, 4, 5, 6, 7, 8, 9, 10, 11, 12, 13, 14, 15, 16, 17, 18, 19}
2025-04-18 14:08:01,385 - INFO - 正在为时间段 760-820 生成可视化
2025-04-18 14:08:01,385 - INFO - 正在为时间段 760-820 生成异常图可视化
2025-04-18 14:08:01,385 - DEBUG - 创建包含 19 个节点的图结构
2025-04-18 14:08:01,386 - DEBUG - 边统计: 正常边 248 条, 异常边 24 条
2025-04-18 14:08:01,443 - DEBUG - 正在保存可视化结果到 ./visual/omi/neighbor_all/mean_ratio/omi-3/seg_0_760_820.png
2025-04-18 14:08:01,656 - INFO - 成功保存时间段 760-820 的可视化结果
2025-04-18 14:08:01,656 - INFO - 
正在处理时间段 2/6: 842-860
2025-04-18 14:08:01,656 - INFO - 该时间段的真实异常节点: {7, 8, 9, 10, 11, 12, 13, 14, 15, 16, 17, 18, 19}
2025-04-18 14:08:01,656 - INFO - 正在计算异常分数...
2025-04-18 14:08:01,669 - INFO - 检测到的异常节点: {4, 5, 6, 7, 8, 9, 10, 11, 12, 13, 14, 15, 16, 17, 18, 19}
2025-04-18 14:08:01,669 - INFO - 正在为时间段 842-860 生成可视化
2025-04-18 14:08:01,669 - INFO - 正在为时间段 842-860 生成异常图可视化
2025-04-18 14:08:01,669 - DEBUG - 创建包含 19 个节点的图结构
2025-04-18 14:08:01,670 - DEBUG - 边统计: 正常边 224 条, 异常边 16 条
2025-04-18 14:08:01,727 - DEBUG - 正在保存可视化结果到 ./visual/omi/neighbor_all/mean_ratio/omi-3/seg_1_842_860.png
2025-04-18 14:08:01,932 - INFO - 成功保存时间段 842-860 的可视化结果
2025-04-18 14:08:01,932 - INFO - 
正在处理时间段 3/6: 1080-1120
2025-04-18 14:08:01,932 - INFO - 该时间段的真实异常节点: {7, 9, 10, 11, 12, 13, 14, 15, 16, 17, 18}
2025-04-18 14:08:01,932 - INFO - 正在计算异常分数...
2025-04-18 14:08:01,961 - INFO - 检测到的异常节点: {1, 4, 5, 6, 7, 8, 9, 10, 11, 12, 13, 14, 15, 16, 17, 18, 19}
2025-04-18 14:08:01,961 - INFO - 正在为时间段 1080-1120 生成可视化
2025-04-18 14:08:01,961 - INFO - 正在为时间段 1080-1120 生成异常图可视化
2025-04-18 14:08:01,961 - DEBUG - 创建包含 19 个节点的图结构
2025-04-18 14:08:01,962 - DEBUG - 边统计: 正常边 272 条, 异常边 0 条
2025-04-18 14:08:02,016 - DEBUG - 正在保存可视化结果到 ./visual/omi/neighbor_all/mean_ratio/omi-3/seg_2_1080_1120.png
2025-04-18 14:08:02,226 - INFO - 成功保存时间段 1080-1120 的可视化结果
2025-04-18 14:08:02,227 - INFO - 
正在处理时间段 4/6: 2188-2201
2025-04-18 14:08:02,227 - INFO - 该时间段的真实异常节点: {7, 9, 10, 11, 12, 13, 14, 15, 16, 17, 18, 19}
2025-04-18 14:08:02,227 - INFO - 正在计算异常分数...
2025-04-18 14:08:02,235 - INFO - 检测到的异常节点: {1, 4, 6, 7, 8, 9, 10, 11, 12, 13, 14, 15, 16, 17, 18, 19}
2025-04-18 14:08:02,235 - INFO - 正在为时间段 2188-2201 生成可视化
2025-04-18 14:08:02,235 - INFO - 正在为时间段 2188-2201 生成异常图可视化
2025-04-18 14:08:02,235 - DEBUG - 创建包含 19 个节点的图结构
2025-04-18 14:08:02,236 - DEBUG - 边统计: 正常边 258 条, 异常边 14 条
2025-04-18 14:08:02,381 - DEBUG - 正在保存可视化结果到 ./visual/omi/neighbor_all/mean_ratio/omi-3/seg_3_2188_2201.png
2025-04-18 14:08:02,591 - INFO - 成功保存时间段 2188-2201 的可视化结果
2025-04-18 14:08:02,591 - INFO - 
正在处理时间段 5/6: 2497-2500
2025-04-18 14:08:02,592 - INFO - 该时间段的真实异常节点: {6, 7, 9, 10, 11, 12, 13, 14, 15, 16, 17, 18, 19}
2025-04-18 14:08:02,592 - INFO - 正在计算异常分数...
2025-04-18 14:08:02,592 - INFO - 检测到的异常节点: set()
2025-04-18 14:08:02,592 - INFO - 正在为时间段 2497-2500 生成可视化
2025-04-18 14:08:02,592 - INFO - 正在为时间段 2497-2500 生成异常图可视化
2025-04-18 14:08:02,592 - DEBUG - 创建包含 19 个节点的图结构
2025-04-18 14:08:02,593 - DEBUG - 边统计: 正常边 208 条, 异常边 2 条
2025-04-18 14:08:02,648 - DEBUG - 正在保存可视化结果到 ./visual/omi/neighbor_all/mean_ratio/omi-3/seg_4_2497_2500.png
2025-04-18 14:08:02,859 - INFO - 成功保存时间段 2497-2500 的可视化结果
2025-04-18 14:08:02,859 - INFO - 
正在处理时间段 6/6: 3428-3434
2025-04-18 14:08:02,859 - INFO - 该时间段的真实异常节点: {7, 8, 9, 10, 11, 12, 13, 14, 15, 16, 17, 18, 19}
2025-04-18 14:08:02,859 - INFO - 正在计算异常分数...
2025-04-18 14:08:02,862 - INFO - 检测到的异常节点: {1, 4, 7, 8, 9, 10, 11, 12, 13, 14, 15, 16, 17, 18, 19}
2025-04-18 14:08:02,862 - INFO - 正在为时间段 3428-3434 生成可视化
2025-04-18 14:08:02,862 - INFO - 正在为时间段 3428-3434 生成异常图可视化
2025-04-18 14:08:02,862 - DEBUG - 创建包含 19 个节点的图结构
2025-04-18 14:08:02,863 - DEBUG - 边统计: 正常边 270 条, 异常边 2 条
2025-04-18 14:08:02,919 - DEBUG - 正在保存可视化结果到 ./visual/omi/neighbor_all/mean_ratio/omi-3/seg_5_3428_3434.png
2025-04-18 14:08:03,127 - INFO - 成功保存时间段 3428-3434 的可视化结果
2025-04-18 14:08:03,127 - INFO - 正在从 ./visual/omi/neighbor_all/mean_ratio/omi-3 中的图像创建GIF
2025-04-18 14:08:03,486 - INFO - GIF已保存到 ./visual/omi/neighbor_all/mean_ratio/omi-3/omi-3.gif
2025-04-18 14:08:03,486 - INFO - 
==================================================
2025-04-18 14:08:03,486 - INFO - 开始数据集可视化: omi-4
2025-04-18 14:08:03,486 - INFO - 使用参数: 评分模式=mean_ratio, all=None, 阈值=4.5
2025-04-18 14:08:03,486 - INFO - ==================================================

2025-04-18 14:08:03,486 - INFO - 正在加载数据集 omi-4 的数据
2025-04-18 14:08:03,487 - INFO - 数据加载成功。训练集形状: (8640, 19), 测试集形状: (4320, 19)
2025-04-18 14:08:03,487 - INFO - 正在计算边缘统计量...
2025-04-18 14:08:06,456 - INFO - 已计算 136 条边的统计量
2025-04-18 14:08:06,456 - INFO - 为每个节点使用所有邻居
2025-04-18 14:08:06,456 - INFO - 可视化结果将保存到: ./visual/omi/neighbor_all/mean_ratio/omi-4
2025-04-18 14:08:06,457 - INFO - 在数据集中发现 5 个异常时间段
2025-04-18 14:08:06,457 - INFO - 
正在处理时间段 1/5: 727-782
2025-04-18 14:08:06,457 - INFO - 该时间段的真实异常节点: {1, 2, 6, 7, 8, 9, 10, 11, 12, 13, 14, 15, 16, 17, 18, 19}
2025-04-18 14:08:06,457 - INFO - 正在计算异常分数...
2025-04-18 14:08:06,495 - INFO - 检测到的异常节点: {1, 4, 5, 6, 7, 8, 9, 10, 11, 12, 13, 14, 15, 16, 17, 18, 19}
2025-04-18 14:08:06,495 - INFO - 正在为时间段 727-782 生成可视化
2025-04-18 14:08:06,496 - INFO - 正在为时间段 727-782 生成异常图可视化
2025-04-18 14:08:06,496 - DEBUG - 创建包含 19 个节点的图结构
2025-04-18 14:08:06,497 - DEBUG - 边统计: 正常边 240 条, 异常边 32 条
2025-04-18 14:08:06,554 - DEBUG - 正在保存可视化结果到 ./visual/omi/neighbor_all/mean_ratio/omi-4/seg_0_727_782.png
2025-04-18 14:08:06,764 - INFO - 成功保存时间段 727-782 的可视化结果
2025-04-18 14:08:06,764 - INFO - 
正在处理时间段 2/5: 843-857
2025-04-18 14:08:06,764 - INFO - 该时间段的真实异常节点: {6, 7, 8, 9, 10, 11, 12, 13, 14, 15, 16, 17, 18, 19}
2025-04-18 14:08:06,764 - INFO - 正在计算异常分数...
2025-04-18 14:08:06,773 - INFO - 检测到的异常节点: {4, 5, 6, 7, 8, 9, 10, 11, 12, 13, 14, 15, 16, 17, 18, 19}
2025-04-18 14:08:06,773 - INFO - 正在为时间段 843-857 生成可视化
2025-04-18 14:08:06,773 - INFO - 正在为时间段 843-857 生成异常图可视化
2025-04-18 14:08:06,773 - DEBUG - 创建包含 19 个节点的图结构
2025-04-18 14:08:06,774 - DEBUG - 边统计: 正常边 236 条, 异常边 4 条
2025-04-18 14:08:06,831 - DEBUG - 正在保存可视化结果到 ./visual/omi/neighbor_all/mean_ratio/omi-4/seg_1_843_857.png
2025-04-18 14:08:07,040 - INFO - 成功保存时间段 843-857 的可视化结果
2025-04-18 14:08:07,041 - INFO - 
正在处理时间段 3/5: 2178-2238
2025-04-18 14:08:07,041 - INFO - 该时间段的真实异常节点: {8, 9, 10, 11, 12, 13, 14, 15, 16, 17, 18, 19}
2025-04-18 14:08:07,041 - INFO - 正在计算异常分数...
2025-04-18 14:08:07,084 - INFO - 检测到的异常节点: {1, 4, 5, 6, 7, 8, 9, 10, 11, 12, 13, 14, 15, 16, 17, 18, 19}
2025-04-18 14:08:07,084 - INFO - 正在为时间段 2178-2238 生成可视化
2025-04-18 14:08:07,084 - INFO - 正在为时间段 2178-2238 生成异常图可视化
2025-04-18 14:08:07,084 - DEBUG - 创建包含 19 个节点的图结构
2025-04-18 14:08:07,085 - DEBUG - 边统计: 正常边 272 条, 异常边 0 条
2025-04-18 14:08:07,143 - DEBUG - 正在保存可视化结果到 ./visual/omi/neighbor_all/mean_ratio/omi-4/seg_2_2178_2238.png
2025-04-18 14:08:07,357 - INFO - 成功保存时间段 2178-2238 的可视化结果
2025-04-18 14:08:07,357 - INFO - 
正在处理时间段 4/5: 2494-2501
2025-04-18 14:08:07,357 - INFO - 该时间段的真实异常节点: {7, 9, 10, 11, 12, 13, 14, 15, 16, 17, 18, 19}
2025-04-18 14:08:07,357 - INFO - 正在计算异常分数...
2025-04-18 14:08:07,361 - INFO - 检测到的异常节点: {6, 7, 9, 10, 11, 12, 13, 14, 15, 16, 17, 18, 19}
2025-04-18 14:08:07,361 - INFO - 正在为时间段 2494-2501 生成可视化
2025-04-18 14:08:07,361 - INFO - 正在为时间段 2494-2501 生成异常图可视化
2025-04-18 14:08:07,361 - DEBUG - 创建包含 19 个节点的图结构
2025-04-18 14:08:07,362 - DEBUG - 边统计: 正常边 218 条, 异常边 22 条
2025-04-18 14:08:07,421 - DEBUG - 正在保存可视化结果到 ./visual/omi/neighbor_all/mean_ratio/omi-4/seg_3_2494_2501.png
2025-04-18 14:08:07,630 - INFO - 成功保存时间段 2494-2501 的可视化结果
2025-04-18 14:08:07,630 - INFO - 
正在处理时间段 5/5: 3425-3435
2025-04-18 14:08:07,630 - INFO - 该时间段的真实异常节点: {7, 8, 9, 10, 11, 12, 13, 14, 15, 16, 17, 18, 19}
2025-04-18 14:08:07,630 - INFO - 正在计算异常分数...
2025-04-18 14:08:07,636 - INFO - 检测到的异常节点: {1, 4, 5, 6, 7, 8, 9, 10, 11, 12, 13, 14, 15, 16, 17, 18, 19}
2025-04-18 14:08:07,636 - INFO - 正在为时间段 3425-3435 生成可视化
2025-04-18 14:08:07,636 - INFO - 正在为时间段 3425-3435 生成异常图可视化
2025-04-18 14:08:07,636 - DEBUG - 创建包含 19 个节点的图结构
2025-04-18 14:08:07,637 - DEBUG - 边统计: 正常边 252 条, 异常边 20 条
2025-04-18 14:08:07,693 - DEBUG - 正在保存可视化结果到 ./visual/omi/neighbor_all/mean_ratio/omi-4/seg_4_3425_3435.png
2025-04-18 14:08:07,904 - INFO - 成功保存时间段 3425-3435 的可视化结果
2025-04-18 14:08:07,904 - INFO - 正在从 ./visual/omi/neighbor_all/mean_ratio/omi-4 中的图像创建GIF
2025-04-18 14:08:08,212 - INFO - GIF已保存到 ./visual/omi/neighbor_all/mean_ratio/omi-4/omi-4.gif
2025-04-18 14:08:08,213 - INFO - 
==================================================
2025-04-18 14:08:08,213 - INFO - 开始数据集可视化: omi-5
2025-04-18 14:08:08,213 - INFO - 使用参数: 评分模式=mean_ratio, all=None, 阈值=0.0
2025-04-18 14:08:08,213 - INFO - ==================================================

2025-04-18 14:08:08,213 - INFO - 正在加载数据集 omi-5 的数据
2025-04-18 14:08:08,214 - INFO - 数据加载成功。训练集形状: (8640, 19), 测试集形状: (4320, 19)
2025-04-18 14:08:08,214 - INFO - 正在计算边缘统计量...
2025-04-18 14:08:11,163 - INFO - 已计算 153 条边的统计量
2025-04-18 14:08:11,164 - INFO - 为每个节点使用所有邻居
2025-04-18 14:08:11,164 - INFO - 可视化结果将保存到: ./visual/omi/neighbor_all/mean_ratio/omi-5
2025-04-18 14:08:11,165 - INFO - 在数据集中发现 6 个异常时间段
2025-04-18 14:08:11,165 - INFO - 
正在处理时间段 1/6: 765-781
2025-04-18 14:08:11,165 - INFO - 该时间段的真实异常节点: {6, 7, 8, 9, 10, 11, 12, 13, 14, 15, 16, 17, 18, 19}
2025-04-18 14:08:11,165 - INFO - 正在计算异常分数...
2025-04-18 14:08:11,175 - INFO - 检测到的异常节点: {1, 2, 5, 6, 7, 8, 9, 10, 11, 12, 13, 14, 15, 16, 17, 18, 19}
2025-04-18 14:08:11,175 - INFO - 正在为时间段 765-781 生成可视化
2025-04-18 14:08:11,175 - INFO - 正在为时间段 765-781 生成异常图可视化
2025-04-18 14:08:11,175 - DEBUG - 创建包含 19 个节点的图结构
2025-04-18 14:08:11,176 - DEBUG - 边统计: 正常边 214 条, 异常边 92 条
2025-04-18 14:08:11,233 - DEBUG - 正在保存可视化结果到 ./visual/omi/neighbor_all/mean_ratio/omi-5/seg_0_765_781.png
2025-04-18 14:08:11,456 - INFO - 成功保存时间段 765-781 的可视化结果
2025-04-18 14:08:11,456 - INFO - 
正在处理时间段 2/6: 1589-1617
2025-04-18 14:08:11,456 - INFO - 该时间段的真实异常节点: {17, 2, 4}
2025-04-18 14:08:11,456 - INFO - 正在计算异常分数...
2025-04-18 14:08:11,479 - INFO - 检测到的异常节点: {1, 2, 4, 5, 6, 7, 8, 9, 10, 11, 12, 13, 14, 15, 16, 17, 18, 19}
2025-04-18 14:08:11,479 - INFO - 正在为时间段 1589-1617 生成可视化
2025-04-18 14:08:11,479 - INFO - 正在为时间段 1589-1617 生成异常图可视化
2025-04-18 14:08:11,479 - DEBUG - 创建包含 19 个节点的图结构
2025-04-18 14:08:11,480 - DEBUG - 边统计: 正常边 270 条, 异常边 36 条
2025-04-18 14:08:11,535 - DEBUG - 正在保存可视化结果到 ./visual/omi/neighbor_all/mean_ratio/omi-5/seg_1_1589_1617.png
2025-04-18 14:08:11,758 - INFO - 成功保存时间段 1589-1617 的可视化结果
2025-04-18 14:08:11,758 - INFO - 
正在处理时间段 3/6: 2440-2446
2025-04-18 14:08:11,758 - INFO - 该时间段的真实异常节点: {8, 11, 12, 13, 14, 15, 16, 17, 18, 19}
2025-04-18 14:08:11,758 - INFO - 正在计算异常分数...
2025-04-18 14:08:11,761 - INFO - 检测到的异常节点: {1, 4, 5, 6, 7, 8, 9, 10, 11, 12, 13, 14, 15, 16, 17, 18, 19}
2025-04-18 14:08:11,761 - INFO - 正在为时间段 2440-2446 生成可视化
2025-04-18 14:08:11,761 - INFO - 正在为时间段 2440-2446 生成异常图可视化
2025-04-18 14:08:11,761 - DEBUG - 创建包含 19 个节点的图结构
2025-04-18 14:08:11,762 - DEBUG - 边统计: 正常边 246 条, 异常边 60 条
2025-04-18 14:08:11,817 - DEBUG - 正在保存可视化结果到 ./visual/omi/neighbor_all/mean_ratio/omi-5/seg_2_2440_2446.png
2025-04-18 14:08:12,049 - INFO - 成功保存时间段 2440-2446 的可视化结果
2025-04-18 14:08:12,050 - INFO - 
正在处理时间段 4/6: 3356-3363
2025-04-18 14:08:12,050 - INFO - 该时间段的真实异常节点: {17, 5, 6}
2025-04-18 14:08:12,050 - INFO - 正在计算异常分数...
2025-04-18 14:08:12,054 - INFO - 检测到的异常节点: {1, 4, 5, 6, 7, 8, 9, 10, 11, 12, 13, 14, 15, 16, 17, 18, 19}
2025-04-18 14:08:12,054 - INFO - 正在为时间段 3356-3363 生成可视化
2025-04-18 14:08:12,054 - INFO - 正在为时间段 3356-3363 生成异常图可视化
2025-04-18 14:08:12,054 - DEBUG - 创建包含 19 个节点的图结构
2025-04-18 14:08:12,055 - DEBUG - 边统计: 正常边 260 条, 异常边 46 条
2025-04-18 14:08:12,209 - DEBUG - 正在保存可视化结果到 ./visual/omi/neighbor_all/mean_ratio/omi-5/seg_3_3356_3363.png
2025-04-18 14:08:12,433 - INFO - 成功保存时间段 3356-3363 的可视化结果
2025-04-18 14:08:12,433 - INFO - 
正在处理时间段 5/6: 3416-3423
2025-04-18 14:08:12,433 - INFO - 该时间段的真实异常节点: {4, 5, 7, 9, 10, 11, 12, 13, 14, 15, 16, 17, 18, 19}
2025-04-18 14:08:12,434 - INFO - 正在计算异常分数...
2025-04-18 14:08:12,437 - INFO - 检测到的异常节点: {1, 4, 5, 6, 7, 8, 9, 10, 11, 12, 13, 14, 15, 16, 17, 18, 19}
2025-04-18 14:08:12,437 - INFO - 正在为时间段 3416-3423 生成可视化
2025-04-18 14:08:12,437 - INFO - 正在为时间段 3416-3423 生成异常图可视化
2025-04-18 14:08:12,437 - DEBUG - 创建包含 19 个节点的图结构
2025-04-18 14:08:12,438 - DEBUG - 边统计: 正常边 294 条, 异常边 12 条
2025-04-18 14:08:12,494 - DEBUG - 正在保存可视化结果到 ./visual/omi/neighbor_all/mean_ratio/omi-5/seg_4_3416_3423.png
2025-04-18 14:08:12,713 - INFO - 成功保存时间段 3416-3423 的可视化结果
2025-04-18 14:08:12,713 - INFO - 
正在处理时间段 6/6: 3590-3594
2025-04-18 14:08:12,713 - INFO - 该时间段的真实异常节点: {1, 8, 17, 18, 19}
2025-04-18 14:08:12,713 - INFO - 正在计算异常分数...
2025-04-18 14:08:12,714 - INFO - 检测到的异常节点: {1, 4, 5, 6, 7, 8, 9, 10, 11, 12, 13, 14, 15, 16, 17, 18, 19}
2025-04-18 14:08:12,714 - INFO - 正在为时间段 3590-3594 生成可视化
2025-04-18 14:08:12,714 - INFO - 正在为时间段 3590-3594 生成异常图可视化
2025-04-18 14:08:12,714 - DEBUG - 创建包含 19 个节点的图结构
2025-04-18 14:08:12,715 - DEBUG - 边统计: 正常边 232 条, 异常边 74 条
2025-04-18 14:08:12,771 - DEBUG - 正在保存可视化结果到 ./visual/omi/neighbor_all/mean_ratio/omi-5/seg_5_3590_3594.png
2025-04-18 14:08:12,993 - INFO - 成功保存时间段 3590-3594 的可视化结果
2025-04-18 14:08:12,993 - INFO - 正在从 ./visual/omi/neighbor_all/mean_ratio/omi-5 中的图像创建GIF
2025-04-18 14:08:13,368 - INFO - GIF已保存到 ./visual/omi/neighbor_all/mean_ratio/omi-5/omi-5.gif
2025-04-18 14:08:13,369 - INFO - 
==================================================
2025-04-18 14:08:13,369 - INFO - 开始数据集可视化: omi-6
2025-04-18 14:08:13,369 - INFO - 使用参数: 评分模式=mean_ratio, all=None, 阈值=7.0
2025-04-18 14:08:13,369 - INFO - ==================================================

2025-04-18 14:08:13,369 - INFO - 正在加载数据集 omi-6 的数据
2025-04-18 14:08:13,370 - INFO - 数据加载成功。训练集形状: (8640, 19), 测试集形状: (4320, 19)
2025-04-18 14:08:13,370 - INFO - 正在计算边缘统计量...
2025-04-18 14:08:16,153 - INFO - 已计算 153 条边的统计量
2025-04-18 14:08:16,153 - INFO - 为每个节点使用所有邻居
2025-04-18 14:08:16,153 - INFO - 可视化结果将保存到: ./visual/omi/neighbor_all/mean_ratio/omi-6
2025-04-18 14:08:16,154 - INFO - 在数据集中发现 10 个异常时间段
2025-04-18 14:08:16,154 - INFO - 
正在处理时间段 1/10: 357-392
2025-04-18 14:08:16,154 - INFO - 该时间段的真实异常节点: {19, 4}
2025-04-18 14:08:16,154 - INFO - 正在计算异常分数...
2025-04-18 14:08:16,178 - INFO - 检测到的异常节点: {1, 4, 5, 6, 7, 8, 9, 10, 11, 12, 13, 14, 15, 16, 17, 18, 19}
2025-04-18 14:08:16,178 - INFO - 正在为时间段 357-392 生成可视化
2025-04-18 14:08:16,178 - INFO - 正在为时间段 357-392 生成异常图可视化
2025-04-18 14:08:16,178 - DEBUG - 创建包含 19 个节点的图结构
2025-04-18 14:08:16,179 - DEBUG - 边统计: 正常边 254 条, 异常边 18 条
2025-04-18 14:08:16,236 - DEBUG - 正在保存可视化结果到 ./visual/omi/neighbor_all/mean_ratio/omi-6/seg_0_357_392.png
2025-04-18 14:08:16,445 - INFO - 成功保存时间段 357-392 的可视化结果
2025-04-18 14:08:16,445 - INFO - 
正在处理时间段 2/10: 750-788
2025-04-18 14:08:16,446 - INFO - 该时间段的真实异常节点: {2, 6, 7, 8, 9, 10, 11, 12, 13, 14, 15, 16, 17, 18, 19}
2025-04-18 14:08:16,446 - INFO - 正在计算异常分数...
2025-04-18 14:08:16,473 - INFO - 检测到的异常节点: {1, 4, 5, 6, 7, 8, 9, 10, 11, 12, 13, 14, 15, 16, 17, 18, 19}
2025-04-18 14:08:16,473 - INFO - 正在为时间段 750-788 生成可视化
2025-04-18 14:08:16,473 - INFO - 正在为时间段 750-788 生成异常图可视化
2025-04-18 14:08:16,474 - DEBUG - 创建包含 19 个节点的图结构
2025-04-18 14:08:16,475 - DEBUG - 边统计: 正常边 184 条, 异常边 88 条
2025-04-18 14:08:16,530 - DEBUG - 正在保存可视化结果到 ./visual/omi/neighbor_all/mean_ratio/omi-6/seg_1_750_788.png
2025-04-18 14:08:16,741 - INFO - 成功保存时间段 750-788 的可视化结果
2025-04-18 14:08:16,741 - INFO - 
正在处理时间段 3/10: 1278-1293
2025-04-18 14:08:16,741 - INFO - 该时间段的真实异常节点: {4, 5, 6, 8, 17}
2025-04-18 14:08:16,741 - INFO - 正在计算异常分数...
2025-04-18 14:08:16,751 - INFO - 检测到的异常节点: {1, 4, 5, 6, 7, 8, 9, 10, 11, 12, 13, 14, 15, 16, 17, 18, 19}
2025-04-18 14:08:16,751 - INFO - 正在为时间段 1278-1293 生成可视化
2025-04-18 14:08:16,751 - INFO - 正在为时间段 1278-1293 生成异常图可视化
2025-04-18 14:08:16,751 - DEBUG - 创建包含 19 个节点的图结构
2025-04-18 14:08:16,752 - DEBUG - 边统计: 正常边 270 条, 异常边 2 条
2025-04-18 14:08:16,808 - DEBUG - 正在保存可视化结果到 ./visual/omi/neighbor_all/mean_ratio/omi-6/seg_2_1278_1293.png
2025-04-18 14:08:17,018 - INFO - 成功保存时间段 1278-1293 的可视化结果
2025-04-18 14:08:17,018 - INFO - 
正在处理时间段 4/10: 1590-1615
2025-04-18 14:08:17,018 - INFO - 该时间段的真实异常节点: {1, 18, 9}
2025-04-18 14:08:17,018 - INFO - 正在计算异常分数...
2025-04-18 14:08:17,035 - INFO - 检测到的异常节点: {1, 4, 5, 6, 7, 8, 9, 10, 11, 12, 13, 14, 15, 16, 17, 18, 19}
2025-04-18 14:08:17,035 - INFO - 正在为时间段 1590-1615 生成可视化
2025-04-18 14:08:17,035 - INFO - 正在为时间段 1590-1615 生成异常图可视化
2025-04-18 14:08:17,035 - DEBUG - 创建包含 19 个节点的图结构
2025-04-18 14:08:17,036 - DEBUG - 边统计: 正常边 272 条, 异常边 0 条
2025-04-18 14:08:17,092 - DEBUG - 正在保存可视化结果到 ./visual/omi/neighbor_all/mean_ratio/omi-6/seg_3_1590_1615.png
2025-04-18 14:08:17,302 - INFO - 成功保存时间段 1590-1615 的可视化结果
2025-04-18 14:08:17,302 - INFO - 
正在处理时间段 5/10: 2592-2604
2025-04-18 14:08:17,302 - INFO - 该时间段的真实异常节点: {9, 4, 6}
2025-04-18 14:08:17,302 - INFO - 正在计算异常分数...
2025-04-18 14:08:17,309 - INFO - 检测到的异常节点: {4, 5, 6, 7, 8, 9, 10, 11, 12, 13, 14, 15, 16, 17, 18, 19}
2025-04-18 14:08:17,309 - INFO - 正在为时间段 2592-2604 生成可视化
2025-04-18 14:08:17,309 - INFO - 正在为时间段 2592-2604 生成异常图可视化
2025-04-18 14:08:17,309 - DEBUG - 创建包含 19 个节点的图结构
2025-04-18 14:08:17,310 - DEBUG - 边统计: 正常边 236 条, 异常边 4 条
2025-04-18 14:08:17,368 - DEBUG - 正在保存可视化结果到 ./visual/omi/neighbor_all/mean_ratio/omi-6/seg_4_2592_2604.png
2025-04-18 14:08:17,573 - INFO - 成功保存时间段 2592-2604 的可视化结果
2025-04-18 14:08:17,573 - INFO - 
正在处理时间段 6/10: 2734-2765
2025-04-18 14:08:17,573 - INFO - 该时间段的真实异常节点: {8, 19, 4, 6}
2025-04-18 14:08:17,573 - INFO - 正在计算异常分数...
2025-04-18 14:08:17,596 - INFO - 检测到的异常节点: {1, 4, 5, 6, 7, 8, 9, 10, 11, 12, 13, 14, 15, 16, 17, 18, 19}
2025-04-18 14:08:17,596 - INFO - 正在为时间段 2734-2765 生成可视化
2025-04-18 14:08:17,596 - INFO - 正在为时间段 2734-2765 生成异常图可视化
2025-04-18 14:08:17,596 - DEBUG - 创建包含 19 个节点的图结构
2025-04-18 14:08:17,597 - DEBUG - 边统计: 正常边 270 条, 异常边 2 条
2025-04-18 14:08:17,653 - DEBUG - 正在保存可视化结果到 ./visual/omi/neighbor_all/mean_ratio/omi-6/seg_5_2734_2765.png
2025-04-18 14:08:17,862 - INFO - 成功保存时间段 2734-2765 的可视化结果
2025-04-18 14:08:17,862 - INFO - 
正在处理时间段 7/10: 3066-3072
2025-04-18 14:08:17,862 - INFO - 该时间段的真实异常节点: {19, 4, 6}
2025-04-18 14:08:17,862 - INFO - 正在计算异常分数...
2025-04-18 14:08:17,865 - INFO - 检测到的异常节点: {1, 4, 5, 6, 7, 8, 10, 11, 12, 13, 14, 15, 16, 17, 18, 19}
2025-04-18 14:08:17,865 - INFO - 正在为时间段 3066-3072 生成可视化
2025-04-18 14:08:17,865 - INFO - 正在为时间段 3066-3072 生成异常图可视化
2025-04-18 14:08:17,865 - DEBUG - 创建包含 19 个节点的图结构
2025-04-18 14:08:17,866 - DEBUG - 边统计: 正常边 230 条, 异常边 42 条
2025-04-18 14:08:17,920 - DEBUG - 正在保存可视化结果到 ./visual/omi/neighbor_all/mean_ratio/omi-6/seg_6_3066_3072.png
2025-04-18 14:08:18,133 - INFO - 成功保存时间段 3066-3072 的可视化结果
2025-04-18 14:08:18,133 - INFO - 
正在处理时间段 8/10: 3596-3605
2025-04-18 14:08:18,133 - INFO - 该时间段的真实异常节点: {19, 4, 5, 6}
2025-04-18 14:08:18,133 - INFO - 正在计算异常分数...
2025-04-18 14:08:18,138 - INFO - 检测到的异常节点: {1, 4, 5, 6, 7, 8, 9, 10, 11, 12, 13, 14, 15, 16, 17, 18, 19}
2025-04-18 14:08:18,138 - INFO - 正在为时间段 3596-3605 生成可视化
2025-04-18 14:08:18,138 - INFO - 正在为时间段 3596-3605 生成异常图可视化
2025-04-18 14:08:18,138 - DEBUG - 创建包含 19 个节点的图结构
2025-04-18 14:08:18,139 - DEBUG - 边统计: 正常边 272 条, 异常边 0 条
2025-04-18 14:08:18,194 - DEBUG - 正在保存可视化结果到 ./visual/omi/neighbor_all/mean_ratio/omi-6/seg_7_3596_3605.png
2025-04-18 14:08:18,403 - INFO - 成功保存时间段 3596-3605 的可视化结果
2025-04-18 14:08:18,403 - INFO - 
正在处理时间段 9/10: 3610-3622
2025-04-18 14:08:18,404 - INFO - 该时间段的真实异常节点: {1, 4, 5}
2025-04-18 14:08:18,404 - INFO - 正在计算异常分数...
2025-04-18 14:08:18,411 - INFO - 检测到的异常节点: {1, 4, 5, 6, 7, 8, 9, 10, 11, 12, 13, 14, 15, 16, 17, 18, 19}
2025-04-18 14:08:18,411 - INFO - 正在为时间段 3610-3622 生成可视化
2025-04-18 14:08:18,411 - INFO - 正在为时间段 3610-3622 生成异常图可视化
2025-04-18 14:08:18,411 - DEBUG - 创建包含 19 个节点的图结构
2025-04-18 14:08:18,412 - DEBUG - 边统计: 正常边 272 条, 异常边 0 条
2025-04-18 14:08:18,467 - DEBUG - 正在保存可视化结果到 ./visual/omi/neighbor_all/mean_ratio/omi-6/seg_8_3610_3622.png
2025-04-18 14:08:18,675 - INFO - 成功保存时间段 3610-3622 的可视化结果
2025-04-18 14:08:18,675 - INFO - 
正在处理时间段 10/10: 4159-4164
2025-04-18 14:08:18,675 - INFO - 该时间段的真实异常节点: {4, 5}
2025-04-18 14:08:18,675 - INFO - 正在计算异常分数...
2025-04-18 14:08:18,677 - INFO - 检测到的异常节点: {1, 4, 5, 6, 7, 8, 9, 10, 11, 13, 14, 15, 17, 18}
2025-04-18 14:08:18,677 - INFO - 正在为时间段 4159-4164 生成可视化
2025-04-18 14:08:18,677 - INFO - 正在为时间段 4159-4164 生成异常图可视化
2025-04-18 14:08:18,677 - DEBUG - 创建包含 19 个节点的图结构
2025-04-18 14:08:18,678 - DEBUG - 边统计: 正常边 248 条, 异常边 24 条
2025-04-18 14:08:18,803 - DEBUG - 正在保存可视化结果到 ./visual/omi/neighbor_all/mean_ratio/omi-6/seg_9_4159_4164.png
2025-04-18 14:08:19,012 - INFO - 成功保存时间段 4159-4164 的可视化结果
2025-04-18 14:08:19,012 - INFO - 正在从 ./visual/omi/neighbor_all/mean_ratio/omi-6 中的图像创建GIF
2025-04-18 14:08:19,619 - INFO - GIF已保存到 ./visual/omi/neighbor_all/mean_ratio/omi-6/omi-6.gif
2025-04-18 14:08:19,620 - INFO - 
==================================================
2025-04-18 14:08:19,620 - INFO - 开始数据集可视化: omi-7
2025-04-18 14:08:19,620 - INFO - 使用参数: 评分模式=mean_ratio, all=None, 阈值=2.5
2025-04-18 14:08:19,620 - INFO - ==================================================

2025-04-18 14:08:19,620 - INFO - 正在加载数据集 omi-7 的数据
2025-04-18 14:08:19,621 - INFO - 数据加载成功。训练集形状: (8640, 19), 测试集形状: (4320, 19)
2025-04-18 14:08:19,621 - INFO - 正在计算边缘统计量...
2025-04-18 14:08:22,183 - INFO - 已计算 136 条边的统计量
2025-04-18 14:08:22,183 - INFO - 为每个节点使用所有邻居
2025-04-18 14:08:22,183 - INFO - 可视化结果将保存到: ./visual/omi/neighbor_all/mean_ratio/omi-7
2025-04-18 14:08:22,184 - INFO - 在数据集中发现 3 个异常时间段
2025-04-18 14:08:22,184 - INFO - 
正在处理时间段 1/3: 738-778
2025-04-18 14:08:22,184 - INFO - 该时间段的真实异常节点: {1, 2, 4, 6, 7, 8, 9, 10, 11, 12, 13, 14, 15, 16, 17, 18, 19}
2025-04-18 14:08:22,184 - INFO - 正在计算异常分数...
2025-04-18 14:08:22,211 - INFO - 检测到的异常节点: {1, 4, 5, 6, 7, 8, 9, 10, 11, 12, 13, 14, 15, 16, 17, 18, 19}
2025-04-18 14:08:22,211 - INFO - 正在为时间段 738-778 生成可视化
2025-04-18 14:08:22,211 - INFO - 正在为时间段 738-778 生成异常图可视化
2025-04-18 14:08:22,212 - DEBUG - 创建包含 19 个节点的图结构
2025-04-18 14:08:22,213 - DEBUG - 边统计: 正常边 166 条, 异常边 106 条
2025-04-18 14:08:22,270 - DEBUG - 正在保存可视化结果到 ./visual/omi/neighbor_all/mean_ratio/omi-7/seg_0_738_778.png
2025-04-18 14:08:22,482 - INFO - 成功保存时间段 738-778 的可视化结果
2025-04-18 14:08:22,482 - INFO - 
正在处理时间段 2/3: 1625-1660
2025-04-18 14:08:22,482 - INFO - 该时间段的真实异常节点: {7, 10, 11, 12, 13, 14, 15, 16, 17, 18, 19}
2025-04-18 14:08:22,482 - INFO - 正在计算异常分数...
2025-04-18 14:08:22,507 - INFO - 检测到的异常节点: {5, 7, 8, 9, 10, 11, 12, 13, 14, 15, 16, 17, 18, 19}
2025-04-18 14:08:22,507 - INFO - 正在为时间段 1625-1660 生成可视化
2025-04-18 14:08:22,507 - INFO - 正在为时间段 1625-1660 生成异常图可视化
2025-04-18 14:08:22,507 - DEBUG - 创建包含 19 个节点的图结构
2025-04-18 14:08:22,508 - DEBUG - 边统计: 正常边 130 条, 异常边 52 条
2025-04-18 14:08:22,562 - DEBUG - 正在保存可视化结果到 ./visual/omi/neighbor_all/mean_ratio/omi-7/seg_1_1625_1660.png
2025-04-18 14:08:22,772 - INFO - 成功保存时间段 1625-1660 的可视化结果
2025-04-18 14:08:22,772 - INFO - 
正在处理时间段 3/3: 3311-3320
2025-04-18 14:08:22,772 - INFO - 该时间段的真实异常节点: {7, 10, 11, 12, 13, 14, 15, 16, 17, 18, 19}
2025-04-18 14:08:22,772 - INFO - 正在计算异常分数...
2025-04-18 14:08:22,777 - INFO - 检测到的异常节点: {7, 10, 11, 12, 13, 14, 15, 16, 17, 18, 19}
2025-04-18 14:08:22,777 - INFO - 正在为时间段 3311-3320 生成可视化
2025-04-18 14:08:22,777 - INFO - 正在为时间段 3311-3320 生成异常图可视化
2025-04-18 14:08:22,777 - DEBUG - 创建包含 19 个节点的图结构
2025-04-18 14:08:22,778 - DEBUG - 边统计: 正常边 188 条, 异常边 22 条
2025-04-18 14:08:22,832 - DEBUG - 正在保存可视化结果到 ./visual/omi/neighbor_all/mean_ratio/omi-7/seg_2_3311_3320.png
2025-04-18 14:08:23,043 - INFO - 成功保存时间段 3311-3320 的可视化结果
2025-04-18 14:08:23,043 - INFO - 正在从 ./visual/omi/neighbor_all/mean_ratio/omi-7 中的图像创建GIF
2025-04-18 14:08:23,213 - INFO - GIF已保存到 ./visual/omi/neighbor_all/mean_ratio/omi-7/omi-7.gif
2025-04-18 14:08:23,213 - INFO - 
==================================================
2025-04-18 14:08:23,214 - INFO - 开始数据集可视化: omi-8
2025-04-18 14:08:23,214 - INFO - 使用参数: 评分模式=mean_ratio, all=None, 阈值=6.0
2025-04-18 14:08:23,214 - INFO - ==================================================

2025-04-18 14:08:23,214 - INFO - 正在加载数据集 omi-8 的数据
2025-04-18 14:08:23,215 - INFO - 数据加载成功。训练集形状: (8640, 19), 测试集形状: (4320, 19)
2025-04-18 14:08:23,215 - INFO - 正在计算边缘统计量...
2025-04-18 14:08:25,750 - INFO - 已计算 136 条边的统计量
2025-04-18 14:08:25,750 - INFO - 为每个节点使用所有邻居
2025-04-18 14:08:25,750 - INFO - 可视化结果将保存到: ./visual/omi/neighbor_all/mean_ratio/omi-8
2025-04-18 14:08:25,751 - INFO - 在数据集中发现 5 个异常时间段
2025-04-18 14:08:25,751 - INFO - 
正在处理时间段 1/5: 740-753
2025-04-18 14:08:25,751 - INFO - 该时间段的真实异常节点: {2, 4}
2025-04-18 14:08:25,751 - INFO - 正在计算异常分数...
2025-04-18 14:08:25,759 - INFO - 检测到的异常节点: {1, 4, 6, 7, 8, 9, 10, 11, 12, 13, 14, 15, 16, 17, 18, 19}
2025-04-18 14:08:25,759 - INFO - 正在为时间段 740-753 生成可视化
2025-04-18 14:08:25,759 - INFO - 正在为时间段 740-753 生成异常图可视化
2025-04-18 14:08:25,760 - DEBUG - 创建包含 19 个节点的图结构
2025-04-18 14:08:25,760 - DEBUG - 边统计: 正常边 238 条, 异常边 2 条
2025-04-18 14:08:25,818 - DEBUG - 正在保存可视化结果到 ./visual/omi/neighbor_all/mean_ratio/omi-8/seg_0_740_753.png
2025-04-18 14:08:26,028 - INFO - 成功保存时间段 740-753 的可视化结果
2025-04-18 14:08:26,028 - INFO - 
正在处理时间段 2/5: 764-780
2025-04-18 14:08:26,028 - INFO - 该时间段的真实异常节点: {6, 7, 8, 9, 10, 11, 12, 13, 14, 15, 16, 17, 18, 19}
2025-04-18 14:08:26,028 - INFO - 正在计算异常分数...
2025-04-18 14:08:26,038 - INFO - 检测到的异常节点: {1, 6, 7, 8, 9, 10, 11, 12, 13, 14, 15, 16, 17, 18, 19}
2025-04-18 14:08:26,038 - INFO - 正在为时间段 764-780 生成可视化
2025-04-18 14:08:26,038 - INFO - 正在为时间段 764-780 生成异常图可视化
2025-04-18 14:08:26,038 - DEBUG - 创建包含 19 个节点的图结构
2025-04-18 14:08:26,039 - DEBUG - 边统计: 正常边 146 条, 异常边 64 条
2025-04-18 14:08:26,096 - DEBUG - 正在保存可视化结果到 ./visual/omi/neighbor_all/mean_ratio/omi-8/seg_1_764_780.png
2025-04-18 14:08:26,305 - INFO - 成功保存时间段 764-780 的可视化结果
2025-04-18 14:08:26,305 - INFO - 
正在处理时间段 3/5: 2319-2325
2025-04-18 14:08:26,305 - INFO - 该时间段的真实异常节点: {4, 5, 6}
2025-04-18 14:08:26,305 - INFO - 正在计算异常分数...
2025-04-18 14:08:26,307 - INFO - 检测到的异常节点: {4, 5, 6, 7, 8, 9, 10, 11, 12, 13, 14, 15, 16, 17, 18, 19}
2025-04-18 14:08:26,307 - INFO - 正在为时间段 2319-2325 生成可视化
2025-04-18 14:08:26,307 - INFO - 正在为时间段 2319-2325 生成异常图可视化
2025-04-18 14:08:26,308 - DEBUG - 创建包含 19 个节点的图结构
2025-04-18 14:08:26,309 - DEBUG - 边统计: 正常边 228 条, 异常边 44 条
2025-04-18 14:08:26,364 - DEBUG - 正在保存可视化结果到 ./visual/omi/neighbor_all/mean_ratio/omi-8/seg_2_2319_2325.png
2025-04-18 14:08:26,575 - INFO - 成功保存时间段 2319-2325 的可视化结果
2025-04-18 14:08:26,575 - INFO - 
正在处理时间段 4/5: 2586-2675
2025-04-18 14:08:26,575 - INFO - 该时间段的真实异常节点: {5, 6, 8, 17, 18, 19}
2025-04-18 14:08:26,575 - INFO - 正在计算异常分数...
2025-04-18 14:08:26,643 - INFO - 检测到的异常节点: {1, 4, 5, 6, 7, 8, 9, 10, 11, 12, 13, 14, 15, 16, 17, 18, 19}
2025-04-18 14:08:26,643 - INFO - 正在为时间段 2586-2675 生成可视化
2025-04-18 14:08:26,643 - INFO - 正在为时间段 2586-2675 生成异常图可视化
2025-04-18 14:08:26,643 - DEBUG - 创建包含 19 个节点的图结构
2025-04-18 14:08:26,644 - DEBUG - 边统计: 正常边 260 条, 异常边 12 条
2025-04-18 14:08:26,700 - DEBUG - 正在保存可视化结果到 ./visual/omi/neighbor_all/mean_ratio/omi-8/seg_3_2586_2675.png
2025-04-18 14:08:26,911 - INFO - 成功保存时间段 2586-2675 的可视化结果
2025-04-18 14:08:26,911 - INFO - 
正在处理时间段 5/5: 2897-2956
2025-04-18 14:08:26,911 - INFO - 该时间段的真实异常节点: {2, 6, 8, 17, 18, 19}
2025-04-18 14:08:26,911 - INFO - 正在计算异常分数...
2025-04-18 14:08:26,954 - INFO - 检测到的异常节点: {1, 4, 5, 6, 7, 8, 9, 10, 11, 12, 13, 14, 15, 16, 17, 18, 19}
2025-04-18 14:08:26,954 - INFO - 正在为时间段 2897-2956 生成可视化
2025-04-18 14:08:26,954 - INFO - 正在为时间段 2897-2956 生成异常图可视化
2025-04-18 14:08:26,955 - DEBUG - 创建包含 19 个节点的图结构
2025-04-18 14:08:26,956 - DEBUG - 边统计: 正常边 230 条, 异常边 42 条
2025-04-18 14:08:27,011 - DEBUG - 正在保存可视化结果到 ./visual/omi/neighbor_all/mean_ratio/omi-8/seg_4_2897_2956.png
2025-04-18 14:08:27,222 - INFO - 成功保存时间段 2897-2956 的可视化结果
2025-04-18 14:08:27,222 - INFO - 正在从 ./visual/omi/neighbor_all/mean_ratio/omi-8 中的图像创建GIF
2025-04-18 14:08:27,531 - INFO - GIF已保存到 ./visual/omi/neighbor_all/mean_ratio/omi-8/omi-8.gif
2025-04-18 14:08:27,531 - INFO - 
==================================================
2025-04-18 14:08:27,531 - INFO - 开始数据集可视化: omi-9
2025-04-18 14:08:27,531 - INFO - 使用参数: 评分模式=mean_ratio, all=None, 阈值=0.0
2025-04-18 14:08:27,531 - INFO - ==================================================

2025-04-18 14:08:27,531 - INFO - 正在加载数据集 omi-9 的数据
2025-04-18 14:08:27,532 - INFO - 数据加载成功。训练集形状: (8640, 19), 测试集形状: (4320, 19)
2025-04-18 14:08:27,532 - INFO - 正在计算边缘统计量...
2025-04-18 14:08:30,009 - INFO - 已计算 136 条边的统计量
2025-04-18 14:08:30,009 - INFO - 为每个节点使用所有邻居
2025-04-18 14:08:30,009 - INFO - 可视化结果将保存到: ./visual/omi/neighbor_all/mean_ratio/omi-9
2025-04-18 14:08:30,010 - INFO - 在数据集中发现 8 个异常时间段
2025-04-18 14:08:30,010 - INFO - 
正在处理时间段 1/8: 738-756
2025-04-18 14:08:30,010 - INFO - 该时间段的真实异常节点: {2, 9, 10, 11, 12, 13, 14, 15, 16, 17, 18, 19}
2025-04-18 14:08:30,010 - INFO - 正在计算异常分数...
2025-04-18 14:08:30,020 - INFO - 检测到的异常节点: {1, 7, 8, 9, 10, 11, 12, 13, 14, 15, 16, 17, 18, 19}
2025-04-18 14:08:30,021 - INFO - 正在为时间段 738-756 生成可视化
2025-04-18 14:08:30,021 - INFO - 正在为时间段 738-756 生成异常图可视化
2025-04-18 14:08:30,021 - DEBUG - 创建包含 19 个节点的图结构
2025-04-18 14:08:30,022 - DEBUG - 边统计: 正常边 158 条, 异常边 24 条
2025-04-18 14:08:30,078 - DEBUG - 正在保存可视化结果到 ./visual/omi/neighbor_all/mean_ratio/omi-9/seg_0_738_756.png
2025-04-18 14:08:30,288 - INFO - 成功保存时间段 738-756 的可视化结果
2025-04-18 14:08:30,288 - INFO - 
正在处理时间段 2/8: 763-780
2025-04-18 14:08:30,288 - INFO - 该时间段的真实异常节点: {1, 6, 7, 8, 9, 10, 11, 12, 13, 14, 15, 16, 17, 18, 19}
2025-04-18 14:08:30,288 - INFO - 正在计算异常分数...
2025-04-18 14:08:30,299 - INFO - 检测到的异常节点: {1, 6, 7, 8, 9, 10, 11, 12, 13, 14, 15, 16, 17, 18, 19}
2025-04-18 14:08:30,299 - INFO - 正在为时间段 763-780 生成可视化
2025-04-18 14:08:30,299 - INFO - 正在为时间段 763-780 生成异常图可视化
2025-04-18 14:08:30,299 - DEBUG - 创建包含 19 个节点的图结构
2025-04-18 14:08:30,300 - DEBUG - 边统计: 正常边 118 条, 异常边 92 条
2025-04-18 14:08:30,357 - DEBUG - 正在保存可视化结果到 ./visual/omi/neighbor_all/mean_ratio/omi-9/seg_1_763_780.png
2025-04-18 14:08:30,567 - INFO - 成功保存时间段 763-780 的可视化结果
2025-04-18 14:08:30,567 - INFO - 
正在处理时间段 3/8: 2514-2524
2025-04-18 14:08:30,567 - INFO - 该时间段的真实异常节点: {1, 4, 5, 7, 8, 9, 17, 18}
2025-04-18 14:08:30,567 - INFO - 正在计算异常分数...
2025-04-18 14:08:30,573 - INFO - 检测到的异常节点: {1, 4, 5, 6, 7, 8, 9, 10, 11, 12, 13, 14, 15, 16, 17, 18, 19}
2025-04-18 14:08:30,573 - INFO - 正在为时间段 2514-2524 生成可视化
2025-04-18 14:08:30,573 - INFO - 正在为时间段 2514-2524 生成异常图可视化
2025-04-18 14:08:30,573 - DEBUG - 创建包含 19 个节点的图结构
2025-04-18 14:08:30,574 - DEBUG - 边统计: 正常边 210 条, 异常边 62 条
2025-04-18 14:08:30,629 - DEBUG - 正在保存可视化结果到 ./visual/omi/neighbor_all/mean_ratio/omi-9/seg_2_2514_2524.png
2025-04-18 14:08:30,912 - INFO - 成功保存时间段 2514-2524 的可视化结果
2025-04-18 14:08:30,912 - INFO - 
正在处理时间段 4/8: 2603-2668
2025-04-18 14:08:30,912 - INFO - 该时间段的真实异常节点: {1, 2, 5, 6, 8, 17, 18, 19}
2025-04-18 14:08:30,912 - INFO - 正在计算异常分数...
2025-04-18 14:08:30,957 - INFO - 检测到的异常节点: {1, 4, 5, 6, 7, 8, 9, 10, 11, 12, 13, 14, 15, 16, 17, 18, 19}
2025-04-18 14:08:30,957 - INFO - 正在为时间段 2603-2668 生成可视化
2025-04-18 14:08:30,957 - INFO - 正在为时间段 2603-2668 生成异常图可视化
2025-04-18 14:08:30,957 - DEBUG - 创建包含 19 个节点的图结构
2025-04-18 14:08:30,958 - DEBUG - 边统计: 正常边 212 条, 异常边 60 条
2025-04-18 14:08:31,012 - DEBUG - 正在保存可视化结果到 ./visual/omi/neighbor_all/mean_ratio/omi-9/seg_3_2603_2668.png
2025-04-18 14:08:31,224 - INFO - 成功保存时间段 2603-2668 的可视化结果
2025-04-18 14:08:31,225 - INFO - 
正在处理时间段 5/8: 2918-2958
2025-04-18 14:08:31,225 - INFO - 该时间段的真实异常节点: {1, 2, 5, 6, 8, 17, 18, 19}
2025-04-18 14:08:31,225 - INFO - 正在计算异常分数...
2025-04-18 14:08:31,251 - INFO - 检测到的异常节点: {1, 4, 5, 6, 7, 8, 9, 10, 11, 12, 13, 14, 15, 16, 17, 18, 19}
2025-04-18 14:08:31,251 - INFO - 正在为时间段 2918-2958 生成可视化
2025-04-18 14:08:31,251 - INFO - 正在为时间段 2918-2958 生成异常图可视化
2025-04-18 14:08:31,251 - DEBUG - 创建包含 19 个节点的图结构
2025-04-18 14:08:31,252 - DEBUG - 边统计: 正常边 200 条, 异常边 72 条
2025-04-18 14:08:31,306 - DEBUG - 正在保存可视化结果到 ./visual/omi/neighbor_all/mean_ratio/omi-9/seg_4_2918_2958.png
2025-04-18 14:08:31,518 - INFO - 成功保存时间段 2918-2958 的可视化结果
2025-04-18 14:08:31,518 - INFO - 
正在处理时间段 6/8: 3170-3245
2025-04-18 14:08:31,518 - INFO - 该时间段的真实异常节点: {1, 2, 6, 8, 17, 18, 19}
2025-04-18 14:08:31,518 - INFO - 正在计算异常分数...
2025-04-18 14:08:31,566 - INFO - 检测到的异常节点: {1, 4, 5, 6, 7, 8, 9, 10, 11, 12, 13, 14, 15, 16, 17, 18, 19}
2025-04-18 14:08:31,566 - INFO - 正在为时间段 3170-3245 生成可视化
2025-04-18 14:08:31,566 - INFO - 正在为时间段 3170-3245 生成异常图可视化
2025-04-18 14:08:31,566 - DEBUG - 创建包含 19 个节点的图结构
2025-04-18 14:08:31,567 - DEBUG - 边统计: 正常边 226 条, 异常边 46 条
2025-04-18 14:08:31,621 - DEBUG - 正在保存可视化结果到 ./visual/omi/neighbor_all/mean_ratio/omi-9/seg_5_3170_3245.png
2025-04-18 14:08:31,831 - INFO - 成功保存时间段 3170-3245 的可视化结果
2025-04-18 14:08:31,831 - INFO - 
正在处理时间段 7/8: 3508-3528
2025-04-18 14:08:31,831 - INFO - 该时间段的真实异常节点: {8, 2, 19, 6}
2025-04-18 14:08:31,831 - INFO - 正在计算异常分数...
2025-04-18 14:08:31,844 - INFO - 检测到的异常节点: {1, 4, 5, 6, 7, 8, 9, 10, 11, 12, 13, 14, 15, 16, 17, 18, 19}
2025-04-18 14:08:31,844 - INFO - 正在为时间段 3508-3528 生成可视化
2025-04-18 14:08:31,844 - INFO - 正在为时间段 3508-3528 生成异常图可视化
2025-04-18 14:08:31,844 - DEBUG - 创建包含 19 个节点的图结构
2025-04-18 14:08:31,845 - DEBUG - 边统计: 正常边 208 条, 异常边 64 条
2025-04-18 14:08:31,900 - DEBUG - 正在保存可视化结果到 ./visual/omi/neighbor_all/mean_ratio/omi-9/seg_6_3508_3528.png
2025-04-18 14:08:32,110 - INFO - 成功保存时间段 3508-3528 的可视化结果
2025-04-18 14:08:32,110 - INFO - 
正在处理时间段 8/8: 4064-4108
2025-04-18 14:08:32,110 - INFO - 该时间段的真实异常节点: {1, 2, 6, 7, 8, 9, 17, 18, 19}
2025-04-18 14:08:32,110 - INFO - 正在计算异常分数...
2025-04-18 14:08:32,139 - INFO - 检测到的异常节点: {1, 4, 5, 6, 7, 8, 9, 10, 11, 12, 13, 14, 15, 16, 17, 18, 19}
2025-04-18 14:08:32,139 - INFO - 正在为时间段 4064-4108 生成可视化
2025-04-18 14:08:32,139 - INFO - 正在为时间段 4064-4108 生成异常图可视化
2025-04-18 14:08:32,139 - DEBUG - 创建包含 19 个节点的图结构
2025-04-18 14:08:32,140 - DEBUG - 边统计: 正常边 190 条, 异常边 82 条
2025-04-18 14:08:32,197 - DEBUG - 正在保存可视化结果到 ./visual/omi/neighbor_all/mean_ratio/omi-9/seg_7_4064_4108.png
2025-04-18 14:08:32,408 - INFO - 成功保存时间段 4064-4108 的可视化结果
2025-04-18 14:08:32,408 - INFO - 正在从 ./visual/omi/neighbor_all/mean_ratio/omi-9 中的图像创建GIF
2025-04-18 14:08:32,894 - INFO - GIF已保存到 ./visual/omi/neighbor_all/mean_ratio/omi-9/omi-9.gif
2025-04-18 14:08:32,894 - INFO - 可视化结果生成完成！
2025-04-18 14:08:32,894 - INFO - 
==================================================
2025-04-18 14:08:32,894 - INFO - 程序运行总耗时: 0:01:48.571335 

