2025-05-07 12:01:24,921 - INFO - 
 Starting experiment with config: ExperimentConfig(dataset='omi', window_size=5, score_thresholds=array([0. , 0.5, 1. , 1.5, 2. , 2.5, 3. , 3.5, 4. , 4.5, 5. , 5.5, 6. ,
       6.5, 7. ]), topk_range=range(1, 10), corr_threshold_range=array([0. , 0. , 0.1, 0.2, 0.2, 0.2, 0.3, 0.4, 0.4, 0.4, 0.5, 0.6, 0.6,
       0.6]), neighbor_selection='all', score_modes=['mean_ratio'], data_dir='./data/processed', label_dir='./data/interpretation_label', log_dir='./log/omi/neighbor_all', visual_dir='./visual/omi/neighbor_all', num_workers=36, gif_duration=500)
2025-05-07 12:01:24,922 - INFO - 当前评分模式: ['mean_ratio']
2025-05-07 12:01:24,922 - INFO - 
==================================================
2025-05-07 12:01:24,922 - INFO - 开始执行网格搜索...
2025-05-07 12:01:24,923 - INFO - [omi-12] Starting grid search...
2025-05-07 12:01:27,528 - INFO - [omi-12.txt] mode=mean_ratio, all=None, threshold=0.0, P=0.6129, R=0.9500, F1=0.7451
2025-05-07 12:01:27,610 - INFO - [omi-12.txt] mode=mean_ratio, all=None, threshold=0.5, P=0.6129, R=0.9500, F1=0.7451
2025-05-07 12:01:27,610 - INFO - [omi-12.txt] mode=mean_ratio, all=None, threshold=1.0, P=0.6230, R=0.9500, F1=0.7525
2025-05-07 12:01:27,610 - INFO - [omi-12.txt] mode=mean_ratio, all=None, threshold=1.5, P=0.6230, R=0.9500, F1=0.7525
2025-05-07 12:01:27,634 - INFO - [omi-12.txt] mode=mean_ratio, all=None, threshold=2.0, P=0.6333, R=0.9500, F1=0.7600
2025-05-07 12:01:27,635 - INFO - [omi-12.txt] mode=mean_ratio, all=None, threshold=2.5, P=0.6333, R=0.9500, F1=0.7600
2025-05-07 12:01:27,662 - INFO - [omi-12.txt] mode=mean_ratio, all=None, threshold=3.0, P=0.6333, R=0.9500, F1=0.7600
2025-05-07 12:01:27,662 - INFO - [omi-12.txt] mode=mean_ratio, all=None, threshold=3.5, P=0.6552, R=0.9500, F1=0.7755
2025-05-07 12:01:27,663 - INFO - [omi-12.txt] mode=mean_ratio, all=None, threshold=4.0, P=0.6552, R=0.9500, F1=0.7755
2025-05-07 12:01:27,663 - INFO - [omi-12.txt] mode=mean_ratio, all=None, threshold=4.5, P=0.6552, R=0.9500, F1=0.7755
2025-05-07 12:01:27,663 - INFO - [omi-12.txt] mode=mean_ratio, all=None, threshold=5.0, P=0.6552, R=0.9500, F1=0.7755
2025-05-07 12:01:27,663 - INFO - [omi-12.txt] mode=mean_ratio, all=None, threshold=5.5, P=0.6552, R=0.9500, F1=0.7755
2025-05-07 12:01:27,663 - INFO - [omi-12.txt] mode=mean_ratio, all=None, threshold=6.0, P=0.6552, R=0.9500, F1=0.7755
2025-05-07 12:01:27,663 - INFO - [omi-12.txt] mode=mean_ratio, all=None, threshold=6.5, P=0.6552, R=0.9500, F1=0.7755
2025-05-07 12:01:27,663 - INFO - [omi-12.txt] mode=mean_ratio, all=None, threshold=7.0, P=0.6552, R=0.9500, F1=0.7755
2025-05-07 12:01:27,707 - INFO - [omi-1] Starting grid search...
2025-05-07 12:01:31,182 - INFO - [omi-1.txt] mode=mean_ratio, all=None, threshold=0.0, P=0.7395, R=0.9888, F1=0.8462
2025-05-07 12:01:31,195 - INFO - [omi-1.txt] mode=mean_ratio, all=None, threshold=0.5, P=0.7373, R=0.9775, F1=0.8406
2025-05-07 12:01:31,233 - INFO - [omi-1.txt] mode=mean_ratio, all=None, threshold=1.0, P=0.7373, R=0.9775, F1=0.8406
2025-05-07 12:01:31,374 - INFO - [omi-1.txt] mode=mean_ratio, all=None, threshold=1.5, P=0.7373, R=0.9775, F1=0.8406
2025-05-07 12:01:31,374 - INFO - [omi-1.txt] mode=mean_ratio, all=None, threshold=2.0, P=0.7373, R=0.9775, F1=0.8406
2025-05-07 12:01:31,374 - INFO - [omi-1.txt] mode=mean_ratio, all=None, threshold=2.5, P=0.7373, R=0.9775, F1=0.8406
2025-05-07 12:01:31,375 - INFO - [omi-1.txt] mode=mean_ratio, all=None, threshold=3.0, P=0.7281, R=0.9326, F1=0.8177
2025-05-07 12:01:31,375 - INFO - [omi-1.txt] mode=mean_ratio, all=None, threshold=3.5, P=0.7207, R=0.8989, F1=0.8000
2025-05-07 12:01:31,375 - INFO - [omi-1.txt] mode=mean_ratio, all=None, threshold=4.0, P=0.7207, R=0.8989, F1=0.8000
2025-05-07 12:01:31,375 - INFO - [omi-1.txt] mode=mean_ratio, all=None, threshold=4.5, P=0.7207, R=0.8989, F1=0.8000
2025-05-07 12:01:31,375 - INFO - [omi-1.txt] mode=mean_ratio, all=None, threshold=5.0, P=0.7207, R=0.8989, F1=0.8000
2025-05-07 12:01:31,375 - INFO - [omi-1.txt] mode=mean_ratio, all=None, threshold=5.5, P=0.7207, R=0.8989, F1=0.8000
2025-05-07 12:01:31,375 - INFO - [omi-1.txt] mode=mean_ratio, all=None, threshold=6.0, P=0.7207, R=0.8989, F1=0.8000
2025-05-07 12:01:31,375 - INFO - [omi-1.txt] mode=mean_ratio, all=None, threshold=6.5, P=0.7207, R=0.8989, F1=0.8000
2025-05-07 12:01:31,375 - INFO - [omi-1.txt] mode=mean_ratio, all=None, threshold=7.0, P=0.7207, R=0.8989, F1=0.8000
2025-05-07 12:01:31,421 - INFO - [omi-5] Starting grid search...
2025-05-07 12:01:35,105 - INFO - [omi-5.txt] mode=mean_ratio, all=None, threshold=0.0, P=0.4757, R=1.0000, F1=0.6447
2025-05-07 12:01:35,107 - INFO - [omi-5.txt] mode=mean_ratio, all=None, threshold=0.5, P=0.4706, R=0.9796, F1=0.6358
2025-05-07 12:01:35,107 - INFO - [omi-5.txt] mode=mean_ratio, all=None, threshold=1.0, P=0.4706, R=0.9796, F1=0.6358
2025-05-07 12:01:35,107 - INFO - [omi-5.txt] mode=mean_ratio, all=None, threshold=1.5, P=0.4706, R=0.9796, F1=0.6358
2025-05-07 12:01:35,107 - INFO - [omi-5.txt] mode=mean_ratio, all=None, threshold=2.0, P=0.4706, R=0.9796, F1=0.6358
2025-05-07 12:01:35,107 - INFO - [omi-5.txt] mode=mean_ratio, all=None, threshold=2.5, P=0.4706, R=0.9796, F1=0.6358
2025-05-07 12:01:35,107 - INFO - [omi-5.txt] mode=mean_ratio, all=None, threshold=3.0, P=0.4706, R=0.9796, F1=0.6358
2025-05-07 12:01:35,107 - INFO - [omi-5.txt] mode=mean_ratio, all=None, threshold=3.5, P=0.4653, R=0.9592, F1=0.6267
2025-05-07 12:01:35,107 - INFO - [omi-5.txt] mode=mean_ratio, all=None, threshold=4.0, P=0.4653, R=0.9592, F1=0.6267
2025-05-07 12:01:35,213 - INFO - [omi-5.txt] mode=mean_ratio, all=None, threshold=4.5, P=0.4700, R=0.9592, F1=0.6309
2025-05-07 12:01:35,214 - INFO - [omi-5.txt] mode=mean_ratio, all=None, threshold=5.0, P=0.4646, R=0.9388, F1=0.6216
2025-05-07 12:01:35,423 - INFO - [omi-5.txt] mode=mean_ratio, all=None, threshold=5.5, P=0.4639, R=0.9184, F1=0.6164
2025-05-07 12:01:35,423 - INFO - [omi-5.txt] mode=mean_ratio, all=None, threshold=6.0, P=0.4583, R=0.8980, F1=0.6069
2025-05-07 12:01:35,424 - INFO - [omi-5.txt] mode=mean_ratio, all=None, threshold=6.5, P=0.4583, R=0.8980, F1=0.6069
2025-05-07 12:01:35,424 - INFO - [omi-5.txt] mode=mean_ratio, all=None, threshold=7.0, P=0.4583, R=0.8980, F1=0.6069
2025-05-07 12:01:35,477 - INFO - [omi-6] Starting grid search...
2025-05-07 12:01:39,023 - INFO - [omi-6.txt] mode=mean_ratio, all=None, threshold=0.0, P=0.2606, R=0.9773, F1=0.4115
2025-05-07 12:01:39,025 - INFO - [omi-6.txt] mode=mean_ratio, all=None, threshold=0.5, P=0.2606, R=0.9773, F1=0.4115
2025-05-07 12:01:39,025 - INFO - [omi-6.txt] mode=mean_ratio, all=None, threshold=1.0, P=0.2606, R=0.9773, F1=0.4115
2025-05-07 12:01:39,025 - INFO - [omi-6.txt] mode=mean_ratio, all=None, threshold=1.5, P=0.2606, R=0.9773, F1=0.4115
2025-05-07 12:01:39,025 - INFO - [omi-6.txt] mode=mean_ratio, all=None, threshold=2.0, P=0.2606, R=0.9773, F1=0.4115
2025-05-07 12:01:39,025 - INFO - [omi-6.txt] mode=mean_ratio, all=None, threshold=2.5, P=0.2606, R=0.9773, F1=0.4115
2025-05-07 12:01:39,025 - INFO - [omi-6.txt] mode=mean_ratio, all=None, threshold=3.0, P=0.2606, R=0.9773, F1=0.4115
2025-05-07 12:01:39,025 - INFO - [omi-6.txt] mode=mean_ratio, all=None, threshold=3.5, P=0.2606, R=0.9773, F1=0.4115
2025-05-07 12:01:39,039 - INFO - [omi-6.txt] mode=mean_ratio, all=None, threshold=4.0, P=0.2606, R=0.9773, F1=0.4115
2025-05-07 12:01:39,049 - INFO - [omi-6.txt] mode=mean_ratio, all=None, threshold=4.5, P=0.2606, R=0.9773, F1=0.4115
2025-05-07 12:01:39,049 - INFO - [omi-6.txt] mode=mean_ratio, all=None, threshold=5.0, P=0.2606, R=0.9773, F1=0.4115
2025-05-07 12:01:39,049 - INFO - [omi-6.txt] mode=mean_ratio, all=None, threshold=5.5, P=0.2606, R=0.9773, F1=0.4115
2025-05-07 12:01:39,050 - INFO - [omi-6.txt] mode=mean_ratio, all=None, threshold=6.0, P=0.2606, R=0.9773, F1=0.4115
2025-05-07 12:01:39,050 - INFO - [omi-6.txt] mode=mean_ratio, all=None, threshold=6.5, P=0.2606, R=0.9773, F1=0.4115
2025-05-07 12:01:39,063 - INFO - [omi-6.txt] mode=mean_ratio, all=None, threshold=7.0, P=0.2606, R=0.9773, F1=0.4115
2025-05-07 12:01:39,114 - INFO - [omi-7] Starting grid search...
2025-05-07 12:01:42,341 - INFO - [omi-7.txt] mode=mean_ratio, all=None, threshold=0.0, P=0.9048, R=0.9744, F1=0.9383
2025-05-07 12:01:42,390 - INFO - [omi-7.txt] mode=mean_ratio, all=None, threshold=0.5, P=0.9048, R=0.9744, F1=0.9383
2025-05-07 12:01:42,390 - INFO - [omi-7.txt] mode=mean_ratio, all=None, threshold=1.0, P=0.9048, R=0.9744, F1=0.9383
2025-05-07 12:01:42,396 - INFO - [omi-7.txt] mode=mean_ratio, all=None, threshold=1.5, P=0.9048, R=0.9744, F1=0.9383
2025-05-07 12:01:42,397 - INFO - [omi-7.txt] mode=mean_ratio, all=None, threshold=2.0, P=0.9048, R=0.9744, F1=0.9383
2025-05-07 12:01:42,397 - INFO - [omi-7.txt] mode=mean_ratio, all=None, threshold=2.5, P=0.9048, R=0.9744, F1=0.9383
2025-05-07 12:01:42,405 - INFO - [omi-7.txt] mode=mean_ratio, all=None, threshold=3.0, P=0.9048, R=0.9744, F1=0.9383
2025-05-07 12:01:42,406 - INFO - [omi-7.txt] mode=mean_ratio, all=None, threshold=3.5, P=0.9048, R=0.9744, F1=0.9383
2025-05-07 12:01:42,406 - INFO - [omi-7.txt] mode=mean_ratio, all=None, threshold=4.0, P=0.9048, R=0.9744, F1=0.9383
2025-05-07 12:01:42,406 - INFO - [omi-7.txt] mode=mean_ratio, all=None, threshold=4.5, P=0.9048, R=0.9744, F1=0.9383
2025-05-07 12:01:42,409 - INFO - [omi-7.txt] mode=mean_ratio, all=None, threshold=5.0, P=0.9048, R=0.9744, F1=0.9383
2025-05-07 12:01:42,409 - INFO - [omi-7.txt] mode=mean_ratio, all=None, threshold=5.5, P=0.9048, R=0.9744, F1=0.9383
2025-05-07 12:01:42,410 - INFO - [omi-7.txt] mode=mean_ratio, all=None, threshold=6.0, P=0.9048, R=0.9744, F1=0.9383
2025-05-07 12:01:42,410 - INFO - [omi-7.txt] mode=mean_ratio, all=None, threshold=6.5, P=0.9048, R=0.9744, F1=0.9383
2025-05-07 12:01:42,480 - INFO - [omi-7.txt] mode=mean_ratio, all=None, threshold=7.0, P=0.9048, R=0.9744, F1=0.9383
2025-05-07 12:01:42,527 - INFO - [omi-9] Starting grid search...
2025-05-07 12:01:45,907 - INFO - [omi-9.txt] mode=mean_ratio, all=None, threshold=0.0, P=0.4962, R=0.9155, F1=0.6436
2025-05-07 12:01:45,908 - INFO - [omi-9.txt] mode=mean_ratio, all=None, threshold=0.5, P=0.4962, R=0.9155, F1=0.6436
2025-05-07 12:01:45,908 - INFO - [omi-9.txt] mode=mean_ratio, all=None, threshold=1.0, P=0.4962, R=0.9155, F1=0.6436
2025-05-07 12:01:45,909 - INFO - [omi-9.txt] mode=mean_ratio, all=None, threshold=1.5, P=0.4962, R=0.9155, F1=0.6436
2025-05-07 12:01:45,909 - INFO - [omi-9.txt] mode=mean_ratio, all=None, threshold=2.0, P=0.4962, R=0.9155, F1=0.6436
2025-05-07 12:01:45,909 - INFO - [omi-9.txt] mode=mean_ratio, all=None, threshold=2.5, P=0.4962, R=0.9155, F1=0.6436
2025-05-07 12:01:45,909 - INFO - [omi-9.txt] mode=mean_ratio, all=None, threshold=3.0, P=0.4962, R=0.9155, F1=0.6436
2025-05-07 12:01:45,909 - INFO - [omi-9.txt] mode=mean_ratio, all=None, threshold=3.5, P=0.4962, R=0.9155, F1=0.6436
2025-05-07 12:01:45,909 - INFO - [omi-9.txt] mode=mean_ratio, all=None, threshold=4.0, P=0.4962, R=0.9155, F1=0.6436
2025-05-07 12:01:45,909 - INFO - [omi-9.txt] mode=mean_ratio, all=None, threshold=4.5, P=0.4962, R=0.9155, F1=0.6436
2025-05-07 12:01:45,909 - INFO - [omi-9.txt] mode=mean_ratio, all=None, threshold=5.0, P=0.4962, R=0.9155, F1=0.6436
2025-05-07 12:01:45,909 - INFO - [omi-9.txt] mode=mean_ratio, all=None, threshold=5.5, P=0.4962, R=0.9155, F1=0.6436
2025-05-07 12:01:45,909 - INFO - [omi-9.txt] mode=mean_ratio, all=None, threshold=6.0, P=0.4962, R=0.9155, F1=0.6436
2025-05-07 12:01:45,909 - INFO - [omi-9.txt] mode=mean_ratio, all=None, threshold=6.5, P=0.4962, R=0.9155, F1=0.6436
2025-05-07 12:01:45,910 - INFO - [omi-9.txt] mode=mean_ratio, all=None, threshold=7.0, P=0.4962, R=0.9155, F1=0.6436
2025-05-07 12:01:45,954 - INFO - [omi-8] Starting grid search...
2025-05-07 12:01:49,308 - INFO - [omi-8.txt] mode=mean_ratio, all=None, threshold=0.0, P=0.3580, R=0.9355, F1=0.5179
2025-05-07 12:01:49,309 - INFO - [omi-8.txt] mode=mean_ratio, all=None, threshold=0.5, P=0.3580, R=0.9355, F1=0.5179
2025-05-07 12:01:49,309 - INFO - [omi-8.txt] mode=mean_ratio, all=None, threshold=1.0, P=0.3580, R=0.9355, F1=0.5179
2025-05-07 12:01:49,309 - INFO - [omi-8.txt] mode=mean_ratio, all=None, threshold=1.5, P=0.3580, R=0.9355, F1=0.5179
2025-05-07 12:01:49,309 - INFO - [omi-8.txt] mode=mean_ratio, all=None, threshold=2.0, P=0.3580, R=0.9355, F1=0.5179
2025-05-07 12:01:49,309 - INFO - [omi-8.txt] mode=mean_ratio, all=None, threshold=2.5, P=0.3580, R=0.9355, F1=0.5179
2025-05-07 12:01:49,310 - INFO - [omi-8.txt] mode=mean_ratio, all=None, threshold=3.0, P=0.3580, R=0.9355, F1=0.5179
2025-05-07 12:01:49,310 - INFO - [omi-8.txt] mode=mean_ratio, all=None, threshold=3.5, P=0.3580, R=0.9355, F1=0.5179
2025-05-07 12:01:49,310 - INFO - [omi-8.txt] mode=mean_ratio, all=None, threshold=4.0, P=0.3580, R=0.9355, F1=0.5179
2025-05-07 12:01:49,310 - INFO - [omi-8.txt] mode=mean_ratio, all=None, threshold=4.5, P=0.3580, R=0.9355, F1=0.5179
2025-05-07 12:01:49,310 - INFO - [omi-8.txt] mode=mean_ratio, all=None, threshold=5.0, P=0.3580, R=0.9355, F1=0.5179
2025-05-07 12:01:49,310 - INFO - [omi-8.txt] mode=mean_ratio, all=None, threshold=5.5, P=0.3580, R=0.9355, F1=0.5179
2025-05-07 12:01:49,311 - INFO - [omi-8.txt] mode=mean_ratio, all=None, threshold=6.0, P=0.3580, R=0.9355, F1=0.5179
2025-05-07 12:01:49,311 - INFO - [omi-8.txt] mode=mean_ratio, all=None, threshold=6.5, P=0.3580, R=0.9355, F1=0.5179
2025-05-07 12:01:49,319 - INFO - [omi-8.txt] mode=mean_ratio, all=None, threshold=7.0, P=0.3580, R=0.9355, F1=0.5179
2025-05-07 12:01:49,368 - INFO - [omi-2] Starting grid search...
2025-05-07 12:01:52,861 - INFO - [omi-2.txt] mode=mean_ratio, all=None, threshold=0.0, P=0.4559, R=1.0000, F1=0.6263
2025-05-07 12:01:52,862 - INFO - [omi-2.txt] mode=mean_ratio, all=None, threshold=0.5, P=0.4559, R=1.0000, F1=0.6263
2025-05-07 12:01:52,862 - INFO - [omi-2.txt] mode=mean_ratio, all=None, threshold=1.0, P=0.4559, R=1.0000, F1=0.6263
2025-05-07 12:01:52,862 - INFO - [omi-2.txt] mode=mean_ratio, all=None, threshold=1.5, P=0.4559, R=1.0000, F1=0.6263
2025-05-07 12:01:52,863 - INFO - [omi-2.txt] mode=mean_ratio, all=None, threshold=2.0, P=0.4559, R=1.0000, F1=0.6263
2025-05-07 12:01:52,863 - INFO - [omi-2.txt] mode=mean_ratio, all=None, threshold=2.5, P=0.4559, R=1.0000, F1=0.6263
2025-05-07 12:01:52,863 - INFO - [omi-2.txt] mode=mean_ratio, all=None, threshold=3.0, P=0.4559, R=1.0000, F1=0.6263
2025-05-07 12:01:52,863 - INFO - [omi-2.txt] mode=mean_ratio, all=None, threshold=3.5, P=0.4559, R=1.0000, F1=0.6263
2025-05-07 12:01:52,863 - INFO - [omi-2.txt] mode=mean_ratio, all=None, threshold=4.0, P=0.4559, R=1.0000, F1=0.6263
2025-05-07 12:01:52,863 - INFO - [omi-2.txt] mode=mean_ratio, all=None, threshold=4.5, P=0.4559, R=1.0000, F1=0.6263
2025-05-07 12:01:52,863 - INFO - [omi-2.txt] mode=mean_ratio, all=None, threshold=5.0, P=0.4559, R=1.0000, F1=0.6263
2025-05-07 12:01:52,863 - INFO - [omi-2.txt] mode=mean_ratio, all=None, threshold=5.5, P=0.4559, R=1.0000, F1=0.6263
2025-05-07 12:01:52,864 - INFO - [omi-2.txt] mode=mean_ratio, all=None, threshold=6.0, P=0.4559, R=1.0000, F1=0.6263
2025-05-07 12:01:52,864 - INFO - [omi-2.txt] mode=mean_ratio, all=None, threshold=6.5, P=0.4559, R=1.0000, F1=0.6263
2025-05-07 12:01:52,864 - INFO - [omi-2.txt] mode=mean_ratio, all=None, threshold=7.0, P=0.4559, R=1.0000, F1=0.6263
2025-05-07 12:01:52,913 - INFO - [omi-11] Starting grid search...
2025-05-07 12:01:56,425 - INFO - [omi-11.txt] mode=mean_ratio, all=None, threshold=0.0, P=0.3434, R=0.9828, F1=0.5089
2025-05-07 12:01:56,436 - INFO - [omi-11.txt] mode=mean_ratio, all=None, threshold=0.5, P=0.3434, R=0.9828, F1=0.5089
2025-05-07 12:01:56,444 - INFO - [omi-11.txt] mode=mean_ratio, all=None, threshold=1.0, P=0.3434, R=0.9828, F1=0.5089
2025-05-07 12:01:56,667 - INFO - [omi-11.txt] mode=mean_ratio, all=None, threshold=1.5, P=0.3434, R=0.9828, F1=0.5089
2025-05-07 12:01:56,668 - INFO - [omi-11.txt] mode=mean_ratio, all=None, threshold=2.0, P=0.3434, R=0.9828, F1=0.5089
2025-05-07 12:01:56,668 - INFO - [omi-11.txt] mode=mean_ratio, all=None, threshold=2.5, P=0.3434, R=0.9828, F1=0.5089
2025-05-07 12:01:56,668 - INFO - [omi-11.txt] mode=mean_ratio, all=None, threshold=3.0, P=0.3434, R=0.9828, F1=0.5089
2025-05-07 12:01:56,668 - INFO - [omi-11.txt] mode=mean_ratio, all=None, threshold=3.5, P=0.3434, R=0.9828, F1=0.5089
2025-05-07 12:01:56,831 - INFO - [omi-11.txt] mode=mean_ratio, all=None, threshold=4.0, P=0.3434, R=0.9828, F1=0.5089
2025-05-07 12:01:56,832 - INFO - [omi-11.txt] mode=mean_ratio, all=None, threshold=4.5, P=0.3434, R=0.9828, F1=0.5089
2025-05-07 12:01:56,832 - INFO - [omi-11.txt] mode=mean_ratio, all=None, threshold=5.0, P=0.3434, R=0.9828, F1=0.5089
2025-05-07 12:01:56,832 - INFO - [omi-11.txt] mode=mean_ratio, all=None, threshold=5.5, P=0.3434, R=0.9828, F1=0.5089
2025-05-07 12:01:56,832 - INFO - [omi-11.txt] mode=mean_ratio, all=None, threshold=6.0, P=0.3434, R=0.9828, F1=0.5089
2025-05-07 12:01:56,832 - INFO - [omi-11.txt] mode=mean_ratio, all=None, threshold=6.5, P=0.3434, R=0.9828, F1=0.5089
2025-05-07 12:01:56,832 - INFO - [omi-11.txt] mode=mean_ratio, all=None, threshold=7.0, P=0.3434, R=0.9828, F1=0.5089
2025-05-07 12:01:56,880 - INFO - [omi-10] Starting grid search...
2025-05-07 12:02:00,506 - INFO - [omi-10.txt] mode=mean_ratio, all=None, threshold=0.0, P=0.4688, R=0.9836, F1=0.6349
2025-05-07 12:02:00,528 - INFO - [omi-10.txt] mode=mean_ratio, all=None, threshold=0.5, P=0.4688, R=0.9836, F1=0.6349
2025-05-07 12:02:00,528 - INFO - [omi-10.txt] mode=mean_ratio, all=None, threshold=1.0, P=0.4688, R=0.9836, F1=0.6349
2025-05-07 12:02:00,528 - INFO - [omi-10.txt] mode=mean_ratio, all=None, threshold=1.5, P=0.4688, R=0.9836, F1=0.6349
2025-05-07 12:02:00,626 - INFO - [omi-10.txt] mode=mean_ratio, all=None, threshold=2.0, P=0.4688, R=0.9836, F1=0.6349
2025-05-07 12:02:00,627 - INFO - [omi-10.txt] mode=mean_ratio, all=None, threshold=2.5, P=0.4688, R=0.9836, F1=0.6349
2025-05-07 12:02:00,724 - INFO - [omi-10.txt] mode=mean_ratio, all=None, threshold=3.0, P=0.4688, R=0.9836, F1=0.6349
2025-05-07 12:02:00,725 - INFO - [omi-10.txt] mode=mean_ratio, all=None, threshold=3.5, P=0.4688, R=0.9836, F1=0.6349
2025-05-07 12:02:00,725 - INFO - [omi-10.txt] mode=mean_ratio, all=None, threshold=4.0, P=0.4688, R=0.9836, F1=0.6349
2025-05-07 12:02:00,725 - INFO - [omi-10.txt] mode=mean_ratio, all=None, threshold=4.5, P=0.4688, R=0.9836, F1=0.6349
2025-05-07 12:02:00,725 - INFO - [omi-10.txt] mode=mean_ratio, all=None, threshold=5.0, P=0.4688, R=0.9836, F1=0.6349
2025-05-07 12:02:00,725 - INFO - [omi-10.txt] mode=mean_ratio, all=None, threshold=5.5, P=0.4688, R=0.9836, F1=0.6349
2025-05-07 12:02:00,725 - INFO - [omi-10.txt] mode=mean_ratio, all=None, threshold=6.0, P=0.4688, R=0.9836, F1=0.6349
2025-05-07 12:02:00,725 - INFO - [omi-10.txt] mode=mean_ratio, all=None, threshold=6.5, P=0.4688, R=0.9836, F1=0.6349
2025-05-07 12:02:00,725 - INFO - [omi-10.txt] mode=mean_ratio, all=None, threshold=7.0, P=0.4688, R=0.9836, F1=0.6349
2025-05-07 12:02:00,773 - INFO - [omi-4] Starting grid search...
2025-05-07 12:02:04,234 - INFO - [omi-4.txt] mode=mean_ratio, all=None, threshold=0.0, P=0.8250, R=0.9851, F1=0.8980
2025-05-07 12:02:04,235 - INFO - [omi-4.txt] mode=mean_ratio, all=None, threshold=0.5, P=0.8250, R=0.9851, F1=0.8980
2025-05-07 12:02:04,242 - INFO - [omi-4.txt] mode=mean_ratio, all=None, threshold=1.0, P=0.8250, R=0.9851, F1=0.8980
2025-05-07 12:02:04,242 - INFO - [omi-4.txt] mode=mean_ratio, all=None, threshold=1.5, P=0.8250, R=0.9851, F1=0.8980
2025-05-07 12:02:04,254 - INFO - [omi-4.txt] mode=mean_ratio, all=None, threshold=2.0, P=0.8250, R=0.9851, F1=0.8980
2025-05-07 12:02:04,255 - INFO - [omi-4.txt] mode=mean_ratio, all=None, threshold=2.5, P=0.8250, R=0.9851, F1=0.8980
2025-05-07 12:02:04,260 - INFO - [omi-4.txt] mode=mean_ratio, all=None, threshold=3.0, P=0.8250, R=0.9851, F1=0.8980
2025-05-07 12:02:04,263 - INFO - [omi-4.txt] mode=mean_ratio, all=None, threshold=3.5, P=0.8250, R=0.9851, F1=0.8980
2025-05-07 12:02:04,291 - INFO - [omi-4.txt] mode=mean_ratio, all=None, threshold=4.0, P=0.8250, R=0.9851, F1=0.8980
2025-05-07 12:02:04,291 - INFO - [omi-4.txt] mode=mean_ratio, all=None, threshold=4.5, P=0.8250, R=0.9851, F1=0.8980
2025-05-07 12:02:04,383 - INFO - [omi-4.txt] mode=mean_ratio, all=None, threshold=5.0, P=0.8250, R=0.9851, F1=0.8980
2025-05-07 12:02:04,384 - INFO - [omi-4.txt] mode=mean_ratio, all=None, threshold=5.5, P=0.8250, R=0.9851, F1=0.8980
2025-05-07 12:02:04,384 - INFO - [omi-4.txt] mode=mean_ratio, all=None, threshold=6.0, P=0.8250, R=0.9851, F1=0.8980
2025-05-07 12:02:04,384 - INFO - [omi-4.txt] mode=mean_ratio, all=None, threshold=6.5, P=0.8250, R=0.9851, F1=0.8980
2025-05-07 12:02:04,385 - INFO - [omi-4.txt] mode=mean_ratio, all=None, threshold=7.0, P=0.8250, R=0.9851, F1=0.8980
2025-05-07 12:02:04,432 - INFO - [omi-3] Starting grid search...
2025-05-07 12:02:07,858 - INFO - [omi-3.txt] mode=mean_ratio, all=None, threshold=0.0, P=0.8025, R=0.8333, F1=0.8176
2025-05-07 12:02:07,880 - INFO - [omi-3.txt] mode=mean_ratio, all=None, threshold=0.5, P=0.8025, R=0.8333, F1=0.8176
2025-05-07 12:02:07,886 - INFO - [omi-3.txt] mode=mean_ratio, all=None, threshold=1.0, P=0.8025, R=0.8333, F1=0.8176
2025-05-07 12:02:07,886 - INFO - [omi-3.txt] mode=mean_ratio, all=None, threshold=1.5, P=0.8025, R=0.8333, F1=0.8176
2025-05-07 12:02:07,886 - INFO - [omi-3.txt] mode=mean_ratio, all=None, threshold=2.0, P=0.8025, R=0.8333, F1=0.8176
2025-05-07 12:02:07,886 - INFO - [omi-3.txt] mode=mean_ratio, all=None, threshold=2.5, P=0.8025, R=0.8333, F1=0.8176
2025-05-07 12:02:07,886 - INFO - [omi-3.txt] mode=mean_ratio, all=None, threshold=3.0, P=0.8025, R=0.8333, F1=0.8176
2025-05-07 12:02:07,886 - INFO - [omi-3.txt] mode=mean_ratio, all=None, threshold=3.5, P=0.8025, R=0.8333, F1=0.8176
2025-05-07 12:02:07,898 - INFO - [omi-3.txt] mode=mean_ratio, all=None, threshold=4.0, P=0.8025, R=0.8333, F1=0.8176
2025-05-07 12:02:07,898 - INFO - [omi-3.txt] mode=mean_ratio, all=None, threshold=4.5, P=0.8025, R=0.8333, F1=0.8176
2025-05-07 12:02:07,899 - INFO - [omi-3.txt] mode=mean_ratio, all=None, threshold=5.0, P=0.8025, R=0.8333, F1=0.8176
2025-05-07 12:02:07,899 - INFO - [omi-3.txt] mode=mean_ratio, all=None, threshold=5.5, P=0.8025, R=0.8333, F1=0.8176
2025-05-07 12:02:07,910 - INFO - [omi-3.txt] mode=mean_ratio, all=None, threshold=6.0, P=0.8025, R=0.8333, F1=0.8176
2025-05-07 12:02:08,235 - INFO - [omi-3.txt] mode=mean_ratio, all=None, threshold=6.5, P=0.8025, R=0.8333, F1=0.8176
2025-05-07 12:02:08,236 - INFO - [omi-3.txt] mode=mean_ratio, all=None, threshold=7.0, P=0.8025, R=0.8333, F1=0.8176
2025-05-07 12:02:08,291 - INFO - 
==================================================
2025-05-07 12:02:08,291 - INFO - 开始汇总结果...
2025-05-07 12:02:08,299 - INFO - 
===== Best Results per Dataset =====
   dataset  precision   recall  f1_score  ips_score
 omi-1.txt   0.739496 0.988764  0.846154   0.999093
omi-10.txt   0.468750 0.983607  0.634921   0.993130
omi-11.txt   0.343373 0.982759  0.508929   0.928000
omi-12.txt   0.655172 0.950000  0.775510   0.942235
 omi-2.txt   0.455882 1.000000  0.626263   1.000000
 omi-3.txt   0.802469 0.833333  0.817610   0.972603
 omi-4.txt   0.825000 0.985075  0.897959   0.976821
 omi-5.txt   0.475728 1.000000  0.644737   1.000000
 omi-6.txt   0.260606 0.977273  0.411483   0.986869
 omi-7.txt   0.904762 0.974359  0.938272   0.972279
 omi-8.txt   0.358025 0.935484  0.517857   0.909574
 omi-9.txt   0.496183 0.915493  0.643564   0.878567
2025-05-07 12:02:08,299 - INFO - 
===== Overall Metrics =====
Precision: 0.5147  Recall: 0.9559  F1: 0.6691  IPS: 0.9606
TP: 629  FP: 593  FN: 29
2025-05-07 12:02:08,300 - INFO - 
【原始汇总指标】
2025-05-07 12:02:08,300 - INFO - 精确率(Precision): 0.5147
2025-05-07 12:02:08,300 - INFO - 召回率(Recall):    0.9559
2025-05-07 12:02:08,300 - INFO - F1值:             0.6691
2025-05-07 12:02:08,300 - INFO - 
==================================================
2025-05-07 12:02:08,300 - INFO - 开始生成可视化结果...
2025-05-07 12:02:08,300 - INFO - 
==================================================
2025-05-07 12:02:08,300 - INFO - 开始数据集可视化: omi-1
2025-05-07 12:02:08,300 - INFO - 使用参数: 评分模式=mean_ratio, all=None, 阈值=0.0
2025-05-07 12:02:08,300 - INFO - ==================================================

2025-05-07 12:02:08,300 - INFO - 正在加载数据集 omi-1 的数据
2025-05-07 12:02:08,301 - INFO - 数据加载成功。训练集形状: (8640, 19), 测试集形状: (4320, 19)
2025-05-07 12:02:08,301 - INFO - 正在计算边缘统计量...
2025-05-07 12:02:10,883 - INFO - 已计算 170 条边的统计量
2025-05-07 12:02:10,883 - INFO - 为每个节点使用所有邻居
2025-05-07 12:02:10,883 - INFO - 可视化结果将保存到: ./visual/omi/neighbor_all/mean_ratio/omi-1
2025-05-07 12:02:10,884 - INFO - 在数据集中发现 7 个异常时间段
2025-05-07 12:02:10,884 - INFO - 
正在处理时间段 1/7: 760-765
2025-05-07 12:02:10,884 - INFO - 该时间段的真实异常节点: {4, 5, 7, 8, 9, 10, 11, 12, 13, 14, 15, 16, 17, 18, 19}
2025-05-07 12:02:10,884 - INFO - 正在计算异常分数...
2025-05-07 12:02:10,886 - INFO - 检测到的异常节点: {1, 4, 7, 8, 9, 10, 11, 12, 13, 14, 15, 16, 17, 18, 19}
2025-05-07 12:02:10,886 - INFO - 正在为时间段 760-765 生成可视化
2025-05-07 12:02:10,886 - INFO - 正在为时间段 760-765 生成异常图可视化
2025-05-07 12:02:10,887 - DEBUG - 创建包含 19 个节点的图结构
2025-05-07 12:02:10,888 - DEBUG - 边统计: 正常边 218 条, 异常边 22 条
2025-05-07 12:02:11,012 - DEBUG - 正在保存可视化结果到 ./visual/omi/neighbor_all/mean_ratio/omi-1/seg_0_760_765.png
2025-05-07 12:02:11,222 - INFO - 成功保存时间段 760-765 的可视化结果
2025-05-07 12:02:11,223 - INFO - 
正在处理时间段 2/7: 1064-1298
2025-05-07 12:02:11,223 - INFO - 该时间段的真实异常节点: {6, 7, 9, 10, 11, 12, 13, 14, 15, 16, 17, 18, 19}
2025-05-07 12:02:11,223 - INFO - 正在计算异常分数...
2025-05-07 12:02:11,353 - INFO - 检测到的异常节点: {1, 3, 4, 5, 6, 7, 8, 9, 10, 11, 12, 13, 14, 15, 16, 17, 18, 19}
2025-05-07 12:02:11,353 - INFO - 正在为时间段 1064-1298 生成可视化
2025-05-07 12:02:11,353 - INFO - 正在为时间段 1064-1298 生成异常图可视化
2025-05-07 12:02:11,353 - DEBUG - 创建包含 19 个节点的图结构
2025-05-07 12:02:11,354 - DEBUG - 边统计: 正常边 284 条, 异常边 22 条
2025-05-07 12:02:11,405 - DEBUG - 正在保存可视化结果到 ./visual/omi/neighbor_all/mean_ratio/omi-1/seg_1_1064_1298.png
2025-05-07 12:02:11,638 - INFO - 成功保存时间段 1064-1298 的可视化结果
2025-05-07 12:02:11,638 - INFO - 
正在处理时间段 3/7: 2758-2772
2025-05-07 12:02:11,638 - INFO - 该时间段的真实异常节点: {5, 6, 7, 8, 9, 10, 11, 12, 13, 14, 15, 16, 17, 18, 19}
2025-05-07 12:02:11,638 - INFO - 正在计算异常分数...
2025-05-07 12:02:11,647 - INFO - 检测到的异常节点: {1, 4, 5, 6, 7, 8, 9, 10, 11, 12, 13, 14, 15, 16, 17, 18, 19}
2025-05-07 12:02:11,647 - INFO - 正在为时间段 2758-2772 生成可视化
2025-05-07 12:02:11,647 - INFO - 正在为时间段 2758-2772 生成异常图可视化
2025-05-07 12:02:11,647 - DEBUG - 创建包含 19 个节点的图结构
2025-05-07 12:02:11,648 - DEBUG - 边统计: 正常边 218 条, 异常边 54 条
2025-05-07 12:02:11,702 - DEBUG - 正在保存可视化结果到 ./visual/omi/neighbor_all/mean_ratio/omi-1/seg_2_2758_2772.png
2025-05-07 12:02:11,912 - INFO - 成功保存时间段 2758-2772 的可视化结果
2025-05-07 12:02:11,912 - INFO - 
正在处理时间段 4/7: 2874-2885
2025-05-07 12:02:11,912 - INFO - 该时间段的真实异常节点: {7, 9, 10, 11, 12, 13, 14, 15, 16, 17, 18}
2025-05-07 12:02:11,912 - INFO - 正在计算异常分数...
2025-05-07 12:02:11,919 - INFO - 检测到的异常节点: {1, 4, 5, 6, 7, 8, 9, 10, 11, 12, 13, 14, 15, 16, 17, 18, 19}
2025-05-07 12:02:11,919 - INFO - 正在为时间段 2874-2885 生成可视化
2025-05-07 12:02:11,919 - INFO - 正在为时间段 2874-2885 生成异常图可视化
2025-05-07 12:02:11,919 - DEBUG - 创建包含 19 个节点的图结构
2025-05-07 12:02:11,920 - DEBUG - 边统计: 正常边 250 条, 异常边 22 条
2025-05-07 12:02:11,975 - DEBUG - 正在保存可视化结果到 ./visual/omi/neighbor_all/mean_ratio/omi-1/seg_3_2874_2885.png
2025-05-07 12:02:12,179 - INFO - 成功保存时间段 2874-2885 的可视化结果
2025-05-07 12:02:12,179 - INFO - 
正在处理时间段 5/7: 3012-3025
2025-05-07 12:02:12,179 - INFO - 该时间段的真实异常节点: {7, 10, 11, 12, 13, 14, 15, 16, 17, 18, 19}
2025-05-07 12:02:12,179 - INFO - 正在计算异常分数...
2025-05-07 12:02:12,186 - INFO - 检测到的异常节点: {1, 4, 5, 6, 7, 8, 9, 10, 11, 12, 13, 14, 15, 16, 17, 18, 19}
2025-05-07 12:02:12,187 - INFO - 正在为时间段 3012-3025 生成可视化
2025-05-07 12:02:12,187 - INFO - 正在为时间段 3012-3025 生成异常图可视化
2025-05-07 12:02:12,187 - DEBUG - 创建包含 19 个节点的图结构
2025-05-07 12:02:12,188 - DEBUG - 边统计: 正常边 232 条, 异常边 40 条
2025-05-07 12:02:12,346 - DEBUG - 正在保存可视化结果到 ./visual/omi/neighbor_all/mean_ratio/omi-1/seg_4_3012_3025.png
2025-05-07 12:02:12,555 - INFO - 成功保存时间段 3012-3025 的可视化结果
2025-05-07 12:02:12,555 - INFO - 
正在处理时间段 6/7: 3160-3305
2025-05-07 12:02:12,555 - INFO - 该时间段的真实异常节点: {8, 9, 10, 11, 12, 13, 14, 15, 16, 17, 18, 19}
2025-05-07 12:02:12,555 - INFO - 正在计算异常分数...
2025-05-07 12:02:12,636 - INFO - 检测到的异常节点: {1, 3, 4, 5, 6, 7, 8, 9, 10, 11, 12, 13, 14, 15, 16, 17, 18, 19}
2025-05-07 12:02:12,637 - INFO - 正在为时间段 3160-3305 生成可视化
2025-05-07 12:02:12,637 - INFO - 正在为时间段 3160-3305 生成异常图可视化
2025-05-07 12:02:12,637 - DEBUG - 创建包含 19 个节点的图结构
2025-05-07 12:02:12,638 - DEBUG - 边统计: 正常边 304 条, 异常边 2 条
2025-05-07 12:02:12,690 - DEBUG - 正在保存可视化结果到 ./visual/omi/neighbor_all/mean_ratio/omi-1/seg_5_3160_3305.png
2025-05-07 12:02:12,920 - INFO - 成功保存时间段 3160-3305 的可视化结果
2025-05-07 12:02:12,921 - INFO - 
正在处理时间段 7/7: 3626-3638
2025-05-07 12:02:12,921 - INFO - 该时间段的真实异常节点: {7, 9, 10, 11, 12, 13, 14, 15, 16, 17, 18, 19}
2025-05-07 12:02:12,921 - INFO - 正在计算异常分数...
2025-05-07 12:02:12,929 - INFO - 检测到的异常节点: {1, 4, 5, 6, 7, 8, 9, 10, 11, 12, 13, 14, 15, 16, 17, 18, 19}
2025-05-07 12:02:12,929 - INFO - 正在为时间段 3626-3638 生成可视化
2025-05-07 12:02:12,929 - INFO - 正在为时间段 3626-3638 生成异常图可视化
2025-05-07 12:02:12,929 - DEBUG - 创建包含 19 个节点的图结构
2025-05-07 12:02:12,930 - DEBUG - 边统计: 正常边 234 条, 异常边 38 条
2025-05-07 12:02:12,986 - DEBUG - 正在保存可视化结果到 ./visual/omi/neighbor_all/mean_ratio/omi-1/seg_6_3626_3638.png
2025-05-07 12:02:13,192 - INFO - 成功保存时间段 3626-3638 的可视化结果
2025-05-07 12:02:13,192 - INFO - 正在从 ./visual/omi/neighbor_all/mean_ratio/omi-1 中的图像创建GIF
2025-05-07 12:02:13,608 - INFO - GIF已保存到 ./visual/omi/neighbor_all/mean_ratio/omi-1/omi-1.gif
2025-05-07 12:02:13,608 - INFO - 
==================================================
2025-05-07 12:02:13,608 - INFO - 开始数据集可视化: omi-10
2025-05-07 12:02:13,608 - INFO - 使用参数: 评分模式=mean_ratio, all=None, 阈值=6.0
2025-05-07 12:02:13,608 - INFO - ==================================================

2025-05-07 12:02:13,608 - INFO - 正在加载数据集 omi-10 的数据
2025-05-07 12:02:13,609 - INFO - 数据加载成功。训练集形状: (8640, 19), 测试集形状: (4320, 19)
2025-05-07 12:02:13,609 - INFO - 正在计算边缘统计量...
2025-05-07 12:02:16,329 - INFO - 已计算 136 条边的统计量
2025-05-07 12:02:16,330 - INFO - 为每个节点使用所有邻居
2025-05-07 12:02:16,330 - INFO - 可视化结果将保存到: ./visual/omi/neighbor_all/mean_ratio/omi-10
2025-05-07 12:02:16,331 - INFO - 在数据集中发现 8 个异常时间段
2025-05-07 12:02:16,331 - INFO - 
正在处理时间段 1/8: 740-780
2025-05-07 12:02:16,331 - INFO - 该时间段的真实异常节点: {2, 5, 6, 7, 8, 9, 10, 11, 12, 13, 14, 15, 16, 17, 18, 19}
2025-05-07 12:02:16,331 - INFO - 正在计算异常分数...
2025-05-07 12:02:16,360 - INFO - 检测到的异常节点: {1, 4, 5, 6, 7, 8, 9, 10, 11, 12, 13, 14, 15, 16, 17, 18, 19}
2025-05-07 12:02:16,360 - INFO - 正在为时间段 740-780 生成可视化
2025-05-07 12:02:16,360 - INFO - 正在为时间段 740-780 生成异常图可视化
2025-05-07 12:02:16,360 - DEBUG - 创建包含 19 个节点的图结构
2025-05-07 12:02:16,361 - DEBUG - 边统计: 正常边 166 条, 异常边 106 条
2025-05-07 12:02:16,417 - DEBUG - 正在保存可视化结果到 ./visual/omi/neighbor_all/mean_ratio/omi-10/seg_0_740_780.png
2025-05-07 12:02:16,630 - INFO - 成功保存时间段 740-780 的可视化结果
2025-05-07 12:02:16,630 - INFO - 
正在处理时间段 2/8: 1345-1406
2025-05-07 12:02:16,630 - INFO - 该时间段的真实异常节点: {7, 9, 10, 11, 12, 13, 14, 15, 16, 17, 18}
2025-05-07 12:02:16,630 - INFO - 正在计算异常分数...
2025-05-07 12:02:16,675 - INFO - 检测到的异常节点: {1, 4, 5, 6, 7, 8, 9, 10, 11, 12, 13, 14, 15, 16, 17, 18, 19}
2025-05-07 12:02:16,675 - INFO - 正在为时间段 1345-1406 生成可视化
2025-05-07 12:02:16,675 - INFO - 正在为时间段 1345-1406 生成异常图可视化
2025-05-07 12:02:16,676 - DEBUG - 创建包含 19 个节点的图结构
2025-05-07 12:02:16,677 - DEBUG - 边统计: 正常边 268 条, 异常边 4 条
2025-05-07 12:02:16,732 - DEBUG - 正在保存可视化结果到 ./visual/omi/neighbor_all/mean_ratio/omi-10/seg_1_1345_1406.png
2025-05-07 12:02:16,942 - INFO - 成功保存时间段 1345-1406 的可视化结果
2025-05-07 12:02:16,942 - INFO - 
正在处理时间段 3/8: 2224-2272
2025-05-07 12:02:16,942 - INFO - 该时间段的真实异常节点: {4, 5, 6, 7, 9, 10, 11, 12, 13, 14, 15, 16, 17, 18, 19}
2025-05-07 12:02:16,943 - INFO - 正在计算异常分数...
2025-05-07 12:02:16,978 - INFO - 检测到的异常节点: {1, 4, 5, 6, 7, 8, 9, 10, 11, 12, 13, 14, 15, 16, 17, 18, 19}
2025-05-07 12:02:16,978 - INFO - 正在为时间段 2224-2272 生成可视化
2025-05-07 12:02:16,978 - INFO - 正在为时间段 2224-2272 生成异常图可视化
2025-05-07 12:02:16,978 - DEBUG - 创建包含 19 个节点的图结构
2025-05-07 12:02:16,979 - DEBUG - 边统计: 正常边 264 条, 异常边 8 条
2025-05-07 12:02:17,034 - DEBUG - 正在保存可视化结果到 ./visual/omi/neighbor_all/mean_ratio/omi-10/seg_2_2224_2272.png
2025-05-07 12:02:17,244 - INFO - 成功保存时间段 2224-2272 的可视化结果
2025-05-07 12:02:17,244 - INFO - 
正在处理时间段 4/8: 2514-2592
2025-05-07 12:02:17,244 - INFO - 该时间段的真实异常节点: {16, 4}
2025-05-07 12:02:17,244 - INFO - 正在计算异常分数...
2025-05-07 12:02:17,302 - INFO - 检测到的异常节点: {1, 4, 5, 6, 7, 8, 9, 10, 11, 12, 13, 14, 15, 16, 17, 18, 19}
2025-05-07 12:02:17,302 - INFO - 正在为时间段 2514-2592 生成可视化
2025-05-07 12:02:17,302 - INFO - 正在为时间段 2514-2592 生成异常图可视化
2025-05-07 12:02:17,302 - DEBUG - 创建包含 19 个节点的图结构
2025-05-07 12:02:17,303 - DEBUG - 边统计: 正常边 272 条, 异常边 0 条
2025-05-07 12:02:17,361 - DEBUG - 正在保存可视化结果到 ./visual/omi/neighbor_all/mean_ratio/omi-10/seg_3_2514_2592.png
2025-05-07 12:02:17,571 - INFO - 成功保存时间段 2514-2592 的可视化结果
2025-05-07 12:02:17,572 - INFO - 
正在处理时间段 5/8: 2733-2778
2025-05-07 12:02:17,572 - INFO - 该时间段的真实异常节点: {11, 14, 15}
2025-05-07 12:02:17,572 - INFO - 正在计算异常分数...
2025-05-07 12:02:17,604 - INFO - 检测到的异常节点: {1, 4, 5, 7, 8, 9, 10, 11, 12, 13, 14, 15, 16, 17, 18, 19}
2025-05-07 12:02:17,604 - INFO - 正在为时间段 2733-2778 生成可视化
2025-05-07 12:02:17,604 - INFO - 正在为时间段 2733-2778 生成异常图可视化
2025-05-07 12:02:17,604 - DEBUG - 创建包含 19 个节点的图结构
2025-05-07 12:02:17,605 - DEBUG - 边统计: 正常边 238 条, 异常边 2 条
2025-05-07 12:02:17,663 - DEBUG - 正在保存可视化结果到 ./visual/omi/neighbor_all/mean_ratio/omi-10/seg_4_2733_2778.png
2025-05-07 12:02:17,872 - INFO - 成功保存时间段 2733-2778 的可视化结果
2025-05-07 12:02:17,872 - INFO - 
正在处理时间段 6/8: 3401-3405
2025-05-07 12:02:17,872 - INFO - 该时间段的真实异常节点: {1}
2025-05-07 12:02:17,872 - INFO - 正在计算异常分数...
2025-05-07 12:02:17,873 - INFO - 检测到的异常节点: {1, 4, 5, 6, 7, 10, 11, 16, 18, 19}
2025-05-07 12:02:17,873 - INFO - 正在为时间段 3401-3405 生成可视化
2025-05-07 12:02:17,873 - INFO - 正在为时间段 3401-3405 生成异常图可视化
2025-05-07 12:02:17,873 - DEBUG - 创建包含 19 个节点的图结构
2025-05-07 12:02:17,874 - DEBUG - 边统计: 正常边 252 条, 异常边 20 条
2025-05-07 12:02:17,932 - DEBUG - 正在保存可视化结果到 ./visual/omi/neighbor_all/mean_ratio/omi-10/seg_5_3401_3405.png
2025-05-07 12:02:18,142 - INFO - 成功保存时间段 3401-3405 的可视化结果
2025-05-07 12:02:18,142 - INFO - 
正在处理时间段 7/8: 3414-3459
2025-05-07 12:02:18,143 - INFO - 该时间段的真实异常节点: {8}
2025-05-07 12:02:18,143 - INFO - 正在计算异常分数...
2025-05-07 12:02:18,175 - INFO - 检测到的异常节点: {1, 4, 5, 6, 7, 8, 9, 10, 11, 12, 13, 14, 15, 16, 17, 18, 19}
2025-05-07 12:02:18,175 - INFO - 正在为时间段 3414-3459 生成可视化
2025-05-07 12:02:18,175 - INFO - 正在为时间段 3414-3459 生成异常图可视化
2025-05-07 12:02:18,175 - DEBUG - 创建包含 19 个节点的图结构
2025-05-07 12:02:18,176 - DEBUG - 边统计: 正常边 234 条, 异常边 38 条
2025-05-07 12:02:18,233 - DEBUG - 正在保存可视化结果到 ./visual/omi/neighbor_all/mean_ratio/omi-10/seg_6_3414_3459.png
2025-05-07 12:02:18,446 - INFO - 成功保存时间段 3414-3459 的可视化结果
2025-05-07 12:02:18,446 - INFO - 
正在处理时间段 8/8: 3700-3744
2025-05-07 12:02:18,446 - INFO - 该时间段的真实异常节点: {7, 8, 9, 10, 11, 12, 13, 14, 15, 16, 17, 18}
2025-05-07 12:02:18,446 - INFO - 正在计算异常分数...
2025-05-07 12:02:18,479 - INFO - 检测到的异常节点: {1, 4, 5, 6, 7, 8, 9, 10, 11, 12, 13, 14, 15, 16, 17, 18, 19}
2025-05-07 12:02:18,479 - INFO - 正在为时间段 3700-3744 生成可视化
2025-05-07 12:02:18,479 - INFO - 正在为时间段 3700-3744 生成异常图可视化
2025-05-07 12:02:18,479 - DEBUG - 创建包含 19 个节点的图结构
2025-05-07 12:02:18,480 - DEBUG - 边统计: 正常边 228 条, 异常边 44 条
2025-05-07 12:02:18,536 - DEBUG - 正在保存可视化结果到 ./visual/omi/neighbor_all/mean_ratio/omi-10/seg_7_3700_3744.png
2025-05-07 12:02:18,747 - INFO - 成功保存时间段 3700-3744 的可视化结果
2025-05-07 12:02:18,747 - INFO - 正在从 ./visual/omi/neighbor_all/mean_ratio/omi-10 中的图像创建GIF
2025-05-07 12:02:19,247 - INFO - GIF已保存到 ./visual/omi/neighbor_all/mean_ratio/omi-10/omi-10.gif
2025-05-07 12:02:19,248 - INFO - 
==================================================
2025-05-07 12:02:19,248 - INFO - 开始数据集可视化: omi-11
2025-05-07 12:02:19,248 - INFO - 使用参数: 评分模式=mean_ratio, all=None, 阈值=6.0
2025-05-07 12:02:19,248 - INFO - ==================================================

2025-05-07 12:02:19,248 - INFO - 正在加载数据集 omi-11 的数据
2025-05-07 12:02:19,249 - INFO - 数据加载成功。训练集形状: (8640, 19), 测试集形状: (4320, 19)
2025-05-07 12:02:19,249 - INFO - 正在计算边缘统计量...
2025-05-07 12:02:22,130 - INFO - 已计算 153 条边的统计量
2025-05-07 12:02:22,130 - INFO - 为每个节点使用所有邻居
2025-05-07 12:02:22,130 - INFO - 可视化结果将保存到: ./visual/omi/neighbor_all/mean_ratio/omi-11
2025-05-07 12:02:22,131 - INFO - 在数据集中发现 9 个异常时间段
2025-05-07 12:02:22,131 - INFO - 
正在处理时间段 1/9: 738-755
2025-05-07 12:02:22,131 - INFO - 该时间段的真实异常节点: {2}
2025-05-07 12:02:22,131 - INFO - 正在计算异常分数...
2025-05-07 12:02:22,142 - INFO - 检测到的异常节点: {4, 5, 6, 7, 8, 9, 10, 11, 12, 13, 14, 15, 16, 17, 18, 19}
2025-05-07 12:02:22,142 - INFO - 正在为时间段 738-755 生成可视化
2025-05-07 12:02:22,142 - INFO - 正在为时间段 738-755 生成异常图可视化
2025-05-07 12:02:22,142 - DEBUG - 创建包含 19 个节点的图结构
2025-05-07 12:02:22,143 - DEBUG - 边统计: 正常边 240 条, 异常边 0 条
2025-05-07 12:02:22,202 - DEBUG - 正在保存可视化结果到 ./visual/omi/neighbor_all/mean_ratio/omi-11/seg_0_738_755.png
2025-05-07 12:02:22,409 - INFO - 成功保存时间段 738-755 的可视化结果
2025-05-07 12:02:22,409 - INFO - 
正在处理时间段 2/9: 757-815
2025-05-07 12:02:22,409 - INFO - 该时间段的真实异常节点: set()
2025-05-07 12:02:22,409 - INFO - 正在计算异常分数...
2025-05-07 12:02:22,452 - INFO - 检测到的异常节点: {1, 4, 5, 6, 7, 8, 9, 10, 11, 12, 13, 14, 15, 16, 17, 18, 19}
2025-05-07 12:02:22,452 - INFO - 正在为时间段 757-815 生成可视化
2025-05-07 12:02:22,452 - INFO - 正在为时间段 757-815 生成异常图可视化
2025-05-07 12:02:22,452 - DEBUG - 创建包含 19 个节点的图结构
2025-05-07 12:02:22,453 - DEBUG - 边统计: 正常边 248 条, 异常边 24 条
2025-05-07 12:02:22,587 - DEBUG - 正在保存可视化结果到 ./visual/omi/neighbor_all/mean_ratio/omi-11/seg_1_757_815.png
2025-05-07 12:02:22,798 - INFO - 成功保存时间段 757-815 的可视化结果
2025-05-07 12:02:22,798 - INFO - 
正在处理时间段 3/9: 1366-1375
2025-05-07 12:02:22,798 - INFO - 该时间段的真实异常节点: {4, 5, 8, 17, 19}
2025-05-07 12:02:22,798 - INFO - 正在计算异常分数...
2025-05-07 12:02:22,804 - INFO - 检测到的异常节点: {1, 4, 5, 6, 7, 8, 9, 10, 11, 12, 13, 14, 15, 16, 17, 18, 19}
2025-05-07 12:02:22,804 - INFO - 正在为时间段 1366-1375 生成可视化
2025-05-07 12:02:22,804 - INFO - 正在为时间段 1366-1375 生成异常图可视化
2025-05-07 12:02:22,804 - DEBUG - 创建包含 19 个节点的图结构
2025-05-07 12:02:22,805 - DEBUG - 边统计: 正常边 210 条, 异常边 62 条
2025-05-07 12:02:22,860 - DEBUG - 正在保存可视化结果到 ./visual/omi/neighbor_all/mean_ratio/omi-11/seg_2_1366_1375.png
2025-05-07 12:02:23,071 - INFO - 成功保存时间段 1366-1375 的可视化结果
2025-05-07 12:02:23,072 - INFO - 
正在处理时间段 4/9: 2301-2314
2025-05-07 12:02:23,072 - INFO - 该时间段的真实异常节点: {17, 19, 4, 5}
2025-05-07 12:02:23,072 - INFO - 正在计算异常分数...
2025-05-07 12:02:23,080 - INFO - 检测到的异常节点: {1, 4, 5, 6, 7, 8, 9, 10, 11, 12, 13, 14, 15, 16, 17, 18, 19}
2025-05-07 12:02:23,080 - INFO - 正在为时间段 2301-2314 生成可视化
2025-05-07 12:02:23,080 - INFO - 正在为时间段 2301-2314 生成异常图可视化
2025-05-07 12:02:23,080 - DEBUG - 创建包含 19 个节点的图结构
2025-05-07 12:02:23,081 - DEBUG - 边统计: 正常边 232 条, 异常边 40 条
2025-05-07 12:02:23,137 - DEBUG - 正在保存可视化结果到 ./visual/omi/neighbor_all/mean_ratio/omi-11/seg_3_2301_2314.png
2025-05-07 12:02:23,347 - INFO - 成功保存时间段 2301-2314 的可视化结果
2025-05-07 12:02:23,347 - INFO - 
正在处理时间段 5/9: 2365-2381
2025-05-07 12:02:23,348 - INFO - 该时间段的真实异常节点: {19}
2025-05-07 12:02:23,348 - INFO - 正在计算异常分数...
2025-05-07 12:02:23,357 - INFO - 检测到的异常节点: {4, 6, 7, 8, 9, 10, 11, 12, 13, 14, 15, 16, 17, 18, 19}
2025-05-07 12:02:23,357 - INFO - 正在为时间段 2365-2381 生成可视化
2025-05-07 12:02:23,357 - INFO - 正在为时间段 2365-2381 生成异常图可视化
2025-05-07 12:02:23,357 - DEBUG - 创建包含 19 个节点的图结构
2025-05-07 12:02:23,358 - DEBUG - 边统计: 正常边 168 条, 异常边 42 条
2025-05-07 12:02:23,414 - DEBUG - 正在保存可视化结果到 ./visual/omi/neighbor_all/mean_ratio/omi-11/seg_4_2365_2381.png
2025-05-07 12:02:23,623 - INFO - 成功保存时间段 2365-2381 的可视化结果
2025-05-07 12:02:23,623 - INFO - 
正在处理时间段 6/9: 2464-2485
2025-05-07 12:02:23,623 - INFO - 该时间段的真实异常节点: {17, 19, 4, 5}
2025-05-07 12:02:23,624 - INFO - 正在计算异常分数...
2025-05-07 12:02:23,638 - INFO - 检测到的异常节点: {1, 4, 5, 6, 7, 8, 9, 10, 11, 12, 13, 14, 15, 16, 17, 18, 19}
2025-05-07 12:02:23,638 - INFO - 正在为时间段 2464-2485 生成可视化
2025-05-07 12:02:23,639 - INFO - 正在为时间段 2464-2485 生成异常图可视化
2025-05-07 12:02:23,639 - DEBUG - 创建包含 19 个节点的图结构
2025-05-07 12:02:23,640 - DEBUG - 边统计: 正常边 236 条, 异常边 36 条
2025-05-07 12:02:23,695 - DEBUG - 正在保存可视化结果到 ./visual/omi/neighbor_all/mean_ratio/omi-11/seg_5_2464_2485.png
2025-05-07 12:02:23,909 - INFO - 成功保存时间段 2464-2485 的可视化结果
2025-05-07 12:02:23,909 - INFO - 
正在处理时间段 7/9: 2588-2610
2025-05-07 12:02:23,909 - INFO - 该时间段的真实异常节点: {17, 19, 4, 5}
2025-05-07 12:02:23,909 - INFO - 正在计算异常分数...
2025-05-07 12:02:23,924 - INFO - 检测到的异常节点: {1, 4, 5, 6, 7, 8, 9, 10, 11, 12, 13, 14, 15, 16, 17, 18, 19}
2025-05-07 12:02:23,924 - INFO - 正在为时间段 2588-2610 生成可视化
2025-05-07 12:02:23,924 - INFO - 正在为时间段 2588-2610 生成异常图可视化
2025-05-07 12:02:23,924 - DEBUG - 创建包含 19 个节点的图结构
2025-05-07 12:02:23,925 - DEBUG - 边统计: 正常边 216 条, 异常边 56 条
2025-05-07 12:02:23,981 - DEBUG - 正在保存可视化结果到 ./visual/omi/neighbor_all/mean_ratio/omi-11/seg_6_2588_2610.png
2025-05-07 12:02:24,192 - INFO - 成功保存时间段 2588-2610 的可视化结果
2025-05-07 12:02:24,192 - INFO - 
正在处理时间段 8/9: 2650-2675
2025-05-07 12:02:24,193 - INFO - 该时间段的真实异常节点: {19}
2025-05-07 12:02:24,193 - INFO - 正在计算异常分数...
2025-05-07 12:02:24,209 - INFO - 检测到的异常节点: {4, 5, 6, 7, 8, 9, 10, 11, 12, 13, 14, 15, 16, 17, 18, 19}
2025-05-07 12:02:24,209 - INFO - 正在为时间段 2650-2675 生成可视化
2025-05-07 12:02:24,209 - INFO - 正在为时间段 2650-2675 生成异常图可视化
2025-05-07 12:02:24,209 - DEBUG - 创建包含 19 个节点的图结构
2025-05-07 12:02:24,210 - DEBUG - 边统计: 正常边 192 条, 异常边 48 条
2025-05-07 12:02:24,268 - DEBUG - 正在保存可视化结果到 ./visual/omi/neighbor_all/mean_ratio/omi-11/seg_7_2650_2675.png
2025-05-07 12:02:24,474 - INFO - 成功保存时间段 2650-2675 的可视化结果
2025-05-07 12:02:24,474 - INFO - 
正在处理时间段 9/9: 3012-3072
2025-05-07 12:02:24,474 - INFO - 该时间段的真实异常节点: {1, 4, 5, 8, 17, 19}
2025-05-07 12:02:24,474 - INFO - 正在计算异常分数...
2025-05-07 12:02:24,520 - INFO - 检测到的异常节点: {1, 4, 5, 6, 7, 8, 9, 10, 11, 12, 13, 14, 15, 16, 17, 18, 19}
2025-05-07 12:02:24,520 - INFO - 正在为时间段 3012-3072 生成可视化
2025-05-07 12:02:24,520 - INFO - 正在为时间段 3012-3072 生成异常图可视化
2025-05-07 12:02:24,520 - DEBUG - 创建包含 19 个节点的图结构
2025-05-07 12:02:24,521 - DEBUG - 边统计: 正常边 272 条, 异常边 0 条
2025-05-07 12:02:24,576 - DEBUG - 正在保存可视化结果到 ./visual/omi/neighbor_all/mean_ratio/omi-11/seg_8_3012_3072.png
2025-05-07 12:02:24,786 - INFO - 成功保存时间段 3012-3072 的可视化结果
2025-05-07 12:02:24,786 - INFO - 正在从 ./visual/omi/neighbor_all/mean_ratio/omi-11 中的图像创建GIF
2025-05-07 12:02:25,335 - INFO - GIF已保存到 ./visual/omi/neighbor_all/mean_ratio/omi-11/omi-11.gif
2025-05-07 12:02:25,335 - INFO - 
==================================================
2025-05-07 12:02:25,335 - INFO - 开始数据集可视化: omi-12
2025-05-07 12:02:25,335 - INFO - 使用参数: 评分模式=mean_ratio, all=None, 阈值=7.0
2025-05-07 12:02:25,336 - INFO - ==================================================

2025-05-07 12:02:25,336 - INFO - 正在加载数据集 omi-12 的数据
2025-05-07 12:02:25,336 - INFO - 数据加载成功。训练集形状: (7291, 19), 测试集形状: (4320, 19)
2025-05-07 12:02:25,336 - INFO - 正在计算边缘统计量...
2025-05-07 12:02:27,508 - INFO - 已计算 133 条边的统计量
2025-05-07 12:02:27,509 - INFO - 为每个节点使用所有邻居
2025-05-07 12:02:27,509 - INFO - 可视化结果将保存到: ./visual/omi/neighbor_all/mean_ratio/omi-12
2025-05-07 12:02:27,510 - INFO - 在数据集中发现 5 个异常时间段
2025-05-07 12:02:27,510 - INFO - 
正在处理时间段 1/5: 740-813
2025-05-07 12:02:27,510 - INFO - 该时间段的真实异常节点: {1, 2, 6, 7, 8, 9, 10, 11, 12, 13, 14, 15, 16, 17, 18, 19}
2025-05-07 12:02:27,510 - INFO - 正在计算异常分数...
2025-05-07 12:02:27,559 - INFO - 检测到的异常节点: {1, 6, 7, 8, 9, 10, 11, 12, 13, 14, 15, 16, 17, 18, 19}
2025-05-07 12:02:27,559 - INFO - 正在为时间段 740-813 生成可视化
2025-05-07 12:02:27,559 - INFO - 正在为时间段 740-813 生成异常图可视化
2025-05-07 12:02:27,559 - DEBUG - 创建包含 19 个节点的图结构
2025-05-07 12:02:27,560 - DEBUG - 边统计: 正常边 140 条, 异常边 70 条
2025-05-07 12:02:27,618 - DEBUG - 正在保存可视化结果到 ./visual/omi/neighbor_all/mean_ratio/omi-12/seg_0_740_813.png
2025-05-07 12:02:27,828 - INFO - 成功保存时间段 740-813 的可视化结果
2025-05-07 12:02:27,828 - INFO - 
正在处理时间段 2/5: 2486-2493
2025-05-07 12:02:27,828 - INFO - 该时间段的真实异常节点: {4, 5}
2025-05-07 12:02:27,828 - INFO - 正在计算异常分数...
2025-05-07 12:02:27,831 - INFO - 检测到的异常节点: {1, 4, 5, 7, 8, 9, 10, 14, 16, 17, 18}
2025-05-07 12:02:27,831 - INFO - 正在为时间段 2486-2493 生成可视化
2025-05-07 12:02:27,831 - INFO - 正在为时间段 2486-2493 生成异常图可视化
2025-05-07 12:02:27,831 - DEBUG - 创建包含 19 个节点的图结构
2025-05-07 12:02:27,832 - DEBUG - 边统计: 正常边 170 条, 异常边 36 条
2025-05-07 12:02:27,888 - DEBUG - 正在保存可视化结果到 ./visual/omi/neighbor_all/mean_ratio/omi-12/seg_1_2486_2493.png
2025-05-07 12:02:28,096 - INFO - 成功保存时间段 2486-2493 的可视化结果
2025-05-07 12:02:28,096 - INFO - 
正在处理时间段 3/5: 2515-2525
2025-05-07 12:02:28,097 - INFO - 该时间段的真实异常节点: {1, 4, 5, 7, 8, 9, 17, 18}
2025-05-07 12:02:28,097 - INFO - 正在计算异常分数...
2025-05-07 12:02:28,103 - INFO - 检测到的异常节点: {1, 4, 5, 6, 7, 8, 9, 10, 11, 12, 13, 14, 15, 16, 17, 18, 19}
2025-05-07 12:02:28,103 - INFO - 正在为时间段 2515-2525 生成可视化
2025-05-07 12:02:28,103 - INFO - 正在为时间段 2515-2525 生成异常图可视化
2025-05-07 12:02:28,103 - DEBUG - 创建包含 19 个节点的图结构
2025-05-07 12:02:28,104 - DEBUG - 边统计: 正常边 190 条, 异常边 76 条
2025-05-07 12:02:28,160 - DEBUG - 正在保存可视化结果到 ./visual/omi/neighbor_all/mean_ratio/omi-12/seg_2_2515_2525.png
2025-05-07 12:02:28,375 - INFO - 成功保存时间段 2515-2525 的可视化结果
2025-05-07 12:02:28,375 - INFO - 
正在处理时间段 4/5: 2721-2723
2025-05-07 12:02:28,375 - INFO - 该时间段的真实异常节点: {4}
2025-05-07 12:02:28,376 - INFO - 正在计算异常分数...
2025-05-07 12:02:28,376 - INFO - 检测到的异常节点: set()
2025-05-07 12:02:28,376 - INFO - 正在为时间段 2721-2723 生成可视化
2025-05-07 12:02:28,376 - INFO - 正在为时间段 2721-2723 生成异常图可视化
2025-05-07 12:02:28,376 - DEBUG - 创建包含 19 个节点的图结构
2025-05-07 12:02:28,376 - DEBUG - 边统计: 正常边 40 条, 异常边 48 条
2025-05-07 12:02:28,433 - DEBUG - 正在保存可视化结果到 ./visual/omi/neighbor_all/mean_ratio/omi-12/seg_3_2721_2723.png
2025-05-07 12:02:28,638 - INFO - 成功保存时间段 2721-2723 的可视化结果
2025-05-07 12:02:28,638 - INFO - 
正在处理时间段 5/5: 3500-3535
2025-05-07 12:02:28,639 - INFO - 该时间段的真实异常节点: {5, 6, 7, 8, 11, 12, 13, 14, 15, 16, 17, 18, 19}
2025-05-07 12:02:28,639 - INFO - 正在计算异常分数...
2025-05-07 12:02:28,659 - INFO - 检测到的异常节点: {5, 6, 7, 8, 9, 10, 11, 12, 13, 14, 15, 16, 17, 18, 19}
2025-05-07 12:02:28,659 - INFO - 正在为时间段 3500-3535 生成可视化
2025-05-07 12:02:28,659 - INFO - 正在为时间段 3500-3535 生成异常图可视化
2025-05-07 12:02:28,659 - DEBUG - 创建包含 19 个节点的图结构
2025-05-07 12:02:28,660 - DEBUG - 边统计: 正常边 172 条, 异常边 38 条
2025-05-07 12:02:28,792 - DEBUG - 正在保存可视化结果到 ./visual/omi/neighbor_all/mean_ratio/omi-12/seg_4_3500_3535.png
2025-05-07 12:02:29,002 - INFO - 成功保存时间段 3500-3535 的可视化结果
2025-05-07 12:02:29,002 - INFO - 正在从 ./visual/omi/neighbor_all/mean_ratio/omi-12 中的图像创建GIF
2025-05-07 12:02:29,291 - INFO - GIF已保存到 ./visual/omi/neighbor_all/mean_ratio/omi-12/omi-12.gif
2025-05-07 12:02:29,292 - INFO - 
==================================================
2025-05-07 12:02:29,292 - INFO - 开始数据集可视化: omi-2
2025-05-07 12:02:29,292 - INFO - 使用参数: 评分模式=mean_ratio, all=None, 阈值=3.0
2025-05-07 12:02:29,292 - INFO - ==================================================

2025-05-07 12:02:29,292 - INFO - 正在加载数据集 omi-2 的数据
2025-05-07 12:02:29,293 - INFO - 数据加载成功。训练集形状: (8640, 19), 测试集形状: (4320, 19)
2025-05-07 12:02:29,293 - INFO - 正在计算边缘统计量...
2025-05-07 12:02:31,875 - INFO - 已计算 153 条边的统计量
2025-05-07 12:02:31,875 - INFO - 为每个节点使用所有邻居
2025-05-07 12:02:31,875 - INFO - 可视化结果将保存到: ./visual/omi/neighbor_all/mean_ratio/omi-2
2025-05-07 12:02:31,876 - INFO - 在数据集中发现 4 个异常时间段
2025-05-07 12:02:31,876 - INFO - 
正在处理时间段 1/4: 486-498
2025-05-07 12:02:31,876 - INFO - 该时间段的真实异常节点: {1, 4, 5}
2025-05-07 12:02:31,876 - INFO - 正在计算异常分数...
2025-05-07 12:02:31,883 - INFO - 检测到的异常节点: {1, 4, 5, 6, 7, 8, 9, 10, 11, 12, 13, 14, 15, 16, 17, 18, 19}
2025-05-07 12:02:31,883 - INFO - 正在为时间段 486-498 生成可视化
2025-05-07 12:02:31,884 - INFO - 正在为时间段 486-498 生成异常图可视化
2025-05-07 12:02:31,884 - DEBUG - 创建包含 19 个节点的图结构
2025-05-07 12:02:31,885 - DEBUG - 边统计: 正常边 272 条, 异常边 0 条
2025-05-07 12:02:31,940 - DEBUG - 正在保存可视化结果到 ./visual/omi/neighbor_all/mean_ratio/omi-2/seg_0_486_498.png
2025-05-07 12:02:32,146 - INFO - 成功保存时间段 486-498 的可视化结果
2025-05-07 12:02:32,146 - INFO - 
正在处理时间段 2/4: 740-753
2025-05-07 12:02:32,146 - INFO - 该时间段的真实异常节点: {2}
2025-05-07 12:02:32,146 - INFO - 正在计算异常分数...
2025-05-07 12:02:32,153 - INFO - 检测到的异常节点: {2, 4, 5, 6, 7, 8, 9, 10, 11, 12, 13, 14, 15, 16, 17, 18, 19}
2025-05-07 12:02:32,154 - INFO - 正在为时间段 740-753 生成可视化
2025-05-07 12:02:32,154 - INFO - 正在为时间段 740-753 生成异常图可视化
2025-05-07 12:02:32,154 - DEBUG - 创建包含 19 个节点的图结构
2025-05-07 12:02:32,155 - DEBUG - 边统计: 正常边 268 条, 异常边 4 条
2025-05-07 12:02:32,208 - DEBUG - 正在保存可视化结果到 ./visual/omi/neighbor_all/mean_ratio/omi-2/seg_1_740_753.png
2025-05-07 12:02:32,408 - INFO - 成功保存时间段 740-753 的可视化结果
2025-05-07 12:02:32,408 - INFO - 
正在处理时间段 3/4: 766-783
2025-05-07 12:02:32,408 - INFO - 该时间段的真实异常节点: {1, 5, 6, 7, 8, 9, 10, 11, 12, 13, 14, 15, 16, 17, 18, 19}
2025-05-07 12:02:32,408 - INFO - 正在计算异常分数...
2025-05-07 12:02:32,418 - INFO - 检测到的异常节点: {1, 4, 5, 6, 7, 8, 9, 10, 11, 12, 13, 14, 15, 16, 17, 18, 19}
2025-05-07 12:02:32,418 - INFO - 正在为时间段 766-783 生成可视化
2025-05-07 12:02:32,418 - INFO - 正在为时间段 766-783 生成异常图可视化
2025-05-07 12:02:32,419 - DEBUG - 创建包含 19 个节点的图结构
2025-05-07 12:02:32,420 - DEBUG - 边统计: 正常边 222 条, 异常边 50 条
2025-05-07 12:02:32,474 - DEBUG - 正在保存可视化结果到 ./visual/omi/neighbor_all/mean_ratio/omi-2/seg_2_766_783.png
2025-05-07 12:02:32,681 - INFO - 成功保存时间段 766-783 的可视化结果
2025-05-07 12:02:32,682 - INFO - 
正在处理时间段 4/4: 1436-1445
2025-05-07 12:02:32,682 - INFO - 该时间段的真实异常节点: {7, 9, 10, 11, 12, 13, 14, 15, 16, 17, 18}
2025-05-07 12:02:32,682 - INFO - 正在计算异常分数...
2025-05-07 12:02:32,687 - INFO - 检测到的异常节点: {1, 4, 5, 6, 7, 8, 9, 10, 11, 12, 13, 14, 15, 16, 17, 18, 19}
2025-05-07 12:02:32,687 - INFO - 正在为时间段 1436-1445 生成可视化
2025-05-07 12:02:32,687 - INFO - 正在为时间段 1436-1445 生成异常图可视化
2025-05-07 12:02:32,687 - DEBUG - 创建包含 19 个节点的图结构
2025-05-07 12:02:32,688 - DEBUG - 边统计: 正常边 270 条, 异常边 2 条
2025-05-07 12:02:32,742 - DEBUG - 正在保存可视化结果到 ./visual/omi/neighbor_all/mean_ratio/omi-2/seg_3_1436_1445.png
2025-05-07 12:02:32,944 - INFO - 成功保存时间段 1436-1445 的可视化结果
2025-05-07 12:02:32,944 - INFO - 正在从 ./visual/omi/neighbor_all/mean_ratio/omi-2 中的图像创建GIF
2025-05-07 12:02:33,176 - INFO - GIF已保存到 ./visual/omi/neighbor_all/mean_ratio/omi-2/omi-2.gif
2025-05-07 12:02:33,176 - INFO - 
==================================================
2025-05-07 12:02:33,176 - INFO - 开始数据集可视化: omi-3
2025-05-07 12:02:33,176 - INFO - 使用参数: 评分模式=mean_ratio, all=None, 阈值=6.5
2025-05-07 12:02:33,176 - INFO - ==================================================

2025-05-07 12:02:33,176 - INFO - 正在加载数据集 omi-3 的数据
2025-05-07 12:02:33,177 - INFO - 数据加载成功。训练集形状: (8640, 19), 测试集形状: (4320, 19)
2025-05-07 12:02:33,177 - INFO - 正在计算边缘统计量...
2025-05-07 12:02:35,744 - INFO - 已计算 136 条边的统计量
2025-05-07 12:02:35,744 - INFO - 为每个节点使用所有邻居
2025-05-07 12:02:35,744 - INFO - 可视化结果将保存到: ./visual/omi/neighbor_all/mean_ratio/omi-3
2025-05-07 12:02:35,745 - INFO - 在数据集中发现 6 个异常时间段
2025-05-07 12:02:35,745 - INFO - 
正在处理时间段 1/6: 760-820
2025-05-07 12:02:35,745 - INFO - 该时间段的真实异常节点: {1, 4, 6, 7, 8, 9, 10, 11, 12, 13, 14, 15, 16, 17, 18, 19}
2025-05-07 12:02:35,745 - INFO - 正在计算异常分数...
2025-05-07 12:02:35,789 - INFO - 检测到的异常节点: {1, 4, 5, 6, 7, 8, 9, 10, 11, 12, 13, 14, 15, 16, 17, 18, 19}
2025-05-07 12:02:35,789 - INFO - 正在为时间段 760-820 生成可视化
2025-05-07 12:02:35,789 - INFO - 正在为时间段 760-820 生成异常图可视化
2025-05-07 12:02:35,789 - DEBUG - 创建包含 19 个节点的图结构
2025-05-07 12:02:35,790 - DEBUG - 边统计: 正常边 248 条, 异常边 24 条
2025-05-07 12:02:35,846 - DEBUG - 正在保存可视化结果到 ./visual/omi/neighbor_all/mean_ratio/omi-3/seg_0_760_820.png
2025-05-07 12:02:36,049 - INFO - 成功保存时间段 760-820 的可视化结果
2025-05-07 12:02:36,050 - INFO - 
正在处理时间段 2/6: 842-860
2025-05-07 12:02:36,050 - INFO - 该时间段的真实异常节点: {7, 8, 9, 10, 11, 12, 13, 14, 15, 16, 17, 18, 19}
2025-05-07 12:02:36,050 - INFO - 正在计算异常分数...
2025-05-07 12:02:36,061 - INFO - 检测到的异常节点: {4, 5, 6, 7, 8, 9, 10, 11, 12, 13, 14, 15, 16, 17, 18, 19}
2025-05-07 12:02:36,062 - INFO - 正在为时间段 842-860 生成可视化
2025-05-07 12:02:36,062 - INFO - 正在为时间段 842-860 生成异常图可视化
2025-05-07 12:02:36,062 - DEBUG - 创建包含 19 个节点的图结构
2025-05-07 12:02:36,063 - DEBUG - 边统计: 正常边 224 条, 异常边 16 条
2025-05-07 12:02:36,118 - DEBUG - 正在保存可视化结果到 ./visual/omi/neighbor_all/mean_ratio/omi-3/seg_1_842_860.png
2025-05-07 12:02:36,316 - INFO - 成功保存时间段 842-860 的可视化结果
2025-05-07 12:02:36,316 - INFO - 
正在处理时间段 3/6: 1080-1120
2025-05-07 12:02:36,316 - INFO - 该时间段的真实异常节点: {7, 9, 10, 11, 12, 13, 14, 15, 16, 17, 18}
2025-05-07 12:02:36,316 - INFO - 正在计算异常分数...
2025-05-07 12:02:36,344 - INFO - 检测到的异常节点: {1, 4, 5, 6, 7, 8, 9, 10, 11, 12, 13, 14, 15, 16, 17, 18, 19}
2025-05-07 12:02:36,344 - INFO - 正在为时间段 1080-1120 生成可视化
2025-05-07 12:02:36,344 - INFO - 正在为时间段 1080-1120 生成异常图可视化
2025-05-07 12:02:36,344 - DEBUG - 创建包含 19 个节点的图结构
2025-05-07 12:02:36,345 - DEBUG - 边统计: 正常边 272 条, 异常边 0 条
2025-05-07 12:02:36,408 - DEBUG - 正在保存可视化结果到 ./visual/omi/neighbor_all/mean_ratio/omi-3/seg_2_1080_1120.png
2025-05-07 12:02:36,646 - INFO - 成功保存时间段 1080-1120 的可视化结果
2025-05-07 12:02:36,647 - INFO - 
正在处理时间段 4/6: 2188-2201
2025-05-07 12:02:36,647 - INFO - 该时间段的真实异常节点: {7, 9, 10, 11, 12, 13, 14, 15, 16, 17, 18, 19}
2025-05-07 12:02:36,647 - INFO - 正在计算异常分数...
2025-05-07 12:02:36,654 - INFO - 检测到的异常节点: {1, 4, 6, 7, 8, 9, 10, 11, 12, 13, 14, 15, 16, 17, 18, 19}
2025-05-07 12:02:36,654 - INFO - 正在为时间段 2188-2201 生成可视化
2025-05-07 12:02:36,654 - INFO - 正在为时间段 2188-2201 生成异常图可视化
2025-05-07 12:02:36,655 - DEBUG - 创建包含 19 个节点的图结构
2025-05-07 12:02:36,656 - DEBUG - 边统计: 正常边 258 条, 异常边 14 条
2025-05-07 12:02:36,710 - DEBUG - 正在保存可视化结果到 ./visual/omi/neighbor_all/mean_ratio/omi-3/seg_3_2188_2201.png
2025-05-07 12:02:36,911 - INFO - 成功保存时间段 2188-2201 的可视化结果
2025-05-07 12:02:36,911 - INFO - 
正在处理时间段 5/6: 2497-2500
2025-05-07 12:02:36,911 - INFO - 该时间段的真实异常节点: {6, 7, 9, 10, 11, 12, 13, 14, 15, 16, 17, 18, 19}
2025-05-07 12:02:36,911 - INFO - 正在计算异常分数...
2025-05-07 12:02:36,911 - INFO - 检测到的异常节点: set()
2025-05-07 12:02:36,911 - INFO - 正在为时间段 2497-2500 生成可视化
2025-05-07 12:02:36,911 - INFO - 正在为时间段 2497-2500 生成异常图可视化
2025-05-07 12:02:36,911 - DEBUG - 创建包含 19 个节点的图结构
2025-05-07 12:02:36,912 - DEBUG - 边统计: 正常边 208 条, 异常边 2 条
2025-05-07 12:02:36,965 - DEBUG - 正在保存可视化结果到 ./visual/omi/neighbor_all/mean_ratio/omi-3/seg_4_2497_2500.png
2025-05-07 12:02:37,165 - INFO - 成功保存时间段 2497-2500 的可视化结果
2025-05-07 12:02:37,165 - INFO - 
正在处理时间段 6/6: 3428-3434
2025-05-07 12:02:37,165 - INFO - 该时间段的真实异常节点: {7, 8, 9, 10, 11, 12, 13, 14, 15, 16, 17, 18, 19}
2025-05-07 12:02:37,165 - INFO - 正在计算异常分数...
2025-05-07 12:02:37,167 - INFO - 检测到的异常节点: {1, 4, 7, 8, 9, 10, 11, 12, 13, 14, 15, 16, 17, 18, 19}
2025-05-07 12:02:37,167 - INFO - 正在为时间段 3428-3434 生成可视化
2025-05-07 12:02:37,167 - INFO - 正在为时间段 3428-3434 生成异常图可视化
2025-05-07 12:02:37,168 - DEBUG - 创建包含 19 个节点的图结构
2025-05-07 12:02:37,168 - DEBUG - 边统计: 正常边 270 条, 异常边 2 条
2025-05-07 12:02:37,220 - DEBUG - 正在保存可视化结果到 ./visual/omi/neighbor_all/mean_ratio/omi-3/seg_5_3428_3434.png
2025-05-07 12:02:37,421 - INFO - 成功保存时间段 3428-3434 的可视化结果
2025-05-07 12:02:37,421 - INFO - 正在从 ./visual/omi/neighbor_all/mean_ratio/omi-3 中的图像创建GIF
2025-05-07 12:02:37,775 - INFO - GIF已保存到 ./visual/omi/neighbor_all/mean_ratio/omi-3/omi-3.gif
2025-05-07 12:02:37,775 - INFO - 
==================================================
2025-05-07 12:02:37,775 - INFO - 开始数据集可视化: omi-4
2025-05-07 12:02:37,775 - INFO - 使用参数: 评分模式=mean_ratio, all=None, 阈值=4.5
2025-05-07 12:02:37,775 - INFO - ==================================================

2025-05-07 12:02:37,775 - INFO - 正在加载数据集 omi-4 的数据
2025-05-07 12:02:37,776 - INFO - 数据加载成功。训练集形状: (8640, 19), 测试集形状: (4320, 19)
2025-05-07 12:02:37,776 - INFO - 正在计算边缘统计量...
2025-05-07 12:02:40,529 - INFO - 已计算 136 条边的统计量
2025-05-07 12:02:40,530 - INFO - 为每个节点使用所有邻居
2025-05-07 12:02:40,530 - INFO - 可视化结果将保存到: ./visual/omi/neighbor_all/mean_ratio/omi-4
2025-05-07 12:02:40,531 - INFO - 在数据集中发现 5 个异常时间段
2025-05-07 12:02:40,531 - INFO - 
正在处理时间段 1/5: 727-782
2025-05-07 12:02:40,531 - INFO - 该时间段的真实异常节点: {1, 2, 6, 7, 8, 9, 10, 11, 12, 13, 14, 15, 16, 17, 18, 19}
2025-05-07 12:02:40,531 - INFO - 正在计算异常分数...
2025-05-07 12:02:40,568 - INFO - 检测到的异常节点: {1, 4, 5, 6, 7, 8, 9, 10, 11, 12, 13, 14, 15, 16, 17, 18, 19}
2025-05-07 12:02:40,568 - INFO - 正在为时间段 727-782 生成可视化
2025-05-07 12:02:40,568 - INFO - 正在为时间段 727-782 生成异常图可视化
2025-05-07 12:02:40,568 - DEBUG - 创建包含 19 个节点的图结构
2025-05-07 12:02:40,569 - DEBUG - 边统计: 正常边 240 条, 异常边 32 条
2025-05-07 12:02:40,636 - DEBUG - 正在保存可视化结果到 ./visual/omi/neighbor_all/mean_ratio/omi-4/seg_0_727_782.png
2025-05-07 12:02:40,853 - INFO - 成功保存时间段 727-782 的可视化结果
2025-05-07 12:02:40,853 - INFO - 
正在处理时间段 2/5: 843-857
2025-05-07 12:02:40,853 - INFO - 该时间段的真实异常节点: {6, 7, 8, 9, 10, 11, 12, 13, 14, 15, 16, 17, 18, 19}
2025-05-07 12:02:40,853 - INFO - 正在计算异常分数...
2025-05-07 12:02:40,862 - INFO - 检测到的异常节点: {4, 5, 6, 7, 8, 9, 10, 11, 12, 13, 14, 15, 16, 17, 18, 19}
2025-05-07 12:02:40,862 - INFO - 正在为时间段 843-857 生成可视化
2025-05-07 12:02:40,862 - INFO - 正在为时间段 843-857 生成异常图可视化
2025-05-07 12:02:40,862 - DEBUG - 创建包含 19 个节点的图结构
2025-05-07 12:02:40,863 - DEBUG - 边统计: 正常边 236 条, 异常边 4 条
2025-05-07 12:02:40,997 - DEBUG - 正在保存可视化结果到 ./visual/omi/neighbor_all/mean_ratio/omi-4/seg_1_843_857.png
2025-05-07 12:02:41,201 - INFO - 成功保存时间段 843-857 的可视化结果
2025-05-07 12:02:41,201 - INFO - 
正在处理时间段 3/5: 2178-2238
2025-05-07 12:02:41,201 - INFO - 该时间段的真实异常节点: {8, 9, 10, 11, 12, 13, 14, 15, 16, 17, 18, 19}
2025-05-07 12:02:41,201 - INFO - 正在计算异常分数...
2025-05-07 12:02:41,242 - INFO - 检测到的异常节点: {1, 4, 5, 6, 7, 8, 9, 10, 11, 12, 13, 14, 15, 16, 17, 18, 19}
2025-05-07 12:02:41,242 - INFO - 正在为时间段 2178-2238 生成可视化
2025-05-07 12:02:41,242 - INFO - 正在为时间段 2178-2238 生成异常图可视化
2025-05-07 12:02:41,243 - DEBUG - 创建包含 19 个节点的图结构
2025-05-07 12:02:41,243 - DEBUG - 边统计: 正常边 272 条, 异常边 0 条
2025-05-07 12:02:41,299 - DEBUG - 正在保存可视化结果到 ./visual/omi/neighbor_all/mean_ratio/omi-4/seg_2_2178_2238.png
2025-05-07 12:02:41,510 - INFO - 成功保存时间段 2178-2238 的可视化结果
2025-05-07 12:02:41,510 - INFO - 
正在处理时间段 4/5: 2494-2501
2025-05-07 12:02:41,510 - INFO - 该时间段的真实异常节点: {7, 9, 10, 11, 12, 13, 14, 15, 16, 17, 18, 19}
2025-05-07 12:02:41,510 - INFO - 正在计算异常分数...
2025-05-07 12:02:41,513 - INFO - 检测到的异常节点: {6, 7, 9, 10, 11, 12, 13, 14, 15, 16, 17, 18, 19}
2025-05-07 12:02:41,514 - INFO - 正在为时间段 2494-2501 生成可视化
2025-05-07 12:02:41,514 - INFO - 正在为时间段 2494-2501 生成异常图可视化
2025-05-07 12:02:41,514 - DEBUG - 创建包含 19 个节点的图结构
2025-05-07 12:02:41,515 - DEBUG - 边统计: 正常边 218 条, 异常边 22 条
2025-05-07 12:02:41,571 - DEBUG - 正在保存可视化结果到 ./visual/omi/neighbor_all/mean_ratio/omi-4/seg_3_2494_2501.png
2025-05-07 12:02:41,768 - INFO - 成功保存时间段 2494-2501 的可视化结果
2025-05-07 12:02:41,769 - INFO - 
正在处理时间段 5/5: 3425-3435
2025-05-07 12:02:41,769 - INFO - 该时间段的真实异常节点: {7, 8, 9, 10, 11, 12, 13, 14, 15, 16, 17, 18, 19}
2025-05-07 12:02:41,769 - INFO - 正在计算异常分数...
2025-05-07 12:02:41,774 - INFO - 检测到的异常节点: {1, 4, 5, 6, 7, 8, 9, 10, 11, 12, 13, 14, 15, 16, 17, 18, 19}
2025-05-07 12:02:41,774 - INFO - 正在为时间段 3425-3435 生成可视化
2025-05-07 12:02:41,774 - INFO - 正在为时间段 3425-3435 生成异常图可视化
2025-05-07 12:02:41,775 - DEBUG - 创建包含 19 个节点的图结构
2025-05-07 12:02:41,776 - DEBUG - 边统计: 正常边 252 条, 异常边 20 条
2025-05-07 12:02:41,829 - DEBUG - 正在保存可视化结果到 ./visual/omi/neighbor_all/mean_ratio/omi-4/seg_4_3425_3435.png
2025-05-07 12:02:42,029 - INFO - 成功保存时间段 3425-3435 的可视化结果
2025-05-07 12:02:42,029 - INFO - 正在从 ./visual/omi/neighbor_all/mean_ratio/omi-4 中的图像创建GIF
2025-05-07 12:02:42,315 - INFO - GIF已保存到 ./visual/omi/neighbor_all/mean_ratio/omi-4/omi-4.gif
2025-05-07 12:02:42,315 - INFO - 
==================================================
2025-05-07 12:02:42,316 - INFO - 开始数据集可视化: omi-5
2025-05-07 12:02:42,316 - INFO - 使用参数: 评分模式=mean_ratio, all=None, 阈值=0.0
2025-05-07 12:02:42,316 - INFO - ==================================================

2025-05-07 12:02:42,316 - INFO - 正在加载数据集 omi-5 的数据
2025-05-07 12:02:42,317 - INFO - 数据加载成功。训练集形状: (8640, 19), 测试集形状: (4320, 19)
2025-05-07 12:02:42,317 - INFO - 正在计算边缘统计量...
2025-05-07 12:02:45,176 - INFO - 已计算 153 条边的统计量
2025-05-07 12:02:45,176 - INFO - 为每个节点使用所有邻居
2025-05-07 12:02:45,176 - INFO - 可视化结果将保存到: ./visual/omi/neighbor_all/mean_ratio/omi-5
2025-05-07 12:02:45,177 - INFO - 在数据集中发现 6 个异常时间段
2025-05-07 12:02:45,177 - INFO - 
正在处理时间段 1/6: 765-781
2025-05-07 12:02:45,177 - INFO - 该时间段的真实异常节点: {6, 7, 8, 9, 10, 11, 12, 13, 14, 15, 16, 17, 18, 19}
2025-05-07 12:02:45,177 - INFO - 正在计算异常分数...
2025-05-07 12:02:45,187 - INFO - 检测到的异常节点: {1, 2, 5, 6, 7, 8, 9, 10, 11, 12, 13, 14, 15, 16, 17, 18, 19}
2025-05-07 12:02:45,187 - INFO - 正在为时间段 765-781 生成可视化
2025-05-07 12:02:45,187 - INFO - 正在为时间段 765-781 生成异常图可视化
2025-05-07 12:02:45,187 - DEBUG - 创建包含 19 个节点的图结构
2025-05-07 12:02:45,188 - DEBUG - 边统计: 正常边 214 条, 异常边 92 条
2025-05-07 12:02:45,243 - DEBUG - 正在保存可视化结果到 ./visual/omi/neighbor_all/mean_ratio/omi-5/seg_0_765_781.png
2025-05-07 12:02:45,459 - INFO - 成功保存时间段 765-781 的可视化结果
2025-05-07 12:02:45,459 - INFO - 
正在处理时间段 2/6: 1589-1617
2025-05-07 12:02:45,460 - INFO - 该时间段的真实异常节点: {17, 2, 4}
2025-05-07 12:02:45,460 - INFO - 正在计算异常分数...
2025-05-07 12:02:45,481 - INFO - 检测到的异常节点: {1, 2, 4, 5, 6, 7, 8, 9, 10, 11, 12, 13, 14, 15, 16, 17, 18, 19}
2025-05-07 12:02:45,482 - INFO - 正在为时间段 1589-1617 生成可视化
2025-05-07 12:02:45,482 - INFO - 正在为时间段 1589-1617 生成异常图可视化
2025-05-07 12:02:45,482 - DEBUG - 创建包含 19 个节点的图结构
2025-05-07 12:02:45,483 - DEBUG - 边统计: 正常边 270 条, 异常边 36 条
2025-05-07 12:02:45,538 - DEBUG - 正在保存可视化结果到 ./visual/omi/neighbor_all/mean_ratio/omi-5/seg_1_1589_1617.png
2025-05-07 12:02:45,753 - INFO - 成功保存时间段 1589-1617 的可视化结果
2025-05-07 12:02:45,753 - INFO - 
正在处理时间段 3/6: 2440-2446
2025-05-07 12:02:45,753 - INFO - 该时间段的真实异常节点: {8, 11, 12, 13, 14, 15, 16, 17, 18, 19}
2025-05-07 12:02:45,753 - INFO - 正在计算异常分数...
2025-05-07 12:02:45,756 - INFO - 检测到的异常节点: {1, 4, 5, 6, 7, 8, 9, 10, 11, 12, 13, 14, 15, 16, 17, 18, 19}
2025-05-07 12:02:45,756 - INFO - 正在为时间段 2440-2446 生成可视化
2025-05-07 12:02:45,756 - INFO - 正在为时间段 2440-2446 生成异常图可视化
2025-05-07 12:02:45,756 - DEBUG - 创建包含 19 个节点的图结构
2025-05-07 12:02:45,757 - DEBUG - 边统计: 正常边 246 条, 异常边 60 条
2025-05-07 12:02:45,811 - DEBUG - 正在保存可视化结果到 ./visual/omi/neighbor_all/mean_ratio/omi-5/seg_2_2440_2446.png
2025-05-07 12:02:46,035 - INFO - 成功保存时间段 2440-2446 的可视化结果
2025-05-07 12:02:46,035 - INFO - 
正在处理时间段 4/6: 3356-3363
2025-05-07 12:02:46,035 - INFO - 该时间段的真实异常节点: {17, 5, 6}
2025-05-07 12:02:46,035 - INFO - 正在计算异常分数...
2025-05-07 12:02:46,039 - INFO - 检测到的异常节点: {1, 4, 5, 6, 7, 8, 9, 10, 11, 12, 13, 14, 15, 16, 17, 18, 19}
2025-05-07 12:02:46,039 - INFO - 正在为时间段 3356-3363 生成可视化
2025-05-07 12:02:46,039 - INFO - 正在为时间段 3356-3363 生成异常图可视化
2025-05-07 12:02:46,039 - DEBUG - 创建包含 19 个节点的图结构
2025-05-07 12:02:46,041 - DEBUG - 边统计: 正常边 260 条, 异常边 46 条
2025-05-07 12:02:46,104 - DEBUG - 正在保存可视化结果到 ./visual/omi/neighbor_all/mean_ratio/omi-5/seg_3_3356_3363.png
2025-05-07 12:02:46,337 - INFO - 成功保存时间段 3356-3363 的可视化结果
2025-05-07 12:02:46,337 - INFO - 
正在处理时间段 5/6: 3416-3423
2025-05-07 12:02:46,337 - INFO - 该时间段的真实异常节点: {4, 5, 7, 9, 10, 11, 12, 13, 14, 15, 16, 17, 18, 19}
2025-05-07 12:02:46,337 - INFO - 正在计算异常分数...
2025-05-07 12:02:46,341 - INFO - 检测到的异常节点: {1, 4, 5, 6, 7, 8, 9, 10, 11, 12, 13, 14, 15, 16, 17, 18, 19}
2025-05-07 12:02:46,341 - INFO - 正在为时间段 3416-3423 生成可视化
2025-05-07 12:02:46,341 - INFO - 正在为时间段 3416-3423 生成异常图可视化
2025-05-07 12:02:46,341 - DEBUG - 创建包含 19 个节点的图结构
2025-05-07 12:02:46,342 - DEBUG - 边统计: 正常边 294 条, 异常边 12 条
2025-05-07 12:02:46,394 - DEBUG - 正在保存可视化结果到 ./visual/omi/neighbor_all/mean_ratio/omi-5/seg_4_3416_3423.png
2025-05-07 12:02:46,605 - INFO - 成功保存时间段 3416-3423 的可视化结果
2025-05-07 12:02:46,605 - INFO - 
正在处理时间段 6/6: 3590-3594
2025-05-07 12:02:46,605 - INFO - 该时间段的真实异常节点: {1, 8, 17, 18, 19}
2025-05-07 12:02:46,605 - INFO - 正在计算异常分数...
2025-05-07 12:02:46,606 - INFO - 检测到的异常节点: {1, 4, 5, 6, 7, 8, 9, 10, 11, 12, 13, 14, 15, 16, 17, 18, 19}
2025-05-07 12:02:46,606 - INFO - 正在为时间段 3590-3594 生成可视化
2025-05-07 12:02:46,606 - INFO - 正在为时间段 3590-3594 生成异常图可视化
2025-05-07 12:02:46,606 - DEBUG - 创建包含 19 个节点的图结构
2025-05-07 12:02:46,607 - DEBUG - 边统计: 正常边 232 条, 异常边 74 条
2025-05-07 12:02:46,659 - DEBUG - 正在保存可视化结果到 ./visual/omi/neighbor_all/mean_ratio/omi-5/seg_5_3590_3594.png
2025-05-07 12:02:46,873 - INFO - 成功保存时间段 3590-3594 的可视化结果
2025-05-07 12:02:46,873 - INFO - 正在从 ./visual/omi/neighbor_all/mean_ratio/omi-5 中的图像创建GIF
2025-05-07 12:02:47,230 - INFO - GIF已保存到 ./visual/omi/neighbor_all/mean_ratio/omi-5/omi-5.gif
2025-05-07 12:02:47,231 - INFO - 
==================================================
2025-05-07 12:02:47,231 - INFO - 开始数据集可视化: omi-6
2025-05-07 12:02:47,231 - INFO - 使用参数: 评分模式=mean_ratio, all=None, 阈值=7.0
2025-05-07 12:02:47,231 - INFO - ==================================================

2025-05-07 12:02:47,231 - INFO - 正在加载数据集 omi-6 的数据
2025-05-07 12:02:47,232 - INFO - 数据加载成功。训练集形状: (8640, 19), 测试集形状: (4320, 19)
2025-05-07 12:02:47,232 - INFO - 正在计算边缘统计量...
2025-05-07 12:02:49,966 - INFO - 已计算 153 条边的统计量
2025-05-07 12:02:49,966 - INFO - 为每个节点使用所有邻居
2025-05-07 12:02:49,966 - INFO - 可视化结果将保存到: ./visual/omi/neighbor_all/mean_ratio/omi-6
2025-05-07 12:02:49,967 - INFO - 在数据集中发现 10 个异常时间段
2025-05-07 12:02:49,967 - INFO - 
正在处理时间段 1/10: 357-392
2025-05-07 12:02:49,967 - INFO - 该时间段的真实异常节点: {19, 4}
2025-05-07 12:02:49,967 - INFO - 正在计算异常分数...
2025-05-07 12:02:49,990 - INFO - 检测到的异常节点: {1, 4, 5, 6, 7, 8, 9, 10, 11, 12, 13, 14, 15, 16, 17, 18, 19}
2025-05-07 12:02:49,990 - INFO - 正在为时间段 357-392 生成可视化
2025-05-07 12:02:49,991 - INFO - 正在为时间段 357-392 生成异常图可视化
2025-05-07 12:02:49,991 - DEBUG - 创建包含 19 个节点的图结构
2025-05-07 12:02:49,992 - DEBUG - 边统计: 正常边 254 条, 异常边 18 条
2025-05-07 12:02:50,054 - DEBUG - 正在保存可视化结果到 ./visual/omi/neighbor_all/mean_ratio/omi-6/seg_0_357_392.png
2025-05-07 12:02:50,268 - INFO - 成功保存时间段 357-392 的可视化结果
2025-05-07 12:02:50,269 - INFO - 
正在处理时间段 2/10: 750-788
2025-05-07 12:02:50,269 - INFO - 该时间段的真实异常节点: {2, 6, 7, 8, 9, 10, 11, 12, 13, 14, 15, 16, 17, 18, 19}
2025-05-07 12:02:50,269 - INFO - 正在计算异常分数...
2025-05-07 12:02:50,296 - INFO - 检测到的异常节点: {1, 4, 5, 6, 7, 8, 9, 10, 11, 12, 13, 14, 15, 16, 17, 18, 19}
2025-05-07 12:02:50,296 - INFO - 正在为时间段 750-788 生成可视化
2025-05-07 12:02:50,296 - INFO - 正在为时间段 750-788 生成异常图可视化
2025-05-07 12:02:50,296 - DEBUG - 创建包含 19 个节点的图结构
2025-05-07 12:02:50,297 - DEBUG - 边统计: 正常边 184 条, 异常边 88 条
2025-05-07 12:02:50,449 - DEBUG - 正在保存可视化结果到 ./visual/omi/neighbor_all/mean_ratio/omi-6/seg_1_750_788.png
2025-05-07 12:02:50,657 - INFO - 成功保存时间段 750-788 的可视化结果
2025-05-07 12:02:50,657 - INFO - 
正在处理时间段 3/10: 1278-1293
2025-05-07 12:02:50,658 - INFO - 该时间段的真实异常节点: {4, 5, 6, 8, 17}
2025-05-07 12:02:50,658 - INFO - 正在计算异常分数...
2025-05-07 12:02:50,667 - INFO - 检测到的异常节点: {1, 4, 5, 6, 7, 8, 9, 10, 11, 12, 13, 14, 15, 16, 17, 18, 19}
2025-05-07 12:02:50,667 - INFO - 正在为时间段 1278-1293 生成可视化
2025-05-07 12:02:50,667 - INFO - 正在为时间段 1278-1293 生成异常图可视化
2025-05-07 12:02:50,667 - DEBUG - 创建包含 19 个节点的图结构
2025-05-07 12:02:50,668 - DEBUG - 边统计: 正常边 270 条, 异常边 2 条
2025-05-07 12:02:50,723 - DEBUG - 正在保存可视化结果到 ./visual/omi/neighbor_all/mean_ratio/omi-6/seg_2_1278_1293.png
2025-05-07 12:02:50,930 - INFO - 成功保存时间段 1278-1293 的可视化结果
2025-05-07 12:02:50,931 - INFO - 
正在处理时间段 4/10: 1590-1615
2025-05-07 12:02:50,931 - INFO - 该时间段的真实异常节点: {1, 18, 9}
2025-05-07 12:02:50,931 - INFO - 正在计算异常分数...
2025-05-07 12:02:50,947 - INFO - 检测到的异常节点: {1, 4, 5, 6, 7, 8, 9, 10, 11, 12, 13, 14, 15, 16, 17, 18, 19}
2025-05-07 12:02:50,947 - INFO - 正在为时间段 1590-1615 生成可视化
2025-05-07 12:02:50,947 - INFO - 正在为时间段 1590-1615 生成异常图可视化
2025-05-07 12:02:50,947 - DEBUG - 创建包含 19 个节点的图结构
2025-05-07 12:02:50,948 - DEBUG - 边统计: 正常边 272 条, 异常边 0 条
2025-05-07 12:02:51,004 - DEBUG - 正在保存可视化结果到 ./visual/omi/neighbor_all/mean_ratio/omi-6/seg_3_1590_1615.png
2025-05-07 12:02:51,244 - INFO - 成功保存时间段 1590-1615 的可视化结果
2025-05-07 12:02:51,244 - INFO - 
正在处理时间段 5/10: 2592-2604
2025-05-07 12:02:51,244 - INFO - 该时间段的真实异常节点: {9, 4, 6}
2025-05-07 12:02:51,244 - INFO - 正在计算异常分数...
2025-05-07 12:02:51,252 - INFO - 检测到的异常节点: {4, 5, 6, 7, 8, 9, 10, 11, 12, 13, 14, 15, 16, 17, 18, 19}
2025-05-07 12:02:51,252 - INFO - 正在为时间段 2592-2604 生成可视化
2025-05-07 12:02:51,252 - INFO - 正在为时间段 2592-2604 生成异常图可视化
2025-05-07 12:02:51,252 - DEBUG - 创建包含 19 个节点的图结构
2025-05-07 12:02:51,253 - DEBUG - 边统计: 正常边 236 条, 异常边 4 条
2025-05-07 12:02:51,310 - DEBUG - 正在保存可视化结果到 ./visual/omi/neighbor_all/mean_ratio/omi-6/seg_4_2592_2604.png
2025-05-07 12:02:51,511 - INFO - 成功保存时间段 2592-2604 的可视化结果
2025-05-07 12:02:51,511 - INFO - 
正在处理时间段 6/10: 2734-2765
2025-05-07 12:02:51,511 - INFO - 该时间段的真实异常节点: {8, 19, 4, 6}
2025-05-07 12:02:51,511 - INFO - 正在计算异常分数...
2025-05-07 12:02:51,538 - INFO - 检测到的异常节点: {1, 4, 5, 6, 7, 8, 9, 10, 11, 12, 13, 14, 15, 16, 17, 18, 19}
2025-05-07 12:02:51,539 - INFO - 正在为时间段 2734-2765 生成可视化
2025-05-07 12:02:51,539 - INFO - 正在为时间段 2734-2765 生成异常图可视化
2025-05-07 12:02:51,539 - DEBUG - 创建包含 19 个节点的图结构
2025-05-07 12:02:51,540 - DEBUG - 边统计: 正常边 270 条, 异常边 2 条
2025-05-07 12:02:51,614 - DEBUG - 正在保存可视化结果到 ./visual/omi/neighbor_all/mean_ratio/omi-6/seg_5_2734_2765.png
2025-05-07 12:02:51,852 - INFO - 成功保存时间段 2734-2765 的可视化结果
2025-05-07 12:02:51,852 - INFO - 
正在处理时间段 7/10: 3066-3072
2025-05-07 12:02:51,852 - INFO - 该时间段的真实异常节点: {19, 4, 6}
2025-05-07 12:02:51,852 - INFO - 正在计算异常分数...
2025-05-07 12:02:51,855 - INFO - 检测到的异常节点: {1, 4, 5, 6, 7, 8, 10, 11, 12, 13, 14, 15, 16, 17, 18, 19}
2025-05-07 12:02:51,855 - INFO - 正在为时间段 3066-3072 生成可视化
2025-05-07 12:02:51,855 - INFO - 正在为时间段 3066-3072 生成异常图可视化
2025-05-07 12:02:51,855 - DEBUG - 创建包含 19 个节点的图结构
2025-05-07 12:02:51,856 - DEBUG - 边统计: 正常边 230 条, 异常边 42 条
2025-05-07 12:02:51,912 - DEBUG - 正在保存可视化结果到 ./visual/omi/neighbor_all/mean_ratio/omi-6/seg_6_3066_3072.png
2025-05-07 12:02:52,113 - INFO - 成功保存时间段 3066-3072 的可视化结果
2025-05-07 12:02:52,113 - INFO - 
正在处理时间段 8/10: 3596-3605
2025-05-07 12:02:52,114 - INFO - 该时间段的真实异常节点: {19, 4, 5, 6}
2025-05-07 12:02:52,114 - INFO - 正在计算异常分数...
2025-05-07 12:02:52,118 - INFO - 检测到的异常节点: {1, 4, 5, 6, 7, 8, 9, 10, 11, 12, 13, 14, 15, 16, 17, 18, 19}
2025-05-07 12:02:52,118 - INFO - 正在为时间段 3596-3605 生成可视化
2025-05-07 12:02:52,118 - INFO - 正在为时间段 3596-3605 生成异常图可视化
2025-05-07 12:02:52,118 - DEBUG - 创建包含 19 个节点的图结构
2025-05-07 12:02:52,119 - DEBUG - 边统计: 正常边 272 条, 异常边 0 条
2025-05-07 12:02:52,173 - DEBUG - 正在保存可视化结果到 ./visual/omi/neighbor_all/mean_ratio/omi-6/seg_7_3596_3605.png
2025-05-07 12:02:52,373 - INFO - 成功保存时间段 3596-3605 的可视化结果
2025-05-07 12:02:52,373 - INFO - 
正在处理时间段 9/10: 3610-3622
2025-05-07 12:02:52,373 - INFO - 该时间段的真实异常节点: {1, 4, 5}
2025-05-07 12:02:52,373 - INFO - 正在计算异常分数...
2025-05-07 12:02:52,380 - INFO - 检测到的异常节点: {1, 4, 5, 6, 7, 8, 9, 10, 11, 12, 13, 14, 15, 16, 17, 18, 19}
2025-05-07 12:02:52,380 - INFO - 正在为时间段 3610-3622 生成可视化
2025-05-07 12:02:52,380 - INFO - 正在为时间段 3610-3622 生成异常图可视化
2025-05-07 12:02:52,380 - DEBUG - 创建包含 19 个节点的图结构
2025-05-07 12:02:52,381 - DEBUG - 边统计: 正常边 272 条, 异常边 0 条
2025-05-07 12:02:52,434 - DEBUG - 正在保存可视化结果到 ./visual/omi/neighbor_all/mean_ratio/omi-6/seg_8_3610_3622.png
2025-05-07 12:02:52,635 - INFO - 成功保存时间段 3610-3622 的可视化结果
2025-05-07 12:02:52,635 - INFO - 
正在处理时间段 10/10: 4159-4164
2025-05-07 12:02:52,635 - INFO - 该时间段的真实异常节点: {4, 5}
2025-05-07 12:02:52,635 - INFO - 正在计算异常分数...
2025-05-07 12:02:52,637 - INFO - 检测到的异常节点: {1, 4, 5, 6, 7, 8, 9, 10, 11, 13, 14, 15, 17, 18}
2025-05-07 12:02:52,637 - INFO - 正在为时间段 4159-4164 生成可视化
2025-05-07 12:02:52,637 - INFO - 正在为时间段 4159-4164 生成异常图可视化
2025-05-07 12:02:52,637 - DEBUG - 创建包含 19 个节点的图结构
2025-05-07 12:02:52,638 - DEBUG - 边统计: 正常边 248 条, 异常边 24 条
2025-05-07 12:02:52,691 - DEBUG - 正在保存可视化结果到 ./visual/omi/neighbor_all/mean_ratio/omi-6/seg_9_4159_4164.png
2025-05-07 12:02:52,892 - INFO - 成功保存时间段 4159-4164 的可视化结果
2025-05-07 12:02:52,893 - INFO - 正在从 ./visual/omi/neighbor_all/mean_ratio/omi-6 中的图像创建GIF
2025-05-07 12:02:53,484 - INFO - GIF已保存到 ./visual/omi/neighbor_all/mean_ratio/omi-6/omi-6.gif
2025-05-07 12:02:53,486 - INFO - 
==================================================
2025-05-07 12:02:53,486 - INFO - 开始数据集可视化: omi-7
2025-05-07 12:02:53,486 - INFO - 使用参数: 评分模式=mean_ratio, all=None, 阈值=2.5
2025-05-07 12:02:53,486 - INFO - ==================================================

2025-05-07 12:02:53,486 - INFO - 正在加载数据集 omi-7 的数据
2025-05-07 12:02:53,487 - INFO - 数据加载成功。训练集形状: (8640, 19), 测试集形状: (4320, 19)
2025-05-07 12:02:53,487 - INFO - 正在计算边缘统计量...
2025-05-07 12:02:56,034 - INFO - 已计算 136 条边的统计量
2025-05-07 12:02:56,034 - INFO - 为每个节点使用所有邻居
2025-05-07 12:02:56,034 - INFO - 可视化结果将保存到: ./visual/omi/neighbor_all/mean_ratio/omi-7
2025-05-07 12:02:56,035 - INFO - 在数据集中发现 3 个异常时间段
2025-05-07 12:02:56,035 - INFO - 
正在处理时间段 1/3: 738-778
2025-05-07 12:02:56,035 - INFO - 该时间段的真实异常节点: {1, 2, 4, 6, 7, 8, 9, 10, 11, 12, 13, 14, 15, 16, 17, 18, 19}
2025-05-07 12:02:56,035 - INFO - 正在计算异常分数...
2025-05-07 12:02:56,061 - INFO - 检测到的异常节点: {1, 4, 5, 6, 7, 8, 9, 10, 11, 12, 13, 14, 15, 16, 17, 18, 19}
2025-05-07 12:02:56,061 - INFO - 正在为时间段 738-778 生成可视化
2025-05-07 12:02:56,061 - INFO - 正在为时间段 738-778 生成异常图可视化
2025-05-07 12:02:56,061 - DEBUG - 创建包含 19 个节点的图结构
2025-05-07 12:02:56,062 - DEBUG - 边统计: 正常边 166 条, 异常边 106 条
2025-05-07 12:02:56,125 - DEBUG - 正在保存可视化结果到 ./visual/omi/neighbor_all/mean_ratio/omi-7/seg_0_738_778.png
2025-05-07 12:02:56,338 - INFO - 成功保存时间段 738-778 的可视化结果
2025-05-07 12:02:56,338 - INFO - 
正在处理时间段 2/3: 1625-1660
2025-05-07 12:02:56,338 - INFO - 该时间段的真实异常节点: {7, 10, 11, 12, 13, 14, 15, 16, 17, 18, 19}
2025-05-07 12:02:56,338 - INFO - 正在计算异常分数...
2025-05-07 12:02:56,363 - INFO - 检测到的异常节点: {5, 7, 8, 9, 10, 11, 12, 13, 14, 15, 16, 17, 18, 19}
2025-05-07 12:02:56,363 - INFO - 正在为时间段 1625-1660 生成可视化
2025-05-07 12:02:56,363 - INFO - 正在为时间段 1625-1660 生成异常图可视化
2025-05-07 12:02:56,363 - DEBUG - 创建包含 19 个节点的图结构
2025-05-07 12:02:56,364 - DEBUG - 边统计: 正常边 130 条, 异常边 52 条
2025-05-07 12:02:56,418 - DEBUG - 正在保存可视化结果到 ./visual/omi/neighbor_all/mean_ratio/omi-7/seg_1_1625_1660.png
2025-05-07 12:02:56,661 - INFO - 成功保存时间段 1625-1660 的可视化结果
2025-05-07 12:02:56,661 - INFO - 
正在处理时间段 3/3: 3311-3320
2025-05-07 12:02:56,661 - INFO - 该时间段的真实异常节点: {7, 10, 11, 12, 13, 14, 15, 16, 17, 18, 19}
2025-05-07 12:02:56,661 - INFO - 正在计算异常分数...
2025-05-07 12:02:56,666 - INFO - 检测到的异常节点: {7, 10, 11, 12, 13, 14, 15, 16, 17, 18, 19}
2025-05-07 12:02:56,666 - INFO - 正在为时间段 3311-3320 生成可视化
2025-05-07 12:02:56,666 - INFO - 正在为时间段 3311-3320 生成异常图可视化
2025-05-07 12:02:56,667 - DEBUG - 创建包含 19 个节点的图结构
2025-05-07 12:02:56,668 - DEBUG - 边统计: 正常边 188 条, 异常边 22 条
2025-05-07 12:02:56,722 - DEBUG - 正在保存可视化结果到 ./visual/omi/neighbor_all/mean_ratio/omi-7/seg_2_3311_3320.png
2025-05-07 12:02:56,928 - INFO - 成功保存时间段 3311-3320 的可视化结果
2025-05-07 12:02:56,928 - INFO - 正在从 ./visual/omi/neighbor_all/mean_ratio/omi-7 中的图像创建GIF
2025-05-07 12:02:57,099 - INFO - GIF已保存到 ./visual/omi/neighbor_all/mean_ratio/omi-7/omi-7.gif
2025-05-07 12:02:57,101 - INFO - 
==================================================
2025-05-07 12:02:57,101 - INFO - 开始数据集可视化: omi-8
2025-05-07 12:02:57,101 - INFO - 使用参数: 评分模式=mean_ratio, all=None, 阈值=6.0
2025-05-07 12:02:57,101 - INFO - ==================================================

2025-05-07 12:02:57,101 - INFO - 正在加载数据集 omi-8 的数据
2025-05-07 12:02:57,103 - INFO - 数据加载成功。训练集形状: (8640, 19), 测试集形状: (4320, 19)
2025-05-07 12:02:57,103 - INFO - 正在计算边缘统计量...
2025-05-07 12:02:59,598 - INFO - 已计算 136 条边的统计量
2025-05-07 12:02:59,599 - INFO - 为每个节点使用所有邻居
2025-05-07 12:02:59,599 - INFO - 可视化结果将保存到: ./visual/omi/neighbor_all/mean_ratio/omi-8
2025-05-07 12:02:59,600 - INFO - 在数据集中发现 5 个异常时间段
2025-05-07 12:02:59,600 - INFO - 
正在处理时间段 1/5: 740-753
2025-05-07 12:02:59,600 - INFO - 该时间段的真实异常节点: {2, 4}
2025-05-07 12:02:59,600 - INFO - 正在计算异常分数...
2025-05-07 12:02:59,607 - INFO - 检测到的异常节点: {1, 4, 6, 7, 8, 9, 10, 11, 12, 13, 14, 15, 16, 17, 18, 19}
2025-05-07 12:02:59,607 - INFO - 正在为时间段 740-753 生成可视化
2025-05-07 12:02:59,607 - INFO - 正在为时间段 740-753 生成异常图可视化
2025-05-07 12:02:59,608 - DEBUG - 创建包含 19 个节点的图结构
2025-05-07 12:02:59,609 - DEBUG - 边统计: 正常边 238 条, 异常边 2 条
2025-05-07 12:02:59,798 - DEBUG - 正在保存可视化结果到 ./visual/omi/neighbor_all/mean_ratio/omi-8/seg_0_740_753.png
2025-05-07 12:03:00,020 - INFO - 成功保存时间段 740-753 的可视化结果
2025-05-07 12:03:00,020 - INFO - 
正在处理时间段 2/5: 764-780
2025-05-07 12:03:00,021 - INFO - 该时间段的真实异常节点: {6, 7, 8, 9, 10, 11, 12, 13, 14, 15, 16, 17, 18, 19}
2025-05-07 12:03:00,021 - INFO - 正在计算异常分数...
2025-05-07 12:03:00,030 - INFO - 检测到的异常节点: {1, 6, 7, 8, 9, 10, 11, 12, 13, 14, 15, 16, 17, 18, 19}
2025-05-07 12:03:00,030 - INFO - 正在为时间段 764-780 生成可视化
2025-05-07 12:03:00,030 - INFO - 正在为时间段 764-780 生成异常图可视化
2025-05-07 12:03:00,031 - DEBUG - 创建包含 19 个节点的图结构
2025-05-07 12:03:00,032 - DEBUG - 边统计: 正常边 146 条, 异常边 64 条
2025-05-07 12:03:00,093 - DEBUG - 正在保存可视化结果到 ./visual/omi/neighbor_all/mean_ratio/omi-8/seg_1_764_780.png
2025-05-07 12:03:00,296 - INFO - 成功保存时间段 764-780 的可视化结果
2025-05-07 12:03:00,296 - INFO - 
正在处理时间段 3/5: 2319-2325
2025-05-07 12:03:00,296 - INFO - 该时间段的真实异常节点: {4, 5, 6}
2025-05-07 12:03:00,296 - INFO - 正在计算异常分数...
2025-05-07 12:03:00,298 - INFO - 检测到的异常节点: {4, 5, 6, 7, 8, 9, 10, 11, 12, 13, 14, 15, 16, 17, 18, 19}
2025-05-07 12:03:00,298 - INFO - 正在为时间段 2319-2325 生成可视化
2025-05-07 12:03:00,299 - INFO - 正在为时间段 2319-2325 生成异常图可视化
2025-05-07 12:03:00,299 - DEBUG - 创建包含 19 个节点的图结构
2025-05-07 12:03:00,300 - DEBUG - 边统计: 正常边 228 条, 异常边 44 条
2025-05-07 12:03:00,356 - DEBUG - 正在保存可视化结果到 ./visual/omi/neighbor_all/mean_ratio/omi-8/seg_2_2319_2325.png
2025-05-07 12:03:00,558 - INFO - 成功保存时间段 2319-2325 的可视化结果
2025-05-07 12:03:00,558 - INFO - 
正在处理时间段 4/5: 2586-2675
2025-05-07 12:03:00,558 - INFO - 该时间段的真实异常节点: {5, 6, 8, 17, 18, 19}
2025-05-07 12:03:00,558 - INFO - 正在计算异常分数...
2025-05-07 12:03:00,623 - INFO - 检测到的异常节点: {1, 4, 5, 6, 7, 8, 9, 10, 11, 12, 13, 14, 15, 16, 17, 18, 19}
2025-05-07 12:03:00,623 - INFO - 正在为时间段 2586-2675 生成可视化
2025-05-07 12:03:00,623 - INFO - 正在为时间段 2586-2675 生成异常图可视化
2025-05-07 12:03:00,623 - DEBUG - 创建包含 19 个节点的图结构
2025-05-07 12:03:00,624 - DEBUG - 边统计: 正常边 260 条, 异常边 12 条
2025-05-07 12:03:00,680 - DEBUG - 正在保存可视化结果到 ./visual/omi/neighbor_all/mean_ratio/omi-8/seg_3_2586_2675.png
2025-05-07 12:03:00,881 - INFO - 成功保存时间段 2586-2675 的可视化结果
2025-05-07 12:03:00,881 - INFO - 
正在处理时间段 5/5: 2897-2956
2025-05-07 12:03:00,881 - INFO - 该时间段的真实异常节点: {2, 6, 8, 17, 18, 19}
2025-05-07 12:03:00,881 - INFO - 正在计算异常分数...
2025-05-07 12:03:00,922 - INFO - 检测到的异常节点: {1, 4, 5, 6, 7, 8, 9, 10, 11, 12, 13, 14, 15, 16, 17, 18, 19}
2025-05-07 12:03:00,922 - INFO - 正在为时间段 2897-2956 生成可视化
2025-05-07 12:03:00,922 - INFO - 正在为时间段 2897-2956 生成异常图可视化
2025-05-07 12:03:00,922 - DEBUG - 创建包含 19 个节点的图结构
2025-05-07 12:03:00,923 - DEBUG - 边统计: 正常边 230 条, 异常边 42 条
2025-05-07 12:03:00,979 - DEBUG - 正在保存可视化结果到 ./visual/omi/neighbor_all/mean_ratio/omi-8/seg_4_2897_2956.png
2025-05-07 12:03:01,180 - INFO - 成功保存时间段 2897-2956 的可视化结果
2025-05-07 12:03:01,180 - INFO - 正在从 ./visual/omi/neighbor_all/mean_ratio/omi-8 中的图像创建GIF
2025-05-07 12:03:01,478 - INFO - GIF已保存到 ./visual/omi/neighbor_all/mean_ratio/omi-8/omi-8.gif
2025-05-07 12:03:01,479 - INFO - 
==================================================
2025-05-07 12:03:01,479 - INFO - 开始数据集可视化: omi-9
2025-05-07 12:03:01,479 - INFO - 使用参数: 评分模式=mean_ratio, all=None, 阈值=0.0
2025-05-07 12:03:01,480 - INFO - ==================================================

2025-05-07 12:03:01,480 - INFO - 正在加载数据集 omi-9 的数据
2025-05-07 12:03:01,481 - INFO - 数据加载成功。训练集形状: (8640, 19), 测试集形状: (4320, 19)
2025-05-07 12:03:01,481 - INFO - 正在计算边缘统计量...
2025-05-07 12:03:03,942 - INFO - 已计算 136 条边的统计量
2025-05-07 12:03:03,942 - INFO - 为每个节点使用所有邻居
2025-05-07 12:03:03,943 - INFO - 可视化结果将保存到: ./visual/omi/neighbor_all/mean_ratio/omi-9
2025-05-07 12:03:03,944 - INFO - 在数据集中发现 8 个异常时间段
2025-05-07 12:03:03,944 - INFO - 
正在处理时间段 1/8: 738-756
2025-05-07 12:03:03,944 - INFO - 该时间段的真实异常节点: {2, 9, 10, 11, 12, 13, 14, 15, 16, 17, 18, 19}
2025-05-07 12:03:03,944 - INFO - 正在计算异常分数...
2025-05-07 12:03:03,954 - INFO - 检测到的异常节点: {1, 7, 8, 9, 10, 11, 12, 13, 14, 15, 16, 17, 18, 19}
2025-05-07 12:03:03,954 - INFO - 正在为时间段 738-756 生成可视化
2025-05-07 12:03:03,954 - INFO - 正在为时间段 738-756 生成异常图可视化
2025-05-07 12:03:03,954 - DEBUG - 创建包含 19 个节点的图结构
2025-05-07 12:03:03,955 - DEBUG - 边统计: 正常边 158 条, 异常边 24 条
2025-05-07 12:03:04,019 - DEBUG - 正在保存可视化结果到 ./visual/omi/neighbor_all/mean_ratio/omi-9/seg_0_738_756.png
2025-05-07 12:03:04,229 - INFO - 成功保存时间段 738-756 的可视化结果
2025-05-07 12:03:04,229 - INFO - 
正在处理时间段 2/8: 763-780
2025-05-07 12:03:04,229 - INFO - 该时间段的真实异常节点: {1, 6, 7, 8, 9, 10, 11, 12, 13, 14, 15, 16, 17, 18, 19}
2025-05-07 12:03:04,229 - INFO - 正在计算异常分数...
2025-05-07 12:03:04,239 - INFO - 检测到的异常节点: {1, 6, 7, 8, 9, 10, 11, 12, 13, 14, 15, 16, 17, 18, 19}
2025-05-07 12:03:04,239 - INFO - 正在为时间段 763-780 生成可视化
2025-05-07 12:03:04,239 - INFO - 正在为时间段 763-780 生成异常图可视化
2025-05-07 12:03:04,240 - DEBUG - 创建包含 19 个节点的图结构
2025-05-07 12:03:04,240 - DEBUG - 边统计: 正常边 118 条, 异常边 92 条
2025-05-07 12:03:04,297 - DEBUG - 正在保存可视化结果到 ./visual/omi/neighbor_all/mean_ratio/omi-9/seg_1_763_780.png
2025-05-07 12:03:04,501 - INFO - 成功保存时间段 763-780 的可视化结果
2025-05-07 12:03:04,501 - INFO - 
正在处理时间段 3/8: 2514-2524
2025-05-07 12:03:04,501 - INFO - 该时间段的真实异常节点: {1, 4, 5, 7, 8, 9, 17, 18}
2025-05-07 12:03:04,501 - INFO - 正在计算异常分数...
2025-05-07 12:03:04,507 - INFO - 检测到的异常节点: {1, 4, 5, 6, 7, 8, 9, 10, 11, 12, 13, 14, 15, 16, 17, 18, 19}
2025-05-07 12:03:04,507 - INFO - 正在为时间段 2514-2524 生成可视化
2025-05-07 12:03:04,507 - INFO - 正在为时间段 2514-2524 生成异常图可视化
2025-05-07 12:03:04,507 - DEBUG - 创建包含 19 个节点的图结构
2025-05-07 12:03:04,508 - DEBUG - 边统计: 正常边 210 条, 异常边 62 条
2025-05-07 12:03:04,561 - DEBUG - 正在保存可视化结果到 ./visual/omi/neighbor_all/mean_ratio/omi-9/seg_2_2514_2524.png
2025-05-07 12:03:04,764 - INFO - 成功保存时间段 2514-2524 的可视化结果
2025-05-07 12:03:04,764 - INFO - 
正在处理时间段 4/8: 2603-2668
2025-05-07 12:03:04,764 - INFO - 该时间段的真实异常节点: {1, 2, 5, 6, 8, 17, 18, 19}
2025-05-07 12:03:04,764 - INFO - 正在计算异常分数...
2025-05-07 12:03:04,807 - INFO - 检测到的异常节点: {1, 4, 5, 6, 7, 8, 9, 10, 11, 12, 13, 14, 15, 16, 17, 18, 19}
2025-05-07 12:03:04,807 - INFO - 正在为时间段 2603-2668 生成可视化
2025-05-07 12:03:04,807 - INFO - 正在为时间段 2603-2668 生成异常图可视化
2025-05-07 12:03:04,808 - DEBUG - 创建包含 19 个节点的图结构
2025-05-07 12:03:04,809 - DEBUG - 边统计: 正常边 212 条, 异常边 60 条
2025-05-07 12:03:04,861 - DEBUG - 正在保存可视化结果到 ./visual/omi/neighbor_all/mean_ratio/omi-9/seg_3_2603_2668.png
2025-05-07 12:03:05,070 - INFO - 成功保存时间段 2603-2668 的可视化结果
2025-05-07 12:03:05,070 - INFO - 
正在处理时间段 5/8: 2918-2958
2025-05-07 12:03:05,070 - INFO - 该时间段的真实异常节点: {1, 2, 5, 6, 8, 17, 18, 19}
2025-05-07 12:03:05,070 - INFO - 正在计算异常分数...
2025-05-07 12:03:05,095 - INFO - 检测到的异常节点: {1, 4, 5, 6, 7, 8, 9, 10, 11, 12, 13, 14, 15, 16, 17, 18, 19}
2025-05-07 12:03:05,095 - INFO - 正在为时间段 2918-2958 生成可视化
2025-05-07 12:03:05,096 - INFO - 正在为时间段 2918-2958 生成异常图可视化
2025-05-07 12:03:05,096 - DEBUG - 创建包含 19 个节点的图结构
2025-05-07 12:03:05,097 - DEBUG - 边统计: 正常边 200 条, 异常边 72 条
2025-05-07 12:03:05,150 - DEBUG - 正在保存可视化结果到 ./visual/omi/neighbor_all/mean_ratio/omi-9/seg_4_2918_2958.png
2025-05-07 12:03:05,353 - INFO - 成功保存时间段 2918-2958 的可视化结果
2025-05-07 12:03:05,353 - INFO - 
正在处理时间段 6/8: 3170-3245
2025-05-07 12:03:05,353 - INFO - 该时间段的真实异常节点: {1, 2, 6, 8, 17, 18, 19}
2025-05-07 12:03:05,353 - INFO - 正在计算异常分数...
2025-05-07 12:03:05,399 - INFO - 检测到的异常节点: {1, 4, 5, 6, 7, 8, 9, 10, 11, 12, 13, 14, 15, 16, 17, 18, 19}
2025-05-07 12:03:05,399 - INFO - 正在为时间段 3170-3245 生成可视化
2025-05-07 12:03:05,399 - INFO - 正在为时间段 3170-3245 生成异常图可视化
2025-05-07 12:03:05,399 - DEBUG - 创建包含 19 个节点的图结构
2025-05-07 12:03:05,400 - DEBUG - 边统计: 正常边 226 条, 异常边 46 条
2025-05-07 12:03:05,452 - DEBUG - 正在保存可视化结果到 ./visual/omi/neighbor_all/mean_ratio/omi-9/seg_5_3170_3245.png
2025-05-07 12:03:05,655 - INFO - 成功保存时间段 3170-3245 的可视化结果
2025-05-07 12:03:05,655 - INFO - 
正在处理时间段 7/8: 3508-3528
2025-05-07 12:03:05,655 - INFO - 该时间段的真实异常节点: {8, 2, 19, 6}
2025-05-07 12:03:05,655 - INFO - 正在计算异常分数...
2025-05-07 12:03:05,667 - INFO - 检测到的异常节点: {1, 4, 5, 6, 7, 8, 9, 10, 11, 12, 13, 14, 15, 16, 17, 18, 19}
2025-05-07 12:03:05,667 - INFO - 正在为时间段 3508-3528 生成可视化
2025-05-07 12:03:05,667 - INFO - 正在为时间段 3508-3528 生成异常图可视化
2025-05-07 12:03:05,667 - DEBUG - 创建包含 19 个节点的图结构
2025-05-07 12:03:05,668 - DEBUG - 边统计: 正常边 208 条, 异常边 64 条
2025-05-07 12:03:05,721 - DEBUG - 正在保存可视化结果到 ./visual/omi/neighbor_all/mean_ratio/omi-9/seg_6_3508_3528.png
2025-05-07 12:03:05,923 - INFO - 成功保存时间段 3508-3528 的可视化结果
2025-05-07 12:03:05,923 - INFO - 
正在处理时间段 8/8: 4064-4108
2025-05-07 12:03:05,923 - INFO - 该时间段的真实异常节点: {1, 2, 6, 7, 8, 9, 17, 18, 19}
2025-05-07 12:03:05,923 - INFO - 正在计算异常分数...
2025-05-07 12:03:05,952 - INFO - 检测到的异常节点: {1, 4, 5, 6, 7, 8, 9, 10, 11, 12, 13, 14, 15, 16, 17, 18, 19}
2025-05-07 12:03:05,952 - INFO - 正在为时间段 4064-4108 生成可视化
2025-05-07 12:03:05,952 - INFO - 正在为时间段 4064-4108 生成异常图可视化
2025-05-07 12:03:05,952 - DEBUG - 创建包含 19 个节点的图结构
2025-05-07 12:03:05,953 - DEBUG - 边统计: 正常边 190 条, 异常边 82 条
2025-05-07 12:03:06,116 - DEBUG - 正在保存可视化结果到 ./visual/omi/neighbor_all/mean_ratio/omi-9/seg_7_4064_4108.png
2025-05-07 12:03:06,339 - INFO - 成功保存时间段 4064-4108 的可视化结果
2025-05-07 12:03:06,340 - INFO - 正在从 ./visual/omi/neighbor_all/mean_ratio/omi-9 中的图像创建GIF
2025-05-07 12:03:06,826 - INFO - GIF已保存到 ./visual/omi/neighbor_all/mean_ratio/omi-9/omi-9.gif
2025-05-07 12:03:06,827 - INFO - 可视化结果生成完成！
2025-05-07 12:03:06,827 - INFO - 
==================================================
2025-05-07 12:03:06,827 - INFO - 程序运行总耗时: 0:01:41.905786 

