2025-04-15 23:40:29,983 - INFO - 
 Starting experiment with config: ExperimentConfig(dataset='omi', window_size=5, score_thresholds=array([1. , 1.5, 2. , 2.5, 3. , 3.5, 4. , 4.5, 5. , 5.5, 6. , 6.5, 7. ]), topk_range=range(1, 10), score_modes=['robust_zscore'], use_topk=False, data_dir='./data/processed', label_dir='./data/interpretation_label', log_dir='./log/use_topkFalse', visual_dir='./visual/use_topkFalse', num_workers=4, gif_duration=500)
2025-04-15 23:40:29,983 - INFO - pearson correlation 取绝对值
2025-04-15 23:40:29,983 - INFO - 当前评分模式: ['robust_zscore']
2025-04-15 23:40:29,983 - INFO - 
==================================================
2025-04-15 23:40:29,983 - INFO - 开始执行网格搜索...
2025-04-15 23:40:29,986 - INFO - [omi-1] Starting grid search...
2025-04-15 23:40:33,250 - INFO - [omi-1.txt] mode=robust_zscore, top_k=None, threshold=1.0, use_topk=False, P=0.7417, R=1.0000, F1=0.8517
2025-04-15 23:40:33,257 - INFO - [omi-1.txt] mode=robust_zscore, top_k=None, threshold=1.5, use_topk=False, P=0.7417, R=1.0000, F1=0.8517
2025-04-15 23:40:33,319 - INFO - [omi-1.txt] mode=robust_zscore, top_k=None, threshold=2.0, use_topk=False, P=0.7417, R=1.0000, F1=0.8517
2025-04-15 23:40:33,320 - INFO - [omi-1.txt] mode=robust_zscore, top_k=None, threshold=2.5, use_topk=False, P=0.7417, R=1.0000, F1=0.8517
2025-04-15 23:40:35,459 - INFO - [omi-1.txt] mode=robust_zscore, top_k=None, threshold=3.0, use_topk=False, P=0.7417, R=1.0000, F1=0.8517
2025-04-15 23:40:35,459 - INFO - [omi-1.txt] mode=robust_zscore, top_k=None, threshold=3.5, use_topk=False, P=0.7417, R=1.0000, F1=0.8517
2025-04-15 23:40:35,459 - INFO - [omi-1.txt] mode=robust_zscore, top_k=None, threshold=4.0, use_topk=False, P=0.7417, R=1.0000, F1=0.8517
2025-04-15 23:40:35,521 - INFO - [omi-1.txt] mode=robust_zscore, top_k=None, threshold=4.5, use_topk=False, P=0.7417, R=1.0000, F1=0.8517
2025-04-15 23:40:37,486 - INFO - [omi-1.txt] mode=robust_zscore, top_k=None, threshold=5.0, use_topk=False, P=0.7417, R=1.0000, F1=0.8517
2025-04-15 23:40:37,577 - INFO - [omi-1.txt] mode=robust_zscore, top_k=None, threshold=5.5, use_topk=False, P=0.7417, R=1.0000, F1=0.8517
2025-04-15 23:40:37,643 - INFO - [omi-1.txt] mode=robust_zscore, top_k=None, threshold=6.0, use_topk=False, P=0.7417, R=1.0000, F1=0.8517
2025-04-15 23:40:37,658 - INFO - [omi-1.txt] mode=robust_zscore, top_k=None, threshold=6.5, use_topk=False, P=0.7417, R=1.0000, F1=0.8517
2025-04-15 23:40:39,478 - INFO - [omi-1.txt] mode=robust_zscore, top_k=None, threshold=7.0, use_topk=False, P=0.7417, R=1.0000, F1=0.8517
2025-04-15 23:40:39,494 - INFO - [omi-10] Starting grid search...
2025-04-15 23:40:42,858 - INFO - [omi-10.txt] mode=robust_zscore, top_k=None, threshold=1.0, use_topk=False, P=0.4444, R=0.9836, F1=0.6122
2025-04-15 23:40:42,860 - INFO - [omi-10.txt] mode=robust_zscore, top_k=None, threshold=1.5, use_topk=False, P=0.4444, R=0.9836, F1=0.6122
2025-04-15 23:40:43,013 - INFO - [omi-10.txt] mode=robust_zscore, top_k=None, threshold=2.0, use_topk=False, P=0.4444, R=0.9836, F1=0.6122
2025-04-15 23:40:43,014 - INFO - [omi-10.txt] mode=robust_zscore, top_k=None, threshold=2.5, use_topk=False, P=0.4444, R=0.9836, F1=0.6122
2025-04-15 23:40:45,035 - INFO - [omi-10.txt] mode=robust_zscore, top_k=None, threshold=3.0, use_topk=False, P=0.4444, R=0.9836, F1=0.6122
2025-04-15 23:40:45,171 - INFO - [omi-10.txt] mode=robust_zscore, top_k=None, threshold=3.5, use_topk=False, P=0.4444, R=0.9836, F1=0.6122
2025-04-15 23:40:45,172 - INFO - [omi-10.txt] mode=robust_zscore, top_k=None, threshold=4.0, use_topk=False, P=0.4444, R=0.9836, F1=0.6122
2025-04-15 23:40:45,235 - INFO - [omi-10.txt] mode=robust_zscore, top_k=None, threshold=4.5, use_topk=False, P=0.4444, R=0.9836, F1=0.6122
2025-04-15 23:40:47,309 - INFO - [omi-10.txt] mode=robust_zscore, top_k=None, threshold=5.0, use_topk=False, P=0.4444, R=0.9836, F1=0.6122
2025-04-15 23:40:47,428 - INFO - [omi-10.txt] mode=robust_zscore, top_k=None, threshold=5.5, use_topk=False, P=0.4444, R=0.9836, F1=0.6122
2025-04-15 23:40:47,503 - INFO - [omi-10.txt] mode=robust_zscore, top_k=None, threshold=6.0, use_topk=False, P=0.4444, R=0.9836, F1=0.6122
2025-04-15 23:40:47,525 - INFO - [omi-10.txt] mode=robust_zscore, top_k=None, threshold=6.5, use_topk=False, P=0.4444, R=0.9836, F1=0.6122
2025-04-15 23:40:49,455 - INFO - [omi-10.txt] mode=robust_zscore, top_k=None, threshold=7.0, use_topk=False, P=0.4444, R=0.9836, F1=0.6122
2025-04-15 23:40:49,471 - INFO - [omi-11] Starting grid search...
2025-04-15 23:40:52,671 - INFO - [omi-11.txt] mode=robust_zscore, top_k=None, threshold=1.0, use_topk=False, P=0.3434, R=0.9828, F1=0.5089
2025-04-15 23:40:52,776 - INFO - [omi-11.txt] mode=robust_zscore, top_k=None, threshold=1.5, use_topk=False, P=0.3434, R=0.9828, F1=0.5089
2025-04-15 23:40:52,806 - INFO - [omi-11.txt] mode=robust_zscore, top_k=None, threshold=2.0, use_topk=False, P=0.3434, R=0.9828, F1=0.5089
2025-04-15 23:40:52,814 - INFO - [omi-11.txt] mode=robust_zscore, top_k=None, threshold=2.5, use_topk=False, P=0.3434, R=0.9828, F1=0.5089
2025-04-15 23:40:54,838 - INFO - [omi-11.txt] mode=robust_zscore, top_k=None, threshold=3.0, use_topk=False, P=0.3434, R=0.9828, F1=0.5089
2025-04-15 23:40:54,936 - INFO - [omi-11.txt] mode=robust_zscore, top_k=None, threshold=3.5, use_topk=False, P=0.3434, R=0.9828, F1=0.5089
2025-04-15 23:40:55,080 - INFO - [omi-11.txt] mode=robust_zscore, top_k=None, threshold=4.0, use_topk=False, P=0.3434, R=0.9828, F1=0.5089
2025-04-15 23:40:55,080 - INFO - [omi-11.txt] mode=robust_zscore, top_k=None, threshold=4.5, use_topk=False, P=0.3434, R=0.9828, F1=0.5089
2025-04-15 23:40:57,046 - INFO - [omi-11.txt] mode=robust_zscore, top_k=None, threshold=5.0, use_topk=False, P=0.3434, R=0.9828, F1=0.5089
2025-04-15 23:40:57,195 - INFO - [omi-11.txt] mode=robust_zscore, top_k=None, threshold=5.5, use_topk=False, P=0.3434, R=0.9828, F1=0.5089
2025-04-15 23:40:57,195 - INFO - [omi-11.txt] mode=robust_zscore, top_k=None, threshold=6.0, use_topk=False, P=0.3434, R=0.9828, F1=0.5089
2025-04-15 23:40:57,294 - INFO - [omi-11.txt] mode=robust_zscore, top_k=None, threshold=6.5, use_topk=False, P=0.3434, R=0.9828, F1=0.5089
2025-04-15 23:40:59,017 - INFO - [omi-11.txt] mode=robust_zscore, top_k=None, threshold=7.0, use_topk=False, P=0.3434, R=0.9828, F1=0.5089
2025-04-15 23:40:59,033 - INFO - [omi-12] Starting grid search...
2025-04-15 23:41:01,811 - INFO - [omi-12.txt] mode=robust_zscore, top_k=None, threshold=1.0, use_topk=False, P=0.6129, R=0.9500, F1=0.7451
2025-04-15 23:41:01,844 - INFO - [omi-12.txt] mode=robust_zscore, top_k=None, threshold=1.5, use_topk=False, P=0.6129, R=0.9500, F1=0.7451
2025-04-15 23:41:01,903 - INFO - [omi-12.txt] mode=robust_zscore, top_k=None, threshold=2.0, use_topk=False, P=0.6129, R=0.9500, F1=0.7451
2025-04-15 23:41:01,903 - INFO - [omi-12.txt] mode=robust_zscore, top_k=None, threshold=2.5, use_topk=False, P=0.6129, R=0.9500, F1=0.7451
2025-04-15 23:41:03,433 - INFO - [omi-12.txt] mode=robust_zscore, top_k=None, threshold=3.0, use_topk=False, P=0.6129, R=0.9500, F1=0.7451
2025-04-15 23:41:03,509 - INFO - [omi-12.txt] mode=robust_zscore, top_k=None, threshold=3.5, use_topk=False, P=0.6129, R=0.9500, F1=0.7451
2025-04-15 23:41:03,509 - INFO - [omi-12.txt] mode=robust_zscore, top_k=None, threshold=4.0, use_topk=False, P=0.6129, R=0.9500, F1=0.7451
2025-04-15 23:41:03,544 - INFO - [omi-12.txt] mode=robust_zscore, top_k=None, threshold=4.5, use_topk=False, P=0.6129, R=0.9500, F1=0.7451
2025-04-15 23:41:05,059 - INFO - [omi-12.txt] mode=robust_zscore, top_k=None, threshold=5.0, use_topk=False, P=0.6129, R=0.9500, F1=0.7451
2025-04-15 23:41:05,102 - INFO - [omi-12.txt] mode=robust_zscore, top_k=None, threshold=5.5, use_topk=False, P=0.6129, R=0.9500, F1=0.7451
2025-04-15 23:41:05,124 - INFO - [omi-12.txt] mode=robust_zscore, top_k=None, threshold=6.0, use_topk=False, P=0.6129, R=0.9500, F1=0.7451
2025-04-15 23:41:05,164 - INFO - [omi-12.txt] mode=robust_zscore, top_k=None, threshold=6.5, use_topk=False, P=0.6129, R=0.9500, F1=0.7451
2025-04-15 23:41:06,528 - INFO - [omi-12.txt] mode=robust_zscore, top_k=None, threshold=7.0, use_topk=False, P=0.6129, R=0.9500, F1=0.7451
2025-04-15 23:41:06,546 - INFO - [omi-2] Starting grid search...
2025-04-15 23:41:09,714 - INFO - [omi-2.txt] mode=robust_zscore, top_k=None, threshold=1.0, use_topk=False, P=0.4559, R=1.0000, F1=0.6263
2025-04-15 23:41:09,748 - INFO - [omi-2.txt] mode=robust_zscore, top_k=None, threshold=1.5, use_topk=False, P=0.4559, R=1.0000, F1=0.6263
2025-04-15 23:41:09,748 - INFO - [omi-2.txt] mode=robust_zscore, top_k=None, threshold=2.0, use_topk=False, P=0.4559, R=1.0000, F1=0.6263
2025-04-15 23:41:09,749 - INFO - [omi-2.txt] mode=robust_zscore, top_k=None, threshold=2.5, use_topk=False, P=0.4559, R=1.0000, F1=0.6263
2025-04-15 23:41:11,789 - INFO - [omi-2.txt] mode=robust_zscore, top_k=None, threshold=3.0, use_topk=False, P=0.4559, R=1.0000, F1=0.6263
2025-04-15 23:41:11,790 - INFO - [omi-2.txt] mode=robust_zscore, top_k=None, threshold=3.5, use_topk=False, P=0.4559, R=1.0000, F1=0.6263
2025-04-15 23:41:11,807 - INFO - [omi-2.txt] mode=robust_zscore, top_k=None, threshold=4.0, use_topk=False, P=0.4559, R=1.0000, F1=0.6263
2025-04-15 23:41:11,807 - INFO - [omi-2.txt] mode=robust_zscore, top_k=None, threshold=4.5, use_topk=False, P=0.4559, R=1.0000, F1=0.6263
2025-04-15 23:41:13,726 - INFO - [omi-2.txt] mode=robust_zscore, top_k=None, threshold=5.0, use_topk=False, P=0.4559, R=1.0000, F1=0.6263
2025-04-15 23:41:13,779 - INFO - [omi-2.txt] mode=robust_zscore, top_k=None, threshold=5.5, use_topk=False, P=0.4559, R=1.0000, F1=0.6263
2025-04-15 23:41:13,877 - INFO - [omi-2.txt] mode=robust_zscore, top_k=None, threshold=6.0, use_topk=False, P=0.4559, R=1.0000, F1=0.6263
2025-04-15 23:41:13,877 - INFO - [omi-2.txt] mode=robust_zscore, top_k=None, threshold=6.5, use_topk=False, P=0.4559, R=1.0000, F1=0.6263
2025-04-15 23:41:15,560 - INFO - [omi-2.txt] mode=robust_zscore, top_k=None, threshold=7.0, use_topk=False, P=0.4559, R=1.0000, F1=0.6263
2025-04-15 23:41:15,577 - INFO - [omi-3] Starting grid search...
2025-04-15 23:41:18,798 - INFO - [omi-3.txt] mode=robust_zscore, top_k=None, threshold=1.0, use_topk=False, P=0.7738, R=0.8333, F1=0.8025
2025-04-15 23:41:18,852 - INFO - [omi-3.txt] mode=robust_zscore, top_k=None, threshold=1.5, use_topk=False, P=0.7738, R=0.8333, F1=0.8025
2025-04-15 23:41:18,853 - INFO - [omi-3.txt] mode=robust_zscore, top_k=None, threshold=2.0, use_topk=False, P=0.7738, R=0.8333, F1=0.8025
2025-04-15 23:41:18,898 - INFO - [omi-3.txt] mode=robust_zscore, top_k=None, threshold=2.5, use_topk=False, P=0.7738, R=0.8333, F1=0.8025
2025-04-15 23:41:20,886 - INFO - [omi-3.txt] mode=robust_zscore, top_k=None, threshold=3.0, use_topk=False, P=0.7738, R=0.8333, F1=0.8025
2025-04-15 23:41:20,900 - INFO - [omi-3.txt] mode=robust_zscore, top_k=None, threshold=3.5, use_topk=False, P=0.7738, R=0.8333, F1=0.8025
2025-04-15 23:41:20,953 - INFO - [omi-3.txt] mode=robust_zscore, top_k=None, threshold=4.0, use_topk=False, P=0.7738, R=0.8333, F1=0.8025
2025-04-15 23:41:21,053 - INFO - [omi-3.txt] mode=robust_zscore, top_k=None, threshold=4.5, use_topk=False, P=0.7738, R=0.8333, F1=0.8025
2025-04-15 23:41:23,011 - INFO - [omi-3.txt] mode=robust_zscore, top_k=None, threshold=5.0, use_topk=False, P=0.7738, R=0.8333, F1=0.8025
2025-04-15 23:41:23,069 - INFO - [omi-3.txt] mode=robust_zscore, top_k=None, threshold=5.5, use_topk=False, P=0.7738, R=0.8333, F1=0.8025
2025-04-15 23:41:23,087 - INFO - [omi-3.txt] mode=robust_zscore, top_k=None, threshold=6.0, use_topk=False, P=0.7738, R=0.8333, F1=0.8025
2025-04-15 23:41:23,247 - INFO - [omi-3.txt] mode=robust_zscore, top_k=None, threshold=6.5, use_topk=False, P=0.7738, R=0.8333, F1=0.8025
2025-04-15 23:41:24,939 - INFO - [omi-3.txt] mode=robust_zscore, top_k=None, threshold=7.0, use_topk=False, P=0.7738, R=0.8333, F1=0.8025
2025-04-15 23:41:24,956 - INFO - [omi-4] Starting grid search...
2025-04-15 23:41:28,246 - INFO - [omi-4.txt] mode=robust_zscore, top_k=None, threshold=1.0, use_topk=False, P=0.7952, R=0.9851, F1=0.8800
2025-04-15 23:41:28,291 - INFO - [omi-4.txt] mode=robust_zscore, top_k=None, threshold=1.5, use_topk=False, P=0.7952, R=0.9851, F1=0.8800
2025-04-15 23:41:28,291 - INFO - [omi-4.txt] mode=robust_zscore, top_k=None, threshold=2.0, use_topk=False, P=0.7952, R=0.9851, F1=0.8800
2025-04-15 23:41:28,312 - INFO - [omi-4.txt] mode=robust_zscore, top_k=None, threshold=2.5, use_topk=False, P=0.7952, R=0.9851, F1=0.8800
2025-04-15 23:41:30,337 - INFO - [omi-4.txt] mode=robust_zscore, top_k=None, threshold=3.0, use_topk=False, P=0.7952, R=0.9851, F1=0.8800
2025-04-15 23:41:30,338 - INFO - [omi-4.txt] mode=robust_zscore, top_k=None, threshold=3.5, use_topk=False, P=0.7952, R=0.9851, F1=0.8800
2025-04-15 23:41:30,435 - INFO - [omi-4.txt] mode=robust_zscore, top_k=None, threshold=4.0, use_topk=False, P=0.7952, R=0.9851, F1=0.8800
2025-04-15 23:41:30,456 - INFO - [omi-4.txt] mode=robust_zscore, top_k=None, threshold=4.5, use_topk=False, P=0.7952, R=0.9851, F1=0.8800
2025-04-15 23:41:32,413 - INFO - [omi-4.txt] mode=robust_zscore, top_k=None, threshold=5.0, use_topk=False, P=0.7952, R=0.9851, F1=0.8800
2025-04-15 23:41:32,521 - INFO - [omi-4.txt] mode=robust_zscore, top_k=None, threshold=5.5, use_topk=False, P=0.7952, R=0.9851, F1=0.8800
2025-04-15 23:41:32,567 - INFO - [omi-4.txt] mode=robust_zscore, top_k=None, threshold=6.0, use_topk=False, P=0.7952, R=0.9851, F1=0.8800
2025-04-15 23:41:32,567 - INFO - [omi-4.txt] mode=robust_zscore, top_k=None, threshold=6.5, use_topk=False, P=0.7952, R=0.9851, F1=0.8800
2025-04-15 23:41:34,327 - INFO - [omi-4.txt] mode=robust_zscore, top_k=None, threshold=7.0, use_topk=False, P=0.7952, R=0.9851, F1=0.8800
2025-04-15 23:41:34,343 - INFO - [omi-5] Starting grid search...
2025-04-15 23:41:37,686 - INFO - [omi-5.txt] mode=robust_zscore, top_k=None, threshold=1.0, use_topk=False, P=0.4537, R=1.0000, F1=0.6242
2025-04-15 23:41:37,687 - INFO - [omi-5.txt] mode=robust_zscore, top_k=None, threshold=1.5, use_topk=False, P=0.4537, R=1.0000, F1=0.6242
2025-04-15 23:41:37,705 - INFO - [omi-5.txt] mode=robust_zscore, top_k=None, threshold=2.0, use_topk=False, P=0.4537, R=1.0000, F1=0.6242
2025-04-15 23:41:37,706 - INFO - [omi-5.txt] mode=robust_zscore, top_k=None, threshold=2.5, use_topk=False, P=0.4537, R=1.0000, F1=0.6242
2025-04-15 23:41:39,743 - INFO - [omi-5.txt] mode=robust_zscore, top_k=None, threshold=3.0, use_topk=False, P=0.4537, R=1.0000, F1=0.6242
2025-04-15 23:41:39,835 - INFO - [omi-5.txt] mode=robust_zscore, top_k=None, threshold=3.5, use_topk=False, P=0.4537, R=1.0000, F1=0.6242
2025-04-15 23:41:39,883 - INFO - [omi-5.txt] mode=robust_zscore, top_k=None, threshold=4.0, use_topk=False, P=0.4537, R=1.0000, F1=0.6242
2025-04-15 23:41:39,884 - INFO - [omi-5.txt] mode=robust_zscore, top_k=None, threshold=4.5, use_topk=False, P=0.4537, R=1.0000, F1=0.6242
2025-04-15 23:41:41,857 - INFO - [omi-5.txt] mode=robust_zscore, top_k=None, threshold=5.0, use_topk=False, P=0.4537, R=1.0000, F1=0.6242
2025-04-15 23:41:41,952 - INFO - [omi-5.txt] mode=robust_zscore, top_k=None, threshold=5.5, use_topk=False, P=0.4537, R=1.0000, F1=0.6242
2025-04-15 23:41:41,952 - INFO - [omi-5.txt] mode=robust_zscore, top_k=None, threshold=6.0, use_topk=False, P=0.4537, R=1.0000, F1=0.6242
2025-04-15 23:41:42,008 - INFO - [omi-5.txt] mode=robust_zscore, top_k=None, threshold=6.5, use_topk=False, P=0.4537, R=1.0000, F1=0.6242
2025-04-15 23:41:43,859 - INFO - [omi-5.txt] mode=robust_zscore, top_k=None, threshold=7.0, use_topk=False, P=0.4537, R=1.0000, F1=0.6242
2025-04-15 23:41:43,876 - INFO - [omi-6] Starting grid search...
2025-04-15 23:41:47,189 - INFO - [omi-6.txt] mode=robust_zscore, top_k=None, threshold=1.0, use_topk=False, P=0.2544, R=0.9773, F1=0.4038
2025-04-15 23:41:47,203 - INFO - [omi-6.txt] mode=robust_zscore, top_k=None, threshold=1.5, use_topk=False, P=0.2544, R=0.9773, F1=0.4038
2025-04-15 23:41:47,252 - INFO - [omi-6.txt] mode=robust_zscore, top_k=None, threshold=2.0, use_topk=False, P=0.2544, R=0.9773, F1=0.4038
2025-04-15 23:41:47,253 - INFO - [omi-6.txt] mode=robust_zscore, top_k=None, threshold=2.5, use_topk=False, P=0.2544, R=0.9773, F1=0.4038
2025-04-15 23:41:49,353 - INFO - [omi-6.txt] mode=robust_zscore, top_k=None, threshold=3.0, use_topk=False, P=0.2544, R=0.9773, F1=0.4038
2025-04-15 23:41:49,354 - INFO - [omi-6.txt] mode=robust_zscore, top_k=None, threshold=3.5, use_topk=False, P=0.2544, R=0.9773, F1=0.4038
2025-04-15 23:41:49,380 - INFO - [omi-6.txt] mode=robust_zscore, top_k=None, threshold=4.0, use_topk=False, P=0.2544, R=0.9773, F1=0.4038
2025-04-15 23:41:49,451 - INFO - [omi-6.txt] mode=robust_zscore, top_k=None, threshold=4.5, use_topk=False, P=0.2544, R=0.9773, F1=0.4038
2025-04-15 23:41:51,515 - INFO - [omi-6.txt] mode=robust_zscore, top_k=None, threshold=5.0, use_topk=False, P=0.2544, R=0.9773, F1=0.4038
2025-04-15 23:41:51,515 - INFO - [omi-6.txt] mode=robust_zscore, top_k=None, threshold=5.5, use_topk=False, P=0.2544, R=0.9773, F1=0.4038
2025-04-15 23:41:51,520 - INFO - [omi-6.txt] mode=robust_zscore, top_k=None, threshold=6.0, use_topk=False, P=0.2544, R=0.9773, F1=0.4038
2025-04-15 23:41:51,652 - INFO - [omi-6.txt] mode=robust_zscore, top_k=None, threshold=6.5, use_topk=False, P=0.2544, R=0.9773, F1=0.4038
2025-04-15 23:41:53,471 - INFO - [omi-6.txt] mode=robust_zscore, top_k=None, threshold=7.0, use_topk=False, P=0.2544, R=0.9773, F1=0.4038
2025-04-15 23:41:53,490 - INFO - [omi-7] Starting grid search...
2025-04-15 23:41:56,601 - INFO - [omi-7.txt] mode=robust_zscore, top_k=None, threshold=1.0, use_topk=False, P=0.8261, R=0.9744, F1=0.8941
2025-04-15 23:41:56,722 - INFO - [omi-7.txt] mode=robust_zscore, top_k=None, threshold=1.5, use_topk=False, P=0.8261, R=0.9744, F1=0.8941
2025-04-15 23:41:56,723 - INFO - [omi-7.txt] mode=robust_zscore, top_k=None, threshold=2.0, use_topk=False, P=0.8261, R=0.9744, F1=0.8941
2025-04-15 23:41:56,723 - INFO - [omi-7.txt] mode=robust_zscore, top_k=None, threshold=2.5, use_topk=False, P=0.8261, R=0.9744, F1=0.8941
2025-04-15 23:41:58,565 - INFO - [omi-7.txt] mode=robust_zscore, top_k=None, threshold=3.0, use_topk=False, P=0.8261, R=0.9744, F1=0.8941
2025-04-15 23:41:58,638 - INFO - [omi-7.txt] mode=robust_zscore, top_k=None, threshold=3.5, use_topk=False, P=0.8261, R=0.9744, F1=0.8941
2025-04-15 23:41:58,638 - INFO - [omi-7.txt] mode=robust_zscore, top_k=None, threshold=4.0, use_topk=False, P=0.8261, R=0.9744, F1=0.8941
2025-04-15 23:41:58,710 - INFO - [omi-7.txt] mode=robust_zscore, top_k=None, threshold=4.5, use_topk=False, P=0.8261, R=0.9744, F1=0.8941
2025-04-15 23:42:00,566 - INFO - [omi-7.txt] mode=robust_zscore, top_k=None, threshold=5.0, use_topk=False, P=0.8261, R=0.9744, F1=0.8941
2025-04-15 23:42:00,610 - INFO - [omi-7.txt] mode=robust_zscore, top_k=None, threshold=5.5, use_topk=False, P=0.8261, R=0.9744, F1=0.8941
2025-04-15 23:42:00,672 - INFO - [omi-7.txt] mode=robust_zscore, top_k=None, threshold=6.0, use_topk=False, P=0.8261, R=0.9744, F1=0.8941
2025-04-15 23:42:00,726 - INFO - [omi-7.txt] mode=robust_zscore, top_k=None, threshold=6.5, use_topk=False, P=0.8261, R=0.9744, F1=0.8941
2025-04-15 23:42:02,430 - INFO - [omi-7.txt] mode=robust_zscore, top_k=None, threshold=7.0, use_topk=False, P=0.8261, R=0.9744, F1=0.8941
2025-04-15 23:42:02,447 - INFO - [omi-8] Starting grid search...
2025-04-15 23:42:05,568 - INFO - [omi-8.txt] mode=robust_zscore, top_k=None, threshold=1.0, use_topk=False, P=0.3537, R=0.9355, F1=0.5133
2025-04-15 23:42:05,578 - INFO - [omi-8.txt] mode=robust_zscore, top_k=None, threshold=1.5, use_topk=False, P=0.3537, R=0.9355, F1=0.5133
2025-04-15 23:42:05,582 - INFO - [omi-8.txt] mode=robust_zscore, top_k=None, threshold=2.0, use_topk=False, P=0.3537, R=0.9355, F1=0.5133
2025-04-15 23:42:05,618 - INFO - [omi-8.txt] mode=robust_zscore, top_k=None, threshold=2.5, use_topk=False, P=0.3537, R=0.9355, F1=0.5133
2025-04-15 23:42:07,522 - INFO - [omi-8.txt] mode=robust_zscore, top_k=None, threshold=3.0, use_topk=False, P=0.3537, R=0.9355, F1=0.5133
2025-04-15 23:42:07,567 - INFO - [omi-8.txt] mode=robust_zscore, top_k=None, threshold=3.5, use_topk=False, P=0.3537, R=0.9355, F1=0.5133
2025-04-15 23:42:07,567 - INFO - [omi-8.txt] mode=robust_zscore, top_k=None, threshold=4.0, use_topk=False, P=0.3537, R=0.9355, F1=0.5133
2025-04-15 23:42:07,648 - INFO - [omi-8.txt] mode=robust_zscore, top_k=None, threshold=4.5, use_topk=False, P=0.3537, R=0.9355, F1=0.5133
2025-04-15 23:42:09,519 - INFO - [omi-8.txt] mode=robust_zscore, top_k=None, threshold=5.0, use_topk=False, P=0.3537, R=0.9355, F1=0.5133
2025-04-15 23:42:09,547 - INFO - [omi-8.txt] mode=robust_zscore, top_k=None, threshold=5.5, use_topk=False, P=0.3537, R=0.9355, F1=0.5133
2025-04-15 23:42:09,548 - INFO - [omi-8.txt] mode=robust_zscore, top_k=None, threshold=6.0, use_topk=False, P=0.3537, R=0.9355, F1=0.5133
2025-04-15 23:42:09,694 - INFO - [omi-8.txt] mode=robust_zscore, top_k=None, threshold=6.5, use_topk=False, P=0.3537, R=0.9355, F1=0.5133
2025-04-15 23:42:11,373 - INFO - [omi-8.txt] mode=robust_zscore, top_k=None, threshold=7.0, use_topk=False, P=0.3537, R=0.9355, F1=0.5133
2025-04-15 23:42:11,393 - INFO - [omi-9] Starting grid search...
2025-04-15 23:42:14,509 - INFO - [omi-9.txt] mode=robust_zscore, top_k=None, threshold=1.0, use_topk=False, P=0.4962, R=0.9155, F1=0.6436
2025-04-15 23:42:14,510 - INFO - [omi-9.txt] mode=robust_zscore, top_k=None, threshold=1.5, use_topk=False, P=0.4962, R=0.9155, F1=0.6436
2025-04-15 23:42:14,613 - INFO - [omi-9.txt] mode=robust_zscore, top_k=None, threshold=2.0, use_topk=False, P=0.4962, R=0.9155, F1=0.6436
2025-04-15 23:42:14,614 - INFO - [omi-9.txt] mode=robust_zscore, top_k=None, threshold=2.5, use_topk=False, P=0.4962, R=0.9155, F1=0.6436
2025-04-15 23:42:16,455 - INFO - [omi-9.txt] mode=robust_zscore, top_k=None, threshold=3.0, use_topk=False, P=0.4962, R=0.9155, F1=0.6436
2025-04-15 23:42:16,573 - INFO - [omi-9.txt] mode=robust_zscore, top_k=None, threshold=3.5, use_topk=False, P=0.4962, R=0.9155, F1=0.6436
2025-04-15 23:42:16,580 - INFO - [omi-9.txt] mode=robust_zscore, top_k=None, threshold=4.0, use_topk=False, P=0.4962, R=0.9155, F1=0.6436
2025-04-15 23:42:16,693 - INFO - [omi-9.txt] mode=robust_zscore, top_k=None, threshold=4.5, use_topk=False, P=0.4962, R=0.9155, F1=0.6436
2025-04-15 23:42:18,426 - INFO - [omi-9.txt] mode=robust_zscore, top_k=None, threshold=5.0, use_topk=False, P=0.4962, R=0.9155, F1=0.6436
2025-04-15 23:42:18,567 - INFO - [omi-9.txt] mode=robust_zscore, top_k=None, threshold=5.5, use_topk=False, P=0.4962, R=0.9155, F1=0.6436
2025-04-15 23:42:18,575 - INFO - [omi-9.txt] mode=robust_zscore, top_k=None, threshold=6.0, use_topk=False, P=0.4962, R=0.9155, F1=0.6436
2025-04-15 23:42:18,709 - INFO - [omi-9.txt] mode=robust_zscore, top_k=None, threshold=6.5, use_topk=False, P=0.4962, R=0.9155, F1=0.6436
2025-04-15 23:42:20,283 - INFO - [omi-9.txt] mode=robust_zscore, top_k=None, threshold=7.0, use_topk=False, P=0.4962, R=0.9155, F1=0.6436
2025-04-15 23:42:20,307 - INFO - 
==================================================
2025-04-15 23:42:20,308 - INFO - 开始汇总结果...
2025-04-15 23:42:20,314 - INFO - 
===== Best Results per Dataset =====
   dataset    score_mode top_k  score_threshold  use_topk  precision   recall  f1_score
 omi-1.txt robust_zscore  None              1.5     False   0.741667 1.000000  0.851675
omi-10.txt robust_zscore  None              4.0     False   0.444444 0.983607  0.612245
omi-11.txt robust_zscore  None              1.5     False   0.343373 0.982759  0.508929
omi-12.txt robust_zscore  None              7.0     False   0.612903 0.950000  0.745098
 omi-2.txt robust_zscore  None              6.0     False   0.455882 1.000000  0.626263
 omi-3.txt robust_zscore  None              2.5     False   0.773810 0.833333  0.802469
 omi-4.txt robust_zscore  None              4.5     False   0.795181 0.985075  0.880000
 omi-5.txt robust_zscore  None              4.5     False   0.453704 1.000000  0.624204
 omi-6.txt robust_zscore  None              6.5     False   0.254438 0.977273  0.403756
 omi-7.txt robust_zscore  None              1.5     False   0.826087 0.974359  0.894118
 omi-8.txt robust_zscore  None              4.0     False   0.353659 0.935484  0.513274
 omi-9.txt robust_zscore  None              4.0     False   0.496183 0.915493  0.643564
2025-04-15 23:42:20,314 - INFO - 
===== Overall Metrics =====
Precision: 0.4787  Recall: 0.9585  F1: 0.6385
2025-04-15 23:42:20,314 - INFO - 
【原始汇总指标】
2025-04-15 23:42:20,314 - INFO - 精确率(Precision): 0.4787
2025-04-15 23:42:20,314 - INFO - 召回率(Recall):    0.9585
2025-04-15 23:42:20,314 - INFO - F1值:             0.6385
2025-04-15 23:42:20,314 - INFO - 
==================================================
2025-04-15 23:42:20,314 - INFO - 开始生成可视化结果...
2025-04-15 23:42:20,314 - INFO - 
==================================================
2025-04-15 23:42:20,314 - INFO - 开始数据集可视化: omi-1
2025-04-15 23:42:20,314 - INFO - 使用参数: 评分模式=robust_zscore, top_k=None, 阈值=1.5
2025-04-15 23:42:20,314 - INFO - ==================================================

2025-04-15 23:42:20,315 - INFO - 正在加载数据集 omi-1 的数据
2025-04-15 23:42:20,315 - INFO - 数据加载成功。训练集形状: (8640, 19), 测试集形状: (4320, 19)
2025-04-15 23:42:20,315 - INFO - 正在计算边缘统计量...
2025-04-15 23:42:22,208 - INFO - 已计算 170 条边的统计量
2025-04-15 23:42:22,209 - INFO - 为每个节点使用所有邻居
2025-04-15 23:42:22,210 - INFO - 可视化结果将保存到: ./visual/use_topkFalse\omi\robust_zscore\omi-1
2025-04-15 23:42:22,210 - INFO - 在数据集中发现 7 个异常时间段
2025-04-15 23:42:22,210 - INFO - 
正在处理时间段 1/7: 760-765
2025-04-15 23:42:22,211 - INFO - 该时间段的真实异常节点: {4, 5, 7, 8, 9, 10, 11, 12, 13, 14, 15, 16, 17, 18, 19}
2025-04-15 23:42:22,211 - INFO - 正在计算异常分数...
2025-04-15 23:42:22,213 - INFO - 检测到的异常节点: {1, 4, 5, 7, 8, 9, 10, 11, 12, 13, 14, 15, 16, 17, 18, 19}
2025-04-15 23:42:22,213 - INFO - 正在为时间段 760-765 生成可视化
2025-04-15 23:42:22,213 - INFO - 正在为时间段 760-765 生成异常图可视化
2025-04-15 23:42:22,213 - DEBUG - 创建包含 19 个节点的图结构
2025-04-15 23:42:22,214 - DEBUG - 边统计: 正常边 118 条, 异常边 122 条
2025-04-15 23:42:22,214 - INFO - 时间段 760-765 的节点检测统计: 真阳性=15, 假阳性=1, 假阴性=0, 正常节点=3
2025-04-15 23:42:22,296 - DEBUG - 正在保存可视化结果到 ./visual/use_topkFalse\omi\robust_zscore\omi-1\seg_0_760_765.png
2025-04-15 23:42:22,383 - INFO - 成功保存时间段 760-765 的可视化结果
2025-04-15 23:42:22,383 - INFO - 
正在处理时间段 2/7: 1064-1298
2025-04-15 23:42:22,383 - INFO - 该时间段的真实异常节点: {6, 7, 9, 10, 11, 12, 13, 14, 15, 16, 17, 18, 19}
2025-04-15 23:42:22,383 - INFO - 正在计算异常分数...
2025-04-15 23:42:22,499 - INFO - 检测到的异常节点: {1, 3, 4, 5, 6, 7, 8, 9, 10, 11, 12, 13, 14, 15, 16, 17, 18, 19}
2025-04-15 23:42:22,499 - INFO - 正在为时间段 1064-1298 生成可视化
2025-04-15 23:42:22,499 - INFO - 正在为时间段 1064-1298 生成异常图可视化
2025-04-15 23:42:22,499 - DEBUG - 创建包含 19 个节点的图结构
2025-04-15 23:42:22,500 - DEBUG - 边统计: 正常边 194 条, 异常边 112 条
2025-04-15 23:42:22,501 - INFO - 时间段 1064-1298 的节点检测统计: 真阳性=13, 假阳性=5, 假阴性=0, 正常节点=1
2025-04-15 23:42:22,592 - DEBUG - 正在保存可视化结果到 ./visual/use_topkFalse\omi\robust_zscore\omi-1\seg_1_1064_1298.png
2025-04-15 23:42:22,694 - INFO - 成功保存时间段 1064-1298 的可视化结果
2025-04-15 23:42:22,694 - INFO - 
正在处理时间段 3/7: 2758-2772
2025-04-15 23:42:22,694 - INFO - 该时间段的真实异常节点: {5, 6, 7, 8, 9, 10, 11, 12, 13, 14, 15, 16, 17, 18, 19}
2025-04-15 23:42:22,694 - INFO - 正在计算异常分数...
2025-04-15 23:42:22,702 - INFO - 检测到的异常节点: {1, 4, 5, 6, 7, 8, 9, 10, 11, 12, 13, 14, 15, 16, 17, 18, 19}
2025-04-15 23:42:22,702 - INFO - 正在为时间段 2758-2772 生成可视化
2025-04-15 23:42:22,702 - INFO - 正在为时间段 2758-2772 生成异常图可视化
2025-04-15 23:42:22,702 - DEBUG - 创建包含 19 个节点的图结构
2025-04-15 23:42:22,703 - DEBUG - 边统计: 正常边 176 条, 异常边 96 条
2025-04-15 23:42:22,703 - INFO - 时间段 2758-2772 的节点检测统计: 真阳性=15, 假阳性=2, 假阴性=0, 正常节点=2
2025-04-15 23:42:22,786 - DEBUG - 正在保存可视化结果到 ./visual/use_topkFalse\omi\robust_zscore\omi-1\seg_2_2758_2772.png
2025-04-15 23:42:22,881 - INFO - 成功保存时间段 2758-2772 的可视化结果
2025-04-15 23:42:22,881 - INFO - 
正在处理时间段 4/7: 2874-2885
2025-04-15 23:42:22,882 - INFO - 该时间段的真实异常节点: {7, 9, 10, 11, 12, 13, 14, 15, 16, 17, 18}
2025-04-15 23:42:22,882 - INFO - 正在计算异常分数...
2025-04-15 23:42:22,888 - INFO - 检测到的异常节点: {1, 4, 5, 6, 7, 8, 9, 10, 11, 12, 13, 14, 15, 16, 17, 18, 19}
2025-04-15 23:42:22,888 - INFO - 正在为时间段 2874-2885 生成可视化
2025-04-15 23:42:22,888 - INFO - 正在为时间段 2874-2885 生成异常图可视化
2025-04-15 23:42:22,888 - DEBUG - 创建包含 19 个节点的图结构
2025-04-15 23:42:22,889 - DEBUG - 边统计: 正常边 190 条, 异常边 82 条
2025-04-15 23:42:22,889 - INFO - 时间段 2874-2885 的节点检测统计: 真阳性=11, 假阳性=6, 假阴性=0, 正常节点=2
2025-04-15 23:42:22,973 - DEBUG - 正在保存可视化结果到 ./visual/use_topkFalse\omi\robust_zscore\omi-1\seg_3_2874_2885.png
2025-04-15 23:42:23,053 - INFO - 成功保存时间段 2874-2885 的可视化结果
2025-04-15 23:42:23,055 - INFO - 
正在处理时间段 5/7: 3012-3025
2025-04-15 23:42:23,055 - INFO - 该时间段的真实异常节点: {7, 10, 11, 12, 13, 14, 15, 16, 17, 18, 19}
2025-04-15 23:42:23,055 - INFO - 正在计算异常分数...
2025-04-15 23:42:23,061 - INFO - 检测到的异常节点: {1, 4, 5, 6, 7, 8, 9, 10, 11, 12, 13, 14, 15, 16, 17, 18, 19}
2025-04-15 23:42:23,061 - INFO - 正在为时间段 3012-3025 生成可视化
2025-04-15 23:42:23,061 - INFO - 正在为时间段 3012-3025 生成异常图可视化
2025-04-15 23:42:23,061 - DEBUG - 创建包含 19 个节点的图结构
2025-04-15 23:42:23,062 - DEBUG - 边统计: 正常边 164 条, 异常边 108 条
2025-04-15 23:42:23,062 - INFO - 时间段 3012-3025 的节点检测统计: 真阳性=11, 假阳性=6, 假阴性=0, 正常节点=2
2025-04-15 23:42:23,145 - DEBUG - 正在保存可视化结果到 ./visual/use_topkFalse\omi\robust_zscore\omi-1\seg_4_3012_3025.png
2025-04-15 23:42:23,283 - INFO - 成功保存时间段 3012-3025 的可视化结果
2025-04-15 23:42:23,283 - INFO - 
正在处理时间段 6/7: 3160-3305
2025-04-15 23:42:23,284 - INFO - 该时间段的真实异常节点: {8, 9, 10, 11, 12, 13, 14, 15, 16, 17, 18, 19}
2025-04-15 23:42:23,284 - INFO - 正在计算异常分数...
2025-04-15 23:42:23,349 - INFO - 检测到的异常节点: {1, 3, 4, 5, 6, 7, 8, 9, 10, 11, 12, 13, 14, 15, 16, 17, 18, 19}
2025-04-15 23:42:23,349 - INFO - 正在为时间段 3160-3305 生成可视化
2025-04-15 23:42:23,349 - INFO - 正在为时间段 3160-3305 生成异常图可视化
2025-04-15 23:42:23,349 - DEBUG - 创建包含 19 个节点的图结构
2025-04-15 23:42:23,350 - DEBUG - 边统计: 正常边 194 条, 异常边 112 条
2025-04-15 23:42:23,350 - INFO - 时间段 3160-3305 的节点检测统计: 真阳性=12, 假阳性=6, 假阴性=0, 正常节点=1
2025-04-15 23:42:23,440 - DEBUG - 正在保存可视化结果到 ./visual/use_topkFalse\omi\robust_zscore\omi-1\seg_5_3160_3305.png
2025-04-15 23:42:23,524 - INFO - 成功保存时间段 3160-3305 的可视化结果
2025-04-15 23:42:23,524 - INFO - 
正在处理时间段 7/7: 3626-3638
2025-04-15 23:42:23,525 - INFO - 该时间段的真实异常节点: {7, 9, 10, 11, 12, 13, 14, 15, 16, 17, 18, 19}
2025-04-15 23:42:23,525 - INFO - 正在计算异常分数...
2025-04-15 23:42:23,530 - INFO - 检测到的异常节点: {1, 4, 5, 6, 7, 8, 9, 10, 11, 12, 13, 14, 15, 16, 17, 18, 19}
2025-04-15 23:42:23,530 - INFO - 正在为时间段 3626-3638 生成可视化
2025-04-15 23:42:23,532 - INFO - 正在为时间段 3626-3638 生成异常图可视化
2025-04-15 23:42:23,532 - DEBUG - 创建包含 19 个节点的图结构
2025-04-15 23:42:23,532 - DEBUG - 边统计: 正常边 190 条, 异常边 82 条
2025-04-15 23:42:23,532 - INFO - 时间段 3626-3638 的节点检测统计: 真阳性=12, 假阳性=5, 假阴性=0, 正常节点=2
2025-04-15 23:42:23,615 - DEBUG - 正在保存可视化结果到 ./visual/use_topkFalse\omi\robust_zscore\omi-1\seg_6_3626_3638.png
2025-04-15 23:42:23,698 - INFO - 成功保存时间段 3626-3638 的可视化结果
2025-04-15 23:42:23,698 - INFO - 正在从 ./visual/use_topkFalse\omi\robust_zscore\omi-1 中的图像创建GIF
2025-04-15 23:42:23,900 - INFO - GIF已保存到 ./visual/use_topkFalse\omi\robust_zscore\omi-1\omi-1.gif
2025-04-15 23:42:23,900 - INFO - 
==================================================
2025-04-15 23:42:23,900 - INFO - 开始数据集可视化: omi-10
2025-04-15 23:42:23,900 - INFO - 使用参数: 评分模式=robust_zscore, top_k=None, 阈值=4.0
2025-04-15 23:42:23,900 - INFO - ==================================================

2025-04-15 23:42:23,901 - INFO - 正在加载数据集 omi-10 的数据
2025-04-15 23:42:23,901 - INFO - 数据加载成功。训练集形状: (8640, 19), 测试集形状: (4320, 19)
2025-04-15 23:42:23,902 - INFO - 正在计算边缘统计量...
2025-04-15 23:42:25,856 - INFO - 已计算 136 条边的统计量
2025-04-15 23:42:25,857 - INFO - 为每个节点使用所有邻居
2025-04-15 23:42:25,857 - INFO - 可视化结果将保存到: ./visual/use_topkFalse\omi\robust_zscore\omi-10
2025-04-15 23:42:25,858 - INFO - 在数据集中发现 8 个异常时间段
2025-04-15 23:42:25,858 - INFO - 
正在处理时间段 1/8: 740-780
2025-04-15 23:42:25,858 - INFO - 该时间段的真实异常节点: {2, 5, 6, 7, 8, 9, 10, 11, 12, 13, 14, 15, 16, 17, 18, 19}
2025-04-15 23:42:25,858 - INFO - 正在计算异常分数...
2025-04-15 23:42:25,883 - INFO - 检测到的异常节点: {1, 4, 5, 6, 7, 8, 9, 10, 11, 12, 13, 14, 15, 16, 17, 18, 19}
2025-04-15 23:42:25,884 - INFO - 正在为时间段 740-780 生成可视化
2025-04-15 23:42:25,884 - INFO - 正在为时间段 740-780 生成异常图可视化
2025-04-15 23:42:25,884 - DEBUG - 创建包含 19 个节点的图结构
2025-04-15 23:42:25,884 - DEBUG - 边统计: 正常边 206 条, 异常边 66 条
2025-04-15 23:42:25,884 - INFO - 时间段 740-780 的节点检测统计: 真阳性=15, 假阳性=2, 假阴性=1, 正常节点=1
2025-04-15 23:42:25,965 - DEBUG - 正在保存可视化结果到 ./visual/use_topkFalse\omi\robust_zscore\omi-10\seg_0_740_780.png
2025-04-15 23:42:26,042 - INFO - 成功保存时间段 740-780 的可视化结果
2025-04-15 23:42:26,043 - INFO - 
正在处理时间段 2/8: 1345-1406
2025-04-15 23:42:26,043 - INFO - 该时间段的真实异常节点: {7, 9, 10, 11, 12, 13, 14, 15, 16, 17, 18}
2025-04-15 23:42:26,043 - INFO - 正在计算异常分数...
2025-04-15 23:42:26,086 - INFO - 检测到的异常节点: {1, 4, 5, 6, 7, 8, 9, 10, 11, 12, 13, 14, 15, 16, 17, 18, 19}
2025-04-15 23:42:26,086 - INFO - 正在为时间段 1345-1406 生成可视化
2025-04-15 23:42:26,086 - INFO - 正在为时间段 1345-1406 生成异常图可视化
2025-04-15 23:42:26,086 - DEBUG - 创建包含 19 个节点的图结构
2025-04-15 23:42:26,087 - DEBUG - 边统计: 正常边 210 条, 异常边 62 条
2025-04-15 23:42:26,087 - INFO - 时间段 1345-1406 的节点检测统计: 真阳性=11, 假阳性=6, 假阴性=0, 正常节点=2
2025-04-15 23:42:26,165 - DEBUG - 正在保存可视化结果到 ./visual/use_topkFalse\omi\robust_zscore\omi-10\seg_1_1345_1406.png
2025-04-15 23:42:26,256 - INFO - 成功保存时间段 1345-1406 的可视化结果
2025-04-15 23:42:26,256 - INFO - 
正在处理时间段 3/8: 2224-2272
2025-04-15 23:42:26,256 - INFO - 该时间段的真实异常节点: {4, 5, 6, 7, 9, 10, 11, 12, 13, 14, 15, 16, 17, 18, 19}
2025-04-15 23:42:26,256 - INFO - 正在计算异常分数...
2025-04-15 23:42:26,288 - INFO - 检测到的异常节点: {1, 4, 5, 6, 7, 8, 9, 10, 11, 12, 13, 14, 15, 16, 17, 18, 19}
2025-04-15 23:42:26,288 - INFO - 正在为时间段 2224-2272 生成可视化
2025-04-15 23:42:26,289 - INFO - 正在为时间段 2224-2272 生成异常图可视化
2025-04-15 23:42:26,289 - DEBUG - 创建包含 19 个节点的图结构
2025-04-15 23:42:26,289 - DEBUG - 边统计: 正常边 208 条, 异常边 64 条
2025-04-15 23:42:26,290 - INFO - 时间段 2224-2272 的节点检测统计: 真阳性=15, 假阳性=2, 假阴性=0, 正常节点=2
2025-04-15 23:42:26,367 - DEBUG - 正在保存可视化结果到 ./visual/use_topkFalse\omi\robust_zscore\omi-10\seg_2_2224_2272.png
2025-04-15 23:42:26,443 - INFO - 成功保存时间段 2224-2272 的可视化结果
2025-04-15 23:42:26,443 - INFO - 
正在处理时间段 4/8: 2514-2592
2025-04-15 23:42:26,444 - INFO - 该时间段的真实异常节点: {16, 4}
2025-04-15 23:42:26,444 - INFO - 正在计算异常分数...
2025-04-15 23:42:26,502 - INFO - 检测到的异常节点: {1, 4, 5, 6, 7, 8, 9, 10, 11, 12, 13, 14, 15, 16, 17, 18, 19}
2025-04-15 23:42:26,502 - INFO - 正在为时间段 2514-2592 生成可视化
2025-04-15 23:42:26,502 - INFO - 正在为时间段 2514-2592 生成异常图可视化
2025-04-15 23:42:26,502 - DEBUG - 创建包含 19 个节点的图结构
2025-04-15 23:42:26,503 - DEBUG - 边统计: 正常边 180 条, 异常边 92 条
2025-04-15 23:42:26,503 - INFO - 时间段 2514-2592 的节点检测统计: 真阳性=2, 假阳性=15, 假阴性=0, 正常节点=2
2025-04-15 23:42:26,589 - DEBUG - 正在保存可视化结果到 ./visual/use_topkFalse\omi\robust_zscore\omi-10\seg_3_2514_2592.png
2025-04-15 23:42:26,673 - INFO - 成功保存时间段 2514-2592 的可视化结果
2025-04-15 23:42:26,674 - INFO - 
正在处理时间段 5/8: 2733-2778
2025-04-15 23:42:26,674 - INFO - 该时间段的真实异常节点: {11, 14, 15}
2025-04-15 23:42:26,674 - INFO - 正在计算异常分数...
2025-04-15 23:42:26,703 - INFO - 检测到的异常节点: {1, 4, 5, 7, 8, 9, 10, 11, 12, 13, 14, 15, 16, 17, 18, 19}
2025-04-15 23:42:26,703 - INFO - 正在为时间段 2733-2778 生成可视化
2025-04-15 23:42:26,703 - INFO - 正在为时间段 2733-2778 生成异常图可视化
2025-04-15 23:42:26,703 - DEBUG - 创建包含 19 个节点的图结构
2025-04-15 23:42:26,704 - DEBUG - 边统计: 正常边 178 条, 异常边 62 条
2025-04-15 23:42:26,704 - INFO - 时间段 2733-2778 的节点检测统计: 真阳性=3, 假阳性=13, 假阴性=0, 正常节点=3
2025-04-15 23:42:26,790 - DEBUG - 正在保存可视化结果到 ./visual/use_topkFalse\omi\robust_zscore\omi-10\seg_4_2733_2778.png
2025-04-15 23:42:26,874 - INFO - 成功保存时间段 2733-2778 的可视化结果
2025-04-15 23:42:26,874 - INFO - 
正在处理时间段 6/8: 3401-3405
2025-04-15 23:42:26,875 - INFO - 该时间段的真实异常节点: {1}
2025-04-15 23:42:26,875 - INFO - 正在计算异常分数...
2025-04-15 23:42:26,876 - INFO - 检测到的异常节点: {1, 4, 5, 6, 7, 8, 9, 10, 11, 12, 13, 14, 15, 16, 17, 18, 19}
2025-04-15 23:42:26,876 - INFO - 正在为时间段 3401-3405 生成可视化
2025-04-15 23:42:26,876 - INFO - 正在为时间段 3401-3405 生成异常图可视化
2025-04-15 23:42:26,877 - DEBUG - 创建包含 19 个节点的图结构
2025-04-15 23:42:26,877 - DEBUG - 边统计: 正常边 138 条, 异常边 134 条
2025-04-15 23:42:26,877 - INFO - 时间段 3401-3405 的节点检测统计: 真阳性=1, 假阳性=16, 假阴性=0, 正常节点=2
2025-04-15 23:42:26,965 - DEBUG - 正在保存可视化结果到 ./visual/use_topkFalse\omi\robust_zscore\omi-10\seg_5_3401_3405.png
2025-04-15 23:42:27,049 - INFO - 成功保存时间段 3401-3405 的可视化结果
2025-04-15 23:42:27,049 - INFO - 
正在处理时间段 7/8: 3414-3459
2025-04-15 23:42:27,049 - INFO - 该时间段的真实异常节点: {8}
2025-04-15 23:42:27,049 - INFO - 正在计算异常分数...
2025-04-15 23:42:27,080 - INFO - 检测到的异常节点: {1, 4, 5, 6, 7, 8, 9, 10, 11, 12, 13, 14, 15, 16, 17, 18, 19}
2025-04-15 23:42:27,080 - INFO - 正在为时间段 3414-3459 生成可视化
2025-04-15 23:42:27,080 - INFO - 正在为时间段 3414-3459 生成异常图可视化
2025-04-15 23:42:27,080 - DEBUG - 创建包含 19 个节点的图结构
2025-04-15 23:42:27,082 - DEBUG - 边统计: 正常边 148 条, 异常边 124 条
2025-04-15 23:42:27,082 - INFO - 时间段 3414-3459 的节点检测统计: 真阳性=1, 假阳性=16, 假阴性=0, 正常节点=2
2025-04-15 23:42:27,164 - DEBUG - 正在保存可视化结果到 ./visual/use_topkFalse\omi\robust_zscore\omi-10\seg_6_3414_3459.png
2025-04-15 23:42:27,253 - INFO - 成功保存时间段 3414-3459 的可视化结果
2025-04-15 23:42:27,253 - INFO - 
正在处理时间段 8/8: 3700-3744
2025-04-15 23:42:27,253 - INFO - 该时间段的真实异常节点: {7, 8, 9, 10, 11, 12, 13, 14, 15, 16, 17, 18}
2025-04-15 23:42:27,253 - INFO - 正在计算异常分数...
2025-04-15 23:42:27,284 - INFO - 检测到的异常节点: {1, 4, 5, 6, 7, 8, 9, 10, 11, 12, 13, 14, 15, 16, 17, 18, 19}
2025-04-15 23:42:27,284 - INFO - 正在为时间段 3700-3744 生成可视化
2025-04-15 23:42:27,284 - INFO - 正在为时间段 3700-3744 生成异常图可视化
2025-04-15 23:42:27,284 - DEBUG - 创建包含 19 个节点的图结构
2025-04-15 23:42:27,285 - DEBUG - 边统计: 正常边 152 条, 异常边 120 条
2025-04-15 23:42:27,285 - INFO - 时间段 3700-3744 的节点检测统计: 真阳性=12, 假阳性=5, 假阴性=0, 正常节点=2
2025-04-15 23:42:27,362 - DEBUG - 正在保存可视化结果到 ./visual/use_topkFalse\omi\robust_zscore\omi-10\seg_7_3700_3744.png
2025-04-15 23:42:27,442 - INFO - 成功保存时间段 3700-3744 的可视化结果
2025-04-15 23:42:27,442 - INFO - 正在从 ./visual/use_topkFalse\omi\robust_zscore\omi-10 中的图像创建GIF
2025-04-15 23:42:27,657 - INFO - GIF已保存到 ./visual/use_topkFalse\omi\robust_zscore\omi-10\omi-10.gif
2025-04-15 23:42:27,657 - INFO - 
==================================================
2025-04-15 23:42:27,658 - INFO - 开始数据集可视化: omi-11
2025-04-15 23:42:27,658 - INFO - 使用参数: 评分模式=robust_zscore, top_k=None, 阈值=1.5
2025-04-15 23:42:27,658 - INFO - ==================================================

2025-04-15 23:42:27,659 - INFO - 正在加载数据集 omi-11 的数据
2025-04-15 23:42:27,660 - INFO - 数据加载成功。训练集形状: (8640, 19), 测试集形状: (4320, 19)
2025-04-15 23:42:27,660 - INFO - 正在计算边缘统计量...
2025-04-15 23:42:29,567 - INFO - 已计算 153 条边的统计量
2025-04-15 23:42:29,567 - INFO - 为每个节点使用所有邻居
2025-04-15 23:42:29,567 - INFO - 可视化结果将保存到: ./visual/use_topkFalse\omi\robust_zscore\omi-11
2025-04-15 23:42:29,568 - INFO - 在数据集中发现 9 个异常时间段
2025-04-15 23:42:29,568 - INFO - 
正在处理时间段 1/9: 738-755
2025-04-15 23:42:29,568 - INFO - 该时间段的真实异常节点: {2}
2025-04-15 23:42:29,568 - INFO - 正在计算异常分数...
2025-04-15 23:42:29,582 - INFO - 检测到的异常节点: {4, 5, 6, 7, 8, 9, 10, 11, 12, 13, 14, 15, 16, 17, 18, 19}
2025-04-15 23:42:29,582 - INFO - 正在为时间段 738-755 生成可视化
2025-04-15 23:42:29,582 - INFO - 正在为时间段 738-755 生成异常图可视化
2025-04-15 23:42:29,582 - DEBUG - 创建包含 19 个节点的图结构
2025-04-15 23:42:29,583 - DEBUG - 边统计: 正常边 170 条, 异常边 70 条
2025-04-15 23:42:29,583 - INFO - 时间段 738-755 的节点检测统计: 真阳性=0, 假阳性=16, 假阴性=1, 正常节点=2
2025-04-15 23:42:29,662 - DEBUG - 正在保存可视化结果到 ./visual/use_topkFalse\omi\robust_zscore\omi-11\seg_0_738_755.png
2025-04-15 23:42:29,744 - INFO - 成功保存时间段 738-755 的可视化结果
2025-04-15 23:42:29,744 - INFO - 
正在处理时间段 2/9: 757-815
2025-04-15 23:42:29,744 - INFO - 该时间段的真实异常节点: set()
2025-04-15 23:42:29,745 - INFO - 正在计算异常分数...
2025-04-15 23:42:29,783 - INFO - 检测到的异常节点: {1, 4, 5, 6, 7, 8, 9, 10, 11, 12, 13, 14, 15, 16, 17, 18, 19}
2025-04-15 23:42:29,783 - INFO - 正在为时间段 757-815 生成可视化
2025-04-15 23:42:29,783 - INFO - 正在为时间段 757-815 生成异常图可视化
2025-04-15 23:42:29,783 - DEBUG - 创建包含 19 个节点的图结构
2025-04-15 23:42:29,784 - DEBUG - 边统计: 正常边 266 条, 异常边 6 条
2025-04-15 23:42:29,784 - INFO - 时间段 757-815 的节点检测统计: 真阳性=0, 假阳性=17, 假阴性=0, 正常节点=2
2025-04-15 23:42:29,867 - DEBUG - 正在保存可视化结果到 ./visual/use_topkFalse\omi\robust_zscore\omi-11\seg_1_757_815.png
2025-04-15 23:42:29,950 - INFO - 成功保存时间段 757-815 的可视化结果
2025-04-15 23:42:29,950 - INFO - 
正在处理时间段 3/9: 1366-1375
2025-04-15 23:42:29,951 - INFO - 该时间段的真实异常节点: {4, 5, 8, 17, 19}
2025-04-15 23:42:29,951 - INFO - 正在计算异常分数...
2025-04-15 23:42:29,955 - INFO - 检测到的异常节点: {1, 4, 5, 6, 7, 8, 9, 10, 11, 12, 13, 14, 15, 16, 17, 18, 19}
2025-04-15 23:42:29,955 - INFO - 正在为时间段 1366-1375 生成可视化
2025-04-15 23:42:29,955 - INFO - 正在为时间段 1366-1375 生成异常图可视化
2025-04-15 23:42:29,955 - DEBUG - 创建包含 19 个节点的图结构
2025-04-15 23:42:29,956 - DEBUG - 边统计: 正常边 102 条, 异常边 170 条
2025-04-15 23:42:29,956 - INFO - 时间段 1366-1375 的节点检测统计: 真阳性=5, 假阳性=12, 假阴性=0, 正常节点=2
2025-04-15 23:42:30,094 - DEBUG - 正在保存可视化结果到 ./visual/use_topkFalse\omi\robust_zscore\omi-11\seg_2_1366_1375.png
2025-04-15 23:42:30,173 - INFO - 成功保存时间段 1366-1375 的可视化结果
2025-04-15 23:42:30,174 - INFO - 
正在处理时间段 4/9: 2301-2314
2025-04-15 23:42:30,174 - INFO - 该时间段的真实异常节点: {17, 19, 4, 5}
2025-04-15 23:42:30,174 - INFO - 正在计算异常分数...
2025-04-15 23:42:30,182 - INFO - 检测到的异常节点: {1, 4, 5, 6, 7, 8, 9, 10, 11, 12, 13, 14, 15, 16, 17, 18, 19}
2025-04-15 23:42:30,182 - INFO - 正在为时间段 2301-2314 生成可视化
2025-04-15 23:42:30,182 - INFO - 正在为时间段 2301-2314 生成异常图可视化
2025-04-15 23:42:30,182 - DEBUG - 创建包含 19 个节点的图结构
2025-04-15 23:42:30,182 - DEBUG - 边统计: 正常边 144 条, 异常边 128 条
2025-04-15 23:42:30,183 - INFO - 时间段 2301-2314 的节点检测统计: 真阳性=4, 假阳性=13, 假阴性=0, 正常节点=2
2025-04-15 23:42:30,267 - DEBUG - 正在保存可视化结果到 ./visual/use_topkFalse\omi\robust_zscore\omi-11\seg_3_2301_2314.png
2025-04-15 23:42:30,353 - INFO - 成功保存时间段 2301-2314 的可视化结果
2025-04-15 23:42:30,353 - INFO - 
正在处理时间段 5/9: 2365-2381
2025-04-15 23:42:30,353 - INFO - 该时间段的真实异常节点: {19}
2025-04-15 23:42:30,353 - INFO - 正在计算异常分数...
2025-04-15 23:42:30,362 - INFO - 检测到的异常节点: {4, 6, 7, 8, 9, 10, 11, 12, 13, 14, 15, 16, 17, 18, 19}
2025-04-15 23:42:30,362 - INFO - 正在为时间段 2365-2381 生成可视化
2025-04-15 23:42:30,362 - INFO - 正在为时间段 2365-2381 生成异常图可视化
2025-04-15 23:42:30,362 - DEBUG - 创建包含 19 个节点的图结构
2025-04-15 23:42:30,363 - DEBUG - 边统计: 正常边 146 条, 异常边 64 条
2025-04-15 23:42:30,363 - INFO - 时间段 2365-2381 的节点检测统计: 真阳性=1, 假阳性=14, 假阴性=0, 正常节点=4
2025-04-15 23:42:30,441 - DEBUG - 正在保存可视化结果到 ./visual/use_topkFalse\omi\robust_zscore\omi-11\seg_4_2365_2381.png
2025-04-15 23:42:30,524 - INFO - 成功保存时间段 2365-2381 的可视化结果
2025-04-15 23:42:30,524 - INFO - 
正在处理时间段 6/9: 2464-2485
2025-04-15 23:42:30,525 - INFO - 该时间段的真实异常节点: {17, 19, 4, 5}
2025-04-15 23:42:30,525 - INFO - 正在计算异常分数...
2025-04-15 23:42:30,539 - INFO - 检测到的异常节点: {1, 4, 5, 6, 7, 8, 9, 10, 11, 12, 13, 14, 15, 16, 17, 18, 19}
2025-04-15 23:42:30,539 - INFO - 正在为时间段 2464-2485 生成可视化
2025-04-15 23:42:30,539 - INFO - 正在为时间段 2464-2485 生成异常图可视化
2025-04-15 23:42:30,539 - DEBUG - 创建包含 19 个节点的图结构
2025-04-15 23:42:30,539 - DEBUG - 边统计: 正常边 136 条, 异常边 136 条
2025-04-15 23:42:30,539 - INFO - 时间段 2464-2485 的节点检测统计: 真阳性=4, 假阳性=13, 假阴性=0, 正常节点=2
2025-04-15 23:42:30,622 - DEBUG - 正在保存可视化结果到 ./visual/use_topkFalse\omi\robust_zscore\omi-11\seg_5_2464_2485.png
2025-04-15 23:42:30,701 - INFO - 成功保存时间段 2464-2485 的可视化结果
2025-04-15 23:42:30,701 - INFO - 
正在处理时间段 7/9: 2588-2610
2025-04-15 23:42:30,701 - INFO - 该时间段的真实异常节点: {17, 19, 4, 5}
2025-04-15 23:42:30,701 - INFO - 正在计算异常分数...
2025-04-15 23:42:30,715 - INFO - 检测到的异常节点: {1, 4, 5, 6, 7, 8, 9, 10, 11, 12, 13, 14, 15, 16, 17, 18, 19}
2025-04-15 23:42:30,715 - INFO - 正在为时间段 2588-2610 生成可视化
2025-04-15 23:42:30,715 - INFO - 正在为时间段 2588-2610 生成异常图可视化
2025-04-15 23:42:30,715 - DEBUG - 创建包含 19 个节点的图结构
2025-04-15 23:42:30,716 - DEBUG - 边统计: 正常边 142 条, 异常边 130 条
2025-04-15 23:42:30,716 - INFO - 时间段 2588-2610 的节点检测统计: 真阳性=4, 假阳性=13, 假阴性=0, 正常节点=2
2025-04-15 23:42:30,797 - DEBUG - 正在保存可视化结果到 ./visual/use_topkFalse\omi\robust_zscore\omi-11\seg_6_2588_2610.png
2025-04-15 23:42:30,876 - INFO - 成功保存时间段 2588-2610 的可视化结果
2025-04-15 23:42:30,876 - INFO - 
正在处理时间段 8/9: 2650-2675
2025-04-15 23:42:30,877 - INFO - 该时间段的真实异常节点: {19}
2025-04-15 23:42:30,877 - INFO - 正在计算异常分数...
2025-04-15 23:42:30,893 - INFO - 检测到的异常节点: {4, 5, 6, 7, 8, 9, 10, 11, 12, 13, 14, 15, 16, 17, 18, 19}
2025-04-15 23:42:30,893 - INFO - 正在为时间段 2650-2675 生成可视化
2025-04-15 23:42:30,893 - INFO - 正在为时间段 2650-2675 生成异常图可视化
2025-04-15 23:42:30,893 - DEBUG - 创建包含 19 个节点的图结构
2025-04-15 23:42:30,894 - DEBUG - 边统计: 正常边 136 条, 异常边 104 条
2025-04-15 23:42:30,894 - INFO - 时间段 2650-2675 的节点检测统计: 真阳性=1, 假阳性=15, 假阴性=0, 正常节点=3
2025-04-15 23:42:30,976 - DEBUG - 正在保存可视化结果到 ./visual/use_topkFalse\omi\robust_zscore\omi-11\seg_7_2650_2675.png
2025-04-15 23:42:31,053 - INFO - 成功保存时间段 2650-2675 的可视化结果
2025-04-15 23:42:31,053 - INFO - 
正在处理时间段 9/9: 3012-3072
2025-04-15 23:42:31,053 - INFO - 该时间段的真实异常节点: {1, 4, 5, 8, 17, 19}
2025-04-15 23:42:31,053 - INFO - 正在计算异常分数...
2025-04-15 23:42:31,097 - INFO - 检测到的异常节点: {1, 4, 5, 6, 7, 8, 9, 10, 11, 12, 13, 14, 15, 16, 17, 18, 19}
2025-04-15 23:42:31,097 - INFO - 正在为时间段 3012-3072 生成可视化
2025-04-15 23:42:31,097 - INFO - 正在为时间段 3012-3072 生成异常图可视化
2025-04-15 23:42:31,097 - DEBUG - 创建包含 19 个节点的图结构
2025-04-15 23:42:31,097 - DEBUG - 边统计: 正常边 192 条, 异常边 80 条
2025-04-15 23:42:31,097 - INFO - 时间段 3012-3072 的节点检测统计: 真阳性=6, 假阳性=11, 假阴性=0, 正常节点=2
2025-04-15 23:42:31,177 - DEBUG - 正在保存可视化结果到 ./visual/use_topkFalse\omi\robust_zscore\omi-11\seg_8_3012_3072.png
2025-04-15 23:42:31,255 - INFO - 成功保存时间段 3012-3072 的可视化结果
2025-04-15 23:42:31,255 - INFO - 正在从 ./visual/use_topkFalse\omi\robust_zscore\omi-11 中的图像创建GIF
2025-04-15 23:42:31,514 - INFO - GIF已保存到 ./visual/use_topkFalse\omi\robust_zscore\omi-11\omi-11.gif
2025-04-15 23:42:31,514 - INFO - 
==================================================
2025-04-15 23:42:31,514 - INFO - 开始数据集可视化: omi-12
2025-04-15 23:42:31,514 - INFO - 使用参数: 评分模式=robust_zscore, top_k=None, 阈值=7.0
2025-04-15 23:42:31,514 - INFO - ==================================================

2025-04-15 23:42:31,514 - INFO - 正在加载数据集 omi-12 的数据
2025-04-15 23:42:31,515 - INFO - 数据加载成功。训练集形状: (7291, 19), 测试集形状: (4320, 19)
2025-04-15 23:42:31,515 - INFO - 正在计算边缘统计量...
2025-04-15 23:42:33,019 - INFO - 已计算 133 条边的统计量
2025-04-15 23:42:33,019 - INFO - 为每个节点使用所有邻居
2025-04-15 23:42:33,019 - INFO - 可视化结果将保存到: ./visual/use_topkFalse\omi\robust_zscore\omi-12
2025-04-15 23:42:33,020 - INFO - 在数据集中发现 5 个异常时间段
2025-04-15 23:42:33,020 - INFO - 
正在处理时间段 1/5: 740-813
2025-04-15 23:42:33,020 - INFO - 该时间段的真实异常节点: {1, 2, 6, 7, 8, 9, 10, 11, 12, 13, 14, 15, 16, 17, 18, 19}
2025-04-15 23:42:33,020 - INFO - 正在计算异常分数...
2025-04-15 23:42:33,059 - INFO - 检测到的异常节点: {1, 6, 7, 8, 9, 10, 11, 12, 13, 14, 15, 16, 17, 18, 19}
2025-04-15 23:42:33,059 - INFO - 正在为时间段 740-813 生成可视化
2025-04-15 23:42:33,059 - INFO - 正在为时间段 740-813 生成异常图可视化
2025-04-15 23:42:33,059 - DEBUG - 创建包含 19 个节点的图结构
2025-04-15 23:42:33,060 - DEBUG - 边统计: 正常边 168 条, 异常边 42 条
2025-04-15 23:42:33,060 - INFO - 时间段 740-813 的节点检测统计: 真阳性=15, 假阳性=0, 假阴性=1, 正常节点=3
2025-04-15 23:42:33,141 - DEBUG - 正在保存可视化结果到 ./visual/use_topkFalse\omi\robust_zscore\omi-12\seg_0_740_813.png
2025-04-15 23:42:33,225 - INFO - 成功保存时间段 740-813 的可视化结果
2025-04-15 23:42:33,225 - INFO - 
正在处理时间段 2/5: 2486-2493
2025-04-15 23:42:33,225 - INFO - 该时间段的真实异常节点: {4, 5}
2025-04-15 23:42:33,225 - INFO - 正在计算异常分数...
2025-04-15 23:42:33,228 - INFO - 检测到的异常节点: {1, 4, 5, 7, 8, 9, 10, 12, 13, 14, 15, 16, 17, 18, 19}
2025-04-15 23:42:33,228 - INFO - 正在为时间段 2486-2493 生成可视化
2025-04-15 23:42:33,228 - INFO - 正在为时间段 2486-2493 生成异常图可视化
2025-04-15 23:42:33,228 - DEBUG - 创建包含 19 个节点的图结构
2025-04-15 23:42:33,228 - DEBUG - 边统计: 正常边 110 条, 异常边 96 条
2025-04-15 23:42:33,229 - INFO - 时间段 2486-2493 的节点检测统计: 真阳性=2, 假阳性=13, 假阴性=0, 正常节点=4
2025-04-15 23:42:33,313 - DEBUG - 正在保存可视化结果到 ./visual/use_topkFalse\omi\robust_zscore\omi-12\seg_1_2486_2493.png
2025-04-15 23:42:33,394 - INFO - 成功保存时间段 2486-2493 的可视化结果
2025-04-15 23:42:33,394 - INFO - 
正在处理时间段 3/5: 2515-2525
2025-04-15 23:42:33,395 - INFO - 该时间段的真实异常节点: {1, 4, 5, 7, 8, 9, 17, 18}
2025-04-15 23:42:33,395 - INFO - 正在计算异常分数...
2025-04-15 23:42:33,400 - INFO - 检测到的异常节点: {1, 4, 5, 6, 7, 8, 9, 10, 11, 12, 13, 14, 15, 16, 17, 18, 19}
2025-04-15 23:42:33,400 - INFO - 正在为时间段 2515-2525 生成可视化
2025-04-15 23:42:33,400 - INFO - 正在为时间段 2515-2525 生成异常图可视化
2025-04-15 23:42:33,400 - DEBUG - 创建包含 19 个节点的图结构
2025-04-15 23:42:33,400 - DEBUG - 边统计: 正常边 126 条, 异常边 140 条
2025-04-15 23:42:33,400 - INFO - 时间段 2515-2525 的节点检测统计: 真阳性=8, 假阳性=9, 假阴性=0, 正常节点=2
2025-04-15 23:42:33,484 - DEBUG - 正在保存可视化结果到 ./visual/use_topkFalse\omi\robust_zscore\omi-12\seg_2_2515_2525.png
2025-04-15 23:42:33,565 - INFO - 成功保存时间段 2515-2525 的可视化结果
2025-04-15 23:42:33,565 - INFO - 
正在处理时间段 4/5: 2721-2723
2025-04-15 23:42:33,565 - INFO - 该时间段的真实异常节点: {4}
2025-04-15 23:42:33,565 - INFO - 正在计算异常分数...
2025-04-15 23:42:33,566 - INFO - 检测到的异常节点: set()
2025-04-15 23:42:33,566 - INFO - 正在为时间段 2721-2723 生成可视化
2025-04-15 23:42:33,566 - INFO - 正在为时间段 2721-2723 生成异常图可视化
2025-04-15 23:42:33,566 - DEBUG - 创建包含 19 个节点的图结构
2025-04-15 23:42:33,566 - DEBUG - 边统计: 正常边 32 条, 异常边 56 条
2025-04-15 23:42:33,566 - INFO - 时间段 2721-2723 的节点检测统计: 真阳性=0, 假阳性=0, 假阴性=1, 正常节点=18
2025-04-15 23:42:33,645 - DEBUG - 正在保存可视化结果到 ./visual/use_topkFalse\omi\robust_zscore\omi-12\seg_3_2721_2723.png
2025-04-15 23:42:33,726 - INFO - 成功保存时间段 2721-2723 的可视化结果
2025-04-15 23:42:33,726 - INFO - 
正在处理时间段 5/5: 3500-3535
2025-04-15 23:42:33,726 - INFO - 该时间段的真实异常节点: {5, 6, 7, 8, 11, 12, 13, 14, 15, 16, 17, 18, 19}
2025-04-15 23:42:33,726 - INFO - 正在计算异常分数...
2025-04-15 23:42:33,743 - INFO - 检测到的异常节点: {5, 6, 7, 8, 9, 10, 11, 12, 13, 14, 15, 16, 17, 18, 19}
2025-04-15 23:42:33,743 - INFO - 正在为时间段 3500-3535 生成可视化
2025-04-15 23:42:33,743 - INFO - 正在为时间段 3500-3535 生成异常图可视化
2025-04-15 23:42:33,743 - DEBUG - 创建包含 19 个节点的图结构
2025-04-15 23:42:33,744 - DEBUG - 边统计: 正常边 122 条, 异常边 88 条
2025-04-15 23:42:33,744 - INFO - 时间段 3500-3535 的节点检测统计: 真阳性=13, 假阳性=2, 假阴性=0, 正常节点=4
2025-04-15 23:42:33,825 - DEBUG - 正在保存可视化结果到 ./visual/use_topkFalse\omi\robust_zscore\omi-12\seg_4_3500_3535.png
2025-04-15 23:42:33,899 - INFO - 成功保存时间段 3500-3535 的可视化结果
2025-04-15 23:42:33,899 - INFO - 正在从 ./visual/use_topkFalse\omi\robust_zscore\omi-12 中的图像创建GIF
2025-04-15 23:42:34,031 - INFO - GIF已保存到 ./visual/use_topkFalse\omi\robust_zscore\omi-12\omi-12.gif
2025-04-15 23:42:34,031 - INFO - 
==================================================
2025-04-15 23:42:34,031 - INFO - 开始数据集可视化: omi-2
2025-04-15 23:42:34,031 - INFO - 使用参数: 评分模式=robust_zscore, top_k=None, 阈值=6.0
2025-04-15 23:42:34,031 - INFO - ==================================================

2025-04-15 23:42:34,032 - INFO - 正在加载数据集 omi-2 的数据
2025-04-15 23:42:34,033 - INFO - 数据加载成功。训练集形状: (8640, 19), 测试集形状: (4320, 19)
2025-04-15 23:42:34,033 - INFO - 正在计算边缘统计量...
2025-04-15 23:42:35,947 - INFO - 已计算 153 条边的统计量
2025-04-15 23:42:35,947 - INFO - 为每个节点使用所有邻居
2025-04-15 23:42:35,948 - INFO - 可视化结果将保存到: ./visual/use_topkFalse\omi\robust_zscore\omi-2
2025-04-15 23:42:35,948 - INFO - 在数据集中发现 4 个异常时间段
2025-04-15 23:42:35,948 - INFO - 
正在处理时间段 1/4: 486-498
2025-04-15 23:42:35,949 - INFO - 该时间段的真实异常节点: {1, 4, 5}
2025-04-15 23:42:35,949 - INFO - 正在计算异常分数...
2025-04-15 23:42:35,956 - INFO - 检测到的异常节点: {1, 4, 5, 6, 7, 8, 9, 10, 11, 12, 13, 14, 15, 16, 17, 18, 19}
2025-04-15 23:42:35,956 - INFO - 正在为时间段 486-498 生成可视化
2025-04-15 23:42:35,956 - INFO - 正在为时间段 486-498 生成异常图可视化
2025-04-15 23:42:35,956 - DEBUG - 创建包含 19 个节点的图结构
2025-04-15 23:42:35,957 - DEBUG - 边统计: 正常边 168 条, 异常边 104 条
2025-04-15 23:42:35,957 - INFO - 时间段 486-498 的节点检测统计: 真阳性=3, 假阳性=14, 假阴性=0, 正常节点=2
2025-04-15 23:42:36,094 - DEBUG - 正在保存可视化结果到 ./visual/use_topkFalse\omi\robust_zscore\omi-2\seg_0_486_498.png
2025-04-15 23:42:36,176 - INFO - 成功保存时间段 486-498 的可视化结果
2025-04-15 23:42:36,176 - INFO - 
正在处理时间段 2/4: 740-753
2025-04-15 23:42:36,177 - INFO - 该时间段的真实异常节点: {2}
2025-04-15 23:42:36,177 - INFO - 正在计算异常分数...
2025-04-15 23:42:36,184 - INFO - 检测到的异常节点: {2, 4, 5, 6, 7, 8, 9, 10, 11, 12, 13, 14, 15, 16, 17, 18, 19}
2025-04-15 23:42:36,184 - INFO - 正在为时间段 740-753 生成可视化
2025-04-15 23:42:36,184 - INFO - 正在为时间段 740-753 生成异常图可视化
2025-04-15 23:42:36,185 - DEBUG - 创建包含 19 个节点的图结构
2025-04-15 23:42:36,185 - DEBUG - 边统计: 正常边 184 条, 异常边 88 条
2025-04-15 23:42:36,185 - INFO - 时间段 740-753 的节点检测统计: 真阳性=1, 假阳性=16, 假阴性=0, 正常节点=2
2025-04-15 23:42:36,270 - DEBUG - 正在保存可视化结果到 ./visual/use_topkFalse\omi\robust_zscore\omi-2\seg_1_740_753.png
2025-04-15 23:42:36,353 - INFO - 成功保存时间段 740-753 的可视化结果
2025-04-15 23:42:36,353 - INFO - 
正在处理时间段 3/4: 766-783
2025-04-15 23:42:36,353 - INFO - 该时间段的真实异常节点: {1, 5, 6, 7, 8, 9, 10, 11, 12, 13, 14, 15, 16, 17, 18, 19}
2025-04-15 23:42:36,353 - INFO - 正在计算异常分数...
2025-04-15 23:42:36,362 - INFO - 检测到的异常节点: {1, 4, 5, 6, 7, 8, 9, 10, 11, 12, 13, 14, 15, 16, 17, 18, 19}
2025-04-15 23:42:36,362 - INFO - 正在为时间段 766-783 生成可视化
2025-04-15 23:42:36,362 - INFO - 正在为时间段 766-783 生成异常图可视化
2025-04-15 23:42:36,362 - DEBUG - 创建包含 19 个节点的图结构
2025-04-15 23:42:36,363 - DEBUG - 边统计: 正常边 242 条, 异常边 30 条
2025-04-15 23:42:36,363 - INFO - 时间段 766-783 的节点检测统计: 真阳性=16, 假阳性=1, 假阴性=0, 正常节点=2
2025-04-15 23:42:36,446 - DEBUG - 正在保存可视化结果到 ./visual/use_topkFalse\omi\robust_zscore\omi-2\seg_2_766_783.png
2025-04-15 23:42:36,523 - INFO - 成功保存时间段 766-783 的可视化结果
2025-04-15 23:42:36,523 - INFO - 
正在处理时间段 4/4: 1436-1445
2025-04-15 23:42:36,524 - INFO - 该时间段的真实异常节点: {7, 9, 10, 11, 12, 13, 14, 15, 16, 17, 18}
2025-04-15 23:42:36,524 - INFO - 正在计算异常分数...
2025-04-15 23:42:36,528 - INFO - 检测到的异常节点: {1, 4, 5, 6, 7, 8, 9, 10, 11, 12, 13, 14, 15, 16, 17, 18, 19}
2025-04-15 23:42:36,529 - INFO - 正在为时间段 1436-1445 生成可视化
2025-04-15 23:42:36,529 - INFO - 正在为时间段 1436-1445 生成异常图可视化
2025-04-15 23:42:36,529 - DEBUG - 创建包含 19 个节点的图结构
2025-04-15 23:42:36,529 - DEBUG - 边统计: 正常边 124 条, 异常边 148 条
2025-04-15 23:42:36,529 - INFO - 时间段 1436-1445 的节点检测统计: 真阳性=11, 假阳性=6, 假阴性=0, 正常节点=2
2025-04-15 23:42:36,615 - DEBUG - 正在保存可视化结果到 ./visual/use_topkFalse\omi\robust_zscore\omi-2\seg_3_1436_1445.png
2025-04-15 23:42:36,702 - INFO - 成功保存时间段 1436-1445 的可视化结果
2025-04-15 23:42:36,702 - INFO - 正在从 ./visual/use_topkFalse\omi\robust_zscore\omi-2 中的图像创建GIF
2025-04-15 23:42:36,807 - INFO - GIF已保存到 ./visual/use_topkFalse\omi\robust_zscore\omi-2\omi-2.gif
2025-04-15 23:42:36,807 - INFO - 
==================================================
2025-04-15 23:42:36,807 - INFO - 开始数据集可视化: omi-3
2025-04-15 23:42:36,807 - INFO - 使用参数: 评分模式=robust_zscore, top_k=None, 阈值=2.5
2025-04-15 23:42:36,807 - INFO - ==================================================

2025-04-15 23:42:36,808 - INFO - 正在加载数据集 omi-3 的数据
2025-04-15 23:42:36,808 - INFO - 数据加载成功。训练集形状: (8640, 19), 测试集形状: (4320, 19)
2025-04-15 23:42:36,808 - INFO - 正在计算边缘统计量...
2025-04-15 23:42:38,748 - INFO - 已计算 136 条边的统计量
2025-04-15 23:42:38,748 - INFO - 为每个节点使用所有邻居
2025-04-15 23:42:38,749 - INFO - 可视化结果将保存到: ./visual/use_topkFalse\omi\robust_zscore\omi-3
2025-04-15 23:42:38,749 - INFO - 在数据集中发现 6 个异常时间段
2025-04-15 23:42:38,749 - INFO - 
正在处理时间段 1/6: 760-820
2025-04-15 23:42:38,749 - INFO - 该时间段的真实异常节点: {1, 4, 6, 7, 8, 9, 10, 11, 12, 13, 14, 15, 16, 17, 18, 19}
2025-04-15 23:42:38,749 - INFO - 正在计算异常分数...
2025-04-15 23:42:38,791 - INFO - 检测到的异常节点: {1, 4, 5, 6, 7, 8, 9, 10, 11, 12, 13, 14, 15, 16, 17, 18, 19}
2025-04-15 23:42:38,791 - INFO - 正在为时间段 760-820 生成可视化
2025-04-15 23:42:38,791 - INFO - 正在为时间段 760-820 生成异常图可视化
2025-04-15 23:42:38,791 - DEBUG - 创建包含 19 个节点的图结构
2025-04-15 23:42:38,792 - DEBUG - 边统计: 正常边 192 条, 异常边 80 条
2025-04-15 23:42:38,792 - INFO - 时间段 760-820 的节点检测统计: 真阳性=16, 假阳性=1, 假阴性=0, 正常节点=2
2025-04-15 23:42:38,872 - DEBUG - 正在保存可视化结果到 ./visual/use_topkFalse\omi\robust_zscore\omi-3\seg_0_760_820.png
2025-04-15 23:42:38,954 - INFO - 成功保存时间段 760-820 的可视化结果
2025-04-15 23:42:38,954 - INFO - 
正在处理时间段 2/6: 842-860
2025-04-15 23:42:38,955 - INFO - 该时间段的真实异常节点: {7, 8, 9, 10, 11, 12, 13, 14, 15, 16, 17, 18, 19}
2025-04-15 23:42:38,955 - INFO - 正在计算异常分数...
2025-04-15 23:42:38,965 - INFO - 检测到的异常节点: {4, 5, 6, 7, 8, 9, 10, 11, 12, 13, 14, 15, 16, 17, 18, 19}
2025-04-15 23:42:38,965 - INFO - 正在为时间段 842-860 生成可视化
2025-04-15 23:42:38,965 - INFO - 正在为时间段 842-860 生成异常图可视化
2025-04-15 23:42:38,965 - DEBUG - 创建包含 19 个节点的图结构
2025-04-15 23:42:38,965 - DEBUG - 边统计: 正常边 194 条, 异常边 46 条
2025-04-15 23:42:38,966 - INFO - 时间段 842-860 的节点检测统计: 真阳性=13, 假阳性=3, 假阴性=0, 正常节点=3
2025-04-15 23:42:39,045 - DEBUG - 正在保存可视化结果到 ./visual/use_topkFalse\omi\robust_zscore\omi-3\seg_1_842_860.png
2025-04-15 23:42:39,129 - INFO - 成功保存时间段 842-860 的可视化结果
2025-04-15 23:42:39,129 - INFO - 
正在处理时间段 3/6: 1080-1120
2025-04-15 23:42:39,130 - INFO - 该时间段的真实异常节点: {7, 9, 10, 11, 12, 13, 14, 15, 16, 17, 18}
2025-04-15 23:42:39,130 - INFO - 正在计算异常分数...
2025-04-15 23:42:39,158 - INFO - 检测到的异常节点: {1, 4, 5, 6, 7, 8, 9, 10, 11, 12, 13, 14, 15, 16, 17, 18, 19}
2025-04-15 23:42:39,159 - INFO - 正在为时间段 1080-1120 生成可视化
2025-04-15 23:42:39,159 - INFO - 正在为时间段 1080-1120 生成异常图可视化
2025-04-15 23:42:39,159 - DEBUG - 创建包含 19 个节点的图结构
2025-04-15 23:42:39,159 - DEBUG - 边统计: 正常边 202 条, 异常边 70 条
2025-04-15 23:42:39,159 - INFO - 时间段 1080-1120 的节点检测统计: 真阳性=11, 假阳性=6, 假阴性=0, 正常节点=2
2025-04-15 23:42:39,243 - DEBUG - 正在保存可视化结果到 ./visual/use_topkFalse\omi\robust_zscore\omi-3\seg_2_1080_1120.png
2025-04-15 23:42:39,327 - INFO - 成功保存时间段 1080-1120 的可视化结果
2025-04-15 23:42:39,327 - INFO - 
正在处理时间段 4/6: 2188-2201
2025-04-15 23:42:39,327 - INFO - 该时间段的真实异常节点: {7, 9, 10, 11, 12, 13, 14, 15, 16, 17, 18, 19}
2025-04-15 23:42:39,327 - INFO - 正在计算异常分数...
2025-04-15 23:42:39,334 - INFO - 检测到的异常节点: {1, 4, 5, 6, 7, 8, 9, 10, 11, 12, 13, 14, 15, 16, 17, 18, 19}
2025-04-15 23:42:39,334 - INFO - 正在为时间段 2188-2201 生成可视化
2025-04-15 23:42:39,334 - INFO - 正在为时间段 2188-2201 生成异常图可视化
2025-04-15 23:42:39,334 - DEBUG - 创建包含 19 个节点的图结构
2025-04-15 23:42:39,334 - DEBUG - 边统计: 正常边 196 条, 异常边 76 条
2025-04-15 23:42:39,334 - INFO - 时间段 2188-2201 的节点检测统计: 真阳性=12, 假阳性=5, 假阴性=0, 正常节点=2
2025-04-15 23:42:39,417 - DEBUG - 正在保存可视化结果到 ./visual/use_topkFalse\omi\robust_zscore\omi-3\seg_3_2188_2201.png
2025-04-15 23:42:39,497 - INFO - 成功保存时间段 2188-2201 的可视化结果
2025-04-15 23:42:39,497 - INFO - 
正在处理时间段 5/6: 2497-2500
2025-04-15 23:42:39,497 - INFO - 该时间段的真实异常节点: {6, 7, 9, 10, 11, 12, 13, 14, 15, 16, 17, 18, 19}
2025-04-15 23:42:39,497 - INFO - 正在计算异常分数...
2025-04-15 23:42:39,497 - INFO - 检测到的异常节点: set()
2025-04-15 23:42:39,497 - INFO - 正在为时间段 2497-2500 生成可视化
2025-04-15 23:42:39,497 - INFO - 正在为时间段 2497-2500 生成异常图可视化
2025-04-15 23:42:39,498 - DEBUG - 创建包含 19 个节点的图结构
2025-04-15 23:42:39,498 - DEBUG - 边统计: 正常边 178 条, 异常边 32 条
2025-04-15 23:42:39,498 - INFO - 时间段 2497-2500 的节点检测统计: 真阳性=0, 假阳性=0, 假阴性=13, 正常节点=6
2025-04-15 23:42:39,580 - DEBUG - 正在保存可视化结果到 ./visual/use_topkFalse\omi\robust_zscore\omi-3\seg_4_2497_2500.png
2025-04-15 23:42:39,659 - INFO - 成功保存时间段 2497-2500 的可视化结果
2025-04-15 23:42:39,659 - INFO - 
正在处理时间段 6/6: 3428-3434
2025-04-15 23:42:39,660 - INFO - 该时间段的真实异常节点: {7, 8, 9, 10, 11, 12, 13, 14, 15, 16, 17, 18, 19}
2025-04-15 23:42:39,660 - INFO - 正在计算异常分数...
2025-04-15 23:42:39,661 - INFO - 检测到的异常节点: {1, 4, 5, 6, 7, 8, 9, 10, 11, 12, 13, 14, 15, 16, 17, 18, 19}
2025-04-15 23:42:39,661 - INFO - 正在为时间段 3428-3434 生成可视化
2025-04-15 23:42:39,661 - INFO - 正在为时间段 3428-3434 生成异常图可视化
2025-04-15 23:42:39,661 - DEBUG - 创建包含 19 个节点的图结构
2025-04-15 23:42:39,662 - DEBUG - 边统计: 正常边 230 条, 异常边 42 条
2025-04-15 23:42:39,662 - INFO - 时间段 3428-3434 的节点检测统计: 真阳性=13, 假阳性=4, 假阴性=0, 正常节点=2
2025-04-15 23:42:39,742 - DEBUG - 正在保存可视化结果到 ./visual/use_topkFalse\omi\robust_zscore\omi-3\seg_5_3428_3434.png
2025-04-15 23:42:39,819 - INFO - 成功保存时间段 3428-3434 的可视化结果
2025-04-15 23:42:39,819 - INFO - 正在从 ./visual/use_topkFalse\omi\robust_zscore\omi-3 中的图像创建GIF
2025-04-15 23:42:39,978 - INFO - GIF已保存到 ./visual/use_topkFalse\omi\robust_zscore\omi-3\omi-3.gif
2025-04-15 23:42:39,978 - INFO - 
==================================================
2025-04-15 23:42:39,978 - INFO - 开始数据集可视化: omi-4
2025-04-15 23:42:39,978 - INFO - 使用参数: 评分模式=robust_zscore, top_k=None, 阈值=4.5
2025-04-15 23:42:39,978 - INFO - ==================================================

2025-04-15 23:42:39,979 - INFO - 正在加载数据集 omi-4 的数据
2025-04-15 23:42:39,979 - INFO - 数据加载成功。训练集形状: (8640, 19), 测试集形状: (4320, 19)
2025-04-15 23:42:39,980 - INFO - 正在计算边缘统计量...
2025-04-15 23:42:41,927 - INFO - 已计算 136 条边的统计量
2025-04-15 23:42:41,928 - INFO - 为每个节点使用所有邻居
2025-04-15 23:42:41,933 - INFO - 可视化结果将保存到: ./visual/use_topkFalse\omi\robust_zscore\omi-4
2025-04-15 23:42:41,933 - INFO - 在数据集中发现 5 个异常时间段
2025-04-15 23:42:41,933 - INFO - 
正在处理时间段 1/5: 727-782
2025-04-15 23:42:41,934 - INFO - 该时间段的真实异常节点: {1, 2, 6, 7, 8, 9, 10, 11, 12, 13, 14, 15, 16, 17, 18, 19}
2025-04-15 23:42:41,934 - INFO - 正在计算异常分数...
2025-04-15 23:42:41,972 - INFO - 检测到的异常节点: {1, 4, 5, 6, 7, 8, 9, 10, 11, 12, 13, 14, 15, 16, 17, 18, 19}
2025-04-15 23:42:41,973 - INFO - 正在为时间段 727-782 生成可视化
2025-04-15 23:42:41,973 - INFO - 正在为时间段 727-782 生成异常图可视化
2025-04-15 23:42:41,973 - DEBUG - 创建包含 19 个节点的图结构
2025-04-15 23:42:41,973 - DEBUG - 边统计: 正常边 236 条, 异常边 36 条
2025-04-15 23:42:41,973 - INFO - 时间段 727-782 的节点检测统计: 真阳性=15, 假阳性=2, 假阴性=1, 正常节点=1
2025-04-15 23:42:42,053 - DEBUG - 正在保存可视化结果到 ./visual/use_topkFalse\omi\robust_zscore\omi-4\seg_0_727_782.png
2025-04-15 23:42:42,138 - INFO - 成功保存时间段 727-782 的可视化结果
2025-04-15 23:42:42,138 - INFO - 
正在处理时间段 2/5: 843-857
2025-04-15 23:42:42,138 - INFO - 该时间段的真实异常节点: {6, 7, 8, 9, 10, 11, 12, 13, 14, 15, 16, 17, 18, 19}
2025-04-15 23:42:42,138 - INFO - 正在计算异常分数...
2025-04-15 23:42:42,146 - INFO - 检测到的异常节点: {4, 5, 6, 7, 8, 9, 10, 11, 12, 13, 14, 15, 16, 17, 18, 19}
2025-04-15 23:42:42,146 - INFO - 正在为时间段 843-857 生成可视化
2025-04-15 23:42:42,146 - INFO - 正在为时间段 843-857 生成异常图可视化
2025-04-15 23:42:42,146 - DEBUG - 创建包含 19 个节点的图结构
2025-04-15 23:42:42,147 - DEBUG - 边统计: 正常边 166 条, 异常边 74 条
2025-04-15 23:42:42,147 - INFO - 时间段 843-857 的节点检测统计: 真阳性=14, 假阳性=2, 假阴性=0, 正常节点=3
2025-04-15 23:42:42,231 - DEBUG - 正在保存可视化结果到 ./visual/use_topkFalse\omi\robust_zscore\omi-4\seg_1_843_857.png
2025-04-15 23:42:42,318 - INFO - 成功保存时间段 843-857 的可视化结果
2025-04-15 23:42:42,318 - INFO - 
正在处理时间段 3/5: 2178-2238
2025-04-15 23:42:42,318 - INFO - 该时间段的真实异常节点: {8, 9, 10, 11, 12, 13, 14, 15, 16, 17, 18, 19}
2025-04-15 23:42:42,318 - INFO - 正在计算异常分数...
2025-04-15 23:42:42,355 - INFO - 检测到的异常节点: {1, 4, 5, 6, 7, 8, 9, 10, 11, 12, 13, 14, 15, 16, 17, 18, 19}
2025-04-15 23:42:42,355 - INFO - 正在为时间段 2178-2238 生成可视化
2025-04-15 23:42:42,355 - INFO - 正在为时间段 2178-2238 生成异常图可视化
2025-04-15 23:42:42,355 - DEBUG - 创建包含 19 个节点的图结构
2025-04-15 23:42:42,356 - DEBUG - 边统计: 正常边 188 条, 异常边 84 条
2025-04-15 23:42:42,356 - INFO - 时间段 2178-2238 的节点检测统计: 真阳性=12, 假阳性=5, 假阴性=0, 正常节点=2
2025-04-15 23:42:42,493 - DEBUG - 正在保存可视化结果到 ./visual/use_topkFalse\omi\robust_zscore\omi-4\seg_2_2178_2238.png
2025-04-15 23:42:42,570 - INFO - 成功保存时间段 2178-2238 的可视化结果
2025-04-15 23:42:42,570 - INFO - 
正在处理时间段 4/5: 2494-2501
2025-04-15 23:42:42,570 - INFO - 该时间段的真实异常节点: {7, 9, 10, 11, 12, 13, 14, 15, 16, 17, 18, 19}
2025-04-15 23:42:42,570 - INFO - 正在计算异常分数...
2025-04-15 23:42:42,574 - INFO - 检测到的异常节点: {4, 5, 6, 7, 8, 9, 10, 11, 12, 13, 14, 15, 16, 17, 18, 19}
2025-04-15 23:42:42,574 - INFO - 正在为时间段 2494-2501 生成可视化
2025-04-15 23:42:42,574 - INFO - 正在为时间段 2494-2501 生成异常图可视化
2025-04-15 23:42:42,574 - DEBUG - 创建包含 19 个节点的图结构
2025-04-15 23:42:42,575 - DEBUG - 边统计: 正常边 170 条, 异常边 70 条
2025-04-15 23:42:42,575 - INFO - 时间段 2494-2501 的节点检测统计: 真阳性=12, 假阳性=4, 假阴性=0, 正常节点=3
2025-04-15 23:42:42,658 - DEBUG - 正在保存可视化结果到 ./visual/use_topkFalse\omi\robust_zscore\omi-4\seg_3_2494_2501.png
2025-04-15 23:42:42,742 - INFO - 成功保存时间段 2494-2501 的可视化结果
2025-04-15 23:42:42,742 - INFO - 
正在处理时间段 5/5: 3425-3435
2025-04-15 23:42:42,742 - INFO - 该时间段的真实异常节点: {7, 8, 9, 10, 11, 12, 13, 14, 15, 16, 17, 18, 19}
2025-04-15 23:42:42,742 - INFO - 正在计算异常分数...
2025-04-15 23:42:42,748 - INFO - 检测到的异常节点: {1, 4, 5, 6, 7, 8, 9, 10, 11, 12, 13, 14, 15, 16, 17, 18, 19}
2025-04-15 23:42:42,748 - INFO - 正在为时间段 3425-3435 生成可视化
2025-04-15 23:42:42,748 - INFO - 正在为时间段 3425-3435 生成异常图可视化
2025-04-15 23:42:42,748 - DEBUG - 创建包含 19 个节点的图结构
2025-04-15 23:42:42,749 - DEBUG - 边统计: 正常边 130 条, 异常边 142 条
2025-04-15 23:42:42,749 - INFO - 时间段 3425-3435 的节点检测统计: 真阳性=13, 假阳性=4, 假阴性=0, 正常节点=2
2025-04-15 23:42:42,839 - DEBUG - 正在保存可视化结果到 ./visual/use_topkFalse\omi\robust_zscore\omi-4\seg_4_3425_3435.png
2025-04-15 23:42:42,917 - INFO - 成功保存时间段 3425-3435 的可视化结果
2025-04-15 23:42:42,917 - INFO - 正在从 ./visual/use_topkFalse\omi\robust_zscore\omi-4 中的图像创建GIF
2025-04-15 23:42:43,054 - INFO - GIF已保存到 ./visual/use_topkFalse\omi\robust_zscore\omi-4\omi-4.gif
2025-04-15 23:42:43,055 - INFO - 
==================================================
2025-04-15 23:42:43,055 - INFO - 开始数据集可视化: omi-5
2025-04-15 23:42:43,055 - INFO - 使用参数: 评分模式=robust_zscore, top_k=None, 阈值=4.5
2025-04-15 23:42:43,055 - INFO - ==================================================

2025-04-15 23:42:43,055 - INFO - 正在加载数据集 omi-5 的数据
2025-04-15 23:42:43,056 - INFO - 数据加载成功。训练集形状: (8640, 19), 测试集形状: (4320, 19)
2025-04-15 23:42:43,056 - INFO - 正在计算边缘统计量...
2025-04-15 23:42:45,104 - INFO - 已计算 153 条边的统计量
2025-04-15 23:42:45,104 - INFO - 为每个节点使用所有邻居
2025-04-15 23:42:45,104 - INFO - 可视化结果将保存到: ./visual/use_topkFalse\omi\robust_zscore\omi-5
2025-04-15 23:42:45,105 - INFO - 在数据集中发现 6 个异常时间段
2025-04-15 23:42:45,105 - INFO - 
正在处理时间段 1/6: 765-781
2025-04-15 23:42:45,105 - INFO - 该时间段的真实异常节点: {6, 7, 8, 9, 10, 11, 12, 13, 14, 15, 16, 17, 18, 19}
2025-04-15 23:42:45,105 - INFO - 正在计算异常分数...
2025-04-15 23:42:45,114 - INFO - 检测到的异常节点: {1, 2, 4, 5, 6, 7, 8, 9, 10, 11, 12, 13, 14, 15, 16, 17, 18, 19}
2025-04-15 23:42:45,114 - INFO - 正在为时间段 765-781 生成可视化
2025-04-15 23:42:45,114 - INFO - 正在为时间段 765-781 生成异常图可视化
2025-04-15 23:42:45,114 - DEBUG - 创建包含 19 个节点的图结构
2025-04-15 23:42:45,115 - DEBUG - 边统计: 正常边 220 条, 异常边 86 条
2025-04-15 23:42:45,115 - INFO - 时间段 765-781 的节点检测统计: 真阳性=14, 假阳性=4, 假阴性=0, 正常节点=1
2025-04-15 23:42:45,197 - DEBUG - 正在保存可视化结果到 ./visual/use_topkFalse\omi\robust_zscore\omi-5\seg_0_765_781.png
2025-04-15 23:42:45,273 - INFO - 成功保存时间段 765-781 的可视化结果
2025-04-15 23:42:45,273 - INFO - 
正在处理时间段 2/6: 1589-1617
2025-04-15 23:42:45,273 - INFO - 该时间段的真实异常节点: {17, 2, 4}
2025-04-15 23:42:45,273 - INFO - 正在计算异常分数...
2025-04-15 23:42:45,294 - INFO - 检测到的异常节点: {1, 2, 4, 5, 6, 7, 8, 9, 10, 11, 12, 13, 14, 15, 16, 17, 18, 19}
2025-04-15 23:42:45,294 - INFO - 正在为时间段 1589-1617 生成可视化
2025-04-15 23:42:45,294 - INFO - 正在为时间段 1589-1617 生成异常图可视化
2025-04-15 23:42:45,295 - DEBUG - 创建包含 19 个节点的图结构
2025-04-15 23:42:45,295 - DEBUG - 边统计: 正常边 166 条, 异常边 140 条
2025-04-15 23:42:45,295 - INFO - 时间段 1589-1617 的节点检测统计: 真阳性=3, 假阳性=15, 假阴性=0, 正常节点=1
2025-04-15 23:42:45,376 - DEBUG - 正在保存可视化结果到 ./visual/use_topkFalse\omi\robust_zscore\omi-5\seg_1_1589_1617.png
2025-04-15 23:42:45,453 - INFO - 成功保存时间段 1589-1617 的可视化结果
2025-04-15 23:42:45,453 - INFO - 
正在处理时间段 3/6: 2440-2446
2025-04-15 23:42:45,453 - INFO - 该时间段的真实异常节点: {8, 11, 12, 13, 14, 15, 16, 17, 18, 19}
2025-04-15 23:42:45,453 - INFO - 正在计算异常分数...
2025-04-15 23:42:45,456 - INFO - 检测到的异常节点: {1, 2, 4, 5, 6, 7, 8, 9, 10, 11, 12, 13, 14, 15, 16, 17, 18, 19}
2025-04-15 23:42:45,456 - INFO - 正在为时间段 2440-2446 生成可视化
2025-04-15 23:42:45,456 - INFO - 正在为时间段 2440-2446 生成异常图可视化
2025-04-15 23:42:45,456 - DEBUG - 创建包含 19 个节点的图结构
2025-04-15 23:42:45,457 - DEBUG - 边统计: 正常边 146 条, 异常边 160 条
2025-04-15 23:42:45,457 - INFO - 时间段 2440-2446 的节点检测统计: 真阳性=10, 假阳性=8, 假阴性=0, 正常节点=1
2025-04-15 23:42:45,538 - DEBUG - 正在保存可视化结果到 ./visual/use_topkFalse\omi\robust_zscore\omi-5\seg_2_2440_2446.png
2025-04-15 23:42:45,616 - INFO - 成功保存时间段 2440-2446 的可视化结果
2025-04-15 23:42:45,616 - INFO - 
正在处理时间段 4/6: 3356-3363
2025-04-15 23:42:45,616 - INFO - 该时间段的真实异常节点: {17, 5, 6}
2025-04-15 23:42:45,616 - INFO - 正在计算异常分数...
2025-04-15 23:42:45,620 - INFO - 检测到的异常节点: {1, 2, 4, 5, 6, 7, 8, 9, 10, 11, 12, 13, 14, 15, 16, 17, 18, 19}
2025-04-15 23:42:45,620 - INFO - 正在为时间段 3356-3363 生成可视化
2025-04-15 23:42:45,620 - INFO - 正在为时间段 3356-3363 生成异常图可视化
2025-04-15 23:42:45,620 - DEBUG - 创建包含 19 个节点的图结构
2025-04-15 23:42:45,621 - DEBUG - 边统计: 正常边 164 条, 异常边 142 条
2025-04-15 23:42:45,621 - INFO - 时间段 3356-3363 的节点检测统计: 真阳性=3, 假阳性=15, 假阴性=0, 正常节点=1
2025-04-15 23:42:45,706 - DEBUG - 正在保存可视化结果到 ./visual/use_topkFalse\omi\robust_zscore\omi-5\seg_3_3356_3363.png
2025-04-15 23:42:45,787 - INFO - 成功保存时间段 3356-3363 的可视化结果
2025-04-15 23:42:45,787 - INFO - 
正在处理时间段 5/6: 3416-3423
2025-04-15 23:42:45,787 - INFO - 该时间段的真实异常节点: {4, 5, 7, 9, 10, 11, 12, 13, 14, 15, 16, 17, 18, 19}
2025-04-15 23:42:45,787 - INFO - 正在计算异常分数...
2025-04-15 23:42:45,790 - INFO - 检测到的异常节点: {1, 2, 4, 5, 6, 7, 8, 9, 10, 11, 12, 13, 14, 15, 16, 17, 18, 19}
2025-04-15 23:42:45,790 - INFO - 正在为时间段 3416-3423 生成可视化
2025-04-15 23:42:45,790 - INFO - 正在为时间段 3416-3423 生成异常图可视化
2025-04-15 23:42:45,790 - DEBUG - 创建包含 19 个节点的图结构
2025-04-15 23:42:45,791 - DEBUG - 边统计: 正常边 220 条, 异常边 86 条
2025-04-15 23:42:45,792 - INFO - 时间段 3416-3423 的节点检测统计: 真阳性=14, 假阳性=4, 假阴性=0, 正常节点=1
2025-04-15 23:42:45,868 - DEBUG - 正在保存可视化结果到 ./visual/use_topkFalse\omi\robust_zscore\omi-5\seg_4_3416_3423.png
2025-04-15 23:42:45,951 - INFO - 成功保存时间段 3416-3423 的可视化结果
2025-04-15 23:42:45,952 - INFO - 
正在处理时间段 6/6: 3590-3594
2025-04-15 23:42:45,952 - INFO - 该时间段的真实异常节点: {1, 8, 17, 18, 19}
2025-04-15 23:42:45,952 - INFO - 正在计算异常分数...
2025-04-15 23:42:45,953 - INFO - 检测到的异常节点: {1, 2, 4, 5, 6, 7, 8, 9, 10, 11, 12, 13, 14, 15, 16, 17, 18, 19}
2025-04-15 23:42:45,953 - INFO - 正在为时间段 3590-3594 生成可视化
2025-04-15 23:42:45,953 - INFO - 正在为时间段 3590-3594 生成异常图可视化
2025-04-15 23:42:45,953 - DEBUG - 创建包含 19 个节点的图结构
2025-04-15 23:42:45,954 - DEBUG - 边统计: 正常边 162 条, 异常边 144 条
2025-04-15 23:42:45,954 - INFO - 时间段 3590-3594 的节点检测统计: 真阳性=5, 假阳性=13, 假阴性=0, 正常节点=1
2025-04-15 23:42:46,038 - DEBUG - 正在保存可视化结果到 ./visual/use_topkFalse\omi\robust_zscore\omi-5\seg_5_3590_3594.png
2025-04-15 23:42:46,118 - INFO - 成功保存时间段 3590-3594 的可视化结果
2025-04-15 23:42:46,118 - INFO - 正在从 ./visual/use_topkFalse\omi\robust_zscore\omi-5 中的图像创建GIF
2025-04-15 23:42:46,284 - INFO - GIF已保存到 ./visual/use_topkFalse\omi\robust_zscore\omi-5\omi-5.gif
2025-04-15 23:42:46,284 - INFO - 
==================================================
2025-04-15 23:42:46,284 - INFO - 开始数据集可视化: omi-6
2025-04-15 23:42:46,284 - INFO - 使用参数: 评分模式=robust_zscore, top_k=None, 阈值=6.5
2025-04-15 23:42:46,284 - INFO - ==================================================

2025-04-15 23:42:46,284 - INFO - 正在加载数据集 omi-6 的数据
2025-04-15 23:42:46,286 - INFO - 数据加载成功。训练集形状: (8640, 19), 测试集形状: (4320, 19)
2025-04-15 23:42:46,286 - INFO - 正在计算边缘统计量...
2025-04-15 23:42:48,222 - INFO - 已计算 153 条边的统计量
2025-04-15 23:42:48,223 - INFO - 为每个节点使用所有邻居
2025-04-15 23:42:48,223 - INFO - 可视化结果将保存到: ./visual/use_topkFalse\omi\robust_zscore\omi-6
2025-04-15 23:42:48,224 - INFO - 在数据集中发现 10 个异常时间段
2025-04-15 23:42:48,224 - INFO - 
正在处理时间段 1/10: 357-392
2025-04-15 23:42:48,224 - INFO - 该时间段的真实异常节点: {19, 4}
2025-04-15 23:42:48,224 - INFO - 正在计算异常分数...
2025-04-15 23:42:48,246 - INFO - 检测到的异常节点: {1, 4, 5, 6, 7, 8, 9, 10, 11, 12, 13, 14, 15, 16, 17, 18, 19}
2025-04-15 23:42:48,246 - INFO - 正在为时间段 357-392 生成可视化
2025-04-15 23:42:48,246 - INFO - 正在为时间段 357-392 生成异常图可视化
2025-04-15 23:42:48,246 - DEBUG - 创建包含 19 个节点的图结构
2025-04-15 23:42:48,247 - DEBUG - 边统计: 正常边 188 条, 异常边 84 条
2025-04-15 23:42:48,247 - INFO - 时间段 357-392 的节点检测统计: 真阳性=2, 假阳性=15, 假阴性=0, 正常节点=2
2025-04-15 23:42:48,325 - DEBUG - 正在保存可视化结果到 ./visual/use_topkFalse\omi\robust_zscore\omi-6\seg_0_357_392.png
2025-04-15 23:42:48,405 - INFO - 成功保存时间段 357-392 的可视化结果
2025-04-15 23:42:48,406 - INFO - 
正在处理时间段 2/10: 750-788
2025-04-15 23:42:48,406 - INFO - 该时间段的真实异常节点: {2, 6, 7, 8, 9, 10, 11, 12, 13, 14, 15, 16, 17, 18, 19}
2025-04-15 23:42:48,406 - INFO - 正在计算异常分数...
2025-04-15 23:42:48,430 - INFO - 检测到的异常节点: {1, 4, 5, 6, 7, 8, 9, 10, 11, 12, 13, 14, 15, 16, 17, 18, 19}
2025-04-15 23:42:48,430 - INFO - 正在为时间段 750-788 生成可视化
2025-04-15 23:42:48,430 - INFO - 正在为时间段 750-788 生成异常图可视化
2025-04-15 23:42:48,430 - DEBUG - 创建包含 19 个节点的图结构
2025-04-15 23:42:48,432 - DEBUG - 边统计: 正常边 230 条, 异常边 42 条
2025-04-15 23:42:48,432 - INFO - 时间段 750-788 的节点检测统计: 真阳性=14, 假阳性=3, 假阴性=1, 正常节点=1
2025-04-15 23:42:48,513 - DEBUG - 正在保存可视化结果到 ./visual/use_topkFalse\omi\robust_zscore\omi-6\seg_1_750_788.png
2025-04-15 23:42:48,595 - INFO - 成功保存时间段 750-788 的可视化结果
2025-04-15 23:42:48,595 - INFO - 
正在处理时间段 3/10: 1278-1293
2025-04-15 23:42:48,595 - INFO - 该时间段的真实异常节点: {4, 5, 6, 8, 17}
2025-04-15 23:42:48,595 - INFO - 正在计算异常分数...
2025-04-15 23:42:48,610 - INFO - 检测到的异常节点: {1, 4, 5, 6, 7, 8, 9, 10, 11, 12, 13, 14, 15, 16, 17, 18, 19}
2025-04-15 23:42:48,610 - INFO - 正在为时间段 1278-1293 生成可视化
2025-04-15 23:42:48,610 - INFO - 正在为时间段 1278-1293 生成异常图可视化
2025-04-15 23:42:48,610 - DEBUG - 创建包含 19 个节点的图结构
2025-04-15 23:42:48,612 - DEBUG - 边统计: 正常边 178 条, 异常边 94 条
2025-04-15 23:42:48,612 - INFO - 时间段 1278-1293 的节点检测统计: 真阳性=5, 假阳性=12, 假阴性=0, 正常节点=2
2025-04-15 23:42:48,700 - DEBUG - 正在保存可视化结果到 ./visual/use_topkFalse\omi\robust_zscore\omi-6\seg_2_1278_1293.png
2025-04-15 23:42:48,780 - INFO - 成功保存时间段 1278-1293 的可视化结果
2025-04-15 23:42:48,780 - INFO - 
正在处理时间段 4/10: 1590-1615
2025-04-15 23:42:48,780 - INFO - 该时间段的真实异常节点: {1, 18, 9}
2025-04-15 23:42:48,780 - INFO - 正在计算异常分数...
2025-04-15 23:42:48,795 - INFO - 检测到的异常节点: {1, 4, 5, 6, 7, 8, 9, 10, 11, 12, 13, 14, 15, 16, 17, 18, 19}
2025-04-15 23:42:48,795 - INFO - 正在为时间段 1590-1615 生成可视化
2025-04-15 23:42:48,795 - INFO - 正在为时间段 1590-1615 生成异常图可视化
2025-04-15 23:42:48,795 - DEBUG - 创建包含 19 个节点的图结构
2025-04-15 23:42:48,796 - DEBUG - 边统计: 正常边 202 条, 异常边 70 条
2025-04-15 23:42:48,796 - INFO - 时间段 1590-1615 的节点检测统计: 真阳性=3, 假阳性=14, 假阴性=0, 正常节点=2
2025-04-15 23:42:48,881 - DEBUG - 正在保存可视化结果到 ./visual/use_topkFalse\omi\robust_zscore\omi-6\seg_3_1590_1615.png
2025-04-15 23:42:49,018 - INFO - 成功保存时间段 1590-1615 的可视化结果
2025-04-15 23:42:49,019 - INFO - 
正在处理时间段 5/10: 2592-2604
2025-04-15 23:42:49,019 - INFO - 该时间段的真实异常节点: {9, 4, 6}
2025-04-15 23:42:49,019 - INFO - 正在计算异常分数...
2025-04-15 23:42:49,025 - INFO - 检测到的异常节点: {4, 5, 6, 7, 8, 9, 10, 11, 12, 13, 14, 15, 16, 17, 18, 19}
2025-04-15 23:42:49,025 - INFO - 正在为时间段 2592-2604 生成可视化
2025-04-15 23:42:49,025 - INFO - 正在为时间段 2592-2604 生成异常图可视化
2025-04-15 23:42:49,025 - DEBUG - 创建包含 19 个节点的图结构
2025-04-15 23:42:49,026 - DEBUG - 边统计: 正常边 162 条, 异常边 78 条
2025-04-15 23:42:49,026 - INFO - 时间段 2592-2604 的节点检测统计: 真阳性=3, 假阳性=13, 假阴性=0, 正常节点=3
2025-04-15 23:42:49,113 - DEBUG - 正在保存可视化结果到 ./visual/use_topkFalse\omi\robust_zscore\omi-6\seg_4_2592_2604.png
2025-04-15 23:42:49,191 - INFO - 成功保存时间段 2592-2604 的可视化结果
2025-04-15 23:42:49,191 - INFO - 
正在处理时间段 6/10: 2734-2765
2025-04-15 23:42:49,191 - INFO - 该时间段的真实异常节点: {8, 19, 4, 6}
2025-04-15 23:42:49,191 - INFO - 正在计算异常分数...
2025-04-15 23:42:49,214 - INFO - 检测到的异常节点: {1, 4, 5, 6, 7, 8, 9, 10, 11, 12, 13, 14, 15, 16, 17, 18, 19}
2025-04-15 23:42:49,214 - INFO - 正在为时间段 2734-2765 生成可视化
2025-04-15 23:42:49,214 - INFO - 正在为时间段 2734-2765 生成异常图可视化
2025-04-15 23:42:49,214 - DEBUG - 创建包含 19 个节点的图结构
2025-04-15 23:42:49,215 - DEBUG - 边统计: 正常边 158 条, 异常边 114 条
2025-04-15 23:42:49,215 - INFO - 时间段 2734-2765 的节点检测统计: 真阳性=4, 假阳性=13, 假阴性=0, 正常节点=2
2025-04-15 23:42:49,296 - DEBUG - 正在保存可视化结果到 ./visual/use_topkFalse\omi\robust_zscore\omi-6\seg_5_2734_2765.png
2025-04-15 23:42:49,372 - INFO - 成功保存时间段 2734-2765 的可视化结果
2025-04-15 23:42:49,372 - INFO - 
正在处理时间段 7/10: 3066-3072
2025-04-15 23:42:49,372 - INFO - 该时间段的真实异常节点: {19, 4, 6}
2025-04-15 23:42:49,372 - INFO - 正在计算异常分数...
2025-04-15 23:42:49,375 - INFO - 检测到的异常节点: {1, 4, 5, 6, 7, 8, 9, 10, 11, 12, 13, 14, 15, 16, 17, 18, 19}
2025-04-15 23:42:49,375 - INFO - 正在为时间段 3066-3072 生成可视化
2025-04-15 23:42:49,375 - INFO - 正在为时间段 3066-3072 生成异常图可视化
2025-04-15 23:42:49,375 - DEBUG - 创建包含 19 个节点的图结构
2025-04-15 23:42:49,376 - DEBUG - 边统计: 正常边 138 条, 异常边 134 条
2025-04-15 23:42:49,376 - INFO - 时间段 3066-3072 的节点检测统计: 真阳性=3, 假阳性=14, 假阴性=0, 正常节点=2
2025-04-15 23:42:49,467 - DEBUG - 正在保存可视化结果到 ./visual/use_topkFalse\omi\robust_zscore\omi-6\seg_6_3066_3072.png
2025-04-15 23:42:49,557 - INFO - 成功保存时间段 3066-3072 的可视化结果
2025-04-15 23:42:49,557 - INFO - 
正在处理时间段 8/10: 3596-3605
2025-04-15 23:42:49,557 - INFO - 该时间段的真实异常节点: {19, 4, 5, 6}
2025-04-15 23:42:49,557 - INFO - 正在计算异常分数...
2025-04-15 23:42:49,563 - INFO - 检测到的异常节点: {1, 4, 5, 6, 7, 8, 9, 10, 11, 12, 13, 14, 15, 16, 17, 18, 19}
2025-04-15 23:42:49,563 - INFO - 正在为时间段 3596-3605 生成可视化
2025-04-15 23:42:49,563 - INFO - 正在为时间段 3596-3605 生成异常图可视化
2025-04-15 23:42:49,563 - DEBUG - 创建包含 19 个节点的图结构
2025-04-15 23:42:49,564 - DEBUG - 边统计: 正常边 140 条, 异常边 132 条
2025-04-15 23:42:49,564 - INFO - 时间段 3596-3605 的节点检测统计: 真阳性=4, 假阳性=13, 假阴性=0, 正常节点=2
2025-04-15 23:42:49,646 - DEBUG - 正在保存可视化结果到 ./visual/use_topkFalse\omi\robust_zscore\omi-6\seg_7_3596_3605.png
2025-04-15 23:42:49,732 - INFO - 成功保存时间段 3596-3605 的可视化结果
2025-04-15 23:42:49,733 - INFO - 
正在处理时间段 9/10: 3610-3622
2025-04-15 23:42:49,733 - INFO - 该时间段的真实异常节点: {1, 4, 5}
2025-04-15 23:42:49,733 - INFO - 正在计算异常分数...
2025-04-15 23:42:49,740 - INFO - 检测到的异常节点: {1, 4, 5, 6, 7, 8, 9, 10, 11, 12, 13, 14, 15, 16, 17, 18, 19}
2025-04-15 23:42:49,740 - INFO - 正在为时间段 3610-3622 生成可视化
2025-04-15 23:42:49,740 - INFO - 正在为时间段 3610-3622 生成异常图可视化
2025-04-15 23:42:49,740 - DEBUG - 创建包含 19 个节点的图结构
2025-04-15 23:42:49,741 - DEBUG - 边统计: 正常边 218 条, 异常边 54 条
2025-04-15 23:42:49,741 - INFO - 时间段 3610-3622 的节点检测统计: 真阳性=3, 假阳性=14, 假阴性=0, 正常节点=2
2025-04-15 23:42:49,820 - DEBUG - 正在保存可视化结果到 ./visual/use_topkFalse\omi\robust_zscore\omi-6\seg_8_3610_3622.png
2025-04-15 23:42:49,895 - INFO - 成功保存时间段 3610-3622 的可视化结果
2025-04-15 23:42:49,895 - INFO - 
正在处理时间段 10/10: 4159-4164
2025-04-15 23:42:49,896 - INFO - 该时间段的真实异常节点: {4, 5}
2025-04-15 23:42:49,896 - INFO - 正在计算异常分数...
2025-04-15 23:42:49,898 - INFO - 检测到的异常节点: {1, 4, 5, 6, 7, 8, 9, 10, 11, 12, 13, 14, 15, 16, 17, 18, 19}
2025-04-15 23:42:49,899 - INFO - 正在为时间段 4159-4164 生成可视化
2025-04-15 23:42:49,899 - INFO - 正在为时间段 4159-4164 生成异常图可视化
2025-04-15 23:42:49,899 - DEBUG - 创建包含 19 个节点的图结构
2025-04-15 23:42:49,899 - DEBUG - 边统计: 正常边 142 条, 异常边 130 条
2025-04-15 23:42:49,899 - INFO - 时间段 4159-4164 的节点检测统计: 真阳性=2, 假阳性=15, 假阴性=0, 正常节点=2
2025-04-15 23:42:49,982 - DEBUG - 正在保存可视化结果到 ./visual/use_topkFalse\omi\robust_zscore\omi-6\seg_9_4159_4164.png
2025-04-15 23:42:50,054 - INFO - 成功保存时间段 4159-4164 的可视化结果
2025-04-15 23:42:50,054 - INFO - 正在从 ./visual/use_topkFalse\omi\robust_zscore\omi-6 中的图像创建GIF
2025-04-15 23:42:50,343 - INFO - GIF已保存到 ./visual/use_topkFalse\omi\robust_zscore\omi-6\omi-6.gif
2025-04-15 23:42:50,344 - INFO - 
==================================================
2025-04-15 23:42:50,344 - INFO - 开始数据集可视化: omi-7
2025-04-15 23:42:50,344 - INFO - 使用参数: 评分模式=robust_zscore, top_k=None, 阈值=1.5
2025-04-15 23:42:50,344 - INFO - ==================================================

2025-04-15 23:42:50,344 - INFO - 正在加载数据集 omi-7 的数据
2025-04-15 23:42:50,345 - INFO - 数据加载成功。训练集形状: (8640, 19), 测试集形状: (4320, 19)
2025-04-15 23:42:50,346 - INFO - 正在计算边缘统计量...
2025-04-15 23:42:52,220 - INFO - 已计算 136 条边的统计量
2025-04-15 23:42:52,221 - INFO - 为每个节点使用所有邻居
2025-04-15 23:42:52,221 - INFO - 可视化结果将保存到: ./visual/use_topkFalse\omi\robust_zscore\omi-7
2025-04-15 23:42:52,221 - INFO - 在数据集中发现 3 个异常时间段
2025-04-15 23:42:52,221 - INFO - 
正在处理时间段 1/3: 738-778
2025-04-15 23:42:52,221 - INFO - 该时间段的真实异常节点: {1, 2, 4, 6, 7, 8, 9, 10, 11, 12, 13, 14, 15, 16, 17, 18, 19}
2025-04-15 23:42:52,221 - INFO - 正在计算异常分数...
2025-04-15 23:42:52,245 - INFO - 检测到的异常节点: {1, 4, 5, 6, 7, 8, 9, 10, 11, 12, 13, 14, 15, 16, 17, 18, 19}
2025-04-15 23:42:52,245 - INFO - 正在为时间段 738-778 生成可视化
2025-04-15 23:42:52,245 - INFO - 正在为时间段 738-778 生成异常图可视化
2025-04-15 23:42:52,245 - DEBUG - 创建包含 19 个节点的图结构
2025-04-15 23:42:52,246 - DEBUG - 边统计: 正常边 204 条, 异常边 68 条
2025-04-15 23:42:52,246 - INFO - 时间段 738-778 的节点检测统计: 真阳性=16, 假阳性=1, 假阴性=1, 正常节点=1
2025-04-15 23:42:52,331 - DEBUG - 正在保存可视化结果到 ./visual/use_topkFalse\omi\robust_zscore\omi-7\seg_0_738_778.png
2025-04-15 23:42:52,412 - INFO - 成功保存时间段 738-778 的可视化结果
2025-04-15 23:42:52,412 - INFO - 
正在处理时间段 2/3: 1625-1660
2025-04-15 23:42:52,412 - INFO - 该时间段的真实异常节点: {7, 10, 11, 12, 13, 14, 15, 16, 17, 18, 19}
2025-04-15 23:42:52,412 - INFO - 正在计算异常分数...
2025-04-15 23:42:52,434 - INFO - 检测到的异常节点: {5, 7, 8, 9, 10, 11, 12, 13, 14, 15, 16, 17, 18, 19}
2025-04-15 23:42:52,434 - INFO - 正在为时间段 1625-1660 生成可视化
2025-04-15 23:42:52,434 - INFO - 正在为时间段 1625-1660 生成异常图可视化
2025-04-15 23:42:52,434 - DEBUG - 创建包含 19 个节点的图结构
2025-04-15 23:42:52,434 - DEBUG - 边统计: 正常边 130 条, 异常边 52 条
2025-04-15 23:42:52,434 - INFO - 时间段 1625-1660 的节点检测统计: 真阳性=11, 假阳性=3, 假阴性=0, 正常节点=5
2025-04-15 23:42:52,516 - DEBUG - 正在保存可视化结果到 ./visual/use_topkFalse\omi\robust_zscore\omi-7\seg_1_1625_1660.png
2025-04-15 23:42:52,596 - INFO - 成功保存时间段 1625-1660 的可视化结果
2025-04-15 23:42:52,596 - INFO - 
正在处理时间段 3/3: 3311-3320
2025-04-15 23:42:52,596 - INFO - 该时间段的真实异常节点: {7, 10, 11, 12, 13, 14, 15, 16, 17, 18, 19}
2025-04-15 23:42:52,596 - INFO - 正在计算异常分数...
2025-04-15 23:42:52,600 - INFO - 检测到的异常节点: {1, 5, 7, 8, 9, 10, 11, 12, 13, 14, 15, 16, 17, 18, 19}
2025-04-15 23:42:52,600 - INFO - 正在为时间段 3311-3320 生成可视化
2025-04-15 23:42:52,601 - INFO - 正在为时间段 3311-3320 生成异常图可视化
2025-04-15 23:42:52,601 - DEBUG - 创建包含 19 个节点的图结构
2025-04-15 23:42:52,601 - DEBUG - 边统计: 正常边 164 条, 异常边 46 条
2025-04-15 23:42:52,601 - INFO - 时间段 3311-3320 的节点检测统计: 真阳性=11, 假阳性=4, 假阴性=0, 正常节点=4
2025-04-15 23:42:52,687 - DEBUG - 正在保存可视化结果到 ./visual/use_topkFalse\omi\robust_zscore\omi-7\seg_2_3311_3320.png
2025-04-15 23:42:52,766 - INFO - 成功保存时间段 3311-3320 的可视化结果
2025-04-15 23:42:52,766 - INFO - 正在从 ./visual/use_topkFalse\omi\robust_zscore\omi-7 中的图像创建GIF
2025-04-15 23:42:52,842 - INFO - GIF已保存到 ./visual/use_topkFalse\omi\robust_zscore\omi-7\omi-7.gif
2025-04-15 23:42:52,842 - INFO - 
==================================================
2025-04-15 23:42:52,842 - INFO - 开始数据集可视化: omi-8
2025-04-15 23:42:52,842 - INFO - 使用参数: 评分模式=robust_zscore, top_k=None, 阈值=4.0
2025-04-15 23:42:52,842 - INFO - ==================================================

2025-04-15 23:42:52,842 - INFO - 正在加载数据集 omi-8 的数据
2025-04-15 23:42:52,843 - INFO - 数据加载成功。训练集形状: (8640, 19), 测试集形状: (4320, 19)
2025-04-15 23:42:52,843 - INFO - 正在计算边缘统计量...
2025-04-15 23:42:54,692 - INFO - 已计算 136 条边的统计量
2025-04-15 23:42:54,692 - INFO - 为每个节点使用所有邻居
2025-04-15 23:42:54,692 - INFO - 可视化结果将保存到: ./visual/use_topkFalse\omi\robust_zscore\omi-8
2025-04-15 23:42:54,693 - INFO - 在数据集中发现 5 个异常时间段
2025-04-15 23:42:54,693 - INFO - 
正在处理时间段 1/5: 740-753
2025-04-15 23:42:54,693 - INFO - 该时间段的真实异常节点: {2, 4}
2025-04-15 23:42:54,693 - INFO - 正在计算异常分数...
2025-04-15 23:42:54,700 - INFO - 检测到的异常节点: {1, 4, 6, 7, 8, 9, 10, 11, 12, 13, 14, 15, 16, 17, 18, 19}
2025-04-15 23:42:54,700 - INFO - 正在为时间段 740-753 生成可视化
2025-04-15 23:42:54,700 - INFO - 正在为时间段 740-753 生成异常图可视化
2025-04-15 23:42:54,700 - DEBUG - 创建包含 19 个节点的图结构
2025-04-15 23:42:54,700 - DEBUG - 边统计: 正常边 178 条, 异常边 62 条
2025-04-15 23:42:54,700 - INFO - 时间段 740-753 的节点检测统计: 真阳性=1, 假阳性=15, 假阴性=1, 正常节点=2
2025-04-15 23:42:54,784 - DEBUG - 正在保存可视化结果到 ./visual/use_topkFalse\omi\robust_zscore\omi-8\seg_0_740_753.png
2025-04-15 23:42:54,865 - INFO - 成功保存时间段 740-753 的可视化结果
2025-04-15 23:42:54,865 - INFO - 
正在处理时间段 2/5: 764-780
2025-04-15 23:42:54,866 - INFO - 该时间段的真实异常节点: {6, 7, 8, 9, 10, 11, 12, 13, 14, 15, 16, 17, 18, 19}
2025-04-15 23:42:54,866 - INFO - 正在计算异常分数...
2025-04-15 23:42:54,873 - INFO - 检测到的异常节点: {1, 6, 7, 8, 9, 10, 11, 12, 13, 14, 15, 16, 17, 18, 19}
2025-04-15 23:42:54,873 - INFO - 正在为时间段 764-780 生成可视化
2025-04-15 23:42:54,873 - INFO - 正在为时间段 764-780 生成异常图可视化
2025-04-15 23:42:54,873 - DEBUG - 创建包含 19 个节点的图结构
2025-04-15 23:42:54,874 - DEBUG - 边统计: 正常边 172 条, 异常边 38 条
2025-04-15 23:42:54,874 - INFO - 时间段 764-780 的节点检测统计: 真阳性=14, 假阳性=1, 假阴性=0, 正常节点=4
2025-04-15 23:42:54,959 - DEBUG - 正在保存可视化结果到 ./visual/use_topkFalse\omi\robust_zscore\omi-8\seg_1_764_780.png
2025-04-15 23:42:55,035 - INFO - 成功保存时间段 764-780 的可视化结果
2025-04-15 23:42:55,036 - INFO - 
正在处理时间段 3/5: 2319-2325
2025-04-15 23:42:55,036 - INFO - 该时间段的真实异常节点: {4, 5, 6}
2025-04-15 23:42:55,036 - INFO - 正在计算异常分数...
2025-04-15 23:42:55,039 - INFO - 检测到的异常节点: {1, 4, 5, 6, 7, 8, 9, 10, 11, 12, 13, 14, 15, 16, 17, 18, 19}
2025-04-15 23:42:55,039 - INFO - 正在为时间段 2319-2325 生成可视化
2025-04-15 23:42:55,039 - INFO - 正在为时间段 2319-2325 生成异常图可视化
2025-04-15 23:42:55,039 - DEBUG - 创建包含 19 个节点的图结构
2025-04-15 23:42:55,039 - DEBUG - 边统计: 正常边 134 条, 异常边 138 条
2025-04-15 23:42:55,039 - INFO - 时间段 2319-2325 的节点检测统计: 真阳性=3, 假阳性=14, 假阴性=0, 正常节点=2
2025-04-15 23:42:55,131 - DEBUG - 正在保存可视化结果到 ./visual/use_topkFalse\omi\robust_zscore\omi-8\seg_2_2319_2325.png
2025-04-15 23:42:55,211 - INFO - 成功保存时间段 2319-2325 的可视化结果
2025-04-15 23:42:55,211 - INFO - 
正在处理时间段 4/5: 2586-2675
2025-04-15 23:42:55,212 - INFO - 该时间段的真实异常节点: {5, 6, 8, 17, 18, 19}
2025-04-15 23:42:55,212 - INFO - 正在计算异常分数...
2025-04-15 23:42:55,276 - INFO - 检测到的异常节点: {1, 4, 5, 6, 7, 8, 9, 10, 11, 12, 13, 14, 15, 16, 17, 18, 19}
2025-04-15 23:42:55,276 - INFO - 正在为时间段 2586-2675 生成可视化
2025-04-15 23:42:55,276 - INFO - 正在为时间段 2586-2675 生成异常图可视化
2025-04-15 23:42:55,276 - DEBUG - 创建包含 19 个节点的图结构
2025-04-15 23:42:55,277 - DEBUG - 边统计: 正常边 146 条, 异常边 126 条
2025-04-15 23:42:55,277 - INFO - 时间段 2586-2675 的节点检测统计: 真阳性=6, 假阳性=11, 假阴性=0, 正常节点=2
2025-04-15 23:42:55,414 - DEBUG - 正在保存可视化结果到 ./visual/use_topkFalse\omi\robust_zscore\omi-8\seg_3_2586_2675.png
2025-04-15 23:42:55,495 - INFO - 成功保存时间段 2586-2675 的可视化结果
2025-04-15 23:42:55,495 - INFO - 
正在处理时间段 5/5: 2897-2956
2025-04-15 23:42:55,495 - INFO - 该时间段的真实异常节点: {2, 6, 8, 17, 18, 19}
2025-04-15 23:42:55,495 - INFO - 正在计算异常分数...
2025-04-15 23:42:55,533 - INFO - 检测到的异常节点: {1, 4, 5, 6, 7, 8, 9, 10, 11, 12, 13, 14, 15, 16, 17, 18, 19}
2025-04-15 23:42:55,533 - INFO - 正在为时间段 2897-2956 生成可视化
2025-04-15 23:42:55,533 - INFO - 正在为时间段 2897-2956 生成异常图可视化
2025-04-15 23:42:55,533 - DEBUG - 创建包含 19 个节点的图结构
2025-04-15 23:42:55,534 - DEBUG - 边统计: 正常边 136 条, 异常边 136 条
2025-04-15 23:42:55,535 - INFO - 时间段 2897-2956 的节点检测统计: 真阳性=5, 假阳性=12, 假阴性=1, 正常节点=1
2025-04-15 23:42:55,618 - DEBUG - 正在保存可视化结果到 ./visual/use_topkFalse\omi\robust_zscore\omi-8\seg_4_2897_2956.png
2025-04-15 23:42:55,697 - INFO - 成功保存时间段 2897-2956 的可视化结果
2025-04-15 23:42:55,697 - INFO - 正在从 ./visual/use_topkFalse\omi\robust_zscore\omi-8 中的图像创建GIF
2025-04-15 23:42:55,832 - INFO - GIF已保存到 ./visual/use_topkFalse\omi\robust_zscore\omi-8\omi-8.gif
2025-04-15 23:42:55,832 - INFO - 
==================================================
2025-04-15 23:42:55,832 - INFO - 开始数据集可视化: omi-9
2025-04-15 23:42:55,832 - INFO - 使用参数: 评分模式=robust_zscore, top_k=None, 阈值=4.0
2025-04-15 23:42:55,832 - INFO - ==================================================

2025-04-15 23:42:55,832 - INFO - 正在加载数据集 omi-9 的数据
2025-04-15 23:42:55,833 - INFO - 数据加载成功。训练集形状: (8640, 19), 测试集形状: (4320, 19)
2025-04-15 23:42:55,833 - INFO - 正在计算边缘统计量...
2025-04-15 23:42:57,680 - INFO - 已计算 136 条边的统计量
2025-04-15 23:42:57,680 - INFO - 为每个节点使用所有邻居
2025-04-15 23:42:57,680 - INFO - 可视化结果将保存到: ./visual/use_topkFalse\omi\robust_zscore\omi-9
2025-04-15 23:42:57,681 - INFO - 在数据集中发现 8 个异常时间段
2025-04-15 23:42:57,681 - INFO - 
正在处理时间段 1/8: 738-756
2025-04-15 23:42:57,681 - INFO - 该时间段的真实异常节点: {2, 9, 10, 11, 12, 13, 14, 15, 16, 17, 18, 19}
2025-04-15 23:42:57,681 - INFO - 正在计算异常分数...
2025-04-15 23:42:57,689 - INFO - 检测到的异常节点: {1, 7, 8, 9, 10, 11, 12, 13, 14, 15, 16, 17, 18, 19}
2025-04-15 23:42:57,689 - INFO - 正在为时间段 738-756 生成可视化
2025-04-15 23:42:57,689 - INFO - 正在为时间段 738-756 生成异常图可视化
2025-04-15 23:42:57,689 - DEBUG - 创建包含 19 个节点的图结构
2025-04-15 23:42:57,689 - DEBUG - 边统计: 正常边 112 条, 异常边 70 条
2025-04-15 23:42:57,689 - INFO - 时间段 738-756 的节点检测统计: 真阳性=11, 假阳性=3, 假阴性=1, 正常节点=4
2025-04-15 23:42:57,778 - DEBUG - 正在保存可视化结果到 ./visual/use_topkFalse\omi\robust_zscore\omi-9\seg_0_738_756.png
2025-04-15 23:42:57,866 - INFO - 成功保存时间段 738-756 的可视化结果
2025-04-15 23:42:57,866 - INFO - 
正在处理时间段 2/8: 763-780
2025-04-15 23:42:57,867 - INFO - 该时间段的真实异常节点: {1, 6, 7, 8, 9, 10, 11, 12, 13, 14, 15, 16, 17, 18, 19}
2025-04-15 23:42:57,867 - INFO - 正在计算异常分数...
2025-04-15 23:42:57,875 - INFO - 检测到的异常节点: {1, 6, 7, 8, 9, 10, 11, 12, 13, 14, 15, 16, 17, 18, 19}
2025-04-15 23:42:57,875 - INFO - 正在为时间段 763-780 生成可视化
2025-04-15 23:42:57,875 - INFO - 正在为时间段 763-780 生成异常图可视化
2025-04-15 23:42:57,875 - DEBUG - 创建包含 19 个节点的图结构
2025-04-15 23:42:57,876 - DEBUG - 边统计: 正常边 142 条, 异常边 68 条
2025-04-15 23:42:57,876 - INFO - 时间段 763-780 的节点检测统计: 真阳性=15, 假阳性=0, 假阴性=0, 正常节点=4
2025-04-15 23:42:57,958 - DEBUG - 正在保存可视化结果到 ./visual/use_topkFalse\omi\robust_zscore\omi-9\seg_1_763_780.png
2025-04-15 23:42:58,040 - INFO - 成功保存时间段 763-780 的可视化结果
2025-04-15 23:42:58,040 - INFO - 
正在处理时间段 3/8: 2514-2524
2025-04-15 23:42:58,040 - INFO - 该时间段的真实异常节点: {1, 4, 5, 7, 8, 9, 17, 18}
2025-04-15 23:42:58,040 - INFO - 正在计算异常分数...
2025-04-15 23:42:58,045 - INFO - 检测到的异常节点: {1, 4, 5, 6, 7, 8, 9, 10, 11, 12, 13, 14, 15, 16, 17, 18, 19}
2025-04-15 23:42:58,045 - INFO - 正在为时间段 2514-2524 生成可视化
2025-04-15 23:42:58,045 - INFO - 正在为时间段 2514-2524 生成异常图可视化
2025-04-15 23:42:58,045 - DEBUG - 创建包含 19 个节点的图结构
2025-04-15 23:42:58,046 - DEBUG - 边统计: 正常边 162 条, 异常边 110 条
2025-04-15 23:42:58,046 - INFO - 时间段 2514-2524 的节点检测统计: 真阳性=8, 假阳性=9, 假阴性=0, 正常节点=2
2025-04-15 23:42:58,125 - DEBUG - 正在保存可视化结果到 ./visual/use_topkFalse\omi\robust_zscore\omi-9\seg_2_2514_2524.png
2025-04-15 23:42:58,203 - INFO - 成功保存时间段 2514-2524 的可视化结果
2025-04-15 23:42:58,204 - INFO - 
正在处理时间段 4/8: 2603-2668
2025-04-15 23:42:58,204 - INFO - 该时间段的真实异常节点: {1, 2, 5, 6, 8, 17, 18, 19}
2025-04-15 23:42:58,204 - INFO - 正在计算异常分数...
2025-04-15 23:42:58,244 - INFO - 检测到的异常节点: {1, 4, 5, 6, 7, 8, 9, 10, 11, 12, 13, 14, 15, 16, 17, 18, 19}
2025-04-15 23:42:58,244 - INFO - 正在为时间段 2603-2668 生成可视化
2025-04-15 23:42:58,244 - INFO - 正在为时间段 2603-2668 生成异常图可视化
2025-04-15 23:42:58,244 - DEBUG - 创建包含 19 个节点的图结构
2025-04-15 23:42:58,244 - DEBUG - 边统计: 正常边 106 条, 异常边 166 条
2025-04-15 23:42:58,244 - INFO - 时间段 2603-2668 的节点检测统计: 真阳性=7, 假阳性=10, 假阴性=1, 正常节点=1
2025-04-15 23:42:58,324 - DEBUG - 正在保存可视化结果到 ./visual/use_topkFalse\omi\robust_zscore\omi-9\seg_3_2603_2668.png
2025-04-15 23:42:58,398 - INFO - 成功保存时间段 2603-2668 的可视化结果
2025-04-15 23:42:58,398 - INFO - 
正在处理时间段 5/8: 2918-2958
2025-04-15 23:42:58,398 - INFO - 该时间段的真实异常节点: {1, 2, 5, 6, 8, 17, 18, 19}
2025-04-15 23:42:58,398 - INFO - 正在计算异常分数...
2025-04-15 23:42:58,423 - INFO - 检测到的异常节点: {1, 4, 5, 6, 7, 8, 9, 10, 11, 12, 13, 14, 15, 16, 17, 18, 19}
2025-04-15 23:42:58,423 - INFO - 正在为时间段 2918-2958 生成可视化
2025-04-15 23:42:58,423 - INFO - 正在为时间段 2918-2958 生成异常图可视化
2025-04-15 23:42:58,423 - DEBUG - 创建包含 19 个节点的图结构
2025-04-15 23:42:58,424 - DEBUG - 边统计: 正常边 124 条, 异常边 148 条
2025-04-15 23:42:58,424 - INFO - 时间段 2918-2958 的节点检测统计: 真阳性=7, 假阳性=10, 假阴性=1, 正常节点=1
2025-04-15 23:42:58,508 - DEBUG - 正在保存可视化结果到 ./visual/use_topkFalse\omi\robust_zscore\omi-9\seg_4_2918_2958.png
2025-04-15 23:42:58,590 - INFO - 成功保存时间段 2918-2958 的可视化结果
2025-04-15 23:42:58,590 - INFO - 
正在处理时间段 6/8: 3170-3245
2025-04-15 23:42:58,590 - INFO - 该时间段的真实异常节点: {1, 2, 6, 8, 17, 18, 19}
2025-04-15 23:42:58,590 - INFO - 正在计算异常分数...
2025-04-15 23:42:58,633 - INFO - 检测到的异常节点: {1, 4, 5, 6, 7, 8, 9, 10, 11, 12, 13, 14, 15, 16, 17, 18, 19}
2025-04-15 23:42:58,633 - INFO - 正在为时间段 3170-3245 生成可视化
2025-04-15 23:42:58,633 - INFO - 正在为时间段 3170-3245 生成异常图可视化
2025-04-15 23:42:58,633 - DEBUG - 创建包含 19 个节点的图结构
2025-04-15 23:42:58,633 - DEBUG - 边统计: 正常边 154 条, 异常边 118 条
2025-04-15 23:42:58,634 - INFO - 时间段 3170-3245 的节点检测统计: 真阳性=6, 假阳性=11, 假阴性=1, 正常节点=1
2025-04-15 23:42:58,715 - DEBUG - 正在保存可视化结果到 ./visual/use_topkFalse\omi\robust_zscore\omi-9\seg_5_3170_3245.png
2025-04-15 23:42:58,793 - INFO - 成功保存时间段 3170-3245 的可视化结果
2025-04-15 23:42:58,793 - INFO - 
正在处理时间段 7/8: 3508-3528
2025-04-15 23:42:58,794 - INFO - 该时间段的真实异常节点: {8, 2, 19, 6}
2025-04-15 23:42:58,794 - INFO - 正在计算异常分数...
2025-04-15 23:42:58,804 - INFO - 检测到的异常节点: {1, 4, 5, 6, 7, 8, 9, 10, 11, 12, 13, 14, 15, 16, 17, 18, 19}
2025-04-15 23:42:58,804 - INFO - 正在为时间段 3508-3528 生成可视化
2025-04-15 23:42:58,805 - INFO - 正在为时间段 3508-3528 生成异常图可视化
2025-04-15 23:42:58,805 - DEBUG - 创建包含 19 个节点的图结构
2025-04-15 23:42:58,805 - DEBUG - 边统计: 正常边 160 条, 异常边 112 条
2025-04-15 23:42:58,805 - INFO - 时间段 3508-3528 的节点检测统计: 真阳性=3, 假阳性=14, 假阴性=1, 正常节点=1
2025-04-15 23:42:58,890 - DEBUG - 正在保存可视化结果到 ./visual/use_topkFalse\omi\robust_zscore\omi-9\seg_6_3508_3528.png
2025-04-15 23:42:58,968 - INFO - 成功保存时间段 3508-3528 的可视化结果
2025-04-15 23:42:58,968 - INFO - 
正在处理时间段 8/8: 4064-4108
2025-04-15 23:42:58,968 - INFO - 该时间段的真实异常节点: {1, 2, 6, 7, 8, 9, 17, 18, 19}
2025-04-15 23:42:58,969 - INFO - 正在计算异常分数...
2025-04-15 23:42:58,994 - INFO - 检测到的异常节点: {1, 4, 5, 6, 7, 8, 9, 10, 11, 12, 13, 14, 15, 16, 17, 18, 19}
2025-04-15 23:42:58,994 - INFO - 正在为时间段 4064-4108 生成可视化
2025-04-15 23:42:58,994 - INFO - 正在为时间段 4064-4108 生成异常图可视化
2025-04-15 23:42:58,995 - DEBUG - 创建包含 19 个节点的图结构
2025-04-15 23:42:58,995 - DEBUG - 边统计: 正常边 108 条, 异常边 164 条
2025-04-15 23:42:58,995 - INFO - 时间段 4064-4108 的节点检测统计: 真阳性=8, 假阳性=9, 假阴性=1, 正常节点=1
2025-04-15 23:42:59,084 - DEBUG - 正在保存可视化结果到 ./visual/use_topkFalse\omi\robust_zscore\omi-9\seg_7_4064_4108.png
2025-04-15 23:42:59,163 - INFO - 成功保存时间段 4064-4108 的可视化结果
2025-04-15 23:42:59,164 - INFO - 正在从 ./visual/use_topkFalse\omi\robust_zscore\omi-9 中的图像创建GIF
2025-04-15 23:42:59,377 - INFO - GIF已保存到 ./visual/use_topkFalse\omi\robust_zscore\omi-9\omi-9.gif
2025-04-15 23:42:59,377 - INFO - 可视化结果生成完成！
2025-04-15 23:42:59,377 - INFO - 
==================================================
2025-04-15 23:42:59,377 - INFO - 程序运行总耗时: 0:02:29.394068
