2025-04-17 17:55:57,790 - INFO - 
 Starting experiment with config: ExperimentConfig(dataset='els', window_size=5, score_thresholds=array([0. , 0.1, 0.2, 0.3, 0.4, 0.5, 0.6, 0.7, 0.8, 0.9, 1. , 1.1, 1.2,
       1.3, 1.4, 1.5, 1.6, 1.7, 1.8, 1.9, 2. , 2.1, 2.2, 2.3, 2.4, 2.5,
       2.6, 2.7, 2.8, 2.9, 3. , 3.1, 3.2, 3.3, 3.4, 3.5, 3.6, 3.7, 3.8,
       3.9, 4. , 4.1, 4.2, 4.3, 4.4, 4.5, 4.6, 4.7, 4.8, 4.9, 5. , 5.1,
       5.2, 5.3, 5.4, 5.5, 5.6, 5.7, 5.8, 5.9, 6. , 6.1, 6.2, 6.3, 6.4,
       6.5, 6.6, 6.7, 6.8, 6.9, 7. ]), topk_range=range(0, 10), corr_threshold_range=array([0. , 0. , 0.1, 0.2, 0.2, 0.2, 0.3, 0.4, 0.4, 0.4, 0.5, 0.6, 0.6,
       0.6]), neighbor_selection='all', score_modes=['range_ratio'], data_dir='./data/processed', label_dir='./data/interpretation_label', log_dir='./log/els/neighbor_all', visual_dir='./visual/els/neighbor_all', num_workers=36, gif_duration=500)
2025-04-17 17:55:57,790 - INFO - 当前评分模式: ['range_ratio']
2025-04-17 17:55:57,790 - INFO - 
==================================================
2025-04-17 17:55:57,790 - INFO - 开始执行网格搜索...
2025-04-17 17:55:57,794 - INFO - [els-1] Starting grid search...
2025-04-17 17:55:58,627 - INFO - [els-1.txt] mode=range_ratio, all=None, threshold=0.0, P=0.2701, R=0.4370, F1=0.3339
2025-04-17 17:55:58,734 - INFO - [els-1.txt] mode=range_ratio, all=None, threshold=0.1, P=0.2701, R=0.4370, F1=0.3339
2025-04-17 17:55:58,735 - INFO - [els-1.txt] mode=range_ratio, all=None, threshold=0.2, P=0.2701, R=0.4370, F1=0.3339
2025-04-17 17:55:58,754 - INFO - [els-1.txt] mode=range_ratio, all=None, threshold=0.3, P=0.2701, R=0.4370, F1=0.3339
2025-04-17 17:55:58,758 - INFO - [els-1.txt] mode=range_ratio, all=None, threshold=0.4, P=0.2701, R=0.4370, F1=0.3339
2025-04-17 17:55:58,776 - INFO - [els-1.txt] mode=range_ratio, all=None, threshold=0.5, P=0.2701, R=0.4370, F1=0.3339
2025-04-17 17:55:58,782 - INFO - [els-1.txt] mode=range_ratio, all=None, threshold=0.6, P=0.2701, R=0.4370, F1=0.3339
2025-04-17 17:55:58,809 - INFO - [els-1.txt] mode=range_ratio, all=None, threshold=0.7, P=0.2701, R=0.4370, F1=0.3339
2025-04-17 17:55:58,840 - INFO - [els-1.txt] mode=range_ratio, all=None, threshold=0.8, P=0.2701, R=0.4370, F1=0.3339
2025-04-17 17:55:58,841 - INFO - [els-1.txt] mode=range_ratio, all=None, threshold=0.9, P=0.2689, R=0.4328, F1=0.3317
2025-04-17 17:55:58,841 - INFO - [els-1.txt] mode=range_ratio, all=None, threshold=1.0, P=0.2698, R=0.4286, F1=0.3312
2025-04-17 17:55:58,843 - INFO - [els-1.txt] mode=range_ratio, all=None, threshold=1.1, P=0.2717, R=0.4202, F1=0.3300
2025-04-17 17:55:58,858 - INFO - [els-1.txt] mode=range_ratio, all=None, threshold=1.2, P=0.2786, R=0.4202, F1=0.3350
2025-04-17 17:55:58,858 - INFO - [els-1.txt] mode=range_ratio, all=None, threshold=1.3, P=0.2786, R=0.4202, F1=0.3350
2025-04-17 17:55:58,859 - INFO - [els-1.txt] mode=range_ratio, all=None, threshold=1.4, P=0.2786, R=0.4202, F1=0.3350
2025-04-17 17:55:58,859 - INFO - [els-1.txt] mode=range_ratio, all=None, threshold=1.5, P=0.2786, R=0.4202, F1=0.3350
2025-04-17 17:55:58,859 - INFO - [els-1.txt] mode=range_ratio, all=None, threshold=1.6, P=0.2786, R=0.4202, F1=0.3350
2025-04-17 17:55:58,859 - INFO - [els-1.txt] mode=range_ratio, all=None, threshold=1.7, P=0.2786, R=0.4202, F1=0.3350
2025-04-17 17:55:58,859 - INFO - [els-1.txt] mode=range_ratio, all=None, threshold=1.8, P=0.2793, R=0.4202, F1=0.3356
2025-04-17 17:55:58,859 - INFO - [els-1.txt] mode=range_ratio, all=None, threshold=1.9, P=0.2793, R=0.4202, F1=0.3356
2025-04-17 17:55:58,859 - INFO - [els-1.txt] mode=range_ratio, all=None, threshold=2.0, P=0.2817, R=0.4202, F1=0.3373
2025-04-17 17:55:58,859 - INFO - [els-1.txt] mode=range_ratio, all=None, threshold=2.1, P=0.2832, R=0.4118, F1=0.3356
2025-04-17 17:55:58,859 - INFO - [els-1.txt] mode=range_ratio, all=None, threshold=2.2, P=0.2896, R=0.4076, F1=0.3386
2025-04-17 17:55:58,860 - INFO - [els-1.txt] mode=range_ratio, all=None, threshold=2.3, P=0.2931, R=0.4076, F1=0.3409
2025-04-17 17:55:58,952 - INFO - [els-1.txt] mode=range_ratio, all=None, threshold=2.4, P=0.2918, R=0.4034, F1=0.3386
2025-04-17 17:55:59,093 - INFO - [els-1.txt] mode=range_ratio, all=None, threshold=2.5, P=0.2883, R=0.3950, F1=0.3333
2025-04-17 17:55:59,101 - INFO - [els-1.txt] mode=range_ratio, all=None, threshold=2.6, P=0.2883, R=0.3950, F1=0.3333
2025-04-17 17:55:59,104 - INFO - [els-1.txt] mode=range_ratio, all=None, threshold=2.7, P=0.2879, R=0.3908, F1=0.3316
2025-04-17 17:55:59,110 - INFO - [els-1.txt] mode=range_ratio, all=None, threshold=2.8, P=0.2897, R=0.3908, F1=0.3327
2025-04-17 17:55:59,113 - INFO - [els-1.txt] mode=range_ratio, all=None, threshold=2.9, P=0.2906, R=0.3908, F1=0.3333
2025-04-17 17:55:59,113 - INFO - [els-1.txt] mode=range_ratio, all=None, threshold=3.0, P=0.2925, R=0.3908, F1=0.3345
2025-04-17 17:55:59,124 - INFO - [els-1.txt] mode=range_ratio, all=None, threshold=3.1, P=0.2958, R=0.3866, F1=0.3352
2025-04-17 17:55:59,130 - INFO - [els-1.txt] mode=range_ratio, all=None, threshold=3.2, P=0.2977, R=0.3866, F1=0.3364
2025-04-17 17:55:59,133 - INFO - [els-1.txt] mode=range_ratio, all=None, threshold=3.3, P=0.2951, R=0.3782, F1=0.3315
2025-04-17 17:55:59,138 - INFO - [els-1.txt] mode=range_ratio, all=None, threshold=3.4, P=0.2967, R=0.3739, F1=0.3309
2025-04-17 17:55:59,141 - INFO - [els-1.txt] mode=range_ratio, all=None, threshold=3.5, P=0.2967, R=0.3739, F1=0.3309
2025-04-17 17:55:59,141 - INFO - [els-1.txt] mode=range_ratio, all=None, threshold=3.6, P=0.2977, R=0.3739, F1=0.3315
2025-04-17 17:55:59,141 - INFO - [els-1.txt] mode=range_ratio, all=None, threshold=3.7, P=0.2997, R=0.3739, F1=0.3327
2025-04-17 17:55:59,141 - INFO - [els-1.txt] mode=range_ratio, all=None, threshold=3.8, P=0.2997, R=0.3739, F1=0.3327
2025-04-17 17:55:59,141 - INFO - [els-1.txt] mode=range_ratio, all=None, threshold=3.9, P=0.2973, R=0.3697, F1=0.3296
2025-04-17 17:55:59,141 - INFO - [els-1.txt] mode=range_ratio, all=None, threshold=4.0, P=0.2949, R=0.3655, F1=0.3265
2025-04-17 17:55:59,141 - INFO - [els-1.txt] mode=range_ratio, all=None, threshold=4.1, P=0.2901, R=0.3571, F1=0.3202
2025-04-17 17:55:59,142 - INFO - [els-1.txt] mode=range_ratio, all=None, threshold=4.2, P=0.2921, R=0.3571, F1=0.3214
2025-04-17 17:55:59,219 - INFO - [els-1.txt] mode=range_ratio, all=None, threshold=4.3, P=0.2931, R=0.3571, F1=0.3220
2025-04-17 17:55:59,220 - INFO - [els-1.txt] mode=range_ratio, all=None, threshold=4.4, P=0.2972, R=0.3571, F1=0.3244
2025-04-17 17:55:59,220 - INFO - [els-1.txt] mode=range_ratio, all=None, threshold=4.5, P=0.2993, R=0.3571, F1=0.3257
2025-04-17 17:55:59,330 - INFO - [els-1.txt] mode=range_ratio, all=None, threshold=4.6, P=0.3004, R=0.3571, F1=0.3263
2025-04-17 17:55:59,331 - INFO - [els-1.txt] mode=range_ratio, all=None, threshold=4.7, P=0.2979, R=0.3529, F1=0.3231
2025-04-17 17:55:59,331 - INFO - [els-1.txt] mode=range_ratio, all=None, threshold=4.8, P=0.2979, R=0.3529, F1=0.3231
2025-04-17 17:55:59,439 - INFO - [els-1.txt] mode=range_ratio, all=None, threshold=4.9, P=0.2964, R=0.3487, F1=0.3205
2025-04-17 17:55:59,463 - INFO - [els-1.txt] mode=range_ratio, all=None, threshold=5.0, P=0.2975, R=0.3487, F1=0.3211
2025-04-17 17:55:59,464 - INFO - [els-1.txt] mode=range_ratio, all=None, threshold=5.1, P=0.2996, R=0.3487, F1=0.3223
2025-04-17 17:55:59,464 - INFO - [els-1.txt] mode=range_ratio, all=None, threshold=5.2, P=0.2971, R=0.3445, F1=0.3191
2025-04-17 17:55:59,464 - INFO - [els-1.txt] mode=range_ratio, all=None, threshold=5.3, P=0.3004, R=0.3445, F1=0.3209
2025-04-17 17:55:59,503 - INFO - [els-1.txt] mode=range_ratio, all=None, threshold=5.4, P=0.3034, R=0.3403, F1=0.3208
2025-04-17 17:55:59,503 - INFO - [els-1.txt] mode=range_ratio, all=None, threshold=5.5, P=0.3034, R=0.3403, F1=0.3208
2025-04-17 17:55:59,503 - INFO - [els-1.txt] mode=range_ratio, all=None, threshold=5.6, P=0.3068, R=0.3403, F1=0.3227
2025-04-17 17:55:59,503 - INFO - [els-1.txt] mode=range_ratio, all=None, threshold=5.7, P=0.3065, R=0.3361, F1=0.3206
2025-04-17 17:55:59,503 - INFO - [els-1.txt] mode=range_ratio, all=None, threshold=5.8, P=0.3065, R=0.3361, F1=0.3206
2025-04-17 17:55:59,503 - INFO - [els-1.txt] mode=range_ratio, all=None, threshold=5.9, P=0.3038, R=0.3319, F1=0.3173
2025-04-17 17:55:59,503 - INFO - [els-1.txt] mode=range_ratio, all=None, threshold=6.0, P=0.3038, R=0.3319, F1=0.3173
2025-04-17 17:55:59,504 - INFO - [els-1.txt] mode=range_ratio, all=None, threshold=6.1, P=0.3035, R=0.3277, F1=0.3152
2025-04-17 17:55:59,564 - INFO - [els-1.txt] mode=range_ratio, all=None, threshold=6.2, P=0.3047, R=0.3277, F1=0.3158
2025-04-17 17:55:59,565 - INFO - [els-1.txt] mode=range_ratio, all=None, threshold=6.3, P=0.3047, R=0.3277, F1=0.3158
2025-04-17 17:55:59,565 - INFO - [els-1.txt] mode=range_ratio, all=None, threshold=6.4, P=0.3031, R=0.3235, F1=0.3130
2025-04-17 17:55:59,565 - INFO - [els-1.txt] mode=range_ratio, all=None, threshold=6.5, P=0.3043, R=0.3235, F1=0.3136
2025-04-17 17:55:59,565 - INFO - [els-1.txt] mode=range_ratio, all=None, threshold=6.6, P=0.3016, R=0.3193, F1=0.3102
2025-04-17 17:55:59,565 - INFO - [els-1.txt] mode=range_ratio, all=None, threshold=6.7, P=0.3065, R=0.3193, F1=0.3128
2025-04-17 17:55:59,637 - INFO - [els-1.txt] mode=range_ratio, all=None, threshold=6.8, P=0.3077, R=0.3193, F1=0.3134
2025-04-17 17:55:59,637 - INFO - [els-1.txt] mode=range_ratio, all=None, threshold=6.9, P=0.3115, R=0.3193, F1=0.3154
2025-04-17 17:55:59,643 - INFO - [els-1.txt] mode=range_ratio, all=None, threshold=7.0, P=0.3128, R=0.3193, F1=0.3160
2025-04-17 17:55:59,691 - INFO - 
==================================================
2025-04-17 17:55:59,691 - INFO - 开始汇总结果...
2025-04-17 17:55:59,697 - INFO - 
===== Best Results per Dataset =====
  dataset  score_mode neighbor_param  score_threshold neighbor_selection  precision   recall  f1_score
els-1.txt range_ratio           None              2.3                all   0.293051 0.407563  0.340949
2025-04-17 17:55:59,697 - INFO - 
===== Overall Metrics =====
Precision: 0.2933  Recall: 0.4082  F1: 0.3413
2025-04-17 17:55:59,697 - INFO - 
【原始汇总指标】
2025-04-17 17:55:59,697 - INFO - 精确率(Precision): 0.2933
2025-04-17 17:55:59,698 - INFO - 召回率(Recall):    0.4082
2025-04-17 17:55:59,698 - INFO - F1值:             0.3413
2025-04-17 17:55:59,698 - INFO - 
==================================================
2025-04-17 17:55:59,698 - INFO - 开始生成可视化结果...
2025-04-17 17:55:59,698 - INFO - 
==================================================
2025-04-17 17:55:59,698 - INFO - 开始数据集可视化: els-1
2025-04-17 17:55:59,698 - INFO - 使用参数: 评分模式=range_ratio, all=None, 阈值=2.3000000000000003
2025-04-17 17:55:59,698 - INFO - ==================================================

2025-04-17 17:55:59,698 - INFO - 正在加载数据集 els-1 的数据
2025-04-17 17:55:59,701 - INFO - 数据加载成功。训练集形状: (993, 16), 测试集形状: (8928, 16)
2025-04-17 17:55:59,701 - INFO - 正在计算边缘统计量...
2025-04-17 17:55:59,965 - INFO - 已计算 105 条边的统计量
2025-04-17 17:55:59,965 - INFO - 为每个节点使用所有邻居
2025-04-17 17:55:59,966 - INFO - 可视化结果将保存到: ./visual/els/neighbor_all/range_ratio/els-1
2025-04-17 17:55:59,985 - INFO - 在数据集中发现 77 个异常时间段
2025-04-17 17:55:59,986 - INFO - 
正在处理时间段 1/77: 433-437
2025-04-17 17:55:59,986 - INFO - 该时间段的真实异常节点: {12}
2025-04-17 17:55:59,986 - INFO - 正在计算异常分数...
2025-04-17 17:55:59,986 - INFO - 检测到的异常节点: {3, 8, 12, 13, 15}
2025-04-17 17:55:59,987 - INFO - 正在为时间段 433-437 生成可视化
2025-04-17 17:55:59,987 - INFO - 正在为时间段 433-437 生成异常图可视化
2025-04-17 17:55:59,988 - DEBUG - 边统计: 正常边 174 条, 异常边 36 条
2025-04-17 17:56:00,049 - DEBUG - 正在保存可视化结果到 ./visual/els/neighbor_all/range_ratio/els-1/seg_0_433_437.png
2025-04-17 17:56:00,394 - INFO - 成功保存时间段 433-437 的可视化结果
2025-04-17 17:56:00,395 - INFO - 
正在处理时间段 2/77: 738-738
2025-04-17 17:56:00,395 - INFO - 该时间段的真实异常节点: {6, 7, 8, 9, 10, 11, 12}
2025-04-17 17:56:00,395 - INFO - 正在计算异常分数...
2025-04-17 17:56:00,395 - INFO - 检测到的异常节点: set()
2025-04-17 17:56:00,395 - INFO - 正在为时间段 738-738 生成可视化
2025-04-17 17:56:00,395 - INFO - 正在为时间段 738-738 生成异常图可视化
2025-04-17 17:56:00,395 - INFO - 单个点位异常段 738-738，扩展为 734-738 (window_size=5)
2025-04-17 17:56:00,396 - DEBUG - 边统计: 正常边 130 条, 异常边 80 条
2025-04-17 17:56:00,450 - DEBUG - 正在保存可视化结果到 ./visual/els/neighbor_all/range_ratio/els-1/seg_1_738_738.png
2025-04-17 17:56:00,792 - INFO - 成功保存时间段 738-738 的可视化结果
2025-04-17 17:56:00,793 - INFO - 
正在处理时间段 3/77: 762-762
2025-04-17 17:56:00,793 - INFO - 该时间段的真实异常节点: {12}
2025-04-17 17:56:00,793 - INFO - 正在计算异常分数...
2025-04-17 17:56:00,793 - INFO - 检测到的异常节点: set()
2025-04-17 17:56:00,793 - INFO - 正在为时间段 762-762 生成可视化
2025-04-17 17:56:00,793 - INFO - 正在为时间段 762-762 生成异常图可视化
2025-04-17 17:56:00,793 - INFO - 单个点位异常段 762-762，扩展为 758-762 (window_size=5)
2025-04-17 17:56:00,795 - DEBUG - 边统计: 正常边 170 条, 异常边 12 条
2025-04-17 17:56:00,851 - DEBUG - 正在保存可视化结果到 ./visual/els/neighbor_all/range_ratio/els-1/seg_2_762_762.png
2025-04-17 17:56:01,134 - INFO - 成功保存时间段 762-762 的可视化结果
2025-04-17 17:56:01,134 - INFO - 
正在处理时间段 4/77: 1065-1070
2025-04-17 17:56:01,134 - INFO - 该时间段的真实异常节点: {6, 7, 8, 9, 11}
2025-04-17 17:56:01,134 - INFO - 正在计算异常分数...
2025-04-17 17:56:01,136 - INFO - 检测到的异常节点: {1, 3, 4, 6, 7, 8, 9, 10, 14, 15}
2025-04-17 17:56:01,136 - INFO - 正在为时间段 1065-1070 生成可视化
2025-04-17 17:56:01,136 - INFO - 正在为时间段 1065-1070 生成异常图可视化
2025-04-17 17:56:01,137 - DEBUG - 边统计: 正常边 200 条, 异常边 10 条
2025-04-17 17:56:01,185 - DEBUG - 正在保存可视化结果到 ./visual/els/neighbor_all/range_ratio/els-1/seg_3_1065_1070.png
2025-04-17 17:56:01,505 - INFO - 成功保存时间段 1065-1070 的可视化结果
2025-04-17 17:56:01,506 - INFO - 
正在处理时间段 5/77: 1348-1351
2025-04-17 17:56:01,506 - INFO - 该时间段的真实异常节点: {8, 9, 6, 7}
2025-04-17 17:56:01,506 - INFO - 正在计算异常分数...
2025-04-17 17:56:01,506 - INFO - 检测到的异常节点: set()
2025-04-17 17:56:01,506 - INFO - 正在为时间段 1348-1351 生成可视化
2025-04-17 17:56:01,506 - INFO - 正在为时间段 1348-1351 生成异常图可视化
2025-04-17 17:56:01,507 - DEBUG - 边统计: 正常边 172 条, 异常边 38 条
2025-04-17 17:56:01,554 - DEBUG - 正在保存可视化结果到 ./visual/els/neighbor_all/range_ratio/els-1/seg_4_1348_1351.png
2025-04-17 17:56:01,884 - INFO - 成功保存时间段 1348-1351 的可视化结果
2025-04-17 17:56:01,884 - INFO - 
正在处理时间段 6/77: 1366-1368
2025-04-17 17:56:01,884 - INFO - 该时间段的真实异常节点: {8, 9, 6, 7}
2025-04-17 17:56:01,884 - INFO - 正在计算异常分数...
2025-04-17 17:56:01,884 - INFO - 检测到的异常节点: set()
2025-04-17 17:56:01,884 - INFO - 正在为时间段 1366-1368 生成可视化
2025-04-17 17:56:01,884 - INFO - 正在为时间段 1366-1368 生成异常图可视化
2025-04-17 17:56:01,885 - DEBUG - 边统计: 正常边 112 条, 异常边 70 条
2025-04-17 17:56:01,934 - DEBUG - 正在保存可视化结果到 ./visual/els/neighbor_all/range_ratio/els-1/seg_5_1366_1368.png
2025-04-17 17:56:02,223 - INFO - 成功保存时间段 1366-1368 的可视化结果
2025-04-17 17:56:02,223 - INFO - 
正在处理时间段 7/77: 1591-1602
2025-04-17 17:56:02,223 - INFO - 该时间段的真实异常节点: {12}
2025-04-17 17:56:02,223 - INFO - 正在计算异常分数...
2025-04-17 17:56:02,228 - INFO - 检测到的异常节点: {1, 2, 3, 4, 5, 6, 7, 8, 9, 10, 11, 12, 13, 14}
2025-04-17 17:56:02,228 - INFO - 正在为时间段 1591-1602 生成可视化
2025-04-17 17:56:02,228 - INFO - 正在为时间段 1591-1602 生成异常图可视化
2025-04-17 17:56:02,229 - DEBUG - 边统计: 正常边 178 条, 异常边 4 条
2025-04-17 17:56:02,278 - DEBUG - 正在保存可视化结果到 ./visual/els/neighbor_all/range_ratio/els-1/seg_6_1591_1602.png
2025-04-17 17:56:02,559 - INFO - 成功保存时间段 1591-1602 的可视化结果
2025-04-17 17:56:02,560 - INFO - 
正在处理时间段 8/77: 1634-1638
2025-04-17 17:56:02,560 - INFO - 该时间段的真实异常节点: {8, 9, 6, 7}
2025-04-17 17:56:02,560 - INFO - 正在计算异常分数...
2025-04-17 17:56:02,561 - INFO - 检测到的异常节点: {8, 9, 11, 7}
2025-04-17 17:56:02,561 - INFO - 正在为时间段 1634-1638 生成可视化
2025-04-17 17:56:02,561 - INFO - 正在为时间段 1634-1638 生成异常图可视化
2025-04-17 17:56:02,562 - DEBUG - 边统计: 正常边 192 条, 异常边 18 条
2025-04-17 17:56:02,610 - DEBUG - 正在保存可视化结果到 ./visual/els/neighbor_all/range_ratio/els-1/seg_7_1634_1638.png
2025-04-17 17:56:02,943 - INFO - 成功保存时间段 1634-1638 的可视化结果
2025-04-17 17:56:02,944 - INFO - 
正在处理时间段 9/77: 1864-1868
2025-04-17 17:56:02,944 - INFO - 该时间段的真实异常节点: {6, 7, 8, 9, 10, 11}
2025-04-17 17:56:02,944 - INFO - 正在计算异常分数...
2025-04-17 17:56:02,945 - INFO - 检测到的异常节点: {2, 3, 4, 5, 6, 7, 8, 9, 10, 12}
2025-04-17 17:56:02,945 - INFO - 正在为时间段 1864-1868 生成可视化
2025-04-17 17:56:02,945 - INFO - 正在为时间段 1864-1868 生成异常图可视化
2025-04-17 17:56:02,946 - DEBUG - 边统计: 正常边 150 条, 异常边 60 条
2025-04-17 17:56:02,994 - DEBUG - 正在保存可视化结果到 ./visual/els/neighbor_all/range_ratio/els-1/seg_8_1864_1868.png
2025-04-17 17:56:03,322 - INFO - 成功保存时间段 1864-1868 的可视化结果
2025-04-17 17:56:03,323 - INFO - 
正在处理时间段 10/77: 1882-1882
2025-04-17 17:56:03,323 - INFO - 该时间段的真实异常节点: {12}
2025-04-17 17:56:03,323 - INFO - 正在计算异常分数...
2025-04-17 17:56:03,323 - INFO - 检测到的异常节点: set()
2025-04-17 17:56:03,323 - INFO - 正在为时间段 1882-1882 生成可视化
2025-04-17 17:56:03,323 - INFO - 正在为时间段 1882-1882 生成异常图可视化
2025-04-17 17:56:03,323 - INFO - 单个点位异常段 1882-1882，扩展为 1878-1882 (window_size=5)
2025-04-17 17:56:03,324 - DEBUG - 边统计: 正常边 140 条, 异常边 42 条
2025-04-17 17:56:03,373 - DEBUG - 正在保存可视化结果到 ./visual/els/neighbor_all/range_ratio/els-1/seg_9_1882_1882.png
2025-04-17 17:56:03,660 - INFO - 成功保存时间段 1882-1882 的可视化结果
2025-04-17 17:56:03,660 - INFO - 
正在处理时间段 11/77: 2415-2418
2025-04-17 17:56:03,661 - INFO - 该时间段的真实异常节点: {6, 7, 8, 9, 11, 12}
2025-04-17 17:56:03,661 - INFO - 正在计算异常分数...
2025-04-17 17:56:03,661 - INFO - 检测到的异常节点: set()
2025-04-17 17:56:03,661 - INFO - 正在为时间段 2415-2418 生成可视化
2025-04-17 17:56:03,661 - INFO - 正在为时间段 2415-2418 生成异常图可视化
2025-04-17 17:56:03,662 - DEBUG - 边统计: 正常边 152 条, 异常边 58 条
2025-04-17 17:56:03,710 - DEBUG - 正在保存可视化结果到 ./visual/els/neighbor_all/range_ratio/els-1/seg_10_2415_2418.png
2025-04-17 17:56:04,042 - INFO - 成功保存时间段 2415-2418 的可视化结果
2025-04-17 17:56:04,042 - INFO - 
正在处理时间段 12/77: 2461-2461
2025-04-17 17:56:04,042 - INFO - 该时间段的真实异常节点: {12}
2025-04-17 17:56:04,042 - INFO - 正在计算异常分数...
2025-04-17 17:56:04,042 - INFO - 检测到的异常节点: set()
2025-04-17 17:56:04,042 - INFO - 正在为时间段 2461-2461 生成可视化
2025-04-17 17:56:04,042 - INFO - 正在为时间段 2461-2461 生成异常图可视化
2025-04-17 17:56:04,042 - INFO - 单个点位异常段 2461-2461，扩展为 2457-2461 (window_size=5)
2025-04-17 17:56:04,043 - DEBUG - 边统计: 正常边 194 条, 异常边 16 条
2025-04-17 17:56:04,091 - DEBUG - 正在保存可视化结果到 ./visual/els/neighbor_all/range_ratio/els-1/seg_11_2461_2461.png
2025-04-17 17:56:04,418 - INFO - 成功保存时间段 2461-2461 的可视化结果
2025-04-17 17:56:04,418 - INFO - 
正在处理时间段 13/77: 2506-2506
2025-04-17 17:56:04,418 - INFO - 该时间段的真实异常节点: {6, 7, 8, 9, 10, 11}
2025-04-17 17:56:04,418 - INFO - 正在计算异常分数...
2025-04-17 17:56:04,418 - INFO - 检测到的异常节点: set()
2025-04-17 17:56:04,418 - INFO - 正在为时间段 2506-2506 生成可视化
2025-04-17 17:56:04,418 - INFO - 正在为时间段 2506-2506 生成异常图可视化
2025-04-17 17:56:04,418 - INFO - 单个点位异常段 2506-2506，扩展为 2502-2506 (window_size=5)
2025-04-17 17:56:04,419 - DEBUG - 边统计: 正常边 202 条, 异常边 8 条
2025-04-17 17:56:04,467 - DEBUG - 正在保存可视化结果到 ./visual/els/neighbor_all/range_ratio/els-1/seg_12_2506_2506.png
2025-04-17 17:56:04,791 - INFO - 成功保存时间段 2506-2506 的可视化结果
2025-04-17 17:56:04,791 - INFO - 
正在处理时间段 14/77: 2515-2515
2025-04-17 17:56:04,791 - INFO - 该时间段的真实异常节点: {6, 7, 8, 9, 10, 11}
2025-04-17 17:56:04,791 - INFO - 正在计算异常分数...
2025-04-17 17:56:04,791 - INFO - 检测到的异常节点: set()
2025-04-17 17:56:04,791 - INFO - 正在为时间段 2515-2515 生成可视化
2025-04-17 17:56:04,791 - INFO - 正在为时间段 2515-2515 生成异常图可视化
2025-04-17 17:56:04,791 - INFO - 单个点位异常段 2515-2515，扩展为 2511-2515 (window_size=5)
2025-04-17 17:56:04,792 - DEBUG - 边统计: 正常边 166 条, 异常边 44 条
2025-04-17 17:56:04,841 - DEBUG - 正在保存可视化结果到 ./visual/els/neighbor_all/range_ratio/els-1/seg_13_2515_2515.png
2025-04-17 17:56:05,172 - INFO - 成功保存时间段 2515-2515 的可视化结果
2025-04-17 17:56:05,172 - INFO - 
正在处理时间段 15/77: 2520-2520
2025-04-17 17:56:05,172 - INFO - 该时间段的真实异常节点: {6, 7, 8, 9, 10, 11}
2025-04-17 17:56:05,172 - INFO - 正在计算异常分数...
2025-04-17 17:56:05,172 - INFO - 检测到的异常节点: set()
2025-04-17 17:56:05,172 - INFO - 正在为时间段 2520-2520 生成可视化
2025-04-17 17:56:05,172 - INFO - 正在为时间段 2520-2520 生成异常图可视化
2025-04-17 17:56:05,172 - INFO - 单个点位异常段 2520-2520，扩展为 2516-2520 (window_size=5)
2025-04-17 17:56:05,173 - DEBUG - 边统计: 正常边 178 条, 异常边 32 条
2025-04-17 17:56:05,220 - DEBUG - 正在保存可视化结果到 ./visual/els/neighbor_all/range_ratio/els-1/seg_14_2520_2520.png
2025-04-17 17:56:05,541 - INFO - 成功保存时间段 2520-2520 的可视化结果
2025-04-17 17:56:05,541 - INFO - 
正在处理时间段 16/77: 2796-2808
2025-04-17 17:56:05,541 - INFO - 该时间段的真实异常节点: {6, 7, 8, 9, 10, 11}
2025-04-17 17:56:05,541 - INFO - 正在计算异常分数...
2025-04-17 17:56:05,547 - INFO - 检测到的异常节点: {1, 2, 3, 4, 5, 6, 7, 8, 9, 10, 11, 12, 13, 14, 15}
2025-04-17 17:56:05,547 - INFO - 正在为时间段 2796-2808 生成可视化
2025-04-17 17:56:05,547 - INFO - 正在为时间段 2796-2808 生成异常图可视化
2025-04-17 17:56:05,548 - DEBUG - 边统计: 正常边 198 条, 异常边 12 条
2025-04-17 17:56:05,595 - DEBUG - 正在保存可视化结果到 ./visual/els/neighbor_all/range_ratio/els-1/seg_15_2796_2808.png
2025-04-17 17:56:05,913 - INFO - 成功保存时间段 2796-2808 的可视化结果
2025-04-17 17:56:05,913 - INFO - 
正在处理时间段 17/77: 3276-3277
2025-04-17 17:56:05,913 - INFO - 该时间段的真实异常节点: {12}
2025-04-17 17:56:05,913 - INFO - 正在计算异常分数...
2025-04-17 17:56:05,913 - INFO - 检测到的异常节点: set()
2025-04-17 17:56:05,913 - INFO - 正在为时间段 3276-3277 生成可视化
2025-04-17 17:56:05,913 - INFO - 正在为时间段 3276-3277 生成异常图可视化
2025-04-17 17:56:05,914 - DEBUG - 边统计: 正常边 0 条, 异常边 182 条
2025-04-17 17:56:05,962 - DEBUG - 正在保存可视化结果到 ./visual/els/neighbor_all/range_ratio/els-1/seg_16_3276_3277.png
2025-04-17 17:56:06,247 - INFO - 成功保存时间段 3276-3277 的可视化结果
2025-04-17 17:56:06,247 - INFO - 
正在处理时间段 18/77: 3321-3322
2025-04-17 17:56:06,247 - INFO - 该时间段的真实异常节点: {12}
2025-04-17 17:56:06,247 - INFO - 正在计算异常分数...
2025-04-17 17:56:06,247 - INFO - 检测到的异常节点: set()
2025-04-17 17:56:06,247 - INFO - 正在为时间段 3321-3322 生成可视化
2025-04-17 17:56:06,247 - INFO - 正在为时间段 3321-3322 生成异常图可视化
2025-04-17 17:56:06,248 - DEBUG - 边统计: 正常边 0 条, 异常边 182 条
2025-04-17 17:56:06,296 - DEBUG - 正在保存可视化结果到 ./visual/els/neighbor_all/range_ratio/els-1/seg_17_3321_3322.png
2025-04-17 17:56:06,576 - INFO - 成功保存时间段 3321-3322 的可视化结果
2025-04-17 17:56:06,576 - INFO - 
正在处理时间段 19/77: 3339-3345
2025-04-17 17:56:06,576 - INFO - 该时间段的真实异常节点: {6, 7, 8, 9, 11, 12}
2025-04-17 17:56:06,576 - INFO - 正在计算异常分数...
2025-04-17 17:56:06,578 - INFO - 检测到的异常节点: {2, 5, 7, 8, 9, 10, 11, 12, 13, 15}
2025-04-17 17:56:06,578 - INFO - 正在为时间段 3339-3345 生成可视化
2025-04-17 17:56:06,578 - INFO - 正在为时间段 3339-3345 生成异常图可视化
2025-04-17 17:56:06,579 - DEBUG - 边统计: 正常边 202 条, 异常边 8 条
2025-04-17 17:56:06,626 - DEBUG - 正在保存可视化结果到 ./visual/els/neighbor_all/range_ratio/els-1/seg_18_3339_3345.png
2025-04-17 17:56:06,943 - INFO - 成功保存时间段 3339-3345 的可视化结果
2025-04-17 17:56:06,943 - INFO - 
正在处理时间段 20/77: 3360-3362
2025-04-17 17:56:06,944 - INFO - 该时间段的真实异常节点: {6, 7, 8, 9, 11}
2025-04-17 17:56:06,944 - INFO - 正在计算异常分数...
2025-04-17 17:56:06,944 - INFO - 检测到的异常节点: set()
2025-04-17 17:56:06,944 - INFO - 正在为时间段 3360-3362 生成可视化
2025-04-17 17:56:06,944 - INFO - 正在为时间段 3360-3362 生成异常图可视化
2025-04-17 17:56:06,945 - DEBUG - 边统计: 正常边 60 条, 异常边 122 条
2025-04-17 17:56:06,994 - DEBUG - 正在保存可视化结果到 ./visual/els/neighbor_all/range_ratio/els-1/seg_19_3360_3362.png
2025-04-17 17:56:07,286 - INFO - 成功保存时间段 3360-3362 的可视化结果
2025-04-17 17:56:07,286 - INFO - 
正在处理时间段 21/77: 3378-3378
2025-04-17 17:56:07,286 - INFO - 该时间段的真实异常节点: {6, 7, 8, 9, 11}
2025-04-17 17:56:07,286 - INFO - 正在计算异常分数...
2025-04-17 17:56:07,286 - INFO - 检测到的异常节点: set()
2025-04-17 17:56:07,286 - INFO - 正在为时间段 3378-3378 生成可视化
2025-04-17 17:56:07,286 - INFO - 正在为时间段 3378-3378 生成异常图可视化
2025-04-17 17:56:07,286 - INFO - 单个点位异常段 3378-3378，扩展为 3374-3378 (window_size=5)
2025-04-17 17:56:07,287 - DEBUG - 边统计: 正常边 174 条, 异常边 36 条
2025-04-17 17:56:07,735 - DEBUG - 正在保存可视化结果到 ./visual/els/neighbor_all/range_ratio/els-1/seg_20_3378_3378.png
2025-04-17 17:56:08,059 - INFO - 成功保存时间段 3378-3378 的可视化结果
2025-04-17 17:56:08,059 - INFO - 
正在处理时间段 22/77: 3564-3564
2025-04-17 17:56:08,059 - INFO - 该时间段的真实异常节点: {12}
2025-04-17 17:56:08,059 - INFO - 正在计算异常分数...
2025-04-17 17:56:08,059 - INFO - 检测到的异常节点: set()
2025-04-17 17:56:08,059 - INFO - 正在为时间段 3564-3564 生成可视化
2025-04-17 17:56:08,059 - INFO - 正在为时间段 3564-3564 生成异常图可视化
2025-04-17 17:56:08,059 - INFO - 单个点位异常段 3564-3564，扩展为 3560-3564 (window_size=5)
2025-04-17 17:56:08,060 - DEBUG - 边统计: 正常边 170 条, 异常边 12 条
2025-04-17 17:56:08,108 - DEBUG - 正在保存可视化结果到 ./visual/els/neighbor_all/range_ratio/els-1/seg_21_3564_3564.png
2025-04-17 17:56:08,393 - INFO - 成功保存时间段 3564-3564 的可视化结果
2025-04-17 17:56:08,393 - INFO - 
正在处理时间段 23/77: 3583-3584
2025-04-17 17:56:08,394 - INFO - 该时间段的真实异常节点: {12}
2025-04-17 17:56:08,394 - INFO - 正在计算异常分数...
2025-04-17 17:56:08,394 - INFO - 检测到的异常节点: set()
2025-04-17 17:56:08,394 - INFO - 正在为时间段 3583-3584 生成可视化
2025-04-17 17:56:08,394 - INFO - 正在为时间段 3583-3584 生成异常图可视化
2025-04-17 17:56:08,395 - DEBUG - 边统计: 正常边 0 条, 异常边 182 条
2025-04-17 17:56:08,452 - DEBUG - 正在保存可视化结果到 ./visual/els/neighbor_all/range_ratio/els-1/seg_22_3583_3584.png
2025-04-17 17:56:08,758 - INFO - 成功保存时间段 3583-3584 的可视化结果
2025-04-17 17:56:08,758 - INFO - 
正在处理时间段 24/77: 3592-3592
2025-04-17 17:56:08,758 - INFO - 该时间段的真实异常节点: {12}
2025-04-17 17:56:08,758 - INFO - 正在计算异常分数...
2025-04-17 17:56:08,758 - INFO - 检测到的异常节点: set()
2025-04-17 17:56:08,758 - INFO - 正在为时间段 3592-3592 生成可视化
2025-04-17 17:56:08,758 - INFO - 正在为时间段 3592-3592 生成异常图可视化
2025-04-17 17:56:08,758 - INFO - 单个点位异常段 3592-3592，扩展为 3588-3592 (window_size=5)
2025-04-17 17:56:08,760 - DEBUG - 边统计: 正常边 144 条, 异常边 38 条
2025-04-17 17:56:08,811 - DEBUG - 正在保存可视化结果到 ./visual/els/neighbor_all/range_ratio/els-1/seg_23_3592_3592.png
2025-04-17 17:56:09,095 - INFO - 成功保存时间段 3592-3592 的可视化结果
2025-04-17 17:56:09,095 - INFO - 
正在处理时间段 25/77: 3611-3611
2025-04-17 17:56:09,095 - INFO - 该时间段的真实异常节点: {12}
2025-04-17 17:56:09,095 - INFO - 正在计算异常分数...
2025-04-17 17:56:09,095 - INFO - 检测到的异常节点: set()
2025-04-17 17:56:09,095 - INFO - 正在为时间段 3611-3611 生成可视化
2025-04-17 17:56:09,095 - INFO - 正在为时间段 3611-3611 生成异常图可视化
2025-04-17 17:56:09,095 - INFO - 单个点位异常段 3611-3611，扩展为 3607-3611 (window_size=5)
2025-04-17 17:56:09,096 - DEBUG - 边统计: 正常边 194 条, 异常边 16 条
2025-04-17 17:56:09,143 - DEBUG - 正在保存可视化结果到 ./visual/els/neighbor_all/range_ratio/els-1/seg_24_3611_3611.png
2025-04-17 17:56:09,473 - INFO - 成功保存时间段 3611-3611 的可视化结果
2025-04-17 17:56:09,473 - INFO - 
正在处理时间段 26/77: 3646-3646
2025-04-17 17:56:09,473 - INFO - 该时间段的真实异常节点: {12}
2025-04-17 17:56:09,473 - INFO - 正在计算异常分数...
2025-04-17 17:56:09,473 - INFO - 检测到的异常节点: set()
2025-04-17 17:56:09,473 - INFO - 正在为时间段 3646-3646 生成可视化
2025-04-17 17:56:09,473 - INFO - 正在为时间段 3646-3646 生成异常图可视化
2025-04-17 17:56:09,473 - INFO - 单个点位异常段 3646-3646，扩展为 3642-3646 (window_size=5)
2025-04-17 17:56:09,474 - DEBUG - 边统计: 正常边 130 条, 异常边 52 条
2025-04-17 17:56:09,523 - DEBUG - 正在保存可视化结果到 ./visual/els/neighbor_all/range_ratio/els-1/seg_25_3646_3646.png
2025-04-17 17:56:09,817 - INFO - 成功保存时间段 3646-3646 的可视化结果
2025-04-17 17:56:09,817 - INFO - 
正在处理时间段 27/77: 3653-3657
2025-04-17 17:56:09,817 - INFO - 该时间段的真实异常节点: {6, 7, 8, 9, 11}
2025-04-17 17:56:09,817 - INFO - 正在计算异常分数...
2025-04-17 17:56:09,818 - INFO - 检测到的异常节点: {3, 7, 8, 9, 10, 11, 12, 13}
2025-04-17 17:56:09,818 - INFO - 正在为时间段 3653-3657 生成可视化
2025-04-17 17:56:09,818 - INFO - 正在为时间段 3653-3657 生成异常图可视化
2025-04-17 17:56:09,819 - DEBUG - 边统计: 正常边 160 条, 异常边 50 条
2025-04-17 17:56:09,866 - DEBUG - 正在保存可视化结果到 ./visual/els/neighbor_all/range_ratio/els-1/seg_26_3653_3657.png
2025-04-17 17:56:10,189 - INFO - 成功保存时间段 3653-3657 的可视化结果
2025-04-17 17:56:10,189 - INFO - 
正在处理时间段 28/77: 3896-3898
2025-04-17 17:56:10,189 - INFO - 该时间段的真实异常节点: {12}
2025-04-17 17:56:10,189 - INFO - 正在计算异常分数...
2025-04-17 17:56:10,189 - INFO - 检测到的异常节点: set()
2025-04-17 17:56:10,189 - INFO - 正在为时间段 3896-3898 生成可视化
2025-04-17 17:56:10,189 - INFO - 正在为时间段 3896-3898 生成异常图可视化
2025-04-17 17:56:10,190 - DEBUG - 边统计: 正常边 96 条, 异常边 86 条
2025-04-17 17:56:10,239 - DEBUG - 正在保存可视化结果到 ./visual/els/neighbor_all/range_ratio/els-1/seg_27_3896_3898.png
2025-04-17 17:56:10,526 - INFO - 成功保存时间段 3896-3898 的可视化结果
2025-04-17 17:56:10,526 - INFO - 
正在处理时间段 29/77: 4224-4239
2025-04-17 17:56:10,526 - INFO - 该时间段的真实异常节点: {6, 7, 8, 9, 10, 11}
2025-04-17 17:56:10,526 - INFO - 正在计算异常分数...
2025-04-17 17:56:10,534 - INFO - 检测到的异常节点: {1, 2, 3, 4, 5, 6, 7, 8, 9, 10, 11, 12, 13, 14, 15}
2025-04-17 17:56:10,534 - INFO - 正在为时间段 4224-4239 生成可视化
2025-04-17 17:56:10,534 - INFO - 正在为时间段 4224-4239 生成异常图可视化
2025-04-17 17:56:10,535 - DEBUG - 边统计: 正常边 210 条, 异常边 0 条
2025-04-17 17:56:10,583 - DEBUG - 正在保存可视化结果到 ./visual/els/neighbor_all/range_ratio/els-1/seg_28_4224_4239.png
2025-04-17 17:56:10,904 - INFO - 成功保存时间段 4224-4239 的可视化结果
2025-04-17 17:56:10,904 - INFO - 
正在处理时间段 30/77: 4451-4454
2025-04-17 17:56:10,904 - INFO - 该时间段的真实异常节点: {12}
2025-04-17 17:56:10,904 - INFO - 正在计算异常分数...
2025-04-17 17:56:10,904 - INFO - 检测到的异常节点: set()
2025-04-17 17:56:10,904 - INFO - 正在为时间段 4451-4454 生成可视化
2025-04-17 17:56:10,904 - INFO - 正在为时间段 4451-4454 生成异常图可视化
2025-04-17 17:56:10,905 - DEBUG - 边统计: 正常边 164 条, 异常边 18 条
2025-04-17 17:56:10,954 - DEBUG - 正在保存可视化结果到 ./visual/els/neighbor_all/range_ratio/els-1/seg_29_4451_4454.png
2025-04-17 17:56:11,235 - INFO - 成功保存时间段 4451-4454 的可视化结果
2025-04-17 17:56:11,235 - INFO - 
正在处理时间段 31/77: 4474-4474
2025-04-17 17:56:11,235 - INFO - 该时间段的真实异常节点: {12}
2025-04-17 17:56:11,235 - INFO - 正在计算异常分数...
2025-04-17 17:56:11,235 - INFO - 检测到的异常节点: set()
2025-04-17 17:56:11,235 - INFO - 正在为时间段 4474-4474 生成可视化
2025-04-17 17:56:11,235 - INFO - 正在为时间段 4474-4474 生成异常图可视化
2025-04-17 17:56:11,235 - INFO - 单个点位异常段 4474-4474，扩展为 4470-4474 (window_size=5)
2025-04-17 17:56:11,236 - DEBUG - 边统计: 正常边 194 条, 异常边 16 条
2025-04-17 17:56:11,284 - DEBUG - 正在保存可视化结果到 ./visual/els/neighbor_all/range_ratio/els-1/seg_30_4474_4474.png
2025-04-17 17:56:11,610 - INFO - 成功保存时间段 4474-4474 的可视化结果
2025-04-17 17:56:11,610 - INFO - 
正在处理时间段 32/77: 4533-4537
2025-04-17 17:56:11,610 - INFO - 该时间段的真实异常节点: {6, 7, 8, 9, 11}
2025-04-17 17:56:11,610 - INFO - 正在计算异常分数...
2025-04-17 17:56:11,611 - INFO - 检测到的异常节点: {11, 9, 3, 7}
2025-04-17 17:56:11,611 - INFO - 正在为时间段 4533-4537 生成可视化
2025-04-17 17:56:11,611 - INFO - 正在为时间段 4533-4537 生成异常图可视化
2025-04-17 17:56:11,612 - DEBUG - 边统计: 正常边 194 条, 异常边 16 条
2025-04-17 17:56:11,660 - DEBUG - 正在保存可视化结果到 ./visual/els/neighbor_all/range_ratio/els-1/seg_31_4533_4537.png
2025-04-17 17:56:11,984 - INFO - 成功保存时间段 4533-4537 的可视化结果
2025-04-17 17:56:11,984 - INFO - 
正在处理时间段 33/77: 4778-4796
2025-04-17 17:56:11,984 - INFO - 该时间段的真实异常节点: {6, 7, 8, 9, 10, 11}
2025-04-17 17:56:11,984 - INFO - 正在计算异常分数...
2025-04-17 17:56:11,993 - INFO - 检测到的异常节点: {1, 2, 3, 4, 5, 6, 7, 8, 9, 10, 11, 12, 13, 14, 15}
2025-04-17 17:56:11,993 - INFO - 正在为时间段 4778-4796 生成可视化
2025-04-17 17:56:11,993 - INFO - 正在为时间段 4778-4796 生成异常图可视化
2025-04-17 17:56:11,994 - DEBUG - 边统计: 正常边 204 条, 异常边 6 条
2025-04-17 17:56:12,041 - DEBUG - 正在保存可视化结果到 ./visual/els/neighbor_all/range_ratio/els-1/seg_32_4778_4796.png
2025-04-17 17:56:12,361 - INFO - 成功保存时间段 4778-4796 的可视化结果
2025-04-17 17:56:12,361 - INFO - 
正在处理时间段 34/77: 5077-5081
2025-04-17 17:56:12,361 - INFO - 该时间段的真实异常节点: {6, 7, 8, 9, 10, 11}
2025-04-17 17:56:12,361 - INFO - 正在计算异常分数...
2025-04-17 17:56:12,362 - INFO - 检测到的异常节点: {3, 6}
2025-04-17 17:56:12,362 - INFO - 正在为时间段 5077-5081 生成可视化
2025-04-17 17:56:12,362 - INFO - 正在为时间段 5077-5081 生成异常图可视化
2025-04-17 17:56:12,363 - DEBUG - 边统计: 正常边 202 条, 异常边 8 条
2025-04-17 17:56:12,500 - DEBUG - 正在保存可视化结果到 ./visual/els/neighbor_all/range_ratio/els-1/seg_33_5077_5081.png
2025-04-17 17:56:12,827 - INFO - 成功保存时间段 5077-5081 的可视化结果
2025-04-17 17:56:12,827 - INFO - 
正在处理时间段 35/77: 5287-5289
2025-04-17 17:56:12,828 - INFO - 该时间段的真实异常节点: {6, 7, 8, 9, 11, 12}
2025-04-17 17:56:12,828 - INFO - 正在计算异常分数...
2025-04-17 17:56:12,828 - INFO - 检测到的异常节点: set()
2025-04-17 17:56:12,828 - INFO - 正在为时间段 5287-5289 生成可视化
2025-04-17 17:56:12,828 - INFO - 正在为时间段 5287-5289 生成异常图可视化
2025-04-17 17:56:12,829 - DEBUG - 边统计: 正常边 92 条, 异常边 90 条
2025-04-17 17:56:12,878 - DEBUG - 正在保存可视化结果到 ./visual/els/neighbor_all/range_ratio/els-1/seg_34_5287_5289.png
2025-04-17 17:56:13,165 - INFO - 成功保存时间段 5287-5289 的可视化结果
2025-04-17 17:56:13,165 - INFO - 
正在处理时间段 36/77: 5291-5291
2025-04-17 17:56:13,165 - INFO - 该时间段的真实异常节点: {9, 11, 12}
2025-04-17 17:56:13,165 - INFO - 正在计算异常分数...
2025-04-17 17:56:13,165 - INFO - 检测到的异常节点: set()
2025-04-17 17:56:13,165 - INFO - 正在为时间段 5291-5291 生成可视化
2025-04-17 17:56:13,165 - INFO - 正在为时间段 5291-5291 生成异常图可视化
2025-04-17 17:56:13,165 - INFO - 单个点位异常段 5291-5291，扩展为 5287-5291 (window_size=5)
2025-04-17 17:56:13,166 - DEBUG - 边统计: 正常边 168 条, 异常边 14 条
2025-04-17 17:56:13,215 - DEBUG - 正在保存可视化结果到 ./visual/els/neighbor_all/range_ratio/els-1/seg_35_5291_5291.png
2025-04-17 17:56:13,499 - INFO - 成功保存时间段 5291-5291 的可视化结果
2025-04-17 17:56:13,499 - INFO - 
正在处理时间段 37/77: 5337-5337
2025-04-17 17:56:13,499 - INFO - 该时间段的真实异常节点: {12}
2025-04-17 17:56:13,499 - INFO - 正在计算异常分数...
2025-04-17 17:56:13,499 - INFO - 检测到的异常节点: set()
2025-04-17 17:56:13,499 - INFO - 正在为时间段 5337-5337 生成可视化
2025-04-17 17:56:13,500 - INFO - 正在为时间段 5337-5337 生成异常图可视化
2025-04-17 17:56:13,500 - INFO - 单个点位异常段 5337-5337，扩展为 5333-5337 (window_size=5)
2025-04-17 17:56:13,500 - DEBUG - 边统计: 正常边 160 条, 异常边 22 条
2025-04-17 17:56:13,549 - DEBUG - 正在保存可视化结果到 ./visual/els/neighbor_all/range_ratio/els-1/seg_36_5337_5337.png
2025-04-17 17:56:13,839 - INFO - 成功保存时间段 5337-5337 的可视化结果
2025-04-17 17:56:13,839 - INFO - 
正在处理时间段 38/77: 5576-5576
2025-04-17 17:56:13,839 - INFO - 该时间段的真实异常节点: {12}
2025-04-17 17:56:13,839 - INFO - 正在计算异常分数...
2025-04-17 17:56:13,839 - INFO - 检测到的异常节点: set()
2025-04-17 17:56:13,839 - INFO - 正在为时间段 5576-5576 生成可视化
2025-04-17 17:56:13,839 - INFO - 正在为时间段 5576-5576 生成异常图可视化
2025-04-17 17:56:13,839 - INFO - 单个点位异常段 5576-5576，扩展为 5572-5576 (window_size=5)
2025-04-17 17:56:13,840 - DEBUG - 边统计: 正常边 168 条, 异常边 14 条
2025-04-17 17:56:13,889 - DEBUG - 正在保存可视化结果到 ./visual/els/neighbor_all/range_ratio/els-1/seg_37_5576_5576.png
2025-04-17 17:56:14,173 - INFO - 成功保存时间段 5576-5576 的可视化结果
2025-04-17 17:56:14,173 - INFO - 
正在处理时间段 39/77: 5582-5582
2025-04-17 17:56:14,173 - INFO - 该时间段的真实异常节点: {12}
2025-04-17 17:56:14,173 - INFO - 正在计算异常分数...
2025-04-17 17:56:14,173 - INFO - 检测到的异常节点: set()
2025-04-17 17:56:14,173 - INFO - 正在为时间段 5582-5582 生成可视化
2025-04-17 17:56:14,173 - INFO - 正在为时间段 5582-5582 生成异常图可视化
2025-04-17 17:56:14,173 - INFO - 单个点位异常段 5582-5582，扩展为 5578-5582 (window_size=5)
2025-04-17 17:56:14,174 - DEBUG - 边统计: 正常边 168 条, 异常边 42 条
2025-04-17 17:56:14,222 - DEBUG - 正在保存可视化结果到 ./visual/els/neighbor_all/range_ratio/els-1/seg_38_5582_5582.png
2025-04-17 17:56:14,549 - INFO - 成功保存时间段 5582-5582 的可视化结果
2025-04-17 17:56:14,549 - INFO - 
正在处理时间段 40/77: 5591-5591
2025-04-17 17:56:14,549 - INFO - 该时间段的真实异常节点: {12}
2025-04-17 17:56:14,549 - INFO - 正在计算异常分数...
2025-04-17 17:56:14,549 - INFO - 检测到的异常节点: set()
2025-04-17 17:56:14,549 - INFO - 正在为时间段 5591-5591 生成可视化
2025-04-17 17:56:14,550 - INFO - 正在为时间段 5591-5591 生成异常图可视化
2025-04-17 17:56:14,550 - INFO - 单个点位异常段 5591-5591，扩展为 5587-5591 (window_size=5)
2025-04-17 17:56:14,550 - DEBUG - 边统计: 正常边 166 条, 异常边 16 条
2025-04-17 17:56:14,598 - DEBUG - 正在保存可视化结果到 ./visual/els/neighbor_all/range_ratio/els-1/seg_39_5591_5591.png
2025-04-17 17:56:14,885 - INFO - 成功保存时间段 5591-5591 的可视化结果
2025-04-17 17:56:14,885 - INFO - 
正在处理时间段 41/77: 5606-5606
2025-04-17 17:56:14,885 - INFO - 该时间段的真实异常节点: {12}
2025-04-17 17:56:14,885 - INFO - 正在计算异常分数...
2025-04-17 17:56:14,885 - INFO - 检测到的异常节点: set()
2025-04-17 17:56:14,885 - INFO - 正在为时间段 5606-5606 生成可视化
2025-04-17 17:56:14,885 - INFO - 正在为时间段 5606-5606 生成异常图可视化
2025-04-17 17:56:14,885 - INFO - 单个点位异常段 5606-5606，扩展为 5602-5606 (window_size=5)
2025-04-17 17:56:14,886 - DEBUG - 边统计: 正常边 186 条, 异常边 24 条
2025-04-17 17:56:14,934 - DEBUG - 正在保存可视化结果到 ./visual/els/neighbor_all/range_ratio/els-1/seg_40_5606_5606.png
2025-04-17 17:56:15,257 - INFO - 成功保存时间段 5606-5606 的可视化结果
2025-04-17 17:56:15,258 - INFO - 
正在处理时间段 42/77: 5621-5621
2025-04-17 17:56:15,258 - INFO - 该时间段的真实异常节点: {12}
2025-04-17 17:56:15,258 - INFO - 正在计算异常分数...
2025-04-17 17:56:15,258 - INFO - 检测到的异常节点: set()
2025-04-17 17:56:15,258 - INFO - 正在为时间段 5621-5621 生成可视化
2025-04-17 17:56:15,258 - INFO - 正在为时间段 5621-5621 生成异常图可视化
2025-04-17 17:56:15,258 - INFO - 单个点位异常段 5621-5621，扩展为 5617-5621 (window_size=5)
2025-04-17 17:56:15,259 - DEBUG - 边统计: 正常边 128 条, 异常边 54 条
2025-04-17 17:56:15,308 - DEBUG - 正在保存可视化结果到 ./visual/els/neighbor_all/range_ratio/els-1/seg_41_5621_5621.png
2025-04-17 17:56:15,594 - INFO - 成功保存时间段 5621-5621 的可视化结果
2025-04-17 17:56:15,594 - INFO - 
正在处理时间段 43/77: 5627-5627
2025-04-17 17:56:15,594 - INFO - 该时间段的真实异常节点: {12}
2025-04-17 17:56:15,594 - INFO - 正在计算异常分数...
2025-04-17 17:56:15,594 - INFO - 检测到的异常节点: set()
2025-04-17 17:56:15,594 - INFO - 正在为时间段 5627-5627 生成可视化
2025-04-17 17:56:15,594 - INFO - 正在为时间段 5627-5627 生成异常图可视化
2025-04-17 17:56:15,594 - INFO - 单个点位异常段 5627-5627，扩展为 5623-5627 (window_size=5)
2025-04-17 17:56:15,595 - DEBUG - 边统计: 正常边 190 条, 异常边 20 条
2025-04-17 17:56:15,643 - DEBUG - 正在保存可视化结果到 ./visual/els/neighbor_all/range_ratio/els-1/seg_42_5627_5627.png
2025-04-17 17:56:15,969 - INFO - 成功保存时间段 5627-5627 的可视化结果
2025-04-17 17:56:15,969 - INFO - 
正在处理时间段 44/77: 5963-5981
2025-04-17 17:56:15,969 - INFO - 该时间段的真实异常节点: {6, 7, 8, 9, 11}
2025-04-17 17:56:15,969 - INFO - 正在计算异常分数...
2025-04-17 17:56:15,978 - INFO - 检测到的异常节点: {1, 2, 3, 4, 5, 6, 7, 8, 9, 10, 11, 12, 13, 14, 15}
2025-04-17 17:56:15,979 - INFO - 正在为时间段 5963-5981 生成可视化
2025-04-17 17:56:15,979 - INFO - 正在为时间段 5963-5981 生成异常图可视化
2025-04-17 17:56:15,979 - DEBUG - 边统计: 正常边 210 条, 异常边 0 条
2025-04-17 17:56:16,028 - DEBUG - 正在保存可视化结果到 ./visual/els/neighbor_all/range_ratio/els-1/seg_43_5963_5981.png
2025-04-17 17:56:16,348 - INFO - 成功保存时间段 5963-5981 的可视化结果
2025-04-17 17:56:16,348 - INFO - 
正在处理时间段 45/77: 6157-6161
2025-04-17 17:56:16,348 - INFO - 该时间段的真实异常节点: {12}
2025-04-17 17:56:16,348 - INFO - 正在计算异常分数...
2025-04-17 17:56:16,349 - INFO - 检测到的异常节点: {1, 3, 4, 6, 10, 13}
2025-04-17 17:56:16,349 - INFO - 正在为时间段 6157-6161 生成可视化
2025-04-17 17:56:16,349 - INFO - 正在为时间段 6157-6161 生成异常图可视化
2025-04-17 17:56:16,350 - DEBUG - 边统计: 正常边 152 条, 异常边 30 条
2025-04-17 17:56:16,399 - DEBUG - 正在保存可视化结果到 ./visual/els/neighbor_all/range_ratio/els-1/seg_44_6157_6161.png
2025-04-17 17:56:16,683 - INFO - 成功保存时间段 6157-6161 的可视化结果
2025-04-17 17:56:16,684 - INFO - 
正在处理时间段 46/77: 6197-6200
2025-04-17 17:56:16,684 - INFO - 该时间段的真实异常节点: {12}
2025-04-17 17:56:16,684 - INFO - 正在计算异常分数...
2025-04-17 17:56:16,684 - INFO - 检测到的异常节点: set()
2025-04-17 17:56:16,684 - INFO - 正在为时间段 6197-6200 生成可视化
2025-04-17 17:56:16,684 - INFO - 正在为时间段 6197-6200 生成异常图可视化
2025-04-17 17:56:16,685 - DEBUG - 边统计: 正常边 148 条, 异常边 34 条
2025-04-17 17:56:16,733 - DEBUG - 正在保存可视化结果到 ./visual/els/neighbor_all/range_ratio/els-1/seg_45_6197_6200.png
2025-04-17 17:56:17,019 - INFO - 成功保存时间段 6197-6200 的可视化结果
2025-04-17 17:56:17,020 - INFO - 
正在处理时间段 47/77: 6233-6254
2025-04-17 17:56:17,020 - INFO - 该时间段的真实异常节点: {6, 7, 8, 9, 11, 12}
2025-04-17 17:56:17,020 - INFO - 正在计算异常分数...
2025-04-17 17:56:17,031 - INFO - 检测到的异常节点: {1, 2, 3, 4, 5, 6, 7, 8, 9, 10, 11, 12, 13, 14, 15}
2025-04-17 17:56:17,031 - INFO - 正在为时间段 6233-6254 生成可视化
2025-04-17 17:56:17,031 - INFO - 正在为时间段 6233-6254 生成异常图可视化
2025-04-17 17:56:17,032 - DEBUG - 边统计: 正常边 200 条, 异常边 10 条
2025-04-17 17:56:17,154 - DEBUG - 正在保存可视化结果到 ./visual/els/neighbor_all/range_ratio/els-1/seg_46_6233_6254.png
2025-04-17 17:56:17,477 - INFO - 成功保存时间段 6233-6254 的可视化结果
2025-04-17 17:56:17,477 - INFO - 
正在处理时间段 48/77: 6440-6449
2025-04-17 17:56:17,477 - INFO - 该时间段的真实异常节点: {9, 10, 12}
2025-04-17 17:56:17,477 - INFO - 正在计算异常分数...
2025-04-17 17:56:17,481 - INFO - 检测到的异常节点: {1, 2, 3, 4, 5, 6, 7, 8, 9, 10, 11, 12, 13, 14, 15}
2025-04-17 17:56:17,481 - INFO - 正在为时间段 6440-6449 生成可视化
2025-04-17 17:56:17,481 - INFO - 正在为时间段 6440-6449 生成异常图可视化
2025-04-17 17:56:17,482 - DEBUG - 边统计: 正常边 208 条, 异常边 2 条
2025-04-17 17:56:17,529 - DEBUG - 正在保存可视化结果到 ./visual/els/neighbor_all/range_ratio/els-1/seg_47_6440_6449.png
2025-04-17 17:56:17,854 - INFO - 成功保存时间段 6440-6449 的可视化结果
2025-04-17 17:56:17,854 - INFO - 
正在处理时间段 49/77: 6457-6457
2025-04-17 17:56:17,854 - INFO - 该时间段的真实异常节点: {12}
2025-04-17 17:56:17,854 - INFO - 正在计算异常分数...
2025-04-17 17:56:17,854 - INFO - 检测到的异常节点: set()
2025-04-17 17:56:17,854 - INFO - 正在为时间段 6457-6457 生成可视化
2025-04-17 17:56:17,854 - INFO - 正在为时间段 6457-6457 生成异常图可视化
2025-04-17 17:56:17,854 - INFO - 单个点位异常段 6457-6457，扩展为 6453-6457 (window_size=5)
2025-04-17 17:56:17,855 - DEBUG - 边统计: 正常边 194 条, 异常边 16 条
2025-04-17 17:56:17,903 - DEBUG - 正在保存可视化结果到 ./visual/els/neighbor_all/range_ratio/els-1/seg_48_6457_6457.png
2025-04-17 17:56:18,229 - INFO - 成功保存时间段 6457-6457 的可视化结果
2025-04-17 17:56:18,229 - INFO - 
正在处理时间段 50/77: 6471-6491
2025-04-17 17:56:18,229 - INFO - 该时间段的真实异常节点: {12}
2025-04-17 17:56:18,229 - INFO - 正在计算异常分数...
2025-04-17 17:56:18,239 - INFO - 检测到的异常节点: {1, 2, 3, 4, 5, 6, 7, 8, 9, 10, 11, 12, 13, 14, 15}
2025-04-17 17:56:18,239 - INFO - 正在为时间段 6471-6491 生成可视化
2025-04-17 17:56:18,239 - INFO - 正在为时间段 6471-6491 生成异常图可视化
2025-04-17 17:56:18,240 - DEBUG - 边统计: 正常边 210 条, 异常边 0 条
2025-04-17 17:56:18,288 - DEBUG - 正在保存可视化结果到 ./visual/els/neighbor_all/range_ratio/els-1/seg_49_6471_6491.png
2025-04-17 17:56:18,608 - INFO - 成功保存时间段 6471-6491 的可视化结果
2025-04-17 17:56:18,608 - INFO - 
正在处理时间段 51/77: 6500-6500
2025-04-17 17:56:18,608 - INFO - 该时间段的真实异常节点: {12}
2025-04-17 17:56:18,608 - INFO - 正在计算异常分数...
2025-04-17 17:56:18,608 - INFO - 检测到的异常节点: set()
2025-04-17 17:56:18,608 - INFO - 正在为时间段 6500-6500 生成可视化
2025-04-17 17:56:18,608 - INFO - 正在为时间段 6500-6500 生成异常图可视化
2025-04-17 17:56:18,608 - INFO - 单个点位异常段 6500-6500，扩展为 6496-6500 (window_size=5)
2025-04-17 17:56:18,609 - DEBUG - 边统计: 正常边 168 条, 异常边 14 条
2025-04-17 17:56:18,658 - DEBUG - 正在保存可视化结果到 ./visual/els/neighbor_all/range_ratio/els-1/seg_50_6500_6500.png
2025-04-17 17:56:18,940 - INFO - 成功保存时间段 6500-6500 的可视化结果
2025-04-17 17:56:18,940 - INFO - 
正在处理时间段 52/77: 6513-6515
2025-04-17 17:56:18,940 - INFO - 该时间段的真实异常节点: {6, 7, 8, 9, 11}
2025-04-17 17:56:18,940 - INFO - 正在计算异常分数...
2025-04-17 17:56:18,940 - INFO - 检测到的异常节点: set()
2025-04-17 17:56:18,940 - INFO - 正在为时间段 6513-6515 生成可视化
2025-04-17 17:56:18,940 - INFO - 正在为时间段 6513-6515 生成异常图可视化
2025-04-17 17:56:18,941 - DEBUG - 边统计: 正常边 92 条, 异常边 118 条
2025-04-17 17:56:18,989 - DEBUG - 正在保存可视化结果到 ./visual/els/neighbor_all/range_ratio/els-1/seg_51_6513_6515.png
2025-04-17 17:56:19,320 - INFO - 成功保存时间段 6513-6515 的可视化结果
2025-04-17 17:56:19,320 - INFO - 
正在处理时间段 53/77: 6531-6545
2025-04-17 17:56:19,321 - INFO - 该时间段的真实异常节点: {12}
2025-04-17 17:56:19,321 - INFO - 正在计算异常分数...
2025-04-17 17:56:19,327 - INFO - 检测到的异常节点: {1, 2, 3, 4, 5, 6, 7, 8, 9, 10, 11, 12, 13, 14}
2025-04-17 17:56:19,327 - INFO - 正在为时间段 6531-6545 生成可视化
2025-04-17 17:56:19,327 - INFO - 正在为时间段 6531-6545 生成异常图可视化
2025-04-17 17:56:19,328 - DEBUG - 边统计: 正常边 182 条, 异常边 0 条
2025-04-17 17:56:19,377 - DEBUG - 正在保存可视化结果到 ./visual/els/neighbor_all/range_ratio/els-1/seg_52_6531_6545.png
2025-04-17 17:56:19,658 - INFO - 成功保存时间段 6531-6545 的可视化结果
2025-04-17 17:56:19,658 - INFO - 
正在处理时间段 54/77: 6549-6563
2025-04-17 17:56:19,658 - INFO - 该时间段的真实异常节点: {6, 7, 8, 9, 11}
2025-04-17 17:56:19,658 - INFO - 正在计算异常分数...
2025-04-17 17:56:19,665 - INFO - 检测到的异常节点: {1, 2, 3, 4, 5, 6, 7, 8, 9, 10, 11, 12, 13, 14, 15}
2025-04-17 17:56:19,665 - INFO - 正在为时间段 6549-6563 生成可视化
2025-04-17 17:56:19,665 - INFO - 正在为时间段 6549-6563 生成异常图可视化
2025-04-17 17:56:19,666 - DEBUG - 边统计: 正常边 196 条, 异常边 14 条
2025-04-17 17:56:19,714 - DEBUG - 正在保存可视化结果到 ./visual/els/neighbor_all/range_ratio/els-1/seg_53_6549_6563.png
2025-04-17 17:56:20,035 - INFO - 成功保存时间段 6549-6563 的可视化结果
2025-04-17 17:56:20,035 - INFO - 
正在处理时间段 55/77: 6726-6730
2025-04-17 17:56:20,035 - INFO - 该时间段的真实异常节点: {12}
2025-04-17 17:56:20,035 - INFO - 正在计算异常分数...
2025-04-17 17:56:20,036 - INFO - 检测到的异常节点: {2, 3, 4, 5, 6, 9, 10, 13, 14}
2025-04-17 17:56:20,036 - INFO - 正在为时间段 6726-6730 生成可视化
2025-04-17 17:56:20,036 - INFO - 正在为时间段 6726-6730 生成异常图可视化
2025-04-17 17:56:20,037 - DEBUG - 边统计: 正常边 152 条, 异常边 30 条
2025-04-17 17:56:20,084 - DEBUG - 正在保存可视化结果到 ./visual/els/neighbor_all/range_ratio/els-1/seg_54_6726_6730.png
2025-04-17 17:56:20,368 - INFO - 成功保存时间段 6726-6730 的可视化结果
2025-04-17 17:56:20,368 - INFO - 
正在处理时间段 56/77: 6824-6825
2025-04-17 17:56:20,368 - INFO - 该时间段的真实异常节点: {6, 7, 8, 9, 11}
2025-04-17 17:56:20,369 - INFO - 正在计算异常分数...
2025-04-17 17:56:20,369 - INFO - 检测到的异常节点: set()
2025-04-17 17:56:20,369 - INFO - 正在为时间段 6824-6825 生成可视化
2025-04-17 17:56:20,369 - INFO - 正在为时间段 6824-6825 生成异常图可视化
2025-04-17 17:56:20,370 - DEBUG - 边统计: 正常边 0 条, 异常边 156 条
2025-04-17 17:56:20,421 - DEBUG - 正在保存可视化结果到 ./visual/els/neighbor_all/range_ratio/els-1/seg_55_6824_6825.png
2025-04-17 17:56:20,701 - INFO - 成功保存时间段 6824-6825 的可视化结果
2025-04-17 17:56:20,701 - INFO - 
正在处理时间段 57/77: 7302-7302
2025-04-17 17:56:20,701 - INFO - 该时间段的真实异常节点: {12}
2025-04-17 17:56:20,701 - INFO - 正在计算异常分数...
2025-04-17 17:56:20,701 - INFO - 检测到的异常节点: set()
2025-04-17 17:56:20,701 - INFO - 正在为时间段 7302-7302 生成可视化
2025-04-17 17:56:20,701 - INFO - 正在为时间段 7302-7302 生成异常图可视化
2025-04-17 17:56:20,701 - INFO - 单个点位异常段 7302-7302，扩展为 7298-7302 (window_size=5)
2025-04-17 17:56:20,702 - DEBUG - 边统计: 正常边 186 条, 异常边 24 条
2025-04-17 17:56:20,750 - DEBUG - 正在保存可视化结果到 ./visual/els/neighbor_all/range_ratio/els-1/seg_56_7302_7302.png
2025-04-17 17:56:21,074 - INFO - 成功保存时间段 7302-7302 的可视化结果
2025-04-17 17:56:21,074 - INFO - 
正在处理时间段 58/77: 7337-7337
2025-04-17 17:56:21,074 - INFO - 该时间段的真实异常节点: {12}
2025-04-17 17:56:21,074 - INFO - 正在计算异常分数...
2025-04-17 17:56:21,074 - INFO - 检测到的异常节点: set()
2025-04-17 17:56:21,074 - INFO - 正在为时间段 7337-7337 生成可视化
2025-04-17 17:56:21,074 - INFO - 正在为时间段 7337-7337 生成异常图可视化
2025-04-17 17:56:21,074 - INFO - 单个点位异常段 7337-7337，扩展为 7333-7337 (window_size=5)
2025-04-17 17:56:21,075 - DEBUG - 边统计: 正常边 182 条, 异常边 28 条
2025-04-17 17:56:21,123 - DEBUG - 正在保存可视化结果到 ./visual/els/neighbor_all/range_ratio/els-1/seg_57_7337_7337.png
2025-04-17 17:56:21,447 - INFO - 成功保存时间段 7337-7337 的可视化结果
2025-04-17 17:56:21,448 - INFO - 
正在处理时间段 59/77: 7384-7414
2025-04-17 17:56:21,448 - INFO - 该时间段的真实异常节点: {6, 7, 8, 9, 10, 11}
2025-04-17 17:56:21,448 - INFO - 正在计算异常分数...
2025-04-17 17:56:21,465 - INFO - 检测到的异常节点: {1, 2, 3, 4, 5, 6, 7, 8, 9, 10, 11, 12, 13, 14, 15}
2025-04-17 17:56:21,465 - INFO - 正在为时间段 7384-7414 生成可视化
2025-04-17 17:56:21,465 - INFO - 正在为时间段 7384-7414 生成异常图可视化
2025-04-17 17:56:21,466 - DEBUG - 边统计: 正常边 204 条, 异常边 6 条
2025-04-17 17:56:21,583 - DEBUG - 正在保存可视化结果到 ./visual/els/neighbor_all/range_ratio/els-1/seg_58_7384_7414.png
2025-04-17 17:56:21,904 - INFO - 成功保存时间段 7384-7414 的可视化结果
2025-04-17 17:56:21,904 - INFO - 
正在处理时间段 60/77: 7591-7592
2025-04-17 17:56:21,904 - INFO - 该时间段的真实异常节点: {6, 7, 8, 9, 11, 12}
2025-04-17 17:56:21,904 - INFO - 正在计算异常分数...
2025-04-17 17:56:21,904 - INFO - 检测到的异常节点: set()
2025-04-17 17:56:21,904 - INFO - 正在为时间段 7591-7592 生成可视化
2025-04-17 17:56:21,904 - INFO - 正在为时间段 7591-7592 生成异常图可视化
2025-04-17 17:56:21,905 - DEBUG - 边统计: 正常边 0 条, 异常边 156 条
2025-04-17 17:56:21,955 - DEBUG - 正在保存可视化结果到 ./visual/els/neighbor_all/range_ratio/els-1/seg_59_7591_7592.png
2025-04-17 17:56:22,235 - INFO - 成功保存时间段 7591-7592 的可视化结果
2025-04-17 17:56:22,235 - INFO - 
正在处理时间段 61/77: 7596-7598
2025-04-17 17:56:22,235 - INFO - 该时间段的真实异常节点: {6, 7, 8, 9, 12}
2025-04-17 17:56:22,235 - INFO - 正在计算异常分数...
2025-04-17 17:56:22,235 - INFO - 检测到的异常节点: set()
2025-04-17 17:56:22,235 - INFO - 正在为时间段 7596-7598 生成可视化
2025-04-17 17:56:22,235 - INFO - 正在为时间段 7596-7598 生成异常图可视化
2025-04-17 17:56:22,236 - DEBUG - 边统计: 正常边 110 条, 异常边 72 条
2025-04-17 17:56:22,284 - DEBUG - 正在保存可视化结果到 ./visual/els/neighbor_all/range_ratio/els-1/seg_60_7596_7598.png
2025-04-17 17:56:22,571 - INFO - 成功保存时间段 7596-7598 的可视化结果
2025-04-17 17:56:22,572 - INFO - 
正在处理时间段 62/77: 7640-7640
2025-04-17 17:56:22,572 - INFO - 该时间段的真实异常节点: {12}
2025-04-17 17:56:22,572 - INFO - 正在计算异常分数...
2025-04-17 17:56:22,572 - INFO - 检测到的异常节点: set()
2025-04-17 17:56:22,572 - INFO - 正在为时间段 7640-7640 生成可视化
2025-04-17 17:56:22,572 - INFO - 正在为时间段 7640-7640 生成异常图可视化
2025-04-17 17:56:22,572 - INFO - 单个点位异常段 7640-7640，扩展为 7636-7640 (window_size=5)
2025-04-17 17:56:22,573 - DEBUG - 边统计: 正常边 172 条, 异常边 38 条
2025-04-17 17:56:22,621 - DEBUG - 正在保存可视化结果到 ./visual/els/neighbor_all/range_ratio/els-1/seg_61_7640_7640.png
2025-04-17 17:56:22,948 - INFO - 成功保存时间段 7640-7640 的可视化结果
2025-04-17 17:56:22,948 - INFO - 
正在处理时间段 63/77: 7691-7691
2025-04-17 17:56:22,948 - INFO - 该时间段的真实异常节点: {6, 7, 8, 9, 11}
2025-04-17 17:56:22,948 - INFO - 正在计算异常分数...
2025-04-17 17:56:22,948 - INFO - 检测到的异常节点: set()
2025-04-17 17:56:22,948 - INFO - 正在为时间段 7691-7691 生成可视化
2025-04-17 17:56:22,948 - INFO - 正在为时间段 7691-7691 生成异常图可视化
2025-04-17 17:56:22,948 - INFO - 单个点位异常段 7691-7691，扩展为 7687-7691 (window_size=5)
2025-04-17 17:56:22,949 - DEBUG - 边统计: 正常边 146 条, 异常边 36 条
2025-04-17 17:56:22,996 - DEBUG - 正在保存可视化结果到 ./visual/els/neighbor_all/range_ratio/els-1/seg_62_7691_7691.png
2025-04-17 17:56:23,282 - INFO - 成功保存时间段 7691-7691 的可视化结果
2025-04-17 17:56:23,282 - INFO - 
正在处理时间段 64/77: 7700-7707
2025-04-17 17:56:23,282 - INFO - 该时间段的真实异常节点: {6, 7, 8, 9, 11}
2025-04-17 17:56:23,282 - INFO - 正在计算异常分数...
2025-04-17 17:56:23,285 - INFO - 检测到的异常节点: {2, 3, 4, 5, 6, 7, 8, 9, 10, 12, 15}
2025-04-17 17:56:23,285 - INFO - 正在为时间段 7700-7707 生成可视化
2025-04-17 17:56:23,285 - INFO - 正在为时间段 7700-7707 生成异常图可视化
2025-04-17 17:56:23,286 - DEBUG - 边统计: 正常边 200 条, 异常边 10 条
2025-04-17 17:56:23,333 - DEBUG - 正在保存可视化结果到 ./visual/els/neighbor_all/range_ratio/els-1/seg_63_7700_7707.png
2025-04-17 17:56:23,657 - INFO - 成功保存时间段 7700-7707 的可视化结果
2025-04-17 17:56:23,657 - INFO - 
正在处理时间段 65/77: 7885-7886
2025-04-17 17:56:23,657 - INFO - 该时间段的真实异常节点: {12}
2025-04-17 17:56:23,657 - INFO - 正在计算异常分数...
2025-04-17 17:56:23,657 - INFO - 检测到的异常节点: set()
2025-04-17 17:56:23,657 - INFO - 正在为时间段 7885-7886 生成可视化
2025-04-17 17:56:23,657 - INFO - 正在为时间段 7885-7886 生成异常图可视化
2025-04-17 17:56:23,658 - DEBUG - 边统计: 正常边 0 条, 异常边 156 条
2025-04-17 17:56:23,710 - DEBUG - 正在保存可视化结果到 ./visual/els/neighbor_all/range_ratio/els-1/seg_64_7885_7886.png
2025-04-17 17:56:23,996 - INFO - 成功保存时间段 7885-7886 的可视化结果
2025-04-17 17:56:23,996 - INFO - 
正在处理时间段 66/77: 7963-7963
2025-04-17 17:56:23,996 - INFO - 该时间段的真实异常节点: {6, 7, 8, 9, 12}
2025-04-17 17:56:23,996 - INFO - 正在计算异常分数...
2025-04-17 17:56:23,996 - INFO - 检测到的异常节点: set()
2025-04-17 17:56:23,996 - INFO - 正在为时间段 7963-7963 生成可视化
2025-04-17 17:56:23,996 - INFO - 正在为时间段 7963-7963 生成异常图可视化
2025-04-17 17:56:23,996 - INFO - 单个点位异常段 7963-7963，扩展为 7959-7963 (window_size=5)
2025-04-17 17:56:23,997 - DEBUG - 边统计: 正常边 196 条, 异常边 14 条
2025-04-17 17:56:24,045 - DEBUG - 正在保存可视化结果到 ./visual/els/neighbor_all/range_ratio/els-1/seg_65_7963_7963.png
2025-04-17 17:56:24,369 - INFO - 成功保存时间段 7963-7963 的可视化结果
2025-04-17 17:56:24,369 - INFO - 
正在处理时间段 67/77: 7991-7995
2025-04-17 17:56:24,369 - INFO - 该时间段的真实异常节点: {6, 7, 8, 9, 11}
2025-04-17 17:56:24,369 - INFO - 正在计算异常分数...
2025-04-17 17:56:24,370 - INFO - 检测到的异常节点: {7, 8, 9, 10, 12, 15}
2025-04-17 17:56:24,370 - INFO - 正在为时间段 7991-7995 生成可视化
2025-04-17 17:56:24,370 - INFO - 正在为时间段 7991-7995 生成异常图可视化
2025-04-17 17:56:24,371 - DEBUG - 边统计: 正常边 180 条, 异常边 30 条
2025-04-17 17:56:24,419 - DEBUG - 正在保存可视化结果到 ./visual/els/neighbor_all/range_ratio/els-1/seg_66_7991_7995.png
2025-04-17 17:56:24,743 - INFO - 成功保存时间段 7991-7995 的可视化结果
2025-04-17 17:56:24,743 - INFO - 
正在处理时间段 68/77: 8214-8216
2025-04-17 17:56:24,743 - INFO - 该时间段的真实异常节点: {9, 12}
2025-04-17 17:56:24,743 - INFO - 正在计算异常分数...
2025-04-17 17:56:24,743 - INFO - 检测到的异常节点: set()
2025-04-17 17:56:24,743 - INFO - 正在为时间段 8214-8216 生成可视化
2025-04-17 17:56:24,743 - INFO - 正在为时间段 8214-8216 生成异常图可视化
2025-04-17 17:56:24,744 - DEBUG - 边统计: 正常边 118 条, 异常边 64 条
2025-04-17 17:56:24,793 - DEBUG - 正在保存可视化结果到 ./visual/els/neighbor_all/range_ratio/els-1/seg_67_8214_8216.png
2025-04-17 17:56:25,079 - INFO - 成功保存时间段 8214-8216 的可视化结果
2025-04-17 17:56:25,079 - INFO - 
正在处理时间段 69/77: 8280-8291
2025-04-17 17:56:25,079 - INFO - 该时间段的真实异常节点: {6, 7, 8, 9, 11}
2025-04-17 17:56:25,079 - INFO - 正在计算异常分数...
2025-04-17 17:56:25,085 - INFO - 检测到的异常节点: {1, 2, 3, 4, 5, 6, 7, 8, 9, 10, 11, 12, 13, 14, 15}
2025-04-17 17:56:25,085 - INFO - 正在为时间段 8280-8291 生成可视化
2025-04-17 17:56:25,085 - INFO - 正在为时间段 8280-8291 生成异常图可视化
2025-04-17 17:56:25,086 - DEBUG - 边统计: 正常边 204 条, 异常边 6 条
2025-04-17 17:56:25,133 - DEBUG - 正在保存可视化结果到 ./visual/els/neighbor_all/range_ratio/els-1/seg_68_8280_8291.png
2025-04-17 17:56:25,453 - INFO - 成功保存时间段 8280-8291 的可视化结果
2025-04-17 17:56:25,453 - INFO - 
正在处理时间段 70/77: 8432-8451
2025-04-17 17:56:25,453 - INFO - 该时间段的真实异常节点: {8, 11, 6, 7}
2025-04-17 17:56:25,453 - INFO - 正在计算异常分数...
2025-04-17 17:56:25,463 - INFO - 检测到的异常节点: {1, 2, 3, 4, 5, 6, 7, 8, 9, 10, 11, 12, 13, 14, 15}
2025-04-17 17:56:25,463 - INFO - 正在为时间段 8432-8451 生成可视化
2025-04-17 17:56:25,463 - INFO - 正在为时间段 8432-8451 生成异常图可视化
2025-04-17 17:56:25,464 - DEBUG - 边统计: 正常边 210 条, 异常边 0 条
2025-04-17 17:56:25,511 - DEBUG - 正在保存可视化结果到 ./visual/els/neighbor_all/range_ratio/els-1/seg_69_8432_8451.png
2025-04-17 17:56:25,832 - INFO - 成功保存时间段 8432-8451 的可视化结果
2025-04-17 17:56:25,832 - INFO - 
正在处理时间段 71/77: 8459-8461
2025-04-17 17:56:25,832 - INFO - 该时间段的真实异常节点: {12}
2025-04-17 17:56:25,832 - INFO - 正在计算异常分数...
2025-04-17 17:56:25,832 - INFO - 检测到的异常节点: set()
2025-04-17 17:56:25,832 - INFO - 正在为时间段 8459-8461 生成可视化
2025-04-17 17:56:25,832 - INFO - 正在为时间段 8459-8461 生成异常图可视化
2025-04-17 17:56:25,833 - DEBUG - 边统计: 正常边 136 条, 异常边 46 条
2025-04-17 17:56:25,883 - DEBUG - 正在保存可视化结果到 ./visual/els/neighbor_all/range_ratio/els-1/seg_70_8459_8461.png
2025-04-17 17:56:26,167 - INFO - 成功保存时间段 8459-8461 的可视化结果
2025-04-17 17:56:26,167 - INFO - 
正在处理时间段 72/77: 8504-8508
2025-04-17 17:56:26,167 - INFO - 该时间段的真实异常节点: {12}
2025-04-17 17:56:26,167 - INFO - 正在计算异常分数...
2025-04-17 17:56:26,168 - INFO - 检测到的异常节点: {2, 5, 8, 9, 11, 13}
2025-04-17 17:56:26,168 - INFO - 正在为时间段 8504-8508 生成可视化
2025-04-17 17:56:26,168 - INFO - 正在为时间段 8504-8508 生成异常图可视化
2025-04-17 17:56:26,169 - DEBUG - 边统计: 正常边 182 条, 异常边 28 条
2025-04-17 17:56:26,286 - DEBUG - 正在保存可视化结果到 ./visual/els/neighbor_all/range_ratio/els-1/seg_71_8504_8508.png
2025-04-17 17:56:26,609 - INFO - 成功保存时间段 8504-8508 的可视化结果
2025-04-17 17:56:26,609 - INFO - 
正在处理时间段 73/77: 8542-8553
2025-04-17 17:56:26,609 - INFO - 该时间段的真实异常节点: {12}
2025-04-17 17:56:26,609 - INFO - 正在计算异常分数...
2025-04-17 17:56:26,614 - INFO - 检测到的异常节点: {1, 2, 3, 4, 5, 6, 7, 8, 9, 11, 12, 14}
2025-04-17 17:56:26,614 - INFO - 正在为时间段 8542-8553 生成可视化
2025-04-17 17:56:26,614 - INFO - 正在为时间段 8542-8553 生成异常图可视化
2025-04-17 17:56:26,615 - DEBUG - 边统计: 正常边 180 条, 异常边 2 条
2025-04-17 17:56:26,664 - DEBUG - 正在保存可视化结果到 ./visual/els/neighbor_all/range_ratio/els-1/seg_72_8542_8553.png
2025-04-17 17:56:26,948 - INFO - 成功保存时间段 8542-8553 的可视化结果
2025-04-17 17:56:26,948 - INFO - 
正在处理时间段 74/77: 8564-8571
2025-04-17 17:56:26,948 - INFO - 该时间段的真实异常节点: {6, 7, 8, 9, 12}
2025-04-17 17:56:26,948 - INFO - 正在计算异常分数...
2025-04-17 17:56:26,951 - INFO - 检测到的异常节点: {1, 4, 7, 8, 9, 10, 11, 12, 13, 14, 15}
2025-04-17 17:56:26,951 - INFO - 正在为时间段 8564-8571 生成可视化
2025-04-17 17:56:26,951 - INFO - 正在为时间段 8564-8571 生成异常图可视化
2025-04-17 17:56:26,952 - DEBUG - 边统计: 正常边 194 条, 异常边 16 条
2025-04-17 17:56:26,999 - DEBUG - 正在保存可视化结果到 ./visual/els/neighbor_all/range_ratio/els-1/seg_73_8564_8571.png
2025-04-17 17:56:27,321 - INFO - 成功保存时间段 8564-8571 的可视化结果
2025-04-17 17:56:27,321 - INFO - 
正在处理时间段 75/77: 8724-8737
2025-04-17 17:56:27,322 - INFO - 该时间段的真实异常节点: {12}
2025-04-17 17:56:27,322 - INFO - 正在计算异常分数...
2025-04-17 17:56:27,327 - INFO - 检测到的异常节点: {1, 2, 3, 4, 6, 7, 8, 9, 10, 11, 13, 14}
2025-04-17 17:56:27,328 - INFO - 正在为时间段 8724-8737 生成可视化
2025-04-17 17:56:27,328 - INFO - 正在为时间段 8724-8737 生成异常图可视化
2025-04-17 17:56:27,328 - DEBUG - 边统计: 正常边 210 条, 异常边 0 条
2025-04-17 17:56:27,376 - DEBUG - 正在保存可视化结果到 ./visual/els/neighbor_all/range_ratio/els-1/seg_74_8724_8737.png
2025-04-17 17:56:27,694 - INFO - 成功保存时间段 8724-8737 的可视化结果
2025-04-17 17:56:27,695 - INFO - 
正在处理时间段 76/77: 8815-8821
2025-04-17 17:56:27,695 - INFO - 该时间段的真实异常节点: {6, 7, 8, 9, 11}
2025-04-17 17:56:27,695 - INFO - 正在计算异常分数...
2025-04-17 17:56:27,697 - INFO - 检测到的异常节点: {1, 2, 3, 5, 7, 8, 9, 10, 11, 12, 13, 15}
2025-04-17 17:56:27,697 - INFO - 正在为时间段 8815-8821 生成可视化
2025-04-17 17:56:27,697 - INFO - 正在为时间段 8815-8821 生成异常图可视化
2025-04-17 17:56:27,698 - DEBUG - 边统计: 正常边 208 条, 异常边 2 条
2025-04-17 17:56:27,745 - DEBUG - 正在保存可视化结果到 ./visual/els/neighbor_all/range_ratio/els-1/seg_75_8815_8821.png
2025-04-17 17:56:28,068 - INFO - 成功保存时间段 8815-8821 的可视化结果
2025-04-17 17:56:28,069 - INFO - 
正在处理时间段 77/77: 8859-8860
2025-04-17 17:56:28,069 - INFO - 该时间段的真实异常节点: {12}
2025-04-17 17:56:28,069 - INFO - 正在计算异常分数...
2025-04-17 17:56:28,069 - INFO - 检测到的异常节点: set()
2025-04-17 17:56:28,069 - INFO - 正在为时间段 8859-8860 生成可视化
2025-04-17 17:56:28,069 - INFO - 正在为时间段 8859-8860 生成异常图可视化
2025-04-17 17:56:28,070 - DEBUG - 边统计: 正常边 0 条, 异常边 182 条
2025-04-17 17:56:28,119 - DEBUG - 正在保存可视化结果到 ./visual/els/neighbor_all/range_ratio/els-1/seg_76_8859_8860.png
2025-04-17 17:56:28,403 - INFO - 成功保存时间段 8859-8860 的可视化结果
2025-04-17 17:56:28,403 - INFO - 正在生成所有异常段的综合可视化图像: ./visual/els/neighbor_all/range_ratio/els-1/all_segments.png
2025-04-17 17:56:28,403 - INFO - 生成全屏优化的可视化图表
2025-04-17 17:56:29,081 - INFO - 单个点位异常段 738-738，扩展为 734-738 (window_size=5)
2025-04-17 17:56:29,093 - INFO - 单个点位异常段 762-762，扩展为 758-762 (window_size=5)
2025-04-17 17:56:29,175 - INFO - 单个点位异常段 1882-1882，扩展为 1878-1882 (window_size=5)
2025-04-17 17:56:29,198 - INFO - 单个点位异常段 2461-2461，扩展为 2457-2461 (window_size=5)
2025-04-17 17:56:29,210 - INFO - 单个点位异常段 2506-2506，扩展为 2502-2506 (window_size=5)
2025-04-17 17:56:29,222 - INFO - 单个点位异常段 2515-2515，扩展为 2511-2515 (window_size=5)
2025-04-17 17:56:29,234 - INFO - 单个点位异常段 2520-2520，扩展为 2516-2520 (window_size=5)
2025-04-17 17:56:29,303 - INFO - 单个点位异常段 3378-3378，扩展为 3374-3378 (window_size=5)
2025-04-17 17:56:29,315 - INFO - 单个点位异常段 3564-3564，扩展为 3560-3564 (window_size=5)
2025-04-17 17:56:29,337 - INFO - 单个点位异常段 3592-3592，扩展为 3588-3592 (window_size=5)
2025-04-17 17:56:29,348 - INFO - 单个点位异常段 3611-3611，扩展为 3607-3611 (window_size=5)
2025-04-17 17:56:29,361 - INFO - 单个点位异常段 3646-3646，扩展为 3642-3646 (window_size=5)
2025-04-17 17:56:29,418 - INFO - 单个点位异常段 4474-4474，扩展为 4470-4474 (window_size=5)
2025-04-17 17:56:29,475 - INFO - 单个点位异常段 5291-5291，扩展为 5287-5291 (window_size=5)
2025-04-17 17:56:29,486 - INFO - 单个点位异常段 5337-5337，扩展为 5333-5337 (window_size=5)
2025-04-17 17:56:29,498 - INFO - 单个点位异常段 5576-5576，扩展为 5572-5576 (window_size=5)
2025-04-17 17:56:29,509 - INFO - 单个点位异常段 5582-5582，扩展为 5578-5582 (window_size=5)
2025-04-17 17:56:29,521 - INFO - 单个点位异常段 5591-5591，扩展为 5587-5591 (window_size=5)
2025-04-17 17:56:29,533 - INFO - 单个点位异常段 5606-5606，扩展为 5602-5606 (window_size=5)
2025-04-17 17:56:29,544 - INFO - 单个点位异常段 5621-5621，扩展为 5617-5621 (window_size=5)
2025-04-17 17:56:29,555 - INFO - 单个点位异常段 5627-5627，扩展为 5623-5627 (window_size=5)
2025-04-17 17:56:29,625 - INFO - 单个点位异常段 6457-6457，扩展为 6453-6457 (window_size=5)
2025-04-17 17:56:29,648 - INFO - 单个点位异常段 6500-6500，扩展为 6496-6500 (window_size=5)
2025-04-17 17:56:29,808 - INFO - 单个点位异常段 7302-7302，扩展为 7298-7302 (window_size=5)
2025-04-17 17:56:29,820 - INFO - 单个点位异常段 7337-7337，扩展为 7333-7337 (window_size=5)
2025-04-17 17:56:29,866 - INFO - 单个点位异常段 7640-7640，扩展为 7636-7640 (window_size=5)
2025-04-17 17:56:29,878 - INFO - 单个点位异常段 7691-7691，扩展为 7687-7691 (window_size=5)
2025-04-17 17:56:29,912 - INFO - 单个点位异常段 7963-7963，扩展为 7959-7963 (window_size=5)
2025-04-17 17:56:35,046 - INFO - 已生成全屏优化的可视化图表: ./visual/els/neighbor_all/range_ratio/els-1/all_segments.png
2025-04-17 17:56:35,047 - INFO - 正在从 ./visual/els/neighbor_all/range_ratio/els-1 中的图像创建GIF
2025-04-17 17:56:50,007 - INFO - GIF已保存到 ./visual/els/neighbor_all/range_ratio/els-1/els-1.gif
2025-04-17 17:56:50,007 - INFO - 可视化结果生成完成！
2025-04-17 17:56:50,007 - INFO - 
==================================================
2025-04-17 17:56:50,007 - INFO - 程序运行总耗时: 0:00:52.217294 

